209.248 210.067 211.610
209.206 209.917 211.824
209.589 211.301 215.602
209.602 212.295 216.271
209.036 210.425 211.599
209.073 210.825 213.173
208.871 210.207 212.540
209.572 211.608 213.489
209.085 209.881 211.768
209.503 210.568 213.676
209.084 210.677 211.813
209.216 211.315 215.430
209.224 210.898 212.313
209.240 209.807 210.263
208.197 210.342 212.892
209.212 211.425 218.650
209.059 209.991 211.476
209.129 209.822 210.598
209.134 210.756 212.398
209.103 210.498 212.308
209.136 210.247 213.465
209.083 210.199 212.881
209.554 210.513 211.679
208.890 210.899 212.231
209.194 210.072 211.794
209.793 210.701 211.978
209.048 210.860 213.250
209.054 211.794 215.137
209.545 211.386 213.856
209.860 210.777 211.733
209.251 210.845 213.528
209.718 211.237 213.453
209.621 210.325 211.758
209.114 209.548 210.066
208.974 209.864 210.457
209.357 210.833 215.591
209.469 211.171 213.127
209.763 211.357 213.655
209.233 211.872 215.134
209.330 211.759 216.873
208.959 210.299 211.606
209.832 211.894 215.497
209.136 210.631 215.429
209.023 211.127 215.224
208.969 210.691 212.631
209.082 209.461 210.164
209.211 209.728 210.475
208.823 210.659 212.687
209.638 210.256 211.879
208.852 210.055 211.570
209.962 210.936 212.088
209.008 209.732 210.083
209.064 209.949 211.834
209.147 210.035 211.628
209.484 212.493 215.652
209.449 210.454 213.023
209.219 211.481 215.476
209.068 210.800 215.648
209.322 211.292 212.263
209.003 211.230 212.972
209.227 209.801 210.250
209.842 211.666 215.198
209.736 211.375 213.067
209.758 211.185 213.253
209.838 210.658 213.370
209.102 210.123 212.094
209.165 211.242 214.065
209.112 209.803 211.829
209.524 210.333 212.280
209.267 210.485 212.846
209.182 210.880 213.680
209.038 210.229 211.576
209.382 210.781 213.449
209.718 211.070 213.694
209.549 210.446 212.946
208.979 210.078 211.605
209.300 212.495 215.388
209.592 213.406 218.459
209.206 209.710 210.391
209.848 210.999 213.421
209.832 211.154 212.140
209.025 210.307 214.315
209.329 209.684 210.103
209.368 210.233 211.669
209.116 209.974 211.595
209.478 210.482 212.930
209.114 210.044 211.911
210.413 211.859 212.857
209.294 211.222 213.561
209.195 210.587 212.107
209.777 211.084 213.867
209.992 210.804 211.971
210.998 214.034 216.280
208.994 211.027 215.840
209.967 211.026 213.764
213.820 215.627 220.728
209.246 209.922 210.450
209.381 210.326 211.711
212.142 214.747 220.435
235.241 237.900 241.025
209.453 211.840 213.734
213.336 218.175 223.894
209.129 210.628 213.080
212.057 219.046 223.243
209.595 210.688 211.995
219.198 222.456 227.731
210.000 220.674 235.038
210.036 211.264 213.656
220.630 230.999 241.495
209.045 211.411 214.069
0 0 0
210.230 211.088 213.732
0 0 0
209.774 211.243 212.851
216.769 224.469 231.421
211.889 214.177 220.009
209.956 210.733 212.937
209.438 211.091 213.934
210.089 210.580 211.542
209.193 210.077 211.876
209.085 210.869 213.268
209.302 210.048 210.736
209.813 211.191 212.435
208.254 211.839 220.399
209.833 211.656 213.606
209.654 211.490 215.739
209.552 212.066 215.498
208.720 210.109 212.052
209.318 210.466 211.965
209.247 211.044 213.506
209.893 210.054 210.169
209.769 213.811 228.762
244.289 244.289 244.289
209.262 211.222 212.774
234.437 237.354 241.326
209.147 243.165 282.326
209.443 210.137 211.427
209.312 211.037 215.321
209.238 211.089 212.307
209.997 210.534 212.031
209.251 210.134 211.648
209.275 209.976 210.498
208.931 210.777 212.129
0 0 0
211.530 218.462 231.391
226.042 233.561 239.135
0 0 0
241.769 244.289 246.809
0 0 0
0 0 0
216.391 222.759 229.125
0 0 0
0 0 0
0 0 0
0 0 0
0 0 0
0 0 0
0 0 0
210.307 216.726 223.737
0 0 0
0 0 0
0 0 0
0 0 0
0 0 0
229.801 229.801 229.801
0 0 0
211.392 211.392 211.392
0 0 0
209.669 211.182 216.084
0 0 0
209.167 209.976 210.565
0 0 0
209.431 218.772 245.365
209.082 210.904 213.102
210.646 217.320 235.166
211.972 213.538 216.060
209.224 210.547 212.295
209.462 210.229 211.666
210.020 211.732 214.761
209.751 211.523 214.435
209.478 210.437 211.922
209.343 210.054 210.529
0 0 0
210.787 211.748 212.697
211.476 212.886 215.193
241.702 245.702 250.859
210.994 212.561 215.675
209.291 211.882 214.046
210.188 211.920 213.855
209.202 211.372 213.284
224.285 233.842 243.208
210.769 212.147 213.395
209.172 210.769 212.433
209.114 211.072 212.195
209.597 210.552 212.655
209.223 210.311 211.777
210.214 214.525 226.758
209.420 210.848 213.917
209.268 211.657 215.589
209.379 210.909 212.542
209.545 211.778 218.882
209.264 211.879 216.341
211.135 214.686 221.041
210.642 212.425 214.207
210.470 214.128 222.076
209.522 210.117 211.995
209.881 210.770 212.254
209.933 212.282 215.062
209.771 211.204 213.392
209.985 211.796 215.061
210.232 212.759 217.448
210.724 211.738 213.560
210.315 212.216 215.113
210.782 212.126 213.166
209.155 211.622 213.978
209.810 211.479 212.865
211.623 218.774 241.081
210.488 213.562 219.768
211.037 217.437 234.838
209.916 211.525 212.752
211.601 215.049 222.787
210.646 212.738 213.823
210.829 212.644 213.362
211.188 213.766 217.745
209.977 212.438 216.486
210.071 213.739 216.971
209.929 211.936 213.613
210.802 212.520 214.851
209.098 211.018 212.419
210.538 212.220 216.081
210.938 212.253 214.370
209.299 210.472 212.053
209.796 211.637 215.175
209.205 210.646 214.222
209.387 210.334 211.118
210.004 212.491 214.887
209.382 210.919 213.033
209.598 210.452 212.020
209.879 214.600 221.577
209.984 211.334 212.214
210.180 212.590 215.381
209.188 210.690 212.041
209.943 211.062 213.607
209.946 211.061 211.823
210.759 212.303 214.764
209.199 210.398 213.034
209.711 210.195 210.739
209.458 210.352 212.147
210.951 211.581 212.629
210.244 211.630 212.811
209.870 210.801 212.018
210.442 210.938 212.018
0 0 0
209.919 211.109 212.215
225.752 230.530 235.584
210.235 210.416 210.768
210.976 212.250 214.195
209.687 210.988 211.946
209.884 217.312 224.740
209.433 210.614 211.727
209.134 210.657 212.439
253.324 253.324 253.324
210.481 212.176 214.793
209.332 211.387 213.092
209.274 210.443 213.298
208.503 211.297 213.442
210.028 211.530 212.354
209.349 210.528 212.145
209.986 210.851 211.684
209.381 211.569 215.700
210.324 211.078 212.161
209.868 211.149 212.970
210.039 210.751 211.756
209.953 211.396 214.284
210.252 216.908 237.577
209.170 209.619 210.547
208.924 210.689 214.387
210.064 211.320 213.678
209.440 211.784 215.689
209.419 212.048 215.426
209.254 209.920 210.678
209.073 212.748 222.721
209.352 213.597 225.662
209.410 212.836 223.315
209.663 210.360 211.705
210.472 211.511 212.255
209.251 210.622 213.069
209.392 210.650 211.880
209.631 212.405 215.521
209.482 211.343 213.129
209.826 212.002 219.260
209.412 212.330 218.710
211.802 213.240 215.799
210.461 211.959 213.715
210.487 210.941 211.963
210.201 212.212 214.761
209.472 212.016 214.116
209.427 211.571 213.902
209.240 211.228 213.598
209.504 210.519 211.993
209.808 212.941 219.103
211.740 217.535 236.539
209.957 210.765 211.789
209.524 211.108 214.999
209.971 211.380 213.622
209.296 210.998 215.432
209.357 210.216 212.073
209.252 211.271 215.293
209.250 211.097 212.819
209.308 211.405 213.156
209.346 211.084 214.023
210.235 211.628 212.695
209.990 211.119 213.052
209.225 209.900 210.550
209.055 210.621 213.104
209.679 211.201 213.951
209.796 211.929 214.501
209.564 210.830 213.236
209.422 211.285 213.826
255.030 270.380 286.446
209.277 215.008 219.654
211.903 219.649 224.033
212.612 213.980 216.757
211.768 217.433 231.184
210.406 221.800 231.088
209.088 210.934 212.959
209.892 211.509 215.731
209.228 209.842 210.132
209.241 210.430 211.821
209.237 211.709 213.912
210.239 211.326 213.709
210.386 212.832 214.762
210.065 212.040 216.017
209.293 212.702 216.094
210.343 212.556 215.598
209.216 209.786 210.588
209.309 211.066 212.011
209.936 211.842 215.842
210.145 212.360 215.768
209.352 211.048 212.000
210.844 214.368 222.606
209.886 212.062 216.070
211.891 213.295 216.077
209.067 211.282 216.249
209.988 211.551 213.811
209.246 210.338 211.858
210.187 212.073 213.731
209.245 209.612 210.180
209.422 210.493 212.421
209.492 210.675 211.862
209.979 211.190 214.792
209.450 210.387 211.376
209.319 213.910 228.345
209.223 210.789 212.792
209.789 211.808 216.046
209.325 212.518 214.822
209.403 211.058 214.115
209.167 214.029 218.760
209.480 212.096 215.470
210.081 213.774 220.733
209.814 210.858 213.022
209.155 210.867 212.096
209.138 210.585 213.109
209.394 211.287 216.060
209.465 212.535 216.360
209.644 211.705 212.908
210.309 211.309 213.426
210.025 210.945 211.946
211.263 212.375 215.083
210.997 212.039 213.129
210.233 212.133 216.420
209.451 211.621 214.994
211.224 213.076 216.145
211.444 212.067 212.604
210.910 212.809 214.314
210.533 213.023 215.117
209.238 209.788 210.479
209.334 211.044 212.041
209.414 210.738 213.311
210.143 212.482 216.498
210.168 211.706 213.920
209.820 210.984 212.130
210.107 210.771 211.856
210.436 211.967 214.778
209.771 211.102 213.618
210.574 212.507 215.620
211.147 214.206 224.266
209.430 212.140 214.933
210.615 213.183 215.716
209.062 209.467 209.912
210.164 214.244 222.558
211.574 212.915 216.496
209.445 211.095 212.891
210.359 215.135 220.445
209.499 211.147 212.513
209.486 210.924 212.318
210.868 212.328 213.872
209.994 210.432 210.915
209.618 211.057 213.025
208.927 210.522 213.085
209.349 211.951 215.398
209.440 212.878 220.393
209.935 210.361 211.281
210.687 212.276 212.911
209.279 210.785 212.181
209.898 211.474 213.617
208.930 211.589 213.349
210.524 213.058 215.445
209.644 212.730 217.795
209.440 210.278 211.724
210.004 210.815 212.821
209.358 210.375 211.863
209.577 213.843 220.863
209.189 211.363 212.367
210.515 213.777 224.202
208.269 209.823 211.559
209.988 211.745 213.776
210.237 211.387 212.459
209.234 210.200 211.799
209.407 210.641 212.020
210.467 212.055 213.432
210.089 213.947 226.862
209.217 211.238 213.782
209.790 211.029 214.248
209.522 212.177 216.097
209.335 210.488 212.016
209.341 210.102 211.374
209.157 210.329 212.334
209.183 211.543 214.101
209.186 211.340 215.358
209.815 210.952 212.802
209.051 211.497 213.570
210.016 210.801 211.957
210.285 211.578 213.517
209.059 210.903 212.254
209.207 210.378 213.625
209.122 210.895 213.872
210.242 211.808 213.251
210.291 211.739 212.833
209.670 211.125 213.062
209.437 212.085 215.673
209.139 210.626 212.025
209.405 211.162 214.417
208.780 210.287 211.893
209.197 210.118 213.136
209.064 210.395 212.752
209.104 209.808 211.828
209.538 211.530 213.727
209.773 210.975 215.374
209.296 211.135 212.487
209.139 209.905 210.665
210.197 211.804 213.782
209.208 211.569 215.661
209.257 210.635 212.398
209.179 209.715 210.250
209.291 210.521 211.857
209.796 210.705 211.733
209.613 211.256 213.377
209.197 211.033 212.860
209.747 212.914 215.504
209.844 211.137 212.179
209.694 210.677 213.156
209.464 209.838 210.030
209.596 211.011 212.510
209.910 211.151 213.697
209.739 209.939 210.195
209.148 210.580 211.863
209.926 210.816 212.055
209.999 210.560 211.847
209.247 210.582 211.950
208.844 210.381 211.714
209.131 210.593 211.833
209.244 211.795 215.782
209.258 211.380 215.352
209.245 211.361 214.855
209.404 210.876 212.355
210.050 213.435 215.902
209.734 211.134 213.219
209.639 211.482 215.943
209.438 210.120 210.528
209.250 210.601 211.962
209.659 211.156 212.932
209.114 212.414 215.863
209.576 211.781 213.403
209.994 210.730 211.892
209.389 210.329 212.062
209.260 210.817 213.269
209.638 210.754 212.755
209.737 211.069 213.340
209.373 210.168 210.857
209.318 209.852 210.197
209.737 211.700 215.031
209.156 209.785 210.437
209.176 210.673 213.767
210.016 211.726 215.217
209.460 210.929 213.301
208.827 211.017 213.650
209.035 211.145 212.398
209.328 211.138 213.055
208.471 210.581 213.306
210.291 211.217 212.129
209.483 210.803 212.907
209.327 211.159 214.665
209.769 211.353 213.665
209.552 211.731 213.627
209.885 210.435 211.806
209.341 210.524 212.812
209.442 210.891 212.464
209.262 209.978 210.403
209.289 209.871 210.344
209.030 209.749 210.397
209.157 210.585 211.717
209.214 210.949 212.307
209.297 209.820 210.541
209.153 209.933 211.857
210.427 212.396 215.781
209.627 210.225 212.018
209.234 211.677 215.577
210.003 212.055 214.831
209.726 211.883 215.498
210.055 211.407 213.729
209.198 210.308 211.922
209.489 210.860 214.033
209.223 209.729 210.125
209.144 210.263 212.361
210.397 212.709 213.825
209.047 212.498 217.830
209.189 210.199 211.774
210.671 213.020 215.135
208.477 210.862 213.503
209.923 210.590 212.513
209.306 210.527 213.595
209.775 210.032 210.257
209.654 211.248 214.062
209.421 210.300 211.979
209.476 211.624 213.554
210.274 212.038 214.966
210.781 212.046 213.525
209.812 211.830 213.318
210.000 212.002 213.567
210.233 211.080 212.570
210.455 211.318 212.264
210.500 211.260 212.652
210.225 211.403 213.283
209.801 211.319 212.576
209.833 211.948 216.339
209.454 211.483 213.976
210.121 211.664 214.464
209.362 210.371 211.933
210.298 210.821 211.791
209.368 211.941 217.275
209.873 211.342 213.633
209.885 211.328 214.517
209.549 210.640 212.253
210.308 210.681 211.594
210.193 211.242 212.554
209.457 211.652 212.926
209.675 211.429 214.016
209.633 211.840 212.703
210.207 212.774 220.603
209.679 211.136 212.233
209.221 211.040 213.382
209.639 210.221 211.460
210.390 212.027 213.744
209.546 211.067 213.736
210.621 211.805 214.140
209.471 212.361 214.270
209.188 210.807 211.942
210.075 211.318 212.484
208.953 210.675 211.867
210.023 211.048 214.022
209.375 211.902 213.925
209.706 210.876 212.525
209.540 210.999 213.360
209.580 210.162 211.914
209.460 211.398 215.234
209.130 210.314 213.710
209.541 210.636 211.937
209.257 210.608 212.360
209.974 210.837 211.776
209.287 211.147 214.027
209.990 211.757 214.774
209.673 210.443 211.426
208.971 210.541 213.990
209.161 210.237 213.513
209.635 210.059 210.553
209.086 209.948 211.759
209.830 210.747 213.806
210.038 210.891 211.912
209.227 211.005 214.002
210.012 210.562 211.748
209.919 211.628 214.037
209.214 210.692 212.516
209.926 211.966 215.865
209.617 209.966 210.147
209.218 210.027 211.736
209.514 210.944 212.331
209.386 211.284 213.613
209.684 211.149 212.211
209.360 211.015 214.086
208.040 210.299 212.115
210.025 211.084 213.901
210.762 211.389 212.004
209.515 210.405 212.054
209.904 211.905 214.218
210.485 211.322 212.513
209.354 210.908 212.359
210.223 212.229 214.234
209.384 212.101 215.473
209.976 211.785 213.279
209.741 212.751 215.438
209.791 211.083 215.049
209.279 210.972 213.400
209.181 211.085 215.261
209.100 209.723 210.157
209.752 210.736 213.668
209.611 210.172 211.581
209.118 210.826 213.189
208.276 210.047 212.667
208.924 210.548 212.739
210.128 211.415 213.577
209.833 211.582 213.951
209.303 211.241 211.985
209.129 211.119 213.831
209.216 210.490 212.274
209.641 211.095 213.238
209.337 210.000 210.652
218.920 226.592 238.971
209.118 210.238 212.430
209.252 210.551 211.862
215.995 226.734 238.251
209.099 212.346 218.814
210.162 211.001 211.476
209.205 212.841 218.658
209.230 211.336 215.418
208.088 209.619 211.916
209.622 211.120 212.774
210.879 211.268 211.715
212.813 225.119 234.543
209.145 211.602 215.907
209.831 214.190 222.026
210.438 211.294 211.720
209.074 209.648 210.477
209.047 210.268 211.843
209.105 211.278 214.314
209.093 211.890 215.837
210.324 212.601 215.160
214.133 219.108 224.887
209.891 211.337 213.138
212.224 216.512 226.567
210.077 211.620 213.877
209.168 210.391 212.732
209.851 210.915 213.351
209.947 210.766 212.117
209.783 210.267 211.862
209.078 209.552 210.460
209.214 210.555 211.856
209.013 210.362 211.964
208.962 211.257 216.926
209.480 212.017 218.949
209.636 211.206 214.163
211.086 214.640 218.356
209.328 209.853 210.898
209.360 210.847 214.966
209.030 210.257 211.790
209.670 210.226 211.553
209.038 209.989 211.843
209.169 210.639 215.072
209.648 211.211 215.066
209.057 210.175 213.181
209.411 210.699 214.396
209.084 210.097 211.843
209.011 210.316 211.782
209.346 210.473 213.185
209.733 211.865 215.207
208.946 211.051 214.080
209.299 209.694 210.206
209.731 210.231 211.761
209.161 210.658 213.319
208.947 211.465 213.586
209.090 211.194 213.574
209.477 210.758 212.639
211.688 212.565 213.960
209.114 211.544 213.044
210.557 211.584 213.050
209.564 210.761 214.807
209.615 210.550 211.800
209.878 211.294 213.739
208.865 210.537 211.855
209.647 210.196 211.649
209.976 210.948 211.595
208.857 210.118 211.652
209.693 211.354 213.743
209.587 210.624 213.733
209.022 210.454 211.790
209.099 210.496 213.990
208.517 210.074 211.619
208.993 210.659 212.450
208.979 210.225 213.208
209.382 210.387 211.629
209.164 209.654 209.938
209.762 211.331 213.532
209.001 209.800 211.174
209.667 210.821 214.980
209.047 210.415 211.673
209.017 210.812 212.895
208.996 210.132 212.992
208.728 210.101 212.012
208.997 210.365 211.574
209.660 210.997 211.713
209.120 210.063 211.582
209.181 211.077 212.824
209.093 210.991 212.825
209.482 211.198 215.269
209.336 210.514 211.805
209.609 210.256 211.774
209.538 210.735 213.593
209.385 210.427 211.910
209.606 210.174 211.787
209.222 211.001 214.708
207.985 210.351 212.618
209.065 209.936 211.456
209.197 210.119 211.491
209.058 210.002 211.898
209.272 210.311 211.598
208.511 208.967 209.589
208.927 210.787 214.810
208.895 210.341 211.644
209.117 209.816 211.700
209.025 210.696 213.794
209.025 210.378 213.569
209.544 210.499 211.773
209.166 211.417 215.140
209.554 210.148 211.616
209.631 210.074 210.903
210.078 210.710 211.788
209.016 211.067 214.954
209.108 209.609 209.994
208.998 211.559 215.689
209.513 210.465 213.610
209.340 211.056 213.172
209.583 210.582 211.640
221.013 223.128 224.420
221.308 222.758 224.176
222.252 223.028 223.608
219.480 222.144 223.331
223.275 223.603 224.643
222.162 222.859 224.224
221.224 222.720 224.166
221.927 223.397 224.332
221.198 222.604 224.608
220.883 221.816 223.111
222.104 222.965 223.416
221.864 223.024 224.129
221.184 223.018 224.074
223.221 223.460 224.076
221.175 223.365 224.327
221.306 222.951 226.720
220.868 222.619 224.573
209.015 210.465 211.676
209.082 210.541 212.919
208.920 209.812 211.758
208.721 209.078 209.666
209.474 210.552 211.857
208.696 209.991 211.929
209.003 210.520 212.451
209.415 211.839 214.290
209.107 211.251 213.151
209.070 210.267 212.007
209.079 210.278 211.736
209.112 209.482 209.935
208.887 210.862 212.109
209.119 210.326 212.494
209.058 210.520 211.522
209.035 211.057 212.402
208.834 209.878 211.910
208.859 209.519 211.231
209.219 211.264 212.946
209.415 211.352 212.087
209.191 209.872 211.693
208.984 210.923 212.148
208.537 209.278 209.700
209.648 211.542 212.929
208.746 209.272 209.680
209.613 210.996 212.086
209.072 210.552 211.695
209.663 210.664 212.041
208.694 209.892 211.567
209.207 211.313 213.210
208.954 210.044 212.022
208.845 209.413 210.308
209.096 210.284 214.645
208.980 209.456 210.543
209.241 209.656 210.556
209.147 210.418 211.903
209.224 210.756 213.119
208.755 209.906 211.949
209.583 210.513 211.819
209.282 210.312 213.056
209.083 210.317 212.952
209.127 209.788 211.363
208.924 210.157 212.464
209.273 211.178 213.367
208.788 210.098 212.351
209.192 210.707 212.290
209.153 210.630 211.594
208.991 210.305 212.473
209.074 210.572 214.365
208.758 210.224 212.085
208.815 209.295 210.078
209.220 209.428 209.956
209.121 210.611 212.391
209.044 209.654 211.414
208.548 209.385 210.336
209.227 210.308 212.052
209.239 210.490 211.978
209.280 210.167 211.377
209.502 210.037 211.194
209.016 209.330 210.340
209.100 209.655 211.312
208.926 210.709 212.152
209.302 210.057 211.956
208.868 209.401 209.828
209.271 209.912 211.564
209.113 210.122 213.328
209.042 210.345 211.677
208.929 210.320 212.108
209.242 210.866 211.810
208.960 209.929 211.220
209.227 209.711 210.509
208.897 209.886 210.605
208.888 209.830 211.266
208.750 210.109 211.676
209.237 210.330 211.772
209.043 211.075 212.201
209.065 210.723 212.408
209.155 209.405 209.699
209.023 210.801 213.444
209.005 209.396 209.926
208.866 209.799 212.311
210.266 211.409 213.063
208.868 210.038 212.144
209.294 210.260 211.912
210.916 211.643 212.938
209.194 211.234 212.396
209.558 210.300 211.849
209.029 210.758 212.067
209.077 211.577 213.216
209.053 210.165 212.062
208.922 209.613 210.302
209.295 210.291 212.415
208.966 210.097 211.677
209.147 210.283 211.198
209.534 211.067 211.915
208.707 209.807 211.483
208.909 210.461 212.040
209.079 209.933 211.917
209.210 210.737 212.443
208.905 210.348 211.301
209.151 210.026 210.969
209.128 210.488 211.745
209.059 210.114 211.949
208.996 209.470 209.970
209.289 209.714 210.651
208.977 209.864 212.497
208.714 209.486 211.048
208.928 210.305 212.356
209.123 210.368 212.086
211.740 212.038 213.108
208.981 210.044 211.681
209.246 210.266 211.827
209.203 209.796 211.660
209.165 211.016 212.050
209.392 210.397 211.782
208.977 210.828 212.132
209.059 209.902 211.141
209.000 209.830 212.446
209.263 210.016 212.326
209.166 210.111 211.150
211.162 211.955 212.570
208.984 209.733 211.658
208.982 209.661 212.001
209.429 210.335 211.962
209.126 210.910 212.369
209.505 210.910 211.544
210.552 211.634 212.229
209.007 210.468 211.560
209.024 209.205 209.537
209.036 211.132 213.049
208.852 210.423 212.182
209.227 209.966 211.510
209.602 210.865 211.856
209.195 210.327 212.551
209.245 211.132 212.983
208.704 210.099 212.345
209.943 211.964 213.149
208.927 209.662 211.930
209.176 209.836 211.634
209.268 210.524 211.715
208.571 210.525 211.835
209.012 209.810 211.091
209.122 210.311 212.167
209.746 210.793 212.220
209.761 210.674 211.632
209.242 210.476 212.294
209.002 210.344 212.104
209.085 210.748 211.788
208.718 210.865 217.942
209.189 210.305 211.679
209.069 210.498 211.947
208.746 209.388 210.145
208.796 210.292 211.815
209.415 210.616 212.114
209.234 210.853 213.328
209.266 210.097 211.975
209.519 210.419 211.871
209.173 210.492 212.293
209.000 209.606 210.684
209.486 210.423 211.803
209.129 210.213 211.895
209.416 210.064 210.781
208.949 209.677 210.612
209.051 210.679 213.183
209.231 213.435 226.704
210.921 211.320 211.830
208.938 209.810 211.786
209.192 211.069 213.157
208.697 210.536 212.157
209.383 210.112 211.700
209.217 210.411 212.540
209.011 209.924 212.711
209.950 210.667 212.401
208.982 210.357 211.630
209.289 210.848 211.765
208.927 210.152 211.932
209.081 209.471 209.989
208.980 210.160 211.543
208.879 210.910 213.440
209.171 213.183 226.230
210.043 211.330 214.157
208.960 211.425 214.745
209.561 210.968 213.720
215.495 221.073 225.267
214.177 223.959 238.734
213.294 216.290 222.051
212.148 216.236 219.855
231.964 233.791 236.422
211.019 218.419 227.356
220.505 223.416 229.107
213.257 217.415 222.997
209.689 210.524 212.143
240.387 244.561 247.510
239.491 243.172 246.260
231.052 239.403 247.655
232.228 236.856 241.180
229.065 231.238 232.979
0 0 0
234.414 236.547 238.296
0 0 0
237.468 237.468 237.468
0 0 0
0 0 0
0 0 0
0 0 0
0 0 0
245.722 245.908 246.095
0 0 0
229.555 234.628 237.625
0 0 0
0 0 0
236.028 253.874 271.720
0 0 0
209.058 211.230 213.571
209.516 211.582 213.294
209.286 210.006 211.775
209.421 210.266 212.063
209.375 210.675 211.800
208.810 210.396 212.767
209.331 212.222 216.797
209.019 210.218 211.905
209.195 210.867 213.842
210.436 211.779 214.454
209.122 210.248 212.019
209.065 209.921 210.749
209.490 210.605 211.833
209.311 210.267 213.187
208.888 210.725 212.351
209.461 210.022 211.384
209.302 209.772 210.567
209.515 210.249 212.314
209.155 211.536 213.451
209.430 211.193 213.140
209.318 209.654 210.009
210.743 211.608 212.274
209.557 211.506 212.764
209.025 209.640 211.258
209.129 210.091 211.553
209.093 209.825 210.248
209.261 211.230 211.988
208.853 210.331 213.415
208.705 209.755 212.171
210.192 211.974 214.081
209.041 209.886 210.636
208.958 210.132 211.047
209.026 210.071 211.159
209.388 211.056 212.488
209.718 211.048 213.542
210.148 211.565 213.389
210.001 211.674 213.468
209.423 210.767 212.058
209.281 211.127 213.566
209.489 210.779 213.936
210.005 210.551 211.934
210.188 211.539 213.389
209.809 211.534 214.574
209.050 210.480 211.886
209.209 210.596 212.642
209.522 211.227 212.779
210.172 210.547 211.044
209.607 211.124 214.482
209.400 210.097 211.293
209.498 210.638 213.268
209.324 210.598 212.839
210.547 212.232 213.375
215.662 221.060 225.811
209.832 210.749 211.599
209.028 210.379 212.077
210.171 210.944 211.853
209.384 210.439 211.440
209.497 210.188 211.253
209.772 211.920 213.470
210.311 211.936 213.752
209.977 210.769 211.680
209.378 213.393 222.993
209.774 210.773 213.153
209.497 210.398 211.475
208.985 215.360 234.026
209.417 210.529 212.385
208.920 210.095 211.339
209.360 210.713 212.282
209.511 210.789 212.177
209.113 210.276 211.375
209.288 210.906 212.421
209.053 211.593 213.183
209.378 214.511 229.422
209.257 214.176 229.801
209.096 209.593 210.444
209.417 210.837 211.915
209.517 210.510 211.555
209.227 210.815 212.193
209.396 211.130 212.007
209.484 210.499 212.908
209.479 214.501 233.366
209.185 211.401 212.968
209.069 210.845 212.450
209.227 212.891 221.210
209.403 211.433 218.807
209.102 210.317 213.012
209.144 210.293 212.065
209.815 211.874 214.334
209.608 211.143 213.396
209.159 209.939 211.918
209.358 210.226 212.430
209.223 210.181 213.066
209.386 210.357 213.636
210.328 211.447 212.568
210.189 211.285 212.065
210.511 212.625 216.494
209.918 212.482 215.532
209.255 209.908 210.865
209.416 210.295 212.259
209.978 211.206 212.400
209.986 215.847 229.365
209.114 211.403 214.092
208.853 210.166 211.377
209.782 210.845 211.940
209.872 210.649 212.131
209.021 209.908 212.006
209.313 211.639 212.402
209.523 211.055 212.839
209.075 210.856 212.768
209.550 210.576 212.027
209.569 212.401 215.679
209.998 211.855 213.259
209.896 211.276 212.795
209.168 211.263 213.323
209.305 210.476 212.639
209.276 209.857 210.842
209.347 210.670 212.287
208.946 210.638 212.647
209.603 210.783 213.204
209.267 210.735 213.164
209.545 211.350 213.394
209.353 211.099 212.764
209.228 210.037 212.223
209.501 212.624 221.200
210.564 213.435 216.802
209.337 210.620 212.520
209.640 210.448 211.775
209.624 210.960 212.560
208.968 211.368 215.256
209.353 210.407 210.727
209.134 210.151 212.548
209.625 211.829 214.216
210.163 211.525 212.589
209.569 210.731 212.733
208.846 210.140 211.739
209.336 210.443 212.281
209.439 214.837 233.006
209.281 210.480 212.009
208.840 210.099 211.626
209.412 209.754 210.549
209.658 210.602 211.873
209.440 210.876 212.490
209.841 210.927 212.125
209.874 210.625 212.269
209.392 215.516 235.137
210.822 216.392 234.382
209.365 210.822 212.128
209.387 209.712 209.995
209.092 211.282 213.331
209.381 210.980 213.919
209.704 210.744 211.869
209.286 210.059 211.848
209.537 212.902 218.114
209.796 212.046 213.186
209.324 210.272 212.014
209.513 210.335 212.289
209.200 210.495 212.012
209.269 210.784 214.561
209.492 212.934 219.670
209.472 210.428 211.687
209.610 213.296 220.481
209.112 209.784 211.508
209.400 210.208 211.891
209.669 210.443 212.150
209.251 209.582 209.822
209.524 211.380 212.394
209.298 210.336 211.602
209.134 209.620 209.942
209.139 210.308 211.778
209.332 210.487 212.039
209.228 210.657 213.264
209.567 210.277 211.913
209.165 210.992 212.617
210.027 211.122 212.208
209.454 210.335 212.026
209.793 210.981 212.745
209.381 211.067 212.026
209.248 210.011 211.413
209.226 212.444 221.587
209.358 210.478 211.825
209.868 210.607 212.155
209.185 209.656 210.886
209.147 210.047 212.472
209.135 210.641 212.449
209.451 213.653 222.889
209.167 210.485 212.390
209.189 211.039 217.639
209.108 210.091 212.080
208.869 210.084 212.065
209.437 210.771 212.529
209.463 210.969 211.784
209.685 210.713 212.539
209.217 215.873 225.858
209.148 210.788 212.035
209.025 210.498 212.589
209.590 210.446 211.996
209.757 210.953 212.628
208.948 210.301 211.906
209.021 209.541 210.256
208.969 210.335 211.143
209.604 212.052 218.156
209.672 211.315 212.765
209.400 210.078 211.943
209.349 210.561 211.562
209.586 210.867 212.882
208.927 209.745 211.284
209.242 211.799 213.323
209.264 210.582 212.653
209.309 210.536 211.426
209.273 211.031 212.146
209.320 210.422 212.616
211.386 212.160 212.642
209.218 210.514 212.325
209.471 210.759 213.531
209.184 210.249 212.239
209.198 210.711 213.304
209.138 210.645 212.388
209.528 210.600 211.752
210.221 211.225 212.330
208.969 211.134 214.278
209.438 210.973 212.276
209.477 209.859 210.652
209.355 211.132 213.426
209.443 211.041 212.188
209.233 210.721 212.479
209.313 210.948 212.587
0 0 0
158.993 159.103 159.444
209.551 210.638 211.870
209.457 211.138 212.329
209.287 210.122 212.497
209.084 210.112 211.817
209.471 210.612 212.309
209.598 210.844 212.261
208.958 210.840 212.782
209.593 211.746 213.150
209.026 209.466 209.847
209.771 210.995 212.907
209.577 210.514 211.518
209.819 210.806 212.537
209.275 211.964 218.171
209.845 213.343 222.290
213.138 223.767 246.827
209.697 212.249 217.470
211.825 215.825 220.837
210.139 212.530 214.239
209.471 211.238 212.692
209.935 212.199 214.315
209.533 213.594 226.335
209.975 213.775 222.587
210.541 220.678 256.324
209.371 210.302 211.384
209.505 213.672 228.738
209.490 211.122 212.490
209.169 210.381 211.953
209.529 211.002 213.685
209.718 215.176 232.605
209.805 210.598 211.695
209.733 210.715 211.866
209.122 211.372 212.809
209.295 209.965 212.046
209.146 209.593 210.052
209.388 211.631 212.479
209.413 211.266 213.978
209.776 211.091 212.279
209.657 211.996 214.562
209.181 211.469 213.977
209.504 210.716 212.085
209.849 214.021 226.916
208.945 210.211 211.578
209.531 210.657 212.016
209.187 210.367 211.641
209.203 210.744 212.800
209.412 210.208 212.008
209.336 210.328 211.765
209.422 210.330 212.182
209.272 210.438 212.298
209.652 213.972 226.495
209.756 211.035 213.396
210.713 214.497 226.674
209.734 211.554 213.814
209.689 213.064 221.046
209.790 211.255 212.485
209.924 210.692 212.233
209.526 211.381 214.472
209.449 210.670 211.825
209.503 210.673 212.141
209.306 210.017 211.631
209.251 209.730 210.352
209.372 210.116 211.910
209.573 210.850 211.927
209.612 210.639 211.585
209.667 210.201 210.487
209.557 211.243 212.698
209.578 210.936 212.030
210.128 211.361 212.424
209.332 210.334 212.536
209.956 210.935 211.798
209.590 211.243 212.164
209.540 210.663 212.835
209.342 211.486 213.810
209.455 209.683 210.264
210.018 211.250 212.649
209.468 209.957 210.402
209.278 211.058 212.608
208.893 210.726 212.778
209.446 210.664 212.311
209.317 210.025 211.187
209.419 210.644 213.075
208.848 213.075 222.089
210.094 211.189 211.907
209.762 210.444 212.425
209.851 211.073 214.154
209.213 210.784 212.636
209.771 210.074 210.472
209.579 211.180 212.886
209.061 210.290 212.889
209.439 210.673 212.619
210.737 211.560 212.308
209.345 209.860 210.519
209.628 210.951 213.755
210.142 210.470 210.759
209.072 209.720 210.303
209.689 210.957 211.890
209.519 210.862 212.786
209.820 210.942 212.762
209.453 211.958 213.083
209.462 210.462 211.629
209.538 211.353 214.105
209.404 210.130 210.994
209.806 210.676 212.571
209.682 211.016 212.483
209.994 210.698 211.401
210.383 211.228 212.342
209.309 210.014 210.674
209.269 210.263 211.404
210.297 210.894 211.838
209.512 211.776 213.464
209.809 211.094 213.275
209.263 211.846 214.023
209.663 210.926 212.913
209.448 210.568 212.250
209.550 210.207 210.743
209.269 211.619 219.892
210.257 211.588 212.840
209.609 209.911 210.387
209.862 210.667 212.572
209.393 210.024 210.462
209.344 209.955 210.863
209.676 211.024 212.384
209.360 210.306 211.380
209.401 211.364 213.343
209.549 210.971 214.115
210.082 210.737 212.367
209.913 211.436 213.103
210.402 211.378 212.679
209.887 210.325 211.384
209.443 210.369 211.734
209.350 211.235 213.571
209.677 210.779 211.512
209.474 209.842 210.347
209.623 209.929 210.083
209.630 210.117 210.613
210.395 211.716 213.200
209.532 210.163 211.890
209.619 210.903 212.223
210.487 211.630 213.115
209.304 210.190 211.388
209.860 210.853 212.904
209.911 212.520 217.002
210.148 210.936 212.613
209.078 210.639 213.085
210.979 213.231 216.160
209.454 210.774 212.446
209.585 211.306 215.697
209.193 211.006 213.602
209.347 210.405 211.942
209.484 215.451 226.534
218.753 223.629 228.796
212.288 215.681 217.496
209.543 211.015 212.583
209.478 211.019 212.214
209.563 211.138 213.305
209.808 210.705 212.370
209.709 211.336 212.925
209.712 210.106 210.480
209.586 210.716 213.267
209.669 210.907 212.432
209.656 211.608 212.636
209.397 210.457 212.587
209.914 210.986 212.916
210.032 212.111 214.200
210.295 210.995 212.437
209.630 211.392 212.611
209.934 211.258 212.944
209.762 210.395 212.545
209.635 210.709 211.726
209.623 211.318 212.986
210.055 211.926 213.022
209.606 210.817 211.919
209.393 209.942 210.482
209.972 211.262 212.108
210.078 211.096 212.647
209.770 210.115 210.722
210.189 211.608 213.383
210.173 211.228 212.661
209.511 211.446 212.330
209.698 213.214 215.894
209.508 210.867 213.802
209.127 210.750 212.617
209.911 210.753 212.544
215.687 217.290 222.673
210.606 213.809 216.947
217.963 221.388 225.157
209.063 227.815 248.200
241.278 241.331 241.384
226.261 230.611 233.684
211.537 226.686 237.174
209.825 212.323 215.252
209.318 210.433 212.046
226.263 226.263 226.263
209.338 210.953 212.549
208.986 210.243 212.733
209.683 211.410 213.926
209.228 211.272 212.883
209.707 210.766 211.821
209.636 213.082 216.592
213.040 217.719 221.637
209.290 209.905 210.912
209.374 210.526 213.312
209.286 211.019 213.524
209.707 211.013 212.609
209.357 210.127 211.473
214.117 216.867 225.024
209.314 210.487 212.228
209.357 209.935 210.826
208.803 209.853 212.037
209.812 211.372 212.515
208.875 210.526 212.102
209.461 210.747 213.469
209.243 210.440 211.780
209.109 211.837 215.848
232.863 241.916 249.258
209.155 213.680 227.760
209.564 212.098 218.851
218.766 221.399 226.227
208.954 210.336 211.409
209.191 211.121 212.767
209.192 209.901 211.933
211.507 216.967 219.225
209.032 211.347 215.517
209.190 212.270 222.335
209.685 211.457 212.210
209.229 211.486 214.512
209.208 210.848 214.065
209.073 211.246 213.651
209.441 210.498 212.104
209.260 211.522 213.751
208.918 209.835 211.875
209.476 210.717 212.147
209.254 210.086 212.088
209.504 211.093 213.360
209.301 211.126 213.244
209.028 210.542 214.393
209.371 210.628 211.987
208.797 210.197 212.549
209.186 209.978 212.131
209.663 211.571 212.438
208.960 211.849 214.915
209.308 210.560 211.923
209.626 210.991 212.172
209.404 209.734 210.013
209.272 210.465 212.015
209.845 212.121 214.196
208.807 209.795 210.637
209.126 210.676 212.767
209.011 210.848 212.198
209.354 210.217 211.998
209.672 210.617 212.377
209.142 210.538 211.839
209.406 210.643 212.297
209.509 210.625 212.168
209.690 211.216 212.236
209.000 209.850 211.275
209.159 211.021 211.942
209.657 211.360 212.433
209.144 210.486 212.317
208.896 210.961 211.903
208.967 209.887 211.910
209.273 209.616 210.150
209.150 211.040 212.375
209.322 210.827 213.392
209.032 210.377 212.174
209.501 210.378 212.010
209.277 210.516 212.412
209.588 210.325 211.579
209.076 211.459 213.375
208.987 209.966 211.023
209.124 209.952 211.885
209.536 211.042 212.223
209.272 209.840 211.294
209.230 210.626 212.446
209.237 210.218 211.879
209.296 210.111 211.945
209.099 210.314 212.685
209.697 210.931 211.949
208.798 209.797 211.629
209.106 211.063 213.273
209.041 210.544 211.830
209.604 212.637 218.335
208.915 209.773 211.636
209.246 209.898 211.432
209.324 210.266 211.614
209.239 212.017 216.043
209.520 210.553 211.733
208.669 209.459 210.772
209.221 209.756 210.727
209.294 210.857 211.813
208.825 210.226 212.133
209.716 211.074 212.309
209.299 209.978 211.004
209.429 210.481 212.245
209.027 210.943 212.332
209.090 210.190 212.092
209.727 210.340 211.073
210.633 211.950 214.460
208.865 209.346 209.800
208.896 209.971 212.156
208.913 210.891 215.009
209.245 210.103 212.244
209.698 210.884 212.013
209.174 209.819 210.225
209.059 210.256 211.965
208.946 210.117 212.133
209.498 210.468 212.042
209.446 209.665 209.817
209.394 210.040 211.902
209.272 210.043 210.807
209.206 211.107 212.941
209.030 209.701 211.160
209.055 210.825 213.351
209.283 210.169 211.319
208.861 210.626 211.899
209.064 209.657 211.625
209.305 210.843 212.503
209.897 210.465 211.605
209.584 210.188 211.495
209.048 210.110 210.938
209.276 210.035 211.948
208.975 210.142 211.428
209.100 209.313 209.559
209.508 211.548 213.606
209.395 210.427 211.854
208.993 210.107 213.259
208.591 209.709 211.788
208.750 209.466 210.461
209.487 210.088 211.889
209.741 211.103 212.957
209.663 211.257 213.080
209.130 210.709 212.375
208.743 210.376 212.754
209.269 209.746 210.358
209.560 210.463 212.042
209.341 211.142 212.314
209.275 210.807 213.171
209.618 210.957 212.443
209.396 210.598 212.119
209.004 209.986 212.000
208.738 210.087 211.988
209.306 210.606 212.874
209.245 209.372 209.597
209.153 210.462 212.288
209.171 209.820 211.446
209.168 211.148 215.477
209.574 211.707 213.519
209.123 209.585 210.614
208.928 210.967 212.313
208.852 209.797 212.205
208.828 209.833 212.445
208.953 209.871 211.176
208.922 210.279 212.042
208.769 210.698 212.310
208.907 210.082 211.607
208.806 209.598 210.171
208.905 209.567 211.543
209.164 210.060 211.590
209.324 210.043 211.631
209.062 210.328 211.738
209.014 210.260 211.591
209.248 210.985 213.015
209.120 210.173 212.867
209.234 210.088 212.448
208.672 209.336 209.773
208.830 209.205 209.569
209.279 211.274 211.890
209.942 210.972 212.026
209.194 210.558 212.304
209.105 210.768 211.863
208.701 210.430 213.131
208.991 210.053 211.727
208.957 210.309 211.740
209.129 210.645 211.467
208.805 209.680 211.970
209.195 211.471 217.001
209.157 209.924 211.500
209.236 210.429 212.102
208.997 210.311 211.915
209.076 210.941 217.086
209.826 210.625 211.795
210.464 211.469 212.385
208.860 209.251 209.863
209.472 211.205 212.515
208.846 209.291 210.589
208.755 209.544 211.081
209.097 209.273 209.479
209.385 209.840 210.382
208.709 209.245 209.869
209.411 210.843 211.761
208.674 209.304 210.332
209.186 211.055 213.033
209.270 210.343 211.060
209.040 209.610 210.115
209.177 210.685 212.398
208.913 209.591 210.792
209.210 210.261 211.585
208.861 210.171 211.712
208.960 209.876 211.899
209.077 209.754 210.258
209.021 210.406 211.880
209.359 210.949 211.988
208.905 211.137 213.079
209.029 210.297 211.832
208.642 210.431 212.113
209.196 210.312 211.867
209.490 210.565 212.150
209.189 209.756 211.072
209.220 210.013 211.589
209.416 210.601 212.024
209.568 210.996 213.079
209.173 209.950 212.096
209.191 210.851 212.467
209.253 210.953 213.040
209.049 211.263 213.064
209.371 210.898 212.141
208.948 210.412 212.003
209.171 210.594 211.721
209.112 210.532 212.150
208.841 210.297 212.868
208.973 210.137 211.581
209.430 211.401 213.376
209.339 211.027 212.377
209.220 209.692 210.723
209.207 211.136 213.529
208.746 209.779 211.260
209.555 210.828 211.727
209.314 210.110 211.194
209.438 211.017 213.331
208.893 209.299 209.851
210.559 211.082 211.640
208.722 209.476 211.701
208.994 210.582 212.387
209.123 210.032 211.923
209.272 210.369 212.080
209.023 210.356 212.415
209.018 210.641 211.898
209.309 210.312 211.615
209.103 210.345 212.188
209.282 210.321 212.038
209.369 212.423 218.719
208.888 210.701 213.234
209.503 211.854 215.403
208.867 209.981 211.552
209.120 209.820 211.958
209.047 209.567 210.514
209.078 209.584 210.460
208.514 209.724 210.965
209.465 210.144 211.105
209.084 209.837 211.593
208.906 209.607 211.094
208.946 210.619 213.284
209.007 209.818 211.645
208.990 210.014 211.889
208.985 210.132 211.508
209.023 210.465 212.113
208.839 210.217 212.231
209.144 210.249 211.795
208.844 209.684 211.961
209.073 209.619 210.270
209.742 210.724 211.639
209.348 209.968 211.782
209.026 209.714 210.614
209.403 210.674 211.989
209.150 209.835 211.216
209.128 210.962 212.301
210.033 210.656 211.830
209.035 209.810 212.422
209.431 210.141 211.997
209.043 209.643 211.158
208.826 209.894 211.627
208.949 210.528 212.217
209.080 209.720 210.831
209.127 209.726 210.298
208.648 210.377 212.544
209.197 210.732 212.989
209.063 209.761 210.810
208.879 209.196 209.507
209.163 210.149 212.025
209.115 210.424 212.611
209.639 210.105 211.193
209.568 210.458 211.969
209.353 210.633 212.036
209.145 210.854 213.342
209.120 209.535 210.258
209.371 211.152 212.410
209.119 209.585 210.447
208.863 209.848 211.466
209.106 210.305 212.218
209.202 210.710 211.933
209.046 210.005 211.975
208.709 209.790 211.777
209.185 209.852 211.936
208.729 210.233 211.261
209.152 210.372 214.185
209.146 211.251 213.827
209.174 210.950 214.023
210.034 211.728 214.262
209.103 210.982 212.419
209.329 210.928 213.753
209.246 209.529 210.233
209.142 210.343 212.133
208.967 210.982 215.667
209.010 210.524 212.901
209.476 210.943 212.759
208.943 213.250 219.640
210.304 211.700 213.470
209.559 210.964 212.036
209.599 210.956 213.312
209.586 212.799 215.728
209.372 211.061 213.045
208.981 211.509 213.112
209.106 209.979 211.093
209.234 210.164 212.521
232.710 239.355 242.878
224.692 226.115 227.320
235.855 240.138 243.333
248.381 251.014 253.648
209.124 210.476 212.144
209.120 211.253 218.855
230.580 231.569 232.558
228.495 232.999 235.600
209.284 209.970 211.606
239.248 242.995 245.094
0 0 0
210.716 211.698 213.541
0 0 0
209.534 210.942 212.194
230.574 238.854 245.446
209.488 228.712 247.937
209.339 210.567 213.074
0 0 0
209.554 211.515 213.306
0 0 0
0 0 0
209.427 210.699 212.710
0 0 0
209.541 210.426 212.761
209.146 210.037 212.213
239.457 239.457 239.457
220.599 224.709 227.987
0 0 0
211.834 223.947 246.880
209.387 210.314 211.986
0 0 0
246.487 246.487 246.487
209.310 210.854 213.331
208.985 209.950 210.994
229.215 229.215 229.215
236.190 236.190 236.190
209.534 230.320 269.618
209.101 210.827 212.245
209.403 210.459 212.266
209.267 210.326 211.992
0 0 0
208.810 210.875 212.180
209.786 210.632 212.215
209.596 212.414 216.911
210.184 211.084 213.026
211.166 212.857 215.897
0 0 0
209.561 210.473 211.988
209.106 211.060 214.649
209.081 224.199 248.910
236.093 240.720 245.348
231.812 238.748 245.684
209.761 210.248 210.800
0 0 0
209.197 209.916 212.039
209.080 214.573 227.202
209.164 210.575 211.983
209.322 210.562 213.340
0 0 0
208.835 209.541 210.580
209.208 211.286 212.385
0 0 0
211.691 223.206 245.786
214.016 224.006 233.997
209.373 211.316 212.440
249.178 249.178 249.178
209.712 209.712 209.712
245.527 245.527 245.527
209.287 210.405 212.616
0 0 0
209.563 211.168 213.755
234.539 236.191 238.741
209.629 228.857 255.085
209.856 211.173 213.498
208.965 210.933 214.042
209.083 209.546 210.378
209.533 211.464 213.403
209.677 211.274 213.466
209.364 210.419 212.534
209.053 210.950 212.295
209.329 215.130 235.779
209.250 209.804 210.450
209.481 210.455 212.079
209.184 210.665 212.011
209.366 212.293 220.868
209.469 210.447 212.121
209.119 209.742 211.618
209.796 211.537 212.857
209.647 211.593 214.268
209.234 210.661 212.089
208.939 210.668 212.177
209.902 211.631 212.584
209.286 210.078 212.208
208.920 209.889 211.983
209.405 210.463 211.978
209.137 209.574 210.086
209.682 210.718 212.596
209.109 210.296 211.914
209.299 212.888 219.327
209.340 210.764 212.022
210.108 211.202 212.207
210.094 210.881 212.583
209.641 211.201 212.304
209.272 209.711 210.302
209.491 209.857 210.601
210.230 211.582 212.509
209.176 210.209 212.075
209.207 210.755 212.479
209.252 210.455 212.067
211.108 212.483 214.002
209.533 210.256 211.974
209.655 216.284 231.051
209.205 211.509 213.571
209.168 210.925 214.057
209.604 210.644 212.375
210.254 211.462 214.227
209.897 216.423 234.480
209.926 211.549 214.468
209.573 210.510 211.795
208.965 211.006 212.771
209.034 210.442 212.052
208.993 210.244 211.436
208.995 210.068 211.615
209.307 211.130 212.441
209.550 209.981 210.617
209.308 210.531 213.002
209.093 209.730 210.607
209.462 210.461 212.006
209.309 210.743 213.041
209.138 209.852 210.693
209.080 209.640 210.639
209.190 210.335 212.044
209.252 210.356 212.359
209.600 210.913 213.259
209.774 210.677 211.987
208.952 210.081 211.838
209.565 210.173 211.521
209.163 210.955 212.391
209.495 211.037 212.269
209.741 210.749 212.614
210.578 212.126 213.430
208.856 211.426 212.729
209.159 210.523 212.394
209.121 210.950 212.093
209.314 210.401 212.351
209.373 210.135 212.119
208.964 209.971 211.496
208.887 209.271 209.599
209.386 210.476 213.356
209.536 211.411 212.117
209.581 210.769 212.445
209.543 210.566 212.125
209.228 209.673 210.153
208.928 210.525 212.674
209.236 210.205 211.844
208.957 210.799 212.153
209.664 211.042 212.265
209.087 210.425 212.026
209.353 211.351 214.170
209.017 210.699 211.696
209.097 210.173 211.995
209.388 210.601 212.287
209.780 211.125 212.488
209.589 211.062 212.836
209.453 210.691 212.671
209.400 211.030 214.305
209.475 210.305 211.910
209.396 210.226 212.164
209.263 210.548 211.434
209.416 210.137 212.110
209.179 210.611 212.398
209.336 209.886 210.750
209.877 211.293 212.507
209.358 210.350 211.818
209.860 213.940 226.955
209.341 210.635 212.136
209.482 210.031 210.646
209.178 211.137 213.013
208.979 210.339 212.050
209.085 210.097 212.583
210.378 212.636 216.374
209.374 210.069 212.038
209.037 209.924 211.459
208.990 210.410 212.166
209.037 210.357 211.876
209.168 210.472 212.183
209.187 211.377 215.333
209.325 210.626 213.413
209.443 211.511 212.303
209.513 211.947 218.390
209.506 210.867 212.446
209.215 210.679 212.848
209.173 210.009 212.058
209.076 209.936 211.414
209.493 211.594 214.522
209.003 210.283 212.218
208.857 209.635 210.899
209.265 212.424 221.703
211.055 211.674 212.349
209.542 210.466 212.266
209.504 210.273 212.029
208.979 210.267 211.918
209.338 210.841 211.995
208.918 210.397 212.239
208.919 210.731 212.504
209.358 210.537 212.316
209.615 211.344 213.281
209.450 211.814 219.355
209.810 211.548 212.417
209.313 213.708 225.490
209.397 210.116 211.360
209.339 210.963 212.617
209.348 210.853 212.702
209.159 212.470 222.371
209.334 211.311 213.301
209.399 210.584 212.054
209.425 210.509 211.736
209.464 210.198 213.007
208.928 211.320 215.557
209.656 211.372 212.345
209.655 210.729 212.675
209.460 215.318 233.708
209.628 210.797 212.791
209.960 214.036 222.144
208.942 210.748 212.211
209.753 211.344 212.236
209.118 210.692 212.640
209.207 211.976 220.249
208.822 210.446 213.301
209.285 210.686 212.616
209.282 210.320 211.654
208.900 210.429 211.849
209.475 215.060 230.211
209.138 210.257 212.033
209.235 209.424 209.836
208.925 210.556 212.252
209.087 209.926 212.402
209.246 211.134 212.615
208.909 210.524 212.403
209.471 210.751 211.543
209.174 209.973 211.824
209.315 209.948 211.206
208.985 209.708 210.268
209.129 210.068 212.030
209.417 212.552 221.699
209.456 213.478 223.020
209.121 209.755 211.792
209.149 209.935 210.694
209.069 210.497 212.315
209.186 210.060 212.168
209.396 210.095 211.575
209.434 209.979 211.378
209.501 210.599 211.810
209.341 210.772 212.131
209.069 210.568 212.374
209.273 210.968 213.337
209.225 210.531 211.919
208.941 209.754 210.703
209.314 210.502 211.549
208.770 210.886 212.332
209.304 211.219 212.377
209.231 211.624 217.358
209.311 209.695 210.124
209.360 210.352 211.912
209.135 210.719 212.914
208.931 210.385 212.272
209.404 209.880 210.598
209.244 209.607 210.067
209.369 210.292 211.075
209.295 211.468 213.820
209.192 209.993 210.846
209.326 210.217 211.597
209.511 210.883 212.618
209.434 210.270 211.869
209.291 210.653 212.127
209.717 211.486 214.730
208.936 210.233 211.766
209.250 210.832 212.785
208.950 213.173 226.117
209.410 211.113 215.455
209.445 210.240 211.473
209.478 210.549 212.074
209.262 211.214 214.519
209.282 210.052 211.176
209.113 209.996 212.044
209.090 210.623 212.033
209.499 210.810 213.002
209.290 211.636 213.271
209.803 234.598 328.857
209.246 209.742 211.345
209.707 210.616 212.105
209.385 210.639 212.821
209.103 211.351 217.448
209.745 212.329 218.039
209.372 210.762 212.737
209.727 210.953 211.722
209.321 211.206 212.780
209.202 210.095 212.568
209.472 210.074 210.650
209.694 210.956 212.615
209.293 210.437 211.954
209.436 210.098 212.091
209.340 210.206 211.965
209.345 210.070 211.092
209.344 210.483 211.793
208.785 210.561 213.574
209.173 210.614 212.434
209.751 210.874 212.015
209.263 212.222 219.588
209.674 210.644 212.572
209.239 210.074 212.321
209.151 210.048 212.692
209.093 211.013 212.313
209.786 210.998 213.282
209.355 211.281 213.055
209.668 211.290 212.469
209.183 211.725 213.625
209.600 211.218 212.642
209.277 211.052 213.548
209.414 209.800 210.059
209.686 210.062 210.377
209.195 210.624 213.891
209.957 211.505 212.651
210.129 210.948 212.110
210.128 210.875 211.544
209.809 211.387 212.489
209.370 210.749 211.886
209.423 210.301 211.651
209.571 211.140 212.771
209.725 210.374 211.921
209.812 211.171 212.369
209.447 210.405 211.749
209.998 211.177 212.401
209.680 211.081 212.587
209.517 210.789 212.134
209.606 210.196 211.238
209.859 211.732 212.689
209.847 211.580 212.747
209.861 210.859 212.341
209.489 209.980 210.323
209.543 211.164 212.853
209.833 211.448 212.873
209.538 210.692 212.240
209.384 210.734 212.181
209.487 210.141 211.026
209.225 210.766 212.398
209.133 209.727 210.184
209.896 210.504 211.229
210.058 211.198 212.313
209.310 210.453 212.090
209.601 210.743 212.174
209.608 210.806 212.117
209.842 210.630 211.941
209.399 210.560 212.172
209.571 210.780 212.183
209.671 210.772 212.923
209.489 211.306 212.945
209.478 209.886 210.260
209.582 209.799 210.079
209.316 209.749 210.107
209.520 210.465 211.929
209.907 210.868 211.913
209.635 210.946 212.111
209.309 210.486 212.168
209.192 211.445 212.990
209.650 211.781 213.363
209.631 210.485 211.931
209.502 211.459 213.664
209.521 210.052 210.839
209.303 211.344 212.247
209.496 210.590 212.030
210.133 211.750 212.534
209.404 211.125 213.430
209.277 209.562 210.093
209.871 211.457 213.327
209.656 211.003 212.391
209.291 210.592 211.690
209.245 210.159 211.925
209.566 210.168 211.643
209.237 210.473 212.661
210.014 211.510 212.754
209.830 211.954 216.274
209.773 211.802 212.818
209.617 212.654 215.474
209.580 210.371 211.854
209.448 209.980 211.976
209.220 209.948 211.555
209.550 211.619 213.357
209.518 210.032 210.758
210.077 211.716 212.667
209.345 209.563 210.081
209.132 209.974 212.136
208.954 210.385 213.795
209.256 210.100 210.808
209.601 210.619 211.547
209.545 210.630 211.820
209.635 210.586 212.738
209.981 210.378 210.747
209.828 210.579 211.443
209.347 210.289 212.615
209.382 209.706 209.994
209.792 211.267 212.217
209.360 211.263 212.936
209.162 209.980 211.676
209.530 211.394 213.017
209.409 210.565 212.468
210.165 211.879 212.734
209.376 210.202 212.461
209.668 209.885 210.042
210.379 211.427 212.874
209.727 210.975 212.547
209.704 211.018 213.418
210.136 211.382 213.054
209.216 209.974 210.531
210.253 211.567 212.799
210.983 212.378 213.540
209.798 211.612 212.785
209.701 209.984 210.612
209.720 209.953 210.378
209.581 210.392 211.364
210.118 210.909 212.160
209.553 211.667 213.464
209.790 210.089 210.691
210.686 211.477 212.403
209.602 210.810 212.251
212.212 227.999 236.366
210.199 211.325 212.365
210.002 211.409 213.872
209.696 210.364 211.567
209.290 210.076 211.627
209.872 211.796 212.637
209.568 211.190 212.077
209.430 210.185 211.006
209.518 210.119 211.441
209.465 210.522 211.156
209.044 209.682 210.233
209.681 210.899 212.599
209.519 211.257 212.054
209.268 210.238 212.020
209.296 211.052 212.360
209.352 210.086 211.689
208.926 210.553 212.273
209.559 210.558 212.410
209.610 209.827 210.058
208.904 210.549 212.357
210.077 210.816 211.714
209.316 210.695 212.371
209.090 209.735 210.947
209.383 211.582 212.739
209.609 212.101 212.921
209.103 211.301 213.465
209.180 210.242 211.999
209.570 210.821 213.402
208.955 211.085 213.175
209.219 210.883 212.533
209.711 210.837 212.208
209.221 210.814 212.588
209.384 210.133 211.485
209.656 211.319 213.712
209.469 209.899 210.547
209.461 210.533 211.845
209.023 210.080 211.706
209.696 210.913 211.694
209.478 210.708 212.308
209.295 209.910 211.475
209.338 210.401 211.420
209.242 209.832 210.565
209.734 211.452 212.627
209.138 210.067 211.519
209.220 210.491 212.558
209.250 209.971 211.957
209.525 210.120 211.402
208.963 209.564 210.650
209.342 210.871 213.277
209.303 210.950 212.858
209.491 210.953 212.279
213.289 219.929 224.819
217.896 220.898 225.146
209.534 210.231 212.077
209.425 211.988 213.920
209.452 210.484 212.052
209.324 210.781 214.155
209.654 210.765 212.309
209.194 209.761 211.805
210.612 213.485 221.411
208.890 211.919 217.194
209.150 210.699 211.859
209.025 210.210 212.683
209.006 210.844 213.278
209.165 209.760 211.486
209.143 210.283 211.836
209.350 211.237 212.239
209.380 209.904 210.661
209.164 210.271 212.542
209.024 210.837 212.673
209.900 210.945 211.907
209.030 209.802 211.171
209.250 209.620 209.920
209.225 210.777 212.580
209.308 210.421 211.978
209.742 211.733 212.471
209.170 210.269 212.188
209.021 210.190 211.731
209.356 210.699 212.503
209.244 212.743 218.871
209.405 210.390 211.240
209.554 210.522 211.450
209.197 210.545 212.095
209.175 210.940 212.099
209.483 210.263 211.684
208.805 211.235 217.636
208.966 210.158 211.779
209.243 210.555 212.416
209.470 210.165 212.329
208.945 210.125 211.656
209.323 209.665 210.635
209.424 210.933 212.057
208.603 209.234 209.986
209.141 209.653 209.977
208.966 211.097 213.100
209.116 210.706 213.201
208.927 210.636 213.079
209.261 209.808 211.408
209.377 209.974 211.825
209.604 210.414 211.879
209.300 210.040 211.637
209.164 210.063 211.839
208.904 210.365 211.957
209.140 210.000 212.191
209.020 210.583 212.313
209.254 210.249 211.645
208.935 209.688 210.757
209.136 210.062 211.762
209.208 209.385 209.585
208.738 209.366 210.627
209.144 210.809 212.068
208.912 209.557 210.520
209.281 209.798 211.467
209.225 209.768 211.341
211.435 212.034 213.259
209.318 211.212 213.349
209.604 210.511 213.823
208.722 209.633 212.157
209.224 209.988 212.405
209.287 209.950 210.622
208.952 210.652 211.892
210.420 211.627 213.056
208.820 209.339 209.906
208.958 209.735 212.274
209.174 209.870 210.692
209.008 210.501 211.889
209.311 210.183 211.907
209.528 209.834 210.093
209.323 211.943 213.627
208.949 209.928 212.210
209.119 210.059 211.549
208.968 209.735 211.622
209.115 210.717 212.114
209.049 210.272 211.765
209.212 210.272 211.931
209.135 209.291 209.514
209.352 210.954 211.990
209.257 210.753 212.329
208.761 210.179 211.879
208.897 210.617 211.909
209.569 210.768 212.161
209.210 209.601 210.479
209.088 209.648 211.164
208.814 209.861 211.963
208.816 209.630 210.766
209.122 209.814 211.593
209.288 210.519 211.801
209.343 210.112 212.112
209.015 210.193 211.936
210.200 211.238 212.226
209.164 209.500 210.567
209.156 210.320 212.237
208.933 210.489 211.733
209.199 211.175 211.976
208.787 209.538 211.560
208.968 210.583 213.480
209.143 209.298 209.375
209.121 210.240 212.287
208.774 210.228 211.847
209.146 210.311 212.168
208.983 209.780 211.987
208.678 210.538 212.151
208.553 209.447 211.097
208.776 209.684 211.106
208.665 209.508 211.793
209.045 209.846 212.291
208.777 210.664 213.067
209.025 209.379 209.831
209.309 211.520 218.612
208.897 210.279 212.310
208.869 209.726 212.154
209.145 210.121 211.169
208.990 210.287 212.153
209.323 210.626 213.126
209.072 210.302 212.265
208.878 209.874 211.683
209.014 209.593 211.131
208.937 210.452 211.947
208.741 209.583 211.470
209.423 210.754 211.994
208.944 210.052 212.015
208.864 209.638 211.554
209.134 210.877 212.979
209.387 209.992 211.864
209.253 210.490 211.969
209.064 210.479 212.512
209.101 212.284 220.148
209.056 209.856 212.007
209.786 210.585 211.056
209.078 209.649 210.392
209.020 210.461 212.320
209.220 210.508 211.920
209.073 209.614 210.729
209.206 210.234 211.909
208.624 209.419 210.657
208.818 210.447 213.321
209.878 216.236 221.665
208.746 209.907 211.939
208.966 210.953 212.323
208.934 210.000 211.857
209.158 209.656 210.507
209.679 210.845 213.054
208.697 209.458 210.534
209.218 209.609 210.571
208.957 209.959 211.231
208.693 209.673 211.516
209.609 210.575 211.795
209.150 210.269 211.663
208.876 210.651 212.269
208.908 210.172 212.006
208.904 210.487 211.840
209.204 209.862 211.225
209.276 210.662 212.895
208.939 210.047 211.196
208.995 210.372 211.622
209.262 210.385 211.745
208.959 210.619 211.836
209.048 209.798 211.919
209.138 210.587 212.146
209.142 211.230 218.922
209.106 210.318 212.091
209.101 210.444 213.167
209.011 210.224 211.878
209.262 210.001 211.077
209.801 212.583 220.469
208.962 210.414 212.061
209.304 210.310 211.769
209.044 210.296 211.950
208.987 210.332 212.074
208.872 210.897 212.256
209.223 210.170 211.493
209.004 209.614 210.338
209.108 210.760 211.938
208.831 210.112 212.097
208.986 210.565 212.049
209.193 210.381 211.899
208.670 209.440 211.327
209.423 210.783 211.795
208.858 209.880 211.189
208.503 210.005 211.814
209.204 210.986 212.445
209.114 210.257 211.385
209.063 210.409 212.137
210.027 210.895 212.105
208.886 209.652 211.483
209.223 210.624 211.751
209.012 210.217 211.690
208.684 211.450 219.009
209.124 209.880 211.246
209.318 210.706 212.384
208.937 211.099 213.331
208.892 210.591 212.622
208.920 211.174 211.831
208.892 210.713 212.204
209.298 209.871 210.755
209.188 210.117 211.517
209.020 209.772 211.247
209.194 210.496 212.039
208.704 210.321 212.335
208.897 209.927 211.907
209.088 210.127 212.301
209.320 210.024 212.637
208.985 209.287 209.562
209.061 210.617 212.222
209.103 210.171 212.439
208.911 210.152 211.534
209.332 210.748 212.108
209.121 209.642 210.940
208.958 210.816 212.450
209.096 210.333 212.017
209.148 210.130 211.607
208.868 210.430 211.926
210.517 211.001 211.933
209.137 209.924 211.558
208.814 209.731 211.489
209.248 210.289 212.141
209.041 209.447 209.955
208.958 209.499 209.914
209.903 211.059 212.056
208.885 209.372 209.729
208.732 209.790 211.195
208.900 209.725 212.188
209.004 209.501 210.547
209.044 209.614 210.848
209.498 210.892 211.849
209.505 211.385 212.146
210.111 211.089 213.345
209.082 209.675 210.677
209.246 209.365 209.478
209.012 209.839 211.440
208.926 210.238 211.400
210.017 211.366 212.269
209.242 211.043 215.579
209.225 211.159 212.503
208.914 209.219 209.453
210.335 211.656 213.058
208.920 209.383 209.825
209.170 209.992 212.116
209.383 210.655 213.148
208.875 209.929 211.286
208.845 209.927 213.277
209.856 210.860 212.237
208.702 210.275 213.244
209.081 210.794 212.056
209.258 210.340 212.053
209.644 210.174 210.653
208.956 212.367 218.881
208.969 210.343 211.765
209.081 210.527 211.663
209.080 210.195 211.935
209.149 210.452 211.940
208.825 209.288 209.694
209.246 210.141 211.361
208.943 209.657 210.117
209.105 210.326 213.110
208.953 209.516 211.048
209.150 210.358 211.701
209.118 210.521 213.228
209.216 210.452 211.909
208.875 210.355 211.663
208.964 210.250 212.029
208.908 210.688 212.167
209.044 210.658 211.974
209.502 210.522 211.944
209.459 210.244 211.397
209.115 210.770 212.125
210.825 211.807 213.248
209.418 210.477 212.074
208.904 209.659 211.211
208.993 209.719 211.705
209.080 210.515 212.016
209.272 210.702 212.622
208.891 209.899 211.866
208.974 210.651 212.521
208.727 210.287 211.576
209.524 210.223 210.846
208.690 209.503 210.285
209.304 210.352 211.654
209.110 210.600 212.291
209.000 210.477 211.636
209.144 209.790 211.776
208.844 210.658 212.182
209.016 209.670 210.561
209.121 210.753 211.992
209.044 209.542 210.074
209.088 210.455 212.176
209.221 210.317 211.656
209.268 209.938 211.193
208.302 209.448 211.156
208.762 209.396 211.197
208.466 209.342 211.354
208.376 209.560 211.300
208.233 209.507 211.328
208.778 209.783 211.456
208.316 209.740 211.817
208.222 210.201 214.400
208.615 209.360 211.597
208.632 209.540 212.446
208.689 209.782 211.700
207.935 209.862 211.208
208.343 209.119 211.299
209.030 209.643 210.666
209.833 211.232 213.019
208.279 210.433 212.242
208.732 211.210 220.534
208.840 210.748 214.944
208.375 210.192 212.369
209.678 210.642 211.556
208.326 210.871 213.253
208.997 210.420 213.735
208.964 210.215 211.248
208.440 209.918 211.937
209.114 209.889 210.624
209.018 210.586 212.791
208.715 209.361 209.891
208.570 210.383 214.547
208.210 208.507 208.979
209.079 210.740 212.682
208.286 209.353 210.711
208.082 209.033 211.385
209.301 209.904 211.249
208.848 210.075 212.566
208.577 210.190 212.744
208.877 210.770 213.912
210.308 210.777 211.504
208.687 210.725 214.224
208.304 209.288 211.500
208.480 215.915 240.557
208.576 210.317 212.813
208.656 209.625 211.527
208.874 210.153 212.822
211.745 323.433 434.074
208.334 209.790 211.504
209.186 210.888 211.870
208.274 209.022 210.230
208.360 209.137 211.335
208.404 210.025 212.214
208.399 209.161 210.376
208.848 210.288 211.357
208.723 210.580 211.813
208.716 210.636 212.751
208.379 209.411 210.905
208.617 209.840 210.524
209.034 211.004 212.567
208.192 209.320 212.601
208.339 208.951 210.303
208.696 210.904 213.661
209.280 210.678 212.330
209.732 211.080 212.927
209.648 219.204 225.906
209.758 210.292 211.091
209.193 211.602 218.830
209.917 210.935 213.071
210.139 213.249 220.362
210.810 211.588 212.557
209.696 211.444 212.832
210.471 213.436 217.301
212.270 213.631 214.890
209.228 211.562 215.332
209.304 210.256 211.767
209.054 210.113 212.957
209.407 210.722 211.986
210.051 211.753 213.088
209.370 210.097 211.801
209.312 210.638 212.356
209.684 210.466 212.616
209.579 210.774 212.418
209.533 215.138 233.794
209.508 211.481 213.056
209.501 211.660 215.095
209.182 211.321 212.664
213.137 216.948 226.613
209.617 210.601 211.903
209.448 210.333 211.935
209.326 211.172 213.938
209.755 210.627 211.950
209.752 210.669 212.256
209.664 211.079 213.788
209.189 210.486 212.186
209.397 211.491 212.813
209.288 211.009 214.501
209.994 211.011 213.548
209.643 210.603 212.347
209.770 210.689 212.353
210.777 211.485 211.877
209.708 212.409 217.372
209.433 210.521 213.894
209.551 211.101 212.549
209.323 210.270 210.876
209.542 224.032 281.120
209.441 210.043 210.931
209.542 211.417 212.651
209.470 209.939 210.801
209.372 215.223 224.463
210.250 211.273 212.740
209.652 211.170 213.861
209.832 210.280 211.047
209.780 212.092 214.891
210.860 211.805 214.681
209.563 211.423 213.761
210.372 211.932 214.319
211.003 212.229 214.072
211.357 212.707 215.496
211.820 212.488 212.965
210.506 213.078 214.527
211.423 212.320 214.568
211.156 211.759 212.077
212.024 213.587 216.000
212.197 213.474 215.303
212.568 212.872 213.447
211.072 212.466 215.229
213.245 214.680 215.253
212.959 221.590 231.218
212.649 216.610 230.620
210.240 214.673 227.644
210.245 211.569 212.946
209.988 224.509 260.797
210.516 214.515 227.079
209.794 211.941 213.997
209.158 210.689 213.705
209.937 211.414 212.980
209.535 210.928 212.989
209.716 211.538 213.168
210.764 211.785 212.734
209.427 211.022 212.914
209.882 211.161 212.262
209.439 210.059 210.787
209.494 210.593 212.089
209.431 211.142 212.617
209.176 210.344 212.148
209.676 212.132 213.789
209.575 214.267 223.117
209.213 209.937 210.388
209.874 210.380 211.007
209.701 211.268 212.798
209.688 210.604 212.286
209.493 213.243 223.499
209.540 210.135 210.848
210.852 212.408 213.096
209.116 209.739 210.107
209.482 211.349 212.795
209.598 211.662 213.713
209.471 211.307 212.595
209.356 210.096 210.766
209.688 210.787 212.325
209.675 210.890 212.681
209.337 212.296 216.115
209.805 210.747 212.646
210.169 215.264 228.033
209.591 211.131 212.689
209.021 209.945 211.272
209.972 213.826 223.471
209.348 211.201 213.862
209.190 211.081 213.644
209.645 210.072 210.456
209.231 210.210 212.173
209.274 210.273 211.187
209.776 210.697 212.108
209.625 210.179 211.658
209.359 210.820 212.681
209.373 210.912 214.687
208.883 210.678 213.068
210.184 211.961 213.084
210.068 211.236 212.498
209.253 210.416 213.585
209.581 210.882 212.844
209.164 209.423 209.781
210.078 211.253 212.279
209.558 210.252 211.810
209.603 211.655 215.376
209.650 210.633 212.651
209.575 210.363 212.598
209.504 210.310 211.362
209.438 211.222 212.712
209.430 214.522 231.266
209.508 212.209 216.620
209.267 209.684 210.027
209.215 209.678 210.176
209.478 210.865 212.213
209.556 210.058 211.553
209.396 210.814 212.222
209.717 216.281 230.535
211.964 222.555 236.404
209.546 211.132 213.680
209.347 209.582 210.053
209.565 209.804 210.479
209.537 210.874 212.163
209.168 210.244 212.628
209.787 212.171 218.369
209.578 211.569 212.532
209.300 209.695 210.066
209.548 210.618 212.141
209.219 210.297 212.437
209.603 211.521 212.269
209.652 210.216 211.946
209.370 210.368 212.978
209.696 211.124 212.129
209.362 211.492 214.025
209.207 210.760 212.702
209.387 211.992 214.112
209.334 210.272 211.357
209.193 210.280 212.310
209.448 210.124 211.243
209.588 213.147 221.632
209.483 210.474 212.549
209.471 210.929 212.595
209.775 210.933 213.210
209.284 210.332 211.995
209.661 210.557 213.041
209.598 210.985 212.285
209.439 210.068 210.756
209.301 209.756 210.087
209.883 211.691 213.968
209.762 210.805 212.699
209.322 210.120 211.291
209.862 211.554 213.476
209.477 210.872 215.028
209.444 210.916 212.233
209.509 210.487 212.935
209.464 210.201 211.750
210.140 216.674 227.636
209.512 211.066 214.550
209.576 211.508 212.345
209.993 211.872 213.529
209.645 210.933 212.823
209.418 211.512 213.069
209.936 211.923 213.792
210.260 211.649 213.207
210.462 212.080 213.921
211.369 212.517 213.581
209.660 211.253 213.438
211.132 212.075 213.524
209.935 211.792 212.791
211.216 212.594 214.501
212.624 213.895 214.734
211.929 213.397 215.332
211.346 212.375 213.500
211.290 212.905 215.024
212.112 212.845 214.037
211.558 212.350 213.593
209.618 210.519 212.366
209.713 211.030 212.781
209.136 210.504 212.148
209.930 210.501 212.205
212.008 212.813 214.655
210.127 211.595 213.287
209.843 210.816 212.195
209.474 211.068 213.544
209.456 211.536 214.448
209.908 214.175 223.967
210.055 210.932 212.359
209.533 211.035 211.780
210.954 211.903 212.498
209.739 210.436 212.190
210.303 211.154 212.278
209.558 211.404 212.354
209.524 210.316 211.380
209.626 211.068 213.422
210.191 212.139 215.841
209.370 209.999 210.717
209.355 211.220 213.517
209.293 210.412 212.815
209.497 210.583 212.114
209.348 211.140 212.720
209.674 211.197 212.583
209.283 211.541 213.710
209.483 210.904 213.429
209.914 210.732 211.506
209.599 211.401 213.548
209.090 209.722 210.444
209.534 210.510 212.314
209.276 209.744 210.762
209.286 211.132 213.153
209.339 211.074 212.522
209.490 210.280 212.134
209.655 210.696 212.241
209.442 210.846 212.892
209.515 210.806 212.862
209.270 210.850 212.835
209.547 210.251 211.403
209.585 210.993 213.339
209.256 210.418 212.712
209.617 211.126 212.951
209.375 210.753 212.639
209.289 210.492 212.629
209.727 212.359 216.444
209.817 210.741 212.102
209.172 210.591 214.196
209.640 210.550 211.644
209.179 210.845 212.325
209.165 210.307 212.178
209.628 210.252 211.396
210.174 211.855 213.251
209.556 211.785 212.811
209.056 210.081 212.265
209.535 211.051 212.179
209.421 210.360 212.530
209.606 210.541 212.437
209.366 210.994 212.223
209.288 210.326 212.121
212.302 212.571 212.846
209.482 210.530 212.128
209.873 212.086 213.719
209.426 210.950 212.516
209.470 210.633 212.012
209.940 211.737 213.428
209.417 210.392 212.134
209.249 210.248 212.178
209.437 209.818 210.012
209.349 212.413 221.713
209.158 210.441 212.371
209.590 210.531 212.124
209.541 210.748 212.354
209.357 210.876 212.691
209.465 210.728 213.319
209.719 210.250 211.412
209.054 210.040 211.536
209.950 210.516 212.369
209.659 210.544 212.403
209.642 210.860 212.210
209.308 210.603 211.931
210.388 211.981 213.153
209.801 211.363 213.714
209.444 211.306 212.661
210.030 210.906 212.153
209.611 211.982 216.407
209.847 210.732 211.600
209.817 210.878 213.479
209.659 210.789 212.341
210.118 210.315 210.609
209.938 210.935 213.097
210.147 210.907 212.836
209.800 210.284 210.964
210.196 210.604 211.367
210.389 211.947 213.160
210.063 210.559 211.155
210.049 210.131 210.181
210.321 211.983 214.367
210.031 211.287 212.724
210.278 211.434 214.068
209.825 211.102 212.834
210.002 211.507 213.959
209.822 211.895 214.039
210.015 210.405 211.196
210.102 211.178 211.965
209.883 210.343 211.294
209.834 211.050 213.516
209.911 211.085 212.560
210.004 210.839 211.970
210.345 210.900 212.031
209.756 212.424 214.720
210.408 211.829 212.784
209.929 210.857 212.694
209.791 210.806 212.353
210.058 212.720 215.922
209.642 210.901 212.392
211.064 212.273 213.162
209.785 211.096 213.156
211.647 212.033 212.485
209.912 210.815 212.852
210.012 211.016 212.724
210.121 211.321 212.626
210.403 212.010 213.207
209.742 210.311 211.709
209.670 211.158 212.927
209.778 211.627 212.882
209.613 210.653 211.792
210.148 211.578 212.770
210.324 211.571 213.079
209.727 211.503 213.138
211.430 212.377 213.867
209.896 211.489 213.571
209.679 210.862 212.214
210.073 211.149 212.497
209.663 209.856 210.037
209.552 210.907 212.845
209.862 211.887 213.013
209.433 210.428 211.681
210.019 211.204 212.394
209.983 210.800 212.368
209.503 210.705 212.858
210.091 211.350 213.564
210.089 211.430 212.896
209.894 211.379 213.286
209.527 210.965 212.581
209.928 210.153 210.431
209.695 210.665 212.947
210.393 211.460 212.567
209.560 210.740 212.791
209.783 210.585 212.734
209.790 211.506 213.088
210.005 210.833 212.894
209.980 210.943 212.308
209.520 210.986 212.661
209.813 210.323 211.573
209.582 210.167 210.535
209.467 210.866 212.602
209.533 210.511 212.782
209.843 210.544 211.775
209.645 211.417 212.681
209.650 211.739 216.300
209.892 210.970 212.596
209.705 211.317 213.032
211.013 211.807 212.571
209.624 211.311 213.937
209.804 211.686 212.553
209.355 211.057 212.850
209.414 211.105 213.293
209.716 210.982 213.894
209.466 209.818 210.119
209.621 210.168 210.785
209.405 210.449 211.845
209.640 210.896 212.453
209.636 210.595 213.091
209.639 211.141 212.585
209.596 210.789 212.270
210.229 211.127 212.562
212.037 212.474 213.556
209.686 211.119 212.654
209.807 211.235 213.763
209.756 210.484 212.306
209.279 210.482 212.907
209.753 210.466 211.804
209.969 211.961 212.871
209.664 210.139 210.633
210.037 211.304 213.027
209.593 211.198 212.504
209.499 211.698 213.314
209.755 211.401 212.545
209.742 211.613 213.670
210.293 211.537 212.405
209.709 210.809 212.785
209.651 210.472 212.725
209.759 210.906 212.360
209.456 210.515 211.906
209.306 211.063 212.143
209.515 210.262 212.690
209.731 210.695 212.327
209.576 210.432 212.612
209.974 211.778 214.023
209.376 211.282 214.036
209.722 211.731 213.831
209.649 210.412 211.753
209.545 210.483 211.553
209.822 211.117 212.702
209.589 210.057 210.761
209.474 211.250 212.977
209.334 210.719 211.740
209.936 213.462 220.477
209.360 210.989 212.872
210.192 211.607 212.727
209.267 211.776 213.362
209.586 210.464 212.513
209.828 211.335 214.670
209.777 211.641 212.750
209.704 211.689 215.758
209.486 211.364 212.675
209.199 210.351 212.431
209.676 211.013 212.857
210.091 211.284 213.194
210.035 210.859 212.788
209.984 211.000 212.067
210.248 211.836 213.420
209.382 209.959 210.514
209.692 210.533 212.256
209.880 211.076 212.776
210.369 211.013 211.594
210.411 211.498 212.700
209.591 210.965 212.208
209.497 209.896 210.514
209.554 211.033 213.099
209.855 210.829 212.364
209.590 210.594 212.148
209.519 211.219 212.345
209.795 211.257 212.962
209.492 211.237 212.635
209.735 210.805 212.334
209.326 212.391 217.651
209.609 210.347 211.576
209.499 210.717 212.262
209.400 210.963 213.198
209.544 209.808 210.093
209.833 211.656 212.566
209.580 210.627 212.476
209.871 210.595 212.274
209.128 209.617 210.117
209.368 210.389 212.644
209.634 210.874 212.825
209.489 211.186 214.608
209.669 210.784 212.876
209.985 211.522 213.846
209.530 209.706 209.885
209.308 209.905 211.157
209.616 209.930 210.139
209.323 210.899 212.474
209.249 211.468 212.914
209.811 210.386 211.232
209.791 210.314 211.120
209.317 210.700 212.320
209.747 210.500 212.426
209.492 210.928 212.708
209.881 211.192 212.838
209.698 211.724 213.115
209.495 211.229 212.369
209.300 210.570 212.554
209.729 210.359 211.717
209.361 211.048 214.548
209.672 211.066 212.743
209.757 211.363 212.626
209.563 211.164 213.658
209.744 210.893 212.716
209.881 211.279 212.456
209.601 210.512 212.568
209.611 213.153 219.306
209.564 210.303 211.568
209.750 211.042 213.757
209.285 210.526 213.011
209.401 209.750 210.367
209.721 210.146 211.544
209.482 210.446 211.981
209.579 211.125 214.021
210.015 210.887 213.620
209.681 211.530 213.766
209.777 211.705 212.973
209.774 210.442 211.115
209.448 210.422 212.454
209.590 211.064 212.163
209.807 211.407 212.515
209.348 210.104 212.483
209.568 210.172 211.687
209.575 210.780 212.575
209.216 211.792 216.824
209.791 211.923 213.061
209.376 211.080 212.869
209.183 210.536 212.840
209.812 210.391 211.337
209.265 210.436 212.122
209.399 210.851 213.088
209.739 210.489 212.138
209.708 209.995 210.439
209.150 209.826 210.232
209.220 210.879 212.993
209.661 210.434 211.397
209.647 211.526 212.854
209.543 210.837 212.392
209.817 211.029 212.562
209.736 211.421 213.690
209.379 210.346 212.732
209.322 209.907 211.016
209.334 210.364 212.787
209.329 210.625 212.203
209.303 210.057 211.163
209.806 210.709 212.589
209.625 210.342 212.470
209.542 210.455 212.118
209.134 210.768 212.508
209.724 210.070 210.960
209.464 211.096 213.610
209.991 210.976 212.520
209.639 210.828 212.152
209.527 212.278 221.563
209.922 210.910 212.729
209.632 211.104 212.737
209.639 211.269 212.956
210.059 211.322 212.591
209.682 211.651 215.947
209.669 210.841 212.544
209.444 209.791 210.187
209.831 210.806 212.516
209.465 210.248 212.537
209.611 210.738 212.700
209.460 211.125 214.713
209.363 209.968 210.349
209.117 210.648 212.864
209.554 210.305 211.999
209.310 210.597 212.952
209.713 210.398 212.503
209.912 211.518 213.362
209.967 211.638 212.765
209.717 210.690 212.708
209.771 211.756 212.948
209.297 209.829 210.863
209.646 209.911 210.271
209.675 211.034 212.745
209.397 210.290 212.635
209.564 210.416 211.119
209.342 210.906 212.124
209.784 210.595 212.694
209.558 210.162 210.851
209.501 210.118 210.928
209.922 211.644 213.679
209.498 210.872 212.720
209.484 211.121 212.535
209.502 210.650 212.557
209.753 211.773 213.673
209.442 210.775 212.666
209.163 210.005 211.716
209.444 210.725 213.004
209.914 210.974 212.896
209.354 210.492 212.771
209.400 210.402 213.683
209.698 210.339 211.672
209.868 210.685 212.337
209.814 210.601 212.007
210.075 211.890 212.616
209.342 209.757 210.441
210.128 211.772 212.584
210.233 210.915 211.984
209.762 210.877 212.611
209.610 210.796 212.176
209.403 210.881 213.576
210.140 211.432 213.528
209.627 210.303 212.373
209.881 210.868 212.552
209.413 210.136 212.159
209.475 210.143 212.210
209.066 210.432 211.897
209.812 210.696 212.289
209.658 211.208 212.518
209.641 211.560 212.766
209.832 211.666 212.838
209.684 210.814 212.549
209.425 210.767 212.779
209.321 210.337 211.742
210.213 211.476 212.450
209.581 210.505 212.918
209.441 210.797 212.596
209.494 211.196 212.694
209.357 210.084 210.583
209.441 210.675 212.725
209.566 209.806 210.199
209.378 210.517 212.770
209.669 210.340 212.115
209.733 211.142 212.564
209.465 210.782 212.436
209.370 212.690 220.985
209.405 210.882 212.688
209.538 211.724 213.917
210.079 211.723 212.488
209.962 210.985 212.508
210.334 211.704 212.507
209.193 210.623 212.345
209.528 209.791 210.297
209.340 210.818 212.627
209.703 210.381 211.676
209.387 211.093 212.577
210.816 211.491 212.321
209.532 210.942 212.226
209.555 210.340 212.314
209.519 209.950 210.428
209.147 210.029 211.681
209.739 210.895 213.576
209.722 211.272 212.775
209.263 210.234 212.505
209.686 211.065 212.638
209.516 210.435 212.324
209.227 209.635 210.126
209.611 210.210 210.860
209.699 211.107 212.647
209.972 211.201 212.980
209.619 211.602 215.443
209.603 212.776 221.161
209.484 210.236 211.359
209.394 209.597 209.740
209.826 211.239 212.530
209.327 210.060 212.600
209.761 210.257 210.902
209.846 210.724 212.539
209.738 210.447 212.766
209.837 211.308 212.813
209.753 211.300 212.743
209.800 210.043 210.316
209.699 210.818 212.422
209.964 210.775 212.644
209.454 210.365 211.509
209.818 210.183 210.493
209.384 210.263 212.554
209.492 210.402 211.989
209.197 210.255 211.935
209.387 210.261 212.591
210.070 210.486 211.152
209.779 211.168 212.639
209.366 210.715 212.458
209.175 210.991 213.596
209.172 210.473 212.922
209.519 210.579 212.117
209.451 210.000 211.387
209.682 210.539 212.048
209.490 210.320 212.055
209.323 210.453 212.298
209.295 212.087 213.630
209.660 211.144 213.714
209.414 210.658 212.181
210.179 210.771 211.392
209.551 209.771 210.196
209.712 210.569 211.763
209.499 210.271 211.304
209.230 210.819 212.622
209.834 214.686 230.067
209.620 211.430 212.785
209.989 211.608 212.803
209.393 209.702 209.929
209.271 210.221 212.366
209.336 210.301 212.546
209.337 210.485 212.777
209.629 210.277 212.406
209.601 211.139 212.677
209.609 211.752 212.697
209.158 210.798 212.845
209.540 210.790 212.711
209.705 210.730 212.561
209.482 210.436 212.869
209.611 210.590 212.239
209.489 211.527 213.741
211.452 212.212 212.724
209.300 209.660 210.012
209.587 210.519 211.501
209.317 210.503 212.061
209.092 211.408 213.578
209.912 211.769 213.610
209.505 211.257 212.922
209.578 210.406 211.673
209.804 211.060 212.598
209.676 210.768 212.476
209.680 210.680 211.672
209.433 210.628 212.134
209.613 210.530 212.154
209.703 210.901 212.186
209.427 210.256 212.792
209.487 210.204 210.999
209.695 210.874 212.394
209.642 210.172 211.747
209.405 210.871 212.843
209.723 210.970 211.724
210.450 211.212 212.374
209.404 211.459 213.526
210.153 211.368 212.596
209.961 211.249 212.495
209.681 212.953 216.737
209.465 210.992 212.559
209.656 210.688 212.614
209.693 210.473 212.035
209.512 210.949 212.373
209.457 209.622 209.753
209.691 210.767 212.337
209.761 211.079 212.375
209.341 210.499 212.303
209.833 211.330 212.718
209.587 211.326 212.783
210.285 211.446 212.656
209.781 210.733 211.958
209.479 211.203 213.595
209.924 211.154 212.650
209.457 211.128 213.604
209.718 211.211 212.900
209.694 211.630 213.715
209.758 211.221 212.594
209.214 211.599 212.251
210.044 212.906 217.039
213.718 224.159 239.616
209.757 211.709 216.049
209.361 210.714 211.934
209.582 211.203 213.496
215.323 218.546 222.908
209.683 210.897 213.942
209.911 210.633 211.326
209.487 211.419 212.695
210.896 212.828 215.362
209.298 210.578 212.483
210.060 211.606 213.545
209.989 211.494 213.724
210.004 211.254 212.963
209.761 211.204 212.422
209.562 210.575 212.834
209.438 211.585 212.981
209.366 210.312 212.551
209.846 211.714 212.661
209.763 210.642 212.139
209.584 212.630 217.647
210.264 210.930 213.202
209.514 210.865 212.935
210.002 211.896 213.700
209.404 211.478 213.858
210.320 211.901 212.941
209.583 210.673 212.087
209.696 211.038 212.368
209.817 211.352 212.354
209.652 210.929 212.780
209.242 210.201 212.540
209.383 210.387 212.996
209.701 211.451 212.887
209.907 210.872 212.129
209.292 210.239 212.306
209.738 211.242 212.573
209.579 210.152 211.793
209.589 209.959 210.693
210.036 210.883 212.487
209.501 209.893 210.073
210.150 211.217 212.969
209.483 210.661 213.025
209.575 209.841 210.370
209.270 210.812 212.309
209.263 209.857 210.242
209.763 210.221 211.562
209.349 210.220 212.033
209.582 210.829 212.575
209.620 210.454 212.583
209.506 210.750 212.236
209.684 210.778 212.341
209.691 211.202 213.126
209.633 211.671 212.347
209.662 211.498 215.649
209.542 210.561 212.086
209.942 211.373 213.164
209.757 211.115 213.781
210.173 211.078 212.849
209.990 210.806 212.299
209.618 210.581 212.117
209.844 211.261 212.645
209.731 210.262 210.940
209.826 210.408 212.133
209.467 211.781 212.763
209.291 209.637 210.481
209.611 209.873 210.399
210.113 212.024 213.964
209.546 210.463 212.606
210.069 210.517 212.003
209.715 211.528 212.695
209.855 210.884 212.085
209.560 209.994 210.576
210.000 211.602 213.613
210.417 212.848 215.619
209.571 210.532 212.882
209.610 211.436 213.563
209.308 210.367 212.747
209.671 210.354 212.128
209.771 210.381 212.291
209.335 210.664 212.481
209.486 211.150 213.060
209.649 211.078 212.766
209.724 210.402 211.625
209.559 211.498 213.064
209.488 209.965 210.390
209.493 211.182 212.679
209.491 210.943 212.450
209.408 210.765 213.903
209.594 211.550 213.112
209.449 210.256 211.798
209.674 210.333 211.111
210.054 210.968 212.598
210.173 211.762 213.151
209.642 210.639 212.232
209.941 210.758 212.511
209.472 210.487 212.859
209.830 211.076 213.011
209.921 211.533 213.008
209.615 209.858 210.056
209.481 210.938 212.722
210.408 211.730 213.821
209.536 210.607 211.956
209.459 210.610 213.682
209.949 212.421 217.367
209.905 212.200 216.983
209.807 210.750 213.046
210.139 211.309 212.618
209.682 210.240 210.916
209.368 211.082 212.873
210.506 211.334 212.577
209.978 210.683 211.693
209.693 210.868 212.408
209.399 210.171 211.580
209.057 210.468 212.220
209.678 211.352 212.612
210.186 211.866 212.622
209.585 210.054 211.042
209.937 210.637 212.575
209.648 210.923 212.581
209.372 210.711 212.325
209.583 211.243 213.940
209.705 210.087 210.455
209.418 211.200 212.647
209.787 211.494 212.994
209.678 211.447 213.832
209.605 210.476 212.931
209.518 210.013 211.069
209.254 210.996 212.457
209.441 211.020 214.386
209.313 210.001 210.614
209.366 210.634 212.368
209.596 210.691 212.626
209.622 210.538 212.879
209.661 210.798 212.632
209.676 211.199 212.876
211.096 212.023 213.539
209.549 210.616 213.663
209.671 210.404 212.438
209.907 211.738 213.093
209.717 210.490 212.549
209.716 210.999 213.745
210.035 211.273 213.631
209.413 209.877 210.280
209.637 210.811 212.818
209.225 210.868 215.777
209.667 210.668 212.315
209.588 210.530 213.875
210.750 211.770 212.959
209.202 210.650 212.883
209.297 210.094 210.621
209.254 210.221 212.309
210.738 212.671 216.728
209.787 211.108 212.365
209.612 210.753 212.429
209.550 211.023 212.586
209.205 210.588 213.678
209.524 210.437 212.397
209.910 210.735 211.503
209.776 209.925 210.212
209.379 209.802 210.358
209.777 210.686 212.571
209.407 210.642 211.517
209.691 210.738 212.394
209.543 212.056 219.407
209.711 210.104 210.965
209.582 210.842 213.535
209.429 211.294 212.922
209.981 210.192 210.704
209.894 210.771 211.826
209.866 211.459 212.899
209.309 209.971 210.348
209.661 210.780 212.711
209.299 210.394 211.514
209.523 210.975 212.765
210.166 211.472 212.705
209.683 211.505 213.554
209.544 210.331 211.568
209.203 209.720 210.271
209.617 211.322 212.430
209.316 210.384 212.010
209.908 210.587 212.142
209.556 210.341 211.626
209.379 210.583 212.640
209.582 210.202 212.527
209.362 209.962 210.317
209.724 211.128 213.630
209.705 212.851 217.555
209.696 210.255 211.586
209.344 210.943 212.923
209.753 212.027 213.773
209.559 209.826 210.402
210.288 212.668 215.793
209.639 210.372 212.112
209.419 209.650 210.074
209.558 210.469 212.813
209.456 209.900 210.936
209.712 210.265 211.127
209.761 210.404 212.410
209.521 210.862 212.514
210.147 211.381 212.809
209.987 210.845 212.274
209.562 210.326 211.368
209.542 211.225 212.513
209.467 210.933 211.714
209.676 210.673 212.307
209.876 210.397 212.113
209.321 210.257 212.660
210.267 211.850 213.641
209.272 209.779 210.338
210.164 211.693 213.032
209.669 211.880 212.965
209.414 210.726 212.451
209.663 210.907 213.560
209.562 210.485 212.553
209.197 209.654 210.283
209.288 209.995 211.560
209.473 210.593 211.938
209.448 210.821 211.987
209.639 210.984 212.563
209.788 210.788 212.017
209.753 211.055 212.362
209.546 211.709 212.967
209.646 210.786 212.492
209.774 211.371 212.679
210.164 211.393 212.191
209.307 210.007 211.163
209.653 210.428 211.759
209.385 210.202 212.061
209.820 210.812 212.116
209.689 210.410 212.009
210.032 213.181 221.881
209.524 210.516 212.233
209.440 210.385 212.681
209.580 210.403 211.595
209.570 210.937 212.699
209.541 210.128 210.814
209.487 211.696 213.267
209.852 210.238 210.619
209.528 211.493 212.606
209.599 210.836 213.759
209.934 210.841 211.557
209.679 213.417 220.705
209.911 211.378 212.575
209.395 210.405 212.735
209.675 210.455 212.203
209.783 211.151 212.414
209.628 210.165 210.519
210.046 210.912 212.174
209.681 211.178 213.463
209.250 210.236 211.852
209.391 211.209 212.492
209.804 210.749 212.584
210.090 211.724 212.761
209.376 210.984 212.185
209.494 210.328 211.716
209.607 210.481 211.879
209.693 210.746 213.407
209.507 211.068 212.862
209.818 211.186 212.688
209.568 210.603 212.684
209.359 211.031 212.847
209.451 210.130 210.997
209.670 210.573 212.643
209.380 209.900 210.775
209.372 209.868 211.045
209.847 210.750 211.660
209.531 210.015 210.433
209.674 211.687 213.523
209.473 210.077 212.032
209.686 210.013 210.191
209.465 210.175 211.066
209.635 210.488 211.644
209.747 210.655 213.139
209.323 210.668 212.303
209.538 210.677 211.975
209.276 211.324 212.887
209.415 210.866 212.416
209.986 211.354 212.586
209.468 210.746 212.903
209.969 211.583 212.630
209.745 210.411 212.037
209.793 210.900 212.381
209.281 209.817 210.230
209.680 210.508 211.188
209.425 210.928 213.096
209.182 210.462 212.630
210.265 211.556 212.326
209.465 210.412 212.576
209.742 210.805 212.683
210.089 210.949 212.649
209.353 210.275 212.838
209.430 210.973 212.597
209.688 210.298 211.163
210.049 211.343 212.436
210.160 211.182 212.353
209.526 210.934 213.135
209.800 211.670 213.548
209.263 210.944 213.514
209.668 210.859 212.539
209.974 211.489 212.786
209.743 210.989 212.337
209.275 212.138 220.655
209.544 213.309 222.435
209.525 209.973 211.101
209.491 211.095 213.744
209.637 210.223 212.233
209.429 209.731 210.200
209.269 210.348 212.658
209.795 211.686 213.630
209.780 210.790 212.705
209.538 210.350 211.870
209.754 210.750 211.795
209.663 211.121 212.394
209.623 211.434 212.698
209.534 210.395 213.122
209.517 210.328 212.937
209.377 210.384 212.796
209.354 210.730 212.515
209.373 210.549 212.836
209.905 210.897 212.383
209.480 209.896 210.334
209.684 210.783 212.519
209.539 210.387 212.571
210.009 210.529 212.326
209.390 211.035 213.148
209.516 210.971 213.872
209.396 211.106 213.587
209.609 210.823 212.311
210.567 211.800 212.782
209.246 209.865 210.836
209.431 211.048 212.793
209.865 210.674 212.952
209.735 210.574 213.099
209.519 210.262 211.140
209.739 210.548 212.288
210.243 211.810 212.746
209.742 210.344 212.242
210.342 211.862 212.581
209.540 211.191 212.920
209.829 212.019 213.880
209.552 210.194 210.967
209.748 210.336 211.864
210.136 211.313 212.534
209.641 210.091 210.444
209.672 210.641 212.721
209.998 211.012 212.626
209.392 211.439 212.930
209.166 209.947 210.473
209.813 210.382 212.263
209.805 211.264 212.417
209.377 210.919 212.087
209.597 210.943 213.479
209.433 211.147 212.521
209.375 210.443 212.804
210.534 211.898 212.597
209.995 211.346 212.853
209.549 210.274 212.022
209.537 210.253 212.128
209.436 212.004 213.547
209.679 211.114 212.859
209.525 210.898 212.923
209.543 209.875 210.450
209.737 210.853 212.879
210.244 211.027 211.875
209.863 211.146 214.153
209.534 210.376 212.082
210.897 211.827 212.485
209.659 210.665 212.556
209.984 211.034 212.845
209.650 210.410 212.293
209.797 210.551 211.777
209.928 212.345 213.870
212.142 213.530 217.490
210.727 211.139 211.608
209.658 209.904 210.530
209.927 211.381 212.892
210.024 211.116 213.372
209.852 211.256 213.877
208.617 209.654 211.393
209.781 210.082 211.103
209.537 211.630 212.428
209.424 210.238 211.707
210.011 210.955 212.629
209.423 210.334 212.310
209.596 210.988 212.753
209.915 210.936 212.792
209.603 210.158 210.586
209.426 210.656 212.428
209.355 210.789 212.972
209.217 210.405 212.880
209.921 211.722 214.202
210.050 212.924 219.153
210.150 211.384 212.972
209.530 210.703 212.346
209.689 210.584 211.986
209.613 211.190 212.455
209.830 211.454 212.927
209.321 210.022 211.304
209.798 210.033 210.418
209.865 210.800 212.050
209.500 210.899 212.750
210.159 211.796 213.708
209.784 211.204 212.768
209.364 210.583 212.702
209.862 211.571 212.660
209.416 210.056 210.597
210.336 212.066 213.096
210.934 212.673 215.506
209.423 210.904 212.762
209.921 210.980 212.789
209.461 210.216 210.833
209.734 211.138 212.800
209.145 210.415 213.709
209.607 211.149 212.115
209.777 210.519 211.845
210.282 211.260 212.066
209.841 210.994 212.857
209.824 210.525 213.020
209.487 210.274 212.380
210.504 212.779 217.273
209.859 211.746 213.175
209.382 210.487 212.430
209.848 211.122 213.728
209.740 210.499 212.276
209.673 210.313 210.956
209.353 209.776 210.075
209.089 210.619 212.515
209.404 211.320 213.215
209.439 210.235 212.435
209.676 212.096 213.034
209.436 210.764 213.842
209.211 210.184 212.658
209.790 210.753 212.539
209.806 210.628 212.942
209.424 209.961 210.731
209.878 210.328 210.954
209.465 210.455 212.183
209.491 210.517 211.501
209.804 210.767 212.802
210.057 211.542 212.232
209.305 210.986 213.033
209.769 210.045 210.296
209.717 213.356 222.473
209.710 210.473 212.403
209.791 210.580 211.706
209.570 210.214 211.130
209.600 210.840 212.815
209.673 210.488 212.542
209.435 210.323 211.479
209.922 210.485 211.456
210.033 211.985 214.418
209.375 209.714 209.896
209.926 211.026 212.788
209.628 209.902 210.428
209.653 210.309 211.807
209.116 209.648 210.039
210.035 211.694 212.548
209.732 210.937 212.578
209.939 210.735 212.260
0 0 0
210.175 210.175 210.175
0 0 0
209.356 210.560 212.512
209.817 211.738 213.130
238.698 240.709 242.720
222.939 227.823 233.189
209.448 220.963 246.952
209.843 210.931 212.426
211.344 214.310 218.954
212.204 215.700 219.980
210.133 220.737 234.429
209.653 215.708 230.929
209.586 210.713 211.854
209.741 210.973 212.413
209.691 213.239 215.866
211.842 213.226 215.329
209.394 211.045 212.448
210.857 211.700 212.566
209.997 211.630 216.050
210.199 211.706 212.858
216.353 220.394 222.752
0 0 0
210.554 213.657 217.423
210.474 211.054 212.035
209.723 210.614 212.389
214.289 228.030 238.944
209.551 222.666 234.646
209.651 214.073 226.525
209.927 215.260 230.256
0 0 0
210.025 210.291 210.558
209.929 214.824 227.466
0 0 0
0 0 0
210.193 212.445 216.470
209.655 210.985 212.599
209.825 210.818 212.883
209.985 210.944 211.717
210.332 210.666 211.270
210.127 211.019 212.915
210.234 211.313 212.820
209.694 210.746 212.850
209.401 210.440 212.245
209.488 210.088 211.528
209.689 210.425 211.065
209.469 209.794 210.298
209.486 209.823 210.079
209.546 210.092 210.645
209.493 210.058 210.576
209.624 210.913 212.124
209.733 212.342 220.841
209.795 211.411 212.644
209.537 210.665 212.233
209.976 210.648 212.792
209.676 210.594 212.309
209.405 210.577 213.807
209.437 209.844 210.166
209.484 209.723 209.955
210.190 212.419 213.777
210.228 211.068 212.575
209.678 210.507 212.649
209.646 211.129 212.624
209.775 211.487 213.600
209.713 210.915 212.530
209.629 213.349 216.164
209.775 210.306 210.914
210.003 213.887 222.507
210.130 211.226 213.601
209.929 211.725 213.994
209.787 211.423 212.348
209.773 211.260 212.714
209.507 211.249 216.031
209.887 211.160 213.076
209.680 210.733 212.221
209.277 211.683 212.947
209.791 211.089 213.255
209.634 210.465 212.475
209.689 210.805 212.208
252.218 253.501 255.262
252.078 253.415 254.774
252.190 254.020 255.235
209.427 210.434 212.089
209.796 210.935 212.360
209.972 211.790 213.736
209.800 211.634 214.895
209.272 209.563 209.846
209.510 211.842 213.847
209.992 211.883 213.894
209.732 211.632 213.155
209.560 209.986 211.072
209.790 210.351 211.053
210.086 211.512 212.780
209.451 209.741 210.259
209.508 210.923 212.724
209.994 211.914 213.596
209.753 209.928 210.126
211.066 211.940 212.548
209.861 212.715 220.027
209.409 209.965 210.655
210.207 211.717 212.621
210.223 210.977 212.259
209.423 210.311 211.791
209.636 211.363 212.513
210.134 210.910 211.573
210.161 211.052 211.831
209.582 210.618 213.782
211.612 214.058 221.205
209.903 211.364 212.708
209.307 209.857 210.337
209.428 211.104 212.707
210.373 211.743 212.690
209.282 210.295 211.502
209.370 209.924 210.602
212.479 221.274 227.124
209.963 212.392 216.142
209.565 211.552 213.211
209.840 210.516 211.723
209.659 211.520 212.859
209.497 210.809 212.829
