35.534 35.590 35.687
35.568 36.036 36.659
35.448 35.878 36.571
35.482 35.681 36.170
35.725 35.885 36.136
35.469 35.553 35.636
35.557 35.879 36.503
35.450 35.632 35.709
35.370 35.700 36.037
35.448 35.632 36.040
35.312 35.572 36.006
35.429 35.694 36.117
35.536 35.862 36.065
35.473 35.659 35.864
35.510 35.849 36.290
35.417 35.654 36.025
35.546 36.040 36.598
35.599 35.891 36.304
35.514 35.778 36.128
35.534 36.023 36.757
35.566 35.921 36.446
35.452 35.675 35.978
35.494 35.724 35.967
35.423 35.803 36.315
35.454 35.651 36.043
35.565 35.862 36.150
35.487 35.704 35.894
35.584 35.890 36.315
35.823 35.949 36.256
35.509 36.013 36.402
35.599 35.900 36.439
35.519 35.730 36.229
35.667 35.960 36.168
35.432 35.745 35.875
35.372 35.690 35.974
35.457 35.884 36.369
35.714 35.788 35.852
35.638 35.871 36.160
35.466 35.843 36.152
35.516 35.752 36.111
35.529 35.647 35.921
35.448 35.849 36.210
35.396 35.844 36.439
35.645 36.015 36.337
35.774 35.927 36.222
35.884 36.091 36.374
35.611 35.833 36.259
35.575 35.861 36.076
35.612 35.803 36.169
35.705 35.875 36.073
35.627 35.980 36.980
35.446 36.964 42.123
35.686 35.937 36.396
35.685 35.860 36.255
35.803 35.957 36.085
35.630 35.907 36.101
35.593 35.824 35.993
35.523 35.829 36.338
35.403 35.704 35.956
35.585 35.807 36.048
35.492 36.329 38.551
35.855 36.131 36.528
35.728 35.933 36.359
35.681 35.886 36.103
35.703 36.003 36.321
35.530 36.164 36.830
35.467 36.021 36.918
35.816 36.227 36.845
35.658 36.293 36.970
35.557 35.962 36.217
36.127 36.248 36.525
35.562 35.961 36.307
35.642 36.160 36.996
35.760 36.057 36.237
35.631 36.097 37.006
35.431 36.156 36.626
35.592 35.730 35.894
35.792 36.253 36.522
36.093 36.267 36.466
35.606 36.121 36.336
35.563 36.004 36.637
35.480 35.800 36.303
35.907 36.388 37.030
35.670 35.792 35.840
35.586 35.925 36.321
35.503 35.823 36.064
35.534 35.952 36.372
35.806 35.919 36.040
35.708 36.180 36.935
35.672 35.948 36.281
35.704 36.015 36.332
35.814 36.137 36.391
35.922 36.136 36.606
35.658 36.182 36.982
35.685 36.172 36.643
35.590 36.011 36.325
35.735 36.041 36.324
36.084 36.208 36.299
35.887 36.207 36.667
35.886 36.088 36.231
35.901 36.371 36.912
35.758 36.213 36.789
35.709 35.910 36.305
35.696 36.161 37.075
35.731 36.028 36.266
35.924 36.356 37.074
35.768 36.114 36.463
35.922 36.145 36.404
35.775 35.965 36.276
35.611 35.963 36.208
35.890 36.383 36.936
35.584 36.155 36.751
35.748 35.978 36.227
36.023 36.251 36.672
35.507 36.887 42.142
35.685 36.315 37.405
35.864 36.529 38.067
35.742 36.154 36.564
35.789 36.084 36.249
35.595 36.301 37.611
35.866 36.102 36.238
35.684 36.118 36.912
35.831 36.290 37.008
35.868 36.183 36.448
36.039 36.183 36.432
36.034 36.402 36.791
35.709 36.300 36.794
35.841 36.224 36.599
35.969 36.285 36.626
36.069 36.191 36.291
35.668 36.004 36.588
35.947 36.193 36.637
35.809 36.316 36.809
35.845 36.013 36.074
35.776 36.052 36.206
35.493 36.037 36.329
35.890 36.186 36.708
35.592 35.823 36.012
36.042 36.314 36.758
35.923 36.074 36.297
36.115 36.393 37.052
35.990 36.635 37.263
35.762 35.925 36.084
35.991 36.120 36.346
35.694 36.321 37.256
36.123 36.330 36.897
35.984 36.294 36.762
35.929 36.145 36.508
35.885 36.324 36.812
36.041 36.287 36.631
35.903 36.208 37.198
35.899 36.338 36.838
35.731 36.121 36.440
35.644 36.137 37.580
36.119 36.217 36.353
36.020 36.341 36.674
35.769 35.954 36.158
35.785 36.392 36.740
35.840 36.034 36.328
35.686 35.960 36.174
36.063 36.772 37.850
35.597 36.476 37.714
35.868 36.040 36.251
35.924 36.179 36.618
35.718 36.134 37.012
35.826 36.069 36.307
35.734 35.962 36.340
35.988 36.278 36.582
35.453 35.834 36.095
36.076 36.238 36.497
35.825 36.260 36.732
35.742 36.185 37.116
35.934 36.144 36.333
35.855 36.278 36.785
35.613 35.966 36.439
35.918 36.087 36.196
35.728 36.093 36.547
35.725 35.937 36.221
35.865 36.231 36.781
35.744 36.006 36.431
35.750 36.007 36.279
35.569 36.102 36.568
35.826 36.092 36.394
36.058 36.432 37.682
35.848 36.278 36.987
35.942 36.285 36.866
35.950 36.039 36.173
35.643 36.137 36.886
35.690 36.321 37.120
35.879 36.510 36.918
35.850 36.297 36.966
35.743 36.261 36.788
35.566 36.012 36.460
36.008 36.086 36.236
35.753 36.359 37.369
35.946 36.295 36.761
35.964 36.261 36.746
35.569 36.210 36.762
35.727 37.273 42.150
35.646 35.976 36.230
35.931 36.582 37.141
35.518 35.945 36.540
35.565 36.272 36.839
35.769 36.100 36.657
36.159 36.489 36.749
35.835 36.173 36.875
35.756 36.193 36.583
35.777 36.483 37.191
35.769 36.052 36.245
36.063 36.418 36.916
35.961 36.354 36.984
35.843 36.327 36.609
36.204 36.700 37.465
35.888 36.141 36.463
35.545 36.204 37.034
35.673 36.236 36.571
35.774 36.272 36.662
35.789 36.300 36.692
35.950 74.286 225.829
35.675 36.142 36.676
35.708 35.870 36.129
35.895 36.132 36.481
35.641 36.174 36.823
36.118 36.374 36.705
35.936 36.165 36.476
35.907 36.079 36.411
36.123 36.422 36.792
35.881 36.449 36.989
35.838 36.113 36.739
35.853 36.381 37.025
36.030 36.293 36.770
36.093 36.451 36.845
35.757 36.573 37.576
35.842 36.065 36.192
35.846 36.410 37.545
35.700 36.219 36.777
35.835 36.109 36.383
35.619 36.257 37.137
35.935 36.239 36.388
36.168 36.646 37.581
35.717 36.529 37.363
35.862 36.118 36.624
35.877 36.284 36.990
35.824 36.363 37.245
35.809 36.123 36.497
35.870 36.271 36.427
36.012 36.191 36.487
35.864 36.295 36.757
35.784 36.238 36.854
36.276 36.355 36.406
36.003 36.621 37.715
35.896 36.101 36.480
35.757 36.245 37.058
35.664 36.249 36.806
36.203 36.510 36.854
35.811 36.369 37.016
35.735 36.196 36.986
36.001 36.317 36.841
36.669 36.827 37.083
36.138 36.597 37.452
35.761 36.159 36.520
35.873 36.437 37.410
35.986 36.417 36.971
35.941 36.258 36.766
35.763 36.174 37.160
35.780 35.944 36.242
35.986 36.385 36.753
36.200 36.325 36.535
35.661 36.244 36.821
35.847 36.361 36.955
35.906 36.624 37.589
35.792 39.094 43.820
35.970 36.145 36.684
35.717 51.160 111.340
35.885 36.693 38.374
35.751 36.272 36.906
35.975 36.289 36.612
35.947 36.469 37.055
35.866 36.136 36.665
36.069 36.389 36.708
35.733 36.066 36.379
36.053 36.394 36.582
36.222 36.674 37.012
35.859 36.507 37.031
35.879 36.283 36.770
36.309 36.515 36.789
36.080 36.202 36.572
36.254 36.443 36.680
35.623 35.973 36.493
35.636 35.848 36.015
35.874 36.148 36.599
35.731 36.352 37.229
35.911 36.463 37.080
35.821 36.266 36.607
36.190 36.699 37.045
36.217 38.365 45.369
35.747 36.032 36.308
36.025 36.259 36.412
35.927 36.218 36.432
35.833 36.227 36.720
35.605 35.972 36.471
36.087 36.378 36.787
35.881 36.306 37.008
35.696 36.336 36.984
35.500 36.241 37.151
35.941 36.390 36.868
36.079 36.888 38.104
36.101 36.423 37.180
35.508 36.126 36.808
35.793 36.216 37.282
35.882 36.170 36.607
35.705 36.064 36.466
36.063 36.380 36.866
35.730 36.122 36.516
35.549 36.077 36.659
35.680 36.068 36.794
36.032 37.101 40.633
35.587 36.462 36.923
35.591 36.456 37.697
35.745 36.347 36.926
35.664 36.557 37.384
35.655 36.442 36.941
35.649 36.292 36.895
35.846 36.470 37.309
36.254 36.632 37.262
35.718 35.998 36.170
35.604 36.281 37.741
36.177 36.486 36.802
36.097 36.545 37.105
35.907 36.250 37.031
35.749 36.531 37.406
36.007 36.163 36.434
36.200 36.325 36.439
35.747 36.219 36.669
35.892 36.248 36.646
35.917 36.378 36.728
36.031 36.570 37.135
36.133 36.719 37.328
35.942 36.073 36.242
35.949 36.687 37.147
35.590 36.127 36.786
36.107 36.252 36.496
36.047 36.697 37.420
35.803 36.526 37.092
35.935 36.507 37.037
35.554 36.279 37.149
36.025 36.651 37.383
36.093 36.545 37.090
36.156 36.538 37.044
35.761 36.548 37.579
35.944 36.587 37.250
35.876 36.211 36.951
36.119 36.949 37.868
35.840 36.319 36.855
35.537 35.865 36.124
35.875 36.544 37.587
36.093 36.217 36.360
35.787 36.160 37.056
35.533 36.476 37.622
35.966 36.651 37.196
35.677 36.392 36.788
35.964 36.346 36.577
35.763 36.613 37.631
36.053 36.322 36.653
35.473 36.066 36.566
35.585 35.973 36.189
35.758 36.142 36.375
35.918 36.550 37.034
36.115 36.498 36.763
35.774 36.326 36.817
35.506 36.493 37.755
35.835 36.359 36.882
36.107 36.353 36.815
35.553 35.902 36.095
35.586 36.392 37.693
35.847 36.087 36.365
35.892 36.151 36.695
35.708 36.082 36.532
35.705 36.012 36.379
35.723 35.991 36.373
35.749 35.873 36.115
35.790 36.123 36.550
35.989 36.418 36.944
35.583 36.028 36.558
35.902 36.069 36.401
35.810 36.361 36.659
35.979 36.021 36.111
35.608 36.153 36.410
35.646 36.071 36.966
36.234 36.582 37.070
36.116 36.672 37.567
35.794 36.331 36.837
35.967 36.208 37.036
35.769 36.296 36.679
35.730 37.398 43.148
35.670 36.247 37.293
36.379 36.506 36.679
35.876 36.030 36.221
36.025 36.140 36.249
35.691 36.334 37.148
35.643 36.020 36.402
35.855 36.394 36.732
35.659 35.960 36.101
35.971 36.313 36.944
35.916 36.068 36.173
35.819 35.956 36.061
35.958 36.267 36.788
35.599 35.870 36.059
35.918 36.171 36.598
35.858 35.942 36.006
35.670 36.288 36.955
36.184 36.343 36.558
36.031 36.283 36.823
35.895 36.336 37.066
35.670 36.169 36.678
35.868 36.322 36.816
35.705 36.257 36.794
35.789 36.321 36.901
35.821 36.023 36.180
35.709 36.150 36.987
36.013 36.381 36.838
35.725 36.176 36.687
35.582 36.403 37.101
35.645 35.891 36.324
35.830 36.528 37.428
35.482 36.215 37.252
35.980 36.176 36.372
35.868 36.505 37.397
35.579 36.081 36.711
36.093 36.690 38.858
35.665 35.983 36.139
35.728 35.981 36.165
35.591 35.912 36.402
35.999 36.320 36.726
35.568 36.165 36.945
35.861 36.212 36.841
35.625 36.027 36.448
35.737 36.060 36.545
35.831 36.029 36.428
35.756 36.033 36.208
35.540 36.124 36.724
36.099 36.574 37.454
35.871 36.101 36.572
35.842 36.015 36.219
35.603 35.913 36.164
36.162 36.319 36.524
35.700 36.436 37.502
35.777 36.178 36.405
35.802 36.102 36.548
35.657 35.867 36.342
35.778 36.133 36.518
35.734 36.067 36.520
35.850 36.054 36.172
36.116 44.482 69.430
35.812 36.116 36.460
35.419 35.947 36.296
35.769 36.178 36.516
36.235 36.645 37.370
35.979 36.368 36.795
35.803 36.102 36.806
35.437 36.003 36.273
35.989 36.277 36.517
35.581 36.184 36.519
35.745 36.136 36.602
35.622 36.022 36.896
35.757 36.343 37.056
36.017 36.095 36.231
35.807 36.771 39.728
35.462 35.928 36.190
35.924 36.392 37.173
35.659 35.783 35.999
35.691 36.230 36.982
35.760 36.220 37.467
35.615 36.081 36.555
35.638 36.184 36.800
35.582 35.896 36.375
35.699 36.377 37.175
35.597 35.958 36.381
35.601 36.223 37.841
35.803 36.141 36.558
35.980 36.322 36.507
35.670 36.092 36.458
35.937 36.200 36.537
36.017 36.180 36.491
35.648 35.966 36.286
35.483 35.882 36.296
35.686 36.181 36.703
35.483 35.985 36.685
35.689 35.943 36.236
35.632 36.130 36.630
36.118 36.419 37.020
36.114 36.556 36.921
35.632 36.231 36.982
35.777 36.644 38.047
35.701 36.236 37.320
35.827 36.511 38.976
35.746 35.981 36.301
35.471 35.857 36.417
35.749 36.062 36.370
36.073 36.277 36.563
35.857 36.182 36.649
36.026 36.272 37.077
35.865 36.125 36.337
35.964 36.234 36.946
35.706 36.084 37.001
35.939 37.310 41.923
35.715 36.018 36.544
35.636 36.178 36.605
35.504 36.066 36.723
35.662 36.034 36.613
36.049 36.221 36.570
36.039 36.553 37.176
35.894 36.098 36.345
35.852 36.228 36.865
35.640 35.980 36.326
35.942 36.561 37.369
35.822 36.363 36.733
35.463 36.401 37.126
35.756 36.095 36.320
36.000 36.215 36.634
35.628 36.082 37.179
35.854 36.409 37.742
35.773 36.138 36.717
35.652 36.193 36.601
35.929 37.432 43.165
35.956 37.126 41.028
36.003 36.154 36.340
35.699 36.221 36.618
35.931 36.100 36.474
35.587 35.930 36.438
35.729 36.411 37.210
35.834 36.340 36.719
36.014 36.248 36.521
35.608 35.980 36.300
35.510 35.785 36.192
35.606 36.034 36.386
35.758 36.132 36.624
35.753 36.514 37.281
35.886 36.218 37.086
35.791 36.057 36.760
35.711 35.917 36.074
35.725 36.489 37.196
35.616 36.272 37.256
36.155 36.376 36.582
35.844 35.998 36.143
35.878 36.292 37.071
35.603 36.120 36.642
36.055 36.288 36.743
35.649 36.310 37.277
35.575 36.457 37.316
36.002 36.622 37.013
36.040 37.792 43.781
35.775 36.677 37.459
35.905 36.263 36.506
35.813 36.345 36.762
35.790 36.298 36.880
35.851 35.946 36.008
35.695 36.423 36.894
36.087 36.256 36.781
35.559 36.050 37.269
35.729 36.158 36.501
0 0 0
0 0 0
0 0 0
0 0 0
0 0 0
0 0 0
0 0 0
47.917 55.415 67.525
58.805 64.714 70.166
61.361 65.594 68.988
60.146 61.703 63.742
55.833 61.077 64.484
59.256 65.497 68.597
59.402 63.432 68.151
60.698 67.753 72.004
61.212 64.007 71.430
58.174 62.836 65.603
62.784 68.345 72.024
61.801 63.578 65.755
63.656 65.464 69.072
62.913 65.384 67.853
60.563 65.691 69.494
57.425 62.117 65.354
56.937 64.285 71.210
62.297 66.386 71.870
61.344 66.051 70.606
55.422 64.005 68.804
64.624 67.653 72.698
52.724 63.629 70.482
42.266 50.708 61.970
43.713 54.323 62.655
42.460 51.708 56.562
40.242 53.925 61.724
49.886 57.830 64.707
51.088 58.664 63.923
53.638 61.162 66.476
55.602 61.609 63.631
57.948 62.649 67.753
48.804 58.650 69.180
51.534 60.360 67.735
60.127 64.103 69.358
64.856 68.434 72.672
56.451 60.977 63.752
58.092 63.310 67.846
58.787 64.311 68.648
55.063 60.275 69.415
61.231 68.573 80.658
61.800 64.657 68.567
62.180 64.663 67.966
55.638 63.996 70.228
59.119 65.348 71.487
57.774 65.145 71.597
59.194 63.822 66.375
55.477 64.070 70.646
58.769 64.418 71.030
56.706 61.482 69.840
55.572 62.198 73.974
63.485 65.743 68.153
64.743 66.121 67.975
59.572 64.247 70.818
52.848 62.697 75.801
56.189 62.385 67.568
63.285 69.007 77.414
59.276 63.632 66.895
57.327 64.330 68.354
60.176 61.763 64.541
58.038 64.012 68.904
57.037 61.274 66.077
57.549 63.452 69.912
60.697 63.850 66.025
65.336 66.902 71.671
59.448 62.777 67.095
63.390 66.407 73.792
53.544 63.438 70.470
42.560 56.832 64.735
61.476 65.690 72.314
62.489 66.895 70.338
57.206 67.664 76.128
51.134 57.871 65.265
52.451 61.004 69.734
51.829 56.850 63.941
57.399 62.991 72.505
41.407 53.031 67.989
47.292 59.173 65.177
55.637 60.705 62.583
54.328 63.817 67.924
44.388 54.075 71.099
52.881 59.541 65.115
58.213 62.887 68.652
46.133 50.670 56.898
56.340 62.809 71.204
55.813 60.355 68.379
53.590 58.191 65.461
56.734 61.323 67.470
34.602 49.991 64.281
43.449 48.823 63.024
47.461 51.633 54.677
53.179 58.090 62.295
49.876 55.980 67.699
55.003 62.116 66.121
52.472 57.602 68.243
39.727 54.488 69.750
41.568 48.413 54.718
48.911 55.799 59.681
49.094 53.744 61.689
45.164 50.308 56.433
37.775 43.268 50.943
50.664 59.653 67.547
40.345 48.042 59.343
47.067 52.347 58.156
39.157 51.027 59.767
50.129 54.936 57.790
49.270 51.639 56.549
41.469 53.366 60.609
41.210 54.465 63.902
48.001 54.244 61.239
54.673 60.762 64.840
47.732 55.328 63.991
52.618 57.166 61.529
49.204 51.606 52.500
44.894 49.288 56.519
42.685 46.275 53.367
42.620 51.359 59.655
44.315 51.069 56.520
40.775 44.921 52.132
42.815 51.371 64.256
37.401 50.806 65.578
44.547 55.439 63.718
41.431 51.352 67.649
43.763 46.750 50.912
43.281 46.914 49.649
40.333 49.582 57.739
37.544 41.064 49.278
43.152 45.957 52.046
33.391 46.740 58.196
53.182 56.214 62.434
37.222 46.467 59.930
36.844 49.372 66.113
54.330 57.832 62.939
43.719 49.558 54.332
39.451 44.456 47.774
34.426 44.868 50.619
34.127 40.415 48.999
40.810 42.645 44.354
40.092 43.841 48.856
36.324 38.545 41.435
42.469 47.914 58.363
34.549 45.438 59.873
38.769 42.006 46.750
39.643 47.387 55.012
37.543 44.143 50.480
37.279 41.443 44.522
37.068 40.825 45.258
32.714 39.909 46.785
33.879 41.988 61.182
34.335 40.832 46.056
33.169 38.445 45.334
37.315 40.406 44.084
35.565 38.987 42.942
35.649 38.628 41.644
33.812 36.724 40.614
34.324 41.913 54.998
34.621 36.431 38.261
33.436 40.317 49.326
36.556 42.766 53.845
33.460 39.008 41.917
35.375 47.026 67.401
33.302 37.885 42.949
34.707 39.735 43.661
34.051 37.690 43.824
34.395 37.191 41.327
35.532 40.732 48.593
36.162 40.338 48.224
32.503 38.869 49.189
33.649 37.023 42.209
32.331 41.731 52.821
36.423 42.600 48.101
32.970 37.380 44.215
32.672 37.743 40.352
35.599 38.638 40.458
35.844 40.542 46.173
33.456 40.373 50.230
34.414 36.811 38.874
36.286 41.273 46.145
34.584 40.021 47.398
33.077 35.459 37.546
34.927 38.021 45.153
38.592 46.721 52.966
35.298 40.441 47.214
35.286 37.127 39.344
33.627 37.074 43.972
33.396 37.785 48.522
34.415 38.722 40.577
35.503 37.988 42.573
35.675 37.283 38.526
34.154 39.330 47.168
33.894 38.412 45.246
37.598 41.628 45.208
36.076 41.320 48.783
33.531 40.737 47.826
35.188 42.798 64.336
40.516 44.895 53.436
34.004 40.352 45.212
34.863 40.029 46.565
38.723 45.426 51.139
34.866 37.871 40.701
33.580 40.730 47.991
35.855 41.692 48.514
35.531 39.115 45.022
36.220 41.726 49.193
34.110 39.207 42.644
35.574 39.666 48.227
32.381 35.671 41.132
35.186 38.993 52.519
34.217 43.145 65.985
34.634 38.327 41.979
33.824 35.446 37.996
34.234 38.735 48.186
33.546 39.846 48.278
33.680 39.071 43.757
32.737 35.201 38.798
35.377 39.881 48.632
32.699 35.787 43.958
34.977 38.980 47.131
34.283 40.855 45.247
32.805 35.053 38.418
33.128 34.411 37.294
32.977 37.260 46.218
33.055 39.016 49.670
32.080 34.851 37.183
31.960 34.464 37.353
33.404 38.066 43.217
33.781 35.433 37.235
32.451 34.587 36.621
33.163 35.848 42.060
34.366 37.730 41.443
32.285 34.859 37.294
33.871 35.333 37.680
32.712 35.827 40.751
33.002 37.432 41.729
33.679 35.958 41.244
33.591 40.048 49.161
31.793 34.440 37.650
33.160 37.252 43.708
33.238 37.922 42.026
33.806 42.667 52.569
32.590 38.991 46.555
34.205 41.631 69.169
33.192 34.322 37.371
32.914 36.561 43.867
32.056 35.599 39.514
33.910 37.085 39.716
33.482 35.590 38.660
33.375 46.821 63.909
32.386 37.450 42.082
33.464 38.329 44.631
34.113 36.529 40.169
33.021 35.335 40.659
32.789 35.012 37.772
32.536 35.383 40.501
33.593 36.083 39.658
37.369 45.190 55.985
34.145 48.475 80.480
34.585 39.911 44.560
33.615 37.504 46.440
35.641 39.458 42.696
35.434 37.023 38.248
33.394 43.423 53.031
32.082 35.547 43.958
33.484 36.150 40.515
32.547 36.278 38.843
34.147 40.189 56.060
34.034 37.115 43.426
34.162 36.437 42.609
35.851 37.842 40.854
34.632 44.506 63.471
33.619 41.071 47.769
34.431 43.864 52.292
33.296 36.992 42.355
32.331 35.552 41.400
32.927 37.175 40.518
35.393 36.316 38.335
33.636 45.030 68.323
33.798 42.089 45.382
35.734 40.422 50.538
34.144 36.786 39.662
31.576 37.483 43.685
33.243 41.037 52.539
32.101 37.387 42.928
33.135 36.663 38.512
38.668 51.562 69.658
33.273 38.416 47.657
34.896 41.964 62.823
32.788 38.881 55.899
32.767 37.314 44.748
32.971 39.339 45.193
33.138 39.973 49.686
36.206 38.838 40.267
34.826 44.118 51.793
35.743 41.612 56.167
34.355 37.435 42.737
34.262 39.892 43.059
34.154 39.012 45.128
33.166 42.681 57.629
32.541 43.038 51.630
33.487 38.636 42.422
34.177 39.137 46.154
32.966 36.885 40.783
34.519 39.889 46.023
33.871 44.604 71.306
36.721 41.054 48.409
33.569 38.347 42.356
33.459 41.659 53.522
33.337 42.448 58.543
35.970 41.421 47.238
39.894 48.152 59.123
45.259 50.190 64.607
39.085 45.986 50.454
37.633 45.958 50.563
34.505 41.973 49.938
37.105 42.775 48.040
37.213 45.219 55.445
41.220 45.898 53.141
34.513 40.964 47.535
50.072 59.348 64.332
46.506 54.539 63.054
39.819 52.692 59.851
48.788 52.280 57.632
39.795 46.176 58.465
36.430 47.304 54.067
34.846 43.327 50.536
48.354 55.938 63.724
36.535 43.028 50.627
36.694 47.897 61.851
51.061 61.234 80.592
49.129 57.657 63.528
46.754 52.788 59.985
53.318 62.712 67.170
52.333 60.658 66.275
60.745 63.215 67.836
52.644 61.868 71.686
62.740 64.729 68.170
53.586 58.669 65.553
58.875 63.221 68.664
57.236 60.534 65.659
64.495 68.011 72.812
51.098 59.648 65.381
52.504 61.197 68.910
58.423 64.321 73.941
63.983 66.936 76.969
60.431 65.942 71.004
56.474 60.532 63.867
62.347 67.337 71.458
59.365 61.497 64.980
59.035 65.268 74.219
61.098 65.526 69.579
64.351 66.089 70.420
58.641 64.604 70.600
62.667 70.471 78.394
61.516 66.458 73.758
45.822 65.631 81.771
59.973 66.645 74.922
63.044 65.179 67.025
61.235 64.695 67.140
59.085 65.129 75.519
60.403 64.060 67.566
61.474 65.492 72.986
57.575 62.758 66.580
65.145 67.045 70.853
60.666 64.277 67.972
63.677 67.898 74.138
63.935 68.749 79.201
60.179 67.417 73.235
60.815 65.918 70.512
61.642 65.379 71.157
61.881 67.246 76.918
60.013 65.144 67.202
63.191 65.452 67.693
62.448 65.732 71.635
64.847 68.141 73.553
64.712 65.788 67.936
63.887 67.500 74.213
63.110 66.970 70.824
66.355 70.576 75.474
66.914 69.961 75.177
61.994 68.301 78.868
63.889 67.195 69.634
65.560 70.916 76.906
64.425 68.329 73.554
63.107 67.264 71.915
64.152 69.144 74.985
67.845 73.637 82.581
65.889 70.323 77.870
63.673 69.173 72.287
59.536 66.369 75.336
63.798 70.570 73.414
66.347 68.599 70.945
66.472 72.615 78.101
65.411 71.053 74.554
66.449 69.458 72.559
64.415 66.296 67.367
64.170 68.000 73.643
65.199 70.502 84.043
63.950 66.118 68.841
66.310 69.119 74.136
64.880 68.559 72.985
66.390 69.723 76.982
64.083 67.909 72.775
63.582 66.299 68.752
63.124 69.538 75.321
64.077 67.883 72.871
65.950 68.093 72.722
62.231 67.279 70.173
64.730 66.697 68.385
65.777 67.152 68.401
63.672 64.443 65.384
63.162 65.512 67.486
64.218 67.094 68.781
70.397 90.927 141.918
60.618 67.312 78.191
62.520 65.766 69.188
67.637 75.184 82.699
64.090 67.994 71.824
63.210 65.374 67.301
65.818 69.745 76.399
64.543 67.672 72.141
64.544 69.958 81.718
64.131 65.716 67.514
66.726 74.887 88.604
64.618 65.182 66.939
64.511 68.340 75.440
62.215 68.532 72.635
65.629 69.805 78.927
64.457 68.019 72.009
62.839 67.734 73.157
64.370 67.422 69.534
63.721 65.739 68.482
65.454 67.628 68.904
63.097 66.776 70.238
65.485 66.273 66.710
64.856 67.883 72.553
63.772 72.265 76.902
64.831 67.044 68.125
65.177 66.584 68.544
66.271 66.984 68.289
63.805 66.446 68.829
63.100 68.599 75.895
65.463 68.934 74.007
64.795 69.098 73.882
65.675 66.994 70.720
64.160 67.677 70.285
67.173 71.491 75.501
62.652 70.857 80.082
64.408 71.961 80.446
62.565 68.537 78.787
64.166 66.791 71.571
63.887 66.033 69.304
68.742 70.759 75.835
62.629 67.575 72.400
65.754 70.099 80.594
63.838 67.221 70.883
64.440 65.603 68.450
77.097 217.083 368.933
62.958 65.458 68.549
61.656 65.355 68.733
65.036 65.570 66.376
63.562 64.185 64.953
63.668 64.785 66.154
63.544 65.600 67.906
62.335 64.014 65.296
64.071 66.160 68.228
64.043 64.827 66.526
60.906 65.199 66.977
63.546 66.153 73.532
62.037 64.831 69.114
63.454 66.822 71.061
35.968 36.456 37.228
36.062 36.551 37.206
36.539 36.842 37.098
35.647 36.370 37.166
35.878 36.105 36.288
35.633 36.589 37.250
35.787 36.020 36.314
35.754 36.106 36.416
36.048 36.356 36.819
35.722 36.061 36.456
35.801 36.030 36.146
35.899 36.040 36.259
35.580 36.205 36.779
35.619 36.085 36.342
35.572 36.085 36.649
36.000 36.459 36.795
35.834 36.025 36.342
36.076 36.314 36.514
36.000 36.397 37.126
35.748 36.140 36.471
36.022 36.896 37.772
36.140 36.512 36.966
35.934 36.237 36.772
35.834 36.285 37.031
35.699 36.367 37.522
35.894 36.369 37.151
35.548 36.115 36.800
36.003 36.415 37.052
36.171 36.375 36.607
35.555 36.067 36.485
36.034 36.365 36.784
36.232 36.479 37.031
36.226 36.707 37.613
35.932 36.340 36.715
36.045 36.430 36.854
36.262 36.595 37.251
35.725 36.261 36.553
35.908 36.215 36.639
35.544 36.047 36.713
36.054 36.286 36.655
35.919 36.303 36.594
35.649 36.164 36.841
35.855 36.390 37.444
36.030 36.425 36.982
35.537 36.108 36.872
35.516 36.606 37.456
35.943 36.520 37.123
35.783 36.331 37.184
35.793 36.058 36.452
35.559 36.458 37.227
35.817 36.027 36.329
35.582 36.145 36.782
35.934 36.583 38.412
35.939 36.341 37.118
36.094 36.421 37.254
35.591 36.032 36.212
35.625 36.291 37.097
35.866 36.424 37.019
35.870 36.323 37.318
35.927 36.343 36.752
35.765 36.100 36.435
35.929 36.254 36.977
35.681 36.062 36.517
35.664 35.894 36.102
35.657 36.295 36.622
36.103 36.290 36.812
35.712 36.271 37.080
35.970 36.380 36.805
36.175 36.462 36.949
35.818 36.387 37.258
35.568 35.929 36.205
35.849 36.222 36.602
36.154 36.510 37.032
36.175 37.103 38.912
36.224 36.653 37.137
35.970 36.304 36.912
35.976 36.535 37.166
35.713 36.440 37.639
35.830 36.118 36.758
36.013 36.316 36.743
35.755 36.280 37.327
35.828 36.419 36.901
35.903 36.403 36.846
35.764 35.933 36.167
35.948 36.500 36.888
35.724 36.014 36.266
35.769 36.124 36.380
36.355 36.668 37.272
35.863 36.190 36.615
35.769 36.265 36.616
35.937 36.247 36.793
35.750 36.022 36.750
35.707 36.173 36.399
35.745 36.196 36.682
35.996 36.539 37.699
35.485 36.323 36.734
36.046 36.786 37.812
35.642 35.946 36.327
36.104 36.439 36.827
35.641 36.233 37.088
35.893 36.279 36.962
35.658 36.189 36.773
35.762 36.480 37.394
35.758 36.073 36.509
35.920 36.029 36.161
36.001 36.609 37.686
35.869 36.007 36.252
35.945 36.171 36.424
35.911 36.376 37.476
35.711 36.054 36.470
35.785 36.327 36.741
35.782 36.149 36.664
35.645 36.063 36.346
36.108 36.545 37.207
35.865 36.291 36.737
35.893 36.232 36.448
35.943 36.110 36.175
36.090 36.328 36.884
35.818 36.009 36.173
36.051 36.437 36.731
35.879 36.579 37.417
35.844 36.192 36.853
36.315 36.487 36.936
35.998 36.364 36.923
36.084 36.468 37.220
35.880 36.158 36.472
35.838 36.321 36.935
35.753 36.191 36.731
35.989 36.428 37.364
35.529 36.419 36.832
35.818 36.184 36.628
35.720 36.098 36.469
35.560 38.403 47.430
35.858 36.350 37.428
36.069 36.302 36.549
35.940 36.293 36.780
35.998 36.206 36.739
35.744 36.207 36.876
36.065 36.416 36.962
35.773 36.076 36.451
35.831 36.187 36.457
35.990 36.376 36.774
35.887 36.430 37.079
36.026 36.444 37.726
35.609 36.112 36.351
35.741 36.105 36.576
35.683 35.943 36.265
35.877 36.341 36.874
35.876 36.069 36.287
35.883 36.282 36.579
36.192 36.587 37.235
35.765 36.063 36.450
35.792 36.129 36.465
36.117 36.321 36.539
35.898 36.196 36.611
35.911 36.248 36.782
35.907 36.177 36.431
35.381 36.191 36.808
35.671 36.474 37.982
35.875 36.258 36.788
36.005 36.562 36.961
35.933 36.315 36.652
35.720 36.114 36.525
35.805 36.089 36.555
35.982 36.323 36.898
35.524 36.388 37.100
35.959 36.300 36.575
35.712 36.193 36.544
35.807 36.136 36.795
35.882 36.239 36.629
35.480 35.963 36.299
35.918 36.046 36.310
35.931 36.267 36.575
35.459 36.399 36.915
35.624 36.008 36.679
35.742 36.061 36.232
35.823 36.809 38.234
35.772 36.010 36.215
35.940 36.317 36.629
35.722 35.983 36.355
35.810 36.236 36.807
36.094 36.362 37.189
35.816 36.114 36.503
35.655 36.034 36.330
35.801 36.409 37.129
35.919 36.004 36.227
35.625 36.051 36.467
35.925 36.239 36.674
35.924 36.437 36.959
35.598 36.389 37.838
35.807 36.074 36.489
35.660 53.327 122.119
36.038 36.253 36.533
35.931 36.206 36.401
35.850 36.338 37.025
35.879 35.975 36.119
35.859 36.087 36.593
35.508 36.254 36.816
35.544 36.114 36.908
35.748 35.978 36.143
35.605 35.867 36.226
35.984 36.234 36.638
35.664 35.995 36.220
35.669 36.205 36.468
35.939 36.432 37.046
36.044 36.173 36.303
35.757 36.176 36.536
35.727 35.967 36.120
35.777 36.359 37.320
35.754 36.013 36.350
35.741 35.903 36.067
35.671 36.030 36.341
36.015 36.253 36.652
36.007 36.243 36.420
36.067 36.329 36.697
35.623 36.010 36.369
36.059 36.361 36.804
36.015 36.254 36.818
35.483 35.973 36.695
35.785 36.377 37.817
35.807 35.997 36.351
35.600 36.202 36.617
35.862 36.366 36.968
35.917 35.972 36.050
35.633 36.065 36.533
35.831 36.220 36.517
35.823 36.280 36.754
35.882 36.142 36.514
35.717 36.328 36.800
35.910 36.243 36.738
36.084 36.160 36.216
35.660 36.004 36.520
36.236 36.422 37.115
35.792 36.293 37.046
35.763 36.138 36.569
35.738 36.096 36.629
35.739 36.226 37.037
36.035 36.157 36.363
35.736 36.094 36.286
35.762 36.376 37.517
35.749 36.030 36.236
35.826 36.168 36.965
35.807 36.021 36.234
35.792 35.964 36.168
35.552 35.976 36.267
36.007 36.200 36.635
35.729 36.182 36.720
36.049 36.302 36.492
35.861 36.051 36.224
35.955 36.072 36.168
35.932 36.228 36.620
35.854 36.205 36.424
35.791 35.972 36.184
35.836 35.965 36.037
35.497 36.035 36.488
35.962 36.262 37.084
35.992 36.192 36.546
35.571 35.943 36.518
35.906 36.243 37.001
35.763 36.102 36.393
35.697 36.252 37.507
35.809 36.136 36.703
36.032 36.189 36.383
35.940 36.251 36.757
35.975 36.314 36.717
35.780 36.199 36.789
35.762 36.176 36.755
35.921 36.267 37.607
35.600 36.020 36.552
35.552 36.257 37.083
35.876 36.320 36.966
35.657 36.047 36.360
35.810 36.133 36.525
35.898 36.030 36.393
35.883 36.125 36.372
35.904 36.118 36.325
35.821 36.060 36.458
35.867 36.130 36.565
35.755 36.266 36.743
35.979 36.575 37.524
36.161 36.428 36.605
35.912 36.162 36.437
35.701 35.997 36.529
35.887 36.177 36.665
35.907 36.349 37.140
35.711 36.060 36.365
35.782 36.028 36.331
35.718 36.006 36.178
35.636 36.159 36.666
35.704 36.289 37.127
36.102 36.510 37.080
35.768 36.164 36.860
35.768 35.856 35.935
35.679 36.010 36.204
35.870 36.348 37.328
35.995 36.384 36.717
35.873 36.375 36.900
35.598 36.190 37.527
36.189 36.362 36.698
35.822 36.314 37.496
35.965 36.487 37.305
36.066 36.273 36.758
36.006 36.262 36.716
35.696 36.384 36.941
35.706 36.371 37.068
35.533 35.933 36.412
35.687 36.241 36.758
35.930 36.220 36.662
35.645 36.245 36.787
35.903 36.226 36.548
35.938 36.275 36.695
35.791 36.490 37.329
35.969 36.509 37.445
35.814 36.165 36.626
36.171 36.464 36.600
35.951 36.125 36.456
36.108 36.219 36.354
35.952 36.417 36.996
35.733 36.143 37.107
36.025 36.531 37.589
35.910 36.332 36.944
36.018 36.525 37.411
35.982 36.599 37.071
36.005 36.737 37.931
35.916 36.458 37.267
35.691 36.351 36.976
35.578 36.097 36.466
36.086 36.393 36.933
36.052 36.139 36.219
35.748 36.158 36.484
36.125 36.357 36.947
35.512 36.252 36.708
35.925 36.583 37.185
35.799 36.378 37.236
35.926 36.127 36.670
35.853 36.284 36.695
35.764 36.116 36.289
35.478 36.145 37.470
35.543 36.381 36.969
35.757 36.113 36.503
35.615 36.837 39.847
35.685 36.480 36.813
35.590 36.151 36.720
36.212 38.963 48.556
36.246 36.380 36.553
35.765 36.057 36.385
36.019 36.430 36.980
35.887 36.452 36.820
35.791 36.245 36.747
35.879 36.222 36.603
35.953 36.398 36.637
36.003 36.474 36.830
35.689 36.412 37.028
36.222 36.341 36.602
35.821 36.379 37.011
36.023 36.837 38.151
35.767 36.190 36.473
35.698 35.975 36.487
35.922 36.689 37.366
35.852 36.240 36.904
35.853 36.255 36.447
35.716 36.070 36.890
36.179 36.491 36.815
35.847 36.067 36.432
36.112 36.345 37.031
35.625 36.133 37.032
36.071 36.280 36.479
35.552 36.522 37.227
35.609 36.299 37.261
35.826 36.436 37.043
35.727 36.271 36.923
36.030 36.767 38.197
35.683 36.241 37.015
35.610 36.442 37.927
35.792 36.178 36.792
35.669 36.392 38.623
35.940 36.294 36.540
35.974 36.225 36.685
35.632 36.014 36.353
35.769 36.396 36.772
35.723 36.272 36.718
35.836 36.363 36.837
35.825 36.391 37.015
35.868 36.267 36.646
35.709 36.070 36.359
35.779 36.536 38.228
35.617 35.952 36.778
36.199 36.489 36.938
35.848 36.398 36.936
35.498 36.202 36.670
35.576 35.973 36.436
35.753 36.176 36.869
35.743 36.102 36.619
35.832 35.997 36.188
35.716 36.232 36.864
36.243 36.453 36.767
35.710 36.093 36.654
35.783 35.979 36.162
35.774 36.125 36.548
35.935 36.182 36.483
35.785 36.498 37.083
35.762 36.234 36.858
35.554 36.215 36.701
35.760 36.140 36.767
35.440 35.814 36.151
35.696 35.928 36.429
35.453 35.748 35.986
35.788 36.050 36.264
35.610 36.215 36.940
35.729 36.313 37.100
35.856 36.204 37.203
35.559 36.110 37.152
35.482 35.812 36.610
35.833 36.080 36.456
35.801 36.197 36.675
35.598 35.829 36.073
35.488 35.881 36.305
35.883 36.276 36.657
35.911 36.240 36.900
35.635 35.802 35.993
35.810 36.232 37.311
35.698 36.091 36.746
35.875 35.997 36.191
35.573 35.854 36.044
35.443 35.864 36.183
35.643 35.939 36.541
35.931 36.482 37.012
35.470 35.903 36.565
35.579 35.933 36.581
35.985 36.152 36.324
35.697 36.033 36.315
35.680 36.149 37.025
35.617 35.938 36.077
35.888 36.148 36.428
35.476 35.681 36.153
35.790 35.993 36.294
35.536 35.836 36.183
35.545 35.871 36.663
35.533 35.802 36.168
35.793 35.876 35.952
35.453 35.853 36.025
35.554 35.850 36.343
35.390 71.362 194.161
35.642 36.044 36.196
35.470 36.023 36.713
35.466 35.920 36.297
35.384 35.897 36.486
35.413 35.826 36.305
35.464 35.595 35.843
35.852 36.143 36.441
35.882 36.134 36.536
35.537 35.886 36.540
35.572 36.074 36.890
35.476 35.866 36.330
35.476 35.600 35.819
35.736 36.172 36.463
35.577 36.419 38.216
35.975 36.128 36.322
35.595 35.935 36.166
35.494 35.842 36.235
35.861 36.015 36.151
35.569 35.880 36.028
35.598 36.175 37.173
35.718 35.955 36.167
35.509 35.869 36.322
35.890 36.308 36.944
35.666 35.839 35.999
35.541 35.849 36.186
35.558 35.901 36.714
35.592 36.092 37.110
35.693 36.236 37.257
35.450 35.661 36.008
35.586 36.367 37.287
35.451 35.635 35.764
35.604 35.810 36.109
35.444 35.683 36.003
35.524 35.816 36.368
35.446 35.635 35.996
35.543 35.777 35.951
35.480 35.752 36.277
35.545 36.177 36.568
35.513 36.320 37.992
35.497 35.876 36.929
35.485 35.954 36.388
35.534 36.010 37.001
35.422 35.778 36.165
35.559 35.633 35.732
35.487 35.981 37.042
35.781 35.946 36.185
35.447 35.721 36.232
35.523 35.749 35.929
35.693 35.877 36.315
35.547 35.736 36.030
35.781 36.107 36.527
35.658 35.783 35.926
35.674 35.866 36.444
35.665 35.932 36.070
35.561 36.161 37.509
35.494 36.038 36.599
35.413 35.808 35.980
35.742 35.923 36.159
35.479 35.843 36.547
35.565 35.786 35.988
35.466 35.851 36.087
35.583 35.794 35.910
35.440 35.638 35.894
35.740 36.171 36.889
35.487 35.589 35.719
35.909 36.109 36.476
35.442 35.714 36.112
35.636 36.230 37.787
35.454 35.703 36.223
35.555 35.976 37.476
35.716 36.085 36.494
35.534 35.697 36.069
35.478 35.908 36.403
35.454 35.695 35.914
35.481 35.612 35.708
35.676 35.991 36.417
35.682 35.816 35.894
35.564 35.684 35.749
35.589 35.920 36.208
35.628 35.784 35.943
35.542 35.881 36.297
35.515 35.611 35.758
35.471 35.800 36.626
35.484 35.719 36.204
35.549 35.897 36.418
35.583 35.742 36.140
35.473 35.834 36.294
35.586 35.810 36.078
35.709 35.985 36.136
35.462 35.670 36.141
35.386 35.834 36.012
35.393 35.648 35.985
35.544 35.813 36.048
35.414 35.632 36.098
35.476 35.641 35.810
35.483 35.819 36.313
35.489 35.778 36.051
35.476 35.764 36.211
35.343 35.685 36.302
35.591 35.756 35.913
35.595 35.870 36.262
35.595 37.466 44.370
35.502 37.210 43.018
35.700 35.765 35.911
35.414 35.753 36.104
35.459 35.640 35.844
35.512 35.695 35.961
35.511 35.577 35.719
35.421 35.648 35.873
35.503 35.956 36.301
35.542 35.683 35.876
35.661 35.874 36.163
35.432 35.581 35.886
35.425 35.704 35.986
35.444 35.620 35.979
35.570 35.798 36.096
35.462 35.711 36.383
35.373 35.546 35.768
35.380 35.727 36.096
35.493 35.860 36.469
35.429 35.695 36.040
35.401 35.641 36.185
35.491 35.757 36.074
35.639 35.818 36.146
35.517 35.626 35.857
35.539 35.818 35.970
35.570 35.819 36.036
35.626 35.908 36.481
35.382 35.753 36.146
35.527 35.834 36.179
35.439 35.576 35.653
35.567 35.672 35.833
35.548 35.904 36.787
35.611 35.805 36.078
35.488 35.765 36.172
35.539 35.851 36.603
35.499 35.594 35.675
35.507 36.121 37.833
35.537 35.826 36.145
35.446 35.715 36.138
35.412 35.626 35.978
35.399 35.752 36.125
35.431 35.592 36.011
35.589 35.769 36.023
35.615 35.936 36.257
35.421 35.671 35.920
35.434 36.552 40.626
35.413 35.732 36.015
35.465 35.546 35.740
35.516 35.764 36.052
35.453 35.780 36.591
35.505 35.744 36.270
35.518 35.648 35.845
35.451 35.649 35.923
35.522 35.913 37.110
35.464 35.765 36.300
35.378 35.821 36.334
35.470 35.648 35.855
35.509 36.097 37.348
35.428 35.529 35.672
35.480 35.881 36.225
35.444 35.698 36.060
35.535 35.836 36.145
35.482 35.697 35.875
35.410 36.584 40.671
35.544 35.896 36.525
35.427 35.735 36.021
35.475 35.732 35.976
35.465 35.651 35.798
35.535 35.634 35.818
35.316 35.669 36.190
35.409 35.602 35.848
35.422 35.774 36.152
35.573 35.831 36.098
35.331 35.785 36.846
35.445 35.693 36.183
35.517 35.860 36.304
35.468 35.955 36.627
35.479 35.934 36.614
35.554 35.660 35.846
35.547 35.815 36.052
35.387 35.523 35.693
35.375 35.969 36.893
35.551 35.747 36.004
35.468 35.643 35.859
35.460 35.688 35.975
35.531 35.868 36.291
35.561 35.997 36.701
35.359 35.814 37.029
35.413 35.707 36.140
35.471 35.637 35.757
35.523 35.729 35.828
35.484 35.763 35.998
35.570 35.775 35.986
35.722 35.919 36.163
35.539 35.958 36.449
35.482 35.632 35.823
35.753 36.076 36.315
35.586 36.006 36.437
35.605 35.823 36.258
35.731 35.929 36.160
35.526 35.937 36.276
35.560 35.708 36.030
35.586 35.977 36.350
35.476 35.691 35.835
35.533 35.900 36.126
35.428 36.010 36.986
35.490 35.745 36.050
35.474 35.676 36.124
35.509 35.816 36.246
35.533 35.810 36.286
35.318 35.698 36.109
35.937 36.079 36.258
35.589 35.904 36.188
35.497 35.758 35.953
35.792 36.061 36.564
36.014 36.483 38.086
35.506 35.769 35.959
35.729 35.923 36.092
35.625 35.701 35.770
35.586 35.914 36.211
35.590 35.901 36.695
35.685 35.949 36.206
35.647 35.917 36.194
35.991 36.305 37.396
35.458 35.817 36.094
35.633 35.935 36.335
35.572 35.811 36.344
35.592 36.021 36.979
35.686 36.035 36.834
35.616 35.885 36.099
35.400 35.791 36.402
35.685 35.942 36.480
35.592 36.014 36.320
35.824 35.936 36.053
35.564 35.981 36.616
35.622 35.860 36.074
35.550 35.914 36.192
35.614 35.829 36.072
35.918 36.219 36.408
35.536 35.979 36.383
35.668 36.061 36.513
35.620 36.154 37.369
35.924 36.179 36.814
35.823 36.077 36.798
35.853 36.179 36.923
35.561 36.124 36.797
35.719 36.242 36.837
35.484 35.781 36.131
35.927 36.181 36.720
35.871 36.237 36.794
35.694 35.861 35.971
35.659 35.985 36.806
35.800 36.224 36.780
35.629 35.885 36.081
35.954 36.127 36.376
35.694 36.242 36.451
35.467 35.764 35.996
35.825 36.327 36.885
35.814 36.028 36.202
35.878 36.328 36.867
35.618 35.889 36.136
35.542 35.996 36.431
35.610 35.847 36.175
35.633 36.112 36.325
35.539 36.135 36.468
35.869 35.934 35.993
35.696 36.062 36.355
36.053 36.412 36.998
35.594 35.988 36.319
35.786 36.069 36.238
35.897 36.166 36.426
35.838 36.408 36.801
35.689 36.140 36.723
35.763 35.943 36.471
35.811 36.064 36.281
35.687 36.002 36.286
35.770 36.327 36.560
35.797 36.086 36.298
35.408 36.060 36.965
35.865 36.041 36.232
35.657 36.591 37.615
35.796 35.977 36.300
35.971 36.163 36.515
35.601 36.723 37.322
35.720 36.228 36.962
35.923 36.139 36.362
35.725 36.370 37.292
36.058 36.590 36.924
35.865 36.154 36.637
35.932 36.407 37.097
35.650 36.140 36.763
35.869 36.093 36.441
35.699 36.356 36.912
36.162 36.502 37.263
35.840 36.221 36.974
35.898 36.213 36.568
35.872 36.470 37.134
35.557 35.910 36.050
35.883 36.348 36.705
35.539 35.827 36.290
35.839 37.133 39.272
35.852 36.082 36.582
35.906 35.978 36.058
36.105 36.356 36.938
35.947 36.255 36.864
35.569 35.911 36.288
35.717 36.092 36.562
35.544 35.833 36.187
35.659 36.227 36.756
35.700 35.930 36.472
35.508 36.073 36.825
36.031 36.172 36.412
35.868 36.154 36.373
35.762 35.996 36.259
35.904 36.213 36.512
35.896 36.331 37.160
35.563 36.061 36.940
35.685 36.139 36.818
35.717 35.897 36.082
35.770 36.062 36.249
35.786 36.159 36.491
35.650 36.028 36.284
35.597 38.080 46.648
35.488 36.079 37.063
35.725 36.087 36.365
35.803 36.058 36.441
35.534 36.002 36.497
35.649 35.895 36.292
35.721 36.088 36.591
35.824 36.003 36.109
35.756 36.381 37.453
35.699 37.181 41.319
35.841 36.160 36.470
35.759 36.016 36.249
36.025 36.137 36.293
35.818 36.319 36.640
35.904 36.344 37.225
35.602 35.871 36.078
35.784 36.600 37.178
35.862 36.233 36.654
35.701 36.043 36.541
35.733 36.024 36.531
36.053 36.315 37.002
35.514 36.125 37.362
35.578 36.028 36.783
35.774 36.187 36.418
35.714 36.003 36.382
35.776 36.177 36.460
35.564 35.897 36.493
35.599 35.860 36.162
35.917 36.262 36.918
36.120 38.167 46.084
35.694 36.111 36.714
35.909 36.493 37.596
35.488 36.022 36.652
35.808 36.408 36.919
35.728 35.902 36.239
35.877 36.131 36.664
35.725 36.625 37.388
35.675 36.245 36.757
35.737 36.241 36.668
36.134 36.594 37.639
35.727 36.242 36.427
35.661 36.085 37.273
35.856 36.206 36.756
35.691 51.682 114.191
36.025 36.172 36.384
35.934 36.020 36.163
35.802 36.208 36.608
35.744 36.212 36.560
35.836 36.089 36.446
36.203 36.549 37.056
35.789 36.098 36.505
35.500 35.955 36.931
35.902 36.547 37.432
35.723 36.218 36.508
35.741 36.003 36.230
35.864 36.000 36.128
35.705 36.165 36.501
35.912 36.364 37.046
35.940 36.211 37.202
35.634 36.151 36.759
35.700 35.869 36.119
35.643 36.093 36.588
35.796 36.116 36.786
35.747 36.377 37.548
35.693 36.282 37.043
35.871 36.112 36.428
35.806 36.024 36.285
35.911 36.617 37.519
36.032 36.255 36.851
35.801 36.132 36.772
35.448 36.108 36.798
35.821 36.111 36.668
35.979 36.193 36.604
35.633 35.946 36.810
35.954 36.308 36.816
35.730 36.359 36.995
35.570 36.132 36.596
35.592 35.839 36.031
36.049 62.199 165.362
36.015 36.363 37.189
35.905 36.077 36.164
35.495 36.321 37.269
35.907 36.136 36.498
35.808 35.991 36.278
35.838 36.240 36.624
35.549 35.878 36.508
35.688 36.026 36.475
35.722 36.069 36.428
35.907 36.256 36.698
35.674 36.131 36.881
35.828 36.212 36.851
36.040 36.335 36.594
35.552 36.029 36.541
35.674 36.210 36.749
35.894 36.191 36.672
35.701 36.033 36.473
35.839 36.079 36.253
35.898 36.417 37.146
36.158 36.332 36.415
35.668 36.185 36.544
35.769 36.599 37.369
35.652 36.178 36.713
35.742 36.226 36.786
35.642 36.174 36.824
35.862 36.155 36.495
36.055 36.416 36.821
35.958 36.132 36.395
35.690 36.074 36.615
36.018 36.644 38.771
35.877 36.247 36.685
35.749 36.089 36.354
35.780 36.353 37.030
36.230 36.972 39.374
35.845 36.200 36.799
35.716 36.163 36.329
35.727 35.865 35.952
35.931 36.183 36.837
35.704 36.273 37.170
35.545 36.213 36.680
35.895 36.126 36.359
35.958 36.461 36.990
35.921 36.568 37.529
35.813 36.195 36.479
35.498 35.935 36.403
35.949 36.378 36.777
36.106 36.452 37.220
36.134 36.205 36.318
35.627 36.140 37.261
35.983 36.391 36.935
35.835 36.318 36.880
36.216 36.806 37.154
35.754 35.986 36.126
35.864 36.196 36.708
35.808 36.382 37.718
35.990 36.408 36.632
36.090 36.340 36.600
35.710 36.374 37.318
35.617 36.183 36.755
35.950 36.082 36.430
35.767 36.416 37.342
35.715 36.458 37.203
35.985 36.355 36.718
35.723 35.955 36.204
35.630 36.024 36.332
35.664 35.901 36.192
36.114 36.791 37.435
35.694 36.045 36.370
35.753 36.258 36.781
35.636 36.109 36.363
35.698 36.043 36.673
35.921 36.083 36.381
36.053 36.631 37.583
35.944 36.554 37.220
35.648 36.031 36.395
35.820 36.119 36.503
35.709 36.273 36.925
36.029 36.232 36.446
35.896 36.316 36.758
35.744 36.121 37.180
36.334 36.878 38.089
36.080 36.504 37.179
35.732 36.340 36.917
35.962 36.299 36.692
35.637 36.527 37.186
35.628 36.006 36.291
36.034 36.204 36.469
36.095 36.474 37.122
35.908 36.068 36.247
35.905 36.276 37.354
35.743 36.204 37.385
36.005 36.392 36.994
35.660 36.142 36.608
36.272 36.564 37.120
35.865 36.181 36.411
35.699 36.217 36.688
35.863 36.046 36.190
35.994 36.233 36.486
35.846 36.147 36.768
35.871 36.368 37.103
35.941 36.244 36.996
35.659 35.962 36.264
35.814 36.299 36.763
35.563 36.142 36.463
35.708 36.323 37.323
35.823 36.311 36.957
35.781 36.167 36.530
35.707 36.212 37.215
35.850 36.431 37.685
35.916 36.055 36.341
35.710 36.413 36.995
35.687 36.199 37.000
35.685 36.438 37.238
35.982 36.180 36.433
36.082 36.583 37.344
35.580 35.792 36.103
35.669 35.875 36.096
35.612 36.120 36.757
35.926 36.370 36.938
35.737 36.041 36.500
35.662 36.004 36.284
35.745 36.313 36.797
35.893 36.129 36.365
35.946 36.084 36.419
35.702 35.964 36.177
35.874 36.055 36.339
35.666 35.926 36.313
35.502 35.898 36.285
35.918 36.234 36.598
35.967 36.114 36.282
35.972 36.203 36.619
35.902 36.382 37.477
35.843 36.748 37.701
35.556 36.082 36.561
35.525 36.047 36.449
35.804 36.320 37.201
35.818 36.281 36.647
35.859 36.418 37.026
35.745 35.946 36.353
36.099 36.239 36.464
35.818 36.043 36.504
35.873 36.059 36.232
35.908 36.470 37.153
35.597 35.922 36.392
35.739 36.010 36.574
35.490 35.729 36.017
35.651 36.161 37.027
35.479 35.920 36.441
36.019 36.247 36.796
35.603 35.996 36.678
35.884 36.360 37.378
35.892 36.137 36.409
35.755 36.329 36.851
35.621 35.906 36.438
35.652 35.938 36.248
35.557 36.281 36.813
35.509 36.189 37.618
35.675 35.964 36.115
35.460 35.743 36.000
35.660 35.948 36.118
35.862 36.338 36.990
35.774 36.111 36.830
35.519 35.976 36.255
35.761 36.289 37.456
35.811 36.155 36.447
35.784 36.006 36.136
35.801 35.997 36.491
36.152 36.449 37.002
35.683 36.085 36.525
35.546 35.965 36.544
35.524 35.906 36.443
35.890 35.934 35.990
36.031 36.152 36.351
35.625 36.152 36.800
35.606 35.808 36.135
35.360 36.461 37.275
35.672 36.211 36.671
35.846 35.989 36.344
35.853 36.193 36.917
35.565 35.857 36.106
35.470 35.855 36.468
35.646 36.075 36.501
35.624 36.048 36.426
35.654 35.915 36.124
35.723 36.050 36.340
35.510 35.969 36.219
35.650 36.034 36.273
35.874 36.143 36.589
35.779 36.138 37.297
35.548 35.987 37.091
35.568 35.915 36.023
35.853 36.068 36.642
35.557 35.992 36.175
35.624 35.857 36.316
35.614 36.044 36.414
36.036 36.194 36.311
35.613 35.852 36.351
35.435 35.917 36.448
35.871 36.266 37.005
35.953 36.078 36.238
35.825 36.138 36.747
35.711 36.001 36.216
35.764 35.945 36.224
35.732 36.378 37.590
35.819 36.250 37.119
35.555 35.879 36.415
35.595 36.155 36.754
35.756 35.987 36.190
35.597 35.808 36.121
35.690 36.230 36.654
35.713 35.891 36.180
35.836 36.118 36.470
35.957 36.232 36.693
35.719 35.820 35.911
35.729 35.998 36.143
35.633 36.054 36.577
35.944 36.495 37.158
35.926 37.726 41.423
35.837 36.068 36.615
35.438 36.052 37.328
35.767 36.124 36.746
35.610 36.236 37.604
35.593 35.916 36.352
35.492 35.853 35.987
35.779 36.078 36.521
35.703 35.877 36.089
35.558 36.118 36.744
35.746 35.976 36.156
36.135 36.331 36.629
35.841 36.095 36.633
35.519 36.156 37.288
35.605 35.918 36.313
35.575 35.831 36.441
35.557 35.987 36.348
35.418 36.061 36.602
35.703 36.289 37.488
35.493 35.925 36.536
35.885 36.207 37.069
35.558 36.070 36.447
35.788 36.051 36.514
35.779 36.023 36.376
35.841 36.060 36.176
35.971 36.323 36.473
35.572 35.935 36.145
35.668 35.893 36.197
35.732 35.971 36.452
35.517 35.986 36.361
35.692 36.303 37.020
35.776 36.272 36.790
35.501 36.081 36.930
35.784 36.164 36.539
35.971 36.498 37.250
35.497 35.928 36.277
35.739 36.111 36.368
35.945 36.035 36.088
35.560 35.958 36.190
35.830 36.423 36.978
35.812 36.248 36.879
35.449 35.874 36.521
35.527 35.959 36.458
35.736 36.145 36.800
35.526 36.118 36.394
36.027 36.370 37.161
35.504 35.918 36.301
35.926 36.415 37.150
35.767 35.945 36.221
36.080 36.367 37.100
35.811 36.471 37.597
35.583 36.094 36.468
36.238 36.642 37.188
36.000 36.357 36.945
35.703 36.214 36.559
35.873 36.025 36.217
35.971 36.629 37.383
35.772 36.237 37.015
36.014 36.367 36.960
35.761 36.414 37.308
35.788 36.203 36.908
35.755 36.139 36.901
35.828 36.119 36.319
35.915 36.285 37.158
35.897 36.514 37.531
35.996 36.251 36.602
35.617 36.089 36.783
35.966 36.324 36.987
35.600 35.914 36.078
36.297 36.610 37.110
35.887 36.044 36.216
36.160 36.462 36.777
35.794 36.701 38.296
35.899 36.377 36.763
35.857 36.035 36.395
36.254 36.332 36.496
35.694 36.316 37.229
35.512 36.365 36.968
35.940 36.330 36.575
36.019 36.424 36.895
36.102 36.349 36.727
35.960 36.343 36.655
35.816 36.080 36.251
35.934 36.229 36.479
35.695 36.206 36.707
35.836 36.354 37.180
35.634 36.206 36.637
36.043 36.262 36.638
36.028 36.272 36.623
35.944 36.088 36.234
36.144 36.850 37.598
35.750 36.198 36.741
36.478 36.830 37.127
36.070 36.360 36.899
35.875 36.529 37.362
36.146 36.306 36.478
35.872 36.304 36.488
36.162 36.389 36.936
35.712 36.082 36.777
35.661 36.052 36.450
35.718 36.251 36.758
35.772 36.323 36.811
35.671 36.428 37.154
35.882 36.658 37.452
35.986 36.447 36.881
35.516 35.955 36.379
36.096 36.162 36.266
36.036 36.276 36.616
35.769 36.025 36.241
35.775 36.329 36.731
35.624 36.134 37.272
35.829 36.681 37.441
36.204 36.814 37.466
35.545 36.083 36.812
35.997 36.298 36.703
35.660 36.015 36.563
35.691 36.173 36.474
35.833 36.168 36.581
36.056 36.327 36.706
35.844 36.193 36.360
35.590 35.899 36.373
35.726 36.189 36.976
36.055 36.415 36.832
35.798 36.440 36.986
35.517 36.003 36.876
35.686 36.130 36.684
35.737 36.193 36.641
35.818 36.041 36.458
35.865 36.330 37.030
36.211 36.333 36.444
35.704 36.218 37.021
35.576 36.117 37.058
35.877 36.518 37.452
35.807 36.265 37.001
36.074 36.450 36.992
35.604 35.945 36.465
35.463 36.068 36.521
35.794 36.386 36.970
35.872 36.457 37.789
35.503 35.917 36.176
35.903 36.212 37.038
35.730 35.966 36.400
35.699 36.115 36.416
35.706 36.103 36.783
35.603 35.854 36.347
35.587 36.106 36.328
35.791 36.309 36.931
35.849 36.238 36.601
35.528 35.948 36.607
35.761 36.188 36.857
35.710 35.956 36.180
35.841 36.373 37.155
35.895 36.235 36.899
35.642 36.566 37.407
35.869 36.583 37.805
35.758 36.033 36.602
35.614 35.918 36.400
35.836 35.977 36.172
35.691 35.962 36.145
35.883 36.115 36.449
35.482 35.682 35.992
35.723 36.762 38.574
35.485 35.984 36.921
35.520 35.922 36.593
35.866 36.056 36.306
35.864 36.049 36.183
35.759 36.311 36.753
35.744 36.025 36.213
35.566 35.998 36.942
35.889 36.090 36.342
35.632 36.133 36.463
35.547 35.802 36.172
35.592 36.036 37.051
35.624 36.520 37.510
35.342 36.173 37.208
35.674 37.003 41.215
35.542 35.852 36.110
35.689 35.879 36.202
35.615 36.039 36.271
35.534 35.847 36.101
35.629 36.041 36.674
35.647 35.969 36.170
35.571 35.956 36.593
35.682 35.972 36.333
35.669 36.326 37.473
35.569 36.249 36.690
35.557 36.205 37.242
35.596 35.797 36.005
35.751 35.966 36.566
35.594 35.873 36.263
35.630 35.988 36.341
35.532 36.073 36.712
35.814 36.091 36.343
35.415 35.714 35.941
35.563 35.838 36.277
35.727 35.999 36.202
35.721 36.055 36.715
35.689 35.887 36.151
35.406 35.984 36.220
35.474 35.801 36.453
35.475 36.375 37.459
35.540 35.694 35.986
35.527 35.725 35.852
35.592 37.003 41.121
35.593 35.756 36.019
35.604 36.045 36.809
35.566 35.819 36.053
35.531 35.971 36.169
35.509 35.791 36.056
35.942 36.266 37.117
35.551 35.757 36.096
35.678 35.851 36.102
35.568 35.887 36.669
35.627 35.963 36.234
35.612 35.843 36.104
35.904 36.276 36.973
35.524 35.754 36.107
35.614 35.874 36.077
35.459 35.651 36.041
35.475 35.769 36.165
35.440 35.642 36.100
35.620 35.838 36.159
35.414 35.861 36.694
35.860 35.938 36.007
35.509 35.884 36.150
35.454 35.860 36.236
35.766 36.011 36.654
35.607 36.628 39.188
35.563 36.009 36.840
35.650 36.063 36.627
35.549 35.838 36.023
35.644 35.762 35.944
35.628 36.022 36.895
35.560 35.900 36.205
35.611 36.488 39.670
35.484 35.894 36.575
35.555 35.773 35.858
35.447 35.573 35.749
35.432 35.789 36.172
35.535 35.682 35.842
35.532 35.888 36.377
35.677 36.056 36.729
35.639 35.800 35.950
35.468 35.704 35.985
35.519 35.881 36.439
35.545 35.814 36.216
35.706 35.926 36.064
35.492 36.050 37.150
35.608 36.083 36.658
35.645 36.170 36.611
35.581 35.983 36.359
35.573 35.827 36.035
35.772 36.049 36.325
35.489 35.752 36.059
35.723 35.838 36.003
35.477 35.863 36.183
35.594 35.803 36.171
35.405 35.675 35.861
35.456 35.781 35.885
35.464 35.776 35.986
35.540 35.917 36.496
35.629 35.931 36.580
35.802 35.994 36.692
35.586 35.881 36.418
35.597 35.734 35.950
35.556 35.816 36.178
35.475 35.674 35.898
35.435 35.701 35.912
35.461 35.837 36.331
35.628 36.030 36.453
35.488 35.813 36.042
35.408 35.463 35.572
35.655 35.868 36.203
35.459 35.739 35.920
35.467 35.647 35.909
35.565 35.759 35.939
35.493 35.804 36.359
35.423 35.570 35.773
35.489 35.774 36.092
35.481 35.641 35.985
35.483 35.981 36.656
35.529 35.695 35.792
35.461 35.665 35.970
35.488 35.783 36.152
35.571 35.916 36.428
35.491 35.744 35.944
35.531 35.656 35.783
35.659 35.897 36.288
35.505 35.687 35.935
35.565 35.933 36.231
35.467 35.720 35.909
35.695 36.275 37.849
35.518 35.729 36.103
35.516 35.804 36.168
35.507 35.665 35.911
35.418 35.554 35.718
35.507 35.939 36.355
35.508 35.701 35.874
35.419 35.560 35.726
35.529 35.787 35.947
35.558 35.723 35.906
35.435 35.518 35.642
35.497 35.750 36.020
35.664 35.953 36.273
35.490 35.742 36.254
35.399 35.700 36.105
35.545 35.775 36.019
35.444 35.598 35.856
35.446 35.701 35.963
35.381 35.514 35.583
35.422 35.702 36.198
35.510 35.677 35.974
35.492 35.724 35.929
35.525 35.675 35.822
35.427 35.744 36.131
35.535 35.714 36.099
35.457 35.549 35.702
35.484 35.748 36.092
35.496 35.850 36.433
35.704 35.847 36.210
35.455 35.647 35.770
35.381 35.820 36.330
35.506 35.941 36.944
35.432 35.962 36.949
35.533 35.787 36.260
35.425 35.570 35.812
35.385 35.603 35.874
35.592 35.806 36.017
35.492 35.645 35.999
35.487 35.609 35.794
35.498 35.730 35.940
35.485 35.709 36.258
35.478 35.706 36.016
35.514 36.084 37.709
35.427 35.684 36.040
35.509 35.804 36.165
35.622 35.754 35.990
35.451 35.680 35.860
35.450 35.612 35.982
35.487 35.770 36.078
35.629 35.704 35.796
35.697 35.850 36.014
35.489 35.627 35.929
35.371 35.442 35.570
35.501 35.686 35.917
35.531 35.742 36.033
35.492 35.690 35.922
35.545 35.900 36.342
35.444 35.598 35.786
35.468 35.728 35.856
35.468 35.825 36.135
35.510 35.667 35.836
35.667 36.035 36.647
35.418 35.607 35.761
35.435 35.685 35.993
35.444 35.531 35.668
35.477 35.688 36.152
35.478 46.465 88.873
35.548 35.732 36.127
35.647 35.829 35.987
35.534 35.740 36.020
35.493 35.856 36.230
35.459 35.974 36.372
35.481 35.543 35.615
35.539 35.691 35.942
35.641 35.958 36.898
35.475 35.796 36.064
35.532 35.784 36.237
35.542 35.659 35.775
35.631 35.890 36.283
35.444 35.676 35.899
35.628 35.696 35.723
35.459 35.611 35.825
35.412 35.603 35.850
35.462 35.880 36.348
35.523 35.807 36.105
35.638 35.932 36.432
35.670 35.729 35.765
35.432 36.129 37.880
35.574 35.790 36.094
35.508 35.733 36.013
35.674 35.844 36.112
35.492 35.688 35.968
35.408 35.889 36.196
35.489 35.876 36.183
35.528 35.859 36.163
35.528 35.615 35.781
35.378 35.850 36.253
35.451 35.810 36.065
35.538 35.710 35.908
35.548 35.781 35.988
35.576 35.760 35.918
35.986 36.149 36.466
35.442 35.634 35.979
35.617 36.054 36.602
35.475 36.086 36.408
35.521 35.864 36.433
35.509 35.756 36.014
35.673 35.857 35.968
35.539 35.747 36.059
35.458 35.871 36.099
35.539 35.805 36.137
35.568 35.790 36.070
35.401 35.825 36.426
35.507 35.754 35.930
35.585 35.835 36.247
35.683 35.855 35.999
35.701 35.947 36.205
35.672 36.066 36.293
35.612 35.821 36.237
35.633 36.012 36.642
35.536 35.979 36.364
35.551 36.092 37.053
35.832 36.014 36.312
35.672 35.908 36.479
35.653 35.779 35.959
35.490 35.851 36.597
35.698 36.066 36.321
35.450 35.699 35.877
35.431 35.779 35.996
35.376 35.708 36.091
35.845 36.010 36.228
35.687 35.875 36.165
35.520 35.938 36.730
35.543 35.968 36.822
35.739 35.787 35.882
35.598 36.081 37.045
35.813 35.868 35.985
35.641 36.104 36.817
35.543 35.824 36.266
35.655 36.008 36.589
35.754 35.921 36.157
35.790 35.971 36.244
35.691 35.950 36.353
35.644 35.930 36.365
35.622 35.995 36.595
35.392 35.857 36.486
35.587 35.936 36.424
35.516 35.759 35.916
35.629 36.066 36.781
35.506 36.067 37.227
35.450 36.110 36.543
35.522 35.799 36.206
35.542 35.762 36.030
35.444 35.861 36.201
35.637 35.880 36.076
35.740 36.061 36.246
35.711 36.201 37.284
35.563 35.953 36.229
35.684 36.253 37.152
35.528 35.859 36.306
35.785 36.021 36.277
35.440 35.813 36.398
35.636 35.826 36.142
35.703 35.828 35.972
35.611 35.811 36.035
35.476 35.785 36.302
35.603 35.942 36.231
35.855 36.157 36.741
35.670 35.894 36.348
35.651 35.971 36.482
35.633 35.861 36.099
35.603 36.047 36.629
35.647 35.866 36.137
35.469 35.926 36.428
35.724 36.077 36.431
35.592 36.083 36.373
35.569 35.851 36.318
35.555 36.065 36.472
35.743 36.050 36.436
35.807 36.014 36.313
35.722 35.970 36.575
35.632 35.955 36.322
35.868 36.031 36.188
35.627 36.298 37.026
35.451 35.913 36.324
35.542 35.958 36.473
35.617 35.995 36.666
35.709 35.923 36.302
35.692 36.260 37.094
35.886 35.922 35.950
35.833 35.961 36.075
35.553 36.315 36.824
35.501 36.083 36.704
36.020 36.452 36.779
35.566 35.828 36.071
35.949 36.289 36.951
35.429 35.723 36.079
35.898 36.050 36.289
35.436 35.801 36.067
35.514 35.835 36.483
35.531 35.885 36.306
35.612 36.123 36.845
35.543 35.961 36.866
35.575 35.931 36.655
35.822 36.109 36.627
35.679 35.876 36.377
35.531 35.901 36.289
35.848 35.946 36.038
35.517 36.092 36.526
35.685 36.065 36.869
35.631 36.019 36.520
35.800 36.393 37.317
35.659 36.022 36.436
35.481 36.088 36.458
35.846 36.089 36.461
36.096 36.316 36.634
35.749 36.038 36.668
35.447 35.938 36.606
35.705 36.048 36.487
35.779 36.098 36.503
35.655 35.878 36.091
35.619 36.045 36.997
35.707 35.912 36.140
35.767 36.409 37.348
35.609 35.945 36.315
35.708 36.046 36.361
35.800 36.071 36.366
35.772 36.107 36.781
35.615 35.817 36.124
35.591 36.129 36.498
35.521 35.809 36.218
35.894 36.302 36.836
35.538 35.927 36.579
35.628 36.089 36.709
35.640 35.884 36.094
35.558 36.009 36.587
35.724 36.205 37.244
35.543 35.905 36.196
35.797 36.031 36.720
35.593 36.236 37.278
35.564 36.119 36.393
35.588 35.856 36.115
35.859 35.976 36.143
35.675 35.942 36.316
35.615 35.918 36.071
35.634 35.876 36.068
36.189 36.508 36.900
35.449 36.024 36.754
35.457 36.045 36.510
35.685 35.999 36.476
35.540 35.843 36.044
35.718 36.119 36.716
36.055 36.245 36.530
35.629 36.250 36.877
35.725 36.000 36.335
35.627 35.937 36.357
35.688 36.110 37.111
35.772 35.996 36.334
35.588 36.486 37.111
35.779 36.143 36.975
35.873 36.221 36.942
35.668 36.023 36.325
35.725 36.009 36.312
35.693 36.334 37.221
35.666 36.025 36.256
35.667 35.905 36.198
35.753 36.097 36.378
35.440 35.929 36.225
35.448 35.878 36.878
35.834 36.157 36.424
35.498 35.883 36.195
35.390 35.808 36.048
35.597 35.823 36.105
35.957 36.227 36.590
35.671 35.962 36.481
35.726 36.114 36.451
35.738 35.946 36.522
35.714 35.974 36.511
35.634 35.769 35.838
35.825 36.041 36.517
35.776 35.991 36.764
35.621 35.878 36.167
35.530 36.072 36.448
35.875 36.192 36.420
35.438 35.864 36.284
35.465 36.022 36.586
35.652 36.133 36.519
35.793 36.104 36.592
35.744 35.980 36.169
35.884 36.097 36.316
35.774 36.307 37.458
35.631 35.926 36.594
35.655 35.920 36.276
35.504 36.069 36.741
35.679 35.852 36.084
35.561 36.424 38.541
35.625 35.786 36.098
35.483 35.799 36.149
35.650 35.848 36.013
35.899 35.992 36.111
35.600 35.916 36.222
35.678 35.922 36.267
35.782 36.136 36.589
35.729 35.963 36.285
35.617 36.019 36.615
35.454 35.794 36.438
35.493 35.786 36.034
35.761 35.895 36.064
35.471 35.759 36.124
35.920 35.976 36.012
35.657 36.221 36.975
35.443 35.835 36.304
35.819 35.965 36.147
35.446 36.121 37.259
35.861 36.120 36.399
35.632 35.778 35.954
35.589 35.975 36.657
35.649 35.878 36.295
35.844 35.972 36.229
35.492 36.153 37.187
35.971 36.165 36.257
35.764 36.117 36.495
35.580 36.008 36.417
35.887 36.004 36.117
35.612 35.938 36.310
35.449 35.874 36.275
35.682 35.924 36.278
35.941 36.122 36.368
35.525 35.809 36.022
35.682 35.814 36.103
35.769 36.151 36.681
35.610 36.138 37.118
35.495 35.908 36.368
35.800 36.056 36.461
35.624 35.887 36.045
35.713 36.091 36.920
35.535 36.003 36.581
35.644 35.919 36.353
35.584 35.764 35.994
35.655 36.240 36.735
35.614 36.028 36.503
35.701 36.262 36.927
35.944 36.106 36.235
35.610 35.937 36.148
35.532 35.826 36.114
35.639 36.005 36.538
35.919 36.039 36.252
35.696 35.965 36.289
35.801 35.996 36.453
35.502 36.111 36.516
35.742 36.053 36.396
35.490 36.102 37.645
35.650 35.925 36.382
35.911 36.071 36.536
35.810 35.946 36.053
35.864 36.094 36.327
35.848 35.994 36.228
35.590 35.977 36.353
35.764 36.057 36.296
35.535 36.095 37.463
35.570 35.799 36.175
35.833 37.114 41.727
35.696 36.142 36.665
35.820 36.053 36.396
35.675 35.911 36.390
35.575 36.025 36.626
35.784 36.217 36.678
35.502 36.934 40.852
35.743 35.874 36.011
35.755 35.928 36.195
35.667 35.925 36.493
35.798 36.024 36.322
35.781 35.954 36.302
35.525 35.778 36.163
35.639 36.425 37.384
35.644 35.812 36.077
35.589 35.974 36.517
35.562 35.929 36.436
35.564 35.821 36.215
35.738 36.364 37.059
35.742 35.978 36.449
35.520 35.800 36.091
35.699 36.187 37.291
35.683 35.980 36.264
35.502 36.050 36.500
35.651 36.242 36.723
35.659 36.047 36.788
35.721 36.039 36.451
35.766 36.191 36.939
35.739 36.088 36.461
35.835 36.142 36.599
35.599 36.038 36.614
35.536 36.104 36.452
35.577 36.176 37.070
35.480 36.066 36.812
35.810 36.053 36.299
35.681 36.313 37.028
35.627 36.092 36.540
35.846 36.029 36.403
35.567 35.999 37.048
35.714 36.058 36.619
35.528 35.738 36.062
35.655 36.249 36.782
35.777 36.064 36.279
35.807 35.908 35.996
35.941 36.071 36.432
35.749 36.078 36.542
35.646 36.013 36.327
35.465 35.969 36.611
35.746 36.128 36.462
35.713 36.861 39.694
35.530 36.073 36.282
35.663 35.930 36.448
35.688 36.100 36.936
35.977 36.226 36.514
35.707 36.137 36.716
35.572 36.240 37.053
35.911 36.459 37.660
35.997 36.436 36.877
35.775 36.252 36.750
35.628 35.996 36.245
35.960 36.144 36.372
35.784 36.506 37.026
35.673 36.070 36.725
35.503 36.382 37.396
35.831 35.946 36.064
35.735 36.157 36.629
35.704 36.325 37.121
35.858 36.517 37.212
35.958 36.218 36.385
35.752 36.195 36.437
35.456 36.128 37.368
35.756 35.996 36.439
35.840 36.218 36.631
36.001 36.216 36.420
35.812 36.128 36.351
35.609 36.087 36.987
35.607 36.267 36.903
35.645 35.891 36.164
35.815 36.092 36.379
35.960 36.484 37.255
35.586 36.094 36.833
35.794 36.036 36.211
35.963 36.260 36.994
36.078 36.262 36.477
35.603 36.159 36.534
35.603 36.250 37.179
35.918 36.503 37.861
35.546 35.965 36.169
35.713 36.158 36.866
35.710 36.219 36.982
35.484 35.953 36.744
35.849 36.053 36.187
36.303 36.551 36.751
35.590 35.952 36.336
35.562 36.254 37.094
35.669 36.121 36.929
35.753 36.174 36.542
35.789 36.172 36.606
35.663 36.082 36.859
35.691 36.116 36.474
35.834 36.055 36.205
35.592 36.075 36.527
35.525 36.160 37.242
35.697 36.103 36.416
35.969 36.202 36.672
35.756 36.176 36.690
35.484 35.868 36.205
35.467 35.790 36.108
35.682 36.192 36.605
35.801 36.079 36.591
35.519 35.787 36.115
35.678 35.827 35.965
35.721 36.177 36.702
35.674 35.837 36.056
36.083 36.283 36.648
35.821 36.331 37.331
35.882 36.629 37.261
35.713 35.921 36.218
35.485 36.024 37.003
35.663 36.252 37.740
35.854 36.114 36.287
35.807 36.122 36.373
35.858 36.163 36.841
35.634 36.090 36.501
36.422 36.560 36.870
35.761 36.050 36.405
35.738 36.017 36.451
35.898 36.161 36.379
35.584 35.998 36.808
35.662 36.317 37.207
35.605 36.615 37.330
35.833 36.072 36.354
35.891 36.053 36.215
35.628 36.178 36.642
35.772 36.387 36.855
35.503 35.888 36.212
35.686 35.935 36.211
35.729 36.088 36.701
35.681 36.116 36.702
35.972 36.341 36.740
35.831 36.070 36.674
35.657 36.309 36.939
35.915 36.217 36.629
35.563 36.069 36.908
35.948 36.152 36.657
35.761 36.014 36.257
35.734 36.135 36.344
35.742 36.042 36.804
36.024 36.415 36.753
35.849 36.225 37.233
35.842 36.065 36.360
35.581 36.001 37.002
35.867 36.355 36.909
35.565 36.300 37.701
35.822 36.243 36.598
36.002 36.181 36.382
35.783 35.989 36.288
35.567 36.146 36.727
35.688 35.863 36.054
35.849 36.094 36.348
35.861 36.212 37.286
35.747 36.068 36.628
35.650 36.356 37.101
35.813 36.667 37.818
35.730 36.114 36.452
35.684 36.227 36.722
35.891 36.050 36.275
35.685 36.144 36.757
35.711 35.993 36.439
35.471 35.951 36.179
35.660 36.266 36.715
35.756 36.123 36.538
35.752 36.082 36.646
35.819 36.135 36.981
35.700 36.215 36.922
35.909 36.378 37.025
36.122 36.355 36.734
35.773 36.090 36.303
35.606 35.991 36.293
35.752 35.953 36.047
35.575 36.139 36.656
35.780 36.310 36.937
35.631 35.912 36.056
35.830 35.992 36.095
35.614 35.960 36.616
35.586 36.074 36.533
35.951 36.146 36.436
35.570 36.058 36.707
35.628 36.205 36.631
35.770 35.961 36.241
35.757 36.086 36.656
35.618 36.348 37.050
35.638 36.303 37.258
36.052 36.233 36.734
35.618 35.741 36.020
36.075 36.384 36.753
35.758 36.129 36.400
35.603 35.967 36.233
35.948 36.115 36.536
36.244 36.468 36.956
35.772 36.087 36.297
35.798 36.036 36.226
36.047 36.188 36.315
35.746 36.082 36.492
35.675 36.253 36.859
35.950 36.164 36.361
35.857 36.064 36.340
35.758 36.123 36.380
35.750 36.195 36.771
35.889 36.319 36.903
35.740 36.248 37.299
35.922 36.171 36.594
35.667 36.121 36.532
36.041 36.554 37.511
35.875 36.130 36.355
35.629 36.059 36.423
35.696 35.965 36.440
35.752 36.116 36.658
35.863 36.166 36.532
35.796 36.113 36.792
35.870 36.119 36.444
35.605 36.037 37.351
36.245 36.492 37.007
35.755 36.402 36.818
35.872 36.362 36.900
36.191 36.610 37.626
36.127 36.498 36.909
36.032 36.355 36.746
35.951 36.578 37.461
36.035 36.447 36.862
36.084 36.377 36.690
35.686 36.215 36.616
35.783 36.342 37.039
35.984 36.670 37.313
35.505 36.154 36.714
35.677 35.965 36.315
35.696 36.226 36.951
35.614 36.245 37.328
35.960 37.792 42.823
35.895 36.259 36.469
35.632 36.174 36.469
36.042 36.710 37.223
36.338 36.989 37.322
35.801 36.146 36.443
35.779 36.449 36.988
36.395 36.741 37.671
36.204 36.412 36.709
35.943 36.432 37.316
35.880 36.303 36.624
35.901 36.202 36.507
36.126 36.358 36.527
36.089 36.665 37.654
36.504 36.914 37.547
36.000 36.446 36.587
35.712 36.157 36.426
35.977 36.167 36.304
35.969 36.369 36.810
35.749 36.253 36.670
35.997 36.335 37.137
35.701 35.990 36.316
35.993 36.476 37.391
36.247 36.306 36.483
36.039 36.175 36.396
36.160 36.537 36.970
35.694 36.052 36.589
35.730 36.059 36.527
35.802 35.930 36.073
35.893 36.028 36.444
35.656 36.000 36.189
36.042 36.480 36.709
35.695 36.133 36.618
35.739 36.254 37.001
36.096 36.269 36.778
36.346 36.711 37.644
36.119 36.411 36.765
36.008 36.529 37.533
35.881 36.229 36.658
35.769 36.447 37.405
35.681 36.008 36.533
35.690 36.182 36.530
35.736 36.103 36.541
35.757 36.258 37.054
35.711 36.027 36.260
35.878 36.244 37.008
35.659 36.132 36.573
35.749 36.076 36.733
35.783 36.126 36.420
35.601 36.203 38.086
35.574 36.118 36.629
35.741 36.030 36.238
35.719 36.455 38.080
35.526 36.106 36.628
35.871 36.063 36.231
35.970 36.950 37.957
35.722 36.066 36.975
36.146 36.466 36.829
36.090 36.615 37.195
36.317 36.666 37.409
35.927 36.270 36.903
35.842 36.355 36.838
35.705 35.982 36.308
35.961 36.353 37.406
36.206 36.500 36.997
35.706 36.347 37.011
35.717 36.692 39.587
35.742 36.074 36.546
35.608 35.999 36.620
35.731 36.058 36.678
35.598 35.997 36.532
35.798 36.130 36.885
35.899 36.628 37.792
35.692 36.101 36.504
35.780 36.101 36.380
35.834 36.143 36.358
35.727 36.166 36.752
35.697 36.424 37.588
35.822 36.158 36.452
35.744 36.121 36.443
35.888 36.064 36.214
35.681 35.909 36.228
35.675 36.020 36.421
35.838 36.131 36.397
36.034 36.185 36.370
36.010 36.226 36.577
35.842 36.078 36.724
35.715 36.018 36.538
35.793 36.422 38.207
35.545 35.988 36.472
35.804 36.070 36.880
35.725 36.221 37.531
36.140 36.374 36.632
35.975 36.132 36.278
35.643 35.994 36.330
35.594 35.941 36.187
35.695 35.825 36.075
35.740 35.984 36.209
35.758 36.116 36.822
35.676 36.229 37.385
35.621 36.090 37.029
35.597 36.382 37.831
35.669 35.911 36.189
35.673 35.789 35.899
35.985 36.153 36.387
35.843 36.199 37.282
35.818 35.923 36.179
35.688 35.957 36.323
35.576 35.735 35.900
35.778 36.239 37.165
35.610 35.999 36.518
35.625 36.024 37.060
35.702 35.888 36.199
35.715 36.059 36.382
35.636 35.929 36.352
35.640 36.158 36.598
35.672 35.884 36.319
35.572 35.809 36.052
35.797 36.065 36.300
36.007 36.140 36.521
35.675 35.880 36.326
35.535 35.856 36.416
35.780 35.926 36.206
35.684 35.923 36.323
35.722 35.927 36.381
35.521 35.799 35.999
35.937 36.252 36.918
35.643 35.823 36.162
35.865 36.071 36.360
35.877 36.166 36.590
35.517 35.803 36.112
35.676 35.936 36.176
35.604 35.885 36.194
35.704 35.927 36.251
35.539 35.901 36.339
35.515 35.786 36.093
35.628 36.025 36.456
35.793 35.929 36.082
35.537 35.696 35.847
35.633 35.846 36.110
35.780 35.973 36.270
35.667 35.808 35.983
35.534 35.832 36.039
35.601 35.760 35.906
35.507 35.862 36.262
35.547 35.885 36.173
35.694 36.060 36.446
35.759 36.118 37.098
35.541 35.842 36.040
35.702 35.908 36.462
35.710 35.831 35.977
35.778 35.916 36.071
35.509 35.834 36.403
35.599 36.765 40.106
35.783 35.944 36.116
35.672 36.761 37.919
35.631 35.955 36.150
35.552 35.977 36.598
35.496 35.785 36.223
35.534 35.706 36.115
35.514 35.868 36.071
35.654 35.832 35.964
35.542 35.842 36.129
35.539 35.770 36.042
35.625 35.862 36.051
35.637 35.970 36.247
35.624 35.714 35.868
35.567 35.671 35.771
35.606 35.820 35.995
35.593 35.739 35.985
35.503 35.894 36.287
35.585 35.746 36.166
35.458 35.713 36.011
35.519 35.773 36.129
35.532 35.804 35.903
35.535 35.905 36.764
35.691 35.782 35.872
35.466 35.607 35.855
35.534 35.681 36.052
35.574 35.727 36.059
35.611 35.754 35.938
35.581 35.913 36.189
35.559 35.990 36.689
35.602 35.769 35.898
35.561 35.730 36.103
35.476 36.122 37.235
35.613 35.898 36.487
35.545 35.679 35.803
35.715 35.796 35.916
35.678 35.811 36.057
35.490 35.590 35.776
35.539 35.907 36.196
35.593 35.753 36.047
35.599 35.875 36.228
35.631 35.830 36.248
35.485 35.604 35.726
35.483 35.644 35.854
35.753 35.957 36.207
35.602 35.745 36.042
35.530 35.835 36.089
35.818 35.895 36.081
35.554 35.774 36.032
35.533 35.883 36.364
35.595 35.751 35.878
35.504 35.789 36.178
35.676 35.860 36.148
35.546 35.793 36.136
35.544 35.773 35.980
35.561 35.659 35.790
35.499 35.749 36.124
35.661 35.838 35.962
35.526 35.955 37.004
35.586 36.002 36.360
35.634 35.903 36.459
35.635 35.912 36.258
35.601 35.705 35.796
35.784 36.033 36.569
35.490 35.659 35.934
35.544 35.844 36.165
35.818 36.018 36.258
35.580 35.922 36.548
35.675 35.931 36.339
35.472 35.925 36.146
35.600 35.921 36.747
35.546 35.696 35.887
35.528 35.755 36.050
35.538 35.722 35.869
35.641 35.757 35.915
35.598 36.060 36.796
35.598 35.796 35.948
35.804 36.014 36.502
35.753 35.891 36.055
35.507 35.739 36.081
35.592 35.881 36.216
35.592 35.856 36.309
35.550 35.944 36.791
35.436 35.799 36.085
35.594 35.717 35.901
35.546 35.965 36.383
35.499 35.615 35.879
35.543 35.642 35.817
35.498 35.834 36.202
35.496 36.601 39.296
35.488 35.626 35.840
35.508 35.713 36.276
35.520 35.783 36.134
35.720 36.377 38.167
35.582 35.732 36.072
35.516 35.631 35.725
35.651 35.772 35.926
35.531 35.636 35.743
35.595 35.709 35.778
35.579 36.008 36.448
35.483 35.656 35.829
35.536 35.726 36.010
35.519 35.857 36.219
35.502 35.708 36.150
35.512 35.916 36.254
35.607 35.787 36.188
35.522 35.844 36.048
35.582 35.784 36.025
35.486 35.738 36.087
35.516 35.581 35.679
35.712 35.852 36.143
35.632 35.802 36.255
35.598 35.893 36.231
35.577 35.871 36.190
35.511 35.772 36.150
35.603 36.033 36.870
35.595 35.783 36.122
35.729 35.946 36.277
35.515 35.741 35.974
35.517 35.852 36.202
35.775 35.864 35.980
35.602 35.902 36.257
35.736 35.916 36.402
35.658 35.858 35.957
35.507 35.800 36.160
35.519 35.787 35.955
35.539 35.695 35.821
35.566 35.717 35.874
35.558 35.892 36.332
35.687 35.960 36.166
35.516 35.929 36.451
35.534 35.679 36.063
35.810 36.069 36.402
35.586 35.764 35.993
35.585 35.806 36.061
35.690 35.754 35.905
35.653 35.825 36.086
35.639 35.962 36.379
35.589 36.630 40.473
35.588 35.701 35.846
35.607 35.913 36.136
35.594 35.905 36.123
35.556 35.950 36.511
35.700 35.813 36.048
35.627 35.787 35.987
35.531 35.903 36.308
35.484 35.721 36.074
35.673 35.933 36.091
35.674 35.924 36.276
35.549 35.887 36.352
35.752 35.869 36.007
35.688 35.842 36.218
35.736 35.899 36.042
35.581 35.884 36.311
35.574 35.949 36.342
35.491 36.733 40.691
35.737 35.809 35.877
35.675 36.124 36.889
35.609 35.827 36.046
35.507 35.700 35.903
35.782 35.949 36.054
35.524 35.768 36.101
35.704 35.923 36.216
35.488 35.755 36.215
35.524 35.904 36.807
35.779 36.388 37.062
35.795 35.909 36.012
35.702 35.948 36.245
35.587 35.798 36.020
35.580 35.974 36.326
35.598 35.943 36.393
35.631 36.161 36.882
35.633 35.963 36.397
36.050 36.198 36.370
35.504 35.736 36.130
35.646 36.024 36.498
35.961 36.255 36.875
35.581 35.981 36.319
35.643 36.008 36.369
35.607 36.086 36.395
35.682 35.923 36.190
35.687 36.049 36.377
36.205 36.533 36.790
35.722 35.979 36.218
35.689 36.073 36.412
35.701 36.843 40.396
35.961 36.103 36.392
35.590 36.003 36.363
35.631 35.976 36.237
35.775 36.053 36.252
35.766 36.092 36.535
35.653 36.034 36.440
35.795 36.037 36.246
35.777 36.044 36.331
35.660 36.281 36.941
35.623 35.878 36.046
35.720 36.109 36.393
35.823 36.079 36.536
35.610 35.854 36.158
35.631 35.864 36.217
35.764 35.933 36.291
35.592 35.819 36.090
35.841 36.109 36.371
35.678 36.166 36.534
35.672 36.094 36.483
35.694 35.961 36.146
35.646 35.913 36.145
35.688 37.558 43.810
35.567 36.065 36.958
35.486 35.908 36.214
35.817 35.969 36.306
35.782 36.040 36.287
35.557 36.096 36.928
35.780 35.922 36.055
35.586 35.992 36.992
35.536 35.986 36.440
35.452 35.805 36.040
35.801 35.973 36.334
35.615 35.971 36.180
35.697 36.246 37.168
35.831 36.006 36.448
35.640 36.095 36.479
35.658 36.036 36.408
35.618 36.024 36.279
35.707 36.301 36.625
35.542 36.310 37.050
35.794 36.107 36.248
35.716 36.102 36.823
35.638 35.993 36.238
35.712 36.009 36.553
35.895 36.157 36.405
35.679 35.875 36.153
35.860 36.209 36.586
35.731 35.947 36.195
35.572 35.767 36.007
35.982 36.259 36.750
35.480 35.876 36.150
35.892 36.278 36.647
35.723 36.061 36.298
35.675 36.192 36.923
36.151 36.437 37.003
36.028 36.191 36.362
35.648 36.483 37.525
35.569 36.024 36.425
35.739 36.013 36.321
35.653 36.045 37.152
35.644 35.938 36.081
35.558 35.942 36.385
35.563 35.971 36.440
35.685 36.216 37.184
35.785 36.236 36.726
35.700 36.264 37.166
35.509 36.101 36.423
35.554 35.970 36.612
35.788 36.189 36.463
35.671 36.146 36.600
36.033 36.340 36.810
36.083 36.385 36.859
35.693 35.984 36.248
35.892 36.103 36.299
35.462 35.968 36.696
35.921 36.044 36.199
35.570 35.895 36.065
35.765 36.028 36.573
35.882 36.287 36.856
35.767 36.107 36.702
36.027 36.336 37.156
35.900 36.079 36.296
35.934 36.350 36.963
35.602 36.261 37.371
35.671 36.084 36.550
35.605 35.903 36.040
35.763 35.917 36.093
35.551 35.979 36.456
35.745 36.456 37.236
35.930 36.320 36.842
35.670 36.549 37.452
35.795 36.188 37.001
36.005 36.425 37.528
35.620 36.184 37.466
35.666 36.083 36.406
35.604 36.063 36.709
35.616 35.991 36.246
35.747 36.146 36.460
35.825 36.022 36.270
35.717 35.963 36.327
35.847 36.417 36.887
35.523 35.867 36.168
35.813 36.175 36.554
35.553 35.837 36.043
35.783 36.016 36.223
35.984 36.382 37.039
35.512 36.013 36.458
35.582 36.027 36.369
35.660 35.934 36.210
35.774 36.060 36.267
35.934 36.117 36.506
35.657 36.100 36.852
35.726 35.953 36.537
35.662 36.014 36.278
35.845 36.185 36.896
35.665 35.873 36.347
35.969 36.272 36.626
35.753 35.942 36.430
35.898 36.208 36.542
35.543 35.959 36.876
35.897 36.010 36.118
35.692 36.244 36.877
35.748 36.076 37.013
35.838 36.087 36.359
35.916 36.198 36.882
35.738 35.928 36.544
35.764 35.982 36.389
35.711 36.084 36.730
35.766 35.853 36.040
35.598 35.835 36.489
35.642 35.786 35.975
35.748 35.854 36.020
35.644 36.285 37.345
35.659 35.986 36.767
35.612 35.958 36.352
35.802 36.066 36.372
35.586 35.983 36.293
35.615 35.953 36.333
35.794 36.133 36.494
35.604 36.290 37.104
35.773 35.928 36.186
35.553 35.922 36.260
35.606 35.924 36.588
35.778 36.093 36.396
35.515 35.854 36.308
35.534 36.009 36.578
35.901 36.209 36.464
35.777 35.958 36.064
35.722 36.179 37.436
35.476 36.081 36.646
35.636 36.152 36.710
35.646 36.035 36.725
35.930 36.349 36.825
35.603 36.376 37.491
35.603 35.818 36.102
35.618 35.920 36.109
36.094 36.361 36.901
35.767 36.317 36.977
35.864 36.200 36.933
35.878 36.104 36.647
35.468 36.098 36.740
35.938 36.531 37.230
35.957 36.278 36.988
35.790 36.212 36.937
35.677 36.041 36.410
35.621 36.176 36.952
35.660 36.000 36.348
35.552 36.974 41.662
36.004 36.355 36.891
35.585 36.304 37.371
35.608 36.182 37.019
35.570 36.021 36.469
35.618 36.111 36.539
35.931 36.487 37.289
35.847 36.086 36.297
35.573 36.056 36.715
35.783 36.238 36.832
35.674 36.108 36.489
35.990 36.360 36.754
35.851 36.207 36.701
35.682 36.220 36.751
35.592 35.944 36.504
35.761 36.241 36.779
35.624 36.021 36.610
35.592 36.428 37.361
35.591 36.041 36.735
35.860 36.190 36.670
35.494 35.920 36.265
35.876 36.217 37.343
35.794 36.241 36.982
35.621 35.854 36.188
36.109 36.562 36.940
35.650 36.210 36.828
35.517 35.977 36.270
36.056 36.336 36.585
35.538 36.001 36.812
35.900 36.048 36.181
35.933 36.198 36.488
35.911 36.143 36.515
35.894 36.163 36.524
36.184 36.395 36.631
35.655 36.058 36.588
35.611 35.858 36.163
35.871 36.108 36.350
35.963 36.123 36.339
35.653 36.199 36.813
35.568 35.913 36.379
35.768 36.093 36.496
35.821 36.437 37.174
35.773 36.004 36.457
35.670 36.004 36.615
35.624 35.778 36.034
35.825 36.049 36.278
35.789 36.010 36.229
35.676 35.952 36.309
35.733 36.028 36.538
35.872 36.016 36.168
35.750 36.168 36.402
35.822 36.100 36.368
35.641 36.198 36.801
35.787 36.278 37.018
35.643 36.024 36.465
35.994 36.494 36.952
35.552 35.962 36.349
35.729 36.146 36.502
35.498 35.681 35.847
36.006 36.578 37.109
35.732 35.904 36.394
35.565 35.912 36.261
35.728 36.099 36.584
35.455 35.819 36.185
35.670 35.963 36.389
35.802 36.186 36.662
35.538 35.971 36.707
35.704 36.258 37.127
35.924 36.230 36.846
35.889 36.217 36.541
35.999 36.406 37.122
35.849 36.184 36.617
35.964 36.237 37.063
35.576 36.137 36.838
35.875 36.109 36.474
35.850 36.090 36.300
35.874 36.429 37.098
35.686 35.890 36.394
35.658 36.037 36.411
35.770 35.846 35.975
35.520 36.193 36.581
35.791 36.255 36.858
35.614 36.317 37.689
35.572 36.350 37.482
35.683 36.265 36.921
35.606 36.024 36.788
35.673 36.587 37.320
35.926 36.218 36.808
35.714 36.174 36.585
35.518 36.011 36.683
35.958 36.561 37.555
35.764 36.424 36.828
35.930 36.327 36.697
35.809 36.062 36.334
36.011 36.146 36.253
35.585 36.078 36.810
36.022 37.497 42.498
35.541 36.256 37.166
36.032 36.431 36.966
35.615 36.145 37.061
35.675 35.867 36.060
35.821 36.235 36.684
35.668 35.907 36.192
35.751 36.262 37.022
35.754 36.270 37.323
35.661 36.032 36.484
35.508 36.083 36.965
35.539 37.422 42.771
35.755 36.016 36.286
35.725 36.167 36.420
35.729 36.012 36.281
35.827 36.060 36.226
35.561 36.104 36.869
35.918 36.186 36.603
35.811 36.145 36.415
35.546 36.123 37.054
35.645 36.153 36.916
35.789 36.599 37.617
35.488 35.852 36.154
35.882 36.223 36.496
35.674 36.510 37.599
35.829 36.077 36.330
35.726 36.142 36.310
35.584 35.869 36.279
35.837 35.975 36.177
35.668 35.901 36.194
35.853 36.027 36.380
35.891 36.513 37.531
35.823 36.067 36.506
35.974 36.202 36.419
35.920 36.078 36.472
35.672 36.055 36.298
35.824 36.541 37.218
35.767 36.100 37.023
35.883 36.061 36.293
35.709 36.569 37.120
35.647 36.300 37.391
35.700 36.229 36.723
35.776 36.222 36.705
36.008 36.401 36.976
35.771 36.066 36.469
35.706 36.351 36.880
35.951 36.148 36.395
35.934 36.428 37.362
35.540 35.966 36.170
36.064 36.264 36.382
36.483 36.966 37.798
35.753 36.317 36.986
35.862 36.015 36.177
36.034 36.224 36.433
35.981 36.194 36.354
36.036 36.470 36.854
36.019 36.178 36.539
35.953 36.141 36.394
35.532 36.229 36.993
35.629 36.089 36.493
36.361 36.492 36.592
35.870 36.218 36.887
35.542 36.225 36.688
36.585 36.736 36.964
35.742 36.150 36.426
35.822 36.125 36.731
35.714 36.083 36.393
35.813 36.185 36.390
35.619 36.138 37.230
35.676 36.156 37.215
35.803 36.117 36.465
35.803 36.182 36.826
35.856 36.143 36.747
35.825 36.337 36.971
36.090 36.520 37.292
35.844 36.093 36.415
35.482 36.240 36.938
35.789 36.016 36.373
36.087 36.330 36.698
35.679 36.242 37.252
35.771 36.317 36.710
35.796 36.378 36.970
35.887 37.763 44.489
35.921 36.427 36.821
35.758 36.198 36.386
35.675 36.007 36.190
35.856 36.152 36.444
36.191 36.550 36.978
35.839 35.951 36.261
35.640 36.053 36.542
36.129 36.658 37.731
35.583 36.082 36.782
35.969 36.224 36.452
35.877 36.346 36.815
35.737 36.050 36.342
35.951 36.431 37.127
35.781 36.266 36.680
35.831 36.204 36.676
35.728 36.075 36.427
35.748 36.190 36.452
35.744 35.997 36.647
35.578 36.264 37.099
35.916 36.118 36.249
35.691 35.980 36.292
35.832 36.583 37.613
36.030 36.401 36.711
36.609 36.912 37.385
35.722 36.335 37.024
35.967 36.400 36.657
36.347 36.595 36.855
35.747 35.978 36.300
35.731 36.010 36.371
36.444 37.012 38.070
35.829 36.229 36.700
35.768 36.400 37.137
35.926 36.331 36.778
35.925 36.444 37.178
35.947 36.507 37.128
35.615 36.217 37.683
36.133 36.513 36.874
35.782 36.117 36.534
35.945 36.078 36.493
35.900 36.186 36.508
35.714 35.992 36.513
35.952 36.326 36.961
35.945 36.211 36.768
35.746 36.240 37.132
35.816 36.932 37.552
36.116 36.377 36.741
35.665 36.098 37.032
35.577 36.066 36.291
35.971 36.603 37.836
36.136 36.405 36.756
35.923 36.270 36.668
35.772 36.538 37.248
35.759 36.007 36.507
35.740 36.345 37.029
35.798 36.250 37.141
35.867 36.189 36.433
35.763 36.044 36.213
36.121 36.509 37.240
36.282 36.646 36.813
35.952 36.553 36.964
35.904 36.286 36.677
35.685 36.063 36.290
35.818 36.281 37.018
35.840 36.080 36.276
35.711 36.418 37.230
35.775 36.140 36.493
35.833 36.462 37.740
35.856 36.298 37.014
36.219 36.455 36.775
36.050 36.308 36.602
35.734 36.293 36.490
35.856 36.070 36.270
35.989 36.188 36.688
35.654 36.330 37.384
36.134 36.314 36.516
35.762 36.110 36.631
35.728 36.035 36.772
35.836 36.324 37.004
36.171 36.489 36.882
35.866 36.034 36.247
36.063 36.310 36.792
35.561 36.151 36.475
35.651 36.145 36.751
35.725 36.282 36.885
35.799 36.187 36.716
35.633 35.998 36.230
36.136 36.262 36.669
35.752 36.252 37.032
35.919 36.497 38.092
35.777 36.359 37.207
35.802 36.159 36.605
35.945 36.126 36.601
35.725 36.212 37.047
35.958 36.457 36.802
35.738 36.180 36.469
35.727 36.069 36.969
35.707 36.441 36.981
35.844 36.079 36.395
35.690 36.023 36.477
35.869 36.250 36.697
35.581 36.390 37.123
36.304 36.634 37.379
35.624 35.969 36.321
35.966 36.451 36.859
36.176 36.513 37.270
36.050 36.605 37.605
35.933 36.936 37.964
36.046 36.538 36.786
35.916 36.388 36.821
35.793 36.462 37.316
35.961 36.164 36.735
35.903 36.438 36.834
35.920 36.253 36.633
36.072 36.316 36.645
35.631 36.453 37.093
36.191 36.612 37.576
36.016 36.379 36.510
35.653 36.445 36.767
35.600 36.221 37.095
35.608 36.256 37.141
36.001 36.718 37.409
36.128 36.320 36.535
35.958 36.405 36.777
35.951 36.487 37.668
36.011 36.345 36.595
35.798 36.399 36.995
36.316 37.016 37.694
35.749 36.415 37.337
35.961 36.279 36.985
35.836 36.346 36.787
36.187 36.525 36.807
35.944 36.501 37.428
36.050 36.474 36.795
35.897 36.350 36.891
36.395 36.875 37.390
35.835 36.117 36.391
35.732 36.156 36.695
36.089 36.583 37.111
36.102 36.296 36.439
35.913 36.372 37.596
35.736 36.251 36.795
36.184 36.560 37.003
35.923 36.264 36.550
36.115 36.706 37.401
35.810 36.470 37.078
35.636 36.044 36.324
36.045 36.695 37.557
35.918 37.158 41.300
35.774 36.541 36.971
36.326 36.820 37.423
36.157 36.557 37.056
35.981 36.226 36.432
35.931 36.264 36.674
35.831 35.996 36.093
36.118 36.571 36.995
35.766 36.262 36.933
35.765 36.297 36.882
36.145 37.284 38.865
35.878 36.110 36.280
35.760 35.910 36.038
35.931 36.488 37.265
36.100 36.261 36.573
