278.199 279.374 280.596
278.093 278.723 279.342
278.133 278.868 279.822
278.144 278.667 279.472
278.022 278.284 278.804
278.165 278.867 280.052
278.061 278.635 279.780
278.017 278.461 279.402
278.302 279.512 280.910
277.992 278.577 279.729
278.121 278.608 279.037
278.025 278.140 278.388
277.972 278.113 278.243
278.105 278.556 279.820
278.479 279.133 279.807
278.284 279.182 279.759
278.335 278.780 279.481
278.155 278.900 279.907
278.041 278.949 279.842
250.977 251.002 251.046
250.986 251.013 251.027
250.993 251.005 251.015
250.919 250.968 251.042
250.954 250.993 251.118
250.945 251.013 251.077
251.051 251.099 251.152
251.034 251.110 251.213
250.970 251.037 251.112
250.993 251.061 251.138
250.937 250.947 250.961
250.950 250.999 251.058
250.955 250.985 251.034
251.067 251.082 251.105
251.024 251.085 251.248
251.027 251.085 251.249
251.060 251.088 251.149
251.039 251.105 251.206
251.020 251.395 252.760
251.056 251.097 251.142
251.018 251.046 251.078
250.997 251.041 251.068
250.984 250.996 251.006
250.984 251.025 251.063
250.994 251.020 251.066
250.940 250.985 251.050
250.949 250.963 250.971
250.983 251.005 251.033
250.940 250.986 251.044
250.889 250.977 251.266
250.903 250.924 250.954
250.908 250.919 250.940
250.902 250.947 250.987
250.947 251.061 251.413
250.894 250.907 250.915
250.876 250.910 250.949
250.970 251.005 251.037
250.912 251.583 252.839
250.911 250.930 250.959
250.904 250.936 251.043
250.909 251.088 251.618
250.907 251.088 251.765
250.901 250.953 251.066
250.906 250.940 251.038
250.918 250.940 250.981
250.903 250.944 250.975
250.867 251.013 251.422
250.890 250.942 250.967
250.904 250.948 251.046
250.899 250.933 250.994
250.988 251.017 251.058
250.933 250.953 250.970
250.935 250.971 251.046
250.944 250.969 250.983
250.906 250.919 250.938
250.967 250.990 251.021
250.933 250.940 250.950
250.905 250.919 250.933
250.973 250.996 251.023
250.988 251.000 251.021
251.033 251.051 251.069
250.925 250.943 250.964
250.891 250.919 250.943
250.935 250.966 251.020
250.935 251.099 251.391
250.945 250.967 250.996
250.956 250.985 251.037
250.922 250.956 250.983
250.963 251.282 252.313
250.892 250.933 251.044
250.906 250.932 250.968
250.954 250.982 251.047
250.863 250.927 250.981
250.946 250.963 250.973
250.949 250.962 250.985
250.946 250.970 250.999
250.947 250.981 251.044
251.024 251.049 251.070
251.043 251.053 251.085
251.020 251.098 251.191
251.045 251.066 251.107
250.998 251.019 251.055
250.960 250.988 251.014
251.047 251.067 251.107
251.025 251.061 251.102
250.923 250.937 250.947
250.916 251.013 251.215
250.880 250.907 250.950
250.956 251.002 251.061
251.002 251.010 251.017
261.316 261.350 261.449
261.282 261.323 261.402
261.297 261.403 261.722
261.287 261.410 261.544
261.254 261.281 261.310
261.244 261.302 261.375
261.197 261.623 262.963
261.248 261.447 262.109
261.239 261.405 261.616
261.352 261.500 261.713
261.255 261.417 261.666
261.292 261.451 261.787
261.257 261.514 262.357
261.251 261.562 262.434
261.293 261.413 261.772
261.217 261.290 261.357
261.242 261.303 261.402
261.188 261.263 261.416
261.219 261.308 261.599
261.221 261.307 261.473
261.192 261.255 261.303
261.257 261.546 261.898
261.287 261.325 261.351
261.252 261.280 261.312
261.324 261.344 261.368
261.346 261.469 261.634
261.319 261.383 261.535
261.240 261.340 261.560
261.243 261.257 261.285
261.259 261.554 262.201
261.250 261.568 262.740
261.240 261.338 261.497
261.297 261.463 261.713
261.241 261.265 261.286
261.265 261.286 261.299
250.975 251.020 251.113
250.906 250.939 250.964
250.981 251.245 251.995
250.907 250.926 250.946
250.945 250.961 250.987
250.929 250.948 250.982
250.908 250.925 250.950
250.906 250.942 250.993
250.932 251.034 251.236
250.899 250.949 251.046
250.868 250.909 250.975
261.203 261.237 261.290
261.200 261.229 261.271
261.238 261.277 261.293
261.222 261.314 261.627
261.256 261.613 262.294
261.185 261.238 261.375
261.188 261.235 261.312
261.195 261.299 261.576
261.219 261.447 261.865
261.240 261.284 261.422
261.169 261.197 261.220
261.208 261.240 261.324
261.302 261.501 261.921
261.271 261.347 261.587
261.253 261.378 261.666
261.190 261.294 261.517
261.293 261.313 261.337
261.280 261.320 261.356
261.340 261.593 261.934
261.327 261.887 262.726
261.373 261.505 261.848
261.289 261.427 261.561
261.320 261.476 261.885
261.322 261.601 262.069
261.306 261.535 261.962
251.032 251.085 251.150
250.953 250.995 251.016
251.001 251.051 251.087
250.893 250.900 250.911
250.911 250.943 250.988
261.215 261.299 261.392
261.202 261.265 261.397
261.245 261.284 261.350
261.261 261.516 261.860
261.206 261.442 261.805
261.199 261.244 261.400
261.178 261.316 261.584
261.244 261.265 261.275
261.277 261.314 261.352
261.246 261.292 261.423
261.289 261.309 261.342
261.238 261.263 261.302
261.284 261.376 261.538
261.292 261.358 261.567
261.319 261.416 261.658
261.289 261.473 261.698
261.253 261.328 261.473
261.263 261.294 261.339
261.238 261.347 261.501
250.927 250.949 250.978
250.910 251.137 251.938
250.895 250.972 251.136
250.899 250.931 250.958
250.900 250.916 250.945
250.926 250.950 251.000
250.907 250.941 251.028
250.927 251.538 252.520
250.949 250.968 251.017
250.927 250.951 251.005
250.918 250.947 251.004
250.942 250.971 250.991
250.950 250.973 250.994
250.933 250.974 251.039
250.917 250.958 251.052
250.913 250.958 251.009
250.913 250.942 250.976
250.920 250.954 251.000
250.949 250.975 251.007
250.965 251.379 252.075
251.045 251.546 253.371
251.057 251.271 252.041
250.989 250.999 251.011
278.049 278.112 278.202
278.091 278.635 280.679
278.182 279.190 280.191
278.017 278.328 278.731
278.096 278.292 278.509
287.012 287.230 287.938
287.172 287.695 288.533
287.080 287.777 288.253
287.050 287.333 287.988
287.004 287.686 289.424
287.064 287.412 288.177
287.087 287.334 287.871
287.072 287.146 287.311
287.055 287.182 287.314
287.087 287.260 287.629
287.026 287.353 287.851
287.042 287.312 288.113
287.102 287.276 287.548
287.027 288.002 289.047
287.021 287.387 288.683
287.063 287.474 288.094
287.011 287.297 287.713
287.028 287.192 287.434
287.043 287.256 287.536
287.017 287.059 287.135
287.030 287.070 287.176
287.070 287.150 287.271
286.991 287.061 287.146
287.110 287.640 288.385
286.981 287.130 287.314
287.025 287.135 287.320
286.988 287.106 287.303
286.950 287.057 287.312
287.118 287.196 287.240
287.094 287.180 287.313
287.040 287.081 287.130
287.089 287.495 288.345
287.038 287.267 288.028
287.026 287.473 287.964
287.047 287.068 287.118
287.000 287.082 287.153
287.035 287.178 287.354
287.073 287.147 287.227
287.027 287.133 287.337
269.594 269.625 269.670
253.071 253.093 253.146
253.155 253.203 253.387
253.177 253.190 253.206
253.162 253.189 253.209
253.142 253.168 253.222
253.180 253.388 253.870
253.135 253.284 253.557
253.136 253.238 253.426
253.176 253.221 253.289
253.176 253.266 253.335
253.197 253.245 253.354
253.140 253.251 253.413
253.138 253.407 254.115
253.045 253.260 253.917
253.061 253.127 253.217
253.082 253.217 253.508
0 0 0
270.237 270.302 270.380
261.218 266.670 270.370
261.200 264.895 270.438
261.229 266.714 270.387
261.212 268.513 270.451
261.247 266.736 270.387
270.225 270.369 270.521
261.179 266.707 270.500
261.815 267.861 271.997
261.311 268.531 270.417
261.224 266.698 270.401
259.046 264.816 268.216
259.018 262.701 268.158
251.005 251.035 251.103
250.976 251.032 251.191
250.977 251.059 251.286
250.952 250.969 250.994
250.911 250.954 251.003
250.958 250.985 251.013
250.937 251.063 251.218
250.900 250.954 251.052
250.897 251.245 252.485
250.912 250.993 251.125
250.949 251.099 251.434
250.888 250.908 250.928
250.987 251.426 252.926
250.958 251.000 251.097
250.958 251.027 251.271
250.944 250.980 251.051
250.965 250.982 251.000
250.957 250.966 250.976
260.573 260.607 260.627
260.521 260.542 260.566
260.521 260.539 260.559
260.539 260.562 260.583
260.537 260.547 260.559
260.536 260.803 261.789
260.613 260.705 260.817
260.518 260.588 260.647
260.574 260.639 260.752
260.535 260.599 260.673
260.611 260.680 260.732
260.543 260.654 260.713
260.621 260.661 260.753
260.537 260.580 260.641
260.553 260.579 260.609
260.540 260.586 260.675
260.567 260.765 261.409
260.536 260.576 260.603
260.600 260.624 260.680
260.562 260.628 260.767
260.553 260.585 260.623
260.581 260.668 260.853
260.580 260.597 260.622
260.576 260.591 260.620
260.539 260.644 260.843
260.606 260.646 260.673
260.548 260.588 260.641
260.600 260.668 260.851
260.696 262.713 265.680
260.563 260.642 260.744
260.575 260.607 260.646
260.546 260.589 260.625
260.568 260.836 261.625
260.504 260.577 260.683
260.521 260.619 260.803
260.560 260.587 260.629
260.512 260.555 260.630
260.484 260.929 262.523
260.600 260.640 260.719
260.559 260.711 261.029
260.546 260.606 260.711
260.620 260.689 260.845
260.574 260.621 260.726
260.636 260.666 260.694
260.574 260.613 260.642
260.594 260.625 260.666
260.659 260.777 260.937
260.632 260.654 260.683
260.573 260.610 260.655
260.560 260.624 260.697
260.588 260.638 260.683
260.569 260.610 260.641
260.537 260.654 260.800
260.573 260.632 260.749
260.503 260.542 260.600
260.545 260.609 260.702
260.587 260.643 260.724
261.996 262.114 262.323
262.009 262.080 262.220
261.986 262.100 262.498
262.026 262.100 262.154
262.011 262.029 262.057
262.016 262.139 262.314
262.000 262.069 262.154
261.999 262.023 262.050
262.057 262.092 262.151
261.959 262.025 262.148
261.958 262.020 262.145
261.971 262.011 262.029
262.015 262.051 262.120
262.023 262.070 262.156
262.014 262.052 262.165
262.001 262.052 262.124
261.982 262.028 262.083
259.682 259.689 259.701
259.629 260.517 263.956
259.644 259.798 260.310
259.638 259.677 259.727
259.640 259.657 259.669
259.659 259.676 259.691
259.642 259.881 260.728
259.611 259.654 259.707
259.650 259.803 260.372
259.687 259.708 259.729
259.643 259.655 259.668
259.628 260.040 261.619
259.683 259.692 259.697
259.640 259.659 259.688
259.635 259.669 259.714
259.631 259.656 259.671
259.654 259.687 259.713
259.656 259.677 259.702
259.674 259.717 259.780
259.636 259.670 259.721
259.621 259.667 259.703
259.646 259.658 259.670
259.698 259.725 259.750
259.646 259.727 259.818
259.650 259.670 259.688
259.676 259.693 259.723
259.661 259.712 259.851
259.635 259.663 259.690
259.641 259.666 259.733
259.659 259.705 259.790
259.625 259.646 259.665
259.659 260.325 260.978
259.632 259.680 259.723
259.635 259.659 259.685
259.700 259.717 259.733
259.638 259.676 259.711
259.643 259.675 259.716
259.615 259.651 259.716
259.644 259.672 259.703
259.624 259.650 259.709
259.668 259.679 259.699
259.663 259.689 259.710
259.625 259.651 259.671
259.636 259.762 260.201
259.602 259.626 259.661
259.689 259.694 259.697
259.632 259.663 259.695
259.630 259.688 259.876
259.692 259.706 259.736
259.638 259.655 259.674
259.630 259.639 259.648
259.640 259.665 259.682
259.671 259.695 259.756
259.634 259.672 259.794
259.629 259.700 259.921
259.653 259.711 259.800
259.635 259.650 259.661
259.659 259.933 260.994
259.630 259.653 259.690
259.697 259.757 259.863
259.651 259.736 260.020
259.658 259.694 259.756
259.663 259.686 259.757
259.680 259.702 259.734
259.689 260.268 261.038
259.625 259.657 259.682
259.640 259.652 259.667
259.624 259.636 259.655
259.635 259.678 259.776
259.609 259.703 259.829
259.604 259.726 260.139
259.682 259.716 259.802
259.640 259.660 259.681
259.641 259.650 259.668
259.611 259.635 259.663
259.648 259.665 259.677
259.628 259.648 259.671
259.628 259.748 260.150
259.660 259.687 259.696
259.608 259.625 259.649
259.614 259.643 259.667
259.611 259.671 259.760
259.770 260.102 260.980
259.629 259.686 259.885
259.624 259.658 259.710
259.648 259.690 259.829
259.701 259.709 259.722
259.605 259.646 259.677
259.625 259.648 259.687
259.641 259.671 259.715
259.610 259.631 259.649
259.646 259.857 260.649
259.635 259.719 259.912
259.663 259.705 259.849
259.652 259.692 259.764
259.637 259.657 259.699
259.622 259.633 259.647
259.674 259.682 259.687
259.627 259.645 259.669
259.628 259.642 259.660
259.655 260.405 261.395
259.661 260.372 261.508
259.613 259.645 259.661
259.618 259.894 260.716
259.658 259.685 259.701
259.616 259.643 259.661
259.623 259.670 259.767
259.648 259.704 259.883
259.630 259.679 259.773
259.688 260.065 261.537
259.626 259.638 259.655
259.642 259.669 259.732
259.646 259.656 259.673
259.637 259.683 259.712
259.629 259.801 260.067
259.623 259.648 259.668
259.647 259.684 259.798
259.613 259.729 259.956
259.620 259.737 259.865
259.635 259.893 260.835
259.679 259.726 259.809
259.631 259.657 259.696
259.627 259.647 259.676
259.658 259.686 259.711
259.631 260.438 261.412
259.649 259.748 260.093
259.632 260.038 261.552
259.676 259.691 259.704
259.620 259.693 259.833
259.609 259.650 259.685
259.632 259.650 259.667
259.655 259.676 259.693
259.647 259.655 259.665
259.626 259.696 259.963
259.672 259.861 260.550
259.634 259.651 259.667
259.641 259.959 261.087
259.632 259.650 259.672
259.687 259.699 259.713
259.633 259.651 259.685
259.636 259.664 259.744
259.627 259.648 259.662
259.680 259.837 260.383
259.609 259.846 260.710
259.640 259.660 259.674
259.633 259.681 259.804
259.624 259.660 259.706
259.669 259.701 259.750
259.598 259.667 259.807
259.635 259.714 259.857
259.675 259.698 259.723
259.629 259.669 259.725
259.640 259.659 259.683
259.657 259.907 260.776
259.654 260.520 261.629
259.630 259.657 259.682
259.633 259.656 259.684
259.660 259.696 259.731
259.629 259.651 259.688
259.634 259.660 259.682
259.617 259.650 259.680
259.660 259.809 260.160
259.648 259.668 259.713
259.609 259.642 259.658
259.663 259.723 259.764
259.659 259.673 259.712
259.638 259.669 259.714
259.619 259.649 259.679
259.640 259.703 259.854
259.605 259.634 259.661
259.624 259.681 259.792
259.657 259.683 259.735
259.679 260.098 261.303
259.641 259.669 259.718
259.639 259.660 259.682
259.673 259.828 260.378
259.648 259.685 259.746
259.663 259.677 259.698
259.643 259.678 259.712
259.671 259.698 259.719
259.681 259.711 259.747
259.650 259.687 259.804
259.635 259.666 259.697
259.647 259.672 259.708
259.637 259.668 259.696
259.618 259.656 259.675
259.675 259.742 259.967
259.678 259.699 259.748
259.636 259.640 259.645
259.678 259.696 259.715
259.659 259.706 259.744
259.650 259.690 259.721
259.631 259.650 259.661
259.646 259.667 259.708
259.686 259.702 259.719
259.638 259.683 259.759
259.656 259.668 259.681
259.608 259.655 259.712
259.610 259.626 259.636
259.630 259.647 259.667
259.654 259.667 259.683
259.629 259.662 259.693
259.660 259.715 259.796
259.651 259.679 259.725
259.650 259.656 259.667
259.631 259.648 259.658
259.655 260.042 261.520
259.965 260.805 261.615
259.630 259.659 259.696
259.679 259.711 259.733
259.634 259.670 259.742
259.623 259.728 260.016
259.694 259.734 259.794
259.658 259.671 259.685
259.624 259.658 259.683
259.641 260.024 261.397
259.679 259.700 259.746
259.634 259.657 259.691
259.633 259.655 259.699
259.640 260.180 261.073
259.655 259.696 259.754
259.664 259.972 260.958
259.627 259.754 260.100
259.679 259.707 259.732
259.637 259.683 259.714
260.040 260.807 262.153
259.652 259.697 259.789
259.742 259.946 260.434
259.627 259.756 259.945
259.656 259.677 259.695
259.635 259.669 259.703
259.661 260.058 260.883
259.656 259.684 259.713
259.665 259.673 259.682
259.649 259.979 261.152
259.641 259.671 259.719
259.670 259.703 259.752
259.636 259.661 259.683
259.626 259.655 259.674
259.674 259.694 259.722
259.612 259.631 259.651
259.620 259.643 259.688
259.624 259.758 260.081
259.666 259.933 260.868
259.652 259.991 261.239
259.656 259.681 259.716
259.614 259.635 259.677
259.677 259.692 259.739
259.599 259.651 259.684
259.642 259.676 259.733
259.634 259.698 259.875
259.680 259.721 259.838
259.641 259.677 259.726
259.612 259.628 259.654
259.646 259.670 259.708
259.679 260.205 261.143
259.658 259.737 260.006
259.620 259.666 259.707
259.653 259.664 259.680
259.652 259.717 259.845
259.639 259.658 259.682
259.806 260.490 261.487
259.650 259.678 259.729
259.691 259.966 261.042
259.642 259.680 259.782
259.623 259.666 259.748
259.659 259.707 259.847
259.673 259.685 259.702
259.624 259.667 259.719
259.636 259.657 259.676
259.628 259.641 259.656
259.690 259.714 259.739
259.655 259.704 259.823
259.653 259.762 260.069
259.627 259.693 259.817
259.642 259.741 259.925
259.666 259.692 259.746
259.630 259.688 259.736
259.647 259.698 259.769
259.981 260.302 260.640
259.637 259.668 259.730
259.605 259.648 259.715
259.661 259.699 259.766
259.666 259.703 259.743
259.653 259.679 259.738
259.666 259.742 259.804
259.646 259.681 259.748
259.661 259.725 259.867
259.666 259.681 259.698
259.650 259.840 260.545
259.635 259.663 259.690
259.637 259.658 259.674
259.697 259.719 259.731
259.632 259.662 259.719
259.683 259.721 259.812
259.630 259.672 259.701
259.653 259.679 259.721
259.637 259.693 259.763
259.641 259.669 259.708
259.667 259.733 259.861
259.654 259.791 260.060
259.626 259.651 259.690
259.689 259.831 260.318
259.644 259.665 259.721
259.636 259.692 259.756
259.649 259.702 259.771
259.676 259.720 259.780
259.636 259.662 259.708
259.642 259.656 259.675
259.680 259.729 259.822
259.620 259.689 259.801
259.627 259.681 259.757
259.632 259.804 260.376
259.620 259.649 259.672
259.673 259.702 259.726
259.685 259.717 259.768
259.643 259.690 259.742
259.639 259.815 260.441
259.650 259.698 259.789
259.699 259.707 259.730
259.646 260.387 261.739
259.640 259.684 259.726
259.680 259.702 259.735
259.626 259.654 259.673
259.647 259.671 259.690
259.646 259.685 259.746
259.665 259.682 259.707
259.661 260.342 262.935
259.671 259.682 259.703
259.618 259.651 259.671
259.678 259.710 259.750
259.614 259.646 259.672
259.669 259.795 260.049
259.648 260.325 261.498
259.679 259.728 259.860
259.648 259.754 259.874
259.660 259.787 260.050
259.683 259.742 259.818
259.637 259.676 259.711
259.632 259.699 259.818
259.645 259.677 259.770
259.690 260.254 262.229
259.652 259.775 260.170
259.650 259.876 260.301
259.692 259.711 259.744
259.642 259.760 259.898
259.666 259.711 259.795
259.695 259.735 259.762
259.651 259.676 259.694
259.626 259.681 259.789
259.624 259.666 259.696
259.695 259.710 259.758
259.778 260.001 260.441
259.628 259.677 259.737
259.628 259.720 259.797
259.661 259.842 260.316
259.659 259.702 259.759
259.647 259.667 259.696
259.652 259.712 259.748
259.646 259.669 259.686
259.617 259.670 259.709
259.659 259.693 259.756
259.673 259.693 259.713
259.658 259.699 259.741
259.655 259.683 259.722
259.680 259.720 259.746
259.639 259.665 259.704
259.651 259.662 259.679
259.645 259.666 259.690
259.653 259.679 259.724
259.657 259.689 259.737
259.644 259.795 260.322
259.726 259.745 259.785
259.653 259.764 259.921
259.631 259.698 259.749
259.662 259.697 259.783
259.689 259.734 259.826
259.669 259.712 259.759
259.632 259.700 259.752
259.689 259.751 259.899
259.633 259.755 260.064
259.622 259.663 259.694
259.654 259.685 259.740
259.664 259.709 259.811
259.683 259.727 259.748
259.666 259.944 260.928
259.746 260.351 261.553
259.716 259.870 259.993
259.653 259.702 259.865
259.639 259.667 259.700
259.683 259.876 260.212
259.707 259.768 259.967
259.666 259.726 259.831
259.650 259.885 260.514
259.627 259.635 259.657
259.639 259.696 259.779
259.704 259.732 259.775
259.676 259.710 259.743
259.685 259.697 259.710
259.693 259.706 259.721
259.678 259.707 259.764
259.694 259.744 259.855
259.688 259.716 259.741
259.695 259.746 259.812
259.683 259.707 259.724
259.647 259.871 260.365
259.638 259.667 259.705
259.644 259.678 259.711
259.612 259.663 259.739
259.682 259.711 259.740
259.662 259.701 259.784
259.719 259.743 259.798
259.660 259.734 259.814
259.666 259.728 259.800
259.652 259.692 259.739
259.637 259.935 260.956
259.698 259.708 259.722
259.680 259.731 259.777
259.703 259.765 259.846
259.676 259.699 259.729
259.704 259.718 259.738
259.711 259.819 260.092
259.711 259.723 259.749
259.665 259.681 259.701
259.712 259.758 259.805
259.666 259.725 259.776
259.679 259.724 259.795
259.711 259.978 260.580
259.691 259.718 259.758
259.688 259.721 259.758
259.712 259.745 259.786
259.652 259.868 260.585
259.633 259.701 259.879
259.621 259.681 259.782
259.643 259.672 259.739
259.682 259.798 259.920
259.658 259.694 259.722
259.647 259.704 259.812
259.643 259.783 260.086
259.672 259.708 259.807
259.673 259.720 259.825
259.646 259.724 259.842
259.662 259.745 259.935
259.632 259.707 259.749
259.646 259.669 259.687
259.645 259.677 259.737
259.613 259.644 259.702
259.629 259.686 259.717
259.637 259.685 259.716
259.631 259.671 259.707
259.636 259.682 259.736
259.671 259.713 259.772
259.680 259.963 260.955
259.675 259.710 259.744
259.696 259.908 260.273
259.648 259.722 259.831
259.670 259.716 259.795
259.686 259.745 259.808
259.619 259.639 259.670
259.624 259.944 260.669
259.694 259.708 259.724
259.653 259.702 259.801
259.680 259.731 259.797
259.672 259.682 259.692
259.635 259.882 260.388
259.635 259.666 259.728
259.682 259.734 259.882
259.661 259.746 260.015
259.658 259.717 259.823
259.640 259.696 259.734
259.668 259.799 259.962
259.646 260.154 261.623
259.656 259.719 259.840
259.685 264.573 267.704
259.668 259.735 259.896
259.697 259.811 260.024
259.640 259.967 260.876
259.631 259.723 259.783
259.670 259.768 260.023
259.644 259.782 260.068
259.656 259.696 259.809
259.633 259.775 259.940
259.729 260.001 260.561
259.706 260.089 261.038
259.685 260.102 261.404
259.721 261.389 264.056
260.059 260.481 261.409
259.662 259.809 259.994
259.725 260.540 261.600
259.675 259.955 260.526
259.694 260.098 260.846
259.632 260.422 261.257
259.617 259.729 259.936
259.656 259.717 259.835
259.671 259.707 259.789
259.683 260.617 263.796
259.674 259.828 260.176
259.642 259.847 260.163
259.633 259.702 259.783
259.654 259.876 260.416
259.691 259.763 259.950
259.630 259.708 259.796
259.635 259.749 259.838
259.682 259.768 259.867
259.655 259.744 259.807
259.699 259.755 259.827
259.677 259.691 259.708
259.681 259.735 259.807
259.716 259.739 259.797
259.647 259.738 259.981
259.648 259.685 259.792
259.666 260.011 261.176
260.264 263.404 266.753
259.672 260.145 261.860
259.664 259.773 259.941
260.523 262.722 265.996
266.784 269.092 271.038
271.392 274.519 276.471
274.593 275.573 276.281
270.568 272.958 275.727
267.661 271.660 274.050
267.800 272.397 274.299
260.901 266.282 270.516
271.171 274.031 275.216
269.294 273.041 275.566
268.949 272.934 276.284
273.723 275.040 276.022
272.060 273.979 275.771
274.597 275.553 276.039
273.882 275.625 276.419
274.088 275.003 275.716
270.028 273.955 275.749
260.122 268.710 275.227
266.451 271.802 274.568
269.526 272.468 275.406
267.017 269.201 271.021
269.292 271.519 273.989
272.070 273.866 275.900
261.902 268.191 271.587
271.476 272.893 274.386
270.935 272.734 274.650
263.590 271.991 275.922
271.977 274.053 276.000
271.180 272.915 274.125
273.712 274.679 275.427
273.902 275.503 276.404
275.343 275.987 276.898
273.419 275.280 277.177
274.406 275.005 275.951
274.542 275.132 275.819
272.072 274.100 275.509
271.450 274.652 275.878
273.370 274.665 275.595
270.057 272.433 275.047
267.444 271.783 275.619
269.069 273.407 275.825
270.599 273.184 274.484
272.690 274.643 275.846
269.346 273.787 276.216
273.244 274.597 275.358
267.161 272.840 275.152
268.723 273.250 274.869
260.237 269.200 275.712
261.004 268.789 275.823
272.540 274.432 275.570
271.555 274.261 275.735
274.749 275.706 277.136
273.558 274.509 275.339
275.208 275.597 276.000
274.284 275.221 275.739
273.770 274.748 275.967
273.077 274.347 275.590
274.424 275.262 275.574
273.634 275.170 275.848
273.767 275.221 275.842
274.429 275.260 275.673
273.620 274.437 275.434
275.299 275.517 275.752
275.411 275.540 275.706
274.999 275.553 276.015
275.207 275.595 275.941
275.249 275.643 275.851
274.919 275.510 275.822
275.032 275.697 277.422
273.620 274.753 275.557
273.421 274.694 275.584
274.825 275.318 275.734
272.734 274.285 275.723
274.620 275.326 275.959
274.572 275.185 275.735
275.049 275.288 275.586
274.831 275.302 276.317
275.499 275.578 275.670
275.284 275.522 275.679
274.519 275.023 275.284
273.732 274.404 275.164
273.884 274.942 275.912
272.018 285.780 292.711
291.547 291.973 292.514
275.311 275.711 276.087
275.370 275.577 275.716
274.896 275.194 275.629
274.653 275.284 275.646
273.013 274.889 275.642
275.335 275.442 275.624
274.072 275.074 275.595
274.550 275.265 275.639
275.013 275.358 275.565
275.145 275.339 275.464
274.198 275.175 275.678
274.231 275.206 275.618
274.833 275.244 275.509
273.997 274.787 275.619
275.005 275.253 275.543
274.974 275.283 275.564
275.371 275.573 275.703
275.002 275.326 275.561
275.031 275.438 275.801
274.306 275.212 275.692
274.410 275.372 275.638
273.239 275.109 277.097
274.257 274.937 275.491
273.582 275.071 276.133
273.340 273.931 275.151
267.925 272.335 275.453
269.157 272.850 275.124
267.812 273.832 275.779
272.033 273.338 275.426
267.317 272.376 276.980
272.040 274.855 275.821
263.032 271.315 274.867
272.271 273.178 274.179
264.768 269.639 275.023
273.488 274.544 275.205
270.732 272.446 273.590
272.775 274.857 275.972
270.656 273.620 275.237
273.926 274.767 275.880
270.646 273.823 275.405
267.227 271.214 275.110
270.720 273.111 275.499
260.815 266.632 270.121
268.547 272.274 275.589
259.669 260.212 261.099
269.165 271.624 273.844
269.246 272.022 273.985
269.505 272.140 274.144
259.700 259.944 260.673
259.959 261.321 263.117
260.499 262.151 263.445
259.877 260.951 263.199
266.518 269.837 272.416
268.405 272.206 275.461
269.628 273.067 275.327
267.350 270.853 273.727
263.430 268.605 274.284
265.433 273.204 275.905
264.725 269.298 274.630
264.391 270.865 275.494
261.631 267.451 273.790
264.715 269.645 274.881
262.307 266.574 269.199
265.335 268.724 271.238
259.639 259.895 260.697
259.695 260.512 262.264
259.672 260.151 261.283
259.675 260.868 262.282
262.650 267.339 271.681
259.834 267.828 273.139
264.055 269.459 274.479
262.999 272.136 276.385
266.262 270.904 275.230
270.390 271.368 272.162
270.176 271.087 273.156
268.530 271.485 274.156
259.740 263.080 268.648
259.787 261.898 265.347
259.640 259.857 260.417
259.675 259.899 260.207
260.508 263.193 268.781
259.699 261.184 262.970
259.665 259.925 260.222
259.626 260.934 262.514
259.700 259.869 260.469
259.668 260.650 263.610
259.662 261.033 262.832
259.633 259.707 259.916
259.648 259.852 260.260
259.652 259.720 259.938
259.688 259.726 259.788
259.692 259.785 259.929
259.640 259.656 259.671
259.635 259.682 259.768
259.662 260.041 261.423
259.669 259.682 259.714
259.655 260.009 260.976
259.642 259.693 259.740
259.700 259.839 260.008
259.650 260.243 261.720
259.689 259.749 259.855
259.655 259.702 259.751
259.623 259.640 259.664
259.674 259.685 259.698
259.653 259.786 260.144
259.633 259.664 259.694
259.705 259.752 259.826
259.666 260.053 261.482
259.634 259.661 259.675
259.673 259.719 259.843
259.648 259.815 260.430
259.632 259.737 259.983
259.663 259.723 259.951
259.671 259.698 259.761
259.637 259.690 259.772
259.655 259.707 259.737
259.644 259.672 259.735
259.646 259.682 259.753
259.636 259.663 259.699
259.649 259.687 259.777
259.685 259.706 259.741
259.677 259.718 259.780
259.644 259.664 259.684
259.657 259.729 259.930
259.648 259.673 259.689
259.666 259.856 260.539
259.684 259.802 260.118
259.673 259.694 259.706
259.653 259.809 260.393
259.616 259.661 259.701
259.608 259.693 259.754
259.630 259.677 259.754
259.652 259.704 259.767
259.692 259.712 259.725
259.602 260.310 262.488
259.662 259.677 259.690
259.626 259.645 259.679
259.637 259.659 259.680
259.643 259.666 259.695
259.643 259.667 259.700
259.664 259.687 259.737
259.639 259.702 259.804
259.624 259.664 259.744
259.627 259.676 259.744
259.649 259.668 259.688
259.636 260.244 261.536
259.661 259.698 259.750
259.682 259.825 260.264
259.629 259.668 259.754
259.648 259.691 259.818
259.640 259.648 259.655
259.641 259.655 259.670
259.617 259.673 259.817
259.606 259.638 259.675
259.651 259.677 259.738
259.627 259.679 259.735
259.678 260.005 261.202
259.638 259.710 259.926
259.648 259.676 259.717
259.654 259.694 259.800
259.610 259.637 259.670
259.650 259.683 259.737
259.627 259.656 259.682
259.625 259.650 259.675
259.639 259.682 259.727
259.639 259.644 259.651
259.636 259.674 259.700
259.626 259.646 259.676
259.610 259.639 259.654
259.630 259.668 259.723
259.686 259.728 259.794
259.660 259.672 259.684
259.605 259.629 259.686
259.628 259.643 259.699
259.649 259.706 259.902
259.647 259.668 259.690
259.630 259.648 259.668
259.646 259.713 259.957
259.635 259.702 259.843
259.669 259.696 259.720
259.672 259.685 259.701
259.620 259.661 259.686
259.635 259.649 259.660
259.649 259.734 259.911
259.626 259.656 259.673
259.628 259.856 260.685
259.669 259.724 259.801
259.679 259.685 259.691
259.646 259.666 259.688
259.623 259.630 259.636
259.638 259.653 259.669
259.616 259.653 259.690
259.618 259.656 259.682
259.640 259.659 259.677
259.676 260.085 261.478
259.655 259.668 259.695
259.656 259.703 259.745
259.644 259.670 259.688
259.689 259.706 259.726
259.657 259.680 259.719
259.695 259.707 259.723
259.660 259.704 259.744
259.616 259.646 259.686
259.607 259.632 259.661
259.665 259.698 259.749
259.593 259.643 259.698
259.669 259.682 259.690
259.651 259.756 259.944
259.664 259.669 259.681
259.634 259.652 259.668
259.619 259.681 259.759
259.625 259.644 259.683
259.634 259.660 259.681
259.686 259.700 259.719
259.679 259.719 259.793
259.665 259.681 259.698
259.664 259.674 259.686
259.631 259.641 259.650
259.644 259.667 259.702
259.616 259.684 259.806
259.643 259.700 259.766
259.622 259.641 259.672
259.634 259.666 259.738
259.616 259.638 259.667
259.651 259.659 259.683
259.627 259.640 259.650
259.634 259.649 259.667
259.643 259.729 260.020
259.623 259.858 260.666
259.651 259.670 259.693
259.653 259.683 259.724
259.617 259.642 259.656
259.625 259.644 259.656
259.637 259.658 259.694
259.628 259.845 260.611
259.617 259.644 259.663
259.617 260.031 261.602
259.636 259.756 260.196
259.642 259.695 259.850
259.629 259.642 259.656
259.607 259.710 259.987
259.649 259.687 259.712
262.314 262.340 262.371
261.974 262.441 263.629
262.011 262.826 265.958
262.045 262.484 263.687
261.998 262.548 263.504
262.006 262.054 262.115
261.996 262.034 262.073
261.965 262.009 262.079
262.000 262.026 262.073
262.012 262.026 262.058
261.980 262.205 263.038
262.016 262.049 262.103
262.043 262.126 262.230
262.003 262.023 262.056
279.459 279.470 279.480
279.526 279.880 281.261
279.486 279.511 279.544
279.477 279.494 279.506
279.478 279.509 279.542
279.425 279.703 280.733
279.432 279.925 280.925
279.435 279.474 279.502
279.456 279.510 279.641
279.506 279.515 279.524
279.468 279.483 279.512
279.440 279.467 279.487
279.421 279.463 279.541
279.452 279.463 279.472
279.443 279.477 279.519
279.419 279.460 279.485
279.443 279.461 279.485
279.481 279.574 279.768
279.487 279.499 279.515
279.458 279.477 279.546
279.451 280.105 280.963
279.432 279.481 279.549
279.452 279.472 279.490
279.485 279.850 281.227
279.487 279.494 279.503
279.457 279.464 279.470
279.458 279.470 279.479
279.416 279.460 279.507
279.437 279.456 279.496
279.463 279.881 281.351
279.502 279.517 279.558
279.432 279.478 279.531
279.449 279.472 279.497
279.464 279.506 279.577
279.449 279.460 279.467
279.500 279.551 279.689
279.493 279.575 279.862
279.456 279.485 279.513
279.442 279.504 279.608
279.417 279.527 279.751
279.437 279.456 279.479
279.443 279.466 279.493
279.491 279.499 279.509
279.454 279.483 279.523
279.448 279.470 279.514
279.456 279.491 279.504
279.462 279.468 279.473
279.418 279.469 279.551
279.486 279.513 279.545
279.503 279.526 279.551
279.436 279.508 279.720
279.496 279.583 279.863
279.434 279.447 279.465
279.431 279.450 279.475
279.500 279.508 279.531
279.464 279.499 279.532
279.471 279.495 279.517
279.463 280.209 282.736
279.476 279.488 279.530
279.458 279.481 279.540
279.469 279.483 279.504
279.490 279.500 279.526
279.443 279.462 279.469
279.473 279.481 279.493
279.491 279.653 280.132
279.450 279.467 279.488
279.458 279.473 279.492
279.485 279.514 279.541
279.488 279.530 279.589
279.412 279.432 279.463
279.449 279.480 279.516
279.445 279.478 279.548
279.501 279.528 279.571
279.465 279.493 279.528
279.448 279.467 279.501
279.441 279.461 279.490
279.480 279.506 279.525
279.475 279.767 280.292
279.426 279.501 279.659
279.433 279.474 279.492
279.480 279.491 279.504
279.510 279.515 279.527
279.466 279.472 279.475
279.437 279.448 279.484
279.436 279.560 279.862
279.462 279.491 279.542
279.476 279.503 279.544
279.452 279.553 279.842
279.460 279.492 279.550
279.458 279.482 279.526
279.476 279.499 279.519
279.486 279.509 279.534
279.448 279.510 279.587
279.435 279.471 279.500
279.432 279.463 279.488
279.527 279.546 279.579
279.470 279.510 279.537
279.463 279.557 279.876
279.466 279.502 279.567
279.465 279.489 279.540
279.420 279.459 279.488
279.501 279.505 279.513
279.435 279.461 279.475
279.464 279.505 279.579
279.432 279.461 279.482
279.484 279.566 279.800
279.467 279.510 279.550
279.448 279.576 279.837
279.457 279.487 279.521
279.546 279.800 280.670
279.453 279.568 279.781
279.460 279.487 279.517
279.485 279.649 280.197
279.488 279.521 279.569
279.441 279.473 279.497
279.443 279.519 279.761
279.456 279.489 279.538
279.470 279.514 279.600
279.500 279.708 280.393
279.464 279.506 279.541
279.509 279.533 279.551
279.457 279.618 280.127
279.450 279.474 279.530
279.444 279.476 279.497
279.460 279.480 279.501
279.496 279.516 279.549
279.457 279.531 279.743
279.480 279.509 279.546
279.446 279.559 279.904
279.471 279.504 279.549
279.464 279.553 279.830
279.520 279.537 279.559
279.466 279.513 279.596
279.444 279.484 279.517
279.472 279.492 279.527
279.488 279.506 279.546
279.462 279.490 279.547
279.453 279.479 279.511
279.435 279.513 279.698
279.492 279.515 279.538
279.489 279.520 279.571
279.465 279.513 279.570
279.456 279.598 279.973
279.489 279.501 279.516
279.503 279.551 279.689
279.474 279.505 279.542
279.455 279.478 279.527
279.456 279.480 279.497
279.458 279.657 280.230
279.498 279.560 279.769
279.438 279.484 279.588
279.475 280.019 280.894
279.495 279.526 279.586
279.444 279.488 279.561
279.456 279.509 279.628
279.447 279.496 279.590
279.512 279.518 279.528
279.498 279.563 279.722
279.485 279.500 279.512
279.437 279.461 279.495
279.477 279.554 279.756
279.505 279.559 279.664
279.467 279.488 279.507
279.480 279.500 279.536
279.432 279.510 279.624
279.480 279.543 279.746
279.432 279.463 279.500
279.605 280.553 281.366
279.492 279.519 279.570
279.452 279.542 279.714
279.453 279.495 279.537
279.455 279.732 280.761
279.493 279.517 279.544
279.494 282.670 286.925
279.486 279.545 279.605
279.446 279.480 279.504
279.467 279.532 279.673
279.456 279.478 279.525
279.481 279.506 279.559
279.466 279.497 279.540
279.447 279.480 279.546
279.453 279.496 279.522
279.457 279.491 279.510
279.448 279.483 279.508
279.463 279.484 279.538
279.487 279.516 279.553
279.475 279.837 281.187
279.484 279.497 279.507
279.445 279.526 279.609
279.505 279.528 279.581
279.446 279.475 279.510
279.482 279.502 279.526
279.458 279.475 279.497
279.486 279.547 279.705
279.509 279.544 279.587
279.453 279.471 279.494
279.463 279.488 279.514
279.450 279.477 279.550
279.482 279.508 279.560
279.503 279.558 279.591
279.508 279.543 279.601
279.467 279.487 279.517
279.499 279.585 279.811
279.469 279.530 279.642
279.469 279.501 279.572
279.495 279.568 279.705
279.456 279.508 279.567
279.490 279.525 279.593
279.447 279.764 280.935
279.452 279.502 279.541
279.518 279.561 279.682
279.469 279.498 279.521
279.478 279.508 279.546
279.450 279.559 279.793
279.462 279.490 279.523
279.507 279.550 279.618
279.506 279.536 279.572
279.455 279.470 279.490
279.429 279.468 279.505
279.440 279.483 279.606
279.460 279.501 279.529
279.504 279.525 279.545
279.513 279.562 279.643
279.468 279.491 279.517
279.436 279.506 279.698
279.487 279.547 279.607
279.501 279.526 279.554
279.493 279.517 279.538
279.451 279.486 279.525
279.432 279.837 281.287
279.466 279.535 279.685
279.457 279.484 279.516
279.475 279.485 279.499
279.499 279.532 279.582
279.489 279.599 279.954
279.466 279.485 279.513
279.521 279.841 281.031
279.462 279.502 279.571
279.474 279.528 279.615
279.481 279.532 279.615
279.523 279.875 281.020
279.488 279.537 279.578
279.484 279.535 279.667
279.450 279.486 279.517
279.476 279.503 279.525
279.464 279.527 279.604
279.462 279.538 279.759
279.506 279.611 279.885
279.497 279.548 279.679
279.447 279.467 279.506
279.460 279.483 279.515
279.518 279.565 279.645
279.513 279.548 279.594
279.450 279.487 279.534
279.452 279.558 279.870
279.450 279.475 279.497
279.480 279.501 279.536
279.501 279.528 279.571
279.509 279.540 279.574
279.522 279.532 279.546
279.476 279.515 279.618
279.524 279.546 279.569
279.493 279.506 279.535
279.475 279.488 279.509
279.475 279.498 279.528
279.556 279.878 281.076
279.452 279.541 279.677
279.469 279.543 279.743
279.445 279.453 279.467
279.476 279.505 279.535
279.502 279.554 279.623
279.481 279.563 279.757
279.461 279.514 279.556
279.479 279.518 279.555
279.551 279.612 279.755
279.524 279.590 279.699
279.481 279.515 279.553
279.417 279.561 279.968
279.486 279.527 279.560
279.471 279.493 279.538
279.512 279.621 279.789
279.460 279.483 279.501
279.463 280.356 280.905
279.457 279.489 279.537
279.480 279.499 279.533
279.524 279.563 279.619
279.475 279.570 279.830
279.448 279.501 279.537
279.478 279.507 279.547
279.508 279.554 279.597
279.511 279.764 280.442
279.463 279.536 279.710
279.446 279.482 279.519
279.469 279.484 279.504
279.485 279.521 279.547
279.525 279.575 279.725
279.449 279.486 279.531
279.507 279.544 279.662
279.489 279.521 279.564
279.511 279.743 280.219
279.505 279.581 279.692
279.459 279.482 279.516
279.461 279.493 279.524
279.457 279.500 279.539
279.502 279.522 279.552
279.473 279.504 279.535
279.478 279.541 279.649
279.479 279.491 279.501
279.465 279.497 279.527
279.499 279.512 279.531
279.473 279.492 279.507
279.476 279.970 280.718
279.460 279.484 279.514
279.464 279.498 279.559
279.492 279.533 279.585
279.442 279.496 279.569
279.523 279.562 279.665
279.493 279.585 279.729
279.519 279.551 279.633
280.407 289.939 295.429
285.945 289.871 294.770
284.297 290.285 294.608
279.965 286.035 292.280
279.737 288.810 294.537
279.549 287.202 292.730
279.461 279.518 279.596
279.448 279.480 279.511
279.477 279.506 279.549
279.507 279.886 280.553
279.507 279.542 279.568
279.481 279.518 279.565
280.961 281.136 281.379
279.435 279.499 279.533
279.475 279.502 279.580
279.447 279.660 280.313
279.516 279.538 279.563
279.453 279.501 279.597
279.486 279.504 279.524
279.480 279.516 279.546
285.121 290.333 294.424
282.656 288.291 295.240
283.922 289.848 294.872
280.226 287.849 293.406
279.449 279.506 279.629
279.515 279.537 279.566
279.469 279.547 279.745
279.481 279.500 279.530
279.455 279.529 279.705
279.482 279.506 279.523
279.503 279.557 279.650
279.530 279.590 279.680
279.461 279.494 279.559
279.491 279.522 279.613
279.465 279.510 279.608
279.519 279.540 279.603
279.516 279.679 280.219
279.455 279.477 279.502
279.476 279.520 279.617
279.481 279.677 280.186
279.484 279.524 279.569
279.510 279.535 279.553
279.484 279.502 279.520
279.501 279.541 279.639
279.476 279.608 280.020
279.464 279.512 279.603
279.510 279.768 280.667
279.456 279.477 279.495
279.471 279.484 279.507
279.475 279.772 280.839
279.463 279.499 279.535
279.493 279.536 279.622
279.504 279.528 279.553
279.448 279.484 279.517
279.495 279.519 279.552
279.473 279.499 279.534
279.498 279.521 279.551
279.493 279.532 279.562
279.481 279.507 279.543
279.451 279.502 279.570
279.493 279.583 279.844
279.508 279.609 279.833
279.499 279.547 279.607
279.486 279.632 280.106
281.895 282.148 282.328
279.455 279.481 279.514
279.461 279.485 279.503
279.445 279.504 279.576
279.490 279.511 279.531
279.465 279.650 280.363
279.448 279.518 279.697
279.470 279.484 279.521
279.518 279.534 279.571
279.491 279.538 279.648
279.480 279.487 279.500
279.434 279.479 279.496
279.484 279.522 279.617
279.479 279.493 279.506
279.482 279.524 279.571
279.479 279.506 279.529
279.464 279.515 279.639
279.486 282.765 290.397
284.886 288.733 294.251
279.480 279.507 279.561
279.487 279.499 279.524
279.499 279.523 279.563
279.508 279.679 280.314
279.452 279.506 279.557
279.444 279.493 279.609
280.175 285.958 290.970
283.762 289.923 294.279
279.535 279.787 280.173
279.504 280.280 280.988
280.396 286.773 291.752
283.561 287.237 291.413
284.247 286.827 290.337
284.432 288.288 294.506
279.447 279.471 279.506
279.443 279.490 279.518
279.466 279.487 279.524
279.435 279.467 279.504
279.492 279.542 279.662
279.468 279.490 279.513
279.439 279.468 279.493
279.466 279.501 279.541
279.445 279.474 279.514
279.472 279.484 279.496
279.434 279.490 279.530
279.492 279.526 279.571
279.489 279.522 279.617
279.454 279.467 279.474
279.450 279.705 280.610
279.489 279.612 279.935
279.458 279.940 280.777
279.452 279.484 279.501
279.446 279.467 279.541
279.427 279.507 279.573
279.453 279.496 279.582
279.444 279.527 279.649
279.518 279.602 279.869
279.461 279.482 279.507
279.467 279.481 279.516
279.479 279.502 279.536
284.363 287.914 291.132
280.311 286.556 291.681
279.450 279.489 279.538
279.473 279.513 279.538
279.441 279.708 280.636
279.427 279.490 279.593
279.447 279.646 280.334
279.501 279.544 279.623
279.456 279.495 279.526
279.468 279.488 279.521
279.457 279.549 279.793
279.485 279.559 279.629
279.471 279.509 279.580
279.460 279.489 279.522
279.464 279.493 279.539
279.436 279.476 279.519
279.436 279.463 279.491
279.514 279.538 279.578
279.446 279.514 279.657
279.484 279.957 281.707
279.436 279.664 280.344
279.504 279.553 279.637
279.494 279.553 279.720
279.477 279.486 279.504
279.467 279.523 279.606
279.467 279.488 279.524
279.465 279.497 279.533
279.458 279.475 279.491
279.489 279.542 279.581
279.517 279.542 279.621
279.460 279.511 279.587
279.472 279.497 279.565
279.460 279.484 279.532
279.492 279.537 279.563
279.450 279.537 279.679
279.495 279.519 279.540
279.488 279.497 279.504
279.497 279.549 279.617
279.449 279.484 279.507
279.483 279.532 279.642
279.477 279.499 279.535
279.495 279.515 279.550
279.520 279.546 279.574
279.484 279.528 279.564
279.473 279.507 279.539
279.430 279.478 279.589
279.462 279.500 279.532
279.473 279.499 279.554
279.488 279.549 279.668
279.470 279.487 279.505
279.470 279.653 280.202
279.487 279.512 279.561
279.475 279.513 279.604
279.477 279.765 280.852
279.463 279.497 279.546
279.488 279.518 279.574
279.495 279.532 279.623
279.460 279.485 279.540
279.471 279.486 279.494
279.433 279.440 279.454
279.502 279.560 279.668
279.461 279.514 279.558
279.471 279.534 279.659
279.465 279.534 279.744
279.472 279.498 279.522
279.496 279.519 279.559
279.459 279.536 279.717
279.461 279.515 279.620
279.461 279.560 279.699
279.717 280.459 282.800
279.472 279.487 279.519
279.463 279.773 280.877
279.504 280.014 281.100
279.484 279.558 279.771
279.477 279.506 279.573
279.515 279.539 279.569
279.458 279.487 279.520
279.447 279.703 280.514
279.474 279.597 279.970
279.455 279.482 279.507
279.486 279.506 279.524
279.477 279.490 279.504
279.513 280.096 280.978
279.495 279.526 279.549
279.470 279.507 279.566
279.517 279.545 279.577
279.474 279.517 279.613
279.452 279.486 279.516
279.453 279.509 279.563
279.475 279.487 279.523
279.461 279.492 279.527
279.429 279.632 280.137
279.471 279.518 279.589
279.491 279.567 279.720
279.439 279.494 279.609
279.503 279.577 279.768
279.451 279.492 279.523
279.538 279.569 279.648
279.490 279.520 279.582
287.289 287.322 287.348
287.317 287.325 287.334
287.330 287.377 287.443
287.893 288.932 290.881
287.314 287.371 287.495
287.270 287.353 287.430
287.333 287.423 287.621
287.333 287.600 288.566
283.189 283.413 283.692
283.186 283.298 283.405
283.083 283.401 283.579
283.264 283.349 283.448
283.260 283.489 283.707
283.160 283.391 283.629
283.095 283.337 283.431
283.191 283.330 283.575
283.107 283.450 283.659
283.165 283.523 284.229
282.349 283.052 283.425
282.810 283.068 283.460
281.737 282.896 284.042
282.369 282.821 283.085
282.613 283.489 284.665
283.168 283.421 283.679
283.360 283.531 283.716
282.812 283.029 283.348
282.701 283.229 283.497
282.852 283.266 283.578
281.751 282.866 283.348
281.755 282.650 283.284
282.764 283.226 283.556
281.043 282.630 283.310
282.019 282.834 283.536
280.675 282.569 283.252
279.304 281.676 283.089
278.121 281.779 282.998
280.943 282.391 283.252
280.546 282.105 284.608
275.889 281.565 283.421
279.966 282.538 284.299
280.491 282.455 283.458
282.530 282.993 283.461
281.794 283.034 283.532
278.544 281.025 282.612
280.999 282.251 283.570
279.624 281.435 283.066
278.485 281.369 283.310
280.511 282.329 283.262
279.148 279.532 279.741
281.181 282.511 283.226
278.668 281.032 283.312
277.745 280.952 282.845
276.984 279.339 282.346
273.640 280.489 283.452
277.075 280.374 282.233
276.960 279.897 282.450
279.434 281.244 282.615
277.481 280.773 283.174
279.501 280.922 283.122
279.307 281.805 283.416
274.984 277.505 278.833
279.491 279.519 279.537
279.479 279.499 279.524
279.497 279.512 279.524
279.448 279.461 279.472
279.449 279.470 279.493
279.471 279.486 279.503
279.445 279.476 279.515
279.433 279.461 279.483
279.462 279.484 279.537
279.450 279.465 279.481
279.505 280.019 280.670
279.441 279.465 279.499
279.437 279.463 279.483
279.467 279.483 279.497
279.446 279.485 279.510
279.439 279.481 279.533
279.455 279.476 279.494
279.490 279.514 279.549
279.466 279.513 279.567
279.464 279.525 279.634
279.482 279.522 279.607
279.435 279.467 279.482
279.470 279.594 279.751
279.490 279.547 279.642
279.436 279.805 281.139
279.510 279.560 279.679
279.488 279.523 279.573
279.469 279.548 279.669
279.493 279.849 279.986
279.450 279.479 279.511
279.459 279.473 279.505
279.459 279.480 279.506
279.463 279.484 279.499
279.485 279.531 279.579
279.472 279.483 279.496
279.497 279.528 279.566
279.493 279.536 279.607
279.442 279.465 279.519
279.435 279.463 279.480
279.492 279.622 279.926
279.448 279.487 279.567
279.485 279.520 279.545
279.468 279.522 279.569
279.444 279.473 279.515
279.477 279.514 279.570
279.478 279.519 279.565
279.454 279.689 280.453
279.453 279.474 279.496
279.477 279.509 279.560
279.481 279.539 279.581
279.425 279.512 279.661
279.503 279.531 279.579
279.491 279.535 279.676
279.479 279.514 279.553
279.493 279.508 279.535
279.444 279.473 279.512
279.468 279.513 279.654
279.523 279.589 279.666
279.435 279.515 279.572
279.460 279.520 279.734
279.460 279.500 279.530
279.520 279.591 279.652
279.478 279.515 279.586
279.464 279.506 279.554
279.460 279.472 279.484
279.437 279.473 279.497
279.488 279.602 280.001
279.435 279.466 279.510
279.462 279.482 279.499
279.470 279.577 279.982
279.469 279.507 279.579
279.464 279.486 279.517
279.496 279.531 279.626
279.483 279.522 279.577
279.487 279.508 279.532
279.451 279.490 279.525
279.479 279.499 279.534
279.403 279.449 279.492
279.464 279.483 279.518
279.484 279.735 280.547
279.455 279.502 279.559
279.425 279.458 279.476
279.432 279.522 279.781
279.450 279.532 279.705
279.463 279.595 280.089
279.476 279.508 279.581
279.497 279.694 280.343
279.469 279.488 279.510
279.438 279.476 279.504
279.490 279.506 279.530
279.509 279.527 279.586
279.467 279.483 279.494
279.456 279.487 279.525
279.467 279.479 279.508
279.475 279.569 279.887
279.492 279.520 279.555
279.461 279.500 279.579
279.510 279.528 279.572
279.456 279.503 279.601
279.444 279.465 279.486
279.439 279.474 279.536
279.467 279.492 279.527
279.431 279.640 280.272
279.470 279.523 279.605
279.442 279.483 279.517
279.460 279.481 279.499
279.477 279.507 279.547
279.462 279.467 279.473
279.483 279.494 279.511
279.452 279.494 279.547
279.445 279.547 279.653
279.523 279.643 279.786
279.432 279.458 279.478
279.443 279.877 280.886
279.459 279.471 279.491
279.503 279.526 279.553
279.461 279.473 279.487
279.457 279.475 279.489
279.446 279.498 279.566
279.436 279.463 279.510
279.503 279.527 279.566
279.478 279.836 280.208
279.462 279.471 279.485
279.447 279.673 280.498
279.433 279.476 279.588
279.474 280.039 282.243
279.469 279.576 279.792
279.437 279.455 279.481
279.421 279.521 279.650
279.441 279.924 281.767
279.434 279.469 279.494
279.494 279.525 279.551
279.440 279.474 279.534
279.452 279.476 279.497
279.433 279.478 279.531
279.489 279.500 279.514
279.457 279.516 279.574
279.453 279.506 279.557
279.479 279.521 279.604
279.455 279.902 281.449
279.443 279.469 279.514
279.440 279.466 279.499
279.451 279.735 280.847
279.442 279.476 279.550
279.477 279.512 279.539
279.496 279.526 279.558
279.475 279.512 279.573
279.442 279.463 279.493
279.503 279.540 279.620
279.467 279.598 279.953
279.447 279.593 280.143
279.429 279.466 279.515
279.438 279.470 279.488
279.463 279.601 279.982
279.492 279.537 279.580
279.494 279.520 279.558
279.460 279.602 280.097
279.460 279.479 279.499
279.454 279.489 279.529
279.460 279.516 279.574
279.488 279.510 279.530
279.452 279.503 279.534
279.465 279.575 279.985
279.440 279.473 279.491
279.437 279.447 279.466
279.474 279.492 279.513
279.500 279.508 279.514
279.465 279.500 279.519
279.452 279.575 279.987
279.456 279.495 279.564
279.472 279.764 280.873
279.503 279.507 279.515
279.451 279.483 279.518
279.466 279.479 279.505
279.434 279.455 279.489
279.446 279.457 279.469
279.473 279.532 279.607
279.488 279.512 279.523
279.442 279.477 279.528
279.455 279.469 279.487
279.424 279.451 279.478
279.448 279.456 279.461
279.502 279.518 279.536
279.474 279.500 279.546
279.473 279.501 279.558
279.460 279.477 279.492
279.454 279.471 279.497
279.428 279.449 279.487
279.453 279.518 279.739
279.505 279.539 279.626
279.453 279.497 279.580
279.419 279.466 279.491
279.446 279.501 279.656
279.434 279.484 279.538
279.464 279.475 279.496
279.445 279.601 280.116
279.468 279.517 279.629
279.472 279.490 279.515
279.458 279.492 279.540
279.477 279.496 279.511
279.472 279.495 279.519
279.444 279.466 279.489
279.475 279.509 279.584
279.457 279.502 279.654
279.468 279.490 279.515
279.456 279.474 279.499
279.443 279.467 279.490
279.443 279.470 279.523
279.471 279.558 279.732
279.474 279.493 279.524
279.478 279.511 279.604
252.455 252.738 253.708
252.430 252.510 252.747
252.446 252.483 252.554
252.478 252.516 252.623
252.483 252.501 252.524
252.426 252.456 252.507
252.446 252.497 252.596
252.456 252.473 252.502
252.499 252.559 252.646
252.495 252.958 254.427
252.443 252.499 252.654
252.457 252.555 252.726
252.467 252.483 252.504
252.474 252.476 252.478
252.476 252.500 252.521
252.422 252.470 252.514
252.422 252.459 252.498
252.436 252.509 252.582
252.482 252.509 252.569
252.504 252.522 252.545
252.445 252.462 252.471
252.478 252.584 252.912
252.392 252.440 252.539
252.388 252.430 252.594
252.422 252.447 252.477
252.385 252.417 252.498
252.360 252.400 252.455
252.368 252.390 252.417
252.374 252.415 252.476
252.471 252.506 252.532
252.457 252.500 252.538
252.443 252.472 252.505
252.378 252.423 252.558
252.402 252.439 252.503
252.354 252.385 252.416
252.373 252.387 252.401
252.401 252.426 252.452
252.443 252.887 254.377
252.476 252.590 252.957
252.465 252.478 252.491
252.375 252.396 252.414
252.392 253.375 253.924
252.386 252.414 252.482
252.449 252.599 252.945
252.434 252.469 252.555
252.338 252.399 252.438
252.366 252.390 252.428
252.364 252.399 252.423
252.372 252.445 252.603
252.435 252.461 252.483
252.430 252.457 252.493
252.453 252.487 252.568
252.471 252.505 252.557
252.450 252.538 252.849
252.442 252.616 253.270
252.368 252.401 252.452
252.370 252.399 252.454
252.933 253.461 253.956
252.390 252.401 252.416
252.405 252.419 252.438
252.360 252.815 253.584
252.367 252.611 253.455
252.423 252.443 252.473
252.431 252.438 252.447
252.382 252.412 252.469
252.404 252.477 252.730
252.389 252.463 252.594
252.410 252.434 252.482
252.368 252.393 252.433
252.388 252.417 252.430
252.410 252.427 252.459
252.364 252.402 252.486
252.385 252.401 252.426
252.378 252.404 252.436
252.413 252.441 252.467
252.393 252.422 252.448
252.375 252.483 252.836
252.492 252.525 252.565
252.443 252.479 252.522
252.468 252.491 252.548
252.429 252.445 252.460
252.400 252.538 252.949
252.392 252.912 254.925
252.384 252.412 252.443
252.403 252.429 252.450
252.366 252.415 252.469
252.386 252.417 252.467
252.398 252.810 254.318
252.421 252.430 252.447
252.390 252.405 252.416
252.396 252.414 252.446
252.379 252.437 252.476
252.392 252.415 252.441
252.391 252.412 252.429
252.408 252.472 252.593
252.376 252.391 252.414
252.360 252.388 252.431
252.459 252.507 252.560
252.498 252.528 252.553
252.432 252.743 253.958
252.395 252.416 252.465
252.393 252.428 252.466
252.377 252.404 252.463
252.452 252.552 252.861
252.451 252.543 252.815
252.466 252.609 253.108
252.891 253.821 254.363
252.443 252.621 253.168
252.490 252.535 252.603
252.445 252.482 252.562
252.486 252.527 252.559
252.396 252.432 252.495
252.394 252.418 252.474
252.393 252.616 253.388
252.416 252.439 252.459
252.376 252.401 252.431
252.408 252.440 252.477
252.438 252.582 253.102
252.368 252.412 252.434
252.381 252.421 252.447
252.378 252.659 253.314
252.425 252.447 252.506
252.410 252.457 252.502
252.379 252.624 253.413
252.449 252.691 253.084
252.455 252.707 253.221
252.454 252.473 252.505
252.386 252.405 252.428
252.385 252.421 252.439
252.419 252.538 252.923
252.380 252.678 253.668
252.390 252.417 252.482
252.371 252.388 252.415
252.415 252.436 252.475
252.384 252.404 252.421
252.369 252.410 252.433
252.366 252.717 254.038
254.878 259.718 268.159
252.430 252.536 252.816
252.415 253.316 254.073
252.384 252.480 252.728
252.433 252.470 252.523
252.369 252.407 252.442
252.359 252.400 252.460
252.377 252.400 252.420
252.497 252.524 252.562
252.446 252.577 252.940
252.487 252.565 252.795
252.386 252.737 253.304
252.432 252.559 252.970
252.361 252.383 252.414
252.363 252.402 252.441
252.432 252.562 252.852
252.447 252.457 252.466
252.371 252.667 253.486
252.385 252.554 253.182
252.382 252.405 252.473
252.376 252.449 252.595
252.368 252.695 253.732
252.376 252.430 252.518
252.408 252.535 252.888
252.352 252.397 252.437
252.392 252.451 252.564
252.385 252.475 252.588
252.401 252.734 253.473
252.362 252.440 252.596
252.370 252.395 252.454
252.384 252.402 252.421
252.415 252.646 253.379
252.383 252.416 252.453
252.464 252.824 254.102
252.487 252.587 252.786
252.497 252.869 253.210
252.375 252.467 252.735
252.382 252.452 252.598
252.421 252.444 252.481
252.462 252.496 252.585
252.475 252.508 252.554
252.468 252.476 252.483
252.531 252.612 252.802
252.432 252.475 252.592
252.455 252.508 252.639
252.459 252.485 252.537
252.432 252.438 252.460
252.379 252.414 252.434
252.379 252.415 252.467
252.393 252.418 252.457
252.417 252.442 252.456
252.410 252.596 253.183
252.372 252.419 252.485
252.435 252.445 252.452
252.387 252.579 253.217
252.363 252.390 252.419
252.386 252.421 252.453
252.421 252.451 252.490
252.361 252.413 252.529
252.385 252.431 252.461
252.417 252.454 252.529
252.360 252.413 252.443
252.364 252.423 252.464
252.411 252.466 252.534
252.417 252.508 252.570
252.385 252.430 252.493
252.397 252.470 252.633
252.408 252.460 252.516
252.369 252.402 252.470
252.385 252.445 252.500
252.364 252.439 252.520
252.403 252.934 254.187
252.430 252.464 252.525
252.370 252.443 252.552
252.374 252.422 252.521
252.411 252.439 252.484
252.404 252.419 252.434
252.447 252.481 252.544
252.410 252.479 252.632
252.446 252.501 252.614
252.455 252.467 252.479
252.489 252.549 252.709
252.498 261.668 266.791
252.380 252.460 252.772
252.419 252.439 252.468
252.366 252.401 252.449
252.370 252.785 253.967
252.416 252.744 253.806
252.423 252.458 252.539
252.379 252.416 252.447
252.409 252.446 252.506
252.407 252.435 252.502
252.420 252.450 252.481
252.363 252.564 253.312
252.463 252.508 252.613
252.448 252.455 252.464
252.445 252.473 252.510
252.524 252.535 252.551
252.431 252.448 252.495
252.457 252.477 252.517
252.455 253.463 254.417
252.497 252.534 252.582
252.451 252.474 252.493
252.494 252.542 252.589
252.461 252.553 252.803
252.448 252.664 253.510
252.377 252.403 252.439
252.394 252.489 252.670
252.366 252.695 253.750
252.406 252.434 252.481
252.391 252.435 252.495
252.385 252.436 252.499
252.392 252.439 252.532
252.387 252.408 252.435
252.417 252.461 252.515
252.379 252.417 252.456
252.546 253.477 253.941
252.369 252.505 252.824
252.392 252.521 252.959
252.437 252.663 253.223
252.408 252.441 252.478
252.389 252.439 252.568
252.377 252.535 252.881
252.417 252.482 252.613
252.379 252.400 252.417
252.373 252.415 252.519
252.395 252.445 252.510
252.400 252.456 252.527
252.436 252.473 252.583
252.418 252.444 252.471
252.382 252.440 252.561
252.397 252.497 252.726
252.530 252.595 252.727
252.446 252.474 252.507
252.444 252.483 252.528
252.387 252.784 254.148
252.456 252.532 252.628
252.379 252.399 252.431
252.470 252.558 252.727
252.441 252.466 252.480
252.494 252.874 254.298
252.461 252.489 252.518
252.459 252.510 252.636
252.459 252.498 252.547
252.516 252.535 252.558
252.338 252.653 253.681
252.378 252.579 253.152
252.358 252.853 254.394
252.394 252.444 252.541
252.388 252.437 252.509
252.371 252.413 252.469
252.391 252.422 252.489
252.390 252.813 254.353
252.433 252.486 252.613
252.396 252.429 252.537
252.395 252.425 252.442
252.406 252.436 252.470
252.423 252.432 252.447
252.421 252.589 253.026
252.406 252.443 252.479
252.397 252.438 252.510
252.387 252.451 252.535
252.422 252.452 252.495
252.370 252.397 252.433
252.415 252.425 252.442
252.405 252.424 252.451
252.409 252.797 253.873
252.428 252.460 252.481
252.422 252.445 252.515
252.460 252.484 252.497
252.468 252.506 252.576
252.462 252.494 252.546
252.429 252.488 252.585
252.518 252.550 252.584
252.492 252.524 252.551
252.444 252.502 252.561
252.472 252.539 252.687
252.461 253.246 254.410
252.476 252.880 253.518
252.481 252.630 253.011
252.445 252.533 252.852
252.424 252.469 252.543
252.457 252.503 252.540
252.447 252.489 252.594
252.431 252.455 252.525
252.384 252.550 252.887
252.399 252.425 252.472
252.353 252.413 252.456
252.494 252.595 252.940
252.465 252.499 252.555
252.448 252.488 252.502
252.473 252.497 252.534
252.429 252.549 252.972
252.380 252.446 252.538
252.376 252.406 252.432
252.446 252.484 252.553
252.495 252.522 252.534
252.453 252.523 252.688
252.359 252.658 253.497
252.364 252.424 252.601
252.391 252.623 252.983
252.402 252.432 252.465
252.505 252.537 252.592
252.513 252.539 252.593
252.449 252.540 252.675
252.384 252.403 252.449
252.370 252.403 252.436
252.394 252.425 252.501
252.430 252.465 252.502
252.386 252.471 252.614
252.384 252.406 252.435
252.370 252.408 252.460
252.396 252.450 252.573
252.415 252.691 253.063
252.376 252.423 252.479
252.390 252.561 252.905
252.395 252.428 252.497
252.440 252.472 252.517
252.388 252.418 252.457
252.391 252.433 252.467
252.384 252.430 252.528
252.422 252.453 252.484
252.387 252.460 252.674
252.406 252.743 253.470
252.363 252.400 252.448
252.421 252.437 252.454
252.484 252.542 252.574
252.462 252.494 252.530
252.443 252.459 252.482
252.492 252.810 253.981
252.484 252.517 252.632
252.434 252.500 252.683
252.518 252.539 252.588
252.475 252.510 252.562
252.511 252.533 252.568
252.387 252.433 252.570
252.432 252.442 252.456
252.382 252.396 252.414
252.382 252.389 252.407
252.456 252.513 252.675
252.482 252.762 253.822
252.472 252.841 253.951
252.386 252.408 252.424
252.362 252.665 253.198
252.403 252.448 252.492
252.464 252.482 252.510
252.458 252.488 252.538
252.483 252.542 252.705
252.432 252.517 252.670
252.372 252.417 252.538
252.438 252.746 253.667
252.386 252.695 253.827
252.382 252.407 252.434
252.435 252.497 252.594
252.390 252.403 252.418
252.376 252.404 252.441
252.379 252.424 252.487
252.431 252.440 252.452
252.415 252.701 253.612
252.370 252.436 252.622
252.353 252.412 252.472
252.379 252.484 252.770
252.404 252.788 254.259
252.389 252.451 252.552
252.352 253.369 253.925
252.382 252.418 252.452
252.396 252.411 252.434
252.424 252.895 254.704
252.377 252.416 252.470
252.388 252.422 252.518
252.473 252.614 252.909
252.417 252.730 253.478
252.426 252.508 252.615
252.379 252.444 252.471
252.442 252.465 252.499
252.356 252.459 252.584
252.395 252.477 252.659
252.363 252.770 253.989
252.443 252.459 252.482
252.470 252.506 252.555
252.493 252.990 253.908
252.383 252.427 252.492
252.368 252.396 252.431
252.388 252.400 252.426
252.387 252.411 252.426
252.440 252.488 252.611
252.361 252.386 252.416
252.383 252.596 252.951
252.392 252.426 252.512
252.446 252.498 252.694
252.363 252.406 252.445
252.403 252.410 252.417
252.419 252.456 252.487
252.419 252.457 252.488
252.399 252.698 253.600
252.381 252.407 252.495
252.374 252.474 252.645
252.454 252.510 252.632
252.373 252.430 252.609
252.384 252.445 252.538
252.388 252.424 252.470
252.445 252.465 252.502
252.394 252.452 252.606
252.410 252.580 253.089
252.415 252.436 252.480
252.433 252.591 253.038
252.381 252.409 252.426
252.376 252.408 252.465
252.360 252.430 252.593
252.404 252.614 253.036
252.427 252.480 252.639
252.399 252.427 252.495
252.389 252.501 252.714
252.374 252.444 252.498
252.421 252.454 252.518
252.374 252.411 252.445
252.378 252.419 252.439
252.408 252.447 252.566
252.399 252.756 253.801
252.445 252.492 252.640
252.370 252.456 252.695
252.353 252.430 252.616
252.390 252.410 252.444
252.448 252.515 252.605
252.385 252.405 252.440
252.385 252.790 254.220
252.391 252.613 253.442
252.402 252.433 252.460
252.381 252.434 252.581
252.468 252.482 252.499
252.780 253.187 253.748
252.475 252.674 253.411
252.483 253.036 254.400
252.344 252.784 254.332
252.399 252.443 252.562
252.396 252.421 252.476
252.470 252.546 252.666
252.480 253.036 253.995
252.461 252.575 252.958
252.396 252.431 252.470
252.386 252.455 252.582
252.408 252.557 253.090
252.397 252.448 252.566
252.374 252.488 252.643
252.438 252.464 252.481
252.386 252.423 252.466
252.381 252.766 253.869
252.391 252.428 252.467
252.429 252.460 252.536
252.427 252.437 252.454
252.374 252.409 252.465
252.368 252.398 252.460
252.387 252.412 252.437
252.400 252.439 252.501
252.389 252.411 252.466
252.399 252.414 252.426
252.390 252.443 252.542
252.441 252.485 252.572
252.395 252.476 252.581
252.395 252.527 252.829
252.405 252.550 253.005
252.419 252.439 252.479
252.430 253.252 253.978
252.378 252.412 252.433
252.377 252.422 252.468
252.398 252.673 253.664
252.436 252.473 252.519
252.402 252.451 252.490
252.356 252.379 252.401
252.381 252.454 252.620
252.363 252.399 252.462
252.384 252.449 252.626
252.383 252.488 252.604
252.414 252.435 252.466
252.471 252.504 252.524
252.486 252.556 252.627
252.479 252.524 252.647
252.472 252.505 252.525
252.497 252.533 252.578
252.501 252.571 252.727
252.501 252.765 253.620
252.496 252.598 252.899
252.439 252.462 252.476
252.453 252.482 252.500
252.463 252.534 252.692
252.438 252.453 252.470
252.430 252.527 252.708
252.451 252.477 252.502
252.393 252.449 252.482
252.401 252.421 252.447
252.412 252.723 253.745
252.413 252.435 252.480
252.393 252.470 252.587
252.409 252.429 252.453
252.430 252.459 252.499
252.961 253.565 254.004
252.428 252.462 252.487
252.478 252.503 252.535
252.465 252.711 253.500
252.490 252.517 252.581
252.508 252.599 252.858
252.482 252.514 252.555
252.390 252.444 252.518
252.401 252.443 252.497
252.402 252.512 252.680
252.413 252.427 252.450
252.430 252.505 252.614
252.457 252.527 252.666
252.399 252.544 252.901
252.401 252.458 252.522
252.496 252.596 252.887
252.463 252.519 252.597
252.516 252.537 252.575
252.445 252.502 252.551
252.484 252.497 252.515
252.497 252.529 252.590
252.456 252.487 252.511
252.465 252.489 252.550
252.476 252.509 252.548
252.467 252.502 252.526
252.467 252.498 252.533
252.509 252.567 252.769
252.448 252.496 252.576
252.400 252.421 252.442
252.393 252.417 252.483
252.382 252.416 252.430
252.397 252.424 252.450
252.425 252.472 252.511
252.462 252.681 253.462
252.392 252.481 252.642
252.388 252.410 252.477
252.389 252.422 252.470
252.383 252.407 252.434
252.408 252.429 252.445
252.433 252.583 252.795
252.359 252.400 252.424
252.367 252.397 252.420
252.390 252.423 252.486
252.394 252.411 252.431
252.400 252.416 252.440
252.509 252.530 252.552
252.502 252.589 252.698
252.430 252.466 252.481
252.449 252.488 252.528
252.460 252.503 252.541
252.491 252.513 252.563
252.432 252.504 252.678
252.444 252.501 252.557
252.461 252.481 252.522
252.512 252.537 252.557
252.541 252.772 253.662
252.450 252.559 252.840
252.496 252.523 252.587
252.423 252.582 253.063
252.363 252.407 252.443
252.411 252.433 252.448
252.442 252.469 252.525
252.407 252.806 254.349
252.438 252.471 252.534
252.383 252.438 252.482
252.391 252.412 252.441
252.426 252.474 252.588
252.431 252.451 252.476
252.413 252.546 252.930
252.444 252.460 252.480
252.437 252.458 252.476
252.399 252.435 252.539
252.396 252.470 252.590
252.375 252.450 252.549
252.394 252.422 252.460
252.400 252.434 252.468
252.428 252.478 252.520
252.411 252.660 253.462
252.398 252.533 252.917
252.401 252.532 252.847
252.406 252.481 252.590
252.404 252.426 252.457
252.417 252.428 252.443
252.402 252.414 252.439
252.383 252.407 252.448
252.400 252.556 253.059
252.439 252.524 252.722
252.442 252.461 252.485
252.383 252.438 252.580
252.399 252.441 252.578
252.464 252.609 252.917
252.418 252.438 252.450
252.428 252.468 252.494
252.439 252.459 252.485
252.371 252.405 252.436
252.389 252.399 252.407
252.382 252.398 252.426
252.397 252.408 252.449
252.449 252.455 252.477
252.433 252.798 254.241
252.382 252.410 252.446
252.382 252.419 252.513
252.396 252.424 252.445
252.375 252.612 253.473
252.408 252.431 252.460
252.426 252.535 252.767
252.469 252.506 252.561
252.470 252.514 252.580
252.476 252.483 252.503
252.433 252.470 252.508
252.458 252.480 252.494
252.461 252.492 252.550
252.520 252.559 252.637
252.519 252.524 252.532
252.479 252.496 252.523
252.382 252.406 252.426
252.415 252.616 253.069
252.354 252.385 252.402
252.393 252.446 252.530
252.424 252.532 252.861
252.399 252.409 252.434
252.383 252.413 252.460
252.395 252.518 252.955
252.384 252.402 252.415
252.424 252.438 252.458
252.413 252.435 252.461
252.404 252.427 252.459
252.384 252.435 252.524
252.418 252.436 252.461
252.373 252.397 252.421
252.442 252.462 252.500
252.390 252.448 252.561
252.391 252.418 252.452
252.374 252.424 252.467
252.354 252.387 252.418
252.456 252.489 252.503
252.505 252.516 252.531
252.480 252.521 252.541
252.411 252.433 252.448
252.392 252.561 253.166
252.395 252.409 252.421
252.453 252.498 252.552
252.495 252.542 252.644
252.438 252.470 252.495
252.455 252.786 254.011
252.452 252.465 252.489
252.408 252.503 252.601
252.360 252.391 252.407
252.366 252.403 252.419
252.379 252.443 252.513
252.391 252.428 252.466
252.395 252.418 252.458
252.421 252.451 252.509
252.387 252.397 252.415
252.384 252.398 252.425
252.390 252.399 252.407
252.399 252.777 254.125
252.426 252.457 252.503
252.435 252.452 252.470
252.392 252.404 252.419
252.358 252.539 253.086
252.348 252.412 252.507
252.380 252.416 252.441
252.403 252.419 252.456
252.453 252.478 252.503
252.455 252.514 252.648
252.443 252.610 253.108
252.459 252.496 252.520
252.375 252.388 252.406
252.407 253.305 254.139
252.400 252.420 252.447
252.375 252.389 252.418
252.372 252.386 252.395
252.397 252.480 252.707
252.409 252.443 252.490
252.469 252.508 252.539
252.461 252.553 252.882
252.453 252.815 254.150
252.456 252.472 252.513
252.446 252.491 252.509
252.498 252.558 252.640
252.527 252.540 252.560
252.440 252.499 252.577
252.462 252.477 252.511
252.480 252.492 252.530
252.456 252.567 252.945
252.495 252.530 252.549
252.480 252.506 252.551
252.455 252.487 252.554
252.490 252.608 253.000
252.472 252.481 252.505
252.393 252.410 252.443
252.416 252.509 252.795
252.421 252.840 254.442
252.507 252.512 252.517
252.415 252.590 253.100
252.920 253.572 254.058
252.452 252.492 252.564
252.475 252.504 252.544
252.500 252.537 252.625
252.501 252.521 252.543
252.463 252.480 252.516
252.466 252.648 253.301
252.450 252.504 252.655
252.507 252.517 252.545
252.501 252.781 253.709
252.431 252.474 252.503
252.446 252.477 252.496
252.448 252.473 252.495
252.499 252.977 254.808
252.486 252.769 253.722
252.457 252.477 252.504
252.469 252.498 252.519
252.466 252.492 252.511
252.452 252.478 252.520
252.441 252.462 252.494
252.486 252.491 252.502
252.470 252.496 252.533
252.469 252.508 252.583
252.440 252.485 252.501
252.476 252.486 252.492
252.368 252.429 252.482
252.458 252.469 252.490
252.398 252.415 252.429
252.399 252.464 252.583
252.406 252.707 253.741
252.378 252.408 252.435
252.415 252.451 252.495
252.385 252.416 252.452
252.389 252.422 252.485
252.372 252.413 252.445
252.389 252.433 252.469
252.430 252.458 252.491
252.389 252.509 252.805
252.371 252.400 252.432
252.385 252.399 252.416
252.430 252.557 252.877
252.404 252.448 252.534
252.374 252.403 252.436
252.380 252.418 252.470
252.411 252.427 252.435
252.402 252.563 253.093
252.383 252.408 252.424
252.390 252.415 252.456
252.389 252.466 252.527
252.429 252.602 253.145
252.402 252.631 253.396
252.380 252.734 254.046
252.380 252.397 252.423
252.408 252.763 253.411
252.429 252.468 252.522
252.366 252.388 252.400
252.386 252.407 252.421
252.404 252.437 252.460
252.380 252.399 252.415
252.490 252.589 252.735
252.444 252.510 252.664
252.450 252.474 252.502
252.451 252.485 252.551
252.376 252.471 252.723
252.372 252.386 252.412
252.389 252.418 252.449
252.441 252.459 252.477
252.376 252.425 252.532
252.375 252.567 253.249
252.370 252.415 252.456
252.421 252.455 252.487
252.377 252.402 252.434
252.380 252.404 252.459
252.369 252.937 253.933
252.432 252.448 252.477
252.394 252.415 252.474
252.363 252.389 252.412
252.402 252.414 252.430
252.407 252.432 252.462
252.452 252.585 253.033
252.381 252.495 252.801
252.467 252.603 253.072
252.458 252.542 252.838
252.510 252.524 252.553
252.431 252.801 253.533
252.394 252.407 252.435
252.392 252.427 252.447
252.462 252.526 252.717
252.452 252.492 252.517
252.496 252.516 252.544
252.448 252.464 252.478
252.459 252.488 252.538
252.459 252.481 252.529
252.445 252.468 252.482
252.381 252.398 252.420
252.426 252.476 252.625
252.372 252.517 253.000
252.400 252.437 252.468
252.367 252.403 252.457
252.398 252.459 252.598
252.405 252.434 252.468
252.371 252.400 252.451
252.382 252.444 252.476
252.453 252.484 252.507
252.443 252.480 252.505
252.505 252.524 252.539
252.470 252.493 252.515
252.442 252.486 252.511
252.450 252.458 252.470
252.475 252.488 252.502
252.519 252.570 252.686
252.449 252.473 252.495
252.450 252.467 252.502
252.399 252.419 252.443
252.392 252.423 252.450
252.510 253.445 254.417
252.373 252.392 252.408
252.387 252.415 252.443
252.398 252.432 252.454
252.457 252.871 254.016
252.382 252.404 252.416
252.388 252.455 252.632
252.384 252.421 252.452
252.428 252.447 252.471
252.374 252.734 254.117
252.384 252.416 252.469
252.397 252.420 252.455
252.395 252.457 252.615
252.424 252.584 253.078
252.431 252.450 252.488
252.360 252.403 252.474
252.419 252.445 252.501
252.419 252.746 253.917
252.428 252.492 252.634
252.432 252.528 252.822
252.399 252.415 252.453
252.380 252.421 252.453
252.373 252.497 252.902
252.401 252.437 252.488
252.406 252.425 252.469
252.374 252.419 252.494
252.397 252.415 252.427
252.372 252.644 253.323
252.442 252.483 252.575
252.375 252.441 252.614
252.379 252.521 253.023
252.398 252.441 252.553
252.377 252.448 252.547
252.439 252.835 254.370
252.385 252.412 252.459
252.403 252.448 252.535
252.406 252.546 253.035
252.399 252.662 253.619
252.379 252.412 252.471
252.357 252.437 252.586
252.377 252.503 252.688
252.392 252.478 252.753
252.440 252.475 252.516
252.399 252.423 252.457
252.371 252.424 252.470
252.396 252.422 252.454
252.398 252.420 252.434
252.401 252.421 252.453
252.379 252.504 252.878
252.383 252.424 252.443
252.426 252.448 252.471
252.401 252.445 252.474
252.366 252.552 253.245
252.424 252.445 252.484
252.420 252.597 253.087
252.380 252.489 252.856
252.408 252.723 253.823
252.389 252.435 252.518
252.397 252.416 252.430
252.418 252.459 252.486
252.408 252.489 252.627
252.403 252.813 254.368
252.389 252.410 252.423
252.407 252.442 252.473
252.470 252.488 252.511
252.402 252.419 252.444
252.414 252.434 252.469
252.434 252.460 252.502
252.386 252.477 252.784
252.413 252.453 252.524
252.378 252.419 252.509
252.413 252.459 252.557
252.391 252.468 252.558
252.396 252.417 252.446
252.435 252.462 252.477
252.398 252.410 252.424
252.375 252.414 252.447
252.438 252.468 252.493
252.406 252.428 252.463
252.407 252.433 252.458
252.437 252.466 252.490
252.515 252.541 252.563
252.454 252.491 252.542
252.463 252.540 252.747
252.493 252.888 254.098
252.367 252.406 252.458
252.392 252.401 252.415
252.379 252.402 252.427
252.403 252.430 252.471
252.402 252.422 252.455
252.370 252.481 252.689
252.415 252.428 252.441
252.430 252.450 252.477
252.417 252.441 252.483
252.395 252.437 252.516
252.439 252.461 252.481
252.422 252.452 252.506
252.399 252.989 253.948
252.412 252.435 252.463
252.403 252.822 253.529
252.401 252.426 252.471
252.398 252.439 252.501
252.375 252.406 252.466
252.451 252.459 252.472
252.407 252.414 252.423
252.400 252.456 252.602
252.410 252.535 252.972
252.416 252.442 252.470
252.447 252.465 252.494
252.353 252.423 252.546
252.404 252.410 252.424
252.380 252.707 253.736
252.425 252.485 252.556
252.480 252.510 252.563
252.465 252.489 252.528
252.463 252.498 252.573
252.390 252.409 252.439
252.388 252.427 252.458
252.373 252.420 252.452
252.410 252.716 253.813
252.380 252.401 252.420
252.405 252.432 252.461
252.394 252.434 252.479
252.445 252.475 252.528
252.387 252.448 252.558
252.388 252.509 252.952
252.407 252.424 252.435
252.390 252.450 252.620
252.407 252.436 252.505
252.484 252.504 252.525
252.452 252.555 252.848
252.458 252.621 253.176
252.503 252.533 252.620
252.494 252.520 252.568
252.421 252.458 252.478
252.504 252.515 252.523
252.453 252.475 252.510
252.488 252.505 252.523
252.442 252.482 252.497
252.480 252.489 252.504
252.455 253.074 254.873
252.485 252.515 252.549
252.493 252.517 252.564
252.474 252.502 252.566
252.384 252.402 252.424
252.392 252.414 252.443
252.403 252.435 252.497
252.406 252.471 252.610
252.381 252.406 252.449
252.386 252.790 254.282
252.386 252.432 252.512
252.388 252.423 252.484
252.411 252.545 252.877
252.407 252.447 252.523
252.393 252.418 252.445
252.356 252.393 252.413
252.378 252.531 253.071
252.381 252.408 252.428
252.395 252.415 252.436
252.381 252.971 253.843
252.399 252.492 252.716
252.403 252.448 252.495
252.406 252.431 252.461
252.391 252.432 252.548
252.449 252.574 252.724
252.454 253.684 257.848
252.512 252.906 254.406
252.497 252.531 252.556
252.435 252.479 252.505
252.444 252.472 252.513
252.485 252.535 252.583
252.475 252.485 252.507
252.436 252.529 252.740
252.464 252.497 252.575
252.464 252.502 252.523
252.515 252.537 252.571
252.529 252.666 252.963
252.391 252.434 252.489
252.371 252.422 252.488
252.404 252.423 252.445
252.382 252.410 252.427
252.377 252.393 252.404
252.406 252.503 252.855
252.370 252.388 252.402
252.420 252.500 252.685
252.389 252.405 252.426
252.445 252.469 252.509
252.423 252.467 252.533
252.378 252.438 252.590
252.366 252.424 252.496
252.477 252.502 252.524
252.562 252.637 252.730
252.485 252.527 252.602
252.459 252.494 252.528
252.453 252.457 252.465
252.401 252.424 252.452
252.422 252.464 252.504
252.388 252.836 254.336
252.381 252.407 252.429
252.406 252.801 253.346
252.406 252.420 252.435
252.468 252.629 253.028
252.488 252.554 252.618
252.496 252.519 252.535
252.370 252.459 252.569
252.394 252.657 253.470
252.394 252.408 252.424
252.448 252.481 252.508
252.430 252.468 252.542
252.378 252.909 254.162
252.419 252.485 252.703
252.385 252.419 252.444
252.385 252.417 252.450
252.384 252.847 253.996
252.385 252.480 252.761
252.394 252.409 252.429
252.437 252.590 253.063
252.438 252.463 252.481
252.386 252.424 252.489
252.379 252.456 252.615
252.384 252.407 252.456
252.442 252.463 252.503
252.463 252.503 252.587
252.491 252.515 252.552
252.500 252.518 252.561
252.392 252.461 252.617
252.387 252.495 252.763
252.393 252.500 252.632
252.388 252.435 252.493
252.406 252.439 252.507
252.403 252.667 253.513
252.410 252.451 252.481
252.417 252.437 252.466
252.405 252.423 252.442
252.404 252.423 252.445
252.403 252.682 253.553
252.492 252.533 252.578
252.514 252.545 252.625
252.408 252.464 252.523
252.387 252.455 252.533
252.360 252.428 252.459
252.387 252.431 252.516
252.424 252.460 252.487
252.442 252.473 252.546
252.396 252.427 252.460
252.424 252.454 252.530
252.411 252.665 253.604
252.461 252.515 252.563
252.395 252.497 252.776
252.372 252.412 252.471
252.397 252.426 252.456
252.431 252.449 252.468
252.414 252.462 252.574
252.398 252.435 252.482
252.390 252.467 252.629
252.407 252.437 252.490
252.372 252.434 252.570
252.401 252.423 252.442
252.420 252.441 252.473
252.369 252.474 252.766
252.430 252.450 252.480
252.382 252.405 252.442
252.413 252.428 252.445
252.459 252.497 252.542
252.478 252.647 253.050
252.428 252.488 252.589
252.472 252.585 252.757
252.461 252.495 252.553
252.495 252.528 252.604
252.462 252.498 252.553
252.454 252.470 252.491
252.508 252.516 252.532
252.482 252.504 252.586
252.509 252.534 252.555
252.465 252.483 252.509
252.456 252.694 253.444
252.484 252.796 253.376
252.461 252.506 252.561
252.514 252.525 252.538
252.476 252.523 252.632
252.479 252.506 252.527
252.501 252.514 252.551
252.486 252.521 252.560
252.456 252.486 252.511
252.498 252.536 252.577
252.391 252.426 252.472
252.429 252.451 252.474
252.395 252.415 252.442
252.401 252.424 252.450
252.399 252.411 252.422
252.380 252.444 252.545
252.416 252.467 252.545
252.370 252.459 252.623
252.399 252.442 252.485
252.406 252.692 253.524
252.476 252.545 252.620
252.509 252.544 252.584
252.487 252.538 252.561
252.403 252.426 252.452
252.440 252.464 252.500
252.385 252.443 252.569
252.454 252.561 252.879
252.460 252.684 253.053
252.474 252.499 252.539
252.425 252.462 252.484
252.430 252.464 252.530
252.397 252.426 252.471
252.377 252.419 252.518
252.389 252.412 252.452
252.402 252.413 252.426
252.789 253.405 254.354
252.439 252.447 252.469
252.434 252.490 252.572
252.449 252.495 252.556
252.519 252.686 253.287
252.462 252.488 252.520
252.477 252.498 252.521
252.450 252.784 253.637
252.518 252.658 252.985
252.462 252.494 252.519
252.463 252.502 252.527
252.375 252.418 252.445
252.442 252.480 252.510
252.408 252.449 252.485
252.403 252.459 252.510
252.389 252.460 252.604
252.443 252.567 252.946
252.373 252.444 252.641
252.387 252.418 252.443
252.373 252.439 252.580
252.395 252.774 254.206
252.390 252.404 252.428
252.366 252.634 253.667
252.427 252.474 252.543
252.391 252.617 253.205
252.400 253.160 254.121
252.394 252.404 252.416
252.435 252.448 252.462
252.445 252.474 252.551
252.440 252.462 252.487
252.390 252.435 252.484
252.405 252.435 252.497
252.383 252.419 252.472
252.378 252.399 252.419
252.376 252.395 252.405
252.411 252.681 253.667
252.444 252.528 252.586
252.456 252.485 252.532
252.515 252.588 252.810
252.496 252.544 252.678
252.458 252.478 252.504
252.452 252.504 252.596
252.469 252.484 252.500
252.468 252.762 253.828
252.450 252.504 252.648
252.495 252.507 252.522
252.471 252.579 252.903
252.520 252.545 252.587
252.466 252.492 252.523
252.417 252.942 253.693
252.417 252.528 252.932
252.374 252.418 252.473
252.484 252.888 254.188
252.438 252.479 252.555
252.487 252.521 252.551
252.440 252.473 252.489
252.384 252.445 252.527
252.416 252.450 252.559
252.406 252.420 252.432
252.428 252.474 252.568
252.410 252.463 252.600
252.406 252.978 255.136
252.406 252.426 252.453
252.382 252.415 252.434
252.473 252.516 252.641
252.380 252.397 252.417
252.396 252.407 252.440
252.396 252.412 252.438
252.447 252.453 252.462
252.395 252.417 252.473
252.458 252.518 252.580
252.479 252.576 252.781
252.472 252.508 252.575
252.487 252.518 252.555
252.474 252.505 252.582
252.521 252.728 253.477
252.447 252.476 252.510
252.442 252.521 252.761
252.460 252.498 252.546
252.494 252.524 252.558
252.494 252.545 252.572
252.454 252.490 252.535
252.444 252.483 252.510
252.398 252.458 252.539
252.420 252.780 253.964
252.391 252.479 252.712
252.419 252.448 252.482
252.413 252.456 252.541
252.379 252.406 252.440
252.527 252.558 252.613
252.438 252.525 252.729
252.511 252.530 252.567
252.449 252.493 252.601
252.469 252.545 252.656
252.510 252.535 252.566
252.458 252.498 252.531
252.485 252.545 252.651
252.475 252.493 252.515
252.485 252.500 252.526
252.472 252.503 252.575
252.465 252.505 252.533
252.467 252.481 252.499
252.384 252.416 252.463
252.471 252.499 252.545
252.378 252.422 252.521
252.473 252.510 252.543
252.475 252.488 252.503
252.492 252.522 252.565
252.414 252.513 252.614
252.388 252.429 252.479
252.388 252.426 252.473
252.406 252.426 252.434
252.464 253.164 254.568
252.373 252.403 252.441
252.377 252.469 252.587
252.520 253.417 254.390
252.469 252.492 252.514
252.464 252.999 253.971
252.450 252.755 253.746
252.471 252.583 252.722
252.494 252.857 253.903
252.487 252.529 252.565
252.467 252.655 253.252
252.492 252.686 253.191
252.400 252.541 253.044
252.393 252.431 252.483
252.387 252.452 252.540
252.416 252.442 252.459
252.384 252.428 252.487
252.400 252.636 253.448
252.379 252.406 252.447
252.505 254.173 256.059
252.463 252.506 252.543
252.507 252.547 252.609
252.404 252.481 252.655
252.376 252.405 252.434
252.378 252.400 252.435
252.397 252.414 252.435
252.364 252.454 252.609
252.406 252.525 252.676
252.386 252.410 252.427
252.424 252.726 253.179
252.425 252.472 252.549
252.401 252.425 252.457
252.439 252.461 252.482
252.411 252.452 252.486
252.400 252.605 253.385
252.382 252.407 252.466
252.398 252.409 252.428
252.405 252.501 252.761
252.375 252.411 252.458
252.418 252.498 252.684
252.456 252.538 252.628
252.404 252.438 252.479
252.393 252.427 252.510
252.388 252.473 252.704
252.411 252.459 252.584
252.432 252.492 252.567
252.477 252.511 252.563
252.440 252.497 252.599
252.501 252.632 253.113
252.497 252.523 252.556
252.459 252.613 252.896
252.461 252.560 252.735
252.488 252.581 252.704
252.514 252.578 252.672
252.477 252.498 252.513
252.451 252.560 252.849
252.441 252.495 252.624
252.390 252.542 252.871
252.387 252.421 252.448
252.360 252.393 252.456
252.404 252.421 252.432
252.406 252.455 252.499
252.461 252.485 252.528
252.424 252.450 252.484
252.401 252.505 252.576
252.379 252.406 252.464
252.418 252.487 252.545
252.406 252.561 253.118
252.400 252.426 252.478
252.399 252.417 252.445
252.449 258.370 265.968
252.406 253.330 256.656
252.405 252.427 252.455
252.399 252.439 252.485
252.426 252.484 252.568
252.395 252.480 252.667
252.455 252.526 252.657
252.432 252.485 252.606
252.437 252.621 252.896
252.409 252.436 252.483
252.425 252.456 252.513
252.386 252.456 252.533
252.375 252.599 253.329
252.467 252.728 252.951
252.408 252.569 252.688
252.399 252.745 253.794
252.391 252.422 252.435
252.393 252.527 252.903
252.462 252.805 253.516
252.391 252.412 252.436
252.407 252.489 252.765
252.373 252.408 252.456
252.429 252.502 252.612
252.389 252.451 252.562
252.392 252.604 253.162
252.378 252.446 252.624
252.506 252.575 252.632
252.511 252.742 253.431
252.494 252.690 252.968
252.472 252.500 252.550
252.394 252.444 252.523
252.855 253.552 254.922
252.386 252.408 252.439
252.403 252.444 252.463
252.391 252.404 252.416
252.396 252.420 252.440
252.423 252.464 252.487
252.407 252.652 253.325
252.421 252.600 252.848
252.452 252.478 252.509
252.437 252.697 253.199
252.381 252.422 252.454
252.435 252.682 253.157
252.410 252.447 252.484
252.393 252.423 252.476
252.520 252.624 252.850
252.471 252.631 252.979
252.452 252.496 252.533
252.468 252.517 252.580
252.503 252.527 252.557
252.484 252.612 253.032
252.457 252.501 252.575
252.472 252.507 252.566
252.483 252.507 252.544
252.441 252.475 252.514
252.383 252.468 252.570
252.395 252.416 252.450
252.392 252.543 252.992
252.444 252.462 252.489
252.421 252.458 252.550
252.423 252.470 252.611
252.404 252.454 252.485
252.390 252.414 252.438
252.373 252.404 252.453
252.380 252.468 252.546
252.391 252.585 253.295
252.392 252.685 253.804
252.380 252.397 252.412
252.438 252.485 252.564
252.385 252.407 252.438
252.390 252.465 252.584
252.403 252.452 252.586
252.437 252.444 252.451
252.376 252.399 252.409
252.410 252.436 252.479
252.429 252.467 252.593
252.395 252.424 252.461
252.391 252.435 252.522
252.385 252.405 252.432
252.395 252.542 252.918
252.435 252.460 252.493
252.410 252.455 252.543
252.371 252.423 252.472
252.397 252.439 252.490
252.442 252.452 252.459
252.415 252.455 252.499
252.386 252.407 252.435
252.364 252.398 252.480
252.391 252.414 252.468
252.364 252.527 253.021
252.428 253.069 254.015
252.377 252.408 252.467
252.383 252.408 252.461
252.420 252.487 252.655
252.414 252.958 254.074
252.381 252.526 252.976
252.391 252.458 252.545
252.409 252.424 252.446
252.373 252.601 253.225
252.414 252.454 252.507
252.424 252.449 252.477
252.483 252.492 252.510
252.451 252.484 252.529
252.470 252.491 252.505
252.527 252.577 252.741
252.482 252.512 252.562
252.436 252.460 252.486
252.438 252.468 252.490
252.443 252.480 252.508
252.392 252.454 252.488
252.408 252.550 252.870
252.389 252.410 252.432
252.412 252.546 252.839
252.392 252.420 252.453
252.362 252.402 252.435
252.385 252.396 252.407
252.393 252.424 252.490
252.382 252.406 252.427
252.418 252.438 252.454
252.411 252.451 252.526
252.403 252.422 252.450
252.344 252.388 252.411
252.374 252.953 253.554
252.371 252.592 252.986
252.397 252.413 252.454
252.438 252.487 252.598
252.422 252.441 252.452
252.394 252.626 253.484
252.383 252.434 252.541
252.396 252.465 252.549
252.378 252.403 252.417
252.461 252.493 252.532
252.521 252.538 252.583
252.476 252.502 252.522
252.445 252.467 252.500
252.416 252.450 252.467
252.410 252.430 252.457
252.394 252.409 252.450
252.413 252.440 252.469
252.445 252.454 252.466
252.444 252.453 252.463
252.397 252.416 252.434
252.377 252.408 252.430
252.434 252.512 252.662
252.366 252.443 252.482
252.405 252.428 252.482
252.405 252.427 252.437
252.415 252.444 252.483
252.371 252.387 252.405
252.461 252.475 252.494
252.444 252.491 252.556
252.502 252.521 252.541
252.421 252.443 252.509
252.346 252.798 254.371
252.380 252.390 252.408
252.378 252.729 254.083
252.426 252.447 252.470
252.416 252.430 252.445
252.389 252.402 252.419
252.403 252.425 252.463
252.378 252.399 252.413
252.363 252.417 252.470
252.451 252.490 252.544
252.505 252.516 252.529
252.499 252.658 253.254
252.474 252.510 252.554
252.378 252.397 252.414
252.383 252.406 252.425
252.367 252.421 252.483
252.420 252.436 252.451
252.430 252.762 254.031
252.387 252.654 253.636
252.378 252.407 252.481
252.390 252.435 252.528
252.400 252.416 252.438
252.354 252.986 254.226
252.433 252.493 252.591
252.402 252.427 252.440
252.370 252.394 252.455
252.447 252.471 252.510
252.396 252.424 252.479
252.386 252.551 253.146
252.429 252.478 252.557
252.428 252.608 253.264
252.373 252.398 252.422
252.386 252.417 252.462
252.394 252.415 252.425
252.404 252.617 253.114
252.442 252.471 252.497
252.396 252.422 252.466
252.375 252.398 252.420
252.469 252.484 252.494
252.465 252.480 252.494
252.488 252.512 252.544
252.441 252.473 252.552
252.410 252.427 252.442
252.369 252.385 252.404
252.417 252.451 252.480
252.441 252.470 252.520
252.443 252.548 252.765
252.454 252.519 252.694
252.436 252.453 252.475
252.450 252.475 252.500
252.435 252.467 252.516
252.481 252.510 252.536
252.502 252.515 252.530
252.513 252.571 252.716
252.476 252.491 252.509
252.452 252.508 252.621
252.448 252.486 252.514
252.482 252.587 252.804
252.465 252.474 252.491
252.474 252.518 252.572
252.433 252.466 252.490
252.445 252.661 253.037
252.426 252.515 252.626
252.448 252.468 252.493
252.447 252.473 252.501
252.465 252.485 252.504
252.446 252.473 252.500
252.462 252.555 252.826
252.497 252.510 252.524
252.455 252.500 252.537
252.450 252.463 252.471
252.461 252.512 252.591
252.495 252.505 252.520
252.456 252.463 252.476
252.474 252.487 252.503
252.444 252.483 252.613
252.434 252.466 252.490
252.475 252.497 252.507
252.454 252.480 252.541
252.440 252.459 252.472
252.491 252.531 252.666
252.501 252.514 252.533
252.407 252.455 252.556
252.417 252.431 252.465
252.392 252.540 253.052
252.456 252.469 252.482
252.490 252.530 252.554
252.467 252.493 252.526
252.453 252.494 252.534
252.410 253.060 255.642
252.385 252.398 252.422
252.379 252.394 252.408
252.375 252.397 252.426
252.416 252.432 252.465
252.365 252.395 252.422
252.406 252.427 252.441
252.389 252.402 252.416
252.441 252.501 252.548
252.367 252.403 252.443
252.404 252.425 252.455
252.378 252.399 252.419
252.390 252.413 252.449
252.390 252.453 252.554
252.392 252.423 252.461
252.379 252.406 252.420
252.427 252.448 252.469
252.375 252.397 252.428
252.407 252.599 253.323
252.407 252.433 252.493
252.442 252.455 252.464
252.423 252.448 252.493
252.362 252.456 252.667
252.398 252.434 252.476
252.364 252.427 252.548
252.426 252.442 252.451
252.414 252.423 252.432
252.385 252.469 252.686
252.414 252.425 252.454
252.440 252.515 252.658
252.391 252.407 252.425
252.367 252.394 252.423
252.409 252.423 252.432
252.393 252.413 252.438
252.423 252.472 252.517
252.390 252.436 252.536
252.368 252.390 252.403
252.386 252.416 252.434
252.384 252.427 252.502
252.424 252.513 252.752
252.374 252.754 254.210
252.390 252.419 252.450
252.383 252.416 252.461
252.431 252.493 252.624
252.404 252.433 252.506
252.380 252.412 252.436
252.435 252.471 252.507
252.397 252.699 253.207
252.386 252.455 252.541
252.428 252.749 253.910
252.388 252.448 252.570
252.395 252.421 252.485
252.403 252.418 252.442
252.444 252.801 253.774
252.404 252.413 252.420
252.373 252.404 252.443
252.383 252.439 252.519
252.415 252.456 252.532
252.386 252.682 253.583
252.366 252.389 252.420
252.371 252.392 252.408
252.429 252.452 252.464
252.387 252.449 252.661
252.415 252.558 253.060
252.398 252.421 252.461
252.403 252.441 252.548
252.378 252.578 253.269
252.408 252.427 252.469
252.388 252.449 252.621
252.454 252.481 252.519
252.390 252.394 252.399
252.400 252.402 252.407
252.388 252.403 252.424
252.417 252.436 252.458
252.390 252.414 252.448
252.395 252.424 252.452
252.369 252.407 252.431
252.363 252.399 252.443
252.434 252.454 252.489
252.375 252.427 252.486
252.411 252.419 252.431
252.408 252.440 252.498
252.467 252.485 252.514
252.381 252.407 252.447
252.376 252.438 252.507
252.374 252.425 252.452
252.389 252.406 252.438
252.455 252.493 252.607
252.398 252.411 252.431
252.384 252.398 252.411
252.385 252.433 252.563
252.385 252.416 252.457
252.433 252.847 253.507
252.386 252.635 253.432
252.391 252.424 252.474
252.374 252.404 252.429
252.430 252.459 252.487
252.413 252.433 252.449
252.404 252.606 253.303
252.379 252.404 252.421
252.394 252.510 252.775
252.429 252.493 252.624
252.471 252.497 252.566
252.461 252.477 252.508
252.438 252.478 252.549
252.507 252.535 252.572
252.445 252.465 252.494
252.400 252.420 252.449
252.403 252.525 252.974
252.427 252.453 252.510
252.426 252.460 252.476
252.388 252.431 252.541
252.417 252.446 252.518
252.410 252.423 252.439
252.425 252.461 252.517
252.418 252.425 252.445
252.375 252.397 252.428
252.377 252.463 252.665
252.393 252.429 252.506
252.395 252.440 252.513
252.403 252.414 252.429
252.441 252.456 252.463
252.390 252.811 253.444
252.440 252.465 252.515
252.432 252.596 253.140
252.392 252.412 252.439
252.394 252.435 252.504
252.442 252.480 252.528
252.460 252.472 252.482
252.399 252.442 252.541
252.381 252.420 252.470
252.387 252.399 252.420
252.426 252.451 252.486
252.372 252.412 252.454
252.415 252.476 252.679
252.449 252.513 252.705
252.407 252.423 252.445
252.418 252.424 252.436
252.383 252.405 252.431
252.391 252.419 252.445
252.408 252.448 252.505
252.400 252.443 252.491
252.405 252.461 252.577
252.382 252.402 252.443
252.372 252.405 252.438
252.383 252.421 252.489
252.427 252.453 252.495
252.420 252.436 252.464
252.413 252.458 252.548
252.403 252.434 252.464
252.419 252.468 252.628
252.396 252.701 253.828
252.396 252.417 252.440
252.430 252.472 252.591
252.380 252.425 252.452
252.390 252.423 252.448
252.382 252.424 252.513
252.408 252.461 252.554
252.397 252.577 253.184
252.401 252.417 252.441
252.409 252.472 252.583
252.404 252.455 252.527
252.390 252.455 252.580
252.402 252.414 252.430
252.398 255.080 258.097
252.394 252.460 252.601
252.386 252.459 252.597
252.401 252.439 252.521
252.508 252.740 253.605
252.469 252.497 252.523
252.471 252.494 252.524
252.448 252.475 252.510
252.515 252.560 252.669
252.472 252.491 252.529
252.384 252.456 252.561
252.391 252.451 252.529
252.429 252.465 252.503
252.405 252.431 252.457
252.383 252.413 252.450
252.412 252.456 252.516
252.393 252.705 253.799
252.424 252.444 252.477
252.452 252.636 252.840
252.408 252.422 252.431
252.399 252.435 252.523
252.376 252.420 252.521
252.424 252.451 252.503
252.379 252.401 252.445
252.398 252.429 252.516
252.391 252.420 252.445
252.421 252.444 252.488
252.454 252.709 253.543
252.379 252.409 252.422
252.393 252.432 252.454
252.398 252.424 252.471
252.416 252.688 253.711
252.443 252.776 253.765
