261.820 261.878 261.967
259.118 259.336 259.577
258.775 259.205 259.764
258.747 259.105 259.534
261.514 261.814 262.342
257.380 257.854 258.217
261.479 261.712 262.037
261.209 261.841 262.200
261.657 261.779 262.008
261.577 261.704 261.859
261.591 261.747 262.130
261.446 261.657 261.901
261.558 261.765 262.062
257.795 258.096 258.565
261.253 261.740 262.353
261.487 261.709 262.006
261.459 261.825 262.053
261.577 261.859 262.357
261.287 262.377 265.521
261.589 261.790 261.959
261.660 262.121 262.406
261.546 262.002 262.486
261.668 262.202 262.638
261.873 262.074 262.385
257.842 258.012 258.156
261.613 261.990 262.424
261.930 262.250 262.585
261.671 261.889 262.129
261.519 261.891 262.387
261.677 262.066 262.544
261.244 261.640 262.303
261.429 261.594 262.113
261.679 261.968 262.468
267.064 267.211 267.383
266.637 266.920 267.200
261.488 261.921 262.106
261.610 261.997 262.266
261.921 262.243 262.593
257.845 258.123 258.421
257.800 258.055 258.471
261.600 261.765 262.047
261.537 261.916 262.396
257.872 258.447 259.367
261.525 261.954 262.145
261.979 262.130 262.341
257.811 258.177 258.685
258.873 259.105 259.386
258.909 259.219 259.598
258.784 259.113 259.353
258.047 258.260 258.365
257.847 258.155 258.395
258.170 258.336 258.459
257.913 258.154 258.373
261.529 261.932 262.583
261.216 261.743 262.039
258.630 259.134 259.554
259.066 259.343 259.753
261.385 261.866 262.251
257.869 258.052 258.218
258.353 258.846 259.213
258.658 258.899 259.384
258.232 258.453 258.683
258.706 259.009 259.252
261.281 261.863 262.331
256.969 257.153 257.301
261.540 261.848 262.150
258.414 258.716 258.970
258.546 258.833 259.569
258.555 258.956 259.262
258.708 258.976 259.100
258.290 258.641 259.232
261.320 261.708 262.165
261.622 262.546 264.432
261.473 261.662 261.909
258.676 258.933 259.287
258.515 258.892 259.238
258.471 258.859 259.102
258.951 259.105 259.413
261.263 261.753 262.116
261.427 261.792 262.088
261.524 262.027 262.424
261.436 261.802 262.162
261.421 261.646 261.910
261.463 261.613 261.775
261.729 262.082 262.500
261.674 261.832 261.987
261.549 261.759 262.008
259.215 259.326 259.469
258.853 259.226 259.649
258.837 259.118 259.461
261.389 261.775 262.142
261.394 261.877 262.121
258.626 259.265 259.883
258.499 258.890 259.611
258.531 259.158 259.882
266.740 267.216 267.617
258.495 258.749 258.933
258.742 258.979 259.241
261.745 261.815 261.867
261.529 261.989 262.945
261.622 262.006 262.225
261.390 261.803 262.174
261.433 261.791 262.437
261.887 262.040 262.327
261.495 262.015 262.265
261.829 262.183 262.467
261.342 261.781 262.187
257.812 258.023 258.661
257.521 258.041 258.890
258.656 258.837 259.035
258.785 258.869 258.962
261.751 262.283 263.537
261.681 261.859 262.034
261.402 261.843 262.026
261.624 261.870 262.428
261.488 262.384 264.657
261.190 261.749 262.224
261.567 261.799 262.050
261.211 261.638 262.057
261.311 261.615 262.063
261.637 261.990 262.292
261.444 261.919 262.246
258.903 259.114 259.417
258.552 258.917 259.309
258.330 258.683 259.067
262.008 262.113 262.303
262.256 262.431 262.535
257.599 258.109 258.497
261.331 261.646 261.867
261.888 262.534 263.203
261.504 261.929 262.162
261.778 262.006 262.326
261.825 262.300 263.181
261.815 262.522 263.416
261.902 262.160 262.612
261.713 261.973 262.196
261.328 261.729 262.347
261.701 261.915 262.351
258.165 258.417 258.778
261.488 262.027 262.836
258.681 258.847 259.010
258.674 258.972 259.304
258.451 258.768 259.229
258.528 258.954 259.302
261.540 261.832 262.075
258.390 258.718 259.306
261.464 261.743 262.087
261.692 262.305 264.116
258.899 261.182 262.011
258.712 258.847 259.097
258.741 258.794 258.889
258.542 258.747 259.193
261.554 261.637 261.728
257.606 257.882 257.996
257.438 257.920 258.290
261.310 261.644 261.856
261.605 261.947 262.386
261.479 261.677 261.857
257.485 258.080 258.364
257.869 257.968 258.125
258.105 258.248 258.384
257.682 258.034 258.437
259.059 259.380 259.781
258.612 258.797 259.078
258.838 259.148 259.334
258.593 258.751 259.344
258.818 259.177 259.790
257.615 257.987 258.450
261.780 261.920 262.031
258.194 258.619 258.933
257.712 258.182 258.729
257.842 258.137 258.874
257.545 257.787 258.068
257.432 257.956 258.312
257.672 258.157 258.440
258.576 258.886 259.101
258.634 259.167 259.504
257.693 258.066 258.394
257.607 258.045 258.309
258.119 258.235 258.386
261.893 262.851 264.826
258.482 258.896 259.091
258.867 259.155 259.480
258.652 258.971 259.486
258.434 259.395 260.944
258.457 258.782 259.280
258.684 258.880 258.977
258.470 258.808 259.320
261.363 261.806 262.127
261.623 261.808 261.886
261.335 261.687 262.087
261.760 261.937 262.169
261.482 261.893 262.309
261.611 261.862 262.269
261.582 261.903 262.312
261.435 261.987 262.640
261.514 261.931 262.161
261.196 261.617 262.379
261.393 261.819 262.277
258.858 259.058 259.334
261.233 261.621 262.160
261.668 261.882 262.020
261.700 262.222 262.602
261.814 262.400 263.324
261.753 261.982 262.286
262.075 262.194 262.351
261.960 262.074 262.195
261.838 262.282 262.463
258.646 259.020 259.551
258.568 258.924 259.168
258.310 258.977 259.346
258.522 258.687 258.913
261.822 262.094 262.208
261.829 262.185 262.884
261.890 262.129 262.443
261.775 262.171 262.731
260.656 260.950 261.328
261.770 262.036 262.398
261.047 261.642 262.017
258.580 258.931 259.300
258.427 258.931 259.228
258.846 259.034 259.316
258.142 258.369 258.593
261.774 261.984 262.463
258.066 258.283 258.468
257.641 258.139 258.348
257.779 258.373 259.287
261.678 262.236 262.762
257.982 258.221 258.639
261.696 261.856 262.005
261.346 261.988 262.299
261.955 262.239 262.568
261.739 262.066 262.520
261.712 261.843 262.000
261.472 262.054 263.318
261.199 261.475 261.660
261.604 262.089 262.365
261.848 262.145 262.491
261.984 262.154 262.332
261.953 262.239 262.556
261.690 261.913 262.235
261.715 261.888 261.995
261.987 262.178 262.532
261.224 261.761 262.303
261.867 262.110 262.396
261.743 261.973 262.502
258.457 258.775 259.066
258.532 258.957 259.496
258.737 258.929 259.228
258.471 258.939 259.441
258.215 258.665 259.187
261.577 262.170 262.535
261.672 262.254 262.503
261.429 261.920 262.331
261.764 261.947 262.428
261.810 262.115 262.342
262.130 262.217 262.365
261.870 262.227 262.421
258.196 258.523 258.866
258.018 258.469 259.179
261.706 262.033 262.368
258.353 258.761 259.061
258.504 258.675 258.942
258.254 258.887 259.284
261.609 261.879 262.306
261.187 261.828 262.131
261.447 262.102 262.514
261.618 261.885 262.153
261.146 261.803 262.112
261.529 261.877 262.075
262.003 262.197 262.647
261.798 262.122 262.417
261.793 262.121 262.380
258.764 259.006 259.263
263.140 263.389 263.957
263.124 263.525 263.946
263.208 263.399 263.878
257.774 258.118 258.334
257.870 258.016 258.176
258.155 258.215 258.308
258.719 258.952 259.146
258.162 259.299 261.990
261.760 262.016 262.221
262.087 263.347 265.306
261.823 262.321 263.203
256.565 256.852 257.374
256.340 256.872 257.392
262.811 262.904 262.998
257.987 262.089 271.169
267.167 267.300 267.514
257.606 258.019 258.338
262.290 267.823 275.747
261.830 262.421 263.122
259.097 259.207 259.301
258.703 259.082 259.526
258.684 258.970 259.120
263.383 263.532 263.674
263.256 263.693 263.945
266.796 267.213 267.463
258.523 258.902 259.380
258.426 258.802 259.091
267.171 267.442 267.809
263.399 263.713 264.036
263.647 263.849 264.050
263.142 263.593 264.105
263.500 263.885 264.500
257.694 258.111 258.424
257.773 258.087 258.418
259.079 261.308 265.660
263.272 263.801 264.059
263.384 263.883 264.638
263.000 263.520 264.131
257.785 258.931 260.620
261.924 262.090 262.317
261.806 262.004 262.198
261.719 261.876 262.020
263.639 263.814 263.932
257.825 258.249 258.536
261.880 262.177 262.601
257.956 259.322 262.311
257.752 258.288 258.675
258.546 258.918 259.383
258.537 258.859 259.145
258.998 259.352 259.495
261.712 262.232 262.439
261.850 262.206 262.630
261.818 261.913 262.033
258.683 258.872 259.222
257.476 258.303 259.040
257.593 257.959 258.326
257.985 259.231 261.093
258.021 258.361 258.832
261.915 262.184 262.785
261.634 262.169 263.055
257.485 258.008 258.229
257.843 258.243 258.672
258.163 258.357 258.463
257.884 258.290 258.654
257.890 258.222 258.522
262.773 274.178 277.433
273.374 274.537 275.614
278.146 278.870 279.382
276.433 277.310 278.261
258.540 258.884 259.056
264.378 266.461 269.404
258.036 258.338 258.897
261.556 262.241 262.616
261.765 262.206 262.754
262.248 264.868 266.987
257.709 258.243 258.541
264.415 266.008 267.687
261.986 262.298 263.066
261.656 261.921 262.272
262.004 262.286 262.479
261.378 261.886 262.249
262.237 262.991 264.052
258.809 259.128 259.500
261.730 263.010 264.372
261.590 262.617 265.202
261.953 262.177 262.441
261.687 262.110 262.398
262.094 262.300 262.463
261.542 262.100 262.672
261.901 262.017 262.181
259.106 259.352 259.559
258.073 258.363 258.507
262.098 262.206 262.350
258.909 259.057 259.150
258.946 259.202 259.540
258.901 258.980 259.105
266.954 267.191 267.467
266.884 267.135 267.355
258.494 259.050 259.566
258.163 258.536 258.889
258.094 258.566 258.994
258.077 258.329 258.734
258.668 258.997 259.278
258.671 259.025 259.471
257.844 258.324 258.661
261.859 262.250 262.565
261.723 262.090 262.463
258.793 259.092 259.523
258.681 258.939 259.265
261.685 261.932 262.320
261.555 261.947 262.403
262.006 263.195 265.097
266.925 268.102 270.431
261.621 261.847 262.063
261.643 261.951 262.292
259.182 264.107 269.088
261.607 262.058 262.353
261.711 262.241 262.893
259.214 259.483 259.888
261.856 261.929 262.013
261.994 262.175 262.454
261.976 262.230 262.440
261.614 262.280 262.737
262.020 262.336 262.628
259.022 260.844 264.173
261.697 263.268 266.432
261.496 261.910 262.358
258.611 261.265 263.476
261.556 262.184 262.706
261.801 262.183 262.416
262.329 265.354 269.338
261.790 263.904 266.454
257.874 258.368 258.718
257.456 257.854 258.381
257.637 258.027 258.461
257.530 258.070 258.735
258.401 258.916 259.351
258.634 259.189 259.588
258.965 259.387 259.908
266.747 270.460 272.795
268.885 270.013 272.790
261.612 263.062 264.337
258.557 259.183 259.562
258.491 258.738 259.067
258.577 258.929 259.321
258.178 258.819 259.134
262.096 262.365 262.578
257.737 258.088 258.394
261.585 261.968 262.551
261.636 261.815 262.081
261.736 261.876 262.140
261.671 262.815 264.209
258.674 259.075 259.517
265.115 267.996 270.907
259.810 261.191 263.818
260.876 264.663 267.166
260.714 262.757 266.096
258.325 261.300 262.233
258.063 258.253 258.555
258.444 258.905 259.436
257.924 258.092 258.195
258.468 258.660 259.081
258.444 258.905 259.106
258.614 258.821 259.054
258.537 258.959 259.358
258.653 259.025 259.423
257.673 258.302 258.743
257.933 258.212 258.517
258.602 258.814 258.979
258.455 258.912 259.129
261.833 262.096 262.533
258.887 259.163 259.444
258.500 258.909 259.383
258.107 258.701 259.100
261.436 261.907 262.280
261.597 261.862 262.076
274.134 275.939 277.218
258.918 259.249 259.938
258.868 259.211 259.432
261.687 262.113 262.686
259.093 259.275 259.446
261.445 261.804 262.038
257.713 258.269 258.580
261.346 261.763 262.300
261.261 261.621 261.902
261.577 261.931 262.388
261.641 261.882 262.260
258.648 259.030 259.269
258.974 259.290 259.556
258.122 258.843 259.168
261.389 261.877 262.119
261.343 261.894 262.362
258.153 258.417 258.726
261.852 262.053 262.589
261.242 261.860 262.063
261.424 261.629 261.967
257.683 258.123 258.688
258.059 258.329 258.840
258.068 258.361 258.536
258.065 258.426 258.727
258.083 259.829 262.109
261.761 262.120 262.593
262.056 262.196 262.334
262.018 262.278 262.429
261.887 262.052 262.263
257.392 258.012 258.247
257.807 258.104 258.616
261.817 262.109 262.350
258.296 258.665 258.972
259.067 259.320 259.657
258.359 258.909 259.283
261.871 262.044 262.373
262.094 262.228 262.314
261.251 261.580 261.893
261.794 262.115 262.487
261.844 261.990 262.224
257.718 258.206 258.543
257.959 258.250 258.512
258.532 258.877 259.249
261.454 261.807 261.998
261.569 261.943 262.204
261.673 261.875 262.092
279.486 280.243 280.640
280.888 281.171 281.499
261.575 262.269 263.695
261.447 261.978 262.481
257.559 257.877 258.233
261.144 261.593 262.309
261.306 261.686 262.012
258.681 258.833 258.964
261.540 261.763 262.140
261.183 261.696 262.022
261.422 261.552 261.657
258.549 259.011 259.486
261.161 261.607 261.913
261.344 261.646 261.882
261.270 261.781 262.132
261.245 261.526 261.659
261.614 261.756 261.963
261.376 261.760 262.198
261.750 262.069 262.589
258.698 258.962 259.210
261.808 262.245 262.582
261.641 262.021 262.212
258.968 259.113 259.483
258.947 259.222 259.495
261.257 261.761 262.104
258.770 259.028 259.481
258.931 259.305 259.515
258.872 259.107 259.361
258.839 259.134 259.519
258.852 259.152 259.498
258.583 258.878 259.104
258.622 258.841 259.468
261.311 262.157 262.730
257.535 257.757 258.098
261.854 262.090 262.341
258.325 258.539 258.765
258.298 258.696 259.152
261.584 261.865 262.122
261.908 262.060 262.226
261.542 261.739 261.918
261.266 261.816 262.125
258.467 258.731 259.253
258.077 258.689 259.153
257.507 257.699 258.032
258.581 258.736 258.908
257.878 258.160 258.532
257.875 258.136 258.485
261.789 262.005 262.315
261.617 261.828 262.069
261.489 261.869 262.017
257.729 258.242 259.714
276.051 276.758 277.376
275.895 276.540 277.288
280.415 280.863 281.268
266.231 270.020 274.239
258.038 258.201 258.449
261.448 261.938 262.247
261.781 262.131 262.359
261.861 262.051 262.292
261.713 261.828 261.995
258.961 259.851 260.640
263.559 264.743 265.709
261.604 262.168 262.653
261.438 261.918 262.166
258.562 258.927 259.241
258.474 258.915 259.208
258.572 258.921 259.220
261.459 261.935 262.469
261.289 261.702 262.180
261.506 261.678 262.044
257.716 258.159 258.408
257.613 258.226 258.488
261.838 262.067 262.275
261.811 262.193 263.082
261.043 261.629 261.886
261.500 261.646 261.860
258.287 259.143 261.998
261.549 261.883 262.425
261.844 261.996 262.244
261.912 262.142 262.386
261.583 261.766 262.013
258.517 258.867 259.218
258.740 259.220 260.209
258.621 260.368 262.105
258.705 260.931 263.623
257.922 258.435 258.712
258.894 260.924 262.976
258.506 258.946 259.360
258.515 258.719 259.302
258.895 262.371 264.719
258.209 258.733 259.107
258.451 258.649 258.879
257.576 258.034 259.131
257.675 257.964 258.421
257.728 257.996 258.341
258.783 258.953 259.197
257.811 258.043 258.364
257.650 258.036 258.248
258.812 260.873 263.294
258.428 258.847 259.376
260.978 263.448 265.248
261.843 262.932 264.689
258.584 259.001 259.257
257.738 258.350 259.063
257.421 257.891 258.250
261.719 261.878 262.165
261.377 261.829 262.489
258.730 258.909 259.037
258.713 258.981 259.108
261.296 261.652 261.922
261.609 261.923 262.286
261.595 261.768 262.123
261.532 261.815 262.072
261.387 261.726 262.087
258.024 258.244 258.541
257.926 258.104 258.618
261.967 262.127 262.648
258.104 258.514 259.022
258.346 258.613 259.111
258.647 258.871 259.314
258.619 259.990 261.792
261.161 261.474 261.690
261.764 261.912 262.089
257.741 258.091 258.310
258.348 258.729 258.983
258.429 258.602 258.824
258.649 259.010 259.304
258.636 259.021 259.377
261.552 261.851 262.106
258.313 258.636 259.174
261.317 261.604 261.860
261.518 261.746 262.140
261.426 261.685 261.984
261.248 261.676 261.919
258.117 258.358 258.495
258.468 258.852 259.215
261.314 261.633 261.892
261.593 261.787 261.933
261.738 262.034 262.268
257.974 258.107 258.295
258.034 258.355 258.787
257.509 257.842 258.369
257.900 258.114 258.399
258.538 258.713 258.835
258.512 258.644 258.716
261.360 261.595 261.878
261.452 261.737 261.967
257.793 258.110 258.632
257.697 258.022 258.400
257.739 258.027 258.490
257.859 258.002 258.153
257.898 258.343 259.493
258.598 258.932 259.325
258.905 259.131 259.577
257.550 257.979 258.362
261.578 261.856 262.170
257.745 258.051 258.261
258.394 258.808 258.940
257.627 257.983 258.550
258.654 258.801 258.944
258.323 258.681 258.985
257.756 258.069 258.551
257.587 257.957 258.177
257.851 258.126 258.584
258.056 258.293 258.540
257.617 257.903 258.349
261.919 262.063 262.276
261.401 261.895 262.301
257.835 258.325 258.732
258.052 258.983 262.142
258.584 258.854 259.171
258.298 258.687 258.976
261.727 261.991 262.499
258.013 258.420 258.779
258.311 258.714 259.008
258.369 258.640 258.755
258.613 258.891 259.279
261.276 261.638 262.017
261.531 261.883 262.198
257.465 257.817 258.244
261.667 262.055 262.272
258.009 258.502 258.821
261.336 261.685 262.116
257.949 258.102 258.301
258.227 258.374 258.549
257.813 258.095 258.343
257.627 257.912 258.365
257.873 258.100 258.214
258.831 259.152 259.457
258.900 259.123 259.572
258.691 259.182 259.734
258.553 258.824 258.967
259.003 259.286 259.540
258.219 258.486 258.754
261.558 261.918 262.311
258.893 259.052 259.373
258.683 258.951 259.144
257.559 258.218 258.849
257.767 258.162 258.709
261.237 261.536 262.022
261.254 261.576 261.976
258.015 258.185 258.270
261.612 261.799 261.986
261.407 261.636 261.977
257.996 258.213 258.355
257.422 257.829 258.287
261.527 261.964 262.259
261.541 261.815 262.039
261.359 261.642 262.090
261.147 261.392 261.822
261.497 261.745 261.977
261.222 261.553 261.739
257.767 257.900 258.036
258.544 259.105 259.603
257.779 258.135 258.407
258.821 258.985 259.082
258.614 259.083 259.517
258.554 258.688 258.947
257.477 258.128 259.094
257.666 257.886 258.259
257.412 257.707 258.286
261.601 261.965 262.187
261.301 261.586 261.838
261.282 261.734 262.033
258.660 259.139 259.541
258.777 259.162 259.519
258.993 259.179 259.354
258.648 258.885 259.436
258.448 258.720 258.941
257.669 258.000 258.143
257.503 258.020 258.306
257.733 258.035 258.437
257.444 257.789 258.139
257.397 257.984 258.346
259.106 259.453 259.989
258.343 258.553 258.707
261.217 261.414 261.769
258.819 259.162 259.610
261.639 261.970 262.269
261.957 279.882 287.042
259.304 296.859 326.055
258.659 258.999 259.347
261.822 262.137 262.372
261.803 272.023 286.206
257.721 295.087 322.467
258.641 270.918 319.134
258.784 267.169 282.610
258.612 260.060 263.849
258.581 258.853 259.108
257.576 257.992 258.245
257.685 257.908 258.106
257.756 258.017 258.253
258.488 258.641 258.804
261.429 261.686 261.896
257.729 257.989 258.289
298.701 313.169 323.913
309.377 320.412 324.593
306.106 316.786 320.553
318.161 318.884 319.925
321.609 321.930 322.545
317.840 319.507 320.973
309.576 319.675 322.762
321.503 321.918 322.261
321.428 322.037 322.627
305.857 314.574 320.325
309.185 319.905 324.336
321.706 322.934 324.185
306.023 316.880 320.388
309.397 317.722 324.079
306.218 316.084 319.167
322.032 323.133 324.035
309.342 320.294 324.589
319.062 319.495 319.971
306.489 316.901 321.228
322.008 322.432 322.874
309.290 317.065 322.851
305.474 315.406 317.996
309.426 320.057 323.980
309.170 316.900 322.098
310.119 320.617 324.497
319.110 319.243 319.413
318.895 319.176 319.449
309.355 319.356 322.619
321.509 322.378 323.967
321.929 322.384 322.866
321.579 322.083 322.658
321.771 322.030 322.314
306.452 317.214 321.171
318.419 319.134 320.007
318.910 319.620 321.314
306.702 317.464 321.483
318.280 320.113 321.577
322.329 323.024 324.693
309.803 320.770 324.752
319.182 320.036 321.101
318.032 318.400 319.034
317.747 318.625 320.490
322.033 322.826 324.453
321.965 322.856 324.397
306.775 316.932 320.866
321.676 322.205 322.700
305.568 316.918 320.754
317.739 318.716 320.758
318.645 319.023 319.365
318.228 319.737 321.411
318.950 319.743 321.082
318.399 318.852 319.535
306.479 314.163 319.665
306.613 316.751 319.742
318.761 319.520 321.216
305.073 313.224 318.839
317.950 319.021 320.522
321.277 321.923 322.415
321.782 322.171 322.798
317.980 318.748 320.512
306.402 316.830 321.275
309.753 317.175 322.368
309.324 317.148 322.685
309.613 320.483 324.336
305.861 316.280 319.240
318.530 320.323 320.918
322.133 322.701 324.599
322.115 324.059 324.699
309.718 317.362 322.939
318.155 319.934 321.506
306.204 314.004 319.424
318.535 319.335 320.876
307.242 317.510 321.468
305.769 316.420 319.517
309.724 319.702 322.580
309.062 317.256 324.152
305.661 312.948 318.138
305.168 313.598 320.056
317.854 318.658 319.200
306.408 314.777 321.685
306.652 309.468 319.435
309.667 319.969 324.535
321.204 322.393 323.737
319.335 319.662 320.055
306.471 317.185 321.466
305.801 316.192 320.361
305.728 314.131 320.633
319.072 319.873 321.647
306.853 317.422 321.371
322.118 322.522 322.884
305.287 315.955 318.850
305.721 316.397 320.479
321.582 322.526 324.145
309.720 320.008 324.277
321.811 322.926 324.196
317.932 319.107 320.938
318.939 319.488 319.931
321.958 322.830 325.300
322.088 322.889 324.386
306.568 316.801 321.534
318.744 320.088 321.779
306.662 316.991 320.431
309.398 319.747 322.905
309.691 320.035 323.053
318.876 319.763 320.969
309.756 320.230 324.335
309.677 317.384 322.786
321.663 322.697 324.536
309.727 317.224 322.409
321.638 322.088 322.906
309.625 319.893 322.785
309.426 319.326 322.212
309.332 317.171 322.584
321.800 322.172 322.694
309.507 320.069 324.263
322.304 322.758 323.143
309.558 317.466 324.206
309.312 320.468 324.382
309.654 315.326 323.983
306.640 317.291 321.593
318.419 319.089 319.926
318.558 319.080 319.678
318.598 318.892 319.104
306.277 316.703 321.130
318.411 318.917 319.347
321.707 322.455 324.357
309.276 314.606 322.937
317.489 319.186 320.758
318.502 318.933 319.561
306.614 316.216 319.031
306.965 317.231 321.116
322.116 322.294 322.539
318.194 318.606 318.991
306.280 315.734 318.550
317.761 319.031 320.394
309.402 319.878 323.367
309.566 317.127 322.283
305.632 317.944 322.357
309.284 320.731 324.434
318.461 319.216 320.664
306.509 311.640 319.350
321.595 322.341 323.891
321.888 322.678 324.662
321.888 322.502 322.895
305.285 313.556 320.249
318.055 319.108 320.625
305.292 314.440 320.542
321.234 321.932 322.791
317.778 318.385 318.955
305.908 313.931 320.272
305.803 316.207 320.323
309.381 316.790 321.907
321.769 322.881 324.304
321.849 323.449 324.577
306.442 316.364 319.114
318.985 320.091 321.312
310.093 320.098 323.078
309.669 319.789 323.222
321.866 323.056 324.994
309.463 319.897 322.915
309.440 320.931 324.448
306.021 316.181 320.282
317.713 318.111 318.642
305.560 316.389 319.839
309.359 317.067 322.440
319.199 319.517 319.811
321.517 321.776 322.005
309.727 319.618 322.423
317.697 318.320 318.753
305.374 313.580 320.434
317.887 321.696 323.937
309.502 320.353 324.206
310.097 320.754 324.563
309.331 316.849 321.976
321.534 322.119 322.449
321.794 322.712 324.342
308.990 319.946 324.179
321.672 322.059 322.384
306.809 316.895 320.006
306.171 317.282 321.806
305.500 311.234 320.334
318.346 319.313 320.992
306.140 316.289 320.614
318.267 321.235 322.676
318.277 319.490 321.309
321.313 321.746 322.071
321.668 322.741 324.769
308.954 320.815 324.460
321.534 322.940 324.497
305.310 316.045 320.587
318.787 319.823 321.339
319.289 320.059 321.664
318.856 319.421 320.031
309.348 319.164 321.984
309.492 319.705 323.983
321.573 322.697 324.413
309.236 317.267 323.503
305.536 316.237 320.301
317.968 319.061 320.179
306.512 314.383 320.192
321.364 322.344 324.288
309.198 319.737 324.141
321.553 322.254 324.068
321.416 322.277 324.038
318.253 318.901 320.621
309.585 320.031 324.439
321.787 322.349 324.090
309.360 319.453 322.286
321.745 322.627 323.968
321.964 322.160 322.468
321.812 322.704 324.448
321.825 322.751 324.338
306.483 316.513 319.685
318.428 319.822 321.359
309.381 314.419 321.745
318.671 319.063 319.560
318.061 318.804 320.729
306.000 316.294 320.798
309.599 317.596 324.101
309.657 320.836 324.593
306.377 316.687 319.614
319.005 319.791 321.112
318.632 319.596 321.757
319.173 319.912 320.964
305.811 315.885 319.117
317.984 318.622 320.724
321.153 322.055 324.038
305.878 315.693 318.378
317.501 318.819 320.447
305.757 316.304 320.539
309.473 317.051 322.227
321.857 322.607 323.976
322.007 323.586 324.184
309.350 319.460 322.522
318.387 319.627 320.887
309.723 319.678 322.796
309.402 319.600 322.393
309.734 320.538 325.379
318.487 318.989 319.408
305.322 316.344 320.521
309.120 317.862 324.379
309.965 319.899 324.129
321.704 322.385 324.102
309.413 314.531 322.125
309.324 319.819 323.985
318.531 319.714 321.456
318.250 319.355 321.280
319.002 319.940 321.643
305.586 313.546 320.388
305.617 315.801 319.199
317.765 318.928 320.577
321.682 322.388 323.750
321.820 322.210 322.602
306.798 316.831 319.672
318.562 319.626 321.654
318.384 319.121 320.570
318.765 319.519 319.839
305.719 315.600 318.269
305.761 315.660 318.415
317.622 318.537 319.996
321.738 322.284 322.985
309.237 319.503 322.167
321.677 322.561 324.460
306.546 317.006 321.464
318.766 319.594 321.353
321.829 322.143 322.363
326.215 327.610 328.962
321.317 322.368 324.460
309.398 320.252 324.264
309.139 319.946 324.276
305.976 314.325 321.381
306.754 317.158 321.241
265.201 309.942 324.593
261.647 283.688 322.497
261.738 297.992 322.320
258.519 303.714 318.319
258.350 304.049 318.952
258.947 292.650 319.490
258.927 307.827 321.544
258.808 280.595 318.930
261.478 285.827 322.091
258.661 292.791 320.735
257.936 294.660 320.231
258.276 294.405 318.629
258.539 282.705 318.764
257.710 269.976 318.262
257.766 306.276 318.786
258.250 295.304 321.403
258.940 283.036 319.568
258.822 271.308 318.756
257.849 270.788 320.701
257.643 258.048 258.623
257.726 294.231 319.210
257.724 270.172 318.271
257.843 303.619 318.708
261.851 286.108 322.635
258.344 292.265 320.309
262.678 310.153 322.347
258.986 307.519 320.002
261.858 298.615 324.415
261.910 296.155 323.845
258.920 293.458 321.828
258.878 271.288 319.360
258.701 283.403 320.311
257.950 294.152 318.282
258.685 307.469 321.628
258.493 283.035 319.412
318.492 319.137 319.881
317.321 322.181 327.906
318.372 319.334 321.421
318.749 319.554 321.495
306.811 317.115 321.425
306.584 314.615 321.362
306.720 316.550 319.151
318.840 319.769 321.065
317.397 318.592 320.360
320.429 321.068 321.707
319.120 319.857 321.749
309.392 319.853 323.966
309.372 317.681 324.253
309.680 319.725 322.574
309.586 319.774 322.736
309.857 319.767 323.468
309.525 319.416 322.098
321.662 321.956 322.140
309.691 319.700 322.423
318.461 318.705 318.969
262.281 293.140 322.141
261.917 286.046 322.500
261.624 295.774 324.263
258.518 295.506 320.490
258.683 282.876 319.259
257.485 269.892 318.249
257.986 279.597 317.886
257.840 291.484 318.329
261.655 310.239 323.769
258.848 294.955 319.178
261.439 297.931 322.595
261.752 274.553 324.442
262.317 297.905 321.810
261.646 274.139 322.210
262.542 307.772 322.434
258.512 258.800 259.072
258.493 270.817 319.035
258.701 280.445 319.002
258.709 295.609 321.552
259.203 293.184 321.499
257.943 294.051 318.353
257.867 279.479 318.014
261.503 298.402 324.259
258.349 271.127 320.874
259.175 307.843 321.450
261.721 310.322 324.368
258.053 258.199 258.407
261.934 297.819 322.022
261.504 262.111 263.408
257.801 282.357 318.504
257.751 294.073 318.317
257.638 269.976 318.134
258.675 283.327 321.254
258.002 282.308 318.469
257.885 282.599 320.336
257.677 281.949 317.946
261.407 261.680 262.138
258.224 272.654 321.960
261.411 309.945 322.408
261.589 286.000 322.672
262.021 297.952 322.289
258.160 306.466 319.054
257.967 270.254 317.992
258.047 294.725 320.487
258.954 283.078 319.210
258.358 307.097 321.041
258.228 283.479 321.562
261.352 261.864 262.422
257.799 282.658 319.553
261.866 286.637 324.970
261.834 298.583 324.102
259.001 271.498 319.278
258.890 307.532 321.433
257.695 294.150 318.528
262.105 298.909 324.547
261.984 310.031 322.163
261.212 274.181 324.675
262.084 299.449 324.380
261.785 286.968 324.627
261.997 299.740 324.920
258.683 296.426 321.533
258.399 283.951 321.494
258.217 270.958 321.179
259.293 271.849 321.686
259.057 296.814 322.211
261.683 286.907 324.569
325.252 325.763 326.785
262.150 287.392 324.590
261.868 301.008 327.916
261.940 299.792 325.002
261.457 312.172 325.301
261.788 287.151 324.897
262.251 287.377 324.794
261.550 287.220 324.836
270.229 308.736 334.817
275.138 311.600 336.897
268.054 307.538 336.087
264.523 302.562 328.698
270.442 306.614 333.479
262.132 287.405 325.146
259.096 296.759 322.054
259.175 296.777 322.124
257.941 295.868 321.257
321.443 321.604 321.775
320.760 321.086 321.456
261.623 274.476 324.735
261.322 274.151 324.690
258.726 296.261 321.372
262.927 301.323 328.359
265.751 270.485 275.042
261.907 283.637 323.023
269.775 287.536 334.764
258.099 292.300 319.082
258.331 283.165 320.524
262.196 300.049 319.490
262.068 298.360 322.593
261.571 293.176 322.429
262.024 298.418 323.647
261.792 296.028 324.170
309.473 320.479 324.149
258.561 283.573 321.447
280.448 313.484 339.224
327.449 337.692 341.710
258.025 286.957 330.249
262.147 306.029 334.442
262.357 292.989 338.183
263.898 278.097 333.552
258.328 301.497 330.270
260.406 316.882 331.209
259.440 302.459 331.213
270.139 271.272 272.783
262.262 291.013 334.084
264.492 293.233 336.339
263.714 307.393 336.554
258.409 316.085 330.920
261.873 305.062 334.116
262.415 276.762 333.841
262.082 305.212 334.146
261.998 319.949 335.146
261.963 305.142 334.167
261.961 305.137 333.861
282.142 283.120 283.911
353.766 354.244 354.729
278.474 335.951 352.325
262.675 305.590 334.151
264.393 278.862 336.384
264.833 307.864 340.852
257.656 286.756 330.100
258.377 272.841 330.333
258.583 301.584 330.519
269.412 301.987 346.919
345.090 347.852 349.509
265.583 311.107 341.253
258.561 288.245 331.410
258.487 295.346 320.516
257.978 270.518 318.937
260.236 307.576 326.115
266.480 300.332 328.346
267.820 305.585 330.869
259.885 308.461 321.916
261.632 277.251 327.340
262.087 294.795 324.911
272.707 316.026 336.551
261.722 295.569 322.394
261.680 310.072 322.870
261.577 283.794 323.993
272.028 284.982 330.505
259.176 302.369 319.828
258.440 283.092 319.799
261.591 298.087 322.899
263.039 311.048 324.958
264.898 312.190 325.817
279.408 317.458 343.807
258.642 306.709 319.234
257.922 280.003 318.883
258.909 302.964 322.260
258.281 295.316 320.102
258.137 282.561 319.019
276.917 296.888 326.416
261.780 298.274 322.882
261.388 274.301 324.551
261.793 271.508 309.511
262.068 274.315 322.796
258.447 271.141 320.656
258.959 307.012 319.365
261.299 286.314 323.163
258.592 258.986 259.333
261.515 261.934 262.362
259.159 259.230 259.315
261.803 262.194 262.609
258.834 259.095 259.458
258.736 259.060 259.550
258.658 259.318 259.568
259.100 259.305 259.469
258.965 259.273 259.592
266.812 269.186 271.851
262.286 265.613 268.130
261.347 263.553 266.384
260.248 261.731 263.700
258.763 259.295 259.690
258.556 259.248 259.755
261.892 264.127 266.787
261.585 262.114 262.550
263.311 265.781 267.833
257.947 258.152 258.495
257.747 258.252 258.512
261.594 261.935 262.442
258.744 258.978 259.523
258.536 259.488 260.659
258.089 258.449 258.623
258.821 259.044 259.215
258.120 258.393 258.640
258.505 258.751 258.947
261.649 262.164 262.544
261.545 262.128 262.571
261.766 261.927 262.141
261.432 261.589 261.870
261.556 262.066 262.536
261.484 261.751 262.057
261.102 261.534 261.974
261.797 262.066 262.359
258.567 258.845 259.225
258.619 258.785 259.072
258.713 258.977 259.324
258.485 258.871 259.150
261.246 261.769 262.099
258.624 259.157 259.626
261.696 262.146 262.507
258.649 258.973 259.295
261.609 261.815 262.163
258.451 258.777 259.247
262.086 264.192 266.488
260.282 263.701 265.328
261.360 261.925 262.503
259.153 260.113 261.586
260.264 266.136 271.106
258.003 258.286 258.679
259.001 259.252 259.714
258.390 258.790 258.971
261.794 261.996 262.332
258.655 259.024 259.366
258.808 259.292 259.605
258.764 260.220 262.384
261.963 262.674 264.298
261.452 261.738 262.283
261.536 261.902 262.281
262.625 263.135 264.507
261.469 262.183 262.555
263.149 265.768 267.913
258.703 259.046 259.383
261.566 261.992 262.395
261.474 261.754 262.070
261.753 261.941 262.167
258.604 258.870 259.232
257.796 258.199 258.696
268.858 270.184 272.328
258.351 258.891 259.435
258.429 258.888 259.263
261.748 262.281 263.679
261.855 262.194 263.333
261.732 262.029 262.381
261.555 262.010 262.547
257.404 257.911 258.520
262.043 263.631 265.817
257.477 266.063 270.427
259.186 259.388 259.690
261.313 261.556 261.861
261.581 261.812 262.024
261.551 261.799 262.133
261.423 261.727 262.060
261.805 262.029 262.274
261.470 261.636 262.022
258.643 258.955 259.544
261.426 261.731 262.088
257.703 258.263 258.768
257.703 257.967 258.321
258.354 258.428 258.558
261.893 262.067 262.197
261.575 261.842 262.131
257.966 258.247 258.518
274.157 275.827 277.021
276.123 277.279 277.808
257.989 258.284 258.620
257.950 258.324 258.617
258.360 258.837 259.542
261.138 263.022 264.434
260.765 262.487 263.785
275.820 278.053 279.288
262.850 265.803 268.253
258.244 258.553 258.772
259.382 260.447 261.684
270.457 272.192 275.750
268.161 271.797 276.213
272.189 273.881 276.067
258.865 259.704 261.760
258.947 261.090 263.497
260.235 261.692 263.257
261.694 263.366 267.575
257.983 258.596 259.613
257.591 257.944 258.253
258.474 258.783 259.109
257.624 257.855 258.103
257.437 258.442 261.418
258.589 258.879 259.100
258.358 258.561 258.786
258.622 258.948 259.102
261.550 261.736 262.071
257.778 258.102 258.435
261.370 261.568 261.720
261.661 262.028 262.191
280.078 280.597 280.918
277.937 279.005 280.730
257.809 258.011 258.326
261.853 262.033 262.360
261.990 262.146 262.371
261.785 261.901 261.985
258.315 258.653 259.073
258.849 260.714 262.129
268.394 270.075 271.355
257.667 258.025 258.485
261.582 261.738 262.259
258.556 258.883 259.358
258.426 258.736 259.077
261.462 261.815 261.985
258.732 259.565 261.782
258.296 258.553 258.707
261.886 262.266 262.673
261.213 261.668 262.152
261.496 261.759 262.403
261.199 261.596 261.893
261.591 261.740 261.953
261.570 262.017 262.233
261.655 261.964 262.186
257.594 257.863 258.267
261.743 262.030 262.607
261.319 261.752 262.029
257.656 258.105 258.597
261.530 261.834 262.185
261.626 262.061 262.341
257.968 258.265 258.497
258.087 258.314 258.580
257.590 258.142 258.556
258.054 258.317 258.532
257.920 258.110 258.238
258.075 258.314 258.444
258.795 261.056 261.810
258.551 258.709 258.875
261.816 263.405 265.066
257.852 258.232 258.726
261.482 261.842 262.083
258.491 258.868 259.213
258.759 258.873 259.007
258.945 259.164 259.393
261.269 261.491 261.834
258.116 258.458 258.943
258.190 258.464 258.676
261.196 261.688 261.974
261.290 261.650 262.164
261.334 261.805 262.046
261.581 261.752 261.914
261.360 261.821 262.538
261.253 261.916 262.488
261.617 261.805 262.169
261.651 261.815 262.072
257.895 258.091 258.290
257.813 258.021 258.154
258.014 258.285 258.458
257.901 259.248 262.743
258.463 258.704 259.038
258.603 258.900 259.091
258.655 258.883 259.053
258.750 258.886 259.075
257.706 258.833 262.813
261.572 262.036 262.527
261.435 261.658 261.862
258.506 259.476 262.068
258.404 258.911 259.263
258.775 258.888 259.022
257.606 258.007 258.641
257.594 257.866 258.010
261.466 261.717 261.951
261.308 261.744 262.125
261.637 261.823 262.112
261.420 261.882 262.237
261.374 261.749 262.055
261.471 261.694 261.974
261.441 261.758 262.302
258.670 258.901 259.124
261.414 261.701 261.806
261.616 262.112 262.664
257.996 258.312 258.660
257.911 258.276 258.479
261.902 262.018 262.283
261.438 261.890 262.323
261.491 261.710 262.069
257.852 258.244 258.749
257.961 258.031 258.193
261.246 261.704 261.971
261.578 261.702 261.908
261.845 262.165 262.386
258.634 258.839 259.031
258.316 258.605 258.821
258.099 258.700 259.080
261.592 261.871 262.241
258.565 258.931 259.341
258.489 258.598 258.804
258.298 258.597 259.015
258.330 258.766 259.240
258.435 258.762 259.207
258.268 258.861 259.312
258.651 258.950 259.346
258.925 259.133 259.386
258.597 259.021 259.338
258.692 258.992 259.266
258.798 258.955 259.239
261.448 261.752 262.042
261.151 261.610 261.873
258.549 258.866 259.352
261.189 261.520 261.839
258.759 259.139 259.421
258.968 259.232 259.486
262.075 262.206 262.302
261.062 261.501 261.798
261.398 261.723 262.463
261.748 262.120 262.873
258.574 258.771 259.036
258.528 258.779 259.097
0 0 0
258.623 259.000 259.472
261.711 261.964 262.390
261.366 261.691 262.033
258.686 258.909 259.203
257.722 257.997 258.297
257.635 257.980 258.330
261.560 261.714 261.959
261.410 261.732 261.921
261.529 261.837 262.411
261.265 261.644 261.862
261.576 261.758 261.928
261.554 261.763 261.993
261.356 261.809 262.296
261.340 261.687 261.933
261.937 262.084 262.276
258.222 258.737 259.080
258.285 258.615 258.865
257.796 257.933 258.071
261.822 262.033 262.200
261.818 261.949 262.101
258.622 258.761 258.961
258.460 258.644 258.913
258.360 258.795 259.201
261.236 261.637 261.881
257.893 258.218 258.546
261.588 261.752 262.053
258.269 258.581 258.857
258.284 258.731 259.314
258.638 258.937 259.206
258.405 258.686 259.033
257.654 257.887 258.134
261.717 261.989 262.406
261.275 261.772 262.115
258.379 258.807 259.351
258.443 258.985 259.442
257.866 258.290 258.637
257.809 258.375 258.627
261.471 261.929 262.468
261.485 261.944 262.388
261.791 262.112 262.534
258.100 258.690 259.178
261.267 261.497 261.740
261.397 261.651 261.921
257.519 257.909 258.237
261.785 261.940 262.102
261.673 261.964 262.476
258.048 258.229 258.379
257.738 257.873 257.984
261.503 261.763 262.152
261.437 261.706 262.103
261.644 261.968 262.215
261.621 261.944 262.295
261.285 261.666 262.053
258.388 258.625 258.842
258.216 258.789 259.326
261.481 261.693 262.064
261.247 261.741 262.381
258.599 258.923 259.235
261.413 261.862 262.218
258.681 258.920 259.230
258.892 259.096 259.647
257.644 257.783 257.835
257.610 257.886 258.237
261.688 262.026 262.305
261.808 262.274 262.918
261.492 261.903 262.181
261.469 261.849 262.060
261.645 261.893 262.102
261.482 261.700 262.185
258.663 259.116 259.927
258.731 258.972 259.295
261.325 261.689 262.324
261.425 261.808 261.979
258.475 258.820 259.095
261.402 261.676 261.957
261.211 261.626 262.058
257.988 258.279 258.674
258.423 258.670 259.222
258.378 258.729 258.942
258.015 258.281 258.572
257.778 258.079 258.284
261.618 262.045 262.723
261.857 262.124 262.405
261.548 261.943 262.244
258.525 258.780 259.047
258.725 258.982 259.300
259.014 259.201 259.355
258.210 258.712 258.976
257.776 258.092 258.637
257.435 257.810 258.354
257.771 257.996 258.387
258.636 259.016 259.616
258.251 258.800 259.283
258.781 258.831 258.934
258.646 258.882 259.061
258.378 258.760 259.103
258.795 258.981 259.109
257.554 257.971 258.315
257.877 258.239 258.776
257.755 258.039 258.221
257.486 257.949 258.700
258.810 259.153 259.555
258.635 259.159 259.545
259.082 259.221 259.392
258.533 258.936 259.288
261.563 261.756 261.987
261.307 261.572 261.766
258.528 258.756 259.367
261.576 261.983 262.324
261.539 261.874 262.194
258.805 259.076 259.446
261.564 261.685 261.944
261.287 261.664 262.131
257.575 257.954 258.085
257.973 258.251 258.666
261.940 262.182 262.574
257.857 258.057 258.292
257.597 260.203 262.072
261.712 261.863 262.162
261.790 262.137 262.382
261.696 262.011 262.325
257.887 258.213 258.660
261.558 261.737 261.926
258.674 259.137 259.451
259.005 259.132 259.463
261.908 262.035 262.160
261.643 262.032 262.394
261.821 262.185 262.626
257.527 257.773 258.195
261.483 261.795 262.430
258.397 258.716 259.152
261.348 261.637 262.352
261.281 261.676 261.912
261.347 261.672 262.058
258.431 258.946 259.518
257.691 258.089 258.607
257.781 258.086 258.933
261.524 261.787 261.975
261.249 261.604 261.933
258.363 258.848 259.155
258.387 258.637 258.832
261.601 261.800 262.087
257.502 257.929 258.204
258.022 258.185 258.420
261.522 261.786 261.948
258.659 258.853 259.119
258.406 258.746 258.987
261.585 261.907 262.151
261.849 262.190 262.478
261.603 261.984 262.286
258.559 258.860 259.309
257.942 258.114 258.260
261.387 261.671 262.249
261.455 262.966 267.671
263.917 264.099 264.334
257.647 258.076 258.455
261.513 261.834 262.289
261.378 261.610 261.777
261.740 261.849 261.979
261.624 261.855 262.055
258.349 258.794 259.164
258.442 258.769 259.060
261.624 261.857 262.024
261.233 261.482 261.759
261.638 261.990 262.319
261.356 261.730 262.500
261.440 261.751 261.996
261.217 261.587 261.853
258.887 260.568 261.970
258.306 258.956 259.248
258.770 259.067 259.377
257.403 257.780 258.019
261.912 262.148 262.355
261.731 261.942 262.228
261.448 261.746 261.973
261.375 261.832 262.300
257.937 258.148 258.392
261.381 261.673 262.009
257.957 260.201 261.762
261.361 261.982 262.367
261.355 261.648 261.844
261.514 261.660 261.767
261.848 262.068 262.277
257.694 257.841 258.077
258.618 259.064 259.731
259.057 259.247 259.508
258.651 258.925 259.271
257.732 258.099 258.315
258.366 258.886 259.375
258.506 258.718 259.023
257.542 257.928 258.361
257.710 257.945 258.160
257.751 258.059 258.637
258.699 259.029 259.252
258.542 258.808 259.146
261.371 261.569 261.724
257.854 257.944 258.014
257.816 258.364 259.009
257.670 258.003 258.522
257.469 257.909 258.443
261.537 261.889 262.134
257.637 257.881 258.114
258.659 259.170 260.828
257.742 258.049 258.324
257.709 258.092 258.385
257.649 258.104 258.475
257.978 258.237 258.464
257.856 258.112 258.281
257.687 258.051 258.351
257.953 258.152 258.633
257.986 258.257 258.496
258.119 258.289 258.475
257.546 257.757 257.913
261.451 261.811 262.106
257.941 258.111 258.337
257.796 258.114 258.355
262.038 262.131 262.298
258.754 258.903 259.120
257.520 257.961 258.449
257.814 258.343 259.304
261.205 261.680 262.037
261.879 262.023 262.293
261.820 262.026 262.363
261.964 262.312 262.972
257.713 257.904 258.117
257.992 258.194 258.469
258.387 258.682 258.922
258.423 258.886 259.204
258.401 258.767 259.104
258.584 258.847 259.007
258.413 258.750 259.067
258.829 258.934 259.192
261.659 261.923 262.149
258.359 258.842 259.109
258.645 259.112 259.648
261.679 262.018 262.575
259.024 259.117 259.213
261.944 262.113 262.443
257.639 257.838 257.969
257.715 258.130 258.839
261.655 261.741 261.796
258.101 258.428 258.900
261.151 261.693 261.991
257.896 258.508 258.984
258.742 258.949 259.310
261.644 261.811 262.069
258.124 258.186 258.269
258.031 258.200 258.572
258.895 259.055 259.286
259.178 259.581 260.396
257.445 257.991 258.388
258.328 258.728 259.172
257.982 258.180 258.528
261.525 261.901 262.503
261.180 261.475 261.667
257.830 257.988 258.194
258.013 258.213 258.490
261.308 261.749 262.052
261.350 261.600 261.706
258.609 259.046 259.587
261.463 261.762 262.126
257.586 257.836 258.147
258.716 259.117 259.923
261.533 261.973 262.197
261.694 262.086 262.324
261.510 261.943 262.583
257.675 258.175 258.736
257.496 257.956 258.172
261.577 261.903 262.110
257.486 257.901 258.159
257.788 257.943 258.220
257.559 257.836 258.009
257.750 258.069 258.562
258.591 259.074 259.348
261.239 261.970 262.396
257.558 257.917 258.381
258.002 258.151 258.350
257.712 257.927 258.091
257.896 258.090 258.399
257.698 258.090 258.306
257.537 257.896 258.145
257.603 257.983 258.163
261.120 261.667 262.097
261.595 261.817 262.061
258.460 258.862 259.143
258.810 258.967 259.138
257.692 258.033 258.550
257.459 258.026 258.383
258.751 259.115 259.433
258.300 258.870 259.155
258.311 258.603 258.900
258.872 259.540 261.717
261.428 261.701 262.006
265.532 267.234 268.962
273.154 276.560 279.156
261.747 261.885 262.146
261.488 261.938 262.438
261.756 262.018 262.424
261.498 261.997 262.281
261.412 261.692 262.032
258.687 258.997 259.295
261.421 261.695 261.907
258.056 258.188 258.274
257.653 257.931 258.210
257.657 258.006 258.491
261.561 261.847 262.421
261.663 261.831 262.016
258.441 258.761 259.321
258.656 258.959 259.267
258.507 258.856 259.096
258.295 258.750 259.290
257.582 257.884 258.250
261.496 261.988 262.451
261.719 262.251 262.870
261.388 261.964 262.350
261.861 262.082 262.284
261.509 261.809 262.039
259.021 259.364 259.491
259.048 259.155 259.348
258.506 258.668 258.778
261.507 261.924 262.353
261.685 262.204 262.691
261.559 261.908 262.240
261.916 262.287 262.937
257.786 258.431 259.083
257.759 258.164 258.404
258.038 258.152 258.457
258.432 258.773 259.152
258.689 259.138 259.843
261.402 261.968 262.407
262.001 262.744 265.105
261.658 262.038 262.415
258.367 258.776 259.157
258.385 258.719 258.982
257.422 257.989 258.219
257.630 258.049 258.447
260.156 260.493 260.778
258.862 259.042 259.205
258.758 259.045 259.177
258.466 258.839 259.221
260.480 260.699 261.035
258.885 259.069 259.208
258.795 258.898 259.095
258.811 259.029 259.451
258.544 258.714 258.860
261.390 261.860 262.211
257.871 258.052 258.267
258.540 259.204 259.496
261.637 261.843 262.109
261.496 261.794 262.151
258.427 258.780 259.017
258.259 261.020 262.256
261.154 261.753 262.157
261.306 261.676 262.007
258.264 261.111 262.206
258.301 258.525 258.714
258.612 258.852 259.092
301.258 302.620 303.343
257.276 257.519 257.814
261.322 261.695 262.144
257.792 258.496 259.999
261.568 262.089 262.440
257.464 257.649 257.853
261.438 261.671 261.969
257.512 257.958 258.129
258.635 259.204 259.491
260.721 261.110 262.012
257.503 257.726 258.018
258.702 258.972 259.342
259.036 259.294 259.535
261.584 261.864 262.221
261.533 261.828 262.077
257.913 258.425 258.677
258.756 259.125 259.682
261.146 261.466 261.730
261.669 261.946 262.161
261.431 261.678 261.982
261.554 262.067 262.430
261.661 262.172 262.525
261.411 261.781 262.002
266.771 267.182 267.579
258.726 258.924 259.174
257.476 257.788 257.980
257.670 258.009 258.368
257.886 258.009 258.148
261.551 262.021 262.267
261.892 262.295 262.669
257.796 258.202 258.717
261.506 261.896 262.274
257.521 257.928 258.289
261.459 261.764 262.045
261.831 262.137 262.679
258.689 258.904 259.067
257.454 258.047 258.377
257.639 258.114 258.641
261.217 261.844 262.359
257.503 257.797 258.249
257.974 258.224 258.671
257.505 257.768 258.154
257.904 258.129 258.482
261.573 261.848 262.081
261.722 261.900 261.986
261.189 261.643 262.162
257.580 257.944 258.301
261.323 261.731 262.106
261.504 261.883 262.683
258.919 259.644 261.413
258.617 259.048 259.527
258.926 259.380 259.899
258.788 259.151 259.611
258.767 259.286 259.732
258.754 259.034 259.448
261.452 261.819 262.066
261.701 261.965 262.462
261.747 261.887 262.125
261.787 261.981 262.219
262.095 262.228 262.327
261.655 261.998 262.335
261.502 261.923 262.476
258.685 258.986 259.385
258.731 259.034 259.220
258.952 259.266 259.699
261.695 261.962 262.191
261.587 261.900 262.271
258.680 259.163 259.893
261.853 262.116 262.451
257.341 261.325 262.588
256.914 257.124 257.523
256.795 257.159 257.468
261.868 262.115 262.305
261.928 262.269 262.615
261.555 261.939 262.316
261.306 261.891 262.261
256.995 257.246 257.713
261.335 261.939 262.497
257.833 258.279 258.901
258.264 258.510 258.908
258.029 258.374 258.523
259.103 259.352 259.912
262.081 262.420 262.652
261.852 262.270 262.634
257.774 258.300 258.963
257.805 258.149 258.535
261.549 261.833 262.089
257.726 258.143 258.538
258.654 259.154 259.503
261.264 261.808 262.263
261.777 261.928 262.181
258.620 259.371 261.727
261.881 262.038 262.308
262.008 262.286 262.491
261.405 262.088 263.370
261.406 261.852 262.140
261.148 261.712 262.110
261.678 262.074 262.304
258.472 258.788 259.162
260.387 260.552 260.979
258.786 258.944 259.087
258.674 259.039 259.389
258.463 258.721 259.104
257.355 257.795 258.266
256.693 257.068 257.241
256.748 257.032 257.371
256.949 257.240 257.515
257.386 257.842 258.119
257.322 258.321 259.423
262.791 263.313 264.142
261.506 263.472 264.209
261.722 262.088 262.367
261.483 261.805 262.207
266.683 267.054 267.577
261.660 262.012 262.388
261.728 262.171 262.721
261.571 261.831 262.159
267.004 267.503 268.120
261.712 261.929 262.195
266.885 267.291 267.731
266.777 267.039 267.478
266.636 267.049 267.634
261.933 262.736 264.773
257.554 258.262 258.815
257.435 259.577 262.265
261.534 261.853 262.041
261.908 262.021 262.132
261.270 261.827 262.472
261.167 261.631 262.076
258.721 259.133 259.386
257.962 258.720 259.135
261.596 261.939 262.145
257.817 258.157 258.471
261.167 261.604 262.393
258.565 259.686 262.437
257.728 258.258 258.624
261.721 262.127 262.595
261.786 261.952 262.039
261.354 261.830 262.623
262.094 262.319 262.440
264.631 267.511 271.024
258.747 258.823 258.917
258.821 259.095 259.359
263.758 264.181 264.372
260.908 263.723 265.855
268.673 269.917 271.042
261.595 261.917 262.035
258.992 259.278 259.413
257.824 258.444 259.631
258.058 260.320 262.455
258.234 259.089 260.874
257.679 258.214 258.605
258.995 259.200 259.493
264.216 264.467 264.701
261.759 262.247 262.576
258.009 258.287 258.604
257.802 258.035 258.269
257.936 258.225 258.564
257.829 258.054 258.259
261.563 262.057 262.511
261.779 262.297 262.808
258.676 259.933 261.656
258.676 258.996 259.520
261.816 262.028 262.224
261.326 261.854 262.339
261.607 261.933 262.442
261.496 261.805 262.157
257.896 258.225 258.593
258.598 258.928 259.230
257.777 258.291 258.713
258.277 258.507 258.811
258.749 259.591 262.308
258.546 258.973 259.303
258.725 258.964 259.463
258.718 258.916 259.169
258.063 258.225 258.474
261.497 261.706 262.098
261.422 261.823 262.135
261.429 261.804 262.302
258.151 258.511 258.927
258.703 258.972 259.365
258.157 259.453 262.371
257.756 258.086 258.285
257.695 258.390 258.906
258.432 258.608 258.931
269.314 272.371 274.328
257.691 258.199 258.743
258.584 258.977 259.315
258.572 258.954 259.352
258.470 259.009 259.447
257.762 258.092 258.590
257.798 258.141 258.351
257.430 257.782 258.001
318.729 319.814 321.119
306.170 314.210 319.630
257.898 258.196 258.529
258.372 258.817 259.180
258.261 258.843 259.250
259.060 259.406 259.695
258.789 258.874 258.956
258.182 258.653 259.273
257.688 258.216 258.864
258.144 258.282 258.535
261.520 262.149 262.507
261.558 262.166 262.530
258.715 259.113 259.496
261.295 261.651 262.009
261.707 262.174 262.481
261.546 261.814 262.236
258.908 259.391 259.595
258.888 259.195 259.441
261.722 262.064 262.376
261.975 262.087 262.303
258.649 258.939 259.450
258.101 258.244 258.516
257.847 258.444 258.844
261.567 261.791 262.361
258.796 259.130 259.461
258.463 258.945 259.353
261.275 261.778 262.188
261.567 261.825 262.030
261.694 261.946 262.343
261.412 261.838 262.108
261.414 261.730 262.174
261.688 261.919 262.284
261.690 261.803 262.056
261.674 261.841 262.025
258.053 258.328 258.755
261.261 261.613 261.809
261.517 261.796 262.065
261.549 262.001 262.537
258.572 259.198 259.616
258.625 258.976 259.387
258.336 258.765 259.394
261.815 262.326 262.693
261.303 261.696 262.130
261.453 261.990 262.323
261.311 261.955 262.598
261.156 261.920 262.466
262.171 262.301 262.406
261.766 261.993 262.315
261.868 262.241 262.930
261.911 262.108 262.281
261.612 261.862 262.197
261.675 261.959 262.304
261.554 261.836 262.086
258.476 258.956 259.264
258.909 259.016 259.128
258.479 258.870 259.235
261.971 262.025 262.099
258.145 258.494 258.876
257.922 258.306 258.568
261.533 262.017 262.270
261.605 261.934 262.120
261.942 262.237 262.660
261.821 262.054 262.422
261.508 261.999 262.346
261.345 261.773 262.231
261.191 261.716 262.014
261.676 262.836 265.440
261.611 261.932 262.342
261.477 261.770 262.094
261.469 261.826 262.160
261.619 261.993 262.200
261.340 261.833 262.277
261.619 261.840 262.018
258.909 259.081 259.491
261.075 261.700 262.061
258.812 259.170 259.507
257.414 258.103 258.887
257.415 258.006 258.392
257.745 258.002 258.360
257.754 257.991 258.447
258.139 260.578 262.320
261.175 261.708 262.082
258.854 259.021 259.215
258.032 258.228 258.433
257.610 258.056 258.795
261.520 261.741 262.138
261.490 261.687 261.848
261.469 261.679 262.031
261.720 261.872 261.994
261.472 261.742 262.028
261.610 261.889 262.137
261.447 261.829 262.161
261.266 261.612 261.789
258.661 258.877 259.141
258.462 258.788 259.027
258.482 258.890 259.154
258.802 259.152 259.565
258.339 258.884 259.519
258.338 259.303 260.380
257.623 258.493 259.494
258.171 258.389 258.617
257.926 258.130 258.228
257.875 258.280 258.733
261.960 262.107 262.309
258.729 258.815 258.942
258.375 258.825 259.080
261.574 261.759 262.048
262.063 262.209 262.431
261.649 261.901 262.260
261.872 262.051 262.464
261.225 261.805 262.387
261.534 261.790 262.113
261.561 261.771 262.082
257.401 257.700 257.943
261.620 261.895 262.261
261.648 262.048 262.319
261.863 261.985 262.143
261.827 262.304 262.487
258.699 258.961 259.212
261.608 262.038 262.374
257.736 257.932 258.158
257.556 257.738 257.991
258.845 259.132 259.375
258.352 258.866 259.323
258.455 258.741 259.095
257.727 257.885 258.138
261.994 262.196 262.609
257.731 258.005 258.437
257.719 258.051 258.190
261.781 262.052 262.564
261.625 261.794 261.890
261.715 262.117 262.421
258.554 258.921 259.360
258.647 258.851 259.044
261.525 261.838 262.223
257.626 257.999 258.386
258.195 258.631 259.056
257.544 258.803 261.568
258.088 258.343 258.743
257.393 257.820 258.061
261.424 261.749 262.142
257.793 259.059 261.735
257.975 258.258 258.511
258.439 258.853 259.461
258.524 258.789 259.004
258.714 258.915 259.228
261.191 261.588 262.117
261.957 262.761 265.279
261.630 261.948 262.162
261.586 262.017 262.462
261.972 262.020 262.089
261.680 262.057 262.447
262.125 262.209 262.326
261.172 261.805 262.340
261.397 261.737 261.986
261.361 261.673 262.107
257.737 258.007 258.305
257.780 258.228 259.294
257.591 257.804 258.028
257.492 257.830 258.100
257.900 258.615 259.322
257.844 258.603 259.990
257.638 258.013 258.222
261.611 261.944 262.418
257.602 258.016 258.375
258.161 258.434 258.883
258.400 258.662 258.885
259.132 259.287 259.528
257.629 257.848 258.092
257.775 258.238 258.477
257.754 257.948 258.081
258.333 258.600 258.973
258.034 258.425 258.892
257.969 258.332 258.556
258.112 258.626 259.409
258.509 258.743 258.929
258.756 259.004 259.239
261.578 261.807 262.208
261.490 261.829 262.071
257.579 257.860 258.004
261.415 261.769 262.337
258.781 258.984 259.367
258.879 258.970 259.055
258.923 259.154 259.381
257.387 257.774 258.266
257.662 258.070 258.312
257.648 258.117 258.403
257.742 257.916 258.072
258.459 258.659 258.923
258.556 258.791 258.991
258.655 258.824 259.050
258.172 258.607 259.015
258.510 258.751 258.922
258.379 258.643 258.873
258.181 258.716 259.142
257.945 258.263 258.656
257.859 258.063 258.373
257.596 257.851 258.374
258.598 258.920 259.305
257.678 258.047 258.355
258.726 259.163 259.430
259.000 259.255 259.485
258.898 259.093 259.339
258.630 258.838 259.302
261.523 261.810 262.252
257.958 258.155 258.315
257.722 258.140 258.512
257.703 258.222 258.756
258.770 258.963 259.124
261.504 261.590 261.696
258.800 271.082 319.222
259.222 305.089 321.455
262.279 310.347 324.110
257.813 268.381 305.878
257.980 267.669 305.728
261.969 286.096 322.209
258.749 283.351 320.131
258.401 282.778 319.007
258.504 283.217 319.611
258.982 259.280 260.114
261.512 295.599 323.741
258.530 280.361 318.968
261.622 285.943 322.823
261.467 296.062 324.618
261.333 298.376 324.281
261.352 298.502 324.322
261.350 295.215 322.004
261.255 310.096 323.620
261.523 295.543 322.300
261.351 286.385 324.520
261.987 295.706 322.496
257.639 282.293 318.658
261.804 285.993 322.319
258.040 294.431 320.089
257.773 282.557 320.379
257.724 304.326 320.975
258.368 294.845 319.104
257.748 270.414 320.584
261.382 286.182 324.121
257.660 281.869 317.870
257.349 270.193 319.935
261.723 296.398 324.270
258.601 294.814 319.219
261.569 274.014 322.356
261.655 274.159 322.674
261.691 286.888 324.707
259.097 293.212 321.176
261.679 310.422 322.962
261.418 274.223 323.978
258.881 271.644 321.964
258.975 296.039 321.894
258.738 282.802 318.843
257.892 306.039 319.012
258.073 294.520 320.428
257.827 282.098 318.483
257.711 257.994 258.197
321.721 323.028 324.962
258.698 304.759 319.826
259.103 304.754 319.269
261.400 274.227 324.577
258.111 306.355 318.800
257.994 270.240 318.254
261.214 295.541 322.520
261.312 261.625 262.190
261.727 261.829 261.999
257.613 270.518 320.705
257.777 294.215 318.880
258.306 295.292 321.610
257.494 303.805 320.238
257.824 282.065 318.251
257.847 279.914 319.073
261.114 285.661 321.818
261.625 283.354 321.736
257.479 269.869 318.221
261.336 286.129 323.769
261.715 273.847 322.175
261.428 273.748 322.337
261.495 298.229 324.127
263.550 307.607 322.382
258.866 292.355 318.942
261.614 283.779 324.167
259.004 292.809 319.794
261.470 273.904 321.916
258.824 280.287 318.769
258.991 292.564 319.063
258.951 295.388 319.942
258.872 271.223 319.602
261.720 298.186 322.943
258.838 295.419 321.321
258.846 282.916 318.850
258.677 304.525 319.553
258.881 283.095 319.980
309.519 320.155 324.451
261.523 295.836 323.933
258.208 283.862 322.460
261.530 298.966 324.913
261.381 285.799 322.086
259.237 304.793 319.860
257.633 281.918 317.888
305.307 313.401 319.346
257.564 269.806 317.954
259.075 295.704 321.277
259.079 271.211 319.205
258.545 281.046 321.686
261.693 285.991 321.986
261.664 273.934 322.068
261.781 286.073 322.262
258.769 295.345 320.034
258.922 305.227 321.386
318.919 319.210 319.515
259.189 290.225 319.103
258.640 280.975 321.612
258.868 283.611 321.697
261.278 261.672 261.902
258.971 259.268 259.519
258.613 258.914 259.091
258.598 260.747 262.325
261.409 261.609 261.806
261.380 261.792 262.056
261.487 261.782 261.938
261.631 261.712 261.970
261.173 261.616 262.093
259.101 259.223 259.392
258.395 258.703 258.889
258.734 258.948 259.276
258.427 258.808 259.201
258.615 258.851 259.167
258.433 258.774 259.168
257.992 258.244 258.540
258.683 259.056 259.370
261.512 261.939 262.156
261.246 261.602 261.975
261.421 261.808 261.971
261.481 261.877 262.127
258.572 259.010 259.649
261.543 261.696 261.923
261.574 261.755 262.097
257.483 257.992 258.317
258.580 258.898 259.290
258.509 258.928 259.330
261.579 261.721 262.037
261.789 261.892 261.978
261.500 261.849 262.233
257.731 257.900 258.057
258.709 258.973 259.246
257.803 258.252 258.502
257.895 258.116 258.671
257.843 258.187 258.661
258.774 259.109 259.410
261.700 261.849 262.054
261.645 261.945 262.181
261.546 261.719 261.900
261.595 261.930 262.212
261.775 262.027 262.318
261.669 261.972 262.340
258.578 258.866 259.087
258.617 258.845 259.039
258.674 258.921 259.047
257.437 257.631 257.833
258.666 258.958 259.392
261.724 261.805 261.938
261.413 261.757 262.002
258.197 258.627 259.003
258.353 261.166 262.014
261.694 261.863 262.119
261.430 261.622 262.091
261.693 262.057 262.538
261.833 262.101 262.463
261.702 261.966 262.192
257.617 257.926 258.190
261.796 261.966 262.213
261.723 261.946 262.173
257.791 258.076 258.506
257.757 258.357 258.731
257.828 258.125 258.554
261.168 261.607 262.037
257.503 257.736 258.083
261.722 262.137 262.677
258.504 258.963 259.418
258.469 258.951 259.358
258.032 258.287 258.473
258.714 259.156 259.346
258.535 259.105 259.642
257.623 258.197 258.499
257.450 257.764 258.180
257.561 257.698 257.974
258.948 259.747 262.713
257.898 258.127 258.406
258.528 258.755 259.012
257.463 257.933 258.182
258.784 259.088 259.303
261.449 261.663 262.021
257.866 258.090 258.361
261.671 261.903 262.005
261.818 261.888 262.004
261.542 261.769 262.058
262.394 263.978 267.355
258.073 258.311 258.627
258.660 259.004 259.263
258.598 258.995 259.459
258.314 258.881 259.254
258.503 258.753 258.990
258.566 258.864 259.042
258.682 258.955 259.252
257.780 257.997 258.568
257.443 258.099 258.612
257.570 258.033 258.524
257.538 257.906 258.240
258.253 258.459 258.954
261.388 261.551 261.694
261.477 261.742 261.948
261.522 261.926 262.269
261.302 261.747 261.983
261.191 261.678 262.045
261.521 261.745 261.946
261.517 262.075 262.393
261.365 261.866 262.521
258.683 258.869 259.027
258.546 258.899 259.124
258.385 258.601 258.950
258.359 258.781 259.116
258.463 258.889 259.317
258.455 258.792 259.064
258.415 258.671 258.937
258.318 258.664 258.975
258.306 258.623 258.892
257.903 258.221 258.499
258.547 258.660 258.878
257.790 257.934 258.146
261.617 262.142 262.506
261.556 262.092 262.464
257.590 257.757 257.943
258.688 258.875 258.979
258.673 258.980 259.477
258.153 258.878 259.642
261.525 261.965 262.476
261.962 262.087 262.255
258.750 258.995 259.227
258.731 258.982 259.384
258.599 258.994 259.368
258.700 259.028 259.447
258.752 259.085 259.237
258.647 259.024 259.316
261.827 262.201 262.606
261.656 262.081 262.779
257.764 257.990 258.375
257.418 257.745 258.285
257.404 257.658 258.193
257.680 257.864 257.977
258.637 259.206 259.807
258.894 259.074 259.296
258.705 259.074 259.439
258.391 258.743 259.021
258.467 258.608 258.686
257.861 258.331 258.629
258.660 258.794 258.930
258.027 258.182 258.458
258.390 258.644 258.933
261.772 261.955 262.174
258.572 258.913 259.150
257.810 258.187 258.562
257.395 257.637 257.880
257.439 257.827 258.238
259.127 259.286 259.449
259.143 259.357 259.575
258.829 259.102 259.291
258.653 258.851 259.282
258.666 259.150 259.408
257.623 257.888 258.344
257.840 258.061 258.268
261.346 261.925 262.405
261.717 261.868 261.982
261.625 262.002 262.591
258.737 259.168 259.598
257.566 258.141 258.770
257.812 257.915 258.020
257.535 258.010 258.344
261.290 261.612 261.802
261.527 261.817 262.196
258.805 259.090 259.554
258.770 259.046 259.375
261.676 261.849 262.046
258.336 258.607 258.995
258.494 258.820 259.190
258.513 258.754 258.927
258.620 258.845 259.335
258.213 258.372 258.566
258.701 258.929 259.130
258.766 259.001 259.221
258.433 258.759 259.155
258.983 259.199 259.484
258.633 259.124 259.347
258.567 258.858 259.094
258.761 259.092 259.296
261.662 261.958 262.181
261.920 262.222 262.402
261.876 262.027 262.184
258.419 258.754 259.102
257.602 258.165 258.553
257.827 258.216 258.757
261.691 262.038 262.473
261.739 261.836 261.949
261.723 262.051 262.578
258.382 258.642 259.001
261.521 262.046 262.445
258.702 258.980 259.170
258.771 259.077 259.373
258.775 259.125 259.468
258.808 259.130 259.343
257.448 257.899 258.112
257.758 257.975 258.345
261.723 261.981 262.220
261.917 262.044 262.309
261.577 261.896 262.055
261.530 261.929 262.319
261.397 261.624 261.956
257.538 257.899 258.253
261.382 261.797 262.154
261.496 261.753 262.076
257.600 257.873 258.199
258.421 258.789 259.038
258.446 258.695 259.150
258.780 258.972 259.329
257.507 257.994 258.198
257.725 257.916 258.121
257.672 258.253 258.859
257.465 257.820 258.447
257.783 258.059 258.267
257.867 258.023 258.352
257.870 258.080 258.466
257.493 257.741 258.034
257.676 257.899 258.098
257.668 257.994 258.489
261.155 261.572 262.086
258.010 258.155 258.232
257.865 258.206 258.539
258.059 258.452 258.834
258.795 259.134 259.441
257.581 258.076 258.376
257.779 258.019 258.206
257.746 258.136 258.582
258.340 258.695 259.047
258.904 258.982 259.114
258.736 258.976 259.216
257.832 258.752 259.233
257.620 258.024 258.172
257.697 258.072 258.472
257.520 257.921 258.199
257.658 257.977 258.396
258.841 259.116 259.532
261.702 261.942 262.204
257.907 258.089 258.500
257.621 257.929 258.478
257.954 258.178 258.480
261.540 262.090 262.486
261.991 262.104 262.217
261.459 262.047 262.659
261.399 261.744 262.037
261.638 261.871 262.078
261.745 262.050 262.354
257.628 258.203 259.051
257.883 258.124 258.524
257.700 258.081 258.593
257.854 258.151 258.437
257.693 258.332 258.977
257.799 258.160 258.384
258.019 258.197 258.330
258.257 258.684 259.387
257.902 258.282 258.540
257.926 258.133 258.401
258.166 258.336 258.593
257.963 258.052 258.205
257.413 257.843 258.291
257.438 257.749 257.868
261.392 261.559 261.798
261.430 261.796 262.451
261.291 261.512 261.728
257.371 257.875 258.334
261.376 261.600 261.914
261.491 261.665 262.014
261.647 261.865 262.229
257.898 258.002 258.331
257.584 257.985 258.274
258.921 259.311 260.249
261.534 261.976 262.359
261.646 261.839 262.088
261.783 262.113 262.353
261.979 262.113 262.320
261.375 261.714 261.939
261.661 261.802 262.029
261.602 261.824 262.254
258.320 258.954 259.261
258.420 258.821 259.272
258.903 259.148 259.567
261.575 261.833 262.058
258.046 258.379 258.612
258.418 260.991 261.801
261.332 261.572 261.814
261.330 261.606 261.816
261.397 261.845 262.055
261.246 261.665 262.221
261.552 261.919 262.196
261.556 261.815 262.053
261.366 261.642 262.112
261.690 261.928 262.292
261.235 261.924 262.262
261.724 261.851 261.955
261.618 261.976 262.215
261.615 261.758 261.991
261.399 261.626 261.798
258.932 259.162 259.541
258.690 259.037 259.214
258.499 258.795 259.071
261.574 261.886 262.335
261.193 261.686 262.126
261.675 261.846 261.952
258.429 258.794 259.155
258.369 258.739 258.929
258.653 258.952 259.162
258.471 258.870 259.143
258.587 258.965 259.152
261.564 261.847 262.449
261.682 262.065 262.594
261.661 262.041 262.441
257.714 258.125 258.566
258.751 259.050 259.520
258.414 258.831 259.209
258.853 259.009 259.457
262.051 262.301 262.668
261.637 262.050 262.761
261.639 261.816 262.050
258.614 258.925 259.034
258.514 258.959 259.378
257.689 257.994 258.380
261.345 261.807 262.290
261.201 261.834 262.160
261.787 262.054 262.384
257.564 257.603 257.646
257.414 257.734 258.139
257.629 257.925 258.344
257.888 258.065 258.295
258.417 258.841 259.105
257.829 258.028 258.391
261.767 262.136 262.376
261.811 262.045 262.362
257.505 258.156 258.623
258.005 258.216 258.480
257.830 258.047 258.216
257.771 257.938 258.118
257.766 258.016 258.524
257.543 258.103 258.831
261.893 262.166 262.412
261.802 262.216 262.590
261.903 262.129 262.408
261.450 261.827 262.313
257.971 258.280 258.501
257.723 257.982 258.364
257.753 258.077 258.628
261.564 261.850 262.216
261.724 262.203 262.722
261.686 262.188 262.650
261.890 262.214 262.424
261.787 262.071 262.406
257.739 257.942 258.278
261.658 261.811 262.275
261.469 261.928 262.409
257.541 257.906 258.226
261.573 261.844 262.005
257.783 258.138 258.626
261.750 261.947 262.252
261.711 261.884 262.023
258.671 258.832 259.034
258.686 258.845 259.011
258.454 258.812 259.118
258.371 258.637 258.917
258.613 258.807 259.058
258.690 258.976 259.329
258.707 258.980 259.174
258.526 258.723 259.089
258.636 258.773 258.987
257.684 258.147 258.545
258.608 258.847 259.098
258.702 258.825 258.936
258.636 259.281 259.800
259.155 259.342 259.559
261.273 261.614 261.923
261.445 261.750 262.287
258.848 258.951 259.262
258.466 258.996 259.370
258.663 259.335 259.611
261.637 261.834 262.009
261.195 261.816 262.064
261.387 261.691 261.922
261.103 261.800 262.165
261.207 261.758 262.205
261.534 261.937 262.371
258.595 258.908 259.436
258.263 258.842 259.183
258.283 258.931 259.264
258.844 259.126 259.363
258.434 258.868 259.629
258.570 258.877 259.292
258.706 259.009 259.236
261.705 262.168 262.677
261.972 262.225 262.555
261.858 262.312 262.743
261.368 261.656 261.800
261.552 261.859 262.491
261.233 261.843 262.171
262.021 262.170 262.478
261.657 261.816 261.992
261.622 261.854 262.159
261.374 261.715 262.285
261.541 262.140 262.663
258.289 258.875 259.267
258.761 258.993 259.220
258.600 258.999 259.495
257.710 258.010 258.306
257.992 258.199 258.423
257.881 258.105 258.267
257.707 258.086 258.491
261.231 261.781 262.520
261.522 262.042 262.366
261.518 261.737 261.946
258.662 258.968 259.322
258.631 259.048 259.691
257.831 258.462 258.839
261.510 261.936 262.440
261.440 261.860 262.145
258.752 259.077 259.608
261.468 261.707 261.930
261.499 261.900 262.374
261.254 261.892 262.519
258.267 258.943 259.454
257.896 258.401 258.698
258.455 258.938 259.591
261.963 262.242 262.435
261.861 262.087 262.523
261.628 261.796 262.012
261.708 261.888 261.965
261.911 262.102 262.324
261.864 262.055 262.420
261.986 262.133 262.295
261.417 261.955 262.374
0 0 0
258.645 259.244 259.558
258.835 259.222 259.598
261.830 261.948 262.126
257.655 257.994 258.290
261.596 261.806 261.949
261.482 262.014 262.556
261.436 261.812 262.255
258.413 259.206 259.713
257.473 259.986 261.860
258.037 258.151 258.260
261.568 261.839 262.378
261.818 261.994 262.126
261.465 261.949 262.294
261.622 261.799 261.947
258.874 259.176 259.631
261.963 262.042 262.216
261.930 262.151 262.330
261.956 262.363 262.707
257.782 258.030 258.410
257.834 258.077 258.270
261.894 262.184 262.540
257.506 257.765 258.294
257.570 257.866 258.145
262.086 262.311 262.627
261.851 262.048 262.214
262.055 262.304 262.728
261.379 261.906 262.115
261.315 261.667 261.950
261.329 261.531 261.734
261.786 261.976 262.222
261.135 261.646 262.099
261.214 261.596 261.938
261.617 261.899 262.350
258.322 258.908 259.369
257.373 257.849 258.122
258.981 259.253 259.520
258.719 258.964 259.276
261.617 261.910 262.200
257.877 258.137 258.346
261.960 262.259 262.627
261.412 261.863 262.106
261.310 261.644 261.870
258.793 259.011 259.497
261.522 261.950 262.100
258.444 258.804 259.175
258.585 258.930 259.141
258.761 259.087 259.279
258.511 258.787 259.310
261.675 262.208 262.752
261.365 261.956 262.336
258.757 259.002 259.512
258.446 258.769 259.184
258.770 258.985 259.179
258.720 259.282 259.752
258.370 259.033 259.488
261.492 261.904 262.183
261.526 261.816 262.153
261.103 261.990 262.420
258.017 258.194 258.283
257.797 258.086 258.380
258.701 259.097 259.446
258.351 258.843 259.397
258.751 259.079 259.425
261.572 261.742 261.996
261.585 261.805 262.021
261.614 261.889 262.362
261.572 261.842 262.240
261.599 261.807 262.007
261.710 261.915 262.260
257.985 258.188 258.360
261.760 261.841 261.886
261.424 261.706 262.380
258.223 258.432 258.665
257.710 258.233 258.556
261.072 261.758 262.026
257.641 258.168 258.439
261.619 262.141 262.457
261.690 262.222 262.685
261.442 261.825 262.347
261.223 262.009 262.637
258.768 259.333 259.719
257.490 258.030 258.543
258.481 259.170 259.612
258.806 259.153 259.427
261.671 261.891 262.266
258.895 259.371 259.786
258.534 259.038 259.328
259.048 259.277 259.352
261.513 261.884 262.125
261.661 261.909 262.016
258.433 258.518 258.555
258.109 258.459 258.959
258.556 258.874 259.185
258.303 258.867 259.167
258.947 259.065 259.184
261.665 261.937 262.249
258.117 258.400 258.685
258.039 258.357 258.787
257.800 258.079 258.388
258.296 258.779 259.439
258.635 258.897 259.091
258.659 258.997 260.006
258.107 258.928 259.375
258.573 258.767 259.009
261.567 261.836 262.284
261.840 261.978 262.196
257.547 257.995 258.456
261.724 262.074 262.369
261.845 262.054 262.266
261.663 261.956 262.701
261.843 262.132 262.411
261.320 261.678 261.907
261.287 261.894 262.273
259.179 259.431 259.633
257.583 257.934 258.090
261.619 262.066 262.438
261.333 261.798 262.326
261.584 261.737 261.877
261.762 261.985 262.512
261.456 261.919 262.356
258.617 259.025 259.287
261.507 261.998 262.382
261.559 261.763 262.005
261.687 262.115 262.471
261.513 261.902 262.228
261.347 261.875 262.301
261.431 261.735 262.202
261.635 262.135 262.565
261.834 262.265 262.601
257.766 258.127 258.384
258.760 259.062 259.400
258.341 258.778 259.119
258.569 258.930 259.139
258.472 259.052 259.365
261.220 261.739 262.328
257.828 258.258 258.537
258.814 259.109 259.376
258.182 258.388 258.634
261.261 261.797 262.232
258.627 258.934 259.261
257.648 258.058 258.412
261.508 261.685 261.881
259.172 259.440 259.772
261.831 261.964 262.192
261.632 261.723 261.817
261.596 262.044 262.352
257.838 257.997 258.192
257.601 257.961 258.284
257.389 257.865 258.418
258.164 258.305 258.516
258.400 258.817 259.334
258.690 258.890 259.077
258.705 259.070 259.355
258.508 259.000 259.273
261.839 261.890 261.934
261.557 261.918 262.210
261.756 262.153 262.484
261.595 261.935 262.367
261.428 261.821 262.180
258.582 259.011 259.378
261.845 262.246 262.649
257.799 258.055 258.255
258.550 259.220 259.580
258.626 259.023 259.460
258.461 258.689 259.009
258.648 258.874 259.174
258.561 258.916 259.393
261.143 261.738 262.046
257.833 260.463 262.262
257.579 257.859 258.068
257.963 258.121 258.362
261.776 262.032 262.319
261.568 262.356 263.894
261.665 261.755 261.885
261.291 261.628 261.961
257.848 258.043 258.419
261.592 261.703 261.857
257.805 258.036 258.249
261.289 261.750 262.246
258.347 258.736 259.200
258.299 258.969 260.063
258.043 258.099 258.251
261.154 261.660 261.912
261.281 261.604 261.876
261.471 261.713 262.000
261.353 261.743 262.120
261.414 261.837 262.194
261.450 261.684 261.853
261.917 262.152 262.514
261.702 261.972 262.259
261.370 261.970 262.417
261.725 261.966 262.365
257.851 258.326 258.663
258.003 258.170 258.680
257.894 257.980 258.183
257.621 257.821 258.295
257.460 257.870 258.339
261.496 261.853 262.341
261.331 261.867 262.409
261.430 261.851 262.267
257.964 258.185 258.442
258.597 258.828 259.135
258.377 258.811 259.184
257.402 257.992 258.295
258.604 258.782 258.999
257.653 257.917 258.241
258.366 258.688 259.146
258.518 258.740 258.947
257.393 257.744 258.073
257.747 257.915 258.405
261.765 262.000 262.372
261.480 261.843 262.128
261.805 262.005 262.209
257.513 257.887 258.220
258.637 259.887 263.866
258.744 258.964 259.218
261.866 261.932 262.000
258.458 258.803 259.271
261.558 261.770 261.985
261.021 261.379 261.817
261.432 261.648 261.841
257.498 257.958 258.441
261.356 261.780 262.088
257.754 258.126 258.500
257.424 257.818 258.311
257.725 258.040 258.404
257.489 257.837 258.026
261.654 261.942 262.101
257.696 261.061 262.167
261.525 261.710 261.959
257.785 258.005 258.181
261.855 262.239 262.512
261.302 261.505 261.991
257.687 257.954 258.140
258.579 258.881 259.112
258.714 259.146 259.613
258.627 259.057 259.558
258.739 259.061 259.340
258.201 258.512 258.643
258.014 258.158 258.339
257.591 257.839 258.387
257.832 257.895 258.003
257.807 258.417 259.037
258.440 258.837 259.141
257.978 258.097 258.190
257.718 257.970 258.128
261.632 262.009 262.602
257.580 257.985 258.257
261.470 262.169 262.461
261.802 261.983 262.176
261.857 262.157 262.481
262.247 262.391 262.542
258.125 258.422 258.722
258.489 258.771 259.037
261.688 261.996 262.425
261.490 262.024 262.362
261.628 261.986 262.536
257.521 257.871 258.175
258.633 258.949 259.259
261.559 261.799 261.936
261.845 261.977 262.127
258.033 258.342 258.512
258.175 258.711 259.440
257.651 258.002 258.276
261.603 262.151 262.444
257.851 258.270 258.849
258.962 259.235 259.464
258.714 258.989 259.272
259.112 259.281 259.403
261.867 262.116 262.499
261.636 262.468 264.484
261.279 261.685 262.218
258.577 259.028 259.439
258.669 258.895 259.120
261.835 262.121 262.285
257.846 258.110 258.247
258.821 259.041 259.191
261.865 262.093 262.475
261.600 261.890 262.157
258.634 259.004 259.392
258.495 258.891 259.133
258.703 259.422 261.900
261.498 261.696 262.092
258.547 259.021 259.237
258.598 259.255 259.667
257.497 258.040 258.883
261.152 261.593 261.972
261.485 261.827 262.000
261.797 262.127 262.384
261.601 261.885 262.227
258.596 258.739 258.845
259.065 261.337 262.409
261.533 261.915 262.259
261.441 261.674 261.922
261.298 261.869 262.469
258.674 258.985 259.401
261.231 261.708 262.114
261.648 261.976 262.669
258.630 258.924 259.145
258.436 258.742 259.004
261.668 262.030 262.256
261.369 261.805 262.021
261.314 261.557 261.769
261.449 261.635 261.949
258.265 258.461 258.659
258.487 258.741 259.157
258.449 258.843 259.465
261.671 261.947 262.267
258.529 258.922 259.543
258.943 259.165 259.342
258.748 258.952 259.271
261.371 261.621 261.931
261.310 261.878 262.263
261.464 261.700 261.871
258.913 259.074 259.252
258.561 259.029 259.520
257.887 258.475 258.790
257.762 258.006 258.218
261.369 261.813 262.214
259.022 259.158 259.319
257.658 257.959 258.322
257.512 257.877 258.032
258.011 258.851 261.928
258.643 258.774 259.043
258.649 258.791 259.150
257.646 257.884 258.038
258.620 259.001 259.490
258.326 258.555 259.075
257.696 257.960 258.618
258.625 259.027 259.327
261.421 261.795 262.286
261.414 261.678 262.258
261.659 261.933 262.451
261.505 261.836 261.999
261.756 261.937 262.287
261.174 261.679 262.177
261.445 261.756 261.999
258.488 258.929 259.171
257.706 257.927 258.364
258.260 258.578 258.907
257.619 257.953 258.175
258.807 259.130 259.752
258.868 258.973 259.119
258.935 259.204 259.355
258.827 259.318 259.615
261.455 261.846 262.598
261.697 261.928 262.109
261.353 261.707 261.990
258.209 258.362 258.538
261.351 261.620 262.018
258.495 258.852 259.078
258.513 258.892 259.303
258.416 258.906 259.276
258.519 258.939 259.491
257.964 258.177 258.470
258.653 259.029 259.648
261.475 261.950 262.404
258.070 258.433 258.953
258.179 258.269 258.470
258.563 259.161 259.392
258.396 258.675 258.864
258.328 258.636 259.112
258.411 258.901 259.494
258.343 259.016 259.619
258.583 259.096 259.404
258.805 259.093 259.347
261.583 262.039 262.307
258.697 259.038 259.644
261.499 261.936 262.373
258.624 258.876 259.059
258.180 258.707 259.191
258.466 258.706 258.923
257.518 257.953 258.308
261.706 262.188 262.515
261.853 261.995 262.122
257.704 257.956 258.271
261.551 261.846 261.996
258.571 258.886 259.125
261.341 261.706 261.841
261.638 261.934 262.330
261.404 261.730 262.047
258.095 258.307 258.653
258.869 259.268 259.551
258.065 258.278 258.655
258.009 258.171 258.392
257.768 258.307 258.812
258.919 259.086 259.491
258.823 259.113 259.570
261.512 262.058 262.551
258.596 258.999 259.365
257.583 257.777 258.033
261.718 262.106 262.358
261.697 262.019 262.270
261.290 261.788 262.077
258.405 258.780 259.208
258.764 258.883 259.127
257.637 258.089 258.295
258.654 258.886 259.063
258.220 258.715 259.000
258.544 258.755 258.941
257.610 257.884 258.029
257.561 258.031 258.410
257.897 258.337 258.858
258.372 258.869 259.190
257.865 258.118 258.282
257.861 258.157 258.447
257.691 258.097 258.517
257.935 258.114 258.465
257.597 257.882 258.079
257.842 258.028 258.330
258.645 259.122 259.646
258.700 258.880 259.087
257.460 257.981 259.076
259.178 259.396 259.544
258.992 259.319 259.719
257.495 257.954 258.181
257.432 257.844 258.218
261.909 262.062 262.212
261.858 261.994 262.115
257.861 258.083 258.311
261.361 261.789 262.140
261.568 261.788 262.191
261.422 261.703 261.873
257.799 258.211 258.552
258.496 258.869 259.370
258.547 258.789 258.967
258.479 259.318 262.024
261.154 261.681 262.006
261.359 261.596 261.925
258.270 258.509 258.813
258.558 258.925 259.194
258.577 258.882 259.314
257.890 258.485 259.373
258.106 258.323 258.512
261.263 261.499 261.840
261.294 261.824 262.121
261.384 261.846 262.153
261.453 261.663 261.994
258.969 259.047 259.103
258.577 258.734 258.995
258.689 258.906 259.235
257.851 258.241 258.608
257.777 258.070 258.459
257.526 257.965 258.302
257.588 257.923 258.199
257.575 257.886 258.134
258.711 258.996 259.314
258.881 259.028 259.171
257.764 257.969 258.264
257.578 258.002 258.344
258.938 259.002 259.178
258.053 258.174 258.350
257.464 257.778 258.012
257.962 258.410 258.983
257.769 257.992 258.190
261.338 261.792 262.141
261.664 262.035 262.925
261.521 261.800 262.101
261.824 262.031 262.229
261.392 261.830 262.303
261.651 262.036 262.229
261.283 261.737 261.980
261.675 261.932 262.279
258.429 258.729 259.136
258.375 258.922 259.341
258.595 258.730 258.955
261.648 261.866 262.094
258.419 259.546 262.100
261.559 261.961 262.573
261.642 261.999 262.333
261.204 261.772 262.059
258.634 259.179 259.576
257.798 258.121 258.451
258.074 258.427 258.683
261.422 261.645 261.748
261.463 261.720 262.115
261.456 262.051 262.853
257.523 258.756 261.995
257.981 258.219 258.523
258.034 258.261 258.626
257.951 258.318 258.777
261.493 261.816 262.226
261.788 261.952 262.153
261.327 261.659 262.032
261.625 261.751 261.869
257.796 258.102 258.459
261.582 261.814 262.044
261.487 261.826 261.986
261.341 261.760 262.280
261.330 261.704 262.183
261.521 261.850 262.185
261.342 261.729 262.175
258.350 258.835 259.108
261.660 261.943 262.220
261.751 261.877 262.010
261.685 262.278 262.641
257.874 258.175 258.402
257.920 258.213 258.427
257.581 257.914 258.224
257.920 258.103 258.382
261.584 261.922 262.285
262.021 262.187 262.350
259.041 259.191 259.573
258.586 258.730 258.834
258.662 258.794 258.990
258.592 258.751 259.055
258.489 258.971 259.289
258.612 258.798 259.026
261.268 261.740 261.990
261.483 261.709 262.043
258.750 258.962 259.256
258.864 259.006 259.196
257.582 258.123 258.435
258.881 259.043 259.173
257.480 257.972 258.859
257.872 258.065 258.327
257.691 258.066 258.596
258.902 259.181 259.456
258.848 259.081 259.338
258.976 259.254 259.579
258.751 258.874 259.077
258.939 259.198 259.445
261.536 261.869 262.233
261.732 262.051 262.366
261.959 262.056 262.363
261.550 261.859 262.220
258.805 259.010 259.276
257.773 258.319 258.863
261.649 261.941 262.141
261.331 261.845 262.420
261.567 261.646 261.693
261.427 261.763 261.978
258.798 258.998 259.172
261.508 261.911 262.255
261.765 262.176 262.557
261.732 262.440 264.191
261.577 261.779 262.115
261.259 261.749 262.281
261.502 261.895 262.291
261.731 261.909 262.250
258.589 258.670 258.887
258.155 258.755 259.356
258.320 258.847 259.313
258.521 258.961 259.322
258.574 258.787 259.049
261.470 261.780 262.158
261.414 261.951 262.831
261.361 261.750 261.968
261.559 261.729 261.909
261.832 262.087 262.330
261.611 261.892 262.187
258.597 258.782 259.156
258.333 258.698 259.121
258.845 259.163 259.838
267.449 269.720 272.076
257.733 257.960 258.223
257.933 258.185 258.424
257.935 258.064 258.254
261.889 262.235 262.552
262.058 262.387 262.675
258.688 258.969 259.207
257.996 258.247 258.464
261.513 261.981 262.376
262.110 262.583 263.337
257.947 258.233 258.643
257.866 258.274 258.547
258.054 258.303 258.532
258.821 259.083 259.472
258.792 259.094 259.324
258.680 259.532 260.832
258.832 259.413 259.665
258.816 259.065 259.412
257.566 257.880 258.142
257.877 258.075 258.251
257.499 257.892 258.175
258.679 258.958 259.288
258.891 259.132 259.356
261.902 261.945 261.981
257.782 257.914 258.144
257.580 257.812 257.992
261.415 261.704 261.919
257.815 258.112 258.531
261.458 261.979 262.507
261.939 262.048 262.204
258.751 258.963 259.118
261.517 261.907 262.258
259.003 259.393 259.929
261.580 261.832 262.053
261.498 262.012 262.349
261.154 261.715 262.306
261.434 261.689 261.871
261.587 261.945 262.113
261.598 261.818 262.103
258.494 258.758 259.074
261.737 262.008 262.297
261.576 261.844 262.124
261.534 261.739 262.008
261.437 261.807 262.145
258.851 259.075 259.280
261.922 262.190 262.466
261.571 261.823 262.118
261.477 261.671 261.899
261.575 261.872 261.986
261.624 261.791 261.884
259.010 261.472 262.689
258.368 258.683 259.019
258.482 258.803 258.960
258.493 258.837 259.163
257.782 258.011 258.255
257.422 257.870 258.139
257.441 258.050 258.535
257.604 257.915 258.097
257.798 258.037 258.486
261.692 261.963 262.431
258.585 260.838 262.493
258.706 258.850 259.099
261.449 262.179 262.616
261.818 261.999 262.224
258.245 258.547 258.888
261.469 261.720 261.916
262.010 262.029 262.059
261.406 261.751 262.248
262.012 262.262 262.586
261.530 261.666 261.871
261.810 262.133 262.378
262.056 262.261 262.501
261.591 261.948 262.370
261.312 261.754 262.052
261.509 262.017 262.259
261.691 262.167 262.485
261.876 262.168 262.406
261.676 262.183 262.672
262.083 262.339 262.692
258.552 258.881 259.190
258.665 258.938 259.330
258.319 258.865 259.423
258.953 259.049 259.176
261.307 261.672 261.994
257.856 258.435 258.768
257.881 258.348 258.775
261.545 261.902 262.485
257.831 258.072 258.226
257.525 257.848 258.169
257.657 258.112 258.451
261.559 261.908 262.304
261.812 262.179 262.552
261.818 261.992 262.227
261.613 262.089 262.368
257.809 258.070 258.476
261.665 261.981 262.173
258.083 258.474 258.676
257.929 258.047 258.240
257.822 258.107 258.439
257.597 258.003 258.257
261.638 261.886 262.076
261.319 261.853 262.260
261.640 261.892 262.264
261.508 261.663 261.776
261.310 261.551 262.020
261.626 261.858 262.224
257.549 258.003 258.407
257.691 257.924 258.137
257.889 258.195 258.419
258.024 258.147 258.372
261.303 261.717 261.911
261.420 261.893 262.338
261.587 261.934 262.187
261.376 261.845 262.266
261.247 261.722 262.220
261.686 261.888 262.416
257.627 258.386 258.813
261.352 261.786 262.140
261.516 261.791 262.059
261.248 261.687 262.019
261.723 262.066 262.188
261.808 261.981 262.162
258.048 258.479 258.911
261.965 262.299 262.476
261.701 262.116 262.638
261.521 261.920 262.281
261.698 261.990 262.207
258.892 259.021 259.106
258.782 259.216 259.564
258.804 259.057 259.427
261.740 262.133 262.850
261.462 261.935 262.817
261.470 261.783 262.196
261.690 262.130 262.701
258.530 258.778 259.145
261.138 261.744 262.107
262.182 262.354 262.590
257.792 257.978 258.285
257.953 258.152 258.401
257.933 258.263 258.625
261.386 261.724 261.979
261.664 261.874 262.067
257.691 258.141 258.330
258.575 258.884 259.043
257.994 260.364 262.265
258.423 261.266 262.401
261.215 261.761 262.241
261.610 261.928 262.357
257.941 258.127 258.487
257.523 257.794 258.253
257.816 258.204 258.858
261.405 261.761 262.081
261.736 261.845 261.985
261.643 261.988 262.349
258.730 259.275 259.698
261.876 262.041 262.210
257.895 258.138 258.486
258.705 259.165 259.605
257.637 258.077 258.520
258.034 258.278 258.463
257.648 258.079 258.380
258.373 258.949 259.130
258.315 258.715 258.963
258.665 259.052 259.458
257.848 258.147 258.493
257.862 258.220 258.455
258.981 259.283 259.445
258.778 259.041 259.186
257.777 258.107 258.611
258.676 258.951 259.364
258.747 259.102 259.584
258.414 258.764 259.179
258.662 258.879 259.089
261.597 262.153 262.626
261.906 261.994 262.133
256.706 257.356 257.580
261.508 261.818 262.019
257.965 258.125 258.441
258.041 258.304 258.494
261.455 261.871 262.124
261.699 262.104 262.400
261.190 261.625 262.099
258.801 261.458 262.334
261.872 262.135 262.351
258.081 258.392 258.733
258.097 258.505 258.830
261.334 261.873 262.350
261.643 262.057 262.379
261.739 262.097 263.096
257.852 258.345 258.637
257.754 258.327 259.139
257.901 258.321 258.540
261.690 262.113 262.504
261.818 261.931 262.018
261.291 261.660 261.905
258.843 259.191 259.525
258.897 259.098 259.342
258.939 259.327 259.701
261.350 261.809 262.318
261.859 262.043 262.463
258.655 259.108 259.569
261.618 261.962 262.365
258.580 258.885 259.095
258.548 259.091 259.523
258.750 259.248 259.680
258.414 258.946 259.282
258.948 259.230 259.463
258.675 259.086 259.668
257.654 258.222 258.548
269.541 270.227 270.914
261.534 261.794 262.032
262.077 262.363 262.820
261.546 261.898 262.348
261.672 261.939 262.554
261.533 261.945 262.455
258.719 259.104 259.803
257.752 258.204 258.613
257.706 258.184 258.422
261.492 261.909 262.182
257.932 258.278 258.582
261.954 262.119 262.339
261.561 262.291 263.086
261.912 262.096 262.290
261.973 262.177 262.348
257.823 258.305 258.623
258.046 258.167 258.293
261.389 261.866 262.274
257.344 258.089 258.611
261.531 261.852 262.133
258.418 258.550 258.664
261.767 261.920 262.093
258.846 259.219 259.429
258.852 259.162 259.591
258.658 260.084 262.008
261.854 262.007 262.153
261.485 261.769 261.959
261.607 261.684 261.764
258.498 258.827 259.184
258.064 258.171 258.237
257.940 258.056 258.222
257.669 258.403 258.964
257.750 258.230 258.600
261.750 262.032 262.341
258.729 259.034 259.382
258.789 258.997 259.099
258.624 259.136 259.547
258.387 259.000 259.678
257.785 258.089 258.285
261.802 262.050 262.297
261.674 261.995 262.389
257.872 258.128 258.493
257.774 258.554 258.872
258.393 259.036 259.361
259.047 261.638 262.486
261.666 261.917 262.273
261.844 262.202 262.633
261.874 262.073 262.222
261.970 262.116 262.338
261.957 262.471 262.963
258.123 258.541 258.867
258.769 258.953 259.099
258.889 259.080 259.264
257.821 258.108 258.494
261.439 261.871 262.142
261.177 261.801 262.292
258.483 259.072 259.484
258.969 259.328 259.643
258.622 259.246 259.662
258.041 258.524 259.180
258.047 258.182 258.430
261.547 261.811 262.080
258.036 258.512 259.068
261.458 261.775 261.954
262.010 262.061 262.196
261.385 261.805 262.054
261.639 262.082 262.623
261.595 261.965 262.193
261.704 261.958 262.254
258.317 258.439 258.643
257.626 258.182 258.702
261.586 262.208 262.491
258.800 259.003 259.212
258.570 258.878 259.324
258.642 258.765 258.917
257.811 258.697 259.276
257.984 258.269 258.497
261.469 262.022 262.819
262.086 262.324 262.458
261.564 261.823 262.008
257.786 258.098 258.311
257.817 257.965 258.180
257.512 257.946 258.375
261.827 262.117 262.696
261.907 262.192 262.521
257.998 260.524 262.389
258.199 258.630 259.265
261.448 261.924 262.473
258.414 258.744 258.897
258.795 259.072 259.300
258.463 258.889 259.156
261.392 261.793 262.228
258.385 258.996 259.232
258.388 259.048 259.313
258.134 258.502 258.845
257.805 259.473 261.656
261.640 261.972 262.167
261.958 262.192 262.272
257.474 257.922 258.139
257.488 258.002 258.403
258.093 258.260 258.380
261.806 262.628 265.174
262.216 262.387 262.734
261.929 262.291 262.477
257.940 258.206 258.581
261.340 261.884 262.160
261.569 261.803 262.148
261.628 261.923 262.388
257.811 258.110 258.348
258.693 258.960 259.352
257.712 258.028 258.413
261.445 261.875 262.140
257.880 258.401 259.456
257.769 258.048 258.429
257.498 258.088 258.535
258.704 259.002 259.518
258.668 258.992 259.404
257.767 258.068 258.303
261.610 261.933 262.086
258.188 258.700 259.076
257.917 258.150 258.372
257.634 257.864 257.959
257.894 258.088 258.336
261.072 261.776 262.178
258.370 258.665 258.921
257.902 258.124 258.419
258.440 258.748 259.023
261.465 261.903 262.276
261.641 261.986 262.357
258.196 258.379 258.629
258.032 258.471 258.749
261.811 262.363 262.659
261.961 262.359 262.961
261.901 262.197 262.452
262.125 262.236 262.414
261.445 261.650 262.109
261.551 261.930 262.221
261.175 261.758 262.097
261.839 262.229 262.699
258.076 258.427 258.912
258.635 259.093 259.547
261.608 262.056 262.748
258.925 259.298 259.516
258.236 258.392 258.684
258.188 258.676 259.035
261.541 261.783 262.027
258.802 259.008 259.415
258.742 259.007 259.271
261.574 261.810 262.212
261.700 261.873 262.250
258.251 258.384 258.571
258.386 258.603 258.851
257.763 258.139 258.838
258.065 258.523 258.946
258.786 259.030 259.317
257.561 257.826 258.161
257.689 257.991 258.460
257.848 258.159 258.425
258.383 258.816 259.076
258.585 258.806 258.963
261.410 261.761 262.248
258.277 258.583 258.814
261.617 261.953 262.352
257.789 258.014 258.247
262.220 262.379 262.618
261.138 261.801 262.138
258.710 258.851 258.956
258.761 259.093 259.430
258.550 258.963 259.369
258.697 259.066 259.527
258.531 259.111 259.708
261.373 261.857 262.193
258.941 259.107 259.358
258.625 259.131 259.378
258.837 259.164 259.742
258.961 259.096 259.270
258.773 259.085 259.304
261.142 261.685 262.217
261.460 261.859 262.225
261.344 261.878 262.276
258.434 258.682 258.953
262.999 263.231 263.457
262.119 262.601 262.938
262.181 262.542 262.809
262.488 262.753 263.041
262.372 262.782 263.241
261.640 262.023 262.238
261.321 261.699 262.280
261.407 262.022 262.491
261.531 262.018 262.333
261.223 261.606 261.990
261.430 261.609 261.940
261.895 262.084 262.165
261.907 262.212 262.519
261.800 262.050 262.300
258.359 258.813 259.422
261.443 261.691 262.020
261.596 261.931 262.093
261.258 261.774 262.298
257.860 258.304 258.846
261.705 262.085 262.461
261.727 262.127 262.300
261.717 262.057 262.350
258.229 258.742 259.227
261.137 261.771 262.201
261.186 261.783 262.226
258.012 258.294 258.544
258.172 258.370 258.578
259.114 259.224 259.431
258.799 258.961 259.324
258.574 258.923 259.049
258.483 258.911 259.259
258.182 258.434 258.600
258.629 258.876 258.983
261.627 261.928 262.250
258.144 258.729 259.251
258.373 258.875 259.285
258.596 258.888 259.157
258.615 258.731 258.913
258.562 258.971 259.308
258.617 258.945 259.102
261.493 261.824 262.283
258.549 258.792 259.298
261.152 261.671 262.152
261.507 261.879 262.149
261.521 261.769 262.139
258.677 258.925 259.253
258.003 258.152 258.380
261.422 261.985 262.666
261.646 261.858 262.294
261.956 262.187 262.440
257.796 258.014 258.194
257.765 257.880 258.033
257.670 257.772 257.973
261.815 262.155 262.449
261.256 261.650 262.096
262.088 262.256 262.593
261.780 262.016 262.209
258.678 259.030 259.259
258.857 259.059 259.324
261.424 261.771 262.161
261.339 261.757 262.017
261.903 262.004 262.177
261.162 261.683 262.087
261.388 261.948 262.399
258.846 258.948 259.109
261.411 261.712 262.015
261.415 261.672 261.906
261.520 261.734 262.040
261.224 261.792 262.056
261.445 261.592 261.873
261.567 261.734 262.008
258.366 258.767 259.321
257.833 258.330 259.433
258.238 258.677 259.021
258.287 258.831 259.165
258.197 258.370 258.519
257.806 258.107 258.338
257.864 258.332 258.699
257.958 258.088 258.241
258.248 258.715 259.251
258.419 258.739 258.993
258.457 258.728 259.010
261.373 261.664 261.993
261.496 261.782 262.075
257.960 258.166 258.538
261.997 262.124 262.273
261.639 261.841 262.013
258.504 258.773 259.113
258.207 258.611 258.867
258.268 258.531 258.931
261.069 261.559 262.050
261.305 261.688 261.909
261.396 261.782 262.041
261.905 262.154 262.304
261.622 261.861 262.123
258.523 259.006 259.274
261.539 261.888 262.038
258.672 258.951 259.297
258.709 259.049 259.242
258.796 259.113 259.460
258.880 259.181 259.419
261.365 261.774 262.121
261.555 261.870 262.225
261.500 261.760 261.957
261.538 261.709 261.969
258.704 258.984 259.396
258.884 260.182 262.051
261.380 261.679 261.895
257.993 261.274 262.278
261.634 261.998 262.470
258.255 259.967 261.963
