182.521 182.788 183.012
182.656 182.896 183.190
182.396 183.184 184.321
182.464 183.069 184.295
182.785 183.234 183.814
182.708 182.887 183.230
182.836 183.127 183.477
182.891 183.090 183.185
182.578 182.915 183.297
182.713 183.182 183.970
182.668 182.867 183.094
183.320 184.899 186.903
183.148 183.616 184.042
183.079 183.824 184.372
183.099 183.408 183.667
183.089 183.489 183.850
183.119 183.695 185.095
183.050 183.378 183.682
183.080 183.421 183.971
183.063 183.267 183.432
183.133 183.411 183.801
183.183 183.345 183.743
183.169 183.567 183.839
183.209 183.386 183.489
182.992 183.275 183.581
183.192 183.380 183.467
183.233 183.548 183.871
183.030 183.409 183.835
183.141 183.477 183.914
183.162 183.392 183.655
183.166 183.363 183.614
182.943 183.282 183.807
183.336 183.479 183.810
183.218 183.776 184.593
183.039 183.703 184.231
183.184 183.516 183.882
183.138 183.408 183.627
183.034 183.764 184.709
183.184 183.440 183.800
183.009 183.306 183.690
183.134 183.545 184.145
183.604 184.035 184.861
183.187 183.493 183.820
183.237 183.601 184.226
183.235 183.631 183.845
183.221 185.087 192.275
183.400 185.071 186.466
183.090 183.405 183.819
183.094 183.424 184.070
183.091 183.714 183.964
183.362 183.588 183.829
183.184 183.614 184.033
183.007 183.641 184.824
183.283 183.785 184.561
183.138 183.441 183.723
183.288 183.657 184.037
183.213 184.167 186.766
183.130 183.620 184.371
183.290 183.546 183.901
187.557 188.281 188.729
187.766 188.282 189.020
187.984 188.723 189.840
188.120 189.293 191.086
187.797 188.484 189.055
187.425 188.314 189.528
187.854 188.031 188.308
187.651 188.172 188.558
187.805 188.403 189.593
187.737 188.124 188.495
187.798 188.058 188.284
187.803 188.065 188.321
187.604 188.123 188.676
187.611 188.003 188.493
188.079 188.793 190.089
187.617 187.808 187.928
187.644 188.158 188.468
187.867 188.299 188.535
187.862 188.202 188.882
187.941 188.496 189.250
187.837 188.105 188.453
187.593 188.304 188.995
188.094 188.935 190.518
187.752 188.084 188.851
187.648 188.120 188.865
187.607 188.007 188.322
187.970 188.556 189.201
187.855 188.165 188.427
187.677 187.972 188.194
187.632 187.922 188.289
187.844 188.236 189.110
187.575 187.917 188.218
187.788 188.084 188.258
188.032 188.397 189.212
187.988 188.579 189.693
187.906 188.635 189.444
188.084 189.065 191.318
188.025 188.372 189.405
187.650 188.146 188.836
187.869 188.440 189.501
188.173 188.433 188.701
187.943 188.891 189.555
187.882 188.273 188.809
188.135 188.815 189.140
187.562 188.175 189.023
188.028 188.349 188.578
187.907 188.472 189.613
187.919 188.413 189.804
188.030 188.399 188.721
187.845 188.528 189.698
188.642 189.120 189.768
187.837 188.171 188.780
188.529 188.645 188.736
188.086 188.794 190.846
188.159 189.100 190.664
188.570 189.017 190.335
188.269 188.547 189.275
188.244 188.837 189.885
188.650 189.324 190.502
187.780 188.750 189.607
188.264 188.960 190.410
188.017 188.558 189.994
187.682 188.606 189.633
187.785 188.175 188.896
188.387 189.215 190.993
188.074 188.889 189.792
188.007 189.008 190.556
187.753 188.129 188.643
188.237 188.539 188.901
188.006 188.899 189.220
188.000 188.643 189.195
188.206 189.230 190.138
188.095 188.503 189.570
188.336 188.977 190.238
187.810 188.652 189.273
187.945 188.560 189.486
187.767 188.405 188.868
187.372 188.381 190.675
187.452 187.819 188.450
186.954 187.469 188.323
186.866 187.827 189.457
187.142 187.388 187.811
187.348 187.835 188.527
187.065 187.857 188.754
186.774 187.764 188.776
187.260 188.068 189.642
187.214 188.140 189.130
187.393 187.983 188.616
187.019 187.546 187.966
187.433 188.345 190.005
187.040 188.018 189.023
187.414 188.519 190.183
187.484 187.989 188.870
187.388 187.929 188.440
187.278 187.987 189.190
187.134 187.887 188.595
187.434 187.771 188.006
187.497 188.428 189.456
187.106 188.416 190.176
187.559 187.786 188.078
187.052 187.476 187.693
187.297 188.364 190.409
187.192 187.757 188.709
187.765 189.071 191.283
187.277 188.242 189.886
186.907 188.329 190.520
187.593 188.101 189.767
187.257 187.570 187.873
187.575 344.868 814.994
187.253 188.964 189.913
187.693 188.128 188.908
188.103 189.252 190.246
187.247 187.595 188.314
187.243 187.619 188.248
187.493 187.701 188.024
187.163 187.814 188.556
187.322 187.703 187.962
187.216 187.589 187.868
187.214 188.063 189.152
187.116 187.960 189.214
187.101 187.636 188.274
187.175 187.917 188.804
187.571 188.565 189.979
187.651 188.200 189.606
187.532 188.030 188.409
187.342 187.752 188.363
187.543 188.261 188.830
187.846 188.191 188.552
187.820 188.286 188.517
187.607 188.285 188.806
188.219 188.713 189.217
187.284 187.869 188.462
187.585 188.582 190.965
187.861 188.040 188.484
187.282 188.093 189.098
187.820 188.028 188.525
187.830 188.224 188.872
187.538 188.250 189.197
187.712 188.223 189.192
187.570 187.733 188.060
187.471 187.930 188.313
187.121 188.086 189.137
188.143 188.511 189.036
187.764 188.140 188.471
187.690 188.309 189.217
187.673 188.556 190.159
187.466 187.729 188.003
187.475 187.993 188.786
187.596 188.148 188.662
187.707 189.632 190.940
187.401 188.629 189.723
187.518 188.071 188.617
187.336 188.128 189.418
187.657 187.959 188.235
187.475 188.376 189.742
188.194 188.890 189.596
187.416 188.971 191.531
187.720 188.917 189.752
188.427 188.711 188.999
187.936 188.684 189.906
187.567 188.295 188.761
187.860 188.257 188.924
187.735 188.762 190.143
188.036 189.256 190.971
187.976 188.729 189.420
187.896 188.486 189.569
188.469 188.942 189.535
188.024 189.459 191.521
188.148 189.466 193.065
187.992 188.922 190.448
188.085 188.685 189.560
187.423 188.157 188.811
188.180 188.773 189.191
187.838 188.346 189.074
188.110 188.506 188.929
187.590 188.110 188.466
187.433 188.307 189.249
188.189 188.707 189.765
188.131 188.475 189.056
188.001 188.277 188.628
187.826 188.617 189.357
187.763 188.655 189.412
188.035 188.419 188.718
188.367 189.297 190.659
187.734 188.790 189.918
188.192 188.465 188.849
187.725 188.366 188.962
187.775 188.327 189.102
187.765 188.641 189.639
188.223 188.575 189.070
187.990 188.344 189.019
187.831 188.407 189.059
187.995 188.561 189.820
187.675 188.592 189.572
188.120 188.269 188.564
188.089 188.770 190.018
187.563 188.524 189.774
187.725 188.067 188.562
187.655 188.377 189.506
188.017 188.727 189.314
187.771 188.486 189.395
187.695 188.557 188.936
187.504 188.546 189.660
187.846 188.704 189.828
188.348 189.271 190.139
187.864 188.476 189.765
187.541 188.160 188.775
187.810 188.380 189.021
187.768 188.602 189.876
187.343 188.108 188.843
188.272 188.553 188.891
188.022 188.592 189.133
187.868 188.567 189.441
188.277 188.550 188.886
187.730 188.265 188.613
187.506 188.194 188.664
187.923 188.243 188.656
187.817 188.174 188.736
187.676 188.223 189.698
187.876 188.469 190.175
187.752 188.602 189.399
187.802 188.601 189.314
187.976 189.083 190.908
188.031 188.785 189.674
187.897 188.162 188.435
188.054 188.754 189.587
187.841 188.744 190.341
187.840 188.840 189.725
188.820 189.030 189.424
188.116 188.749 189.602
187.926 188.513 189.081
187.703 188.462 188.851
187.616 188.237 188.615
187.998 188.323 188.492
187.715 188.303 188.797
188.320 188.637 189.124
188.519 188.976 189.336
187.442 188.009 188.756
188.457 188.863 189.662
188.165 188.981 190.996
188.719 189.174 190.225
187.644 188.301 188.953
187.944 188.573 189.381
187.527 188.158 188.648
188.119 188.240 188.480
187.785 188.852 190.021
187.972 189.239 192.390
187.951 188.551 189.376
187.691 188.184 188.569
188.127 188.366 188.756
187.490 188.465 189.062
188.246 188.843 189.598
187.821 188.715 191.345
187.727 188.315 189.025
188.223 188.501 189.257
187.734 188.151 188.561
187.650 188.550 190.079
187.666 188.767 189.838
188.007 188.995 191.166
187.583 188.595 190.856
188.043 188.359 188.814
187.527 188.004 188.399
187.664 188.243 189.068
188.101 188.774 189.686
187.872 188.280 188.616
187.438 188.791 190.175
187.827 188.497 188.953
188.248 188.965 189.868
187.932 188.506 189.224
187.524 188.465 189.303
187.777 188.407 188.961
188.421 189.099 190.812
188.154 188.701 189.358
188.151 188.675 189.723
188.220 188.671 189.342
187.997 188.361 188.646
187.838 188.961 190.014
188.504 188.955 189.477
188.288 188.688 189.363
188.012 188.732 189.714
188.307 188.703 189.046
187.751 188.436 189.639
188.036 188.532 188.932
188.010 188.398 188.681
188.166 188.516 188.798
188.288 188.723 189.073
187.688 188.381 189.526
188.208 188.995 189.814
188.348 188.787 189.346
188.244 189.333 190.865
187.964 189.782 191.331
188.830 189.700 190.217
188.090 190.248 193.140
187.897 188.955 191.036
188.310 189.051 189.703
188.542 188.897 189.643
188.564 189.320 190.191
188.469 189.114 189.647
187.984 189.408 191.793
188.032 188.796 190.321
188.561 189.192 189.747
188.381 188.983 189.755
188.549 188.911 189.540
188.197 188.492 188.942
187.685 188.579 189.033
187.997 188.943 189.470
188.309 189.098 189.929
188.473 188.901 189.496
188.005 189.313 189.759
188.829 189.397 190.094
188.017 188.602 189.324
188.529 188.991 189.403
188.059 188.589 189.101
188.189 189.165 189.848
188.595 188.958 189.666
188.076 188.728 189.870
188.023 189.359 190.108
188.094 188.695 189.392
188.143 189.019 189.573
188.272 189.025 189.961
187.750 189.087 190.123
188.362 188.807 189.232
0 0 0
188.037 188.878 189.223
188.609 189.961 192.381
188.283 188.815 189.093
187.927 189.242 191.852
188.618 189.596 192.484
187.862 188.515 188.966
188.027 188.401 188.658
187.939 188.734 190.240
188.420 189.543 192.314
188.176 188.432 188.746
188.382 188.890 190.411
187.809 188.663 189.382
188.069 189.122 190.506
188.186 188.657 189.316
187.772 188.728 189.736
187.915 188.285 188.908
188.634 190.044 194.314
188.740 189.154 189.586
188.270 188.613 189.472
188.353 189.061 190.471
187.486 188.474 188.865
187.985 189.200 191.344
187.984 188.756 189.895
188.055 188.970 191.689
188.029 189.654 191.659
187.906 188.100 188.371
187.762 188.620 189.060
188.094 188.881 190.759
188.149 188.516 189.337
187.879 188.726 189.046
187.813 188.243 188.557
188.417 189.215 191.150
187.748 188.385 188.812
188.248 188.482 188.832
188.338 188.967 189.501
188.070 188.583 189.248
187.917 188.532 189.468
188.115 188.691 189.555
188.510 188.878 189.485
188.463 190.036 191.578
187.968 188.704 189.171
187.809 188.503 189.249
188.121 188.593 189.053
188.571 189.988 191.201
188.070 188.299 188.628
187.951 188.853 189.884
187.717 188.565 189.138
187.809 188.334 188.833
187.295 187.590 187.792
187.511 187.959 188.435
187.485 187.841 188.593
187.361 189.022 194.476
187.330 187.771 188.192
186.876 187.367 187.761
187.283 187.937 188.695
187.973 188.511 189.389
187.507 187.917 188.601
187.070 187.613 188.206
187.523 188.609 190.802
187.251 187.677 188.143
187.448 187.741 188.086
187.024 187.599 188.131
187.227 188.838 192.637
187.102 187.598 188.370
187.407 187.783 188.045
187.203 187.831 188.606
186.912 187.581 188.175
186.880 187.971 189.214
187.770 188.147 188.517
187.010 187.877 188.768
187.402 188.106 189.042
187.458 187.780 188.310
187.871 188.185 188.856
187.339 187.873 189.066
187.110 188.211 189.584
187.411 188.559 190.920
187.276 188.101 188.637
188.035 188.727 189.839
187.058 187.663 188.345
187.401 188.316 189.853
187.527 187.803 188.242
186.833 187.572 188.577
187.056 187.563 188.282
187.224 187.591 187.848
187.018 187.962 189.279
187.070 187.521 188.088
187.314 187.642 188.115
187.252 187.645 188.121
187.492 188.041 189.526
187.089 187.638 187.948
187.430 187.837 188.180
187.467 188.048 188.583
187.295 188.918 191.396
188.248 188.768 189.295
187.305 187.519 187.639
187.228 188.282 190.016
187.078 187.405 188.058
187.298 187.592 187.958
187.629 188.037 188.475
187.126 187.895 188.250
187.265 188.678 193.811
187.511 188.001 188.887
187.161 187.997 189.775
187.396 188.542 189.964
187.647 188.324 189.002
187.124 187.571 188.257
187.441 188.236 188.982
187.118 187.497 188.012
187.417 188.098 189.412
187.399 187.783 188.124
187.274 187.601 187.899
188.640 190.050 191.905
187.527 187.857 188.340
187.335 187.611 187.940
187.568 189.414 193.710
187.086 187.741 188.523
187.381 187.659 187.981
187.172 187.653 188.604
187.070 187.523 187.885
187.097 187.358 187.658
187.215 187.836 188.277
187.257 187.770 188.596
187.358 188.050 189.182
187.068 188.210 191.512
187.324 187.776 188.370
187.275 187.531 187.711
187.184 188.967 192.289
187.298 187.813 188.147
187.405 188.231 189.977
187.837 188.887 190.167
187.408 188.021 188.815
187.755 188.860 191.631
187.402 188.316 189.434
187.718 189.008 190.216
187.345 188.448 189.433
188.035 188.766 189.918
188.036 188.772 190.404
187.027 187.798 188.296
187.695 187.877 188.127
187.397 188.266 189.312
188.113 188.693 189.574
187.477 188.012 188.315
187.436 188.032 189.095
187.545 188.503 189.550
187.871 188.329 188.749
187.669 188.277 189.165
187.881 188.457 188.875
188.343 189.797 191.651
188.000 188.210 188.579
187.359 187.976 188.430
187.642 188.327 189.201
187.470 189.049 190.794
187.645 188.100 188.921
187.898 188.393 189.216
187.511 187.685 187.784
187.669 187.870 188.344
187.664 188.226 188.813
187.775 188.382 188.729
187.515 188.165 188.796
187.722 188.262 188.963
187.662 188.294 189.971
187.488 188.163 188.456
187.513 187.998 188.370
187.778 188.104 188.352
187.545 187.719 187.917
187.700 188.268 189.176
187.698 188.374 189.579
187.814 188.898 190.041
187.921 188.258 188.830
187.463 187.814 188.138
187.751 188.103 188.593
187.861 188.067 188.523
187.377 187.954 189.133
187.080 187.848 188.497
187.285 187.969 188.940
188.074 188.636 189.605
187.420 187.866 188.539
187.949 188.261 188.873
187.855 188.653 189.261
187.379 188.110 189.319
187.645 188.259 188.658
187.785 188.390 189.839
187.710 187.980 188.261
187.541 188.086 188.921
187.957 188.096 188.232
188.401 189.178 191.123
187.267 188.450 189.528
187.577 188.766 191.481
187.567 188.224 188.907
187.940 188.434 188.786
187.063 187.902 188.819
187.818 188.395 188.994
188.020 189.063 190.112
187.879 188.240 188.414
188.109 188.817 189.587
187.640 188.792 189.875
187.998 188.657 188.973
188.210 188.893 189.455
187.961 188.166 188.395
188.283 188.434 188.756
189.091 189.386 189.647
188.784 189.729 191.358
188.748 189.528 190.668
0 0 0
0 0 0
0 0 0
0 0 0
0 0 0
0 0 0
0 0 0
203.374 218.331 225.621
212.786 217.522 221.303
203.120 214.770 225.610
212.671 220.067 227.273
209.999 217.042 223.562
212.908 219.177 222.206
211.235 219.352 224.890
212.555 218.231 223.064
215.038 218.239 222.887
213.081 221.573 238.544
212.266 217.068 225.534
219.109 222.715 225.491
216.557 223.123 226.216
205.141 215.851 229.881
203.338 212.951 220.673
205.089 210.879 215.928
205.399 213.388 219.114
212.705 218.864 224.875
210.051 218.851 227.419
212.337 215.927 220.113
212.720 220.398 224.164
207.653 211.418 214.182
209.400 217.412 226.762
213.023 217.438 220.868
203.817 217.114 230.727
199.805 216.181 228.973
212.616 217.613 219.856
204.110 213.301 220.851
209.265 215.966 223.831
208.123 216.680 219.956
201.849 211.019 218.528
208.494 215.301 220.701
212.804 217.927 225.047
209.911 215.747 220.588
203.923 211.483 219.514
198.927 209.554 214.297
211.734 216.990 221.593
216.081 218.164 222.816
215.128 218.313 223.134
212.235 217.339 220.859
208.641 216.292 223.825
203.714 218.921 231.370
212.688 217.487 226.093
211.801 218.256 225.559
207.502 214.824 221.313
214.724 218.367 224.559
213.277 216.833 220.558
212.340 215.703 219.130
212.522 216.058 220.324
215.468 218.767 225.993
201.741 217.151 228.950
215.207 220.044 223.107
209.157 215.274 220.224
209.984 213.593 219.264
212.435 216.485 221.385
214.395 219.960 222.789
212.701 218.293 222.518
214.214 218.303 222.668
208.777 215.340 220.247
216.948 218.148 220.872
203.352 215.313 221.806
209.679 219.258 233.209
216.651 221.994 227.505
213.656 217.709 220.461
207.421 211.543 214.289
213.863 217.125 220.978
214.007 218.788 222.858
206.817 214.021 225.264
211.565 216.191 219.721
206.949 209.867 213.213
198.298 207.896 213.508
197.966 205.166 209.595
198.065 208.127 216.906
202.453 205.868 208.738
204.402 209.015 214.108
205.069 210.325 215.230
203.183 204.986 208.339
204.324 206.447 212.563
204.517 207.946 218.747
200.552 206.696 211.470
199.709 206.112 214.018
207.194 214.163 228.327
208.983 211.095 216.724
203.341 215.467 223.578
199.402 209.718 218.123
194.041 204.758 208.563
197.656 202.918 208.303
201.716 206.888 213.299
209.323 210.781 213.468
204.468 209.331 215.918
198.910 207.594 212.841
199.721 208.314 215.809
198.662 206.171 211.164
194.767 202.415 209.497
192.496 199.239 207.680
186.790 199.344 214.826
194.118 201.550 209.304
194.773 202.811 221.873
190.253 200.801 210.627
186.480 192.942 200.535
189.036 195.725 209.157
196.037 200.623 210.573
199.232 208.327 216.946
193.664 199.092 202.508
196.197 199.846 212.245
189.162 198.598 207.391
194.433 203.418 217.379
196.170 200.540 204.186
192.005 201.361 207.490
208.438 212.900 217.047
202.758 204.380 208.345
198.938 205.647 212.038
194.153 201.011 209.601
191.097 198.297 203.304
191.870 203.437 211.627
186.997 194.528 208.618
190.920 198.555 207.782
183.523 195.918 204.832
194.551 202.044 209.668
195.163 202.393 215.496
187.015 192.339 199.698
186.892 191.589 197.587
182.448 192.068 203.859
185.327 190.457 199.992
183.163 189.146 196.114
186.407 192.558 201.387
188.572 198.481 209.030
188.826 192.794 195.899
189.521 199.286 204.597
193.365 203.956 210.334
196.952 199.523 202.004
187.678 194.507 203.052
182.081 190.451 202.286
186.650 191.519 199.573
189.140 195.490 205.652
186.323 194.788 199.896
182.578 186.212 190.565
191.477 195.457 200.825
186.469 192.296 202.506
184.248 196.697 208.232
184.749 197.870 206.606
185.106 193.218 203.677
186.703 190.797 195.953
186.753 192.912 203.139
182.447 188.888 196.784
181.050 187.251 192.189
186.193 192.002 200.712
184.992 189.277 197.864
184.071 186.910 192.744
183.353 184.619 187.008
183.135 185.165 188.248
181.408 189.291 193.961
183.360 187.068 190.356
185.383 190.396 196.911
182.030 185.784 187.530
182.185 186.669 195.705
182.764 187.385 192.657
182.340 186.766 195.103
182.473 187.844 191.998
181.747 185.614 187.924
182.782 187.863 192.304
181.221 184.013 186.958
182.809 188.884 195.910
183.303 185.296 187.255
183.287 186.713 189.240
184.636 187.009 193.781
183.079 186.778 193.023
191.493 195.756 199.812
183.453 188.406 195.726
180.673 186.422 190.838
182.656 184.590 187.726
182.782 190.824 210.506
184.971 190.659 195.825
184.561 189.512 193.787
182.435 185.144 189.148
181.771 190.586 208.215
182.199 189.401 196.404
182.899 185.456 191.551
183.233 188.992 192.125
180.735 181.912 184.437
183.473 188.820 191.927
187.417 189.236 194.677
182.213 186.799 190.984
184.222 187.607 191.465
182.534 187.107 192.817
181.786 189.326 205.362
187.519 189.685 191.712
186.167 188.482 193.221
182.921 184.945 187.407
182.787 187.603 195.644
181.211 188.666 195.288
185.481 191.145 202.139
188.170 194.878 202.549
185.340 191.398 197.305
184.255 188.682 196.713
181.916 187.116 197.797
181.140 188.385 204.285
183.508 187.880 191.860
184.667 192.214 201.883
184.496 186.128 188.876
187.015 192.735 196.276
182.281 188.585 196.350
182.906 185.754 189.034
184.044 191.035 198.263
185.215 190.996 197.594
181.373 191.861 216.918
188.126 192.243 197.784
186.089 188.387 191.952
180.872 185.697 194.353
181.970 183.351 184.420
181.163 189.618 199.921
183.003 184.863 190.645
180.563 184.892 196.639
180.009 187.144 197.607
181.463 187.212 194.947
181.840 188.358 198.252
179.800 182.771 188.918
179.101 180.330 181.057
180.155 184.930 193.084
180.837 189.594 212.981
180.286 183.554 188.571
179.858 186.048 204.606
179.150 182.627 187.802
180.546 182.928 185.155
180.223 182.647 185.900
181.334 182.846 184.581
180.318 181.932 185.281
180.366 185.328 192.117
179.746 186.505 199.571
179.767 182.825 188.107
181.906 185.239 190.296
180.011 186.092 199.193
180.644 193.343 225.554
179.132 191.520 216.685
180.291 182.753 187.289
180.196 182.335 187.580
178.907 184.015 190.459
180.011 187.789 197.016
180.539 182.395 185.571
179.504 181.713 187.355
181.755 189.314 195.952
180.470 181.251 182.998
179.838 182.852 189.314
179.479 188.020 210.459
179.666 182.286 184.648
180.646 186.763 206.471
181.200 186.456 191.614
180.859 190.280 216.249
182.461 194.296 215.526
182.410 186.906 194.766
180.599 185.345 195.533
180.029 185.820 192.143
181.449 182.194 183.755
180.168 181.434 184.405
179.883 185.479 188.758
179.978 182.811 190.770
181.974 186.149 190.983
179.797 184.669 191.171
180.093 181.595 183.317
180.925 184.002 187.654
179.806 185.256 193.155
180.253 182.074 184.236
180.357 189.927 196.367
182.811 192.036 205.964
182.338 189.502 210.267
179.888 188.035 193.529
180.763 184.531 188.364
183.123 191.949 196.836
180.978 186.264 205.334
180.714 182.899 185.572
185.247 187.345 190.705
180.926 184.256 187.895
179.856 184.307 194.776
185.484 193.547 203.998
183.213 187.419 192.879
180.914 190.305 199.869
179.814 184.043 188.230
180.703 184.600 196.382
182.879 185.776 191.429
181.906 184.407 188.628
179.631 187.589 193.987
182.884 187.713 194.253
182.398 185.961 197.813
179.984 181.011 182.887
180.926 183.842 188.265
180.273 186.907 200.157
185.783 191.491 202.012
182.509 185.967 190.246
180.728 185.077 189.818
183.256 187.657 193.055
180.962 183.765 187.276
181.313 188.384 195.206
181.090 187.370 192.753
185.999 190.081 193.865
180.916 187.267 197.828
181.757 186.946 196.965
181.568 183.447 186.055
183.676 189.595 200.387
181.988 184.564 189.574
180.000 185.847 192.308
183.388 193.250 218.053
181.115 184.850 189.738
181.481 186.452 190.800
181.076 184.079 187.082
184.753 193.697 204.325
186.304 195.240 208.849
183.065 194.543 204.530
182.643 190.445 201.037
183.793 195.366 202.551
185.499 191.508 202.299
180.571 187.079 190.059
183.721 191.046 197.084
186.289 197.619 209.326
193.646 203.437 210.316
203.375 209.062 212.964
198.248 203.675 210.288
197.254 203.607 208.568
196.551 199.719 204.489
187.325 195.111 206.348
186.204 193.422 200.513
185.259 192.346 196.870
193.732 202.927 211.071
182.109 194.706 203.086
191.921 200.734 208.263
198.794 205.142 209.023
197.891 201.832 207.037
205.266 209.311 218.312
204.613 210.235 219.921
209.050 210.926 212.961
201.933 208.256 211.349
200.789 206.970 214.231
212.606 216.195 218.379
191.245 211.470 220.427
213.705 214.917 217.690
214.700 217.625 222.233
214.163 218.759 222.492
209.767 212.883 216.736
207.748 218.314 224.403
213.695 217.302 218.782
211.049 213.666 218.657
213.725 216.041 217.639
212.674 217.020 219.890
214.135 217.518 220.196
213.017 218.611 225.553
215.948 219.718 225.196
211.635 217.778 223.913
215.509 220.513 228.356
216.942 222.127 232.697
219.587 224.649 231.222
214.796 217.057 219.610
215.776 220.265 226.929
215.702 217.854 219.551
214.239 217.740 221.508
215.187 218.130 221.273
215.937 217.050 218.538
216.930 219.874 226.107
213.868 217.977 221.661
214.927 217.029 220.155
212.954 216.690 221.496
210.626 218.490 228.670
218.792 222.721 231.624
215.512 220.810 231.904
215.800 217.267 219.532
219.937 224.692 228.433
212.830 222.123 232.824
216.218 218.094 221.043
216.415 220.421 224.037
216.481 220.107 225.220
217.742 221.491 223.456
216.163 219.524 225.346
216.310 224.481 236.335
215.809 217.906 222.264
217.982 226.210 236.662
218.447 224.047 230.118
212.947 221.537 232.134
218.193 224.595 233.567
217.261 222.049 226.425
214.265 221.661 237.947
213.257 220.000 225.098
212.976 219.460 225.543
217.288 227.740 253.177
218.885 221.678 224.461
219.484 225.094 232.319
219.914 226.943 232.427
221.558 227.674 236.448
219.478 225.575 242.847
219.405 221.501 222.841
216.494 221.038 224.982
217.994 226.147 234.934
221.190 226.281 229.255
217.171 218.613 220.492
218.443 226.305 231.034
216.136 222.199 234.905
216.770 220.042 222.991
218.862 225.226 232.720
218.310 223.325 231.280
217.268 220.950 227.618
220.031 221.386 222.841
217.981 221.624 228.202
218.167 221.604 229.986
219.290 222.387 226.047
214.751 218.273 221.986
218.015 220.611 221.531
218.622 220.465 221.890
221.220 223.033 225.333
0 0 0
216.984 219.533 223.040
218.552 221.591 224.482
215.708 222.481 236.681
216.350 220.613 224.955
218.781 223.652 229.119
217.557 220.466 225.791
216.135 219.867 223.385
222.493 227.416 235.903
217.810 221.957 230.423
219.719 222.648 226.543
218.101 228.419 239.297
217.453 221.456 225.442
216.619 219.597 224.605
217.895 222.780 230.502
218.205 223.015 226.593
217.859 223.902 236.895
219.896 220.817 223.596
217.008 220.585 226.571
217.369 220.531 226.219
219.455 222.976 228.684
217.044 220.748 229.867
216.074 220.994 226.535
217.420 221.302 225.511
217.720 223.037 230.457
218.596 219.847 221.438
215.498 222.631 232.947
219.034 220.541 223.649
219.003 220.969 224.288
219.256 221.806 226.151
218.748 221.707 228.023
216.409 220.372 223.941
213.963 218.936 223.227
217.100 221.415 225.304
216.078 220.194 225.093
218.396 220.762 222.486
215.443 219.238 224.119
215.501 217.566 218.551
215.711 222.143 225.035
214.002 217.378 218.583
216.256 217.604 218.872
217.410 221.155 228.193
219.189 219.524 219.875
216.568 218.718 220.950
214.364 216.462 217.998
217.552 218.539 220.876
213.739 221.543 229.641
216.280 219.244 223.070
216.954 218.395 219.526
216.756 220.670 226.107
216.874 218.020 219.151
216.153 225.230 240.517
217.535 221.226 227.647
217.810 219.168 220.882
218.346 222.292 232.484
216.094 219.255 221.825
218.469 220.720 223.776
215.304 218.086 222.412
216.627 221.689 231.187
215.509 218.269 223.685
187.418 187.854 188.538
187.526 187.957 188.649
187.199 187.885 188.306
187.800 188.528 189.363
187.431 187.611 188.004
187.698 187.873 187.966
187.697 188.141 188.584
187.254 188.325 189.901
187.332 188.653 191.172
186.984 187.664 188.868
187.483 188.123 189.035
186.842 187.722 188.650
187.097 187.564 187.889
187.657 188.147 188.516
187.065 187.749 188.198
186.599 187.260 188.007
187.464 188.103 189.017
187.141 187.595 188.083
187.025 187.717 188.259
187.587 188.047 188.561
187.399 188.183 189.601
187.418 188.999 190.380
187.435 187.874 188.314
187.013 188.004 189.209
187.602 187.890 188.370
187.180 188.033 189.359
187.367 188.492 189.825
187.241 187.833 188.207
187.418 188.028 188.552
187.772 188.082 188.515
187.147 187.559 188.017
186.918 187.721 188.682
187.249 187.712 188.801
187.611 187.839 188.498
187.467 187.588 187.780
187.440 187.609 187.986
187.236 188.166 189.741
187.969 188.669 189.395
187.266 187.931 188.509
187.528 188.528 189.703
187.653 188.707 190.352
187.552 188.226 189.184
186.941 187.769 188.563
187.363 187.961 188.661
187.542 187.988 188.356
186.879 187.466 188.612
187.061 187.802 188.357
187.733 188.980 190.470
187.396 187.967 188.819
187.245 187.887 188.456
187.210 187.431 187.567
187.394 188.008 188.452
187.036 188.264 191.015
188.258 189.313 191.270
187.491 188.437 189.791
187.303 188.057 189.062
187.379 187.799 188.757
187.214 187.621 188.036
187.180 187.893 188.872
187.456 188.012 188.690
186.839 187.367 188.235
187.288 188.156 189.095
187.206 187.567 187.755
187.301 187.903 188.711
188.051 188.499 189.001
187.176 187.883 189.133
186.978 187.839 188.470
187.540 187.873 188.154
187.479 188.667 190.203
187.250 188.336 189.126
188.148 188.753 189.363
187.266 187.947 188.649
187.326 187.555 187.751
187.343 187.833 188.780
187.382 188.012 188.863
187.138 187.957 188.768
187.102 187.553 188.206
187.128 187.580 188.541
187.656 188.639 190.109
187.217 187.742 188.566
187.276 193.765 215.660
187.604 188.173 188.778
187.074 187.980 188.544
187.509 187.842 188.065
187.245 187.824 188.687
187.240 187.937 188.817
187.169 187.456 187.967
187.536 188.258 188.912
187.385 188.412 189.820
187.196 187.571 187.947
187.534 188.383 189.374
187.645 188.206 188.780
188.173 188.484 189.103
186.827 187.576 188.375
187.525 187.766 188.138
187.796 188.252 188.982
187.059 189.341 191.855
187.274 187.720 188.261
187.298 187.928 188.877
187.580 187.806 187.998
187.294 187.957 188.346
187.158 187.944 188.621
187.658 189.365 191.860
187.249 187.887 188.444
186.798 187.802 189.813
187.315 188.191 188.810
187.087 188.145 188.957
187.328 188.005 189.439
187.055 187.710 189.005
187.242 187.784 188.448
187.225 187.776 188.463
187.066 187.599 188.020
187.301 187.694 188.316
187.076 187.730 188.224
186.962 190.641 199.418
186.852 187.615 188.340
187.311 187.846 188.295
187.053 188.146 189.157
187.078 187.552 187.958
186.967 187.280 188.086
187.187 187.925 188.747
187.330 188.187 189.312
187.058 188.400 191.323
187.064 188.242 189.773
187.032 187.968 188.393
187.023 187.613 188.878
186.918 187.759 188.935
186.973 187.564 188.068
187.440 187.955 188.914
187.033 187.616 188.401
187.095 187.944 188.757
187.206 187.793 188.850
186.965 188.012 189.040
186.756 187.958 188.832
187.338 187.703 188.044
187.025 188.074 188.786
187.545 188.076 188.299
187.640 189.271 191.896
187.066 187.290 187.555
186.949 187.608 188.216
187.721 188.501 188.915
187.161 188.024 188.872
187.159 187.557 187.807
187.041 188.325 190.088
187.600 188.282 189.157
187.682 188.031 188.487
187.652 188.070 189.189
187.141 187.862 188.251
187.474 188.205 189.169
187.590 187.949 188.438
187.090 187.701 188.077
187.522 188.090 189.316
187.042 187.958 188.410
187.428 187.934 188.703
187.253 187.828 188.684
187.069 188.048 188.959
187.305 188.165 188.499
187.176 187.936 188.714
187.414 188.126 189.855
187.087 187.932 188.273
187.600 188.031 188.778
187.122 187.709 188.349
187.138 187.454 188.113
187.500 187.844 188.535
187.236 187.662 188.005
187.604 188.030 188.385
187.388 188.215 189.619
187.354 188.430 191.171
187.511 188.192 188.932
187.190 187.822 188.539
187.087 187.654 188.392
186.774 187.615 188.643
187.223 188.059 189.951
187.075 187.687 188.690
187.226 188.011 188.738
186.829 187.760 188.755
186.877 187.531 188.124
187.411 187.842 188.727
187.210 187.725 188.207
186.639 187.173 187.351
187.005 187.621 188.112
186.849 187.501 188.412
186.952 187.566 188.648
187.302 187.907 188.793
186.773 187.239 187.901
187.445 188.356 189.309
187.281 187.843 188.299
186.890 187.647 188.601
187.545 189.946 191.316
187.035 187.552 188.460
186.818 187.634 188.250
187.299 187.519 187.818
186.873 187.571 188.151
186.519 187.065 187.492
187.587 188.426 190.802
186.802 187.945 190.354
187.091 187.332 187.562
186.968 187.134 187.325
186.929 187.401 188.361
187.161 187.559 187.961
187.309 187.661 188.058
186.784 186.964 187.203
187.349 187.888 188.967
186.995 187.580 188.000
187.409 187.747 188.078
186.542 187.391 187.900
187.316 188.778 190.588
186.512 187.364 187.911
186.782 187.339 188.150
186.867 187.575 188.316
186.751 187.252 187.685
186.820 187.736 189.496
187.596 188.262 189.268
186.760 187.821 188.671
187.471 187.766 188.516
187.054 187.522 187.943
187.089 187.817 188.645
187.100 187.962 188.444
187.247 187.664 188.479
187.059 187.306 187.522
187.420 188.400 190.233
186.835 187.538 188.101
187.195 188.319 190.486
186.865 187.534 188.091
187.419 187.733 187.877
187.920 188.262 189.383
187.608 187.749 187.877
187.360 188.416 188.968
187.379 187.895 188.590
187.856 188.852 190.224
187.289 188.054 189.008
187.570 188.035 188.641
187.820 188.166 188.587
187.403 188.537 192.377
187.985 188.149 188.344
187.674 188.042 188.382
187.970 188.352 189.498
187.564 187.965 188.334
188.134 189.136 190.694
187.798 188.018 188.345
187.580 188.185 189.364
187.163 187.504 188.107
187.497 187.887 188.245
187.740 188.347 188.724
187.837 188.088 188.330
188.077 188.242 188.498
187.585 188.782 192.555
188.383 188.905 189.383
187.567 188.631 191.662
187.419 187.933 188.465
187.319 187.991 188.841
187.356 188.009 188.540
187.508 187.847 188.464
187.769 187.896 188.022
187.585 187.912 188.330
187.605 188.104 188.736
187.583 188.053 188.505
187.213 187.414 187.670
187.815 188.141 188.493
187.419 188.246 189.702
187.498 188.101 188.539
187.185 187.932 188.384
187.325 187.725 188.268
187.747 188.265 189.006
187.985 188.550 189.536
187.730 188.095 188.368
187.183 187.878 188.880
187.171 187.990 188.672
187.521 188.102 189.010
187.880 189.262 190.774
187.464 187.984 188.814
188.228 189.409 190.943
187.589 188.146 188.471
187.516 188.045 188.675
187.219 188.010 189.080
187.621 189.413 194.418
187.252 187.647 188.206
187.927 188.508 189.461
187.723 188.475 188.957
187.450 188.184 189.048
187.203 188.000 189.407
187.678 188.220 188.744
187.449 187.974 188.391
187.411 188.287 189.762
187.803 188.402 190.047
187.748 188.655 189.683
187.536 188.590 190.208
187.507 187.859 188.456
187.597 188.173 188.928
187.932 188.451 188.811
187.677 188.381 189.312
187.444 187.872 188.353
187.546 188.304 189.534
187.344 187.826 188.288
187.952 188.045 188.260
188.056 188.480 189.181
187.865 188.229 188.890
187.865 188.562 189.068
187.761 188.168 188.986
187.899 188.695 190.077
187.271 188.070 189.147
186.997 188.107 189.458
187.326 187.973 188.297
187.514 187.935 189.289
188.393 189.132 190.789
187.504 188.679 191.414
187.639 188.048 188.231
186.851 187.885 188.436
187.600 188.001 188.468
188.105 188.637 189.074
187.715 188.274 188.887
187.397 188.078 188.927
187.570 188.324 189.412
187.295 187.838 188.800
187.990 188.291 188.768
188.825 189.362 190.192
187.970 188.853 189.647
188.837 190.064 193.973
188.342 188.577 189.116
187.805 188.876 191.368
188.456 189.312 190.695
188.203 188.486 188.933
187.883 189.764 191.108
187.857 188.244 188.728
187.778 188.400 188.843
187.985 188.320 188.769
188.446 188.914 189.524
188.884 189.508 190.083
188.223 188.862 189.384
187.976 188.313 188.629
188.441 189.603 190.446
188.234 188.863 190.338
187.980 188.710 190.578
186.623 186.961 187.469
186.219 187.380 188.892
186.708 187.206 188.126
185.978 186.725 187.771
186.107 187.565 188.862
186.342 186.838 187.792
186.075 186.963 187.750
186.086 186.584 187.059
186.443 187.273 189.640
185.923 186.613 187.531
186.446 186.912 187.334
185.750 186.201 186.637
186.659 187.356 188.038
186.299 187.143 188.164
187.614 188.207 188.539
187.982 188.307 188.895
187.457 188.576 189.011
187.314 187.857 188.554
187.810 188.839 190.841
187.626 188.519 189.741
187.187 188.040 188.959
187.344 188.256 189.443
187.982 188.959 190.137
187.314 187.800 188.600
187.457 188.288 189.236
188.248 188.453 188.641
187.748 188.713 190.015
187.151 187.788 188.405
187.984 188.399 188.894
187.709 188.246 188.675
187.345 188.372 188.916
187.384 188.036 188.730
187.675 188.575 190.065
187.624 188.507 189.051
189.319 190.242 191.384
187.258 187.735 188.085
187.384 188.017 189.079
187.363 187.826 188.720
187.362 188.377 189.347
187.463 187.938 188.710
187.402 188.388 190.089
187.859 188.298 188.968
186.983 187.842 188.329
187.493 188.221 188.608
187.171 187.699 188.143
187.447 187.994 188.406
187.417 187.724 188.159
186.943 187.942 189.048
186.909 187.650 188.041
187.401 188.061 190.127
187.291 188.216 189.482
187.000 187.643 188.327
186.822 187.263 187.712
186.970 187.607 188.951
186.918 187.261 187.581
187.159 187.707 188.123
187.547 188.115 189.016
187.449 187.668 188.127
187.036 188.395 191.654
187.010 187.911 188.780
187.165 187.571 188.053
187.281 187.829 188.885
187.009 187.900 189.825
187.311 187.831 188.818
186.945 188.588 191.450
188.812 190.415 192.259
186.881 187.841 188.434
187.166 188.417 190.132
187.615 188.508 189.568
186.979 187.396 188.079
187.445 187.959 188.710
187.146 187.488 188.155
187.014 188.026 189.370
187.230 187.665 187.947
187.254 187.452 187.680
187.161 187.487 187.980
187.103 187.480 187.860
187.137 187.703 188.368
186.996 187.357 187.780
186.943 187.313 187.698
187.191 187.631 188.375
186.988 187.944 189.257
187.678 188.234 189.173
187.060 187.412 187.796
187.230 187.816 188.158
187.120 187.382 187.514
187.118 187.793 188.436
187.154 187.312 187.494
186.763 187.447 188.185
186.857 187.312 187.756
187.231 187.517 188.064
186.910 187.203 187.444
186.885 187.798 189.862
187.407 187.549 187.740
187.166 187.437 187.902
187.016 187.553 188.238
186.945 187.424 188.337
186.864 187.504 188.450
186.833 187.270 187.800
187.021 187.725 189.721
187.624 188.838 191.707
186.959 189.130 190.000
186.757 187.876 190.609
187.223 187.591 188.014
187.085 187.162 187.349
186.936 187.341 187.750
187.167 187.526 188.220
186.979 187.631 188.082
187.193 187.569 188.131
187.091 187.553 188.042
187.173 187.433 187.728
187.346 187.789 188.068
187.006 187.500 188.446
187.082 187.713 188.915
187.009 187.580 188.298
187.352 187.737 188.355
187.284 187.835 188.835
187.008 187.208 187.555
187.121 187.381 187.739
187.324 188.648 192.808
187.047 187.379 187.963
187.001 187.800 189.020
187.122 187.401 187.839
187.343 187.566 187.837
187.234 187.532 188.046
187.053 187.523 188.274
186.954 187.498 187.962
187.221 187.561 187.857
187.349 187.536 187.766
187.096 187.420 187.744
187.121 187.556 188.000
187.040 187.494 188.090
187.405 187.768 188.285
187.155 187.512 187.842
187.050 187.643 188.216
186.760 187.295 187.739
187.016 187.690 188.393
187.731 188.279 189.327
187.581 188.034 188.466
187.871 188.890 191.159
187.829 188.658 190.976
187.670 187.873 187.999
187.892 188.214 189.028
187.675 187.980 188.601
187.532 187.994 188.557
187.689 187.977 188.390
187.621 188.112 188.373
187.551 188.159 189.323
188.233 188.627 189.857
188.096 188.479 188.806
187.899 188.069 188.327
187.916 189.013 192.061
187.630 187.978 188.290
187.793 188.323 189.064
187.475 187.996 188.545
187.746 188.054 188.338
187.544 187.932 188.428
187.728 188.105 188.696
187.608 187.996 188.450
187.420 187.906 188.404
187.837 188.286 188.887
187.862 188.132 188.450
187.768 188.019 188.485
187.530 187.911 188.633
188.229 189.990 191.565
187.483 188.105 188.421
187.627 187.752 187.842
187.695 188.028 188.383
187.556 187.881 188.145
187.676 188.114 188.559
187.823 188.113 188.679
187.714 188.122 188.634
187.575 192.182 201.414
187.521 187.924 189.059
187.759 188.218 189.764
187.764 188.693 191.674
187.466 188.004 189.328
187.565 187.911 188.210
187.673 187.987 188.503
187.819 188.082 188.309
187.535 187.936 188.201
187.518 188.117 189.234
187.816 188.392 189.136
187.670 187.991 188.679
187.700 188.111 188.699
187.806 188.247 189.088
187.779 188.180 188.742
187.808 188.274 188.914
187.762 188.070 188.384
187.554 187.900 188.632
187.687 188.053 188.791
187.450 187.999 188.690
187.506 187.783 188.027
186.862 186.990 187.055
186.734 186.976 187.593
186.557 187.143 187.991
186.754 187.285 188.480
187.270 188.485 190.539
186.804 187.063 187.401
187.306 187.858 189.285
186.740 186.978 187.408
186.629 186.906 187.189
186.840 187.355 187.967
187.027 187.392 187.754
187.061 187.548 188.496
186.842 187.203 187.422
187.041 187.474 187.842
187.256 187.504 188.135
186.937 187.142 187.405
186.941 187.365 188.109
187.064 187.271 187.578
186.932 187.408 187.774
186.936 187.272 187.952
186.813 187.198 187.582
186.899 187.225 187.819
186.891 187.283 188.119
186.927 188.075 189.996
186.930 188.200 189.432
186.977 187.192 187.653
186.956 187.244 187.377
187.081 187.226 187.437
187.134 187.802 188.788
186.865 187.169 187.916
186.931 187.347 187.658
187.377 187.619 188.342
186.887 187.120 187.322
187.013 187.167 187.567
187.001 187.151 187.339
186.908 187.130 187.378
186.909 187.213 187.487
187.263 187.472 187.619
186.878 187.852 189.433
187.224 187.575 188.242
187.012 187.195 187.446
186.846 187.073 187.248
186.989 187.227 187.506
187.154 187.481 188.118
186.794 187.017 187.322
186.820 187.054 187.223
187.020 187.820 190.322
186.991 187.345 187.839
186.971 187.242 187.746
186.764 187.654 189.210
187.273 187.475 187.601
186.834 187.335 187.868
186.840 187.153 187.434
186.852 187.953 190.689
186.941 187.408 188.440
187.032 187.537 188.870
186.804 187.331 187.894
186.878 187.204 187.736
186.789 187.647 189.703
186.861 187.278 187.574
186.787 187.257 187.686
187.049 187.520 187.822
187.005 187.317 187.898
187.037 187.631 188.748
186.851 187.112 187.810
186.996 187.259 187.578
186.832 187.163 187.552
187.014 187.455 188.284
186.976 187.251 187.726
186.771 187.124 187.491
186.865 187.245 187.595
186.995 187.300 187.670
186.828 187.760 190.444
187.021 187.153 187.341
186.988 187.363 187.924
186.903 187.308 187.636
186.948 187.155 187.537
187.064 187.274 187.478
186.826 187.200 188.072
186.916 187.520 188.427
187.146 187.463 187.872
187.155 187.333 187.458
186.815 187.356 187.861
187.537 188.167 189.700
187.158 188.156 190.895
187.024 187.435 187.979
187.244 187.399 187.609
187.281 188.441 189.985
187.113 187.302 187.482
187.042 187.302 187.682
187.125 187.367 187.827
187.452 187.978 189.202
187.109 187.862 190.091
187.065 187.552 188.022
187.001 187.343 187.828
186.948 187.515 188.022
187.499 187.582 187.781
186.984 187.370 187.793
187.176 187.763 188.724
186.891 187.471 188.028
187.131 187.671 188.107
187.029 187.370 187.643
187.095 187.613 188.044
187.267 187.524 187.968
186.977 187.201 187.401
186.933 187.300 187.715
187.185 187.750 188.231
187.284 189.704 190.872
187.375 187.796 188.536
187.059 187.408 187.782
187.193 187.754 188.364
187.142 187.667 188.246
187.265 187.435 187.822
187.058 187.408 187.958
187.109 187.535 188.014
187.243 187.692 188.880
187.500 187.762 188.230
187.385 188.219 188.947
187.450 187.776 188.622
187.215 187.953 189.265
188.364 188.783 189.899
186.910 187.356 187.797
187.467 187.842 188.510
187.392 187.760 188.204
187.006 187.166 187.373
187.290 187.617 188.116
186.986 187.454 187.870
187.064 187.292 187.547
187.267 187.597 188.026
186.797 187.662 189.972
187.163 187.341 187.453
186.713 187.127 187.437
187.085 187.568 188.648
186.735 187.033 187.238
186.944 187.050 187.200
186.903 187.142 187.351
187.002 187.318 187.867
186.995 187.242 187.516
186.863 187.822 189.839
187.303 188.076 189.846
187.028 187.344 187.624
186.983 187.426 188.095
186.889 187.169 187.428
186.844 187.239 188.163
186.995 187.792 189.132
186.722 187.101 187.621
186.974 187.370 188.449
187.106 188.090 189.183
186.733 187.643 188.892
186.815 187.181 187.621
187.237 187.452 188.079
187.290 187.874 188.475
187.011 187.683 188.789
187.737 188.617 191.229
187.064 187.502 187.889
187.201 188.407 189.290
187.410 187.815 188.322
186.672 187.112 187.365
187.052 187.494 187.932
187.619 187.732 187.939
187.112 187.305 187.585
186.603 187.301 187.662
187.186 187.925 189.547
187.225 187.458 187.686
187.313 187.575 187.839
187.672 188.228 188.524
187.228 187.951 188.266
187.606 188.153 188.830
187.911 188.120 188.519
187.950 188.839 191.122
188.221 188.488 189.035
187.851 188.329 188.856
188.147 189.184 190.241
187.669 188.041 188.826
187.767 188.328 188.922
188.031 188.872 190.135
187.992 188.822 189.245
187.447 187.805 187.944
187.792 188.299 188.986
188.113 188.338 188.788
187.909 188.513 188.825
188.426 188.839 189.791
187.889 188.290 188.771
188.424 188.508 188.631
187.896 188.819 189.691
187.772 188.267 189.014
187.826 188.211 189.004
187.903 188.354 188.747
188.188 188.472 188.878
187.963 188.522 189.283
187.581 187.982 188.429
187.931 188.353 188.819
187.755 187.985 188.341
188.263 188.635 189.330
187.756 188.421 189.409
187.796 188.376 189.284
187.819 188.179 188.913
188.004 188.602 189.221
187.673 188.219 188.707
187.438 187.972 188.494
187.867 188.477 189.307
187.893 188.408 189.029
187.711 188.749 189.315
187.938 188.436 189.501
187.973 188.619 189.418
187.998 188.433 189.232
188.576 190.307 191.332
188.148 189.023 190.535
187.636 188.086 188.505
188.456 188.663 188.907
188.251 188.448 188.892
188.874 189.183 189.557
188.057 188.654 189.649
188.849 189.137 189.807
188.258 188.580 189.371
188.309 188.660 188.918
188.530 188.948 189.379
187.718 188.910 189.676
189.034 189.916 191.955
188.317 188.933 190.155
188.726 189.093 189.497
188.504 188.833 189.441
188.133 188.856 189.217
188.073 189.082 189.787
187.719 188.893 189.585
188.382 188.777 189.106
188.601 189.186 189.927
188.416 188.861 189.430
188.981 189.930 190.969
188.550 189.071 189.838
188.205 188.931 190.487
188.322 188.961 189.541
188.049 188.840 189.761
188.607 188.993 189.568
188.165 188.943 189.751
187.987 188.867 190.147
188.545 188.914 189.338
188.070 188.946 189.448
188.542 189.001 189.571
188.757 188.945 189.288
188.142 189.025 190.142
188.256 188.856 189.887
188.393 188.609 188.897
188.156 188.664 189.287
187.936 188.358 189.020
188.268 189.175 189.778
188.338 188.813 189.469
188.424 189.062 189.509
188.406 189.213 189.817
188.329 189.445 191.055
188.524 189.166 189.801
188.049 188.841 190.053
187.801 188.472 189.083
188.135 188.706 189.055
188.269 189.101 190.113
188.032 188.599 189.022
188.338 188.899 189.569
188.193 189.352 190.971
188.676 189.424 189.838
187.922 188.930 189.651
188.164 188.800 189.425
188.365 188.987 189.536
188.402 189.001 189.436
188.224 188.878 189.880
188.541 188.782 189.017
188.302 188.763 189.435
188.434 189.146 189.787
188.232 189.317 191.803
188.398 191.240 193.579
189.137 190.525 191.557
188.580 189.124 189.597
188.847 189.313 189.994
188.224 188.760 189.138
188.390 189.270 190.579
188.609 188.890 189.245
188.450 189.034 189.810
188.361 189.098 190.562
188.055 188.765 190.166
188.228 188.909 189.694
188.589 189.141 189.539
185.737 186.490 187.677
186.180 186.942 187.986
185.732 186.676 187.490
186.344 187.255 189.540
186.381 186.986 187.956
186.098 187.344 190.474
186.138 187.287 188.746
0 0 0
185.874 187.024 188.417
186.285 186.741 187.440
186.209 187.171 188.812
186.262 186.523 186.863
186.267 186.687 187.580
186.221 186.748 187.353
186.084 187.868 190.394
185.868 186.363 187.116
185.887 186.636 187.318
186.567 186.847 187.246
186.155 187.551 190.762
186.335 186.733 187.091
186.551 187.680 191.178
186.935 188.062 189.315
185.844 186.469 186.891
186.093 187.194 188.368
186.081 187.295 189.701
186.111 186.592 187.042
185.640 186.786 187.786
186.236 187.146 187.579
185.869 186.439 187.256
186.119 186.711 187.038
186.618 187.134 187.931
185.937 186.764 187.749
186.890 187.399 188.305
185.876 186.373 186.794
186.223 186.563 186.910
188.231 188.680 189.405
187.993 188.635 189.988
187.421 188.886 189.993
187.877 188.853 191.422
188.436 189.828 191.333
187.923 188.462 188.872
188.107 188.585 189.633
187.638 188.276 188.920
187.960 188.291 188.774
188.027 188.271 188.563
188.103 188.538 189.271
187.296 189.684 193.016
187.799 188.303 188.672
187.677 188.566 189.577
188.081 188.281 188.553
188.225 188.997 189.448
187.823 188.166 188.509
187.717 188.250 188.641
188.125 188.936 190.672
188.091 189.810 191.154
187.752 188.451 188.770
187.695 188.465 189.140
187.860 188.885 189.764
187.884 188.235 188.575
187.616 188.179 189.382
187.607 188.145 188.933
187.595 188.200 189.180
188.040 189.380 192.375
188.100 188.532 189.204
188.312 190.670 193.230
188.126 188.927 189.607
188.636 189.056 189.635
187.899 188.316 188.969
188.096 188.600 189.269
188.010 189.974 193.374
187.837 189.100 191.441
187.873 188.941 191.135
187.510 188.119 188.549
187.568 188.213 188.804
187.446 188.038 188.933
187.655 187.869 188.428
188.048 188.828 189.920
188.573 189.648 191.912
188.203 189.267 191.107
188.129 188.551 188.887
188.019 188.758 189.518
187.428 189.060 191.827
187.914 188.372 189.475
187.409 188.369 189.484
187.731 188.691 189.234
187.475 188.127 188.768
187.404 188.601 189.479
188.414 188.834 189.470
187.933 188.258 188.414
187.842 188.364 188.649
187.542 189.108 192.382
187.749 188.420 189.242
187.390 187.871 188.778
187.814 188.426 189.567
187.830 188.869 189.518
188.784 189.398 189.986
188.422 188.807 189.342
187.903 188.678 189.790
187.573 188.266 188.841
188.480 188.792 189.050
187.859 188.483 189.544
188.103 188.934 189.874
188.592 189.025 190.001
188.084 189.352 191.031
187.941 188.462 189.140
187.900 188.422 189.156
188.253 188.769 189.382
188.061 188.483 189.130
188.076 188.404 188.942
187.973 188.367 189.124
187.913 188.542 189.185
187.552 188.275 188.751
187.604 188.843 190.209
188.208 188.471 188.784
188.115 188.188 188.293
187.978 188.323 188.542
187.785 188.558 190.060
187.705 188.362 188.815
188.247 189.805 194.865
188.770 189.458 191.390
187.959 188.581 189.130
187.974 188.999 189.984
187.666 190.037 192.705
188.269 188.642 189.523
188.356 189.015 189.738
188.096 188.685 189.599
188.237 188.848 189.458
187.953 188.660 189.597
188.493 188.880 189.275
188.214 188.461 188.701
188.157 189.053 189.867
188.044 188.863 189.307
188.595 190.400 194.291
188.526 189.224 189.867
188.120 188.729 189.061
188.148 189.451 191.569
188.174 188.784 189.218
188.095 188.780 189.813
188.145 189.027 189.732
188.013 188.934 190.181
188.771 188.905 189.279
188.390 188.757 189.237
188.220 188.719 189.592
188.149 189.145 189.706
188.409 188.971 189.931
188.392 188.948 189.323
188.627 189.440 189.942
188.417 188.636 188.951
188.019 189.056 190.190
188.680 188.807 188.970
188.798 189.052 189.460
188.350 188.691 189.226
188.960 189.699 190.437
188.367 188.747 189.403
188.139 188.576 189.372
188.385 189.016 190.595
188.275 188.941 190.378
188.037 189.233 191.381
187.990 188.280 188.601
187.902 188.684 189.943
188.304 188.542 188.867
188.218 188.817 190.159
187.964 188.806 189.971
188.323 188.671 189.047
188.090 188.938 190.610
188.196 188.546 188.974
188.191 188.868 189.485
187.945 189.062 191.611
188.314 188.714 189.169
188.414 189.417 191.963
188.125 188.471 189.060
188.351 188.684 189.309
188.152 189.040 190.173
187.984 188.422 188.691
187.885 188.574 189.106
188.247 188.866 189.549
188.535 188.775 189.123
187.541 188.431 189.514
187.861 188.335 189.077
188.496 189.001 189.643
187.829 188.200 189.126
187.888 188.281 188.617
187.724 188.422 188.884
188.148 188.363 188.540
188.081 188.305 188.541
188.037 189.003 190.482
187.990 189.057 191.025
187.963 188.280 188.869
188.236 188.449 188.896
187.844 188.765 190.027
188.287 188.958 189.485
187.937 188.383 188.758
187.656 188.581 189.816
188.389 188.524 188.796
188.147 188.721 190.020
187.962 188.248 188.641
188.572 188.852 189.348
187.934 188.628 189.572
188.204 188.779 189.407
188.166 188.476 189.156
188.173 188.377 188.774
188.255 188.591 188.977
187.870 188.525 189.564
188.097 188.391 188.626
188.142 188.878 190.223
189.056 189.312 189.484
188.263 188.649 189.028
187.841 188.185 188.609
188.290 188.505 188.753
188.104 189.005 190.544
188.369 189.615 191.829
188.470 189.134 189.676
187.762 188.398 188.838
188.303 188.595 188.908
187.934 188.491 188.996
188.257 188.650 189.164
188.131 188.710 189.852
187.891 188.347 189.099
188.461 189.976 191.264
188.157 188.290 188.609
187.679 187.788 188.081
187.567 188.118 188.468
187.318 187.612 187.921
187.621 189.333 191.547
187.637 187.775 187.972
187.287 187.926 188.348
187.424 187.926 188.737
187.008 187.456 187.992
187.091 187.614 188.594
187.188 187.908 188.330
187.227 187.688 187.954
187.835 188.433 188.949
187.382 187.567 187.951
187.702 187.870 188.297
187.260 187.536 187.850
187.155 187.581 188.023
187.424 187.944 188.531
187.048 187.976 188.819
187.137 188.043 189.864
187.505 187.810 188.569
187.515 188.052 188.878
187.790 188.916 192.672
187.381 187.727 188.084
186.975 187.796 188.189
187.336 187.774 188.616
187.426 188.272 188.826
187.620 187.924 188.648
187.528 187.984 188.402
187.881 188.259 188.913
187.473 188.101 189.395
187.751 188.064 188.348
187.463 188.188 189.550
187.805 188.313 188.982
187.962 188.441 189.035
187.416 188.767 191.366
187.479 187.930 189.093
187.372 187.967 188.340
187.493 188.191 189.103
187.983 188.127 188.317
187.433 188.152 188.593
187.773 188.115 188.454
188.078 189.355 191.299
187.753 188.054 188.377
187.635 188.793 190.778
187.398 188.174 189.615
187.292 187.833 188.325
187.622 188.005 189.112
187.546 188.106 188.961
187.381 188.846 191.711
187.819 188.145 189.126
187.681 188.318 189.027
188.435 190.136 191.836
187.372 187.937 188.452
187.330 187.887 188.512
187.038 187.693 188.586
187.197 187.861 188.876
187.456 187.863 188.647
186.143 186.901 187.888
186.544 186.797 187.379
185.936 186.083 186.309
186.534 186.782 187.204
186.149 186.926 188.653
185.682 186.805 187.232
185.891 186.950 187.860
186.570 188.478 189.621
185.969 187.593 192.761
185.945 186.466 186.872
186.125 187.055 187.849
186.386 187.911 189.413
185.993 186.463 187.261
187.488 187.763 187.989
187.638 187.825 187.987
187.411 188.011 188.869
188.123 188.627 189.127
187.666 188.377 188.993
188.045 188.372 189.002
187.982 188.883 190.658
187.569 188.026 188.639
187.627 188.378 189.517
187.735 188.599 190.439
187.512 187.927 188.288
187.981 188.299 189.085
187.721 188.177 188.861
187.626 188.447 189.353
188.122 188.643 189.392
187.944 189.041 191.352
187.992 188.268 188.829
187.814 188.952 191.646
187.878 188.279 188.615
187.794 188.076 188.644
187.449 188.021 188.687
187.763 188.090 188.668
187.534 187.944 188.414
187.948 188.985 191.549
187.590 187.830 188.087
187.621 188.453 189.211
188.025 188.573 189.122
187.599 189.137 190.412
187.526 188.150 189.463
187.597 188.203 188.734
187.668 188.149 188.779
187.385 188.002 188.519
188.088 188.682 189.919
187.736 188.105 188.656
187.280 187.923 188.665
188.212 188.710 189.430
187.428 187.733 188.106
188.108 188.600 189.432
187.502 187.855 188.159
187.597 188.274 189.022
188.032 188.320 188.852
187.544 188.453 189.828
187.823 188.464 189.370
187.886 188.774 189.403
187.311 187.903 188.525
187.413 188.088 188.949
187.432 188.083 188.837
187.719 188.143 188.869
187.626 188.251 188.757
187.648 187.847 188.201
187.318 188.240 188.886
187.508 188.571 190.125
187.941 188.336 189.098
187.403 187.980 188.369
187.649 188.649 189.365
187.560 188.100 188.428
187.637 188.317 189.379
187.859 188.309 189.336
187.738 188.136 188.797
187.683 188.076 188.909
187.591 188.063 188.688
187.756 188.137 188.618
188.282 188.652 189.644
187.884 189.202 190.471
188.068 188.417 189.119
187.448 188.573 190.033
187.344 188.542 191.094
187.961 188.358 188.728
187.855 188.765 191.669
187.745 187.884 188.069
187.015 187.624 188.182
187.332 188.507 189.676
187.129 188.038 188.829
187.749 188.128 188.560
187.492 188.244 189.560
187.524 188.119 189.253
187.103 187.730 188.251
187.378 188.269 190.159
187.235 187.902 188.437
187.360 187.827 188.448
187.844 188.508 189.504
186.816 187.271 187.798
186.794 188.655 194.277
187.150 187.466 187.853
186.868 187.865 188.625
187.211 187.663 188.174
187.249 188.313 189.610
187.269 187.744 188.035
187.481 187.695 188.214
187.232 187.354 187.618
187.155 187.730 188.497
186.901 187.418 188.163
186.959 187.538 188.195
186.799 188.260 190.214
187.392 189.036 192.482
186.799 187.704 188.533
187.181 187.651 188.346
186.820 187.838 188.214
187.161 187.857 188.554
187.104 187.693 188.603
186.959 187.357 187.997
187.167 187.876 188.776
187.327 187.910 189.041
186.883 187.368 187.664
186.913 187.337 187.976
187.421 187.871 188.250
187.336 187.923 188.446
187.142 187.654 188.377
187.023 187.712 188.774
187.232 188.452 190.130
187.055 188.500 191.233
186.917 187.898 188.544
187.014 188.232 191.630
187.284 187.603 188.364
187.114 187.371 187.610
187.007 187.369 187.753
186.895 187.634 189.276
186.916 187.608 188.161
187.298 187.587 188.441
186.897 187.244 187.778
186.853 187.313 187.888
186.962 187.288 187.677
186.746 186.911 187.050
187.441 187.562 187.651
187.422 189.203 190.824
186.825 187.246 187.616
186.947 187.347 187.829
186.690 187.283 187.714
187.344 187.559 187.917
186.830 187.490 188.316
186.841 187.160 187.709
186.776 187.549 187.933
186.724 187.347 187.997
187.097 187.793 188.460
187.072 187.701 188.140
186.817 187.366 187.699
187.117 187.576 188.725
186.625 187.242 187.809
186.858 187.206 187.553
187.010 187.866 190.039
186.829 187.353 187.981
187.131 187.368 187.645
186.819 188.327 189.877
187.090 187.328 187.934
187.063 187.844 188.820
186.916 187.993 190.500
187.161 187.562 188.086
186.754 187.165 187.897
186.958 187.477 187.717
187.248 188.253 190.764
186.740 187.500 188.742
187.612 188.422 189.868
187.412 187.768 188.107
187.525 187.943 188.107
187.529 187.708 188.013
187.412 187.981 188.833
187.547 187.856 188.166
187.583 188.066 188.991
187.675 188.024 188.388
187.368 188.033 188.764
187.804 188.325 189.433
187.441 187.802 188.187
187.366 187.990 188.971
187.330 188.110 188.670
187.682 188.446 190.167
187.540 187.836 188.290
187.611 188.056 188.948
187.625 187.956 188.315
187.527 187.672 187.762
187.540 188.032 188.585
187.365 188.034 189.651
187.592 188.166 188.659
187.463 187.846 188.248
187.802 188.232 188.986
187.652 188.786 191.479
187.729 188.180 188.773
187.459 187.942 188.325
187.673 189.406 193.718
187.805 188.365 189.282
187.482 188.020 188.675
187.769 188.510 189.938
187.573 188.011 188.360
187.626 187.977 188.668
187.680 188.237 188.812
187.459 187.883 188.730
187.779 187.941 188.305
187.721 187.875 188.126
187.223 187.679 188.216
187.319 187.887 188.428
187.646 187.940 188.316
187.203 187.559 187.939
187.293 187.776 188.331
187.178 187.621 187.960
187.426 187.788 188.139
187.534 188.725 190.437
187.316 187.951 188.384
187.527 187.946 189.129
187.204 187.495 187.765
187.612 188.597 190.187
187.441 187.581 187.854
187.255 187.923 188.504
187.446 187.666 188.002
187.357 187.690 188.189
187.464 187.766 188.393
187.519 187.777 188.103
187.617 187.983 189.305
187.522 188.361 189.518
187.460 187.790 188.133
187.195 187.401 187.679
187.338 187.717 187.992
187.643 189.194 191.556
187.257 188.252 190.980
187.363 187.741 188.168
187.837 189.789 193.734
187.345 187.580 187.969
187.276 187.677 188.457
187.251 187.465 187.722
187.341 187.758 188.583
187.259 187.692 187.960
187.280 187.463 187.613
187.402 187.502 187.757
187.335 187.582 188.117
187.871 189.326 191.936
187.615 188.535 189.485
187.483 187.682 187.861
187.308 187.593 188.156
187.144 187.432 187.707
187.343 187.598 187.813
186.773 187.106 187.551
186.621 186.800 187.109
186.679 186.912 187.258
186.746 187.224 188.115
186.588 187.971 189.770
187.017 187.665 189.626
186.807 187.071 187.469
186.494 186.967 187.538
186.630 186.856 187.199
186.671 187.095 187.428
186.605 187.079 187.943
186.651 186.951 187.510
186.724 187.220 188.031
186.917 187.495 188.715
187.337 188.300 190.977
186.989 187.342 188.108
186.877 187.112 187.377
187.153 187.589 188.289
186.924 187.331 187.719
187.179 187.777 189.073
187.074 187.369 187.531
187.104 188.303 190.828
187.067 187.290 187.527
186.988 187.328 187.766
187.133 187.372 187.546
187.106 187.332 187.913
187.262 188.303 190.048
187.257 188.375 190.991
187.218 188.196 189.201
187.069 187.255 187.416
187.145 187.317 187.573
187.246 187.362 187.487
186.947 187.470 187.784
186.924 187.201 187.479
187.248 187.440 187.760
185.604 186.004 186.367
185.517 185.855 186.409
185.521 186.073 186.598
185.729 186.118 186.576
185.562 185.806 186.068
185.577 185.951 186.499
185.436 185.520 185.660
185.399 185.888 186.733
185.597 186.811 187.927
185.568 185.740 185.940
185.518 185.666 185.890
185.664 185.851 186.279
185.690 187.139 189.051
185.676 185.897 186.534
185.684 185.974 186.623
185.457 185.658 185.878
185.509 186.239 187.355
185.799 186.051 186.423
185.609 185.742 186.003
185.664 185.930 186.264
185.497 185.978 186.409
185.438 185.778 186.256
185.668 185.796 186.161
185.595 185.736 185.970
185.482 186.444 187.396
185.607 185.853 186.326
185.413 185.664 186.091
185.470 185.805 186.001
185.699 186.413 187.619
185.528 186.331 188.703
185.442 186.489 189.415
185.434 185.632 185.851
185.401 185.755 186.105
185.566 186.331 188.799
185.579 186.307 188.809
185.520 186.035 187.016
185.586 185.914 186.502
185.394 185.703 185.920
185.420 186.057 187.571
185.287 185.566 185.782
185.515 187.540 194.570
185.441 186.040 186.939
185.482 186.291 188.511
186.583 187.195 187.738
185.665 186.004 186.207
185.459 185.617 185.747
185.599 185.817 186.129
185.692 185.885 186.068
185.446 185.769 186.055
185.714 185.851 186.045
185.307 185.718 186.647
185.379 186.773 189.002
185.512 185.842 186.606
185.265 186.245 187.866
185.745 186.322 187.680
185.549 185.809 186.042
185.594 185.822 186.349
185.371 185.941 186.386
185.553 185.864 186.407
186.317 186.923 187.832
185.653 186.254 187.174
185.620 186.132 187.629
185.603 186.080 186.523
185.556 186.540 189.543
185.506 185.717 186.138
185.908 186.210 186.604
185.491 185.689 185.841
185.599 185.974 186.369
185.853 186.055 186.343
185.388 186.115 186.920
185.490 185.669 185.864
185.620 186.916 189.350
185.559 185.939 186.372
185.667 186.260 187.306
185.799 185.955 186.123
186.054 186.869 188.793
186.630 187.467 188.277
187.809 187.990 188.204
187.696 187.859 187.986
187.497 187.906 188.162
187.586 188.020 188.744
187.699 188.158 188.467
187.677 188.005 188.477
187.716 188.071 188.466
187.693 188.109 188.438
187.714 188.565 191.161
187.606 188.030 188.379
187.615 188.207 188.850
187.678 188.194 189.158
188.162 188.201 188.241
187.662 188.167 188.675
187.537 187.992 188.565
187.456 188.280 189.241
188.140 188.456 189.402
187.699 188.172 188.897
187.585 187.916 188.240
187.765 188.187 188.623
187.884 188.172 188.593
187.450 187.924 188.502
187.848 188.189 188.638
187.675 188.095 188.488
187.515 188.084 189.146
187.944 188.068 188.333
187.608 188.158 188.802
187.694 188.321 188.859
187.739 187.890 188.309
187.983 188.215 188.554
187.510 187.996 188.715
187.672 188.152 188.567
188.124 189.304 191.123
188.267 188.459 188.611
187.435 188.317 189.680
188.318 189.365 192.923
187.737 188.286 188.931
187.882 188.418 189.003
187.844 188.036 188.237
187.837 188.285 188.612
187.603 188.089 188.966
187.543 187.879 188.185
187.947 188.692 190.217
187.739 188.441 189.109
187.862 188.249 189.454
187.643 188.383 189.736
187.521 188.285 188.866
187.642 188.247 188.640
187.812 188.367 188.979
187.942 188.580 189.387
187.808 188.627 189.199
187.897 188.369 189.209
188.252 188.602 189.109
187.998 188.272 188.635
188.173 188.351 188.694
187.731 188.070 188.323
187.546 187.945 188.723
187.889 188.292 188.742
188.139 188.353 188.950
188.237 188.563 189.020
188.067 188.360 188.805
187.999 188.317 188.592
187.583 188.317 188.810
187.777 188.117 188.329
187.852 188.469 189.474
187.802 188.424 189.149
187.732 188.323 188.994
187.987 188.383 188.771
188.053 188.274 188.417
188.180 188.771 190.262
187.733 188.285 189.062
187.777 188.226 188.725
187.901 188.488 189.360
187.854 188.279 188.841
187.905 188.490 189.150
187.812 188.429 190.124
187.475 188.327 189.037
187.803 188.164 189.298
187.804 188.389 189.337
188.035 188.293 188.584
187.892 188.691 190.353
187.752 188.420 189.230
188.165 189.248 190.582
187.835 188.308 188.690
188.037 188.863 189.281
187.709 188.556 189.708
187.675 188.497 188.882
187.591 188.277 189.421
187.699 188.810 190.481
187.774 188.155 188.497
188.005 188.689 190.011
188.214 188.804 189.248
187.764 188.321 188.801
188.066 188.276 188.530
187.894 188.493 189.243
188.117 188.444 188.803
188.153 188.818 189.477
187.975 188.353 188.969
188.060 188.920 189.757
188.151 188.746 189.053
187.879 188.604 189.061
188.255 188.770 189.676
188.125 188.483 189.309
187.965 188.193 188.593
188.243 188.725 189.235
187.729 188.305 188.673
187.946 188.172 188.527
187.831 188.276 188.662
188.119 188.367 188.810
188.021 188.724 189.378
188.233 188.664 189.667
187.536 187.851 188.230
188.004 188.341 189.118
188.648 188.873 189.251
188.205 188.954 189.903
188.840 189.771 190.456
188.432 188.922 189.660
188.012 188.489 189.181
188.318 188.738 189.306
188.253 188.626 189.039
187.778 188.048 188.542
188.095 188.536 189.527
187.945 188.470 189.201
187.884 188.123 188.614
187.375 188.064 188.311
187.838 188.618 189.503
187.823 188.157 188.387
187.902 188.346 188.786
187.909 188.527 189.947
187.915 188.367 189.055
188.201 188.442 188.723
187.906 188.254 189.065
187.759 188.644 190.102
188.056 188.259 188.689
188.075 188.617 189.155
187.856 188.307 188.707
187.984 188.409 188.880
187.986 188.257 188.752
188.499 188.834 189.198
187.706 188.111 188.895
188.025 188.160 188.318
188.340 188.884 190.213
187.412 188.734 189.755
188.150 188.839 189.730
187.745 188.614 189.402
188.039 188.555 189.962
187.553 188.279 188.849
187.921 188.362 189.174
187.649 188.339 188.865
187.651 188.309 188.842
187.796 188.423 188.711
187.872 188.225 188.404
187.918 188.427 189.097
187.771 188.137 188.676
187.613 188.244 188.990
187.735 188.200 188.777
188.026 188.222 188.395
187.441 188.090 188.968
187.706 188.399 188.952
187.567 188.303 188.890
187.700 188.051 188.683
187.856 188.312 189.180
187.785 188.043 188.456
187.959 188.664 189.571
187.725 188.334 189.302
187.472 188.072 188.617
187.694 188.330 189.237
187.819 188.359 189.542
187.794 188.342 189.055
187.561 188.725 190.803
187.841 188.272 189.087
187.655 188.059 188.728
187.613 188.317 188.943
187.564 188.860 191.366
187.942 188.314 188.874
187.766 188.453 189.251
188.128 188.498 188.890
187.943 188.349 188.894
187.766 188.136 188.489
188.182 189.274 191.786
187.707 188.291 190.055
188.156 188.642 189.215
187.661 188.290 188.669
187.993 188.283 188.762
188.180 188.472 189.213
188.105 188.546 189.203
187.438 188.102 188.776
187.307 188.002 188.531
187.625 188.214 188.906
187.588 187.756 187.979
187.992 188.198 188.416
187.411 188.128 188.866
187.431 188.002 188.508
187.512 187.913 188.313
187.592 187.762 188.012
187.418 187.893 188.614
187.281 188.491 191.899
188.557 190.100 191.856
187.222 187.878 189.013
187.710 188.239 189.138
187.543 188.204 189.392
187.382 187.680 188.034
187.692 188.126 188.526
187.174 187.657 187.988
187.091 187.706 188.098
187.533 188.007 188.648
187.773 188.443 189.167
187.359 187.914 188.971
187.118 187.788 188.550
187.664 188.045 188.435
187.460 187.648 187.866
187.290 188.006 188.648
187.498 188.121 190.006
187.907 188.968 189.764
187.118 187.695 188.474
187.330 188.059 189.079
187.559 187.792 188.017
187.576 187.959 188.592
187.241 187.853 188.661
188.351 189.026 190.467
187.659 187.976 188.492
187.838 188.106 188.692
187.520 187.957 188.733
187.610 188.278 188.818
187.405 187.594 187.892
187.485 187.854 188.200
187.362 187.674 187.859
187.404 187.772 188.320
187.744 187.900 188.325
187.497 187.996 188.575
187.296 187.685 187.994
188.296 191.172 195.093
187.701 187.957 188.170
187.212 187.649 187.989
187.304 187.603 187.946
187.702 188.553 190.470
187.596 187.959 188.565
187.415 187.797 188.278
187.168 187.825 188.160
187.405 188.046 189.452
187.162 187.460 187.646
187.111 188.600 192.074
187.337 187.908 188.825
187.376 187.822 188.167
187.268 187.675 188.054
187.474 188.462 191.738
187.530 187.656 187.781
187.582 188.559 189.855
187.325 188.129 189.329
187.389 187.933 188.665
187.332 187.989 188.673
187.642 188.407 189.591
187.918 188.933 190.325
187.511 187.725 187.942
187.257 187.768 188.334
187.871 188.437 189.015
187.621 187.995 188.259
187.775 188.677 189.372
187.577 187.979 189.025
187.994 188.265 188.604
187.512 187.781 188.038
187.781 188.110 188.297
187.744 188.062 188.557
187.788 188.005 188.197
187.683 187.887 188.289
187.693 188.009 188.627
187.509 187.864 188.216
187.280 187.926 189.348
187.527 187.732 187.944
187.464 188.019 189.167
187.372 187.666 187.855
187.829 188.406 189.081
187.525 188.079 188.901
187.207 188.007 189.058
187.639 188.298 189.366
187.533 187.794 188.323
187.731 188.090 188.643
187.845 188.204 188.541
187.791 188.328 189.384
187.417 188.005 188.630
187.311 187.862 188.538
187.867 188.028 188.157
187.626 188.483 189.369
187.118 188.094 188.649
187.532 188.154 189.020
187.285 187.976 188.872
187.663 188.034 188.837
187.592 188.659 190.982
187.369 187.865 188.422
187.624 188.166 189.247
187.725 188.235 188.982
187.671 188.362 190.137
187.946 188.379 188.803
187.652 188.958 191.755
187.802 188.818 190.019
187.519 187.846 188.185
187.491 188.203 190.238
187.585 188.449 189.035
187.467 188.119 188.933
187.741 188.628 190.892
187.521 187.820 188.147
187.324 187.773 188.107
187.493 187.888 188.422
187.943 188.086 188.519
187.495 188.047 188.632
187.583 187.989 189.117
187.819 188.204 188.728
187.492 187.999 188.414
187.478 187.845 188.341
187.732 188.170 188.723
187.310 188.194 189.657
188.080 188.473 188.880
187.853 188.220 188.879
187.208 188.255 189.601
187.492 188.152 188.713
187.261 187.986 188.892
187.769 188.124 188.637
187.847 190.905 196.623
187.693 188.235 188.885
187.649 188.117 188.891
187.330 188.146 188.951
187.629 187.971 188.791
187.375 188.237 188.773
187.680 188.450 189.070
187.511 188.718 189.648
187.715 188.400 188.721
187.549 188.404 190.374
187.597 188.370 189.277
187.784 188.652 191.632
187.465 187.976 188.187
187.438 187.890 188.368
187.587 188.040 188.566
187.274 187.957 189.085
187.576 188.612 190.071
187.449 188.144 188.863
187.767 188.454 189.475
187.798 188.629 190.030
187.249 188.140 189.125
187.491 187.960 189.084
188.143 188.866 190.314
187.623 188.076 188.296
187.512 188.263 189.657
187.303 187.807 188.550
187.525 188.254 189.190
187.302 187.841 188.488
187.453 188.505 190.354
187.403 187.776 188.041
187.467 187.675 187.892
187.439 188.078 189.003
187.380 188.115 188.635
187.766 188.727 189.508
187.201 187.867 189.012
188.257 188.843 190.573
187.654 187.938 188.447
187.152 187.836 189.064
187.101 187.454 188.313
187.195 187.451 187.844
187.397 189.429 193.921
187.507 188.621 191.186
187.334 187.936 189.659
187.234 187.383 187.523
187.103 187.722 188.229
187.255 187.491 187.884
187.522 187.962 188.590
187.571 189.127 190.965
187.258 187.573 187.992
187.422 188.150 188.864
187.525 187.981 188.721
187.731 188.170 189.227
187.457 188.359 189.125
187.654 188.072 188.587
187.234 188.619 192.308
187.243 187.935 189.147
187.521 188.315 189.305
187.634 188.062 188.515
187.769 188.232 189.168
187.561 188.506 191.274
187.613 187.977 188.580
187.385 188.129 188.552
187.519 187.929 188.420
187.683 188.502 189.994
187.898 188.851 190.718
187.531 187.965 188.418
187.831 188.082 188.482
187.274 187.634 188.011
187.275 187.701 188.429
187.449 187.629 188.026
187.350 187.895 188.705
187.625 188.066 188.890
187.459 187.805 188.688
187.823 188.807 190.145
187.716 187.971 188.191
187.459 188.420 190.153
187.540 188.141 189.062
187.669 188.825 191.269
187.659 188.136 189.074
187.745 188.191 188.548
187.276 187.948 188.922
187.793 188.573 189.142
187.663 188.044 188.842
187.994 189.200 190.763
187.709 188.165 188.709
187.728 187.896 188.113
187.301 187.809 188.314
187.666 188.276 189.598
187.391 188.107 188.783
187.980 188.521 189.298
187.266 187.777 188.086
186.715 187.550 188.056
187.702 188.389 189.559
186.986 188.051 188.768
187.581 188.139 188.845
187.529 187.885 188.329
187.071 187.893 189.030
186.923 187.765 188.435
187.083 187.719 188.558
187.475 187.846 188.019
187.239 187.565 188.413
187.342 187.563 187.929
187.350 188.669 190.113
187.454 187.840 188.090
187.510 188.165 189.075
187.430 188.124 189.208
187.191 187.644 188.247
187.041 187.597 188.705
187.122 187.791 188.656
187.110 187.528 188.639
187.255 187.349 187.576
187.581 188.225 190.007
187.560 188.201 189.956
187.176 187.877 188.964
187.182 187.885 189.366
186.761 187.511 187.911
187.074 188.125 189.342
187.392 188.123 190.056
187.415 187.653 188.094
187.175 187.769 188.203
187.610 188.018 188.596
187.284 188.117 189.509
187.204 187.635 187.843
186.921 187.362 188.210
187.455 187.683 187.932
187.275 187.668 188.822
187.185 187.490 187.848
186.751 187.729 188.435
187.021 187.747 188.402
187.270 187.701 188.089
188.037 189.129 190.744
187.923 188.260 188.587
188.487 189.425 192.295
188.325 188.581 188.836
187.981 188.625 189.838
188.133 188.855 189.293
188.080 188.522 188.814
188.083 188.426 188.873
188.368 189.172 190.571
187.810 188.890 189.689
188.070 188.470 188.969
188.393 188.910 189.445
188.039 188.576 189.963
187.922 188.402 188.891
187.975 188.171 188.557
188.292 189.316 190.986
187.924 188.372 188.710
187.879 188.386 188.871
188.371 189.271 191.611
188.075 188.609 189.885
188.375 189.231 190.527
188.006 188.972 189.899
187.917 188.564 189.358
188.751 188.991 189.295
187.787 188.543 189.435
188.062 188.856 189.628
188.022 188.553 189.406
188.061 188.712 189.076
188.267 188.903 189.734
188.448 189.185 189.928
188.409 188.986 189.584
188.291 188.587 189.016
188.261 189.004 189.886
188.352 188.682 189.191
188.008 188.433 188.951
188.661 189.266 189.683
188.512 188.907 189.384
188.382 188.723 188.946
188.162 188.871 189.807
188.253 188.753 189.456
186.551 186.853 187.297
186.283 186.926 188.047
186.059 186.459 187.154
185.945 186.756 188.462
186.413 187.679 188.640
186.372 187.270 187.896
186.242 187.285 188.974
186.005 186.475 187.351
187.203 188.438 189.702
186.628 186.937 187.137
186.596 187.069 187.586
186.214 186.853 187.799
186.169 187.974 189.052
186.723 187.002 187.474
185.880 186.822 187.737
186.229 186.486 186.964
186.061 186.829 187.561
185.972 186.684 187.263
185.962 186.724 187.506
186.431 187.002 187.357
186.195 187.301 190.496
185.875 186.420 186.889
186.552 187.688 189.517
186.430 187.059 187.627
187.757 188.141 188.674
187.613 188.444 188.978
187.813 188.372 189.232
188.018 188.497 189.172
187.764 188.071 188.498
187.825 188.575 188.943
187.500 188.050 189.015
187.551 188.219 189.387
187.739 188.163 188.670
187.406 188.421 189.912
187.761 188.610 189.787
187.968 188.819 189.876
187.828 188.352 189.314
187.769 188.203 188.540
187.979 189.529 190.205
186.022 187.030 189.719
186.628 187.423 189.231
0 0 0
186.120 187.436 190.490
185.856 186.626 187.588
186.634 187.206 187.801
186.256 186.611 187.227
186.333 187.468 189.086
186.269 186.690 187.007
185.682 186.812 187.390
186.937 187.742 189.387
185.860 186.506 187.173
186.092 186.788 187.524
186.519 187.440 190.023
186.159 186.975 187.684
186.298 187.049 187.880
186.067 186.599 187.369
185.746 186.334 187.040
185.990 187.429 188.796
186.087 186.474 186.971
185.590 186.364 187.544
186.077 186.344 186.782
186.341 186.849 187.294
186.212 186.987 187.861
186.230 186.457 186.886
185.984 186.421 186.766
186.137 186.391 186.675
185.897 186.551 187.439
185.763 186.040 186.364
186.499 187.276 188.104
185.708 186.379 187.111
185.834 186.291 186.783
185.987 186.598 187.553
186.174 186.738 187.198
186.431 186.823 187.602
186.051 186.479 187.074
185.894 186.305 186.515
185.842 186.275 186.974
186.547 187.304 188.094
186.224 186.386 186.571
185.911 186.396 186.773
185.788 186.543 187.735
185.908 186.491 186.804
186.041 186.950 188.550
186.273 186.755 187.780
186.198 186.594 187.286
186.243 186.596 187.158
185.789 186.102 186.316
186.071 187.056 187.848
186.611 187.095 187.671
186.423 187.621 189.388
185.687 186.290 187.116
185.803 186.438 186.907
185.831 186.808 187.312
186.280 186.543 186.835
185.596 186.730 189.483
185.833 186.194 186.567
185.946 186.938 187.743
185.698 186.311 186.686
185.780 186.137 186.755
188.092 188.681 189.301
187.535 188.309 189.191
187.645 188.206 189.078
187.777 187.976 188.154
187.925 188.196 188.671
187.720 188.265 188.899
187.881 188.441 189.319
187.779 188.202 188.901
187.979 188.251 188.412
188.081 189.019 190.834
188.183 188.784 189.421
188.304 188.686 189.166
187.999 188.239 188.589
187.917 188.184 188.494
187.589 188.253 188.788
187.995 188.261 188.555
187.827 188.597 189.564
187.757 188.684 189.973
187.914 188.114 188.247
187.742 188.180 188.472
187.838 188.789 190.107
187.537 187.799 187.985
187.687 188.004 188.581
188.066 188.721 190.391
187.798 188.094 188.375
187.673 188.669 191.241
187.543 188.462 190.152
187.745 188.380 189.673
187.661 188.057 189.125
188.080 188.618 189.082
188.167 188.445 188.925
187.786 188.093 188.311
187.746 187.976 188.520
187.720 188.218 189.584
187.895 188.350 188.764
186.820 187.188 187.462
186.724 187.371 187.985
187.321 188.381 189.988
186.868 187.082 187.435
186.952 187.412 188.130
187.465 188.239 189.242
187.513 187.751 188.001
187.518 188.085 188.563
188.005 188.820 189.464
187.794 188.131 188.368
187.592 187.868 188.278
187.689 188.104 188.895
187.476 188.024 188.497
187.729 188.045 188.539
187.588 188.343 188.925
187.736 187.872 187.970
187.775 188.123 188.418
187.557 187.881 188.488
187.365 187.656 188.019
187.782 188.887 192.080
187.665 188.191 189.608
187.893 188.106 188.679
187.852 188.427 189.838
187.872 188.843 189.335
187.528 188.651 190.776
187.463 189.471 196.112
187.630 188.028 188.469
187.249 187.422 187.645
187.022 187.649 188.348
187.062 187.367 187.819
187.125 187.598 188.130
187.428 188.025 188.997
187.645 187.869 188.094
187.394 187.645 188.116
187.303 187.698 188.075
187.909 188.487 190.070
187.162 187.497 187.865
187.277 188.293 190.072
187.310 187.626 187.803
186.278 186.702 187.598
185.856 186.193 186.554
186.125 186.824 188.613
185.898 186.286 186.677
185.827 186.213 186.847
186.040 186.544 186.953
185.900 186.233 186.418
185.998 186.256 186.433
186.073 186.594 187.363
186.103 186.401 186.747
186.097 186.366 186.883
185.873 186.038 186.180
185.947 186.087 186.530
185.961 186.107 186.344
185.948 186.448 187.799
186.117 186.389 186.635
186.239 186.557 187.359
185.982 186.398 186.945
185.891 186.324 186.893
186.060 186.344 186.719
186.268 186.650 187.433
186.039 186.531 187.036
186.574 187.324 189.017
186.651 187.103 187.480
186.663 187.123 187.798
186.717 187.052 187.346
186.668 186.933 187.225
186.812 187.167 187.869
186.807 187.186 187.733
186.750 187.339 187.925
186.875 187.252 187.670
186.920 187.256 187.926
186.912 187.223 187.777
187.175 187.336 187.486
186.904 187.213 187.529
186.809 187.532 189.249
187.097 187.333 187.575
186.857 187.556 187.810
187.309 187.545 187.844
187.120 187.551 188.281
187.198 189.152 192.856
187.064 187.303 187.685
187.051 188.157 191.379
186.920 187.400 187.979
187.026 187.504 188.018
187.166 187.519 187.782
187.333 187.529 187.827
187.079 188.761 190.365
187.069 187.743 188.857
186.971 187.359 187.887
186.865 187.305 187.919
186.987 187.151 187.378
187.489 187.728 188.006
186.958 187.241 187.441
187.405 187.522 187.637
186.903 187.195 187.662
187.153 187.253 187.436
186.962 187.174 187.661
187.066 187.262 187.826
187.283 187.453 187.952
187.019 187.734 188.790
187.045 187.288 187.524
187.205 187.453 188.086
186.799 187.203 187.357
187.024 187.081 187.241
186.868 187.169 187.591
187.042 187.990 190.623
186.952 187.581 189.316
186.870 187.074 187.189
186.851 187.138 187.553
186.954 187.136 187.265
187.063 187.342 187.657
187.069 187.309 187.546
187.278 189.169 191.339
186.939 187.392 187.864
186.883 187.147 187.375
186.899 187.186 187.430
186.928 187.071 187.280
187.266 187.782 188.600
186.954 187.544 188.582
186.557 186.895 187.297
186.500 187.256 188.277
186.547 186.915 187.267
186.437 187.397 188.813
186.484 186.847 187.433
186.600 186.929 187.886
186.446 186.698 186.972
186.432 187.469 189.092
186.594 186.903 187.360
186.442 186.864 187.239
186.541 186.796 186.951
186.621 187.183 187.683
186.629 186.807 186.936
186.616 187.189 187.556
186.487 186.846 187.228
186.438 186.782 187.095
186.600 186.862 187.158
186.519 186.694 187.146
186.442 186.660 186.996
186.510 187.137 189.039
186.431 186.651 187.231
186.245 186.369 186.461
186.213 186.576 186.856
186.457 186.832 187.557
186.187 186.731 186.941
186.516 186.628 186.703
186.333 186.856 187.220
186.165 186.562 186.786
186.279 186.628 187.048
186.741 187.145 187.742
186.619 186.933 187.248
186.457 186.751 187.003
186.540 186.994 187.623
186.213 186.681 186.974
186.189 186.730 187.330
186.494 187.051 187.499
186.416 187.891 192.511
186.657 186.973 187.343
186.335 186.715 186.959
186.262 186.570 187.019
186.360 186.823 187.600
186.355 186.795 187.196
186.430 186.535 186.607
186.728 187.101 187.333
186.286 186.604 187.164
186.295 186.529 186.842
186.405 186.696 187.093
186.479 186.943 187.443
186.689 187.627 189.906
186.188 186.724 188.117
187.517 188.512 189.609
186.889 187.211 187.452
186.426 187.201 188.321
186.256 186.726 186.987
186.369 187.345 189.241
186.558 187.259 188.972
186.592 186.910 187.103
186.685 187.219 187.943
186.391 187.020 188.023
186.390 187.180 187.829
187.045 187.350 187.904
186.286 186.800 187.005
186.599 186.983 187.257
186.565 187.131 187.960
186.510 186.794 187.202
186.399 186.853 187.792
186.858 188.208 189.811
186.561 186.931 187.213
186.496 186.851 187.151
186.139 186.973 187.551
186.315 186.803 187.685
186.609 186.956 187.351
186.127 186.775 187.919
186.514 186.992 187.602
186.651 187.112 187.472
186.804 187.054 187.377
186.696 187.126 187.634
186.755 187.351 189.056
186.618 186.777 187.092
186.370 186.683 186.894
186.686 187.128 187.441
186.910 187.248 187.671
187.070 187.491 188.302
186.602 186.962 187.426
186.556 187.107 187.369
186.499 186.787 187.394
186.693 186.948 187.408
186.721 187.088 187.234
186.831 187.168 187.463
186.610 187.225 188.671
186.437 186.895 187.244
186.663 187.176 187.693
186.734 187.237 188.173
186.548 187.002 187.605
186.724 187.089 187.997
187.180 187.990 189.186
186.496 187.563 190.104
186.770 187.163 187.790
186.696 187.600 188.840
186.765 187.353 188.490
187.321 190.249 198.109
186.810 187.441 188.324
186.762 187.355 187.727
186.550 187.232 188.185
186.581 187.003 187.603
186.391 186.871 187.306
186.638 187.387 188.403
186.667 187.096 187.696
187.018 187.279 187.490
186.546 187.775 190.535
186.705 186.962 187.146
186.503 187.222 188.396
186.646 186.963 187.372
186.622 187.373 188.363
186.476 187.068 187.908
186.293 186.875 187.838
186.846 186.956 187.116
186.731 187.345 188.161
186.350 187.038 187.827
186.894 187.681 188.791
186.375 187.090 187.644
187.025 187.338 187.867
186.611 186.985 187.336
186.764 187.698 189.059
186.756 187.192 188.403
186.803 187.098 187.562
186.415 187.189 187.893
186.631 187.372 187.935
186.535 187.113 187.792
186.775 187.309 187.584
186.296 187.285 188.738
186.779 187.146 187.712
186.717 187.041 187.487
186.859 187.217 188.000
186.838 187.425 187.664
186.218 186.320 186.444
185.590 186.130 186.416
185.670 186.207 186.932
185.277 185.786 186.279
186.131 186.247 186.441
185.702 186.466 187.547
185.974 186.542 186.923
185.528 186.293 188.041
185.374 185.987 186.830
185.731 186.123 186.653
185.710 186.744 187.368
185.675 186.317 186.937
185.786 186.039 186.392
185.548 186.248 186.754
185.720 186.625 187.729
186.048 188.102 189.739
185.653 186.035 186.467
185.911 186.375 187.282
185.563 185.985 186.490
185.619 186.051 186.271
185.477 186.192 186.998
185.405 186.343 187.320
185.273 186.036 186.531
185.917 186.114 186.331
185.451 185.769 186.145
185.720 186.424 188.125
185.448 185.874 186.586
185.386 185.901 186.280
185.377 186.357 187.377
185.933 187.316 188.963
186.053 187.302 189.080
186.178 188.321 190.248
185.583 185.929 186.394
185.692 185.906 186.259
185.177 185.905 186.468
185.662 186.912 190.109
185.712 186.211 187.152
185.346 186.632 189.078
185.563 186.053 186.784
185.718 186.272 186.752
185.832 186.440 187.189
185.893 186.267 187.092
185.412 186.302 186.917
185.657 186.104 186.447
186.068 186.297 186.389
185.277 185.814 186.881
186.260 187.089 187.549
185.196 185.841 186.737
185.401 185.956 186.432
185.561 186.353 186.988
185.496 185.765 185.992
185.215 185.563 186.019
185.553 187.467 191.909
185.593 186.426 186.968
185.433 186.603 187.725
185.367 186.042 187.407
185.612 186.184 186.510
186.935 187.915 188.868
187.408 187.666 187.975
187.267 187.691 188.226
187.502 188.139 188.898
187.243 188.216 189.084
187.251 187.468 187.602
187.583 187.726 188.016
188.051 188.998 190.233
187.015 187.778 188.420
187.322 188.098 188.450
187.028 187.632 188.345
187.564 188.043 188.676
187.278 187.637 188.109
187.387 187.819 188.412
187.477 187.957 189.101
187.945 190.152 193.674
187.056 187.630 188.433
187.279 188.074 188.780
186.795 187.222 187.830
187.162 187.585 187.930
187.145 187.692 188.060
186.904 187.943 188.822
187.123 187.652 188.257
186.997 187.348 187.799
186.430 187.176 188.066
186.152 187.446 190.002
186.741 186.962 187.610
186.392 186.916 187.327
186.646 187.588 188.120
186.316 186.830 187.321
186.612 187.283 188.047
186.400 186.869 187.719
186.571 187.105 187.735
187.702 188.899 191.733
187.704 188.355 189.049
187.738 188.441 189.830
187.929 188.135 188.281
187.643 188.269 188.788
188.318 189.710 191.550
188.115 188.768 189.385
187.785 188.920 191.393
187.452 187.895 188.653
186.871 187.511 188.270
187.245 187.476 187.714
187.323 188.023 190.040
187.221 187.462 187.768
187.256 187.650 188.241
187.448 188.424 189.220
186.861 187.551 188.170
187.405 188.385 189.713
187.347 187.965 188.533
187.448 188.451 189.303
187.342 187.600 188.186
187.522 187.781 187.957
187.196 187.884 188.290
187.475 187.813 188.162
187.177 188.028 189.151
187.599 188.146 189.121
187.273 187.787 188.792
187.290 187.970 188.723
187.392 187.996 189.024
187.394 188.287 189.944
187.949 190.022 194.221
187.043 187.814 188.651
186.978 187.370 187.980
187.302 188.359 189.581
187.580 188.015 188.310
187.276 187.765 188.204
187.666 188.218 189.011
187.383 187.736 188.203
187.472 188.099 189.142
187.213 188.077 188.730
187.333 187.846 188.216
187.884 190.001 193.773
187.395 187.945 188.522
187.368 188.230 188.951
187.878 189.131 191.919
187.096 187.997 188.560
187.497 188.098 188.739
187.644 188.143 188.748
187.724 188.011 188.306
187.091 187.803 188.837
187.026 187.707 188.708
187.266 187.687 187.963
187.367 187.718 188.042
187.172 188.026 189.158
187.167 187.678 188.186
187.217 188.146 188.535
187.734 187.971 188.294
187.436 189.716 196.641
187.536 187.784 188.035
187.425 188.777 192.095
187.226 187.724 188.622
187.165 187.839 188.404
187.016 187.947 190.128
187.175 187.592 188.127
187.511 187.882 188.466
187.382 187.925 188.763
187.265 188.309 189.441
187.142 187.613 188.351
187.092 187.574 188.050
187.275 187.870 188.320
187.426 188.302 189.748
187.029 188.114 190.859
187.491 187.775 188.195
187.024 187.653 188.983
187.207 188.029 188.780
187.563 187.778 187.949
187.205 188.097 189.344
187.052 187.831 188.818
187.525 188.389 190.044
187.594 188.235 189.169
187.515 187.854 188.285
187.653 188.365 189.827
187.262 187.996 188.764
187.442 187.755 188.242
187.765 188.203 188.953
187.578 187.766 188.167
187.187 187.696 188.600
187.286 187.695 188.022
187.804 187.998 188.151
187.318 187.921 188.666
187.085 187.602 188.975
186.965 187.514 188.650
187.195 187.672 188.393
187.187 187.970 188.846
187.475 188.392 190.002
187.709 188.230 188.637
187.963 188.413 189.195
187.393 187.968 188.952
187.329 187.758 188.773
187.982 188.068 188.161
187.949 188.478 188.908
187.622 188.295 189.598
188.295 188.705 189.878
187.267 187.803 188.256
187.513 187.792 187.989
187.499 187.849 188.555
187.162 187.712 188.157
187.647 188.661 189.412
187.704 188.530 189.956
187.420 187.896 188.469
187.750 188.592 189.664
187.804 188.056 188.443
187.580 188.690 190.371
187.675 188.222 189.401
187.733 187.941 188.051
187.851 188.178 188.444
187.949 188.458 188.978
187.988 188.712 190.167
187.595 188.018 188.603
187.345 188.086 188.528
187.727 188.059 188.409
187.863 188.048 188.294
187.875 188.250 189.156
187.494 188.808 192.377
187.690 188.098 188.410
187.729 188.716 191.329
187.692 188.748 190.013
187.785 187.991 188.324
187.491 188.522 190.669
187.467 188.587 192.170
187.971 188.271 188.871
187.946 188.094 188.176
187.653 187.894 188.386
187.683 188.664 190.141
187.750 188.709 190.494
187.332 188.235 188.998
188.031 188.295 188.781
187.508 188.206 189.400
187.927 188.354 188.662
188.609 189.192 190.053
187.412 187.641 187.942
187.228 188.118 188.657
187.676 188.438 188.916
186.957 187.352 187.668
187.020 187.392 188.209
186.829 187.171 188.112
186.429 187.291 187.898
186.663 187.226 188.575
186.804 187.505 188.576
186.960 187.349 187.866
187.198 187.894 189.050
186.317 187.582 188.220
187.064 187.425 187.980
186.473 187.248 187.727
186.651 187.511 187.928
186.646 187.337 187.820
187.016 187.444 188.356
187.013 187.416 187.886
186.790 187.128 187.489
186.837 187.783 189.240
186.435 187.286 187.988
186.617 187.073 187.797
186.667 187.474 187.995
186.761 187.143 187.649
187.138 187.503 187.819
186.776 187.245 187.613
186.872 187.654 188.929
186.857 187.701 188.358
186.842 187.534 187.999
187.099 187.477 188.250
186.642 187.373 187.994
186.680 187.312 187.958
187.131 187.459 188.385
186.927 187.568 188.033
187.063 187.799 188.927
186.709 187.137 187.397
186.758 187.488 188.840
186.659 187.238 187.979
187.089 187.818 188.696
186.775 187.100 187.408
186.371 187.008 187.590
187.336 187.908 188.643
186.838 187.451 188.625
186.850 187.632 188.846
186.446 186.889 187.856
187.087 187.575 188.129
186.839 187.008 187.168
187.184 187.912 188.959
186.823 187.119 187.691
187.252 188.258 189.541
186.879 187.526 188.032
186.891 187.388 188.331
186.689 187.380 187.727
186.745 187.246 188.082
187.122 188.368 190.004
186.832 187.341 187.900
187.351 188.009 189.856
186.583 187.291 188.339
187.417 187.708 188.233
186.899 187.875 188.610
187.092 187.418 187.664
186.940 187.771 188.250
187.222 187.779 188.600
186.770 187.406 187.767
186.876 187.090 187.502
186.767 187.371 187.775
187.100 187.676 188.354
187.304 187.846 188.446
187.307 187.599 187.980
187.326 188.142 189.188
187.053 187.856 188.545
187.181 187.529 188.396
187.075 187.932 188.630
187.251 187.695 188.065
187.457 188.616 190.326
187.214 188.113 189.267
186.939 188.061 189.554
187.219 188.171 188.900
187.113 188.550 190.051
187.233 187.940 188.348
187.536 188.582 189.589
187.510 188.448 189.012
187.575 187.989 188.503
187.159 188.051 189.350
187.298 187.627 188.074
187.703 188.131 188.878
187.143 188.095 189.522
187.486 188.099 188.405
187.523 188.306 189.030
187.035 187.663 188.160
187.500 187.905 188.594
187.265 187.528 187.921
187.251 188.404 189.695
187.363 188.329 190.278
187.444 187.817 188.176
187.877 188.590 189.836
187.570 188.377 189.098
187.552 188.540 190.217
188.144 188.728 189.663
187.653 188.308 188.698
187.747 188.283 188.789
187.734 189.520 191.238
187.410 188.218 189.308
187.777 188.847 191.059
187.298 187.884 188.613
187.875 188.410 188.877
186.883 187.614 187.869
187.459 188.365 189.649
188.098 188.371 188.742
187.319 188.022 188.701
187.262 187.548 187.940
187.365 188.126 189.270
187.479 188.425 188.865
187.786 187.911 188.203
186.707 187.361 188.083
186.482 187.503 188.576
186.678 186.988 187.318
186.616 187.010 187.510
186.692 187.336 187.812
186.456 187.056 187.534
186.866 187.408 188.281
186.602 187.153 187.600
187.467 188.229 188.586
187.765 188.168 188.998
187.773 188.246 188.748
186.608 187.251 187.916
186.906 187.217 187.809
186.366 186.862 187.386
186.608 187.061 187.816
187.043 187.433 188.207
186.622 187.146 187.793
186.890 187.493 187.968
187.343 188.797 190.614
187.098 187.244 187.499
186.762 187.432 188.046
186.729 187.067 187.408
186.884 187.444 188.638
186.742 187.078 187.626
186.697 187.290 187.795
186.794 187.187 187.859
186.662 187.418 188.600
186.693 187.518 188.419
186.649 187.274 187.687
186.904 187.408 187.917
186.351 187.806 189.953
187.115 187.489 188.296
186.963 188.108 190.521
188.340 189.601 190.806
187.818 188.643 189.574
187.985 189.094 190.873
188.856 189.198 189.625
188.091 188.475 189.164
188.042 188.652 189.141
188.051 188.893 190.051
187.829 188.378 189.020
188.855 189.110 189.906
188.014 188.681 189.102
188.866 189.169 189.529
188.683 189.060 189.537
188.111 188.425 188.842
188.416 188.806 189.351
188.226 190.145 191.582
188.553 188.936 189.522
188.490 190.212 192.073
187.884 188.699 189.724
189.424 190.409 191.604
188.377 188.881 189.758
187.998 188.995 190.757
188.223 188.947 189.702
187.839 188.685 189.591
188.461 189.297 190.488
188.117 188.903 190.976
188.210 188.839 189.808
188.053 189.367 190.691
188.366 188.918 189.283
188.088 188.386 188.643
188.159 189.046 189.789
188.149 188.499 188.735
188.709 188.972 189.738
188.868 189.320 190.150
188.449 189.358 190.161
188.126 188.990 189.961
188.610 189.369 190.673
188.536 188.954 189.476
188.167 188.926 189.734
188.946 189.746 191.573
187.569 188.411 189.048
188.354 188.876 190.221
188.371 188.833 189.291
188.390 189.111 190.136
188.437 189.674 190.438
188.191 189.168 190.040
188.325 188.995 190.150
188.347 188.779 189.368
188.157 188.722 188.973
188.737 189.098 189.342
188.172 188.875 189.486
188.014 190.114 193.629
187.953 188.583 189.093
187.955 188.624 189.669
187.969 188.217 188.575
188.795 189.199 189.677
188.545 189.010 189.419
187.932 188.960 190.121
188.284 188.741 189.421
188.464 189.138 189.891
188.870 189.702 190.332
188.152 188.652 189.144
188.359 189.153 189.876
187.948 188.601 189.379
188.480 189.934 191.364
188.316 189.078 189.629
188.393 189.251 189.854
189.082 190.401 192.515
188.759 189.373 189.847
187.796 188.668 189.455
188.134 188.923 190.047
188.769 189.216 189.630
188.032 188.812 189.568
187.926 189.093 192.198
188.473 189.114 189.868
187.682 188.518 188.983
188.079 188.642 189.456
188.398 189.111 189.752
188.238 189.130 190.812
187.814 188.778 189.732
188.421 189.102 190.348
188.474 191.047 192.621
188.460 189.517 192.543
188.237 189.166 189.884
187.780 188.521 189.562
188.046 188.831 189.422
188.218 190.083 193.489
187.766 188.298 188.553
188.276 189.214 189.990
188.314 189.069 190.086
187.850 188.209 188.583
187.929 188.323 188.630
188.065 188.779 190.685
