53.519 57.431 61.805
52.492 55.617 61.827
52.773 59.489 62.736
53.054 59.434 62.343
52.467 56.485 62.011
52.217 55.344 62.180
52.983 60.420 62.629
52.577 57.673 62.565
52.767 56.789 62.272
52.758 59.358 62.466
52.721 57.685 62.326
52.599 54.007 57.789
52.955 58.412 62.230
57.121 59.283 62.190
52.535 57.581 62.437
53.188 56.560 57.787
52.210 57.250 61.995
57.455 58.452 62.038
52.708 59.347 62.198
52.228 56.419 62.197
52.441 59.215 62.473
52.522 54.756 62.038
52.454 55.630 61.720
53.076 57.719 62.485
52.508 59.377 62.361
52.514 59.224 62.386
53.473 57.669 62.335
52.466 57.260 61.878
52.334 56.514 62.545
52.912 56.558 62.093
52.142 56.370 57.830
57.208 60.194 62.177
52.463 59.185 62.193
52.692 55.544 61.837
52.632 57.412 62.376
52.499 56.316 62.050
52.519 56.536 62.215
52.374 55.650 62.184
52.583 58.415 62.159
53.320 55.791 57.694
52.833 57.495 62.087
52.491 56.514 61.994
52.727 55.764 61.938
52.218 56.238 61.723
52.535 56.331 61.958
52.615 57.703 62.359
52.774 56.781 62.586
53.142 55.833 57.771
52.988 55.880 57.811
52.545 57.282 62.029
52.594 54.738 61.884
53.128 58.663 62.409
52.857 57.504 62.234
52.380 57.284 62.032
52.618 56.503 61.903
52.446 56.589 62.231
52.825 58.344 62.330
53.236 56.073 59.072
57.593 60.253 62.586
52.591 56.662 62.282
52.758 55.999 61.771
52.585 54.057 57.464
53.323 59.420 62.312
52.524 56.541 62.040
53.039 55.743 57.540
53.154 57.363 62.126
52.914 55.694 57.718
53.012 57.395 62.030
52.548 59.361 62.491
53.213 59.619 62.497
52.301 55.624 61.953
52.793 55.679 61.853
53.310 59.845 63.497
52.765 59.394 62.217
53.570 56.685 57.640
52.585 56.731 62.483
57.295 58.329 61.667
52.460 55.564 62.267
52.678 57.396 61.958
52.417 57.233 61.917
52.760 56.408 61.625
52.404 56.402 61.953
52.582 53.892 57.511
57.397 60.298 62.449
52.755 55.659 61.822
57.146 59.320 62.461
52.351 55.775 62.365
52.679 58.325 62.221
52.345 57.381 62.249
57.710 60.471 62.337
52.785 59.456 62.576
52.870 57.583 62.181
53.066 57.553 62.097
52.375 55.343 57.293
52.585 56.497 62.128
52.511 56.713 62.364
52.709 55.798 62.094
53.118 57.529 62.487
52.901 56.588 61.999
52.366 57.385 62.390
53.939 59.729 62.886
52.938 58.592 62.488
57.122 59.457 63.079
52.468 56.562 62.396
53.348 60.374 62.257
52.934 57.430 62.050
57.395 61.100 62.333
52.311 57.267 61.980
52.279 57.377 62.264
53.246 59.488 62.221
52.299 56.502 61.680
53.022 55.641 57.376
57.394 59.310 62.180
53.475 56.994 62.208
52.281 58.187 62.369
52.557 56.502 62.198
52.664 57.357 62.105
53.358 57.819 62.173
52.644 58.477 62.564
52.401 58.303 62.365
53.024 59.422 62.460
52.630 54.700 57.706
57.306 59.347 62.267
52.565 55.755 62.440
52.863 57.601 62.300
52.531 57.617 62.340
52.800 59.433 62.414
52.749 55.748 62.355
52.675 56.623 62.310
57.265 59.391 62.489
52.609 55.563 57.489
52.975 57.672 62.540
52.365 57.861 63.068
52.680 57.527 62.235
53.191 58.727 62.357
53.009 60.391 62.400
52.577 55.873 62.267
53.226 58.437 62.167
52.727 60.717 63.482
52.609 57.493 61.999
53.193 57.408 61.697
53.625 59.470 62.225
52.615 57.267 61.970
45.977 49.980 55.884
47.296 52.310 56.424
46.349 51.240 55.796
51.198 54.716 56.026
46.313 50.456 56.173
46.211 50.196 56.053
46.651 50.285 55.935
46.264 50.328 56.331
46.351 51.277 55.714
46.401 54.260 56.554
45.777 50.105 52.357
45.836 49.518 56.236
46.509 51.268 56.631
45.937 49.153 55.730
45.959 51.671 55.594
46.553 51.424 56.064
45.870 49.869 55.439
46.354 52.004 55.635
46.784 49.698 56.584
52.804 56.791 62.726
52.628 59.197 62.003
52.790 58.451 62.601
53.231 58.767 62.352
52.897 57.497 62.179
52.355 55.573 61.894
52.287 54.384 57.587
52.550 56.422 62.184
57.402 60.295 62.247
52.274 59.287 62.365
52.435 59.360 62.526
52.576 56.294 62.006
52.456 58.355 62.097
52.901 56.521 61.667
57.142 59.354 62.370
52.842 55.811 62.134
52.718 59.365 62.476
52.233 55.389 61.740
52.609 58.364 62.099
52.540 56.486 62.201
52.417 54.578 57.414
52.719 56.548 62.327
53.107 56.679 62.243
53.175 57.482 61.833
52.624 56.533 62.209
57.243 60.151 62.241
52.711 54.645 57.660
53.208 60.376 62.625
52.761 58.432 62.180
53.690 59.462 62.238
52.178 55.552 62.329
52.368 56.443 62.238
52.533 56.905 60.039
57.119 58.465 62.562
52.506 57.350 61.922
52.682 57.248 61.959
53.511 58.459 61.976
52.334 56.609 62.096
52.455 55.422 61.901
52.308 57.346 62.121
52.645 56.524 61.887
57.387 59.332 62.303
52.261 53.699 57.136
52.621 54.686 61.948
52.596 57.407 61.778
52.344 59.253 62.217
52.687 57.263 62.069
57.270 59.272 61.932
57.263 60.897 62.017
57.235 59.199 62.267
52.741 56.505 61.912
52.530 55.630 61.711
52.534 59.138 62.133
52.572 59.385 62.543
52.269 56.414 62.139
52.305 53.758 57.030
52.525 60.161 62.459
53.789 59.495 62.330
52.299 56.402 62.184
57.175 61.159 62.576
52.481 59.364 62.618
53.138 56.453 57.521
52.626 59.222 62.290
52.359 57.350 62.096
52.730 54.000 57.976
57.197 58.431 62.086
52.700 57.504 62.109
53.270 55.843 62.087
52.951 54.862 62.019
52.491 55.500 57.479
57.717 60.306 62.459
53.432 59.412 62.296
53.146 57.406 61.928
52.757 59.205 62.039
52.250 56.521 62.378
52.601 57.437 62.471
57.221 59.457 62.537
52.566 56.349 61.836
52.661 57.473 62.386
53.540 56.732 61.844
52.647 57.846 63.522
52.280 57.303 62.056
52.762 57.432 62.196
52.417 59.046 62.376
57.526 59.399 62.429
52.398 58.504 62.446
57.321 60.393 62.532
52.473 54.650 57.346
52.601 58.541 62.363
52.653 56.773 63.203
52.468 56.459 62.077
52.660 57.467 62.284
52.609 56.783 61.947
52.631 55.638 57.872
61.676 61.894 62.023
52.363 57.394 62.305
52.355 55.695 62.021
52.617 56.422 62.280
52.635 58.499 62.487
53.281 56.746 62.076
57.234 59.443 62.348
52.244 57.144 61.819
52.631 55.652 62.225
52.667 56.691 62.226
52.313 58.876 64.070
52.702 55.536 61.817
53.298 58.357 61.948
52.771 56.614 62.213
52.788 58.538 62.507
52.694 56.762 62.571
52.639 56.463 62.393
52.754 57.522 62.291
52.853 58.428 62.505
52.782 56.538 61.795
57.379 60.265 62.304
52.427 58.454 62.390
52.962 58.407 62.170
52.515 55.578 61.801
57.372 60.273 62.460
52.664 58.341 62.468
52.741 56.623 62.475
52.946 53.844 57.060
52.698 57.312 62.040
52.695 60.303 62.454
52.421 55.606 62.082
53.234 57.593 62.369
53.089 54.921 57.326
52.258 57.660 62.579
52.155 56.412 62.318
53.185 58.619 62.301
57.242 60.207 62.258
53.031 58.443 62.067
52.767 58.380 62.250
52.759 57.456 62.267
52.264 56.549 62.231
52.369 55.593 61.916
57.214 59.475 62.435
57.118 60.292 62.352
53.207 57.592 62.257
53.203 59.770 62.481
52.292 55.709 62.414
52.820 58.468 62.386
57.428 61.298 62.733
52.316 53.620 57.467
52.332 57.488 62.463
53.307 59.340 62.145
52.780 55.705 62.170
52.392 56.272 57.604
52.956 53.944 57.160
57.224 59.332 62.888
52.236 59.296 62.858
52.689 59.239 62.320
52.431 55.653 61.736
52.650 55.677 62.304
52.746 55.624 61.712
53.199 58.602 62.685
53.449 58.693 62.223
52.584 58.395 62.623
53.183 59.465 62.385
52.520 56.574 62.684
52.174 55.702 61.984
52.791 56.722 62.222
57.959 60.434 62.401
52.442 52.905 53.666
52.715 58.528 62.271
52.780 59.207 62.056
52.637 58.312 61.914
57.095 60.107 62.256
52.814 55.926 62.268
57.433 59.277 61.998
52.534 57.523 62.485
57.336 59.279 62.127
52.986 56.477 57.441
57.101 57.505 57.996
52.354 57.203 62.078
57.065 59.421 62.302
52.900 59.382 62.427
52.861 57.592 62.379
52.359 58.453 62.735
53.023 58.534 62.324
52.299 55.655 57.908
52.485 57.386 62.126
52.201 54.714 62.149
52.961 58.620 62.573
52.879 58.432 62.294
53.202 57.550 62.004
52.676 58.192 62.128
52.399 58.352 62.127
52.439 56.385 62.146
52.739 56.594 62.320
52.697 57.572 62.703
57.319 59.306 62.310
52.372 57.587 62.634
52.577 55.508 62.064
52.447 57.361 62.488
52.885 58.669 62.683
52.630 59.462 62.426
52.281 57.194 61.898
57.526 60.401 62.295
52.387 57.496 62.371
57.136 59.343 62.406
52.382 56.457 62.176
52.523 57.540 62.251
52.348 57.482 62.168
52.553 54.676 58.063
52.664 54.791 62.655
52.557 58.385 62.468
52.811 55.657 57.686
52.990 60.444 62.661
57.945 61.201 62.241
53.489 57.673 62.224
52.640 55.830 62.209
52.857 59.199 62.438
52.344 56.307 62.217
52.440 57.512 61.718
52.883 56.436 62.077
52.767 56.677 62.358
52.387 58.243 62.321
52.720 57.344 62.216
53.034 57.408 62.012
52.821 57.336 61.845
53.107 56.861 62.655
52.897 57.661 62.142
52.383 54.401 57.322
52.172 57.317 62.160
52.220 54.682 57.981
52.243 52.685 53.157
57.529 61.187 62.310
52.600 57.484 62.101
52.216 60.109 62.369
52.401 59.284 62.654
52.830 59.352 62.252
53.128 58.283 62.577
52.597 54.928 62.142
52.977 55.744 62.143
52.763 57.565 62.535
52.656 56.422 62.136
53.060 57.481 61.776
53.359 57.734 62.213
52.949 58.694 62.759
52.357 56.465 62.127
52.290 57.469 62.589
52.502 57.400 62.104
52.666 55.677 62.216
52.483 58.344 62.191
53.145 57.438 61.890
53.230 57.683 62.489
52.910 57.391 61.961
53.400 57.707 62.327
52.624 54.598 57.372
52.588 55.763 61.796
52.520 59.313 62.476
57.225 60.247 62.222
52.814 56.433 62.223
53.198 58.340 61.889
52.445 54.496 62.341
52.633 54.718 57.225
52.845 59.172 62.130
52.234 56.548 62.222
52.654 56.478 62.048
52.655 57.572 62.514
52.950 57.612 62.246
52.301 54.561 62.673
53.004 58.393 62.383
52.430 53.677 57.366
57.314 59.304 62.221
52.395 56.515 62.057
57.015 60.066 62.469
52.867 56.457 62.015
57.242 60.197 62.145
52.792 56.766 62.598
52.595 56.664 62.347
52.682 55.464 61.809
52.789 54.902 62.080
52.980 59.467 62.336
52.581 58.429 62.057
52.699 58.324 62.120
52.330 56.469 62.080
52.678 57.519 62.324
53.011 59.341 62.281
53.094 57.385 61.689
52.209 57.567 62.543
53.910 58.570 62.150
52.640 60.030 62.234
52.436 56.577 62.317
52.594 55.714 61.910
52.276 55.512 62.528
52.403 57.244 62.013
52.753 56.443 61.939
52.256 59.116 62.453
53.221 60.334 62.291
53.240 58.395 62.061
52.406 55.602 62.139
52.523 55.051 57.983
57.160 60.986 62.242
52.675 55.567 61.821
52.691 58.409 62.185
52.934 58.416 62.099
52.536 56.618 62.242
52.478 56.577 62.164
52.676 57.564 62.361
52.847 57.354 61.765
52.173 56.451 61.698
57.246 60.146 62.123
52.557 56.543 62.376
52.482 59.378 62.538
53.296 58.572 62.273
52.896 56.982 62.745
52.475 57.573 62.345
52.579 59.327 62.429
52.726 56.604 62.081
57.252 59.336 62.344
52.411 55.737 62.159
52.573 57.503 62.186
52.327 54.430 61.651
52.893 54.776 57.480
52.912 58.373 62.221
52.677 56.436 61.941
53.027 59.548 63.004
52.698 57.505 62.082
57.070 60.184 62.078
52.833 53.999 57.108
52.370 57.505 62.362
53.183 58.533 62.350
52.523 56.604 62.437
52.131 55.442 61.777
52.303 56.414 62.028
53.175 58.458 62.298
53.344 57.698 62.201
52.358 59.175 62.225
53.054 58.416 62.116
52.861 57.650 62.285
52.594 57.497 62.591
57.106 60.185 62.304
52.595 60.162 62.264
52.131 57.392 61.867
57.385 59.390 62.144
52.623 54.030 57.641
52.978 57.575 62.078
53.267 58.426 62.500
52.673 58.209 62.343
52.761 57.530 62.356
52.353 58.322 62.226
52.786 56.508 62.442
52.619 58.361 62.381
52.473 57.451 62.276
52.707 57.453 62.018
52.462 57.542 62.310
52.588 55.521 61.620
52.685 57.558 62.268
57.537 61.179 62.584
53.064 56.711 62.137
52.580 59.380 62.479
52.832 58.669 62.489
52.684 57.415 62.230
52.653 56.704 62.469
53.235 58.361 62.054
52.469 56.519 62.171
52.653 56.610 62.048
52.277 58.262 62.333
61.767 62.226 62.727
52.445 56.699 62.324
57.492 59.537 62.426
52.709 58.514 62.781
52.963 58.524 62.402
52.541 56.506 61.706
52.556 57.412 62.433
52.342 57.621 62.715
52.310 52.718 53.262
52.675 57.510 62.156
52.353 59.262 62.452
53.714 58.619 62.382
52.422 59.266 62.230
52.397 57.267 61.911
52.451 55.416 61.765
57.561 60.450 62.599
61.821 62.021 62.409
52.456 55.529 57.520
57.462 61.278 62.372
52.297 54.654 62.403
53.260 56.799 62.369
52.539 54.078 57.301
52.825 58.417 62.466
56.949 59.184 62.056
57.487 59.437 62.440
52.346 56.534 62.295
52.728 58.278 61.970
52.783 57.486 62.301
53.091 56.633 57.970
57.300 60.149 61.997
57.365 59.692 62.396
52.818 59.298 62.089
52.210 53.736 57.420
52.557 56.402 62.240
52.754 59.308 62.432
52.431 56.574 62.035
52.733 58.425 62.420
52.426 59.175 62.298
52.401 58.385 62.233
52.598 56.730 62.668
53.015 56.597 62.369
52.570 55.532 57.697
52.554 54.787 62.495
52.934 55.880 62.452
52.422 57.464 62.492
52.571 57.663 62.764
52.981 58.723 63.320
52.627 57.385 62.393
52.773 56.492 62.179
53.056 55.670 57.637
52.446 58.255 62.041
57.451 59.414 62.100
52.880 58.468 62.225
52.720 54.931 57.663
52.706 58.185 61.902
52.448 57.325 61.897
52.883 57.320 62.244
52.839 59.274 62.206
52.764 56.615 62.316
52.988 56.713 62.167
52.440 57.394 62.099
53.238 59.469 62.413
53.026 58.659 62.657
52.522 57.403 62.057
52.330 59.471 62.633
52.413 57.310 61.959
52.704 55.597 62.054
52.432 57.179 61.866
52.748 58.419 62.046
52.330 57.357 62.396
52.535 58.335 62.347
52.903 54.806 57.737
52.859 58.003 62.162
52.758 58.433 62.369
53.294 57.684 61.953
57.375 60.047 62.365
53.146 56.701 62.446
52.780 57.504 62.109
52.622 59.312 62.294
53.060 56.633 62.008
52.611 59.172 62.236
52.979 60.275 62.359
57.146 60.062 62.046
52.742 59.286 62.080
52.300 57.431 62.271
53.332 59.461 62.415
52.496 57.386 62.230
52.722 56.597 61.976
52.447 56.627 62.419
53.102 56.600 61.928
52.322 54.481 57.239
52.740 58.460 62.231
52.507 55.570 62.330
52.903 58.508 62.363
53.611 58.478 62.216
52.237 58.200 61.677
52.459 56.569 62.645
53.411 58.665 62.903
57.486 61.172 62.682
53.093 55.620 57.402
52.754 55.869 62.023
52.503 59.812 64.611
52.561 55.476 61.824
53.323 59.472 62.216
52.711 59.311 62.335
53.277 58.456 62.190
52.512 55.940 62.344
52.995 58.498 62.303
53.104 56.749 62.208
57.203 58.279 61.923
52.328 58.596 62.793
52.297 58.350 62.441
52.213 57.292 61.882
52.329 56.450 61.776
52.509 57.510 62.429
52.976 60.143 62.087
52.746 55.542 57.598
53.094 56.582 61.987
52.665 58.526 62.481
52.462 56.180 57.510
52.406 55.473 57.475
53.399 58.581 62.454
52.923 55.771 62.092
52.885 59.488 62.411
53.122 59.230 62.160
52.239 57.274 61.965
52.419 54.602 62.235
52.139 54.694 62.007
52.852 59.348 62.358
52.454 54.821 57.656
52.481 57.328 62.193
52.295 57.479 62.385
52.427 57.790 62.342
52.716 56.848 63.134
52.771 57.622 61.993
57.229 60.334 67.215
57.192 59.218 62.124
52.373 56.460 61.874
52.745 59.336 62.387
58.528 60.660 62.110
52.671 56.502 62.005
52.441 54.434 61.663
52.199 59.561 64.110
52.960 59.295 62.449
52.803 59.209 61.966
57.069 59.241 62.200
52.398 54.686 61.892
52.487 58.296 62.252
52.753 55.695 62.356
52.641 59.266 62.430
57.079 59.212 62.192
53.499 59.449 62.343
53.622 57.556 62.487
52.674 58.215 62.182
53.153 56.841 62.215
52.944 56.717 62.512
52.714 55.672 62.325
52.505 57.172 61.850
57.581 61.172 62.358
52.358 57.479 62.295
52.560 56.373 57.547
57.559 61.306 62.458
57.543 61.358 62.478
52.572 59.381 62.548
52.608 57.470 62.221
52.785 56.420 61.993
52.312 55.428 61.805
57.159 59.272 62.201
57.232 59.352 62.350
53.602 58.474 62.128
57.536 60.447 62.303
52.505 58.228 62.112
52.286 54.450 57.389
53.408 57.816 62.368
52.653 57.447 62.265
53.159 58.339 61.894
57.415 59.280 61.940
52.829 56.513 62.112
53.689 59.561 63.816
52.698 56.558 61.745
52.765 59.345 62.235
52.982 56.752 62.222
56.945 61.059 62.499
52.785 57.690 62.516
52.813 57.769 62.501
53.340 56.540 57.681
57.548 58.573 62.039
53.064 55.704 57.546
53.015 59.335 62.221
52.642 56.494 62.016
52.757 54.855 62.218
52.561 58.309 62.393
52.683 59.391 62.349
52.951 55.759 57.858
52.465 58.491 62.597
52.413 53.577 57.266
52.147 56.280 62.183
52.906 58.332 62.373
52.780 58.392 62.288
53.040 58.612 62.213
52.166 56.384 61.856
52.911 58.445 62.364
52.860 58.378 62.196
52.358 58.400 62.517
52.955 56.664 61.845
53.121 57.643 62.383
52.514 57.344 62.421
52.914 56.620 61.958
52.707 56.670 62.485
52.501 55.594 62.686
53.079 57.543 62.116
52.699 58.469 62.539
53.357 58.373 61.970
52.919 57.519 62.170
54.127 58.634 62.217
52.812 55.655 57.571
53.379 57.707 62.267
52.363 56.613 62.476
52.789 56.474 57.756
52.999 56.904 62.362
53.066 55.652 57.506
52.272 55.588 62.295
52.724 52.865 53.166
52.486 57.519 62.231
52.204 56.217 61.918
53.182 57.739 62.289
52.863 57.023 62.609
52.725 57.271 62.141
52.666 58.478 62.338
53.371 59.389 62.143
52.973 55.690 61.966
56.683 56.944 57.332
52.769 56.365 62.271
52.676 57.156 62.085
57.182 60.275 62.440
52.314 55.341 62.061
52.540 56.616 62.267
53.019 55.630 57.667
53.015 57.421 62.549
52.554 54.740 61.739
57.129 59.188 62.341
56.617 57.940 61.867
52.961 53.782 56.645
56.580 57.756 61.924
56.548 59.978 62.440
56.868 61.035 62.450
52.899 56.569 62.011
52.532 58.138 62.378
53.030 58.176 62.124
52.482 58.456 62.798
52.805 57.494 62.272
52.435 56.202 62.016
53.187 59.128 62.293
52.453 55.314 61.808
53.125 54.939 57.702
56.717 58.844 61.987
52.844 57.279 62.173
52.227 54.194 56.612
52.819 54.643 56.985
53.372 59.351 62.533
52.630 59.130 62.243
53.537 59.333 62.258
52.759 57.523 62.053
52.819 57.390 62.352
56.655 59.866 62.172
56.604 59.135 62.489
52.867 56.148 57.026
52.580 55.233 57.136
53.388 56.179 57.052
52.736 58.194 62.076
53.491 56.244 57.213
52.862 55.613 62.497
53.218 59.455 62.507
52.597 58.186 62.233
52.387 57.210 62.494
52.825 59.271 62.559
52.236 55.786 62.213
52.815 57.196 62.535
53.008 56.859 62.742
53.345 56.040 61.966
56.884 59.129 62.267
53.514 56.247 57.396
61.816 62.208 62.588
61.935 62.115 62.401
56.558 58.038 62.171
52.497 54.419 56.957
52.754 56.378 62.108
52.784 56.541 62.651
53.619 58.770 65.125
52.217 54.221 57.089
52.270 55.301 61.984
52.235 56.289 62.617
52.878 58.471 62.411
56.807 60.109 62.570
52.368 56.102 62.321
56.535 58.088 62.079
52.546 56.606 62.249
52.313 54.400 61.872
52.274 54.384 57.083
52.718 58.131 62.311
52.819 56.414 62.378
52.698 57.064 61.984
56.725 60.105 62.741
52.600 58.195 62.963
52.399 55.688 61.784
53.128 57.496 62.262
53.350 57.357 62.208
52.862 59.355 62.437
52.460 57.247 62.315
52.871 56.420 62.526
52.655 59.179 62.322
53.130 57.583 62.533
52.399 57.169 62.399
52.746 54.588 57.066
52.413 58.202 62.009
53.099 54.041 56.799
53.464 58.526 62.583
52.618 55.398 57.202
52.931 56.570 63.080
52.707 59.348 62.255
52.538 58.310 62.526
53.212 58.115 62.167
56.905 60.130 62.352
56.470 57.946 61.996
52.857 59.094 62.372
52.394 57.227 62.133
56.483 59.994 62.391
52.976 57.547 62.380
53.089 57.428 62.145
53.586 59.275 62.676
52.634 55.526 62.167
52.818 58.501 62.349
52.787 57.473 62.740
53.066 59.271 62.326
53.040 59.173 62.229
52.327 56.408 62.252
52.365 56.491 62.320
52.702 56.736 62.230
52.320 58.042 61.778
52.795 57.277 62.252
56.910 60.031 62.360
53.177 57.735 62.829
52.356 53.447 56.890
53.311 57.252 62.303
52.672 57.067 62.003
56.947 59.342 62.885
52.505 56.305 61.969
52.574 59.222 62.452
52.603 57.450 62.435
57.155 60.323 62.468
53.295 57.230 62.001
52.720 59.187 62.433
52.620 57.295 62.098
53.593 60.242 62.299
53.007 57.359 62.328
52.402 56.399 61.763
53.485 58.364 62.572
56.546 58.918 62.139
52.441 57.229 62.122
52.699 58.341 62.542
52.428 58.381 62.341
52.634 59.236 62.384
52.329 56.801 62.058
52.446 55.537 62.466
52.432 57.378 62.245
52.570 59.381 62.552
53.258 57.693 62.150
52.784 57.076 62.505
52.231 55.385 62.295
52.444 52.873 53.643
52.612 57.429 62.645
52.488 57.428 63.293
52.812 56.341 62.152
56.782 58.948 62.167
52.685 57.346 63.298
53.611 59.422 62.343
53.130 56.055 57.077
52.903 57.349 62.309
56.550 59.127 62.478
56.472 56.925 57.224
52.471 57.216 62.015
52.740 57.339 62.242
52.733 57.638 62.483
52.317 57.116 62.221
52.981 56.472 62.115
52.559 58.385 62.250
52.849 57.422 62.206
52.923 57.851 62.898
52.897 58.638 62.574
52.439 56.215 62.061
52.333 54.368 56.838
53.024 57.199 61.989
52.443 54.721 62.146
52.726 57.226 62.168
52.798 55.555 62.125
56.617 58.958 62.152
52.415 54.548 56.877
52.752 60.194 62.353
53.833 59.572 62.304
53.320 58.337 62.241
53.287 58.207 62.155
53.090 55.891 62.691
52.767 57.095 62.052
52.526 58.237 62.096
56.838 61.117 62.328
52.668 60.202 62.413
56.775 61.095 62.268
52.721 59.321 62.454
52.564 57.242 61.935
52.766 53.762 56.692
52.800 58.753 62.652
52.999 57.379 62.283
52.273 57.142 62.240
52.494 55.448 61.675
52.604 58.488 62.693
52.986 59.302 62.533
52.361 58.055 62.596
53.864 57.932 62.274
52.434 55.425 62.156
54.076 57.278 62.395
56.639 57.921 61.728
52.967 59.850 65.726
57.423 61.852 64.322
52.750 53.789 57.166
52.926 56.793 62.471
53.309 58.421 62.047
53.030 57.089 62.480
52.780 54.839 57.319
52.895 57.815 62.880
53.179 57.700 62.472
53.121 56.570 62.297
53.386 57.582 62.164
53.329 58.923 62.507
56.721 60.422 63.615
53.112 56.268 62.245
57.043 61.079 62.253
53.356 58.099 62.937
56.810 64.658 72.116
52.587 59.258 62.645
53.229 58.365 62.668
52.546 57.664 63.331
53.042 57.995 62.295
52.771 58.531 62.737
53.179 57.018 62.393
52.559 56.124 62.184
53.079 55.812 58.171
53.168 58.316 62.211
55.206 60.133 62.868
56.802 60.198 62.357
52.447 58.074 62.220
52.596 58.246 62.908
52.519 55.611 61.983
57.427 61.129 62.567
52.914 57.692 62.509
52.564 56.678 66.297
52.819 55.832 62.645
53.711 57.525 62.450
53.260 58.168 62.207
52.801 57.212 61.767
52.754 56.471 62.752
53.318 60.142 70.240
52.527 58.241 62.416
52.882 54.994 57.916
52.673 56.352 62.535
57.262 61.645 63.827
52.459 59.128 62.288
57.430 59.833 62.569
53.318 59.872 63.269
52.734 56.117 57.167
52.700 57.423 62.372
52.406 57.608 62.896
52.293 56.807 63.142
57.554 59.221 62.385
53.514 58.840 62.908
52.523 54.431 56.833
52.865 56.682 63.207
52.974 58.544 62.650
52.274 57.612 62.430
52.797 58.565 64.004
54.019 59.090 64.179
53.234 58.716 62.386
56.489 60.493 63.603
53.301 56.617 62.378
52.608 58.252 62.129
52.243 58.550 62.704
52.604 59.104 62.079
53.012 56.715 62.120
52.981 57.523 62.810
52.498 56.306 62.074
52.843 55.601 57.346
53.006 57.164 62.225
53.145 59.193 62.206
52.559 57.004 61.834
52.789 57.020 62.059
53.299 58.461 63.371
53.016 60.766 63.432
52.912 55.851 62.280
52.886 55.599 61.931
53.106 57.653 62.411
52.401 54.485 57.310
56.641 58.889 62.170
52.508 55.534 57.844
53.105 56.410 62.128
52.876 56.709 62.328
52.789 56.546 62.643
52.768 59.410 62.388
56.661 57.900 61.884
52.582 55.525 61.796
52.967 57.142 62.448
52.766 56.242 62.225
52.575 57.206 61.740
53.122 58.120 62.411
52.736 57.286 62.449
53.193 60.258 62.213
52.494 54.380 56.876
52.824 57.376 62.042
53.334 59.381 62.298
52.806 58.431 62.380
52.270 56.476 62.271
53.044 56.999 61.951
53.160 57.604 62.314
53.178 58.332 62.246
52.767 57.540 62.378
52.595 55.614 61.984
53.188 58.329 62.278
61.804 62.065 62.331
52.474 55.474 62.253
56.522 59.028 62.398
52.391 56.344 62.191
53.329 55.455 56.956
56.951 60.006 61.976
52.714 58.174 62.218
53.740 58.243 62.168
52.576 56.472 62.254
52.611 58.479 62.153
56.536 58.036 61.990
57.151 61.229 62.369
52.634 55.597 62.394
53.013 56.618 62.666
52.289 56.139 62.040
52.469 54.616 62.244
53.015 54.771 57.584
52.708 57.103 62.063
52.536 56.306 61.840
56.547 61.081 62.672
52.491 57.313 62.280
53.047 57.042 61.851
52.637 57.024 61.732
53.317 57.574 62.078
52.462 56.549 62.062
52.316 57.923 62.100
53.236 58.190 62.262
52.394 59.158 62.344
53.214 59.234 62.113
52.845 60.076 62.119
52.507 58.382 62.479
52.947 56.219 57.685
52.500 54.805 61.988
52.413 56.536 62.367
52.974 57.509 62.514
52.798 54.508 56.886
52.635 58.260 62.249
52.466 58.271 62.456
53.078 55.176 62.062
52.942 58.276 62.759
57.274 61.093 62.060
52.843 59.248 62.451
52.184 54.845 62.190
52.823 57.268 62.113
53.145 58.191 62.046
52.432 55.627 62.404
53.787 59.333 62.458
52.616 56.241 62.115
53.780 57.264 62.029
53.030 60.372 62.369
52.580 58.497 63.100
52.603 55.541 62.258
53.075 58.261 62.483
52.278 56.533 62.273
53.027 58.463 62.208
52.677 57.068 61.987
56.769 60.194 62.533
52.254 54.889 62.199
52.379 56.592 62.310
52.464 56.914 61.796
52.692 56.383 61.818
53.532 59.708 63.511
52.464 58.112 62.050
52.945 57.577 64.208
52.619 57.191 62.117
53.406 59.239 62.530
52.850 59.255 62.557
52.381 56.356 62.169
52.281 57.016 61.977
52.411 58.291 62.427
52.775 57.432 62.205
52.182 58.617 63.397
52.699 60.246 62.396
52.471 57.302 62.002
60.573 66.006 70.289
60.819 66.105 70.336
61.058 62.932 69.952
64.770 67.975 70.351
61.143 68.218 70.312
60.766 64.549 70.124
61.375 66.233 70.235
60.638 62.324 64.665
64.556 64.613 64.717
60.478 64.151 69.930
61.203 65.191 70.146
60.519 66.241 70.109
60.808 65.414 70.441
60.331 63.213 69.717
61.156 64.283 65.217
61.481 66.257 69.877
64.830 67.960 70.077
60.309 65.273 70.315
60.543 66.960 69.917
70.030 70.096 70.169
60.369 63.293 70.006
69.951 70.126 70.331
60.281 64.292 70.360
60.291 63.207 69.870
60.170 63.268 69.883
64.549 66.943 70.194
60.231 64.121 69.881
61.376 66.221 70.269
61.103 65.420 69.810
64.858 68.082 70.659
61.140 65.134 69.573
61.559 66.276 70.478
60.885 65.020 69.977
60.647 67.213 70.328
60.573 64.454 69.982
60.247 66.096 70.319
60.783 65.518 70.367
60.422 63.700 66.994
60.429 64.359 70.260
61.348 65.009 70.117
60.699 66.196 70.483
60.287 64.805 69.998
60.181 63.883 65.309
61.159 63.985 64.860
60.682 65.116 69.694
60.179 62.387 65.126
60.995 64.330 70.054
60.886 67.240 70.309
60.715 63.540 69.754
60.424 61.518 64.531
64.725 66.992 70.311
60.781 65.354 70.247
60.530 62.884 66.870
60.399 66.216 70.293
60.478 62.971 64.782
60.676 63.940 65.071
64.534 64.823 65.157
61.426 65.224 70.236
60.562 65.083 70.269
60.575 66.273 70.376
60.173 65.819 69.822
60.751 66.272 70.339
60.084 62.382 65.107
60.195 62.783 64.618
60.488 65.147 69.895
61.339 63.163 70.263
60.414 62.372 64.810
60.691 64.377 69.687
61.105 64.398 70.103
64.401 67.836 70.430
60.286 64.245 69.933
60.996 65.709 69.878
61.285 66.576 70.357
60.317 66.146 70.147
60.392 62.272 64.942
60.415 61.750 64.615
60.842 64.373 70.421
60.584 61.742 65.658
64.930 66.941 70.120
60.676 63.434 69.907
61.455 66.970 69.757
64.576 68.043 70.297
64.526 67.903 70.180
60.565 66.332 70.410
60.558 65.020 70.692
64.732 68.026 70.437
61.148 64.942 70.020
60.216 66.999 70.208
61.003 64.562 70.185
60.759 67.163 70.184
60.623 66.464 70.383
64.514 66.886 70.154
60.475 66.157 69.971
61.262 64.584 70.268
60.278 63.438 70.217
60.891 66.050 70.339
61.343 65.017 70.030
60.528 61.629 65.194
60.646 63.361 70.004
60.386 64.336 70.083
60.501 63.614 69.869
60.788 63.259 65.088
60.546 64.654 70.281
60.561 63.950 65.097
60.656 63.306 65.014
60.895 62.672 65.304
60.828 66.039 70.422
60.268 66.083 70.216
61.185 65.045 69.920
60.948 66.134 70.118
60.838 64.602 70.263
60.169 64.069 69.805
64.484 67.824 70.197
60.787 65.124 70.195
60.659 63.293 69.956
60.544 67.182 70.388
56.588 60.196 62.451
52.926 57.163 62.207
52.970 56.906 62.329
52.648 55.624 62.277
52.582 55.625 61.802
52.455 58.301 62.167
53.192 56.346 57.402
53.011 57.204 61.813
52.822 58.528 62.376
52.234 57.462 62.426
52.227 55.163 57.174
52.327 59.136 62.408
56.520 57.838 62.146
56.572 59.054 62.541
52.538 55.351 62.118
56.789 58.070 62.649
52.846 59.353 62.375
52.565 58.491 62.201
53.649 59.420 62.163
52.539 53.809 56.567
52.240 56.314 62.421
52.250 55.294 61.825
52.275 57.245 62.502
52.403 57.242 62.163
52.760 56.156 61.610
52.664 57.262 62.167
52.892 57.445 62.358
52.796 55.180 56.982
57.381 60.245 62.237
52.650 55.807 62.347
52.915 55.337 57.064
61.693 61.989 62.389
56.967 60.148 62.661
52.622 57.183 62.229
52.663 57.289 61.930
52.375 57.449 62.282
53.040 58.202 62.105
56.736 58.334 62.608
56.724 58.130 62.253
52.243 57.318 62.171
56.784 61.147 62.425
52.800 56.385 62.466
52.343 53.742 56.717
53.273 56.443 61.890
52.792 56.274 61.781
52.394 53.851 57.089
52.777 56.294 61.901
52.712 55.508 61.845
52.578 58.281 62.553
52.372 55.364 62.191
52.240 56.271 62.218
52.628 56.035 57.456
52.391 57.522 62.617
52.612 58.243 62.422
52.315 55.667 57.696
52.824 59.158 62.425
56.671 59.128 62.446
52.527 58.546 62.495
52.344 54.547 57.348
52.974 58.219 61.861
52.464 55.378 57.467
52.716 57.104 62.339
52.395 55.471 61.943
52.800 54.471 56.930
52.610 56.397 62.676
52.298 55.452 62.109
52.362 56.476 62.499
52.735 54.508 57.264
52.301 57.104 61.784
52.913 59.147 62.366
52.141 57.435 62.636
52.308 56.356 62.121
52.618 56.131 61.887
52.988 58.663 62.339
56.821 58.938 61.809
52.281 55.437 62.333
52.592 56.353 61.934
52.548 56.474 62.481
52.971 56.726 62.185
53.146 59.315 62.407
52.302 56.981 62.099
53.266 59.308 62.183
53.565 59.258 62.300
52.732 56.202 61.732
52.728 56.428 61.981
52.418 55.697 62.171
53.071 57.220 62.107
52.246 55.530 62.091
52.639 57.325 61.962
56.762 58.961 61.820
52.268 56.998 62.235
52.807 60.483 62.844
52.901 57.989 61.902
53.063 60.279 62.208
53.119 56.611 61.922
57.059 61.175 62.680
56.685 58.056 61.992
52.935 58.126 62.214
52.533 56.294 62.228
52.787 59.141 62.181
52.951 56.354 62.255
52.861 55.541 61.975
52.210 55.440 61.949
52.834 58.197 62.581
52.425 55.545 62.225
52.429 57.140 61.794
52.777 57.222 61.901
53.061 59.095 62.043
56.787 60.997 62.191
53.232 59.491 62.322
52.971 59.314 62.395
52.748 55.507 62.047
52.488 55.205 57.504
56.967 59.252 62.053
52.208 57.272 62.147
52.520 56.561 62.337
52.535 56.338 62.484
52.589 59.056 62.116
52.263 60.181 62.275
53.306 58.207 62.359
52.255 56.046 61.870
52.801 56.454 62.170
52.455 56.330 62.230
53.670 56.325 57.043
56.910 59.014 62.159
52.204 55.267 57.236
53.322 57.595 62.227
53.056 54.667 56.803
52.564 54.737 57.289
52.203 54.618 62.123
52.507 57.020 62.255
52.582 56.542 62.350
52.920 56.220 57.317
52.245 55.988 57.062
53.265 59.228 62.373
52.717 55.576 62.572
52.417 57.283 62.189
56.658 58.887 62.122
52.505 59.144 62.115
52.274 56.360 61.931
56.822 60.103 62.420
56.487 57.707 62.329
52.592 56.204 62.348
53.236 57.637 62.448
52.944 58.587 62.468
53.319 58.255 61.913
52.961 57.313 62.208
53.728 59.446 62.427
52.297 53.607 56.488
56.933 60.383 62.948
52.595 57.342 62.082
52.306 56.138 61.912
53.243 57.324 62.697
52.370 56.494 62.176
53.140 59.224 62.288
52.864 59.183 62.191
53.343 58.176 62.132
52.524 57.547 62.584
52.721 58.292 62.478
52.925 56.353 61.792
52.336 54.310 56.884
52.296 53.420 56.996
56.821 59.878 62.323
52.724 58.078 62.158
52.517 55.234 57.322
57.050 60.040 62.247
52.466 55.647 62.132
52.808 55.324 57.168
52.239 55.440 62.208
52.518 55.590 63.272
52.801 53.714 56.861
52.738 57.408 62.400
52.816 57.312 62.065
56.453 59.030 62.271
52.600 56.318 62.189
52.585 57.388 62.100
53.297 58.479 62.495
52.972 57.097 62.637
52.876 56.543 62.171
52.792 55.735 62.008
52.767 56.241 62.042
56.645 59.289 63.523
56.712 59.970 62.260
52.824 57.313 61.998
53.386 56.090 56.966
52.966 60.395 62.648
52.433 55.904 57.023
53.053 56.189 57.240
52.273 58.300 62.243
52.634 56.139 57.233
53.486 58.333 62.274
52.498 55.115 56.923
52.799 55.287 57.265
52.719 58.138 62.035
52.471 57.300 62.380
52.375 56.049 61.926
52.781 55.492 57.458
52.704 58.425 62.188
52.819 57.490 62.496
52.665 55.950 57.077
53.024 57.071 62.138
53.115 56.445 61.918
52.463 59.242 62.893
52.916 57.475 62.488
52.361 58.008 62.143
56.657 60.027 62.482
52.375 55.577 62.405
52.758 54.638 57.094
52.619 56.951 62.073
52.410 56.333 62.238
52.465 56.477 61.806
52.686 57.266 62.144
52.327 58.019 62.082
53.638 58.664 63.148
52.624 57.592 62.562
52.405 57.994 62.157
52.943 59.360 62.503
56.523 59.070 62.233
53.441 59.352 62.291
52.333 55.160 57.208
52.525 55.888 57.000
52.993 57.571 62.336
53.160 57.153 62.053
53.061 58.271 62.316
52.554 55.395 61.785
52.391 55.534 61.768
52.574 58.487 62.237
56.624 57.842 61.763
52.247 56.165 62.130
52.313 56.303 61.962
52.418 55.089 57.013
52.690 57.896 61.887
53.278 57.294 62.002
52.236 56.092 61.861
52.796 55.310 57.075
52.749 55.472 57.731
52.816 58.535 62.658
56.822 59.034 62.109
52.548 57.476 62.637
53.039 58.334 62.400
52.226 59.114 62.289
56.462 60.173 62.444
53.154 59.348 62.389
53.590 59.398 62.495
53.151 55.793 62.343
57.163 61.219 62.396
52.383 58.304 62.200
52.431 57.133 62.087
52.518 57.303 62.397
52.157 55.212 57.287
52.995 57.118 61.818
52.881 57.530 62.341
52.465 57.274 62.305
52.676 57.363 62.630
56.983 62.645 69.218
52.946 56.843 58.104
56.469 59.162 62.600
52.383 57.392 62.133
52.685 57.135 61.953
52.442 55.473 57.936
56.739 58.193 62.494
56.475 57.801 62.135
53.003 56.146 63.791
53.218 56.798 62.342
52.633 56.610 62.543
52.254 57.271 62.273
52.323 56.441 62.175
52.640 56.425 61.915
53.192 58.408 62.459
52.428 56.442 62.430
56.534 60.004 62.739
52.829 56.488 61.853
52.429 59.270 63.433
53.142 58.323 62.466
52.434 58.125 62.763
52.762 57.421 62.405
52.390 58.074 62.042
52.333 59.134 62.256
52.426 57.349 62.281
52.455 55.428 61.921
52.193 55.650 62.281
52.228 55.385 61.994
56.792 60.000 62.386
52.801 57.563 62.855
52.762 54.619 57.615
52.629 57.320 62.261
52.525 55.399 61.885
52.810 57.098 62.038
57.161 61.132 62.483
56.501 60.179 62.516
52.629 56.182 61.782
52.623 56.127 61.897
52.489 57.147 62.319
52.580 53.746 57.223
52.324 58.296 62.396
53.095 57.297 62.392
52.584 56.359 62.307
52.486 60.279 62.493
52.485 58.467 62.385
57.483 61.727 64.438
56.679 60.070 62.480
52.550 57.581 62.326
52.706 57.618 62.518
53.448 60.806 63.404
53.218 54.880 57.475
52.413 55.985 57.051
56.346 59.072 62.264
52.758 55.799 62.096
52.857 56.162 57.676
52.916 58.296 62.572
52.550 58.350 62.851
53.017 58.978 64.136
52.555 56.349 62.477
52.706 55.907 62.158
52.790 56.630 62.151
52.862 57.399 62.018
57.000 60.227 62.387
52.486 57.480 62.928
57.091 59.393 62.595
53.151 58.499 62.213
52.466 55.415 62.036
57.119 61.253 63.022
52.594 56.499 62.030
52.554 57.027 62.814
52.932 56.850 62.583
52.331 56.475 62.152
52.533 58.332 62.689
52.851 55.437 57.263
52.894 57.065 62.018
52.407 55.027 56.623
53.069 57.180 61.804
52.501 57.328 62.103
56.422 57.102 57.811
52.700 56.084 57.069
53.058 60.195 62.067
56.540 59.064 62.386
52.349 55.562 62.335
52.536 56.496 61.986
53.311 57.797 62.391
52.505 57.105 61.888
52.617 58.816 62.118
52.520 55.662 62.376
53.289 58.390 62.323
52.841 56.308 62.114
53.066 57.302 61.972
53.175 58.221 62.272
52.553 57.430 62.289
52.795 56.245 62.053
52.714 57.448 62.201
52.317 58.368 62.453
52.473 54.776 62.353
52.723 58.279 62.417
52.168 57.280 62.458
52.871 57.380 62.272
52.751 54.490 56.870
52.996 58.380 62.320
52.276 56.565 62.560
53.094 54.659 56.742
52.618 56.101 61.914
52.337 54.590 62.189
52.772 56.384 61.737
52.187 54.674 62.449
52.540 56.287 62.172
53.071 59.399 62.713
52.848 54.647 56.753
53.078 60.322 62.353
52.894 54.808 61.930
52.530 56.414 62.037
52.613 57.565 62.606
52.263 56.224 61.821
52.267 54.444 61.990
52.513 54.825 62.310
52.311 56.134 62.245
53.278 59.387 62.491
53.374 60.374 62.546
52.680 56.688 62.417
56.944 59.130 62.402
52.522 55.665 62.398
52.705 55.680 62.435
52.468 58.247 62.112
53.933 57.559 62.595
52.349 55.325 57.324
52.887 58.249 62.415
52.821 56.535 62.166
52.609 58.335 62.216
52.896 59.090 62.341
52.253 55.983 57.195
53.675 58.853 62.203
56.589 59.974 62.514
52.384 58.276 62.206
53.360 60.726 62.737
56.519 58.953 62.225
52.643 57.309 62.274
52.872 58.387 62.946
52.978 54.810 57.909
52.699 55.693 62.244
52.690 56.531 62.507
52.866 59.058 62.339
52.283 58.123 61.958
53.062 58.337 62.392
52.945 58.672 62.587
52.492 56.725 61.727
53.113 56.119 57.162
52.634 56.200 61.737
52.606 55.582 57.620
52.659 55.297 56.931
53.473 58.250 61.960
57.144 61.196 62.515
52.234 55.540 57.262
53.141 58.198 62.257
52.799 56.640 61.939
52.261 55.282 61.831
52.729 57.432 62.277
52.605 55.235 57.233
52.600 56.469 62.252
56.507 58.978 62.162
52.889 55.889 62.448
52.536 56.570 62.747
52.805 57.439 62.328
52.867 57.547 62.571
52.338 58.274 62.174
56.659 57.976 62.186
53.559 57.287 62.063
52.624 59.262 62.215
52.613 58.489 62.470
53.023 55.679 57.871
52.452 56.430 62.355
52.499 55.496 62.429
53.099 57.591 62.456
52.686 59.314 62.227
56.777 59.020 61.957
52.587 55.525 62.551
52.612 57.151 62.197
53.298 60.537 63.003
52.646 59.311 62.645
52.818 54.048 57.486
52.895 56.496 62.677
52.536 58.375 62.229
52.661 58.362 62.227
52.533 57.369 62.435
53.196 57.147 62.071
52.706 58.185 62.296
53.421 59.559 62.334
52.769 57.197 62.089
56.865 59.133 62.469
52.606 55.528 62.538
56.593 59.041 62.438
53.098 57.566 62.451
52.966 56.250 57.566
56.800 58.763 62.257
52.498 55.255 57.191
52.527 59.309 62.568
52.803 56.469 62.558
52.556 55.560 57.772
52.548 56.749 62.541
52.542 56.287 61.676
52.788 58.597 62.480
52.398 55.508 62.392
52.995 57.405 62.008
52.973 58.438 62.477
53.027 57.458 61.907
52.735 57.838 62.552
56.794 60.199 62.302
52.654 56.475 62.681
53.493 59.300 62.230
52.854 59.347 62.220
52.313 56.314 62.615
53.118 57.489 61.991
53.050 56.567 62.031
56.653 57.854 62.281
52.958 57.501 62.180
53.000 58.544 62.448
53.230 58.564 63.288
52.529 57.122 62.341
52.912 59.107 62.003
52.747 54.817 57.408
52.500 58.379 62.455
52.830 54.912 58.871
52.910 58.181 62.259
52.200 56.047 62.218
53.305 59.701 63.857
52.881 57.172 61.916
52.896 57.420 62.139
53.087 57.483 62.180
53.068 58.856 63.189
52.337 57.110 62.016
58.161 63.626 66.724
54.197 60.556 65.306
56.001 58.748 63.318
53.477 57.641 62.535
53.326 57.244 62.056
52.793 57.474 62.542
52.858 55.412 57.166
52.700 59.322 62.563
52.267 58.368 62.573
57.275 59.485 63.385
53.170 54.806 57.376
52.874 58.274 64.346
52.808 58.230 62.220
53.324 59.688 64.276
52.956 57.713 62.597
52.399 55.790 57.637
56.803 59.377 63.381
52.576 52.837 53.082
53.193 58.282 65.084
56.839 60.650 64.643
52.457 57.516 62.501
52.390 56.527 62.650
56.586 58.000 61.887
52.578 56.591 62.165
53.048 58.755 65.709
52.299 56.582 63.984
52.297 55.318 62.139
53.387 59.312 62.252
52.951 55.042 56.883
52.753 58.428 65.154
58.027 64.727 71.170
53.132 57.472 62.307
52.462 60.238 66.045
52.824 61.035 67.324
52.611 57.205 63.247
52.904 55.896 62.102
52.692 57.727 62.948
53.073 58.062 63.909
53.706 59.338 64.598
53.236 58.322 62.693
53.150 59.092 64.131
56.553 59.313 63.871
98.665 100.858 102.645
53.199 61.674 73.932
56.332 65.047 75.400
59.379 64.462 68.400
57.608 61.053 64.015
52.663 55.845 62.528
59.495 62.855 71.654
53.062 56.560 61.990
57.084 60.708 63.447
57.968 61.568 63.792
53.261 58.257 64.171
65.414 73.115 80.802
60.559 66.680 75.216
53.766 57.863 64.070
52.534 59.551 63.746
52.526 59.102 64.912
53.865 58.568 63.712
53.313 56.512 62.394
52.590 56.298 57.370
52.841 57.152 62.143
53.171 56.745 58.789
52.728 54.539 57.439
52.524 60.086 64.262
52.531 58.494 62.541
52.485 56.531 62.033
52.930 61.751 67.249
53.579 60.385 63.503
53.827 57.942 62.303
53.421 57.619 60.246
52.532 55.400 61.938
54.829 60.947 63.756
56.931 58.200 62.029
53.469 58.365 62.242
53.857 56.944 62.258
55.912 57.913 62.458
52.645 57.682 62.471
52.822 57.745 62.841
52.878 54.980 57.573
52.357 58.680 62.818
52.562 56.426 62.186
53.484 59.384 62.313
53.146 56.862 59.587
56.767 59.434 62.993
53.423 58.961 63.015
52.639 57.558 62.938
52.466 56.378 62.440
54.029 56.354 57.365
52.734 58.639 62.455
57.007 60.228 62.292
52.823 56.222 62.086
52.465 57.181 62.002
52.628 55.575 57.580
52.896 59.380 62.441
52.837 55.545 62.209
53.328 58.518 62.659
52.890 60.690 62.817
56.714 61.004 62.202
53.262 58.243 62.519
52.366 55.535 61.900
52.771 58.092 62.288
56.908 59.102 62.455
52.382 56.283 62.062
52.315 56.505 61.972
52.431 57.202 62.388
52.393 59.149 62.129
52.707 60.305 62.685
53.162 58.441 62.032
56.891 59.023 62.461
52.726 58.016 61.971
52.407 56.162 61.830
52.526 56.197 61.902
52.442 55.158 57.392
52.820 56.597 62.184
53.408 57.134 61.635
52.593 55.969 56.954
52.800 58.049 61.945
53.012 57.445 62.187
52.990 56.991 61.939
53.036 55.938 63.331
53.011 57.480 62.121
56.597 57.842 62.013
61.699 62.111 62.391
53.205 56.458 61.768
52.358 56.631 62.303
52.514 56.703 62.574
52.432 56.566 62.271
52.861 58.238 62.186
52.570 56.288 62.357
52.356 57.948 61.723
52.482 58.354 62.327
52.921 56.258 57.639
52.769 56.888 62.298
52.376 57.307 62.312
52.217 55.994 57.175
53.006 58.361 62.229
52.686 53.764 56.794
52.437 57.187 62.387
52.590 56.609 62.253
53.405 60.817 64.748
52.702 57.335 62.135
52.535 55.192 57.004
57.086 61.359 62.612
52.361 57.309 62.713
52.490 56.334 62.317
56.763 61.183 63.335
52.771 59.181 62.386
52.497 55.384 61.805
52.720 56.524 62.069
52.606 59.130 62.330
52.575 55.220 56.914
52.746 56.252 61.874
53.298 60.233 62.254
52.788 57.995 62.306
52.628 57.434 62.414
52.543 53.704 56.824
52.914 58.048 62.130
57.202 61.043 62.109
52.640 56.266 61.874
52.995 59.379 62.272
52.755 55.466 62.154
53.286 58.302 62.349
52.524 54.425 57.196
52.494 57.164 61.968
52.588 54.392 56.716
57.310 61.151 62.507
56.555 61.079 62.563
52.394 55.330 61.894
52.391 56.479 62.212
52.432 57.393 62.632
53.020 57.355 61.978
56.640 60.361 65.346
52.859 56.322 62.157
56.560 58.891 62.287
53.000 58.558 62.719
52.341 57.068 62.485
52.950 57.088 62.859
53.040 57.127 62.289
53.048 59.300 62.295
52.694 60.320 62.407
52.611 58.023 61.939
57.030 60.137 62.464
52.900 57.249 61.931
53.132 56.845 62.175
52.599 55.643 62.459
52.236 57.322 62.585
52.681 57.216 61.968
52.170 56.372 62.362
52.329 58.045 62.032
52.522 54.782 62.394
52.368 56.017 57.089
52.807 57.564 62.396
52.838 56.545 62.224
53.138 55.396 56.799
52.699 55.336 57.459
53.037 58.158 61.964
53.592 58.406 61.819
52.675 57.567 62.615
56.910 61.053 62.679
52.764 57.420 62.481
52.467 59.553 62.567
52.346 54.122 56.808
52.274 57.994 62.305
52.293 56.919 62.051
52.400 57.175 62.047
52.571 55.609 62.115
52.462 60.127 62.345
52.589 55.260 57.217
52.830 58.052 62.216
52.985 58.107 61.981
52.534 56.257 62.266
52.189 53.889 57.390
52.616 56.298 62.024
52.316 56.232 61.843
52.341 55.552 62.405
52.718 54.577 57.317
52.836 55.664 62.247
52.557 57.390 62.643
56.900 60.190 62.805
52.393 58.301 62.443
52.386 56.344 62.036
52.763 56.410 62.261
52.503 59.021 62.198
53.587 59.462 62.285
52.822 57.214 62.157
53.164 57.603 62.047
52.876 57.453 62.211
52.664 56.605 62.071
52.259 59.133 62.062
52.471 53.509 56.789
53.052 55.305 56.920
53.701 58.312 62.459
52.954 58.282 62.346
53.412 60.438 62.461
56.919 57.998 61.681
52.370 57.257 62.248
52.227 55.542 61.942
52.301 55.224 62.064
52.415 57.244 61.979
52.598 57.470 62.102
52.204 54.557 57.780
52.754 54.826 57.057
52.331 57.338 62.232
52.160 55.646 62.263
56.434 59.229 62.437
52.504 57.470 62.477
52.631 55.917 56.979
52.735 56.330 62.484
52.154 57.089 61.661
56.634 61.033 62.554
52.996 56.436 61.664
52.819 56.282 61.778
52.850 57.411 62.079
53.071 58.235 62.392
52.214 57.427 62.736
53.191 56.325 57.732
52.759 57.475 62.619
52.349 53.559 57.052
56.660 61.035 62.413
53.684 57.151 61.960
53.146 58.215 62.277
52.746 55.689 62.550
52.520 56.247 61.830
52.238 55.132 61.692
52.613 56.997 61.785
53.473 56.096 56.924
52.631 58.204 62.519
52.847 57.292 61.994
56.620 61.051 62.573
52.434 56.163 57.457
53.495 59.332 62.468
52.649 58.033 62.152
52.256 56.294 62.007
52.472 53.503 56.479
52.250 54.274 56.981
52.525 54.465 57.345
52.369 56.219 62.471
52.360 56.236 57.389
53.282 57.595 61.909
56.798 60.073 62.418
57.127 59.157 62.091
52.994 59.230 62.503
52.700 55.587 62.136
52.433 54.546 57.086
56.972 59.241 62.554
56.409 61.015 62.324
52.891 57.356 62.209
52.695 55.643 62.292
52.268 55.289 62.046
52.629 56.317 62.606
52.943 58.272 62.600
52.959 56.024 62.295
52.839 58.053 62.222
53.327 55.707 57.392
53.248 58.560 62.657
52.221 55.405 62.056
52.938 59.165 62.222
52.453 56.378 62.203
52.444 56.136 57.368
56.486 59.264 63.794
52.455 59.143 62.328
52.540 57.501 62.308
52.244 57.195 62.533
52.814 56.600 61.951
52.392 54.612 57.234
53.318 59.434 62.593
52.593 53.563 56.329
52.251 59.465 62.696
52.489 56.494 62.378
53.015 56.558 62.184
52.850 57.288 62.368
57.168 60.056 62.252
56.928 59.061 62.201
52.551 57.434 62.385
52.546 57.380 62.499
52.469 52.873 53.227
52.661 56.667 62.291
52.668 56.436 61.900
52.581 58.571 62.587
53.521 57.358 62.005
52.810 57.399 62.444
53.145 59.361 62.475
52.505 56.309 62.455
56.792 59.953 61.989
56.747 60.936 62.188
52.767 58.325 62.236
56.940 60.142 62.260
52.515 58.152 62.554
52.656 57.091 62.108
53.388 55.497 57.339
56.669 59.901 62.173
53.404 57.550 62.458
52.543 55.091 57.027
52.437 57.300 62.594
52.286 55.325 57.230
52.348 59.018 62.210
52.472 58.330 62.458
52.866 57.692 62.466
52.128 55.564 62.409
52.702 56.416 62.484
53.430 58.502 62.670
56.544 57.044 57.495
52.612 56.135 61.687
52.440 56.540 62.983
52.903 59.210 62.251
53.199 56.434 62.220
52.858 56.142 57.468
52.305 56.518 62.582
52.561 58.101 62.204
52.923 54.659 56.987
53.751 59.269 62.590
52.536 58.564 62.610
52.323 59.194 62.486
52.580 58.248 62.080
52.842 57.518 62.524
56.911 60.009 62.148
52.772 58.280 62.589
53.294 59.398 62.346
52.806 57.395 62.397
62.050 62.307 62.535
52.433 54.414 57.505
53.074 55.536 57.196
52.861 58.583 62.463
52.356 59.096 62.429
52.348 57.214 61.930
52.625 58.360 62.641
52.618 58.532 62.446
52.560 55.221 61.643
56.694 61.143 62.501
56.565 58.991 62.230
52.993 58.364 62.243
56.579 60.045 62.217
52.453 55.383 62.226
52.982 56.402 61.955
52.484 54.496 57.210
61.646 62.107 62.511
52.499 53.614 56.608
52.438 54.286 56.726
53.041 58.301 62.381
52.436 53.699 57.110
52.458 58.315 62.281
56.497 59.000 62.437
52.378 57.181 61.977
52.523 57.273 62.510
52.699 57.496 62.853
56.686 58.934 62.000
53.038 59.269 62.453
52.775 55.167 56.755
52.241 57.182 62.333
52.459 54.522 57.312
53.059 55.241 56.874
53.275 57.195 61.987
52.470 57.180 62.403
52.722 57.227 61.954
53.361 57.366 62.334
52.360 57.224 62.132
52.845 56.385 62.175
53.150 58.456 63.274
52.997 56.239 57.202
52.711 56.531 62.288
53.013 58.235 62.317
52.722 56.369 62.483
52.526 54.523 61.992
52.807 58.029 61.884
52.695 56.390 62.256
56.519 59.801 61.956
56.690 60.037 62.679
52.804 58.320 61.941
56.597 58.787 61.922
56.841 59.219 62.406
52.511 56.358 62.119
56.479 60.956 62.423
52.997 57.449 61.866
53.392 60.232 65.121
52.755 54.618 57.337
52.394 57.955 61.913
53.099 58.276 62.501
52.484 56.163 62.160
52.511 56.182 62.108
52.741 55.688 62.732
53.194 57.477 62.202
52.317 56.144 62.020
56.581 60.017 62.130
52.609 56.392 62.005
56.672 61.064 62.483
52.966 55.260 56.878
52.173 57.121 62.156
52.328 56.135 61.945
52.697 58.086 62.367
52.702 60.342 62.705
53.226 57.201 62.109
52.291 55.282 61.656
62.120 62.151 62.192
52.634 55.413 61.937
52.424 56.147 57.650
52.474 56.933 61.784
53.202 58.329 62.401
52.688 57.237 62.085
52.374 57.377 62.243
53.012 58.360 61.930
52.953 58.054 62.504
52.570 57.495 62.910
56.641 60.275 63.909
52.542 58.441 62.361
52.518 58.091 62.290
52.290 57.354 62.161
52.438 56.301 62.332
52.724 58.038 62.062
52.283 55.880 57.143
52.387 57.962 62.121
52.519 57.255 62.464
52.796 57.994 62.267
52.233 55.403 62.559
52.518 58.555 62.704
52.782 56.608 62.457
52.294 54.649 62.498
53.147 57.433 62.112
52.822 57.212 61.756
52.408 55.821 62.212
52.884 56.336 61.923
52.080 57.106 61.972
52.580 55.327 57.707
52.295 57.234 62.140
53.335 58.191 62.062
52.380 56.396 62.416
53.323 59.447 62.835
53.364 56.306 57.529
56.811 59.026 62.286
52.651 57.247 62.556
52.636 54.305 56.682
52.922 54.577 56.852
53.072 56.295 61.760
52.969 55.388 57.094
52.741 59.436 62.569
53.157 57.488 62.231
52.892 59.274 62.536
52.810 56.280 62.158
52.630 54.796 61.932
52.603 56.121 61.707
52.541 57.159 62.628
53.430 57.163 62.082
52.483 58.136 62.069
52.367 57.923 61.945
52.624 57.296 62.289
52.285 54.678 62.435
53.266 58.320 62.270
52.592 55.323 61.881
52.671 58.163 62.016
52.674 55.582 61.762
52.830 56.402 62.061
52.644 55.590 62.046
52.991 57.280 62.282
52.962 60.279 62.188
52.722 59.084 62.403
53.174 58.091 62.183
52.499 58.041 62.096
56.520 59.943 62.100
52.726 57.087 62.043
52.429 56.454 62.413
53.263 58.286 62.537
52.521 55.621 62.209
52.620 59.203 62.323
52.958 57.045 62.332
52.476 54.707 62.229
52.922 59.092 62.152
52.594 57.222 62.220
52.523 58.166 62.669
52.838 57.399 62.470
52.243 56.397 62.438
52.648 55.618 57.718
52.580 56.217 61.953
52.791 58.308 62.607
52.504 56.070 57.313
56.599 58.961 61.970
52.475 58.307 62.219
52.172 57.854 62.333
52.355 57.382 62.469
52.267 56.211 61.966
52.278 54.933 56.651
52.647 58.172 62.186
52.473 55.520 62.156
52.977 56.618 62.729
52.669 55.869 62.145
56.633 60.057 62.524
52.263 58.064 62.236
52.842 58.525 63.354
52.791 56.285 62.172
52.504 59.274 62.469
56.505 57.856 62.320
52.160 58.190 62.244
53.020 55.611 61.650
52.228 56.271 62.309
52.694 58.175 62.259
52.342 57.864 61.872
52.241 55.339 62.360
52.510 56.324 62.197
56.805 60.962 62.111
52.792 58.252 61.999
52.729 57.245 61.844
52.202 54.424 57.645
52.470 56.479 62.290
52.231 57.863 61.971
52.488 58.367 62.323
52.421 57.102 61.817
52.955 59.212 62.225
56.943 59.179 62.375
52.450 57.122 62.565
52.767 57.534 62.482
53.407 57.170 62.266
53.274 60.314 62.569
52.865 54.866 62.277
52.658 55.432 61.781
52.895 58.168 62.310
56.692 58.867 62.078
52.567 58.403 62.252
52.695 56.308 62.037
53.125 56.420 62.218
52.347 58.306 62.307
52.600 57.227 62.218
52.282 54.493 57.015
53.570 56.370 57.707
52.371 55.257 57.164
53.176 56.420 62.154
53.032 55.523 57.347
52.214 55.257 61.720
52.974 57.061 62.147
52.357 55.404 62.250
52.360 55.422 61.965
52.909 57.471 62.581
52.611 58.401 62.459
52.537 56.961 61.700
52.479 55.505 61.923
52.601 55.346 57.732
52.542 57.562 63.119
56.487 57.841 62.082
56.715 61.184 62.782
52.776 56.426 62.025
53.088 58.206 62.353
52.877 57.455 62.307
52.322 55.315 57.245
52.197 54.427 61.793
53.332 59.460 62.479
52.380 57.141 62.067
52.650 59.290 62.422
56.732 58.430 61.794
52.978 59.398 62.389
52.873 57.540 62.315
53.858 58.103 64.411
52.569 54.593 58.083
56.995 60.124 62.307
52.535 55.495 62.008
52.330 58.416 62.468
56.875 59.928 62.113
56.343 59.976 62.371
52.571 56.241 61.957
53.031 56.399 61.909
53.264 58.385 62.713
52.639 56.757 62.591
52.985 58.380 62.433
52.622 54.634 61.716
53.017 56.553 61.954
53.029 59.252 62.393
52.640 57.320 62.340
56.845 59.301 63.012
52.467 54.335 57.311
62.002 62.257 62.615
52.398 57.255 62.194
53.212 58.122 62.265
52.373 56.376 62.365
52.851 58.249 62.539
53.083 54.782 57.129
52.869 56.973 62.041
52.687 59.378 62.365
52.598 56.434 62.416
52.636 53.735 56.697
52.458 57.379 62.692
52.296 54.445 57.161
52.557 57.242 62.119
52.793 57.413 62.181
52.458 57.420 62.337
52.309 56.826 63.463
52.328 57.379 63.019
52.402 58.158 62.074
52.663 58.105 62.262
52.613 57.596 62.880
57.123 60.403 62.636
52.681 55.045 63.173
52.358 56.413 61.817
52.328 54.879 61.793
78.191 90.398 103.734
91.512 101.803 107.773
56.942 60.424 63.603
52.446 57.569 62.657
52.665 57.154 62.250
52.746 56.314 62.504
52.425 56.193 62.039
56.704 60.948 62.190
52.629 54.669 61.817
52.354 58.875 61.974
52.826 57.203 62.973
52.181 57.244 62.471
52.602 56.566 62.405
52.411 56.274 62.201
53.322 57.203 62.362
56.619 59.803 62.036
52.165 56.244 62.249
52.778 56.912 61.956
53.429 59.274 62.072
52.219 58.309 63.271
52.914 59.318 62.188
52.723 56.684 62.049
52.680 57.344 62.351
53.009 59.173 62.324
53.276 58.408 62.274
52.552 55.124 57.144
52.521 56.974 62.035
52.511 53.660 57.067
57.120 60.346 63.310
53.086 56.490 62.074
52.698 57.442 62.213
53.286 57.583 62.344
52.544 57.075 62.169
52.743 58.251 62.197
52.890 57.121 61.979
52.713 58.277 62.442
52.721 58.280 62.347
52.728 57.672 64.002
52.981 57.183 62.110
53.160 59.387 62.393
56.698 58.910 62.062
52.479 56.162 61.602
52.685 58.269 62.121
52.912 58.033 61.996
52.711 57.419 62.440
52.968 58.056 62.181
52.940 57.204 62.232
52.305 57.312 61.905
52.462 55.463 62.423
52.484 58.135 62.381
52.628 57.949 61.862
53.204 57.959 62.484
57.095 60.133 62.170
53.114 57.504 62.158
52.579 57.291 62.345
52.763 55.336 57.447
56.714 59.065 62.299
53.231 55.696 57.422
52.806 58.435 62.398
56.847 59.070 62.207
52.918 59.142 62.343
52.602 55.751 63.183
52.277 53.803 56.864
52.593 57.448 62.255
56.652 61.248 62.588
52.666 55.315 57.066
56.456 61.345 63.002
52.744 58.651 61.834
52.450 59.127 62.362
52.510 57.339 62.236
52.782 56.390 61.938
53.038 56.506 62.388
52.249 57.081 62.042
52.452 57.310 62.392
53.319 58.188 61.814
52.646 57.433 62.462
53.621 57.298 62.151
56.432 58.790 61.840
53.422 58.369 61.997
52.263 57.241 62.276
52.901 58.754 63.062
53.065 56.467 62.472
52.693 60.264 62.236
57.009 61.096 62.507
52.813 55.379 57.329
53.183 58.701 62.529
53.016 59.394 62.388
52.808 58.016 61.980
52.569 55.342 57.426
52.216 56.179 62.222
52.961 58.377 62.588
52.320 57.111 62.007
52.807 54.628 57.379
52.980 59.406 62.622
57.138 61.196 62.457
52.692 54.599 57.383
52.244 58.328 62.384
52.555 57.759 62.312
52.732 58.527 62.846
52.495 57.319 62.292
52.693 55.752 62.357
56.722 57.168 57.576
56.480 57.963 62.060
57.044 60.401 63.636
52.838 55.537 57.353
53.046 57.470 62.101
52.564 56.866 62.845
52.392 57.308 62.264
52.671 58.040 62.069
53.249 57.493 62.565
52.634 58.146 62.144
53.092 58.185 62.144
52.722 59.363 62.659
52.833 56.675 62.132
53.096 58.318 62.527
52.955 59.291 62.481
52.630 59.246 62.238
52.822 57.045 61.917
52.875 59.207 62.290
52.538 57.393 62.472
52.912 57.000 62.206
52.582 57.291 62.236
52.755 57.319 62.161
56.854 61.130 62.458
52.228 56.403 62.297
52.837 58.394 62.218
52.352 55.468 61.938
52.451 57.232 62.088
53.125 59.344 62.509
52.759 56.365 62.122
52.526 60.193 62.240
52.707 55.336 57.383
56.744 58.009 62.342
52.703 55.494 62.400
52.682 54.517 56.552
52.884 58.337 62.603
52.521 55.596 61.712
52.341 55.318 62.271
52.819 56.213 61.909
56.872 61.072 62.457
52.603 57.132 61.962
52.409 77.202 111.406
53.276 58.291 62.298
52.502 56.763 62.319
107.064 112.941 116.777
53.286 56.191 57.310
58.027 82.004 116.265
69.677 95.153 111.189
101.871 111.486 116.720
52.645 55.589 61.966
53.002 90.236 116.606
52.500 57.057 61.852
52.822 56.502 62.019
52.584 57.294 62.185
52.758 55.519 57.458
52.931 57.514 61.931
52.746 57.386 62.098
52.650 57.490 62.823
57.031 60.516 63.307
52.629 56.719 62.648
53.610 59.706 67.657
52.868 57.555 62.103
52.690 58.165 62.741
52.275 59.324 62.753
52.938 59.428 62.458
52.599 55.629 61.976
52.440 54.441 56.875
52.354 57.392 62.537
52.520 57.230 62.473
53.295 57.680 62.604
53.148 59.550 62.560
53.761 57.524 62.117
52.497 57.439 62.368
56.824 60.242 62.498
56.649 57.928 62.193
57.192 61.241 62.579
52.908 55.639 62.540
52.976 57.563 62.403
53.384 59.274 62.314
52.953 56.331 61.931
52.987 54.884 58.282
53.104 56.310 63.512
54.467 57.504 59.352
53.168 59.492 63.082
53.767 59.078 64.248
52.471 56.161 62.016
52.888 59.564 63.980
52.974 58.153 62.393
52.797 58.319 62.290
52.911 59.729 64.468
52.775 56.673 62.088
52.320 57.139 61.853
53.472 58.301 62.096
54.308 62.231 73.166
52.480 58.789 67.577
52.405 56.712 62.615
53.767 56.780 62.081
53.795 58.756 63.513
52.595 57.698 62.257
52.656 57.431 62.458
52.935 54.673 56.866
52.980 57.971 62.674
57.896 61.370 62.570
52.953 58.878 62.680
75.856 79.235 84.211
52.662 58.875 64.575
57.565 59.926 64.152
52.296 57.542 64.228
53.026 59.838 65.964
52.322 56.737 62.186
52.461 57.478 63.182
52.719 59.565 63.719
52.534 56.381 58.349
56.741 61.983 64.793
52.440 56.682 62.732
56.900 58.291 62.270
52.255 56.151 62.177
53.094 59.464 62.447
53.532 57.480 62.292
57.059 60.210 62.279
52.325 57.342 62.194
53.328 58.185 62.262
53.530 59.348 62.474
52.493 58.432 62.622
52.657 57.390 62.533
52.702 54.942 61.992
52.198 55.491 63.067
52.748 58.412 62.309
52.960 58.484 62.527
53.038 57.626 62.212
52.741 57.336 62.075
52.744 57.348 62.018
52.861 57.933 64.041
53.471 58.262 62.221
52.546 57.160 61.976
53.893 58.596 62.593
53.113 54.779 57.092
53.043 56.145 57.461
52.512 54.825 62.450
52.617 54.691 62.079
52.722 57.393 62.648
56.938 60.258 62.491
52.708 57.551 62.520
52.620 57.243 62.231
52.598 54.522 57.010
52.517 58.067 62.155
53.101 55.305 56.724
53.154 58.232 62.407
52.929 54.509 56.829
52.875 57.612 62.440
52.400 57.351 62.409
52.432 58.110 62.300
53.211 58.312 62.405
56.857 59.028 62.107
52.935 56.402 62.131
52.354 59.223 62.360
52.269 54.391 57.036
53.082 58.060 62.168
52.641 54.599 61.780
52.505 55.795 62.284
52.715 56.028 56.972
53.124 58.159 62.316
52.913 55.676 61.757
53.326 58.453 62.072
53.001 58.340 62.249
52.588 56.998 62.251
52.299 55.200 61.781
52.638 57.239 61.836
52.578 57.961 62.151
56.821 58.043 61.876
56.770 58.855 61.902
52.763 53.777 56.942
52.507 57.431 62.822
53.292 57.278 62.080
52.866 57.619 62.594
52.724 56.707 62.126
53.044 57.466 62.238
52.395 56.128 61.984
53.218 59.230 62.374
52.442 54.341 56.804
52.871 57.279 61.988
52.377 56.183 61.752
56.677 58.878 62.027
53.345 56.292 57.193
56.683 57.923 62.104
52.860 58.164 62.082
52.606 55.102 56.618
52.609 56.106 57.146
52.445 56.323 62.314
56.795 58.088 62.380
53.561 57.322 62.357
56.807 57.932 61.642
52.548 56.480 62.168
52.842 56.639 62.309
56.532 60.011 62.316
52.291 57.280 62.301
52.306 57.041 61.993
53.074 57.366 62.410
56.744 57.943 62.207
52.906 59.166 62.169
52.782 54.843 62.299
52.806 55.609 61.784
52.579 58.281 62.167
56.771 60.962 62.092
52.822 57.398 62.435
53.025 59.102 62.253
53.019 56.432 62.052
52.628 57.095 62.210
52.960 54.732 56.967
52.100 56.626 62.561
52.724 58.200 62.386
52.491 57.288 62.554
53.163 59.331 62.027
56.707 56.990 57.156
56.604 59.872 62.347
52.690 56.240 61.721
52.522 55.589 62.008
53.022 58.536 62.265
53.081 58.122 62.173
52.392 57.262 62.080
52.463 56.319 62.193
52.255 56.535 62.049
52.783 58.372 62.554
52.356 59.015 62.276
52.415 55.413 61.998
52.562 56.360 61.931
52.570 58.138 62.162
52.633 60.215 62.329
52.444 55.545 62.341
52.705 55.645 62.175
52.670 56.303 61.828
52.472 54.509 57.222
53.083 57.619 62.382
57.142 61.037 62.332
53.248 58.284 62.342
53.093 60.255 62.416
56.534 59.937 62.241
53.217 57.269 61.932
52.485 56.424 62.373
52.534 59.209 62.305
52.879 58.271 62.566
52.315 56.191 62.294
52.668 56.398 62.085
52.860 57.176 61.943
53.516 59.481 62.671
52.355 54.370 56.903
52.846 59.254 62.563
52.268 57.169 62.200
52.686 57.148 62.242
52.760 58.062 62.139
52.443 58.189 62.195
52.644 57.291 62.095
52.506 53.718 56.876
52.328 56.285 61.776
52.757 57.473 62.232
52.799 57.147 61.829
52.640 57.223 62.084
53.395 54.853 56.960
52.222 58.976 62.034
53.015 59.424 62.583
52.542 58.202 62.192
56.896 59.972 62.067
52.771 58.375 62.616
53.412 58.343 62.438
56.699 61.048 62.400
53.218 56.486 62.250
52.399 55.271 61.929
53.020 59.324 62.503
52.892 56.312 61.797
61.930 62.163 62.436
52.988 56.468 62.659
52.675 58.091 62.272
52.679 58.132 62.484
52.381 57.412 62.482
52.790 55.851 62.108
52.419 53.725 57.814
52.304 54.984 56.910
53.563 60.375 62.493
53.281 58.269 62.356
52.816 54.087 57.267
52.407 54.235 57.120
52.409 53.623 56.814
53.248 57.258 62.121
52.926 59.342 62.195
53.215 59.404 62.394
52.716 55.217 57.117
57.111 60.826 61.898
53.602 57.587 62.236
52.299 58.349 62.593
52.564 54.334 57.146
52.695 55.090 56.810
52.410 55.260 61.835
52.183 54.537 62.092
52.458 58.287 62.248
52.728 55.713 62.472
52.703 55.254 57.260
53.074 54.735 56.829
52.772 57.326 62.094
52.707 58.307 62.670
52.757 56.511 62.099
53.486 56.261 57.167
52.711 57.349 61.973
52.863 59.193 62.276
53.249 58.793 62.753
52.720 55.427 57.386
52.496 57.147 62.477
52.589 56.718 62.259
52.377 56.669 62.608
52.878 58.172 62.182
56.822 60.013 62.110
56.680 59.044 62.377
52.478 59.017 62.031
52.137 56.187 62.348
52.873 60.150 62.398
52.631 60.309 62.546
52.590 57.094 61.868
52.427 58.233 62.360
52.782 54.482 56.820
52.451 55.731 62.657
52.302 60.186 62.374
52.604 57.129 62.130
52.680 57.338 62.129
53.286 59.345 62.242
52.324 53.715 57.283
52.207 55.496 62.286
56.897 60.991 62.396
52.418 52.879 53.183
56.785 59.122 62.383
52.687 57.186 62.370
52.626 54.597 61.814
52.205 57.047 62.441
57.081 61.224 62.477
52.606 56.956 61.898
52.630 58.225 62.582
52.798 58.056 62.350
52.489 57.313 62.254
53.212 56.666 62.436
52.706 57.423 62.576
52.547 58.161 62.277
52.280 57.409 62.421
52.171 54.191 56.907
52.507 57.377 62.287
53.122 57.253 62.158
57.116 61.203 62.511
52.375 55.388 57.466
57.089 61.261 62.543
53.129 55.532 56.988
53.380 58.222 62.099
52.889 55.373 57.226
52.382 55.305 57.248
56.536 60.099 62.771
52.473 55.661 61.932
52.501 56.313 62.346
52.899 57.430 62.514
52.525 55.394 61.971
52.234 56.121 61.990
52.294 57.942 61.961
52.480 56.508 62.168
52.338 59.268 62.404
52.202 55.492 62.371
52.658 54.539 57.176
52.488 55.047 56.819
56.616 58.983 62.217
53.415 57.518 62.556
52.913 59.324 62.189
56.816 61.183 62.687
53.329 57.126 62.262
52.538 58.631 62.405
52.952 58.214 62.213
52.820 56.298 62.250
53.023 56.029 56.944
52.756 57.458 62.216
52.891 57.572 62.575
56.614 57.915 62.235
52.381 57.268 62.248
53.306 57.751 62.388
52.266 56.155 61.723
52.743 58.075 62.316
52.526 58.202 62.421
56.655 57.979 61.774
52.611 56.264 61.924
57.073 61.112 62.311
53.051 57.614 62.380
53.228 56.262 57.231
52.611 55.069 61.858
52.808 57.634 62.428
53.261 59.576 62.562
52.928 58.152 61.961
52.648 58.197 62.350
56.433 58.877 62.109
52.596 58.333 62.417
53.130 58.656 62.338
53.087 59.342 62.311
52.501 58.276 62.075
52.461 55.383 62.001
52.724 59.310 62.346
52.942 56.405 62.000
52.472 57.273 62.639
52.584 56.438 62.034
53.684 58.237 62.032
52.816 56.838 62.453
52.553 58.209 62.107
52.609 58.373 62.368
52.420 55.456 62.441
52.716 55.602 62.415
52.292 60.378 62.696
52.333 59.304 62.656
52.730 56.611 62.086
56.567 58.033 62.065
52.808 57.624 62.497
52.833 60.374 62.514
52.691 55.503 62.263
53.757 58.670 62.474
52.815 57.368 62.047
52.822 60.218 62.440
52.349 55.090 57.015
52.419 54.675 62.326
52.921 56.540 62.634
53.063 56.569 62.386
56.959 61.097 62.327
56.925 59.064 62.230
57.093 61.073 62.403
52.328 60.107 62.396
52.795 56.202 61.792
52.300 56.280 62.599
52.705 56.031 57.129
52.358 55.438 62.423
53.341 57.604 62.134
52.891 57.730 62.596
52.500 57.995 62.091
53.692 58.442 62.461
52.681 58.007 62.141
52.812 60.219 62.498
52.744 56.327 61.828
52.393 56.223 62.490
52.910 58.210 62.579
52.705 57.529 62.417
52.776 58.034 61.999
52.265 53.499 56.551
56.350 60.080 62.615
52.614 54.436 56.825
52.528 55.439 57.208
52.580 55.457 61.791
52.551 55.361 62.046
52.304 57.171 62.376
52.744 58.483 62.274
52.586 56.639 62.589
52.320 55.362 61.982
52.308 56.347 62.095
52.339 55.393 62.222
52.702 57.508 62.224
53.323 58.352 62.482
52.750 57.376 62.068
56.902 60.005 62.141
53.505 58.288 62.034
52.548 54.812 57.333
52.480 56.323 62.143
56.735 60.034 62.391
56.571 59.804 62.111
53.056 58.494 62.097
52.202 56.051 61.724
52.251 54.662 61.999
52.455 55.268 57.592
53.467 60.358 62.360
52.970 57.392 62.227
52.321 57.180 62.487
52.297 59.072 62.478
52.338 55.257 57.144
52.468 53.630 56.858
53.031 56.455 61.966
56.731 59.940 62.417
56.731 60.116 62.346
52.596 57.235 62.227
52.517 59.198 62.102
52.678 59.171 62.306
53.172 57.213 61.894
52.515 57.385 62.331
52.439 55.326 62.152
52.891 58.170 62.012
52.436 58.314 62.448
52.642 58.108 62.262
53.063 57.136 62.392
52.349 55.432 62.168
52.554 60.282 62.627
56.680 58.919 62.095
53.072 57.985 63.520
52.710 55.224 56.994
56.644 59.078 62.553
52.413 53.659 56.582
52.326 53.891 57.528
53.375 57.457 62.315
52.656 57.463 62.512
52.497 54.419 56.958
52.390 55.386 62.048
52.730 56.487 62.463
57.096 60.208 62.467
53.183 58.082 61.935
52.337 55.448 62.438
52.598 54.615 57.645
52.672 55.459 61.891
52.341 53.439 56.897
52.441 56.196 62.084
52.963 56.590 61.912
52.742 57.181 62.199
52.378 56.197 62.213
52.493 58.972 62.078
52.339 58.171 62.232
56.676 60.933 62.653
52.913 58.289 62.211
52.540 55.432 62.223
52.516 55.377 62.302
56.720 59.925 62.073
52.800 57.638 62.227
52.208 55.149 57.294
52.333 57.222 62.383
53.329 58.274 62.595
52.479 59.079 62.434
53.562 58.276 62.135
52.493 56.194 62.024
53.031 57.153 62.305
53.249 58.136 62.161
52.389 55.545 62.023
52.653 55.860 56.803
56.616 59.933 62.474
52.726 56.618 62.460
52.936 59.393 62.379
56.408 58.891 62.327
52.665 56.212 61.861
52.876 59.311 62.537
52.274 55.590 62.370
56.532 58.886 62.232
53.194 58.071 62.121
52.729 57.531 62.398
52.243 57.061 62.306
53.348 60.238 62.172
53.365 57.216 62.236
56.779 58.961 62.338
52.270 55.444 62.335
53.416 60.339 62.294
52.843 59.111 62.014
52.714 57.394 62.385
53.004 56.324 61.828
52.756 57.449 62.221
56.954 60.069 62.504
52.978 56.878 61.991
53.459 58.244 61.972
52.679 55.351 57.848
52.963 57.091 61.713
52.662 57.323 62.081
52.314 56.292 62.064
53.027 59.278 62.606
52.737 54.341 56.612
61.901 66.161 70.421
52.592 56.446 62.743
52.860 57.108 62.270
52.564 56.301 61.761
52.592 56.243 61.989
52.451 58.271 62.354
53.202 56.517 62.067
52.799 58.649 62.496
56.667 60.148 63.045
52.781 58.310 62.423
53.473 57.113 61.949
56.512 58.776 62.410
52.368 57.556 62.232
52.419 55.527 62.442
52.648 55.648 62.088
52.709 56.968 62.144
52.631 56.434 61.889
56.433 58.008 62.360
56.431 58.978 62.696
52.618 56.284 61.893
52.416 56.288 62.196
53.281 56.324 62.290
53.295 57.169 62.241
56.487 59.941 62.183
56.858 61.179 62.544
52.836 56.571 61.801
56.848 60.035 62.450
53.684 59.381 62.272
52.481 54.503 56.641
52.405 56.996 61.998
52.777 58.294 62.553
52.738 57.253 62.193
52.380 57.352 62.131
52.376 55.367 61.882
53.215 59.336 62.311
52.353 58.085 62.221
52.288 56.459 61.881
52.456 56.892 62.044
57.037 61.468 63.147
52.418 58.000 62.370
52.642 59.207 62.218
52.536 54.723 57.778
57.111 60.289 62.506
52.636 56.370 62.360
52.693 54.686 62.062
52.456 56.288 61.760
52.206 57.128 62.090
52.756 55.436 57.135
52.573 56.685 62.498
56.762 59.091 62.220
52.542 57.273 62.371
53.236 57.200 62.280
52.789 58.502 62.394
52.894 58.080 62.221
52.962 55.387 57.025
52.293 56.246 61.843
52.477 57.361 62.135
52.250 56.166 61.941
52.965 58.222 62.416
53.241 58.098 61.952
52.544 56.254 61.745
56.802 61.195 62.496
52.891 59.209 62.181
52.332 56.505 62.283
52.566 56.297 61.839
52.674 54.519 57.500
52.279 55.247 62.414
52.216 54.232 56.909
57.071 58.125 62.131
52.963 59.314 62.335
53.070 57.757 63.137
52.626 56.197 61.871
52.600 54.721 57.030
53.006 56.382 62.218
52.775 55.704 61.757
56.645 57.962 62.279
52.754 56.611 62.279
52.516 59.000 62.033
52.720 55.208 57.127
52.507 57.268 62.362
56.529 57.932 62.340
52.708 55.123 56.976
53.342 57.355 62.150
52.816 57.402 61.971
53.088 56.528 62.350
52.132 59.209 62.570
52.422 58.159 62.253
52.250 54.525 57.417
52.632 58.175 62.638
52.726 56.237 57.632
52.427 54.991 56.964
52.507 56.165 61.823
53.240 56.241 57.173
56.692 59.966 62.355
53.125 59.163 62.337
52.674 57.384 62.213
52.422 58.110 61.935
52.320 54.497 57.027
53.480 59.250 62.549
52.591 56.268 62.132
52.793 55.528 61.950
53.380 58.190 62.360
52.608 56.149 62.097
52.579 56.419 62.382
52.990 56.395 61.821
52.413 54.514 57.550
52.682 56.383 61.756
52.164 58.351 62.331
52.352 58.485 62.192
52.312 52.571 52.943
56.526 60.938 62.389
52.896 57.554 62.386
53.081 57.456 62.421
52.786 58.113 62.145
52.717 55.561 62.227
52.414 55.615 61.980
52.422 57.257 62.191
52.752 57.365 62.390
52.960 58.383 62.045
56.882 60.087 62.337
52.873 56.568 62.104
53.124 58.446 62.450
56.728 59.841 61.913
52.293 55.072 56.962
56.738 59.086 62.780
52.705 56.231 61.964
52.670 56.763 62.513
52.478 55.526 62.040
52.498 60.422 62.539
52.750 57.270 62.329
52.229 55.178 61.709
53.310 58.319 62.737
52.652 55.037 62.336
53.098 59.276 62.562
53.468 59.315 62.518
52.900 58.296 62.317
52.870 59.381 62.807
52.442 55.457 62.388
52.456 55.625 62.116
52.315 58.023 62.152
52.823 59.136 62.148
53.408 58.363 62.382
52.211 52.664 53.570
53.251 58.334 62.266
57.029 59.216 62.334
52.491 57.333 62.301
52.432 60.161 62.334
52.555 58.368 63.042
52.275 54.294 57.049
52.409 56.173 62.373
53.209 58.284 62.328
52.489 54.494 57.430
52.565 58.250 62.509
52.960 57.416 62.263
52.353 57.412 62.849
52.792 57.214 61.960
52.270 57.925 62.115
52.927 56.321 61.740
52.177 55.443 62.532
52.728 57.197 62.244
52.789 56.617 62.547
53.005 57.595 63.169
52.698 56.538 62.258
52.557 56.131 61.678
56.506 58.901 62.169
52.575 54.661 62.276
52.593 57.356 62.390
52.486 58.254 62.457
52.499 57.187 61.959
52.963 58.238 62.484
52.700 57.358 62.462
53.081 58.115 62.103
56.506 60.006 62.551
52.125 56.339 62.573
52.744 60.494 63.006
53.166 57.420 62.269
52.796 55.627 62.619
52.400 56.143 62.345
52.294 59.191 62.233
52.730 58.084 62.211
56.535 56.961 57.580
52.798 59.140 62.334
52.527 59.143 62.296
52.278 58.270 62.177
52.316 54.563 57.155
56.778 59.215 62.582
52.541 53.982 56.800
52.896 55.500 57.279
52.623 56.604 62.375
56.539 58.732 62.040
56.917 60.186 62.277
56.558 58.991 62.468
52.897 56.804 62.346
52.471 57.151 62.085
52.670 57.927 62.073
53.358 58.229 62.322
53.044 58.163 62.332
52.806 57.339 62.379
53.079 57.215 62.463
52.187 56.888 61.649
52.585 58.331 62.360
52.371 54.653 61.660
52.361 57.281 62.711
53.156 58.164 62.229
52.955 59.321 62.285
52.749 57.562 62.536
56.794 59.973 62.304
56.531 57.793 62.067
52.279 58.576 62.192
56.535 57.857 62.031
52.542 58.102 62.250
52.481 55.517 62.042
53.902 56.282 57.118
52.503 55.436 62.624
52.570 57.203 61.859
56.978 60.999 62.392
52.672 56.194 61.886
53.262 57.219 62.359
56.407 59.986 61.976
52.862 58.262 62.106
52.665 57.682 67.137
52.569 60.123 62.381
52.885 56.339 61.975
52.242 55.411 62.438
52.304 54.453 62.067
52.357 55.622 61.787
52.495 55.028 56.711
52.352 57.406 62.153
52.604 55.737 62.091
52.458 56.281 62.236
52.975 56.156 57.285
53.256 57.155 62.037
52.300 55.443 62.092
53.319 58.730 62.690
52.500 56.933 61.642
52.356 54.399 57.033
52.613 57.438 62.705
56.544 59.888 62.127
52.336 57.100 61.787
52.834 60.393 62.615
52.786 58.257 62.490
52.292 56.106 62.015
52.692 58.360 62.212
52.346 55.574 62.209
52.797 56.290 62.062
52.740 56.313 62.538
52.737 56.568 62.339
61.807 62.282 63.526
52.573 58.994 61.909
56.574 59.013 62.237
56.578 59.773 62.001
52.843 59.091 62.230
52.757 55.326 61.779
52.528 57.428 62.469
56.601 59.953 62.384
52.508 56.310 62.202
53.087 55.115 62.377
52.329 56.318 62.094
52.589 56.358 61.974
52.822 57.999 61.984
52.530 54.538 62.075
52.933 56.416 62.090
52.258 56.257 62.189
52.532 59.135 62.336
52.437 58.260 62.374
52.740 56.669 62.403
52.543 56.362 62.396
52.204 58.171 61.916
52.355 58.100 62.756
52.478 57.359 62.309
52.829 60.264 62.264
52.581 57.246 61.907
53.806 60.584 62.378
53.639 56.421 57.594
52.276 57.182 62.065
52.152 54.231 56.812
52.467 55.707 62.580
52.849 58.247 62.546
52.238 58.082 62.205
53.040 57.143 61.996
52.237 54.340 57.130
52.674 58.387 62.152
52.675 58.339 62.169
52.424 59.153 62.571
52.329 53.704 56.823
52.822 57.324 61.811
52.147 58.195 62.172
56.812 58.193 62.205
52.382 55.504 61.975
56.548 59.871 61.995
52.463 56.449 62.948
56.751 59.058 62.390
53.124 57.304 62.541
52.753 56.329 62.320
52.385 54.625 57.150
56.984 59.219 62.470
52.711 57.370 62.818
52.517 55.344 61.760
53.619 59.393 62.243
56.438 59.041 62.134
52.362 54.541 57.286
52.514 58.122 62.490
52.991 56.249 57.479
53.186 58.298 62.637
53.303 60.420 62.402
52.439 58.301 62.641
52.540 55.469 61.963
52.865 59.531 63.212
52.921 57.343 61.805
52.805 58.395 62.020
52.784 56.268 61.971
52.776 55.708 62.534
52.711 57.156 61.872
52.640 56.990 62.077
52.904 59.162 62.141
52.425 57.332 62.396
52.702 55.540 62.209
53.342 59.395 62.631
56.838 59.051 62.180
52.244 56.480 62.302
53.064 58.291 62.387
53.108 56.533 62.153
52.479 59.223 62.748
52.489 53.859 56.673
52.711 54.976 61.714
52.665 58.322 62.301
57.122 60.174 62.276
52.772 57.176 62.262
53.306 59.462 62.545
52.415 57.451 62.220
52.886 57.274 61.931
52.816 59.348 62.351
52.743 56.358 62.234
52.759 60.385 62.502
52.949 59.508 62.712
52.300 54.300 57.050
53.448 58.291 62.343
53.522 57.337 62.532
54.045 56.272 57.139
53.553 59.290 64.051
56.578 61.070 62.728
52.888 54.483 56.615
52.392 54.489 56.953
53.369 58.270 62.337
52.930 58.446 62.000
57.028 61.199 62.416
52.508 57.156 62.080
53.160 57.315 62.288
52.913 59.162 62.255
56.679 58.038 62.255
52.473 56.420 62.022
52.484 59.477 63.413
56.653 59.000 62.487
52.497 57.422 62.633
52.632 58.438 62.838
52.762 57.491 62.060
52.311 54.672 62.552
53.229 56.227 57.562
52.946 58.189 62.858
52.512 58.403 63.035
52.995 56.746 62.381
52.507 55.459 62.030
52.421 56.191 61.949
52.501 54.478 57.195
52.153 57.346 62.597
57.094 60.115 62.300
52.499 59.600 62.522
52.769 57.562 62.437
52.663 58.075 62.226
53.062 55.870 62.321
52.696 55.876 61.993
52.945 57.308 61.964
52.438 58.540 63.219
53.021 57.443 62.371
52.780 57.625 62.406
52.438 57.540 62.984
53.770 58.101 62.335
52.445 59.322 62.408
52.818 57.674 62.770
53.318 57.445 62.225
52.965 57.447 62.183
53.206 56.522 62.137
53.190 57.630 62.699
53.484 59.288 62.209
52.822 56.046 62.860
52.560 57.410 62.215
53.039 57.105 62.638
52.688 56.360 62.635
52.547 56.325 62.337
52.549 58.065 62.184
52.218 55.301 57.231
52.306 57.333 62.522
52.818 55.659 62.309
52.674 57.435 62.547
52.853 56.386 62.461
52.689 56.241 62.133
52.528 56.555 62.696
52.391 57.236 62.415
53.050 59.406 62.801
52.528 53.782 56.915
52.894 54.616 57.043
52.856 55.660 62.296
52.574 55.105 56.780
52.569 56.318 62.257
53.027 59.195 61.972
52.580 55.513 62.046
52.659 59.107 62.072
52.389 57.156 62.740
52.762 57.132 62.329
53.033 56.311 61.775
52.346 54.626 62.337
52.456 58.088 62.036
52.569 56.144 62.000
52.228 56.496 62.216
53.380 55.764 61.861
56.611 59.155 62.494
52.662 58.587 62.512
52.240 56.157 61.919
52.290 57.150 62.228
52.473 57.009 61.840
53.118 59.361 62.358
52.782 56.265 61.698
52.797 55.743 62.357
53.423 57.287 62.652
56.624 59.823 61.823
52.357 56.521 62.008
52.708 57.401 62.385
56.783 61.090 62.585
52.249 54.510 61.898
53.123 56.601 62.104
53.046 55.348 56.868
57.084 60.209 62.323
53.018 58.217 62.494
52.527 56.352 61.831
52.645 59.284 62.373
53.314 57.183 62.057
52.383 56.323 62.155
52.884 56.229 57.289
56.880 59.145 62.150
53.148 59.131 62.115
52.283 57.301 62.341
53.160 57.290 61.841
56.453 56.660 56.838
56.471 57.810 61.875
52.672 54.616 56.676
56.305 59.991 62.392
52.272 57.957 62.215
56.548 60.047 62.404
53.548 58.141 62.023
52.304 57.991 62.091
52.986 57.063 62.403
52.204 58.136 62.092
52.727 58.444 62.428
53.229 56.380 62.121
52.774 56.706 62.522
56.610 58.933 62.049
52.604 55.349 61.874
53.038 57.629 62.346
52.918 59.299 62.278
56.492 57.682 61.748
52.520 56.336 62.307
52.457 55.282 57.045
52.792 57.502 62.109
52.500 57.222 62.091
53.037 57.234 62.172
52.319 55.441 61.900
52.497 53.692 56.976
52.774 59.178 62.193
52.315 58.031 61.999
52.667 58.285 62.121
56.924 58.919 62.053
52.223 56.281 62.073
53.100 56.258 62.004
53.041 57.584 62.418
52.417 58.039 62.443
56.716 60.017 62.380
52.484 52.727 52.988
52.421 58.505 62.741
52.701 55.866 62.060
52.710 58.353 62.620
53.106 57.106 62.168
53.533 58.240 62.168
52.678 54.486 56.874
52.682 57.139 62.528
52.343 59.030 62.494
52.459 56.443 62.317
52.559 56.462 62.226
52.848 55.272 57.072
52.892 57.874 62.377
56.683 60.010 62.218
52.129 60.088 62.304
52.482 59.046 62.128
52.281 55.583 62.453
52.637 57.077 62.123
56.661 60.126 62.588
57.382 61.030 62.250
53.528 57.324 62.182
61.854 62.078 62.224
52.685 55.521 61.995
53.099 58.352 62.403
56.592 58.930 62.623
52.489 56.333 62.270
52.554 56.969 61.964
52.176 55.309 61.787
52.596 54.756 57.390
52.268 55.511 57.848
56.622 61.128 62.552
52.287 56.399 61.964
52.923 59.440 62.282
56.830 57.151 57.637
52.775 55.618 57.506
52.516 58.149 62.105
52.862 55.657 61.768
52.682 57.499 62.264
53.417 58.350 62.208
52.642 55.893 62.183
52.494 55.267 61.914
52.372 57.240 61.983
56.470 60.705 61.825
52.308 58.227 62.464
52.467 58.141 62.344
52.559 58.339 62.150
52.625 55.216 57.257
56.612 60.902 62.140
52.595 57.934 61.777
52.317 55.225 61.810
52.755 58.192 62.169
53.147 58.700 62.690
52.631 57.051 62.387
56.574 58.000 62.226
62.131 62.365 62.724
52.347 57.401 62.234
52.755 53.770 57.164
57.792 61.251 62.197
52.355 58.141 62.635
52.253 56.539 62.349
53.119 57.123 62.423
52.643 57.364 62.509
52.951 58.153 62.464
52.353 58.270 62.216
52.429 59.375 63.101
52.649 58.069 62.348
52.618 56.145 62.150
56.583 59.076 62.091
52.517 57.389 62.196
52.801 55.126 56.925
52.922 58.248 62.496
53.197 59.347 62.356
53.462 56.661 62.052
52.939 58.155 62.048
53.027 56.371 61.718
56.485 56.997 57.531
52.921 55.344 57.048
52.824 57.480 62.087
56.634 57.925 62.077
53.124 58.086 62.156
52.802 57.404 62.986
52.386 56.992 61.808
52.499 59.110 62.388
52.708 56.290 62.195
53.064 58.029 62.040
52.868 60.231 62.171
53.141 58.219 62.356
53.233 56.349 57.695
52.822 58.103 62.035
52.350 54.300 56.659
52.769 57.426 62.306
52.612 59.163 62.388
56.881 61.015 62.505
52.843 55.243 56.905
52.449 55.463 61.630
56.842 60.013 62.167
52.651 56.632 62.416
53.245 57.266 62.478
52.160 59.851 61.924
52.657 54.640 62.299
53.053 58.597 62.510
56.744 59.927 62.166
52.361 55.498 62.087
52.515 56.272 62.009
56.791 59.067 62.508
52.908 58.336 62.216
52.686 54.767 62.202
52.430 55.548 62.216
52.547 57.286 61.943
52.919 57.413 62.428
52.551 55.671 61.765
53.131 58.135 62.128
52.993 57.350 62.237
61.773 62.146 62.517
52.370 54.514 62.355
52.336 58.131 62.358
52.740 54.492 57.173
56.840 59.960 62.236
52.591 58.213 62.026
53.301 58.284 62.354
52.639 56.747 62.452
53.195 57.623 62.261
52.682 59.328 62.537
52.623 53.738 57.082
52.589 54.682 57.593
52.822 57.928 61.933
52.467 59.299 62.480
52.810 59.172 62.228
52.914 57.298 61.829
53.049 57.459 62.371
52.554 58.348 62.034
52.719 58.987 61.875
52.648 56.259 61.762
52.446 56.586 62.396
52.567 54.741 61.729
52.646 57.076 62.142
52.375 54.473 57.728
52.652 55.476 57.661
57.069 60.013 62.188
53.116 59.140 62.072
53.036 57.216 62.360
57.187 59.181 62.188
52.680 55.417 61.834
52.300 58.563 62.700
53.117 56.185 57.253
52.845 55.538 62.024
52.319 60.480 62.831
52.617 58.139 62.452
52.681 58.360 62.435
52.510 58.363 62.800
53.051 57.529 62.189
52.653 57.278 62.702
56.908 60.870 62.032
53.204 57.218 61.844
52.780 56.454 62.626
52.233 56.227 58.087
53.136 58.488 62.720
57.058 60.220 62.497
52.323 55.356 62.101
56.476 57.929 62.615
52.498 56.178 62.233
53.583 56.563 61.933
52.532 56.072 61.765
56.566 58.893 62.089
56.665 60.971 62.721
52.628 57.528 62.700
52.549 58.178 62.617
52.811 57.364 62.138
52.344 57.413 62.515
52.544 57.387 62.187
52.920 57.090 61.801
56.761 59.278 62.439
53.064 57.263 62.250
52.347 57.446 62.126
52.747 55.719 61.968
52.174 58.049 62.370
52.428 57.307 62.060
52.652 57.331 62.140
56.866 57.062 57.453
55.480 59.759 62.132
53.567 58.381 62.238
56.630 58.867 62.024
57.246 60.209 62.298
54.584 59.826 63.035
53.054 56.698 62.512
52.356 55.915 62.090
52.504 55.402 62.164
52.811 56.183 62.084
53.194 57.891 61.837
52.192 56.441 62.246
52.515 57.370 62.798
53.050 58.216 62.377
53.069 58.233 62.099
52.492 57.350 62.197
53.211 58.641 62.250
52.707 56.236 61.891
52.787 56.331 61.671
56.717 60.796 61.993
52.423 56.275 62.455
52.509 59.459 62.860
52.949 57.224 62.273
52.701 56.236 61.851
52.330 57.337 62.227
56.657 59.983 62.289
52.622 57.323 62.231
53.005 57.015 62.155
52.645 59.039 62.016
52.732 54.545 57.101
52.485 56.283 62.699
52.650 57.409 62.271
52.476 54.467 62.091
52.383 58.274 62.158
52.235 58.974 62.226
52.592 55.267 57.544
52.550 56.263 57.501
57.114 59.165 62.146
52.965 60.411 62.595
52.709 57.404 62.193
52.829 57.262 62.480
52.468 57.405 62.069
52.651 58.993 62.072
52.745 57.116 62.784
52.757 56.371 62.372
52.414 55.686 61.856
53.169 57.568 62.188
52.557 59.144 62.409
52.484 58.143 62.375
52.712 58.244 62.359
52.948 57.031 61.999
52.379 57.125 62.127
52.897 58.137 61.990
52.734 56.323 62.431
53.669 59.391 62.178
52.530 58.180 62.298
52.512 55.136 57.245
52.559 56.486 62.233
52.438 56.078 61.885
52.659 59.193 62.459
53.181 59.342 62.232
52.902 56.996 62.101
52.853 58.511 62.323
52.575 56.339 62.355
52.864 58.561 63.618
52.758 56.563 62.208
52.615 57.963 61.969
52.640 57.308 62.508
52.736 57.265 62.188
52.437 60.036 62.153
52.433 57.193 62.467
52.361 54.418 56.851
52.631 58.539 62.461
53.251 57.276 61.899
52.366 58.358 62.219
53.305 57.254 62.348
52.714 54.504 57.106
52.681 57.378 62.269
56.384 59.007 62.560
53.176 56.144 57.112
52.928 57.446 62.395
53.352 60.422 62.498
52.606 57.247 62.177
53.405 59.397 62.415
52.639 58.229 61.970
53.253 58.184 62.424
53.056 59.264 62.559
53.237 56.535 61.755
52.769 56.017 57.026
52.366 54.505 57.264
56.676 58.921 61.966
52.523 59.213 62.309
52.285 57.407 62.443
52.929 57.362 62.280
57.427 61.140 62.283
52.899 58.169 62.053
53.016 56.510 62.253
53.109 56.076 57.050
57.225 59.087 62.058
52.337 54.161 56.976
53.539 58.287 62.291
52.241 55.562 62.231
53.088 59.306 62.300
53.123 56.313 61.760
53.182 59.303 62.367
52.391 54.230 56.941
56.764 58.987 61.863
52.987 57.300 62.338
52.766 56.322 62.239
52.771 55.959 57.347
52.434 56.384 62.614
56.704 60.019 62.597
52.478 58.073 61.988
56.905 58.967 62.175
52.202 58.050 62.143
56.580 59.916 62.134
52.537 55.585 62.114
56.468 60.954 62.291
56.512 60.977 62.246
52.838 57.433 62.631
56.565 58.896 62.605
53.528 58.173 61.925
52.407 55.413 62.244
52.587 57.381 62.286
52.229 54.654 62.396
52.228 56.989 62.119
53.104 55.810 62.503
52.826 57.255 62.058
53.248 59.515 62.318
52.561 57.404 62.441
52.348 57.260 62.329
52.967 57.520 62.608
52.566 54.360 56.854
52.423 57.297 62.454
53.042 56.741 62.488
52.817 55.209 56.967
52.491 56.465 62.037
52.662 55.784 62.715
52.524 59.130 62.414
52.256 58.203 62.596
52.595 56.555 62.397
53.001 58.182 61.916
52.787 55.425 57.325
52.436 58.241 62.950
56.738 60.972 62.205
52.403 58.016 62.128
52.602 60.054 62.066
52.624 59.149 62.255
53.136 58.333 62.357
52.698 54.855 61.899
52.485 56.389 62.470
52.704 56.677 62.327
52.651 58.238 62.301
52.462 58.250 62.321
56.492 58.829 62.431
53.010 56.407 62.158
52.326 56.362 61.988
52.510 54.999 61.823
52.184 56.271 62.071
52.590 59.034 62.029
56.998 59.947 61.913
52.915 57.205 61.803
52.548 58.562 65.049
52.598 58.519 62.292
52.588 56.355 62.030
52.573 56.332 62.344
52.758 57.003 63.240
52.738 56.187 61.862
52.877 56.418 62.312
52.622 59.197 62.622
52.566 55.525 62.374
56.648 60.928 62.320
53.571 57.335 62.095
52.484 56.253 62.283
52.518 54.507 57.022
53.086 59.281 62.460
56.632 61.060 62.460
