59.464 59.648 59.960
59.487 59.634 59.879
59.496 59.910 60.954
59.474 59.645 59.920
59.414 59.544 59.680
59.493 59.609 59.818
59.418 59.540 59.670
59.423 59.522 59.710
59.365 59.491 59.745
59.358 59.773 60.776
59.506 59.735 60.142
59.397 59.662 59.847
59.449 59.592 59.686
59.483 59.661 59.806
59.370 59.525 59.875
59.534 59.714 59.816
59.495 59.834 60.160
59.400 59.676 59.960
59.422 59.718 59.890
59.529 59.916 60.410
59.390 59.755 60.068
59.444 59.899 60.664
59.514 59.641 59.991
59.613 60.009 60.487
59.458 59.634 59.934
59.497 59.750 60.071
59.380 59.675 60.070
59.656 59.803 60.050
59.461 59.679 59.961
59.393 59.665 59.925
59.424 59.865 60.462
59.427 59.520 59.663
59.489 59.954 61.359
59.524 59.650 59.881
59.644 59.917 60.164
59.395 59.532 59.663
59.451 59.596 59.792
59.386 59.886 60.951
59.371 59.813 60.586
59.531 59.715 59.970
59.467 59.732 60.215
59.421 59.758 60.214
59.481 59.657 59.886
59.468 59.696 59.971
59.312 59.532 59.780
59.318 59.499 59.598
59.466 59.784 60.275
59.502 59.780 60.142
59.433 59.905 60.270
59.411 59.575 59.830
59.459 59.831 60.252
59.650 59.929 60.237
59.488 59.807 60.161
59.448 59.844 60.445
59.381 59.678 60.074
59.441 59.842 60.368
59.543 59.834 60.042
59.444 59.684 60.121
59.982 60.084 60.246
59.400 59.981 60.917
59.610 59.941 60.192
59.516 59.777 60.048
59.356 59.540 59.785
59.375 59.663 60.036
59.498 59.886 60.156
59.366 59.704 60.045
59.811 59.953 60.131
59.391 59.613 60.008
59.505 59.786 60.049
59.668 60.039 60.877
59.374 59.662 59.873
59.737 59.915 60.082
59.505 59.880 60.147
59.674 59.906 60.165
59.559 59.795 60.215
59.554 59.676 59.763
59.598 60.144 61.760
59.516 59.763 60.225
59.440 59.708 60.034
59.673 59.941 60.335
59.568 59.769 60.073
59.651 59.875 59.966
59.383 59.944 60.407
59.694 59.959 60.133
59.661 59.839 59.962
59.727 59.869 59.976
59.407 59.947 60.839
59.500 59.906 60.240
59.492 59.893 60.458
59.390 59.879 60.514
59.495 59.883 60.652
59.558 59.758 59.975
59.607 59.931 60.576
59.405 59.727 60.132
59.582 59.903 60.220
59.554 59.876 60.393
59.797 59.907 59.993
59.596 59.864 60.327
59.822 59.996 60.303
59.654 60.211 61.014
59.628 59.853 60.131
59.639 59.949 60.185
59.721 60.078 60.853
59.570 59.922 60.068
59.700 59.909 60.078
59.662 60.034 60.602
59.559 59.885 60.123
59.811 60.111 60.337
59.547 59.783 60.010
59.837 60.163 60.887
59.707 60.219 60.959
59.986 60.162 60.326
59.761 60.319 61.481
59.822 60.188 60.423
59.514 59.984 60.288
60.036 60.225 60.437
59.902 60.025 60.132
59.811 60.326 61.333
59.602 59.665 59.777
59.769 59.987 60.258
59.563 59.877 60.246
59.592 59.912 60.135
59.742 59.973 60.430
59.760 60.038 60.884
59.841 60.033 60.168
59.674 60.033 60.297
59.655 60.160 60.787
59.593 60.168 60.816
59.764 60.006 60.270
59.994 60.245 60.650
59.381 59.924 60.265
59.499 59.934 60.418
59.579 59.868 60.426
59.743 60.046 60.177
59.407 59.875 60.405
59.412 59.898 60.286
59.778 59.894 60.151
59.948 60.378 61.202
59.567 60.182 60.796
59.664 59.974 60.827
59.637 59.850 60.066
59.498 59.868 60.084
59.542 60.149 61.192
59.785 59.957 60.433
59.614 60.117 60.603
59.451 59.960 60.555
59.409 59.946 60.312
59.739 60.012 60.395
59.745 60.295 61.068
59.805 60.045 60.476
59.606 60.019 60.796
59.995 60.278 60.687
59.615 59.731 59.856
59.810 60.005 60.327
60.034 60.436 61.006
59.901 60.256 60.533
59.752 60.082 60.373
59.719 59.989 60.250
59.917 60.218 60.559
60.121 60.226 60.324
59.627 59.978 60.487
59.680 60.122 60.685
59.994 60.221 60.343
59.705 60.061 60.748
59.647 59.879 60.071
59.551 60.098 60.658
59.715 60.120 60.582
59.617 60.353 61.403
59.432 60.013 60.325
59.821 60.255 61.403
59.714 59.856 60.173
59.728 60.004 60.793
59.695 60.125 60.471
59.551 60.100 60.624
60.034 60.287 60.988
60.037 60.251 60.601
59.580 59.946 60.392
59.803 60.108 60.502
59.846 60.016 60.230
59.840 60.053 60.248
59.867 60.182 60.444
59.705 60.209 60.974
59.369 60.065 61.085
59.511 60.008 60.755
59.599 59.891 60.413
59.708 63.793 78.986
59.722 60.146 60.475
60.034 60.535 61.178
59.637 60.225 61.863
59.588 59.996 60.525
59.635 59.904 60.245
59.741 60.019 60.701
59.958 60.043 60.089
59.875 60.390 60.677
59.688 60.128 60.744
59.619 59.865 60.024
59.694 60.223 61.306
59.712 60.170 60.714
59.544 59.946 60.471
59.745 60.247 60.976
59.592 59.877 60.345
60.226 60.309 60.451
59.739 59.928 60.122
59.637 59.963 60.218
59.730 59.950 60.354
59.650 59.866 60.190
59.572 60.231 61.282
59.603 60.030 60.776
59.826 60.127 60.492
60.135 60.525 60.909
59.696 60.166 60.954
59.633 59.892 60.171
59.403 60.015 61.096
59.485 60.118 61.201
60.005 60.475 61.198
59.664 60.049 60.196
59.776 60.026 60.428
59.610 60.198 60.965
59.792 60.106 60.502
59.553 60.073 60.760
59.485 60.129 60.422
59.475 60.030 60.552
60.300 60.491 60.594
59.623 60.058 60.534
59.668 60.244 61.180
59.962 60.433 61.377
59.927 60.393 61.066
59.904 60.522 61.386
59.968 60.520 61.506
59.752 60.018 60.380
59.789 60.042 60.415
59.923 60.238 60.888
60.019 60.258 60.696
59.519 59.837 60.212
59.594 60.115 60.681
59.986 60.334 60.874
60.081 60.302 60.514
59.883 60.023 60.377
59.790 60.022 60.433
59.801 60.337 61.323
59.922 60.301 60.911
59.871 60.236 60.628
59.498 60.209 60.651
59.699 60.316 61.119
59.827 60.154 60.611
59.999 60.239 60.536
59.810 60.209 60.761
60.041 60.607 61.391
59.635 60.145 60.478
59.902 60.062 60.450
59.726 60.025 60.357
59.739 59.955 60.298
59.814 60.003 60.238
59.777 59.875 59.994
59.932 60.602 61.707
59.781 60.273 60.595
59.973 60.350 61.069
59.718 60.183 60.462
59.776 60.164 60.751
59.576 60.396 61.086
59.593 60.069 60.370
59.861 60.346 60.985
59.826 60.251 60.887
59.758 61.913 69.570
59.669 60.177 60.784
60.054 60.285 60.990
59.929 60.376 60.857
59.880 60.264 60.659
60.237 60.396 60.498
60.000 60.462 61.245
59.646 60.221 61.186
59.793 60.403 60.971
60.033 60.677 61.239
59.701 60.018 60.379
59.520 59.980 60.322
59.649 60.008 60.267
60.195 60.519 60.897
59.859 60.525 61.144
59.774 60.271 61.281
59.584 60.188 60.549
59.991 60.191 60.381
59.793 60.260 60.999
59.671 60.058 60.500
59.897 60.333 61.394
60.047 60.404 61.160
59.787 60.433 61.386
59.962 60.295 60.578
59.903 60.274 60.994
59.945 60.216 60.764
59.675 60.049 60.519
60.213 60.480 61.194
59.643 60.330 60.895
59.876 60.352 60.532
59.667 60.259 61.041
59.988 60.371 60.831
60.003 60.545 61.107
59.526 60.232 60.504
59.417 60.083 60.622
59.900 60.341 61.060
59.735 59.904 60.088
59.978 60.153 60.238
59.864 60.248 60.735
59.841 60.205 60.728
60.162 60.483 60.601
59.815 61.651 66.982
59.829 60.343 60.916
59.680 60.293 60.900
59.750 60.250 60.584
59.699 60.051 60.904
59.726 59.974 60.416
59.967 60.372 60.639
60.164 60.511 61.025
59.515 60.053 60.548
59.955 60.239 60.636
59.967 60.366 60.592
59.687 60.022 60.384
59.729 60.065 60.311
59.794 60.163 60.421
59.635 60.383 60.999
59.685 60.380 61.122
59.466 59.867 60.415
59.819 60.176 60.617
60.093 60.676 61.333
59.555 60.160 60.716
59.620 60.431 61.329
59.802 60.007 60.381
59.821 60.077 60.394
59.592 60.152 60.556
60.022 60.218 60.414
60.246 60.565 60.869
59.728 60.081 60.466
59.588 59.931 60.103
59.574 60.228 60.578
59.798 60.562 61.410
59.854 60.196 60.659
60.019 60.447 61.000
59.453 60.226 61.224
60.235 60.409 60.659
59.778 60.184 61.038
59.601 60.089 60.630
59.615 59.994 60.304
59.854 60.460 61.130
59.844 60.446 60.759
60.046 60.556 61.309
60.354 60.649 61.014
59.903 60.308 60.694
59.827 60.391 61.532
59.797 60.197 60.844
59.902 60.202 60.541
59.482 60.338 61.088
60.220 60.904 61.468
59.978 60.409 61.074
60.165 60.392 60.903
59.776 60.473 61.133
59.509 60.354 61.133
60.067 60.441 60.730
60.014 60.436 60.933
59.938 60.223 60.473
59.933 60.369 60.718
59.894 60.316 60.892
59.995 60.264 60.558
59.611 60.437 61.366
60.056 60.418 60.800
59.731 60.409 61.377
59.826 60.383 61.081
59.760 60.167 60.468
59.667 60.332 61.056
59.858 60.151 60.587
59.882 60.339 60.873
60.071 60.414 60.897
59.619 60.001 60.381
59.799 60.096 60.225
60.065 60.339 60.959
59.940 60.456 61.173
59.925 60.308 60.595
59.872 60.481 61.370
59.841 60.144 60.538
59.557 60.168 60.633
60.005 60.621 61.208
59.746 60.004 60.218
60.044 60.434 60.728
59.807 60.268 60.870
59.815 60.291 61.110
59.927 60.519 61.137
60.048 60.232 60.397
59.934 60.247 60.833
59.785 60.158 60.917
59.821 60.067 60.294
59.723 60.120 60.688
59.821 60.497 61.585
59.978 60.159 60.415
60.096 60.693 61.153
60.083 60.251 60.478
59.480 59.888 60.308
59.616 59.907 60.250
59.690 60.230 61.082
59.589 59.911 60.154
59.645 59.993 60.437
59.964 60.250 60.616
59.753 60.050 60.178
59.863 60.293 60.657
59.775 60.121 60.276
59.625 59.851 60.211
59.665 60.262 60.898
59.633 59.970 60.243
59.532 59.921 60.390
59.608 60.116 61.323
60.052 60.513 61.075
59.666 59.835 60.075
59.939 60.265 60.930
59.511 60.057 61.242
59.916 60.741 61.134
59.892 60.054 60.274
60.157 60.253 60.337
59.525 59.882 60.276
59.739 59.898 60.235
59.712 60.067 61.210
59.910 60.263 61.301
59.513 60.130 60.594
59.835 60.115 60.886
59.622 60.114 60.601
59.903 60.331 61.158
59.663 60.192 60.659
59.917 60.026 60.189
60.007 60.228 60.538
59.595 59.857 60.081
59.675 59.979 60.325
60.093 60.372 60.833
59.532 60.064 60.785
59.692 60.318 60.824
59.638 60.007 60.647
59.564 60.023 60.629
60.050 60.241 60.337
59.918 60.444 61.323
59.848 60.431 61.758
59.642 59.988 60.318
59.787 60.539 61.483
59.374 60.640 61.594
59.662 60.216 60.842
59.995 60.360 61.030
59.858 60.432 61.151
59.726 60.296 60.796
59.491 60.193 60.773
59.710 59.933 60.276
59.548 60.126 60.634
59.673 60.166 60.868
59.517 59.921 60.500
59.848 60.733 63.193
59.667 59.948 60.543
59.777 59.988 60.115
59.873 60.175 60.421
60.035 60.081 60.179
59.773 60.463 62.162
59.895 60.262 60.771
59.706 60.330 62.178
59.962 60.255 60.429
59.537 59.960 60.409
59.620 59.904 60.219
59.986 60.576 61.049
59.686 60.057 60.356
59.614 59.981 60.285
59.535 59.894 60.172
59.752 60.128 60.796
59.630 59.789 60.049
59.961 60.177 60.624
59.590 59.935 60.120
59.875 60.055 60.306
59.498 60.588 63.543
59.582 60.022 60.399
59.801 60.152 60.501
59.754 60.000 60.380
59.991 60.398 61.303
59.498 60.131 60.701
59.863 60.147 60.612
59.405 59.909 60.201
59.877 60.539 61.329
59.755 59.892 60.075
59.575 59.897 60.287
59.451 60.178 60.987
59.927 60.794 63.509
59.666 60.544 62.156
59.641 60.125 61.131
59.792 60.332 60.956
59.952 60.119 60.303
59.827 60.363 61.087
59.434 60.187 60.943
59.655 60.388 60.811
59.837 60.090 60.687
59.943 60.095 60.314
59.919 60.487 61.162
60.043 60.277 60.801
59.701 60.042 60.657
59.574 60.185 61.551
59.821 60.332 61.312
59.709 60.032 60.614
59.784 60.119 61.189
59.745 59.995 60.545
59.398 60.152 61.684
59.526 60.622 63.664
59.632 60.142 60.860
59.453 59.837 60.085
59.288 59.679 59.897
59.776 61.178 65.721
59.424 59.798 60.038
59.659 60.137 60.660
59.667 59.864 60.090
59.855 60.696 61.566
59.719 60.214 61.045
59.653 59.835 60.410
59.609 60.156 60.814
59.541 59.826 60.132
59.510 59.916 60.474
59.937 60.158 60.657
59.534 59.910 60.442
59.885 60.663 61.313
59.748 60.094 60.934
60.069 60.322 60.983
59.923 60.253 60.620
59.652 60.054 60.706
59.525 59.863 60.161
59.666 60.304 61.042
60.037 60.354 61.170
59.777 60.005 60.412
59.759 59.987 60.310
59.681 60.298 60.874
59.525 60.182 60.648
59.637 60.101 60.669
59.743 60.167 60.643
60.097 60.439 60.773
59.800 60.595 60.874
59.624 59.929 60.278
59.601 59.859 60.030
60.024 60.225 60.423
59.863 60.193 61.143
60.148 60.321 60.614
59.583 61.201 65.837
59.509 60.047 60.369
59.946 60.605 61.568
59.500 60.142 60.822
59.904 60.297 61.163
59.549 60.221 61.044
59.772 60.368 61.604
59.704 60.229 61.065
59.728 60.497 61.989
59.540 59.937 60.316
59.578 59.973 60.354
59.438 59.616 59.846
59.668 60.077 60.493
59.743 60.399 60.691
59.845 60.085 60.370
59.682 60.069 60.977
59.600 59.880 60.229
59.826 60.094 60.493
59.836 60.173 60.857
59.543 59.798 60.053
59.766 59.943 60.026
59.813 60.371 60.804
59.785 59.975 60.442
59.925 60.203 60.642
59.613 60.190 60.661
59.486 59.858 60.214
59.613 59.985 60.341
59.716 60.042 60.876
59.731 60.311 61.134
59.546 59.881 60.500
59.927 60.163 60.436
59.779 60.205 60.954
59.672 60.066 60.442
60.098 60.649 61.085
59.540 60.146 60.988
59.845 60.192 60.731
59.618 60.054 60.644
59.807 60.085 60.270
59.920 60.076 60.180
59.419 59.941 60.150
59.891 60.141 60.681
59.502 60.029 60.641
59.520 60.117 60.596
59.454 59.954 60.524
59.641 59.841 60.251
59.904 60.079 60.323
59.702 61.706 67.994
60.048 60.523 61.495
59.767 60.256 60.750
59.740 59.999 60.262
0 0 0
0 0 0
0 0 0
0 0 0
0 0 0
0 0 0
0 0 0
59.671 60.102 60.757
59.555 59.830 60.121
59.524 59.968 60.814
59.898 60.086 60.230
59.428 59.632 59.810
59.389 59.651 59.948
59.523 59.942 60.279
59.808 59.980 60.126
59.459 59.747 59.882
59.669 59.944 60.231
59.542 60.271 61.196
59.646 60.148 60.557
59.491 59.964 60.440
59.444 59.793 60.061
59.605 59.780 60.108
59.732 60.073 60.447
59.541 59.704 60.045
59.597 59.803 60.159
59.538 59.996 60.607
59.673 59.824 59.998
59.509 59.898 60.365
59.445 59.654 59.782
59.803 60.031 60.857
59.513 59.905 60.135
59.671 59.888 60.277
59.702 59.798 59.926
59.668 60.151 60.957
59.435 59.882 60.339
59.594 59.888 60.323
59.596 59.896 60.123
59.740 60.260 61.709
59.504 59.994 61.107
59.537 60.046 60.677
59.746 60.022 60.277
59.612 59.946 60.061
59.741 60.034 60.565
59.243 59.813 60.236
59.692 59.969 60.246
59.560 60.042 60.480
59.480 59.833 60.546
59.548 59.818 60.061
59.482 59.754 60.018
59.608 59.959 60.386
59.446 59.788 60.465
59.478 59.871 60.228
59.464 59.763 60.085
59.588 59.759 60.173
59.366 59.652 60.103
59.529 60.023 60.509
59.801 60.084 60.531
59.491 59.863 60.200
59.581 60.093 60.574
59.766 60.292 60.914
59.575 60.191 61.156
59.717 60.033 60.732
59.445 59.839 60.224
59.781 60.050 60.526
59.446 59.950 60.228
59.617 60.532 62.126
59.586 59.836 60.156
59.785 60.100 60.576
59.564 59.833 60.082
59.472 59.704 59.940
59.596 59.970 60.380
59.549 59.810 60.017
59.911 60.134 60.476
59.475 59.835 60.110
59.600 59.852 60.000
59.531 59.944 60.691
59.654 60.030 60.459
59.529 60.002 60.850
59.379 59.754 60.094
59.623 59.897 60.341
59.668 59.861 60.052
59.541 59.872 60.297
59.688 59.901 60.107
59.512 59.832 60.437
59.546 59.743 59.877
59.806 60.016 60.174
59.751 59.897 60.038
59.843 60.133 60.501
59.555 59.717 59.888
59.634 59.769 59.908
59.862 59.988 60.135
59.816 60.135 60.451
59.483 59.691 60.070
59.568 60.004 60.599
59.726 59.922 60.312
59.595 59.844 60.051
59.531 59.942 60.974
59.526 59.781 60.220
59.507 59.800 59.955
59.612 59.825 60.007
59.561 59.657 59.759
59.422 59.755 59.975
59.390 59.752 60.087
59.930 60.074 60.263
59.345 59.820 60.033
59.465 59.869 60.146
59.445 59.693 60.104
59.615 59.852 60.199
59.384 59.719 60.086
59.398 59.878 60.262
59.412 59.662 59.833
59.561 59.740 59.990
59.444 59.745 60.022
59.345 59.611 60.190
59.515 59.655 59.799
59.642 60.001 60.628
59.366 59.834 60.232
59.645 59.766 60.059
59.440 59.733 59.933
59.403 59.647 60.261
59.623 59.724 59.830
59.444 59.734 60.343
59.525 59.689 60.147
59.498 59.844 60.558
59.540 59.717 60.172
59.483 59.715 60.161
59.475 59.793 60.128
59.446 60.042 60.798
59.482 59.875 60.480
59.440 59.652 59.803
59.574 59.707 59.994
59.501 59.877 60.486
59.420 59.838 60.880
59.481 59.632 59.824
59.430 59.672 59.957
59.543 59.901 60.245
59.599 59.874 60.347
59.393 60.078 61.896
59.509 59.679 59.917
59.615 59.827 60.040
59.382 59.845 60.001
59.521 59.853 60.119
59.514 59.699 59.919
59.641 60.256 61.119
59.525 59.860 60.669
59.495 59.603 59.700
59.380 59.804 60.209
59.320 59.626 59.931
59.463 59.607 59.903
59.444 59.898 60.268
59.548 60.005 61.395
59.679 59.897 60.133
59.522 59.667 59.834
59.585 59.704 59.886
59.422 59.602 59.907
59.475 59.768 60.406
59.633 59.775 59.952
59.424 59.735 60.110
59.452 59.803 60.284
59.383 59.765 60.139
59.424 59.560 59.621
59.435 60.184 63.100
59.385 59.659 60.054
59.445 59.685 60.239
59.396 59.504 59.616
59.582 59.865 59.958
59.443 59.657 59.774
59.404 59.654 59.966
59.318 59.488 59.733
59.415 59.851 60.503
59.475 59.590 59.702
59.503 59.649 59.811
59.414 59.752 59.995
59.518 59.655 59.768
59.565 59.657 59.787
59.530 59.762 60.128
59.642 59.725 59.901
59.402 59.647 60.126
59.461 59.757 60.003
59.414 59.615 59.846
59.464 59.565 59.827
59.456 60.072 61.284
59.448 59.611 59.875
59.373 59.740 61.008
59.814 60.093 60.727
59.360 60.320 62.571
59.370 59.554 59.699
59.341 59.758 60.657
59.495 59.724 60.216
59.465 59.694 60.428
59.516 59.915 61.047
59.367 59.762 60.535
59.395 59.452 59.636
59.454 59.725 60.296
59.485 59.599 59.765
59.410 59.649 59.922
59.529 59.813 60.184
59.576 59.890 60.441
59.590 60.130 61.250
59.404 59.551 59.865
59.405 59.690 60.120
59.407 59.673 59.915
59.502 59.572 59.626
59.464 59.819 60.563
59.571 59.707 59.905
59.393 59.611 59.928
59.431 59.613 59.847
59.533 59.742 59.936
59.550 59.843 60.411
59.422 59.602 59.813
59.477 59.615 59.765
59.548 59.754 60.116
59.545 59.812 60.280
59.618 59.737 59.858
59.442 59.605 59.905
59.508 59.722 60.047
59.373 59.562 59.806
59.513 59.664 60.007
59.428 59.694 60.218
59.219 59.477 59.923
59.380 59.562 59.714
59.331 59.909 61.150
59.623 59.730 59.814
59.358 59.457 59.646
59.389 59.509 59.705
59.466 59.690 59.786
59.490 59.685 59.926
59.421 59.541 59.749
59.366 61.042 67.229
59.451 59.600 59.811
59.366 59.492 59.563
59.425 59.621 59.875
59.399 59.468 59.522
59.432 59.750 60.191
59.470 59.724 60.162
59.471 59.633 59.983
59.441 59.668 59.861
59.391 59.576 59.712
59.547 59.714 60.107
59.418 59.604 59.971
59.478 59.608 59.765
59.511 59.702 60.014
59.476 59.613 59.810
59.442 59.538 59.699
59.421 59.578 59.789
59.462 59.569 59.723
59.308 59.478 59.612
59.450 59.690 60.288
59.366 59.517 59.665
59.486 59.671 60.076
59.455 59.586 59.783
59.403 59.716 60.207
59.575 59.687 59.890
59.513 59.585 59.646
59.419 59.542 59.665
59.370 59.585 59.808
59.286 59.725 60.555
59.400 59.534 59.639
59.541 59.591 59.700
59.373 59.550 59.782
59.418 59.533 59.689
59.482 59.704 60.100
59.451 59.610 59.870
59.389 59.533 59.693
59.429 60.431 62.819
59.382 59.614 60.067
59.367 59.724 60.428
59.452 59.879 60.445
59.391 59.745 60.014
59.448 59.568 59.751
59.387 59.665 59.877
59.480 59.578 59.801
59.420 59.625 60.070
59.432 59.601 59.903
59.458 59.544 59.630
59.471 60.009 61.132
59.518 59.670 59.794
59.473 59.669 59.958
59.590 59.795 60.025
59.392 59.601 59.881
59.392 59.740 60.092
59.413 59.589 60.062
59.500 59.752 60.272
59.462 59.678 59.937
59.471 59.710 60.000
59.366 59.823 60.410
59.428 59.807 60.769
59.542 59.750 60.127
59.456 59.621 59.977
59.469 59.542 59.693
59.397 59.515 59.667
59.465 59.637 59.857
59.441 59.937 61.684
59.531 59.814 60.111
59.373 59.654 60.078
59.444 59.647 59.838
59.482 59.677 59.932
59.479 59.725 59.993
59.428 59.626 59.821
59.585 59.739 59.959
59.403 59.819 60.585
59.408 59.885 60.222
59.451 59.734 59.871
59.429 59.632 59.792
59.562 59.656 59.829
59.477 59.751 60.146
59.497 59.832 60.555
59.444 59.631 59.986
59.482 59.633 59.835
59.343 59.536 59.619
59.472 59.705 59.926
59.653 59.916 60.353
59.485 59.725 59.957
59.528 59.674 59.960
59.453 59.651 59.779
59.455 59.672 59.949
59.497 59.680 59.939
59.392 59.498 59.767
59.515 59.752 60.005
59.642 59.703 59.812
59.489 59.616 59.779
59.509 59.672 59.946
59.417 59.802 60.420
59.439 60.210 62.774
59.719 59.824 59.924
59.394 59.638 60.048
59.563 59.698 60.006
59.448 59.908 60.292
59.610 59.810 59.948
59.425 59.582 59.781
59.502 59.912 60.214
59.503 59.734 60.009
59.400 59.659 59.994
59.451 59.689 59.867
59.689 59.840 60.037
59.551 59.717 59.920
59.592 59.718 59.957
59.409 60.199 61.235
59.427 59.752 60.000
59.519 59.954 60.479
59.419 59.980 60.500
59.434 59.617 59.969
59.449 59.717 59.915
59.527 59.871 60.094
59.664 60.095 60.698
59.756 59.920 60.084
59.853 60.091 60.320
59.507 59.805 60.135
59.377 59.748 60.016
59.484 60.341 62.905
59.535 59.802 60.046
59.498 59.994 60.468
59.370 59.705 60.011
59.698 60.156 60.560
59.441 60.371 62.418
59.533 59.813 60.188
59.439 59.684 59.908
59.366 59.781 60.029
59.607 60.251 61.730
59.435 59.914 61.147
59.641 60.125 60.841
59.645 59.877 60.059
59.459 59.719 59.917
59.487 59.913 60.249
59.759 59.990 60.302
59.673 59.948 60.234
59.649 60.006 60.175
59.430 59.722 59.912
59.588 59.786 60.206
59.671 60.293 60.588
59.721 60.159 60.623
59.880 60.038 60.297
59.613 59.835 60.220
59.765 59.807 59.853
59.494 61.363 67.449
59.585 59.854 60.163
59.526 60.112 61.295
59.699 60.234 61.219
59.659 59.881 60.464
59.841 60.053 60.461
59.458 59.876 60.486
59.865 60.122 60.491
59.626 59.893 60.097
59.760 59.928 60.230
59.574 59.863 60.071
59.521 59.842 60.263
59.419 60.026 61.208
59.723 60.119 60.618
59.632 60.016 60.225
59.623 59.879 60.237
59.637 59.983 60.430
59.833 60.163 61.095
59.607 59.861 60.279
59.582 59.720 59.871
59.593 59.897 60.180
59.589 59.999 60.315
59.507 59.969 60.149
59.865 60.502 61.543
59.566 59.869 60.220
60.056 60.218 60.509
59.508 60.122 61.397
59.597 60.098 60.584
59.712 60.057 60.470
59.731 59.817 59.945
59.924 60.047 60.304
59.440 59.707 60.019
59.763 60.019 60.550
59.556 59.922 60.613
59.706 59.944 60.157
59.501 59.878 60.071
59.545 60.496 61.983
59.990 60.151 60.386
59.718 60.244 60.878
59.480 59.973 60.354
59.682 60.092 60.877
59.621 60.993 65.630
59.669 60.152 60.537
59.443 59.878 60.398
59.632 59.908 60.243
59.798 60.118 60.595
59.753 60.112 60.397
59.625 59.820 60.128
59.625 59.729 59.952
59.431 59.755 59.937
59.547 59.946 60.239
59.541 59.989 60.358
59.738 60.340 60.593
59.621 60.071 60.873
59.647 60.127 60.394
59.768 60.014 60.642
59.976 60.186 60.465
59.598 60.012 60.541
59.484 59.839 60.082
59.383 59.855 60.305
59.478 60.179 60.583
59.768 59.945 60.187
59.730 60.371 61.666
59.566 59.785 59.949
59.658 60.075 60.433
59.684 59.851 59.963
59.975 60.226 60.752
59.681 60.143 60.577
59.699 60.152 60.938
59.742 59.979 60.164
59.500 60.057 61.045
59.466 59.826 60.157
59.687 60.166 60.557
59.488 59.727 60.017
59.737 60.171 60.633
59.506 59.858 60.146
59.987 60.208 60.556
59.484 59.808 60.030
59.679 60.114 60.841
59.655 59.982 60.455
59.545 59.872 60.145
59.971 60.081 60.388
59.685 60.143 60.470
59.502 60.075 60.845
59.776 60.128 61.029
59.568 59.981 60.558
59.771 60.075 60.355
59.581 60.037 60.604
59.731 59.863 60.011
59.396 59.629 59.835
59.899 60.221 61.211
59.593 60.474 62.466
59.656 59.853 60.234
60.295 60.647 60.910
59.562 59.821 60.353
59.523 60.270 61.130
59.762 60.031 60.385
59.656 59.960 60.146
59.869 60.253 60.731
59.883 60.389 60.865
59.775 60.232 60.613
59.848 60.148 60.793
59.881 60.265 60.891
59.596 60.345 61.046
59.810 59.972 60.147
59.953 60.249 60.524
59.751 60.195 60.890
59.995 60.422 61.497
59.858 60.200 60.782
59.916 60.592 61.484
59.558 59.780 59.906
59.435 60.169 60.968
60.006 60.125 60.319
59.622 60.191 61.078
59.843 60.341 62.008
59.599 60.030 60.325
59.564 60.135 60.712
59.771 60.187 60.828
60.031 60.308 60.613
59.383 60.177 60.585
59.561 59.955 60.486
59.588 59.937 60.319
60.249 60.401 60.664
59.748 60.237 61.408
59.795 60.235 60.579
59.751 60.488 61.112
59.948 60.492 61.005
59.529 60.427 60.761
60.018 60.544 61.238
59.572 60.169 61.003
60.340 60.499 60.903
59.722 60.054 60.485
59.720 59.950 60.268
59.729 60.262 60.967
59.778 60.484 60.932
60.171 60.434 60.845
60.005 60.234 60.516
59.752 60.255 60.977
59.719 59.982 60.354
59.813 60.457 61.705
60.010 60.331 61.086
59.982 60.450 61.092
59.823 60.170 61.112
59.714 59.861 60.120
59.900 60.216 60.862
60.011 60.280 60.774
59.624 60.507 61.720
59.701 59.990 60.267
60.130 60.769 61.852
59.768 59.963 60.430
59.638 60.108 60.529
59.884 60.282 60.631
59.894 60.283 60.701
59.636 60.136 60.586
59.949 60.522 61.085
59.924 60.195 60.505
60.065 60.673 61.035
59.595 60.341 61.088
59.774 59.977 60.191
59.788 60.213 60.615
60.049 60.823 61.726
59.799 60.022 60.289
59.780 60.085 60.458
59.580 60.669 61.374
59.629 60.550 61.147
59.826 60.032 60.392
59.902 60.166 60.652
59.876 60.458 61.470
59.549 60.075 60.535
59.533 60.214 60.672
59.789 60.251 60.976
59.959 60.366 60.911
59.693 60.568 61.228
59.746 59.945 60.230
59.595 60.085 60.695
59.483 60.007 60.412
59.712 60.294 60.730
59.700 60.036 60.422
59.708 60.120 60.648
59.744 60.206 60.481
59.790 59.917 60.231
59.809 60.371 61.542
59.552 60.178 60.629
59.915 60.056 60.294
59.839 60.393 61.038
59.936 60.634 61.072
59.740 60.073 60.510
59.823 60.261 61.190
59.582 60.172 60.450
59.674 60.831 61.246
59.681 59.980 60.292
59.634 60.271 60.863
59.694 60.203 60.785
59.736 60.737 62.488
59.822 60.097 60.658
59.714 60.048 60.469
59.902 60.121 60.455
60.008 60.508 61.554
59.957 60.514 60.977
59.727 60.371 60.800
59.692 60.056 60.409
59.659 59.813 59.935
59.616 60.543 62.125
59.581 59.967 60.670
59.453 60.168 60.766
60.011 60.316 60.779
59.829 60.257 60.560
59.597 60.123 60.840
59.779 60.098 60.568
59.792 60.116 60.600
59.608 60.125 60.923
59.882 60.288 60.939
59.845 60.227 60.867
59.805 60.136 60.372
60.092 60.200 60.447
59.914 60.270 60.776
59.847 60.161 60.275
59.625 60.551 62.258
60.422 60.520 60.659
59.876 60.068 60.266
59.956 60.317 60.751
59.568 60.003 61.020
59.511 59.960 60.415
60.020 60.551 61.604
59.751 60.187 61.551
59.947 60.195 60.467
59.978 60.394 61.299
59.643 60.156 60.579
59.574 60.179 60.882
59.667 60.174 60.508
59.955 60.297 60.733
59.802 60.285 60.798
59.541 60.280 61.009
59.549 59.975 60.416
59.825 60.309 61.051
59.737 60.313 60.636
59.746 60.029 60.286
60.048 60.540 60.784
59.720 59.952 60.178
59.903 60.067 60.229
59.654 59.969 60.092
59.842 60.327 60.657
59.643 60.282 61.366
59.764 60.384 61.085
59.848 60.235 60.766
59.776 60.223 60.839
59.698 60.157 60.637
59.729 59.944 60.327
59.900 60.183 60.390
59.846 60.126 60.536
59.782 60.234 60.444
59.786 60.025 60.150
59.746 60.290 60.846
59.952 60.424 61.042
59.908 60.141 60.385
59.872 60.117 60.409
59.727 60.131 60.363
59.772 60.048 60.242
59.666 60.235 60.829
59.971 60.357 60.704
59.549 59.924 60.392
59.515 60.073 60.374
59.590 59.970 60.245
59.910 60.504 61.358
59.555 60.361 61.597
59.885 60.015 60.107
59.963 60.661 61.101
59.850 60.268 60.834
59.820 60.157 60.520
59.617 60.461 61.501
59.950 60.186 60.640
59.478 59.867 60.097
59.758 61.248 66.235
59.798 60.005 60.418
59.601 60.026 60.557
59.600 59.821 60.069
59.741 60.002 60.453
59.727 59.942 60.200
59.578 59.840 60.086
59.970 60.457 61.038
59.512 60.027 60.707
59.923 60.168 60.375
59.634 59.789 60.047
59.931 60.415 61.425
59.797 60.262 60.796
59.573 59.936 60.401
59.691 60.378 60.758
59.584 60.545 60.924
59.764 60.033 60.241
59.714 59.958 60.267
59.652 60.167 60.752
59.480 59.991 60.831
59.514 60.309 61.324
59.536 60.087 61.253
59.740 59.870 60.245
59.981 60.179 60.316
59.529 59.981 60.425
59.847 60.488 61.551
59.617 59.834 60.139
59.621 60.058 60.299
59.513 59.990 60.366
59.584 60.058 60.798
59.625 59.861 60.098
59.628 59.806 60.051
59.473 60.058 60.493
59.861 59.965 60.163
59.628 60.340 61.098
60.050 60.260 60.754
59.513 59.867 60.357
59.493 59.899 60.278
59.452 59.799 60.401
59.809 60.077 60.862
60.047 60.494 60.969
59.658 60.104 60.509
59.648 60.051 60.558
59.433 59.880 60.129
59.874 60.101 60.367
59.639 60.122 61.088
59.862 60.103 60.685
59.543 60.181 60.553
59.768 60.133 60.594
59.593 59.900 60.130
59.723 60.332 61.030
59.540 60.156 60.719
59.547 60.188 61.130
59.828 60.263 60.837
59.504 59.872 60.282
59.787 60.038 60.342
59.975 60.140 60.242
59.937 60.200 60.422
59.891 59.950 60.016
59.573 59.935 60.318
59.522 60.022 60.353
60.140 60.385 60.595
59.925 60.215 60.848
59.397 60.146 60.539
59.773 59.964 60.142
59.690 60.264 60.715
59.909 60.032 60.228
59.470 60.068 60.435
59.685 59.928 60.305
59.605 59.901 60.651
59.834 60.078 60.395
59.637 59.840 60.001
59.912 60.304 60.772
59.775 60.279 61.100
59.579 60.237 61.389
59.595 59.956 60.260
59.676 60.283 61.402
59.580 59.860 60.344
59.703 59.919 60.169
59.674 59.864 60.180
59.755 60.068 60.292
59.616 59.937 60.450
59.648 59.957 60.383
59.660 60.143 61.257
59.742 60.129 60.338
59.548 59.899 60.292
59.620 60.081 60.798
59.615 60.093 60.931
59.772 59.823 59.908
59.684 60.034 60.511
59.688 60.041 60.546
59.412 59.826 60.276
59.725 60.284 60.876
59.930 60.101 60.578
59.514 59.938 60.176
60.112 60.502 61.089
59.680 60.169 60.548
59.718 60.084 60.734
60.018 60.192 60.455
59.813 60.047 60.342
59.623 60.139 60.688
59.569 59.981 60.520
59.387 60.052 60.600
59.514 60.192 60.911
60.064 60.304 60.594
59.712 60.062 60.850
59.908 60.331 60.760
59.471 59.975 60.630
59.652 60.155 60.599
60.056 60.568 61.527
59.989 60.376 61.148
59.856 60.336 61.484
59.511 59.722 59.917
59.668 60.178 61.040
59.356 59.931 60.572
59.625 60.174 61.198
59.593 59.934 60.299
59.547 60.145 60.568
59.568 60.047 60.821
59.992 60.317 60.604
59.620 60.031 60.387
59.674 60.385 60.734
60.025 60.398 60.706
60.066 60.191 60.430
59.859 60.049 60.374
60.005 60.431 60.872
59.888 60.329 60.972
59.816 60.402 61.185
59.985 60.183 60.507
59.571 60.244 61.076
59.742 60.461 61.303
59.929 60.357 60.940
59.567 60.154 60.712
59.732 59.934 60.239
59.651 59.901 60.161
59.941 60.180 60.468
60.046 60.348 60.898
59.646 60.125 60.507
59.818 60.305 60.741
59.975 60.665 61.176
59.885 60.248 60.795
60.309 60.772 61.477
59.633 60.188 61.054
59.871 60.286 60.806
59.971 60.182 60.725
59.656 60.204 60.799
59.855 60.178 60.386
59.996 60.343 60.575
59.578 59.955 60.568
59.962 60.328 60.867
59.716 60.036 60.264
60.012 60.257 60.674
59.825 59.940 60.023
59.526 60.095 60.809
59.581 60.138 60.617
59.744 60.049 60.611
59.617 60.154 60.684
60.044 60.498 61.355
59.844 60.154 60.572
60.060 61.120 61.937
60.121 60.643 61.424
60.132 60.483 61.063
59.679 60.373 60.737
60.060 60.730 61.225
60.131 60.324 60.706
60.266 60.554 61.034
59.564 60.250 61.675
60.038 60.501 61.437
59.792 60.337 60.776
59.856 60.965 63.125
59.543 60.386 61.751
59.689 60.348 60.754
59.877 60.417 60.770
59.736 60.399 60.724
59.952 60.317 60.566
59.583 60.098 60.423
60.265 60.676 61.199
59.668 60.099 60.589
60.034 60.394 61.133
59.705 60.092 60.494
59.911 60.339 61.081
60.045 60.515 61.040
59.913 60.213 60.402
60.015 60.330 60.968
59.864 60.093 60.439
60.055 60.688 61.538
59.366 59.885 60.680
59.678 60.082 60.538
59.933 60.478 61.373
59.862 60.193 60.550
59.763 60.024 60.156
59.991 60.540 61.380
59.617 60.063 60.346
59.578 60.152 60.929
59.702 60.236 61.222
59.619 60.092 60.886
59.719 60.381 61.704
60.026 60.228 60.675
59.817 60.196 60.521
59.678 59.919 60.251
59.767 59.985 60.268
59.679 60.061 60.592
59.751 60.247 60.803
59.700 60.001 60.439
60.046 60.125 60.304
59.905 60.112 60.768
59.750 59.903 60.119
59.788 60.110 60.514
59.280 59.921 61.132
59.638 60.083 60.688
59.589 59.876 60.092
59.662 59.885 60.406
59.766 60.034 60.583
59.856 60.093 60.487
59.821 61.095 64.843
59.531 59.904 60.709
59.945 60.048 60.190
59.611 59.787 60.051
59.642 59.990 60.464
59.732 60.413 61.190
59.441 59.849 60.320
59.498 59.849 60.291
59.797 60.069 60.481
59.640 59.903 60.571
59.626 60.221 61.020
59.519 60.823 64.078
59.620 60.176 61.124
59.627 59.862 60.075
59.853 60.326 61.674
59.764 59.998 60.222
59.472 59.962 60.527
59.658 59.979 60.283
59.568 59.776 59.961
59.623 59.866 60.183
59.505 59.689 59.922
59.399 59.955 60.432
59.493 59.871 60.160
59.538 59.824 59.986
59.555 60.182 61.140
59.767 60.070 60.543
59.619 59.944 60.269
59.621 60.230 60.971
59.749 60.060 60.299
59.418 60.008 61.195
59.728 60.539 61.324
59.465 59.845 60.301
59.584 59.922 60.268
59.436 59.840 60.514
59.559 59.851 60.076
59.508 59.779 60.103
59.408 60.090 60.862
59.742 59.895 60.249
59.472 59.698 59.925
59.700 60.051 60.300
59.527 59.922 60.260
59.604 59.732 59.993
59.500 59.903 60.257
59.688 60.050 60.390
59.956 60.239 60.574
59.616 59.903 60.548
59.570 59.892 60.306
59.712 59.971 60.178
59.560 59.829 59.978
59.643 59.809 60.090
59.619 59.989 60.288
59.725 59.926 60.077
59.426 59.630 59.908
59.456 59.846 60.485
59.494 59.829 60.170
59.534 60.016 60.827
59.651 59.859 60.116
59.506 59.741 59.985
59.481 59.879 60.289
59.571 59.825 60.183
59.611 59.895 60.337
59.677 59.955 60.076
59.607 60.170 60.950
59.454 59.872 60.204
59.626 59.893 60.183
59.459 59.859 60.239
59.757 59.897 60.086
59.416 59.952 60.186
59.458 59.622 59.831
59.397 59.716 60.032
59.475 59.666 60.163
59.479 59.836 60.245
59.660 59.897 60.069
59.883 60.071 60.315
59.497 59.770 60.054
59.465 59.805 60.294
59.727 60.125 60.609
59.438 59.889 60.485
59.527 59.790 60.089
59.569 59.857 60.463
59.554 59.939 60.317
59.419 59.951 60.598
59.519 60.026 60.826
59.421 59.762 60.270
59.622 59.910 60.350
59.539 59.860 60.457
59.365 59.592 59.845
59.478 59.675 59.832
59.432 59.639 60.027
59.643 59.934 60.516
59.411 59.683 60.012
59.515 59.732 59.899
59.462 59.873 60.456
59.525 59.748 60.022
59.424 59.807 60.075
59.469 59.682 59.987
59.588 59.834 60.225
59.413 59.639 60.134
59.410 59.737 60.051
59.498 59.853 60.074
59.584 59.827 60.080
59.388 59.898 60.294
59.786 59.972 60.145
59.471 59.689 60.033
59.427 59.597 59.886
59.519 60.022 60.669
59.406 59.790 60.673
59.475 59.778 60.156
59.700 59.787 59.913
59.855 60.245 61.049
59.540 59.744 60.202
59.529 59.708 59.865
59.384 59.643 59.994
59.445 59.629 60.091
59.416 59.736 60.076
59.421 59.567 59.701
59.475 59.754 60.155
59.436 59.711 60.279
59.490 59.652 59.941
59.774 60.155 60.687
59.435 59.574 59.692
59.486 59.650 59.899
59.479 59.634 59.842
59.452 59.623 59.851
59.445 59.722 59.956
59.510 59.666 59.839
59.416 59.921 60.357
59.504 59.646 59.935
59.485 59.818 60.094
59.496 59.770 60.062
59.567 59.787 60.024
59.543 59.637 59.855
59.552 59.750 60.050
59.500 59.747 60.247
59.413 59.697 60.132
59.445 59.609 59.747
59.454 59.682 60.148
59.477 59.857 60.048
59.467 59.597 59.727
59.371 59.760 60.235
59.367 60.146 62.538
59.691 59.923 60.227
59.499 59.727 60.016
59.861 60.089 60.694
59.423 59.653 59.835
59.515 59.713 59.989
59.460 59.616 59.913
59.390 59.565 59.852
59.486 59.632 59.903
59.345 59.759 60.237
59.407 59.588 59.816
59.575 59.722 59.887
59.339 59.449 59.562
59.394 59.624 59.779
59.494 59.653 59.811
59.408 59.563 59.847
59.495 59.660 59.840
59.442 59.549 59.642
59.458 59.689 59.901
59.483 59.748 59.910
59.423 59.672 60.040
59.535 59.714 59.882
59.394 59.601 59.834
59.457 59.687 60.059
59.455 59.758 60.174
59.405 59.728 60.879
59.508 61.116 66.833
59.411 59.690 60.290
59.516 59.725 60.010
59.422 59.607 59.846
59.450 59.543 59.619
59.551 59.672 59.926
59.428 59.628 60.138
59.691 59.798 60.038
59.574 59.682 59.855
59.500 59.949 60.437
59.425 59.500 59.649
59.502 59.803 60.242
59.458 59.609 59.893
59.449 59.660 60.025
59.412 59.540 59.688
59.372 60.033 61.241
59.491 59.646 59.876
59.418 59.621 60.031
59.505 59.693 59.856
59.514 59.851 60.051
59.359 59.622 59.995
59.399 59.576 59.907
59.423 59.528 59.678
59.424 59.738 60.141
59.442 59.640 60.012
59.432 59.581 59.786
59.427 59.810 60.112
59.472 59.676 59.907
59.498 59.556 59.656
59.499 59.673 59.903
59.455 59.671 59.889
59.450 59.649 59.723
59.460 59.571 59.683
59.409 59.575 59.746
59.471 59.669 59.888
59.417 59.706 59.887
59.437 59.643 60.038
59.410 59.696 60.228
59.472 59.673 60.158
59.642 59.720 59.880
59.349 59.833 60.469
59.359 59.669 59.882
59.422 59.560 59.719
59.700 59.953 60.477
59.461 59.634 60.015
59.416 59.636 59.949
59.448 59.666 60.039
59.584 59.761 60.023
59.397 60.346 63.677
59.425 59.814 60.335
59.436 59.695 59.944
59.538 59.678 59.821
59.391 59.750 59.966
59.458 59.708 59.980
59.505 59.690 59.856
59.424 59.861 60.389
59.636 59.955 60.606
59.515 59.766 60.159
59.413 59.805 60.274
59.427 59.657 60.002
59.438 59.561 59.679
59.371 59.458 59.666
59.376 59.685 59.946
59.338 59.597 59.780
59.448 59.542 59.746
59.466 59.541 59.606
59.392 59.572 59.848
59.643 59.895 60.216
59.410 59.736 60.045
59.411 59.646 59.856
59.530 60.026 60.433
59.319 59.658 60.153
59.494 59.714 60.105
59.651 59.813 59.979
59.361 59.644 60.090
59.522 60.009 60.197
59.474 59.706 59.958
59.523 59.725 59.884
59.530 59.761 59.999
59.531 59.840 60.118
59.309 59.843 60.210
59.429 59.816 59.980
59.548 59.877 60.131
59.493 59.863 60.188
59.465 59.858 60.134
59.393 59.681 60.159
59.361 59.762 60.190
59.381 59.785 59.942
59.743 59.906 60.162
59.486 59.750 60.208
59.604 59.971 60.652
59.434 59.922 60.558
59.464 59.684 60.098
59.415 59.769 60.299
59.566 59.890 60.542
59.499 59.720 60.017
59.650 59.842 60.146
59.566 59.649 59.700
59.464 59.791 60.036
59.748 59.941 60.113
59.481 59.881 60.143
59.696 59.950 60.172
59.574 59.900 60.075
59.618 59.890 60.185
59.634 59.823 60.119
59.369 59.563 59.957
59.674 60.056 60.458
59.679 60.606 63.737
59.814 60.163 60.349
59.635 59.755 59.845
59.697 60.013 60.398
59.384 59.724 60.097
59.447 59.788 60.342
59.585 59.843 60.107
59.457 59.902 60.631
59.835 59.965 60.079
59.728 60.005 60.475
59.374 59.972 61.010
59.365 59.736 60.018
59.423 59.807 60.066
59.622 60.070 60.400
59.401 59.830 60.376
59.625 59.739 59.973
59.590 59.942 60.724
59.944 60.145 60.292
59.800 60.187 60.662
59.861 60.195 60.578
59.428 60.071 61.151
59.419 59.772 60.072
59.518 59.998 60.502
59.799 60.147 60.879
59.686 60.061 60.296
59.483 59.948 60.375
60.016 60.212 60.527
59.861 60.081 60.435
59.770 59.972 60.228
59.828 60.026 60.235
59.496 59.869 60.225
59.656 60.019 60.911
59.490 59.963 60.400
59.579 60.112 61.472
59.670 59.993 60.354
59.653 59.942 60.211
59.658 60.180 60.595
59.739 59.929 60.178
59.569 60.119 61.098
59.749 60.333 61.129
59.708 60.206 61.474
59.768 60.279 61.360
59.690 59.981 60.316
59.597 60.365 61.125
59.780 60.053 60.705
59.903 60.403 61.510
59.577 60.119 60.855
59.631 59.933 60.272
59.837 60.147 60.806
59.825 60.291 61.142
59.747 60.030 60.341
59.713 60.016 60.300
59.603 59.745 59.928
59.856 60.071 60.211
59.739 59.958 60.079
59.693 60.194 60.682
60.019 60.323 61.124
59.619 60.004 60.509
59.691 60.057 60.984
59.782 60.264 61.043
59.824 59.944 60.319
59.564 59.946 60.720
59.536 59.823 60.215
59.496 60.059 61.046
59.802 60.032 60.422
59.741 60.660 62.658
59.917 60.172 60.697
59.983 60.138 60.454
59.939 60.031 60.202
59.515 59.974 60.169
59.637 60.041 60.352
59.954 60.291 60.589
59.843 60.042 60.285
59.901 60.240 60.754
59.960 60.502 61.069
59.796 60.294 61.515
59.577 60.034 60.615
59.587 60.256 60.726
59.731 59.913 59.988
59.557 59.919 60.452
59.844 59.982 60.138
59.604 60.082 60.454
59.605 60.710 62.803
59.695 60.108 60.627
60.087 60.359 60.985
59.685 60.404 61.233
59.534 60.002 60.349
60.148 60.196 60.222
59.539 60.042 60.396
59.933 60.532 61.290
59.626 59.806 59.995
59.911 59.977 60.029
59.703 60.023 60.431
59.646 60.157 61.097
60.065 60.191 60.296
59.833 60.025 60.271
59.840 60.007 60.189
59.687 59.970 60.445
59.743 60.179 60.658
59.693 60.179 60.614
59.618 59.881 60.110
59.841 60.031 60.212
59.711 59.940 60.358
60.079 60.167 60.281
59.534 60.118 60.522
59.853 59.990 60.145
59.605 60.037 60.384
59.712 60.037 60.308
59.660 59.999 60.238
59.544 59.862 60.236
60.096 60.242 60.581
60.150 60.373 60.735
60.039 60.641 61.151
59.552 60.074 60.552
59.777 59.947 60.212
59.572 59.942 60.540
59.548 59.851 60.106
59.551 60.297 61.044
59.642 60.010 60.270
59.629 60.047 60.392
59.730 59.887 60.185
59.866 60.017 60.299
59.735 60.364 61.202
59.807 60.236 60.775
59.698 60.084 60.519
59.912 60.317 60.837
59.784 60.429 61.377
59.819 60.333 61.136
59.678 60.127 61.003
59.644 60.079 60.453
59.486 59.938 60.555
59.663 60.988 64.364
59.660 59.905 60.507
59.638 60.041 60.596
59.488 59.998 60.366
59.864 60.071 60.371
59.821 60.029 60.145
59.524 60.000 60.569
59.494 60.122 60.674
59.904 60.137 60.293
59.935 60.301 61.206
59.858 60.102 60.679
60.008 60.290 60.609
60.014 60.164 60.623
59.621 59.974 60.361
59.826 60.200 60.614
59.885 60.582 62.186
59.711 60.193 60.828
59.963 60.204 60.465
59.866 60.073 60.252
59.670 59.937 60.033
59.512 60.181 60.862
59.602 60.026 60.385
59.541 59.891 60.429
59.588 59.866 60.042
59.805 60.158 60.574
59.626 59.803 59.992
59.551 60.058 60.589
60.024 60.147 60.316
59.875 60.057 60.493
59.855 60.148 60.448
59.865 60.279 61.632
59.428 60.157 60.750
59.542 60.169 61.252
59.582 59.779 60.014
59.864 60.210 61.021
59.609 59.957 60.349
59.684 60.203 61.021
59.825 60.402 60.884
59.825 60.379 60.927
59.633 60.141 60.739
59.737 60.103 60.624
59.879 60.098 60.355
59.611 60.280 61.074
59.659 60.382 61.066
59.430 60.047 60.406
59.629 60.018 60.515
59.638 59.782 59.916
59.827 60.060 60.588
59.584 59.999 60.524
59.765 60.333 61.765
59.580 60.117 60.912
59.808 59.992 60.417
59.610 60.098 60.803
59.890 60.353 60.678
59.557 60.016 60.427
60.061 60.421 60.865
59.624 60.447 62.358
59.822 60.100 60.498
59.773 59.961 60.167
59.840 60.307 60.905
59.848 60.199 60.566
59.854 60.199 60.655
60.106 60.472 60.768
59.998 60.271 60.654
59.739 60.148 60.466
60.082 60.195 60.440
59.818 60.436 61.203
59.824 60.539 61.648
59.956 60.520 61.703
59.816 60.286 60.776
59.812 60.084 60.370
60.128 60.748 61.439
59.959 60.125 60.573
59.959 60.298 60.658
60.176 60.501 60.977
59.645 59.886 60.171
60.091 60.290 60.700
59.857 60.235 60.668
59.664 60.253 60.929
59.809 60.168 60.418
59.754 60.290 61.330
59.756 60.349 60.961
59.843 60.451 61.230
59.713 60.441 62.032
59.619 60.044 60.431
59.863 60.006 60.209
59.763 60.517 61.155
59.630 60.009 60.284
59.530 59.827 60.151
59.751 60.332 61.020
60.027 60.369 60.823
60.118 60.531 61.254
59.853 60.244 60.777
60.005 60.293 60.680
59.795 60.179 60.998
59.984 60.251 60.505
59.591 60.060 60.764
59.692 60.000 60.436
59.734 59.990 60.328
59.791 59.960 60.110
59.546 60.040 60.531
59.753 60.091 60.556
60.045 60.216 60.347
59.626 60.327 61.205
59.559 59.982 60.392
59.643 60.099 60.679
59.642 59.881 60.474
59.818 59.959 60.235
60.065 60.551 61.676
59.878 60.496 61.086
60.048 60.713 61.365
59.829 60.201 60.710
59.765 60.057 60.798
59.580 60.388 61.265
59.588 60.548 62.184
60.013 60.595 61.346
59.748 60.039 60.685
59.880 60.282 60.718
59.929 60.411 61.235
59.662 60.009 60.284
59.576 59.966 60.328
60.057 60.465 60.701
59.657 60.160 60.662
59.824 60.164 60.752
59.682 61.158 65.908
59.892 60.212 61.143
59.978 60.207 60.747
59.711 60.571 61.321
59.487 59.887 60.097
60.031 60.322 60.682
59.788 60.254 60.681
59.898 60.205 60.608
59.680 60.107 60.734
59.531 60.115 60.712
59.717 60.277 61.093
59.837 60.034 60.253
59.672 60.337 61.412
59.826 60.321 60.727
59.588 60.147 60.666
60.069 60.214 60.375
59.608 59.965 60.290
59.498 60.061 60.386
59.932 60.295 60.607
60.178 60.645 61.520
59.698 59.885 60.041
59.531 60.288 61.368
59.783 60.223 60.667
59.818 60.304 60.886
59.757 60.213 61.014
59.619 59.932 60.261
59.690 59.986 60.600
59.744 59.925 60.111
59.718 59.992 60.401
59.674 60.033 60.415
59.706 59.947 60.320
59.781 60.242 60.796
59.686 60.088 60.522
59.695 60.242 60.671
59.974 60.162 60.329
59.598 59.875 60.510
59.521 60.165 61.238
59.526 59.958 60.195
59.575 60.137 60.535
59.534 59.868 60.089
60.058 60.329 60.756
59.685 60.021 60.519
59.431 59.748 60.156
59.476 59.857 60.230
59.745 60.084 60.517
59.813 59.915 60.078
59.825 60.016 60.355
59.876 60.093 60.576
59.639 59.881 60.097
59.922 60.104 60.327
59.704 60.173 60.777
59.800 59.977 60.140
59.438 59.911 60.369
59.619 59.904 60.084
59.875 60.244 61.261
59.713 60.162 60.813
60.053 60.653 62.473
59.756 60.068 60.528
59.722 60.282 60.817
59.546 59.945 60.606
59.830 60.162 60.676
59.584 59.936 60.201
59.669 60.022 60.385
59.659 59.998 60.292
59.639 60.383 60.958
60.126 60.240 60.379
59.931 60.499 60.973
59.864 60.208 60.725
59.591 60.131 60.848
59.688 60.305 60.903
59.551 59.804 60.169
59.515 59.815 60.466
59.514 59.852 60.164
59.538 59.767 60.063
59.538 59.772 59.942
59.483 60.085 60.916
59.486 59.972 60.308
59.595 60.039 60.429
59.599 59.846 60.189
59.665 60.280 60.863
59.526 59.908 60.489
59.525 59.867 60.361
59.527 60.117 60.563
59.630 60.018 60.257
59.607 60.092 60.509
59.587 59.836 60.148
59.872 60.360 61.152
59.511 59.858 60.577
59.474 60.273 61.000
59.518 59.871 60.171
59.652 60.128 60.611
59.590 59.853 60.202
59.667 60.168 60.947
59.440 60.070 60.505
59.595 59.933 60.136
59.702 60.601 61.774
59.451 59.845 60.167
59.616 59.943 60.502
59.858 60.141 60.539
59.361 59.941 60.587
59.789 60.101 60.405
59.483 59.961 60.953
59.537 60.023 60.657
59.614 60.073 60.386
59.545 60.069 60.905
59.611 59.823 60.324
59.445 59.928 60.214
59.809 60.094 60.397
59.690 60.333 61.172
59.537 59.707 59.908
59.528 60.140 61.029
59.641 59.789 60.014
59.537 59.909 60.323
59.553 59.852 60.040
59.580 59.812 60.042
59.611 60.000 60.885
59.948 60.172 60.380
59.621 60.092 60.323
59.462 60.038 61.429
59.691 60.382 61.148
59.715 59.880 60.023
59.574 60.158 60.653
59.750 60.014 60.202
59.815 60.185 60.950
59.944 60.188 60.825
59.690 60.678 63.856
59.480 60.143 61.765
59.731 59.869 60.162
59.716 59.936 60.110
59.499 59.983 60.529
59.538 59.751 60.045
59.523 59.829 60.381
59.591 60.839 63.302
59.740 60.034 60.330
59.468 60.050 60.460
59.934 60.440 61.337
59.475 60.057 60.646
59.603 60.109 60.615
59.670 60.166 60.797
59.453 60.083 60.645
59.888 60.280 61.311
59.546 59.783 60.030
59.692 59.980 60.584
59.897 60.091 60.504
59.774 60.061 60.389
59.617 59.861 60.062
60.013 60.187 60.354
59.567 60.101 60.694
59.540 59.802 59.992
59.492 59.951 60.475
59.757 60.149 60.935
59.944 60.319 60.901
59.391 59.904 60.592
59.640 59.931 60.083
59.587 60.031 60.500
59.742 59.947 60.295
60.078 60.288 60.469
59.665 60.528 61.445
59.961 60.498 61.225
59.729 60.118 60.724
59.681 60.093 60.332
59.681 60.125 61.078
59.593 59.823 59.967
59.575 60.320 61.026
59.913 60.248 60.756
59.832 60.086 60.375
59.610 60.031 60.341
59.624 59.908 60.170
59.562 60.200 61.353
59.543 59.898 60.552
59.510 59.784 60.021
59.885 60.077 60.627
59.620 60.295 60.613
59.854 60.544 61.618
59.805 60.174 60.625
60.034 60.472 61.164
59.866 60.473 61.305
59.746 60.551 62.004
59.727 60.014 60.200
59.860 60.085 60.480
59.755 60.266 60.803
59.392 59.718 60.311
59.703 60.421 61.365
59.951 60.151 60.589
59.648 60.194 60.587
60.197 60.680 61.800
60.001 60.492 61.060
60.037 60.474 61.055
59.557 59.846 60.125
59.885 60.188 60.986
59.726 60.262 61.317
59.994 60.311 60.501
59.834 60.394 61.125
59.914 60.213 60.917
59.949 60.270 61.094
59.942 60.308 61.154
60.207 60.564 61.225
59.732 60.103 60.487
59.710 60.152 60.594
59.698 60.092 60.537
59.738 59.905 60.099
59.672 60.028 60.179
59.486 60.021 60.468
59.748 60.072 60.462
59.976 60.267 60.623
59.752 60.617 61.220
59.521 60.140 61.042
59.496 60.164 60.687
59.555 60.030 60.488
59.574 59.815 60.118
59.585 60.069 61.084
59.853 60.390 60.707
59.844 60.191 60.722
59.800 60.295 61.850
59.850 60.348 60.928
59.714 60.065 60.813
59.552 60.363 61.006
60.153 60.334 60.564
60.013 60.251 60.753
59.881 60.376 60.887
59.702 60.164 60.673
59.939 60.427 61.299
60.204 60.460 60.958
59.838 60.549 62.033
59.555 60.053 60.481
59.834 60.259 60.960
60.317 60.661 60.986
59.768 60.250 60.536
59.973 60.107 60.386
60.132 60.465 60.990
59.702 60.323 61.495
59.753 60.280 60.756
59.841 60.177 60.645
60.419 60.615 60.785
59.826 60.544 61.651
59.888 60.366 60.936
59.883 60.087 60.430
59.696 60.086 60.941
59.584 59.819 60.072
59.574 59.818 60.308
59.547 60.051 60.383
59.921 60.144 60.381
59.623 60.227 61.091
59.841 60.323 60.759
60.027 60.366 60.994
59.974 60.272 60.973
59.761 60.209 60.671
59.595 59.971 60.576
59.569 59.849 60.093
59.844 60.148 60.383
59.764 60.288 60.436
59.742 61.398 63.304
59.666 59.998 60.182
59.632 60.260 61.256
59.551 60.286 60.822
59.874 60.676 62.641
59.629 59.955 60.339
60.264 60.341 60.447
59.742 60.365 61.000
59.731 59.980 60.336
59.751 59.943 60.310
59.870 60.389 61.613
59.438 60.099 60.863
59.790 60.275 60.966
59.755 60.029 60.675
59.695 60.151 60.896
59.699 59.848 59.925
59.933 60.276 60.675
59.745 59.936 60.238
59.738 60.228 60.837
59.819 60.362 62.022
59.620 60.213 60.881
59.676 59.976 60.493
59.466 60.440 60.859
59.722 60.668 62.195
59.790 59.970 60.200
59.973 60.190 60.391
59.680 60.034 60.656
59.768 60.123 60.499
59.771 59.948 60.088
60.262 60.585 61.070
59.623 60.044 60.680
59.660 60.193 60.840
59.913 60.170 60.589
59.883 60.267 60.949
59.452 59.966 60.849
59.632 59.843 60.080
59.577 60.102 60.721
59.684 60.252 61.282
59.392 59.947 60.602
59.947 61.332 63.461
59.631 59.782 59.953
59.729 59.957 60.425
59.555 59.883 60.389
59.775 60.465 61.246
59.759 60.259 60.938
59.657 60.031 60.536
59.640 60.056 60.947
59.456 60.069 60.737
59.506 59.711 60.296
59.725 59.957 60.240
59.488 61.635 63.287
59.394 59.816 60.296
59.531 59.835 60.358
59.670 59.895 60.056
59.657 59.897 60.219
59.577 59.705 59.782
59.611 59.827 60.013
59.736 59.943 60.037
59.571 59.779 60.354
59.749 60.150 60.569
59.750 59.940 60.141
59.695 59.886 60.089
59.587 60.334 61.561
59.551 59.932 60.549
59.762 59.918 60.178
59.547 59.881 60.146
59.683 60.009 60.400
59.617 59.806 59.985
59.506 59.940 60.371
59.651 60.080 60.593
59.471 59.992 60.354
59.669 60.111 60.738
59.376 59.704 59.934
59.682 59.823 59.876
59.638 59.835 60.075
59.583 60.059 60.448
59.533 59.895 60.157
59.413 59.997 61.172
59.360 59.871 60.327
59.635 59.958 60.277
59.396 59.854 60.189
59.453 59.756 60.398
59.463 59.759 60.096
59.603 60.087 60.757
59.560 59.954 60.572
59.738 60.072 60.709
59.663 59.999 60.641
59.544 59.952 60.297
59.321 59.961 61.132
59.524 60.003 60.751
59.454 59.924 61.190
59.473 59.771 60.339
59.607 60.050 60.645
59.577 59.927 60.620
59.543 59.844 60.222
59.311 59.547 59.721
59.404 59.798 60.142
59.438 59.742 60.259
59.382 59.911 60.550
59.498 59.682 59.976
59.375 59.806 60.217
59.497 59.712 60.213
59.574 59.765 59.976
59.383 59.974 60.944
59.453 59.663 59.921
59.485 59.692 59.858
59.413 59.932 60.820
59.590 59.780 60.244
59.408 59.706 59.890
59.542 60.329 62.991
59.501 59.644 59.821
59.628 59.794 60.268
59.383 59.732 60.149
59.702 59.803 59.920
59.510 59.940 60.511
59.560 59.796 60.052
59.564 60.185 60.990
59.450 60.420 63.981
59.423 59.538 59.888
59.484 59.799 60.222
59.504 59.838 60.434
59.478 59.994 60.848
59.527 59.701 59.992
59.547 59.739 60.173
59.510 59.653 60.001
59.509 59.812 60.060
59.470 59.931 60.486
59.463 60.301 61.576
59.666 59.913 60.482
59.800 59.938 60.310
59.439 59.782 60.022
59.487 59.615 59.782
59.536 59.869 60.447
59.306 59.760 60.638
59.413 59.683 60.127
59.464 59.585 59.934
59.441 59.673 59.854
59.525 59.891 60.408
59.624 59.870 60.057
59.629 59.814 60.386
59.591 59.831 60.163
59.569 59.937 60.639
59.374 59.658 60.278
59.535 59.662 59.864
59.601 59.852 60.462
59.576 59.790 60.261
59.311 59.668 59.873
59.712 59.858 60.203
59.385 59.626 59.895
59.535 59.769 60.093
59.672 59.829 60.170
59.477 59.941 60.432
59.427 59.736 60.017
59.320 59.718 60.517
59.506 59.702 60.030
59.493 59.852 60.403
59.464 59.705 60.027
59.464 59.631 59.976
59.429 59.540 59.705
59.538 59.824 60.604
59.492 59.649 59.789
59.426 59.584 59.780
59.397 59.558 59.717
59.426 59.813 60.125
59.408 59.582 59.865
59.564 59.846 60.546
59.611 59.950 60.328
59.390 59.541 59.666
59.394 59.662 59.917
59.565 59.655 59.792
59.555 59.803 59.992
59.452 59.798 59.973
59.442 59.647 59.893
59.359 59.599 60.140
59.548 60.034 60.995
59.382 59.614 59.936
59.375 59.577 59.901
59.446 59.618 59.820
59.524 59.826 60.375
59.425 59.492 59.574
59.469 59.734 60.071
59.506 59.812 60.208
59.412 59.784 60.153
59.384 59.648 60.086
59.488 59.633 59.756
59.401 59.647 59.781
59.526 59.840 60.163
59.515 59.767 60.178
59.406 59.518 59.620
59.389 59.635 59.976
59.551 59.775 60.092
59.419 60.246 61.418
59.447 59.779 60.223
59.395 59.521 59.720
59.471 59.571 59.763
59.358 59.630 59.810
59.367 59.527 59.871
59.388 59.530 59.679
59.376 59.556 60.037
59.385 59.643 59.966
59.397 59.600 59.923
59.474 59.574 59.818
59.452 59.583 59.681
59.601 59.812 59.946
59.480 59.661 59.913
59.588 59.759 60.023
59.404 60.103 61.769
59.373 59.523 59.695
59.387 59.514 59.592
59.508 59.699 59.990
59.448 59.746 60.072
59.607 59.796 59.918
59.527 59.946 60.272
59.311 59.543 60.055
59.418 59.627 59.903
59.477 59.638 59.784
59.422 60.136 60.885
59.492 59.690 60.150
59.470 59.675 60.226
59.445 59.581 59.840
59.368 59.584 60.149
59.636 59.767 59.959
59.424 59.657 60.006
59.394 59.765 60.095
59.475 59.632 59.877
59.433 59.580 59.771
59.442 59.681 60.238
59.396 59.470 59.627
59.457 59.614 59.891
59.435 59.683 59.915
59.475 59.762 60.130
59.452 59.651 59.970
59.411 59.576 59.760
59.461 59.653 60.049
59.465 59.618 59.821
59.502 59.880 60.670
59.426 59.591 59.821
59.432 59.942 60.842
59.350 59.600 59.825
59.421 59.549 59.614
59.475 59.677 59.865
59.429 59.664 59.801
59.397 59.827 60.275
59.469 59.630 59.888
59.657 60.039 60.661
59.446 59.717 59.984
59.403 59.526 59.708
59.554 59.923 60.151
59.529 59.837 60.644
59.544 59.861 60.254
59.457 59.721 60.186
59.789 59.870 60.073
59.521 59.743 59.903
59.388 59.607 59.816
59.662 59.972 60.699
59.421 59.627 59.916
59.648 59.925 60.204
59.419 59.577 59.758
59.505 59.678 59.887
59.705 59.833 60.086
59.613 59.826 60.009
59.446 59.620 59.745
59.445 59.709 59.840
59.462 59.781 60.210
59.539 59.725 59.842
59.484 59.659 59.920
59.735 59.950 60.171
59.461 59.632 59.932
59.521 59.907 60.781
59.467 59.614 59.794
59.486 59.631 59.758
59.385 59.627 60.056
59.425 59.713 59.897
59.328 59.626 59.998
59.817 60.120 60.560
59.448 60.597 63.602
59.426 59.753 60.115
59.433 59.679 59.860
59.724 59.922 60.288
59.523 59.764 60.078
59.532 59.771 59.996
59.726 59.968 60.393
59.423 59.841 60.288
59.483 60.109 60.760
59.808 60.096 60.636
59.614 59.936 60.394
59.670 59.931 60.149
59.515 59.947 60.487
59.590 59.882 60.066
59.552 59.900 60.640
59.539 59.859 60.627
59.496 59.725 60.105
59.831 59.992 60.178
59.458 59.841 60.016
59.525 59.888 60.164
59.542 59.999 60.623
59.540 59.754 59.902
59.552 60.179 61.206
59.614 60.390 61.762
59.432 59.712 59.904
59.447 59.626 59.779
59.404 59.669 59.885
59.432 59.953 60.202
59.388 59.730 59.955
59.555 59.791 59.952
59.514 59.849 60.324
59.578 60.296 61.065
59.518 59.883 60.359
59.739 59.935 60.098
59.640 59.779 59.904
59.578 59.953 60.294
59.382 59.754 59.886
59.453 59.816 60.757
59.508 59.871 60.194
59.505 59.644 59.772
59.681 59.915 60.076
59.620 59.833 60.259
59.597 59.754 60.006
59.513 59.815 60.144
59.694 59.878 59.975
59.428 59.751 60.125
59.795 60.055 60.446
59.484 59.722 59.932
59.630 59.867 60.121
59.528 59.607 59.734
59.565 59.791 60.544
59.633 60.091 60.379
59.728 60.261 60.757
59.346 59.667 59.907
59.658 59.806 59.960
59.603 59.918 60.189
59.684 59.889 60.146
59.519 59.897 60.486
59.520 59.880 60.164
59.629 59.922 60.201
59.528 60.130 61.204
59.585 60.114 61.078
59.430 59.739 60.273
59.705 60.165 60.807
59.720 60.054 60.522
59.697 60.240 61.237
59.753 60.011 60.559
59.678 60.055 60.319
59.907 60.190 60.547
59.520 59.847 60.273
59.554 59.856 60.602
59.715 59.869 60.150
59.935 60.110 60.204
59.788 60.086 60.364
59.643 60.080 60.778
59.611 59.846 60.174
59.501 59.769 60.155
59.562 60.138 60.775
59.400 60.381 61.897
59.383 60.022 60.613
59.590 59.921 60.449
59.559 59.818 60.244
59.567 59.724 60.008
59.461 59.891 60.544
59.536 59.942 60.815
59.838 60.189 60.648
59.611 59.877 60.060
59.670 59.921 60.374
60.129 60.257 60.453
59.471 59.923 60.562
59.406 59.687 59.866
59.835 60.125 60.301
59.573 59.881 60.348
59.588 59.904 60.171
59.538 59.796 60.136
59.772 60.373 60.946
59.527 59.721 59.946
59.405 59.810 60.629
59.904 60.263 61.359
59.662 59.923 60.215
59.494 59.984 60.617
59.432 60.016 60.604
59.611 59.960 60.532
59.925 60.068 60.275
59.785 60.116 60.814
59.562 60.033 61.333
59.597 60.291 60.995
59.483 60.004 60.255
59.654 59.855 60.163
59.765 60.266 61.222
59.607 59.833 60.109
59.654 59.896 60.172
59.849 60.647 62.818
59.572 60.116 60.728
59.762 60.054 60.472
59.614 60.130 60.860
59.530 59.734 60.120
59.778 60.007 60.235
59.731 60.117 60.665
59.465 59.889 60.335
59.573 59.950 60.394
59.698 59.866 60.096
59.504 59.949 60.405
59.592 59.786 60.096
59.879 60.102 60.596
59.493 59.930 60.268
59.738 59.811 60.048
59.787 59.963 60.190
59.976 60.040 60.175
59.626 60.013 60.556
59.484 59.867 60.016
59.530 59.753 59.889
59.507 59.795 60.132
59.688 59.988 60.372
59.731 60.171 60.747
59.509 59.940 60.357
59.629 59.972 60.127
59.604 59.780 60.081
59.584 59.863 60.153
59.479 59.797 60.025
59.566 59.792 60.400
59.799 60.086 60.808
59.823 59.941 60.111
59.735 60.057 60.263
59.503 59.958 60.346
59.702 59.987 60.300
59.700 59.983 60.260
59.591 59.923 60.588
59.646 60.948 65.133
59.609 60.138 60.776
59.611 59.854 60.315
59.826 59.972 60.115
59.716 59.817 59.933
59.509 59.786 60.314
59.417 59.880 60.087
59.651 59.942 60.273
59.541 60.010 61.027
59.927 60.283 60.925
59.455 59.670 59.897
59.654 60.126 61.078
59.594 59.907 60.199
59.561 59.785 59.960
59.679 59.941 60.239
59.626 59.932 60.801
59.622 59.859 60.034
59.811 60.095 60.531
59.977 60.305 61.027
59.694 59.868 60.115
59.630 59.910 60.039
59.680 59.984 60.373
59.839 60.117 60.244
59.779 60.129 60.690
59.670 60.010 60.336
59.724 59.873 60.191
59.597 59.869 60.130
59.522 59.987 60.539
59.596 60.107 60.944
59.741 60.003 60.375
59.525 59.814 60.327
59.501 59.761 60.100
59.649 59.850 60.424
59.899 59.964 60.076
59.735 60.385 61.213
59.399 59.864 60.343
59.721 59.826 60.013
59.714 60.136 60.607
59.503 59.664 59.776
59.445 59.801 60.093
59.769 59.987 60.522
59.850 60.148 60.620
59.550 59.822 60.260
59.484 59.755 60.128
59.571 59.796 60.008
59.590 59.934 60.194
59.495 59.833 60.379
60.014 60.739 62.418
59.756 59.871 59.956
59.701 59.983 60.315
59.465 59.941 60.315
59.669 59.917 60.152
59.647 59.890 60.076
59.608 60.088 60.709
59.804 60.045 60.290
59.713 60.086 60.526
59.416 59.941 60.644
59.537 59.871 60.106
59.572 59.837 59.931
59.573 59.917 60.601
59.581 60.015 60.583
59.656 59.835 60.239
59.712 60.347 61.173
59.445 60.098 61.662
59.561 59.781 59.974
59.589 60.006 60.536
59.573 60.102 60.764
59.460 59.748 59.963
59.582 59.870 60.117
59.718 59.967 60.331
59.792 59.997 60.202
59.382 59.758 60.153
59.602 60.007 60.427
59.610 59.965 60.453
59.914 60.128 60.206
59.665 61.255 66.892
59.660 59.926 60.480
59.484 59.795 60.138
59.626 59.889 60.241
59.529 59.811 60.246
59.538 59.851 60.213
59.706 59.827 60.062
59.690 59.927 60.191
59.757 59.895 59.997
59.938 60.268 60.554
59.573 60.071 60.483
59.698 60.462 61.326
59.499 59.801 60.062
59.808 59.930 60.100
59.669 59.982 60.274
59.811 60.280 60.517
59.651 59.840 60.004
59.587 59.815 60.099
59.674 60.227 60.752
59.708 60.008 60.365
59.542 59.866 60.407
59.739 59.898 60.046
59.506 59.933 60.725
59.765 60.064 60.759
59.416 59.675 59.860
59.781 60.491 62.025
59.400 59.792 59.975
59.703 60.028 60.475
59.758 60.302 60.773
59.519 59.758 59.986
59.835 60.162 60.446
59.526 59.917 60.181
59.558 59.884 60.316
59.661 59.828 59.944
59.476 60.012 60.510
60.012 60.365 60.511
59.525 59.858 60.013
59.926 60.223 60.552
59.576 60.012 60.644
59.595 60.251 60.809
59.667 60.262 61.379
59.667 59.913 60.312
59.585 60.126 60.613
59.548 59.960 60.145
59.978 60.071 60.228
59.480 59.912 60.578
59.539 59.874 60.099
59.482 59.885 60.176
59.602 59.875 60.354
59.387 60.044 60.357
59.635 59.791 60.031
59.586 59.901 60.251
59.746 59.921 60.111
59.740 60.000 60.243
59.477 60.273 61.131
59.659 60.553 61.740
59.872 60.113 60.349
59.758 60.261 60.962
59.766 60.046 60.858
59.512 60.038 60.728
59.887 61.464 66.638
59.640 59.921 60.280
59.879 60.275 60.813
59.680 60.244 60.943
60.091 60.114 60.140
59.591 59.944 60.295
59.564 60.114 60.481
59.537 60.209 60.951
59.806 60.104 60.649
59.641 60.109 61.356
59.451 60.036 60.403
60.071 60.283 60.651
59.489 59.950 60.164
59.831 60.088 60.451
59.585 60.554 61.359
59.749 60.196 60.876
59.713 60.087 61.025
59.693 60.251 60.549
59.493 60.200 60.671
59.882 60.161 60.448
59.594 60.184 60.548
59.589 59.868 60.189
60.284 60.447 60.605
59.689 60.176 61.245
59.629 60.132 60.597
59.769 59.975 60.517
59.408 60.028 60.357
59.653 60.353 60.874
59.734 60.018 60.338
59.909 60.048 60.244
60.048 60.226 60.395
59.825 60.076 60.467
60.174 60.409 60.727
59.733 60.091 60.853
59.694 60.013 60.202
59.435 59.908 60.462
59.597 60.272 60.845
59.773 60.226 60.885
59.401 59.985 60.471
59.561 60.037 60.968
59.852 60.202 60.520
59.844 60.213 60.959
59.981 60.428 61.138
59.661 59.843 60.294
59.610 59.806 60.047
59.699 60.046 60.633
59.978 60.292 61.373
59.979 60.260 60.638
59.810 60.198 60.581
59.755 60.004 60.180
59.608 60.369 60.803
59.590 60.052 60.445
59.679 60.134 60.934
59.504 59.908 60.346
59.605 60.069 60.602
59.635 59.923 60.225
59.722 60.300 61.552
59.537 59.809 60.308
59.507 59.919 60.386
59.549 59.767 59.986
59.511 60.062 60.596
59.594 59.863 60.042
59.634 60.428 61.502
59.737 60.545 62.281
59.525 59.927 60.294
59.565 59.905 60.292
59.660 59.863 60.019
59.928 60.260 60.826
59.672 59.839 59.993
60.084 60.259 60.559
59.726 60.190 60.744
60.320 60.388 60.463
59.870 59.993 60.247
59.938 60.281 60.634
59.563 60.065 61.033
59.437 59.736 60.072
59.698 59.869 60.122
59.541 59.985 60.228
59.601 60.089 60.654
59.707 60.318 60.872
59.723 60.142 60.328
60.046 60.246 60.543
59.715 60.183 60.547
60.136 60.464 60.996
59.645 59.977 60.594
59.495 59.883 60.298
59.951 60.279 60.549
59.814 60.190 60.611
59.922 60.118 60.422
59.813 60.170 60.781
59.477 59.856 60.288
59.809 60.172 61.149
59.659 60.016 60.605
60.034 60.476 61.346
59.433 59.888 60.109
59.569 59.780 59.980
59.737 59.948 60.145
59.794 60.038 60.410
59.651 59.963 60.234
59.789 60.328 61.425
59.779 60.183 60.594
59.702 59.917 60.105
59.444 59.842 60.080
59.708 60.156 60.778
59.503 60.138 60.659
59.718 59.952 60.142
59.551 59.863 60.240
59.725 59.937 60.415
59.619 59.964 60.445
59.795 60.402 60.848
59.691 60.011 60.329
59.631 60.137 60.380
59.846 59.986 60.208
59.695 59.902 60.152
59.586 59.906 60.264
59.982 60.563 61.554
59.636 60.079 60.748
60.050 60.550 60.990
59.776 59.994 60.268
59.720 60.181 60.642
59.666 59.929 60.302
59.619 60.210 61.151
59.641 60.218 61.180
59.763 60.317 61.000
59.879 60.242 60.637
59.653 59.957 60.295
59.634 60.217 60.710
59.852 60.185 60.491
59.637 60.075 60.603
59.689 59.966 60.241
59.640 59.946 60.223
59.865 60.387 61.119
59.716 59.850 59.946
59.618 60.023 60.507
59.718 60.085 60.470
59.545 60.169 60.639
59.825 60.360 60.968
60.194 60.253 60.337
59.730 60.010 60.529
59.795 60.086 60.302
59.507 60.314 61.231
59.778 60.275 60.645
59.851 60.093 60.396
59.629 60.180 60.850
59.692 60.052 60.382
59.671 59.976 60.574
59.699 59.899 60.180
59.709 60.252 60.666
59.635 59.799 59.988
59.704 60.015 60.376
60.066 60.142 60.216
59.738 60.048 60.225
59.743 60.067 60.289
59.511 59.882 60.407
59.780 65.923 90.166
59.801 60.279 61.282
59.507 59.931 60.378
59.716 60.182 60.519
59.846 60.343 61.513
59.972 60.616 61.148
59.958 60.217 60.466
59.481 60.220 60.768
59.937 60.145 60.247
59.863 60.409 60.921
59.796 60.016 60.280
59.547 59.980 60.241
59.846 60.183 60.408
59.655 60.031 60.432
59.585 60.149 60.710
59.950 60.112 60.411
59.607 60.134 60.421
59.756 60.309 60.995
59.501 59.971 60.172
59.599 60.111 60.321
59.936 60.286 60.796
59.962 60.766 62.060
59.658 59.994 60.240
59.409 59.857 60.277
59.600 60.062 60.394
59.914 60.101 60.638
59.620 60.089 60.367
59.739 60.298 61.136
60.016 60.141 60.362
59.714 59.990 60.380
59.695 60.623 61.585
60.285 60.951 62.636
60.138 60.463 61.242
59.632 59.988 60.634
60.188 61.553 64.170
59.705 60.062 60.361
59.762 60.078 60.392
59.964 60.481 61.392
59.954 60.276 60.573
59.930 60.168 60.462
59.904 60.647 61.120
60.003 60.471 60.867
60.345 60.630 61.179
59.731 60.393 61.055
59.519 59.985 60.333
59.944 60.336 60.539
59.719 60.596 61.186
59.852 60.189 60.386
59.696 60.143 60.760
60.003 60.492 60.808
59.764 60.332 61.291
59.720 60.220 60.514
59.758 60.022 60.563
60.160 60.398 60.506
59.796 60.021 60.362
59.819 60.246 60.776
60.640 60.751 61.004
59.646 60.007 60.409
59.448 60.210 60.723
59.741 60.235 60.679
59.518 60.103 60.673
60.341 60.635 61.339
60.065 60.288 60.584
59.680 60.014 60.286
59.646 60.393 61.574
59.941 60.149 60.467
59.781 60.144 60.847
59.531 59.905 60.519
59.784 60.126 60.630
59.983 60.414 61.039
59.769 60.240 60.923
59.737 60.173 60.623
59.738 59.967 60.293
59.717 60.192 60.487
59.657 60.417 61.220
59.580 60.445 62.257
59.696 60.091 60.603
59.694 60.350 61.758
59.757 60.182 61.468
59.659 60.026 60.732
59.881 60.503 61.047
59.871 60.702 61.305
60.010 60.423 61.027
59.711 60.143 60.364
59.852 59.978 60.116
59.900 60.529 61.798
59.684 60.036 60.490
59.996 60.297 60.476
59.799 60.007 60.275
59.899 60.299 60.845
59.682 60.517 61.137
59.926 60.279 60.776
59.803 60.030 60.262
59.935 60.205 60.425
59.850 60.478 61.211
60.038 60.311 60.694
59.714 60.311 60.866
59.959 60.130 60.299
59.642 59.858 60.227
59.548 59.905 60.428
59.648 59.978 60.318
59.845 60.238 60.523
59.897 59.973 60.101
59.710 59.854 60.148
59.940 60.454 61.046
59.918 60.119 60.481
59.756 60.017 60.300
59.551 60.144 60.616
59.848 60.318 60.934
59.734 60.075 60.387
59.897 60.134 60.378
59.773 59.903 60.068
59.889 60.200 60.798
59.781 60.288 60.982
59.819 60.116 60.290
59.612 60.106 60.457
59.954 60.111 60.288
60.019 60.172 60.276
59.716 60.050 60.507
59.584 59.966 60.131
59.606 59.860 60.327
59.530 60.094 60.589
59.728 59.881 60.059
59.568 59.935 60.476
59.707 60.109 60.914
59.733 59.979 60.382
59.736 59.994 60.279
59.544 59.924 60.355
59.648 59.754 59.862
59.882 60.455 61.156
59.698 60.199 60.979
59.773 59.964 60.204
59.697 60.120 60.551
59.501 59.823 60.087
59.571 59.904 60.141
59.588 60.256 61.080
59.586 60.072 61.199
59.730 60.058 60.327
59.772 60.108 60.685
59.670 59.937 60.257
59.588 60.013 60.439
59.770 60.131 60.619
59.528 59.783 59.932
59.970 60.328 61.116
59.664 60.145 60.839
59.620 60.007 60.307
59.577 60.044 60.821
59.769 60.004 60.209
59.586 59.908 60.344
59.575 60.022 60.343
59.769 60.020 60.204
59.722 59.858 60.096
59.539 59.860 60.085
59.666 59.838 60.202
59.527 59.756 60.013
59.744 59.997 60.220
59.938 59.997 60.093
59.797 60.160 61.053
59.464 59.828 60.291
59.700 60.099 60.730
59.657 59.875 60.263
59.813 60.019 60.293
59.813 60.152 60.677
59.663 60.053 60.703
59.707 59.990 60.432
59.649 60.543 63.036
59.551 59.944 60.549
59.652 59.997 60.396
59.814 60.022 60.471
59.545 59.860 60.296
59.596 59.943 60.174
59.666 59.864 60.041
59.581 59.761 59.999
59.741 59.986 60.327
59.567 59.943 60.632
59.491 59.764 59.986
59.555 59.796 60.110
59.635 59.842 60.086
59.547 59.778 60.027
59.629 60.050 60.784
59.557 60.049 60.754
59.464 59.884 60.171
59.735 59.835 60.001
59.547 59.982 60.657
59.520 59.797 60.218
59.704 59.890 60.048
59.589 59.877 60.169
59.455 59.834 60.287
59.576 59.799 60.192
59.499 60.052 60.957
59.629 59.832 60.264
59.573 59.815 60.070
59.615 59.872 60.118
59.501 59.787 60.167
59.718 59.860 60.049
59.691 59.783 60.002
59.577 59.811 60.075
59.474 59.965 60.294
59.704 60.080 60.413
59.603 59.935 60.537
59.626 60.076 60.993
59.524 59.713 60.064
59.466 59.706 60.002
59.426 59.924 60.227
59.514 59.901 60.794
59.548 59.774 60.037
59.550 59.961 60.559
59.853 59.940 60.003
59.600 59.955 60.334
59.723 59.917 60.199
59.453 59.882 60.204
59.582 59.783 59.971
59.797 60.208 60.671
59.624 59.928 60.139
59.817 60.002 60.238
59.565 59.741 59.974
59.562 59.989 61.012
59.506 59.638 59.784
59.531 59.799 59.943
59.456 59.776 60.054
59.506 59.789 59.911
59.578 59.879 60.251
59.550 59.683 59.880
59.469 60.992 65.816
59.408 59.679 60.272
59.423 59.818 60.435
59.576 59.749 59.932
59.721 59.979 60.392
59.599 59.937 61.067
59.489 59.891 60.302
59.495 59.720 59.979
59.537 59.833 60.155
59.483 59.812 60.090
59.545 59.927 60.260
59.536 59.815 60.047
59.543 59.658 59.895
59.547 59.742 60.214
59.472 59.779 60.121
59.518 59.933 60.721
59.642 59.848 59.958
59.599 60.145 61.419
59.649 59.749 59.943
59.521 59.882 60.242
59.503 59.912 60.040
59.470 59.712 59.999
59.509 59.781 60.024
59.850 60.047 60.250
59.482 59.684 59.904
59.447 59.740 60.120
59.547 59.692 59.934
59.640 60.055 60.722
59.538 59.854 60.187
59.571 59.713 59.838
59.481 59.647 59.926
59.498 59.844 60.517
59.450 59.885 60.172
59.608 59.794 60.134
59.620 59.749 59.840
59.560 59.832 60.082
59.492 59.622 59.793
59.573 60.149 60.650
59.759 59.927 60.064
59.529 59.730 59.996
59.593 59.743 59.931
59.577 59.735 59.967
59.502 59.812 60.520
59.501 59.844 60.283
59.601 60.007 60.576
59.548 59.907 60.186
59.694 59.899 60.203
59.704 59.822 60.005
59.654 59.859 60.434
59.478 61.406 68.517
59.562 59.804 59.969
59.467 59.767 59.961
59.616 59.709 59.900
59.502 59.779 60.004
59.651 59.874 60.036
59.540 59.739 60.093
59.548 59.724 60.192
59.505 59.756 60.102
59.569 59.871 60.162
59.560 59.810 59.988
59.742 59.944 60.185
59.521 59.663 59.886
59.411 59.542 59.822
59.467 59.597 59.719
59.588 59.750 60.228
59.635 59.794 59.971
59.501 59.835 60.136
59.502 61.326 67.532
59.498 59.827 60.228
59.462 59.755 60.190
59.481 59.653 59.781
59.564 59.664 59.917
59.433 59.643 60.031
59.542 59.686 59.860
59.531 59.625 59.785
59.609 59.648 59.725
59.532 59.678 59.855
59.743 59.882 60.152
59.514 59.725 60.092
59.567 59.674 59.764
59.460 59.700 60.205
59.544 59.803 60.093
59.486 59.636 59.826
59.619 59.736 60.009
59.517 59.653 59.895
59.510 59.708 60.017
59.502 59.690 60.166
59.630 59.841 60.016
59.555 59.703 59.889
59.558 59.861 60.223
59.619 59.782 60.284
59.611 59.800 59.978
59.400 59.648 60.095
59.677 59.756 59.911
59.492 59.583 59.777
59.499 59.708 59.870
59.414 59.816 60.299
59.515 59.687 59.835
59.459 59.707 59.880
59.530 59.865 60.110
59.524 59.669 59.881
59.502 59.746 59.908
59.613 59.888 60.208
59.497 59.719 59.864
59.480 59.692 59.910
59.474 59.991 61.003
59.529 59.714 60.107
59.806 59.962 60.262
59.518 59.757 59.998
59.515 59.650 59.727
59.614 59.713 59.901
59.537 59.811 60.044
59.486 59.717 60.247
59.509 59.678 59.842
59.475 59.737 60.161
59.471 59.765 60.324
59.584 59.756 59.996
59.524 59.786 60.495
59.640 59.907 60.024
59.465 59.577 59.708
59.484 59.705 60.019
59.570 59.823 60.067
59.619 59.843 60.146
59.650 60.013 60.257
59.596 59.801 60.456
59.764 60.230 60.469
59.490 59.640 59.820
59.576 59.996 60.821
59.577 59.989 60.336
59.704 59.859 60.383
59.596 59.889 60.152
59.589 59.745 60.098
59.559 59.977 60.648
59.496 59.819 60.410
59.568 59.881 60.454
59.542 59.749 60.159
59.663 59.949 60.253
59.563 59.877 60.445
59.497 59.734 59.883
59.464 59.858 60.100
59.549 59.959 60.616
59.530 59.759 60.021
59.837 60.261 60.831
59.705 60.076 60.342
59.540 59.813 60.152
59.494 59.806 60.293
59.499 59.774 59.928
59.728 59.940 60.209
59.581 59.740 59.907
59.518 59.795 60.266
59.711 59.871 60.081
59.696 59.824 60.004
59.509 59.759 60.013
59.791 60.110 60.840
59.900 60.076 60.243
59.534 60.010 60.365
59.665 59.842 60.154
59.732 60.429 61.209
59.504 59.753 59.916
59.691 59.919 60.200
59.681 60.052 60.394
59.481 59.802 60.531
59.677 59.899 60.150
59.693 60.330 60.783
59.690 59.975 60.242
59.505 60.098 60.556
59.710 60.486 61.920
59.826 60.095 60.280
59.744 60.248 60.914
59.889 60.189 60.843
59.515 59.813 60.228
59.582 59.988 60.453
59.610 60.212 61.693
59.818 60.064 60.234
59.547 59.727 60.008
59.788 60.133 60.760
59.459 59.803 60.069
59.891 60.383 61.458
59.528 60.033 60.494
59.664 60.058 60.666
59.545 60.354 61.072
59.595 60.266 60.714
59.507 59.941 60.280
59.887 60.133 60.599
59.587 60.247 60.985
59.583 59.835 60.071
59.669 61.249 67.203
59.667 60.230 60.780
59.634 59.897 60.322
59.633 60.016 60.332
59.870 60.399 61.425
59.558 59.910 60.574
59.557 59.946 60.273
59.559 60.095 60.897
59.573 59.871 60.113
60.004 60.489 60.756
59.706 60.114 60.621
59.973 60.267 60.848
59.703 60.085 60.610
59.573 59.881 60.354
59.584 60.121 60.889
59.520 59.964 60.182
59.636 60.121 60.558
59.681 60.138 61.015
59.651 59.903 60.220
59.890 60.079 60.481
59.691 59.909 60.177
59.577 59.932 60.330
59.862 60.102 60.627
59.553 60.467 62.101
59.633 60.328 60.925
59.733 60.021 60.400
59.647 59.942 60.433
59.972 61.479 66.475
59.812 60.177 60.634
59.900 60.107 60.230
59.473 61.824 69.327
59.708 60.031 60.358
59.499 59.731 59.924
59.892 60.226 60.492
59.469 60.134 61.051
59.779 59.968 60.131
59.890 60.803 63.516
59.655 60.039 60.516
59.788 60.107 60.526
59.853 60.139 60.493
59.769 60.041 60.388
59.525 59.784 60.046
59.651 59.843 59.983
59.777 60.324 60.956
59.505 59.849 60.068
59.680 59.998 60.433
59.585 59.882 60.567
59.561 60.147 60.575
59.693 59.989 60.610
59.806 60.169 60.915
59.862 60.167 60.685
59.648 60.031 60.484
59.695 60.094 60.693
59.683 59.963 60.242
59.872 60.034 60.514
59.630 60.247 61.619
59.708 59.973 60.469
59.649 59.815 60.023
59.596 60.121 60.684
59.684 59.908 60.378
59.515 59.944 60.218
59.745 60.030 60.322
59.862 60.023 60.460
59.730 60.022 60.754
59.808 60.029 60.162
59.562 59.897 60.154
59.925 60.064 60.427
59.839 60.059 60.283
59.548 60.060 60.565
59.724 60.004 60.575
60.049 60.265 60.430
59.548 59.955 60.469
60.285 60.509 61.059
59.815 60.152 60.632
59.640 59.881 60.016
59.518 59.830 60.019
60.048 60.249 60.663
59.847 60.269 61.025
59.737 59.950 60.140
59.746 60.091 60.521
59.669 59.969 60.232
59.744 60.064 60.535
59.949 60.395 61.133
59.662 59.841 60.090
59.592 59.896 60.425
59.523 59.766 60.071
59.767 59.896 60.058
59.385 60.068 60.681
59.657 60.033 60.934
59.591 60.035 60.783
59.433 60.133 60.787
59.540 59.923 60.463
59.679 59.878 60.494
59.650 59.852 60.189
59.569 60.284 61.349
59.656 59.863 60.175
59.745 60.448 62.269
59.587 59.965 60.173
59.667 59.939 60.382
59.706 59.907 60.181
59.739 59.835 60.004
59.512 60.062 60.635
59.490 59.842 60.319
59.509 60.047 60.452
59.580 59.753 59.952
59.695 59.993 60.341
59.718 60.162 60.938
59.571 59.957 60.841
59.415 59.923 60.652
59.715 59.963 60.234
59.529 60.179 61.481
59.840 60.014 60.330
59.522 60.179 60.465
59.559 60.045 60.436
59.361 59.816 60.105
59.650 59.902 60.269
59.522 59.992 61.079
59.877 60.137 60.632
59.463 60.131 60.658
59.756 59.848 60.031
59.687 60.390 61.459
59.745 60.123 60.489
59.724 59.926 60.153
59.561 59.923 60.717
59.725 59.982 60.205
59.460 59.652 59.839
59.854 60.558 62.648
60.062 60.277 60.676
59.823 60.024 60.363
59.683 60.043 60.386
59.490 59.661 59.899
59.714 60.226 60.660
59.574 60.095 60.467
59.901 60.293 61.172
60.037 60.297 60.506
59.688 59.956 60.273
59.653 59.976 60.673
59.786 60.027 60.429
59.694 59.913 60.088
59.593 59.902 60.309
59.885 60.195 60.458
59.683 59.733 59.794
59.773 60.052 60.858
59.957 60.305 60.681
59.483 60.127 60.672
59.651 59.979 60.330
59.768 59.863 59.993
59.750 60.019 60.447
59.963 60.074 60.370
59.607 59.990 60.892
59.410 61.696 69.238
59.985 60.203 60.779
59.481 60.208 61.228
59.570 59.938 60.329
59.609 60.170 61.172
59.652 60.301 61.233
59.949 60.183 60.331
59.680 59.922 60.300
59.908 60.167 60.568
59.414 60.229 61.365
59.519 59.980 60.329
59.743 59.990 60.265
59.552 60.054 60.492
59.602 59.967 60.252
59.643 60.009 60.860
59.508 60.072 61.018
59.603 59.836 59.990
59.558 60.085 60.707
59.566 59.949 60.762
59.607 59.953 60.337
59.487 59.926 60.830
60.016 60.247 60.488
59.809 60.640 61.362
59.814 60.211 60.888
59.890 60.017 60.365
59.778 60.103 60.548
59.723 60.557 61.989
59.798 60.383 61.264
59.897 60.377 61.051
59.963 60.149 60.480
59.697 59.896 60.101
59.836 60.118 60.428
59.597 60.212 60.990
59.544 59.862 60.213
59.738 59.890 60.020
59.800 60.228 61.209
59.797 60.248 60.463
59.621 60.093 60.443
59.787 60.163 60.625
59.762 59.971 60.291
59.854 60.188 61.097
59.530 60.186 61.288
59.621 59.808 60.166
59.839 60.248 60.949
59.661 59.974 60.284
59.474 59.950 60.513
59.767 59.909 60.128
59.631 60.141 60.487
59.465 59.888 60.881
59.775 60.198 60.691
59.564 59.972 60.482
59.417 59.976 60.621
59.539 59.957 60.390
59.841 60.449 60.932
59.704 60.094 60.578
59.446 59.832 60.189
59.614 60.140 61.513
59.611 59.997 60.620
59.857 60.304 60.991
59.579 60.091 60.464
59.666 59.854 60.108
59.558 60.015 60.575
59.740 60.232 60.788
59.712 60.042 60.414
59.605 60.116 61.029
59.837 60.631 61.866
59.621 59.735 59.924
59.635 60.446 61.658
59.843 59.967 60.072
59.872 60.214 60.881
59.737 60.199 60.529
59.712 60.011 60.153
59.669 60.287 61.051
59.491 60.335 61.438
59.708 60.018 60.191
59.920 60.167 60.335
60.009 60.645 62.114
59.635 59.978 60.646
59.593 60.153 60.706
59.823 60.046 60.425
60.058 60.987 63.181
59.648 60.253 61.040
59.866 60.238 61.125
60.104 60.368 60.921
59.884 60.098 60.497
59.501 60.243 60.876
59.792 60.038 60.341
59.810 60.648 61.404
60.008 60.418 61.177
59.849 60.269 60.662
59.697 59.854 60.066
59.746 59.920 60.024
59.850 60.366 61.555
59.435 59.790 60.295
59.808 60.169 60.635
59.874 60.370 60.905
60.298 60.493 60.624
59.703 60.231 60.663
60.027 60.294 60.503
59.758 60.098 60.451
59.618 60.327 61.286
59.523 59.930 61.024
59.757 60.047 60.710
59.776 60.057 60.442
59.844 60.128 60.394
59.583 60.269 61.256
59.858 60.757 61.534
59.553 59.908 60.577
59.780 60.343 61.246
59.773 59.998 60.313
59.574 59.972 60.732
59.890 60.276 60.534
59.633 60.109 60.608
59.670 60.034 60.666
59.811 60.155 60.640
59.532 59.981 60.617
59.697 60.072 60.501
59.684 59.862 60.097
59.649 59.909 60.124
59.727 59.986 60.266
59.666 60.129 60.543
59.587 59.816 59.963
59.640 60.299 61.021
59.708 60.124 61.078
59.601 59.989 60.300
59.901 60.151 60.391
60.016 60.211 60.533
59.890 60.246 60.955
59.805 60.114 60.393
59.851 60.222 60.491
59.741 60.269 61.151
59.995 60.288 60.891
59.765 60.011 60.316
60.174 60.174 60.174
59.772 59.896 60.178
59.611 60.239 60.934
59.915 60.178 60.859
59.694 60.026 60.266
59.785 60.086 60.377
59.965 60.338 60.782
59.914 60.177 60.471
59.999 60.229 60.520
60.081 60.329 60.572
59.705 59.820 60.113
59.705 60.222 60.933
59.838 60.326 61.479
59.468 60.108 60.506
59.842 60.252 60.968
59.858 60.445 61.020
60.170 60.449 60.747
59.708 60.054 60.572
59.856 60.323 60.657
59.601 59.901 60.160
59.649 60.197 60.733
59.782 60.258 61.371
60.215 60.578 61.023
59.612 60.013 60.417
59.701 59.898 60.102
59.742 60.277 61.017
59.921 60.628 61.481
59.709 60.003 60.375
59.859 60.224 60.594
59.961 60.293 61.152
59.696 60.224 61.175
59.921 60.449 61.197
59.816 60.110 60.628
59.669 59.933 60.179
59.933 60.340 61.425
59.861 60.275 60.530
60.162 60.586 61.173
59.981 60.395 61.265
59.742 59.937 60.334
59.939 60.347 60.824
59.854 60.209 60.539
59.783 60.337 60.772
59.773 60.058 60.344
59.602 60.136 60.726
59.898 60.446 60.695
59.798 60.146 60.650
59.922 60.279 60.617
59.598 60.362 61.506
60.120 60.321 60.460
59.779 60.326 61.128
59.713 60.094 61.119
59.902 60.263 60.772
59.866 60.166 60.542
59.648 60.406 60.969
59.685 60.315 61.205
59.579 60.031 60.212
59.646 60.079 60.959
59.856 60.076 60.280
59.770 60.063 60.476
60.062 60.137 60.275
59.837 60.152 60.628
59.912 60.264 60.920
60.047 60.300 60.793
59.617 60.081 60.699
59.843 60.113 60.389
59.863 60.288 61.282
59.783 59.954 60.056
60.034 60.434 60.717
59.673 60.451 61.694
60.005 60.174 60.562
59.841 60.128 60.539
59.623 59.999 60.490
60.095 60.447 60.866
59.798 60.060 60.807
59.608 60.285 61.172
59.800 60.309 60.951
59.955 60.303 60.598
59.676 60.288 61.658
59.680 60.288 60.607
59.674 60.119 60.509
59.658 60.082 60.416
60.235 60.999 61.856
59.898 60.171 60.447
59.665 60.618 61.175
59.821 60.179 60.771
59.782 59.987 60.272
59.646 60.186 61.054
59.949 60.339 61.188
59.894 60.128 60.358
59.651 60.322 61.344
59.858 60.159 60.680
59.641 60.039 60.752
59.818 60.603 61.103
59.835 60.106 60.540
59.637 60.338 61.059
59.603 59.933 60.527
59.843 60.259 60.824
59.843 60.397 60.985
59.939 60.319 60.604
59.731 60.023 60.277
59.856 60.008 60.198
59.817 60.371 61.184
59.714 59.881 60.277
59.984 60.343 60.819
59.797 59.989 60.380
59.800 60.297 61.208
59.730 60.250 61.360
59.622 59.828 60.044
59.758 60.142 60.615
59.755 60.128 60.427
60.144 60.501 60.996
59.643 60.005 60.341
59.557 60.029 60.756
59.552 59.962 60.220
59.645 59.976 60.404
59.838 60.260 61.229
60.002 60.261 60.699
59.821 60.246 60.891
59.567 59.900 60.078
59.882 60.613 61.074
59.596 60.131 60.782
59.879 60.214 60.767
59.653 60.096 60.415
59.672 60.351 60.696
60.059 60.238 60.433
59.812 60.391 61.098
59.510 60.281 61.266
59.732 60.262 60.967
59.954 60.419 61.325
59.895 60.070 60.341
59.831 60.227 60.606
59.738 60.362 60.757
59.826 60.109 60.276
59.948 60.711 61.468
60.168 60.703 61.184
59.637 60.267 60.554
60.042 60.310 60.571
59.696 60.267 60.628
59.878 60.344 60.935
59.536 60.207 61.547
60.083 60.561 61.368
60.090 61.463 65.135
60.000 60.484 61.182
60.063 60.300 60.516
59.885 60.325 60.785
59.776 60.497 61.282
59.816 60.254 60.754
59.822 60.224 60.998
60.116 60.450 61.033
60.009 60.420 61.677
60.304 60.557 60.771
59.888 60.098 60.271
59.957 60.444 60.848
60.111 60.715 61.698
59.800 60.314 61.104
59.739 60.447 61.153
59.860 60.391 60.920
60.068 60.635 61.576
59.586 60.135 60.594
60.131 60.297 60.526
60.046 60.254 60.690
59.819 60.546 61.581
60.152 60.284 60.637
59.772 60.280 60.624
60.053 60.429 60.959
59.893 61.975 65.474
60.000 60.220 60.469
59.900 60.065 60.246
59.877 60.110 60.553
59.715 60.317 61.232
59.823 60.188 60.568
59.620 60.486 61.674
60.013 60.487 61.111
59.765 60.154 61.108
59.672 60.164 60.670
59.995 60.470 61.648
59.623 60.253 60.714
59.825 60.614 61.240
59.895 60.369 60.926
59.951 60.404 61.084
60.086 60.618 61.037
60.477 60.839 61.423
59.716 60.134 60.705
59.995 60.207 60.473
59.849 60.237 60.755
59.611 60.193 61.077
59.679 60.607 61.522
59.801 60.093 60.292
59.844 60.090 60.364
59.665 60.166 61.152
60.044 60.334 61.058
59.827 60.519 61.057
59.595 60.027 60.890
59.688 59.938 60.265
59.743 60.132 60.646
59.935 60.248 60.871
59.618 60.277 60.945
60.044 60.255 60.816
59.525 59.968 60.427
59.940 60.222 60.632
59.607 59.937 60.338
59.800 60.346 61.080
59.567 59.931 60.170
59.413 60.013 60.988
59.957 60.108 60.222
59.626 59.954 60.262
59.584 60.201 61.073
59.766 60.419 61.356
