257.012 257.108 257.346
248.045 255.508 264.459
254.760 256.664 257.366
247.923 253.646 264.529
257.018 257.475 258.499
247.975 255.305 257.349
247.050 255.021 257.061
246.837 252.240 257.084
247.721 252.292 257.340
248.056 252.576 257.043
247.601 255.155 257.066
250.876 255.893 257.389
247.619 257.193 265.175
247.609 253.605 257.361
249.050 257.426 265.245
247.025 254.339 257.461
247.629 253.477 258.473
257.060 257.757 258.751
251.414 254.999 258.406
252.691 256.670 259.462
247.911 254.486 257.367
254.776 257.050 258.723
247.010 253.888 257.447
246.622 253.584 257.087
247.639 255.123 257.440
249.464 255.422 257.341
246.574 254.348 265.194
248.132 256.788 265.216
250.230 256.378 264.433
246.585 252.345 257.046
247.007 254.420 257.041
250.806 255.414 260.205
247.681 254.166 257.131
252.725 256.278 258.393
248.035 253.759 257.175
247.651 253.279 257.352
247.018 254.227 257.086
256.994 257.140 257.346
246.825 255.514 258.720
247.659 255.237 257.362
249.462 255.953 259.425
247.011 255.441 259.475
249.070 257.341 265.164
247.926 252.619 257.417
250.519 260.007 265.230
247.124 254.271 257.324
250.391 255.735 257.115
252.712 256.744 259.518
256.247 257.332 259.911
250.139 255.687 257.125
247.940 255.610 257.941
247.642 254.881 257.364
254.802 258.645 265.217
246.598 254.781 257.092
257.060 257.463 258.396
247.726 254.563 257.059
255.213 256.396 257.346
247.910 255.561 265.227
246.633 253.698 257.384
247.629 253.448 264.485
250.223 255.226 257.065
250.371 255.558 257.364
250.084 255.721 257.344
252.724 255.780 257.058
246.636 252.040 257.758
255.969 257.995 259.972
257.044 257.185 257.400
246.591 253.524 257.379
247.686 252.529 257.100
249.547 254.196 257.098
246.651 253.818 259.547
249.474 254.270 257.175
246.583 254.755 257.705
257.021 257.122 257.352
247.591 252.523 258.565
250.427 255.929 257.413
249.030 253.696 265.193
252.771 256.175 257.395
255.201 256.933 258.343
249.302 252.861 257.074
246.581 253.008 257.358
251.388 255.539 257.079
248.081 254.916 259.193
248.184 253.750 257.428
255.149 258.206 264.439
256.093 257.218 258.378
249.471 256.293 265.225
250.166 257.690 265.886
246.610 253.470 257.400
247.035 254.425 257.050
257.198 262.193 265.250
246.651 255.007 257.182
248.258 255.291 258.110
247.016 253.657 258.773
249.053 254.432 259.459
257.038 257.079 257.125
249.089 255.294 257.368
249.500 256.088 259.383
250.137 255.702 257.152
247.680 252.253 257.339
254.784 256.994 258.731
247.006 254.430 264.475
247.923 254.617 258.001
249.053 252.695 257.159
257.402 260.037 265.606
248.061 253.975 257.348
246.597 253.739 257.122
247.869 257.036 264.520
250.379 255.301 257.356
249.090 254.549 257.349
249.097 257.164 265.237
256.136 257.703 259.496
249.464 255.672 257.395
247.050 252.291 257.126
250.083 257.317 264.489
250.368 255.593 257.349
247.615 256.230 264.467
256.259 256.765 257.089
249.159 254.212 257.389
248.586 255.017 258.414
247.012 254.971 258.467
249.111 255.576 259.499
249.733 254.511 257.525
250.423 255.858 258.848
246.603 251.210 257.351
247.619 253.482 258.745
250.129 254.612 258.315
256.274 257.696 258.767
257.062 260.469 264.456
252.695 257.732 264.482
248.084 255.896 259.497
249.065 254.446 257.365
246.682 253.059 257.362
250.379 255.945 264.513
250.362 255.710 257.075
249.074 253.960 257.347
247.979 256.646 261.599
248.880 255.495 257.518
246.604 253.141 264.564
250.743 255.986 261.070
256.284 257.877 259.523
247.896 254.240 259.864
247.015 253.565 257.460
256.109 256.936 257.370
254.831 256.290 257.128
257.077 257.695 259.481
250.241 257.524 264.440
249.257 255.730 258.058
247.883 255.050 257.072
247.066 254.464 261.123
246.582 254.698 257.085
246.570 255.118 265.215
247.701 254.070 258.434
247.642 253.016 257.075
248.037 254.958 257.361
257.041 257.157 257.552
252.693 256.162 257.415
250.124 254.594 259.271
247.691 254.163 259.803
251.830 254.619 257.352
256.300 258.614 265.221
250.333 255.839 257.394
246.592 253.984 257.063
247.653 253.741 258.736
247.926 256.953 265.050
257.039 257.665 259.498
255.238 256.922 258.740
257.010 257.531 258.780
250.114 254.279 257.076
247.613 255.294 257.431
250.230 254.820 257.092
247.015 254.063 258.424
257.019 257.162 257.355
247.655 251.906 260.260
249.490 251.097 254.870
257.049 258.827 265.244
250.525 255.783 259.307
257.070 257.616 259.161
252.740 255.827 257.354
246.584 255.000 265.228
247.024 256.755 265.207
252.753 256.188 257.121
252.737 258.083 264.476
250.099 254.668 259.523
255.850 258.804 264.457
249.097 255.140 257.050
248.060 252.285 257.443
249.537 254.483 258.379
247.636 254.988 257.098
249.049 255.543 257.331
247.027 251.059 257.356
257.025 258.735 265.215
251.096 256.792 259.544
247.949 254.296 258.443
246.461 253.965 259.522
257.056 257.245 257.453
250.688 258.602 265.202
247.640 251.794 257.333
247.894 255.374 257.401
248.033 254.285 257.373
247.620 254.909 257.071
247.096 253.603 257.363
250.277 255.514 257.051
249.078 253.786 258.434
247.617 255.268 257.352
246.599 254.523 258.742
248.077 255.175 257.347
250.250 255.777 258.388
246.696 253.700 257.380
252.197 254.500 257.344
256.376 259.388 265.598
257.029 257.149 257.356
249.202 253.981 257.090
250.414 256.268 259.511
249.475 254.110 257.346
247.067 253.730 258.943
248.067 256.857 264.478
248.082 255.386 257.388
256.245 257.567 259.746
250.252 254.204 257.375
251.247 255.337 259.342
257.071 257.533 258.395
257.356 258.320 260.550
250.526 254.744 257.063
255.817 256.396 257.046
248.039 255.090 259.487
252.685 256.102 257.365
250.097 255.809 257.416
247.882 257.357 265.297
250.095 255.706 258.427
255.942 256.965 257.379
247.035 256.293 264.439
250.268 257.533 262.529
249.049 251.745 256.828
247.082 254.242 260.382
247.021 255.048 257.093
247.028 250.362 255.975
257.030 257.121 257.344
250.272 256.077 259.474
254.797 256.025 257.339
247.880 251.672 257.199
256.983 257.028 257.061
246.650 251.633 257.328
246.450 252.270 257.106
257.038 258.068 260.222
248.100 255.443 259.550
247.008 252.165 257.074
256.118 257.399 259.485
248.173 252.631 258.603
250.073 254.744 258.745
247.501 255.988 260.206
248.004 255.446 265.281
248.047 253.797 258.753
257.050 257.189 257.364
248.303 253.998 259.465
246.575 254.366 264.463
256.320 258.719 266.015
247.635 256.648 265.197
257.025 257.428 258.726
250.543 255.964 257.430
250.273 255.876 257.357
247.613 250.731 257.119
256.083 256.925 257.472
248.062 254.388 257.065
255.202 256.393 257.366
246.589 254.630 264.422
254.752 256.475 257.328
247.000 254.074 260.145
257.032 258.215 260.684
247.640 255.240 258.886
247.005 255.874 259.485
249.493 252.623 257.049
246.761 256.740 265.195
247.625 253.960 258.763
255.230 256.752 257.360
249.043 253.376 257.060
257.068 258.722 264.621
247.986 253.038 259.492
250.374 256.534 259.463
257.021 257.116 257.349
256.080 256.534 257.061
257.033 257.211 257.334
249.451 256.345 259.467
247.016 249.774 256.955
255.795 258.136 264.282
247.963 253.121 257.340
250.305 254.925 257.384
252.801 255.343 257.040
249.087 256.281 265.195
247.669 255.051 257.367
250.125 255.715 257.351
248.068 255.598 258.415
247.966 254.123 257.034
247.634 255.548 259.476
250.273 255.913 257.503
248.769 255.814 258.908
256.086 258.792 265.196
249.103 253.482 257.091
257.044 257.945 259.591
248.889 253.749 257.552
250.100 253.678 256.358
257.233 258.028 259.743
249.491 259.293 265.694
246.608 255.136 258.375
249.473 253.810 257.054
248.027 254.174 257.341
254.140 257.177 259.912
248.019 254.756 257.037
249.096 256.030 264.433
247.027 253.671 257.049
249.463 252.940 256.975
249.484 254.398 258.107
254.369 259.308 265.175
247.894 254.029 257.473
250.335 254.378 257.104
248.027 256.014 259.243
249.149 255.672 259.496
252.695 255.432 257.314
250.412 257.204 265.206
252.265 260.653 267.956
249.108 255.935 258.774
247.739 253.826 258.938
255.810 256.914 257.350
246.562 251.137 256.256
256.370 257.483 259.392
248.053 254.831 257.058
249.070 255.320 257.327
257.100 257.228 257.383
246.630 252.768 264.651
250.556 255.474 257.114
250.485 255.857 257.379
252.659 255.708 257.346
257.035 257.665 259.537
250.446 256.148 258.759
255.807 260.349 265.162
249.061 254.382 257.032
257.000 257.378 258.414
250.364 256.413 261.180
256.993 258.535 264.296
249.132 254.508 259.486
247.942 252.143 257.071
249.487 254.793 257.407
249.495 255.376 257.787
248.037 256.948 265.232
249.467 257.272 265.165
247.886 252.392 257.395
254.778 255.728 257.405
250.099 256.288 258.755
257.366 260.280 265.230
255.315 256.707 257.508
246.585 254.759 257.316
249.048 256.775 264.507
248.970 253.586 257.348
255.983 256.874 257.883
250.514 255.716 259.485
250.512 255.543 257.279
249.085 255.412 257.606
247.008 257.155 265.220
250.408 256.113 258.711
256.996 257.398 258.855
249.471 255.787 259.506
249.469 255.923 258.228
251.175 254.832 258.820
254.801 256.596 257.065
250.115 256.015 258.742
246.668 251.000 257.369
256.287 258.475 264.570
247.931 255.632 258.386
249.484 254.226 257.076
247.049 253.529 257.434
255.198 257.008 258.757
255.806 256.991 258.776
250.243 257.767 264.449
248.039 255.256 257.611
250.119 256.262 259.735
256.217 258.254 264.444
246.563 255.832 261.178
249.043 253.929 257.341
249.066 253.909 257.083
246.609 253.468 257.084
257.040 258.043 259.526
248.066 255.080 258.847
246.543 255.099 257.375
256.179 256.895 257.352
257.022 257.467 258.794
250.359 258.587 265.222
250.106 255.500 257.062
257.030 257.168 257.346
252.702 256.519 258.717
250.204 256.727 259.524
246.977 254.687 257.352
257.038 257.673 258.457
253.255 256.371 257.885
246.990 249.766 257.084
249.555 254.405 257.632
246.608 254.946 264.428
255.802 256.906 257.352
256.923 257.238 257.605
249.156 252.532 257.055
256.895 258.538 264.439
254.773 256.394 257.925
246.596 252.976 265.194
249.107 257.462 265.183
252.688 256.745 258.905
250.222 257.780 265.212
250.520 255.870 258.402
249.146 255.111 258.406
256.272 256.945 257.346
249.053 256.265 259.469
247.011 252.896 257.324
247.584 256.548 264.517
250.268 255.514 257.097
250.352 256.213 258.906
250.470 258.610 264.546
252.145 256.381 258.606
246.491 255.015 257.349
256.922 258.641 264.448
248.128 252.493 256.058
246.988 255.283 259.101
250.378 257.397 265.158
247.628 252.748 257.047
247.666 253.283 258.782
249.051 253.236 257.089
249.048 253.990 257.048
247.671 250.934 257.384
252.690 256.966 264.455
254.782 257.119 258.748
250.116 254.621 257.627
247.037 254.447 260.549
249.434 254.279 257.432
246.563 255.032 258.740
257.051 259.012 265.186
248.268 259.278 268.198
247.634 255.695 259.354
247.880 254.010 258.721
250.011 252.821 257.130
248.022 254.756 257.325
246.598 254.870 259.915
257.050 257.644 258.737
257.022 257.254 258.114
248.029 254.005 259.475
250.237 259.001 265.296
249.477 255.944 258.725
247.649 255.893 259.494
255.874 256.664 257.066
246.592 253.427 257.339
247.895 251.878 257.350
257.012 257.104 257.408
248.067 257.248 264.506
256.224 259.310 264.754
250.394 256.930 260.910
250.406 255.772 257.340
249.055 253.298 257.092
257.061 257.280 257.444
247.504 254.827 257.331
250.282 255.825 257.376
246.600 253.361 257.075
246.598 251.542 257.070
257.015 258.530 264.467
247.884 255.831 259.495
250.088 256.046 258.728
249.046 254.133 257.021
250.362 255.823 257.373
248.077 254.018 257.791
250.093 254.323 257.090
250.316 254.575 259.476
246.616 253.664 258.203
249.546 255.191 257.428
248.080 255.462 257.643
247.839 253.144 257.346
247.017 254.431 259.503
256.999 257.130 257.317
248.058 255.150 257.333
249.470 254.358 258.713
246.989 251.754 257.319
248.054 257.277 265.192
248.091 256.075 259.501
257.051 258.679 264.483
252.738 256.062 257.364
247.922 254.736 259.497
249.076 251.809 257.344
248.085 255.131 258.398
246.593 255.122 257.524
247.934 253.799 257.570
250.501 255.876 258.731
247.003 252.140 257.327
256.245 259.017 265.190
248.083 252.749 257.394
247.954 255.422 264.504
247.604 253.900 257.397
247.904 253.525 257.081
247.014 257.497 265.218
249.549 256.069 258.785
246.607 252.735 257.091
246.609 255.244 258.479
256.995 257.402 258.565
248.008 255.333 257.426
246.581 252.757 257.040
257.015 257.848 259.565
247.632 256.707 264.488
250.208 256.233 258.081
249.041 255.351 257.356
247.027 254.821 257.126
247.907 254.463 258.867
248.107 256.714 264.406
247.317 256.388 265.182
250.387 257.523 265.199
250.500 257.377 265.258
250.411 255.776 257.370
250.385 255.995 258.399
255.251 256.903 258.334
255.175 256.881 259.465
247.719 255.445 264.502
246.593 254.548 257.352
256.269 257.077 257.399
249.097 257.167 265.205
257.022 257.181 257.350
252.709 256.312 257.350
249.341 254.991 258.859
247.903 256.597 259.947
256.054 257.578 258.745
250.501 255.479 258.855
247.890 252.982 265.181
247.039 255.111 257.333
250.088 255.044 259.557
247.669 255.462 259.442
257.024 257.526 259.493
248.063 253.867 257.368
249.043 254.185 257.372
250.630 257.529 265.197
247.633 258.032 265.171
256.359 256.985 257.367
246.585 253.131 257.067
247.891 253.703 259.445
249.480 256.647 264.457
247.887 254.820 257.343
247.647 253.504 257.348
247.643 256.859 265.162
246.559 252.215 258.410
248.632 255.836 258.140
256.062 257.172 258.741
247.015 253.226 256.936
250.095 252.993 257.372
248.063 255.120 257.343
246.593 253.062 257.375
247.618 254.603 257.364
252.688 256.492 258.371
246.585 251.967 257.048
254.776 256.854 258.776
249.473 256.413 260.163
246.609 253.524 257.342
248.094 253.694 257.388
250.258 254.824 258.009
247.624 255.782 258.746
249.442 253.632 257.243
246.612 255.676 260.014
250.400 256.068 258.716
247.983 255.358 258.555
249.028 255.559 259.464
246.996 255.414 258.125
247.626 257.472 265.214
256.992 258.999 264.432
257.079 257.259 257.396
246.968 254.030 257.303
250.165 256.172 259.491
256.276 258.591 265.222
246.902 254.216 257.322
247.605 258.274 265.203
250.239 256.020 259.462
247.093 250.082 257.104
247.019 253.409 257.861
246.579 251.484 259.760
246.588 253.012 257.418
257.002 258.191 260.864
247.914 255.561 258.732
250.171 256.489 259.572
255.285 256.605 257.399
249.096 258.534 265.184
250.078 256.784 261.395
246.575 253.494 257.361
247.028 253.940 257.559
250.366 255.631 257.409
247.966 255.581 258.457
248.040 252.881 258.727
257.035 258.764 265.199
247.010 253.282 257.042
247.888 253.291 257.365
252.722 257.047 264.460
250.485 255.728 257.052
257.034 258.931 264.447
247.894 252.462 257.042
247.903 255.764 258.753
251.005 254.762 257.036
255.182 256.905 258.181
250.281 257.431 265.174
250.239 254.593 257.166
247.879 252.573 257.336
246.621 250.963 257.328
250.117 255.565 257.359
246.585 255.030 257.366
247.926 253.422 257.076
249.450 255.744 258.346
250.427 256.200 259.130
249.546 254.361 258.928
246.978 253.040 257.346
247.895 252.908 257.375
247.683 250.312 257.348
249.070 255.094 265.187
247.879 253.962 257.305
246.985 254.709 265.210
247.866 255.107 257.362
246.973 252.500 257.355
247.635 253.209 264.525
246.568 255.159 258.430
250.238 256.286 259.551
250.383 255.486 257.074
246.544 254.704 257.064
247.916 254.458 257.377
248.052 255.378 257.367
247.698 252.133 257.275
249.481 255.848 259.481
252.708 256.762 258.382
250.541 256.229 259.463
254.767 256.778 259.595
250.207 255.514 257.099
250.070 256.035 258.724
252.681 257.001 259.496
247.681 255.319 257.762
247.119 256.292 260.027
252.702 257.737 264.454
255.778 257.138 258.743
247.885 253.349 257.086
250.135 255.284 257.049
248.040 255.817 259.123
247.953 255.234 257.446
248.077 254.313 258.760
250.380 257.189 264.402
247.599 254.602 257.048
246.987 255.086 257.334
252.678 256.252 257.354
255.820 257.633 259.465
252.670 256.294 257.350
249.488 255.659 257.347
250.352 254.182 257.087
250.382 256.141 259.043
248.307 252.997 257.040
250.567 256.243 258.497
248.062 255.315 257.344
246.540 256.456 265.253
247.621 256.774 264.422
248.876 253.119 257.326
247.885 256.506 260.745
246.580 252.658 259.936
248.021 253.534 257.420
246.983 254.000 257.043
249.250 257.111 264.500
247.900 253.509 258.717
257.010 259.245 264.451
250.545 255.542 257.050
250.128 255.753 258.714
246.980 250.694 257.158
257.013 257.590 259.491
249.032 255.448 257.088
256.084 257.452 259.473
247.012 254.090 257.330
250.128 255.480 257.368
246.597 256.719 264.459
250.200 253.399 257.512
246.880 256.535 266.225
246.536 253.649 257.313
247.619 254.432 259.482
250.503 256.050 258.382
250.289 257.893 265.196
249.055 254.171 257.330
246.564 254.564 257.245
247.078 253.322 257.407
250.139 254.856 257.042
247.607 251.619 257.025
252.663 255.609 257.379
249.465 253.811 257.066
250.401 256.193 258.418
250.499 256.122 259.486
250.522 255.609 257.338
256.392 258.676 261.085
256.135 256.854 257.446
257.073 257.291 257.365
246.580 251.578 257.396
252.745 258.008 264.425
256.199 256.702 257.028
250.207 255.950 265.212
252.686 255.927 257.054
246.990 250.916 257.017
246.549 254.560 257.337
247.921 255.367 257.404
246.560 254.323 258.667
252.667 257.273 261.381
247.993 253.484 258.733
249.053 254.250 258.424
250.067 255.908 259.459
257.032 257.058 257.103
250.086 254.430 257.041
253.493 257.420 260.454
247.050 252.727 258.436
246.910 249.605 255.811
248.055 257.360 265.215
254.845 257.550 259.477
256.323 258.005 259.460
256.060 256.896 257.326
250.232 254.743 258.402
247.631 254.860 257.362
247.939 256.847 264.476
250.510 255.865 257.362
250.349 257.247 265.054
254.761 256.872 259.469
254.752 258.080 264.449
249.065 255.701 258.347
257.026 257.268 258.151
253.434 256.046 257.383
249.768 255.660 257.344
250.840 256.388 259.648
246.841 255.416 258.779
250.191 255.531 257.071
249.063 256.901 265.215
247.630 255.549 258.423
247.690 254.247 259.186
251.377 255.961 257.332
247.618 255.918 259.475
247.599 254.979 257.351
250.255 257.299 265.819
246.647 255.487 259.541
255.791 259.843 264.497
257.022 257.232 257.388
247.807 254.790 258.232
247.479 255.255 265.235
250.204 255.551 257.347
246.672 253.545 258.400
246.627 252.846 259.502
246.616 248.589 256.067
246.601 251.664 265.170
246.663 251.257 264.450
246.677 247.481 250.095
246.775 250.446 264.474
246.611 254.413 256.808
246.609 252.608 258.718
246.645 246.830 246.958
246.632 248.184 252.697
246.692 248.669 254.733
246.632 247.000 248.056
246.615 246.750 246.929
246.630 253.268 259.469
246.650 251.159 256.283
246.903 247.818 250.413
246.601 249.068 258.450
246.630 247.566 250.384
246.641 256.551 265.932
246.654 247.758 250.347
246.633 248.701 252.769
246.610 247.584 250.067
246.605 248.933 254.786
246.708 249.976 256.992
246.931 251.289 258.807
246.614 247.713 250.372
246.550 247.588 250.550
246.604 248.109 250.476
246.797 250.165 256.289
246.609 249.804 258.743
246.624 248.593 250.236
246.619 246.641 246.702
246.639 250.067 258.777
246.594 249.733 259.488
246.628 251.224 257.038
246.613 246.643 246.658
246.675 246.819 246.981
246.647 247.487 250.535
246.648 254.419 259.485
246.612 250.260 260.560
246.591 246.766 247.027
246.633 250.206 256.252
246.621 247.675 250.232
246.635 251.003 258.778
246.623 249.457 252.706
246.536 248.694 257.061
246.563 247.502 250.126
246.614 246.882 247.629
246.489 246.683 246.958
246.606 246.663 246.724
246.656 250.197 258.083
246.674 248.971 256.144
246.779 248.998 250.603
246.638 251.523 259.023
246.642 246.768 246.930
246.643 248.672 256.450
246.629 247.468 250.383
246.656 249.609 257.022
246.675 252.408 259.517
246.664 250.092 257.007
246.641 251.723 259.511
246.680 249.722 256.519
246.637 247.192 249.342
246.635 248.795 257.058
246.646 248.019 250.549
246.653 247.303 249.296
246.620 249.449 259.373
246.644 246.936 248.041
246.968 250.260 260.441
246.948 249.943 256.282
246.628 249.862 258.726
246.644 249.362 257.010
246.912 249.492 255.570
246.500 247.449 250.522
246.626 250.016 256.313
246.616 251.859 258.720
246.608 247.635 250.352
246.750 248.286 250.425
246.669 250.425 259.447
246.534 248.215 250.522
246.621 247.270 249.501
246.655 251.715 259.476
246.519 246.796 246.999
246.638 250.650 256.306
246.537 246.869 247.557
246.502 248.775 250.393
246.611 249.210 259.446
246.588 247.887 249.490
247.928 250.216 252.691
246.698 248.195 250.267
246.613 248.815 256.268
246.637 246.710 246.969
246.630 251.373 259.455
246.566 247.527 250.509
246.620 248.597 252.732
246.643 247.637 250.534
246.756 248.606 250.507
246.516 246.680 246.921
246.911 252.145 257.022
246.610 247.351 250.171
246.640 248.267 252.377
246.655 247.544 250.503
246.474 249.331 260.313
246.479 249.298 257.280
246.634 249.893 256.315
246.716 247.998 249.810
246.634 247.818 249.059
246.621 249.088 258.725
246.672 249.363 259.491
246.624 252.402 258.751
246.635 248.102 250.293
246.621 249.990 259.493
246.633 247.298 249.462
246.631 249.663 258.758
246.545 250.501 264.535
246.584 255.195 265.237
246.573 248.918 255.228
246.642 250.499 257.453
246.629 253.764 261.199
246.679 252.849 258.728
246.632 249.876 259.194
246.626 246.772 246.955
246.613 251.080 258.824
246.645 246.944 247.480
246.910 249.689 256.187
246.941 254.794 264.443
246.603 248.159 250.533
246.652 252.381 259.513
246.621 246.642 246.681
246.646 250.906 258.727
246.624 246.716 247.028
246.613 250.945 265.278
246.639 251.905 258.745
246.655 248.907 254.803
246.625 250.025 259.460
246.723 258.189 265.410
246.564 249.181 255.166
246.611 247.924 250.233
246.609 250.397 265.187
246.643 251.499 257.098
246.640 247.157 249.043
247.730 253.438 265.607
246.645 250.956 257.012
246.638 248.123 250.424
246.637 249.063 256.224
246.662 256.287 265.307
246.639 247.293 249.481
246.650 250.817 257.033
246.635 251.915 259.477
247.053 249.956 256.215
246.622 250.400 255.240
246.659 250.001 259.464
246.665 251.154 265.227
246.626 249.306 256.256
246.909 251.133 264.491
246.434 250.167 258.791
246.643 247.396 250.122
246.634 250.470 256.301
246.643 246.766 246.959
246.658 247.533 250.495
246.592 247.397 250.115
246.932 249.543 256.101
246.951 249.522 255.824
246.635 248.517 250.407
246.601 248.286 250.395
246.916 248.886 250.239
246.663 253.026 265.215
246.630 246.722 246.962
247.174 248.538 249.612
246.620 250.980 258.441
246.615 250.394 257.020
246.676 250.729 258.393
246.638 252.318 266.173
246.588 248.663 256.132
246.662 246.822 246.933
246.645 253.004 264.463
246.950 247.721 249.483
246.609 251.985 258.731
246.643 251.974 259.484
246.597 248.363 254.769
246.642 253.609 264.480
246.651 248.598 255.797
246.690 251.974 257.021
246.619 251.386 259.364
246.916 255.962 264.490
246.722 247.830 250.229
246.614 248.052 250.201
246.643 256.852 265.409
246.458 254.142 268.080
246.687 249.389 256.259
246.644 248.816 257.078
246.705 248.701 252.693
246.997 249.611 255.814
246.649 249.092 255.804
246.636 250.573 256.825
246.937 247.865 250.375
246.597 247.596 250.089
246.667 249.261 259.532
246.660 253.107 258.751
246.951 250.402 256.274
246.718 252.129 258.421
246.640 249.630 255.180
246.682 250.219 259.502
246.649 250.959 256.289
246.531 249.086 252.727
246.658 249.362 256.115
246.642 254.263 264.448
246.646 248.605 256.107
246.666 249.611 256.083
246.620 247.476 250.540
246.646 251.749 264.530
246.632 252.494 265.191
246.632 250.950 258.466
246.642 250.314 255.182
249.067 254.613 259.420
246.716 250.717 259.498
246.634 247.952 252.820
246.622 248.971 255.825
246.652 249.297 256.915
246.719 250.381 258.431
248.112 254.409 258.746
246.933 249.416 256.767
246.640 247.612 250.084
246.623 247.272 249.491
246.733 250.533 258.791
250.086 254.910 258.453
246.946 251.198 256.107
246.670 253.071 264.471
246.558 251.635 258.724
246.630 249.314 255.808
246.612 255.744 264.544
249.080 255.252 264.461
246.621 248.657 256.158
246.584 249.065 258.472
246.696 252.195 257.340
246.506 250.351 265.223
246.710 249.800 255.205
246.668 252.224 265.236
246.626 246.987 248.044
246.961 251.522 264.461
246.692 252.206 256.117
246.651 249.975 258.759
246.608 248.893 256.283
246.541 248.834 252.684
246.588 249.658 256.307
246.656 251.717 258.467
246.619 247.177 249.066
246.659 252.986 265.197
246.624 248.510 255.124
246.651 250.862 255.798
246.738 250.776 257.181
246.948 251.403 258.214
246.629 246.704 246.896
247.926 254.834 264.489
247.013 253.408 258.419
246.614 249.638 258.815
246.633 249.370 259.469
246.640 251.064 258.715
246.662 250.541 255.880
246.666 248.860 255.194
246.653 252.375 257.036
247.048 250.691 257.041
246.677 251.921 265.061
246.675 249.630 257.034
246.626 250.039 256.296
246.659 249.428 256.216
246.850 249.208 256.264
246.856 251.609 256.394
246.619 253.925 265.184
246.646 250.807 256.228
246.667 246.973 247.902
246.878 249.655 256.402
246.637 248.411 255.150
246.626 249.660 257.001
246.617 249.176 258.758
246.654 247.309 248.057
246.635 254.707 264.500
246.622 247.663 250.115
246.655 246.846 247.053
246.639 250.099 256.246
246.447 246.729 246.972
246.722 250.478 259.571
246.643 248.570 255.973
246.992 253.289 259.340
247.321 251.415 257.004
246.702 251.977 256.245
246.942 255.301 264.463
246.630 253.049 265.225
246.607 252.265 265.214
246.505 246.999 248.040
246.693 252.725 265.224
246.609 247.327 249.494
246.625 249.669 256.048
246.621 251.891 257.004
246.631 249.134 258.709
246.581 248.660 256.136
246.677 247.459 249.049
246.513 252.474 256.886
246.659 247.853 249.179
246.644 253.066 257.081
246.620 249.711 256.982
246.624 249.933 258.522
246.639 253.202 264.463
246.627 255.513 266.084
246.625 246.967 247.660
247.411 253.144 257.593
246.654 254.195 265.399
246.695 250.546 265.200
250.123 255.420 258.408
246.670 249.346 258.422
246.618 247.913 250.245
246.995 254.642 258.444
246.653 251.738 256.287
246.709 248.858 256.327
246.639 246.802 246.980
246.632 248.105 250.543
246.620 253.122 264.561
246.679 250.432 255.816
247.921 250.660 256.998
246.914 251.821 256.779
246.681 252.265 264.424
246.975 252.986 264.450
246.611 247.977 250.260
246.659 251.075 258.462
246.667 251.814 256.298
246.584 248.471 255.195
246.954 250.152 256.285
246.612 246.921 248.043
246.623 249.030 255.300
246.920 247.829 249.463
246.676 247.497 250.373
246.640 248.879 254.756
246.530 247.210 249.078
246.924 250.494 259.207
248.027 255.810 266.791
246.650 249.396 258.413
246.584 246.865 247.707
246.674 247.079 247.919
246.665 252.630 265.883
246.649 251.930 258.390
246.661 249.170 258.815
246.600 246.760 246.953
246.631 252.706 264.501
250.251 255.566 265.184
246.640 250.338 264.497
246.699 248.730 256.302
246.640 249.137 257.023
246.614 251.264 258.714
246.622 249.360 256.104
246.652 252.438 258.818
246.983 254.762 265.244
246.486 249.113 258.743
246.632 251.690 256.629
246.648 246.956 248.069
246.631 250.135 256.096
246.666 252.364 256.101
246.622 251.614 256.279
246.934 248.638 250.479
246.620 248.532 254.799
246.605 250.265 264.526
246.509 248.837 256.251
246.636 252.968 257.811
246.993 250.574 255.801
246.637 249.189 256.236
246.650 250.660 257.020
246.628 248.685 256.219
246.672 249.768 254.783
249.056 253.810 257.535
246.608 247.918 250.095
247.052 253.744 259.472
246.583 250.008 256.370
246.594 251.236 257.085
246.626 253.056 264.474
246.627 247.439 250.305
246.626 248.573 255.892
248.583 253.001 259.495
246.641 247.964 252.672
246.640 249.372 256.246
246.652 250.786 256.273
246.648 251.516 264.470
246.646 250.431 259.461
246.651 249.714 255.825
246.926 254.755 259.514
246.632 246.909 247.106
246.710 250.557 261.899
246.632 250.245 256.263
247.610 252.767 265.199
246.814 249.196 251.785
246.748 248.957 255.184
246.627 249.823 258.392
246.590 248.391 254.763
246.627 251.331 255.809
246.614 250.221 258.441
246.687 248.788 255.784
246.621 250.787 255.821
246.631 254.458 265.205
246.615 251.971 265.225
246.642 250.430 256.128
246.640 247.375 249.361
246.631 253.068 264.454
248.551 253.287 260.162
246.661 252.075 259.498
246.618 247.589 250.381
246.608 251.844 258.717
246.660 253.893 264.506
246.657 252.337 264.456
246.583 249.033 254.768
246.620 248.690 256.269
246.652 251.875 264.350
246.694 253.679 264.444
246.601 250.579 256.234
246.696 253.397 258.735
246.504 253.878 265.180
246.650 248.855 255.181
246.891 252.077 256.262
246.655 249.048 254.757
246.563 253.284 260.454
247.251 252.612 259.171
246.630 252.140 264.470
246.694 249.036 256.123
246.670 250.371 257.490
246.643 248.008 250.518
246.690 250.578 256.264
246.644 250.314 255.820
246.657 253.704 261.277
246.681 253.495 265.194
246.641 250.013 255.321
246.627 247.747 249.367
246.642 255.558 265.195
246.683 248.054 250.218
246.625 251.032 258.733
246.639 250.844 257.035
246.633 251.673 264.463
246.650 252.967 259.466
246.653 250.905 258.422
246.617 249.399 260.096
246.626 253.885 265.191
246.697 252.340 259.469
246.661 250.241 256.141
246.618 249.805 257.067
248.045 252.325 265.203
246.702 250.467 256.344
246.676 251.848 259.482
246.639 248.932 257.039
246.596 252.623 264.453
246.596 248.782 256.268
246.657 248.905 252.748
246.916 251.175 258.727
246.696 250.833 256.256
246.680 250.244 258.538
247.054 251.770 256.641
246.633 249.338 259.485
246.640 252.905 265.209
246.674 253.754 259.653
246.645 248.605 256.167
246.637 250.900 265.202
246.938 250.661 258.726
246.625 248.675 256.104
246.492 250.439 259.491
246.561 248.115 252.729
246.630 248.614 250.406
246.616 252.927 264.469
246.762 247.307 248.124
246.538 249.343 258.745
246.637 249.339 256.231
246.690 250.386 258.383
246.542 250.966 258.372
248.866 254.837 265.196
246.691 249.852 259.467
246.634 249.699 255.202
246.651 249.738 259.474
246.619 249.442 256.962
254.767 256.992 259.453
246.626 247.888 250.504
246.626 250.185 256.244
246.619 250.393 255.870
246.629 247.356 249.098
246.649 253.488 258.783
246.653 254.113 264.436
246.599 247.437 250.238
246.676 249.454 255.818
246.639 249.117 258.429
246.634 252.325 265.192
246.813 249.563 256.297
246.644 252.440 259.526
246.656 247.326 247.926
246.657 249.433 256.289
246.538 248.060 252.090
246.392 249.201 259.398
246.512 246.647 246.840
246.623 247.622 250.505
246.632 251.812 259.465
246.632 249.035 257.001
246.634 249.190 256.308
246.441 251.183 255.837
246.625 246.712 247.013
246.592 250.661 255.188
246.647 250.699 256.252
246.606 246.739 246.921
246.622 248.574 256.072
246.647 248.066 250.958
246.765 253.479 259.478
246.667 247.034 247.678
246.652 249.797 256.211
246.554 253.535 259.524
246.652 251.925 256.253
246.635 247.386 249.035
248.039 254.383 257.001
250.247 258.836 265.180
246.676 247.474 249.039
246.594 246.667 246.791
246.658 253.811 264.465
246.643 249.284 255.817
246.468 251.100 257.088
249.178 254.055 259.483
248.594 255.305 259.077
248.055 251.504 259.584
246.921 253.149 257.049
246.664 254.720 258.761
246.668 252.579 265.305
246.616 248.667 256.193
246.648 248.684 256.091
246.633 252.205 264.469
246.623 247.257 249.501
246.673 254.878 267.719
246.630 249.936 255.660
246.645 247.877 250.501
246.659 250.171 256.284
246.609 247.495 250.528
246.638 251.057 256.257
246.653 246.920 247.653
246.646 250.472 256.260
246.652 249.541 258.389
246.578 247.114 249.066
246.655 250.141 258.434
246.627 249.925 255.190
246.645 248.617 255.191
246.637 248.818 252.559
246.562 251.888 259.475
246.582 247.212 249.126
246.653 251.807 264.468
246.696 253.874 256.162
246.650 250.884 256.205
246.611 246.965 247.908
246.661 251.771 257.015
246.618 251.387 259.465
246.582 248.365 255.201
246.629 248.102 250.257
246.628 249.609 255.163
246.758 249.685 254.049
246.639 250.668 255.028
246.683 249.153 256.223
246.613 250.194 256.295
246.923 252.419 264.425
246.606 249.160 252.693
246.638 247.541 250.380
246.627 249.534 258.709
246.625 250.360 265.182
246.648 254.635 265.208
246.629 252.527 258.412
246.908 252.440 265.190
246.651 248.680 256.242
246.609 248.722 257.113
246.609 251.330 256.275
246.617 248.181 253.777
246.633 246.777 246.956
246.678 255.181 264.493
249.041 254.027 258.409
246.629 252.132 260.942
246.917 252.136 266.895
246.424 246.707 246.928
246.662 250.861 258.227
246.787 254.168 259.827
246.916 252.303 256.319
246.622 246.827 247.055
246.675 252.207 256.405
246.637 250.353 256.224
246.924 250.562 256.098
246.606 249.304 256.236
246.587 247.577 250.106
246.688 253.036 265.193
246.908 252.097 264.496
246.631 247.172 249.142
246.646 249.767 256.118
246.578 247.648 249.628
246.648 250.545 259.484
249.456 260.268 265.269
246.645 251.348 258.795
250.355 256.140 265.211
246.634 252.531 258.709
246.682 250.737 259.531
246.620 249.381 256.263
246.618 250.078 257.044
246.623 253.538 258.746
246.996 250.438 259.471
246.640 250.545 264.464
246.789 251.521 256.301
246.646 246.782 246.984
246.540 249.512 258.723
246.557 249.830 256.236
246.967 253.429 259.575
246.641 250.122 258.426
246.651 249.637 258.436
246.564 248.833 257.012
246.945 254.769 264.474
246.611 248.805 256.924
246.647 248.101 250.229
246.623 251.071 265.158
246.694 248.976 256.249
246.622 248.578 255.834
246.676 258.439 265.620
246.587 252.804 259.683
246.657 250.140 258.407
246.644 251.502 255.806
246.611 248.481 255.215
246.658 253.708 265.189
246.668 252.703 264.475
246.625 252.761 259.490
246.604 252.561 264.484
246.927 252.580 256.454
246.578 251.112 256.996
246.914 252.152 266.808
246.729 250.304 255.177
246.676 250.595 258.739
246.576 251.820 259.534
246.651 248.588 254.754
246.590 248.609 256.265
246.563 247.388 250.078
246.612 249.068 254.750
246.606 249.588 259.330
246.633 250.158 255.779
246.999 250.155 254.778
247.459 252.120 258.572
246.924 250.488 255.804
246.628 250.975 257.049
246.640 249.785 254.776
246.678 248.580 252.679
246.596 251.935 266.374
246.622 250.033 258.509
246.622 249.813 258.710
246.671 250.621 264.424
246.673 250.201 256.325
246.453 249.296 258.764
250.223 257.943 265.187
246.604 247.472 250.131
246.581 250.593 265.168
246.652 251.641 258.775
246.625 255.043 264.523
246.641 253.067 265.201
246.591 248.143 250.114
246.927 248.583 250.515
246.627 250.676 255.168
246.642 256.939 266.928
246.626 248.900 256.231
246.672 250.486 256.238
246.482 251.144 258.381
246.648 251.143 256.386
246.624 247.651 249.237
246.609 253.412 258.316
246.648 248.138 250.442
246.614 249.314 255.817
246.929 250.736 256.983
246.675 251.012 256.262
246.637 248.290 254.786
246.661 249.522 256.119
246.630 250.695 258.404
247.060 252.768 260.959
246.652 248.502 252.763
246.606 249.223 256.441
246.660 255.333 264.478
246.660 252.843 259.490
246.646 251.213 258.403
246.460 248.083 250.493
247.634 251.923 257.016
246.617 249.248 256.234
246.658 252.463 264.433
246.569 252.030 256.245
246.652 253.603 260.418
246.927 252.450 265.235
246.674 248.054 250.509
246.630 247.622 249.256
246.618 246.811 246.946
247.306 250.508 257.952
246.899 250.447 256.256
246.650 247.807 249.133
246.587 251.732 259.454
246.646 253.173 258.412
246.481 247.196 249.519
246.663 252.067 259.257
246.562 249.712 258.420
246.920 249.295 258.770
246.555 248.608 256.282
246.608 247.013 248.523
246.653 247.095 247.953
246.667 250.733 259.462
246.629 248.406 255.169
246.639 267.596 275.532
271.973 277.814 281.637
271.988 278.058 289.826
271.922 276.015 282.338
271.993 274.716 281.599
271.970 275.137 284.048
271.958 276.460 290.564
271.889 273.002 275.712
272.281 280.184 292.330
271.957 272.806 274.866
271.848 273.190 277.991
271.967 274.410 280.130
271.955 276.466 283.247
271.952 273.187 277.441
271.980 278.924 285.002
271.969 275.207 278.111
271.940 273.567 280.071
271.976 272.379 273.373
271.823 276.466 290.483
272.379 277.016 291.069
271.968 277.671 283.276
271.952 276.805 284.053
271.944 274.738 281.645
272.228 272.633 273.357
271.957 275.836 281.530
271.994 274.873 280.088
271.951 280.959 290.531
271.998 274.017 281.467
271.938 272.855 273.681
271.965 274.094 281.131
271.878 272.765 275.714
271.949 275.267 284.626
271.926 276.455 284.040
271.974 274.094 281.597
271.965 277.759 284.811
271.892 275.926 280.481
272.001 274.220 281.591
271.812 274.802 281.347
271.954 274.481 281.396
272.084 272.946 273.655
271.977 278.812 289.830
271.957 274.432 278.070
271.966 272.888 274.824
271.960 276.633 283.725
271.790 276.006 282.886
271.952 279.105 284.778
274.542 278.433 284.812
271.951 273.502 278.047
271.906 272.074 272.313
272.039 279.634 282.482
271.966 278.988 290.488
271.941 275.738 290.508
272.425 275.395 283.740
271.795 272.442 273.389
271.963 278.900 289.761
271.937 276.650 284.780
272.239 275.063 281.434
271.938 276.003 283.767
271.984 278.527 284.877
271.953 274.969 281.570
271.950 274.410 280.518
271.912 275.979 280.486
271.976 275.201 281.639
271.970 272.433 272.988
271.937 274.348 280.107
271.953 275.850 281.604
271.933 273.907 281.131
271.939 272.044 272.329
272.290 276.668 283.728
271.952 273.940 281.535
271.821 276.503 284.834
271.950 277.636 289.786
271.947 277.131 284.751
272.001 274.469 281.740
271.961 275.875 284.042
271.976 278.096 284.067
271.960 275.118 281.449
272.033 276.396 283.729
272.071 276.992 281.669
271.872 279.255 289.827
271.954 275.465 281.585
271.962 274.018 281.564
271.792 277.720 282.299
271.965 276.459 290.546
271.954 278.838 289.793
272.044 273.470 278.027
271.986 275.875 284.049
272.031 276.683 282.347
271.966 273.936 281.475
272.016 279.566 283.929
271.848 277.488 289.800
271.916 272.376 273.429
271.957 275.115 281.357
271.949 275.798 281.591
271.951 272.997 274.394
271.955 276.186 281.612
272.265 277.237 285.334
272.335 280.114 290.551
271.934 278.821 290.512
271.986 272.590 274.410
271.938 274.096 282.308
271.990 276.236 290.529
271.978 277.798 283.737
271.981 274.102 281.378
275.831 279.737 283.743
272.250 275.882 281.273
272.703 277.161 290.639
271.863 274.889 280.544
271.970 276.250 282.350
271.974 274.485 284.143
272.097 276.756 281.541
272.262 277.862 284.044
271.968 275.761 283.826
271.961 274.692 278.016
271.987 274.704 283.777
272.258 274.313 277.984
271.958 279.500 289.749
271.960 281.674 290.447
272.023 275.380 283.721
271.961 278.963 290.523
272.446 278.289 285.708
271.907 272.915 275.020
271.951 275.825 281.410
272.003 273.501 278.022
272.260 279.079 282.335
271.997 278.451 290.533
271.968 278.468 284.532
271.988 272.827 275.860
271.968 277.911 282.497
271.941 275.858 281.797
271.986 274.308 282.341
271.962 276.511 284.768
272.003 275.356 281.143
271.980 274.727 278.056
272.000 278.661 284.095
272.062 275.116 280.313
272.146 279.606 284.824
271.983 274.803 281.721
272.053 275.809 281.632
271.973 276.478 284.049
271.976 275.109 283.713
271.962 276.305 284.821
271.906 275.829 286.055
271.977 274.714 281.168
271.938 276.098 281.616
274.796 279.289 284.125
272.032 274.481 280.145
271.970 276.639 281.630
271.939 277.629 290.514
272.027 277.658 290.537
271.986 275.803 283.737
272.248 277.488 290.492
271.964 275.624 283.775
271.984 272.155 272.381
271.997 272.175 272.310
271.890 272.656 275.125
272.047 274.231 281.836
273.380 277.528 289.743
271.958 276.720 284.660
271.964 276.534 284.110
271.979 275.856 283.624
271.954 274.600 282.326
271.930 274.665 281.620
271.928 276.642 284.761
271.972 275.703 290.575
271.988 280.595 289.776
271.855 278.078 290.526
271.933 276.917 284.880
272.241 275.197 281.659
271.966 275.985 282.306
271.958 272.583 273.349
272.000 273.255 275.863
271.998 273.320 277.298
271.985 272.631 273.380
272.007 276.444 284.036
271.981 272.997 275.744
271.937 274.004 282.082
271.946 273.026 274.789
271.962 275.274 284.071
272.026 275.287 282.373
271.963 272.779 275.462
271.970 273.688 275.525
271.964 274.884 284.836
271.968 272.182 272.914
272.245 275.071 278.878
271.961 274.929 278.053
271.968 275.761 286.805
271.985 275.829 289.953
271.977 276.483 289.746
271.958 273.736 280.512
271.970 275.720 290.547
271.988 274.241 275.876
271.933 274.097 281.080
272.221 279.470 284.788
271.977 275.756 290.487
271.985 275.975 284.788
271.965 274.705 284.843
271.964 276.372 282.317
271.999 278.551 290.589
271.923 274.788 282.350
271.951 274.853 283.827
271.898 277.352 281.568
271.977 273.327 275.783
271.991 277.995 282.948
272.347 277.206 290.584
271.997 278.455 284.798
271.906 272.734 274.398
271.903 278.375 281.592
271.939 274.143 281.540
271.933 277.924 283.614
271.883 278.097 282.848
271.962 274.737 280.568
271.944 278.647 289.826
271.991 275.122 284.835
271.961 273.909 281.573
271.968 276.267 289.756
271.960 275.447 281.425
272.126 275.309 284.125
272.427 275.586 284.631
271.930 275.975 281.115
271.960 274.373 281.593
271.909 275.572 281.587
272.267 274.815 282.134
272.061 275.140 280.112
272.062 273.863 280.535
271.953 272.648 274.824
272.015 272.308 272.855
272.250 279.885 290.521
271.996 273.079 275.396
272.256 274.324 280.577
271.810 272.124 272.311
272.290 274.951 284.839
272.204 273.838 278.025
246.657 250.329 258.400
246.662 250.620 264.522
246.861 248.695 255.795
246.935 251.039 264.481
246.930 251.095 259.380
246.945 249.711 255.076
246.653 249.105 257.003
246.641 246.867 247.072
246.681 250.393 264.486
246.566 246.767 246.975
246.653 248.742 256.247
246.938 249.230 256.240
246.948 249.141 256.231
246.693 252.468 264.471
246.939 248.105 252.675
246.654 247.022 247.659
246.933 249.638 256.100
246.655 249.491 258.444
247.290 247.807 248.789
246.608 247.935 252.222
246.909 250.574 256.091
246.631 247.557 250.352
246.569 246.875 247.014
246.894 247.549 250.106
246.642 246.885 246.974
246.617 246.932 247.205
246.651 249.290 258.737
246.930 246.956 247.024
246.938 247.596 249.322
246.648 247.489 250.235
246.605 249.335 259.508
246.560 246.810 247.016
246.607 248.522 255.174
246.923 251.614 259.507
246.676 248.667 255.881
248.485 250.632 257.127
246.813 248.933 257.043
246.889 250.436 264.449
246.650 247.749 250.093
246.651 248.410 250.109
246.932 247.317 248.065
246.923 247.154 247.918
246.638 246.745 246.883
246.666 247.537 250.261
246.656 250.518 265.230
246.656 247.272 249.207
246.561 246.874 246.999
246.914 249.809 258.773
246.957 248.151 252.748
246.632 247.528 250.135
246.913 251.014 258.382
246.853 248.730 249.937
246.944 246.966 246.978
246.636 246.758 246.953
246.653 250.346 256.257
246.952 249.057 255.794
246.920 247.397 249.169
246.924 248.793 256.211
246.537 246.805 246.965
246.950 250.984 267.057
246.733 250.581 256.254
246.654 248.449 254.857
246.868 250.829 265.443
246.652 246.879 246.952
246.922 247.160 248.005
246.621 247.959 252.490
246.600 249.617 257.030
246.649 248.028 252.688
246.713 247.136 247.781
246.617 249.164 258.425
246.933 247.294 248.395
246.922 252.364 264.432
246.883 249.402 256.054
246.637 246.928 247.024
246.929 246.956 247.024
246.766 248.763 255.842
246.646 247.598 250.499
246.669 246.893 246.977
246.651 248.642 255.924
246.756 247.584 250.246
246.635 248.687 256.258
246.929 249.004 250.601
246.911 247.155 247.927
246.643 247.077 247.902
246.651 249.180 258.739
247.779 249.556 250.922
246.936 249.508 257.099
246.925 252.800 265.425
246.928 247.835 250.502
246.643 251.192 256.277
246.954 247.866 249.238
246.635 249.059 257.062
246.654 247.532 250.204
246.650 246.903 247.018
246.934 246.966 247.009
246.681 250.367 257.465
246.624 247.118 248.091
246.911 249.172 254.780
246.659 247.230 248.052
246.606 248.805 254.759
246.718 253.306 264.503
249.328 253.055 258.897
246.632 250.378 256.278
246.689 251.002 259.457
246.629 246.818 247.144
246.635 246.826 246.951
246.672 253.578 261.308
246.601 247.588 250.491
246.674 247.543 250.238
246.606 248.510 255.169
246.935 247.104 247.659
246.926 246.971 247.038
246.626 247.338 249.489
246.675 252.321 265.244
246.807 246.899 246.956
246.933 247.668 249.826
246.641 246.908 247.037
246.922 248.953 257.014
246.851 247.837 248.868
246.921 248.779 256.134
246.955 248.192 250.223
246.768 249.385 256.408
246.938 249.820 258.745
246.562 248.314 250.519
246.657 246.824 246.981
246.740 247.022 247.631
246.921 247.649 250.501
246.808 247.593 250.384
246.961 247.662 250.378
246.920 249.184 257.027
246.668 248.968 256.333
246.919 248.587 255.217
246.605 247.963 252.701
246.669 246.896 246.981
247.335 251.637 259.544
246.745 248.668 252.604
246.620 248.527 255.000
246.649 246.787 246.975
246.649 252.214 259.489
246.635 246.835 247.002
246.638 246.863 247.056
246.793 247.514 249.094
246.670 247.547 249.539
246.705 248.077 250.116
246.684 251.025 264.457
246.935 248.789 256.154
246.926 246.971 247.033
246.656 247.450 249.743
246.979 248.912 255.215
246.921 248.136 250.394
246.914 249.460 258.848
246.646 246.885 246.972
246.942 248.587 250.775
246.587 248.457 252.756
246.628 249.300 258.405
246.930 247.627 250.373
246.905 250.603 257.028
246.633 248.468 254.892
246.647 249.120 258.431
246.680 250.366 257.016
246.622 247.090 247.900
246.928 246.992 247.183
246.665 249.547 258.409
246.674 248.657 255.856
246.904 246.927 246.950
246.650 248.645 254.837
246.634 246.844 247.013
246.927 247.771 250.258
246.610 248.601 252.740
246.650 249.281 255.018
246.637 247.537 250.126
246.641 248.527 255.160
246.825 248.516 250.460
246.659 252.753 264.470
246.638 246.850 246.960
246.939 247.186 248.044
246.806 246.922 246.985
246.935 251.566 260.701
246.643 246.816 247.007
246.908 248.905 256.099
246.932 247.375 249.045
246.845 246.921 246.947
246.636 248.921 255.221
246.921 251.415 258.919
246.968 250.855 256.315
246.739 247.427 249.518
246.682 247.051 247.662
246.449 248.362 255.234
246.632 247.264 249.461
246.606 246.843 247.118
246.889 247.559 250.202
246.631 248.883 257.038
246.552 248.159 250.562
246.952 247.403 249.009
246.650 246.891 246.982
246.643 251.966 264.497
246.649 247.726 250.106
246.923 246.938 246.955
246.893 247.449 249.052
246.633 249.334 259.459
246.686 248.842 256.241
246.734 248.050 252.719
246.626 246.869 246.956
246.905 248.798 256.283
246.668 251.229 256.250
246.935 249.710 258.468
246.941 250.965 264.465
246.630 250.505 256.247
246.906 247.615 250.367
246.658 249.753 259.486
246.632 247.111 248.038
246.912 253.297 265.173
246.919 250.747 265.182
246.663 252.090 265.160
246.922 248.505 254.785
246.622 246.906 246.993
246.926 248.348 250.246
248.756 248.958 249.166
246.902 247.617 250.351
246.642 250.068 256.263
246.634 253.188 266.630
247.030 253.697 259.590
246.899 247.346 249.091
246.609 251.208 259.494
246.624 246.881 246.972
246.917 248.929 253.366
246.685 251.117 256.078
246.937 249.319 255.208
246.643 246.966 247.656
246.634 246.810 246.942
246.662 246.898 247.026
246.634 248.642 255.781
246.613 249.241 256.997
246.658 246.784 247.018
246.919 254.098 265.201
246.936 248.633 254.812
247.008 251.680 256.120
246.912 250.806 256.126
246.644 249.631 258.405
246.621 248.767 256.300
246.629 254.618 264.502
246.958 248.726 254.786
246.882 249.300 258.777
246.586 247.129 248.224
246.919 246.951 246.982
246.952 250.655 264.243
246.812 249.159 257.021
246.870 249.583 259.472
246.625 246.849 247.033
246.820 247.403 249.464
247.260 254.753 265.803
246.656 247.922 249.788
246.629 246.851 247.073
246.667 248.909 256.995
246.871 251.093 264.478
246.706 251.316 258.794
246.884 247.055 247.599
246.916 246.936 246.975
246.642 249.159 258.410
246.910 246.932 246.957
246.624 249.271 255.199
246.906 249.779 259.438
246.909 247.793 250.238
246.892 248.087 252.721
246.672 249.231 258.800
246.775 247.560 250.190
246.895 247.326 248.876
246.626 249.742 258.708
246.915 250.628 259.460
246.963 251.755 259.481
247.064 248.039 249.053
246.646 248.044 250.242
246.920 248.777 256.113
246.928 251.086 256.235
246.601 247.197 248.944
246.640 247.638 250.567
246.636 248.471 255.202
246.687 247.778 249.543
246.639 246.876 246.958
246.657 246.821 246.934
246.691 250.769 256.956
246.613 247.273 248.083
246.627 247.378 248.538
246.643 248.689 255.831
246.622 249.174 258.732
246.979 251.307 256.127
246.918 249.516 256.256
246.904 250.271 255.800
246.894 246.921 246.938
246.895 248.815 256.207
246.684 248.260 250.374
246.658 247.616 250.531
246.666 249.352 258.434
246.842 246.918 246.993
246.649 247.545 250.542
246.900 246.917 246.948
246.880 246.939 246.982
246.639 246.830 246.982
246.701 249.101 256.896
246.985 250.977 257.037
246.929 255.560 262.313
246.671 246.883 246.973
246.687 247.549 250.264
246.947 249.310 258.746
246.572 248.562 256.113
246.976 251.975 256.996
246.831 249.471 259.490
246.925 250.457 264.453
246.948 255.501 264.452
246.795 250.411 256.656
246.916 249.511 258.724
246.645 252.008 259.468
246.934 249.771 255.265
246.623 246.749 246.923
246.642 246.813 246.933
246.908 247.552 249.053
246.922 248.709 254.826
246.629 246.783 246.943
246.902 247.116 247.891
246.667 247.678 250.234
246.769 251.650 267.501
246.632 246.873 246.977
246.893 246.932 246.967
246.661 248.792 255.842
246.611 246.809 246.936
246.622 249.395 258.763
246.628 249.331 259.482
246.660 250.562 259.561
246.537 249.417 255.802
246.879 248.926 255.822
246.671 248.697 256.268
246.921 247.035 247.393
246.910 247.108 247.810
246.905 251.969 259.476
246.655 246.758 246.986
246.930 252.742 258.808
246.610 246.750 246.945
246.651 247.773 250.505
246.627 248.830 257.023
246.634 247.592 250.488
246.641 246.826 246.968
246.657 254.622 265.190
246.639 249.090 258.400
246.684 246.962 247.211
246.906 246.957 247.013
246.913 246.963 247.059
246.762 250.771 256.972
246.643 248.782 256.290
246.662 250.879 265.066
246.640 247.269 249.060
246.919 247.082 247.632
246.679 251.800 266.010
246.621 246.766 246.968
246.952 250.735 256.083
246.930 251.274 258.454
246.652 247.565 250.368
246.932 249.438 255.835
246.639 246.879 246.951
246.660 251.539 264.437
246.661 247.322 249.055
246.939 248.878 255.169
246.813 251.318 257.024
246.680 248.743 256.225
246.915 252.539 257.065
246.917 247.444 249.463
246.640 250.334 258.414
246.628 248.971 254.762
246.629 246.996 247.612
246.638 248.977 256.376
246.633 247.301 249.070
246.892 249.383 257.024
246.924 248.666 253.390
246.695 252.927 264.434
246.501 249.055 257.027
246.637 248.839 256.229
246.654 246.842 246.994
246.611 249.197 258.748
246.658 253.396 258.725
246.619 246.891 246.979
246.561 246.790 246.963
246.632 246.869 246.953
246.920 248.101 252.716
246.913 252.013 259.531
246.647 247.035 248.030
246.599 246.879 246.959
246.903 250.351 256.223
246.628 246.866 246.941
246.922 249.513 256.230
246.652 247.585 250.498
246.683 252.751 264.439
246.907 248.950 257.015
246.600 248.608 256.289
246.629 250.610 265.268
246.716 246.893 247.009
246.912 246.965 247.020
246.656 248.786 256.296
246.912 246.933 246.964
246.639 246.994 247.552
246.751 250.956 258.766
246.899 249.219 254.787
246.904 251.114 258.469
246.625 246.831 247.019
246.909 249.131 255.826
246.630 248.461 254.794
246.636 248.858 255.841
246.666 246.844 246.975
246.888 249.198 258.352
246.635 247.533 250.525
246.664 250.387 256.250
246.933 251.774 259.300
246.647 249.196 258.782
246.471 247.756 252.044
246.627 249.237 258.401
246.631 251.246 265.186
246.915 248.514 254.019
246.663 248.842 255.816
246.797 249.956 260.103
246.967 252.329 259.481
246.893 246.922 246.953
246.636 247.403 249.548
246.617 249.526 256.770
246.611 249.452 258.766
246.606 250.438 265.210
246.639 246.892 246.990
246.629 248.873 257.003
246.618 251.224 258.763
246.939 249.575 257.007
246.668 249.411 259.475
246.637 250.022 254.786
246.920 246.940 246.956
246.896 256.260 265.187
246.888 246.944 247.021
246.766 250.086 257.061
246.630 248.669 256.254
246.659 247.970 250.197
246.915 249.295 258.724
246.934 247.310 248.526
246.949 248.117 250.288
246.653 248.644 256.303
246.565 250.488 265.170
246.652 246.817 246.934
246.903 249.099 256.267
246.628 248.762 256.062
246.915 248.752 250.569
246.877 251.802 259.455
246.940 248.569 250.602
246.564 250.561 264.581
246.918 249.990 256.380
246.616 246.773 246.974
247.063 249.210 254.649
246.601 246.746 246.920
246.794 249.212 258.457
246.686 249.184 258.416
246.562 249.900 258.448
246.644 249.841 256.262
246.661 248.071 252.754
246.634 248.659 255.835
246.904 247.636 250.437
246.918 251.929 256.860
247.045 250.839 255.870
246.917 247.571 250.104
246.883 250.402 264.438
246.921 248.792 256.146
246.705 246.888 246.971
246.909 246.942 246.981
246.619 250.840 265.181
246.894 248.977 256.207
246.948 256.500 265.173
246.653 250.546 265.310
246.636 248.358 252.686
246.638 251.411 258.574
246.933 249.720 256.146
246.602 246.855 246.941
246.896 250.440 264.478
246.635 251.687 265.191
246.606 246.811 246.961
246.677 250.513 256.241
246.644 247.055 247.857
246.674 248.888 257.020
246.619 249.320 259.477
246.568 247.007 247.684
246.602 249.035 255.192
247.283 248.781 250.545
246.647 246.913 247.058
246.917 247.010 247.318
246.627 246.881 246.970
246.779 248.044 250.123
246.611 249.549 256.039
246.660 250.613 258.737
246.664 248.042 252.682
246.635 247.256 248.224
246.604 248.414 252.665
246.611 248.631 256.108
246.931 247.866 250.499
246.690 248.707 255.185
246.582 249.122 258.451
246.680 246.869 246.946
246.901 248.288 250.380
246.606 249.978 256.068
246.655 247.446 249.056
246.917 249.435 259.454
246.630 249.040 257.995
246.950 249.441 255.785
246.912 252.330 258.709
246.673 247.820 249.507
246.915 247.264 247.902
246.627 247.104 247.656
246.905 252.553 265.217
246.881 250.567 265.198
246.956 254.800 264.435
246.616 248.459 255.162
246.646 246.871 246.952
246.630 248.471 254.783
246.913 248.529 250.489
246.610 248.868 256.970
246.755 248.795 256.310
246.914 247.623 250.394
246.929 248.400 251.038
246.602 246.745 246.972
246.587 251.631 265.188
246.925 246.948 246.967
246.932 249.309 258.724
246.752 246.899 246.959
246.652 246.888 247.017
246.898 247.353 249.051
246.915 251.297 259.478
246.678 253.268 259.453
246.823 250.851 258.729
246.927 249.254 255.165
246.929 246.937 246.963
246.914 247.884 250.558
246.655 246.903 247.025
246.884 250.597 259.498
246.909 248.633 254.772
246.747 248.126 252.793
246.921 249.119 256.501
246.911 247.052 247.611
246.636 250.389 256.299
246.804 246.904 246.940
246.635 248.875 256.974
246.901 247.595 250.291
246.624 249.165 258.393
246.940 247.707 248.050
246.905 247.218 248.039
246.672 247.116 248.083
246.662 249.091 257.039
246.941 251.454 257.039
246.636 247.458 250.085
246.930 249.883 257.006
246.627 247.303 249.106
246.626 250.300 257.200
246.650 251.612 258.763
246.924 249.224 258.408
246.949 248.796 256.101
246.634 247.861 249.728
246.655 252.370 265.202
246.912 246.927 246.970
246.913 248.940 256.987
246.915 246.935 246.945
246.919 247.363 249.053
246.918 251.147 258.825
246.621 247.579 250.524
246.678 246.886 247.042
246.664 252.686 265.180
246.643 247.239 249.033
247.705 252.163 262.831
246.916 248.824 256.313
246.629 247.050 248.110
246.622 246.742 246.984
246.631 246.836 246.922
246.641 249.440 258.489
246.879 248.799 256.258
246.681 247.746 250.220
246.915 249.454 259.547
246.686 249.531 257.000
246.663 247.821 250.536
246.909 248.060 250.520
246.913 249.227 258.409
246.846 248.909 255.815
246.651 246.880 246.960
246.954 251.079 265.176
246.469 246.788 246.944
246.617 247.983 250.271
246.957 248.392 253.535
246.616 246.888 247.007
246.608 247.541 250.361
246.932 248.468 250.056
246.943 248.154 250.376
246.616 252.984 259.511
246.646 249.031 256.998
246.634 246.893 246.965
246.640 253.053 258.753
246.750 247.433 249.457
246.641 251.388 259.468
246.908 246.990 247.238
246.610 246.870 246.959
246.669 246.875 246.952
246.672 250.560 256.755
246.631 248.458 255.217
246.609 248.451 254.743
246.614 246.893 247.097
246.879 247.971 250.546
246.907 246.926 246.964
246.654 247.546 250.224
246.754 250.815 264.454
246.647 246.843 246.924
246.630 249.447 258.729
246.646 246.818 246.954
246.907 249.485 257.178
246.611 246.813 246.980
246.680 248.614 255.946
246.607 246.801 246.949
246.647 248.889 256.991
246.642 246.874 246.951
246.856 250.980 257.182
246.655 250.320 264.442
246.629 250.262 259.319
246.619 247.964 252.671
246.902 247.116 247.474
246.913 247.370 249.031
246.927 248.503 254.779
246.603 246.739 246.921
246.630 248.688 256.288
246.667 247.389 249.472
246.624 248.211 252.683
246.818 252.901 264.443
246.899 248.782 256.081
246.789 246.907 246.984
246.922 249.066 257.008
246.613 247.004 247.951
246.659 247.480 249.258
247.012 248.263 249.453
246.914 249.458 259.483
246.622 247.065 247.899
246.932 247.360 249.000
246.934 249.642 259.487
246.917 247.759 250.359
246.915 250.447 264.494
246.891 246.910 246.930
246.639 246.869 246.942
246.944 250.631 265.187
246.928 246.941 246.957
246.627 246.798 246.917
246.639 247.282 249.146
246.612 247.716 250.158
246.904 253.302 258.738
246.612 248.746 256.264
246.906 246.918 246.937
246.687 247.152 248.054
246.637 246.800 246.956
246.925 246.929 246.935
246.633 246.873 246.959
246.906 247.439 249.444
246.930 249.638 260.403
246.639 250.523 257.001
246.702 247.413 249.477
246.645 246.881 246.944
246.887 248.323 250.561
246.503 248.429 250.379
246.677 251.292 264.454
246.583 252.598 258.414
246.913 247.673 250.408
246.614 246.747 246.929
246.631 250.594 265.232
246.923 246.936 246.970
246.882 252.174 259.841
246.640 249.730 257.894
246.632 246.986 247.688
246.908 246.951 246.991
246.909 248.084 252.669
246.915 246.956 246.995
246.947 253.359 264.458
246.575 246.826 247.633
246.644 254.075 265.282
246.923 247.371 249.059
246.664 248.736 256.261
246.654 249.464 256.269
247.002 248.997 253.697
246.641 247.521 250.125
246.631 247.277 249.230
246.709 247.510 250.261
246.653 251.461 256.302
246.920 247.577 250.119
246.913 246.929 246.953
246.928 250.279 257.068
247.546 251.004 258.378
246.629 251.871 259.486
246.678 249.108 254.799
246.636 248.788 255.841
246.624 247.449 250.341
246.913 247.974 249.073
247.047 252.453 259.624
246.616 246.860 246.943
246.930 252.762 264.504
246.956 246.969 246.990
246.618 247.238 249.055
246.676 250.029 255.759
246.727 249.111 252.553
246.914 247.717 250.243
246.900 252.320 264.629
246.645 247.334 249.479
246.560 247.403 249.686
246.901 246.952 247.015
246.663 246.865 247.029
246.658 252.541 265.192
246.626 254.191 265.185
246.642 249.203 258.695
246.650 250.533 265.203
246.975 253.444 258.751
246.633 248.908 256.085
246.596 246.873 246.970
246.620 247.498 250.082
246.710 252.414 265.252
246.628 249.187 255.855
246.671 247.621 250.508
246.943 248.808 256.246
246.662 247.547 250.223
246.641 252.386 265.200
246.597 248.456 254.783
246.906 250.597 265.208
246.647 246.815 246.954
246.635 250.405 264.469
246.623 246.968 248.029
246.607 246.884 247.002
246.560 247.537 249.454
246.656 246.866 246.960
246.620 246.818 246.953
246.642 249.348 257.021
246.642 248.763 255.968
246.631 249.335 259.467
246.934 246.945 246.980
246.944 247.460 248.322
246.627 247.955 250.204
246.697 246.858 247.054
246.951 249.326 258.722
246.590 247.007 248.016
247.943 252.780 260.738
247.970 249.766 251.573
247.975 254.740 260.820
247.985 248.489 249.398
247.958 248.453 249.282
247.983 250.812 258.371
248.013 248.757 251.637
247.968 248.061 248.282
247.990 248.695 251.456
247.977 250.685 257.427
248.044 251.787 259.743
247.967 248.683 251.466
248.007 255.507 266.583
248.283 254.670 266.582
247.788 250.061 257.140
247.988 248.786 251.852
247.979 250.406 257.453
247.907 249.879 257.447
248.014 252.386 265.779
247.963 249.613 256.125
247.969 250.127 258.389
248.035 248.842 250.512
247.970 250.622 257.532
247.993 248.059 248.284
247.921 250.625 257.640
247.912 249.215 254.202
247.985 248.261 248.824
247.882 251.952 257.625
248.535 251.288 260.041
248.013 253.700 258.416
247.998 248.126 248.549
247.991 252.077 259.880
247.965 251.720 261.028
247.862 249.917 257.649
247.999 248.771 251.448
247.989 250.697 256.518
247.986 252.958 260.658
247.994 248.620 249.433
247.980 248.064 248.297
248.031 248.150 248.328
247.972 248.037 248.242
247.959 249.965 257.608
248.002 255.328 266.499
247.995 252.165 265.793
248.060 249.898 252.111
247.955 248.023 248.094
247.971 248.212 249.039
247.991 248.645 249.430
248.002 248.296 249.401
247.964 248.384 249.312
247.989 248.313 249.268
248.019 248.790 251.717
247.980 248.117 248.299
247.963 248.775 251.854
247.959 250.119 257.187
248.003 252.430 266.520
247.960 250.187 256.589
247.984 250.035 257.824
247.985 250.131 258.385
248.017 250.218 257.466
248.002 249.949 257.634
248.149 252.105 262.929
247.989 250.113 257.315
247.969 250.237 257.613
247.985 253.197 259.982
248.105 248.764 251.119
247.987 248.005 248.034
248.015 250.045 254.034
247.981 248.617 250.800
247.904 248.144 248.824
248.002 248.152 248.399
247.950 252.101 260.081
247.981 250.675 257.622
247.957 248.002 248.047
247.989 251.556 256.449
248.004 253.542 266.531
248.018 249.378 252.898
247.982 252.350 260.100
247.996 249.649 256.185
247.980 248.133 248.645
248.053 250.711 259.761
247.984 253.131 260.812
247.972 249.955 257.598
248.002 252.196 266.570
248.017 250.901 259.740
248.003 249.661 256.125
247.888 248.465 250.430
247.986 250.445 260.141
248.008 251.408 260.934
248.004 248.505 250.427
247.992 248.326 249.303
248.024 253.979 263.591
247.979 248.257 249.271
247.985 248.545 250.403
248.003 251.320 260.849
247.973 247.989 248.022
247.964 252.606 260.846
247.984 253.789 266.563
248.060 254.227 265.800
247.985 248.288 249.139
247.957 250.377 257.433
247.951 249.897 257.575
248.016 249.721 256.190
247.982 249.828 254.063
247.979 248.004 248.023
248.014 249.668 256.176
247.993 248.763 250.495
247.932 247.990 248.038
248.020 250.106 256.141
247.861 250.388 259.738
247.990 252.122 268.066
248.420 248.824 249.260
247.995 248.724 251.315
247.946 249.888 257.564
247.970 248.012 248.116
247.984 249.836 257.212
247.956 251.751 266.593
247.989 248.011 248.036
247.997 248.465 250.287
247.973 248.245 248.994
247.998 249.128 251.856
248.121 250.177 254.649
247.932 250.005 256.147
247.869 252.889 266.543
247.842 252.188 266.616
247.903 247.990 248.076
248.003 249.781 251.936
247.976 249.892 257.460
247.974 248.391 249.391
247.971 249.891 257.178
248.002 253.191 267.186
248.000 250.416 257.470
247.987 248.718 251.608
248.016 248.100 248.363
247.990 248.062 248.303
248.002 250.635 260.831
248.007 251.599 265.830
247.999 250.407 257.188
247.986 248.026 248.091
247.982 249.943 257.507
247.985 248.060 248.275
247.980 250.568 260.838
247.959 251.303 260.844
248.076 249.211 251.612
247.959 248.106 248.433
247.988 251.543 257.140
247.981 248.677 250.807
247.973 249.379 251.810
247.974 249.256 254.053
247.994 248.064 248.273
248.015 248.053 248.113
247.974 250.416 260.095
248.101 249.361 251.047
247.972 247.999 248.033
247.989 248.774 251.868
247.987 249.916 257.545
247.990 248.142 248.308
247.967 248.132 248.329
247.986 251.968 266.556
248.086 253.424 260.183
248.363 254.903 259.765
248.066 248.622 249.416
247.982 248.011 248.073
247.962 249.856 257.250
247.995 248.829 251.747
247.959 248.010 248.038
247.907 250.398 259.768
248.282 256.322 267.063
247.982 248.001 248.036
247.998 253.922 266.553
247.994 250.940 257.449
248.030 251.779 257.538
247.975 247.995 248.014
247.976 249.780 256.547
248.000 248.048 248.189
248.002 251.117 258.361
247.975 248.748 251.766
248.266 249.436 250.387
247.922 253.408 265.818
247.992 248.042 248.086
247.974 247.995 248.035
247.977 250.804 257.972
248.005 249.942 257.621
247.994 249.938 257.634
248.018 249.436 251.732
247.979 252.110 259.737
247.978 248.780 251.896
247.928 250.466 259.629
247.978 248.017 248.067
247.979 248.114 248.290
247.994 251.573 265.792
247.989 248.817 251.748
247.995 248.338 249.404
247.999 256.145 266.576
248.118 251.009 261.319
248.000 250.131 258.349
247.966 248.677 251.438
248.007 249.666 256.116
247.914 248.048 248.328
247.992 253.509 265.836
248.010 257.025 265.810
247.972 252.041 258.369
248.060 249.096 250.474
247.955 248.740 251.739
247.986 248.129 248.314
248.010 248.891 251.091
247.967 248.118 248.295
247.963 251.176 260.139
248.013 252.588 259.795
247.916 248.741 251.467
247.993 255.425 266.563
247.991 251.487 256.553
247.985 248.195 248.949
248.009 250.549 257.592
247.977 248.150 248.554
247.973 249.821 257.158
247.992 252.299 258.503
247.962 253.760 265.801
248.015 250.183 257.499
247.982 251.750 266.508
247.975 250.660 258.411
247.903 250.082 257.496
247.979 248.299 249.454
247.854 250.587 259.941
248.002 248.773 251.840
247.943 247.995 248.019
247.906 251.809 266.579
247.985 248.364 248.950
247.941 249.610 256.118
247.998 248.041 248.129
247.999 249.899 256.174
247.985 249.495 251.758
247.984 248.572 249.837
248.011 252.068 259.799
247.972 250.402 260.069
247.932 255.104 269.617
248.011 250.147 258.398
247.958 248.007 248.103
247.975 249.693 256.501
247.996 248.765 251.738
247.982 248.786 251.690
248.015 253.418 266.536
247.978 248.047 248.260
247.980 252.019 257.661
248.585 250.211 252.261
247.989 250.276 257.602
247.981 248.055 248.269
247.980 250.482 259.759
247.997 248.216 248.940
247.964 250.863 260.838
247.980 252.013 258.363
247.971 248.421 249.406
247.940 249.939 257.653
247.969 248.170 248.629
247.938 251.568 257.637
248.009 249.721 256.537
247.877 249.840 257.333
247.887 248.776 251.597
247.919 249.734 254.174
248.112 249.325 251.863
248.026 253.826 258.399
247.960 247.993 248.029
248.010 248.802 251.911
248.373 254.599 258.231
248.005 249.317 251.907
247.986 249.825 256.571
247.883 248.215 249.238
247.997 248.069 248.302
247.972 248.444 249.613
247.980 251.036 257.139
247.926 251.767 258.396
247.970 250.032 257.897
248.003 249.947 257.327
247.981 248.006 248.036
248.018 251.810 266.592
247.996 248.718 251.586
247.991 250.092 258.391
247.987 248.015 248.031
247.975 249.267 251.846
247.936 249.008 251.695
247.979 251.822 266.523
247.993 250.045 253.391
247.971 248.776 250.675
247.956 251.090 259.774
247.978 248.801 251.728
247.921 248.577 251.083
248.003 252.464 258.334
247.963 249.924 257.708
247.980 250.073 258.373
247.972 248.005 248.033
247.942 249.611 256.147
248.006 252.452 259.749
248.005 248.735 251.536
247.995 249.110 250.851
248.009 248.139 248.331
247.918 248.304 249.549
247.980 248.801 251.740
247.977 249.881 257.418
248.009 250.436 254.088
247.964 248.179 248.486
247.995 248.024 248.067
247.969 248.319 249.278
248.046 252.323 257.439
247.994 250.373 258.393
247.861 251.762 265.786
247.981 249.216 254.050
247.957 248.068 248.348
247.969 247.996 248.026
247.981 248.054 248.289
247.986 248.298 249.219
248.651 248.955 249.498
247.984 250.610 259.736
247.966 248.009 248.044
247.934 247.973 248.015
247.965 248.073 248.297
247.969 249.814 257.128
247.982 252.757 259.763
248.009 249.975 256.138
247.991 248.211 248.857
247.984 248.243 249.224
247.977 250.002 257.191
247.995 251.733 257.216
247.973 250.030 257.644
247.982 250.425 256.528
247.864 248.044 248.357
247.971 248.113 248.290
247.997 249.367 251.715
247.976 249.693 256.164
247.988 249.920 257.613
247.984 248.017 248.063
247.966 248.187 249.010
247.985 248.069 248.307
247.982 248.003 248.016
247.974 252.266 259.740
248.000 251.676 257.583
248.045 248.824 251.576
248.001 250.030 257.646
248.032 250.726 257.476
247.976 249.286 254.126
247.982 249.630 256.098
247.952 248.148 248.829
247.982 249.347 251.714
247.985 249.280 252.380
247.872 250.613 260.398
247.970 253.257 265.797
247.981 250.049 257.586
247.988 248.285 249.430
247.960 250.105 256.206
247.963 249.830 257.214
247.950 248.124 248.354
247.940 247.974 247.997
247.988 248.072 248.299
247.972 252.177 259.744
247.944 248.023 248.113
247.969 248.708 251.601
247.966 247.985 248.040
247.989 247.998 248.010
247.939 252.457 260.815
249.436 255.039 261.204
247.973 248.131 248.727
247.708 250.319 257.321
247.991 249.287 254.084
247.978 248.020 248.049
247.981 248.851 252.158
247.978 251.043 260.074
248.095 253.105 265.843
247.978 250.131 258.277
247.989 250.712 257.611
247.981 248.002 248.037
247.983 250.489 260.080
247.971 248.100 248.307
247.948 253.543 266.541
247.993 250.430 260.095
247.891 249.835 257.294
247.918 247.974 247.995
247.785 248.003 248.267
247.995 248.769 251.573
247.980 253.547 260.888
247.965 252.637 259.897
247.989 248.841 250.813
247.961 248.111 248.337
248.019 250.062 252.036
247.915 250.484 260.327
247.979 250.069 258.333
247.980 255.326 266.552
247.968 248.183 248.997
247.994 250.616 260.811
247.983 251.226 260.105
247.969 248.774 251.881
247.980 248.684 251.401
247.954 250.803 260.800
247.973 248.104 248.308
247.971 250.615 260.803
247.980 250.347 259.739
247.961 249.044 250.843
247.958 250.510 260.125
247.993 249.904 257.176
247.974 250.414 257.617
247.819 248.925 251.457
247.922 248.714 250.245
247.983 249.952 254.068
247.968 248.365 249.879
247.984 252.360 259.852
247.981 248.015 248.046
248.100 253.527 265.809
247.964 248.699 251.461
247.988 252.356 257.429
248.004 249.719 256.513
247.944 250.132 258.339
248.011 249.074 251.794
248.011 251.386 259.763
247.971 248.785 251.873
247.960 248.111 248.335
247.968 248.126 248.403
247.968 252.066 266.593
248.024 249.945 256.553
247.993 251.690 266.444
247.985 248.063 248.325
248.003 250.561 256.498
247.975 250.622 260.816
247.826 248.722 250.751
247.975 248.006 248.040
247.972 248.689 251.457
247.980 249.914 256.138
247.923 247.971 247.997
247.988 248.030 248.082
247.966 248.020 248.143
247.971 250.337 259.731
247.979 250.133 258.356
247.891 255.498 266.732
247.847 249.783 254.027
247.974 248.074 248.350
247.982 248.135 248.319
248.050 249.724 251.629
247.859 248.027 248.287
247.951 251.534 257.606
248.072 248.372 248.811
247.995 251.744 266.570
247.991 248.232 248.664
248.013 249.972 253.921
247.988 250.288 256.548
247.995 248.173 248.462
247.969 248.024 248.164
247.970 249.870 257.174
247.977 248.076 248.388
247.929 248.003 248.088
247.995 252.556 266.556
248.112 248.380 248.933
247.998 251.656 265.923
247.917 248.823 251.885
247.987 250.337 256.130
247.969 250.450 260.088
248.029 251.355 261.284
248.014 251.848 257.655
247.971 248.718 251.587
247.983 251.608 265.810
247.966 251.601 265.929
247.958 251.804 260.047
247.984 250.668 257.163
247.994 253.224 266.540
247.995 251.050 257.213
247.982 248.139 248.398
247.968 248.019 248.121
247.968 249.839 256.585
247.960 250.402 260.105
248.045 250.049 257.424
247.983 251.458 259.361
247.885 249.989 257.628
247.970 251.162 259.745
247.849 247.962 248.007
247.975 250.816 261.119
247.990 249.527 254.108
247.828 247.966 248.019
247.981 248.674 251.339
247.989 248.710 251.559
248.047 248.932 250.199
249.128 251.798 257.526
247.981 248.786 251.872
247.998 250.663 258.382
247.850 249.850 257.438
248.028 252.848 260.868
247.965 247.990 248.035
247.958 248.036 248.210
247.963 248.283 249.278
248.026 248.822 249.399
247.975 252.700 267.508
247.597 252.428 266.210
247.960 248.067 248.344
248.054 250.735 259.773
248.017 250.482 259.788
247.993 250.638 258.389
248.016 251.030 260.853
247.989 248.620 250.832
247.985 248.720 251.591
247.966 250.909 259.783
248.003 249.699 256.136
247.946 249.698 256.158
247.948 248.488 249.449
247.971 249.266 254.046
247.975 251.247 256.145
247.864 248.460 250.405
247.991 251.636 265.845
247.969 251.347 260.698
247.968 249.745 256.528
247.985 251.471 258.320
248.019 248.526 249.563
247.953 248.664 251.427
248.241 252.686 259.983
247.978 251.623 258.030
247.925 248.006 248.163
247.949 248.029 248.252
247.982 248.804 251.694
247.954 249.874 256.150
247.983 249.949 257.429
247.971 249.245 254.305
247.978 248.059 248.345
247.963 249.719 256.653
247.971 249.187 254.011
248.013 249.050 251.914
247.983 249.088 251.720
247.993 248.108 248.324
247.974 250.088 258.425
247.983 248.483 250.447
247.986 248.606 250.444
247.971 248.383 249.010
247.982 250.060 258.364
247.990 250.465 260.064
247.921 249.606 256.096
247.987 248.130 248.303
247.963 251.696 265.718
247.968 252.284 259.758
247.962 248.001 248.065
248.001 248.084 248.379
247.958 248.274 249.412
247.977 248.728 250.406
247.985 248.010 248.039
247.940 249.924 257.557
247.950 247.967 247.997
247.969 248.057 248.285
247.981 250.903 260.858
247.926 249.814 257.151
247.968 249.727 256.526
247.971 248.114 248.345
247.983 248.184 248.480
247.938 247.999 248.050
248.009 248.079 248.277
248.021 248.222 248.921
247.972 248.039 248.262
247.993 250.446 259.732
247.982 248.066 248.338
247.927 250.343 259.699
247.999 254.374 266.712
247.978 250.829 258.389
247.967 250.438 260.183
247.991 248.020 248.080
248.011 251.646 257.488
247.970 248.446 250.064
247.969 253.772 269.301
247.995 250.805 260.876
248.022 248.454 249.253
247.851 248.091 248.625
247.928 250.457 260.104
247.974 250.364 259.804
247.935 253.531 257.614
247.978 248.702 251.440
247.911 247.988 248.035
247.975 252.263 259.916
248.001 250.718 257.598
247.967 248.106 248.319
247.964 248.001 248.104
248.027 249.959 257.601
248.006 252.145 259.790
248.005 251.699 259.816
247.969 248.183 248.979
248.009 250.171 257.574
248.549 249.811 250.850
247.986 249.916 257.213
248.012 248.066 248.229
247.871 248.096 248.349
247.987 249.973 257.609
248.121 251.682 260.813
247.974 248.530 250.387
247.993 251.587 265.840
248.002 249.962 257.587
247.969 247.995 248.045
247.966 248.052 248.315
247.961 249.827 257.178
247.965 248.020 248.114
247.814 248.553 250.821
247.966 247.975 248.002
248.022 250.912 260.061
247.877 251.874 257.469
247.961 248.049 248.280
247.981 247.997 248.030
248.025 249.987 256.169
248.004 248.023 248.056
247.902 251.087 260.083
247.973 249.792 256.549
247.980 248.081 248.360
247.969 249.033 251.746
247.887 249.267 254.075
247.981 248.003 248.042
247.968 251.098 259.776
247.987 251.876 257.677
248.033 252.382 259.764
247.950 250.581 260.945
248.028 252.542 266.551
247.896 249.911 257.628
247.943 248.254 249.275
248.012 248.900 251.607
247.948 252.770 265.775
247.975 250.414 260.094
247.967 248.193 248.990
248.074 250.113 254.120
247.920 247.985 248.007
247.995 249.957 257.615
247.979 248.731 251.580
247.978 250.449 260.029
247.990 248.833 251.735
247.982 250.099 256.118
247.988 251.398 260.097
247.981 253.460 260.784
247.951 249.210 254.082
247.862 249.618 256.171
248.018 250.773 256.834
247.983 251.833 257.602
247.984 248.269 249.229
247.881 249.700 254.052
247.974 251.695 266.518
247.959 250.070 258.374
247.954 250.555 260.849
247.932 249.651 256.200
247.991 248.219 248.553
247.917 254.117 266.565
247.974 248.690 251.462
247.977 248.058 248.294
247.955 248.023 248.244
247.971 248.540 249.414
247.973 248.050 248.249
247.979 247.996 248.011
247.991 248.834 250.816
249.833 253.709 260.460
247.960 249.933 257.476
247.977 250.404 258.374
247.976 255.939 266.530
247.974 248.049 248.266
247.896 248.000 248.036
247.976 250.560 260.860
248.000 250.366 259.812
247.991 248.030 248.142
247.920 249.676 256.505
247.982 248.201 249.006
247.970 248.278 249.415
247.960 250.230 257.634
247.999 249.831 256.515
247.974 256.067 266.630
247.987 252.022 259.752
247.997 249.084 251.868
247.970 250.123 258.356
247.971 247.989 248.013
248.018 251.124 256.123
248.002 250.132 257.476
247.974 248.750 251.429
248.032 251.253 259.747
247.985 250.639 257.176
247.978 249.943 257.615
248.002 250.633 259.753
247.966 249.199 254.046
247.989 252.040 260.073
247.863 247.962 248.005
248.272 252.062 258.369
247.977 248.291 249.402
247.944 247.989 248.021
247.850 248.139 248.446
247.984 248.012 248.050
247.990 251.566 257.181
247.975 248.725 251.576
248.019 251.796 266.427
248.008 252.635 257.692
247.991 249.274 254.071
247.968 248.628 250.818
247.973 249.219 254.054
247.917 248.443 250.305
247.983 248.876 251.728
247.993 251.180 259.743
247.997 250.072 258.348
247.909 251.826 258.370
247.981 249.815 256.535
247.973 250.139 257.612
247.964 250.790 260.828
247.977 250.414 260.105
248.012 248.745 250.406
248.004 253.573 266.412
247.947 250.087 257.148
248.013 249.308 254.054
247.954 250.459 259.859
247.964 248.546 250.786
247.886 251.167 257.449
247.989 249.986 257.627
247.958 249.698 256.545
248.018 249.350 254.051
247.977 251.111 258.405
247.977 248.042 248.130
247.971 250.492 260.207
247.885 249.282 251.871
248.003 249.955 257.463
247.990 250.648 257.641
247.996 248.733 251.322
247.987 248.543 249.170
247.953 251.133 259.789
247.983 251.755 266.525
247.986 249.537 251.697
247.969 250.720 260.989
248.000 249.483 251.853
247.958 248.749 251.832
248.018 249.389 251.579
247.971 248.053 248.259
247.991 248.834 251.898
247.984 248.067 248.347
247.993 248.089 248.369
247.995 250.474 257.584
248.002 248.213 248.976
248.017 249.516 251.872
247.972 249.829 257.158
248.136 251.143 257.438
247.991 249.983 257.146
247.984 247.999 248.013
247.959 248.050 248.298
248.015 249.785 256.530
248.020 254.802 259.795
247.965 250.074 258.381
247.983 252.101 267.841
248.005 252.384 259.868
247.969 251.128 260.817
247.976 250.057 256.912
247.900 249.932 257.576
247.981 248.174 248.559
248.026 250.603 256.330
247.967 248.001 248.029
247.992 248.757 251.735
247.923 248.032 248.160
248.022 248.814 251.867
247.987 250.481 260.137
247.975 250.346 259.733
247.994 252.758 259.752
248.006 248.079 248.158
247.999 248.087 248.307
247.993 248.290 249.409
247.825 251.769 263.385
247.929 249.610 256.148
247.981 249.714 256.533
247.999 249.028 251.596
247.967 248.098 248.264
247.976 249.469 251.577
247.948 247.997 248.068
247.986 251.906 266.554
247.975 248.122 248.515
247.984 249.931 257.610
247.976 248.730 251.632
247.983 250.149 257.601
247.965 248.016 248.099
248.039 250.613 256.153
247.846 248.092 248.427
247.966 248.573 250.833
248.001 248.618 250.969
248.005 252.667 257.439
247.984 251.300 260.805
247.897 250.963 258.361
247.988 249.725 256.385
247.987 248.227 249.036
247.851 251.672 266.515
247.980 248.039 248.117
247.996 250.824 260.811
248.063 248.904 250.816
247.938 249.212 254.107
247.973 248.402 249.383
247.983 248.070 248.278
248.009 249.909 257.181
247.930 247.985 248.009
247.973 247.996 248.034
248.014 249.107 251.735
247.988 248.194 248.974
247.972 250.854 260.816
247.973 248.827 251.841
247.987 252.266 265.819
247.961 250.567 260.810
247.966 247.996 248.065
248.003 249.269 254.053
247.985 248.940 252.597
247.988 249.890 257.445
248.999 250.887 258.259
247.982 252.027 260.850
248.029 253.682 257.484
247.910 248.735 251.736
247.995 250.548 259.750
248.031 252.737 258.377
247.920 250.919 257.634
247.955 248.048 248.261
247.988 248.070 248.352
247.988 248.785 250.814
247.889 248.004 248.107
247.973 248.673 251.417
248.018 252.865 260.102
247.991 250.336 257.127
247.979 249.092 251.749
247.888 250.402 259.766
248.148 253.995 261.718
247.991 248.516 250.429
247.991 249.928 257.572
247.981 253.479 259.743
247.868 248.461 249.338
247.991 252.347 257.675
247.994 248.077 248.324
247.976 249.913 257.610
247.965 248.669 251.429
247.984 248.259 249.007
247.897 249.172 254.086
247.996 250.945 260.088
247.986 249.920 257.195
247.975 248.209 248.985
247.988 249.757 256.517
247.981 251.067 259.774
247.966 248.029 248.251
247.965 248.040 248.256
248.011 249.823 257.006
248.389 248.839 249.560
247.900 248.569 250.311
247.932 247.989 248.024
248.024 248.489 249.710
248.031 250.988 258.376
247.993 248.722 251.577
247.969 248.596 250.395
247.986 248.078 248.343
247.927 254.439 266.557
247.997 248.730 251.579
247.965 250.433 260.169
248.465 250.532 251.923
247.969 247.993 248.020
247.972 248.213 248.997
248.008 249.827 252.322
247.985 249.875 256.166
247.971 251.612 265.825
247.880 250.061 258.389
247.958 248.229 249.252
248.052 250.535 257.632
247.970 248.051 248.284
247.974 248.474 250.404
247.986 248.016 248.062
247.978 248.083 248.303
248.006 250.373 259.790
247.986 250.594 260.100
247.988 249.277 254.069
248.028 250.443 257.477
247.974 247.996 248.020
247.961 249.303 251.751
247.975 248.809 250.820
247.992 252.090 259.776
248.020 252.549 259.770
247.959 250.609 260.826
247.983 251.744 257.446
247.980 248.211 249.128
248.319 253.490 260.813
247.824 249.781 257.162
247.982 248.099 248.301
247.961 249.126 251.913
247.983 251.636 260.111
248.010 248.079 248.285
247.998 248.402 249.620
247.962 249.343 251.903
247.972 248.004 248.065
247.978 247.991 248.005
247.864 249.899 257.632
248.011 251.356 260.969
248.137 250.362 256.241
247.977 250.446 257.421
247.976 248.292 249.064
247.943 251.038 257.179
247.991 250.137 258.359
248.006 250.901 256.109
247.960 247.987 248.017
247.931 251.600 265.752
247.999 251.281 257.633
247.929 248.527 249.400
247.999 252.250 258.819
247.968 249.128 251.595
247.957 248.830 251.608
247.964 248.708 249.903
248.017 250.502 260.111
247.956 250.136 256.176
247.977 248.016 248.043
247.847 248.219 249.248
247.902 252.345 260.178
247.967 252.253 265.789
247.975 248.332 248.996
247.952 248.461 248.986
247.994 251.948 257.476
247.993 252.993 266.550
247.964 250.346 259.755
247.983 250.641 260.106
247.930 254.692 268.548
247.906 251.699 266.553
247.967 248.463 250.408
247.824 249.937 257.636
247.963 254.254 266.545
248.012 250.052 254.057
248.002 248.784 251.774
247.954 247.993 248.007
247.972 248.195 249.018
247.995 250.486 260.101
247.992 249.544 252.415
248.007 249.092 251.536
247.963 249.152 251.699
247.984 251.763 266.544
248.001 252.584 260.816
247.997 249.252 251.937
247.932 248.769 251.858
247.995 252.210 260.874
248.283 252.836 258.341
247.953 250.118 258.378
247.965 254.064 265.780
247.990 248.784 251.878
247.955 251.700 266.512
247.979 250.114 257.156
247.990 250.277 254.386
248.531 252.052 257.553
247.973 250.604 257.609
248.008 248.081 248.277
247.971 251.930 266.530
247.970 248.777 251.613
247.974 248.194 248.968
247.982 248.020 248.052
247.952 250.349 259.731
247.983 250.591 260.889
247.976 254.955 261.284
247.979 250.364 259.753
248.364 251.985 262.936
248.013 248.765 251.660
247.946 250.116 258.357
247.991 249.162 251.973
248.057 248.670 249.472
247.933 249.882 257.491
247.931 250.051 258.353
247.975 248.204 249.014
247.987 252.589 259.742
247.961 249.452 251.642
247.962 248.213 249.014
247.984 248.717 251.594
247.973 248.059 248.336
247.877 250.463 260.136
247.909 248.346 249.263
247.925 248.276 248.484
248.039 253.443 265.832
248.061 250.226 251.709
247.966 249.929 257.562
247.983 251.543 265.746
247.968 248.035 248.193
248.105 252.781 266.448
247.980 248.005 248.057
247.985 248.536 250.681
248.000 248.027 248.078
247.967 248.450 250.168
248.007 248.268 249.264
247.821 247.989 248.303
247.993 250.222 257.590
248.059 251.461 259.804
248.040 249.079 250.851
247.998 248.063 248.157
247.952 248.160 248.808
247.987 249.785 256.539
248.000 248.062 248.273
247.971 251.766 266.555
248.034 249.928 256.542
247.975 250.046 257.167
247.936 249.817 257.170
248.014 251.599 257.143
247.984 249.902 257.476
247.975 250.819 260.831
247.976 250.337 259.731
247.982 249.778 256.584
247.970 248.245 248.979
248.007 248.018 248.031
248.007 253.057 260.841
247.978 248.072 248.294
247.968 249.347 251.708
247.978 252.309 260.144
247.985 252.285 266.555
247.983 248.900 250.179
248.001 248.216 248.993
247.993 252.951 260.888
247.982 249.891 257.489
248.009 251.433 257.643
248.000 248.022 248.059
247.999 249.637 251.959
247.956 249.861 257.387
247.975 247.996 248.031
247.991 248.139 248.314
247.942 248.055 248.335
247.976 248.577 250.822
247.918 251.914 258.329
248.003 249.909 251.711
248.020 248.858 251.952
248.036 248.813 249.375
248.013 248.080 248.286
247.955 248.536 250.405
247.973 253.495 265.813
247.979 248.018 248.067
247.998 250.594 260.883
248.000 250.432 256.577
247.985 251.839 257.626
247.959 250.650 257.127
247.993 248.076 248.293
248.001 248.023 248.046
247.967 248.801 251.780
247.983 248.003 248.059
247.972 250.480 260.090
247.950 252.933 260.916
247.997 250.402 256.537
247.994 248.021 248.057
248.015 249.794 256.543
248.001 250.471 260.059
247.968 250.804 257.607
247.969 248.298 249.281
248.892 257.837 269.496
247.971 250.075 258.380
247.894 249.580 252.823
248.003 248.069 248.307
248.017 252.140 260.100
247.841 252.679 259.770
247.993 249.633 256.128
247.992 248.887 251.608
248.044 250.478 257.651
248.033 252.823 265.806
247.996 248.935 250.431
247.991 250.848 257.643
247.983 248.253 249.261
247.980 248.070 248.363
247.927 250.342 259.785
247.994 248.136 248.620
247.971 248.549 249.383
247.987 249.841 252.189
247.991 248.165 248.385
247.948 254.102 259.754
247.890 249.817 257.166
247.941 250.071 258.383
247.993 249.246 254.069
247.971 253.192 265.813
247.927 250.851 260.079
247.992 249.643 256.186
247.976 248.006 248.034
248.003 250.001 254.070
247.979 249.937 257.571
247.999 248.052 248.131
247.977 249.630 251.885
247.912 248.378 249.376
247.996 250.050 257.572
248.131 252.562 259.513
247.982 248.026 248.071
247.998 249.716 256.516
247.983 248.320 249.245
247.989 248.299 249.451
247.927 248.063 248.371
247.996 257.512 265.882
247.962 248.079 248.412
247.932 249.958 256.563
248.925 255.829 265.811
247.974 249.896 257.500
247.958 249.365 254.029
247.974 249.020 251.573
247.881 251.659 257.541
247.964 248.055 248.281
247.996 249.364 253.366
247.935 248.476 250.291
248.053 248.812 250.379
247.989 250.383 256.154
247.975 247.999 248.020
247.974 248.005 248.024
248.034 251.958 260.119
247.990 248.294 249.421
247.991 249.258 250.994
247.983 251.496 256.524
247.977 249.625 256.152
247.964 248.671 251.404
247.963 250.625 259.763
247.999 249.770 256.800
247.970 248.787 251.725
247.969 248.099 248.522
247.986 248.077 248.345
248.034 251.635 260.823
249.528 250.665 251.235
247.991 250.729 260.096
247.814 248.518 250.817
248.062 250.163 251.631
247.993 253.489 265.792
247.999 252.926 257.576
247.986 251.592 257.449
247.967 248.140 248.368
247.888 248.881 251.623
247.968 250.973 262.856
247.966 248.100 248.317
248.004 250.553 257.160
247.855 251.619 265.849
247.892 254.247 267.744
248.027 248.510 250.279
248.006 248.803 251.817
248.022 250.900 260.819
247.966 252.179 259.739
247.976 248.225 249.077
247.962 250.597 260.994
247.986 248.474 250.399
247.990 248.729 251.624
247.979 248.814 250.831
247.840 248.688 251.607
247.971 250.481 257.560
247.984 255.107 265.776
247.931 252.206 258.638
247.974 250.230 257.451
248.000 250.292 257.631
247.882 249.991 254.050
247.856 252.233 259.783
247.994 250.486 257.451
247.880 249.612 256.123
247.961 248.003 248.045
247.994 249.801 256.884
247.972 250.401 257.570
247.977 256.056 266.559
247.979 251.579 265.824
247.958 250.001 256.121
248.003 251.635 265.786
247.999 248.006 248.018
247.983 251.078 259.744
248.028 249.966 257.604
247.996 249.852 257.201
247.993 249.782 254.058
248.015 248.038 248.080
247.924 249.931 257.416
247.972 250.944 256.112
247.998 251.466 257.427
248.053 249.828 256.531
248.188 252.953 260.947
247.956 254.412 260.075
247.969 253.521 265.775
247.968 251.247 256.149
247.991 248.702 249.847
247.974 248.639 249.834
247.981 253.745 265.822
247.995 250.623 257.583
247.976 250.508 260.169
248.268 251.945 261.649
247.948 249.875 257.404
248.024 251.296 260.155
248.012 251.343 256.518
247.981 249.909 257.572
247.823 251.671 266.543
247.969 253.694 265.878
247.988 249.507 251.187
247.989 253.155 260.891
247.968 250.780 258.393
247.942 250.144 257.429
247.963 248.044 248.281
247.998 248.093 248.272
247.956 254.177 260.065
247.973 252.118 259.770
248.000 251.516 257.434
247.977 248.112 248.440
248.017 253.253 257.620
247.995 252.180 268.293
248.037 249.936 257.210
247.996 248.283 249.008
247.995 251.862 258.407
247.866 247.988 248.113
247.987 253.869 259.578
247.972 248.795 251.619
247.957 248.684 251.452
248.006 253.704 265.611
248.060 252.865 258.129
247.987 251.514 257.450
247.907 250.785 254.101
247.980 248.727 251.615
247.966 248.102 248.331
247.996 249.934 257.587
247.933 249.682 256.139
248.328 249.765 253.331
247.980 247.991 248.002
247.962 250.188 257.537
247.978 249.437 251.917
248.054 249.209 251.615
247.860 248.369 249.361
248.290 256.329 266.556
247.973 248.514 250.454
247.987 248.213 248.917
247.980 248.549 250.797
247.935 249.247 254.030
248.035 250.026 257.614
248.003 248.019 248.065
247.972 252.442 266.519
247.876 247.978 248.056
248.009 249.692 252.643
248.007 248.032 248.048
248.009 250.992 258.773
248.000 248.084 248.317
247.988 250.624 257.146
247.997 253.063 260.116
247.959 250.647 257.580
248.038 253.535 260.851
247.987 251.471 254.923
247.991 251.151 257.621
247.984 248.063 248.289
247.993 250.525 260.575
247.974 255.535 265.779
248.009 248.938 250.986
247.972 249.721 256.530
247.947 251.767 266.538
247.985 250.912 259.755
248.027 253.986 265.811
248.025 249.370 251.782
247.978 249.855 257.276
248.003 250.886 257.157
247.978 248.006 248.040
248.007 248.755 251.462
247.970 248.058 248.306
247.977 249.639 256.178
248.071 253.442 266.534
247.909 251.533 265.788
248.011 248.863 251.853
248.052 248.926 251.506
247.976 248.557 250.805
248.002 250.720 257.449
247.979 250.162 257.418
247.975 254.141 260.100
247.967 248.317 249.283
247.953 251.949 267.711
247.970 248.610 251.014
247.994 248.320 249.160
247.975 250.416 260.076
247.986 249.694 256.178
247.948 251.588 265.796
247.996 248.149 248.347
248.008 248.093 248.274
247.970 249.781 251.863
247.967 248.123 248.374
247.978 248.058 248.327
247.989 248.094 248.332
247.933 248.992 251.746
247.999 251.003 256.558
248.008 256.639 266.566
247.998 251.168 260.037
247.962 251.005 260.879
247.972 252.516 260.849
247.920 251.746 257.208
247.974 248.581 250.891
248.022 249.487 254.051
248.011 249.671 256.161
247.976 253.699 266.568
247.977 250.337 259.748
248.148 249.610 251.727
247.871 250.533 260.817
247.969 251.273 259.724
247.987 249.907 257.468
247.999 254.438 266.450
247.971 248.126 248.372
248.013 248.249 248.362
247.968 249.660 256.080
247.989 248.353 249.237
247.976 247.997 248.037
247.979 248.294 248.763
247.991 252.484 260.085
247.965 250.417 259.753
247.972 249.998 251.449
247.983 250.340 259.749
247.990 248.728 251.651
247.978 248.280 249.391
247.946 250.665 257.161
247.977 250.092 258.385
247.978 248.004 248.051
247.949 248.760 251.887
247.958 248.054 248.373
247.996 249.286 254.092
247.989 250.620 260.101
247.980 250.533 260.065
247.970 251.088 258.367
247.968 254.436 260.827
248.011 248.032 248.053
247.968 250.149 258.467
247.993 248.584 250.850
247.843 251.654 262.730
247.993 248.408 249.773
248.013 253.570 260.852
247.991 250.593 256.109
247.999 253.225 260.844
247.972 252.145 258.347
248.006 248.999 251.575
247.969 248.765 251.579
247.913 248.177 248.966
247.992 249.550 251.889
247.958 250.579 260.923
247.974 251.715 266.559
247.887 248.039 248.312
247.971 249.921 257.630
247.962 249.200 254.053
248.054 250.916 258.371
247.977 248.004 248.031
248.008 250.937 257.616
247.995 251.076 258.363
247.958 248.302 249.267
248.174 251.130 260.523
247.959 250.685 257.614
247.978 250.146 257.560
247.961 248.336 249.296
247.982 250.465 259.755
247.994 248.085 248.285
247.988 249.121 253.396
247.970 248.955 251.593
247.985 248.192 248.345
247.967 250.081 258.346
247.873 251.736 257.601
247.969 248.617 250.780
247.817 247.964 248.050
247.976 248.016 248.086
247.956 248.801 251.463
248.016 249.153 250.847
247.992 249.930 257.655
247.936 251.528 265.805
248.569 254.027 260.811
247.958 248.550 250.809
247.999 253.205 265.862
247.972 252.322 265.876
247.999 250.308 256.662
247.955 248.000 248.090
247.992 248.028 248.068
247.975 249.940 257.606
248.017 252.636 265.845
248.045 248.735 250.419
247.904 249.950 257.601
247.978 251.587 263.096
247.881 256.146 266.512
248.000 251.423 260.167
247.966 250.491 260.179
247.981 250.600 259.527
247.964 249.919 257.620
247.960 250.426 256.535
247.988 248.294 249.399
247.878 248.727 251.704
247.981 247.989 247.996
247.974 250.408 260.077
247.972 250.315 256.536
247.961 247.985 248.022
248.017 253.550 260.109
247.993 250.445 257.553
248.011 254.038 265.790
247.980 248.368 249.475
247.978 248.054 248.283
247.979 249.205 254.043
247.973 248.041 248.198
247.849 250.620 260.839
248.000 249.378 251.748
247.970 253.014 260.756
247.931 251.713 266.542
247.980 248.028 248.085
247.992 254.069 259.783
247.992 250.408 257.175
247.979 248.068 248.263
248.009 253.079 259.748
247.967 248.521 249.471
248.008 252.014 258.391
248.062 251.178 256.111
247.987 248.002 248.011
248.048 256.026 266.598
247.990 252.194 265.815
247.932 252.250 259.744
247.982 248.329 249.464
248.135 251.027 260.265
247.970 251.605 265.783
247.973 252.478 260.055
247.954 250.738 259.776
247.964 248.186 248.960
247.980 249.873 256.154
247.971 248.141 248.379
247.996 248.750 251.612
247.979 248.138 248.384
247.960 253.538 265.825
247.997 249.027 251.426
247.979 248.056 248.299
248.010 249.201 251.746
247.953 251.847 266.337
247.987 249.867 257.258
247.959 249.464 251.874
247.989 248.635 250.581
247.957 247.994 248.040
247.969 249.947 257.452
247.980 247.991 248.010
248.002 250.190 258.362
248.002 248.815 251.638
247.973 248.786 250.882
247.989 248.005 248.027
247.984 251.408 256.511
248.000 248.291 249.079
247.968 250.529 260.556
247.932 249.799 256.096
247.868 248.718 251.750
247.981 248.043 248.183
247.986 249.546 251.857
248.003 251.603 265.804
248.002 249.040 251.737
247.988 249.997 257.627
248.033 248.373 249.422
247.979 248.120 248.335
247.978 248.273 249.402
247.962 248.003 248.089
247.973 250.813 260.845
247.984 248.828 252.101
247.991 249.637 256.160
247.783 250.007 257.974
247.943 248.034 248.277
248.006 248.065 248.211
247.975 248.560 250.431
247.979 252.457 260.852
247.993 248.603 250.897
247.968 250.700 260.100
247.971 250.853 257.651
248.004 248.087 248.364
248.520 248.736 248.848
247.955 249.910 257.667
247.972 250.441 257.404
248.003 250.459 257.621
247.995 248.382 248.989
247.965 248.716 251.627
247.990 252.285 259.785
247.987 248.151 248.688
247.979 250.092 257.455
248.000 251.476 260.833
247.961 251.765 260.806
247.959 248.558 250.398
247.822 251.764 265.893
247.965 247.980 247.993
248.003 250.282 257.621
