344.085 344.466 345.020
342.117 342.893 343.740
342.134 343.433 344.629
342.117 342.475 343.417
342.171 342.394 342.566
334.058 334.101 334.149
334.132 334.191 334.297
334.094 334.166 334.311
334.063 334.115 334.161
334.120 334.163 334.217
341.998 342.172 342.600
342.103 342.529 343.309
342.077 343.037 344.091
342.070 342.350 342.710
342.032 342.615 343.553
342.088 342.869 343.840
342.108 342.748 343.899
342.135 342.698 343.308
342.097 342.720 343.747
342.133 342.764 344.095
342.030 342.765 344.369
342.134 342.266 342.445
342.046 342.680 344.483
342.079 342.458 342.871
342.131 342.595 343.588
342.116 342.592 343.214
342.056 342.409 343.300
342.043 342.135 342.289
342.122 342.719 344.316
342.069 342.500 343.235
342.101 342.717 343.922
342.038 342.622 343.344
342.048 343.057 344.561
342.084 342.669 344.795
342.234 342.857 343.398
342.094 342.732 344.685
342.090 342.171 342.278
342.133 342.396 342.986
334.045 334.134 334.345
334.123 334.171 334.218
334.147 334.168 334.194
334.122 334.137 334.170
334.082 334.134 334.185
335.374 335.427 335.529
338.614 338.649 338.693
338.563 338.637 338.793
338.568 338.618 338.681
339.865 339.940 339.999
339.816 339.855 339.917
339.847 339.884 339.930
339.815 339.874 339.899
338.644 338.669 338.707
339.817 339.942 340.130
338.617 338.638 338.699
338.585 338.601 338.617
338.527 338.608 338.647
338.632 338.671 338.733
342.094 342.249 342.526
342.042 342.119 342.264
342.227 342.687 343.441
342.120 342.540 343.552
342.118 342.251 342.447
342.138 342.412 342.810
343.302 343.612 344.406
342.097 342.215 342.442
342.134 342.307 342.550
342.050 342.432 342.973
343.312 343.591 344.268
342.133 342.745 344.193
342.143 342.576 343.910
342.103 342.228 342.545
342.096 342.288 342.427
342.037 342.536 343.213
342.098 342.985 344.894
342.128 342.205 342.356
342.200 342.560 343.089
342.074 343.049 343.881
342.143 342.596 343.880
342.082 342.371 342.756
342.373 342.968 343.428
334.080 334.179 334.257
334.114 334.169 334.259
334.093 334.127 334.196
334.126 334.220 334.367
334.084 334.146 334.187
334.115 334.182 334.302
334.106 334.422 335.528
334.124 334.158 334.247
334.063 334.151 334.234
334.140 334.229 334.300
334.094 334.139 334.189
334.154 334.175 334.193
334.069 334.238 334.808
334.101 334.246 334.620
334.077 334.192 334.371
338.590 338.630 338.675
338.604 338.662 338.711
338.625 338.789 339.080
338.557 338.658 338.762
338.624 338.734 339.127
338.558 338.713 339.140
338.589 338.863 339.202
338.602 338.897 339.568
338.718 338.868 339.155
340.227 341.958 344.772
342.311 342.876 344.536
342.287 344.038 347.862
343.681 344.624 345.620
342.114 342.550 343.248
342.226 343.062 343.804
342.177 342.726 344.113
343.150 343.669 344.274
342.244 342.816 344.368
342.103 342.943 343.952
342.127 342.730 344.521
342.105 342.343 342.804
342.072 342.746 344.414
342.129 342.696 343.385
334.103 334.233 334.473
334.281 334.470 334.729
334.114 334.182 334.269
334.151 334.309 334.799
334.134 334.242 334.351
334.178 334.894 336.538
334.236 334.641 335.039
334.104 335.243 338.665
334.400 335.174 335.939
334.202 336.363 341.003
334.156 335.231 337.471
335.941 339.563 344.746
334.089 335.274 339.599
334.161 336.161 340.861
334.130 334.196 334.319
334.157 335.508 339.769
334.178 335.158 336.759
334.145 334.531 335.877
334.154 336.150 341.073
343.761 346.522 349.696
342.273 346.547 352.064
342.170 343.542 345.235
344.072 346.728 349.341
342.184 342.843 343.533
342.412 345.331 354.547
351.543 360.629 373.360
342.470 343.060 343.870
342.461 343.283 344.694
342.902 345.257 348.766
342.290 343.847 346.250
343.861 348.558 361.462
348.971 352.074 356.221
347.675 352.355 357.966
342.367 343.846 346.656
342.379 343.203 343.716
342.380 347.117 360.680
345.794 349.279 358.684
342.414 343.619 344.802
343.416 349.064 362.708
342.267 343.163 345.084
342.326 343.917 347.216
342.639 349.034 362.461
342.665 346.097 351.884
334.296 337.129 347.068
334.185 334.445 334.689
334.151 334.214 334.286
334.207 334.932 335.852
334.883 340.285 348.552
351.539 359.819 366.361
344.342 371.243 382.056
347.583 364.378 375.933
342.552 349.808 360.354
342.730 346.996 349.943
357.436 362.376 364.601
342.105 343.386 346.949
351.521 363.884 378.499
346.317 350.809 356.186
342.206 344.183 347.093
342.147 344.628 348.613
342.568 346.548 348.680
342.225 342.411 342.714
342.206 343.070 344.803
342.302 342.621 343.150
342.393 342.954 343.786
342.185 342.443 342.724
346.499 350.364 355.846
342.119 342.535 343.281
342.156 342.622 343.231
342.339 342.783 343.518
342.433 342.863 343.493
342.288 343.358 344.800
342.605 343.349 344.368
342.170 343.102 344.146
342.265 344.540 349.308
346.334 349.007 351.331
342.136 344.112 351.672
345.665 349.410 355.983
344.571 348.798 352.918
342.208 345.871 354.422
342.389 355.025 373.414
342.238 343.991 346.193
342.309 344.194 346.584
339.365 344.277 351.354
338.678 342.676 348.136
338.574 339.799 341.061
338.791 339.618 340.685
338.671 341.649 345.990
338.689 338.836 339.025
338.825 345.236 354.970
338.623 339.186 340.640
338.608 338.824 339.125
338.635 338.796 338.981
338.620 338.753 339.095
338.624 339.577 341.029
338.602 338.933 339.936
338.606 339.021 339.818
338.634 338.996 339.940
338.627 338.710 338.769
338.674 339.247 340.701
338.672 338.984 340.074
338.685 338.994 339.867
338.605 338.635 338.671
338.619 338.824 339.153
338.700 338.983 339.677
338.633 338.836 339.421
338.658 338.782 338.974
338.714 338.812 338.932
338.592 339.303 341.472
338.602 338.919 339.377
342.088 343.600 347.755
342.033 342.312 342.739
342.145 342.556 342.950
342.120 342.581 343.480
342.136 342.597 343.406
342.150 343.343 347.319
342.162 342.667 343.231
343.881 352.815 365.049
342.246 344.468 347.428
342.220 342.807 343.681
342.095 342.540 343.413
342.465 343.085 344.605
342.137 342.251 342.398
342.096 342.784 343.980
342.201 342.843 344.204
342.116 342.272 342.481
342.073 342.279 342.631
342.163 342.956 343.699
342.083 342.626 343.472
342.067 342.363 342.591
342.057 342.412 342.738
342.249 342.585 343.441
342.092 342.567 343.346
342.060 342.141 342.233
342.126 342.401 342.936
342.121 342.242 342.445
342.118 342.155 342.203
342.067 342.368 342.992
342.126 342.262 342.511
342.146 342.433 342.991
342.042 342.261 342.540
342.104 342.215 342.381
342.190 342.353 342.560
342.059 342.182 342.296
342.114 342.288 342.494
342.085 342.443 342.987
342.117 342.303 342.515
342.148 342.281 342.654
342.014 342.216 342.498
342.130 342.290 342.489
342.117 342.182 342.271
342.105 342.128 342.189
342.126 342.275 342.518
342.071 342.203 342.286
342.092 342.147 342.247
348.175 348.207 348.250
348.220 348.237 348.287
348.302 348.344 348.383
348.228 348.299 348.383
338.566 338.679 338.858
338.678 338.787 339.031
338.633 338.740 338.936
338.609 338.719 338.945
338.652 338.737 338.896
338.532 338.711 339.095
338.662 338.758 339.088
338.648 338.688 338.731
338.651 338.762 339.058
338.517 338.737 339.027
338.640 338.691 338.740
338.612 338.823 339.342
338.624 338.684 338.759
346.916 347.030 347.143
346.952 346.994 347.051
346.959 346.984 347.006
346.877 346.952 347.011
346.964 346.974 346.991
346.915 346.952 346.997
346.980 347.003 347.022
346.887 346.945 346.987
346.916 346.988 347.127
346.945 346.977 347.033
346.929 346.964 347.002
346.928 346.981 347.136
346.904 346.957 347.000
338.608 338.672 338.797
338.552 338.635 338.761
338.587 338.717 338.913
338.584 338.801 339.321
338.599 338.661 338.739
338.576 338.691 338.797
338.660 338.698 338.816
338.591 338.710 338.820
338.608 338.777 339.185
338.574 338.688 338.883
338.600 339.060 340.195
338.612 338.664 338.801
338.581 338.623 338.673
338.572 338.630 338.707
338.567 338.600 338.639
338.573 338.658 338.728
338.561 338.652 338.799
338.619 338.674 338.845
338.602 338.624 338.673
338.867 338.933 339.005
338.859 338.900 338.937
338.840 338.915 339.110
338.816 338.864 338.890
338.877 338.889 338.923
338.854 338.920 339.089
338.827 338.872 338.920
338.902 338.939 339.002
338.866 338.946 339.002
338.855 338.929 338.973
338.919 338.933 338.941
338.874 338.905 338.951
338.910 339.035 339.409
338.898 338.968 339.038
338.855 338.929 339.085
338.866 338.968 339.191
338.847 338.950 339.037
338.911 338.949 339.025
338.874 338.934 339.042
338.876 338.900 338.949
338.899 338.955 339.005
338.907 338.930 338.953
347.838 347.856 347.876
347.810 347.835 347.862
349.115 349.136 349.187
358.424 358.471 358.502
349.479 353.099 358.438
349.460 349.492 349.529
349.512 349.544 349.592
349.445 349.514 349.619
349.435 349.488 349.544
349.453 349.515 349.543
349.499 349.629 349.874
349.471 349.547 349.602
349.429 349.492 349.546
349.498 349.539 349.573
349.451 349.502 349.525
349.481 349.508 349.540
349.501 349.531 349.579
349.444 349.542 349.615
349.473 349.497 349.524
349.470 349.515 349.560
349.458 349.500 349.566
349.485 349.521 349.552
349.440 349.516 349.583
349.469 349.490 349.541
349.497 349.543 349.633
349.520 349.574 349.733
340.199 341.910 348.678
340.149 340.202 340.289
340.162 340.195 340.270
340.215 340.226 340.245
340.078 340.163 340.302
340.129 340.171 340.200
340.100 340.169 340.209
340.154 340.178 340.238
340.151 340.206 340.277
340.143 340.219 340.346
340.151 340.198 340.245
340.200 340.225 340.297
340.164 340.591 341.447
340.078 340.121 340.188
340.132 340.145 340.167
340.118 340.178 340.201
340.116 340.197 340.252
340.134 340.182 340.213
340.119 340.155 340.191
340.101 340.182 340.270
340.163 340.205 340.237
340.169 340.200 340.216
340.175 340.219 340.269
340.147 340.197 340.261
340.151 340.178 340.202
340.157 340.187 340.232
340.183 340.224 340.275
340.154 340.180 340.213
340.101 340.150 340.183
340.116 340.166 340.229
340.142 340.176 340.199
340.169 340.221 340.296
340.135 340.163 340.203
340.134 340.182 340.228
340.122 340.177 340.205
340.153 340.241 340.340
340.104 340.159 340.218
340.139 340.190 340.239
340.182 340.220 340.256
340.108 340.170 340.249
340.133 340.169 340.226
340.192 340.209 340.239
340.179 340.232 340.354
340.212 340.266 340.369
340.164 340.209 340.255
340.105 340.194 340.276
340.194 340.209 340.240
340.178 340.204 340.232
340.149 340.204 340.267
340.120 340.154 340.192
340.153 340.196 340.258
340.181 340.215 340.290
340.162 340.190 340.237
340.163 340.189 340.221
340.071 340.129 340.159
340.145 340.198 340.246
340.179 340.226 340.284
340.129 340.198 340.262
340.110 340.201 340.285
340.133 340.195 340.219
340.225 340.239 340.251
340.194 340.221 340.261
340.153 340.197 340.232
340.148 340.182 340.236
340.126 340.186 340.222
340.126 340.197 340.276
340.164 340.204 340.244
340.139 340.190 340.265
340.184 340.218 340.291
340.181 340.279 340.636
340.180 340.226 340.306
340.193 340.221 340.262
340.145 340.190 340.267
340.155 340.202 340.236
340.209 340.238 340.261
340.107 340.168 340.199
340.158 340.195 340.250
340.065 340.154 340.212
340.217 340.237 340.258
340.121 340.192 340.299
340.082 340.134 340.176
340.181 340.225 340.274
340.156 340.219 340.289
340.131 340.158 340.206
340.145 340.166 340.186
340.222 340.249 340.264
340.079 340.141 340.195
340.130 340.181 340.221
340.113 340.154 340.177
340.144 340.185 340.238
340.167 340.194 340.216
340.105 340.211 340.479
340.132 340.153 340.195
340.119 340.153 340.200
340.149 340.206 340.249
340.110 340.155 340.188
340.128 340.164 340.202
340.142 340.164 340.215
340.078 340.137 340.197
340.135 340.181 340.244
340.082 340.171 340.279
340.116 340.180 340.240
340.118 340.348 341.197
340.047 340.139 340.188
340.136 340.159 340.184
340.093 340.160 340.244
340.066 340.126 340.177
340.103 340.136 340.173
340.137 340.175 340.219
340.148 340.223 340.376
340.092 340.139 340.190
340.122 340.146 340.197
340.141 340.185 340.231
340.077 340.162 340.227
340.110 340.163 340.234
340.115 340.167 340.212
340.124 340.181 340.222
340.031 340.121 340.172
340.083 340.346 341.220
340.153 340.181 340.201
340.164 340.224 340.284
340.130 340.155 340.182
340.118 340.165 340.204
340.124 340.179 340.238
340.175 340.192 340.225
340.102 340.152 340.184
340.126 340.168 340.221
340.151 340.179 340.218
340.117 340.155 340.219
340.112 340.145 340.188
340.078 340.172 340.230
340.166 340.200 340.226
340.149 340.185 340.229
340.144 340.161 340.180
340.117 340.163 340.210
340.138 340.173 340.203
340.133 340.167 340.198
340.132 340.173 340.225
340.137 340.164 340.195
340.140 340.182 340.253
340.093 340.150 340.223
340.097 340.128 340.158
340.155 340.202 340.234
340.124 340.157 340.189
340.141 340.171 340.235
340.093 340.133 340.160
340.112 340.174 340.225
340.062 340.112 340.150
340.105 340.306 340.936
340.176 340.206 340.237
340.159 340.211 340.254
340.106 340.133 340.158
340.106 340.151 340.198
340.151 340.183 340.256
340.090 340.142 340.177
340.123 340.152 340.199
340.054 340.157 340.224
340.215 340.381 340.873
340.107 340.138 340.175
340.086 340.148 340.175
340.185 340.237 340.281
340.181 340.211 340.302
340.121 340.171 340.283
340.139 340.182 340.270
340.161 340.219 340.275
340.135 340.169 340.204
340.157 340.191 340.216
340.135 340.157 340.193
340.207 340.237 340.253
340.151 340.185 340.234
340.135 340.185 340.247
340.184 340.227 340.296
340.185 340.232 340.281
340.128 340.218 340.348
340.155 340.193 340.247
340.119 340.240 340.525
340.155 340.191 340.241
340.139 340.176 340.248
340.105 340.184 340.240
340.174 340.234 340.350
340.150 340.185 340.228
340.146 340.167 340.213
340.122 340.142 340.163
340.203 340.241 340.340
340.137 340.219 340.282
340.135 340.164 340.182
340.145 340.167 340.190
340.169 340.218 340.253
340.128 340.144 340.166
340.105 340.164 340.208
340.135 340.202 340.233
340.096 340.156 340.184
340.118 340.154 340.210
340.130 340.151 340.175
340.214 340.230 340.246
340.144 340.180 340.212
340.145 340.206 340.345
349.434 349.484 349.520
349.521 349.567 349.631
349.469 349.500 349.547
349.498 349.515 349.542
349.526 349.564 349.634
349.411 349.487 349.539
349.444 349.523 349.710
349.424 349.494 349.546
349.530 349.583 349.644
349.501 349.555 349.633
349.487 349.533 349.625
349.493 349.528 349.560
349.508 349.535 349.567
349.486 349.502 349.516
349.435 349.507 349.565
349.473 349.567 349.677
349.457 349.521 349.592
349.453 349.501 349.549
349.494 349.538 349.577
349.474 349.532 349.647
349.463 349.528 349.624
349.451 349.499 349.548
349.474 349.520 349.574
349.524 349.539 349.566
349.456 349.491 349.549
349.449 349.495 349.539
349.412 349.486 349.555
349.412 349.477 349.528
349.468 349.490 349.543
349.476 349.528 349.580
349.480 349.523 349.635
349.484 349.527 349.562
349.511 349.542 349.579
349.490 349.557 349.630
349.473 349.520 349.600
349.497 349.549 349.609
349.461 349.513 349.562
340.153 340.200 340.301
340.202 340.225 340.274
340.152 340.213 340.345
340.103 340.177 340.272
340.205 340.244 340.299
340.194 340.247 340.320
340.094 340.285 340.879
340.152 340.166 340.190
340.156 340.204 340.246
340.100 340.201 340.253
340.136 340.203 340.296
340.204 340.219 340.248
340.210 340.280 340.337
340.131 340.183 340.246
340.143 340.172 340.214
340.122 340.264 340.411
340.171 340.202 340.233
340.130 340.178 340.217
340.118 340.169 340.230
340.177 340.217 340.268
340.228 340.260 340.315
340.132 340.177 340.255
340.137 340.182 340.232
340.206 340.260 340.302
340.229 340.252 340.326
340.173 340.200 340.233
340.159 340.190 340.214
340.191 340.231 340.328
340.170 340.234 340.357
340.174 340.205 340.250
340.146 340.169 340.208
340.126 340.273 340.435
340.160 340.221 340.282
340.142 340.202 340.255
340.114 340.192 340.244
340.214 340.247 340.299
340.136 340.206 340.381
340.192 340.219 340.245
340.143 340.160 340.184
340.195 340.242 340.278
340.165 340.216 340.286
340.205 340.255 340.306
340.119 340.227 340.323
340.157 340.207 340.248
340.107 340.171 340.218
340.123 340.157 340.206
340.127 340.183 340.307
340.147 340.231 340.286
340.195 340.243 340.318
340.131 340.184 340.223
340.193 340.214 340.245
340.132 340.282 340.605
340.132 340.153 340.186
340.098 340.181 340.247
340.171 340.255 340.310
340.184 340.237 340.283
340.101 340.206 340.311
340.149 340.178 340.240
340.188 340.228 340.256
340.169 340.206 340.231
340.075 340.148 340.214
340.120 340.169 340.212
340.157 340.233 340.379
340.233 340.269 340.325
340.156 340.244 340.304
340.120 340.200 340.305
340.161 340.212 340.250
340.134 340.194 340.231
340.213 340.269 340.308
340.143 340.208 340.269
340.144 340.212 340.270
340.182 340.285 340.399
340.176 340.303 340.521
340.127 340.171 340.205
340.130 340.196 340.283
340.195 340.217 340.287
340.148 340.209 340.257
340.122 340.205 340.318
340.166 340.213 340.265
340.195 340.260 340.370
340.211 340.257 340.313
340.181 340.246 340.287
340.135 340.444 341.547
340.134 340.194 340.306
340.194 340.300 340.462
340.142 340.192 340.309
340.139 340.190 340.323
340.207 340.261 340.322
340.218 340.271 340.326
340.155 340.187 340.234
340.219 340.237 340.259
340.168 340.259 340.367
340.122 340.198 340.301
340.177 340.462 341.286
340.296 340.354 340.440
340.195 340.244 340.334
340.223 340.268 340.317
340.165 340.213 340.280
340.232 340.283 340.364
340.211 340.282 340.454
340.641 341.538 342.583
342.688 342.856 342.919
342.690 342.816 342.930
342.377 342.602 342.762
342.421 342.715 342.877
342.359 342.644 342.894
342.708 342.786 342.913
340.176 340.268 340.424
340.075 340.113 340.167
340.064 340.114 340.167
340.068 340.090 340.128
340.082 340.114 340.155
340.001 340.070 340.151
340.062 340.132 340.252
340.123 340.142 340.208
340.080 340.144 340.209
340.048 340.080 340.140
340.034 340.064 340.120
340.082 340.279 340.616
340.042 340.179 340.387
339.994 340.089 340.127
340.025 340.057 340.102
340.056 340.103 340.204
340.045 340.085 340.125
340.052 340.151 340.259
340.056 340.086 340.168
340.022 340.151 340.285
340.021 340.103 340.227
340.015 340.063 340.115
340.072 340.145 340.179
340.031 340.084 340.130
340.032 340.115 340.191
340.089 340.133 340.217
340.075 340.137 340.212
340.020 340.071 340.148
340.013 340.074 340.110
340.082 340.156 340.239
340.034 340.088 340.126
340.017 340.109 340.155
340.042 340.123 340.173
340.001 340.028 340.063
340.109 340.133 340.181
340.000 340.082 340.146
340.050 340.131 340.190
340.049 340.150 340.293
340.023 340.052 340.087
340.107 340.145 340.226
340.061 340.123 340.190
340.060 340.107 340.188
340.040 340.060 340.089
340.086 340.122 340.170
340.032 340.132 340.181
340.009 340.064 340.109
340.052 340.115 340.175
340.081 340.156 340.243
340.000 340.048 340.154
340.002 340.069 340.223
340.080 340.143 340.235
340.057 340.092 340.132
340.136 340.155 340.198
340.022 340.104 340.224
340.127 340.191 340.248
340.158 340.177 340.191
340.134 340.199 340.241
340.137 340.201 340.234
340.032 340.096 340.203
340.062 340.099 340.175
340.120 340.142 340.175
340.005 340.111 340.190
340.083 340.116 340.160
340.016 340.075 340.147
340.120 340.185 340.232
340.091 340.116 340.149
340.024 340.081 340.152
340.089 340.109 340.135
340.068 340.120 340.170
340.059 340.114 340.174
340.016 340.084 340.208
340.083 340.135 340.179
340.063 340.091 340.133
340.026 340.110 340.247
340.014 340.045 340.061
340.069 340.109 340.151
340.075 340.119 340.171
340.088 340.118 340.178
340.011 340.074 340.147
340.052 340.072 340.093
340.073 340.126 340.170
340.064 340.070 340.077
340.060 340.150 340.245
340.062 340.124 340.181
340.088 340.150 340.266
340.036 340.079 340.136
340.097 340.132 340.168
340.100 340.116 340.136
340.042 340.073 340.098
340.077 340.090 340.124
340.071 340.125 340.183
340.020 340.058 340.080
340.056 340.118 340.245
340.039 340.062 340.094
340.000 340.086 340.128
340.045 340.074 340.144
340.038 340.117 340.227
340.035 340.100 340.139
340.042 340.066 340.125
340.025 340.087 340.148
340.124 340.133 340.144
340.068 340.175 340.309
340.104 340.839 343.617
340.063 340.132 340.251
340.092 340.147 340.230
340.058 340.100 340.138
340.073 340.112 340.163
340.089 340.123 340.148
340.114 340.132 340.149
340.032 340.092 340.169
340.077 340.102 340.139
340.053 340.094 340.123
340.144 340.292 340.597
340.060 340.126 340.194
340.093 340.196 340.525
340.066 340.108 340.143
340.007 340.037 340.092
340.009 340.067 340.167
340.035 340.054 340.075
340.026 340.133 340.335
340.020 340.088 340.131
339.986 340.056 340.146
340.053 340.075 340.105
340.047 340.068 340.093
340.083 340.113 340.164
340.031 340.100 340.130
340.056 340.080 340.122
340.081 340.125 340.165
340.005 340.088 340.197
340.035 340.055 340.082
340.068 340.094 340.119
340.069 340.086 340.107
340.038 340.059 340.099
340.033 340.084 340.137
340.029 340.064 340.099
340.060 340.108 340.188
340.063 340.092 340.139
340.051 340.104 340.154
340.091 340.120 340.152
340.057 340.113 340.184
340.084 340.117 340.207
340.090 340.123 340.185
340.058 340.123 340.189
340.112 340.125 340.153
340.067 340.103 340.146
340.038 340.073 340.094
340.081 340.093 340.109
340.006 340.290 341.281
340.007 340.086 340.150
340.035 340.072 340.110
340.038 340.074 340.105
339.935 340.045 340.132
340.068 340.091 340.119
340.100 340.123 340.178
340.076 340.092 340.109
340.041 340.082 340.130
340.011 340.133 340.285
340.049 340.096 340.145
340.018 340.158 340.465
340.063 340.094 340.156
339.935 340.064 340.120
340.026 340.143 340.282
340.047 340.085 340.128
340.103 340.126 340.150
340.032 340.079 340.154
340.055 340.087 340.131
340.072 340.089 340.124
340.110 340.167 340.310
340.090 340.158 340.205
340.081 340.157 340.312
340.085 340.104 340.176
340.031 340.146 340.309
340.091 340.124 340.172
340.043 340.187 340.285
340.054 340.129 340.187
340.045 340.115 340.231
340.041 340.193 340.347
340.047 340.108 340.232
340.034 340.244 340.944
340.077 340.127 340.194
339.965 340.115 340.471
340.065 340.097 340.157
340.043 340.081 340.115
339.975 340.060 340.122
340.048 340.081 340.111
340.041 340.088 340.158
340.073 340.125 340.185
340.040 340.129 340.190
340.064 340.148 340.276
340.049 340.111 340.182
340.057 340.099 340.164
340.081 340.112 340.184
339.980 340.075 340.130
340.075 340.145 340.172
340.065 340.103 340.137
340.008 340.086 340.147
340.001 340.083 340.173
340.036 340.076 340.195
339.997 340.097 340.185
340.049 340.135 340.287
340.037 342.428 345.131
340.046 340.520 341.627
342.191 348.367 351.681
340.051 345.550 348.900
340.490 343.043 348.774
340.036 340.659 342.086
340.062 340.154 340.285
340.079 340.374 340.791
340.220 341.421 343.647
342.033 345.203 346.876
349.653 354.494 356.607
347.734 350.252 353.447
344.416 351.653 356.040
349.989 353.131 356.000
350.870 353.707 356.381
350.667 353.147 355.457
348.089 350.071 352.491
340.065 341.080 342.051
340.090 345.292 353.426
340.060 340.535 342.178
343.518 346.389 353.133
341.858 347.274 359.017
344.420 351.031 354.930
349.796 353.326 356.253
344.026 347.993 356.636
340.388 342.256 345.225
350.080 351.593 354.952
351.543 354.589 356.551
346.051 350.924 354.526
350.768 352.393 355.153
345.351 351.636 355.448
352.885 354.784 355.612
350.659 352.830 356.141
345.367 351.018 355.531
347.940 351.672 354.197
347.054 349.174 352.189
352.634 353.937 355.515
350.243 352.972 356.214
340.292 341.934 345.163
340.170 342.101 345.643
340.099 341.310 343.942
343.132 345.754 350.161
340.635 345.685 353.456
348.322 349.740 351.089
340.986 342.990 345.221
340.261 340.899 342.731
340.049 340.798 341.960
340.156 340.276 340.437
340.281 341.204 344.495
340.970 345.016 349.250
349.918 354.001 356.044
340.719 349.803 354.910
351.799 354.635 356.089
352.640 354.090 356.015
353.225 354.370 355.460
352.601 353.942 355.478
344.916 351.909 354.783
351.867 354.536 357.503
351.351 354.414 357.076
350.265 352.988 354.261
350.735 354.515 356.259
351.672 353.393 355.711
355.527 355.703 355.936
353.281 354.907 355.854
352.699 354.529 355.813
355.455 355.893 356.120
354.564 356.657 362.040
351.791 353.752 355.420
352.888 354.853 356.750
350.124 353.770 356.613
350.521 353.240 355.564
349.858 352.422 355.587
350.382 353.873 357.543
352.857 355.000 356.098
353.105 355.010 356.826
354.849 355.441 356.310
353.573 355.496 357.047
353.779 355.181 357.232
352.531 354.823 356.648
352.192 355.681 359.324
354.179 355.183 356.696
365.924 377.126 385.179
355.312 363.566 375.498
368.430 378.307 385.883
370.059 383.707 400.514
360.343 369.185 379.518
367.687 382.120 395.585
355.745 365.566 373.402
358.198 371.249 381.937
355.544 361.219 370.619
353.444 355.624 358.447
355.292 363.095 374.645
355.485 360.023 363.473
353.250 355.507 357.174
354.575 355.752 356.392
353.243 354.928 356.108
355.324 355.830 356.182
353.948 354.753 356.272
357.872 362.953 370.768
351.142 354.975 357.068
352.547 354.090 355.885
353.052 354.278 356.561
355.255 356.561 358.408
353.687 354.650 356.172
353.879 355.513 357.280
351.467 355.650 360.746
350.973 364.712 380.369
345.853 352.128 356.439
348.228 351.877 355.868
347.656 351.076 353.787
340.299 342.460 346.184
341.786 348.438 354.577
340.075 341.901 345.139
340.137 346.251 352.150
342.686 343.078 343.486
340.222 341.423 343.437
340.984 342.436 344.563
340.200 344.600 349.803
340.296 341.318 342.512
340.315 344.310 350.272
342.579 346.931 351.553
343.846 348.401 351.757
346.189 350.246 355.657
341.500 348.553 356.048
340.141 344.978 350.823
340.026 340.252 340.401
340.118 341.450 343.817
340.123 340.367 340.797
340.074 341.038 342.847
340.020 340.378 340.757
340.090 341.012 343.766
340.057 343.182 349.456
340.077 340.346 340.747
340.094 340.318 340.915
340.085 340.355 340.615
340.163 341.424 345.993
340.194 340.461 340.799
341.203 342.818 344.808
340.191 342.714 350.415
341.061 342.575 345.822
340.494 341.134 343.184
340.125 340.562 341.718
340.186 340.917 341.860
340.122 340.664 340.905
340.038 340.860 343.514
340.018 340.194 340.475
340.275 340.549 341.203
340.008 340.144 340.296
340.023 340.150 340.396
340.093 340.136 340.189
340.043 340.279 341.074
340.106 340.251 340.605
340.219 340.871 342.851
340.042 340.577 341.774
339.996 342.162 345.780
342.588 344.583 347.569
340.719 341.538 342.783
340.094 340.768 341.268
340.107 341.249 342.983
340.075 340.412 340.721
340.028 340.118 340.268
340.058 340.089 340.134
340.024 340.058 340.134
340.041 340.168 340.455
339.983 340.217 340.632
340.080 340.188 340.284
340.102 340.299 340.636
340.175 340.626 341.954
340.064 340.283 340.993
340.115 340.282 340.601
340.083 340.201 340.425
340.122 340.186 340.216
340.087 340.121 340.171
340.155 340.243 340.353
340.112 340.309 340.558
340.074 340.174 340.339
340.035 340.115 340.208
340.056 340.119 340.215
340.047 340.182 340.461
340.070 340.158 340.315
340.085 340.113 340.162
340.109 340.170 340.235
340.137 340.192 340.237
340.157 340.230 340.404
340.126 340.265 340.625
340.072 340.265 340.671
340.075 340.121 340.210
340.082 340.136 340.182
340.031 340.095 340.149
340.011 340.111 340.218
340.105 340.254 340.637
340.137 340.188 340.234
340.115 340.152 340.221
340.051 340.085 340.117
340.055 340.093 340.110
340.058 340.094 340.144
340.000 340.069 340.107
340.099 340.133 340.200
340.014 340.075 340.151
340.058 340.089 340.158
340.081 340.120 340.166
340.061 340.111 340.149
340.025 340.059 340.099
340.104 340.175 340.369
340.126 340.144 340.162
340.048 340.082 340.115
340.100 340.127 340.197
340.067 340.100 340.146
340.024 340.054 340.084
340.078 340.099 340.128
340.045 340.098 340.141
340.069 340.098 340.132
340.042 340.093 340.183
340.067 340.109 340.160
340.073 340.102 340.133
340.051 340.077 340.111
340.038 340.122 340.182
340.078 340.108 340.178
340.100 340.129 340.169
340.060 340.090 340.127
340.086 340.106 340.143
340.056 340.092 340.129
340.039 340.068 340.096
340.032 340.107 340.194
340.101 340.133 340.189
340.079 340.131 340.171
340.072 340.128 340.179
340.073 340.098 340.132
340.048 340.075 340.105
340.010 340.075 340.105
340.094 340.119 340.152
340.101 340.134 340.159
340.059 340.095 340.135
340.030 340.103 340.173
340.083 340.104 340.134
340.049 340.067 340.108
340.058 340.084 340.151
340.069 340.106 340.175
340.073 340.102 340.137
340.019 340.059 340.085
340.077 340.141 340.186
340.044 340.087 340.123
340.060 340.102 340.149
340.028 340.064 340.108
339.974 340.078 340.150
340.041 340.087 340.130
340.058 340.075 340.088
340.095 340.119 340.153
340.046 340.094 340.163
340.035 340.074 340.134
339.988 340.061 340.098
340.037 340.087 340.146
340.057 340.083 340.120
340.036 340.091 340.134
340.016 340.100 340.155
340.003 340.098 340.159
340.043 340.056 340.071
340.060 340.110 340.164
340.022 340.054 340.108
340.027 340.064 340.121
340.033 340.065 340.106
340.043 340.107 340.275
340.046 340.066 340.086
340.078 340.086 340.101
340.095 340.112 340.127
340.103 340.122 340.166
340.036 340.064 340.096
340.050 340.087 340.123
340.026 340.066 340.092
340.045 340.099 340.249
340.062 340.106 340.147
340.025 340.105 340.162
340.045 340.061 340.094
340.013 340.046 340.090
340.036 340.082 340.155
340.006 340.065 340.109
340.022 340.058 340.101
340.021 340.052 340.091
340.057 340.083 340.129
340.064 340.103 340.128
340.060 340.088 340.157
340.103 340.127 340.143
340.077 340.147 340.303
339.996 340.096 340.308
340.082 340.141 340.344
340.021 340.094 340.144
340.048 340.088 340.145
340.059 340.090 340.124
340.029 340.088 340.138
340.071 340.094 340.158
340.040 340.088 340.126
340.069 340.096 340.129
340.039 340.066 340.100
340.010 340.043 340.103
340.054 340.080 340.124
339.971 340.031 340.058
340.045 340.076 340.091
340.045 340.064 340.102
340.117 340.145 340.221
340.038 340.122 340.248
340.074 340.102 340.145
340.052 340.138 340.330
339.987 340.061 340.117
340.020 340.054 340.110
340.027 340.137 340.411
340.010 340.067 340.108
339.992 340.046 340.073
339.987 340.055 340.125
340.029 340.066 340.120
339.982 340.071 340.129
340.046 340.075 340.099
340.036 340.063 340.101
340.026 340.099 340.258
340.019 340.065 340.100
339.984 340.046 340.103
340.057 340.072 340.093
340.007 340.048 340.079
340.041 340.184 340.559
340.051 340.071 340.095
340.024 340.067 340.113
340.049 340.069 340.095
339.985 340.055 340.101
340.025 340.161 340.578
340.005 340.033 340.073
340.040 340.109 340.169
334.311 334.427 334.555
334.284 334.340 334.465
334.279 334.332 334.382
334.271 334.304 334.353
334.280 334.355 334.430
334.287 334.323 334.366
334.264 334.317 334.399
334.275 334.292 334.304
334.257 334.301 334.348
334.299 334.400 334.708
334.269 334.324 334.364
334.288 334.346 334.384
334.291 334.311 334.324
334.275 334.301 334.342
334.280 334.314 334.388
339.995 340.027 340.057
340.083 340.106 340.121
340.090 340.101 340.119
340.033 340.071 340.098
340.029 340.190 340.712
339.981 340.033 340.105
340.033 340.083 340.128
340.011 340.384 341.748
340.049 340.092 340.149
340.064 340.092 340.120
340.081 340.145 340.299
340.016 340.068 340.149
340.039 340.103 340.162
340.029 340.060 340.130
340.030 340.056 340.086
339.969 340.017 340.107
340.030 340.091 340.135
340.026 340.104 340.186
339.991 340.002 340.017
339.996 340.060 340.140
340.023 340.063 340.122
340.024 340.076 340.118
340.030 340.063 340.092
340.068 340.094 340.135
340.077 340.115 340.170
340.038 340.067 340.094
340.018 340.081 340.148
340.033 340.061 340.080
339.973 340.058 340.129
339.994 340.040 340.070
340.024 340.124 340.403
339.973 340.028 340.065
339.982 340.027 340.064
340.005 340.027 340.048
340.119 340.217 340.275
340.111 340.184 340.239
340.068 340.162 340.276
339.995 340.135 340.222
340.120 340.189 340.214
340.106 340.192 340.295
340.080 340.154 340.180
340.183 340.234 340.273
340.032 340.167 340.205
340.064 340.150 340.233
340.009 340.091 340.188
340.056 340.163 340.278
340.041 340.107 340.191
340.092 340.198 340.250
340.143 340.214 340.307
340.026 340.084 340.145
340.120 340.184 340.245
340.159 340.195 340.240
340.154 340.188 340.234
340.141 340.227 340.317
340.097 340.131 340.156
340.076 340.162 340.233
340.166 340.957 344.005
340.039 340.125 340.184
340.147 340.205 340.259
340.031 340.130 340.203
340.088 340.147 340.218
340.017 340.149 340.268
340.077 340.173 340.271
340.005 340.182 340.437
340.069 340.145 340.233
340.053 340.136 340.202
340.075 340.132 340.194
340.147 340.215 340.257
340.017 340.185 340.608
340.102 340.162 340.200
340.144 340.193 340.234
340.106 340.126 340.157
340.105 340.196 340.249
340.025 340.128 340.209
340.133 340.151 340.198
340.095 340.163 340.222
340.069 340.203 340.287
340.097 340.181 340.320
340.033 340.126 340.212
340.064 340.165 340.237
340.051 340.117 340.213
340.065 340.148 340.237
340.021 340.143 340.246
340.151 340.186 340.234
340.048 340.082 340.119
340.115 340.175 340.315
340.118 340.187 340.241
340.049 340.092 340.129
340.032 340.082 340.194
340.069 340.144 340.226
340.083 340.129 340.186
340.050 340.126 340.183
340.052 340.078 340.098
340.023 340.056 340.093
340.010 340.049 340.102
340.001 340.061 340.116
340.027 340.105 340.245
339.997 340.046 340.087
339.977 340.038 340.064
339.986 340.024 340.046
340.011 340.099 340.140
340.065 340.102 340.142
340.029 340.078 340.135
340.063 340.078 340.097
340.065 340.101 340.180
340.064 340.104 340.162
340.014 340.100 340.214
340.023 340.075 340.121
340.098 340.119 340.162
340.042 340.164 340.564
340.054 340.194 340.704
340.037 340.072 340.101
340.062 340.101 340.116
340.055 340.096 340.164
340.049 340.076 340.114
340.043 340.115 340.225
340.010 340.062 340.132
340.027 340.117 340.173
340.095 340.122 340.203
340.047 340.095 340.151
340.039 340.074 340.123
340.045 340.122 340.154
340.057 340.087 340.122
340.047 340.089 340.123
340.085 340.132 340.240
340.107 340.124 340.151
340.048 340.078 340.130
340.047 340.080 340.110
340.061 340.113 340.218
339.979 340.047 340.103
340.031 340.075 340.178
340.047 340.131 340.280
339.977 340.037 340.081
340.009 340.177 340.637
340.067 340.108 340.145
340.029 340.072 340.108
340.055 340.081 340.103
339.990 340.047 340.095
340.045 340.212 340.693
340.083 340.165 340.425
340.006 340.039 340.067
340.036 340.071 340.101
340.031 340.056 340.076
340.078 340.129 340.203
340.070 340.125 340.177
339.956 340.065 340.240
339.985 340.033 340.092
340.007 340.072 340.108
340.092 340.127 340.167
340.094 340.384 341.437
340.055 340.079 340.127
339.994 340.072 340.170
340.035 340.103 340.180
340.006 340.064 340.183
340.060 340.083 340.124
340.080 340.104 340.128
340.081 340.144 340.288
340.061 340.134 340.261
340.027 340.074 340.120
339.992 340.061 340.123
340.102 340.123 340.146
340.104 340.148 340.178
340.002 340.053 340.105
339.992 340.030 340.067
340.044 340.063 340.086
340.077 340.113 340.158
340.037 340.075 340.121
340.009 340.073 340.211
340.077 340.120 340.164
340.050 340.083 340.125
340.044 340.075 340.167
340.043 340.083 340.110
340.101 340.167 340.270
340.015 340.052 340.078
340.078 340.112 340.206
340.035 340.122 340.263
340.068 340.132 340.245
340.093 340.120 340.153
340.035 340.095 340.173
340.055 340.113 340.209
340.001 340.102 340.210
340.037 340.104 340.166
340.048 340.085 340.119
340.052 340.079 340.141
340.110 340.164 340.182
340.084 340.226 340.564
339.981 340.110 340.230
340.079 340.152 340.238
340.057 340.098 340.140
340.084 340.132 340.163
340.060 340.086 340.117
340.077 340.111 340.143
340.060 340.106 340.210
340.020 340.117 340.155
340.089 340.337 341.210
340.061 340.076 340.119
340.022 340.084 340.179
340.029 340.093 340.131
340.055 340.121 340.192
340.052 340.129 340.162
340.102 340.153 340.199
340.096 340.191 340.245
340.023 340.081 340.137
340.042 340.072 340.092
340.056 340.091 340.141
340.109 340.199 340.338
340.088 340.160 340.224
340.025 340.096 340.192
340.042 340.122 340.205
340.118 340.160 340.215
340.086 340.134 340.215
340.032 340.070 340.122
340.068 340.111 340.205
340.065 340.089 340.111
339.982 340.069 340.187
340.116 340.186 340.379
340.117 340.140 340.172
340.074 340.121 340.210
340.013 340.095 340.134
340.070 340.127 340.164
340.097 340.136 340.264
340.106 340.146 340.177
340.117 340.134 340.163
340.042 340.155 340.255
340.095 340.168 340.255
340.114 340.412 341.223
340.078 340.137 340.228
340.100 340.149 340.195
340.086 340.190 340.271
339.987 340.097 340.214
340.020 340.158 340.289
340.070 340.158 340.213
340.094 340.156 340.256
340.101 340.130 340.182
340.098 340.151 340.263
340.069 340.147 340.273
340.092 340.128 340.223
340.043 340.107 340.176
340.102 340.213 340.364
340.140 340.231 340.308
340.104 340.148 340.193
340.096 340.128 340.155
340.013 340.088 340.156
340.087 340.107 340.149
340.080 340.131 340.182
340.053 340.117 340.143
340.110 340.164 340.219
340.104 340.236 340.497
340.114 340.156 340.208
340.058 340.145 340.242
340.037 340.099 340.157
340.127 340.220 340.327
340.103 340.239 340.421
340.047 340.116 340.250
340.060 340.100 340.154
340.078 340.111 340.174
340.041 340.060 340.102
340.155 340.256 340.382
340.105 340.168 340.222
340.051 340.161 340.269
340.072 340.158 340.315
340.087 340.439 341.304
340.092 340.163 340.324
340.063 340.148 340.224
340.031 341.161 344.014
340.101 340.181 340.321
340.017 340.303 340.927
340.055 340.110 340.222
340.124 340.219 340.324
340.180 340.277 340.438
340.106 340.395 341.146
340.286 340.702 341.113
340.071 341.265 344.092
340.095 340.819 342.077
340.117 340.625 341.455
340.092 340.358 340.899
340.053 340.076 340.150
340.019 340.183 340.479
340.039 340.126 340.351
340.097 340.178 340.243
340.079 340.162 340.234
340.055 340.144 340.192
340.066 340.113 340.136
340.115 340.181 340.283
340.111 340.208 340.272
340.102 340.369 341.043
340.043 340.110 340.203
340.137 340.220 340.444
340.124 340.162 340.240
340.059 340.314 341.206
340.123 340.696 341.524
340.064 340.236 340.725
340.066 340.114 340.170
340.014 340.183 340.506
340.025 340.175 340.488
340.106 340.215 340.396
340.078 340.168 340.342
340.059 340.307 340.490
340.142 340.177 340.244
340.037 340.174 340.255
340.092 340.170 340.349
340.068 340.163 340.235
340.054 340.119 340.195
340.051 341.522 343.966
340.116 340.236 340.391
340.149 340.714 342.013
340.019 340.096 340.157
341.098 342.507 343.877
340.359 342.277 345.555
340.090 340.763 341.654
347.185 351.018 355.073
340.065 340.216 340.485
342.082 344.719 346.664
340.137 342.051 346.717
340.092 340.407 341.463
340.083 341.115 342.708
340.088 340.809 342.020
340.080 340.278 340.443
340.242 340.613 341.466
340.168 340.355 340.989
340.058 340.598 341.130
340.045 340.364 341.325
340.676 341.524 342.289
340.133 340.154 340.173
340.070 340.883 343.194
340.204 340.348 340.727
340.025 341.629 344.356
340.100 344.143 354.298
340.011 340.154 340.633
340.090 340.136 340.173
340.060 340.132 340.253
340.068 340.101 340.183
340.064 340.088 340.117
340.055 340.111 340.183
340.097 340.184 340.248
340.056 340.106 340.136
340.035 340.111 340.219
340.055 340.095 340.129
340.007 340.069 340.202
340.112 340.183 340.306
340.089 340.191 340.280
340.076 340.106 340.149
340.054 340.090 340.160
340.035 340.378 341.524
340.085 340.482 341.582
340.073 340.174 340.284
340.036 340.810 342.666
340.018 340.276 341.121
340.002 340.563 341.168
340.104 340.224 340.547
340.100 340.125 340.155
340.046 340.197 340.486
340.092 340.197 340.331
340.095 340.318 340.695
340.154 341.389 342.298
340.115 340.307 340.591
340.146 341.406 344.338
340.108 342.486 345.912
340.068 340.804 341.997
340.654 347.789 351.963
344.598 347.847 350.426
340.175 341.008 342.605
347.680 350.233 351.814
345.491 350.072 353.543
342.271 348.132 354.189
345.797 348.009 350.683
345.166 347.442 348.843
339.973 340.270 340.525
340.835 341.948 344.461
340.204 340.643 341.662
340.132 340.585 341.286
340.006 340.093 340.173
340.118 340.763 341.213
340.094 340.296 340.621
340.149 340.247 340.610
340.154 340.589 341.509
340.301 342.705 344.833
346.433 349.655 353.225
340.170 342.773 345.376
347.760 351.017 353.219
340.290 342.431 346.639
348.659 351.184 354.539
346.974 352.876 355.990
350.134 352.795 357.566
345.092 348.396 351.817
341.743 350.330 352.926
340.049 346.367 349.121
344.483 350.564 356.206
340.127 341.516 343.652
340.060 340.480 341.266
344.314 347.293 349.524
343.638 346.506 348.692
347.373 349.371 351.986
344.873 349.214 353.757
345.095 347.866 353.600
340.058 340.314 340.716
341.654 342.747 345.071
340.098 340.371 341.069
340.259 340.492 341.348
340.154 340.732 341.702
340.048 340.228 340.385
340.141 340.296 340.598
340.057 340.844 342.500
340.018 341.569 345.056
340.104 342.954 347.773
340.090 340.412 340.967
341.142 346.466 348.614
340.775 341.972 343.229
348.703 353.894 356.299
349.172 356.477 374.952
351.913 354.449 356.616
353.063 353.623 354.675
349.726 353.877 356.142
350.193 353.015 355.083
342.648 346.851 351.287
346.100 347.916 351.261
340.599 342.512 344.413
340.879 342.832 345.534
340.181 343.652 347.622
345.567 351.339 353.888
341.680 344.784 347.911
348.653 352.085 354.941
340.101 340.968 342.037
340.075 340.415 341.486
342.596 347.316 350.790
340.854 343.396 348.989
340.539 343.491 346.144
349.106 352.263 354.070
348.701 353.024 356.252
346.472 351.826 356.023
349.443 353.109 356.443
353.407 354.482 356.527
351.334 354.781 356.827
352.849 354.738 355.747
340.894 346.816 354.398
340.091 344.009 348.036
340.009 340.313 340.728
350.214 351.850 355.275
342.045 349.424 351.888
352.923 354.575 356.583
351.511 354.534 356.040
349.953 351.438 353.610
347.197 353.879 356.138
346.739 352.107 356.123
348.792 353.141 355.968
351.042 352.527 355.632
352.516 354.084 355.777
350.119 351.818 354.349
346.446 351.417 354.460
352.833 354.881 356.445
352.836 354.569 355.284
348.855 354.479 356.597
350.813 354.648 356.571
347.977 350.983 353.361
351.163 353.858 356.341
353.647 355.232 356.345
349.196 353.728 356.403
349.692 353.675 356.160
349.100 353.006 356.258
350.840 353.541 356.494
350.983 354.942 359.121
348.191 352.510 355.314
350.125 352.902 355.302
353.475 354.756 355.892
355.070 355.389 355.624
353.504 355.404 356.465
353.044 354.310 356.404
352.153 353.353 354.611
353.246 354.807 356.239
353.355 355.326 356.363
350.425 352.670 353.778
351.422 354.094 356.326
349.841 354.176 356.376
351.190 354.019 355.829
345.568 351.511 355.988
352.543 354.940 356.440
353.247 354.136 355.218
354.969 355.646 356.030
354.238 355.391 356.205
351.266 353.813 355.563
352.857 354.157 355.194
353.789 355.284 356.189
355.329 355.863 356.475
354.722 355.505 356.164
352.886 355.063 356.508
353.423 355.514 356.226
352.749 354.743 356.394
352.278 354.855 356.266
346.773 349.953 356.214
348.403 350.032 352.153
346.636 349.787 352.156
348.391 352.547 353.935
349.736 352.327 354.775
349.669 353.255 356.189
351.986 354.345 355.661
350.324 353.468 356.512
352.150 354.259 356.131
352.745 353.529 354.743
351.566 353.063 355.745
347.284 353.550 355.834
350.795 353.604 355.750
355.309 355.743 356.039
351.731 353.989 354.962
354.000 355.158 356.323
353.095 354.689 355.497
354.961 355.521 356.249
353.675 355.409 356.213
352.725 354.395 355.780
351.450 354.325 356.199
353.015 354.233 355.983
355.416 355.931 356.362
352.594 355.169 357.203
355.763 355.940 356.123
355.354 356.004 356.399
355.950 356.245 356.426
355.649 357.656 362.040
355.549 355.748 356.074
355.589 355.968 356.478
356.086 356.405 357.424
355.702 356.226 356.821
353.883 355.410 355.882
355.803 355.970 356.146
355.765 355.970 356.228
355.477 355.958 356.344
355.175 355.797 356.051
355.136 355.443 356.263
355.498 355.976 356.690
355.011 355.895 356.945
355.297 355.804 356.152
355.770 356.074 356.244
355.943 356.124 356.669
354.795 355.671 356.461
355.347 356.405 358.524
355.719 355.897 356.120
355.864 356.134 356.563
356.003 356.255 356.594
355.556 356.284 358.259
355.900 356.040 356.294
354.934 355.927 356.571
355.857 356.317 357.583
355.378 356.071 356.620
355.650 356.389 357.293
355.059 356.086 357.063
351.778 354.216 356.208
354.832 355.613 355.938
354.862 356.371 359.447
354.379 355.507 355.955
355.372 355.904 356.234
354.564 355.614 356.124
354.858 356.247 357.746
353.994 355.287 356.020
355.241 355.625 355.960
353.704 354.645 356.167
355.559 355.915 356.112
355.517 356.027 356.758
355.187 356.525 357.863
355.832 357.240 359.060
354.896 355.801 357.163
355.192 358.362 368.577
355.861 358.336 366.331
353.729 355.256 356.552
356.197 357.963 359.178
351.812 354.819 356.550
353.030 357.992 364.194
356.875 360.533 364.878
355.545 356.445 358.276
355.722 356.251 357.170
355.663 355.988 356.435
355.469 355.954 356.467
350.774 354.665 355.901
353.594 355.004 355.951
354.228 354.893 355.795
351.406 353.268 355.948
352.838 354.677 356.086
351.727 354.654 356.000
352.462 354.003 355.921
351.361 354.016 356.011
353.183 354.214 355.269
353.648 354.482 355.447
349.542 353.047 356.945
352.181 354.159 355.607
348.365 352.399 354.827
352.792 353.761 356.192
352.449 354.215 355.936
351.930 353.902 355.666
354.112 354.948 355.596
353.278 354.195 355.695
349.057 352.618 354.214
348.153 350.582 356.047
354.263 355.405 355.953
347.263 352.094 355.932
349.968 353.352 354.957
351.736 353.482 355.460
348.487 350.891 354.116
346.223 350.800 354.921
345.237 349.451 353.878
344.491 351.424 354.897
342.089 350.801 356.867
343.704 349.998 355.789
350.401 352.335 354.498
348.649 351.843 355.487
351.528 354.348 355.660
345.949 352.142 355.940
346.995 351.682 356.228
351.026 352.337 355.254
350.620 353.550 356.127
346.851 350.491 354.587
340.833 346.797 351.814
346.660 351.427 355.582
342.574 346.046 349.939
343.965 346.556 348.742
341.870 346.783 352.933
342.261 347.501 353.278
340.102 341.893 344.651
340.083 340.340 340.655
340.067 340.173 340.482
340.058 340.694 341.692
340.072 340.307 340.611
340.129 340.305 340.827
340.229 340.773 341.198
340.123 340.226 340.506
340.074 340.218 340.545
340.112 340.339 340.843
340.051 340.594 342.223
340.000 340.772 341.730
340.160 340.593 341.869
340.068 340.169 340.402
340.146 340.643 341.239
340.137 340.392 341.073
341.112 341.649 342.888
340.088 340.201 340.290
340.175 340.439 341.278
334.282 334.390 334.493
334.293 334.357 334.402
334.314 334.341 334.375
334.321 334.397 334.426
334.310 334.358 334.430
334.339 334.414 334.609
334.393 334.445 334.480
334.312 334.437 334.728
334.350 334.371 334.396
334.375 334.402 334.416
334.343 334.377 334.414
334.363 334.533 334.748
334.360 334.414 334.494
334.292 334.357 334.399
334.306 334.365 334.452
334.315 334.376 334.432
334.328 334.356 334.385
334.320 334.380 334.475
334.286 334.321 334.362
334.367 334.387 334.419
334.333 334.346 334.391
334.279 334.341 334.401
334.322 334.390 334.448
334.324 334.340 334.371
334.298 334.358 334.474
334.240 334.291 334.343
334.281 334.376 334.423
334.355 334.369 334.392
334.318 334.368 334.425
334.341 334.371 334.397
334.309 334.365 334.435
334.351 334.441 334.610
334.360 334.429 334.655
334.303 334.340 334.376
334.304 334.348 334.384
334.347 334.389 334.434
340.095 340.120 340.204
340.056 340.089 340.151
340.049 340.065 340.091
340.047 340.081 340.129
340.031 340.064 340.098
340.085 340.130 340.204
340.058 340.096 340.120
340.099 340.177 340.370
340.023 340.070 340.148
340.073 340.237 340.813
340.048 340.139 340.283
340.079 340.100 340.115
340.061 340.137 340.317
340.019 340.095 340.164
340.039 340.085 340.142
340.052 340.077 340.099
340.060 340.073 340.093
340.031 340.079 340.113
340.067 340.105 340.140
340.111 340.117 340.125
340.099 340.122 340.152
340.004 340.076 340.170
340.022 340.069 340.105
340.089 340.127 340.165
340.020 340.079 340.145
339.990 340.082 340.131
340.025 340.055 340.088
340.102 340.132 340.157
340.077 340.105 340.123
340.086 340.114 340.146
340.016 340.056 340.096
340.076 340.136 340.225
340.059 340.117 340.229
340.030 340.103 340.197
340.054 340.072 340.090
340.057 340.097 340.141
340.012 340.068 340.108
340.036 340.083 340.115
340.045 340.086 340.132
340.111 340.124 340.138
340.050 340.113 340.204
340.041 340.113 340.233
340.074 340.095 340.116
340.070 340.084 340.106
340.034 340.089 340.133
340.105 340.144 340.232
340.005 340.047 340.138
340.013 340.065 340.118
340.038 340.105 340.155
340.073 340.156 340.230
340.006 340.058 340.082
340.014 340.049 340.106
340.040 340.067 340.112
340.083 340.105 340.121
340.109 340.135 340.165
339.997 340.053 340.108
340.038 340.079 340.152
340.065 340.093 340.124
340.011 340.059 340.098
340.043 340.108 340.177
340.067 340.118 340.181
340.051 340.067 340.100
340.003 340.047 340.070
339.995 340.042 340.065
340.095 340.111 340.144
339.999 340.108 340.168
339.988 340.077 340.150
340.049 340.073 340.094
340.070 340.087 340.108
340.057 340.109 340.173
340.083 340.105 340.135
340.032 340.073 340.106
340.051 340.085 340.102
340.054 340.085 340.136
340.009 340.075 340.120
339.996 340.037 340.097
340.039 340.075 340.144
340.046 340.085 340.110
340.064 340.137 340.243
340.087 340.110 340.173
340.052 340.094 340.130
340.071 340.098 340.114
340.074 340.102 340.127
340.064 340.107 340.127
340.055 340.088 340.110
340.045 340.085 340.142
340.061 340.084 340.108
340.058 340.121 340.179
340.088 340.143 340.192
340.085 340.129 340.187
340.014 340.123 340.228
340.031 340.079 340.161
340.057 340.099 340.143
340.051 340.083 340.141
340.072 340.144 340.208
340.122 340.144 340.187
340.032 340.064 340.097
340.066 340.289 341.119
340.051 340.073 340.134
340.047 340.073 340.107
340.075 340.108 340.145
340.086 340.121 340.146
339.993 340.060 340.129
340.042 340.068 340.092
340.049 340.098 340.151
340.076 340.106 340.128
340.047 340.076 340.120
340.024 340.085 340.168
340.003 340.065 340.093
339.996 340.076 340.158
340.066 340.121 340.157
339.981 340.098 340.171
340.012 340.042 340.074
340.030 340.062 340.090
339.995 340.089 340.171
340.003 340.064 340.109
340.029 340.112 340.162
340.078 340.122 340.156
340.015 340.081 340.131
340.088 340.112 340.146
340.048 340.086 340.130
340.048 340.079 340.109
340.051 340.088 340.120
340.069 340.143 340.196
340.073 340.130 340.193
340.046 340.113 340.209
340.050 340.088 340.166
340.001 340.049 340.074
339.992 340.086 340.168
339.989 340.047 340.114
340.036 340.066 340.093
340.075 340.117 340.161
340.055 340.113 340.167
340.007 340.056 340.097
340.106 340.136 340.175
340.009 340.052 340.112
340.054 340.073 340.104
340.045 340.098 340.138
339.997 340.058 340.102
340.027 340.080 340.129
339.999 340.052 340.115
340.047 340.143 340.443
340.072 340.096 340.132
340.074 340.089 340.114
340.077 340.113 340.173
340.015 340.068 340.118
340.004 340.069 340.110
340.004 340.055 340.099
340.037 340.127 340.196
340.082 340.110 340.158
340.013 340.069 340.121
340.000 340.073 340.115
340.012 340.097 340.190
340.057 340.096 340.181
340.065 340.101 340.124
340.052 340.077 340.100
340.050 340.077 340.109
340.045 340.077 340.124
340.050 340.114 340.170
340.044 340.106 340.161
339.991 340.071 340.112
339.992 340.061 340.129
339.971 340.055 340.105
340.077 340.111 340.148
340.051 340.064 340.080
339.988 340.058 340.161
340.037 340.060 340.099
339.996 340.028 340.072
340.082 340.100 340.130
340.054 340.107 340.154
340.000 340.070 340.122
340.022 340.054 340.080
340.021 340.054 340.107
340.026 340.071 340.093
340.019 340.082 340.109
340.016 340.056 340.081
339.999 340.099 340.211
340.036 340.081 340.106
340.050 340.244 340.893
340.035 340.064 340.081
340.035 340.055 340.093
340.029 340.060 340.091
340.002 340.066 340.133
340.053 340.304 341.153
340.075 340.112 340.166
340.008 340.121 340.471
340.041 340.069 340.092
340.010 340.036 340.053
340.041 340.082 340.115
340.051 340.065 340.079
340.019 340.051 340.121
339.963 340.030 340.080
340.067 340.089 340.134
340.048 340.093 340.132
340.044 340.068 340.111
339.979 340.034 340.083
340.049 340.080 340.112
340.062 340.088 340.118
340.039 340.074 340.107
340.002 340.031 340.067
340.005 340.033 340.072
340.075 340.093 340.121
340.060 340.101 340.179
340.020 340.056 340.086
340.058 340.119 340.205
339.994 340.066 340.106
340.005 340.058 340.154
339.990 340.030 340.051
340.027 340.064 340.100
340.026 340.046 340.101
340.034 340.080 340.101
339.990 340.060 340.123
340.063 340.097 340.118
340.021 340.052 340.078
339.968 340.034 340.109
340.126 340.147 340.188
340.031 340.083 340.188
340.051 340.072 340.116
339.985 340.061 340.132
340.028 340.089 340.158
340.042 340.096 340.231
340.018 340.074 340.183
340.013 340.096 340.175
340.021 340.112 340.336
340.039 340.076 340.115
339.991 340.075 340.169
340.033 340.094 340.154
340.080 340.102 340.116
340.029 340.070 340.113
340.068 340.122 340.225
340.012 340.041 340.061
340.023 340.046 340.082
340.027 340.056 340.085
340.025 340.084 340.123
340.039 340.058 340.079
339.994 340.071 340.147
340.049 340.089 340.135
339.993 340.057 340.129
340.024 340.078 340.117
340.049 340.073 340.111
339.997 340.064 340.112
340.026 340.049 340.070
340.068 340.127 340.252
340.074 340.127 340.161
340.029 340.055 340.107
340.042 340.059 340.072
340.062 340.108 340.143
339.982 340.051 340.089
340.010 340.080 340.198
340.050 340.101 340.136
340.025 340.067 340.100
340.018 340.063 340.093
340.035 340.113 340.279
340.118 340.154 340.275
340.048 340.089 340.104
340.017 340.096 340.189
340.040 340.105 340.194
340.007 340.047 340.070
340.029 340.057 340.077
340.041 340.119 340.184
339.977 340.082 340.156
340.019 340.070 340.127
340.107 340.175 340.247
340.063 340.087 340.115
340.035 340.051 340.077
340.012 340.088 340.130
340.077 340.133 340.220
340.076 340.125 340.185
340.042 340.185 340.581
340.026 340.076 340.153
340.017 340.062 340.094
340.026 340.056 340.080
340.026 340.078 340.125
340.042 340.069 340.088
340.042 340.093 340.153
339.987 340.032 340.094
339.953 340.043 340.118
340.099 340.136 340.223
340.090 340.125 340.160
340.015 340.094 340.221
340.098 340.121 340.145
340.061 340.081 340.096
340.061 340.134 340.269
340.029 340.093 340.189
340.060 340.066 340.078
340.059 340.149 340.321
340.019 340.100 340.166
340.034 340.096 340.199
340.078 340.107 340.166
340.090 340.210 340.421
340.061 340.123 340.167
340.042 340.137 340.192
340.073 340.106 340.152
340.096 340.166 340.199
340.037 340.092 340.135
340.024 340.114 340.174
340.040 340.096 340.148
340.060 340.102 340.158
340.043 340.085 340.169
340.041 340.053 340.071
340.045 340.081 340.118
340.105 340.143 340.187
340.050 340.090 340.115
340.067 340.082 340.099
340.051 340.079 340.124
340.080 340.119 340.218
340.001 340.067 340.140
340.045 340.100 340.188
340.041 340.096 340.180
340.031 340.136 340.228
340.005 340.076 340.136
340.065 340.091 340.173
339.971 340.031 340.072
340.099 340.112 340.141
340.018 340.073 340.142
340.079 340.105 340.154
340.114 340.132 340.156
340.023 340.097 340.133
339.968 340.056 340.132
340.069 340.102 340.185
340.081 340.152 340.210
340.055 340.069 340.095
340.032 340.103 340.144
340.040 340.140 340.200
340.068 340.128 340.177
340.007 340.059 340.113
340.016 340.109 340.185
340.121 340.140 340.167
340.091 340.142 340.178
340.020 340.087 340.134
340.027 340.120 340.168
340.097 340.148 340.206
340.051 340.138 340.208
340.050 340.079 340.147
340.083 340.116 340.146
340.045 340.120 340.206
340.015 340.087 340.148
340.052 340.115 340.212
340.079 340.112 340.148
340.109 340.144 340.160
340.065 340.116 340.192
340.039 340.098 340.169
340.056 340.118 340.194
340.042 340.081 340.108
340.116 340.145 340.169
340.097 340.117 340.181
340.038 340.106 340.154
340.026 340.117 340.240
340.146 340.243 340.436
340.205 340.306 340.416
340.186 340.230 340.318
340.122 340.204 340.355
340.048 340.120 340.193
340.050 340.090 340.147
340.092 340.126 340.175
340.065 340.127 340.212
339.995 340.090 340.254
340.112 340.147 340.210
340.038 340.070 340.104
340.245 340.448 340.795
340.203 340.449 340.902
340.150 340.423 341.299
340.139 340.926 342.123
0 0 0
339.989 340.079 340.135
340.048 340.068 340.125
340.030 340.096 340.145
340.022 340.069 340.124
339.989 340.049 340.087
340.015 340.041 340.057
340.045 340.085 340.129
340.007 340.067 340.128
340.044 340.098 340.178
340.037 340.073 340.103
340.069 340.102 340.132
340.002 340.075 340.128
340.053 340.087 340.121
340.048 340.080 340.120
340.045 340.137 340.237
340.062 340.128 340.216
340.075 340.131 340.227
340.038 340.120 340.184
340.060 340.109 340.155
340.089 340.204 340.497
340.079 340.110 340.155
340.038 340.065 340.088
340.015 340.088 340.138
340.040 340.091 340.163
340.023 340.116 340.237
340.053 340.078 340.131
340.020 340.076 340.144
340.143 340.151 340.161
340.086 340.107 340.131
340.042 340.131 340.221
340.002 340.045 340.136
340.089 340.151 340.226
340.071 340.114 340.177
340.078 340.118 340.167
340.060 340.123 340.237
340.048 340.089 340.132
340.063 340.151 340.239
340.075 340.167 340.273
339.974 340.082 340.170
340.028 340.206 340.547
340.083 340.120 340.179
340.065 340.097 340.168
339.988 340.061 340.171
340.050 340.099 340.193
340.031 340.047 340.079
340.006 340.089 340.141
340.083 340.128 340.173
339.985 340.072 340.102
340.025 340.132 340.236
340.077 340.138 340.184
340.231 340.247 340.258
340.123 340.181 340.271
340.170 340.235 340.286
340.165 340.245 340.325
340.042 340.234 340.521
340.067 340.098 340.128
340.067 340.087 340.137
340.062 340.104 340.165
340.059 340.223 340.592
340.048 340.092 340.157
340.051 340.100 340.128
340.134 340.162 340.204
340.068 340.123 340.213
340.024 340.111 340.264
340.045 340.069 340.127
340.019 340.091 340.199
340.075 340.138 340.230
340.113 340.153 340.189
340.101 340.139 340.207
339.997 340.056 340.124
340.047 340.087 340.122
340.070 340.113 340.162
340.044 340.080 340.119
340.032 340.071 340.136
340.016 340.077 340.160
340.083 340.157 340.307
340.046 340.093 340.139
340.029 340.073 340.104
340.057 340.104 340.205
340.096 340.111 340.137
340.081 340.119 340.182
340.029 340.082 340.115
340.043 340.070 340.101
340.067 340.117 340.193
340.135 340.197 340.258
340.122 340.185 340.241
340.082 340.184 340.267
340.084 340.128 340.224
340.089 340.601 342.344
340.081 340.117 340.201
340.083 340.177 340.240
340.060 340.176 340.318
340.125 340.147 340.170
340.035 340.116 340.173
340.060 340.101 340.117
340.080 340.108 340.164
340.130 340.172 340.201
340.125 340.158 340.220
340.096 340.156 340.273
340.087 340.116 340.149
340.145 340.197 340.318
340.057 340.135 340.197
340.143 340.259 340.475
340.124 340.152 340.201
340.139 340.233 340.467
340.107 340.218 340.373
340.158 340.168 340.189
340.103 340.138 340.205
340.104 340.147 340.208
340.104 340.170 340.254
340.103 340.143 340.205
340.060 340.106 340.158
340.129 340.169 340.261
340.079 340.214 340.330
340.136 340.307 340.544
340.082 340.189 340.258
340.154 340.375 340.687
340.139 340.176 340.240
340.122 340.225 340.601
340.129 340.332 340.819
340.084 340.135 340.203
340.140 340.170 340.193
340.093 340.129 340.153
340.148 340.178 340.230
340.086 340.192 340.427
340.241 340.984 341.684
340.171 340.191 340.213
340.118 340.167 340.308
340.045 340.102 340.132
340.095 340.125 340.203
340.085 340.359 341.283
340.123 340.137 340.147
340.095 340.132 340.168
340.106 340.133 340.204
340.083 340.166 340.387
340.192 340.350 340.620
340.106 340.323 340.826
340.089 340.147 340.204
340.154 340.266 340.633
340.129 340.171 340.220
340.113 340.166 340.205
340.102 340.128 340.162
340.122 340.175 340.235
340.125 340.169 340.211
340.092 340.370 340.920
340.085 340.255 340.745
340.138 340.183 340.218
340.101 340.175 340.224
340.131 340.144 340.156
340.077 340.118 340.192
340.130 340.165 340.205
340.100 340.178 340.280
340.074 340.125 340.176
340.093 340.141 340.184
340.159 340.207 340.322
340.068 340.121 340.167
340.097 340.125 340.156
340.121 340.170 340.242
340.161 340.176 340.200
340.114 340.187 340.337
340.074 340.139 340.247
340.080 340.164 340.243
340.102 340.187 340.317
340.095 340.141 340.197
340.161 340.229 340.358
340.140 340.180 340.234
340.009 340.130 340.364
340.071 340.163 340.276
340.124 340.155 340.221
340.122 340.165 340.228
340.110 340.257 340.642
340.123 340.182 340.238
340.080 340.125 340.189
340.046 340.184 340.304
340.058 340.149 340.229
340.087 340.228 340.532
340.148 340.159 340.174
340.115 340.144 340.173
340.070 340.115 340.141
340.156 340.242 340.292
340.366 344.150 350.537
340.125 340.132 340.148
340.083 340.145 340.258
340.078 340.113 340.137
340.106 340.337 340.781
340.106 340.153 340.235
340.137 340.218 340.362
340.098 340.327 341.160
340.086 340.214 340.469
340.036 340.126 340.212
340.109 340.124 340.156
340.145 340.251 340.571
340.085 340.155 340.217
340.080 340.190 340.501
340.061 340.150 340.205
340.187 340.755 341.470
340.221 341.160 342.888
340.164 340.270 340.540
341.440 347.194 350.986
351.510 352.856 354.306
340.827 344.771 347.067
340.149 341.729 343.069
340.309 342.872 346.607
341.683 345.681 351.309
343.016 347.324 350.856
340.158 340.275 340.401
340.122 340.786 342.255
340.091 340.198 340.266
340.054 340.114 340.140
340.149 340.171 340.204
340.095 340.155 340.321
340.142 340.275 340.636
340.101 340.199 340.322
340.160 340.479 341.326
340.119 340.184 340.373
340.201 340.250 340.277
340.030 340.119 340.180
340.087 340.126 340.188
340.104 340.146 340.237
340.141 340.194 340.252
340.062 340.377 341.076
340.102 340.296 340.574
340.177 340.214 340.243
340.166 340.195 340.267
340.139 340.420 340.783
340.149 340.267 340.529
340.115 340.150 340.237
340.147 340.212 340.301
340.136 340.329 340.573
340.112 340.151 340.214
340.071 340.242 340.510
340.082 340.161 340.270
340.111 340.222 340.503
340.129 340.205 340.409
340.154 340.218 340.330
340.108 340.434 341.347
340.163 340.231 340.439
340.131 340.170 340.266
340.130 340.411 341.037
340.130 340.376 341.112
340.119 340.227 340.301
340.140 340.199 340.246
340.131 340.513 341.139
340.093 340.295 340.504
340.138 340.319 340.756
340.187 340.890 342.625
340.125 340.309 340.555
340.093 340.337 340.841
340.121 340.447 341.301
340.193 340.588 341.246
340.094 340.159 340.300
340.070 340.178 340.327
340.149 340.427 341.031
340.152 340.170 340.203
340.320 340.698 341.611
340.117 340.572 341.589
340.136 340.932 341.704
340.281 340.545 340.851
340.183 340.462 341.204
340.152 340.669 341.144
340.127 340.399 340.596
340.195 340.980 342.132
340.160 340.614 341.625
340.158 340.251 340.342
340.175 340.476 341.449
340.098 340.388 340.772
340.292 340.571 341.474
340.166 340.226 340.360
340.327 341.612 344.163
340.138 340.464 341.041
340.110 342.676 352.335
340.207 340.792 341.565
340.106 341.311 343.453
340.139 340.829 341.650
340.328 344.882 351.152
341.389 345.630 351.314
340.061 340.187 340.428
340.192 341.224 344.252
343.955 345.199 346.857
340.279 341.466 342.974
340.192 340.645 341.633
340.175 343.045 351.515
340.128 341.118 343.066
340.340 342.877 349.313
340.746 348.839 358.444
340.933 345.804 349.317
350.822 353.313 359.633
355.307 357.433 363.188
352.659 356.598 367.132
349.500 354.246 356.314
351.626 354.353 356.718
350.828 352.428 353.902
340.888 344.855 352.310
361.903 371.286 383.542
340.256 341.336 342.943
345.166 358.951 372.696
348.613 360.957 370.801
344.207 350.565 357.985
355.661 361.643 368.459
347.910 362.825 380.134
340.203 344.214 353.417
350.647 357.916 365.485
354.429 359.320 366.067
343.987 352.857 362.247
343.026 352.186 364.004
343.391 348.008 353.627
349.435 359.194 377.321
340.202 343.959 347.198
343.061 350.065 357.137
340.140 341.966 343.562
340.084 342.299 345.711
340.384 341.840 344.489
340.165 340.310 340.494
340.146 340.476 341.455
340.123 340.208 340.310
340.274 342.602 349.755
340.477 341.809 346.153
340.107 340.709 341.584
342.157 345.192 346.322
340.452 342.252 345.837
340.197 341.780 344.372
340.165 341.286 343.303
340.198 340.709 341.960
340.872 347.849 355.247
340.194 341.125 344.386
340.275 341.200 342.539
341.154 342.508 346.782
343.755 352.073 363.503
341.613 353.533 376.216
340.161 344.968 351.553
341.720 351.975 359.719
345.941 351.304 358.600
350.756 354.956 358.897
341.743 349.977 361.829
347.670 354.414 362.473
343.019 353.280 366.772
344.440 352.923 365.103
340.471 343.281 346.999
344.313 347.232 351.072
346.031 350.685 362.567
340.254 343.577 347.310
340.105 341.598 343.113
341.373 343.490 350.968
359.711 374.497 386.094
340.614 343.023 348.263
340.571 344.412 349.714
341.507 352.164 377.986
343.282 356.168 366.158
340.575 348.053 358.378
349.995 362.452 377.101
358.277 360.881 363.774
389.024 405.698 430.050
340.172 356.082 367.382
357.156 365.550 372.695
340.233 341.802 343.299
340.327 342.683 347.719
340.154 340.850 341.950
340.278 342.655 345.408
340.152 340.686 341.377
340.157 341.355 342.119
340.056 340.456 341.766
340.107 340.251 340.305
340.114 340.274 340.523
340.161 342.163 349.363
340.285 342.015 346.553
340.106 340.245 340.439
340.390 340.665 341.337
340.195 340.516 341.375
340.170 340.360 340.866
340.132 340.446 341.019
340.153 340.294 340.533
340.217 340.287 340.440
340.123 340.420 340.785
340.139 340.457 341.475
340.164 340.323 340.624
340.110 340.319 340.936
340.101 340.275 340.603
340.101 340.172 340.322
340.134 340.238 340.328
340.180 340.234 340.300
340.127 340.199 340.241
340.123 340.184 340.326
340.144 340.459 340.855
340.176 340.286 340.555
340.122 340.176 340.213
340.132 340.185 340.254
340.132 340.371 341.129
340.107 340.237 340.377
340.094 340.164 340.209
340.155 340.185 340.215
340.129 340.173 340.240
340.125 340.274 340.544
340.125 340.169 340.229
340.107 340.186 340.265
340.115 340.185 340.246
340.142 340.259 340.614
340.098 340.174 340.273
340.137 340.222 340.413
340.081 340.144 340.191
340.144 340.193 340.233
340.158 340.198 340.307
340.103 340.134 340.171
340.144 340.184 340.262
340.140 340.184 340.228
340.084 340.139 340.195
340.131 340.183 340.254
340.109 340.186 340.245
340.141 340.202 340.359
340.091 340.118 340.139
340.038 340.126 340.185
340.103 340.138 340.173
340.145 340.240 340.442
340.107 340.185 340.278
340.152 340.168 340.187
340.097 340.126 340.175
340.058 340.129 340.164
340.078 340.106 340.129
340.142 340.171 340.201
340.149 340.189 340.216
340.121 340.150 340.233
340.132 340.178 340.206
340.121 340.166 340.232
340.133 340.160 340.199
340.077 340.132 340.179
340.103 340.132 340.167
340.144 340.544 341.872
340.131 340.182 340.206
340.101 340.114 340.145
340.107 340.245 340.677
340.071 340.159 340.219
340.133 340.156 340.186
340.100 340.194 340.329
340.153 340.187 340.229
340.073 340.125 340.182
340.108 340.165 340.230
340.085 340.136 340.157
340.113 340.169 340.218
340.134 340.171 340.224
340.103 340.138 340.172
340.107 340.138 340.235
340.110 340.152 340.191
340.058 340.115 340.178
340.090 340.158 340.202
340.124 340.180 340.252
340.111 340.189 340.286
340.082 340.138 340.206
340.081 340.122 340.164
340.072 340.101 340.127
340.130 340.168 340.216
340.139 340.160 340.193
340.153 340.222 340.277
340.119 340.170 340.231
340.100 340.125 340.146
340.098 340.142 340.159
340.148 340.172 340.196
340.154 340.197 340.282
340.109 340.132 340.199
340.072 340.128 340.191
340.131 340.175 340.224
340.138 340.165 340.193
340.076 340.384 341.453
340.102 340.156 340.223
340.115 340.136 340.164
340.120 340.150 340.170
340.140 340.165 340.192
340.128 340.170 340.183
340.125 340.170 340.224
340.118 340.145 340.169
340.114 340.158 340.223
340.087 340.125 340.161
340.164 340.195 340.258
340.151 340.195 340.268
340.047 340.119 340.161
340.048 340.103 340.156
340.130 340.157 340.202
340.075 340.106 340.154
340.068 340.134 340.185
340.102 340.134 340.179
340.032 340.132 340.221
340.111 340.145 340.205
340.068 340.099 340.115
340.097 340.209 340.403
340.112 340.142 340.204
340.096 340.122 340.160
340.070 340.152 340.311
340.092 340.220 340.586
340.068 340.108 340.138
340.086 340.110 340.133
340.098 340.234 340.661
340.104 340.146 340.188
340.071 340.145 340.185
340.103 340.115 340.137
340.092 340.125 340.175
340.116 340.151 340.176
340.148 340.166 340.194
340.091 340.109 340.133
340.117 340.130 340.164
340.104 340.139 340.160
340.137 340.187 340.257
340.098 340.156 340.213
340.092 340.132 340.189
340.091 340.121 340.180
340.137 340.174 340.211
340.072 340.129 340.179
340.116 340.145 340.194
340.107 340.120 340.139
340.119 340.162 340.194
340.132 340.155 340.183
340.106 340.143 340.195
340.080 340.116 340.139
340.103 340.127 340.151
340.138 340.182 340.230
340.128 340.162 340.201
340.134 340.159 340.191
340.034 340.098 340.131
340.086 340.126 340.178
340.095 340.124 340.170
340.141 340.184 340.218
340.058 340.134 340.181
340.106 340.130 340.150
340.086 340.131 340.238
340.113 340.133 340.149
340.133 340.153 340.170
340.056 340.125 340.172
340.071 340.114 340.152
340.087 340.108 340.129
340.152 340.190 340.209
340.092 340.134 340.226
340.126 340.147 340.184
340.119 340.141 340.188
340.137 340.148 340.162
340.062 340.096 340.167
340.117 340.153 340.205
340.143 340.166 340.188
340.091 340.143 340.164
340.122 340.155 340.184
340.076 340.140 340.246
340.011 340.095 340.183
340.067 340.119 340.176
340.159 340.221 340.366
340.102 340.142 340.170
340.034 340.105 340.142
340.071 340.213 340.655
340.062 340.109 340.169
340.104 340.160 340.271
340.080 340.161 340.225
340.063 340.087 340.126
340.078 340.106 340.126
340.054 340.092 340.115
340.117 340.152 340.202
340.113 340.135 340.167
340.047 340.104 340.137
340.129 340.138 340.158
340.099 340.134 340.169
340.063 340.111 340.139
340.075 340.115 340.146
340.082 340.097 340.118
340.088 340.113 340.136
340.044 340.124 340.204
340.028 340.108 340.187
340.075 340.126 340.202
340.077 340.122 340.184
340.101 340.136 340.173
340.116 340.130 340.145
340.060 340.123 340.157
340.035 340.109 340.150
340.106 340.144 340.179
340.101 340.115 340.143
340.085 340.110 340.169
340.075 340.102 340.150
340.101 340.130 340.165
340.149 340.165 340.199
340.094 340.103 340.123
340.083 340.109 340.146
340.086 340.135 340.163
340.133 340.159 340.174
340.072 340.096 340.129
340.024 340.101 340.143
340.052 340.096 340.146
340.121 340.159 340.192
340.095 340.124 340.154
340.074 340.105 340.162
340.086 340.199 340.520
340.095 340.152 340.191
340.034 340.081 340.114
340.061 340.095 340.145
340.075 340.115 340.187
340.143 340.195 340.236
340.147 340.178 340.217
340.077 340.112 340.189
340.103 340.139 340.182
340.084 340.115 340.182
340.149 340.177 340.196
340.100 340.131 340.163
340.073 340.112 340.148
340.036 340.101 340.145
340.084 340.155 340.292
340.042 340.089 340.113
340.090 340.132 340.168
340.132 340.161 340.179
340.055 340.100 340.164
340.037 340.089 340.132
340.081 340.112 340.149
340.081 340.141 340.169
340.070 340.125 340.159
340.078 340.119 340.162
340.097 340.122 340.135
340.083 340.109 340.144
340.082 340.144 340.201
340.173 340.202 340.228
340.088 340.119 340.155
340.097 340.125 340.163
340.135 340.188 340.284
340.128 340.142 340.165
340.090 340.186 340.228
340.075 340.111 340.160
340.047 340.108 340.142
340.069 340.097 340.131
340.129 340.156 340.199
340.095 340.108 340.153
340.024 340.080 340.105
340.027 340.084 340.149
340.060 340.134 340.228
340.125 340.154 340.188
340.115 340.141 340.177
340.118 340.140 340.178
340.091 340.107 340.133
340.093 340.129 340.161
340.108 340.137 340.170
340.063 340.138 340.304
340.074 340.096 340.113
340.087 340.117 340.136
340.056 340.137 340.221
340.082 340.119 340.162
340.066 340.109 340.169
340.074 340.103 340.131
340.079 340.150 340.212
340.074 340.131 340.164
340.142 340.158 340.198
340.088 340.136 340.239
340.073 340.120 340.166
340.068 340.112 340.139
340.106 340.194 340.224
340.073 340.120 340.142
340.055 340.101 340.172
340.092 340.128 340.187
340.038 340.083 340.109
340.065 340.142 340.243
340.065 340.096 340.147
340.085 340.095 340.120
340.060 340.098 340.164
340.093 340.141 340.207
340.136 340.160 340.178
340.082 340.129 340.183
340.082 340.118 340.160
340.065 340.096 340.138
340.142 340.160 340.185
340.116 340.146 340.212
340.111 340.129 340.147
340.003 340.084 340.119
340.106 340.132 340.200
340.047 340.110 340.183
340.111 340.146 340.169
340.066 340.089 340.117
340.094 340.118 340.132
340.080 340.120 340.162
340.121 340.158 340.207
340.084 340.120 340.160
340.077 340.121 340.172
340.077 340.096 340.128
340.092 340.147 340.217
340.062 340.121 340.148
340.080 340.112 340.131
340.082 340.119 340.173
340.104 340.171 340.237
340.062 340.092 340.115
340.136 340.161 340.185
340.080 340.116 340.162
340.169 340.188 340.222
340.093 340.137 340.183
340.091 340.139 340.253
340.005 340.080 340.149
340.040 340.092 340.124
340.141 340.226 340.394
340.085 340.145 340.201
340.086 340.135 340.188
340.098 340.135 340.180
340.081 340.180 340.239
340.150 340.178 340.229
340.071 340.100 340.128
340.095 340.118 340.147
340.118 340.178 340.318
340.146 340.203 340.274
340.164 340.196 340.238
340.094 340.165 340.246
340.104 340.248 340.716
340.129 340.162 340.233
340.068 340.153 340.200
340.140 340.186 340.239
340.084 340.119 340.187
340.096 340.138 340.176
340.133 340.196 340.242
340.062 340.118 340.179
340.108 340.155 340.189
340.068 340.174 340.263
340.115 340.153 340.205
340.132 340.201 340.429
340.122 340.156 340.195
340.107 340.192 340.297
340.113 340.153 340.237
340.088 340.123 340.161
340.061 340.127 340.256
340.092 340.132 340.208
340.133 340.242 340.534
340.031 340.100 340.151
340.100 340.133 340.172
340.039 340.110 340.184
340.103 340.171 340.231
340.149 340.196 340.261
340.073 340.110 340.128
340.125 340.197 340.285
340.167 340.191 340.210
340.133 340.181 340.201
340.019 340.116 340.172
340.056 340.121 340.165
340.105 340.200 340.239
340.138 340.187 340.219
340.109 340.226 340.451
340.081 340.144 340.346
340.121 340.147 340.185
340.117 340.162 340.190
340.122 340.187 340.330
340.126 340.161 340.207
340.109 340.135 340.164
340.119 340.157 340.262
342.925 342.975 343.088
342.928 342.967 343.020
343.012 343.053 343.124
342.935 342.992 343.060
342.956 343.042 343.130
0 0 0
0 0 0
0 0 0
338.788 338.840 338.974
338.818 338.846 338.890
340.366 340.718 341.991
340.380 340.451 340.551
340.383 340.439 340.489
340.397 340.454 340.559
338.764 338.807 338.855
338.774 338.868 338.941
338.846 338.879 338.913
338.792 338.894 339.031
338.918 338.991 339.034
338.976 338.999 339.049
338.929 338.995 339.068
338.955 339.017 339.144
338.844 338.982 339.062
338.798 338.953 339.055
338.816 338.872 338.948
338.862 338.921 339.007
338.812 338.928 339.036
338.844 338.979 339.047
338.791 338.893 339.016
338.865 338.923 338.979
338.879 338.982 339.054
338.890 338.960 339.020
338.888 338.991 339.164
338.826 338.916 338.983
338.903 338.946 339.004
338.807 338.892 338.969
338.844 338.882 338.927
338.838 338.867 338.931
338.835 339.067 339.707
338.833 338.854 338.878
338.876 338.927 338.970
338.866 338.918 338.959
338.813 338.889 339.006
338.835 338.926 339.063
338.854 338.886 338.907
338.813 338.864 338.912
338.814 338.925 339.195
338.764 339.024 339.464
338.838 338.891 338.952
340.074 340.153 340.340
340.197 340.262 340.424
340.119 340.237 340.321
340.068 340.127 340.184
340.066 340.114 340.183
340.136 340.155 340.189
340.146 340.201 340.254
340.098 340.194 340.224
340.060 340.266 340.597
340.100 340.162 340.244
340.159 340.249 340.361
340.080 340.217 340.413
340.135 340.208 340.438
340.182 340.284 340.371
340.073 340.243 340.642
340.112 340.175 340.314
340.126 340.275 340.623
340.138 340.236 340.414
340.082 342.315 348.504
340.201 340.269 340.421
340.119 340.265 340.445
340.061 340.138 340.264
340.027 340.152 340.307
340.159 340.256 340.345
340.085 340.116 340.151
340.087 340.132 340.184
340.176 340.236 340.315
340.048 340.157 340.343
340.060 340.139 340.218
340.090 340.159 340.298
340.094 340.153 340.255
340.120 340.195 340.266
340.137 340.358 340.963
340.192 340.505 341.725
340.105 340.116 340.133
340.142 340.212 340.276
340.136 340.295 340.760
340.113 340.157 340.230
340.186 341.447 344.379
340.086 340.426 341.388
340.118 340.220 340.396
340.148 340.225 340.329
340.146 340.315 340.666
340.139 340.440 340.873
340.076 340.231 340.434
340.136 340.202 340.333
340.066 340.222 340.520
340.140 340.170 340.252
340.190 340.507 341.050
340.123 340.175 340.267
340.074 340.207 340.320
340.151 340.231 340.407
340.134 340.240 340.416
340.102 340.176 340.297
340.104 340.213 340.366
340.104 340.160 340.222
340.068 340.253 340.516
340.141 340.170 340.206
340.114 340.256 340.421
340.146 340.284 340.496
340.108 340.131 340.176
340.123 340.169 340.288
340.025 340.154 340.347
340.142 340.315 340.639
340.158 340.211 340.306
340.079 340.165 340.239
340.081 340.153 340.226
340.090 340.130 340.169
340.114 340.145 340.176
340.117 340.275 340.818
340.078 340.260 340.540
340.129 340.328 340.722
340.142 340.237 340.361
340.098 340.141 340.213
340.081 340.153 340.289
340.048 340.099 340.157
340.103 340.153 340.242
340.151 340.319 340.548
340.152 340.190 340.272
340.046 340.126 340.288
340.081 340.123 340.169
340.132 340.193 340.254
340.098 340.141 340.190
340.085 340.131 340.178
340.125 340.567 341.813
340.064 340.160 340.232
340.163 340.230 340.354
340.152 340.240 340.463
340.092 340.204 340.309
340.121 340.171 340.205
340.198 340.312 340.445
340.090 340.156 340.386
345.834 346.124 346.458
286.537 286.537 286.537
0 0 0
281.766 285.257 286.445
344.061 345.599 351.515
339.691 339.860 340.275
340.040 340.131 340.213
340.069 340.218 340.538
340.122 340.265 340.623
340.098 340.172 340.325
340.190 340.407 340.595
340.100 340.182 340.355
340.071 340.274 340.743
340.084 340.158 340.220
340.102 340.176 340.264
340.048 340.105 340.196
340.060 340.936 344.269
340.018 340.138 340.435
340.046 340.082 340.153
340.175 340.207 340.278
340.114 340.167 340.212
340.116 340.142 340.177
340.068 340.197 340.267
340.020 340.109 340.223
340.093 340.208 340.558
340.091 340.262 340.693
340.134 340.173 340.217
340.113 340.122 340.132
340.080 340.154 340.334
340.025 340.103 340.168
340.086 340.259 340.547
340.031 340.087 340.120
340.100 340.185 340.415
340.239 340.416 340.705
340.145 340.200 340.299
343.182 347.345 353.200
340.055 340.117 340.178
340.059 340.100 340.133
340.138 340.173 340.268
340.154 340.190 340.317
340.110 340.193 340.341
340.062 340.130 340.161
340.094 340.226 340.527
340.140 340.157 340.186
340.079 340.142 340.284
340.093 340.227 340.532
340.104 340.206 340.317
340.127 340.320 340.615
340.143 340.306 340.730
340.087 340.164 340.258
340.103 340.171 340.260
340.651 347.663 353.268
340.080 340.373 341.239
340.113 340.158 340.208
340.103 340.108 340.116
340.080 340.139 340.197
340.092 340.182 340.275
340.107 340.171 340.256
340.078 340.120 340.184
340.129 340.199 340.270
340.111 340.148 340.182
340.111 340.144 340.174
340.111 340.207 340.414
340.039 340.174 340.433
340.061 340.127 340.155
340.082 340.105 340.125
340.080 340.136 340.204
340.088 340.121 340.177
340.095 340.131 340.174
340.090 340.110 340.130
340.133 340.178 340.245
340.114 340.158 340.245
340.101 340.128 340.182
340.045 340.199 340.558
340.111 340.166 340.263
340.115 340.130 340.153
340.120 340.166 340.210
340.113 340.139 340.224
340.079 340.124 340.175
340.095 340.130 340.230
340.133 340.155 340.182
340.104 340.161 340.218
340.033 340.105 340.151
340.094 340.121 340.143
340.062 340.093 340.128
340.054 340.152 340.282
340.105 340.162 340.211
340.152 340.207 340.310
340.067 340.108 340.152
340.054 340.098 340.142
340.111 340.157 340.306
340.110 340.271 340.670
340.083 340.136 340.162
340.067 340.152 340.225
340.076 340.112 340.134
340.058 340.104 340.138
340.105 340.172 340.290
340.149 340.172 340.219
340.103 340.153 340.195
340.098 340.145 340.227
340.111 340.145 340.206
340.041 340.104 340.144
340.031 340.108 340.232
340.085 340.104 340.113
340.101 340.149 340.231
340.174 340.731 342.874
340.072 340.106 340.132
340.078 340.136 340.210
340.056 340.082 340.105
340.119 340.147 340.185
340.070 340.143 340.305
340.122 340.166 340.203
340.126 340.150 340.170
340.117 340.151 340.197
340.060 340.141 340.246
340.121 340.188 340.251
340.089 340.162 340.233
340.112 340.173 340.227
340.129 340.146 340.162
340.052 340.141 340.239
340.077 340.113 340.142
340.069 340.121 340.186
340.128 340.215 340.544
340.056 340.096 340.139
340.115 340.208 340.390
340.081 340.213 340.480
340.139 340.209 340.335
340.073 340.123 340.166
340.106 340.269 340.667
340.131 340.211 340.345
340.168 340.207 340.291
340.094 340.168 340.287
340.143 340.291 340.453
340.099 340.153 340.173
340.106 340.212 340.411
340.113 340.138 340.171
340.055 340.094 340.131
340.093 340.128 340.179
340.136 340.296 340.556
340.101 340.321 340.732
340.073 340.154 340.350
340.108 340.168 340.223
340.112 340.159 340.294
340.157 340.348 340.542
340.092 340.148 340.185
340.129 340.173 340.275
340.123 340.212 340.392
340.118 340.161 340.206
340.110 340.182 340.252
340.176 340.317 340.512
340.202 340.534 341.771
340.133 340.209 340.353
340.110 340.145 340.221
340.087 340.152 340.188
340.115 340.161 340.247
340.098 340.169 340.329
340.161 340.205 340.300
340.052 340.188 340.344
340.107 340.175 340.358
346.114 349.313 353.562
348.738 350.006 353.070
343.264 348.546 351.126
349.337 352.350 354.921
350.491 353.354 355.260
352.163 353.846 355.353
347.954 353.557 355.291
349.222 352.562 354.563
347.683 352.859 355.535
349.495 352.433 354.136
350.450 353.620 355.572
352.149 354.133 355.804
351.145 353.855 356.220
346.828 352.947 355.751
343.397 348.252 351.984
340.185 341.307 342.939
340.096 341.626 344.145
340.283 343.316 349.053
340.101 340.251 340.513
340.120 340.294 340.770
340.134 340.366 340.795
340.163 340.193 340.219
340.180 340.212 340.273
340.092 340.184 340.378
340.107 340.278 340.724
340.129 340.324 340.911
340.141 340.220 340.350
340.108 340.370 341.031
340.133 340.202 340.292
340.101 340.178 340.237
340.107 340.303 340.556
340.161 340.296 340.467
340.129 340.272 340.460
340.206 341.524 343.042
340.105 340.253 340.505
340.098 340.348 340.870
340.097 340.171 340.237
340.079 340.180 340.318
340.131 340.267 340.634
340.188 340.999 342.937
340.108 340.661 342.478
340.129 340.686 341.962
342.254 347.666 354.443
341.339 344.326 346.834
348.950 350.914 354.880
344.720 348.249 351.996
351.458 354.856 356.060
352.008 353.452 355.324
352.492 354.700 356.964
350.492 355.288 357.589
351.811 354.537 356.284
340.179 340.405 341.113
340.086 340.346 340.767
340.117 340.253 340.617
340.247 340.755 341.726
340.140 340.475 341.577
340.143 340.173 340.188
340.109 340.661 341.589
340.126 340.371 341.046
340.142 340.318 340.626
340.160 341.288 345.401
340.117 340.182 340.380
340.166 340.360 340.679
340.125 340.334 340.846
340.123 340.229 340.458
340.078 340.461 341.096
340.200 340.339 340.407
340.058 340.156 340.345
340.224 340.319 340.515
340.127 340.214 340.350
340.123 340.277 340.803
340.124 340.269 340.589
340.145 340.222 340.279
340.131 340.205 340.331
340.093 340.403 341.447
340.133 340.217 340.346
340.169 340.419 340.970
340.170 340.314 340.593
340.069 340.111 340.140
340.135 340.902 343.354
340.150 340.217 340.298
340.154 340.373 340.765
340.142 340.508 341.113
340.054 340.241 340.400
340.137 340.226 340.439
340.237 340.744 341.685
340.178 340.421 340.843
340.122 340.563 341.877
340.112 340.265 340.481
340.153 340.408 341.054
340.155 340.491 340.951
340.122 340.200 340.270
340.063 341.305 345.854
340.145 340.603 341.366
340.139 340.543 341.560
340.150 340.658 341.872
340.297 341.317 341.938
340.189 341.581 343.205
340.222 341.461 344.461
340.155 340.707 342.776
340.169 340.519 341.048
340.133 340.312 340.912
340.212 340.384 340.819
340.179 344.665 350.159
340.344 344.832 351.299
340.234 342.593 350.478
340.187 340.625 342.226
340.093 340.247 340.426
340.188 340.618 341.567
340.146 340.314 340.782
340.120 340.212 340.496
340.139 340.677 342.022
340.969 343.725 348.405
340.082 340.285 340.688
340.116 340.292 340.650
366.883 389.962 420.346
340.091 340.760 343.045
340.196 340.737 341.352
340.296 341.898 344.207
340.093 340.558 342.014
340.142 340.329 340.677
340.168 340.246 340.332
340.101 340.156 340.202
340.106 340.294 340.661
340.078 340.331 340.814
340.080 340.149 340.208
340.162 340.627 342.260
340.127 340.343 341.119
340.073 340.141 340.179
340.103 340.311 340.730
340.122 340.191 340.276
340.202 340.398 341.138
340.126 340.346 340.551
340.069 340.117 340.144
340.146 340.234 340.318
340.138 340.185 340.239
340.232 340.457 340.999
340.068 340.953 343.152
340.139 340.225 340.372
340.107 340.189 340.241
340.149 340.290 340.517
340.173 340.335 340.708
340.148 340.183 340.219
340.134 340.210 340.309
340.143 340.171 340.229
340.174 340.296 340.477
340.095 340.145 340.223
340.101 340.135 340.167
340.090 340.145 340.186
340.132 340.202 340.246
340.105 340.134 340.187
340.088 340.142 340.191
340.148 340.183 340.208
340.135 340.159 340.176
340.090 340.148 340.254
340.070 340.191 340.530
340.060 340.122 340.249
340.066 340.140 340.210
340.036 340.073 340.089
340.045 340.103 340.149
340.055 340.083 340.126
340.034 340.077 340.090
340.127 340.160 340.192
340.057 340.144 340.213
340.061 340.098 340.123
340.093 340.170 340.225
340.132 340.165 340.192
340.090 340.126 340.164
340.092 340.159 340.298
340.092 340.134 340.176
340.024 340.140 340.191
340.107 340.142 340.177
340.058 340.132 340.207
340.063 340.084 340.111
340.050 340.162 340.233
340.083 340.141 340.170
340.102 340.125 340.199
340.059 340.109 340.166
340.112 340.225 340.436
340.099 340.117 340.142
340.124 340.188 340.292
340.156 340.187 340.226
340.102 340.117 340.148
340.072 340.100 340.170
340.107 340.141 340.179
340.110 340.153 340.209
340.122 340.156 340.236
340.125 340.174 340.262
340.097 340.157 340.199
340.102 340.155 340.197
340.060 340.129 340.276
340.080 340.120 340.163
340.145 340.154 340.164
340.156 340.194 340.246
340.106 340.151 340.179
340.037 340.261 340.863
340.066 340.124 340.162
340.096 340.115 340.149
340.048 340.128 340.187
340.106 340.132 340.168
340.116 340.148 340.211
340.099 340.148 340.207
340.106 340.126 340.166
340.089 340.138 340.185
340.099 340.156 340.212
340.129 340.143 340.170
340.094 340.152 340.186
340.048 340.135 340.252
340.117 340.150 340.234
340.097 340.128 340.155
340.055 340.109 340.154
340.083 340.100 340.122
340.109 340.129 340.205
340.083 340.117 340.159
340.120 340.159 340.193
340.085 340.141 340.247
340.061 340.117 340.152
340.085 340.107 340.135
340.079 340.121 340.168
340.102 340.134 340.161
340.077 340.178 340.332
340.060 340.115 340.169
340.118 340.148 340.176
340.114 340.130 340.155
340.100 340.138 340.212
340.093 340.146 340.244
340.118 340.154 340.228
340.114 340.160 340.206
340.093 340.169 340.235
340.113 340.166 340.240
340.077 340.107 340.125
340.056 340.091 340.120
340.113 340.139 340.164
340.122 340.137 340.153
340.088 340.164 340.309
340.050 340.118 340.192
340.053 340.141 340.202
340.163 340.179 340.190
340.129 340.156 340.181
340.118 340.155 340.193
340.043 340.098 340.128
340.102 340.135 340.206
340.078 340.121 340.177
340.071 340.122 340.171
340.082 340.124 340.164
340.099 340.150 340.189
340.100 340.122 340.143
340.131 340.337 341.086
340.101 340.141 340.186
340.102 340.133 340.175
340.074 340.139 340.188
340.108 340.172 340.239
340.082 340.129 340.160
340.070 340.095 340.123
340.093 340.124 340.165
340.088 340.122 340.150
340.052 340.117 340.159
340.119 340.131 340.156
340.132 340.161 340.208
340.089 340.118 340.156
340.075 340.103 340.140
340.040 340.097 340.142
340.068 340.132 340.190
340.115 340.159 340.217
340.083 340.134 340.167
340.052 340.087 340.119
340.069 340.109 340.152
340.053 340.109 340.261
340.115 340.143 340.177
340.132 340.167 340.252
340.081 340.103 340.142
340.037 340.063 340.102
340.017 340.081 340.121
340.088 340.148 340.192
340.102 340.149 340.180
340.045 340.099 340.141
340.082 340.108 340.126
340.079 340.114 340.145
340.145 340.169 340.215
340.131 340.146 340.160
340.059 340.093 340.139
340.124 340.139 340.157
340.084 340.135 340.186
340.074 340.121 340.184
340.129 340.161 340.231
340.140 340.165 340.215
340.131 340.158 340.204
340.136 340.163 340.244
340.129 340.148 340.169
340.064 340.116 340.208
340.087 340.135 340.185
340.076 340.108 340.131
340.000 340.091 340.158
340.065 340.125 340.196
340.045 340.070 340.102
340.083 340.098 340.109
340.077 340.098 340.144
340.054 340.104 340.152
340.128 340.161 340.202
340.085 340.135 340.167
340.047 340.095 340.122
340.060 340.102 340.144
340.069 340.133 340.186
340.093 340.132 340.195
340.066 340.100 340.153
340.135 340.176 340.242
340.076 340.144 340.199
340.056 340.077 340.103
340.069 340.113 340.204
340.059 340.113 340.162
340.088 340.149 340.185
340.049 340.140 340.226
340.064 340.091 340.109
340.070 340.136 340.227
340.077 340.098 340.127
340.114 340.144 340.176
340.046 340.090 340.122
340.065 340.095 340.119
340.067 340.106 340.153
340.118 340.152 340.223
340.090 340.115 340.140
340.019 340.065 340.110
340.040 340.198 340.640
340.085 340.112 340.143
340.014 340.095 340.215
340.048 340.088 340.161
340.034 340.082 340.134
340.054 340.089 340.113
340.023 340.092 340.196
340.093 340.110 340.125
340.080 340.258 340.897
340.116 340.153 340.185
340.028 340.055 340.084
340.052 340.080 340.106
340.059 340.096 340.130
340.102 340.148 340.190
340.084 340.154 340.232
340.024 340.073 340.165
340.073 340.085 340.094
340.085 340.130 340.169
340.078 340.154 340.264
340.028 340.070 340.098
340.041 340.094 340.170
340.120 340.141 340.173
340.071 340.108 340.146
340.028 340.068 340.152
340.022 340.072 340.117
340.028 340.068 340.110
340.044 340.111 340.151
340.062 340.085 340.132
340.039 340.077 340.117
340.061 340.090 340.132
340.078 340.109 340.130
340.039 340.089 340.145
340.008 340.075 340.160
340.037 340.104 340.181
340.055 340.118 340.210
340.031 340.109 340.161
340.026 340.077 340.143
340.019 340.060 340.108
340.034 340.065 340.097
340.089 340.115 340.142
340.087 340.105 340.149
339.973 340.043 340.126
340.039 340.061 340.119
340.077 340.120 340.169
340.113 340.154 340.210
340.026 340.068 340.128
340.042 340.081 340.115
340.118 340.165 340.209
340.075 340.105 340.149
339.997 340.078 340.167
340.092 340.115 340.158
340.014 340.093 340.126
340.076 340.228 340.674
340.076 340.090 340.102
340.115 340.147 340.160
340.071 340.127 340.183
340.059 340.173 340.477
340.056 340.107 340.175
340.087 340.128 340.175
340.086 340.128 340.156
339.995 340.053 340.117
340.048 340.088 340.146
340.078 340.108 340.145
340.052 340.097 340.170
340.071 340.100 340.170
340.025 340.092 340.199
340.099 340.161 340.240
340.012 340.066 340.124
340.071 340.088 340.110
340.018 340.103 340.220
340.062 340.115 340.179
340.038 340.281 341.105
340.026 340.054 340.102
340.016 340.051 340.083
340.075 340.117 340.152
340.072 340.157 340.277
340.047 340.391 341.270
340.055 340.100 340.162
340.110 340.185 340.273
340.099 340.173 340.279
340.052 340.112 340.183
340.048 340.122 340.216
340.064 340.127 340.193
340.100 340.132 340.158
340.041 340.087 340.124
340.126 340.201 340.292
340.139 340.188 340.219
340.149 340.197 340.236
340.090 340.141 340.175
340.038 340.131 340.179
340.053 340.081 340.105
340.063 340.099 340.122
340.138 340.188 340.259
340.085 340.159 340.407
339.991 340.097 340.184
340.058 340.112 340.160
340.075 340.116 340.158
340.072 340.121 340.170
340.058 340.107 340.170
340.101 340.136 340.184
340.056 340.096 340.122
340.055 340.142 340.243
340.092 340.111 340.134
340.060 340.098 340.152
340.063 340.097 340.130
340.001 340.130 340.294
340.109 340.168 340.241
340.111 340.152 340.271
340.012 340.141 340.211
340.036 340.089 340.139
340.073 340.109 340.126
340.085 340.158 340.187
340.086 340.152 340.202
340.072 340.151 340.265
340.060 340.115 340.171
340.076 340.154 340.258
340.091 340.262 340.682
340.086 340.159 340.203
340.076 340.120 340.196
340.052 340.198 340.273
340.085 340.127 340.187
340.051 340.192 340.365
340.068 340.099 340.154
340.085 340.150 340.188
340.078 340.159 340.242
340.079 340.139 340.214
340.110 340.167 340.200
340.071 340.117 340.175
340.087 340.161 340.267
340.073 340.142 340.202
340.038 340.134 340.210
340.055 340.159 340.322
340.053 340.111 340.161
340.105 340.144 340.182
340.113 340.133 340.166
340.098 340.162 340.229
340.119 340.185 340.303
340.110 340.152 340.177
340.125 340.142 340.194
340.121 340.161 340.219
340.049 340.119 340.177
340.104 340.288 340.812
340.023 340.106 340.137
340.067 340.136 340.248
340.054 340.150 340.278
340.082 340.154 340.199
340.131 340.188 340.218
340.104 340.140 340.191
340.077 340.111 340.147
340.065 340.129 340.266
340.115 340.154 340.215
340.081 340.123 340.154
340.063 340.119 340.225
340.029 340.117 340.199
340.139 340.159 340.193
340.027 340.198 340.727
340.063 340.128 340.231
340.067 340.110 340.163
340.128 340.157 340.211
340.064 340.118 340.156
340.093 340.163 340.275
340.094 340.157 340.188
340.062 340.091 340.132
340.106 340.151 340.220
340.063 340.204 340.524
340.104 340.163 340.235
340.062 340.140 340.220
340.076 340.116 340.135
340.049 340.110 340.149
340.051 340.130 340.215
340.058 340.106 340.156
340.061 340.133 340.186
340.117 340.164 340.205
340.113 340.258 340.616
340.084 340.117 340.149
340.027 340.076 340.131
340.021 340.114 340.183
340.090 340.139 340.182
340.074 340.115 340.150
340.053 340.129 340.283
340.089 340.171 340.262
340.089 340.134 340.188
340.093 340.159 340.248
340.108 340.190 340.256
340.106 340.157 340.229
340.039 340.097 340.138
340.114 340.177 340.300
340.106 340.254 340.532
340.097 340.130 340.162
340.049 340.189 340.273
340.126 340.154 340.173
340.053 340.110 340.166
340.026 340.127 340.193
340.110 340.141 340.217
339.986 340.116 340.192
340.079 340.191 340.466
340.087 340.132 340.224
