285.092 285.251 285.432
293.861 293.978 294.121
293.971 294.190 294.464
294.151 294.223 294.311
285.087 285.224 285.346
285.147 285.251 285.334
285.158 285.312 285.574
285.273 285.370 285.562
294.004 294.145 294.311
294.048 294.164 294.241
285.266 285.482 285.650
285.133 285.286 285.402
285.238 285.344 285.578
293.869 294.022 294.241
293.965 294.185 294.412
285.205 285.357 285.564
285.136 285.295 285.467
285.146 285.295 285.448
285.208 285.260 285.332
293.968 294.177 294.414
294.005 294.116 294.211
294.030 294.208 294.394
285.234 285.341 285.394
293.928 294.127 294.269
293.886 294.061 294.326
285.351 285.408 285.532
293.949 294.088 294.159
285.153 285.209 285.285
285.207 285.373 285.593
285.175 285.302 285.416
285.172 285.320 285.495
293.997 294.147 294.333
293.994 294.090 294.176
293.998 294.130 294.324
286.331 286.451 286.554
294.073 294.639 295.441
293.924 294.774 295.597
285.210 285.261 285.327
293.874 293.948 294.029
295.245 295.363 295.471
286.507 286.574 286.696
295.231 295.270 295.294
295.401 295.505 295.610
286.529 290.136 295.378
294.037 294.175 294.306
285.215 285.361 285.536
285.145 285.303 285.455
293.946 294.031 294.155
285.203 285.365 285.518
285.172 285.361 285.471
293.929 294.156 294.361
294.061 294.150 294.359
285.185 285.431 285.724
293.951 294.016 294.145
285.159 285.343 285.583
285.143 285.301 285.401
285.140 285.283 285.357
285.142 285.247 285.566
293.966 294.131 294.276
294.125 294.265 294.409
294.008 294.216 294.345
293.950 294.094 294.329
295.168 295.259 295.365
293.887 294.056 294.155
293.855 294.029 294.259
294.045 294.179 294.311
294.087 294.231 294.537
294.008 294.120 294.230
285.278 285.375 285.520
285.236 285.342 285.428
294.233 296.390 297.964
293.919 294.093 294.379
294.004 294.200 294.397
285.159 285.368 285.527
285.127 285.282 285.382
285.205 285.328 285.485
293.880 294.052 294.318
294.104 294.221 294.354
293.932 294.135 294.287
293.969 294.152 294.386
293.952 294.088 294.245
293.978 294.143 294.269
293.984 294.140 294.470
294.032 294.247 294.564
294.106 294.176 294.343
285.255 285.428 285.608
285.149 285.304 285.457
285.309 286.654 288.906
285.137 285.373 285.505
285.147 285.292 285.457
285.264 285.366 285.495
285.251 285.366 285.564
294.212 294.312 294.496
285.259 285.373 285.634
285.187 285.225 285.251
285.191 285.328 285.394
285.300 285.486 285.679
285.375 285.463 285.719
293.962 294.063 294.213
286.517 286.742 286.888
285.257 285.417 285.697
285.184 285.390 285.563
294.093 294.218 294.306
285.991 292.592 294.440
293.955 294.182 294.554
285.255 285.382 285.495
285.249 285.379 285.513
285.183 285.356 285.461
294.053 294.154 294.339
294.015 294.183 294.391
294.032 294.148 294.367
285.376 285.488 285.635
294.042 294.201 294.337
294.093 294.206 294.261
285.371 285.469 285.537
285.258 285.424 285.538
285.347 292.358 294.299
294.058 294.228 294.550
294.149 294.216 294.307
285.156 285.417 285.686
294.070 294.249 294.442
294.384 297.283 300.690
294.120 294.336 294.489
294.052 294.144 294.226
294.057 294.223 294.426
294.065 294.224 294.344
294.139 294.224 294.300
294.249 294.356 294.565
294.216 294.303 294.368
294.196 294.304 294.512
294.102 294.236 294.375
294.127 294.243 294.337
294.255 294.314 294.357
294.003 294.241 294.372
294.036 294.287 294.496
294.124 294.275 294.349
294.138 294.304 294.424
294.082 294.315 294.452
294.123 294.513 295.072
294.257 294.527 294.961
293.973 294.252 294.512
285.526 286.257 287.387
285.316 285.501 285.831
294.043 294.309 294.931
294.050 294.138 294.253
294.071 294.262 294.474
293.979 294.185 294.337
294.206 294.250 294.309
285.239 285.362 285.561
285.349 285.418 285.621
285.314 285.562 285.758
285.352 285.463 285.522
285.207 285.522 285.864
285.313 285.510 285.638
285.294 285.467 285.585
285.309 285.429 285.577
285.402 285.507 285.692
285.392 285.480 285.544
285.327 285.480 285.733
285.396 285.496 285.700
285.176 285.462 285.600
285.266 285.475 285.783
285.304 285.422 285.543
285.244 285.385 285.679
285.350 285.539 285.668
285.238 285.342 285.444
285.369 285.455 285.518
285.346 285.446 285.547
285.444 288.993 294.420
294.114 294.155 294.212
285.283 287.193 294.175
285.262 285.411 285.549
285.268 285.437 285.597
293.947 294.128 294.318
293.966 294.173 294.367
285.280 285.476 285.632
293.997 294.179 294.294
285.373 285.435 285.526
285.357 285.389 285.440
285.309 285.403 285.517
294.036 294.232 294.424
285.304 285.481 285.750
285.143 285.663 286.107
285.415 285.793 286.114
285.207 285.793 286.523
294.299 294.790 296.034
294.264 294.965 295.791
285.263 286.011 287.884
285.398 285.477 285.605
285.250 285.479 285.724
294.048 294.161 294.378
285.300 285.571 286.174
285.765 286.601 288.741
294.235 295.328 297.228
295.767 298.152 300.327
285.151 286.341 289.921
285.160 285.481 285.743
285.405 285.706 286.135
285.167 285.437 285.729
285.314 285.399 285.464
294.018 294.280 294.620
293.997 294.077 294.208
293.963 294.219 294.544
285.324 285.468 285.687
285.172 285.349 285.522
294.071 294.164 294.259
293.935 294.123 294.357
285.187 285.369 285.575
293.900 294.014 294.086
285.296 285.451 285.656
285.126 285.410 285.655
285.248 285.424 285.564
294.042 294.138 294.342
285.188 285.316 285.483
293.979 294.234 294.456
293.996 294.229 294.567
294.064 294.136 294.199
285.141 285.390 285.571
285.189 285.372 285.549
294.038 294.216 294.423
293.924 294.073 294.213
293.921 294.062 294.167
293.933 294.008 294.166
285.155 285.353 285.621
285.140 285.214 285.304
294.033 294.198 294.380
285.138 285.305 285.465
285.118 285.322 285.429
293.952 294.090 294.271
285.179 285.359 285.645
293.995 294.057 294.134
285.136 285.387 285.533
285.237 285.318 285.412
285.162 285.257 285.389
285.156 285.422 285.728
285.247 285.358 285.523
294.037 294.137 294.321
285.105 285.274 285.473
285.136 285.323 285.445
285.205 285.349 285.468
285.254 285.593 286.226
285.238 285.541 285.931
294.117 294.263 294.435
285.170 285.310 285.418
285.184 285.321 285.498
285.231 285.357 285.461
293.989 294.158 294.451
285.336 285.469 285.634
294.079 294.186 294.273
294.071 294.217 294.303
294.004 294.290 294.452
285.251 285.306 285.380
294.036 294.248 294.470
294.027 294.153 294.306
294.037 294.091 294.220
285.201 285.358 285.506
285.149 285.360 285.577
285.179 285.300 285.420
294.073 294.203 294.306
285.237 285.402 285.541
293.912 294.111 294.306
294.082 294.206 294.327
285.232 285.292 285.404
285.187 285.343 285.436
293.942 294.047 294.178
293.966 294.034 294.080
285.306 287.140 293.969
285.211 285.334 285.417
285.186 285.359 285.653
294.041 294.111 294.201
293.936 294.045 294.235
293.949 294.066 294.211
285.132 285.256 285.380
285.247 285.387 285.599
293.945 294.128 294.265
293.985 294.102 294.202
285.203 285.245 285.297
285.161 285.243 285.341
285.177 285.348 285.602
285.134 285.294 285.380
293.941 294.125 294.271
294.014 294.084 294.155
293.992 294.131 294.305
285.179 285.253 285.385
285.134 285.350 285.528
285.224 285.407 285.643
285.181 285.307 285.588
294.097 294.207 294.420
285.171 285.285 285.436
285.183 285.241 285.376
285.181 285.417 285.578
285.182 285.333 285.499
285.249 285.326 285.421
294.004 294.190 294.349
285.327 285.381 285.493
285.210 285.427 285.631
293.955 294.033 294.081
293.977 294.129 294.225
285.164 285.336 285.539
293.971 294.116 294.310
293.975 294.080 294.257
285.221 285.288 285.338
294.074 294.141 294.239
285.238 285.314 285.383
285.158 285.245 285.341
293.963 294.113 294.216
294.012 294.066 294.165
293.989 294.062 294.267
285.179 285.324 285.458
294.122 294.246 294.315
294.005 294.191 294.341
285.176 285.310 285.404
285.131 285.222 285.338
294.020 294.056 294.115
294.021 294.121 294.256
293.988 294.074 294.177
285.254 285.303 285.402
285.164 285.303 285.471
293.966 294.151 294.341
293.949 294.096 294.190
294.182 294.278 294.463
293.911 294.051 294.275
285.180 285.282 285.615
285.172 285.377 285.530
285.210 285.366 285.579
293.946 294.157 294.312
294.004 294.138 294.253
285.254 285.388 285.681
285.195 285.327 285.439
285.169 285.424 285.529
294.024 294.102 294.202
293.954 294.189 294.340
285.188 285.270 285.422
285.236 285.317 285.422
285.280 285.405 285.589
285.178 285.262 285.533
285.125 285.302 285.424
285.239 285.380 285.459
293.924 294.105 294.329
285.254 285.474 285.811
285.365 288.868 294.116
294.171 294.240 294.327
293.966 294.114 294.238
294.038 294.169 294.361
285.188 285.352 285.436
285.158 285.356 285.557
285.156 285.304 285.379
294.107 294.285 294.526
294.078 294.169 294.332
285.264 285.418 285.557
285.192 285.388 285.575
293.997 294.075 294.248
285.167 287.161 294.248
285.159 285.408 285.693
285.204 285.338 285.507
285.223 285.353 285.512
294.002 294.185 294.407
293.981 294.080 294.187
293.901 294.018 294.163
285.191 285.307 285.531
293.915 294.090 294.193
285.210 285.282 285.387
285.224 285.284 285.392
285.137 285.290 285.412
285.155 285.353 285.460
294.194 294.227 294.276
293.924 293.996 294.098
293.896 294.157 294.461
294.020 294.165 294.352
285.257 285.314 285.401
285.153 285.353 285.614
285.115 285.263 285.417
293.966 294.189 294.361
293.972 294.067 294.166
285.148 292.299 294.183
285.144 285.282 285.448
293.932 294.086 294.378
294.083 294.172 294.304
285.126 285.303 285.435
285.229 285.330 285.556
285.178 285.391 285.654
293.895 293.954 294.062
293.933 294.031 294.148
293.980 294.038 294.124
285.164 285.296 285.550
285.148 285.425 285.638
293.986 294.107 294.162
285.174 285.281 285.372
285.199 285.278 285.373
285.249 285.402 285.505
285.119 285.342 285.561
285.158 285.285 285.395
294.032 294.123 294.257
285.140 285.233 285.321
293.934 294.093 294.439
293.954 294.103 294.308
285.125 285.258 285.514
285.134 285.237 285.385
285.149 285.285 285.586
285.205 285.348 285.428
293.945 294.063 294.206
294.034 294.155 294.250
293.949 294.109 294.314
285.284 285.352 285.414
285.215 285.323 285.499
285.186 285.377 285.528
285.182 285.331 285.481
285.189 285.292 285.483
285.211 285.355 285.545
294.069 294.152 294.351
294.169 294.219 294.337
293.940 293.983 294.043
285.267 290.532 294.074
285.243 285.306 285.413
293.946 294.087 294.253
285.176 285.333 285.482
285.174 285.291 285.666
294.068 294.122 294.176
293.934 294.127 294.335
285.312 285.377 285.424
285.212 285.301 285.402
285.113 285.236 285.442
293.972 294.118 294.211
285.149 285.267 285.521
285.358 285.425 285.533
293.918 293.998 294.065
285.213 285.409 285.654
285.153 285.286 285.460
285.235 285.310 285.420
285.179 285.294 285.442
285.224 285.310 285.453
285.232 285.310 285.433
293.911 294.066 294.133
285.250 285.395 285.501
293.967 294.117 294.362
293.934 294.114 294.395
294.001 294.103 294.230
285.249 285.374 285.447
293.942 294.076 294.199
285.228 285.395 285.620
293.954 294.140 294.285
293.893 294.069 294.344
294.022 294.138 294.288
293.971 294.083 294.232
293.921 294.165 294.335
293.937 294.079 294.252
293.981 294.089 294.250
294.027 294.121 294.239
285.286 285.467 285.651
293.879 294.037 294.157
285.351 285.371 285.419
285.245 285.379 285.481
285.174 285.304 285.483
285.170 285.299 285.527
293.911 294.014 294.263
294.004 294.107 294.273
293.924 293.984 294.071
293.909 294.016 294.115
293.960 294.026 294.117
293.908 294.055 294.292
285.128 285.259 285.394
293.908 294.074 294.216
293.898 294.062 294.345
293.968 294.023 294.137
285.100 285.224 285.390
285.173 285.314 285.512
285.199 285.391 285.598
293.923 294.024 294.118
293.957 294.075 294.215
293.900 294.015 294.152
293.921 293.995 294.145
293.999 294.118 294.285
294.030 294.170 294.300
293.971 294.069 294.175
293.967 294.051 294.262
293.967 294.122 294.304
285.156 285.296 285.409
293.945 294.041 294.207
294.001 294.083 294.121
285.228 285.333 285.377
285.250 285.416 285.587
285.202 285.333 285.570
285.121 285.333 285.447
285.223 285.305 285.432
285.117 285.354 285.579
285.164 285.272 285.491
285.134 285.252 285.394
285.128 285.250 285.361
294.092 294.167 294.312
285.134 285.280 285.439
285.137 285.238 285.483
293.904 294.024 294.165
294.059 294.203 294.327
285.111 285.320 285.547
293.915 293.974 294.072
293.948 294.098 294.255
285.105 285.372 285.665
293.900 293.967 294.045
285.100 286.958 293.942
285.134 285.272 285.375
285.129 285.256 285.463
285.230 285.294 285.419
293.933 294.048 294.159
293.984 294.099 294.267
285.139 285.290 285.447
293.929 294.006 294.142
293.980 294.089 294.263
285.153 285.308 285.488
285.326 290.517 293.920
293.987 294.113 294.211
293.882 294.058 294.327
294.009 294.133 294.380
285.087 285.320 285.516
285.143 285.239 285.391
285.179 285.265 285.366
285.330 285.494 285.629
293.976 294.116 294.248
293.968 294.121 294.213
293.985 294.034 294.087
285.386 285.483 285.658
285.195 285.390 285.557
293.885 294.030 294.173
285.076 285.241 285.431
285.155 285.307 285.489
293.940 294.011 294.188
294.039 294.097 294.163
293.978 294.061 294.142
293.947 294.115 294.419
285.174 285.310 285.519
285.198 285.382 285.596
285.121 285.316 285.625
285.181 285.355 285.570
285.218 285.349 285.586
294.227 294.325 294.415
294.060 294.182 294.348
294.159 294.239 294.366
293.965 294.138 294.215
294.045 294.145 294.237
294.034 294.143 294.229
285.281 285.351 285.435
293.966 294.034 294.120
294.087 294.450 295.462
285.107 285.260 285.446
285.217 285.396 285.634
293.972 294.240 294.821
285.343 285.404 285.465
293.897 294.052 294.231
293.963 294.137 294.309
293.942 294.090 294.263
293.939 294.091 294.253
285.227 285.370 285.476
285.281 285.393 285.496
294.018 294.190 294.299
285.160 285.310 285.426
285.309 285.382 285.462
285.194 285.337 285.460
285.170 285.368 285.660
285.166 285.325 285.480
285.234 285.367 285.502
294.039 294.191 294.346
293.933 294.083 294.132
293.963 294.164 294.345
294.078 294.181 294.346
294.054 294.125 294.161
293.943 294.072 294.276
285.172 285.414 285.582
293.938 294.237 294.502
294.008 294.145 294.341
293.941 294.156 294.275
285.177 285.404 285.531
285.246 285.399 285.519
285.124 285.303 285.568
293.954 294.077 294.184
294.056 294.150 294.347
285.311 285.495 285.655
285.304 292.384 294.239
294.032 294.150 294.303
293.874 294.057 294.358
294.098 294.145 294.171
285.286 285.430 285.616
293.910 293.990 294.056
293.942 294.136 294.431
285.314 285.424 285.655
293.918 294.062 294.201
285.145 285.335 285.470
285.294 285.433 285.575
285.299 285.480 285.637
285.269 285.325 285.395
293.970 294.097 294.242
285.213 285.321 285.493
294.041 294.198 294.288
294.034 294.080 294.116
285.249 285.347 285.436
285.120 285.279 285.493
285.196 285.333 285.438
285.320 285.438 285.525
285.189 285.306 285.418
294.012 294.125 294.209
294.074 294.225 294.351
285.199 285.362 285.563
285.223 285.316 285.381
294.029 294.128 294.223
293.968 294.186 294.389
294.169 294.223 294.355
285.321 285.381 285.472
293.994 294.146 294.244
294.000 294.150 294.285
293.981 294.064 294.152
293.965 294.086 294.230
285.131 285.646 286.659
285.175 285.277 285.351
285.221 285.316 285.474
294.011 294.146 294.269
294.002 294.089 294.281
294.078 294.152 294.271
285.225 285.325 285.445
285.194 285.276 285.317
293.924 294.011 294.189
285.294 285.400 285.515
293.947 294.070 294.267
285.240 285.360 285.491
285.229 285.350 285.485
293.949 294.065 294.169
293.939 294.069 294.214
294.004 294.146 294.400
285.254 285.405 285.540
293.981 294.108 294.188
293.968 294.086 294.192
285.244 285.434 285.610
285.310 285.416 285.507
285.142 285.399 285.576
285.170 285.313 285.439
293.996 294.212 294.357
293.923 294.053 294.144
293.992 294.168 294.299
293.925 294.075 294.236
285.170 285.279 285.408
293.916 294.103 294.244
293.904 294.059 294.199
293.982 294.078 294.264
294.000 294.160 294.287
294.049 294.139 294.221
293.934 294.179 294.344
293.975 294.111 294.207
293.928 294.126 294.255
294.096 294.191 294.266
294.043 294.138 294.232
293.863 293.981 294.133
285.183 285.360 285.456
293.915 294.014 294.120
285.289 285.402 285.582
285.218 285.315 285.392
285.225 285.314 285.412
294.130 294.226 294.470
285.227 285.359 285.555
285.147 285.263 285.591
285.133 285.266 285.365
285.176 285.380 285.625
285.200 285.293 285.403
285.161 285.357 285.501
285.277 285.341 285.472
285.160 285.312 285.388
285.138 285.351 285.527
285.225 285.355 285.577
285.163 285.332 285.425
293.847 294.037 294.266
293.990 294.059 294.152
293.942 294.047 294.194
293.935 294.126 294.329
285.097 285.234 285.398
285.258 285.410 285.560
293.987 294.137 294.229
293.891 294.012 294.165
293.905 294.107 294.241
293.971 294.132 294.311
285.209 285.302 285.453
285.279 285.343 285.446
285.237 285.297 285.381
285.200 285.301 285.448
285.145 285.293 285.436
293.915 294.121 294.315
285.271 285.315 285.383
285.173 285.358 285.517
285.116 285.293 285.437
285.184 285.284 285.404
293.937 294.034 294.224
285.087 285.271 285.399
293.947 294.087 294.371
285.140 285.292 285.536
293.959 294.121 294.298
285.132 285.359 285.529
285.136 285.235 285.337
285.118 285.253 285.478
294.001 294.052 294.113
293.973 294.189 294.371
293.874 294.096 294.331
294.093 294.184 294.344
293.947 294.144 294.435
294.061 294.130 294.187
285.159 285.376 285.620
285.095 285.319 285.510
285.223 285.397 285.534
285.127 285.339 285.676
285.237 285.386 285.614
293.960 294.187 294.327
285.289 285.439 285.539
285.235 285.378 285.465
285.136 285.197 285.292
285.117 285.203 285.316
285.179 285.325 285.456
285.225 285.408 285.685
285.160 285.301 285.460
285.224 285.381 285.676
293.983 294.246 294.476
293.901 294.075 294.313
294.142 295.066 296.482
285.283 285.391 285.575
294.056 294.191 294.346
293.986 294.162 294.371
294.036 294.124 294.204
285.320 285.375 285.443
293.890 294.103 294.288
293.980 294.118 294.409
285.113 285.277 285.545
294.033 294.159 294.272
293.985 294.111 294.223
294.057 294.167 294.288
293.958 294.110 294.388
294.003 294.127 294.228
285.195 285.315 285.414
285.183 285.308 285.478
285.208 285.325 285.475
293.982 294.171 294.410
294.072 294.136 294.202
293.912 294.056 294.210
285.213 285.369 285.462
285.128 285.233 285.319
293.943 294.099 294.233
285.210 285.366 285.520
285.140 285.310 285.521
285.198 285.294 285.463
285.143 285.250 285.365
294.105 294.190 294.335
285.133 285.268 285.521
293.958 294.091 294.211
285.130 286.981 294.207
285.162 285.286 285.380
285.171 285.250 285.369
293.935 294.051 294.286
293.976 294.150 294.246
285.150 285.326 285.618
285.168 285.296 285.470
285.233 285.389 285.628
293.917 293.975 294.009
285.199 285.337 285.516
293.925 294.044 294.168
285.158 285.284 285.441
285.321 285.455 285.631
293.965 294.096 294.249
285.251 285.392 285.586
285.180 285.328 285.442
285.234 285.350 285.462
285.143 285.254 285.348
285.134 285.245 285.367
294.109 294.182 294.283
285.098 285.220 285.403
293.911 294.099 294.325
293.938 294.126 294.362
294.000 294.082 294.161
293.973 294.087 294.145
293.912 294.088 294.234
293.989 294.170 294.273
285.269 285.346 285.458
285.292 285.396 285.545
285.221 285.414 285.550
285.189 285.415 285.639
301.632 301.737 301.867
285.210 288.526 301.556
301.588 301.757 301.979
301.489 301.662 301.818
301.490 301.631 301.726
301.709 301.781 301.894
301.576 301.691 301.766
285.185 285.316 285.459
301.546 301.761 301.943
301.599 301.714 302.030
285.198 285.374 285.526
301.516 301.688 302.018
301.499 301.691 302.065
285.486 298.463 301.802
285.158 285.299 285.405
285.202 285.346 285.524
285.117 285.270 285.376
285.178 285.277 285.320
285.206 285.345 285.475
285.191 285.354 285.511
285.189 285.321 285.436
285.110 285.340 285.634
301.489 301.707 301.810
301.501 301.626 301.757
285.296 285.356 285.452
301.486 301.601 301.768
301.535 301.674 301.863
301.484 301.698 301.800
301.477 301.721 301.927
301.591 301.778 301.950
285.167 285.309 285.419
285.138 285.368 285.577
285.152 285.391 285.537
285.202 285.373 285.539
285.083 285.197 285.385
301.469 301.643 301.823
301.571 301.704 301.873
301.517 301.699 301.859
301.677 301.784 301.964
301.536 301.661 301.795
301.669 301.781 301.960
285.196 285.369 285.623
285.224 285.317 285.443
301.549 301.767 301.966
301.573 301.783 302.051
301.501 301.653 301.845
285.141 285.332 285.485
301.628 301.698 301.731
301.589 301.705 301.839
301.604 301.788 301.927
301.640 301.698 301.768
285.181 285.299 285.447
285.322 295.178 301.868
285.159 285.349 285.498
285.243 285.372 285.545
285.115 285.288 285.445
285.162 285.411 285.631
285.134 285.362 285.526
285.152 285.275 285.483
301.606 301.643 301.692
301.574 301.664 301.799
285.121 285.346 285.498
285.224 285.372 285.459
285.261 291.903 301.634
301.702 301.793 301.951
301.467 301.600 301.780
301.498 301.596 301.670
285.171 285.262 285.449
301.546 301.685 301.839
285.170 285.350 285.554
285.109 285.348 285.570
285.200 285.303 285.564
285.291 285.379 285.504
285.191 285.346 285.554
285.158 285.507 286.379
285.289 285.345 285.420
301.504 301.623 301.777
301.564 301.686 301.954
301.460 301.686 301.796
301.602 301.742 301.882
301.540 301.687 301.937
285.157 285.290 285.373
285.170 285.297 285.463
301.548 301.608 301.704
301.510 301.667 301.865
301.543 301.725 301.958
301.583 301.687 301.797
301.625 301.759 301.942
285.333 285.411 285.542
301.574 301.661 301.807
301.591 301.695 301.806
285.157 285.238 285.338
285.182 285.315 285.485
301.523 301.645 301.756
301.559 301.755 301.997
301.517 301.681 301.790
285.400 285.505 285.633
285.272 285.383 285.478
301.573 301.695 301.968
301.612 301.702 301.791
301.531 301.663 301.762
285.123 285.347 285.535
285.189 285.332 285.452
301.578 301.738 301.852
301.533 301.708 301.922
285.257 285.347 285.484
285.223 285.314 285.399
285.121 285.272 285.393
301.495 301.706 301.945
301.497 301.709 301.861
301.564 301.649 301.728
285.286 285.368 285.494
301.486 301.705 301.833
301.624 301.727 301.949
301.502 301.684 301.814
301.602 301.689 301.855
301.558 301.681 301.805
301.684 301.738 301.843
285.332 285.412 285.563
301.605 301.769 301.974
301.557 301.640 301.787
285.228 285.395 285.562
285.246 285.361 285.451
301.612 301.714 301.898
285.186 298.370 301.765
285.137 285.295 285.436
285.205 285.296 285.389
285.259 285.348 285.456
301.606 301.710 301.941
285.195 285.313 285.386
285.305 285.371 285.487
285.195 285.263 285.332
285.123 285.319 285.509
285.178 285.250 285.402
285.322 285.384 285.458
285.209 285.342 285.481
285.186 285.250 285.328
285.162 285.217 285.283
301.570 301.749 301.873
285.318 285.472 285.599
285.344 285.385 285.440
301.496 301.647 301.788
285.273 285.418 285.635
285.181 285.294 285.522
301.557 301.751 301.888
285.249 285.334 285.422
285.280 285.357 285.445
285.270 285.438 285.577
285.231 285.354 285.479
301.481 301.779 302.255
285.385 285.450 285.501
301.619 301.746 301.905
301.517 301.714 301.864
285.228 285.304 285.387
301.601 301.752 301.980
285.140 295.167 301.875
285.115 285.356 285.621
301.673 301.732 301.829
285.256 285.420 285.506
285.164 285.345 285.448
301.516 301.780 301.965
285.298 285.395 285.486
285.253 285.400 285.526
301.646 301.782 301.903
301.533 301.686 301.846
285.353 285.418 285.493
285.201 285.348 285.516
285.296 285.417 285.584
301.573 301.677 301.817
301.517 301.667 301.963
301.574 301.781 301.941
301.751 301.933 302.369
301.487 301.610 301.676
285.224 285.373 285.556
285.245 285.414 285.586
285.381 285.470 285.548
285.211 285.363 285.504
285.323 285.359 285.386
285.234 285.432 285.541
301.480 301.708 301.783
301.521 301.665 301.787
285.291 285.382 285.468
285.152 285.293 285.409
285.157 285.400 285.484
285.181 285.283 285.405
301.500 301.681 301.815
301.624 301.714 301.824
285.167 285.369 285.563
301.685 301.768 301.932
285.286 285.406 285.676
301.521 301.651 301.769
285.232 285.349 285.586
301.664 301.820 301.970
285.193 285.390 285.585
301.554 301.690 301.800
301.487 301.659 301.755
301.616 301.770 301.994
285.273 285.480 285.638
285.266 285.411 285.578
285.144 285.320 285.628
285.342 285.426 285.485
301.650 301.702 301.806
285.325 288.575 292.075
285.202 285.476 285.735
301.678 301.741 301.812
301.648 301.821 302.115
285.191 285.407 285.653
285.373 285.436 285.543
285.257 285.782 286.636
285.294 285.389 285.503
301.628 301.923 302.707
285.272 285.956 288.180
301.562 301.808 302.274
285.371 285.594 285.869
301.516 301.633 301.863
301.593 302.210 302.820
285.224 285.331 285.462
285.381 285.880 287.377
301.719 301.783 301.916
285.432 285.581 285.965
285.472 285.767 286.321
301.702 302.178 302.749
285.194 285.408 285.770
301.640 301.737 301.873
301.756 303.142 305.540
301.671 302.127 303.412
285.535 287.724 290.540
285.660 288.143 290.004
285.214 287.403 292.453
301.790 304.093 308.264
301.978 305.068 310.317
301.680 303.574 308.206
301.612 303.346 307.739
285.503 287.048 290.544
301.558 301.758 301.968
301.627 302.973 306.413
301.946 304.776 307.487
301.831 303.800 307.832
301.798 303.748 305.128
301.635 302.192 303.753
301.770 303.428 306.524
285.391 287.283 291.409
285.351 285.542 285.803
285.181 285.287 285.433
285.226 285.389 285.496
301.591 301.732 301.842
301.647 301.716 301.885
301.665 301.958 302.230
285.277 285.412 285.541
303.429 305.620 307.128
302.066 304.778 307.572
286.344 288.892 292.032
301.548 303.451 305.869
301.950 303.804 306.318
286.028 288.965 292.990
285.527 287.732 291.693
301.895 304.111 309.038
301.945 305.658 307.845
302.234 305.327 308.224
301.913 304.509 308.509
301.749 304.796 308.816
285.793 288.251 291.167
285.764 289.344 294.174
301.823 303.960 308.682
285.544 289.951 293.503
301.761 303.598 306.720
301.550 301.899 302.917
285.696 289.570 292.258
301.586 303.236 308.174
288.527 300.088 305.508
285.319 285.827 287.044
285.579 287.753 290.716
286.605 289.642 293.706
285.326 286.546 289.714
285.375 286.278 287.946
285.569 287.061 292.201
285.502 285.971 287.613
301.525 301.723 302.079
285.345 285.489 285.616
301.681 301.798 301.958
301.655 302.577 304.074
301.779 303.226 304.120
285.513 287.385 292.175
285.394 285.509 285.709
301.572 301.996 302.425
301.583 302.451 303.527
285.331 285.886 286.970
285.208 285.455 285.766
285.314 285.583 285.976
301.550 301.770 302.000
301.646 301.887 302.215
301.561 301.847 302.056
301.607 301.761 301.975
301.539 301.689 301.767
285.224 285.380 285.508
285.359 285.498 285.584
285.163 285.312 285.400
301.635 301.695 301.869
285.121 285.515 285.736
285.145 285.337 285.512
301.630 301.765 302.012
285.218 285.373 285.671
301.467 301.704 302.197
285.143 285.367 285.590
285.180 285.371 285.542
285.146 285.293 285.487
285.127 285.272 285.504
301.510 301.626 301.894
301.593 301.767 301.869
301.591 301.659 301.835
285.210 291.901 301.679
285.176 285.286 285.479
301.600 301.738 302.019
285.234 285.415 285.780
285.322 285.410 285.463
301.514 301.635 301.854
301.596 301.775 301.910
301.468 301.723 301.872
301.552 301.727 301.875
301.501 301.770 301.934
285.138 285.252 285.371
285.097 288.612 301.916
301.479 301.594 301.694
301.502 301.702 301.977
301.643 301.710 301.860
301.686 301.795 301.902
301.546 301.655 301.786
285.171 285.425 285.827
285.336 285.459 285.509
285.147 285.377 285.573
285.285 285.363 285.547
301.559 301.681 301.858
301.526 301.722 301.827
301.513 301.721 301.863
301.499 301.626 301.856
285.110 285.279 285.352
301.604 301.733 301.846
301.513 301.646 301.864
285.145 285.267 285.481
301.503 301.587 301.851
285.212 285.347 285.513
285.197 285.313 285.404
285.239 285.295 285.383
301.667 301.756 301.894
301.679 301.809 301.999
285.172 285.307 285.437
285.455 285.500 285.568
285.192 285.353 285.476
301.645 301.682 301.714
301.593 301.690 301.843
301.453 301.620 301.744
301.588 301.728 301.842
301.646 301.842 302.083
285.231 285.301 285.388
285.207 285.371 285.522
301.545 301.639 301.769
301.661 301.826 301.883
301.593 301.723 301.921
285.217 285.324 285.449
285.227 285.370 285.491
285.221 285.336 285.444
285.172 285.377 285.464
301.499 301.700 301.809
301.596 301.748 301.915
285.150 285.329 285.458
301.600 301.787 301.952
285.166 291.773 301.608
308.420 308.512 308.643
308.399 308.524 308.764
308.425 308.565 308.737
308.407 308.578 308.801
308.386 308.513 308.632
308.570 308.685 308.748
308.384 308.544 308.638
308.455 308.684 308.889
308.482 308.543 308.639
308.414 308.554 308.646
308.458 308.629 308.878
308.348 308.580 308.780
308.591 308.643 308.699
308.391 308.548 308.678
308.467 308.593 308.806
308.475 308.650 308.763
308.563 308.642 308.774
308.467 308.578 308.709
308.432 308.586 308.744
308.371 308.592 308.677
308.565 308.702 308.828
308.556 308.618 308.743
308.429 308.533 308.637
308.499 308.653 308.782
308.407 308.552 308.605
308.443 308.556 308.643
308.460 308.619 308.773
308.449 308.585 308.762
308.424 308.550 308.621
308.537 308.616 308.675
308.521 308.579 308.704
308.422 308.566 308.663
308.428 308.532 308.602
308.390 308.591 308.732
308.433 308.598 308.695
308.523 308.595 308.690
308.377 308.482 308.584
308.463 308.594 308.742
308.421 308.521 308.620
308.436 308.564 308.740
308.470 308.543 308.655
308.464 308.585 308.692
308.379 308.646 308.766
308.448 308.650 308.919
308.369 308.522 308.682
308.604 308.745 308.834
308.367 308.496 308.643
308.383 308.587 308.803
308.486 308.625 308.881
308.491 308.578 308.661
308.371 308.470 308.704
308.545 308.629 308.716
308.412 308.553 308.761
308.504 308.614 308.749
308.481 308.595 308.748
308.593 308.681 308.724
308.422 308.580 308.750
308.408 308.541 308.651
308.485 308.732 309.334
308.447 308.574 308.755
308.601 308.681 308.814
308.384 308.504 308.570
308.451 308.651 308.840
308.443 308.536 308.622
308.367 308.597 308.814
308.442 308.519 308.644
308.398 308.505 308.663
308.519 308.893 310.153
308.483 308.625 308.855
308.445 308.567 308.693
308.348 308.502 308.631
308.438 308.523 308.713
308.485 308.593 308.802
308.491 308.591 308.713
308.373 308.527 308.729
308.358 308.547 308.644
308.336 308.535 308.753
308.504 308.654 308.752
308.521 308.590 308.676
308.423 308.547 308.630
308.433 308.598 308.838
308.532 308.598 308.649
308.364 308.438 308.517
308.473 308.583 308.715
308.465 308.556 308.621
308.393 308.568 308.862
308.521 308.634 308.741
308.514 308.594 308.714
308.453 308.547 308.629
308.543 308.651 308.762
308.337 308.441 308.530
308.411 308.567 308.718
308.373 308.558 308.687
308.449 308.507 308.602
308.372 308.521 308.610
308.561 308.629 308.782
308.445 308.529 308.631
308.459 308.588 308.740
308.409 308.545 308.692
308.512 308.585 308.668
308.558 308.594 308.661
308.391 308.557 308.885
308.382 308.502 308.588
308.437 308.532 308.724
308.447 308.595 308.742
308.589 308.658 308.765
308.487 308.575 308.734
308.523 308.589 308.682
308.480 308.559 308.604
308.358 308.518 308.568
308.408 308.550 308.705
308.408 308.522 308.645
308.489 308.584 308.702
308.427 308.565 308.742
308.337 308.442 308.560
308.414 308.534 308.701
308.425 308.576 308.787
301.519 301.659 301.912
301.501 301.660 301.863
285.160 285.281 285.342
301.553 301.628 301.752
301.577 301.676 301.887
301.568 301.654 301.760
285.313 285.378 285.474
285.127 285.249 285.383
301.489 301.700 301.876
285.237 285.389 285.645
301.489 301.630 301.754
301.525 301.549 301.600
285.090 285.342 285.498
285.204 285.281 285.358
285.135 285.311 285.555
285.118 285.184 285.316
301.514 301.616 301.769
301.540 301.679 301.821
285.160 285.270 285.412
285.166 285.262 285.476
285.083 285.196 285.475
301.504 301.571 301.686
285.202 285.304 285.367
301.475 301.642 301.786
301.628 301.704 301.822
285.262 285.363 285.471
285.079 285.260 285.548
285.238 285.346 285.460
285.163 285.334 285.534
285.166 285.265 285.402
285.170 285.283 285.451
301.485 301.682 301.789
301.622 301.676 301.755
285.150 285.221 285.292
301.517 301.639 301.831
285.119 285.238 285.427
285.238 285.358 285.533
301.554 301.684 301.876
285.175 285.285 285.389
285.129 285.334 285.530
301.497 301.653 301.782
301.465 301.568 301.665
285.191 285.288 285.381
301.569 301.675 301.763
301.661 301.708 301.745
285.131 285.311 285.478
301.555 301.766 301.985
285.250 285.363 285.454
301.493 301.697 302.201
301.491 301.646 301.772
301.495 301.660 301.752
285.202 285.382 285.535
285.177 285.271 285.427
285.205 285.408 285.661
301.467 301.726 301.874
285.153 285.232 285.348
301.596 301.738 301.930
285.271 285.321 285.382
301.549 301.656 301.767
285.193 285.280 285.379
285.124 285.285 285.425
285.154 285.255 285.337
301.526 301.723 301.942
285.174 285.229 285.295
285.083 285.262 285.461
285.145 285.268 285.434
301.624 301.718 301.805
301.502 301.644 301.790
301.638 301.685 301.735
301.566 301.623 301.697
301.528 301.671 301.950
285.124 285.204 285.298
301.478 301.642 301.850
301.417 301.686 301.905
285.144 285.292 285.483
285.198 285.309 285.377
301.446 301.649 301.861
285.113 285.234 285.290
285.097 285.351 285.641
285.135 285.319 285.395
285.136 285.347 285.611
285.238 285.315 285.394
301.516 301.661 301.775
285.200 285.394 285.558
301.512 301.576 301.708
285.201 285.256 285.282
285.135 285.296 285.522
285.143 285.286 285.375
285.269 298.387 301.795
301.514 301.699 301.866
301.527 301.667 301.831
285.106 285.270 285.419
285.173 285.375 285.661
285.131 285.205 285.319
301.563 301.681 301.847
285.132 285.278 285.474
285.175 285.313 285.398
285.274 285.310 285.385
301.668 301.822 302.077
301.537 301.689 301.814
285.088 285.312 285.488
301.569 301.720 301.820
301.593 301.693 301.801
285.206 285.393 285.489
301.523 301.719 301.864
301.484 301.621 301.812
285.299 285.366 285.489
285.235 285.284 285.344
285.216 285.349 285.569
301.525 301.647 301.761
301.523 301.700 301.828
285.138 285.309 285.534
285.212 303.586 376.562
301.544 301.753 301.984
285.220 285.337 285.490
301.543 301.703 301.860
301.629 301.698 301.753
301.539 301.676 301.943
301.565 301.683 301.860
285.287 285.414 285.594
301.529 301.580 301.664
301.565 301.671 301.835
285.243 285.354 285.541
285.286 285.409 285.565
285.173 285.334 285.456
285.248 285.357 285.570
301.553 301.677 301.898
301.530 301.677 301.969
285.147 285.329 285.445
285.135 285.300 285.464
285.151 285.332 285.530
285.249 285.450 285.655
285.208 295.134 301.808
285.143 285.306 285.401
301.527 301.705 301.873
301.604 301.775 301.905
301.664 301.775 301.882
301.524 301.638 301.700
301.489 301.713 301.925
301.776 301.825 301.888
284.142 284.339 284.427
284.171 284.316 284.590
284.285 284.357 284.453
284.221 284.380 284.475
284.235 284.342 284.465
284.212 284.322 284.443
284.225 284.454 284.625
300.557 300.666 300.794
285.246 285.376 285.561
301.623 301.710 301.818
301.609 301.764 301.885
301.566 301.699 301.839
301.485 301.672 302.027
301.574 301.759 302.001
285.168 295.081 301.753
301.579 301.707 301.964
285.142 285.342 285.443
301.507 301.681 301.765
285.256 285.327 285.447
285.230 285.358 285.604
300.539 300.747 300.956
300.649 300.740 300.808
300.514 300.618 300.741
300.567 300.695 300.754
300.638 300.766 300.930
300.525 300.724 300.963
284.112 284.265 284.442
301.452 301.599 301.726
285.179 285.354 285.455
301.542 301.644 301.706
301.544 301.730 301.869
301.535 301.729 301.901
301.510 301.704 301.863
301.626 301.717 301.865
301.589 301.762 301.872
285.269 285.356 285.464
285.273 285.348 285.490
285.143 285.355 285.490
285.162 285.340 285.542
285.120 285.337 285.546
285.130 285.235 285.372
301.475 301.587 301.715
285.289 285.371 285.493
285.166 285.241 285.356
285.143 285.244 285.390
301.558 301.726 301.843
285.148 285.260 285.407
285.258 285.370 285.549
301.595 301.707 301.811
301.486 301.606 301.726
301.547 301.644 301.726
301.437 301.668 301.788
285.189 285.302 285.539
285.188 285.245 285.389
301.582 301.691 301.952
301.534 301.652 301.789
285.162 285.304 285.573
301.466 301.690 301.955
285.132 285.236 285.350
301.518 301.610 301.698
301.628 301.681 301.786
285.199 285.361 285.484
285.099 285.202 285.417
285.163 285.315 285.484
285.178 285.327 285.508
285.212 285.365 285.540
301.497 301.642 301.731
301.561 301.647 301.830
285.192 285.336 285.408
301.517 301.637 301.772
301.585 301.658 301.856
301.539 301.684 301.782
285.177 285.347 285.475
285.180 285.293 285.354
285.296 285.417 285.610
285.324 285.486 285.647
285.099 285.306 285.484
285.072 285.241 285.473
301.535 301.641 301.752
301.597 301.707 301.828
285.163 285.317 285.492
285.186 285.306 285.434
285.186 285.330 285.445
301.526 301.712 301.910
301.530 301.738 302.030
301.591 301.776 301.875
285.179 285.339 285.453
301.563 301.728 301.851
301.485 301.631 301.883
301.627 301.737 301.823
301.699 302.140 303.551
301.595 301.694 301.805
285.138 285.284 285.427
285.204 285.393 285.646
301.552 301.649 301.891
301.611 301.688 301.803
285.355 285.435 285.511
301.519 301.767 302.008
285.139 285.283 285.365
285.220 285.341 285.475
285.139 285.257 285.378
301.564 301.646 301.751
285.228 285.378 285.564
301.574 301.639 301.770
301.553 301.684 301.798
285.174 285.355 285.571
285.169 285.351 285.509
301.534 301.691 301.933
301.522 301.636 301.847
285.185 285.367 285.597
301.448 301.616 301.765
285.155 285.228 285.332
285.191 285.313 285.431
301.598 301.676 301.782
285.090 285.218 285.363
285.141 285.229 285.327
285.198 285.341 285.448
285.089 285.285 285.404
285.120 285.293 285.422
301.560 301.654 301.793
285.109 285.222 285.336
285.178 285.270 285.374
285.221 285.297 285.420
301.560 301.693 301.887
285.193 285.379 285.583
285.139 285.356 285.627
285.125 285.215 285.330
301.475 301.668 301.872
285.273 285.341 285.435
285.109 285.326 285.446
301.516 301.655 301.817
301.483 301.707 301.991
285.152 285.210 285.261
285.267 285.349 285.433
301.583 301.699 301.818
301.473 301.714 301.876
301.529 301.674 301.777
301.544 301.732 301.880
301.500 301.622 301.827
301.549 301.720 301.902
301.614 301.777 301.917
285.183 285.297 285.391
285.209 285.304 285.533
285.254 285.346 285.481
285.136 285.279 285.403
285.153 285.415 285.569
301.561 301.712 302.055
301.572 301.620 301.747
301.537 301.675 301.795
301.515 301.620 301.769
285.211 285.287 285.369
301.480 301.628 301.750
301.589 301.674 301.806
301.636 301.759 301.887
301.450 301.513 301.570
301.668 301.786 302.009
285.143 285.300 285.450
285.141 285.315 285.498
301.623 301.752 301.900
301.546 301.794 301.959
301.480 301.768 301.976
301.548 301.698 301.844
301.628 301.712 301.909
301.631 301.721 301.805
285.187 285.340 285.501
285.260 285.383 285.516
285.352 285.463 285.630
285.222 285.293 285.372
285.189 285.324 285.484
285.199 285.350 285.498
301.526 301.632 301.687
301.555 301.719 301.859
301.538 301.668 301.799
301.467 301.684 301.877
301.512 301.646 301.717
301.489 301.727 301.865
285.185 285.369 285.597
301.541 301.597 301.674
285.202 295.211 302.058
285.147 291.792 301.765
285.237 298.429 301.915
285.182 285.352 285.557
301.654 301.807 301.981
285.172 285.338 285.518
285.296 285.333 285.390
301.520 301.584 301.677
285.253 285.306 285.366
285.096 288.548 301.688
285.299 285.356 285.393
285.050 285.228 285.389
285.157 285.306 285.456
301.607 301.774 301.865
301.579 301.702 301.911
285.118 285.278 285.440
301.504 301.685 302.050
285.137 285.315 285.563
301.549 301.713 301.994
285.265 285.402 285.530
285.287 285.453 285.553
285.265 285.398 285.473
285.209 285.463 285.660
285.204 288.560 301.666
285.401 285.485 285.678
285.123 285.287 285.438
301.599 301.691 301.807
301.452 301.585 301.871
285.210 285.373 285.499
301.788 301.856 301.944
301.588 301.798 302.071
301.527 301.710 301.880
285.206 285.333 285.474
301.606 301.733 301.967
301.573 301.704 301.834
301.683 301.757 301.824
285.055 285.269 285.520
301.503 301.687 301.855
301.589 301.705 301.874
285.385 285.462 285.600
285.076 285.332 285.546
285.154 285.298 285.410
285.310 285.362 285.476
285.258 285.362 285.576
285.394 285.479 285.533
285.174 285.381 285.893
285.132 285.345 285.568
301.573 301.760 301.952
301.529 301.632 301.735
285.186 285.298 285.561
301.656 301.775 301.968
301.561 301.721 301.920
285.190 285.341 285.475
285.144 285.344 285.447
285.207 288.562 301.502
285.155 288.521 301.472
301.668 301.721 301.778
285.163 285.330 285.507
285.229 285.383 285.604
301.607 301.761 301.826
301.526 301.683 301.874
285.179 285.273 285.405
285.166 285.351 285.479
285.190 285.584 286.277
285.283 285.418 285.567
301.653 301.788 301.867
301.694 301.860 301.995
301.473 301.694 301.897
301.504 301.652 301.812
301.507 301.590 301.724
285.163 285.355 285.619
285.249 285.395 285.643
301.457 301.609 301.697
301.476 301.629 301.837
285.127 285.283 285.568
285.092 285.226 285.311
285.156 285.337 285.566
285.174 285.294 285.389
285.194 285.301 285.437
285.149 285.356 285.568
301.537 301.634 301.824
301.568 301.725 301.862
285.135 285.276 285.374
285.150 285.255 285.332
285.191 285.335 285.465
301.488 301.662 301.878
301.720 301.861 302.083
301.423 301.702 301.894
285.349 285.564 286.154
285.235 285.331 285.562
285.185 285.278 285.347
285.244 285.290 285.347
285.118 285.262 285.416
285.380 285.458 285.557
285.196 286.329 290.232
285.152 285.372 285.516
285.274 285.372 285.462
285.329 285.418 285.552
301.560 301.679 301.817
301.620 301.774 301.903
285.232 285.334 285.448
285.375 285.418 285.477
285.154 285.403 285.562
285.157 285.445 285.612
301.473 301.650 301.788
301.747 301.869 302.074
301.613 301.787 301.967
285.256 285.351 285.452
285.264 285.467 285.676
301.612 301.764 302.042
301.648 301.750 302.009
285.471 285.522 285.588
285.231 285.445 285.573
301.630 301.759 301.939
301.533 301.827 302.009
285.200 285.360 285.558
285.243 285.430 285.706
285.237 285.489 285.737
285.297 285.374 285.456
301.559 301.741 301.947
285.265 285.390 285.487
301.742 301.873 302.042
301.665 301.705 301.741
301.578 301.756 301.983
285.341 285.512 285.659
285.235 285.339 285.575
301.555 301.631 301.768
301.681 301.755 301.919
301.578 301.755 301.936
285.316 285.439 285.540
285.198 285.331 285.442
285.323 285.460 285.597
301.570 301.708 301.805
301.615 301.765 301.969
285.195 285.422 285.542
301.547 301.779 301.976
301.687 301.805 302.008
301.538 301.744 301.992
285.269 285.452 285.756
285.220 285.325 285.396
301.602 301.736 301.913
285.345 285.499 285.598
301.740 301.801 301.892
301.689 301.753 301.828
285.298 288.659 301.775
285.234 285.415 285.557
285.363 285.661 286.573
301.694 301.830 301.966
301.671 301.823 301.921
285.340 285.443 285.592
301.752 301.864 301.993
285.256 285.338 285.505
285.276 285.393 285.477
301.749 301.803 301.864
285.257 285.391 285.482
301.519 301.620 301.717
301.697 301.752 301.860
301.531 301.661 301.768
285.155 285.341 285.671
285.241 285.395 285.701
301.671 301.800 302.001
301.608 301.728 301.879
285.161 285.356 285.456
285.307 285.647 286.897
285.301 285.582 285.786
301.524 301.635 301.880
301.515 301.664 301.860
285.286 285.384 285.545
285.287 285.386 285.510
285.201 285.369 285.573
285.134 285.398 285.638
285.172 285.400 285.572
285.295 285.464 285.628
285.262 285.400 285.590
301.611 301.755 301.858
285.231 285.367 285.474
301.694 301.764 301.942
285.308 285.420 285.520
301.685 301.799 302.004
285.285 285.466 285.659
285.199 285.378 285.612
301.649 301.735 301.842
301.654 301.820 301.916
285.291 285.428 285.590
285.293 285.388 285.484
301.681 301.789 301.901
301.530 301.722 301.913
285.218 285.410 285.571
285.285 285.467 285.665
285.153 285.402 285.569
285.226 285.359 285.565
285.379 285.588 285.816
285.184 285.363 285.557
301.661 301.899 302.057
285.282 285.388 285.567
301.571 301.777 302.048
301.707 301.789 301.874
285.146 285.316 285.396
285.415 285.541 285.709
301.550 301.671 301.825
301.577 301.714 301.825
285.184 285.287 285.404
285.160 285.290 285.506
285.092 285.338 285.622
301.606 301.726 301.870
285.159 285.343 285.624
285.311 285.422 285.544
301.699 301.728 301.796
285.114 285.277 285.381
301.615 301.697 301.748
285.326 285.498 285.588
285.228 285.437 285.628
285.229 298.429 301.997
301.496 301.697 301.915
301.551 301.739 301.856
301.843 301.924 302.118
285.323 285.457 285.680
301.574 301.721 301.888
301.676 301.727 301.766
285.167 285.302 285.425
301.560 301.621 301.728
301.545 301.660 301.855
301.698 301.994 302.484
301.751 302.284 302.844
301.677 302.011 302.445
285.403 286.074 287.323
301.548 302.421 303.605
301.549 302.541 304.932
301.745 301.914 302.110
286.369 289.245 291.829
285.600 288.093 290.719
285.230 286.241 288.039
301.737 303.924 308.516
301.745 303.700 308.216
301.893 303.526 308.474
285.441 285.835 286.714
285.196 285.763 287.314
285.257 285.710 286.718
285.240 285.473 285.625
302.192 303.243 304.360
285.386 285.545 285.709
285.296 285.514 285.651
285.851 288.154 291.129
285.313 287.559 290.352
285.342 286.748 287.614
301.961 304.882 308.190
301.765 304.675 308.564
285.250 287.093 290.406
285.143 287.013 290.748
301.738 304.181 305.799
285.555 286.782 289.654
286.389 288.463 292.004
285.400 285.520 285.769
285.656 287.685 289.831
285.205 286.593 288.151
285.511 288.385 292.191
301.705 302.766 304.923
301.831 303.146 304.766
301.705 301.917 302.286
301.781 302.251 302.818
301.769 303.944 308.776
285.793 286.845 288.990
301.668 305.761 313.435
285.320 288.182 292.045
285.740 288.303 290.648
285.392 288.719 292.354
285.514 289.425 292.907
285.477 287.446 292.171
285.544 287.845 292.495
286.102 289.297 292.061
285.268 287.977 291.195
285.597 287.210 291.954
285.231 287.143 289.856
301.735 303.847 307.867
301.681 304.059 307.976
301.647 303.646 306.806
285.442 286.901 291.326
285.499 288.620 295.341
301.650 303.758 306.447
285.322 288.107 290.886
285.314 288.605 291.136
285.479 288.026 290.918
301.601 304.348 308.025
301.926 303.504 305.195
285.201 286.941 289.829
301.952 304.386 306.820
285.492 286.406 287.902
285.912 287.837 292.303
285.322 285.634 286.238
301.860 303.267 305.507
285.440 287.240 291.652
301.635 302.372 304.320
301.802 302.670 303.872
285.159 286.675 290.380
285.483 287.656 292.926
285.225 287.197 290.853
286.415 287.890 289.718
301.493 301.684 301.845
285.280 285.368 285.494
301.666 301.800 302.005
301.680 301.843 302.095
301.616 301.710 301.910
301.503 301.727 301.880
285.170 285.230 285.294
285.159 285.360 285.708
285.144 285.337 285.545
285.140 285.329 285.467
285.142 285.256 285.419
285.256 285.334 285.393
301.678 301.745 301.830
301.514 301.717 301.890
301.467 301.640 301.793
285.247 285.408 285.628
285.317 285.418 285.645
301.492 301.650 301.804
301.469 301.690 302.022
301.548 301.689 301.825
301.567 301.705 301.813
285.132 285.310 285.489
301.512 301.679 301.844
285.137 285.263 285.568
285.160 285.351 285.598
301.507 301.702 301.775
301.584 301.656 301.811
301.501 301.608 301.759
301.523 301.662 301.812
301.492 301.555 301.664
301.549 301.695 301.761
285.143 285.319 285.487
285.169 285.295 285.417
301.510 301.711 301.896
285.129 285.302 285.437
285.129 285.186 285.242
301.543 301.654 301.775
301.578 301.692 301.978
301.577 301.728 301.831
301.556 301.680 301.866
285.148 285.369 285.493
301.534 301.619 301.728
301.530 301.648 301.830
285.177 285.341 285.611
285.223 298.308 301.644
301.486 301.637 301.857
301.519 301.615 301.802
301.743 301.874 302.023
301.675 301.744 301.838
301.526 301.669 301.827
285.162 285.201 285.269
285.208 285.355 285.515
285.135 285.344 285.553
301.541 301.642 301.787
285.190 285.348 285.528
285.107 285.385 285.586
301.500 301.611 301.720
285.141 285.280 285.472
285.176 285.327 285.612
285.169 285.314 285.533
285.097 285.186 285.364
285.216 285.296 285.420
301.514 301.729 301.874
301.539 301.622 301.769
285.231 285.332 285.400
285.222 285.608 286.574
301.536 301.669 301.788
285.125 285.283 285.612
285.147 285.253 285.390
301.716 301.788 301.964
301.686 301.757 301.866
301.534 301.658 301.753
301.584 301.724 301.809
285.190 285.280 285.358
301.559 301.722 301.948
285.165 285.259 285.412
285.231 285.359 285.538
285.156 285.311 285.435
285.157 285.305 285.627
301.520 301.643 301.759
285.285 285.395 285.544
301.562 301.628 301.746
301.533 301.629 301.762
301.607 301.754 301.877
285.178 295.158 301.843
285.171 285.316 285.463
301.586 301.762 301.865
285.243 285.416 285.583
285.162 285.392 285.553
302.607 303.911 304.517
285.172 285.362 285.645
301.604 301.733 301.930
301.580 301.664 301.923
285.232 285.321 285.409
285.246 285.373 285.610
285.189 285.357 285.493
285.310 285.390 285.589
285.207 285.281 285.399
301.507 301.632 301.780
285.130 285.222 285.315
285.172 285.331 285.534
301.638 301.724 301.870
301.560 301.654 301.769
301.574 301.689 301.807
301.571 301.728 301.986
301.548 301.665 301.880
301.540 301.624 301.813
285.146 285.316 285.523
285.182 285.337 285.514
301.490 301.618 301.693
301.492 301.565 301.750
285.326 285.371 285.455
301.469 301.637 301.904
285.120 285.377 285.527
301.737 302.459 305.075
285.098 285.240 285.452
285.115 285.230 285.468
285.168 285.323 285.502
301.478 301.618 301.898
285.171 285.321 285.473
301.559 301.661 301.780
301.502 301.674 301.950
301.512 301.557 301.660
285.197 285.343 285.533
285.179 285.279 285.466
285.150 285.220 285.322
285.115 285.224 285.358
285.148 285.248 285.482
285.203 285.308 285.492
285.174 285.248 285.302
285.140 285.254 285.333
301.516 301.683 301.787
285.232 285.350 285.525
301.497 301.643 301.784
301.592 301.696 301.809
285.182 288.535 301.587
301.662 301.806 301.901
285.152 285.337 285.562
285.069 285.305 285.483
301.518 301.637 301.750
285.359 298.368 301.820
285.174 285.283 285.381
301.533 301.656 301.777
285.261 285.402 285.625
301.500 301.609 301.739
285.172 285.367 285.501
285.144 285.249 285.475
285.151 285.275 285.413
285.239 285.348 285.440
301.503 301.649 301.755
301.528 301.626 301.881
301.515 301.620 301.804
285.178 285.265 285.407
301.535 301.639 301.756
285.311 285.439 285.618
301.522 301.698 301.917
285.158 285.245 285.348
285.207 285.359 285.563
301.530 301.602 301.747
301.541 301.653 301.823
285.122 285.303 285.559
301.533 301.745 301.935
285.162 285.254 285.362
301.499 301.593 301.806
301.531 301.601 301.802
301.572 301.736 301.930
301.589 301.735 301.992
285.144 285.299 285.422
285.240 285.379 285.581
285.157 285.219 285.271
301.537 301.611 301.727
301.614 301.768 301.909
301.591 301.676 301.737
301.514 301.600 301.790
301.498 301.701 301.998
301.535 301.674 301.832
301.535 301.675 301.826
285.144 285.287 285.406
301.523 301.738 301.999
301.430 301.665 301.854
285.227 285.416 285.499
301.573 301.666 301.873
301.583 301.727 301.906
301.608 301.745 301.903
285.117 285.290 285.378
285.147 285.609 286.662
301.505 301.738 301.856
301.592 301.726 301.972
301.607 301.710 301.830
301.543 301.638 301.712
301.528 301.623 301.774
301.583 301.709 301.931
285.121 285.249 285.349
285.257 285.462 285.690
285.124 285.345 285.506
301.477 301.790 302.619
301.515 301.633 301.869
301.625 301.676 301.737
301.562 301.748 301.864
285.235 285.297 285.430
285.173 285.341 285.556
301.665 301.770 301.954
301.584 301.715 301.857
285.178 285.367 285.542
301.571 301.710 301.876
285.233 285.374 285.578
285.215 285.340 285.416
301.573 301.613 301.685
285.197 285.412 285.496
301.542 301.608 301.701
301.564 301.665 301.747
301.547 301.682 301.779
301.565 301.659 301.756
301.523 301.740 301.912
285.170 285.307 285.412
301.494 301.603 301.689
301.500 301.638 301.822
301.545 301.653 301.848
285.227 285.342 285.449
301.479 301.676 301.818
301.504 301.678 301.801
285.195 285.279 285.406
301.603 301.747 301.841
301.503 301.629 301.815
301.466 301.552 301.636
301.642 301.706 301.744
285.255 285.336 285.435
301.564 301.667 301.901
301.502 301.621 301.759
285.228 285.387 285.529
301.538 301.655 301.714
285.151 285.302 285.522
285.157 285.340 285.460
285.135 295.054 301.643
301.651 301.696 301.755
285.231 285.301 285.440
285.128 285.260 285.367
301.488 301.579 301.714
285.102 285.282 285.607
301.466 301.556 301.714
301.494 301.643 301.764
285.247 285.308 285.421
285.141 285.251 285.372
301.454 301.626 301.742
301.461 301.607 301.796
301.504 301.630 301.850
301.482 301.648 301.914
301.475 301.632 301.877
301.488 301.682 301.919
301.505 301.583 301.653
301.507 301.650 301.864
285.167 285.302 285.385
285.167 285.340 285.507
301.477 301.589 301.758
301.611 301.727 301.803
301.543 301.688 301.885
301.467 301.668 301.893
301.522 301.589 301.753
301.561 301.647 301.853
301.460 301.582 301.758
301.499 301.592 301.744
301.523 301.641 301.736
285.117 285.305 285.535
285.131 285.245 285.448
301.566 301.711 301.823
301.522 301.688 301.760
285.093 291.864 301.835
285.128 285.300 285.498
301.488 301.598 301.644
285.287 285.448 285.627
301.601 301.708 301.873
285.238 285.427 285.592
285.174 285.316 285.399
285.138 285.230 285.337
285.326 285.393 285.511
285.142 285.290 285.411
285.207 285.319 285.527
301.449 301.641 301.867
301.567 301.747 301.835
301.494 301.586 301.732
301.477 301.516 301.574
301.552 301.774 301.964
285.296 285.384 285.556
301.543 301.682 301.909
301.595 301.730 301.812
285.186 285.283 285.378
285.141 285.266 285.387
285.120 285.332 285.646
301.552 301.634 301.712
301.686 301.757 301.930
301.496 301.752 301.984
285.184 285.295 285.463
301.584 301.697 301.816
301.513 301.562 301.656
301.583 301.795 301.944
301.478 301.613 301.776
285.187 295.074 301.714
301.469 301.692 301.890
301.611 301.712 302.023
285.265 285.344 285.488
285.160 285.325 285.529
301.618 301.784 302.001
301.664 301.780 301.877
301.551 301.622 301.685
301.645 301.772 301.894
285.140 285.283 285.418
285.191 285.364 285.487
285.248 285.325 285.497
285.133 285.286 285.479
285.222 285.336 285.404
301.516 301.596 301.703
285.096 285.363 285.558
301.577 301.695 301.849
285.191 285.317 285.557
301.576 301.683 301.750
285.128 285.323 285.481
285.162 285.380 285.505
285.165 285.283 285.457
285.170 285.389 285.567
285.212 285.395 285.599
301.647 301.719 301.789
301.610 301.682 301.840
285.194 285.315 285.478
301.665 301.758 301.895
285.115 285.290 285.445
285.352 285.452 285.630
285.137 285.346 285.549
285.176 285.281 285.370
285.168 285.344 285.528
285.255 285.329 285.457
285.202 285.334 285.529
285.129 285.231 285.364
285.250 285.379 285.547
301.583 301.684 301.817
301.453 301.634 301.847
301.576 301.693 301.980
285.270 285.392 285.512
301.544 301.706 301.964
285.141 285.329 285.492
285.221 285.362 285.491
301.505 301.659 301.839
301.501 301.658 302.027
285.220 285.351 285.545
285.211 285.304 285.372
285.121 285.258 285.588
285.066 285.188 285.386
301.461 301.595 301.797
285.165 285.314 285.421
285.193 285.345 285.439
285.160 285.372 285.530
301.609 301.669 301.780
301.604 301.774 301.893
301.553 301.632 301.758
285.226 285.366 285.555
301.586 301.739 301.829
285.190 285.282 285.377
285.172 285.334 285.578
285.148 285.288 285.458
301.626 301.710 301.825
301.650 301.754 301.923
285.311 285.396 285.564
301.596 301.671 301.793
301.523 301.729 301.892
301.554 301.711 301.873
301.494 301.604 301.739
301.577 301.742 301.941
285.211 285.350 285.532
285.325 285.416 285.520
301.662 301.708 301.771
285.285 285.344 285.391
285.141 285.252 285.405
285.102 285.268 285.443
301.527 301.651 301.876
301.530 301.644 301.731
301.479 301.901 303.171
285.112 285.263 285.340
301.444 301.594 301.729
285.141 285.312 285.562
285.107 285.207 285.384
285.340 285.418 285.559
301.571 301.703 301.933
301.417 301.585 301.679
285.123 285.355 285.523
285.212 285.313 285.409
301.533 301.675 301.810
285.207 285.340 285.580
285.271 285.376 285.593
301.605 301.750 301.852
301.688 301.769 301.852
301.504 301.720 301.995
285.122 285.207 285.334
301.600 301.694 301.788
301.605 301.783 301.895
285.200 285.360 285.479
285.093 285.213 285.341
301.497 301.593 301.710
285.093 285.285 285.431
301.543 301.652 301.725
301.563 301.712 301.877
285.090 285.250 285.464
285.305 285.410 285.493
285.167 285.282 285.446
285.280 285.358 285.566
301.466 301.633 301.780
301.445 301.589 301.703
301.495 301.670 301.796
301.542 301.610 301.672
301.573 301.656 301.739
301.530 301.617 301.805
301.544 301.686 301.886
285.198 285.287 285.340
301.509 301.722 301.854
301.558 301.666 301.721
301.430 301.650 301.949
301.479 301.574 301.677
301.462 301.586 301.694
301.583 301.731 302.031
285.053 285.343 285.552
285.120 285.364 285.562
301.589 301.714 301.845
285.174 285.316 285.692
285.203 285.313 285.491
285.194 285.322 285.528
285.159 285.334 285.434
285.211 285.426 285.518
285.150 285.299 285.541
301.529 301.803 301.974
301.600 301.694 301.755
285.228 285.365 285.512
301.516 301.702 302.034
285.128 285.345 285.553
285.163 285.338 285.524
301.496 301.618 301.745
301.572 301.737 301.878
285.126 285.226 285.327
285.142 285.251 285.366
285.109 285.253 285.426
285.122 285.280 285.432
285.132 285.273 285.372
301.490 301.659 301.793
301.519 301.713 301.836
301.477 301.603 301.850
285.208 285.293 285.395
301.497 301.586 301.710
301.417 301.606 301.841
301.534 301.712 301.945
301.474 301.563 301.688
301.491 301.712 301.950
285.166 291.890 301.814
285.096 285.262 285.426
285.198 285.301 285.412
285.144 285.313 285.469
301.583 301.713 301.868
285.253 285.345 285.498
285.117 285.267 285.555
301.511 301.712 301.998
285.294 298.438 301.902
285.143 285.270 285.393
301.617 301.702 301.779
301.572 301.613 301.642
285.167 285.305 285.435
301.472 301.723 301.878
285.113 285.242 285.346
301.556 301.658 301.770
285.284 285.460 285.649
285.199 295.108 301.742
301.523 301.669 301.909
301.507 301.704 301.829
285.432 285.832 286.533
285.102 285.200 285.310
301.525 301.609 301.712
285.276 285.319 285.353
301.553 301.657 301.751
301.512 301.599 301.681
285.257 285.395 285.584
285.153 285.304 285.467
285.305 285.325 285.342
301.604 301.719 301.924
301.528 301.606 301.657
285.180 285.282 285.442
301.547 301.733 301.954
301.573 301.718 301.822
285.231 285.335 285.526
285.208 285.435 285.577
301.466 301.606 301.734
285.311 285.382 285.484
285.234 285.329 285.411
285.183 291.851 301.829
285.391 285.441 285.565
285.123 285.378 285.649
285.164 285.297 285.431
285.152 285.328 285.481
301.552 301.661 301.749
301.487 301.573 301.731
285.128 285.298 285.454
285.122 285.316 285.469
285.300 285.383 285.584
285.251 285.379 285.510
301.572 301.695 301.792
285.414 298.409 301.785
285.353 286.262 288.124
301.545 301.716 301.839
285.237 285.320 285.461
285.217 285.306 285.403
285.095 285.246 285.359
301.451 301.601 301.851
285.108 285.254 285.379
285.363 285.478 285.549
285.117 285.268 285.415
285.257 285.390 285.581
285.233 295.094 301.626
301.581 301.714 301.889
285.175 285.326 285.557
285.178 285.286 285.370
301.471 301.651 301.835
301.593 301.699 301.808
285.258 285.307 285.383
301.545 301.636 301.746
301.542 301.656 301.832
285.165 285.246 285.386
285.260 285.393 285.599
285.135 285.232 285.350
301.517 301.637 301.691
285.117 285.214 285.374
285.109 285.207 285.319
285.108 285.316 285.457
285.155 285.268 285.343
285.243 285.353 285.474
301.658 301.712 301.776
285.074 285.304 285.411
285.169 285.239 285.407
301.568 301.671 301.766
285.114 285.262 285.348
285.228 285.410 285.531
301.612 301.683 301.915
285.171 285.302 285.477
285.146 285.321 285.483
285.161 285.321 285.397
301.565 301.722 301.864
285.185 285.262 285.342
285.166 285.325 285.471
285.143 285.332 285.528
285.259 285.393 285.547
285.151 285.301 285.611
285.270 285.385 285.501
285.139 285.240 285.336
285.260 285.401 285.507
301.525 301.623 301.777
285.189 285.371 285.436
285.165 285.324 285.479
285.233 285.312 285.378
285.093 285.258 285.394
301.479 301.696 301.944
301.482 301.664 301.805
301.667 301.776 301.923
301.534 301.667 301.852
285.153 285.250 285.337
285.176 285.311 285.439
285.204 285.401 285.693
285.179 285.289 285.455
285.236 285.367 285.520
285.276 285.356 285.557
301.528 301.697 301.864
301.548 301.653 301.719
285.140 288.616 301.554
285.277 285.363 285.476
285.130 285.252 285.355
301.623 301.668 301.741
301.624 302.040 303.311
285.158 285.306 285.545
301.724 301.797 301.853
285.137 285.282 285.372
301.555 301.743 301.832
301.618 301.747 301.852
301.697 301.836 301.980
285.238 285.315 285.417
285.296 285.391 285.491
285.232 285.366 285.703
285.275 285.413 285.606
301.585 301.681 301.795
301.578 301.770 301.986
301.627 301.737 301.993
301.543 301.767 301.966
285.365 285.418 285.541
301.619 301.785 301.988
301.645 301.774 301.961
301.624 301.719 301.830
301.680 301.743 301.834
301.477 301.642 301.800
285.249 285.344 285.384
285.373 285.475 285.657
301.641 301.815 301.978
301.664 301.752 301.916
285.199 285.319 285.424
285.126 285.361 285.476
285.121 285.292 285.426
285.216 285.458 285.652
285.370 285.412 285.439
285.173 285.361 285.500
285.159 285.356 285.444
285.192 285.476 286.235
301.588 301.756 301.924
285.293 285.380 285.474
301.569 301.770 301.943
301.632 301.780 301.943
301.590 301.695 301.954
301.707 301.819 302.037
301.634 301.741 301.802
301.583 301.706 301.892
285.278 285.365 285.569
301.556 301.800 301.975
301.610 301.700 301.801
285.443 285.507 285.574
301.621 301.690 301.776
301.499 301.670 301.881
285.239 285.649 286.849
285.192 285.398 285.628
285.256 285.468 285.595
301.605 301.683 301.753
301.558 301.759 301.974
285.238 285.396 285.598
301.620 301.819 301.995
285.291 285.475 285.717
285.281 285.397 285.511
285.145 285.332 285.647
285.267 285.458 285.730
285.231 285.362 285.538
285.266 285.405 285.452
301.564 301.738 301.967
301.516 301.661 301.738
301.646 301.732 301.849
301.643 301.721 301.813
301.530 301.626 301.812
285.170 285.278 285.404
285.136 285.302 285.598
285.244 285.384 285.556
285.205 285.323 285.493
285.194 285.377 285.535
301.626 301.722 301.859
285.115 285.266 285.443
301.559 301.654 301.771
285.229 285.352 285.468
285.128 285.359 285.599
301.522 301.676 301.863
301.647 301.719 301.789
301.450 301.629 301.704
301.514 301.640 301.769
301.554 301.683 301.818
285.208 285.347 285.576
285.248 285.381 285.536
301.515 301.638 301.746
285.252 285.345 285.412
301.626 301.737 301.854
301.669 301.740 301.881
301.533 301.758 301.970
285.281 295.175 301.913
285.355 285.415 285.480
285.267 285.353 285.413
285.355 285.456 285.579
285.199 285.406 285.503
301.487 301.665 301.785
285.236 285.383 285.457
285.184 285.326 285.443
301.571 301.702 301.904
285.431 295.214 301.927
285.348 285.414 285.504
285.191 285.311 285.419
285.222 285.310 285.368
285.299 285.343 285.370
301.547 301.767 301.911
285.233 285.378 285.440
285.285 285.422 285.601
285.148 285.320 285.460
301.492 301.710 301.868
301.513 301.585 301.737
285.178 285.352 285.443
301.549 301.742 301.988
301.676 301.730 301.815
301.764 301.795 301.844
285.184 285.344 285.531
301.642 301.739 301.836
285.185 285.350 285.490
285.259 285.354 285.545
285.265 285.417 285.558
301.569 301.687 301.842
285.272 285.359 285.468
301.546 301.624 301.748
285.262 285.353 285.479
285.145 285.360 285.516
285.225 285.393 285.553
301.569 301.708 301.813
301.612 301.779 302.003
301.559 301.799 302.110
285.344 285.421 285.515
285.202 285.393 285.568
301.461 301.685 301.992
301.534 301.684 301.872
301.583 301.662 301.801
301.665 301.771 301.881
301.673 301.768 301.979
301.544 301.695 301.928
301.587 301.762 301.984
301.493 301.632 301.727
285.275 285.376 285.495
285.263 285.348 285.420
301.574 301.663 301.782
301.573 301.681 301.946
285.141 285.369 285.561
285.279 285.384 285.508
285.193 285.311 285.570
285.165 285.347 285.511
285.295 285.457 285.571
301.590 301.717 301.771
285.236 285.430 285.550
301.614 301.690 301.791
285.099 285.261 285.487
301.573 301.730 301.886
285.169 285.397 285.590
285.275 285.463 285.657
285.246 285.452 285.641
285.177 285.376 285.592
301.536 301.675 301.769
301.525 301.713 301.952
301.538 301.759 302.045
301.577 301.754 301.980
301.630 301.786 301.930
285.300 285.368 285.429
285.424 288.533 292.248
285.299 285.675 286.774
301.823 301.864 301.958
301.639 303.756 306.673
302.009 303.352 304.607
285.318 285.486 285.633
301.613 301.907 302.391
301.745 302.294 303.144
285.269 285.537 285.951
301.949 303.874 305.509
285.226 286.329 288.088
285.285 286.803 289.877
285.181 298.748 302.931
285.221 285.675 286.180
285.288 285.443 285.578
285.352 285.479 285.614
285.169 285.336 285.509
301.512 301.735 301.901
301.526 301.662 301.925
301.621 301.749 301.931
301.548 301.692 301.875
301.592 301.786 301.887
301.577 301.704 301.887
285.319 285.399 285.460
301.719 301.822 302.034
285.305 285.417 285.616
285.197 285.286 285.384
301.515 301.692 301.938
285.174 285.341 285.547
301.603 301.658 301.708
301.501 301.659 301.815
285.226 285.349 285.546
285.109 285.233 285.418
301.613 301.747 301.912
301.532 301.768 302.077
301.589 301.689 301.837
285.149 285.295 285.413
285.169 285.310 285.481
301.596 301.675 301.718
301.582 301.738 301.868
285.169 285.281 285.496
285.359 285.401 285.478
301.615 301.697 301.832
301.693 301.782 301.920
285.300 285.388 285.540
301.626 301.689 301.786
285.379 288.740 301.914
301.603 301.698 301.853
285.189 285.375 285.561
301.592 301.820 302.129
285.259 285.350 285.498
285.189 285.356 285.558
285.121 285.302 285.576
301.564 301.686 301.821
285.356 285.631 286.233
285.187 285.533 286.090
285.189 285.489 285.952
301.754 302.245 302.723
301.620 301.760 301.873
301.563 301.828 302.158
301.668 301.766 301.852
285.157 285.274 285.442
285.217 285.397 285.625
301.464 301.626 301.818
301.460 301.775 301.965
301.674 301.929 302.279
285.354 285.581 286.057
285.175 285.406 285.676
301.604 301.727 301.871
301.634 301.775 302.056
301.592 301.748 301.916
285.095 285.470 285.800
301.493 301.877 302.150
301.540 301.612 301.711
285.180 285.358 285.501
285.143 285.310 285.396
285.107 285.261 285.489
285.190 285.357 285.546
301.508 301.628 301.791
285.082 285.278 285.407
301.517 301.694 301.892
285.285 285.446 285.623
285.227 285.342 285.538
301.541 301.705 301.830
285.172 285.271 285.419
285.222 285.376 285.475
301.572 301.793 301.968
301.559 301.702 301.886
301.590 301.710 301.942
301.511 301.661 301.881
285.268 285.390 285.512
301.758 301.852 301.913
301.519 301.646 301.854
285.292 285.421 285.578
285.153 285.438 285.639
301.580 301.647 301.697
301.640 301.749 301.886
301.557 301.709 301.858
301.503 301.593 301.737
301.509 301.729 301.900
285.199 285.373 285.505
285.159 285.370 285.533
285.252 285.429 285.711
285.139 285.329 285.535
285.110 285.208 285.387
301.513 301.596 301.740
285.210 285.373 285.596
285.117 285.269 285.414
285.266 285.328 285.387
301.508 301.629 301.827
301.502 301.585 301.744
301.519 301.690 301.806
301.461 301.651 301.733
301.504 301.671 301.888
285.175 285.312 285.388
285.260 285.384 285.611
285.126 285.205 285.372
285.154 285.322 285.429
285.060 285.269 285.412
285.141 285.278 285.435
285.204 285.269 285.435
285.160 285.309 285.560
285.185 285.362 285.607
285.147 285.314 285.441
301.522 301.592 301.731
285.164 285.375 285.512
285.473 298.456 301.992
301.515 301.648 301.805
285.286 285.442 285.524
285.209 285.331 285.455
301.531 303.142 304.684
301.514 301.606 301.749
285.058 285.299 285.460
285.208 285.333 285.592
301.645 301.828 301.937
301.580 301.793 301.961
301.545 301.659 301.746
285.199 285.427 285.633
285.175 285.285 285.338
285.168 285.233 285.381
301.492 301.683 301.943
285.105 285.359 285.637
301.601 301.699 301.771
285.161 285.342 285.516
301.561 301.685 301.813
301.612 301.744 301.887
285.232 285.377 285.450
301.515 301.614 301.743
285.129 285.209 285.236
285.201 285.326 285.448
301.600 301.736 301.964
285.167 285.254 285.377
285.253 285.398 285.523
301.544 301.673 301.842
285.099 285.215 285.381
301.533 301.659 301.851
301.510 301.725 301.875
285.207 285.345 285.433
285.210 285.328 285.424
285.135 285.261 285.506
301.645 301.765 301.916
301.618 301.713 301.838
301.554 301.637 301.786
285.187 285.301 285.451
285.099 285.238 285.544
301.671 301.775 301.891
285.135 285.188 285.260
285.207 285.304 285.365
285.216 285.383 285.525
285.210 285.349 285.531
285.180 295.174 301.906
301.553 301.671 301.872
285.193 285.310 285.583
301.588 301.745 301.832
285.167 285.248 285.361
285.105 285.175 285.265
285.182 285.286 285.383
285.177 285.395 285.528
285.130 285.277 285.434
285.083 285.226 285.514
301.507 301.627 301.755
301.669 301.710 301.744
285.175 285.268 285.393
301.518 301.717 301.932
285.205 285.423 285.606
301.573 301.642 301.789
285.229 285.370 285.488
285.299 295.128 301.796
301.528 301.657 301.900
285.216 285.358 285.444
301.541 301.636 301.740
285.138 295.132 301.787
285.178 285.339 285.509
301.584 301.714 301.809
285.174 285.356 285.577
285.229 285.324 285.432
285.162 285.440 285.693
301.477 301.566 301.697
285.155 295.081 301.763
301.593 301.693 301.768
301.554 301.615 301.692
301.505 301.630 301.729
301.577 301.700 301.818
301.557 301.633 301.723
301.497 301.618 301.797
285.170 285.241 285.438
301.498 301.614 301.792
285.242 285.384 285.513
285.255 285.381 285.533
285.124 285.217 285.378
301.504 301.706 301.886
301.488 301.656 301.963
301.490 301.643 301.851
285.168 285.310 285.454
301.490 301.609 301.745
301.582 301.721 301.796
285.241 285.375 285.470
301.547 301.619 301.689
285.131 285.234 285.329
285.149 285.215 285.331
285.184 285.333 285.494
285.193 285.345 285.558
301.501 301.637 301.809
301.679 301.807 302.056
301.519 301.621 301.688
285.085 285.255 285.388
285.211 285.331 285.550
301.502 301.711 301.811
285.167 285.341 285.575
285.157 285.310 285.533
301.542 301.691 301.956
301.695 301.831 301.932
301.564 301.781 301.978
301.608 301.698 301.794
301.527 301.645 301.743
285.181 285.387 285.523
285.204 285.257 285.353
301.711 301.863 302.086
301.709 301.751 301.798
285.193 285.328 285.630
285.123 285.297 285.534
301.594 301.727 302.096
301.581 301.686 301.899
285.240 285.385 285.483
285.187 285.366 285.689
301.478 301.616 301.780
301.475 301.667 301.876
301.497 301.624 301.972
285.154 285.308 285.535
301.578 301.705 301.912
301.668 301.737 301.838
301.565 301.658 301.813
285.334 285.392 285.500
285.147 285.273 285.393
285.172 285.356 285.470
285.212 285.300 285.386
301.535 301.599 301.695
301.713 301.787 301.940
285.143 285.315 285.504
301.634 301.790 301.946
301.497 301.659 301.933
301.621 301.740 301.851
301.508 301.679 301.896
285.126 285.263 285.461
285.301 291.860 301.642
301.513 301.651 301.745
301.493 301.594 301.726
285.206 285.328 285.451
301.522 301.589 301.693
285.190 285.314 285.522
285.256 295.134 301.876
301.504 301.599 301.646
285.199 285.357 285.560
285.228 285.333 285.458
285.126 285.255 285.361
301.516 301.631 301.776
285.113 285.362 285.604
285.144 285.224 285.366
285.143 285.231 285.326
301.528 301.656 301.818
301.498 301.635 301.751
301.608 301.842 302.299
285.228 285.304 285.383
285.289 285.376 285.426
285.137 285.284 285.432
301.540 301.682 301.934
301.585 301.669 301.802
301.562 301.730 301.821
301.537 301.673 301.791
301.527 301.656 301.751
285.225 285.423 285.656
285.133 285.174 285.272
285.258 285.309 285.374
301.497 301.561 301.668
285.251 285.321 285.360
285.235 285.305 285.390
285.261 285.376 285.468
285.174 285.296 285.493
301.526 301.672 301.763
301.672 301.767 301.855
301.542 301.650 301.871
285.166 285.331 285.441
285.111 285.232 285.378
285.156 285.264 285.435
301.501 301.690 301.880
301.528 301.669 301.824
285.194 285.270 285.394
301.541 301.661 301.838
301.548 301.815 302.386
285.199 285.332 285.480
301.550 301.734 302.030
285.230 285.251 285.322
285.127 285.217 285.363
285.128 285.376 285.483
285.117 285.228 285.409
285.242 285.452 285.571
301.526 301.604 301.815
301.700 301.744 301.814
301.626 301.726 301.845
285.171 285.359 285.575
301.531 301.701 301.870
285.216 285.352 285.488
301.612 301.718 301.795
301.492 301.727 301.858
301.557 301.624 301.674
285.277 285.376 285.544
301.495 301.616 301.804
301.595 301.718 301.824
285.249 285.317 285.379
285.192 285.349 285.531
285.143 285.292 285.510
301.470 301.681 301.801
285.229 285.376 285.531
285.311 285.400 285.487
285.135 285.266 285.378
301.508 301.652 301.796
301.571 301.704 301.822
285.127 285.286 285.460
301.552 301.694 301.850
301.559 301.678 301.815
285.155 285.243 285.403
285.219 285.388 285.492
285.205 285.297 285.396
285.120 285.271 285.457
301.555 301.669 301.793
301.573 301.693 301.913
285.135 285.249 285.456
285.115 285.186 285.286
301.628 301.686 301.742
301.464 301.532 301.590
301.698 301.744 301.817
285.144 285.286 285.371
285.119 285.369 285.500
285.266 285.417 285.577
285.216 285.302 285.395
285.132 285.358 285.561
301.531 301.808 301.945
285.149 285.241 285.355
285.308 285.384 285.418
301.449 301.652 301.884
285.185 285.336 285.527
301.588 301.915 302.773
285.244 285.427 285.564
285.184 285.354 285.497
301.553 301.665 301.919
301.492 301.691 301.841
285.132 285.354 285.611
285.105 285.234 285.365
301.606 301.703 301.856
301.540 301.652 301.755
301.633 301.784 301.942
301.552 301.670 301.965
301.471 301.622 301.748
301.533 301.663 301.758
285.152 285.260 285.393
301.529 301.627 301.749
301.489 301.582 301.709
285.160 285.377 285.533
285.146 285.269 285.405
285.155 285.384 285.609
301.498 301.565 301.609
285.272 285.425 285.589
301.481 301.607 301.734
301.536 301.650 301.786
301.556 301.628 301.764
285.319 285.383 285.436
285.187 285.359 285.511
285.344 298.445 301.995
301.548 301.710 301.860
301.509 301.665 301.780
285.113 285.330 285.502
301.541 301.726 301.933
285.280 285.373 285.443
285.231 285.370 285.508
301.521 301.680 301.834
301.590 301.674 301.821
285.111 285.292 285.381
285.206 285.321 285.383
301.506 301.703 301.910
285.239 291.834 301.554
285.124 285.336 285.470
285.149 285.352 285.598
301.476 301.616 301.717
301.479 301.604 301.817
285.192 285.225 285.294
301.490 301.700 302.001
301.642 301.755 301.878
301.466 301.621 301.816
301.681 301.757 301.890
301.490 301.600 301.823
301.514 301.644 301.781
285.364 285.495 285.564
301.493 301.634 301.944
285.128 285.259 285.397
285.097 285.285 285.467
301.535 301.643 301.748
301.531 301.625 301.689
301.508 301.608 301.858
301.475 301.680 301.918
301.518 301.669 301.839
301.518 301.629 301.756
301.639 301.723 301.912
285.104 285.291 285.431
301.565 301.620 301.734
285.293 285.427 285.581
301.664 301.720 301.825
285.205 285.346 285.477
285.089 285.234 285.444
285.218 285.273 285.471
285.152 285.292 285.441
285.325 298.379 301.723
301.467 301.717 301.811
285.161 285.303 285.450
285.156 285.276 285.354
285.124 285.363 285.487
285.312 285.404 285.477
301.602 301.669 301.758
285.123 285.318 285.453
301.468 301.586 301.652
301.445 301.587 301.710
301.482 301.683 301.907
285.127 285.259 285.372
301.469 301.583 301.707
301.570 301.684 301.747
285.161 285.286 285.483
301.415 301.568 301.867
301.526 301.678 301.976
285.116 285.296 285.462
301.559 301.702 301.977
285.107 285.199 285.369
301.542 301.628 301.755
301.495 301.586 301.645
301.587 301.726 301.848
301.566 301.637 301.703
301.466 301.580 301.772
285.124 285.232 285.380
301.562 301.709 301.786
301.591 301.710 301.909
301.437 301.586 301.756
285.142 285.301 285.472
301.490 301.594 301.850
285.199 285.264 285.365
301.463 301.613 301.820
285.114 285.238 285.381
301.490 301.656 301.777
301.583 301.722 301.863
301.476 304.473 306.315
285.157 285.320 285.480
285.119 285.326 285.524
285.129 285.393 285.667
301.518 301.659 301.868
285.258 285.312 285.398
301.518 301.680 301.754
301.482 301.606 301.809
301.545 301.635 301.729
301.575 301.630 301.723
301.484 301.650 301.816
285.348 285.493 285.619
285.145 285.341 285.479
301.557 301.685 301.842
285.236 285.317 285.386
301.565 301.640 301.794
301.523 301.703 301.866
301.463 301.588 301.704
301.578 301.703 301.808
301.531 301.635 301.752
301.442 301.617 301.755
301.496 301.594 301.744
285.207 285.283 285.555
285.170 285.390 285.521
285.129 285.305 285.481
285.143 285.290 285.492
285.283 285.420 285.527
285.217 285.464 285.628
301.559 301.651 301.878
301.530 301.678 301.770
301.546 301.637 301.769
301.503 301.656 301.786
285.235 285.400 285.585
301.506 301.604 301.706
301.521 301.649 301.701
285.312 291.843 301.598
285.165 285.283 285.436
301.521 301.693 301.943
301.547 301.688 301.812
285.182 285.354 285.541
301.580 301.705 301.833
285.196 285.308 285.377
301.714 301.790 301.844
285.193 285.288 285.372
285.293 285.390 285.454
285.108 285.293 285.428
285.094 285.264 285.400
285.136 285.467 286.052
301.430 301.637 301.909
301.545 301.662 301.885
285.224 285.367 285.433
285.292 285.351 285.509
301.501 301.701 301.829
301.438 301.607 301.784
285.152 288.588 301.866
285.161 285.309 285.477
301.665 301.745 301.829
301.451 301.618 301.741
301.511 301.655 301.791
301.498 301.628 301.731
285.126 285.251 285.436
301.501 301.584 301.644
285.172 285.366 285.542
285.196 285.358 285.532
301.505 301.610 301.752
301.695 301.828 301.963
301.525 301.648 301.856
301.560 301.779 302.211
285.179 285.251 285.396
285.155 285.203 285.297
301.514 301.594 301.668
285.086 285.262 285.365
301.553 301.578 301.600
285.285 285.355 285.405
301.533 301.608 301.694
301.646 301.739 301.837
301.475 301.668 301.869
301.510 301.603 301.726
301.499 301.613 301.720
301.511 301.661 301.968
285.182 285.285 285.453
301.582 301.634 301.681
285.172 285.265 285.381
301.493 301.658 301.841
285.154 285.198 285.259
301.536 301.702 301.890
301.565 301.696 301.856
301.623 301.717 301.813
301.530 301.588 301.730
301.509 301.580 301.669
301.540 301.660 301.747
301.461 301.689 301.873
301.497 301.558 301.693
285.227 285.311 285.469
285.139 285.202 285.261
301.510 301.595 301.695
285.214 285.347 285.475
301.493 301.606 301.754
301.546 301.661 301.858
301.463 301.621 301.822
285.280 285.435 285.567
285.128 285.249 285.382
301.517 301.627 301.759
301.533 301.682 301.777
301.517 301.683 301.966
285.217 285.362 285.486
285.100 285.278 285.436
301.510 301.689 301.958
301.517 301.697 301.852
301.450 301.603 301.836
301.567 301.714 301.841
285.079 285.327 285.600
301.535 301.638 301.780
285.134 285.220 285.496
285.264 285.309 285.367
301.555 301.652 301.831
301.509 301.619 301.750
301.470 301.592 301.896
301.453 301.704 301.978
301.634 301.830 302.442
303.001 303.095 303.218
303.102 303.245 303.410
302.957 303.084 303.352
286.543 286.761 286.998
286.647 286.757 286.886
0 0 0
285.275 285.368 285.404
301.394 301.557 301.699
285.159 285.253 285.429
285.406 286.300 288.512
285.443 285.568 285.727
323.333 323.470 323.563
323.249 323.459 323.638
323.479 323.539 323.632
285.301 285.453 285.752
285.359 285.501 285.641
285.694 311.536 323.551
301.573 301.663 301.743
301.579 301.712 301.804
285.239 285.361 285.497
285.279 285.352 285.516
285.136 285.297 285.472
301.605 301.697 301.830
285.232 285.378 285.488
301.443 301.652 301.787
285.144 285.363 285.506
301.547 301.720 301.851
301.510 301.639 301.819
301.550 301.691 301.782
285.117 285.352 285.663
285.148 285.324 285.465
285.165 285.293 285.535
285.151 285.319 285.554
301.484 301.579 301.697
301.510 301.692 301.855
301.495 301.601 301.790
285.175 285.306 285.474
285.138 285.333 285.668
285.097 285.317 285.523
301.459 301.612 301.766
285.137 285.283 285.579
285.165 285.354 285.561
285.146 285.285 285.493
285.186 285.292 285.356
285.163 285.234 285.357
285.373 285.416 285.484
301.621 301.686 301.771
285.201 285.293 285.402
301.485 301.629 301.717
301.547 301.637 301.684
285.291 285.397 285.570
285.130 285.291 285.427
301.462 301.610 301.964
301.546 301.678 301.772
301.520 301.675 301.821
301.554 301.677 301.798
285.236 285.310 285.404
301.497 301.743 301.861
301.484 301.597 301.688
301.488 301.676 301.826
301.544 301.659 301.839
285.275 285.370 285.499
301.459 301.585 301.754
285.177 285.290 285.425
301.426 301.654 301.849
301.621 301.742 301.836
301.448 301.625 301.954
301.450 301.568 301.801
285.083 285.270 285.497
285.366 285.436 285.534
285.164 285.227 285.356
285.210 285.358 285.486
301.519 301.709 301.817
301.488 301.656 301.756
285.306 285.397 285.573
301.560 301.646 301.716
301.523 301.724 301.811
285.261 285.316 285.365
301.620 301.713 301.827
301.579 301.770 301.948
301.613 301.679 301.750
285.194 285.329 285.510
285.275 285.426 285.616
285.114 285.341 285.542
285.352 285.472 285.569
301.515 301.637 301.711
301.659 301.751 301.878
285.108 285.429 285.630
301.542 301.639 301.782
301.550 301.768 302.003
285.204 285.303 285.497
285.154 285.284 285.421
285.230 285.446 285.526
285.115 285.296 285.409
301.486 301.655 301.891
285.113 285.366 285.723
301.496 301.741 302.014
285.177 285.260 285.357
285.149 285.319 285.516
285.148 285.273 285.413
301.526 301.702 301.893
285.117 285.266 285.554
301.494 301.642 301.779
301.570 301.687 301.774
285.214 285.318 285.402
285.149 285.283 285.497
285.120 285.307 285.449
301.514 301.698 301.987
301.637 301.695 301.833
285.179 285.346 285.478
301.480 301.677 301.884
285.054 285.259 285.442
285.152 285.259 285.309
285.128 285.258 285.373
285.224 285.428 285.564
285.245 285.424 285.510
301.521 301.660 301.852
301.503 301.672 301.782
285.250 285.315 285.403
285.211 285.310 285.450
301.621 301.697 301.801
301.496 301.563 301.682
301.545 301.678 301.794
301.534 301.728 301.855
285.213 285.298 285.409
285.176 285.385 285.586
301.579 301.730 301.950
301.595 301.751 301.896
301.584 301.660 301.720
301.461 301.663 301.884
285.225 285.349 285.501
285.246 285.388 285.532
285.167 285.400 285.542
285.289 285.397 285.511
285.308 285.430 285.506
285.196 285.270 285.413
285.176 285.353 285.562
301.668 301.759 301.823
285.178 285.273 285.450
285.135 285.338 285.513
301.520 301.610 301.740
301.657 301.832 302.337
285.188 285.321 285.512
301.493 301.614 301.687
301.521 301.643 301.792
301.546 301.650 301.755
285.181 285.265 285.344
301.674 301.713 301.752
285.317 285.416 285.467
301.476 301.604 301.719
301.651 301.765 301.852
285.209 285.330 285.508
301.534 301.747 301.928
285.270 285.431 285.522
301.648 301.718 301.811
301.554 301.631 301.677
285.158 285.384 285.485
285.240 285.393 285.539
285.255 285.356 285.493
301.522 301.594 301.645
285.202 285.284 285.410
285.126 285.270 285.416
285.190 285.297 285.451
301.560 301.672 301.901
285.178 285.344 285.479
301.548 301.641 301.817
301.517 301.718 301.931
301.650 301.804 301.980
285.228 285.296 285.356
285.201 285.309 285.447
285.406 285.498 285.662
301.655 301.784 301.861
285.137 285.291 285.629
285.221 285.315 285.512
285.107 285.264 285.382
285.200 285.414 285.567
285.215 285.434 285.677
285.156 285.319 285.550
285.343 285.404 285.486
285.161 285.337 285.563
285.168 285.263 285.436
301.544 301.620 301.701
285.091 285.301 285.497
285.154 285.390 285.629
301.624 301.721 301.833
285.296 285.358 285.443
285.254 285.351 285.455
301.621 301.706 301.811
301.528 301.754 301.880
301.509 301.619 301.752
301.467 301.602 301.716
285.104 285.346 285.686
301.484 301.645 301.977
285.159 285.286 285.392
285.232 285.349 285.434
285.357 285.385 285.408
301.462 301.645 301.897
285.200 285.344 285.488
301.548 301.646 301.851
301.572 301.637 301.753
285.156 285.330 285.521
285.143 285.236 285.335
301.586 301.849 302.029
301.514 301.670 301.819
301.539 301.711 302.033
301.525 301.610 301.774
301.539 301.786 301.996
301.608 301.727 301.794
285.482 286.590 289.056
301.516 301.733 301.944
301.487 301.657 301.833
301.530 301.651 301.762
301.639 301.728 301.927
301.533 301.647 301.786
301.562 301.671 301.832
285.141 285.338 285.448
285.227 285.316 285.383
285.221 285.390 285.869
301.547 301.689 301.737
301.547 301.744 301.869
301.620 301.777 301.887
301.571 301.696 301.862
285.223 285.376 285.624
285.229 286.693 288.396
301.472 301.644 301.781
285.180 285.298 285.414
301.520 301.680 301.902
285.218 285.364 285.532
301.506 301.769 301.921
285.179 285.396 285.546
301.604 301.747 301.900
285.173 285.333 285.497
301.495 301.672 301.778
285.214 285.401 285.507
285.228 285.382 285.546
285.319 285.446 285.677
285.210 285.343 285.562
301.686 301.765 301.861
301.583 301.723 301.939
285.312 285.446 285.575
301.604 301.818 301.981
285.383 287.089 289.007
285.229 285.574 286.288
285.202 285.461 285.643
285.272 285.717 286.785
301.679 303.003 305.622
301.571 302.898 305.239
301.727 301.995 302.542
285.370 287.154 290.194
301.616 301.955 302.627
285.239 286.108 287.299
301.624 302.209 302.825
301.671 301.933 302.438
301.687 302.237 303.723
285.268 286.410 288.047
285.170 285.459 285.595
285.191 286.145 288.592
285.174 285.814 286.734
301.723 301.790 301.975
285.228 286.588 289.441
285.326 285.469 285.761
302.101 302.578 303.007
301.861 303.348 305.409
285.406 286.062 287.457
285.252 286.521 288.266
284.216 284.307 284.378
284.292 290.992 300.988
300.582 300.735 300.959
300.448 300.572 300.787
300.525 300.722 300.940
300.753 300.795 300.861
300.557 300.718 300.956
284.093 284.314 284.433
300.586 300.691 300.744
300.544 300.765 300.938
300.704 300.790 300.981
300.566 300.766 300.905
300.693 300.836 301.064
284.212 284.281 284.440
284.218 284.400 284.474
300.569 300.649 300.709
284.175 284.320 284.608
300.604 300.690 300.844
300.620 300.676 300.724
300.606 300.730 300.828
284.184 284.301 284.376
284.209 284.360 284.507
284.190 284.230 284.298
300.519 300.668 300.794
284.246 284.365 284.508
284.193 284.286 284.339
284.194 284.463 284.571
284.144 284.362 284.559
284.139 284.335 284.449
284.155 284.300 284.455
284.235 284.395 284.603
300.568 300.731 300.982
300.648 300.738 300.791
284.219 284.362 284.429
300.731 300.834 300.997
300.662 300.762 300.908
284.191 284.327 284.417
284.158 284.366 284.522
300.532 300.707 300.918
284.398 297.512 300.966
284.108 284.253 284.445
300.517 300.603 300.742
300.618 300.732 300.782
284.269 284.402 284.573
300.585 300.682 300.767
284.191 284.259 284.404
300.623 300.727 300.844
284.123 284.274 284.418
300.575 300.698 300.933
300.686 300.799 300.976
284.162 294.002 300.571
284.228 284.327 284.397
284.159 284.280 284.538
300.675 300.741 300.836
284.236 284.363 284.501
284.152 284.274 284.494
284.110 284.309 284.431
284.123 284.286 284.400
284.149 284.206 284.247
284.153 284.241 284.360
300.545 300.681 300.809
300.520 300.658 300.810
284.174 284.271 284.362
284.174 284.342 284.614
284.104 284.221 284.501
300.708 300.799 300.877
300.561 300.585 300.613
284.216 284.276 284.378
284.197 284.318 284.459
284.156 284.332 284.661
284.148 284.286 284.416
284.171 284.311 284.499
284.148 284.242 284.309
300.550 300.610 300.665
284.228 284.447 284.572
300.513 300.631 300.861
301.502 301.616 301.779
285.245 285.313 285.374
301.541 301.689 301.914
301.600 301.689 301.880
285.214 285.325 285.390
285.255 285.398 285.589
285.160 285.447 285.548
285.200 285.305 285.468
285.207 285.266 285.396
285.186 285.303 285.466
301.483 301.634 301.742
301.453 301.643 301.753
301.607 301.702 301.906
301.613 301.756 301.931
301.536 301.650 301.777
285.045 312.904 423.921
285.153 285.221 285.381
301.631 301.674 301.746
301.495 301.722 301.872
285.308 285.516 285.776
301.611 301.684 301.795
301.538 301.748 301.996
301.552 301.697 301.836
301.519 301.675 301.775
301.991 303.287 304.348
285.209 285.299 285.470
285.207 285.380 285.468
285.163 285.203 285.299
285.194 285.292 285.456
301.480 301.669 301.831
285.262 285.323 285.401
301.532 301.740 301.830
285.136 285.304 285.477
301.523 301.695 301.810
285.266 285.355 285.440
285.155 285.246 285.299
301.444 301.589 301.719
301.499 301.618 301.749
285.347 285.392 285.437
285.142 285.256 285.346
285.090 285.255 285.407
285.177 285.261 285.310
285.148 285.319 285.400
285.062 285.137 285.271
301.546 301.680 302.014
301.528 301.600 301.721
285.123 285.241 285.473
301.537 301.618 301.765
301.463 301.628 301.868
301.526 301.657 301.818
301.484 301.626 301.789
301.481 301.552 301.616
285.184 285.332 285.656
301.553 301.706 301.930
301.507 301.583 301.723
301.437 301.575 301.743
301.506 301.641 301.754
301.521 301.672 301.846
301.572 301.676 301.782
285.111 285.344 285.626
285.264 285.331 285.398
285.240 285.381 285.534
285.135 285.222 285.413
285.136 285.238 285.360
301.526 301.662 301.840
285.151 285.236 285.328
285.137 285.343 285.453
285.116 285.216 285.375
285.191 285.315 285.522
285.156 285.253 285.318
301.495 301.705 301.897
301.483 301.619 301.754
301.530 301.760 301.920
301.481 301.623 301.875
285.128 285.243 285.414
285.159 285.318 285.457
285.091 285.225 285.343
301.436 301.609 301.871
301.506 301.616 301.715
301.508 301.544 301.609
301.523 301.630 301.762
301.537 301.646 301.817
301.577 301.681 301.743
285.133 285.224 285.332
301.479 301.660 301.796
285.164 285.330 285.526
285.198 285.371 285.519
285.128 285.280 285.346
285.095 285.229 285.442
301.636 301.712 301.852
301.617 301.802 301.939
301.498 301.665 301.896
301.508 301.687 301.941
301.519 301.712 301.869
285.192 285.334 285.609
285.188 285.332 285.561
301.508 301.640 301.769
285.205 285.369 285.474
285.137 285.307 285.438
285.198 285.332 285.531
301.571 301.658 301.750
301.458 301.617 301.776
285.189 285.228 285.285
285.145 285.241 285.359
301.530 301.659 301.771
301.459 301.586 301.696
285.224 285.365 285.461
301.596 301.743 301.884
301.618 301.681 301.781
301.616 301.722 301.812
301.533 301.629 301.672
301.514 301.712 301.936
285.124 285.228 285.398
301.519 301.689 301.873
301.489 301.684 301.949
285.278 285.334 285.428
301.445 301.616 301.836
285.235 285.292 285.426
285.125 285.227 285.345
285.315 285.430 285.521
285.138 285.322 285.664
285.124 285.296 285.516
301.581 301.683 301.846
285.084 285.239 285.342
301.536 301.644 301.786
285.219 285.369 285.534
301.522 301.617 301.712
301.596 301.706 301.903
285.094 285.283 285.436
285.164 285.307 285.435
285.112 285.270 285.458
285.194 285.278 285.346
301.541 301.704 301.749
301.530 301.700 301.832
285.107 285.259 285.372
301.472 301.604 301.779
285.167 285.272 285.434
285.170 285.309 285.529
301.500 301.565 301.612
285.084 285.273 285.603
285.143 285.228 285.390
301.531 301.639 301.763
285.104 285.377 285.861
301.474 301.695 301.918
301.435 301.556 301.666
301.462 301.605 301.793
285.311 285.368 285.501
285.322 285.385 285.550
301.622 301.729 301.980
285.321 285.434 285.753
285.132 285.307 285.413
285.146 285.341 285.559
285.138 285.290 285.434
285.102 285.319 285.472
301.482 301.664 301.748
285.104 285.306 285.618
301.512 301.613 301.677
301.613 301.719 301.906
285.148 285.280 285.469
301.450 301.603 301.694
301.571 301.661 301.765
285.117 285.215 285.308
285.194 285.269 285.369
285.140 285.217 285.445
285.220 285.320 285.380
285.171 285.297 285.359
285.136 285.241 285.374
301.590 301.682 301.800
301.473 301.582 301.682
301.537 301.639 301.750
301.467 301.741 301.893
285.208 288.577 301.830
285.244 285.354 285.472
285.246 285.415 285.497
285.155 285.326 285.491
301.440 301.561 301.722
285.163 285.306 285.447
285.170 285.352 285.504
285.271 285.437 285.619
285.130 285.323 285.479
285.190 285.333 285.526
285.084 285.314 285.435
285.235 285.347 285.563
301.585 301.711 301.878
301.476 301.606 301.807
301.531 301.728 301.884
285.143 285.233 285.320
285.090 285.259 285.423
285.139 285.326 285.427
301.549 301.704 301.920
301.709 301.788 301.906
301.555 301.682 301.755
301.593 301.736 301.954
301.617 301.680 301.790
301.531 301.646 301.764
301.669 301.740 301.933
285.180 285.300 285.475
285.251 285.371 285.427
301.557 301.724 301.932
285.061 285.276 285.492
285.158 285.344 285.416
301.528 301.597 301.687
301.476 301.594 301.795
285.128 285.322 285.457
285.142 285.279 285.382
301.522 301.698 301.910
285.143 285.327 285.504
285.152 285.341 285.494
301.496 301.723 301.845
285.185 285.316 285.520
285.087 285.148 285.240
301.638 301.666 301.711
301.449 301.632 301.820
285.152 285.342 285.571
301.416 301.611 301.931
285.121 285.319 285.505
285.067 285.262 285.384
285.141 285.228 285.302
301.416 301.604 301.880
285.244 285.310 285.448
301.551 301.692 301.834
301.582 301.659 301.737
301.597 301.783 301.947
301.493 301.619 301.725
301.505 301.694 301.809
301.495 301.573 301.673
285.186 285.283 285.367
285.186 285.331 285.552
285.166 285.329 285.491
285.164 285.332 285.465
301.533 302.489 305.588
301.502 301.670 301.788
285.125 285.284 285.365
301.518 301.722 301.899
301.547 301.656 301.849
301.598 301.667 301.788
301.516 301.619 301.941
301.652 301.750 301.881
301.631 301.732 301.890
285.297 285.389 285.456
301.492 301.665 301.749
301.594 301.727 301.801
285.147 285.257 285.441
285.276 285.415 285.577
285.157 285.317 285.486
285.158 285.273 285.374
301.638 301.669 301.704
285.276 288.657 301.573
285.287 285.393 285.507
285.093 285.244 285.492
285.132 285.252 285.416
285.145 285.278 285.381
285.123 285.296 285.423
301.632 301.721 301.802
301.517 301.603 301.761
301.569 301.691 301.850
285.142 285.274 285.414
285.117 285.328 285.453
301.537 301.633 301.773
301.534 301.742 301.990
285.201 285.355 285.504
285.230 285.399 285.611
285.208 285.263 285.389
285.093 285.190 285.252
301.439 301.628 301.783
285.222 295.166 301.917
285.312 285.452 285.584
285.124 285.342 285.562
285.186 285.353 285.567
285.206 285.300 285.378
285.165 285.269 285.351
301.478 301.655 301.763
301.440 301.621 301.838
301.446 301.655 301.908
285.212 285.333 285.437
301.529 301.709 301.855
301.528 301.635 301.787
301.479 301.653 301.812
285.156 295.159 301.789
285.094 285.238 285.425
285.234 285.296 285.345
285.071 285.302 285.441
285.113 285.280 285.454
285.112 285.210 285.302
301.487 301.600 301.701
301.614 301.677 301.788
301.491 301.716 301.907
301.527 301.617 301.724
301.512 301.637 301.893
285.169 285.372 285.515
285.095 285.201 285.383
301.489 301.651 301.769
301.567 301.705 301.902
285.068 285.259 285.483
301.598 301.776 301.940
301.541 301.610 301.675
301.495 301.582 301.624
301.476 301.626 301.799
301.696 301.755 301.844
285.204 285.322 285.380
285.126 285.294 285.397
285.240 285.337 285.418
301.616 301.671 301.766
301.558 301.741 301.943
301.525 301.618 301.694
285.177 285.294 285.460
301.635 301.727 301.886
