175.718 175.805 175.863
175.742 176.013 176.426
175.743 176.093 176.632
175.760 175.942 176.456
175.787 176.016 176.836
175.917 176.106 176.686
175.795 175.921 176.050
175.743 175.833 175.975
175.789 175.948 176.219
175.823 175.995 176.276
175.837 176.068 176.616
175.756 176.005 176.627
175.844 176.029 176.200
175.822 175.867 175.900
175.738 175.971 176.131
175.734 175.950 176.360
175.733 175.807 175.862
175.761 176.044 176.253
175.745 176.128 176.514
175.722 175.828 175.954
176.000 176.140 176.390
175.853 176.100 176.455
175.852 175.941 176.015
175.827 176.217 176.688
175.785 175.880 175.975
175.814 175.912 176.057
175.826 175.901 176.081
175.819 176.102 176.922
175.787 175.926 176.081
175.881 176.032 176.420
175.929 176.030 176.129
175.975 176.237 176.537
175.795 176.178 177.118
175.870 176.140 176.853
175.778 175.912 176.198
175.775 176.017 176.349
175.818 176.008 176.303
175.760 175.899 176.154
175.820 176.929 180.853
175.836 176.084 176.631
175.776 175.884 176.038
175.829 176.048 176.600
175.812 175.947 176.171
175.691 175.811 175.954
175.722 175.851 175.989
175.861 175.890 175.926
175.750 175.977 176.152
175.762 175.838 176.049
175.761 175.927 176.264
175.744 175.958 176.269
175.919 176.084 176.351
175.892 176.027 176.437
175.772 175.839 175.942
175.772 175.853 175.972
175.886 175.997 176.226
175.767 176.152 177.162
175.793 175.871 175.973
175.745 175.976 176.175
175.765 176.070 176.619
175.995 176.081 176.200
175.763 175.814 175.902
175.780 175.905 176.243
175.803 175.901 175.959
175.825 176.636 179.553
175.840 175.977 176.301
175.730 175.869 176.255
175.811 175.932 176.064
175.836 175.993 176.296
175.816 175.943 176.162
175.863 175.950 176.062
175.795 176.400 178.119
175.804 175.893 175.987
175.927 176.021 176.145
175.819 176.182 177.400
175.757 176.819 180.587
175.778 175.876 175.958
175.750 175.987 176.195
175.789 176.084 176.450
175.788 175.862 175.969
175.908 176.152 176.863
175.789 175.877 175.985
175.780 175.996 176.409
175.832 175.993 176.143
175.774 176.002 176.265
175.851 175.902 175.956
175.867 175.988 176.141
175.897 175.989 176.180
175.754 175.845 175.933
175.779 175.968 176.235
175.685 176.208 177.070
175.765 175.922 176.029
175.750 175.930 176.027
175.871 175.973 176.036
175.808 175.868 175.979
175.802 175.984 176.385
175.778 176.058 176.608
175.852 175.959 176.255
175.850 176.118 176.618
175.820 175.973 176.238
175.903 176.084 176.544
175.811 175.901 175.987
175.816 176.037 176.176
175.847 176.096 176.569
175.687 175.915 176.218
175.770 176.066 176.739
175.909 176.199 176.694
175.956 176.340 177.355
175.779 176.065 176.272
175.895 175.984 176.081
175.791 175.950 176.131
175.919 176.139 176.759
175.829 175.995 176.160
175.859 176.137 176.753
175.803 175.926 176.190
175.960 176.151 176.359
175.964 176.020 176.135
176.124 176.333 176.478
175.861 176.039 176.152
176.119 176.455 177.242
175.948 176.043 176.107
175.778 175.911 176.177
175.823 176.057 176.309
175.811 176.364 177.008
175.851 176.058 176.342
175.867 176.031 176.283
175.864 175.964 176.092
175.836 176.045 176.306
175.875 176.169 177.106
175.978 176.239 176.635
175.814 176.018 176.392
175.927 176.115 176.573
175.786 176.070 176.639
175.790 175.937 176.218
175.796 176.448 177.460
175.952 176.108 176.291
204.717 234.352 258.934
175.879 176.175 177.058
175.851 176.160 176.865
175.835 175.957 176.287
175.916 176.122 176.381
175.869 176.117 176.469
175.787 175.943 176.268
175.881 175.978 176.109
175.987 176.038 176.083
176.055 176.234 176.708
176.009 176.089 176.177
175.956 188.796 239.420
175.939 176.537 177.621
175.937 176.095 176.407
175.998 177.951 184.142
175.855 176.022 176.205
175.865 175.994 176.170
175.963 176.798 179.187
175.934 178.471 188.343
175.959 176.066 176.239
175.856 176.204 177.015
175.895 176.060 176.196
176.002 176.305 176.572
175.918 176.072 176.432
175.802 175.990 176.539
175.790 176.030 176.239
175.795 177.344 181.956
175.978 176.231 176.590
175.853 175.971 176.085
175.832 176.090 176.388
176.090 176.340 176.503
175.798 176.136 176.642
175.920 176.326 176.863
175.840 176.089 176.259
175.921 178.037 185.019
175.941 176.273 176.596
175.856 176.068 176.290
175.861 176.325 176.746
175.791 176.571 178.851
175.829 176.816 179.673
175.889 176.096 176.557
175.835 176.139 176.600
175.828 176.012 176.304
175.805 176.130 176.712
175.927 176.314 176.916
175.951 176.403 176.707
175.852 177.589 183.200
175.911 176.088 176.215
176.063 180.736 194.880
175.883 176.166 176.810
177.396 177.641 178.155
176.135 176.854 178.206
176.267 177.113 178.301
175.928 176.835 177.468
176.131 177.305 178.165
175.975 176.548 176.967
175.837 176.466 177.560
175.989 176.210 176.321
175.802 176.856 179.021
176.133 176.793 177.613
175.920 176.456 177.382
176.088 178.544 185.856
175.884 176.339 177.209
176.025 176.262 176.828
175.748 175.912 176.118
176.068 176.544 177.280
175.820 176.016 176.134
175.897 176.009 176.155
176.002 176.480 177.501
176.088 177.025 179.436
175.882 176.796 179.618
175.971 177.112 179.128
175.968 176.780 178.051
176.082 177.103 177.677
176.180 176.786 177.396
176.032 176.665 177.834
175.870 177.053 177.680
176.067 176.738 177.498
176.263 178.313 183.265
175.910 176.754 178.760
176.677 182.794 203.125
176.422 177.220 178.232
176.471 183.164 204.519
176.232 177.577 178.053
176.350 179.184 186.208
176.622 177.842 178.506
177.595 177.969 178.463
176.123 177.178 178.416
177.825 178.452 180.046
176.165 181.524 198.517
176.147 176.254 176.418
175.888 177.452 178.637
176.032 176.189 176.465
175.875 176.689 177.618
176.152 177.149 179.394
175.969 176.742 178.781
176.443 176.724 177.253
175.850 176.128 176.602
175.912 175.964 176.036
175.856 176.597 177.437
175.978 176.286 176.512
176.138 177.110 180.470
176.149 177.372 178.845
175.867 176.467 176.906
175.980 176.133 176.498
175.933 176.360 176.789
176.009 176.710 178.159
176.090 176.746 178.050
176.026 176.637 178.792
175.958 176.294 176.829
176.062 176.877 178.034
176.047 178.347 186.814
176.153 176.776 178.038
175.910 176.503 177.320
176.363 177.329 178.081
176.408 177.010 177.777
176.347 177.294 178.175
176.080 176.477 177.272
175.897 176.252 176.512
175.982 176.416 177.097
175.896 176.075 176.294
176.173 176.608 177.634
175.838 177.115 178.157
176.134 176.467 176.729
175.859 176.092 176.380
175.803 176.570 177.372
176.024 176.077 176.190
175.956 176.070 176.289
175.859 176.056 176.220
175.930 176.130 176.525
176.104 177.399 181.819
176.050 176.421 176.982
175.890 176.072 176.430
175.952 176.375 177.188
176.093 176.534 177.269
175.952 179.329 192.433
176.035 176.335 176.725
176.202 176.284 176.491
175.877 179.948 194.406
175.826 176.357 177.854
176.049 176.600 177.718
175.899 179.387 192.930
175.988 178.510 186.382
176.041 176.114 176.282
175.995 176.132 176.318
176.336 177.490 180.232
176.134 179.809 189.337
176.118 176.702 177.756
176.030 179.323 188.269
176.244 178.562 181.107
175.910 176.043 176.167
176.017 176.126 176.263
175.855 176.074 176.364
176.003 176.126 176.294
176.561 177.706 179.901
175.874 176.262 176.737
176.083 181.457 200.854
175.989 179.307 191.275
176.088 176.682 178.061
176.283 180.471 183.654
176.163 182.082 201.853
175.920 178.131 179.496
176.254 177.352 180.052
175.839 176.991 181.111
175.918 177.583 183.217
175.890 176.169 176.628
176.173 176.671 178.266
175.947 176.802 178.955
176.120 178.811 187.350
176.070 176.624 178.469
175.982 176.243 176.776
175.870 180.777 197.662
175.949 176.040 176.156
175.925 176.119 176.548
175.895 176.031 176.153
175.829 176.570 178.167
176.157 176.396 176.911
176.047 178.787 182.707
175.962 176.032 176.126
175.834 180.556 198.769
176.117 178.041 182.553
175.954 176.146 176.596
175.928 184.052 194.363
176.130 176.509 176.836
194.211 197.390 200.892
175.918 182.803 194.191
180.501 187.303 191.390
176.784 181.695 188.043
176.221 179.286 181.549
181.994 185.143 188.098
175.919 176.174 176.522
175.928 176.289 176.723
176.065 176.270 176.651
175.948 176.040 176.201
176.040 179.087 188.547
175.939 176.299 176.618
175.989 176.129 176.210
175.988 176.237 176.474
175.981 176.200 176.450
175.907 176.031 176.243
175.931 176.680 179.366
175.904 176.055 176.245
175.853 176.010 176.141
176.247 183.285 195.065
175.903 176.186 176.858
175.901 176.545 178.608
176.011 177.839 182.272
175.858 175.979 176.107
176.027 176.701 177.964
176.563 177.045 178.034
175.900 176.477 177.255
176.051 176.476 177.269
176.239 178.539 185.731
176.247 176.349 176.428
176.054 176.343 176.784
175.849 176.857 178.051
176.106 176.233 176.374
175.929 177.606 183.510
175.986 176.329 177.207
175.888 176.307 177.006
176.337 176.803 177.536
175.974 177.482 178.586
176.135 176.676 177.562
176.077 177.481 179.338
176.046 176.423 177.110
175.935 178.072 182.524
176.043 178.751 186.798
177.111 179.871 183.153
176.132 177.870 179.966
178.011 178.849 180.798
175.960 177.176 178.529
176.112 177.704 179.965
176.418 178.787 182.927
176.087 177.264 178.501
176.006 177.059 178.284
176.051 177.810 179.398
177.991 180.718 188.715
176.371 178.378 181.730
177.894 178.487 178.930
176.893 177.696 178.758
177.896 178.803 180.527
176.172 177.279 179.319
176.200 178.894 181.127
176.301 178.685 180.027
176.020 176.532 177.555
176.520 176.816 177.167
176.751 179.056 185.670
175.973 177.857 180.514
176.126 177.019 178.456
175.844 177.000 178.336
176.138 176.786 177.743
176.184 177.888 181.001
175.907 176.101 176.255
176.298 176.355 176.404
176.041 177.786 180.250
175.945 177.418 179.760
177.149 183.010 193.923
176.440 177.358 178.063
176.752 177.822 179.301
176.860 178.869 183.023
176.505 180.089 187.191
177.118 178.541 180.867
176.104 177.624 181.233
176.529 178.839 184.090
177.337 179.564 182.514
176.128 179.060 182.391
177.207 180.028 186.345
178.141 181.174 183.477
177.842 179.087 181.356
176.616 178.576 183.624
176.038 178.211 182.076
180.322 181.101 182.001
176.336 180.077 184.664
175.842 176.971 179.428
176.458 178.831 181.853
176.147 178.007 183.983
176.130 177.747 182.353
176.145 178.186 180.670
176.023 177.621 181.955
176.062 177.534 178.949
176.339 179.016 183.411
176.627 180.074 183.813
176.393 180.238 188.054
176.126 177.319 178.050
175.956 178.165 183.203
175.918 177.613 181.643
176.118 179.141 181.420
176.191 177.617 182.067
175.818 179.379 188.556
176.276 179.405 185.445
176.085 177.223 180.487
176.284 178.217 179.480
176.122 178.884 184.713
175.907 176.366 177.348
175.942 176.197 176.432
176.108 176.402 176.927
175.889 176.161 176.672
175.879 176.233 177.103
175.891 176.089 176.612
175.970 176.326 177.445
176.033 177.589 182.769
175.996 176.697 178.186
176.023 176.558 178.031
175.879 177.292 178.592
175.991 177.585 181.111
175.852 175.996 176.269
175.962 176.077 176.258
175.836 176.075 176.283
175.881 176.401 177.895
175.914 176.013 176.180
175.832 176.741 179.950
175.882 176.095 176.565
175.924 177.483 183.216
175.831 176.027 176.391
175.941 175.966 175.994
199.702 201.490 203.723
199.015 201.863 204.588
199.046 200.840 204.057
176.012 176.477 177.521
175.900 175.975 176.135
175.943 176.095 176.313
189.342 199.965 209.046
175.803 175.959 176.073
184.650 184.668 184.686
175.847 175.941 176.141
175.806 175.957 176.145
175.982 176.024 176.083
175.754 175.889 176.040
176.008 176.135 176.369
175.852 175.969 176.160
175.866 175.980 176.082
175.818 175.913 176.030
175.811 175.989 176.155
175.829 176.022 176.154
175.883 176.051 176.306
175.943 176.336 177.731
175.960 176.131 176.361
175.878 175.974 176.126
176.072 176.217 176.396
175.804 175.927 176.014
175.891 176.028 176.168
175.930 176.067 176.279
175.959 176.039 176.097
175.978 176.319 177.159
175.942 176.037 176.141
175.813 176.104 176.312
175.906 176.027 176.136
175.828 176.055 176.375
175.939 176.029 176.115
176.163 176.375 176.593
176.127 176.425 176.779
176.133 176.249 176.359
175.948 176.057 176.166
175.906 176.051 176.143
175.884 175.991 176.230
175.806 176.103 176.289
175.880 175.933 176.033
175.912 176.052 176.320
175.751 175.881 176.077
175.944 176.066 176.201
175.978 176.068 176.235
175.711 176.255 177.256
175.926 176.074 176.179
175.919 176.020 176.113
175.849 176.117 176.480
175.756 175.998 176.211
175.908 176.004 176.077
175.961 176.046 176.136
175.919 177.959 185.843
175.938 176.083 176.268
175.828 175.931 176.108
175.796 175.908 176.071
175.910 175.967 176.070
175.845 175.913 176.014
175.957 176.139 176.303
175.809 175.927 176.012
175.829 175.988 176.149
175.833 176.190 176.890
175.824 176.050 176.254
175.878 175.997 176.199
175.851 177.004 178.941
175.941 177.429 183.101
175.908 176.057 176.440
175.907 177.424 182.996
175.838 175.934 176.048
175.909 176.015 176.117
175.725 175.891 176.044
175.826 175.964 176.174
175.883 175.964 176.066
175.873 176.005 176.302
175.879 176.082 176.212
175.898 177.180 181.827
175.883 176.001 176.087
177.136 179.040 180.766
175.901 176.063 176.247
175.907 176.046 176.173
175.955 176.051 176.139
175.776 176.000 176.446
175.962 176.204 176.494
175.842 175.954 176.078
175.861 176.121 176.235
176.103 176.138 176.177
175.957 176.066 176.179
176.001 176.154 176.487
175.991 176.130 176.355
175.892 176.360 177.444
175.916 176.921 180.612
175.893 176.011 176.175
175.923 176.069 176.348
175.955 176.110 176.307
175.979 176.175 176.525
175.923 176.136 176.336
175.879 175.996 176.078
175.955 176.298 176.969
175.831 175.950 176.086
175.889 176.207 177.032
175.909 176.018 176.152
176.018 177.553 182.828
175.934 176.073 176.234
175.772 176.090 176.294
175.941 179.670 187.301
175.865 176.017 176.258
176.012 176.234 176.349
175.893 175.982 176.083
176.079 178.258 186.642
175.913 176.050 176.241
175.882 176.059 176.233
175.975 176.195 176.560
175.902 177.316 182.402
175.990 176.163 176.437
175.962 176.070 176.118
175.932 176.012 176.141
176.036 176.204 176.331
175.763 176.034 176.355
176.129 176.417 177.171
175.902 175.950 175.988
175.865 176.033 176.341
175.808 176.081 176.510
175.838 175.985 176.185
175.754 176.112 176.302
175.889 176.018 176.145
175.834 175.941 176.054
175.811 176.008 176.266
175.955 176.101 176.211
175.991 176.070 176.150
175.932 176.000 176.132
176.006 176.147 176.295
175.837 176.068 176.413
175.914 176.070 176.243
175.951 176.167 176.630
175.946 176.072 176.203
175.938 176.065 176.202
175.816 175.997 176.139
175.846 175.947 176.117
175.749 175.930 176.106
175.794 175.986 176.124
175.970 176.106 176.198
175.825 175.960 176.128
175.970 177.893 185.066
175.784 175.938 176.098
175.983 176.355 177.594
175.966 176.419 177.688
175.815 176.004 176.396
175.844 175.976 176.092
175.934 176.194 176.559
175.728 176.044 176.471
175.869 176.075 176.455
175.917 177.570 183.926
175.773 176.012 176.160
175.877 175.993 176.050
175.893 176.525 178.920
175.770 175.863 175.953
175.897 175.980 176.072
175.880 175.950 175.982
175.884 175.949 176.025
175.841 175.973 176.080
175.832 175.948 176.055
175.770 175.904 176.030
175.891 175.934 176.009
175.909 175.949 175.975
175.772 175.871 176.038
175.819 175.883 175.993
175.861 176.164 177.085
175.747 175.895 176.050
175.794 176.004 176.337
175.883 176.020 176.172
175.796 175.882 176.032
175.751 175.870 176.070
175.879 175.938 176.009
175.813 175.910 176.060
175.672 175.857 176.115
175.707 175.879 176.078
175.815 175.990 176.131
175.891 175.999 176.151
175.814 176.014 176.207
175.790 175.922 176.061
175.797 175.842 175.921
175.862 175.934 176.017
175.837 175.985 176.244
175.928 176.013 176.158
175.846 175.906 176.004
175.825 175.925 176.123
175.840 175.917 176.004
175.891 175.979 176.048
175.878 175.985 176.172
175.770 175.949 176.075
175.752 175.946 176.035
175.848 175.926 175.998
175.818 175.927 176.003
175.827 175.880 175.933
175.958 177.939 185.719
175.766 175.880 176.083
175.977 176.021 176.052
175.737 175.817 175.939
175.770 175.877 176.005
175.704 175.868 176.023
175.662 175.885 176.055
175.773 175.896 176.003
175.765 175.800 175.854
175.795 175.887 175.965
175.820 175.928 176.040
175.820 175.976 176.203
175.882 177.933 185.846
175.737 175.851 176.035
175.720 175.959 176.159
175.786 175.932 176.073
175.910 175.963 176.050
175.824 175.917 176.029
175.799 175.879 175.996
175.891 176.033 176.196
175.790 175.848 175.916
175.830 175.873 175.928
175.699 175.880 176.062
175.886 175.937 176.061
175.692 175.809 175.905
175.717 175.825 175.920
175.876 175.959 176.110
175.846 176.037 176.351
172.695 172.781 172.950
172.713 172.846 173.154
172.656 172.788 172.894
172.694 172.788 172.951
172.665 172.746 172.858
172.672 172.827 172.916
172.731 172.848 173.095
172.808 172.926 173.120
172.864 172.941 173.080
172.714 172.818 173.068
172.695 172.759 172.918
172.736 172.832 172.945
172.762 172.868 172.925
172.700 172.783 172.892
172.736 172.892 173.015
172.706 172.766 172.865
172.649 173.970 178.785
172.721 172.806 173.011
172.644 172.762 172.869
172.654 172.844 173.310
172.681 172.807 172.884
172.636 172.791 172.896
172.695 172.837 172.977
172.704 172.789 172.835
172.748 172.879 173.067
172.674 172.769 172.878
172.701 172.762 172.879
172.734 172.834 173.007
172.737 172.854 172.973
172.767 173.151 174.498
172.704 172.762 172.822
174.879 174.929 175.017
174.853 174.942 175.015
174.873 174.968 175.075
174.902 174.997 175.089
174.778 174.891 174.957
174.886 174.921 175.023
174.887 174.970 175.046
174.851 174.901 174.971
174.826 174.920 175.003
174.858 174.981 175.053
174.807 174.879 174.918
174.934 174.978 175.018
174.813 174.926 175.091
174.832 174.911 175.063
174.817 174.972 175.039
174.859 175.008 175.098
174.892 174.965 175.057
174.818 174.977 175.060
174.928 175.054 175.154
174.903 175.070 175.440
174.857 175.629 178.456
174.876 174.950 175.011
174.874 175.007 175.122
174.859 174.915 174.974
174.855 174.895 174.978
174.890 174.991 175.071
174.870 174.964 175.269
174.863 174.949 175.042
174.800 174.873 174.950
174.788 174.857 174.921
174.815 174.906 175.058
174.809 174.911 174.983
174.833 174.999 175.122
174.815 174.878 174.926
174.896 174.954 175.019
174.787 174.959 175.095
174.938 175.027 175.142
174.824 174.970 175.125
174.844 174.912 175.060
174.871 174.949 175.044
174.903 174.968 175.065
174.747 174.902 175.025
174.892 174.965 175.078
174.851 174.944 174.995
174.778 174.884 174.992
174.782 174.844 174.915
174.828 174.957 175.200
174.753 174.833 174.898
174.919 175.045 175.181
174.882 174.939 175.049
174.797 174.874 175.025
174.815 174.886 174.992
174.755 174.896 175.009
174.849 175.023 175.224
174.839 174.984 175.058
174.834 175.499 177.730
174.678 174.873 175.007
174.723 174.893 175.006
174.823 174.909 174.964
174.858 174.893 174.936
174.850 174.927 175.014
174.792 174.908 175.067
174.887 174.968 175.025
174.823 174.889 174.928
174.796 174.933 175.133
175.028 175.053 175.113
174.711 174.986 175.174
174.789 174.894 174.961
174.706 174.963 175.213
174.888 174.966 175.050
174.858 174.939 175.021
174.965 175.047 175.142
174.771 174.907 175.104
174.798 174.942 175.023
174.833 175.805 179.383
174.847 174.951 175.024
174.879 174.974 175.088
174.890 178.361 191.882
174.814 174.899 175.054
174.808 175.047 175.230
175.002 177.131 185.424
174.815 174.960 175.071
174.884 174.983 175.067
174.742 174.852 175.039
174.796 174.932 175.064
174.757 174.860 174.982
174.871 175.000 175.159
174.813 174.861 174.907
174.749 174.980 175.410
174.884 174.967 175.172
174.795 176.544 183.181
174.831 174.994 175.095
174.895 174.970 175.022
174.718 174.888 175.046
174.878 174.969 175.068
174.954 175.017 175.101
174.745 179.892 199.885
174.847 174.909 175.067
174.792 174.961 175.235
174.864 174.905 174.933
174.847 174.930 175.079
174.832 175.106 175.535
174.874 174.993 175.241
174.807 174.911 175.053
174.853 174.941 175.066
174.851 174.999 175.309
174.663 175.060 175.588
174.791 174.884 175.003
174.838 174.922 175.063
174.835 174.987 175.126
174.769 174.906 175.154
174.761 174.925 175.052
174.858 174.990 175.177
174.817 174.908 175.104
174.843 174.934 175.060
174.771 174.844 174.971
174.873 174.985 175.128
174.906 175.126 175.782
174.956 175.041 175.093
174.905 174.948 174.987
174.832 174.925 175.002
174.802 174.917 175.023
174.866 175.045 175.216
174.778 174.923 175.155
174.780 174.963 175.099
174.775 174.913 175.034
174.998 175.086 175.180
174.785 174.951 175.091
174.855 174.972 175.043
174.858 174.914 175.010
174.743 174.891 174.980
174.903 174.958 175.027
174.823 174.918 175.009
174.861 174.897 174.946
174.769 174.927 175.164
174.962 174.990 175.055
174.942 174.987 175.054
174.778 174.843 174.945
174.964 175.008 175.091
174.861 174.903 174.925
174.807 174.919 175.077
174.830 174.970 175.389
174.793 174.909 175.134
174.859 174.921 175.077
174.765 174.805 174.848
174.756 174.920 175.065
174.873 174.968 175.260
174.756 174.949 175.061
174.833 174.929 175.068
174.821 174.867 174.953
174.875 174.943 175.013
174.830 174.914 174.987
174.797 174.846 174.879
174.895 174.985 175.161
174.955 175.023 175.114
174.841 174.946 175.031
174.805 174.962 175.228
174.926 174.979 175.021
174.840 174.917 174.975
174.844 175.036 175.262
174.810 174.914 175.123
174.828 174.868 174.903
174.790 174.854 174.902
174.808 174.964 175.076
174.753 174.860 174.928
174.825 174.991 175.105
174.781 174.897 174.979
174.778 174.872 174.948
174.819 174.922 175.024
174.924 175.113 175.330
174.901 174.981 175.079
174.776 175.250 176.653
174.852 174.887 174.954
174.850 177.153 185.935
174.881 175.012 175.095
174.754 174.985 175.209
174.842 174.934 175.013
174.834 174.958 175.044
174.803 174.894 175.051
174.833 174.981 175.281
174.839 174.936 175.104
174.833 175.010 175.233
174.884 174.982 175.127
174.850 174.891 174.959
174.869 174.920 175.058
174.932 174.989 175.069
174.822 174.950 175.104
174.827 174.927 175.005
174.867 174.890 174.930
174.727 174.888 175.076
174.925 174.993 175.114
174.814 174.979 175.142
174.795 174.896 174.969
174.895 175.009 175.083
175.016 175.108 175.243
174.895 174.984 175.123
174.896 174.979 175.152
174.883 174.981 175.049
174.864 175.061 175.235
174.975 175.079 175.305
174.890 174.948 175.057
174.881 174.982 175.127
174.785 174.907 174.993
174.900 174.965 175.083
174.760 174.909 174.979
174.849 174.917 174.987
174.818 175.002 175.261
174.853 174.964 175.124
174.881 175.233 175.831
174.978 175.043 175.103
174.708 174.940 175.102
174.820 198.149 290.785
174.887 174.975 175.044
175.008 175.113 175.320
174.968 175.017 175.056
174.859 174.933 175.045
174.916 175.019 175.144
174.988 175.087 175.204
174.950 175.039 175.153
174.896 175.039 175.280
174.847 174.994 175.301
174.817 177.029 185.389
174.863 174.964 175.034
174.894 175.022 175.212
174.789 176.243 181.541
174.842 174.955 175.146
174.844 175.005 175.287
174.961 175.106 175.502
174.836 174.982 175.082
174.921 175.116 175.383
174.857 174.958 175.163
174.874 175.011 175.130
174.925 174.984 175.134
174.921 175.054 175.164
174.939 175.057 175.129
174.927 175.104 175.186
175.035 175.083 175.148
174.837 175.024 175.305
174.932 175.149 175.440
174.896 174.940 174.997
174.892 175.020 175.253
174.920 175.101 175.406
174.918 175.216 176.125
174.956 175.101 175.333
174.914 175.055 175.182
174.912 175.011 175.113
175.057 175.092 175.130
175.109 175.312 175.843
174.946 175.067 175.276
174.975 175.088 175.178
174.873 175.195 175.656
174.953 175.065 175.145
174.820 174.973 175.092
174.922 175.783 178.934
174.963 175.104 175.254
175.086 178.633 192.463
174.983 175.115 175.245
174.960 179.368 196.666
174.951 175.227 175.605
175.001 175.217 175.752
174.892 175.050 175.165
174.941 175.292 176.141
174.786 175.079 175.421
174.951 175.326 176.191
174.878 175.067 175.554
175.088 175.166 175.245
174.876 175.053 175.160
174.893 176.353 181.842
175.026 175.262 175.492
174.768 175.020 175.168
174.833 175.026 175.181
175.083 175.314 175.459
174.924 180.104 200.492
175.008 176.788 182.944
175.000 175.176 175.406
174.763 175.183 175.758
175.104 175.273 175.686
174.914 175.204 175.601
174.957 175.040 175.207
174.927 175.008 175.083
174.952 175.812 178.720
174.936 175.088 175.258
174.968 175.055 175.168
174.993 175.093 175.247
174.852 174.996 175.117
175.032 175.221 175.596
175.165 176.425 180.271
174.843 175.143 175.894
174.870 175.397 177.033
174.893 175.292 175.916
174.872 174.991 175.191
175.059 175.167 175.414
174.956 175.202 175.452
175.005 177.595 184.155
175.049 175.306 175.492
175.080 175.383 175.981
175.029 175.073 175.184
174.957 175.261 175.724
175.019 175.131 175.395
174.913 175.412 176.630
174.900 175.075 175.296
175.034 175.290 175.637
174.941 175.227 175.643
175.094 175.228 175.374
175.033 175.536 176.967
175.098 175.398 175.966
174.985 175.715 177.528
174.960 175.406 175.825
174.966 175.622 176.584
175.060 175.250 175.608
175.194 175.498 175.704
175.087 175.253 175.392
175.544 175.979 176.426
175.047 182.994 213.413
174.968 175.360 175.554
175.280 175.577 175.949
174.901 175.034 175.209
175.145 175.612 176.311
175.005 175.283 175.720
174.950 175.249 175.770
174.969 175.214 175.555
174.958 175.274 175.615
174.938 175.285 175.686
174.935 175.344 175.873
175.194 175.671 177.099
175.185 175.421 175.876
174.966 175.431 175.741
175.366 175.945 176.542
174.864 175.240 175.685
175.057 175.433 175.940
175.000 175.177 175.625
175.026 175.918 178.221
175.013 175.425 176.320
174.949 175.076 175.462
174.997 175.093 175.255
174.924 175.030 175.261
174.966 175.245 175.860
174.951 175.175 175.494
174.960 175.731 177.256
174.883 175.260 176.247
174.881 175.399 176.102
175.143 175.472 176.110
174.962 175.339 175.938
175.038 175.383 176.226
174.905 177.314 185.574
175.077 175.447 176.663
174.990 175.714 177.155
175.014 175.104 175.280
174.892 175.271 175.984
174.941 175.006 175.039
174.937 175.069 175.396
174.894 175.088 175.493
174.994 175.094 175.321
174.922 175.319 176.466
174.970 175.283 175.956
174.973 175.039 175.077
174.937 175.077 175.210
175.081 175.670 176.576
175.081 175.395 176.020
174.931 175.401 176.647
174.873 175.099 175.497
174.942 175.088 175.268
175.091 176.863 183.579
174.930 175.189 175.411
175.024 175.377 175.754
174.845 175.262 175.927
175.003 175.192 175.589
175.023 175.052 175.104
174.986 175.980 179.510
174.974 175.076 175.298
174.952 175.021 175.150
174.876 175.161 175.338
174.942 175.073 175.183
174.860 175.205 176.107
174.993 175.196 175.583
174.980 175.112 175.321
174.994 175.250 175.422
174.948 178.342 190.868
174.949 175.092 175.238
175.078 175.306 175.779
175.061 176.959 183.965
174.965 183.101 205.294
174.980 179.813 198.520
174.924 175.063 175.325
175.002 176.383 181.548
175.040 175.566 176.825
175.128 176.629 182.219
175.084 175.206 175.318
174.979 175.449 176.223
174.963 175.318 175.939
174.981 175.066 175.243
174.936 175.141 175.274
175.001 175.385 175.640
174.920 175.153 175.291
175.043 175.261 175.436
175.024 175.238 175.627
174.930 175.099 175.395
174.900 175.072 175.186
174.981 175.066 175.288
175.155 175.526 176.448
175.029 175.247 175.455
175.022 177.919 187.850
175.057 175.222 175.547
174.993 176.059 178.405
175.022 178.245 189.813
174.889 175.211 175.583
175.055 176.746 182.682
174.912 175.193 175.608
174.963 180.176 198.233
174.967 175.079 175.182
175.016 175.222 175.817
175.017 175.421 176.299
174.943 175.287 175.771
174.961 175.572 176.585
174.978 175.129 175.333
175.096 177.867 187.987
175.045 175.153 175.373
174.898 174.959 175.039
174.963 175.116 175.219
174.870 175.410 176.845
174.909 176.295 177.935
175.103 180.484 198.889
175.025 175.257 175.977
174.923 175.024 175.176
174.892 175.249 176.122
174.972 175.547 176.573
174.996 175.266 175.508
174.981 175.224 175.730
174.981 175.268 175.543
174.995 175.210 175.365
175.035 175.095 175.169
175.024 175.091 175.152
175.121 176.573 181.230
174.966 175.108 175.384
174.935 175.034 175.179
174.911 175.230 175.715
174.919 175.137 175.305
175.129 175.502 176.374
174.967 175.071 175.183
175.042 175.229 175.413
175.126 175.320 175.510
175.102 175.299 175.762
175.006 175.140 175.391
175.046 175.178 175.351
175.081 175.377 176.243
175.030 175.450 176.284
174.993 175.087 175.251
175.012 175.290 175.988
174.950 175.254 175.669
174.956 175.063 175.243
175.288 175.429 175.648
175.073 175.671 176.176
174.899 175.129 175.417
174.985 175.416 175.833
175.023 175.469 175.998
174.920 175.103 175.302
174.852 175.056 175.227
175.001 176.490 178.644
174.854 176.688 179.224
175.057 175.200 175.383
174.937 175.237 175.448
175.008 175.267 175.604
175.014 175.344 175.852
174.976 175.291 175.583
174.884 175.095 175.237
175.016 181.769 202.738
174.935 175.103 175.220
175.217 177.925 188.177
174.881 175.101 175.296
174.886 175.386 175.984
174.981 175.332 176.232
175.131 175.411 176.380
174.981 175.165 175.338
175.018 179.782 198.260
174.896 175.133 175.594
174.997 175.132 175.338
175.014 175.327 176.187
174.875 175.039 175.369
175.183 175.330 175.516
174.869 175.108 175.296
175.109 175.552 176.469
174.973 175.325 175.817
175.032 175.134 175.277
174.933 175.045 175.225
175.123 175.179 175.297
175.029 175.347 175.913
174.919 175.043 175.134
174.890 175.305 175.729
174.897 175.041 175.143
175.057 175.244 175.446
175.309 175.603 175.789
175.011 175.114 175.384
174.883 175.195 175.752
174.926 175.110 175.287
146.672 147.121 148.347
146.749 146.927 147.066
146.883 147.197 147.789
146.624 146.756 146.947
174.878 175.878 178.429
175.066 175.103 175.137
174.966 177.486 186.017
174.974 175.087 175.212
175.019 175.116 175.222
175.087 175.396 176.300
174.944 175.083 175.269
174.999 175.076 175.176
174.934 175.107 175.479
174.983 175.154 175.341
174.974 175.129 175.413
174.972 175.608 176.504
198.623 227.954 259.312
182.363 204.607 236.009
174.972 179.590 187.241
175.516 187.788 223.405
175.132 182.100 209.737
175.452 182.027 203.838
175.349 176.558 178.834
175.311 175.729 176.251
175.450 176.132 177.910
174.938 175.194 175.779
174.898 176.093 178.625
174.968 175.474 175.891
175.213 175.933 177.851
174.918 175.240 175.664
174.996 176.519 177.993
174.967 175.313 175.676
174.982 175.065 175.223
174.925 175.377 176.144
174.773 175.001 175.316
175.031 175.229 175.797
174.969 176.163 179.807
174.958 175.268 175.727
174.889 176.841 182.548
174.966 175.675 176.916
174.996 175.126 175.252
174.973 175.073 175.224
174.932 175.007 175.066
174.893 175.004 175.216
174.981 175.055 175.151
174.950 175.041 175.107
175.005 175.108 175.228
175.043 175.424 176.674
174.982 176.385 181.466
175.014 175.406 176.355
175.057 175.265 175.453
175.051 178.158 190.222
174.932 175.127 175.697
174.915 177.540 187.179
174.946 175.098 175.383
174.998 175.083 175.223
174.934 175.164 175.533
174.926 176.050 179.333
174.931 175.494 176.966
174.930 176.568 182.785
174.935 175.101 175.268
175.118 175.152 175.217
175.067 175.160 175.320
174.997 175.278 175.526
174.876 174.946 175.044
174.904 175.164 175.581
175.000 175.237 175.448
174.958 175.040 175.161
175.094 175.185 175.244
174.940 175.176 175.656
174.918 175.034 175.194
174.979 175.072 175.154
174.883 175.022 175.216
174.829 175.195 175.869
175.031 175.262 175.669
175.004 175.064 175.158
174.973 175.135 175.396
175.014 175.577 177.224
175.013 175.198 175.496
174.877 175.059 175.367
175.045 175.323 175.648
174.953 175.446 176.399
174.881 175.116 175.643
175.036 175.165 175.407
174.945 175.055 175.209
175.013 175.179 175.354
174.963 175.171 175.383
175.004 175.147 175.460
175.091 175.592 177.287
175.105 175.250 175.608
174.955 175.125 175.412
174.791 175.117 175.372
174.803 175.069 175.453
174.948 175.465 176.913
175.008 175.149 175.443
174.992 175.128 175.245
174.885 175.166 175.507
174.979 175.287 175.654
174.973 175.227 175.468
174.940 175.076 175.176
174.882 175.181 175.537
174.942 175.106 175.332
174.976 175.148 175.261
174.946 175.174 175.528
174.870 174.994 175.164
174.968 175.057 175.169
175.103 175.206 175.458
174.866 175.003 175.093
174.916 175.070 175.207
174.902 175.136 175.494
175.059 175.205 175.561
174.927 175.201 175.509
174.982 175.445 176.021
175.004 175.186 175.371
174.908 175.153 175.550
174.881 175.071 175.553
174.938 175.086 175.282
175.033 175.288 175.473
174.882 175.099 175.363
175.028 175.152 175.319
174.901 174.984 175.055
174.922 175.183 175.528
174.995 175.113 175.360
175.005 175.244 175.543
175.030 175.147 175.489
174.894 175.185 175.465
174.976 175.281 175.652
174.974 175.181 175.742
174.982 175.061 175.183
174.941 175.168 175.387
174.975 175.077 175.221
175.054 175.143 175.248
174.871 174.988 175.123
174.934 175.115 175.285
174.933 175.144 175.312
174.844 175.216 175.784
174.966 175.101 175.230
174.999 175.354 176.171
174.957 175.146 175.363
174.895 175.024 175.160
174.840 175.060 175.212
174.964 175.265 175.765
174.903 175.053 175.189
174.892 176.593 183.127
175.019 176.115 179.647
175.046 175.151 175.280
175.056 175.252 175.602
174.967 175.094 175.404
174.938 175.078 175.309
174.944 175.184 175.494
174.963 175.192 175.303
175.056 175.199 175.344
175.101 175.219 175.454
175.012 175.232 175.559
174.888 175.088 175.263
174.978 175.196 175.591
175.113 175.250 175.373
174.873 175.168 175.525
174.913 175.014 175.205
174.908 175.118 175.460
174.982 175.098 175.414
174.916 175.033 175.192
174.923 175.175 175.366
175.137 175.317 175.531
175.059 175.132 175.221
174.913 175.019 175.110
174.887 174.989 175.098
174.916 175.080 175.258
175.002 175.209 175.654
174.917 175.323 175.650
174.947 175.122 175.303
174.896 175.134 175.300
175.235 175.286 175.363
175.035 175.176 175.545
174.888 175.082 175.278
174.979 175.089 175.353
174.813 175.226 175.751
174.912 175.006 175.078
174.849 174.981 175.127
175.110 175.240 175.397
174.929 175.051 175.154
174.976 175.059 175.120
174.988 175.047 175.139
175.077 175.219 175.376
174.920 175.111 175.399
174.918 175.136 175.291
175.018 175.332 175.821
174.900 175.033 175.188
175.049 175.253 175.438
174.920 175.086 175.316
175.063 175.129 175.193
175.111 175.233 175.435
174.925 175.107 175.256
174.899 175.060 175.278
174.947 175.140 175.379
174.899 175.119 175.492
174.864 175.108 175.315
174.952 175.181 175.410
174.924 175.140 175.575
174.947 175.150 175.539
174.883 175.136 175.456
175.099 175.250 175.424
175.030 175.325 175.909
175.103 175.259 175.503
174.917 175.097 175.430
174.813 175.520 177.298
174.975 175.089 175.254
174.843 175.089 175.324
174.910 175.132 175.592
174.957 175.092 175.290
174.812 174.912 174.992
174.923 175.042 175.124
174.895 174.994 175.166
174.900 175.186 175.426
174.874 174.952 175.081
174.902 175.181 175.445
174.902 174.941 174.998
174.877 175.456 177.253
174.884 174.978 175.096
174.903 175.067 175.346
174.916 174.976 175.101
174.876 175.008 175.094
174.875 175.072 175.440
175.028 175.093 175.122
174.926 175.021 175.114
174.889 174.987 175.183
174.774 174.990 175.268
175.051 175.245 175.549
174.854 175.049 175.488
174.880 175.006 175.084
174.843 174.988 175.126
174.952 175.009 175.043
174.894 174.932 175.008
174.835 174.937 175.026
174.992 175.358 175.914
174.989 175.193 175.515
175.080 175.178 175.493
174.937 174.990 175.061
174.862 174.941 175.035
174.876 175.008 175.153
174.862 174.950 175.129
174.982 177.120 185.406
174.919 174.944 174.994
174.919 175.033 175.264
175.005 175.266 175.590
174.814 174.910 174.988
174.854 175.007 175.303
174.738 174.863 175.052
174.859 174.990 175.342
174.885 175.071 175.293
174.695 174.918 175.045
174.897 174.951 175.070
174.858 175.088 175.513
174.909 175.008 175.283
174.860 175.016 175.124
174.918 174.980 175.049
174.821 174.983 175.053
174.876 175.054 175.478
174.860 174.975 175.081
174.860 175.651 178.434
174.897 174.956 175.071
174.867 174.915 174.955
174.824 175.010 175.161
174.751 175.097 175.686
174.793 174.986 175.190
174.835 174.922 174.968
174.867 175.058 175.200
174.848 174.917 175.001
174.910 174.966 175.004
174.801 174.978 175.095
174.823 174.870 174.929
174.844 175.153 175.548
174.814 175.008 175.223
174.859 174.943 175.157
174.845 174.918 175.047
174.979 175.134 175.603
174.795 175.090 175.509
174.863 174.942 175.122
174.964 175.167 175.451
174.840 174.917 175.004
174.875 175.122 175.608
174.846 175.020 175.335
174.856 174.956 175.051
174.778 175.026 175.284
174.918 174.993 175.051
174.795 174.962 175.283
174.731 174.976 175.090
174.827 175.070 175.448
174.871 174.979 175.075
174.711 174.842 174.940
174.924 174.960 175.018
174.908 175.105 175.327
174.842 174.906 175.001
174.791 174.989 175.227
174.907 175.084 175.251
174.850 174.991 175.192
174.865 174.937 175.033
174.853 174.931 174.991
174.801 175.187 175.504
174.838 174.929 175.022
174.818 175.025 175.400
174.823 175.061 175.424
174.867 175.141 175.474
174.904 175.277 175.689
174.992 175.151 175.407
175.007 175.167 175.638
174.903 175.023 175.281
174.846 175.004 175.291
174.871 175.180 175.722
174.856 175.000 175.419
174.850 175.289 176.051
174.803 174.986 175.248
174.871 175.001 175.150
174.894 175.175 175.782
174.992 175.180 175.654
174.878 175.062 175.306
174.819 174.985 175.104
174.838 174.887 174.960
174.836 175.084 175.608
175.088 175.231 175.437
174.867 175.119 175.411
174.864 175.071 175.498
174.866 175.009 175.274
174.871 174.955 175.067
174.911 174.964 175.110
174.765 174.909 175.020
174.849 174.999 175.084
174.920 175.329 176.868
174.875 175.033 175.229
174.877 175.096 175.418
174.819 174.947 175.290
174.879 175.115 175.726
174.857 174.942 175.022
175.000 175.156 175.347
174.818 174.998 175.170
174.857 175.271 175.826
175.056 175.316 175.710
174.850 174.972 175.176
174.904 175.123 175.507
174.816 175.036 175.397
174.843 174.945 175.041
174.872 175.066 175.675
174.792 175.146 175.562
174.910 175.153 175.558
174.841 174.910 174.957
174.850 175.011 175.359
174.882 175.036 175.208
174.873 175.117 175.447
174.829 175.067 175.454
174.791 174.912 175.044
174.847 174.956 175.055
174.782 174.967 175.070
174.763 174.946 175.022
174.760 174.924 175.055
174.882 175.006 175.229
174.832 174.942 175.102
174.835 174.924 175.019
174.754 174.931 175.043
174.878 174.980 175.212
174.811 174.996 175.147
174.707 174.887 175.037
174.807 174.909 175.004
174.931 174.981 175.035
174.770 175.479 177.883
174.914 174.962 175.041
174.845 175.046 175.634
174.765 174.983 175.154
174.806 174.934 175.088
174.887 175.034 175.327
174.856 174.954 175.067
174.823 174.878 174.935
174.768 174.898 175.015
174.849 174.975 175.076
174.807 174.953 175.173
174.756 174.930 175.056
174.885 174.989 175.153
174.809 174.897 174.987
174.848 174.897 174.936
174.821 174.878 175.001
174.719 174.918 175.044
174.827 175.009 175.411
174.840 174.992 175.175
174.794 174.951 175.131
174.825 174.994 175.100
174.791 174.905 175.094
174.828 174.909 174.969
174.791 174.885 174.952
174.797 174.952 175.099
174.887 175.021 175.280
174.839 175.016 175.236
174.749 174.864 175.048
174.852 174.942 175.075
174.898 175.005 175.169
174.770 174.841 174.916
174.733 174.848 174.940
174.869 175.010 175.264
174.799 174.902 174.988
174.870 174.941 175.027
174.825 174.949 175.085
174.810 174.915 175.180
174.828 174.875 174.927
174.884 174.976 175.110
174.897 174.961 175.004
174.762 174.865 174.919
174.852 175.002 175.128
174.874 174.967 175.052
174.778 174.887 175.063
174.850 174.926 175.053
174.718 174.888 175.011
174.797 174.914 175.124
174.690 174.889 174.983
174.823 174.991 175.149
174.814 174.950 175.198
174.822 174.932 175.096
174.762 174.867 174.975
174.814 174.922 175.094
174.797 174.862 174.929
174.821 174.940 175.087
174.840 174.866 174.935
174.795 174.878 174.919
174.769 174.892 174.997
174.811 175.005 175.192
174.757 174.908 175.146
174.838 174.972 175.250
174.838 174.923 175.016
174.903 175.024 175.145
174.818 175.332 176.014
174.820 174.887 174.954
174.847 174.975 175.185
174.857 174.949 175.080
174.868 174.930 175.090
174.803 174.990 175.085
174.911 176.335 181.754
174.954 175.073 175.224
174.849 174.960 175.091
174.885 174.971 175.087
174.868 175.142 175.992
174.987 175.051 175.146
174.703 174.853 174.937
174.794 175.071 175.319
174.949 175.072 175.155
174.872 175.035 175.203
174.845 175.044 175.212
174.877 175.110 175.656
174.782 174.959 175.088
174.931 175.053 175.255
174.860 174.955 175.083
174.796 174.932 175.104
174.915 174.985 175.086
174.820 174.956 175.107
174.857 174.939 175.041
174.801 174.930 175.038
174.889 174.955 175.028
174.832 175.020 175.410
174.862 174.939 174.994
174.851 175.106 175.572
174.807 174.893 175.016
174.785 174.932 175.099
174.828 174.887 174.942
174.881 175.000 175.116
174.859 175.632 178.397
174.801 174.856 174.904
174.777 175.017 175.684
174.820 174.882 174.983
174.864 175.053 175.301
174.866 174.949 175.032
174.857 174.920 175.016
174.832 174.942 175.115
174.809 174.931 175.088
174.842 174.976 175.105
174.859 174.982 175.259
174.846 174.883 174.978
174.908 175.028 175.202
174.967 175.034 175.202
174.877 174.962 175.089
174.792 175.007 175.572
174.850 174.933 175.045
174.956 175.018 175.180
174.776 174.889 175.031
174.798 174.870 174.980
174.929 174.977 175.052
174.853 175.934 179.666
174.890 174.995 175.136
174.850 174.967 175.047
174.870 174.988 175.104
174.834 174.964 175.130
174.838 174.987 175.256
174.885 174.960 175.025
174.837 174.989 175.147
174.849 174.928 175.047
174.870 174.992 175.390
174.806 175.021 175.176
174.959 175.014 175.074
174.825 174.980 175.146
174.847 174.901 174.961
174.816 174.893 175.025
174.883 175.035 175.137
174.913 175.018 175.094
174.900 174.991 175.210
174.808 174.961 175.297
174.841 174.986 175.423
174.869 175.034 175.255
174.895 175.041 175.127
174.926 175.000 175.052
174.878 174.939 175.101
174.810 174.972 175.122
174.809 174.973 175.251
174.861 174.956 175.091
174.820 174.929 175.095
174.845 175.330 176.611
175.023 175.066 175.133
174.828 174.980 175.125
174.872 174.957 175.090
174.851 176.824 184.094
175.027 175.126 175.309
174.847 175.008 175.231
175.041 175.148 175.338
174.908 175.105 175.375
174.906 175.002 175.098
174.972 175.114 175.250
174.888 175.140 175.672
174.990 175.046 175.092
174.847 175.135 175.626
174.881 174.996 175.151
175.040 176.790 183.664
174.929 175.117 175.234
174.901 174.953 175.018
175.085 175.203 175.300
174.750 175.002 175.182
174.895 175.125 175.225
174.967 175.090 175.237
174.942 175.224 175.859
174.978 175.094 175.240
175.067 175.110 175.180
175.019 175.501 177.217
174.898 175.103 175.358
174.938 174.992 175.047
175.057 175.339 176.342
175.062 176.667 181.675
174.916 175.218 175.759
174.935 175.151 175.636
174.941 175.261 175.767
174.916 174.991 175.120
174.869 175.102 175.334
174.827 175.158 175.642
175.095 175.756 177.823
174.945 182.131 210.250
174.829 174.972 175.144
175.004 175.200 175.681
174.907 175.040 175.215
175.098 175.526 175.703
174.942 175.054 175.207
174.865 174.955 175.023
174.949 176.322 181.092
174.934 175.133 175.358
174.982 175.036 175.095
174.862 175.135 175.799
174.899 175.131 175.465
174.882 175.043 175.184
174.905 178.591 193.053
174.778 177.908 189.267
174.860 175.024 175.215
174.921 175.029 175.140
174.827 175.005 175.166
174.977 175.040 175.113
174.839 174.986 175.113
175.110 175.394 176.139
174.976 175.102 175.279
174.935 175.071 175.389
174.881 175.063 175.390
175.055 175.375 175.953
174.916 175.038 175.232
175.001 175.091 175.165
174.879 175.307 175.583
174.990 175.145 175.366
175.049 175.174 175.393
175.043 176.299 180.388
175.305 181.504 204.595
175.947 178.581 183.949
175.046 175.396 175.871
174.839 174.966 175.056
174.900 175.382 176.558
174.978 175.299 175.857
174.909 175.332 175.665
175.150 175.389 175.616
175.157 175.361 175.506
175.155 175.733 176.305
175.314 175.499 175.827
175.012 182.043 208.262
174.963 175.279 175.597
174.891 175.957 179.687
174.902 175.033 175.108
174.995 176.616 181.062
174.857 175.088 175.462
175.152 175.377 175.705
175.049 175.264 175.431
175.001 175.352 175.980
174.918 175.205 175.792
175.146 180.521 201.777
175.062 175.926 178.409
174.986 175.124 175.335
175.122 179.800 198.085
175.070 176.433 181.621
174.833 175.077 175.233
174.901 175.066 175.261
175.088 175.156 175.353
174.922 175.202 175.701
175.154 177.434 184.474
174.935 175.537 176.158
175.080 175.176 175.242
174.993 175.206 175.433
174.868 175.163 175.486
174.911 174.993 175.148
174.915 174.957 174.997
174.917 175.253 175.692
174.916 175.115 175.240
175.017 175.310 176.277
174.952 175.109 175.330
175.006 175.155 175.301
175.044 175.217 175.506
175.123 176.271 180.335
175.215 176.503 180.691
174.891 175.029 175.216
175.023 175.262 175.616
174.955 175.132 175.252
175.156 175.319 175.664
174.942 175.156 175.336
174.799 176.102 177.548
174.892 175.099 175.285
174.908 175.063 175.199
175.121 182.830 211.438
174.957 175.436 176.235
174.876 175.411 177.040
174.969 175.155 175.481
174.954 175.207 175.727
175.019 175.540 176.005
174.995 175.612 177.221
174.909 176.142 180.012
174.894 175.143 175.259
175.054 175.109 175.228
174.934 175.006 175.082
175.049 175.371 175.842
174.950 175.059 175.419
174.877 175.044 175.257
175.149 175.303 175.760
175.045 175.493 176.543
175.022 175.173 175.409
174.936 175.136 175.363
175.019 175.263 175.707
174.882 175.421 176.933
175.046 176.193 180.573
174.838 175.044 175.160
174.975 175.149 175.434
175.035 175.117 175.199
175.173 175.460 176.158
175.109 175.381 175.850
174.971 175.111 175.264
174.791 175.015 175.134
174.885 175.462 176.429
174.968 175.402 176.317
175.005 177.172 185.428
174.975 175.440 176.863
175.106 175.327 175.599
175.006 175.141 175.321
174.985 175.149 175.383
175.078 175.219 175.483
175.160 176.125 179.451
174.882 175.168 175.347
174.982 175.193 175.369
175.064 175.398 175.909
174.760 175.167 175.371
174.884 175.146 175.440
174.992 175.063 175.145
175.382 175.769 176.228
174.786 175.085 175.194
174.853 175.021 175.104
175.185 177.219 184.366
175.087 175.210 175.427
175.060 175.278 175.535
174.921 175.145 175.394
175.006 175.577 176.260
175.004 175.326 175.880
175.071 175.176 175.303
175.038 175.169 175.372
174.936 177.335 185.183
175.039 175.371 175.954
174.958 175.192 175.360
174.954 175.111 175.270
175.214 176.920 178.937
175.628 176.250 177.623
175.627 176.298 177.400
175.017 178.582 188.726
174.936 175.194 175.543
174.996 176.922 182.803
174.958 175.077 175.164
174.955 175.331 176.030
175.005 175.287 175.552
174.934 175.370 176.092
174.929 175.153 175.421
175.115 177.394 186.228
175.026 175.115 175.311
174.966 175.071 175.250
174.933 175.149 175.376
175.072 175.206 175.402
175.072 175.213 175.338
175.008 175.641 176.397
174.933 175.005 175.080
174.954 175.060 175.270
174.972 175.137 175.362
174.903 175.020 175.223
175.433 175.550 175.739
174.985 175.229 175.728
174.958 175.159 175.273
174.991 175.194 175.360
174.858 175.295 175.698
175.041 175.231 175.485
175.001 188.384 211.143
174.981 175.125 175.430
174.914 175.280 176.286
175.010 175.480 176.688
174.992 175.173 175.290
174.995 175.556 176.908
174.924 179.206 195.373
175.072 175.297 175.606
174.923 176.658 182.446
174.923 177.763 187.851
175.012 175.207 175.381
175.070 175.460 176.509
175.024 175.316 175.816
175.186 175.347 175.787
175.127 175.220 175.293
174.942 175.163 175.513
174.985 175.180 175.332
174.972 175.137 175.438
175.145 175.444 176.243
174.941 175.010 175.131
175.016 175.540 177.042
175.050 175.235 175.472
175.024 175.130 175.289
174.998 175.233 175.389
174.886 175.092 175.272
174.941 179.509 196.461
174.930 175.104 175.516
174.925 174.997 175.088
175.143 175.567 176.785
175.000 175.264 175.664
175.104 176.456 181.552
175.117 175.928 176.659
175.009 175.164 175.359
175.003 178.819 193.961
174.959 175.035 175.112
174.956 175.240 175.731
175.027 175.533 176.344
175.060 175.321 175.814
174.867 174.926 174.976
174.828 175.244 176.127
175.034 175.254 175.910
174.972 183.966 218.837
175.041 175.170 175.312
175.065 175.172 175.354
174.981 180.552 201.810
174.952 175.101 175.276
175.114 175.374 176.019
174.899 175.054 175.275
174.998 175.157 175.364
175.033 179.088 194.779
174.965 175.356 176.186
175.048 176.767 183.091
174.879 175.182 175.555
174.996 176.817 183.783
174.873 175.058 175.354
174.959 177.879 189.102
174.936 175.682 177.335
174.913 175.088 175.347
175.009 175.277 175.579
175.024 175.165 175.343
175.170 175.596 176.158
174.998 175.475 176.679
175.042 175.115 175.196
174.998 175.135 175.316
174.969 177.373 184.907
174.888 175.173 175.455
175.058 175.286 175.628
174.931 175.176 175.649
175.051 175.679 177.516
174.861 174.949 175.072
174.990 175.447 176.714
174.896 175.039 175.134
174.952 175.257 175.854
174.975 175.222 175.490
174.907 176.100 178.239
174.882 175.086 175.246
174.882 175.096 175.439
174.929 175.165 175.951
174.941 175.228 175.585
174.954 175.426 176.422
175.078 175.256 175.377
174.917 175.077 175.296
174.970 175.137 175.526
174.996 175.290 176.187
174.890 180.504 200.941
175.156 180.651 202.423
174.984 175.159 175.376
174.912 176.381 178.583
174.938 179.166 195.732
174.995 175.308 175.623
174.915 175.026 175.239
174.993 175.220 175.659
174.951 175.024 175.092
174.962 175.088 175.273
174.831 175.236 176.102
174.904 175.114 175.405
174.969 175.096 175.261
174.902 175.056 175.478
174.932 175.007 175.106
174.938 175.052 175.176
174.916 175.081 175.357
174.974 175.123 175.338
174.877 175.099 175.262
174.901 175.225 175.955
174.984 175.088 175.179
175.058 175.111 175.156
174.872 175.029 175.178
174.872 175.104 175.353
174.958 175.273 176.249
174.845 175.090 175.290
174.882 175.919 179.553
174.925 175.014 175.105
174.966 175.085 175.203
174.995 175.330 175.549
174.958 175.129 175.354
175.031 175.201 175.353
175.061 175.273 175.440
174.958 175.083 175.237
175.049 175.195 175.405
175.091 175.908 177.458
175.170 175.347 175.483
175.213 175.344 175.451
175.139 175.388 175.649
175.317 175.397 175.443
175.155 175.263 175.326
175.314 175.437 175.560
175.187 175.302 175.512
175.097 175.287 175.511
175.451 175.519 175.566
175.322 175.355 175.403
175.170 175.324 175.513
175.325 175.625 176.293
175.237 175.331 175.438
175.348 175.419 175.501
175.350 175.458 175.666
175.179 176.352 179.285
175.242 175.529 176.093
175.283 175.390 175.517
175.128 175.324 175.450
175.298 175.380 175.480
175.148 175.404 175.733
175.240 175.365 175.476
175.213 175.260 175.306
175.246 175.359 175.470
175.240 175.322 175.481
175.228 175.317 175.434
175.172 175.532 175.963
175.170 175.333 175.469
175.193 175.325 175.431
175.261 175.359 175.458
175.218 175.313 175.454
175.217 175.460 175.663
175.064 175.319 175.499
175.289 178.063 183.305
175.258 175.391 175.524
175.234 175.371 175.538
175.197 175.338 175.460
175.318 175.407 175.507
175.273 175.333 175.413
175.320 175.454 175.730
175.249 175.358 175.516
175.271 175.328 175.442
175.141 175.311 175.468
175.153 175.321 175.460
175.291 175.337 175.375
0 0 0
175.392 175.443 175.544
175.380 175.544 175.803
175.215 175.283 175.389
175.236 175.389 175.682
175.320 175.352 175.444
175.214 175.326 175.429
175.099 175.423 175.836
175.160 175.368 175.502
175.211 175.335 175.392
175.265 177.100 184.298
175.077 175.218 175.433
175.179 175.268 175.387
174.941 175.163 175.446
175.087 175.413 176.002
174.941 175.162 175.481
175.043 175.267 175.435
174.923 175.073 175.296
174.900 174.999 175.103
175.023 175.430 176.387
174.941 175.094 175.373
174.979 175.061 175.137
174.960 175.143 175.452
174.908 175.108 175.537
174.901 175.402 176.967
174.865 175.036 175.110
174.904 175.061 175.186
175.062 175.124 175.308
175.044 176.852 183.398
174.883 175.188 175.650
175.138 175.209 175.303
174.900 175.194 175.491
174.974 175.139 175.283
174.982 175.129 175.334
174.922 177.256 185.731
174.864 174.962 175.048
174.858 175.090 175.312
174.882 174.937 175.036
174.952 175.099 175.372
174.905 175.060 175.180
174.870 175.081 175.306
174.906 175.715 178.621
175.000 175.128 175.390
175.029 175.160 175.354
174.956 175.121 175.232
175.002 175.084 175.168
175.000 175.110 175.211
174.966 175.090 175.335
174.934 175.036 175.192
174.913 175.127 175.509
174.978 175.036 175.131
174.898 175.039 175.275
174.828 174.951 175.088
175.139 175.287 175.379
174.938 175.018 175.155
175.002 175.199 175.478
174.858 175.094 175.240
174.966 175.167 175.523
174.901 175.137 175.293
174.984 175.138 175.301
175.076 193.732 208.000
174.980 175.147 175.342
174.943 175.112 175.336
175.027 175.071 175.148
174.920 175.028 175.172
174.999 175.185 175.491
175.044 175.184 175.312
174.972 175.097 175.303
174.846 174.963 175.114
174.908 175.016 175.162
174.981 175.118 175.369
174.972 175.055 175.156
174.899 175.018 175.246
174.900 175.353 176.226
174.890 175.093 175.276
174.986 175.048 175.193
174.851 175.063 175.239
174.870 175.010 175.097
174.934 175.042 175.125
174.918 175.015 175.129
174.982 175.114 175.209
174.934 175.086 175.433
174.978 175.059 175.312
174.908 175.019 175.200
174.950 175.016 175.104
174.939 175.018 175.130
174.941 175.039 175.186
175.005 175.047 175.078
174.836 174.994 175.159
174.911 174.967 175.032
174.879 174.963 175.054
174.834 174.975 175.131
174.901 174.986 175.095
174.904 175.706 178.261
174.917 175.005 175.113
174.973 175.037 175.190
174.889 175.047 175.178
174.943 175.079 175.342
175.032 175.107 175.215
174.913 175.049 175.265
175.049 175.154 175.205
175.001 175.081 175.248
175.159 175.358 175.858
174.859 175.036 175.220
174.831 175.034 175.142
174.781 175.096 175.330
174.891 175.008 175.176
174.885 174.947 175.082
174.951 175.005 175.033
174.886 175.091 175.709
174.963 175.067 175.149
174.900 174.995 175.271
174.779 174.937 175.121
174.777 174.925 175.096
174.855 175.054 175.517
174.970 175.034 175.107
174.916 174.982 175.120
174.902 174.974 175.138
174.969 175.040 175.117
174.964 175.081 175.121
174.876 174.997 175.182
174.844 175.095 175.384
174.977 175.057 175.148
174.897 175.082 175.526
174.850 174.908 174.963
174.868 174.974 175.090
174.847 175.072 175.194
175.022 175.111 175.211
174.861 175.166 175.967
174.958 175.019 175.079
174.790 174.939 175.112
174.818 174.958 175.073
174.971 174.994 175.015
174.906 175.026 175.160
174.915 175.024 175.160
174.979 175.088 175.246
174.834 174.940 174.990
174.880 174.935 174.975
174.842 174.945 175.018
174.993 175.064 175.146
174.862 175.027 175.177
174.931 175.018 175.120
175.034 175.130 175.435
174.830 174.917 175.052
174.929 175.007 175.064
174.855 174.877 174.917
174.768 175.017 175.567
174.927 174.962 175.014
174.879 174.983 175.049
174.961 175.055 175.130
174.841 174.940 175.088
174.994 175.065 175.119
174.867 174.945 175.064
174.823 174.943 175.216
174.893 175.033 175.140
174.819 174.908 175.098
174.790 174.862 174.928
174.895 174.910 174.952
174.830 174.949 175.129
174.883 175.052 175.322
174.858 174.947 174.987
174.884 174.999 175.210
174.870 175.111 175.655
174.780 174.892 175.114
175.001 175.082 175.222
174.889 175.014 175.120
174.855 174.944 174.999
174.893 176.380 182.031
174.849 174.982 175.231
174.827 174.895 174.939
174.878 174.936 175.008
174.876 174.936 175.112
174.826 175.014 175.186
174.968 175.150 175.310
174.885 175.004 175.089
174.847 174.930 175.057
174.833 174.977 175.107
174.783 174.994 175.181
174.877 175.010 175.122
174.863 175.038 175.285
174.930 175.064 175.167
174.882 174.981 175.082
174.880 174.938 174.991
174.872 174.922 174.961
174.859 174.967 175.049
174.766 174.866 174.995
174.890 175.034 175.140
174.790 175.020 175.328
174.925 175.041 175.186
174.861 174.942 175.025
174.872 174.975 175.095
174.858 174.976 175.071
174.811 174.984 175.138
174.726 174.901 175.041
174.789 174.838 174.899
174.810 174.953 175.091
174.821 174.920 175.038
174.869 174.992 175.181
174.873 175.003 175.081
174.929 175.023 175.158
174.798 174.922 175.022
174.796 176.674 183.809
174.845 174.950 175.132
174.924 174.983 175.040
174.803 174.959 175.055
174.989 175.090 175.309
174.735 174.918 175.102
174.936 174.998 175.110
174.897 175.015 175.171
174.789 174.930 175.097
174.874 174.919 174.962
174.919 176.701 183.464
174.829 176.932 184.870
174.948 174.986 175.030
174.748 174.910 175.113
174.880 174.976 175.044
174.904 175.115 175.628
174.785 174.892 174.977
174.811 174.884 174.960
174.886 174.958 175.034
174.949 175.039 175.219
174.955 175.639 178.027
174.818 174.881 174.968
174.883 174.937 175.038
174.762 174.904 175.050
174.883 174.937 175.027
174.807 174.896 175.026
174.717 174.898 175.000
174.902 174.975 175.045
174.817 174.951 175.124
174.790 174.924 175.043
175.015 175.160 175.444
174.830 175.055 175.292
174.875 174.971 175.063
174.805 174.901 174.999
174.774 174.814 174.856
174.839 174.889 174.989
174.914 175.032 175.224
174.876 175.748 179.150
174.873 174.967 175.137
174.907 174.994 175.158
174.857 174.909 174.980
174.879 174.944 175.073
174.908 175.026 175.242
174.891 175.002 175.126
174.854 174.945 175.053
174.846 174.947 175.072
174.838 174.910 174.965
174.818 174.888 174.954
174.850 175.077 175.485
174.851 174.926 175.028
174.857 175.036 175.561
174.842 174.956 175.038
174.836 174.893 174.937
174.832 174.970 175.059
174.826 174.903 174.994
174.854 174.926 175.060
174.947 175.011 175.100
174.871 175.032 175.226
174.806 174.879 175.019
174.784 174.898 175.028
174.865 174.951 175.015
174.728 174.943 175.073
174.905 175.059 175.194
174.796 175.019 175.140
174.791 174.847 174.894
174.858 174.927 175.065
174.752 174.883 175.069
174.764 174.856 174.933
174.767 174.842 174.887
174.844 174.981 175.029
174.828 174.948 175.262
174.798 175.318 176.838
174.794 174.849 174.886
174.774 176.998 185.552
174.901 175.047 175.212
174.861 174.955 175.093
174.819 174.922 175.049
174.973 175.026 175.067
174.904 174.977 175.154
174.772 174.924 175.012
174.808 174.931 175.095
174.776 174.945 175.046
174.824 174.908 175.045
174.856 174.942 175.018
174.796 174.943 175.063
174.819 174.921 175.006
174.772 174.902 175.026
174.796 174.929 175.004
174.812 174.907 175.013
174.792 174.996 175.498
174.867 174.964 175.228
174.792 174.937 175.047
174.826 174.880 174.956
174.844 174.927 175.005
174.818 174.855 174.893
174.796 174.999 175.553
174.777 174.963 175.112
174.863 175.001 175.146
174.800 174.912 175.015
174.850 174.958 175.188
174.824 174.934 175.022
174.977 175.065 175.173
174.803 174.889 174.955
174.925 175.004 175.113
174.830 174.931 175.055
174.821 174.888 174.981
174.877 174.971 175.092
174.803 174.881 174.945
174.837 174.899 175.045
174.893 174.973 175.041
174.972 175.066 175.120
174.763 174.843 174.959
174.835 174.922 175.014
174.842 174.891 174.934
174.830 174.879 174.958
174.885 175.077 175.386
174.978 175.050 175.261
174.810 174.939 175.146
174.885 175.051 175.338
174.761 174.846 174.915
174.887 174.935 175.008
174.848 174.960 175.172
174.863 174.956 175.131
174.891 174.950 175.038
174.706 174.788 174.875
174.829 174.938 175.038
174.720 174.963 175.241
174.802 175.033 175.203
174.900 174.965 175.063
174.830 175.052 175.142
174.798 174.961 175.052
174.834 174.957 175.058
174.834 174.960 175.239
174.857 174.938 175.078
174.851 174.957 175.083
174.860 174.943 175.170
174.829 174.950 175.053
174.749 174.899 175.109
174.809 174.894 175.067
174.840 174.911 174.995
174.902 175.070 175.150
174.810 174.925 175.102
174.802 174.987 175.213
174.751 174.865 174.939
174.842 174.931 175.040
174.859 174.946 175.057
174.827 174.928 175.173
174.972 175.056 175.144
174.827 174.933 174.996
174.834 174.999 175.094
174.822 174.984 175.199
174.829 174.969 175.106
174.750 174.927 175.015
174.837 175.039 175.218
174.831 174.936 175.026
174.840 174.908 174.999
174.802 174.882 174.930
174.798 174.904 175.069
174.807 174.875 174.937
174.857 174.937 175.018
174.953 175.090 175.343
174.853 174.950 175.038
174.983 175.086 175.262
174.805 174.901 175.118
174.885 174.993 175.076
174.843 174.963 175.095
174.951 175.041 175.097
174.775 174.935 175.054
175.038 175.090 175.141
174.836 174.941 175.080
174.911 175.025 175.188
174.885 174.944 175.051
174.868 175.047 175.173
174.788 174.888 175.030
174.954 174.998 175.050
174.968 175.120 175.260
174.824 174.861 174.928
174.868 174.908 174.954
174.913 175.001 175.058
174.840 174.960 175.055
174.861 174.953 175.085
174.917 174.996 175.164
174.877 175.052 175.143
174.807 175.003 175.071
174.845 174.917 174.970
174.890 177.947 182.576
175.023 175.081 175.152
174.864 175.035 175.292
174.855 175.018 175.152
174.844 175.002 175.205
174.842 174.905 174.984
174.907 174.969 175.118
174.893 174.996 175.046
174.857 174.981 175.225
174.940 175.001 175.082
174.930 175.011 175.143
174.944 175.082 175.334
174.905 174.973 175.104
174.907 175.014 175.128
174.855 175.001 175.087
174.901 175.042 175.196
175.034 175.463 176.844
174.894 177.192 185.867
174.972 175.132 175.498
174.804 175.086 175.293
174.877 175.038 175.204
174.868 174.987 175.290
175.399 175.474 175.539
175.484 175.808 176.260
175.685 175.732 175.816
175.492 175.800 176.063
175.667 175.850 176.151
175.687 175.762 175.812
175.553 175.729 175.825
175.609 175.719 175.901
175.603 175.762 175.919
175.642 175.763 175.982
175.632 175.781 176.048
175.637 175.706 175.858
175.573 175.726 175.923
175.614 176.127 176.764
175.686 175.716 175.812
175.595 175.725 175.852
175.701 175.898 176.355
175.570 175.735 175.923
175.607 175.789 176.036
175.625 175.698 175.830
175.659 178.352 183.108
175.683 175.873 176.405
175.664 175.861 176.090
175.677 175.972 176.913
175.662 175.708 175.807
175.639 175.690 175.747
175.691 175.815 175.958
175.609 175.762 176.043
175.713 274.929 425.784
175.577 175.771 176.080
175.698 175.766 175.857
175.560 175.728 175.945
175.687 177.877 186.543
175.677 175.979 176.658
175.723 176.015 176.410
175.706 175.968 176.281
175.699 175.784 175.827
175.655 175.720 175.791
175.699 175.890 176.256
175.673 175.965 176.689
175.747 180.471 188.559
175.667 176.243 177.293
175.538 175.812 176.404
175.614 177.194 181.630
175.659 175.795 175.905
175.702 175.797 175.911
175.548 176.803 181.460
175.702 182.176 188.006
175.756 175.953 176.424
175.551 177.317 183.698
175.624 175.953 176.554
175.615 176.006 176.521
175.666 175.858 176.264
175.598 180.137 197.858
175.651 176.324 177.536
175.590 175.793 176.110
175.691 175.902 176.113
175.704 175.951 176.395
175.626 175.846 176.118
176.003 178.206 186.230
176.085 176.232 176.329
176.042 176.103 176.165
176.199 176.456 176.928
176.109 176.235 176.518
176.071 177.228 181.535
176.159 176.746 177.922
176.072 176.427 176.937
176.178 179.031 188.637
176.332 176.696 177.412
176.108 177.079 179.993
176.068 176.502 177.223
176.166 176.347 176.718
176.062 176.294 176.827
176.079 176.314 177.126
176.134 176.382 176.882
176.130 178.514 187.304
176.162 177.793 182.419
176.011 176.184 176.261
176.001 176.288 176.859
176.103 176.746 178.191
176.226 176.589 177.085
176.015 176.069 176.158
176.234 179.958 192.129
176.163 178.437 186.375
176.171 176.909 178.549
176.373 176.721 177.739
176.135 176.879 179.484
176.167 176.258 176.313
176.168 176.718 177.401
176.188 176.367 176.572
176.089 176.493 177.011
176.134 176.310 176.758
176.032 179.432 191.775
176.130 176.421 176.908
176.011 176.300 176.789
176.053 176.272 176.724
176.160 176.228 176.307
176.104 176.448 177.653
176.201 176.382 176.657
176.094 176.271 176.488
176.107 176.528 177.788
176.161 176.713 177.606
175.992 176.190 176.331
176.190 176.269 176.363
176.260 178.742 187.493
176.094 177.159 180.134
176.028 176.595 177.509
176.117 176.468 177.376
176.158 176.889 178.302
176.364 184.545 215.798
176.372 177.210 178.343
177.407 177.868 178.775
177.305 185.701 215.925
176.735 177.687 178.442
178.055 181.170 190.920
176.982 177.700 178.202
176.204 184.086 195.968
177.100 178.232 179.733
177.914 178.666 179.168
178.109 178.727 179.185
177.512 179.632 185.301
178.261 178.552 179.041
177.711 178.547 178.974
178.449 179.174 180.478
178.287 178.555 178.784
178.082 178.780 179.344
176.731 181.174 195.167
176.603 177.767 179.523
176.304 177.375 179.005
176.218 177.759 183.178
176.204 177.060 178.245
176.076 181.621 201.318
175.977 176.616 177.504
176.090 176.690 177.069
176.301 176.535 177.157
176.308 176.446 176.726
176.210 176.776 177.311
176.387 177.787 180.380
176.098 176.224 176.376
176.161 177.423 180.937
176.089 176.598 177.715
176.324 176.540 177.092
176.045 176.395 176.856
176.225 177.670 182.726
176.211 176.436 177.018
175.988 176.323 176.814
176.207 176.659 177.671
176.156 176.295 176.370
176.340 176.606 177.076
176.101 179.911 193.829
176.165 176.640 177.194
176.097 176.482 177.207
176.200 176.458 176.667
176.110 176.515 177.379
176.166 176.367 176.674
176.135 176.178 176.222
176.123 179.389 192.201
176.080 176.484 177.513
176.144 176.638 177.092
176.351 177.167 179.385
176.163 176.469 177.164
176.315 176.613 176.912
176.131 177.731 183.340
176.180 176.436 176.668
176.217 176.554 177.655
176.139 177.878 181.496
176.034 176.311 176.688
176.041 176.253 176.366
176.073 176.312 176.725
176.200 176.364 176.564
176.104 176.233 176.350
175.994 176.340 177.226
176.224 176.447 176.734
176.048 176.268 176.526
176.257 179.449 189.309
176.104 176.294 176.404
176.127 176.448 176.908
176.115 176.787 178.830
176.159 177.710 183.705
176.002 176.197 176.284
176.028 176.254 176.416
176.034 176.474 177.175
176.211 178.791 188.688
176.186 176.476 176.766
176.192 176.317 176.419
176.164 176.310 176.763
187.595 192.938 197.106
176.056 177.286 181.198
176.176 176.290 176.438
176.058 176.183 176.349
176.015 178.854 189.721
176.079 177.752 181.705
176.208 176.319 176.523
176.059 176.273 176.507
178.455 193.531 200.602
176.378 176.552 176.793
176.075 176.229 176.575
176.314 178.580 183.546
176.120 176.930 179.735
176.195 176.511 177.275
176.027 177.412 182.215
176.312 176.531 176.869
176.148 176.420 176.875
176.335 179.002 189.465
176.313 176.472 176.918
176.307 176.416 176.552
176.230 176.712 177.582
176.025 176.564 177.269
176.105 176.353 176.785
176.138 177.357 181.462
176.149 176.280 176.375
176.178 176.351 176.612
176.161 176.349 176.774
176.125 176.253 176.368
176.220 176.443 176.780
176.233 176.435 176.744
176.070 176.870 178.319
176.207 177.721 179.724
176.066 176.349 176.635
176.071 178.301 186.945
176.270 176.476 177.033
176.057 176.289 176.816
176.140 176.602 177.324
176.055 176.147 176.286
176.120 176.233 176.486
176.095 176.516 177.003
176.136 176.245 176.398
176.099 179.988 190.911
175.975 176.365 176.720
176.206 177.192 180.941
176.160 176.352 176.574
176.072 176.756 178.183
176.172 176.357 176.495
176.232 176.480 177.042
176.184 176.453 176.809
176.342 176.468 176.653
176.176 176.377 176.643
176.156 178.213 185.861
176.223 176.618 177.181
176.131 180.965 194.783
178.253 178.865 179.203
177.385 178.021 178.662
176.938 177.916 179.082
177.627 178.156 178.429
176.504 176.920 177.880
178.028 178.650 179.135
177.821 178.165 178.574
178.448 178.641 178.870
178.058 179.128 181.627
178.598 178.920 179.101
178.343 179.099 179.819
177.527 178.096 178.350
176.237 177.143 178.120
176.689 177.984 179.732
176.106 176.638 177.812
176.053 176.139 176.319
176.412 176.539 176.648
176.293 176.481 177.127
176.144 176.394 176.894
177.369 178.063 178.636
176.383 176.765 177.150
176.102 176.498 176.940
176.708 177.987 178.663
176.348 176.474 176.631
177.281 177.904 178.874
176.241 177.058 177.933
176.180 176.334 176.450
176.253 176.804 178.120
176.131 176.648 177.683
176.252 176.629 177.757
176.104 176.368 176.869
176.361 176.506 176.670
176.125 178.242 184.276
176.135 176.202 176.261
176.249 176.609 177.272
176.223 176.542 176.827
176.074 176.291 176.459
176.060 176.757 178.054
176.152 176.601 177.407
176.084 176.587 177.924
176.223 176.743 178.160
176.125 176.615 178.115
176.078 176.228 176.296
176.343 176.663 177.563
176.140 176.437 176.686
176.054 176.296 176.635
176.216 176.326 176.437
176.312 176.491 176.759
176.245 176.663 176.942
176.043 176.144 176.277
176.183 176.514 176.964
176.221 176.373 176.819
176.120 176.306 176.428
176.213 176.303 176.503
176.109 176.291 176.565
176.079 176.195 176.302
176.150 176.414 176.765
176.036 176.295 176.732
175.978 176.146 176.247
176.138 176.349 176.613
176.024 176.218 176.510
176.192 176.309 176.604
176.027 176.316 176.626
176.113 176.403 177.032
176.155 176.936 179.711
176.147 176.235 176.382
176.052 176.219 176.758
176.197 176.441 176.594
176.545 176.682 176.939
176.544 176.670 176.813
176.553 176.662 176.832
176.399 176.600 176.748
176.490 176.657 176.791
176.197 176.581 176.822
176.509 176.651 176.757
176.415 176.685 176.815
176.577 176.729 176.895
176.219 176.643 176.915
176.681 176.763 176.850
176.514 176.734 176.929
176.489 176.651 176.845
176.219 176.515 176.681
176.028 176.306 176.697
176.232 176.400 176.602
176.089 176.332 176.604
176.415 176.548 176.717
176.184 176.409 176.556
176.270 176.613 176.839
176.249 176.401 176.540
176.230 176.530 176.796
176.318 176.437 176.538
176.346 176.519 176.694
176.444 176.567 176.739
176.535 176.654 176.779
176.607 176.827 176.986
176.438 176.514 176.629
176.412 176.604 176.746
176.534 176.637 176.765
176.392 176.530 176.757
176.559 176.638 176.696
176.394 176.581 176.767
176.075 176.223 176.351
176.004 176.137 176.405
175.913 176.233 176.450
176.038 176.272 176.488
176.057 176.161 176.387
176.141 176.209 176.333
176.004 176.229 176.616
176.062 176.225 176.507
176.140 176.286 176.405
176.090 176.167 176.386
176.051 176.139 176.254
176.136 176.207 176.306
176.144 176.264 176.504
176.160 176.359 177.010
176.044 176.180 176.327
176.006 176.167 176.368
176.221 176.339 176.419
176.042 176.096 176.124
176.011 176.205 176.353
176.106 176.169 176.255
176.127 176.231 176.324
175.983 176.193 176.301
176.121 176.251 176.372
176.291 176.372 176.492
175.962 176.099 176.230
176.041 176.559 178.454
176.004 176.107 176.178
176.045 176.073 176.136
176.151 176.256 176.339
176.048 176.180 176.307
176.042 176.156 176.244
176.018 176.339 177.259
176.045 176.208 176.379
176.121 176.195 176.262
175.955 176.070 176.201
175.931 175.988 176.046
176.050 176.155 176.283
175.950 176.085 176.356
175.984 176.026 176.075
175.836 175.943 176.135
175.863 176.027 176.152
175.959 176.107 176.319
175.797 176.017 176.191
175.736 175.851 175.976
175.799 175.839 175.884
175.805 175.886 175.988
175.776 175.921 176.217
175.755 175.933 176.125
175.846 175.920 175.984
175.968 176.212 176.834
175.842 176.021 176.147
175.806 175.917 176.017
175.745 175.867 175.951
175.862 175.958 176.090
175.820 175.984 176.229
175.885 176.071 176.219
175.749 176.026 176.394
176.048 176.101 176.201
176.073 176.198 176.337
175.935 176.075 176.230
175.808 175.937 176.042
175.871 176.010 176.172
175.844 175.998 176.199
175.777 175.852 175.937
175.821 176.019 176.142
175.796 175.949 176.119
175.842 175.951 175.995
175.779 175.827 175.867
175.678 175.842 175.940
176.005 177.275 182.170
175.778 175.906 175.984
175.824 175.984 176.219
175.885 175.981 176.087
175.813 175.889 176.050
175.855 175.921 176.034
175.905 176.059 176.308
175.739 175.879 175.954
175.826 175.890 176.010
175.743 175.922 175.978
175.712 175.825 175.951
175.708 175.889 176.001
175.822 175.918 176.179
175.767 175.864 176.025
175.802 176.900 180.643
175.763 176.042 176.346
176.008 176.030 176.069
175.857 175.966 176.075
175.777 175.889 176.048
175.710 175.935 176.282
175.898 175.964 176.087
175.744 175.851 175.945
175.714 175.801 175.878
175.901 175.959 176.115
175.766 175.908 176.022
175.786 175.899 176.013
175.763 175.912 176.009
175.695 175.843 176.103
175.817 175.868 175.956
175.698 175.838 175.966
175.705 175.945 176.223
175.764 175.832 175.881
175.906 175.977 176.121
175.806 175.889 175.954
175.709 175.829 175.917
175.885 175.937 176.015
175.788 175.840 175.987
175.776 175.802 175.821
175.823 175.888 175.929
175.811 175.990 176.482
175.818 175.920 176.005
175.750 175.925 176.248
175.863 175.960 176.056
175.814 175.972 176.097
175.817 175.930 176.242
175.807 175.888 175.959
175.648 175.813 175.985
175.826 175.864 175.976
175.764 175.871 176.137
175.851 175.910 175.984
175.792 175.915 175.974
175.762 175.899 175.973
175.759 175.857 175.971
175.742 175.864 175.964
175.773 175.877 176.026
175.731 175.828 175.977
175.797 176.812 180.401
175.740 175.839 175.892
175.741 175.869 175.980
175.753 175.860 176.008
175.771 175.824 175.875
175.834 175.942 176.123
175.776 175.933 176.051
175.800 175.908 176.062
175.901 176.022 176.235
175.929 175.977 176.093
175.927 175.971 176.087
175.745 175.788 175.818
175.783 175.841 175.881
175.800 175.932 176.073
175.838 175.944 176.046
175.784 175.931 176.140
175.634 175.784 175.977
175.760 175.894 176.090
175.717 175.820 175.934
175.774 175.858 176.007
175.625 175.737 175.831
175.718 175.891 175.961
175.836 175.947 176.087
175.734 175.847 175.966
175.817 175.895 176.091
175.758 176.067 176.432
175.737 175.898 176.113
175.781 175.893 176.031
175.750 176.163 177.340
175.794 175.891 176.055
175.723 175.847 175.995
175.755 175.835 175.891
175.840 175.913 176.075
175.714 175.811 175.917
175.802 175.912 175.964
175.795 175.846 175.915
175.729 176.021 176.912
175.791 175.911 175.961
175.795 175.826 175.886
175.787 175.871 175.946
175.764 175.898 176.238
175.721 175.905 176.255
175.831 175.914 176.049
175.712 175.907 176.252
175.797 175.912 176.075
175.717 175.832 175.969
175.808 175.946 176.179
175.778 175.851 175.971
175.709 175.875 176.006
175.815 175.921 176.107
175.767 175.875 176.087
175.688 175.859 176.054
175.710 175.804 175.911
175.864 176.065 176.412
175.721 175.842 176.018
175.758 175.847 175.912
175.817 175.924 176.029
175.856 175.929 175.967
175.815 175.887 175.974
175.733 175.825 176.048
175.744 175.786 175.863
175.812 175.926 176.074
175.654 175.849 176.060
175.785 177.633 184.449
175.689 175.792 175.947
175.849 175.927 176.029
175.774 175.924 176.105
175.755 175.890 176.059
175.783 175.873 175.933
175.747 175.835 175.907
175.766 175.830 175.909
175.715 175.848 175.936
175.596 175.841 175.989
175.742 175.811 175.899
175.744 175.799 175.862
175.804 175.932 176.072
175.763 175.785 175.823
175.702 175.777 175.896
175.718 175.869 176.018
175.733 175.854 175.965
175.687 175.778 175.911
175.793 175.906 176.005
175.850 175.899 175.964
175.747 175.927 176.116
175.753 175.893 176.007
175.733 175.828 175.899
175.709 175.843 175.918
175.786 175.907 176.004
175.789 175.857 175.977
175.693 175.923 176.171
175.676 175.819 175.940
175.746 175.852 175.955
175.699 175.796 175.977
175.793 175.845 175.908
175.697 175.877 176.017
175.731 175.902 176.018
175.725 175.769 175.793
175.672 175.826 176.109
175.807 175.991 176.191
175.717 177.677 185.222
175.776 175.853 175.928
175.737 175.786 175.850
175.652 175.716 175.781
175.682 175.881 176.268
175.697 175.813 175.914
175.663 175.822 175.908
175.746 175.809 175.900
175.681 175.818 175.934
175.731 175.839 175.989
175.701 175.759 175.899
175.718 175.810 175.884
175.698 175.794 175.883
175.848 175.890 175.961
175.800 175.842 175.925
175.790 175.907 176.069
175.821 175.940 176.055
175.690 175.869 175.980
175.803 175.964 176.108
175.815 175.915 175.978
175.773 175.890 176.065
175.769 175.961 176.390
175.784 175.983 176.228
175.726 175.788 175.872
175.680 175.858 176.000
175.687 175.723 175.763
175.762 175.925 176.017
175.737 175.850 175.973
175.623 175.788 175.953
175.723 175.836 176.005
175.724 175.796 175.918
175.721 175.765 175.863
175.745 175.984 176.751
175.725 175.816 175.930
175.912 175.956 176.069
175.717 175.825 175.992
175.783 175.882 175.928
175.726 175.826 175.940
175.705 175.848 176.082
175.785 175.922 176.143
175.738 175.810 175.891
175.744 175.862 175.913
175.715 175.792 175.883
175.691 175.794 175.857
175.753 175.850 175.968
175.636 175.746 175.836
175.696 175.792 175.894
175.797 175.851 175.902
175.692 175.927 176.109
175.706 175.846 176.109
175.741 175.790 175.851
175.702 175.805 175.972
175.702 175.806 175.901
175.788 175.836 175.897
175.812 175.843 175.892
175.729 176.052 176.659
175.700 175.823 175.974
175.685 175.749 175.840
175.770 175.858 175.985
175.705 175.855 176.076
175.813 175.896 175.978
175.730 175.810 175.859
175.718 175.898 176.072
175.770 175.885 175.934
175.716 175.792 175.869
175.747 175.922 176.071
175.709 175.799 175.950
175.572 175.724 175.813
175.771 175.823 175.970
175.668 175.823 176.074
175.707 175.829 175.931
175.703 175.816 175.952
175.763 175.847 175.931
175.720 175.828 175.904
175.882 175.903 175.958
175.672 175.849 176.046
175.670 175.841 176.192
175.732 175.767 175.823
175.734 175.833 175.948
175.738 175.858 175.955
175.759 175.950 176.131
175.706 175.789 175.905
175.702 175.853 175.970
175.766 175.977 176.307
175.722 175.828 175.938
175.688 175.755 175.878
175.744 175.833 175.885
175.704 175.859 175.943
175.631 175.711 175.779
175.842 175.885 175.932
175.719 175.772 175.853
175.731 175.846 175.919
175.678 175.847 176.001
175.789 175.876 175.961
175.782 175.861 175.897
175.744 175.922 176.057
175.650 175.803 176.015
175.601 175.790 176.006
175.743 176.004 176.579
175.633 175.762 175.883
175.886 175.938 175.982
175.705 175.745 175.794
175.663 175.744 175.859
175.746 175.822 175.920
175.629 175.729 175.941
175.717 175.876 176.092
175.615 175.818 175.964
175.682 175.764 175.907
175.675 175.825 176.054
175.658 175.821 175.945
175.677 175.772 175.832
175.673 175.915 176.232
175.647 175.754 175.949
175.794 175.982 176.159
175.660 175.773 175.914
175.677 175.804 175.980
175.734 175.821 175.943
175.753 175.843 175.935
175.753 175.863 176.186
175.702 175.995 176.903
175.775 177.315 183.144
175.709 175.784 175.895
175.747 175.838 175.900
175.780 175.846 175.915
175.789 175.843 175.917
175.689 177.181 182.960
175.712 175.801 175.951
175.660 175.917 176.207
175.717 175.812 176.081
175.694 175.772 175.850
175.660 175.818 175.933
175.743 175.851 176.036
175.698 175.843 175.953
175.635 175.697 175.762
175.614 175.784 175.928
175.844 175.880 175.947
175.742 175.854 176.045
175.696 175.706 175.722
175.640 175.809 175.937
175.721 175.826 175.995
175.903 175.979 176.079
175.667 175.817 175.909
175.659 175.808 175.943
175.691 175.803 175.892
175.687 175.840 176.085
175.817 175.853 175.907
175.708 175.812 175.994
175.767 177.074 181.928
175.742 175.851 176.113
175.733 175.862 176.167
175.779 175.867 175.985
175.755 175.856 175.901
175.687 175.785 175.895
175.712 175.876 176.173
175.748 175.824 175.909
175.664 175.763 175.896
175.709 175.828 175.965
175.718 175.823 176.014
175.744 175.881 176.117
175.778 175.842 175.924
175.661 175.791 176.060
175.789 175.884 176.032
175.776 175.890 176.028
175.730 177.600 184.403
175.720 175.786 175.860
175.738 175.824 175.927
175.610 175.755 175.847
175.718 175.754 175.841
175.661 175.782 175.986
175.716 175.792 175.858
175.806 176.097 176.562
175.694 175.752 175.821
175.697 175.896 176.045
175.722 175.801 176.051
175.744 175.833 175.933
175.723 175.853 175.985
175.688 175.793 175.866
175.744 176.670 180.120
175.660 175.899 176.191
175.676 175.907 176.117
175.637 175.769 175.892
175.681 175.816 175.936
175.655 175.779 176.023
175.548 175.824 176.061
175.596 175.843 176.112
175.811 175.923 176.011
175.794 175.883 176.028
175.670 175.767 176.056
175.675 175.892 176.100
175.738 175.815 175.926
175.747 175.809 175.900
175.722 175.851 176.083
175.769 175.834 175.936
175.694 175.836 175.942
175.671 175.753 175.833
175.851 176.133 176.561
175.713 175.798 175.953
175.770 175.813 175.863
175.897 176.870 180.635
175.715 175.835 175.984
175.984 176.009 176.054
175.797 175.910 176.103
175.815 175.918 176.227
175.860 175.953 176.125
175.790 175.822 175.854
175.753 175.909 176.076
175.775 176.009 176.232
175.775 175.875 176.065
175.889 175.988 176.088
175.828 175.934 176.156
175.768 175.888 176.070
175.852 175.885 175.919
175.721 175.852 176.156
175.783 175.995 176.257
175.875 175.982 176.150
175.773 175.896 176.070
175.901 176.063 176.276
175.838 175.993 176.360
175.895 175.962 176.035
175.727 175.883 176.014
175.764 175.891 176.174
175.748 175.846 175.923
175.847 175.935 176.045
175.751 175.890 176.027
175.802 175.953 176.086
175.805 175.900 175.993
175.857 175.997 176.247
175.944 176.100 176.548
175.878 175.974 176.115
175.795 176.032 176.283
175.954 176.025 176.157
175.726 175.884 176.124
175.876 175.969 176.107
175.694 175.826 175.901
175.725 175.919 176.101
175.964 176.082 176.224
175.778 175.980 176.303
175.794 175.915 176.066
175.785 175.949 176.193
175.740 175.825 175.953
175.789 175.905 176.032
175.793 175.899 176.035
175.790 175.901 175.957
175.766 175.861 176.007
175.856 175.892 175.939
175.917 175.982 176.078
175.813 175.909 176.030
175.857 175.904 175.974
175.874 175.980 176.070
175.828 175.920 176.041
175.810 175.889 175.964
175.859 176.035 176.135
175.799 175.857 176.044
175.767 175.891 176.193
175.811 175.873 175.996
175.811 175.903 176.070
175.815 175.988 176.167
175.824 177.077 181.900
175.927 176.032 176.118
175.743 175.860 175.919
175.819 175.863 175.902
175.786 175.892 176.100
175.833 175.935 176.112
175.814 175.890 175.995
175.826 176.041 176.114
175.977 176.122 176.361
175.819 175.973 176.170
175.805 175.853 175.993
175.812 175.949 176.163
175.882 175.932 175.979
175.773 175.880 176.076
175.816 175.893 175.952
175.929 176.009 176.094
175.710 175.864 175.966
175.873 176.028 176.204
175.811 176.023 176.206
175.825 175.922 176.053
175.813 175.949 176.125
175.788 175.886 176.015
175.877 176.004 176.180
175.894 176.000 176.049
175.771 175.913 175.988
175.851 177.000 181.098
175.754 175.835 175.928
175.997 176.065 176.170
175.801 175.872 175.978
175.815 175.995 176.205
175.797 176.821 180.632
175.905 175.959 176.048
175.839 175.932 176.012
175.772 175.875 175.996
175.784 175.877 176.009
175.847 175.983 176.074
175.872 176.001 176.105
175.790 175.913 176.025
175.846 175.933 176.092
175.759 175.912 176.119
175.838 175.958 176.072
175.937 175.979 176.031
175.793 175.965 176.267
175.810 175.918 176.034
175.783 175.854 175.979
175.852 175.963 176.092
175.820 175.921 176.032
175.905 176.010 176.169
175.831 175.923 176.177
175.725 175.912 176.055
175.813 175.975 176.103
175.781 175.880 175.987
175.774 175.943 176.156
175.782 175.892 176.005
175.701 175.842 175.963
175.800 176.017 176.560
175.894 175.968 176.089
175.757 175.911 176.125
175.818 175.998 176.412
175.834 175.873 175.942
175.905 175.977 176.111
175.822 175.893 175.984
175.840 175.890 175.984
175.879 175.993 176.432
175.810 175.947 176.225
175.763 175.916 176.054
175.813 175.902 176.026
175.793 175.920 176.127
175.807 175.891 175.976
175.727 175.854 175.999
175.872 175.987 176.114
175.857 175.876 175.906
175.833 175.968 176.104
175.828 175.949 176.016
175.804 175.880 176.027
175.920 175.991 176.047
175.817 175.895 176.074
175.873 175.966 176.188
175.842 175.956 176.101
175.885 175.941 175.992
175.824 175.887 175.956
175.858 176.051 176.375
175.784 176.036 176.376
176.008 176.206 176.418
175.951 176.021 176.076
175.846 175.946 176.196
175.964 176.177 176.697
175.783 175.836 175.855
175.782 175.938 176.072
175.775 175.924 176.065
175.873 176.121 176.783
175.872 176.037 176.314
175.798 175.868 175.925
175.812 175.930 176.075
175.895 175.958 176.145
175.855 176.007 176.088
175.852 176.071 176.171
175.827 175.942 176.159
175.807 175.937 176.024
175.876 176.115 176.351
175.925 175.986 176.104
175.895 175.958 176.106
175.862 175.892 175.931
175.802 175.880 175.947
175.806 175.883 176.005
175.896 175.971 176.074
175.807 175.995 176.082
175.870 176.011 176.246
175.795 175.895 176.083
175.818 175.950 176.134
175.810 175.871 175.979
175.764 175.881 175.998
175.885 177.203 182.193
175.816 175.994 176.170
175.845 175.967 176.043
175.847 175.893 175.940
175.897 176.036 176.288
175.909 176.001 176.113
175.842 175.954 176.021
175.741 175.899 176.004
175.702 175.980 176.248
175.790 175.998 176.095
175.838 176.000 176.230
175.863 176.052 176.291
175.854 175.945 176.107
175.846 176.036 176.238
175.747 175.851 175.994
175.784 175.964 176.287
175.744 175.834 175.872
175.821 175.925 176.038
175.923 175.998 176.180
175.773 175.961 176.207
175.864 176.048 176.294
176.012 176.052 176.084
175.754 175.893 175.953
175.951 176.067 176.211
175.746 175.821 175.856
175.873 175.963 176.056
175.805 175.892 175.996
175.800 175.981 176.260
175.872 176.038 176.248
175.954 176.053 176.238
175.802 175.904 176.039
175.860 176.008 176.109
175.857 175.952 176.174
175.869 176.091 176.576
175.838 175.913 176.097
175.816 175.892 176.012
175.975 176.065 176.194
175.833 175.982 176.215
175.806 175.884 176.058
175.826 176.076 176.673
175.960 176.101 176.436
175.835 175.932 176.135
175.861 175.955 176.034
175.790 175.903 175.984
175.912 175.985 176.122
175.905 175.988 176.054
175.821 175.880 175.935
175.809 175.998 176.149
175.704 175.869 175.937
175.944 176.102 176.403
175.833 175.954 176.089
175.974 176.054 176.249
175.920 175.975 176.052
175.849 176.059 176.300
175.911 176.062 176.414
175.800 175.858 175.948
175.835 175.883 175.956
175.900 176.058 176.137
175.935 176.278 176.666
175.851 176.075 176.244
175.826 177.945 186.008
175.893 175.951 176.017
175.709 175.916 176.085
175.806 175.911 176.009
175.841 175.946 176.101
175.969 176.007 176.118
175.765 175.999 176.295
175.799 176.020 176.244
175.784 175.952 176.057
175.792 175.926 176.070
175.804 175.960 176.141
175.851 175.957 176.132
175.805 176.035 176.211
175.898 176.028 176.227
175.835 175.978 176.218
175.784 175.851 175.916
175.929 175.977 176.054
175.908 176.024 176.161
175.924 176.113 176.329
175.859 175.891 175.949
175.818 175.862 175.960
175.788 175.907 175.997
175.841 175.874 175.897
175.787 175.930 176.166
175.919 176.096 176.300
175.871 175.992 176.168
175.893 176.057 176.169
175.843 175.970 176.163
175.697 175.942 176.117
175.870 175.930 176.001
175.914 176.018 176.122
175.784 175.976 176.093
175.851 176.021 176.304
175.753 175.839 175.908
175.868 175.935 176.056
175.836 175.907 175.968
175.874 176.047 176.253
175.798 175.885 176.051
175.778 175.892 176.035
175.867 176.000 176.114
175.822 175.918 176.031
175.878 175.974 176.108
175.901 176.072 176.248
175.842 175.946 176.010
175.851 175.943 176.086
175.888 175.977 176.122
175.751 175.888 175.981
175.765 175.859 176.058
175.891 176.045 176.247
175.813 176.279 177.574
175.810 176.007 176.279
175.886 176.010 176.177
175.833 175.892 176.012
175.820 175.848 175.898
175.847 176.176 176.808
175.786 175.904 175.969
175.840 175.964 176.049
175.946 175.989 176.047
175.801 175.936 176.134
175.825 176.069 176.371
175.795 175.928 176.001
175.845 176.006 176.101
175.819 176.083 176.955
175.681 175.911 176.118
175.877 176.006 176.153
175.899 176.058 176.178
175.897 175.970 176.042
175.829 175.919 176.021
175.839 175.925 176.009
175.739 175.859 175.968
175.769 175.848 175.928
175.955 176.061 176.154
175.901 175.950 176.001
175.784 175.886 176.011
175.832 176.045 176.472
175.822 175.930 175.998
175.900 176.014 176.171
175.850 175.976 176.064
175.815 175.954 176.077
175.796 175.891 176.085
175.931 176.018 176.221
175.797 175.963 176.082
175.844 175.879 175.924
175.801 175.935 176.018
175.954 176.018 176.133
175.867 176.067 176.462
175.826 176.099 176.431
175.833 175.924 175.981
175.876 175.980 176.043
175.846 176.351 177.274
175.817 175.984 176.213
175.860 176.058 176.573
175.796 175.944 176.188
175.810 176.294 177.746
175.841 176.027 176.393
175.780 175.990 176.106
175.912 176.660 179.475
175.946 175.971 176.005
175.912 175.996 176.070
175.820 176.071 176.840
175.935 176.282 177.172
175.924 176.062 176.246
175.800 175.932 176.031
175.886 175.978 176.226
175.789 175.900 176.036
175.879 176.000 176.170
175.831 175.899 175.957
175.963 176.058 176.177
175.776 175.953 176.360
175.762 175.928 176.147
175.772 175.987 176.160
175.836 175.986 176.189
175.814 176.002 176.207
175.837 176.041 176.247
175.787 175.921 176.052
175.787 175.953 176.157
175.920 175.999 176.133
175.843 175.998 176.266
175.831 176.104 176.493
175.860 175.896 175.951
175.948 176.046 176.111
175.814 175.994 176.165
175.881 176.011 176.072
175.803 176.000 176.111
175.930 176.011 176.103
175.903 176.043 176.241
175.871 175.972 176.084
175.953 176.010 176.112
175.949 176.028 176.145
175.878 176.016 176.261
175.714 176.078 176.316
175.829 175.941 176.077
175.779 175.948 176.069
175.809 176.310 177.906
175.782 175.988 176.096
175.784 176.084 176.646
175.884 176.137 176.324
175.827 175.873 175.909
175.844 175.993 176.197
175.755 175.882 176.026
175.866 175.904 176.012
175.875 175.999 176.071
175.994 176.091 176.218
175.794 175.884 176.020
175.858 175.977 176.103
175.871 176.028 176.150
175.869 175.978 176.216
175.866 176.026 176.200
175.904 176.001 176.149
175.870 175.994 176.226
175.822 175.961 176.122
175.989 176.047 176.104
175.801 175.952 176.139
175.804 175.891 175.938
175.851 176.020 176.132
175.778 175.994 176.478
175.838 175.935 176.008
175.826 176.006 176.096
175.812 175.998 176.180
175.797 175.864 175.970
175.943 176.049 176.274
175.902 176.086 176.367
175.852 176.045 176.361
175.827 175.955 176.057
175.879 176.045 176.259
175.834 175.867 175.928
175.968 176.027 176.070
175.868 175.988 176.083
175.853 175.980 176.067
175.879 175.952 176.003
175.970 176.586 178.637
175.876 176.301 176.657
175.952 176.109 176.436
176.005 176.080 176.154
175.987 176.176 176.329
175.828 175.985 176.168
175.916 176.141 176.782
175.839 175.991 176.282
175.725 176.368 177.623
175.937 176.803 179.010
175.848 175.912 175.970
176.183 176.806 177.385
175.921 176.056 176.184
175.872 176.039 176.163
175.983 176.741 177.666
175.871 175.952 176.064
175.923 177.145 181.011
175.866 176.035 176.130
175.854 175.979 176.342
175.901 176.003 176.119
175.954 176.108 176.531
175.912 176.124 176.779
175.806 175.969 176.148
175.771 175.874 176.051
175.923 176.054 176.369
175.848 176.060 176.213
175.842 175.928 176.019
175.764 176.074 176.585
175.822 176.963 181.316
175.792 178.054 186.428
175.791 175.979 176.385
175.877 176.063 176.538
175.694 175.883 175.991
175.841 175.950 176.226
175.844 175.917 176.030
175.792 175.902 176.183
175.816 175.947 176.019
175.877 176.049 176.208
175.818 176.035 176.420
175.827 175.952 176.071
175.818 175.982 176.136
175.864 175.960 176.154
175.887 175.921 175.959
175.865 176.070 176.377
175.837 175.941 176.029
175.803 175.937 176.043
175.784 175.956 176.151
175.878 175.944 176.002
175.801 175.979 176.315
175.944 176.046 176.212
175.998 176.134 176.431
175.814 175.832 175.851
175.820 175.872 175.939
175.720 175.945 176.134
175.870 176.012 176.210
175.824 175.970 176.047
175.851 175.932 176.036
175.747 175.824 175.984
175.767 175.911 176.046
175.963 176.021 176.077
175.839 175.862 175.893
175.842 175.952 176.095
175.805 175.870 175.947
175.781 177.380 182.305
175.746 175.875 175.968
175.906 175.973 176.021
176.154 183.871 190.866
175.870 175.939 176.021
175.922 176.003 176.073
175.910 175.951 175.992
175.908 175.969 176.022
175.874 175.984 176.077
175.961 176.053 176.120
175.850 175.932 176.017
175.808 176.024 176.287
175.787 175.904 176.019
175.950 176.033 176.130
175.773 175.888 176.072
175.888 176.013 176.098
175.716 175.891 176.008
175.874 175.978 176.173
175.790 175.888 176.019
175.825 175.930 175.978
175.910 176.031 176.102
176.025 176.175 176.298
175.763 175.849 175.907
175.845 176.035 176.450
175.882 175.968 176.204
175.900 176.039 176.276
175.899 175.984 176.145
175.932 176.048 176.171
175.925 176.028 176.123
175.963 176.048 176.161
175.838 176.029 176.214
175.773 175.872 175.945
175.915 175.968 176.034
175.855 176.012 176.136
175.800 175.912 176.116
175.804 176.452 178.733
175.828 175.946 176.046
175.845 176.449 178.594
175.739 175.892 176.086
175.784 176.293 178.054
175.855 175.966 176.160
175.792 175.959 176.297
175.855 175.956 176.142
175.770 175.911 176.078
175.838 175.936 176.041
175.821 175.929 176.076
175.791 175.874 176.023
175.826 175.927 175.989
175.839 175.948 176.042
175.756 175.955 176.064
175.821 175.969 176.115
175.828 175.879 175.912
175.828 175.915 175.963
175.865 176.067 176.540
175.792 175.831 175.902
175.837 175.940 176.041
175.878 176.084 176.237
175.835 175.932 175.995
175.876 176.021 176.241
175.912 176.008 176.119
176.028 176.046 176.083
175.773 175.992 176.227
175.789 176.040 176.290
175.932 176.025 176.157
175.766 175.850 176.016
175.812 175.930 176.036
175.865 175.975 176.104
175.888 175.974 176.086
175.782 175.949 176.344
175.725 176.090 176.851
175.905 175.969 176.043
175.830 175.926 176.016
175.928 176.040 176.243
175.756 175.924 176.126
175.589 175.934 176.257
175.861 175.980 176.052
175.799 175.857 175.908
175.848 175.954 176.005
175.890 175.981 176.064
175.742 175.866 176.075
175.805 175.915 176.053
175.916 175.983 176.074
175.839 176.080 176.587
175.903 176.002 176.091
175.902 175.992 176.148
175.769 175.928 176.040
175.815 175.906 175.986
175.828 176.349 178.096
175.821 175.922 175.984
175.861 175.910 175.961
175.733 175.789 175.826
175.771 175.896 176.020
175.823 175.872 175.938
175.975 176.042 176.133
175.954 176.043 176.117
175.798 175.867 175.946
175.743 175.887 176.100
175.786 175.906 176.075
175.814 175.880 175.909
175.812 175.908 175.998
175.724 175.818 175.904
175.789 175.880 176.015
175.750 175.781 175.830
175.790 175.916 176.192
175.804 175.842 175.885
175.840 176.010 176.421
175.747 176.370 178.576
175.829 175.884 175.959
175.824 175.880 175.995
175.729 175.844 176.077
175.782 175.932 176.011
175.812 175.877 175.974
175.794 175.869 175.998
175.736 175.844 175.930
175.781 175.868 176.016
175.977 176.085 176.264
175.792 175.891 176.028
175.710 175.857 175.954
175.812 175.874 176.052
175.815 175.897 176.167
175.717 176.226 177.654
175.871 175.931 176.088
