281.661 281.701 281.738
281.635 281.683 281.714
281.620 281.663 281.703
281.663 281.705 281.780
281.659 281.697 281.735
281.654 281.677 281.689
281.678 281.712 281.730
281.682 282.113 283.618
281.650 281.801 282.248
281.628 281.674 281.735
281.722 282.406 283.697
281.668 281.694 281.747
281.682 281.703 281.738
281.601 281.674 281.716
281.662 281.694 281.751
281.638 281.665 281.705
281.678 282.446 285.452
281.626 281.648 281.700
281.613 281.655 281.730
281.642 281.666 281.679
281.656 281.711 281.800
281.652 281.687 281.729
281.651 281.684 281.741
281.682 281.715 281.769
281.681 281.708 281.737
281.560 281.697 281.781
281.608 281.722 281.927
281.598 281.659 281.720
281.655 281.680 281.714
281.665 281.717 281.793
281.673 281.714 281.836
281.654 281.692 281.705
281.590 281.639 281.690
281.630 281.685 281.760
281.639 281.673 281.732
281.670 281.695 281.732
282.889 282.940 282.984
282.877 282.940 282.991
281.604 281.670 281.698
281.642 281.685 281.763
281.641 281.690 281.769
281.639 281.664 281.689
281.664 281.698 281.740
281.651 281.703 281.735
281.659 281.678 281.693
281.684 282.340 282.975
282.919 282.938 282.972
282.825 282.931 282.991
282.921 282.960 283.001
281.631 281.676 281.709
281.662 281.672 281.699
281.635 281.664 281.696
281.625 281.699 281.865
281.609 281.697 281.768
281.669 281.693 281.739
282.909 282.951 282.993
282.905 283.397 285.145
281.664 282.414 282.942
281.615 281.660 281.684
282.897 282.945 283.009
282.911 282.944 282.983
282.889 282.925 282.957
281.695 281.727 281.753
281.637 281.687 281.743
281.998 283.597 285.348
281.641 281.717 281.782
281.704 282.313 284.221
281.627 281.678 281.714
281.668 281.724 281.826
281.683 281.710 281.750
281.676 281.713 281.753
281.674 281.697 281.732
281.627 281.709 281.812
281.644 281.713 281.808
281.628 281.667 281.737
281.642 281.688 281.743
281.672 281.697 281.731
281.680 281.725 281.781
281.699 281.733 281.758
281.661 281.690 281.732
281.580 281.712 281.839
281.686 281.745 281.831
281.712 281.752 281.789
281.630 281.871 282.625
281.679 281.700 281.726
281.698 281.743 281.806
281.684 281.738 281.777
281.652 281.702 281.774
281.638 281.736 281.930
281.654 281.697 281.731
281.669 281.712 281.778
281.718 281.752 281.821
282.926 282.951 282.967
282.938 282.960 282.998
282.920 282.941 282.963
281.684 282.347 282.976
281.671 282.397 284.039
282.928 283.116 283.714
281.636 282.434 284.177
281.645 281.749 281.853
281.665 281.700 281.733
281.681 281.726 281.780
281.694 282.024 283.223
281.688 281.731 281.823
281.705 281.724 281.760
281.638 281.767 282.015
281.620 281.669 281.718
281.674 281.704 281.736
281.688 281.735 281.779
281.711 281.738 281.787
281.676 281.703 281.726
281.679 281.714 281.768
281.650 281.705 281.757
281.783 281.824 281.877
281.795 281.813 281.838
281.747 281.762 281.785
281.790 281.812 281.830
281.743 281.799 281.951
281.766 281.792 281.819
281.758 281.803 281.863
281.790 281.812 281.834
281.713 281.819 281.942
281.789 281.825 281.877
281.778 281.814 281.853
281.755 281.849 281.945
281.787 281.836 281.888
281.745 281.796 281.835
281.748 281.810 281.922
281.795 281.811 281.824
281.731 281.766 281.804
281.765 282.219 283.427
281.801 281.828 281.869
281.738 281.800 281.839
281.787 281.817 281.846
281.788 281.810 281.831
281.754 281.782 281.827
281.769 281.800 281.832
281.741 281.782 281.862
281.759 281.823 281.870
281.753 281.845 282.051
281.721 281.779 281.810
281.752 281.822 281.887
281.718 281.782 281.828
281.782 281.797 281.818
281.752 281.781 281.821
281.792 281.805 281.818
281.720 281.764 281.784
281.731 281.818 281.897
281.777 281.844 281.910
281.760 281.807 281.858
281.760 281.815 281.861
281.756 281.800 281.853
281.937 282.892 284.284
281.764 282.235 284.013
281.798 281.823 281.888
281.745 281.809 281.883
281.765 281.834 281.915
281.712 281.808 281.898
281.742 281.826 281.889
281.796 281.835 281.945
281.787 281.821 281.844
281.813 282.139 283.332
281.750 281.793 281.844
281.727 281.906 282.336
281.725 281.785 281.836
281.723 281.795 281.866
281.775 281.803 281.840
281.731 281.800 281.917
281.783 281.892 282.217
281.790 282.117 283.290
281.761 282.045 283.074
281.799 281.817 281.838
281.722 281.796 281.844
281.774 281.909 282.314
281.857 282.345 283.235
281.779 282.440 285.010
281.796 281.831 281.860
281.772 281.809 281.857
281.749 281.819 281.931
281.754 281.781 281.800
281.772 281.852 281.995
281.725 281.779 281.842
281.714 281.776 281.808
281.793 281.831 281.896
281.719 281.776 281.855
281.761 281.808 281.846
281.745 281.804 281.958
281.768 281.782 281.800
281.781 281.818 281.881
281.788 281.835 281.875
281.796 281.866 282.011
281.775 281.795 281.814
281.797 282.499 283.985
281.748 282.045 282.976
281.793 282.102 283.219
281.773 281.808 281.847
281.783 281.825 281.928
281.753 281.810 281.848
281.740 281.838 281.908
281.734 281.821 281.863
281.776 281.848 281.925
281.783 281.808 281.843
281.720 281.810 281.909
281.823 281.879 281.999
281.681 281.789 281.901
281.809 282.122 283.107
281.795 281.849 281.889
281.743 281.804 281.838
281.773 281.828 281.930
281.780 281.822 281.852
281.774 281.828 281.875
281.834 281.933 282.266
281.772 281.817 281.863
281.869 281.918 281.956
281.755 281.833 281.870
281.775 281.839 281.966
281.809 282.063 282.690
281.800 281.881 281.974
281.742 281.819 281.874
281.778 281.851 281.933
281.737 281.810 281.963
281.761 281.891 282.196
281.669 281.750 281.812
281.686 281.728 281.765
281.770 281.822 281.879
281.732 281.781 281.860
281.799 281.835 281.932
281.781 282.061 283.121
281.749 281.814 281.942
281.755 281.802 281.898
281.732 281.785 281.823
281.727 281.789 281.880
281.844 282.018 282.666
281.772 281.813 281.843
281.756 281.812 281.848
281.787 281.831 281.903
281.722 281.816 281.936
281.832 281.902 282.075
281.736 281.790 281.834
281.795 281.877 281.981
281.839 281.940 282.028
281.777 281.850 281.991
281.813 281.861 281.920
281.801 281.857 281.961
281.803 281.894 281.955
281.773 281.819 281.869
281.785 282.210 283.744
281.857 281.922 281.991
281.792 281.892 282.003
281.815 281.962 282.335
281.864 281.938 282.134
281.748 281.854 282.012
281.825 281.859 281.887
281.793 281.833 281.893
281.784 282.294 284.024
281.804 281.845 281.933
281.746 281.807 281.866
281.781 281.857 282.013
281.729 281.875 282.027
281.753 281.808 281.912
281.720 281.753 281.805
281.718 281.772 281.850
281.814 281.851 281.880
281.737 281.776 281.848
281.767 281.806 281.868
281.734 281.759 281.829
281.747 281.797 281.851
281.725 281.765 281.810
281.726 281.808 281.957
281.732 281.836 281.930
281.726 281.830 281.952
281.688 281.770 281.818
281.736 281.761 281.782
281.727 281.799 281.887
281.721 281.777 281.847
281.741 281.813 281.997
281.730 281.853 281.915
281.696 281.795 281.936
281.833 281.915 281.992
281.741 281.921 282.349
281.682 281.761 281.816
281.652 281.773 281.890
281.702 281.804 281.852
281.802 281.884 282.069
281.710 281.897 282.052
281.724 281.853 282.040
281.724 281.809 281.906
281.744 281.772 281.806
281.787 281.829 281.881
281.711 281.807 281.931
281.643 281.771 281.861
281.713 281.819 281.982
281.712 281.766 281.848
281.735 281.812 281.935
281.719 281.879 281.954
281.689 281.764 281.816
281.739 281.798 281.970
281.680 281.804 281.878
281.723 281.817 281.911
281.759 282.019 282.872
281.742 281.875 281.972
281.721 281.866 282.202
281.776 281.814 281.878
281.753 281.840 281.925
281.699 281.790 281.884
281.780 281.869 282.116
281.684 281.789 282.009
281.725 281.787 281.841
281.710 281.816 282.068
281.695 281.782 281.824
281.733 281.793 281.834
281.738 281.874 282.034
281.732 281.773 281.822
281.795 281.846 281.889
281.711 281.773 281.856
281.766 281.810 281.868
282.917 283.122 283.370
281.748 281.821 281.987
281.736 281.806 281.901
281.703 281.833 282.001
281.815 282.485 285.008
281.715 281.762 281.884
281.803 281.951 282.477
281.761 281.918 282.116
281.755 281.826 281.905
281.744 281.767 281.780
281.704 281.800 281.940
281.748 281.781 281.869
281.766 281.876 282.186
281.701 281.822 282.050
281.709 281.771 281.946
281.745 281.825 281.908
281.741 281.958 282.626
281.718 281.773 281.826
281.678 281.737 281.780
281.759 281.805 281.846
281.760 281.833 281.871
281.732 281.835 281.944
281.776 281.800 281.848
281.709 281.776 281.871
281.737 281.782 281.825
281.785 281.808 281.832
281.758 281.802 281.846
281.753 281.776 281.825
281.746 281.825 281.923
281.763 281.800 281.841
281.769 282.012 282.895
281.780 281.794 281.813
281.713 281.774 281.830
281.759 281.825 281.986
281.764 281.806 281.927
281.811 281.899 282.055
281.747 281.820 281.965
281.716 281.920 282.467
281.768 282.114 283.071
281.696 281.771 281.908
281.739 282.322 284.433
281.730 281.764 281.799
281.713 281.843 281.953
281.741 281.888 282.244
281.764 281.795 281.853
281.754 281.835 281.907
281.735 281.975 282.724
281.708 281.815 281.956
281.700 281.790 281.888
281.739 282.222 283.863
281.742 281.793 281.850
281.720 281.819 281.934
281.791 281.822 281.856
281.683 281.767 281.854
281.750 281.796 281.813
281.734 281.863 282.130
281.943 282.081 282.184
281.737 281.785 281.868
281.748 281.814 281.850
281.643 281.764 281.807
281.707 282.043 283.113
281.788 281.872 282.069
281.817 281.849 281.891
281.728 281.774 281.817
281.710 282.029 282.884
281.764 281.806 281.866
281.682 281.812 281.870
281.727 281.758 281.791
281.797 281.839 281.871
281.777 281.826 281.902
281.735 281.871 282.153
281.733 282.537 285.539
281.717 281.855 281.950
281.679 281.768 281.862
281.762 281.864 281.939
281.738 282.514 283.753
281.751 281.821 281.965
281.699 282.210 283.770
281.726 281.760 281.829
281.725 281.837 281.997
281.747 282.206 283.684
281.738 281.798 281.865
281.678 281.762 281.802
281.728 281.773 281.857
281.723 281.788 281.859
281.752 281.794 281.865
281.759 281.819 281.923
281.745 281.821 281.968
281.764 281.825 281.964
281.695 281.784 281.837
281.764 281.783 281.811
282.020 282.990 283.946
281.701 281.735 281.779
281.735 281.776 281.849
281.708 281.813 281.886
281.748 283.630 284.312
281.778 281.847 282.044
281.772 281.853 282.045
281.779 281.836 281.979
281.687 281.761 281.804
281.724 281.819 281.922
281.733 281.809 281.925
281.712 281.771 281.905
281.691 281.790 281.934
281.710 281.734 281.784
281.719 281.802 281.928
281.726 281.778 281.904
281.710 281.809 282.000
281.750 281.873 281.947
281.758 281.795 281.892
281.681 281.781 281.872
281.717 281.756 281.797
281.768 281.830 281.953
281.692 281.773 281.958
281.739 281.790 281.862
281.752 281.860 282.024
281.729 281.763 281.815
281.785 281.844 281.922
281.767 281.825 281.898
281.703 281.794 281.933
281.688 281.740 281.763
281.705 281.788 281.943
281.727 281.943 282.537
281.730 281.828 281.896
281.718 281.795 281.960
281.738 281.765 281.808
281.707 281.785 281.868
281.725 281.790 281.915
281.739 281.824 281.891
281.671 281.745 281.811
281.740 281.806 281.895
281.736 281.757 281.782
281.745 281.794 281.870
281.706 281.764 281.818
281.688 281.796 281.907
281.707 281.743 281.809
281.592 281.711 281.778
281.682 281.837 282.084
281.646 281.754 281.905
281.732 281.762 281.784
281.742 281.768 281.843
281.673 281.757 281.837
281.691 281.793 281.857
281.727 281.763 281.822
281.701 281.840 281.921
281.702 281.997 283.005
281.731 281.769 281.852
281.744 281.814 281.963
281.679 281.786 281.869
281.749 281.799 281.889
281.697 281.985 282.722
281.745 281.761 281.775
281.698 281.839 282.058
281.767 281.825 281.855
281.720 281.758 281.794
281.677 281.709 281.761
281.701 281.729 281.771
281.703 281.752 281.811
281.709 281.767 281.897
281.731 281.783 281.807
281.652 281.780 281.978
281.704 281.749 281.793
281.724 281.763 281.806
281.685 281.760 281.831
281.721 281.742 281.773
281.766 282.310 284.169
281.705 281.785 281.844
281.705 281.755 281.829
281.696 281.806 281.937
281.659 281.763 281.819
281.734 281.792 281.889
281.745 281.782 281.860
281.780 281.893 282.192
281.696 281.769 281.867
281.721 281.767 281.813
281.688 281.822 282.023
281.785 282.617 285.745
281.724 281.803 281.956
281.730 281.812 281.940
281.728 281.779 281.835
281.675 281.823 282.218
281.723 281.844 281.996
281.811 281.858 281.887
281.717 281.788 281.884
281.601 281.802 281.947
281.684 281.789 281.878
281.739 281.840 282.120
281.763 281.794 281.875
281.709 281.762 281.813
281.732 281.741 281.748
281.680 281.774 281.924
281.675 281.808 281.918
281.801 282.079 282.740
281.688 281.816 282.138
281.595 281.734 281.857
281.740 281.802 281.851
281.723 281.830 281.921
281.760 281.857 281.939
281.767 281.817 281.886
281.680 281.759 281.838
281.710 282.031 283.106
281.907 283.109 284.916
281.713 281.761 281.812
281.743 281.794 281.896
281.770 281.860 281.932
281.738 281.810 281.853
281.781 282.731 284.760
281.778 281.919 282.244
281.729 281.866 282.189
281.739 281.785 281.825
281.740 281.790 281.887
281.723 281.837 281.956
281.753 281.974 282.325
281.743 281.842 281.987
281.636 281.742 281.808
281.735 281.844 282.051
281.708 281.803 281.898
281.769 281.853 281.909
281.732 281.860 282.084
281.722 282.444 283.263
281.692 281.791 281.892
281.759 282.316 284.334
281.766 282.162 283.367
281.760 282.353 284.168
281.729 281.805 281.890
281.718 281.864 282.255
281.737 281.919 282.041
281.745 281.887 281.989
281.719 281.853 282.072
281.724 281.824 281.908
281.761 281.828 281.905
281.786 281.873 281.930
281.721 281.886 282.076
281.805 281.860 281.925
281.752 281.854 282.008
281.790 281.855 281.955
281.753 281.859 282.018
281.738 281.788 281.893
281.827 281.925 282.153
281.756 281.848 281.918
281.765 281.872 281.998
281.834 281.907 281.993
281.732 281.858 281.997
281.773 281.837 281.914
281.719 281.827 281.979
281.717 281.855 282.027
281.799 281.907 281.965
281.726 281.949 282.162
281.675 281.853 281.902
281.826 281.916 282.040
281.617 281.826 281.933
281.710 281.832 281.961
281.823 281.934 282.004
281.794 281.902 282.004
281.817 281.898 282.014
281.838 281.907 281.994
281.729 281.855 282.057
281.884 281.972 282.116
281.878 282.108 282.623
281.867 281.940 281.991
281.830 281.895 281.945
281.735 281.868 281.933
281.776 281.885 281.987
281.740 281.912 282.069
281.741 281.837 281.932
281.887 281.976 282.073
281.732 281.933 282.203
281.893 282.030 282.149
281.910 281.985 282.046
281.777 281.916 282.094
281.846 281.942 282.086
281.727 281.849 282.082
281.909 282.031 282.212
281.813 281.922 281.978
281.807 281.859 281.928
281.727 281.842 281.969
281.802 281.926 282.090
281.805 281.936 282.127
281.711 281.885 282.081
281.789 281.909 282.005
281.702 281.838 281.967
281.889 281.959 282.058
281.826 281.883 281.932
281.705 281.830 281.909
281.788 281.851 281.924
281.838 281.918 282.009
281.879 281.968 282.089
281.809 281.853 281.915
281.864 281.996 282.130
281.708 281.936 282.106
281.737 281.908 282.028
281.853 281.933 282.133
281.836 281.933 282.080
281.810 281.900 281.987
281.816 281.891 281.969
281.726 282.569 285.009
281.794 281.894 281.989
281.808 281.920 282.132
281.766 281.857 281.988
281.831 281.925 281.965
281.760 281.894 281.980
281.779 281.889 281.995
281.893 281.934 282.025
281.805 281.866 281.938
281.794 281.906 282.007
281.754 281.893 282.242
281.846 281.920 281.987
281.803 281.891 281.947
281.785 281.839 281.999
281.897 282.231 283.362
281.784 281.861 281.920
281.836 281.953 282.121
281.856 281.946 282.125
281.768 281.881 282.057
281.764 281.906 282.025
281.747 282.339 284.104
281.779 281.857 282.012
281.868 281.911 282.004
281.803 281.851 281.913
281.773 281.982 282.345
281.742 281.875 282.008
281.761 282.042 282.742
281.855 281.896 281.964
281.746 281.864 282.009
281.798 281.831 281.918
281.846 281.878 281.921
281.848 281.907 281.981
281.739 281.859 282.060
281.762 282.410 283.438
281.838 281.886 281.937
281.745 281.851 281.943
281.703 281.824 281.914
281.855 283.232 285.532
281.875 281.916 281.978
281.679 281.803 281.883
281.778 281.833 281.867
281.711 281.812 281.872
281.852 281.890 281.975
281.725 281.814 281.896
281.823 281.854 281.887
281.823 281.877 281.946
281.625 281.807 281.946
411.163 416.865 420.220
408.513 412.631 416.527
408.876 412.928 418.451
412.337 416.687 419.473
410.962 417.188 422.263
281.702 281.846 281.928
281.660 281.766 281.876
281.670 281.824 281.937
281.754 281.835 281.929
281.813 281.960 282.268
281.812 281.935 282.002
281.662 281.817 281.922
281.822 281.915 282.034
281.712 281.809 281.888
281.712 281.865 282.124
281.844 281.890 281.931
281.775 281.835 281.856
281.766 281.862 281.991
281.824 281.876 281.951
281.745 281.834 281.925
281.726 281.793 281.899
281.719 281.859 281.976
281.697 282.364 284.623
281.763 282.496 282.997
281.609 281.788 281.874
281.705 281.882 282.029
281.777 281.846 281.941
281.861 281.885 281.899
281.746 281.835 281.907
281.817 281.899 281.980
281.804 281.959 282.122
281.700 281.802 281.869
281.674 281.786 281.893
281.763 281.829 281.884
281.657 281.777 281.868
281.723 281.888 282.006
281.752 281.852 281.959
281.717 281.826 281.918
281.721 281.771 281.840
281.688 281.891 282.353
281.674 281.964 282.217
281.737 282.919 284.052
281.694 281.745 281.817
281.725 281.903 282.303
281.725 281.806 281.928
281.626 281.805 282.048
281.755 281.829 281.962
281.681 281.771 281.861
281.823 281.877 281.930
281.727 281.782 281.910
281.757 281.857 282.006
281.717 281.747 281.767
281.646 281.802 282.017
281.717 281.798 281.898
281.709 281.765 281.875
281.730 281.791 281.948
281.720 281.794 281.902
281.774 281.947 282.436
281.678 281.763 281.883
281.707 282.531 283.648
281.730 281.821 281.991
281.793 281.931 282.128
281.633 281.780 281.876
281.692 281.784 281.880
281.660 282.022 283.058
281.782 282.892 284.475
281.684 281.715 281.765
281.658 281.715 281.789
281.703 281.755 281.842
281.680 281.709 281.746
281.721 281.907 282.018
281.671 281.728 281.863
281.692 281.739 281.823
281.733 281.763 281.832
281.698 281.739 281.828
281.745 281.781 281.812
281.660 281.716 281.748
281.686 281.753 281.877
281.696 281.956 282.876
281.611 281.705 281.822
281.662 281.796 281.937
281.676 281.717 281.765
281.657 283.262 284.669
281.686 281.737 281.821
281.645 281.725 281.854
281.641 281.712 281.818
281.707 281.847 282.123
281.654 281.708 281.753
281.651 281.716 281.769
281.701 281.882 282.444
281.697 281.741 281.823
281.695 281.740 281.784
281.609 281.750 281.904
281.689 281.893 282.573
281.633 281.703 281.738
281.652 282.015 283.252
281.999 283.651 285.000
281.610 281.753 282.048
281.669 281.741 281.802
281.624 282.285 284.752
281.672 281.746 281.834
281.695 281.760 281.833
281.692 281.718 281.734
281.662 281.731 281.795
281.682 281.713 281.804
281.694 281.718 281.776
281.709 281.726 281.751
281.703 281.725 281.770
281.698 281.721 281.772
281.666 281.760 282.023
281.675 281.711 281.755
281.695 281.733 281.747
281.689 281.747 281.854
281.686 281.732 281.771
281.672 282.395 285.021
281.675 281.712 281.768
281.638 282.228 284.371
281.698 281.715 281.740
281.720 281.816 281.947
281.683 281.735 281.764
281.657 281.713 281.796
281.715 281.751 281.768
281.634 281.711 281.740
281.640 281.691 281.729
281.651 281.756 281.887
281.701 281.725 281.768
281.709 282.174 283.910
281.674 281.708 281.731
281.729 281.753 281.791
281.673 281.727 281.756
281.702 281.820 282.122
281.645 281.736 281.869
281.699 281.759 281.804
281.671 281.798 282.142
281.728 282.180 283.347
281.687 281.732 281.779
281.683 281.752 281.811
281.655 282.159 284.058
281.668 281.702 281.739
281.685 281.715 281.790
281.643 281.698 281.730
281.683 281.706 281.720
281.680 281.685 281.694
281.671 281.729 281.883
281.699 281.780 281.841
281.708 281.714 281.723
281.642 281.676 281.705
281.696 281.733 281.758
281.681 282.490 283.791
281.660 282.517 285.751
281.677 281.780 282.050
281.674 281.698 281.714
281.667 281.690 281.715
281.677 282.037 283.394
281.680 281.707 281.766
281.651 281.739 281.919
281.687 281.725 281.751
281.639 281.705 281.745
281.686 281.703 281.741
281.703 281.719 281.745
281.685 281.725 281.766
281.635 281.687 281.756
281.687 281.712 281.749
281.635 281.717 281.840
281.637 281.704 281.765
281.700 281.738 281.806
281.625 281.679 281.776
281.679 281.705 281.756
281.648 282.430 285.399
281.674 281.708 281.762
281.685 281.709 281.738
281.630 281.718 281.819
281.666 281.722 281.798
281.647 281.656 281.669
281.654 281.713 281.830
281.668 281.707 281.746
281.670 281.700 281.745
281.634 281.690 281.738
281.695 281.724 281.760
281.674 281.699 281.737
281.698 281.742 281.865
281.669 281.795 282.197
281.652 281.730 281.841
281.652 281.722 281.833
281.679 281.698 281.719
281.650 281.849 282.537
281.676 281.689 281.709
281.706 281.737 281.812
281.686 281.718 281.779
281.623 281.704 281.781
281.632 281.692 281.741
281.661 281.819 282.287
281.658 281.678 281.696
281.657 281.744 281.809
281.653 281.684 281.707
281.703 281.713 281.737
281.624 281.688 281.745
281.678 281.867 282.557
281.623 281.673 281.703
281.685 281.735 281.817
281.683 281.784 282.082
281.623 281.692 281.732
281.650 281.703 281.804
281.700 281.738 281.771
281.671 281.704 281.720
281.678 281.704 281.729
281.640 281.713 281.819
281.591 281.696 281.766
281.674 281.708 281.768
281.687 281.848 282.441
281.650 281.709 281.749
281.655 281.670 281.679
281.627 281.688 281.739
281.680 281.873 282.075
281.662 281.712 281.735
281.680 281.726 281.812
281.675 282.488 283.728
281.693 281.714 281.740
281.679 282.023 282.939
281.661 281.696 281.729
281.636 281.925 282.847
281.671 281.702 281.732
281.706 282.207 284.105
281.656 281.888 282.630
281.678 281.722 281.798
281.673 281.733 281.894
281.661 281.711 281.749
281.682 281.719 281.795
281.666 281.717 281.739
281.697 281.739 281.791
281.700 281.726 281.756
281.665 281.747 281.819
281.684 281.708 281.735
281.714 282.380 284.759
281.688 281.715 281.741
281.706 281.733 281.760
281.704 281.739 281.788
281.704 282.233 283.403
281.687 281.713 281.769
281.666 281.749 281.898
281.692 281.739 281.825
281.703 281.821 282.129
281.655 281.719 281.792
281.689 281.721 281.743
281.691 281.726 281.755
281.667 281.698 281.733
281.717 282.127 283.675
281.743 282.518 284.451
281.714 281.995 283.054
281.674 281.718 281.753
281.707 281.729 281.754
281.685 281.720 281.764
281.694 281.723 281.762
281.656 281.926 282.815
281.647 281.704 281.766
281.693 281.711 281.742
281.679 281.725 281.791
281.636 281.686 281.726
281.664 281.700 281.755
281.680 281.743 281.798
281.676 281.700 281.723
281.706 281.725 281.764
281.703 281.846 282.304
281.661 281.690 281.706
281.662 281.823 282.201
281.685 281.767 281.896
281.636 281.689 281.808
281.715 281.760 281.870
281.631 282.136 283.820
281.662 281.713 281.768
281.687 281.714 281.740
281.700 281.728 281.786
281.692 281.705 281.715
281.708 282.146 283.716
281.691 281.729 281.775
281.638 281.706 281.762
281.662 281.798 282.046
281.612 281.737 281.797
281.688 281.736 281.767
281.688 281.715 281.750
281.707 281.738 281.751
281.744 283.464 284.338
281.670 281.694 281.744
281.579 281.679 281.744
281.724 281.805 282.004
281.665 282.501 285.532
281.634 281.712 281.820
281.675 281.699 281.733
281.665 281.705 281.780
281.684 281.704 281.729
281.689 281.727 281.809
281.651 281.727 281.785
281.710 281.774 281.842
281.684 281.720 281.755
281.715 281.729 281.762
281.648 281.702 281.752
281.687 281.723 281.737
281.685 281.761 281.874
281.713 281.772 281.879
281.680 281.702 281.723
281.701 281.713 281.733
281.657 281.724 281.778
281.694 281.756 281.818
281.640 281.720 281.784
281.682 281.725 281.768
281.695 281.731 281.765
281.694 281.731 281.752
281.662 281.758 281.911
281.672 281.944 282.862
281.662 281.725 281.756
281.684 281.741 281.786
281.651 281.719 281.768
281.658 281.704 281.720
281.610 281.816 282.311
281.662 281.700 281.744
281.669 281.739 281.809
281.717 281.744 281.792
281.679 281.756 281.924
281.678 281.740 281.766
281.650 281.700 281.733
281.699 282.064 283.462
281.703 281.747 281.788
281.675 281.759 281.894
281.708 281.737 281.788
281.725 281.794 281.989
281.642 281.760 281.839
281.688 281.721 281.735
281.709 281.773 281.826
281.668 281.740 281.790
281.745 281.815 281.943
281.711 282.126 283.256
281.675 281.749 281.831
281.717 281.753 281.835
281.680 281.744 281.788
281.697 281.778 281.965
281.756 281.795 281.838
281.721 282.478 284.699
281.719 281.750 281.777
281.701 281.736 281.786
281.663 281.691 281.726
281.629 281.913 282.669
281.712 281.750 281.791
281.692 281.724 281.754
281.741 281.854 282.017
281.716 281.749 281.777
281.717 281.749 281.797
281.697 281.762 281.865
281.691 281.818 282.166
281.679 281.747 281.807
281.698 281.761 281.875
281.689 281.747 281.824
281.663 281.718 281.804
281.705 282.129 283.582
281.731 281.796 281.961
281.697 281.763 281.830
281.700 281.759 281.825
281.674 281.759 281.813
281.663 281.762 281.968
281.724 281.764 281.824
281.727 281.775 281.850
281.687 281.764 281.860
281.675 281.718 281.755
281.690 281.761 281.829
281.716 281.772 281.850
281.724 281.767 281.864
281.707 281.759 281.858
281.709 282.198 284.022
281.711 282.555 285.561
281.714 281.758 281.830
281.771 281.827 281.951
281.704 281.765 281.870
281.665 281.854 282.083
281.697 281.718 281.766
281.752 281.768 281.788
281.727 281.836 281.911
281.737 281.878 282.207
281.674 281.758 281.963
281.723 281.819 282.088
281.683 281.764 281.886
281.757 281.778 281.827
281.729 281.770 281.793
281.768 281.963 282.129
281.704 282.235 284.182
281.736 281.781 281.826
281.708 282.685 285.723
281.654 281.727 281.775
281.781 281.815 281.853
281.690 281.773 281.818
281.741 281.759 281.775
281.741 281.797 281.878
281.740 281.775 281.821
281.743 281.851 282.003
281.752 281.775 281.807
281.731 281.808 281.950
281.749 281.825 281.904
281.686 281.783 281.896
281.717 281.800 281.919
281.764 281.794 281.878
281.742 281.784 281.903
281.770 282.789 285.510
281.754 281.794 281.861
281.722 281.790 281.929
281.767 281.804 281.857
281.703 281.818 281.998
281.701 281.774 281.866
281.720 281.779 281.840
281.718 281.811 281.986
281.730 281.777 281.863
281.698 281.778 281.890
281.758 281.814 281.868
281.689 281.752 281.876
281.707 281.745 281.791
281.725 281.877 282.037
281.683 281.815 282.075
281.683 283.185 285.546
281.637 281.773 281.919
281.652 281.774 282.014
281.699 281.796 281.899
281.726 281.845 282.051
281.737 281.998 282.948
281.763 281.843 281.974
281.699 281.781 281.973
281.696 281.781 281.850
281.689 281.732 281.776
281.694 281.799 281.951
281.768 281.857 281.937
281.727 281.808 281.902
281.726 281.836 281.981
281.731 281.777 281.825
281.738 281.796 281.891
281.769 281.827 281.910
281.727 281.808 281.856
281.741 281.867 281.979
281.725 281.766 281.829
281.764 281.838 281.924
281.726 281.806 281.956
281.709 281.811 281.965
281.789 281.922 282.091
281.778 281.814 281.839
281.664 281.728 281.785
281.712 281.864 282.214
281.807 281.980 282.463
281.749 281.911 282.140
281.762 281.861 282.051
281.793 281.917 282.099
281.796 282.028 282.774
281.777 281.972 282.266
281.765 281.828 281.940
281.736 281.826 281.927
281.768 281.854 281.983
281.783 281.923 282.170
309.379 311.753 315.417
309.128 309.382 309.796
309.754 315.599 324.003
309.307 310.582 315.011
309.105 309.501 309.799
309.174 309.495 309.901
309.293 309.561 310.063
309.320 310.278 313.678
309.320 311.205 314.704
309.320 310.114 311.467
309.174 312.038 318.574
309.409 312.658 317.771
309.175 309.764 310.537
309.181 309.598 310.193
309.193 309.561 310.254
309.271 310.184 311.723
309.189 309.630 310.349
309.313 309.497 309.977
309.194 309.332 309.401
309.174 309.271 309.394
309.185 309.522 310.629
309.261 310.039 312.718
309.156 310.967 313.478
309.144 310.979 316.796
309.507 312.590 316.354
309.252 310.490 313.791
309.232 318.728 335.115
309.338 310.060 312.032
309.246 311.140 313.302
309.384 311.995 319.643
310.854 317.857 327.721
309.629 322.054 333.404
309.479 313.016 319.833
309.379 312.766 315.796
318.303 330.378 343.807
309.202 314.890 322.042
328.619 338.161 344.829
316.223 335.405 354.845
309.362 312.501 315.700
309.300 309.447 309.563
309.185 309.593 310.200
309.214 309.536 309.979
309.196 309.380 309.773
309.324 311.274 314.743
309.202 309.955 312.137
309.336 309.860 310.332
310.033 311.254 313.108
309.351 309.892 310.670
309.181 309.370 309.829
309.188 309.662 309.992
309.944 311.909 316.543
309.574 309.946 310.913
309.165 310.012 312.137
309.221 311.320 317.539
309.245 309.586 310.216
309.203 309.414 309.671
309.476 315.808 331.428
309.157 310.385 313.091
311.930 318.014 322.997
309.213 312.252 317.614
309.666 312.399 313.858
322.909 326.071 330.276
309.806 315.349 323.513
310.934 326.510 338.522
316.769 319.303 327.889
309.260 310.842 313.375
320.207 333.164 357.576
309.218 309.422 309.627
309.576 318.033 339.484
309.887 312.215 316.816
309.991 314.061 320.410
309.203 310.327 312.358
309.273 309.715 310.911
309.450 312.312 322.230
310.905 324.266 341.466
309.162 310.351 313.429
309.232 312.491 324.260
309.155 309.337 309.676
309.146 309.273 309.347
309.386 310.826 312.836
309.177 309.580 310.691
309.180 309.265 309.497
309.158 309.409 309.869
309.094 309.294 309.566
309.109 309.355 309.738
309.227 309.447 309.685
309.260 311.381 317.794
309.106 310.278 314.024
309.132 309.970 311.448
309.252 309.509 310.298
309.188 309.487 310.111
309.391 310.099 312.149
309.199 309.614 311.059
309.180 309.591 310.152
309.163 309.261 309.363
309.257 313.405 321.250
309.341 312.144 316.696
309.167 310.378 312.172
309.274 310.604 315.633
309.263 310.638 312.449
314.439 320.408 330.859
309.308 315.529 327.935
309.220 310.801 315.148
309.212 309.429 309.546
322.376 330.146 349.255
314.240 319.887 331.684
309.134 319.262 335.734
309.383 311.695 319.719
309.113 309.306 309.405
309.206 309.728 310.912
314.719 320.892 324.648
311.690 318.446 326.518
309.311 314.238 321.487
309.160 309.621 310.855
312.964 321.411 335.180
309.185 310.180 313.110
309.806 312.816 316.945
309.141 309.643 309.995
309.163 309.279 309.364
310.553 318.160 328.378
309.196 309.918 311.124
309.358 312.452 320.542
309.608 321.183 335.145
309.738 312.545 316.467
309.142 309.847 311.505
309.178 309.250 309.321
309.239 309.455 309.732
309.205 309.454 309.744
309.445 315.374 321.783
374.942 375.276 375.520
375.120 375.208 375.306
374.688 375.358 376.740
375.397 375.576 375.872
374.845 375.181 375.633
309.169 309.267 309.325
309.293 311.424 319.571
309.123 309.310 309.673
309.206 309.285 309.374
309.137 309.341 309.569
309.151 309.362 309.572
309.152 309.259 309.432
309.080 309.247 309.360
309.103 309.220 309.334
309.165 309.265 309.371
309.164 309.875 312.270
309.157 309.309 309.602
309.179 309.353 309.544
309.201 309.256 309.308
309.184 309.281 309.497
309.157 309.491 310.065
309.154 309.798 311.995
309.132 309.374 309.666
309.132 309.299 309.579
281.386 281.449 281.488
281.366 281.443 281.574
281.256 281.420 281.715
281.336 281.482 281.633
281.455 281.546 281.701
281.286 281.382 281.509
281.506 288.704 309.181
281.319 281.516 281.760
281.350 281.533 281.967
281.359 281.762 282.753
281.292 281.482 281.704
281.331 281.438 281.548
281.299 282.377 284.035
281.359 281.521 281.739
281.341 281.443 281.696
281.339 281.544 281.871
281.399 281.458 281.493
281.366 281.475 281.582
281.313 281.540 281.811
281.374 281.466 281.601
281.337 281.484 281.555
281.389 281.588 281.729
281.353 281.493 281.698
281.329 281.430 281.498
281.376 281.539 281.659
281.423 281.462 281.487
281.340 281.417 281.536
281.289 281.425 281.552
281.434 281.523 281.619
281.320 281.431 281.503
281.384 281.652 281.966
281.391 281.512 281.645
281.372 281.427 281.480
281.362 281.497 281.765
281.303 281.765 282.323
281.286 281.433 281.670
281.358 282.074 284.508
281.470 281.582 281.786
281.324 281.472 281.807
281.376 281.479 281.560
281.371 281.497 281.654
281.342 281.539 281.654
281.301 281.494 281.698
281.393 281.483 281.552
281.366 281.524 281.951
281.365 281.586 281.830
281.393 281.568 281.927
281.394 281.959 284.099
281.582 281.798 282.280
281.341 281.528 281.846
281.465 281.571 281.740
281.519 281.601 281.673
281.373 281.471 281.557
281.462 281.650 282.182
281.466 281.996 283.278
281.462 281.580 281.817
281.421 281.603 281.954
281.360 281.675 282.462
281.314 281.470 281.616
281.418 281.708 282.498
281.467 281.586 281.885
281.345 281.412 281.488
281.459 281.627 281.878
281.395 281.486 281.547
281.387 281.453 281.490
281.385 281.613 281.841
281.337 281.484 281.583
281.334 281.450 281.667
281.419 281.788 283.152
281.351 281.499 281.601
281.335 281.950 283.797
281.353 281.499 281.691
281.516 281.537 281.594
281.301 281.482 281.644
281.361 281.462 281.579
281.419 281.527 281.717
281.407 281.492 281.526
281.378 281.726 282.721
281.363 281.753 282.777
281.327 281.405 281.465
281.428 281.497 281.551
281.513 281.567 281.711
281.415 281.474 281.502
281.308 281.429 281.580
281.409 281.451 281.497
281.339 281.490 281.603
281.471 281.503 281.535
281.401 281.533 281.726
281.421 281.512 281.595
281.412 281.481 281.554
281.459 281.547 281.714
281.328 281.442 281.551
281.323 282.166 284.601
281.483 281.521 281.592
281.466 281.555 281.596
281.475 281.496 281.525
281.390 281.482 281.641
281.449 281.477 281.507
281.382 281.418 281.505
281.371 281.562 281.681
281.301 281.382 281.491
281.322 281.484 281.566
281.361 281.412 281.465
281.366 282.207 284.926
281.701 281.874 281.960
281.770 281.866 281.926
281.746 281.991 282.159
281.721 281.865 281.932
281.713 281.861 281.928
281.878 281.935 282.040
281.876 281.959 282.091
281.833 281.935 282.036
281.734 281.861 281.958
281.812 281.919 282.023
281.781 281.976 282.154
281.827 281.936 282.120
281.807 281.940 282.085
281.798 281.865 281.918
281.822 282.572 285.254
281.857 281.940 282.018
281.892 281.936 281.972
281.878 282.009 282.146
281.829 281.931 282.143
281.938 282.546 284.764
281.862 281.981 282.117
281.831 283.644 284.853
281.764 281.885 281.967
281.879 281.939 282.126
281.831 281.912 281.993
281.775 281.933 282.073
281.934 282.714 285.617
281.808 281.955 282.053
281.746 281.874 281.998
281.735 281.885 282.154
281.728 281.894 282.066
281.727 281.904 282.208
281.780 281.848 281.951
281.766 281.865 281.909
281.770 282.051 282.954
281.892 281.930 281.977
281.880 281.937 282.016
281.766 281.942 282.025
281.767 281.865 281.917
281.801 281.848 281.904
281.749 281.848 281.953
281.847 281.896 281.976
281.926 282.174 283.035
281.822 281.973 282.127
281.799 281.897 281.987
281.748 281.873 281.985
281.756 281.860 281.973
281.772 281.882 281.977
281.789 281.890 281.969
281.840 281.927 282.038
281.739 281.853 281.948
281.806 281.925 282.065
281.844 281.899 282.022
281.811 281.916 282.001
281.802 281.854 281.933
281.912 282.115 282.664
281.804 281.951 282.090
281.769 281.886 281.951
281.845 281.954 282.240
281.774 281.921 282.310
281.805 281.880 281.955
281.861 281.942 282.066
281.896 281.999 282.339
281.894 281.942 282.000
281.768 281.894 282.058
281.857 281.934 282.022
281.853 281.921 282.015
281.848 281.948 282.010
281.706 281.831 281.995
281.807 281.948 282.339
281.826 281.935 282.081
281.709 281.809 281.989
281.829 281.991 282.224
281.690 281.882 282.057
281.832 281.914 281.991
281.811 281.853 281.871
281.767 281.877 281.943
281.708 281.889 282.115
281.826 281.874 281.966
281.816 281.919 281.991
281.916 281.944 281.992
281.740 281.860 281.933
281.777 281.889 281.959
281.784 281.872 281.930
281.822 281.897 281.965
281.884 281.954 282.031
281.767 281.904 282.017
281.749 281.907 282.113
281.743 281.846 281.907
281.849 281.958 282.264
281.872 281.912 282.021
281.802 281.909 282.001
281.779 281.896 282.014
281.728 281.846 281.972
281.796 281.883 281.943
281.726 281.858 281.929
281.814 281.881 281.953
281.719 281.931 282.362
281.737 281.844 281.932
281.698 281.847 281.936
281.740 281.837 281.912
281.667 281.847 281.977
281.806 281.885 281.991
281.687 281.986 282.321
281.817 281.872 281.909
281.846 281.893 281.908
281.709 281.799 281.937
281.829 281.882 281.916
281.725 282.109 282.739
281.761 283.071 284.886
281.818 281.869 281.995
281.818 282.261 283.775
281.690 281.864 282.012
281.766 281.867 281.974
281.803 281.863 281.916
281.786 281.843 281.923
281.718 281.783 281.901
281.805 281.867 281.933
281.728 281.821 281.936
281.719 281.835 281.935
281.729 282.520 285.176
281.744 281.820 281.919
281.661 282.251 284.007
281.751 281.949 282.153
281.701 281.876 281.998
281.766 281.847 281.941
281.771 281.817 281.866
281.803 281.873 281.990
281.819 281.883 281.974
281.785 281.857 281.893
281.799 281.891 281.960
281.723 281.787 281.880
281.795 281.860 281.946
281.802 281.968 282.351
281.781 282.062 282.853
281.703 281.818 281.894
281.726 281.905 282.314
281.744 281.882 281.955
281.706 281.842 281.995
281.777 282.349 284.395
281.836 281.873 281.917
281.568 281.697 281.767
281.710 281.809 281.871
281.681 281.802 281.906
281.768 281.823 281.914
281.803 281.940 282.032
281.706 281.741 281.799
281.667 281.768 281.867
281.799 281.966 282.214
281.699 281.929 282.483
281.682 281.937 282.288
281.733 281.878 282.083
281.750 281.921 282.211
281.666 281.738 281.811
281.744 281.915 282.334
281.780 282.101 283.098
281.737 281.894 282.071
281.673 281.763 281.911
281.685 281.812 282.079
281.683 282.137 282.958
281.733 281.838 282.002
281.710 281.781 281.875
281.657 281.719 281.793
281.649 282.033 283.330
281.701 281.728 281.775
281.720 281.796 281.922
281.707 281.831 282.108
281.678 282.068 283.298
281.687 281.723 281.794
281.705 281.781 281.830
281.730 282.529 284.050
281.686 281.714 281.749
281.712 281.820 281.919
281.687 281.959 282.816
281.597 281.690 281.801
281.708 281.795 281.921
281.688 281.734 281.769
281.690 281.736 281.798
281.683 281.730 281.814
281.638 281.693 281.746
281.685 281.771 281.891
281.622 281.698 281.732
281.604 281.689 281.735
281.681 281.744 281.833
281.691 281.724 281.750
281.690 281.911 282.660
281.684 281.770 281.880
281.688 282.167 283.806
281.719 282.517 285.079
281.709 281.770 281.833
281.681 281.724 281.775
281.685 281.940 282.856
281.658 281.723 281.814
281.708 281.743 281.773
281.684 281.883 282.585
281.697 281.737 281.814
281.666 281.705 281.736
281.637 281.712 281.817
281.623 281.709 281.812
281.682 281.748 281.901
281.682 281.717 281.756
281.653 281.881 282.633
281.672 281.716 281.747
281.683 281.729 281.801
281.677 281.705 281.748
281.690 281.715 281.734
281.712 281.742 281.808
281.661 282.202 283.755
281.690 281.744 281.817
281.674 282.016 283.258
281.698 281.721 281.757
281.719 281.737 281.763
281.660 281.745 281.884
281.634 281.686 281.772
281.668 281.702 281.737
281.626 281.692 281.727
281.667 281.767 281.850
281.690 281.750 281.864
281.611 281.670 281.724
281.676 281.721 281.794
281.962 282.217 282.635
281.634 281.703 281.762
281.646 281.721 281.811
281.664 281.697 281.726
281.672 281.701 281.719
281.692 281.730 281.788
281.644 281.694 281.717
281.670 281.747 281.830
281.656 281.685 281.734
281.646 281.707 281.804
281.647 281.702 281.744
281.685 281.712 281.746
281.675 281.736 281.827
281.675 281.726 281.764
281.643 281.987 283.144
281.673 281.730 281.807
281.638 281.703 281.735
281.684 281.749 281.816
281.638 281.731 281.830
281.631 282.082 283.154
281.678 281.730 281.772
281.650 281.701 281.756
281.684 281.721 281.808
281.656 281.685 281.717
281.696 281.724 281.747
281.684 281.701 281.722
281.675 281.851 282.486
281.646 281.699 281.763
281.686 281.753 281.875
281.676 281.731 281.770
281.689 281.732 281.785
281.666 281.710 281.756
281.675 281.719 281.757
281.705 281.768 281.923
281.692 282.182 283.895
281.682 281.707 281.756
281.641 281.712 281.792
281.648 281.764 281.923
281.702 281.781 281.859
281.706 281.728 281.746
281.674 281.714 281.767
281.672 281.768 281.874
281.648 281.735 281.779
281.661 281.715 281.758
281.675 281.693 281.702
281.635 281.687 281.719
281.632 281.675 281.742
281.659 281.734 281.934
281.621 281.675 281.725
281.677 281.770 281.918
281.698 281.781 281.949
281.651 282.447 284.141
281.690 281.740 281.902
281.685 281.742 281.854
281.672 281.814 282.267
281.709 281.723 281.759
281.670 281.723 281.781
281.630 281.663 281.693
281.671 281.691 281.745
281.641 282.260 284.386
281.677 281.709 281.744
281.612 281.696 281.760
281.698 281.715 281.745
281.671 281.701 281.744
281.710 281.718 281.739
281.641 281.692 281.715
281.681 281.723 281.790
281.672 281.687 281.698
281.647 282.334 284.931
281.686 281.728 281.795
281.685 281.851 282.382
281.681 281.699 281.729
281.667 281.747 281.882
281.707 281.761 281.797
281.668 281.718 281.819
281.622 281.676 281.755
281.668 281.969 282.936
281.624 281.681 281.715
281.671 281.720 281.767
281.645 281.690 281.727
281.663 281.747 281.870
281.664 281.690 281.720
281.671 281.702 281.720
281.721 283.778 284.995
281.673 281.710 281.730
281.658 281.708 281.761
281.695 281.714 281.736
281.677 281.718 281.767
281.678 281.701 281.731
281.668 281.737 281.834
281.623 281.690 281.717
281.695 281.719 281.751
281.665 281.706 281.744
281.686 281.708 281.729
281.674 281.723 281.845
281.688 281.722 281.749
281.686 281.770 281.947
281.682 281.722 281.789
281.641 281.701 281.747
281.647 281.723 281.798
281.666 281.702 281.742
281.679 281.715 281.754
281.700 281.719 281.729
281.697 281.766 281.950
281.622 281.703 281.745
281.709 281.722 281.747
281.616 281.691 281.739
281.628 281.725 281.820
281.659 281.696 281.734
281.690 281.849 282.273
281.671 281.701 281.717
281.694 281.734 281.816
281.677 281.707 281.739
281.670 281.709 281.785
281.674 281.703 281.731
281.670 281.702 281.722
281.640 281.703 281.774
281.700 282.504 285.667
281.676 281.945 282.889
281.669 281.720 281.751
281.649 281.707 281.771
281.691 281.718 281.766
281.582 281.682 281.726
281.644 281.700 281.743
281.666 281.700 281.741
281.685 281.753 281.853
281.632 281.681 281.736
281.650 281.710 281.779
281.660 281.727 281.794
281.683 281.723 281.759
281.689 281.725 281.808
281.656 281.693 281.733
281.652 281.718 281.773
281.704 281.723 281.764
281.657 281.702 281.730
281.672 281.703 281.754
281.650 281.998 283.234
281.659 281.921 282.697
281.722 281.788 281.947
281.665 281.713 281.800
281.697 281.714 281.752
281.701 281.717 281.749
281.664 281.714 281.742
281.678 281.705 281.743
281.665 282.332 283.884
281.614 281.674 281.730
281.677 281.713 281.739
281.676 281.703 281.723
281.691 281.763 281.822
281.696 283.070 285.426
281.720 281.754 281.810
281.695 282.339 284.838
281.700 281.751 281.799
281.607 281.712 281.776
281.682 281.711 281.728
281.664 281.727 281.758
281.672 281.771 281.846
281.680 281.725 281.793
281.660 281.713 281.787
281.697 281.733 281.805
281.701 281.740 281.768
281.690 281.722 281.796
281.665 281.757 281.796
281.652 282.378 284.948
281.698 281.743 281.781
281.683 281.730 281.757
281.711 281.731 281.759
281.686 281.728 281.849
281.701 281.722 281.759
281.710 281.984 282.955
281.657 281.719 281.743
281.694 281.742 281.791
281.658 281.755 281.883
281.676 281.706 281.772
281.709 281.741 281.776
281.694 281.821 282.160
281.666 281.727 281.797
281.662 281.722 281.809
281.680 281.717 281.752
281.679 281.700 281.716
281.711 281.804 282.003
281.728 281.745 281.788
281.642 281.720 281.779
281.690 281.771 281.925
281.549 281.726 281.830
281.698 281.772 281.904
281.644 281.685 281.730
281.654 281.712 281.766
281.704 281.761 281.799
281.681 281.772 281.973
281.726 281.751 281.774
281.702 281.764 281.855
281.723 282.181 283.864
281.685 281.725 281.755
281.682 281.750 281.840
281.683 281.720 281.747
281.700 281.738 281.756
281.725 281.755 281.808
281.726 281.757 281.781
281.700 281.815 282.148
281.704 281.753 281.793
281.677 281.719 281.773
281.688 281.960 282.821
281.712 281.986 282.995
281.651 281.744 281.807
281.721 281.745 281.759
281.666 281.728 281.791
281.683 281.755 281.832
281.639 281.744 281.836
281.689 281.802 281.898
281.758 281.777 281.810
281.723 282.107 283.481
281.705 281.958 282.107
281.677 281.717 281.752
281.678 281.722 281.745
281.705 281.748 281.782
281.700 281.759 281.801
281.695 281.750 281.802
281.719 281.757 281.810
281.729 281.780 281.831
281.703 281.753 281.784
281.703 281.731 281.788
281.737 282.276 284.337
281.702 281.736 281.832
281.709 281.865 282.262
281.709 281.794 281.995
281.667 281.808 281.927
281.685 281.740 281.807
281.691 281.737 281.796
281.716 281.745 281.759
281.753 281.786 281.810
281.713 281.744 281.813
281.710 281.911 282.349
281.740 281.770 281.841
281.715 282.004 283.005
281.776 281.864 281.975
281.718 282.701 284.321
281.747 281.803 281.927
281.750 281.823 281.895
281.719 281.783 281.890
281.682 281.728 281.790
281.681 281.752 281.817
281.720 281.770 281.882
281.674 281.751 281.837
281.698 281.755 281.820
281.744 281.778 281.857
281.597 281.713 281.751
281.700 281.751 281.822
281.748 281.780 281.849
281.669 281.761 281.855
281.713 281.749 281.787
281.715 281.757 281.883
281.671 281.718 281.757
281.749 281.850 282.038
281.724 281.784 281.870
281.720 281.784 281.885
281.718 281.807 281.936
281.778 281.813 281.891
281.690 281.756 281.802
281.725 281.757 281.790
281.689 281.759 281.830
281.720 281.764 281.807
281.554 281.731 281.808
281.724 281.787 281.847
281.680 281.750 281.863
281.684 281.737 281.782
281.676 281.727 281.763
281.714 282.108 283.515
281.733 281.804 281.958
281.732 281.771 281.817
281.733 281.805 281.917
281.670 282.029 283.064
281.721 281.772 281.807
281.724 281.734 281.758
281.694 281.770 281.873
281.683 281.749 281.870
281.702 281.782 281.867
281.698 281.805 281.876
281.693 281.733 281.776
281.729 282.276 284.418
281.721 281.761 281.866
281.681 281.760 281.846
281.718 281.739 281.765
281.612 281.735 281.852
281.685 281.764 281.922
281.715 281.785 281.905
281.842 282.868 285.842
281.739 281.780 281.838
281.687 281.762 281.867
281.712 281.726 281.752
281.686 281.829 281.991
281.721 281.768 281.856
281.672 281.808 281.946
281.691 281.758 281.827
281.708 281.767 281.809
281.749 281.914 282.311
281.704 281.759 281.836
281.788 281.869 281.964
281.729 281.862 282.094
281.729 281.741 281.761
281.689 281.723 281.761
281.720 281.775 281.834
281.666 281.751 281.838
281.706 281.846 282.035
281.695 281.883 282.312
281.722 281.826 281.967
281.698 281.789 281.968
281.691 281.777 281.938
281.715 281.809 282.075
281.761 282.173 283.666
281.738 281.764 281.793
281.782 281.802 281.839
281.692 281.750 281.825
281.709 281.774 281.867
281.767 281.886 282.171
281.813 284.398 285.653
281.693 281.783 281.987
281.742 281.800 281.886
281.642 281.736 281.964
281.715 282.655 284.794
281.730 281.863 282.087
281.664 281.801 281.909
281.765 281.826 281.951
281.700 281.760 281.863
281.793 281.897 282.093
281.755 281.916 282.483
281.680 281.747 281.811
281.709 281.794 281.934
281.798 281.877 282.067
281.774 281.928 282.363
281.734 282.592 285.334
281.675 281.776 281.905
281.740 281.779 281.852
281.712 281.855 282.011
281.745 281.898 282.431
281.685 281.811 281.911
281.755 281.831 281.906
281.741 281.876 282.067
281.758 281.845 282.069
281.719 281.813 281.902
281.742 281.840 281.949
281.722 281.762 281.800
281.694 281.796 281.892
281.745 281.831 281.931
281.728 281.812 281.895
281.732 281.852 281.948
281.735 281.958 282.403
281.747 281.875 282.095
281.721 281.796 281.862
281.736 281.793 281.839
281.753 281.811 281.900
281.767 282.319 284.108
281.721 281.813 281.868
281.745 281.831 281.969
281.746 281.819 281.947
281.802 281.945 282.095
281.738 281.821 281.914
281.757 281.823 281.944
281.765 282.146 282.987
281.656 281.824 282.098
281.676 281.770 281.912
281.729 281.878 282.137
281.681 281.843 282.142
281.741 281.900 282.023
281.750 281.825 281.953
281.802 281.878 281.945
281.725 281.784 281.925
281.737 281.786 281.896
281.817 281.893 282.019
281.729 281.793 281.938
281.719 281.824 281.934
281.892 281.987 282.071
281.756 281.831 281.979
281.783 281.864 282.037
281.817 281.905 282.092
281.731 281.818 281.900
281.704 281.779 281.882
281.757 281.844 282.009
281.737 281.843 281.916
281.730 281.864 282.019
281.774 281.895 282.057
281.712 281.769 281.891
281.688 281.791 281.888
281.733 281.823 281.928
281.784 281.931 282.101
281.728 281.894 282.038
281.803 281.916 282.065
281.749 281.883 282.033
281.728 281.846 282.021
281.734 281.968 282.490
281.777 281.889 282.082
281.694 281.793 281.886
281.720 281.879 281.999
281.705 281.856 282.170
281.701 281.845 282.101
281.794 281.829 281.894
281.834 281.939 282.071
281.766 281.838 281.888
281.733 281.964 282.397
281.844 281.901 281.935
281.789 281.866 281.938
281.727 281.943 282.159
281.750 281.936 282.240
281.769 281.931 282.162
281.763 281.885 282.079
281.740 283.022 287.834
281.734 281.877 282.002
281.800 283.347 286.708
281.840 282.296 283.865
281.744 281.868 281.915
281.771 281.937 282.272
281.737 281.938 282.331
281.758 281.884 282.040
281.735 281.856 282.030
281.700 281.780 281.843
281.720 282.008 282.738
281.720 281.843 281.997
281.816 282.329 284.098
281.738 282.436 285.108
281.810 281.884 281.968
281.707 281.843 281.996
281.799 281.858 281.974
281.748 281.829 281.905
281.750 281.931 282.158
281.695 281.785 281.859
281.725 281.848 281.950
281.792 281.904 282.122
281.783 281.953 282.324
281.722 281.843 281.995
281.833 281.971 282.083
281.795 281.865 281.964
281.747 282.032 282.437
281.750 282.043 282.938
281.777 281.853 281.936
281.780 281.862 282.021
281.792 281.889 282.093
281.770 281.891 282.205
281.690 281.859 282.011
281.821 281.871 281.971
281.750 281.877 282.023
281.750 281.869 281.964
281.809 282.500 284.522
281.796 281.902 282.036
281.791 281.950 282.267
281.748 281.819 281.920
281.642 281.780 281.884
281.751 281.901 282.012
282.328 282.817 283.276
281.721 281.849 281.954
281.747 281.867 282.137
281.669 281.832 281.894
281.753 281.997 282.272
281.766 281.798 281.892
281.690 281.819 281.999
281.729 281.830 281.981
281.742 281.839 281.983
281.788 281.838 281.870
281.747 281.805 281.892
281.736 281.832 282.041
281.750 281.835 282.003
281.663 281.769 281.860
281.794 281.910 282.035
281.734 281.810 281.889
281.839 282.001 282.352
281.793 281.844 281.953
281.780 281.865 282.085
281.716 281.815 282.087
281.773 282.588 285.139
281.750 281.854 281.950
281.760 281.922 282.080
281.765 281.869 282.146
281.764 281.857 281.936
281.768 282.083 283.291
281.743 281.791 281.850
281.723 281.826 281.961
281.655 281.794 282.096
281.711 281.778 281.889
281.703 281.751 281.789
281.755 281.777 281.853
281.751 281.928 282.434
281.726 281.779 281.879
281.763 281.778 281.794
281.717 281.758 281.824
281.719 281.776 281.839
281.733 281.755 281.773
281.716 281.773 281.815
281.748 281.839 281.954
281.724 281.782 281.863
281.727 281.751 281.795
281.751 281.793 281.834
281.762 281.778 281.799
281.684 281.735 281.771
281.702 281.738 281.797
281.684 281.776 281.834
281.721 281.776 281.872
281.721 281.808 282.030
281.718 281.749 281.832
281.657 281.772 281.915
281.684 281.836 282.301
281.709 281.743 281.763
281.743 281.889 282.362
281.660 281.896 282.393
281.736 282.053 283.005
281.745 281.796 281.916
281.706 281.787 281.859
281.704 281.718 281.733
281.651 281.805 281.952
281.764 281.835 281.908
281.726 281.749 281.796
281.633 281.717 281.747
281.644 281.750 281.818
281.679 281.735 281.786
281.730 281.769 281.841
281.743 281.820 281.918
281.732 281.777 281.844
281.672 281.772 281.812
281.656 281.745 281.785
281.729 281.771 281.834
281.691 281.801 282.020
281.647 281.720 281.787
281.702 281.745 281.784
281.725 281.764 281.831
281.697 281.741 281.768
281.709 281.786 281.931
281.714 281.753 281.815
281.693 281.763 281.850
281.722 281.753 281.818
281.699 281.987 283.007
281.709 281.745 281.818
281.764 281.829 281.918
281.762 281.977 282.683
281.703 281.782 281.837
281.764 282.006 282.930
281.751 281.804 281.849
281.701 281.731 281.768
281.709 281.769 281.844
281.687 281.704 281.726
281.613 281.721 281.776
281.727 281.784 281.865
281.718 281.856 281.972
281.694 282.388 284.561
281.773 281.825 281.881
281.701 281.755 281.811
281.691 281.865 281.984
281.701 281.819 281.901
281.691 281.762 281.947
281.699 281.828 281.957
281.775 281.838 281.940
281.716 281.802 281.970
281.800 281.888 281.978
281.738 281.825 281.915
281.858 281.900 281.949
281.850 281.949 282.117
281.771 281.827 281.874
281.728 281.833 281.969
281.740 281.859 281.986
281.767 281.840 281.912
281.735 281.931 282.128
281.742 281.975 282.572
281.722 281.837 281.963
281.773 281.909 282.034
281.823 281.915 282.047
281.806 282.498 284.038
281.725 281.903 282.000
281.767 281.912 281.993
281.767 281.867 281.983
281.899 282.457 284.630
281.732 281.857 281.992
281.719 281.857 281.945
281.790 281.938 282.239
281.798 281.915 282.041
281.752 281.857 281.959
281.843 281.890 281.954
281.822 281.934 282.158
281.888 281.979 282.189
281.837 281.970 282.183
281.756 281.907 282.034
281.758 281.814 281.898
281.974 282.025 282.099
281.849 282.207 283.560
281.999 282.299 283.044
281.787 281.872 281.920
281.882 281.978 282.148
281.698 281.825 281.947
281.709 281.883 282.077
281.770 281.880 281.979
281.880 281.925 281.990
281.816 281.899 281.993
281.689 281.852 282.112
281.739 281.816 281.913
281.770 281.837 281.915
281.699 281.884 282.083
281.838 281.932 282.114
281.778 281.864 281.926
281.803 281.885 281.931
281.831 282.023 282.260
281.775 281.865 281.991
281.753 281.867 281.925
281.773 282.532 283.841
281.764 281.902 281.965
281.661 281.805 281.925
281.863 281.911 281.933
281.811 281.882 281.996
281.772 281.858 281.939
281.862 281.893 281.927
281.794 281.902 282.129
281.761 281.844 282.028
281.846 281.888 281.928
281.852 281.880 281.908
281.760 281.890 282.064
281.774 281.862 281.963
281.778 281.899 281.989
281.754 281.855 281.922
281.705 281.832 281.916
281.747 282.083 283.061
281.931 281.981 282.036
281.820 281.879 281.979
281.762 281.887 282.100
281.744 282.040 282.545
281.885 281.912 281.943
281.731 281.858 281.962
281.824 281.886 281.956
281.849 281.892 281.963
281.725 281.868 281.981
281.717 281.893 282.082
281.734 281.832 281.915
281.871 281.913 281.980
281.901 281.927 281.939
281.767 281.872 281.929
281.851 281.896 281.941
281.649 281.857 281.970
281.790 281.886 281.996
281.748 281.828 281.952
281.964 282.600 283.475
281.813 281.875 281.932
281.720 281.845 281.933
281.849 281.954 282.086
281.743 281.825 281.898
281.695 281.959 282.239
281.828 281.863 281.933
281.742 281.851 282.037
281.749 281.852 281.946
281.763 281.872 281.972
281.792 281.838 281.919
281.745 281.852 281.964
281.750 282.201 283.557
281.697 281.836 281.962
281.792 281.895 281.986
281.708 282.148 283.688
281.752 281.877 281.992
281.830 282.029 282.617
281.712 281.855 281.958
281.716 281.832 281.910
281.728 281.907 282.227
281.800 281.858 281.927
281.870 281.938 282.089
281.648 281.770 281.868
281.775 281.869 281.898
281.700 281.845 281.913
281.307 281.409 281.502
281.327 281.451 281.496
281.450 281.478 281.518
281.326 281.447 281.584
281.337 281.413 281.495
281.265 281.436 281.507
281.303 281.452 281.563
281.383 281.472 281.553
281.397 281.470 281.495
281.382 281.450 281.488
281.342 281.469 281.597
281.383 281.434 281.533
281.450 281.497 281.580
281.368 281.473 281.550
273.027 280.234 283.698
272.715 272.774 272.827
272.656 272.700 272.763
272.707 272.764 272.828
272.640 272.724 272.839
272.663 273.228 275.190
281.373 281.464 281.605
281.288 281.426 281.548
281.315 281.496 281.752
281.363 281.472 281.549
281.370 281.447 281.540
281.332 281.431 281.593
281.437 281.622 282.162
281.314 281.377 281.431
281.326 281.410 281.500
281.333 281.438 281.621
281.293 281.417 281.504
281.260 281.406 281.494
281.446 281.460 281.481
281.358 281.418 281.494
281.314 281.449 281.511
281.425 281.455 281.488
281.437 281.481 281.524
281.322 281.403 281.439
281.391 281.465 281.571
281.315 281.458 281.543
281.445 281.478 281.496
281.337 281.709 282.890
281.318 281.411 281.475
281.377 281.500 281.554
281.314 281.419 281.496
281.272 281.361 281.448
281.299 281.423 281.530
281.298 281.441 281.571
281.272 281.432 281.657
281.362 281.450 281.511
281.324 281.417 281.483
281.402 281.465 281.639
281.399 281.431 281.461
281.291 281.417 281.613
281.358 281.408 281.449
281.318 281.463 281.645
281.392 281.465 281.559
281.364 281.639 282.472
281.348 281.403 281.459
281.300 281.398 281.474
281.292 281.374 281.447
281.368 281.399 281.436
281.292 281.396 281.491
281.312 281.390 281.471
281.333 281.415 281.510
281.348 281.373 281.402
281.355 281.417 281.512
281.272 281.404 281.459
281.660 281.713 281.755
281.609 281.809 282.097
281.653 281.730 281.784
281.682 281.897 282.261
281.614 281.726 281.901
281.660 281.756 281.843
281.600 281.664 281.764
281.632 281.658 281.696
281.563 281.661 281.747
281.660 281.737 281.791
281.643 281.668 281.681
281.589 281.693 281.813
281.623 281.674 281.776
281.620 281.687 281.719
281.602 281.649 281.705
281.632 281.774 282.127
281.636 281.658 281.686
281.689 281.752 281.835
281.670 281.706 281.747
281.630 281.652 281.690
281.627 281.681 281.723
281.620 281.691 281.786
281.564 281.673 281.806
281.625 281.711 281.823
281.623 281.662 281.740
281.632 281.660 281.707
281.614 281.653 281.711
281.583 281.677 281.828
281.642 281.674 281.703
281.613 281.639 281.682
281.637 281.654 281.678
281.548 281.670 281.746
281.586 281.655 281.732
281.630 282.106 283.620
281.583 281.872 282.409
281.584 281.707 281.854
281.592 281.651 281.741
281.611 281.654 281.689
281.588 281.649 281.778
281.510 281.993 283.594
281.630 281.808 282.439
281.636 281.699 281.816
281.609 281.680 281.779
281.623 281.645 281.673
281.665 281.721 281.834
281.585 281.637 281.694
281.605 281.638 281.736
281.550 281.639 281.674
281.629 281.676 281.730
281.611 281.650 281.691
281.602 281.691 281.739
281.625 281.690 281.796
281.599 281.633 281.697
281.601 281.641 281.736
281.565 282.102 283.951
281.629 281.691 281.767
281.652 281.719 281.865
281.588 281.717 281.952
281.583 281.622 281.685
281.601 281.665 281.769
281.519 281.609 281.710
281.589 281.633 281.745
281.595 281.638 281.705
281.611 281.631 281.646
281.612 281.666 281.788
281.591 281.614 281.630
281.603 281.622 281.646
281.593 281.654 281.753
281.672 282.551 284.130
281.613 281.649 281.777
281.610 281.653 281.689
281.604 281.710 281.911
281.561 281.724 282.160
281.614 281.649 281.750
281.572 281.620 281.686
281.595 282.231 284.631
281.584 281.617 281.687
281.613 281.897 282.940
281.547 281.586 281.616
281.613 281.634 281.666
281.596 281.771 282.334
281.592 281.657 281.771
281.606 281.632 281.676
281.591 281.619 281.642
281.551 282.075 283.621
281.572 281.600 281.638
281.597 281.639 281.689
281.605 281.625 281.651
281.592 281.627 281.699
281.579 281.645 281.720
281.477 281.594 281.666
281.589 281.641 281.828
281.562 281.622 281.690
281.549 281.605 281.674
281.565 281.633 281.691
281.546 281.624 281.701
281.580 281.615 281.645
281.613 281.634 281.671
281.602 281.629 281.656
281.613 281.668 281.750
281.507 281.572 281.641
281.552 281.601 281.668
281.617 281.628 281.667
281.602 281.632 281.648
281.563 281.631 281.734
281.592 281.640 281.702
281.560 281.603 281.630
281.577 281.627 281.669
281.609 281.668 281.893
281.587 281.607 281.643
281.558 281.599 281.637
281.594 281.618 281.634
281.616 281.638 281.678
281.579 281.628 281.669
281.615 281.630 281.645
281.578 281.615 281.646
281.547 281.589 281.617
281.578 281.705 282.113
281.590 281.644 281.714
281.579 281.630 281.673
281.603 281.629 281.644
281.626 281.637 281.656
281.617 281.642 281.671
281.530 281.626 281.661
281.560 281.632 281.696
281.605 281.639 281.701
281.536 281.601 281.632
281.592 281.646 281.726
281.645 281.657 281.670
281.594 281.627 281.658
281.601 281.616 281.651
281.603 281.625 281.649
281.538 281.612 281.717
281.577 281.620 281.655
281.578 281.640 281.685
281.606 281.654 281.701
281.548 281.710 282.139
281.591 281.623 281.667
281.587 281.624 281.673
281.528 281.597 281.638
281.566 281.606 281.649
281.617 281.637 281.662
281.601 281.634 281.660
281.613 281.636 281.660
281.582 281.633 281.724
281.494 281.602 281.703
281.583 281.622 281.657
281.626 281.638 281.674
281.613 281.643 281.699
281.594 281.630 281.695
281.599 281.636 281.665
281.561 281.806 282.627
281.592 281.618 281.631
281.606 281.635 281.680
281.602 281.631 281.653
281.562 281.624 281.684
281.549 281.583 281.605
281.478 281.652 281.876
281.606 281.644 281.671
281.563 281.602 281.621
281.590 282.144 284.253
281.569 281.609 281.650
281.567 281.624 281.656
281.602 281.625 281.656
281.617 281.641 281.660
281.620 282.329 284.972
281.623 281.634 281.661
281.636 281.687 281.865
281.603 281.639 281.668
281.579 281.621 281.680
281.593 281.650 281.698
281.597 281.618 281.645
281.638 282.036 283.573
281.598 281.648 281.695
281.611 281.626 281.652
281.607 281.618 281.646
281.583 281.623 281.729
281.582 281.620 281.655
281.553 281.602 281.668
281.601 281.618 281.634
281.637 281.669 281.713
281.561 281.594 281.618
281.521 281.598 281.653
281.586 281.619 281.653
281.581 281.628 281.663
281.626 281.641 281.663
281.587 281.637 281.689
281.608 281.639 281.697
281.588 281.637 281.722
281.590 281.633 281.685
281.605 281.622 281.640
281.615 281.629 281.652
281.586 281.634 281.682
281.578 281.637 281.713
281.571 281.601 281.632
281.573 282.325 285.106
281.579 281.631 281.656
281.529 281.601 281.644
281.589 281.642 281.714
281.640 281.692 281.857
281.596 281.636 281.680
281.622 281.664 281.706
281.615 281.640 281.704
281.627 281.647 281.676
281.621 281.652 281.681
281.600 281.632 281.681
281.630 281.685 281.728
281.594 281.655 281.698
281.576 281.629 281.673
281.614 282.165 284.318
281.590 281.979 283.375
281.569 282.084 283.727
281.627 282.005 282.823
281.600 281.898 282.449
281.613 281.677 281.731
281.607 281.656 281.723
281.642 281.697 281.773
281.623 281.658 281.722
281.608 281.641 281.674
281.564 281.608 281.653
281.572 281.620 281.639
281.637 281.648 281.658
281.621 281.681 281.829
281.622 281.656 281.676
281.629 281.657 281.720
281.582 281.649 281.679
281.603 281.636 281.665
281.585 281.652 281.716
281.618 281.647 281.743
281.606 281.662 281.720
281.593 281.745 282.249
281.635 281.644 281.666
281.465 281.611 281.671
281.562 281.641 281.678
281.628 281.649 281.690
281.636 281.651 281.690
281.596 281.647 281.708
281.599 281.623 281.653
281.596 281.636 281.697
281.623 281.642 281.673
281.626 281.644 281.670
281.606 281.635 281.655
281.598 281.672 281.863
281.628 282.053 283.727
281.648 281.691 281.747
281.629 281.675 281.799
281.606 281.620 281.647
281.642 282.324 284.908
281.645 282.061 283.587
281.623 281.652 281.688
281.603 281.671 281.703
281.592 281.666 281.765
281.542 281.628 281.670
281.609 281.649 281.686
281.651 281.724 281.949
281.628 281.661 281.722
281.597 281.652 281.746
281.578 281.645 281.697
281.624 281.647 281.668
281.664 281.954 282.794
281.621 281.656 281.690
281.648 281.682 281.713
281.603 281.632 281.662
281.656 281.668 281.681
281.641 281.675 281.718
281.615 281.647 281.690
281.574 281.639 281.711
281.525 281.600 281.632
281.671 281.694 281.714
281.576 281.627 281.677
281.672 281.727 281.758
281.624 281.680 281.730
281.662 281.699 281.760
281.611 281.667 281.699
281.632 281.669 281.693
281.631 282.329 284.774
281.662 281.686 281.726
281.639 281.680 281.711
281.647 282.216 284.333
281.662 281.721 281.869
281.673 281.720 281.778
281.682 281.690 281.709
281.650 281.679 281.704
281.663 281.704 281.761
281.583 281.709 281.866
281.671 281.707 281.772
281.666 281.684 281.718
281.664 281.697 281.737
281.608 281.697 281.846
281.722 281.993 282.873
281.655 281.669 281.688
281.663 281.747 281.828
281.633 281.672 281.752
282.041 282.145 282.277
282.063 282.150 282.267
282.101 282.131 282.184
282.075 282.140 282.194
282.089 282.138 282.187
282.073 282.193 282.461
282.052 282.113 282.173
282.121 282.264 282.733
282.100 282.159 282.197
282.136 282.242 282.308
309.908 309.940 309.963
309.892 309.945 309.986
309.921 309.967 310.009
309.824 309.927 310.011
309.936 309.972 309.999
309.878 310.011 310.162
309.957 310.039 310.226
309.963 310.000 310.076
309.856 309.934 309.980
309.913 309.982 310.054
309.895 310.051 310.159
309.930 310.012 310.188
309.984 310.035 310.172
309.946 310.041 310.116
309.922 310.019 310.151
309.929 309.971 310.015
309.912 309.981 310.091
309.899 309.982 310.084
310.093 310.372 310.934
309.930 309.984 310.100
309.930 310.001 310.055
309.867 309.957 310.116
309.945 309.954 309.976
309.866 309.981 310.231
309.938 309.992 310.101
309.932 309.972 310.032
309.913 310.042 310.189
309.875 309.926 309.989
309.864 309.969 310.048
309.894 309.929 309.972
309.958 310.101 310.402
309.911 309.956 309.988
309.893 310.039 310.328
309.957 310.050 310.167
309.954 310.210 311.102
309.903 310.016 310.116
309.919 309.986 310.057
309.901 309.950 310.028
309.797 309.969 310.175
309.927 309.962 310.036
309.874 309.905 309.935
309.916 310.252 311.422
309.938 310.001 310.049
309.903 309.926 309.951
309.879 309.963 310.043
309.883 310.243 311.369
309.904 310.042 310.537
309.918 310.003 310.201
309.883 309.975 310.090
309.902 309.934 310.008
309.866 309.981 310.166
309.870 309.939 310.077
309.893 310.003 310.231
309.913 309.960 309.999
309.888 309.972 310.062
309.770 309.892 309.971
309.862 310.065 310.437
309.935 310.001 310.128
309.944 309.967 310.014
309.915 310.015 310.144
309.859 309.974 310.104
309.972 309.996 310.016
309.913 309.941 309.973
309.898 309.969 310.076
309.917 309.957 310.012
309.919 309.980 310.022
309.948 310.027 310.120
309.893 309.954 310.044
309.909 310.464 312.449
309.934 309.974 310.054
309.906 309.953 309.995
309.938 310.005 310.141
309.923 310.152 310.863
309.845 309.932 309.978
309.915 309.998 310.070
309.967 310.036 310.154
309.986 310.013 310.070
309.902 309.949 309.986
309.912 310.350 311.112
309.941 310.025 310.145
309.941 310.041 310.236
309.923 309.997 310.116
309.952 309.991 310.054
309.958 310.018 310.101
309.905 309.960 310.021
309.925 309.957 309.976
309.911 309.986 310.065
309.911 309.989 310.099
309.930 310.014 310.124
309.892 310.027 310.119
309.994 310.009 310.033
309.943 310.474 312.324
309.902 310.032 310.110
309.933 309.967 309.988
309.954 310.043 310.118
309.908 309.953 309.995
309.856 309.952 309.996
309.876 309.986 310.177
309.887 309.969 310.170
309.911 309.968 309.999
309.930 309.981 310.092
309.946 310.005 310.109
309.922 309.976 310.116
309.934 310.021 310.104
309.918 310.013 310.185
309.926 309.979 310.059
309.875 309.928 309.995
309.869 309.930 309.990
309.817 310.042 310.179
309.908 309.993 310.045
309.991 310.031 310.072
309.913 309.986 310.079
309.903 309.946 309.983
309.928 309.974 310.054
309.945 310.033 310.163
309.915 309.990 310.074
309.969 310.054 310.130
309.962 310.057 310.344
309.931 310.011 310.165
309.883 310.180 311.240
310.016 310.094 310.287
309.855 309.945 310.029
309.939 310.014 310.168
309.898 309.966 310.031
309.875 309.976 310.042
309.946 310.038 310.342
309.926 309.986 310.113
309.999 310.077 310.160
309.969 310.304 311.397
309.972 310.176 310.659
309.913 309.952 309.986
309.915 309.961 309.979
309.900 309.989 310.100
309.934 309.962 309.997
309.930 309.970 310.006
309.993 310.050 310.194
309.972 310.013 310.075
309.935 310.058 310.251
309.880 310.003 310.250
309.958 309.989 310.013
309.950 309.999 310.060
309.958 309.979 310.017
309.897 309.953 310.008
309.971 310.012 310.103
309.922 310.108 310.517
309.899 309.940 309.976
309.921 309.950 309.973
309.827 310.091 310.459
309.945 309.986 310.019
309.944 309.996 310.034
309.932 309.984 310.027
309.895 309.963 310.028
309.923 309.956 309.976
309.923 309.974 310.054
309.943 310.014 310.175
309.942 309.995 310.026
309.838 309.976 310.213
309.911 309.978 310.104
309.967 310.148 310.294
309.934 310.480 312.331
309.904 311.547 312.503
309.977 310.108 310.541
309.962 310.010 310.058
309.927 309.977 310.059
309.948 309.998 310.146
309.863 309.958 310.084
309.840 309.928 310.017
309.912 310.065 310.441
309.923 309.961 310.035
309.944 310.004 310.086
309.987 310.055 310.124
309.935 310.016 310.108
309.891 309.967 310.126
309.919 309.959 309.994
309.969 310.050 310.252
309.929 309.971 310.037
309.980 310.043 310.147
309.910 309.966 310.050
309.883 309.970 310.038
309.925 309.975 310.037
309.812 310.084 310.695
309.848 309.974 310.103
309.848 309.942 310.041
309.878 310.008 310.133
309.923 309.964 310.012
309.947 309.974 310.011
309.946 310.000 310.034
309.955 309.984 310.014
309.881 309.998 310.276
309.934 309.957 309.991
309.873 309.967 310.088
309.940 310.031 310.162
309.861 309.927 309.993
309.909 309.981 310.062
309.927 309.936 309.947
282.094 282.175 282.300
282.081 282.180 282.295
282.103 282.384 283.332
282.099 282.144 282.201
282.121 282.153 282.202
282.097 282.135 282.176
282.121 282.805 285.352
282.087 282.172 282.270
282.121 282.442 283.637
282.126 282.178 282.219
282.131 282.177 282.281
282.108 282.239 282.464
282.149 282.221 282.313
282.112 282.192 282.275
282.062 282.160 282.267
282.076 282.194 282.292
282.120 282.174 282.227
282.108 282.199 282.282
282.130 282.172 282.302
282.126 282.241 282.504
282.161 282.183 282.244
282.103 282.159 282.212
282.093 282.152 282.269
282.093 282.178 282.247
282.148 282.181 282.237
282.135 282.194 282.260
282.102 282.130 282.165
282.060 282.137 282.216
282.127 282.155 282.171
282.093 282.139 282.187
282.141 282.187 282.304
282.109 282.142 282.162
282.134 282.185 282.281
282.143 282.182 282.240
282.089 282.258 282.554
282.110 282.146 282.196
282.165 282.224 282.361
282.113 282.176 282.272
282.113 282.233 282.466
282.099 282.220 282.413
282.114 282.175 282.277
282.108 282.157 282.246
282.013 282.124 282.182
282.094 282.150 282.233
282.105 282.198 282.329
282.067 282.134 282.217
282.142 282.177 282.210
282.097 282.129 282.172
282.174 282.219 282.333
282.125 282.166 282.202
282.075 282.137 282.221
282.065 282.159 282.282
282.077 282.113 282.151
282.121 282.184 282.302
282.065 282.157 282.236
282.008 282.349 282.989
282.129 282.186 282.280
282.128 282.275 282.734
282.137 282.163 282.200
282.095 282.108 282.121
282.029 282.121 282.150
282.035 282.151 282.247
282.099 282.294 282.917
282.080 282.144 282.185
282.101 282.149 282.177
282.087 282.144 282.237
282.110 282.210 282.304
282.163 282.558 284.045
282.105 282.173 282.225
282.153 282.183 282.288
282.154 282.202 282.287
282.119 282.173 282.336
282.101 282.132 282.154
282.122 282.186 282.285
282.052 282.300 282.988
282.121 282.177 282.335
282.106 282.145 282.203
282.163 282.202 282.236
282.132 282.603 284.355
282.123 282.185 282.320
282.090 282.170 282.283
282.129 282.178 282.276
282.060 282.136 282.197
282.111 282.154 282.229
282.060 282.137 282.267
282.128 282.208 282.296
282.110 282.166 282.278
282.131 282.196 282.268
282.121 282.179 282.247
282.068 282.135 282.161
282.131 282.148 282.167
282.116 282.206 282.344
282.070 282.138 282.245
282.105 282.167 282.214
282.109 282.135 282.156
282.107 282.166 282.222
282.081 282.127 282.170
282.121 282.202 282.365
282.113 282.139 282.167
282.126 282.207 282.394
282.098 282.459 283.732
282.098 282.134 282.211
282.113 282.259 282.652
282.091 282.157 282.209
282.108 282.155 282.203
282.079 282.168 282.375
282.093 282.130 282.165
282.058 282.138 282.201
282.111 282.167 282.259
282.103 282.176 282.376
282.032 282.067 282.101
282.105 282.150 282.168
282.120 282.158 282.210
282.157 282.185 282.262
282.047 282.142 282.203
282.107 282.323 282.772
282.109 282.185 282.361
282.118 282.176 282.257
282.094 282.150 282.190
282.113 282.153 282.242
282.121 282.383 283.342
282.124 282.184 282.245
282.116 282.272 282.819
282.107 282.152 282.183
282.130 282.178 282.232
282.136 282.163 282.197
282.161 282.471 283.463
282.107 282.185 282.277
282.099 282.152 282.190
282.050 282.135 282.245
282.126 282.203 282.383
282.121 282.386 283.025
282.100 282.166 282.239
282.092 282.150 282.212
282.088 282.110 282.133
282.065 282.149 282.246
282.105 282.149 282.178
282.116 282.145 282.198
282.145 282.948 284.580
282.143 282.169 282.215
282.065 282.157 282.318
282.132 282.163 282.204
282.105 282.167 282.201
282.067 282.140 282.197
282.079 282.112 282.139
282.113 282.947 285.638
282.142 282.198 282.279
282.118 282.176 282.264
282.075 282.298 282.851
282.022 282.156 282.224
282.114 282.199 282.302
282.114 282.172 282.277
282.085 282.138 282.204
282.128 282.183 282.302
282.117 282.203 282.304
282.137 282.219 282.314
282.133 282.165 282.192
282.123 282.136 282.151
282.078 282.236 282.376
282.110 282.150 282.203
282.041 282.120 282.226
282.100 282.408 283.188
282.091 282.145 282.229
282.164 282.246 282.364
282.126 282.209 282.383
282.124 282.156 282.229
282.141 282.172 282.246
282.123 282.171 282.242
282.121 282.211 282.293
282.115 282.167 282.241
282.132 282.188 282.251
282.111 282.311 282.851
282.077 282.228 282.517
282.118 282.163 282.269
282.110 282.161 282.224
282.094 282.148 282.238
282.079 282.108 282.145
282.083 282.132 282.235
282.096 282.132 282.167
282.099 282.169 282.285
282.124 282.138 282.163
282.106 282.196 282.387
282.079 282.115 282.125
282.130 282.512 283.348
282.144 282.946 285.942
282.117 282.139 282.163
282.081 282.215 282.447
282.084 282.147 282.217
282.076 282.141 282.179
282.110 282.216 282.292
282.147 282.192 282.244
282.125 282.174 282.308
282.099 282.145 282.182
282.096 282.165 282.235
282.098 282.134 282.210
282.102 283.999 285.575
282.128 282.180 282.220
282.126 282.170 282.217
282.131 282.223 282.436
282.098 282.144 282.246
282.096 282.183 282.269
282.091 282.120 282.147
282.131 282.190 282.280
282.122 282.204 282.328
282.083 282.173 282.282
282.091 282.129 282.177
282.189 282.356 282.696
282.089 282.583 284.075
282.152 282.206 282.308
282.166 282.208 282.344
282.120 282.286 282.606
282.102 282.234 282.515
282.030 282.063 282.121
282.134 282.214 282.352
282.122 282.164 282.208
282.090 282.128 282.180
282.104 282.229 282.550
282.106 282.157 282.258
282.174 282.297 282.572
282.096 282.364 283.206
282.116 282.218 282.354
282.151 282.210 282.301
282.099 282.240 282.390
282.079 282.194 282.302
282.176 282.196 282.219
282.145 282.188 282.267
282.171 282.497 283.611
282.108 282.176 282.242
282.069 282.174 282.259
282.155 282.191 282.221
282.157 282.237 282.308
282.047 282.166 282.240
282.090 282.311 282.668
282.118 282.251 282.346
282.148 282.231 282.269
282.100 282.215 282.360
282.144 282.251 282.352
282.219 282.392 282.583
282.072 282.193 282.309
282.113 282.339 282.998
282.120 282.244 282.364
282.079 282.123 282.200
282.144 282.242 282.331
282.071 282.395 283.309
282.141 282.275 282.434
282.093 282.220 282.358
282.117 282.221 282.364
282.100 282.251 282.343
282.133 282.288 282.348
282.172 282.429 282.793
282.203 282.259 282.391
282.146 282.192 282.252
282.077 282.186 282.311
282.105 282.266 282.389
282.118 282.214 282.285
282.131 282.290 282.360
282.078 282.296 282.526
282.200 282.324 282.524
282.123 282.425 283.067
282.100 282.267 282.599
282.186 282.282 282.347
283.364 283.496 283.577
283.414 283.474 283.549
283.386 283.498 283.659
283.392 283.573 283.674
0 0 0
282.065 282.125 282.269
282.045 282.128 282.202
282.070 282.167 282.240
281.982 282.090 282.212
282.097 282.179 282.280
282.152 282.208 282.252
282.005 282.165 282.305
282.089 282.157 282.256
282.024 282.116 282.209
282.058 282.188 282.463
282.025 282.108 282.208
282.061 282.118 282.163
282.070 282.133 282.203
281.960 282.102 282.247
282.023 282.123 282.274
282.079 282.701 284.609
282.059 282.137 282.244
282.068 282.138 282.239
282.039 282.135 282.232
282.042 282.129 282.268
282.002 282.296 282.853
281.990 282.086 282.194
281.979 282.033 282.120
282.025 282.109 282.180
282.018 282.133 282.253
281.946 282.229 282.748
282.056 282.154 282.242
282.033 282.076 282.133
282.032 282.073 282.128
281.982 282.067 282.120
282.001 282.071 282.189
282.096 282.477 283.022
282.001 282.033 282.076
281.982 282.075 282.238
281.993 282.077 282.225
281.997 282.141 282.338
282.015 282.033 282.074
282.013 282.046 282.092
281.947 282.069 282.283
281.995 282.042 282.103
281.990 282.040 282.145
281.997 282.039 282.074
281.991 282.052 282.156
281.995 282.058 282.206
281.993 282.069 282.188
281.982 282.045 282.105
281.990 282.040 282.071
281.952 282.019 282.084
282.035 282.072 282.125
282.011 282.036 282.093
281.927 282.008 282.068
282.001 282.055 282.145
281.993 282.079 282.212
281.975 282.041 282.141
281.992 282.034 282.054
281.957 281.993 282.028
281.918 281.957 281.984
282.016 282.039 282.061
281.985 282.083 282.211
282.022 282.043 282.068
281.928 282.555 284.803
281.995 282.020 282.091
281.929 282.008 282.045
281.997 282.038 282.069
282.015 282.061 282.117
281.999 282.042 282.113
281.987 282.461 284.110
281.998 282.045 282.148
281.991 282.018 282.053
281.927 282.467 283.147
281.982 282.034 282.109
282.013 282.121 282.510
281.974 282.097 282.394
281.928 282.028 282.129
281.939 282.023 282.087
281.997 282.378 283.473
281.964 282.009 282.064
281.983 282.022 282.065
281.978 282.005 282.035
282.028 282.078 282.131
281.938 281.983 282.031
281.955 282.020 282.111
281.999 282.028 282.111
281.980 282.230 282.985
281.953 282.016 282.118
281.995 282.055 282.169
281.998 282.044 282.148
282.009 282.044 282.142
281.991 282.036 282.086
282.003 282.062 282.231
281.953 282.025 282.103
281.986 282.088 282.204
282.002 282.021 282.054
282.003 282.033 282.083
282.013 282.038 282.107
281.997 282.063 282.274
281.991 282.082 282.249
281.984 282.030 282.104
281.936 282.019 282.061
281.971 282.697 284.357
281.976 282.017 282.050
282.006 282.068 282.145
281.977 282.258 283.228
282.000 282.042 282.119
281.992 282.044 282.163
282.003 282.083 282.244
281.982 282.029 282.079
281.999 282.043 282.142
281.994 282.028 282.067
282.007 282.039 282.095
281.997 282.123 282.336
281.963 281.993 282.045
282.001 282.065 282.184
281.976 282.023 282.077
282.012 282.075 282.226
281.940 282.371 283.580
282.068 282.778 283.992
282.025 282.099 282.322
281.997 282.018 282.048
281.952 282.005 282.091
282.015 282.056 282.153
281.975 282.885 283.533
282.016 282.029 282.057
281.966 282.003 282.043
281.988 282.017 282.066
281.923 282.135 282.639
281.963 281.997 282.025
281.990 282.247 283.117
281.947 282.009 282.069
281.929 281.990 282.033
281.924 282.033 282.091
281.967 282.004 282.031
282.009 282.058 282.119
281.988 282.022 282.050
281.903 282.030 282.163
281.997 282.025 282.073
281.939 281.992 282.060
281.989 282.040 282.084
282.012 282.031 282.065
282.008 282.040 282.092
281.962 282.008 282.084
281.958 281.994 282.025
281.966 282.000 282.044
282.028 282.089 282.224
281.975 282.029 282.118
281.954 282.564 284.894
281.983 282.005 282.028
281.986 282.009 282.036
281.956 282.013 282.069
281.989 282.019 282.064
281.980 282.013 282.043
281.936 282.014 282.050
281.972 282.058 282.277
281.951 281.997 282.038
281.998 282.034 282.081
281.962 282.002 282.039
281.956 281.982 282.025
281.965 282.010 282.054
281.952 281.989 282.047
281.971 281.999 282.029
281.969 281.992 282.008
282.008 282.040 282.093
281.995 282.025 282.095
281.995 282.018 282.042
282.001 282.643 285.055
281.975 282.002 282.051
281.964 282.007 282.039
281.993 282.019 282.043
281.939 282.006 282.051
281.976 282.010 282.059
281.960 281.987 282.019
281.972 281.996 282.024
281.891 282.119 282.700
281.982 282.772 285.902
281.981 282.009 282.037
281.976 282.005 282.050
281.947 282.081 282.447
281.941 281.981 282.052
281.981 281.992 282.023
281.969 282.007 282.058
282.000 282.359 283.634
281.975 282.113 282.608
282.004 282.296 283.395
281.987 282.014 282.029
281.957 281.995 282.054
281.919 281.990 282.015
281.986 282.004 282.019
281.951 282.483 284.050
282.000 282.040 282.118
281.985 282.019 282.048
281.984 282.006 282.034
281.987 282.004 282.020
281.988 282.032 282.106
281.944 282.016 282.045
281.947 281.998 282.058
282.010 282.028 282.057
281.990 282.005 282.029
281.988 282.553 284.719
282.006 282.027 282.082
281.950 282.004 282.050
281.970 282.004 282.020
282.007 282.016 282.027
281.989 282.030 282.102
281.972 282.000 282.017
281.975 282.004 282.028
281.930 282.011 282.070
281.977 282.020 282.045
282.027 282.351 283.446
281.986 282.010 282.037
281.969 282.014 282.052
281.942 281.995 282.033
281.980 282.002 282.015
281.968 282.006 282.033
281.986 282.575 284.793
281.979 282.024 282.080
282.002 282.025 282.053
281.965 282.000 282.024
281.987 282.006 282.036
281.991 282.120 282.456
281.947 281.989 282.030
281.989 282.358 283.710
281.995 282.017 282.049
281.976 281.996 282.016
281.926 281.983 282.023
282.008 282.181 282.835
281.963 282.615 285.029
281.978 282.019 282.071
282.005 282.042 282.067
281.961 282.010 282.044
282.003 282.019 282.038
281.970 282.096 282.577
282.701 283.315 284.156
281.969 282.119 282.548
282.013 282.031 282.067
281.990 282.018 282.045
281.984 281.996 282.025
281.949 282.070 282.313
281.910 282.014 282.068
281.977 281.997 282.035
281.990 282.034 282.066
281.986 282.025 282.048
281.955 282.147 282.623
282.017 282.028 282.039
281.963 281.984 282.008
281.984 282.000 282.013
282.024 282.048 282.082
282.022 282.656 285.121
281.924 282.015 282.069
281.965 282.051 282.143
281.961 281.998 282.013
281.987 282.005 282.045
281.955 282.014 282.114
281.993 282.016 282.040
281.915 282.013 282.065
281.978 282.013 282.045
282.013 282.100 282.206
281.974 282.023 282.084
281.962 282.037 282.112
281.936 282.009 282.067
281.962 282.027 282.115
281.957 282.011 282.064
281.993 282.057 282.187
281.962 282.056 282.282
281.941 282.001 282.047
282.047 282.900 283.936
281.876 281.987 282.069
281.995 282.042 282.092
282.010 282.434 283.441
282.027 282.045 282.061
281.995 282.132 282.561
282.005 282.051 282.168
281.910 282.019 282.076
281.981 282.010 282.080
282.016 282.046 282.115
281.963 282.007 282.075
282.000 282.045 282.076
282.042 282.060 282.081
282.016 282.066 282.138
282.075 282.348 283.301
281.988 282.020 282.039
282.021 282.047 282.103
281.974 282.023 282.055
282.008 282.063 282.119
281.999 282.134 282.458
282.028 282.466 283.957
281.971 282.006 282.053
281.991 282.258 283.179
281.986 282.036 282.111
282.003 282.744 285.555
281.966 282.157 282.881
281.978 282.018 282.083
281.997 282.134 282.553
281.955 282.027 282.209
281.999 282.052 282.099
281.978 282.063 282.108
281.961 282.011 282.078
281.980 282.019 282.042
282.010 282.049 282.079
282.014 282.061 282.171
282.012 282.034 282.068
282.035 282.374 283.638
281.998 282.098 282.367
282.007 282.091 282.307
281.997 282.034 282.093
282.004 282.092 282.165
281.972 282.261 283.174
281.958 282.076 282.196
282.005 282.048 282.092
281.987 282.040 282.071
281.980 282.011 282.055
282.006 282.049 282.085
281.961 282.056 282.108
281.987 282.050 282.141
282.010 282.056 282.091
282.019 282.030 282.048
282.017 282.409 283.831
282.013 282.053 282.102
281.993 282.037 282.090
281.966 282.009 282.035
281.990 282.065 282.138
281.995 282.060 282.150
281.970 282.050 282.131
282.002 282.024 282.049
281.894 281.983 282.026
281.960 282.014 282.062
282.008 282.047 282.133
282.028 282.060 282.105
281.959 282.038 282.103
282.016 282.053 282.140
282.000 282.040 282.094
281.974 282.068 282.269
282.012 282.035 282.055
282.042 282.130 282.182
281.987 282.056 282.108
282.019 282.027 282.036
281.995 282.063 282.169
281.987 282.036 282.079
282.025 282.690 285.225
282.007 282.034 282.064
282.007 282.070 282.154
282.024 282.093 282.193
281.957 282.040 282.092
282.024 282.077 282.127
282.023 282.076 282.169
282.035 282.064 282.097
282.038 282.213 282.776
282.035 282.075 282.111
281.953 282.045 282.114
282.005 282.055 282.119
281.978 282.054 282.168
282.031 282.058 282.122
282.036 282.069 282.106
282.021 282.595 284.672
282.043 282.056 282.074
281.992 282.042 282.103
282.001 282.033 282.089
282.033 282.108 282.209
281.988 282.054 282.164
282.006 282.049 282.119
282.025 282.072 282.102
282.062 282.100 282.118
281.917 282.041 282.150
282.110 282.138 282.173
282.034 282.125 282.294
282.047 282.090 282.145
282.030 282.053 282.088
281.984 282.072 282.179
282.043 282.085 282.139
282.017 282.073 282.140
282.043 282.106 282.239
281.996 282.040 282.065
282.050 282.065 282.090
281.983 282.144 282.478
282.050 282.110 282.156
281.945 282.048 282.175
282.017 282.052 282.078
282.059 282.128 282.257
282.040 282.071 282.103
282.021 282.054 282.094
282.029 282.963 284.895
282.042 282.092 282.187
281.942 282.064 282.123
281.988 282.052 282.094
282.027 282.103 282.165
282.018 282.058 282.136
282.027 282.084 282.166
282.039 282.071 282.107
282.006 282.090 282.199
282.024 282.104 282.161
282.039 282.094 282.126
282.057 282.071 282.089
281.980 282.064 282.128
281.978 282.033 282.060
282.022 282.055 282.089
282.027 282.135 282.424
282.011 282.049 282.096
282.049 282.097 282.166
282.004 282.105 282.254
282.043 282.097 282.227
281.995 282.132 282.233
282.015 282.072 282.205
281.976 282.031 282.086
282.022 282.080 282.187
282.022 282.056 282.110
281.992 282.093 282.241
281.962 282.024 282.088
282.006 282.065 282.136
282.025 282.099 282.193
282.016 282.032 282.047
282.065 282.106 282.165
282.038 282.123 282.207
282.046 282.134 282.376
282.016 282.069 282.114
282.035 282.109 282.222
282.004 282.317 283.425
282.037 282.136 282.293
281.968 282.074 282.167
281.984 282.044 282.112
282.027 282.141 282.426
281.989 282.067 282.102
282.022 282.119 282.308
281.986 282.057 282.152
282.064 282.633 284.758
282.067 282.119 282.184
282.019 282.059 282.092
282.022 282.046 282.093
281.992 282.050 282.112
281.982 282.115 282.477
281.973 282.056 282.126
282.045 282.169 282.360
282.050 282.153 282.314
281.971 282.074 282.162
282.059 282.122 282.183
282.001 282.110 282.224
282.034 282.090 282.208
281.990 282.096 282.185
282.010 282.088 282.166
281.950 282.015 282.075
281.966 282.054 282.118
281.960 282.027 282.122
281.976 282.098 282.414
282.010 282.092 282.210
282.029 282.092 282.155
282.019 282.051 282.095
282.018 282.073 282.132
282.049 282.166 282.316
282.021 282.160 282.449
282.046 282.160 282.350
282.038 282.099 282.204
281.968 282.082 282.310
281.997 282.105 282.306
282.026 282.115 282.206
282.055 282.122 282.184
282.021 282.124 282.248
282.033 282.154 282.279
281.988 282.139 282.448
282.053 282.199 282.505
282.079 282.225 282.659
282.016 282.153 282.384
282.105 282.182 282.299
282.053 282.119 282.207
282.044 282.780 285.093
282.073 282.236 282.498
282.061 283.075 285.753
282.021 282.070 282.098
281.988 282.160 282.536
282.046 282.090 282.166
282.054 282.108 282.164
282.047 282.150 282.254
282.076 282.109 282.163
282.014 282.107 282.220
282.076 282.188 282.441
282.151 282.426 282.856
282.034 282.080 282.133
282.080 282.112 282.216
281.973 282.074 282.165
282.037 282.107 282.207
282.001 282.148 282.316
282.046 282.107 282.165
282.048 282.114 282.246
282.066 282.123 282.209
282.042 282.153 282.266
282.006 282.119 282.431
282.054 282.885 285.374
281.975 282.192 282.754
282.054 282.151 282.339
282.085 282.136 282.279
282.056 282.120 282.331
282.032 282.132 282.218
282.071 282.167 282.297
282.074 282.146 282.227
282.039 282.189 282.622
281.973 282.100 282.193
282.114 282.222 282.306
282.081 282.784 285.413
282.268 282.427 282.635
282.353 283.034 285.222
282.107 282.210 282.376
282.103 282.206 282.339
282.091 282.157 282.273
282.007 282.087 282.186
282.164 282.618 284.004
282.003 282.123 282.267
282.065 282.176 282.276
282.105 282.223 282.362
282.028 282.279 282.679
282.098 282.134 282.202
282.050 282.176 282.257
282.061 282.104 282.172
282.105 282.146 282.237
282.081 282.839 285.536
282.055 282.101 282.184
282.109 282.162 282.218
282.058 282.183 282.361
282.052 282.107 282.181
282.046 282.149 282.317
282.040 282.114 282.217
281.983 282.236 282.411
282.053 282.221 282.431
282.028 282.126 282.203
282.152 282.238 282.374
282.096 282.140 282.178
282.084 282.143 282.211
282.028 282.251 282.530
282.127 282.307 282.798
282.009 282.124 282.331
282.189 282.404 282.830
282.033 282.113 282.259
282.077 282.124 282.251
282.252 283.431 284.589
282.008 282.108 282.251
282.089 282.164 282.250
282.141 282.536 283.667
282.018 282.369 283.099
282.083 282.155 282.248
282.053 282.226 282.298
281.999 282.220 282.783
282.067 282.412 283.466
282.066 282.137 282.188
282.179 282.226 282.268
282.057 282.139 282.226
281.974 282.050 282.181
282.088 282.167 282.262
282.071 282.240 282.580
282.067 282.103 282.126
281.987 282.135 282.332
282.018 282.799 284.767
282.069 282.226 282.323
282.043 282.151 282.241
282.057 282.099 282.169
282.062 282.179 282.313
282.066 282.189 282.457
282.166 282.263 282.407
282.044 282.583 284.109
282.046 282.088 282.160
281.951 282.189 282.386
282.030 282.128 282.233
282.001 282.125 282.250
282.075 282.163 282.200
282.009 282.078 282.122
282.131 282.218 282.543
282.091 282.192 282.263
282.026 282.156 282.383
282.000 282.098 282.185
282.015 282.135 282.354
281.971 282.119 282.282
282.102 282.272 282.658
281.950 282.097 282.241
282.140 282.549 283.758
282.031 282.095 282.206
282.076 282.112 282.139
282.012 282.145 282.306
282.031 282.082 282.146
282.002 282.087 282.224
281.977 282.177 282.434
281.999 282.191 282.665
282.083 282.206 282.394
281.995 282.052 282.107
282.036 282.124 282.331
282.992 283.663 284.981
282.043 282.160 282.280
282.060 282.217 282.447
281.986 282.212 282.497
282.082 282.221 282.328
282.043 282.210 282.403
282.006 282.161 282.407
282.015 282.122 282.233
281.963 282.088 282.208
282.089 282.140 282.279
282.076 282.192 282.341
282.016 282.192 282.617
282.025 282.123 282.301
282.054 282.109 282.198
282.016 282.069 282.120
282.057 282.103 282.170
282.073 282.184 282.444
282.020 282.065 282.131
282.014 282.052 282.127
282.016 282.468 284.207
281.963 282.086 282.226
282.007 282.081 282.157
282.027 282.071 282.103
282.020 282.077 282.149
282.012 282.123 282.382
281.931 282.137 282.513
282.026 282.120 282.205
282.009 282.089 282.198
282.017 282.073 282.211
281.977 282.139 282.403
281.967 282.180 282.509
282.038 282.082 282.207
281.998 282.104 282.189
282.009 282.114 282.224
282.015 282.873 284.516
282.086 282.217 282.500
282.044 282.093 282.252
282.068 282.356 283.025
282.057 282.177 282.291
282.051 282.215 282.361
282.024 282.181 282.391
282.031 282.130 282.248
282.029 282.171 282.414
282.045 282.516 283.842
282.012 282.062 282.140
282.035 282.279 282.695
282.111 282.214 282.350
282.112 282.217 282.299
282.112 282.171 282.270
282.035 282.167 282.265
282.043 282.125 282.218
282.043 282.219 282.539
282.191 282.246 282.323
282.085 282.160 282.332
282.001 282.104 282.224
282.073 282.166 282.305
282.029 282.159 282.311
282.024 282.137 282.292
282.081 282.143 282.214
282.084 282.315 283.090
281.988 282.129 282.358
282.059 282.307 282.833
282.087 282.227 282.374
282.051 282.159 282.347
282.013 282.131 282.241
282.096 282.407 282.708
282.159 282.246 282.278
282.034 282.143 282.240
282.120 282.240 282.491
281.974 282.212 282.412
282.124 282.218 282.340
282.053 282.303 282.479
282.028 282.124 282.205
282.125 282.257 282.462
282.141 282.299 282.729
282.127 282.269 282.382
282.001 282.230 282.688
282.074 282.228 282.387
282.090 282.175 282.233
282.181 282.215 282.252
282.029 282.162 282.254
282.117 282.458 283.542
282.046 282.251 282.630
282.083 282.589 284.373
281.944 282.143 282.543
282.096 282.201 282.291
282.176 282.255 282.496
281.997 282.138 282.316
282.055 282.162 282.239
282.067 282.190 282.325
282.078 282.129 282.187
282.108 282.176 282.272
282.083 283.005 286.097
282.087 282.152 282.226
282.114 282.197 282.391
282.094 282.181 282.258
282.154 282.193 282.285
282.142 282.233 282.333
282.182 282.237 282.316
282.013 282.204 282.358
282.092 282.187 282.302
282.052 282.206 282.279
282.008 282.152 282.246
282.183 282.511 283.500
282.186 282.234 282.276
282.064 282.161 282.279
282.043 282.148 282.397
282.171 282.294 282.425
282.123 282.305 282.754
282.104 282.252 282.407
282.013 282.142 282.291
282.000 282.192 282.268
282.068 282.170 282.239
282.192 282.241 282.286
282.122 282.193 282.314
282.117 282.339 282.995
282.103 282.165 282.222
282.038 282.306 283.092
282.072 282.154 282.216
282.058 282.152 282.313
282.031 282.102 282.163
282.013 282.086 282.178
282.120 282.166 282.190
282.115 282.255 282.405
282.115 282.175 282.222
282.160 282.229 282.314
282.016 282.129 282.246
282.004 282.136 282.269
282.200 282.232 282.318
282.185 282.330 282.713
282.066 282.177 282.239
282.112 282.353 283.034
282.064 282.172 282.304
282.005 282.171 282.337
282.002 282.106 282.203
282.101 282.151 282.234
282.012 282.110 282.221
282.007 282.072 282.111
282.023 282.209 282.326
281.973 282.130 282.250
282.030 282.162 282.234
282.135 282.186 282.264
282.048 282.141 282.332
282.070 282.195 282.317
282.099 282.141 282.193
282.112 282.214 282.464
282.049 282.116 282.201
282.038 282.134 282.217
282.033 282.135 282.202
282.066 282.172 282.219
282.074 282.184 282.265
282.091 282.197 282.300
282.134 282.171 282.244
282.082 282.180 282.340
282.052 282.184 282.277
281.971 282.158 282.219
282.052 282.154 282.263
281.977 282.120 282.255
282.156 282.179 282.203
282.127 282.503 283.742
281.984 282.125 282.219
282.114 282.208 282.302
282.055 282.133 282.230
282.051 282.133 282.202
282.051 282.150 282.289
282.100 282.171 282.251
282.067 282.563 284.324
282.028 282.115 282.218
282.109 282.182 282.310
282.016 282.141 282.277
282.056 282.137 282.189
282.167 282.188 282.217
282.133 282.199 282.257
281.889 282.176 282.415
282.037 282.164 282.231
282.081 282.195 282.281
281.959 282.129 282.194
282.047 282.442 283.705
282.099 282.207 282.458
282.126 282.164 282.208
