180.365 180.574 180.804
180.112 180.343 180.492
180.479 180.629 180.840
180.351 180.624 180.872
180.212 180.393 180.707
180.139 180.316 180.538
180.438 180.619 181.045
180.519 180.625 180.766
180.262 180.563 181.523
180.460 180.983 181.871
180.520 180.651 180.882
180.390 180.627 180.829
180.328 180.616 180.701
180.511 180.598 180.725
180.517 180.616 180.781
180.450 180.883 181.963
180.390 180.832 181.965
180.221 180.380 180.548
181.212 200.092 222.110
180.274 180.496 180.779
180.116 180.330 180.607
180.095 180.280 180.582
180.133 180.305 180.628
180.321 180.505 180.723
180.357 180.658 181.023
180.499 180.589 180.687
180.439 180.639 180.974
180.275 180.411 180.523
180.240 180.397 180.578
180.131 180.239 180.323
180.433 180.658 180.812
180.335 180.537 180.689
180.512 180.713 180.860
180.474 180.674 180.803
180.497 180.581 180.689
180.500 180.596 180.723
180.383 180.495 180.647
180.512 180.573 180.729
180.204 180.314 180.490
180.071 180.347 180.525
180.151 180.349 180.493
180.131 180.236 180.368
180.282 180.465 180.627
180.253 180.340 180.425
181.050 188.956 199.924
180.197 180.563 181.317
180.088 180.310 180.492
194.406 201.239 213.989
180.447 180.667 180.937
180.222 180.359 180.507
180.438 180.589 180.763
180.186 180.345 180.601
180.154 180.305 180.428
180.197 180.339 180.502
180.190 180.269 180.351
180.403 180.608 180.744
180.088 180.288 180.669
180.245 180.477 180.674
180.460 180.576 180.645
180.271 180.386 180.523
180.505 180.601 180.723
180.539 180.614 180.671
180.274 180.374 180.554
180.114 193.443 245.932
239.616 243.070 246.819
243.897 247.729 249.502
246.152 248.857 251.384
219.356 239.647 249.028
180.090 203.973 248.060
245.380 246.792 248.168
244.921 248.739 250.624
180.129 180.230 180.365
180.359 180.694 181.190
180.546 180.649 180.720
180.477 180.599 180.714
180.176 180.324 180.439
180.244 180.415 180.645
180.414 180.575 180.698
180.503 180.653 180.759
180.352 180.507 180.639
180.268 180.396 180.575
180.151 180.223 180.293
180.088 180.262 180.516
180.093 180.252 180.422
180.275 180.474 180.647
180.068 180.288 180.723
180.053 180.544 181.718
180.482 180.601 180.699
180.447 180.528 180.610
180.355 180.616 180.899
212.659 227.628 243.187
180.533 180.652 180.903
180.180 180.427 180.934
180.260 180.391 180.533
180.188 180.306 180.530
180.079 180.294 180.506
180.291 180.528 180.757
180.202 180.339 180.643
180.477 180.621 180.827
180.534 180.588 180.680
180.239 180.356 180.418
180.085 180.221 180.331
180.238 180.405 180.579
201.202 222.710 244.708
214.756 228.699 237.762
180.428 180.525 180.708
180.184 180.436 180.840
180.040 180.391 180.593
180.560 180.674 180.789
180.241 180.338 180.447
180.281 180.358 180.399
180.242 180.428 180.642
180.309 180.404 180.470
180.043 180.322 180.560
180.413 180.574 180.682
180.200 180.348 180.527
180.236 180.355 180.406
180.140 180.242 180.361
180.478 180.619 180.794
180.310 180.625 181.104
180.340 180.521 180.678
180.386 180.602 180.736
180.372 180.502 180.684
180.500 180.595 180.897
180.464 180.686 180.855
180.154 180.281 180.442
180.199 180.404 180.701
180.105 180.349 180.577
180.276 180.461 180.624
180.104 180.274 180.537
180.482 180.640 180.825
180.351 180.565 180.700
180.350 180.601 180.741
180.212 180.352 180.503
180.357 180.526 180.710
180.533 185.225 203.445
180.451 180.591 180.768
180.470 180.557 180.673
180.410 180.557 180.677
180.211 180.297 180.361
180.163 180.346 180.519
180.212 180.306 180.392
180.258 180.451 180.855
180.239 180.377 180.595
180.124 180.280 180.395
180.122 180.371 180.681
180.702 180.751 180.833
180.128 180.276 180.367
180.553 180.673 180.800
180.224 204.899 303.138
180.398 180.673 180.816
180.576 180.701 180.841
180.172 180.395 180.490
180.466 180.664 181.030
180.222 180.299 180.471
180.119 180.268 180.507
180.076 180.546 180.741
180.480 180.645 181.005
180.896 181.628 182.632
180.546 180.721 180.974
180.352 180.615 181.031
180.439 180.682 180.852
180.431 180.661 180.850
180.262 180.453 180.727
180.375 180.538 180.790
180.512 180.718 180.947
180.526 180.764 180.878
180.400 180.774 181.316
180.168 180.397 180.693
180.243 180.375 180.502
180.156 180.306 180.665
180.277 180.435 180.601
180.208 180.308 180.383
180.184 180.372 180.491
180.357 180.526 180.694
180.376 180.472 180.580
180.423 180.564 180.700
180.556 180.646 180.776
180.705 180.743 180.777
180.337 180.502 180.619
180.280 180.433 180.603
180.644 180.734 180.862
180.073 180.329 180.850
180.188 180.325 180.628
180.578 180.695 180.998
180.435 180.525 180.730
180.268 180.332 180.401
180.450 180.610 180.743
180.429 180.523 180.646
180.345 180.450 180.616
180.359 180.412 180.514
180.217 180.313 180.476
180.094 180.303 180.436
180.219 180.438 180.612
180.163 180.258 180.368
180.252 180.517 180.764
180.188 180.481 180.978
180.466 180.792 181.003
180.201 180.314 180.450
180.579 180.631 180.727
180.255 180.334 180.562
180.147 180.353 180.843
180.087 180.243 180.376
180.428 180.682 180.891
180.145 180.356 180.564
180.174 180.878 183.180
180.109 180.281 180.360
180.420 180.588 180.740
180.175 180.363 180.495
180.372 180.820 181.564
180.520 180.638 180.755
180.619 180.701 180.776
180.594 180.721 180.940
180.299 180.493 180.699
180.591 180.779 181.002
180.653 180.882 181.392
180.338 180.863 182.164
180.119 180.479 180.795
180.278 180.348 180.424
180.295 180.384 180.563
180.412 180.576 181.056
180.533 180.649 180.754
180.404 180.688 180.920
180.346 180.575 180.787
180.690 180.747 180.792
180.314 180.481 180.702
180.139 180.496 181.078
180.377 180.560 180.878
180.303 180.415 180.503
180.221 180.413 180.590
180.278 180.365 180.483
180.552 180.671 180.792
180.501 180.746 181.190
180.570 180.660 180.733
180.255 180.484 180.689
180.257 180.404 180.615
180.132 180.408 180.608
180.205 180.335 180.488
180.182 180.342 180.516
180.538 180.672 180.780
180.246 180.473 180.717
180.183 180.265 180.497
180.592 180.691 180.840
180.482 180.637 180.831
180.334 180.447 180.601
180.187 180.480 180.882
180.433 180.547 180.900
180.414 180.601 180.832
180.303 180.476 180.631
180.078 180.296 180.475
179.994 180.186 180.423
180.508 180.562 180.626
180.545 180.695 180.832
180.179 180.266 180.396
180.294 180.655 181.050
180.515 180.626 180.731
180.110 180.161 180.233
180.122 180.446 180.815
180.332 180.389 180.442
180.503 180.647 180.936
180.159 180.266 180.320
180.461 180.574 180.680
180.530 180.771 181.020
180.105 180.374 180.570
180.597 180.673 180.750
180.219 180.459 180.725
180.177 180.322 180.495
180.324 180.537 180.838
180.591 180.675 180.777
180.110 180.358 180.682
180.283 180.413 180.527
180.118 180.278 180.396
180.638 180.682 180.784
180.429 180.624 180.770
180.258 180.340 180.413
180.170 180.440 180.674
180.213 180.363 180.504
180.198 180.421 180.956
180.191 180.293 180.443
180.222 180.365 180.685
180.279 180.445 180.646
180.485 180.604 180.742
180.287 180.471 180.577
180.143 180.267 180.470
180.103 180.360 180.614
180.190 180.387 180.497
180.168 180.411 180.508
180.672 180.810 180.964
180.429 180.513 180.640
180.290 180.368 180.476
180.285 180.367 180.526
180.573 180.643 180.783
180.325 180.382 180.454
180.489 180.592 180.642
180.649 180.690 180.759
180.182 180.236 180.311
180.207 180.370 180.500
180.237 180.392 180.565
184.212 252.730 289.078
180.494 180.650 180.755
180.568 180.701 180.814
180.395 180.639 180.867
180.335 180.506 180.813
180.431 180.591 180.719
180.346 180.475 180.629
180.478 180.600 180.653
180.311 180.465 180.612
180.215 180.370 180.470
180.554 180.622 180.723
180.476 181.536 183.219
180.535 180.632 180.855
180.420 180.645 180.766
180.441 180.463 180.491
180.413 180.636 180.914
180.244 180.320 180.455
180.193 180.350 180.511
180.127 180.449 180.911
180.532 180.667 180.800
180.582 180.664 180.727
180.464 180.604 180.787
180.252 180.535 180.658
180.288 180.409 180.514
180.189 180.242 180.310
180.374 180.431 180.507
180.247 180.350 180.503
180.172 180.319 180.491
179.999 180.156 180.294
180.396 180.444 180.482
179.996 180.229 180.340
180.319 180.392 180.500
180.636 180.756 180.840
180.300 180.402 180.482
180.494 180.666 180.858
180.352 180.473 180.607
180.067 180.165 180.278
180.204 180.412 180.553
180.546 180.622 180.757
180.243 180.365 180.543
180.346 180.524 180.738
180.157 180.290 180.528
180.118 180.353 180.492
180.192 180.291 180.462
180.458 180.607 180.760
180.241 180.385 180.479
180.095 180.257 180.355
180.117 180.318 180.536
180.194 180.321 180.463
180.204 180.265 180.349
180.492 180.613 180.822
180.260 180.454 180.781
180.398 180.538 180.767
180.176 180.320 180.494
180.269 180.413 180.555
180.307 180.423 180.578
180.446 180.967 182.294
180.232 180.385 180.612
180.447 180.614 180.860
180.477 180.595 180.774
180.359 180.550 180.632
180.490 180.619 180.739
180.146 180.337 180.551
180.271 180.391 180.564
180.209 180.433 180.666
180.335 180.483 180.626
180.398 180.516 180.649
179.994 180.216 180.459
180.061 180.237 180.379
180.303 180.454 180.701
180.280 180.412 180.563
180.251 180.329 180.396
180.593 180.645 180.692
180.266 180.391 180.557
180.218 180.335 180.445
180.160 180.318 180.540
180.148 180.226 180.282
180.498 180.551 180.607
180.364 180.464 180.560
180.110 180.295 180.469
180.282 180.345 180.458
180.246 180.409 180.537
180.444 180.673 180.803
180.377 180.649 180.810
180.279 180.460 180.571
180.277 180.459 180.556
180.141 180.251 180.293
180.160 180.368 180.554
180.319 180.358 180.433
180.298 180.607 180.967
180.238 180.362 180.487
180.022 180.254 180.472
180.189 180.331 180.476
180.145 180.279 180.436
180.294 180.417 180.523
180.459 180.592 180.676
180.455 180.695 180.828
180.493 180.661 180.825
180.431 180.533 180.617
180.145 180.364 180.527
180.508 180.653 180.858
180.366 180.494 180.675
180.293 180.419 180.541
180.419 180.531 180.677
180.234 180.585 180.762
181.800 184.825 187.674
181.065 182.633 186.393
180.613 181.649 183.191
180.635 183.723 188.300
180.644 181.836 185.081
180.610 183.920 187.556
180.173 180.310 180.413
180.278 180.357 180.399
180.464 180.589 180.778
180.544 180.649 180.828
180.268 180.339 180.412
180.075 180.330 180.510
180.367 180.508 180.566
180.227 180.299 180.376
180.167 180.314 180.431
180.213 180.310 180.449
180.190 180.351 180.467
180.472 180.546 180.623
180.239 180.304 180.456
180.284 180.398 180.468
180.068 180.418 180.997
180.430 180.567 180.733
180.527 180.762 181.483
180.498 180.616 180.807
180.047 180.268 180.491
180.269 180.535 180.728
180.291 180.348 180.458
180.261 180.382 180.509
180.377 180.503 180.678
180.167 180.362 180.493
180.127 180.329 180.559
180.146 180.331 180.534
180.084 180.309 180.454
180.409 180.545 180.761
180.521 180.584 180.676
180.319 180.433 180.531
180.478 180.593 180.652
180.305 180.519 181.014
180.092 180.465 180.915
180.669 180.811 181.230
180.199 180.462 180.842
180.296 180.448 180.668
180.499 180.611 180.799
180.531 180.886 181.661
180.636 180.767 180.901
180.374 180.584 180.766
180.221 180.361 180.566
180.148 180.353 180.523
180.158 180.336 180.716
180.225 180.412 180.562
180.341 180.533 180.662
180.384 180.533 180.651
180.164 180.276 180.392
180.136 180.423 180.549
180.082 180.203 180.280
180.221 180.393 180.505
180.432 180.565 180.746
180.502 180.572 180.662
180.126 180.376 180.636
180.182 180.267 180.350
180.313 180.565 180.692
180.187 180.314 180.543
180.183 180.331 180.451
180.478 180.582 180.800
180.438 180.618 180.805
180.496 181.201 183.224
180.496 180.891 181.360
180.404 180.630 180.803
180.470 180.806 181.324
180.344 180.533 180.683
180.139 180.241 180.420
180.181 180.395 180.738
180.497 180.740 181.092
180.167 180.330 180.494
180.220 180.440 180.747
180.421 180.597 180.735
180.347 180.395 180.442
180.123 180.311 180.487
180.129 180.363 180.640
180.327 180.416 180.576
180.498 180.550 180.574
180.495 180.571 180.638
180.040 180.229 180.343
180.203 180.360 180.493
180.366 180.542 180.716
180.286 180.362 180.497
180.498 180.632 180.817
180.444 180.609 180.712
180.262 180.334 180.409
180.431 180.588 180.683
180.273 180.491 180.590
180.295 180.500 180.715
180.356 180.453 180.555
180.425 180.581 180.761
180.288 180.572 180.832
180.300 180.434 180.494
180.356 180.482 180.739
180.447 180.534 180.684
180.468 180.654 180.826
180.123 180.265 180.414
179.891 180.253 180.487
180.425 180.616 180.905
180.390 180.499 180.669
180.542 180.605 180.646
180.198 180.305 180.448
180.354 180.563 180.779
180.474 180.564 180.692
180.429 180.524 180.637
180.396 180.541 180.727
180.496 180.681 180.834
180.207 180.438 180.534
180.464 180.644 180.762
180.235 180.583 181.104
180.111 180.400 180.582
180.198 180.417 180.590
180.302 180.395 180.565
180.162 180.385 180.834
180.211 180.568 181.150
180.401 180.578 180.837
180.648 180.796 181.216
180.338 180.563 180.729
180.378 180.510 180.703
180.369 180.597 180.809
180.106 180.291 180.398
180.354 180.662 180.994
180.445 180.636 180.999
180.547 180.714 180.949
180.433 180.630 180.859
180.515 180.801 181.100
180.703 180.829 180.924
180.029 180.385 181.017
180.355 180.593 180.774
180.317 181.121 183.432
180.512 180.708 181.050
180.499 180.719 181.308
180.427 180.617 180.757
180.070 180.307 180.511
180.069 180.231 180.379
180.522 180.634 180.760
180.471 180.632 180.794
180.165 180.281 180.390
180.421 180.604 180.768
180.424 180.595 180.724
180.221 180.517 180.764
180.327 180.406 180.512
180.322 180.564 180.730
180.143 180.241 180.282
180.556 180.683 180.780
180.021 180.209 180.391
180.246 180.329 180.438
180.378 180.468 180.627
180.490 180.655 180.840
180.549 180.662 180.765
180.244 180.368 180.540
180.307 180.396 180.602
180.255 180.331 180.431
180.388 180.556 180.813
180.450 180.623 180.749
180.398 180.673 180.810
180.196 180.387 180.494
180.350 180.706 181.586
180.476 180.645 180.778
180.288 180.579 180.776
180.570 180.691 180.778
180.444 180.543 180.677
180.489 180.675 180.925
180.264 180.359 180.538
180.387 180.547 180.679
180.585 180.677 180.844
180.370 180.545 180.642
180.303 180.579 180.880
180.569 180.655 180.707
180.541 180.605 180.665
180.197 180.279 180.340
180.245 180.425 180.525
180.206 180.303 180.411
180.151 180.247 180.327
180.464 180.713 180.910
180.373 180.500 180.663
180.202 180.308 180.389
180.327 180.388 180.596
180.479 180.527 180.619
180.346 180.431 180.500
180.204 180.318 180.476
180.543 180.596 180.651
180.280 180.431 180.583
180.495 180.618 180.711
180.522 180.577 180.617
180.305 180.456 180.568
180.487 180.609 180.981
180.482 180.616 180.757
180.234 180.339 180.449
180.642 180.695 180.773
180.505 180.688 180.825
180.223 180.428 180.720
180.230 180.394 180.504
180.183 180.347 180.549
180.122 180.371 180.621
180.397 180.444 180.560
180.292 180.328 180.428
180.130 180.297 180.413
180.277 180.331 180.435
180.133 180.193 180.247
180.393 180.580 180.693
180.465 180.590 180.696
180.479 180.588 180.749
180.077 180.343 180.576
180.216 180.356 180.546
180.176 180.311 180.395
180.021 180.397 180.903
180.150 180.326 180.522
180.188 180.303 180.467
180.272 180.371 180.559
180.191 180.280 180.471
180.402 180.550 180.860
180.400 180.569 180.705
180.650 180.703 180.773
180.301 181.772 186.596
180.542 180.636 180.721
180.401 180.563 180.675
180.351 180.893 182.779
180.477 180.611 180.705
180.257 180.388 180.505
180.142 180.305 180.445
180.267 180.373 180.488
180.318 180.591 180.792
180.199 180.345 180.488
180.355 180.571 180.822
180.494 180.613 180.700
180.495 180.592 180.745
180.300 180.340 180.390
180.515 180.677 180.913
180.177 180.339 180.552
180.142 180.277 180.492
180.382 180.547 180.741
180.191 189.713 207.419
180.144 182.911 187.093
180.190 180.259 180.310
180.262 180.343 180.507
180.122 180.232 180.517
180.377 180.585 180.698
180.257 180.308 180.389
180.106 180.314 180.500
180.505 180.644 180.722
180.505 180.685 180.834
180.256 180.332 180.398
180.115 180.493 180.691
180.494 180.571 180.621
180.464 180.569 180.665
180.419 180.587 180.704
180.443 180.643 180.810
180.359 180.477 180.641
180.566 180.648 180.754
180.591 180.615 180.667
180.522 180.609 180.814
180.494 180.611 180.757
180.201 180.410 180.487
180.322 180.531 180.817
180.488 180.586 180.703
180.380 180.562 180.783
180.557 180.679 180.842
180.306 180.390 180.497
180.223 180.701 182.070
180.413 180.552 180.694
180.915 184.149 188.169
180.504 180.614 180.710
227.141 234.912 249.011
180.390 180.603 180.759
180.218 180.507 181.128
180.148 180.318 180.448
180.331 180.624 180.774
180.418 180.458 180.534
180.506 180.589 180.741
180.353 180.499 180.663
180.565 180.702 180.863
180.197 180.376 180.486
180.210 180.316 180.414
180.472 180.556 180.672
180.404 180.544 180.815
180.422 181.048 182.965
180.176 180.324 180.507
192.672 209.401 224.001
180.302 180.413 180.514
181.120 185.319 199.079
180.416 181.007 182.637
180.664 181.219 182.583
180.437 180.623 181.026
180.428 180.563 180.964
180.447 180.686 180.866
180.568 180.686 180.801
180.583 180.686 180.820
231.436 244.246 251.410
180.017 180.265 180.456
180.596 180.691 180.820
180.419 180.629 180.838
180.389 181.158 183.100
180.319 180.505 180.628
180.362 180.495 180.586
180.334 180.400 180.483
180.422 180.649 180.874
180.062 180.244 180.381
180.177 180.389 180.645
180.449 180.630 180.766
180.601 180.668 180.724
180.230 180.419 180.716
180.558 180.605 180.665
180.188 180.296 180.427
180.366 180.555 180.787
180.455 180.633 180.869
180.189 180.292 180.527
180.178 180.291 180.439
180.244 180.685 182.136
180.234 180.401 180.517
180.286 180.366 180.560
180.293 180.499 180.912
180.587 180.689 180.780
180.541 180.863 181.927
180.271 180.395 180.644
180.259 180.349 180.453
180.110 180.296 180.481
180.229 180.308 180.464
180.532 180.604 180.684
180.247 180.360 180.470
180.549 180.678 180.899
180.479 180.637 180.762
180.422 180.658 180.934
180.489 180.828 181.971
180.245 180.339 180.409
180.132 180.275 180.465
180.407 180.494 180.576
180.525 180.624 180.804
180.363 180.600 180.831
180.606 180.711 180.835
180.283 180.342 180.376
180.505 180.590 180.690
180.490 181.028 182.272
180.571 180.796 181.005
180.297 180.663 181.507
180.454 180.597 180.718
180.122 180.316 180.537
180.233 180.419 180.609
180.341 180.460 180.624
180.197 180.386 180.590
180.185 180.266 180.360
180.207 180.364 180.539
180.291 180.732 182.167
180.225 180.362 180.520
180.466 180.738 181.055
180.319 180.502 180.648
180.455 180.696 180.888
180.167 180.759 182.342
180.166 180.378 180.624
180.340 180.548 180.703
180.635 180.736 180.886
180.323 180.442 180.568
180.459 180.570 180.712
180.432 180.616 180.871
180.433 180.503 180.565
180.131 180.336 180.463
174.068 174.122 174.227
180.709 180.746 180.833
180.075 180.173 180.322
180.158 180.725 181.378
180.292 180.377 180.430
180.420 180.545 180.675
180.546 180.657 180.855
180.375 180.481 180.610
180.383 180.533 180.712
180.490 180.656 181.007
180.370 180.484 180.594
180.127 180.261 180.388
180.494 180.590 180.673
180.830 180.928 181.057
189.676 213.164 239.748
180.274 180.702 182.140
180.280 180.437 180.655
180.329 180.500 181.047
180.157 180.703 181.751
180.247 180.411 180.492
180.593 180.768 181.147
180.419 181.316 183.907
237.760 246.310 251.960
181.376 184.836 188.898
188.437 206.711 217.933
186.361 200.102 211.397
180.416 182.399 189.128
181.139 181.900 182.950
180.583 182.005 187.251
180.567 181.155 182.511
180.442 180.655 180.814
180.617 180.780 180.988
180.073 180.256 180.452
180.187 180.313 180.421
180.215 180.430 180.646
180.492 180.570 180.667
180.332 180.574 180.681
180.240 180.419 180.662
180.328 181.327 182.891
180.168 180.280 180.403
180.610 180.661 180.702
180.361 180.607 180.830
180.374 180.686 180.907
180.319 180.501 180.745
180.219 180.491 180.964
180.333 180.906 181.366
180.180 180.677 182.000
180.341 182.667 185.796
180.534 180.878 181.239
180.296 180.617 180.855
180.205 180.595 181.618
180.035 180.251 180.502
180.471 181.075 182.391
180.303 180.723 181.028
180.470 180.589 180.722
180.226 180.430 180.751
180.290 180.637 180.887
180.364 180.571 180.851
180.609 180.705 181.047
180.586 181.131 182.040
180.888 192.805 206.151
219.008 228.090 245.450
180.060 181.213 183.015
206.268 222.661 235.725
180.514 180.732 181.232
180.073 180.147 180.232
180.465 180.784 181.552
181.212 182.924 187.772
180.192 180.299 180.393
180.547 180.726 180.834
180.148 180.308 180.490
180.238 180.380 180.481
180.577 180.802 181.110
180.236 180.335 180.413
180.144 180.335 180.416
180.392 180.678 181.048
231.855 237.735 244.506
256.893 257.544 258.357
180.193 180.336 180.464
180.222 180.415 180.563
180.443 180.693 180.957
180.349 180.495 180.635
180.316 180.532 180.736
180.238 180.321 180.440
180.231 180.377 180.466
180.437 180.633 180.850
180.306 180.667 181.709
180.139 180.303 180.405
180.434 180.607 180.866
256.983 258.086 259.589
314.834 317.927 319.776
180.106 180.309 180.551
180.582 180.732 180.923
180.166 180.313 180.430
180.466 180.688 181.254
180.140 180.347 180.696
180.461 180.581 180.758
180.479 180.543 180.603
180.417 180.491 180.557
180.434 180.537 180.706
180.431 180.600 180.730
180.488 180.657 180.843
180.463 180.603 180.715
223.780 240.962 248.928
180.293 180.394 180.502
180.394 180.620 180.813
180.400 180.667 180.936
180.267 180.555 181.103
180.265 180.362 180.482
180.379 180.518 180.639
180.128 180.203 180.291
180.158 180.331 180.561
180.043 180.269 180.529
180.556 180.717 180.952
180.270 180.338 180.445
180.469 180.594 180.809
180.279 180.382 180.537
180.440 180.608 180.709
180.101 180.379 180.913
180.305 180.438 180.570
180.576 180.716 180.903
180.082 180.379 180.641
180.282 180.485 180.715
180.104 180.483 181.146
180.034 180.570 181.073
180.584 180.737 180.879
180.520 180.623 180.865
180.485 180.648 180.814
180.425 180.664 180.860
206.126 219.507 241.881
184.632 197.969 230.419
180.217 180.418 180.824
180.263 180.346 180.523
180.283 180.382 180.485
180.103 180.477 180.963
180.453 180.631 180.882
180.528 180.677 180.794
180.029 180.207 180.334
180.637 180.691 180.771
180.391 180.680 180.956
180.121 180.348 180.582
180.331 180.559 180.811
180.501 180.770 181.386
180.282 180.438 180.680
180.553 180.944 182.332
180.530 180.667 180.952
180.235 180.443 180.576
180.581 180.712 181.038
180.395 180.784 181.258
180.176 180.376 180.597
180.283 180.435 180.513
180.110 180.268 180.477
180.143 180.250 180.411
180.450 180.632 180.714
180.508 180.714 180.845
180.407 180.593 180.786
180.145 180.319 180.525
180.223 180.370 180.895
180.405 180.573 180.716
180.474 180.725 181.153
180.133 180.330 180.526
180.170 180.321 180.508
180.291 180.466 180.609
180.501 180.647 180.782
180.498 180.647 180.770
180.545 180.658 180.798
180.460 180.611 180.900
180.351 180.668 181.151
180.283 180.414 180.627
180.197 180.358 180.571
180.493 180.766 181.416
180.558 180.861 181.684
180.387 180.606 180.835
180.051 180.261 180.389
180.362 180.583 180.654
180.066 180.364 180.637
180.297 180.414 180.625
180.538 180.639 180.687
180.216 180.365 180.506
180.138 180.322 180.487
180.302 180.451 180.589
180.252 180.366 180.517
180.184 180.412 180.793
180.251 180.488 181.002
180.331 180.942 183.112
180.225 180.495 181.105
180.349 180.457 180.552
180.143 180.327 180.544
180.407 180.559 180.806
180.362 180.459 180.556
180.647 180.784 180.970
180.302 180.438 180.529
180.351 180.816 182.253
180.439 180.575 180.864
180.163 180.391 180.697
180.293 180.555 180.942
180.242 180.276 180.328
0 0 0
167.837 168.447 169.951
180.238 180.417 180.478
180.462 180.690 180.860
180.495 180.647 180.753
180.395 180.579 180.698
180.290 180.369 180.446
180.351 180.468 180.563
180.522 180.660 180.851
180.119 180.409 180.591
180.310 180.461 180.571
180.283 180.453 180.624
180.156 180.254 180.441
180.474 180.743 181.163
180.204 180.342 180.551
180.446 180.594 180.725
180.694 180.872 180.986
180.739 180.842 180.961
180.397 180.647 180.778
180.380 180.545 180.733
180.507 180.708 180.834
180.505 180.589 180.716
180.306 180.424 180.641
180.589 180.647 180.767
180.351 180.513 180.642
180.554 180.811 181.098
180.542 180.706 180.843
180.154 180.482 180.710
180.401 180.513 180.612
180.383 180.576 180.682
180.654 180.760 180.953
180.605 180.736 180.876
180.192 180.390 180.517
180.390 180.503 180.686
180.331 180.446 180.565
180.273 180.505 180.740
180.261 180.394 180.499
180.277 180.488 180.656
180.280 180.496 180.754
180.695 180.828 181.023
180.340 180.697 181.702
180.465 180.640 180.769
180.557 180.638 180.739
180.211 180.426 180.670
180.487 180.653 180.834
180.451 180.667 181.062
180.228 180.427 180.573
180.246 180.383 180.534
180.576 180.779 180.900
180.438 180.606 180.765
180.512 180.719 180.818
180.480 180.726 181.087
180.690 180.828 181.008
180.400 180.792 181.200
180.619 180.760 180.966
180.306 180.561 180.734
180.517 180.657 180.867
180.450 180.660 180.880
180.552 180.696 180.876
180.589 180.657 180.758
180.609 180.720 181.023
180.561 180.804 180.969
180.634 180.714 180.825
180.294 180.441 180.554
180.213 180.328 180.475
180.610 180.735 180.952
180.300 180.454 180.591
180.285 180.394 180.592
180.326 180.421 180.553
180.446 180.735 181.024
180.420 180.654 180.765
180.562 180.688 180.816
180.329 180.432 180.531
180.661 180.783 181.010
180.276 180.426 180.513
180.522 180.704 180.779
180.279 180.595 180.760
180.480 180.849 181.167
180.219 180.510 180.696
180.551 180.652 180.769
180.524 180.783 181.051
180.319 180.632 180.971
180.639 181.059 182.268
180.671 180.730 180.800
180.259 180.424 180.610
180.584 180.789 180.943
180.376 180.458 180.630
180.436 180.706 180.933
180.670 180.986 181.676
180.490 180.743 180.898
180.557 180.807 181.054
180.378 180.592 180.859
180.262 180.403 180.543
180.592 180.773 180.904
180.317 180.601 180.916
180.184 180.307 180.547
180.605 180.711 180.852
180.515 180.677 180.825
180.204 180.508 180.890
180.277 180.587 180.798
180.381 180.656 180.810
180.533 180.667 180.818
180.580 180.702 180.803
180.409 180.754 181.307
180.300 180.445 180.654
180.505 182.491 190.328
180.442 180.722 180.890
180.398 180.532 180.653
180.241 180.382 180.590
180.332 180.765 181.917
180.288 180.536 180.836
180.420 180.674 180.888
180.390 180.473 180.623
180.265 180.394 180.557
180.708 180.905 181.491
180.456 180.717 181.056
180.247 180.441 180.556
180.607 180.715 180.975
180.467 180.729 180.868
180.390 180.551 180.716
180.446 180.557 180.749
180.357 180.441 180.540
180.231 180.500 180.789
180.168 180.462 180.575
180.452 180.498 180.551
180.589 190.601 230.186
180.498 180.627 180.765
180.598 180.770 180.941
180.642 180.898 181.563
180.233 180.387 180.607
180.196 180.368 180.512
180.432 180.599 180.713
180.485 180.678 180.851
180.301 180.610 181.279
180.366 180.461 180.553
180.240 180.390 180.515
180.292 180.440 180.556
180.279 180.417 180.573
180.585 180.730 180.869
180.656 180.869 181.129
180.305 180.437 180.650
180.509 180.691 181.022
180.324 180.575 180.722
180.371 180.462 180.521
180.642 180.781 180.923
180.497 180.612 180.717
180.325 180.468 180.677
180.572 180.616 180.696
180.570 180.697 180.926
180.346 180.763 181.094
180.606 180.680 180.910
180.468 180.651 180.829
180.661 180.956 181.760
180.467 180.627 180.895
180.312 180.404 180.523
180.530 180.813 181.493
180.088 180.316 180.507
180.366 180.488 180.747
180.616 180.735 180.850
180.271 180.379 180.569
180.623 180.765 180.894
180.364 180.540 180.663
180.261 180.471 180.735
180.300 180.426 180.741
180.305 180.424 180.532
180.420 180.508 180.589
180.650 180.783 180.913
180.167 180.356 180.619
180.601 180.788 180.910
180.649 180.766 181.034
180.281 180.513 180.839
180.452 180.650 180.964
180.560 180.795 180.980
180.648 180.683 180.728
180.499 180.631 180.811
180.461 180.534 180.605
180.332 180.438 180.515
180.374 180.478 180.611
180.311 180.459 180.668
180.248 180.354 180.620
180.192 180.347 180.455
180.231 180.514 180.719
180.741 180.804 180.882
180.336 180.440 180.532
180.296 180.329 180.390
180.661 180.732 180.815
180.411 180.494 180.555
180.269 180.442 180.610
180.325 180.434 180.547
180.637 180.702 180.794
180.634 180.767 180.863
180.177 180.423 180.511
180.481 180.611 180.747
180.677 180.792 180.916
180.333 180.474 180.617
180.464 180.748 181.021
180.499 180.676 180.766
180.666 180.760 180.907
180.607 180.692 180.835
180.332 180.469 180.705
180.323 180.450 180.549
180.207 180.440 180.652
180.532 180.636 180.758
180.182 180.298 180.461
180.281 180.353 180.454
180.581 180.747 180.918
180.543 180.710 180.919
180.246 180.380 180.498
180.327 180.488 180.713
180.527 180.717 180.979
180.327 180.489 180.613
180.639 180.715 180.782
180.348 180.558 180.725
180.518 180.573 180.666
180.528 180.704 180.919
180.406 180.673 180.998
180.612 180.728 180.957
180.623 180.775 180.949
180.078 180.352 180.570
180.240 180.344 180.569
180.524 180.631 180.787
180.281 180.429 180.613
180.520 180.657 180.782
180.494 180.649 180.841
180.201 180.375 180.587
180.605 180.698 180.780
180.576 180.863 181.367
180.376 180.434 180.492
180.204 180.369 180.465
180.570 180.774 180.905
180.301 180.434 180.603
180.328 180.468 180.774
180.266 180.395 180.541
180.525 180.724 180.840
180.610 180.760 180.837
180.264 180.388 180.518
180.155 180.342 180.467
180.019 180.397 180.904
180.520 180.686 180.856
180.424 180.521 180.623
180.585 180.742 180.870
180.163 180.552 180.846
180.321 180.423 180.530
180.545 180.640 180.912
180.616 180.765 180.906
180.212 180.377 180.581
180.250 180.374 180.637
180.695 180.822 180.979
180.572 180.712 180.880
180.470 180.613 180.865
180.429 180.611 180.847
180.387 180.484 180.567
180.210 180.419 180.639
180.173 180.386 180.558
180.105 180.494 180.688
180.297 180.414 180.494
180.611 180.736 180.833
180.510 180.657 180.768
180.249 180.465 180.862
180.629 180.742 180.841
180.682 180.778 180.857
180.539 180.702 180.931
180.462 180.597 180.796
180.508 180.667 180.810
180.397 180.517 180.658
180.601 180.711 180.829
180.600 181.055 182.207
180.282 180.415 180.557
180.298 180.393 180.499
180.487 180.669 180.737
180.471 180.643 180.868
180.739 180.836 180.989
180.595 180.669 180.787
180.333 180.428 180.613
180.191 180.323 180.521
180.380 180.743 181.135
180.601 181.028 181.896
180.946 182.924 186.513
181.553 187.635 193.030
184.352 187.943 198.718
180.440 180.909 181.652
180.296 182.825 185.915
180.185 180.448 180.604
180.504 180.618 180.732
180.585 180.681 180.743
180.564 180.684 180.744
180.048 180.240 180.441
180.259 180.472 180.594
180.585 180.696 180.825
180.303 180.494 180.779
180.436 180.594 180.893
180.276 180.354 180.435
180.584 180.642 180.700
180.479 180.633 180.843
180.146 180.337 180.458
180.149 180.331 180.616
180.269 180.411 180.496
180.414 180.520 180.676
180.280 180.474 180.641
180.602 180.729 180.842
180.515 180.606 180.658
180.497 180.687 180.911
180.242 180.410 180.523
180.522 180.691 180.862
180.342 180.534 180.710
180.583 180.682 180.897
180.314 180.462 180.623
180.505 180.622 180.867
180.595 180.755 180.842
180.492 180.632 180.801
180.648 180.716 180.834
180.450 180.592 180.736
180.334 180.431 180.597
180.424 180.723 180.896
180.444 180.834 181.650
180.280 180.423 180.637
180.295 180.479 180.562
180.313 180.484 180.680
180.718 180.800 180.930
180.459 180.613 180.742
180.461 180.681 180.953
180.294 180.412 180.554
180.306 180.366 180.468
180.437 180.584 180.757
180.172 180.411 180.605
180.234 180.410 180.538
180.627 180.706 180.806
180.482 180.677 180.842
180.286 180.359 180.436
180.508 180.638 180.826
180.629 180.687 180.818
180.322 180.432 180.558
180.320 180.456 180.600
180.213 180.442 180.608
180.372 180.443 180.496
180.345 180.451 180.561
180.177 180.267 180.400
177.413 177.633 177.955
180.648 180.723 180.825
180.402 180.596 180.762
180.230 180.394 180.638
180.126 180.264 180.507
180.566 180.747 181.040
180.338 180.437 180.590
180.292 180.416 180.503
180.349 180.481 180.669
180.201 180.355 180.601
180.036 180.189 180.381
180.508 180.591 180.655
180.663 180.753 180.926
180.498 180.757 180.963
180.162 180.293 180.455
180.597 180.689 180.730
180.393 180.484 180.640
180.483 180.705 180.902
180.278 180.395 180.505
180.312 180.430 180.537
180.269 180.385 180.534
180.210 180.307 180.499
180.236 180.372 180.460
180.239 180.423 180.611
180.169 180.396 180.531
180.675 180.768 180.923
180.625 180.737 180.861
180.183 180.425 180.637
180.502 180.696 180.862
180.485 180.625 180.718
180.655 180.707 180.841
180.315 180.447 180.517
180.523 180.589 180.666
180.243 180.300 180.396
180.584 180.696 180.866
180.081 180.244 180.457
180.209 180.475 180.867
180.252 180.354 180.597
180.572 180.775 180.862
180.526 180.697 180.945
180.483 180.698 180.758
180.599 180.743 180.797
180.447 180.567 180.634
180.596 180.719 180.944
180.285 180.362 180.465
180.517 180.625 180.857
180.208 180.368 180.540
180.394 180.652 181.242
180.238 180.424 180.601
180.602 180.980 182.174
180.578 180.767 180.884
180.423 180.482 180.604
180.311 180.482 180.607
180.674 180.863 181.449
180.243 180.353 180.475
180.397 180.504 180.606
180.329 180.458 180.544
180.112 180.384 180.782
180.546 180.676 180.816
180.148 180.441 180.653
180.560 180.870 181.117
180.473 180.590 180.769
180.231 180.402 180.811
180.277 180.545 180.707
180.604 180.668 180.702
180.686 180.863 181.011
180.283 180.404 180.535
180.648 180.753 180.854
180.332 180.444 180.573
180.634 180.839 180.980
180.445 180.666 180.871
180.287 180.679 181.500
180.438 180.610 180.943
177.465 177.642 177.818
180.395 180.552 180.677
180.482 180.581 180.668
180.402 180.617 181.166
180.502 180.673 180.822
180.332 180.500 180.786
180.163 180.491 180.975
180.471 180.702 181.050
180.206 180.428 180.661
180.239 180.394 180.576
180.577 180.722 180.937
180.168 180.587 180.886
180.360 180.555 180.833
180.230 180.325 180.453
180.197 180.392 180.651
180.437 180.970 181.563
180.413 180.642 180.871
180.458 180.944 181.248
180.385 180.887 181.577
180.200 180.335 180.437
180.661 180.718 180.772
180.217 180.638 181.750
180.691 180.790 181.055
180.563 180.708 180.919
180.284 180.504 180.789
180.660 180.760 180.888
180.341 180.456 180.615
180.250 180.478 180.628
180.567 180.655 180.750
180.262 180.559 180.928
180.541 180.701 180.805
180.271 180.407 180.564
180.162 180.502 181.263
180.629 180.698 180.814
180.344 180.407 180.450
180.388 180.536 180.751
180.718 180.806 180.917
180.291 180.379 180.531
180.219 180.398 180.642
180.416 180.482 180.572
180.096 180.327 180.533
180.438 180.648 180.869
180.589 180.712 180.816
180.617 180.721 180.855
180.554 180.740 180.950
180.319 180.448 180.542
180.569 180.643 180.785
180.581 180.726 180.952
180.302 180.475 180.654
180.236 180.506 180.882
180.614 180.699 180.854
180.326 180.654 180.980
180.178 180.471 180.573
180.588 180.906 181.477
180.381 180.589 181.051
180.764 180.874 181.152
180.408 180.557 180.727
180.680 180.892 181.139
180.454 180.692 180.830
180.291 180.658 180.847
180.416 180.528 180.638
180.576 180.949 181.246
180.593 180.680 180.823
180.121 180.274 180.469
180.617 180.714 180.814
180.621 180.685 180.735
180.787 180.883 180.974
180.373 180.477 180.589
180.271 180.391 180.548
180.478 180.709 181.063
180.614 180.747 180.850
180.528 180.767 180.929
180.313 180.565 180.771
180.479 180.675 181.064
180.187 180.498 181.080
180.427 180.654 180.781
180.208 180.373 180.702
180.718 180.802 180.919
180.332 180.411 180.555
180.444 180.536 180.693
180.270 180.439 180.574
180.124 180.339 180.550
180.715 180.779 180.907
180.131 180.470 180.722
180.534 180.681 180.890
180.442 180.662 180.784
180.470 180.650 180.823
180.204 180.430 180.585
180.383 180.538 180.720
180.521 180.728 180.862
180.617 180.707 180.861
180.252 180.394 180.529
180.096 180.305 180.443
180.319 180.454 180.644
180.725 181.130 182.286
180.291 180.461 180.749
180.620 180.712 180.768
180.185 180.439 180.756
180.580 180.713 181.136
180.315 180.441 180.729
180.319 180.550 180.746
180.666 180.805 181.035
180.507 180.696 180.856
180.733 180.801 180.866
180.277 180.496 180.630
180.620 181.103 182.302
180.391 180.482 180.541
180.466 180.724 180.996
252.834 256.215 258.346
260.812 261.826 262.231
252.943 254.597 256.399
259.188 260.044 260.965
263.605 265.302 266.691
208.971 217.823 224.847
180.245 180.491 180.665
180.358 180.825 181.374
180.648 259.496 338.344
180.266 180.369 180.493
180.453 180.778 181.184
245.876 252.158 254.951
180.346 180.488 180.709
212.337 237.872 255.888
329.892 329.892 329.892
272.319 273.456 275.973
180.240 180.399 180.640
348.054 349.340 350.627
180.285 180.421 180.520
180.721 180.933 181.164
180.447 180.695 180.879
180.609 180.765 180.890
180.418 180.571 180.774
197.794 205.907 215.386
180.403 180.768 181.450
180.447 229.698 360.527
0 0 0
180.598 227.401 366.749
180.394 180.558 180.699
180.193 180.447 180.669
180.342 180.504 180.691
180.434 180.598 180.858
298.197 298.719 299.241
180.540 180.654 180.793
180.338 180.398 180.439
180.385 180.555 180.658
180.502 180.643 180.865
180.440 180.649 180.778
180.405 180.719 180.859
180.179 180.314 180.407
180.561 180.778 181.095
180.237 180.490 180.851
180.126 180.334 180.549
180.625 180.791 180.986
180.328 180.460 180.575
180.310 180.399 180.495
180.229 180.266 180.307
180.664 180.794 180.973
180.805 180.956 181.181
180.575 180.864 181.359
180.215 180.443 180.825
180.595 180.920 181.167
180.718 180.915 181.255
180.915 182.172 184.092
180.554 180.657 180.965
180.369 180.549 180.793
180.587 180.705 180.844
180.278 180.821 181.312
180.371 180.765 181.688
180.355 180.517 180.697
180.624 180.885 181.296
180.925 182.366 186.588
180.718 183.276 190.661
180.559 181.527 183.200
180.593 180.822 181.062
180.412 180.585 180.803
180.536 180.698 180.821
180.180 180.347 180.492
180.365 180.452 180.512
180.218 180.493 180.645
180.336 180.465 180.536
180.320 180.778 181.545
180.643 180.785 180.973
180.484 180.692 180.961
180.759 180.862 180.990
180.232 180.572 180.866
180.525 180.901 181.517
180.561 180.741 181.024
180.518 180.749 180.893
180.470 180.973 181.461
180.226 180.444 180.614
180.258 180.466 180.760
180.671 180.962 181.880
180.378 180.516 180.615
180.576 180.742 180.976
180.365 180.639 180.833
180.278 180.460 180.686
180.371 180.418 180.502
180.458 180.674 180.871
180.457 180.675 180.945
180.484 180.766 181.208
180.697 181.561 184.666
180.276 180.394 180.499
180.268 180.382 180.624
180.290 180.411 180.589
180.585 180.712 180.884
180.326 180.459 180.578
180.356 180.891 182.567
180.156 180.483 180.818
180.319 180.494 180.662
180.432 180.592 180.878
180.480 180.691 181.016
180.271 180.490 180.630
238.134 246.521 249.671
180.421 180.590 180.850
180.387 180.567 180.747
180.234 180.415 180.571
180.374 180.540 181.078
180.460 180.596 180.778
180.141 180.441 180.845
180.210 180.516 180.756
180.208 180.320 180.464
180.525 180.635 180.720
180.290 180.594 181.204
180.133 180.474 181.461
180.288 180.495 180.737
180.240 180.445 180.679
180.159 180.328 180.652
180.577 180.755 180.906
180.553 180.821 181.090
180.661 180.711 180.789
180.319 180.545 180.812
180.311 180.643 181.063
180.676 181.100 182.317
180.692 180.827 180.891
180.614 181.051 181.700
180.484 180.702 180.994
180.739 180.857 181.161
180.571 180.770 181.097
180.628 180.885 181.217
180.404 180.608 180.795
180.442 181.624 184.472
180.394 180.571 180.719
180.561 180.968 181.724
180.244 180.588 180.965
180.434 180.628 180.870
180.494 180.722 180.861
180.564 180.905 181.290
180.602 181.234 182.880
181.247 183.287 184.626
180.905 181.941 184.307
180.782 181.422 182.708
180.446 182.235 186.911
186.185 192.957 197.964
187.451 207.187 230.103
181.836 191.887 201.212
181.149 184.111 193.052
181.198 184.514 190.467
180.579 182.582 187.737
180.601 185.108 189.766
180.299 180.729 181.152
180.321 180.737 181.069
180.606 181.283 182.173
180.793 181.001 181.403
180.604 180.813 180.989
180.360 180.774 181.318
180.074 180.668 181.401
180.418 181.067 182.289
180.411 180.537 180.683
180.508 180.791 181.332
180.469 180.630 180.807
180.446 181.167 182.596
180.373 180.589 180.762
180.432 180.578 180.950
180.526 180.710 180.958
180.275 180.527 181.014
180.362 180.611 180.821
180.455 181.503 185.197
180.477 181.289 182.560
180.684 180.792 180.912
180.441 181.432 183.291
180.764 185.581 203.851
180.432 180.771 181.201
180.773 185.094 194.424
180.749 181.242 181.681
181.915 188.097 197.989
180.308 181.185 183.494
180.515 180.836 181.682
180.770 181.537 183.306
180.383 180.656 181.242
180.441 180.670 180.787
180.413 180.525 180.635
180.174 180.427 180.539
180.590 180.775 180.980
180.845 181.292 182.189
180.101 180.901 182.945
180.429 180.507 180.651
180.740 181.245 182.220
180.504 180.593 180.752
180.589 180.742 180.855
180.423 180.653 180.906
180.459 180.746 181.136
180.227 180.434 180.500
180.592 180.709 180.801
180.551 180.730 180.918
180.624 180.723 180.869
180.502 180.660 180.764
232.954 244.301 249.081
180.628 180.756 180.922
250.635 252.360 254.700
234.560 244.898 250.905
180.567 180.702 180.823
180.401 180.532 180.887
244.182 247.201 250.212
180.375 180.469 180.556
180.257 180.366 180.483
237.623 244.059 248.182
180.585 180.716 180.971
180.372 180.498 180.712
232.108 241.305 250.515
180.558 180.654 180.781
180.449 180.638 180.754
211.026 233.994 252.278
180.543 180.666 180.754
180.316 180.435 180.618
226.004 239.529 249.840
180.372 180.539 180.674
180.451 180.575 180.745
223.491 240.725 248.362
180.360 180.407 180.448
180.350 180.445 180.503
238.064 243.844 248.792
180.242 180.433 180.780
180.500 180.679 180.965
180.461 180.642 180.753
180.549 180.643 180.768
180.565 180.736 180.843
180.262 180.458 180.700
180.217 180.376 180.515
180.485 180.643 180.855
180.439 180.519 180.692
180.463 180.729 180.911
180.449 180.720 181.089
180.196 180.295 180.588
180.629 180.728 180.854
180.678 180.818 180.885
180.021 180.374 180.668
180.388 180.493 180.626
180.518 180.704 180.882
180.579 180.691 180.939
180.272 180.406 180.536
180.334 180.478 180.574
180.245 180.406 180.614
180.504 180.724 180.930
180.661 180.732 180.863
180.303 180.471 180.698
180.306 180.452 180.724
180.169 180.214 180.306
180.253 180.800 181.889
180.582 180.675 180.789
180.460 180.628 180.782
180.667 180.825 181.067
180.286 180.460 180.811
180.559 180.705 180.853
180.206 180.494 180.710
180.590 180.687 180.765
180.160 180.331 180.452
180.630 180.691 180.756
180.155 180.362 180.581
180.614 180.736 180.824
180.380 180.733 181.599
180.332 180.482 180.641
180.317 180.455 180.575
180.825 180.864 180.924
180.662 180.745 180.805
180.542 180.708 180.831
180.268 180.491 180.881
180.255 180.432 180.598
180.343 180.570 181.013
180.575 180.648 180.854
180.297 180.371 180.496
180.464 180.745 180.930
180.567 180.778 180.927
180.518 180.875 181.486
180.573 180.706 180.831
180.581 180.688 180.862
180.304 180.428 180.611
180.503 180.706 180.770
180.641 180.752 180.801
180.568 180.776 180.890
180.518 180.956 181.530
180.380 180.482 180.622
180.146 180.336 180.557
180.186 180.358 180.633
180.187 180.524 180.734
180.547 180.742 180.845
180.607 180.824 181.212
180.268 180.368 180.527
180.617 180.868 181.116
180.695 180.775 180.861
180.509 180.590 180.692
180.184 180.430 180.654
180.072 180.358 180.644
180.578 180.842 181.317
180.154 180.445 180.748
180.301 180.506 180.635
180.783 180.919 181.194
180.317 180.438 180.588
180.251 180.529 180.794
180.385 180.589 180.793
180.586 180.809 181.370
180.604 180.777 180.951
180.474 180.570 180.648
180.291 180.479 180.589
180.266 180.414 180.512
180.193 180.356 180.484
180.466 180.660 180.878
180.432 180.502 180.552
180.326 180.383 180.418
180.088 180.335 180.537
180.250 180.374 180.513
180.657 180.867 181.391
180.280 180.562 180.816
180.553 180.745 180.865
180.643 180.720 180.823
180.512 180.662 180.880
180.545 180.712 180.810
180.314 180.503 180.602
180.325 180.518 180.599
180.190 180.344 180.463
180.606 180.701 180.867
180.351 180.417 180.483
180.510 180.666 180.938
180.541 180.707 180.878
180.625 180.732 180.786
180.528 180.730 181.091
180.134 180.405 180.664
180.223 180.343 180.475
180.736 180.797 180.906
180.697 181.039 181.650
180.491 180.582 180.742
180.298 180.543 181.283
180.355 180.530 180.639
180.725 180.915 181.242
180.673 180.924 181.529
180.599 180.878 181.267
180.309 180.430 180.654
180.461 180.593 180.889
180.397 180.534 180.678
180.531 180.631 180.758
180.662 180.768 180.877
180.544 180.790 180.976
180.466 180.497 180.536
180.654 180.796 180.934
180.269 180.438 180.587
180.237 180.440 180.717
180.353 180.441 180.474
180.397 180.498 180.653
180.585 180.795 180.951
180.333 180.460 180.707
180.834 181.121 181.476
180.532 180.841 181.217
180.601 180.701 180.869
180.676 180.836 181.074
180.642 180.801 180.988
180.700 180.796 180.896
180.628 180.806 181.158
180.673 180.745 180.836
180.444 180.787 181.481
180.443 180.827 181.771
180.384 180.569 180.825
180.489 180.652 181.212
180.335 180.593 180.907
180.440 180.664 181.231
180.545 181.250 182.922
180.348 180.545 180.869
180.711 180.838 181.033
180.504 180.855 181.378
180.368 180.648 180.959
180.426 180.496 180.624
180.329 180.468 180.658
180.239 180.413 180.504
180.277 180.416 180.553
180.216 180.458 180.818
180.268 180.410 180.527
180.593 180.943 182.071
180.626 180.768 180.877
180.520 180.696 181.106
180.781 180.829 180.900
180.695 181.159 182.086
180.669 180.988 181.717
180.245 180.420 180.593
180.647 180.811 180.924
180.497 180.652 180.990
180.635 180.872 181.344
180.330 180.549 180.760
180.269 180.609 181.025
180.515 180.664 180.906
180.575 180.858 181.451
180.352 180.526 180.700
180.436 180.671 180.855
180.481 180.738 180.962
180.691 180.764 180.925
180.666 180.810 181.117
180.250 180.776 181.309
180.209 180.435 180.592
180.685 181.064 182.146
180.625 180.786 180.911
180.483 180.802 181.115
180.646 180.713 180.810
180.505 180.638 180.880
180.748 180.836 180.901
180.323 180.469 180.633
180.689 180.824 180.913
180.522 180.801 180.933
180.573 180.627 180.726
180.350 180.520 180.704
180.273 180.973 182.668
180.280 180.539 180.838
180.230 180.579 181.320
180.077 180.309 180.512
180.385 180.628 181.334
180.222 180.750 181.873
180.170 180.460 180.671
180.470 180.714 180.916
180.664 180.748 180.795
180.638 180.741 180.953
180.541 180.650 180.949
180.631 180.793 181.134
180.445 180.636 180.787
180.669 180.884 181.328
180.392 180.565 181.130
180.241 180.515 180.596
180.546 180.709 180.893
180.485 180.621 180.739
180.257 180.393 180.499
180.255 180.478 180.715
180.087 180.350 180.498
180.566 180.700 180.949
180.379 180.454 180.544
180.660 180.766 180.861
180.513 180.722 180.912
180.538 180.698 180.830
180.678 180.821 180.930
180.760 180.836 180.971
180.278 180.354 180.463
180.548 180.672 180.797
180.591 180.752 180.941
180.377 180.423 180.508
180.153 180.382 180.515
180.435 180.610 180.813
180.249 180.409 180.571
180.394 180.578 180.945
180.227 180.395 180.649
180.614 180.726 180.787
180.434 180.670 180.770
180.482 180.716 180.869
180.537 180.713 180.963
180.545 180.630 180.735
180.219 180.453 180.794
180.345 180.504 180.672
180.286 180.520 180.690
180.292 180.417 180.611
180.393 180.435 180.470
180.375 180.682 181.559
180.437 180.528 180.652
180.484 180.630 180.785
180.518 180.610 180.745
180.559 180.765 181.006
180.228 180.322 180.386
180.219 180.455 180.719
180.561 180.683 180.892
180.519 180.803 181.528
180.399 180.469 180.553
180.319 180.369 180.441
180.455 180.822 181.669
180.302 180.426 180.628
180.208 180.550 180.844
180.576 180.642 180.681
180.427 180.663 180.797
180.172 180.490 180.913
180.660 180.734 180.785
180.643 180.771 180.917
180.608 180.715 180.903
180.234 180.299 180.382
180.279 180.399 180.559
180.426 180.674 180.813
180.319 180.433 180.500
180.539 180.732 180.977
180.171 180.423 180.562
180.307 180.458 180.877
180.256 180.388 180.482
180.291 180.388 180.515
180.385 180.503 180.592
180.487 180.674 180.750
180.355 180.475 180.562
180.226 180.303 180.409
180.173 180.319 180.566
180.641 180.704 180.752
180.558 180.801 180.975
180.626 180.731 180.805
180.277 181.089 182.311
180.044 180.362 180.663
180.415 180.583 180.903
180.525 180.709 180.851
180.301 180.563 180.974
180.502 180.703 180.852
180.304 180.388 180.491
180.144 180.243 180.349
180.573 180.698 180.802
180.317 180.472 180.646
180.567 180.731 180.828
180.449 180.660 180.810
180.162 180.313 180.490
180.109 180.327 180.561
180.584 180.685 180.816
180.589 180.758 180.880
180.428 180.497 180.617
180.133 180.402 180.567
180.724 180.816 180.881
180.673 180.973 181.423
180.519 180.668 180.826
180.570 180.684 180.787
180.545 180.605 180.646
180.625 180.761 180.845
180.333 180.453 180.562
180.419 180.629 180.807
180.365 180.542 180.640
180.483 180.629 180.773
180.408 180.447 180.486
180.254 180.351 180.541
180.352 180.625 181.228
180.294 180.395 180.543
180.321 180.509 180.665
180.324 180.379 180.440
180.455 180.551 180.674
180.383 180.628 181.026
180.383 180.714 180.956
180.511 180.607 180.746
180.176 180.323 180.456
180.375 180.439 180.582
180.181 180.366 180.574
180.351 180.443 180.584
180.129 180.299 180.661
180.679 180.823 180.925
180.641 180.721 180.859
180.683 180.793 180.893
180.345 180.451 180.538
180.156 180.307 180.438
180.634 180.769 180.971
180.432 180.660 180.854
180.718 180.823 181.030
180.416 180.566 180.718
180.372 180.503 180.600
180.255 180.392 180.516
180.386 180.493 180.567
180.256 180.398 180.499
180.547 180.711 180.849
180.355 180.533 180.809
180.552 180.585 180.652
180.517 180.710 180.941
180.373 180.411 180.492
180.150 180.342 180.489
180.536 180.728 180.948
180.493 180.632 180.752
181.838 184.072 188.458
192.527 195.844 198.842
182.508 183.946 187.168
180.243 181.135 182.175
180.808 181.668 183.527
180.496 181.012 181.990
180.321 180.490 180.709
180.413 180.474 180.567
180.319 180.448 180.566
180.199 180.596 181.246
180.211 180.347 180.524
180.219 180.464 180.733
180.539 180.735 180.868
180.268 180.452 180.565
180.383 180.577 180.904
180.088 180.691 182.275
180.385 180.619 180.784
180.330 180.438 180.504
180.332 180.545 180.762
180.387 180.484 180.549
180.560 180.681 180.758
180.240 180.490 180.901
180.134 180.572 180.891
180.610 180.783 180.953
180.635 180.735 180.787
180.166 180.401 180.532
180.553 180.665 180.756
180.037 180.365 180.590
180.424 180.494 180.559
180.319 180.472 180.654
180.352 180.445 180.552
180.549 180.618 180.695
180.656 180.755 180.846
180.330 180.427 180.532
180.222 180.425 180.673
180.496 180.646 180.812
180.372 180.432 180.531
180.191 180.343 180.429
180.541 180.645 180.723
180.275 180.391 180.516
180.174 180.304 180.380
180.219 180.401 180.636
180.438 180.676 180.911
180.064 180.246 180.564
180.468 180.607 180.675
180.663 180.742 180.886
180.343 180.601 180.726
180.505 180.614 180.706
180.241 180.433 180.634
180.183 180.342 180.453
180.526 180.671 180.822
180.535 180.750 180.964
180.454 180.690 181.008
180.396 180.665 180.834
180.488 180.563 180.690
180.564 180.683 180.813
180.113 180.317 180.465
180.394 180.527 180.675
180.386 180.453 180.563
180.188 180.340 180.575
180.405 180.627 180.829
180.629 180.725 180.848
180.636 180.745 180.858
180.451 180.559 180.745
180.582 180.675 180.769
180.571 180.719 180.868
180.286 180.361 180.550
180.571 180.783 180.901
180.691 180.768 180.907
180.139 180.302 180.478
180.420 180.571 180.765
180.221 180.397 180.539
180.320 180.422 180.494
180.523 180.656 180.828
180.634 180.851 181.176
180.482 180.632 180.795
180.642 180.759 180.895
180.356 180.506 180.700
180.110 180.420 180.635
180.314 180.467 180.827
180.549 180.685 180.889
180.639 180.785 180.947
180.282 180.458 180.537
180.151 180.571 180.842
180.679 180.778 180.891
180.221 180.493 180.715
180.368 180.458 180.730
180.621 180.701 180.861
180.068 180.279 180.396
180.663 180.750 180.855
180.391 180.603 180.682
180.351 180.618 180.809
180.212 180.310 180.375
180.133 180.292 180.553
180.396 180.672 180.812
180.292 180.500 180.615
180.172 180.317 180.465
180.595 180.751 180.892
180.224 180.441 180.641
180.351 180.457 180.535
180.327 180.502 180.771
180.555 180.791 181.241
180.512 180.681 180.801
180.638 189.642 212.298
180.370 180.693 181.023
180.505 180.700 181.022
180.581 180.748 181.044
180.708 180.762 180.882
180.262 180.355 180.537
180.277 180.479 180.965
180.349 180.709 181.116
180.161 180.366 180.570
180.588 180.807 180.944
180.292 180.387 180.512
180.309 180.445 180.587
180.202 180.519 181.159
180.552 180.813 181.507
180.265 180.430 180.629
180.255 180.432 180.612
180.402 180.616 181.252
180.316 180.483 180.642
180.319 180.609 180.794
180.603 180.777 180.907
180.439 180.631 180.738
180.249 180.347 180.475
180.319 180.365 180.486
180.526 180.614 180.706
180.560 180.708 180.838
180.470 180.583 180.665
180.406 180.524 180.765
180.579 180.821 181.160
180.286 180.402 180.519
180.133 180.316 180.536
180.325 180.449 180.599
180.299 180.439 180.581
180.312 180.431 180.544
180.537 180.719 180.777
180.070 180.325 180.518
180.388 180.878 182.190
180.657 180.884 181.359
180.564 180.754 180.961
180.591 180.695 180.921
180.207 180.416 180.547
180.625 180.706 180.774
180.643 180.763 180.977
180.580 180.730 181.039
180.460 180.603 180.685
180.354 180.463 180.534
180.183 180.392 180.514
180.174 180.487 180.855
180.452 180.860 181.738
180.270 180.335 180.428
180.372 180.474 180.652
180.170 180.333 180.539
180.316 180.464 180.629
180.627 180.689 180.756
180.624 180.753 180.898
180.407 180.497 180.641
180.324 180.377 180.453
180.508 180.712 180.884
180.310 180.481 180.655
180.219 180.348 180.467
180.333 180.549 180.728
180.223 180.369 180.454
180.602 180.718 180.878
180.500 180.765 181.153
180.302 180.483 180.575
180.374 180.604 180.754
180.499 180.574 180.780
180.532 180.646 180.718
180.394 180.681 180.933
180.260 180.589 181.494
180.511 180.684 180.882
180.243 180.355 180.542
180.333 180.498 180.595
180.360 180.432 180.538
180.397 180.529 180.636
180.632 180.721 180.834
180.690 180.736 180.787
180.562 180.734 181.012
180.174 180.364 180.634
180.307 180.488 180.691
180.519 180.693 180.956
180.351 180.467 180.630
180.391 180.686 180.996
180.166 180.304 180.578
180.535 180.661 180.855
180.484 180.627 180.835
180.631 180.764 180.951
180.234 180.401 180.646
180.745 180.783 180.852
180.576 180.648 180.734
180.344 180.371 180.402
180.588 180.734 180.888
180.260 180.455 180.582
180.579 180.737 180.863
180.461 180.623 180.740
180.299 180.631 180.830
180.392 180.446 180.562
180.267 180.479 180.944
180.291 180.484 180.650
180.453 180.504 180.567
180.254 180.375 180.533
180.164 180.442 180.762
180.594 180.763 180.952
180.521 180.685 180.924
180.671 180.748 180.842
180.697 180.756 180.844
180.381 180.587 180.723
180.471 180.707 181.057
180.524 180.666 180.843
180.208 180.391 180.564
180.328 180.453 180.744
180.364 180.421 180.539
180.640 185.281 196.411
180.536 180.629 180.733
180.274 180.453 180.564
180.486 180.701 180.860
180.098 180.389 180.641
180.208 180.382 180.563
180.257 180.369 180.493
180.321 180.439 180.543
180.263 180.457 180.669
180.514 180.557 180.681
180.548 180.684 180.840
180.555 180.639 180.716
180.146 180.360 180.494
180.286 180.515 180.708
180.522 180.804 181.135
180.455 180.603 180.705
180.234 180.362 180.481
180.227 180.372 180.522
180.573 180.738 180.933
180.414 180.536 180.686
180.668 180.835 181.176
180.559 180.763 180.967
180.447 180.670 180.974
180.296 180.466 180.734
180.480 180.607 180.776
180.425 180.477 180.612
180.556 180.688 180.952
180.503 180.660 180.862
180.430 180.567 180.872
180.220 180.756 181.711
180.531 182.758 185.934
180.222 180.385 180.748
180.231 180.456 180.780
180.610 180.733 180.822
180.274 180.901 182.419
180.160 180.474 181.124
180.523 180.640 180.795
180.606 180.788 180.952
180.496 180.616 180.717
180.262 180.347 180.466
180.162 180.298 180.368
180.605 180.777 181.233
180.555 180.733 180.950
180.790 180.876 180.915
180.336 180.598 180.823
180.568 180.635 180.718
180.657 180.827 181.092
180.250 180.520 180.681
180.431 180.544 180.693
180.553 180.770 180.919
180.241 180.427 180.657
180.421 180.622 180.726
180.694 180.746 180.823
180.699 180.813 180.945
180.516 180.637 180.710
180.170 180.496 180.782
180.575 180.666 180.753
180.273 180.482 180.678
180.486 180.568 180.637
180.446 180.635 180.743
180.274 180.344 180.480
180.481 180.679 180.857
180.434 180.582 180.774
180.543 180.700 180.930
180.615 180.765 181.028
180.239 180.411 180.577
180.219 180.486 180.639
180.514 180.712 180.941
180.565 180.631 180.722
180.775 180.868 181.062
180.693 180.788 180.848
180.191 180.347 180.493
180.308 180.479 180.599
180.582 180.726 180.818
180.337 180.497 180.611
180.585 180.873 181.234
180.245 180.352 180.505
180.251 180.331 180.377
180.282 180.380 180.442
180.433 180.528 180.673
180.524 180.725 181.015
180.423 180.534 180.637
180.304 180.480 180.649
180.337 180.431 180.535
180.458 180.667 180.780
180.328 180.618 180.998
180.674 180.733 180.793
180.530 180.684 180.913
180.457 180.817 181.678
180.353 180.431 180.507
180.385 180.614 181.341
180.614 180.719 180.850
180.552 180.728 180.901
180.244 180.486 180.766
180.302 180.389 180.518
180.491 180.643 180.831
180.236 180.465 180.872
180.585 180.745 180.935
180.399 180.587 180.765
180.296 180.414 180.523
180.661 180.892 181.631
180.156 180.345 180.433
180.555 180.757 180.952
180.136 180.368 180.483
180.681 180.784 180.911
180.509 180.626 180.689
180.325 180.514 180.779
180.255 180.509 180.779
180.700 180.781 180.868
180.335 180.429 180.582
180.524 180.693 180.918
180.498 181.034 182.445
180.301 180.430 180.592
180.368 180.480 180.617
180.667 180.796 181.007
180.442 180.543 180.651
180.642 180.775 180.874
180.137 180.613 181.417
180.284 180.449 180.601
180.609 180.758 180.949
180.731 180.801 180.955
180.450 180.535 180.579
194.096 214.023 235.202
194.219 213.297 225.729
180.576 180.743 180.897
180.350 180.453 180.679
180.544 180.698 180.815
180.320 180.441 180.545
186.926 243.730 268.916
180.438 181.502 183.995
254.044 254.722 255.349
263.703 266.965 273.807
180.446 185.482 191.388
180.625 180.908 181.232
180.480 180.559 180.723
180.601 181.955 186.808
180.693 180.991 181.418
180.279 180.568 181.116
180.376 180.612 180.812
180.517 180.692 181.016
180.275 180.498 180.681
180.637 180.776 180.869
180.535 180.972 181.375
180.182 180.667 181.782
180.415 180.660 180.934
180.205 180.359 180.489
180.739 180.862 181.008
180.522 180.883 181.186
180.405 180.625 180.847
180.453 180.577 180.679
180.599 180.706 180.875
180.245 180.543 181.057
180.630 180.820 180.975
180.567 180.706 180.870
180.301 180.419 180.512
180.305 180.436 180.558
180.568 180.836 181.186
180.538 180.674 180.984
180.426 180.763 180.873
180.518 180.884 181.965
180.535 180.762 180.870
180.724 180.837 181.062
180.195 180.360 180.626
180.652 180.813 181.078
180.476 180.595 180.669
180.353 180.550 180.703
180.610 180.695 180.736
180.522 180.656 180.786
180.276 180.469 180.696
180.379 180.535 180.784
180.163 180.328 180.576
180.157 180.637 181.546
180.346 180.424 180.515
180.660 180.726 180.787
180.403 180.717 181.655
180.545 180.723 181.168
180.791 181.049 181.261
180.488 180.686 180.801
180.388 180.664 181.113
180.593 180.697 180.876
180.393 180.622 181.050
180.587 180.897 181.381
180.285 180.602 180.955
180.587 180.797 181.099
180.635 180.732 180.852
180.325 180.468 180.579
180.577 180.730 180.874
180.213 180.418 180.703
180.563 180.786 181.422
180.122 180.510 180.781
180.424 180.826 181.647
180.603 180.884 181.206
180.699 180.847 181.082
180.602 180.712 180.878
180.643 181.163 182.295
180.268 180.439 180.587
180.696 181.694 182.556
180.426 180.578 180.934
180.273 180.532 180.746
180.624 181.088 182.665
180.443 180.614 180.852
180.398 183.704 188.997
180.381 180.941 182.216
180.408 183.791 193.866
180.669 181.781 184.344
180.250 181.122 183.708
200.824 211.225 221.111
180.766 188.215 198.713
201.788 214.904 223.472
193.631 220.528 259.798
180.450 183.110 187.433
182.057 189.310 205.089
180.916 184.304 189.834
181.218 182.595 185.376
180.832 181.339 182.542
180.616 180.801 181.288
180.357 180.526 180.784
180.562 180.776 181.167
180.322 180.617 180.922
180.509 180.908 181.628
180.624 180.716 180.798
180.595 180.795 181.000
184.004 186.489 192.053
180.208 181.638 183.055
180.389 180.723 181.074
180.395 180.494 180.581
180.540 180.893 181.195
180.398 180.667 180.782
180.586 181.599 184.226
180.626 181.182 182.163
180.697 180.798 180.948
180.783 180.930 181.124
180.701 180.891 181.044
180.320 180.758 181.839
180.616 180.863 181.205
180.637 180.864 181.229
180.684 180.828 181.118
180.332 180.629 180.832
180.485 180.751 181.337
180.601 180.846 181.595
180.721 180.782 180.922
180.446 180.554 180.679
180.323 180.388 180.420
180.628 180.821 181.283
180.316 180.397 180.457
180.259 180.374 180.587
180.692 180.883 181.505
180.347 180.479 180.693
180.118 180.387 180.632
180.597 180.793 180.933
180.640 180.875 181.285
180.511 180.675 180.899
180.517 180.578 180.693
180.218 181.233 184.589
188.344 206.081 227.078
180.414 180.699 180.946
180.252 224.159 255.222
181.953 205.939 221.993
180.376 180.499 180.657
180.309 180.463 180.617
180.216 180.355 180.543
180.256 180.462 180.703
180.403 180.607 180.942
180.218 180.540 181.192
180.164 180.372 180.565
180.658 180.749 180.938
180.604 180.707 180.806
180.650 180.921 181.274
180.516 180.711 180.965
180.428 180.654 181.337
180.279 180.396 180.633
180.338 180.494 180.645
180.158 180.361 180.449
180.340 180.503 180.699
180.421 180.519 180.582
180.342 180.531 180.724
180.630 180.703 180.798
180.339 180.540 180.844
180.248 180.441 180.586
180.585 180.710 180.852
180.442 180.671 180.964
180.294 180.510 180.689
180.352 180.466 180.563
180.273 180.461 180.752
180.548 180.700 180.863
180.585 180.803 181.099
180.617 180.774 180.918
180.380 180.510 180.693
180.465 180.690 180.847
180.504 180.613 180.764
180.509 180.719 181.055
180.370 180.458 180.623
180.569 180.736 180.877
180.617 180.691 180.838
180.432 180.488 180.605
180.619 180.713 180.776
180.518 180.651 180.765
180.257 180.378 180.599
180.462 180.539 180.661
180.326 180.403 180.528
180.560 180.751 180.950
180.569 180.710 180.867
180.410 180.616 180.882
180.571 180.790 181.070
180.273 180.633 181.303
180.311 180.471 180.553
180.250 180.559 181.076
180.444 180.758 181.080
180.796 180.884 181.006
180.200 180.364 180.668
180.256 180.552 181.030
180.272 180.495 180.856
180.617 180.846 181.065
180.732 180.843 180.982
180.336 180.460 180.531
180.254 180.575 181.081
180.554 180.690 181.040
180.274 180.418 180.519
180.629 180.771 181.025
180.450 180.666 180.809
180.186 180.364 180.571
180.340 180.455 180.534
180.190 180.325 180.530
180.516 180.745 181.069
180.663 180.751 180.868
180.475 180.611 180.911
180.523 180.755 181.004
180.673 180.791 181.096
180.442 180.648 180.833
180.417 180.473 180.599
180.458 180.552 180.656
180.274 180.499 180.842
180.229 180.390 180.561
180.174 180.373 180.552
180.504 180.703 180.897
180.567 180.730 180.883
180.271 180.426 180.583
180.209 180.489 180.743
180.334 180.539 180.742
180.577 180.698 180.865
180.647 180.707 180.828
180.245 180.529 180.837
180.500 180.724 180.888
180.369 180.601 180.705
180.535 180.640 180.695
180.553 180.751 180.835
180.314 180.485 180.731
180.656 180.727 180.861
180.240 180.456 180.870
180.606 180.722 180.911
180.542 180.724 180.906
180.604 180.731 180.856
180.559 180.946 181.707
180.297 180.412 180.510
180.183 180.364 180.574
180.316 180.464 180.755
180.217 180.345 180.444
180.529 180.720 180.884
180.615 180.807 180.980
180.469 180.708 180.804
180.312 180.462 180.603
180.194 180.384 180.656
180.296 180.490 181.025
180.706 180.783 180.906
180.716 181.649 185.105
180.230 180.357 180.594
180.500 180.800 181.203
180.793 181.182 182.578
180.675 180.793 180.946
180.680 180.748 180.803
180.561 181.347 183.472
180.141 180.438 180.739
180.484 180.641 180.739
180.311 180.503 180.652
180.417 180.533 180.733
180.378 180.611 180.791
180.206 180.453 180.742
180.732 180.850 180.940
180.210 180.488 180.752
180.456 180.600 180.755
180.590 180.932 181.716
180.391 180.500 180.689
180.455 180.699 180.975
180.492 180.816 181.002
180.447 180.736 180.929
180.619 180.710 180.876
180.629 180.784 180.950
180.472 180.658 180.932
180.444 180.943 182.257
180.611 180.718 180.892
180.388 180.674 181.140
180.719 180.857 180.935
180.504 180.680 180.929
180.335 180.998 183.427
180.228 180.412 180.543
180.597 180.779 181.014
180.651 180.731 180.806
180.683 180.822 181.065
180.290 180.447 180.624
180.658 180.743 180.889
180.350 180.455 180.605
180.432 180.572 180.725
180.503 180.593 180.768
180.397 180.531 180.639
180.247 180.445 180.567
180.504 180.636 180.821
180.475 180.796 180.954
180.560 180.837 181.008
180.447 180.556 180.865
180.559 180.709 180.950
180.524 180.840 181.279
180.227 180.456 180.629
180.554 180.694 180.837
180.430 180.544 180.726
180.557 180.793 181.370
180.554 180.761 181.001
180.297 180.454 180.588
180.637 180.719 180.768
180.622 180.750 180.890
180.722 180.818 181.008
180.550 180.782 181.065
180.749 180.839 181.053
180.362 180.759 181.140
180.551 180.753 180.926
180.366 180.660 181.242
180.259 180.904 182.120
180.449 181.350 181.850
180.433 181.607 185.248
180.372 180.821 181.449
180.881 180.956 181.072
180.534 180.696 180.824
180.385 180.427 180.505
180.559 180.744 180.872
180.158 180.404 180.534
180.615 180.740 180.818
180.805 180.891 181.016
180.592 180.803 180.937
180.486 180.715 180.922
180.497 180.736 180.941
180.597 180.703 180.764
180.364 180.624 180.799
180.647 180.770 180.828
180.471 180.678 180.838
180.430 180.481 180.561
180.569 180.709 180.938
180.284 180.429 180.553
180.318 180.744 181.997
180.278 180.582 180.770
180.191 180.507 180.742
180.398 180.477 180.595
180.509 180.647 180.894
180.414 180.593 180.834
180.178 180.283 180.471
180.509 180.698 180.893
180.457 180.670 180.944
180.258 180.378 180.490
180.259 180.379 180.524
180.624 180.769 180.902
180.546 180.708 180.800
180.539 180.739 181.009
180.610 180.725 180.957
180.421 180.516 180.667
180.290 180.410 180.582
180.626 180.991 182.009
180.269 180.371 180.539
180.077 180.256 180.443
180.477 180.606 180.748
180.480 180.667 180.782
180.687 180.944 181.483
180.653 180.724 180.780
180.680 180.820 180.883
180.559 180.625 180.694
180.369 180.661 181.047
180.612 181.056 182.311
180.740 180.896 181.145
180.499 180.897 181.746
180.580 180.763 181.296
180.505 180.617 180.699
180.722 180.842 180.966
180.432 180.828 182.070
180.388 180.663 180.935
180.300 180.522 180.847
180.575 180.695 180.892
180.578 180.723 180.895
180.538 180.737 180.906
180.527 180.753 180.879
180.554 180.708 180.812
180.609 180.694 180.776
180.550 180.638 180.779
180.169 180.351 180.551
180.147 180.417 180.643
180.463 180.636 180.872
180.352 180.417 180.500
180.591 180.682 180.749
180.523 180.724 180.949
180.454 180.644 180.748
180.440 180.601 180.768
180.636 180.938 181.759
180.647 180.740 180.857
180.259 180.512 180.931
180.643 180.731 180.833
180.272 180.438 180.570
180.179 180.439 180.639
180.673 180.771 180.833
180.371 180.446 180.531
180.284 180.539 180.934
180.555 180.654 180.772
180.479 180.626 180.785
180.531 180.661 180.816
180.216 180.427 180.648
180.604 180.653 180.740
180.221 180.403 180.617
180.287 180.478 180.685
342.598 482.193 520.233
180.366 180.449 180.537
180.109 180.234 180.489
180.365 180.605 180.811
180.181 180.351 180.568
180.180 180.370 180.590
180.409 180.475 180.511
180.246 180.410 180.828
180.256 180.355 180.620
180.178 180.339 180.542
180.395 180.435 180.513
180.292 180.460 180.558
180.520 180.607 180.752
180.448 180.575 180.753
180.188 180.308 180.475
180.346 180.429 180.505
180.219 180.367 180.555
180.266 180.368 180.506
180.499 180.601 180.736
180.222 180.495 180.704
180.604 180.658 180.785
180.421 180.574 180.764
180.590 180.864 180.991
180.202 180.341 180.428
180.425 180.539 180.670
180.392 180.588 180.652
180.349 180.656 180.899
180.546 180.702 180.912
180.374 180.466 180.589
180.098 180.373 180.619
180.610 180.710 180.804
180.560 180.639 180.732
180.386 180.504 180.633
180.175 180.442 180.628
180.691 180.733 180.779
180.583 180.739 180.860
180.496 180.567 180.654
180.585 180.689 180.796
180.624 180.728 180.837
180.225 180.311 180.423
180.282 180.396 180.497
180.405 180.619 180.825
180.173 180.387 180.549
180.326 180.522 180.766
180.403 180.509 180.657
167.957 168.321 168.958
180.252 180.518 180.675
180.622 180.774 180.979
180.246 180.382 180.550
180.316 180.495 180.630
180.523 180.676 180.923
180.218 180.409 180.536
180.316 180.396 180.462
180.169 180.393 180.537
180.180 180.334 180.437
180.269 180.402 180.555
180.583 180.744 180.822
180.679 180.784 180.858
180.156 180.377 180.509
180.162 180.356 180.524
180.650 180.682 180.748
180.144 180.338 180.620
180.589 180.684 180.889
180.493 180.644 180.779
180.452 180.544 180.651
180.135 180.338 180.478
180.271 180.473 180.643
180.516 180.593 180.678
180.239 180.445 180.677
180.548 180.658 180.759
180.647 181.864 186.111
181.263 181.888 183.005
182.147 182.583 183.456
180.771 181.106 181.424
180.543 181.466 182.974
180.369 180.734 181.673
180.397 180.604 180.719
180.569 180.695 180.861
180.525 180.682 180.754
180.278 180.369 180.571
180.524 180.627 180.825
180.398 180.537 180.731
180.246 180.439 180.625
180.287 180.423 180.536
180.409 180.507 180.572
180.526 180.634 180.882
180.254 180.352 180.435
180.274 180.388 180.468
180.636 180.751 180.883
180.367 180.687 180.933
180.453 180.608 180.931
180.304 180.399 180.513
180.344 180.459 180.562
180.531 180.651 180.751
180.351 180.527 180.710
180.278 180.400 180.474
180.310 180.774 182.185
180.247 180.362 180.453
180.551 180.646 180.723
180.543 180.709 180.767
180.543 180.616 180.673
180.422 180.736 181.399
180.395 180.475 180.565
180.200 180.294 180.373
180.352 180.548 180.725
180.295 180.431 180.611
180.623 180.720 180.799
180.079 180.262 180.365
180.697 180.735 180.769
180.547 180.619 180.735
180.289 180.414 180.483
180.387 180.509 180.591
180.347 180.551 181.075
180.237 180.444 180.580
180.447 180.586 180.797
180.310 180.500 180.678
180.314 180.515 180.712
180.225 180.396 180.627
180.239 180.395 180.540
180.249 180.374 180.421
180.328 180.588 181.196
180.622 180.788 180.960
180.645 180.726 180.871
180.235 180.352 180.469
180.535 180.675 180.804
180.552 180.659 180.800
180.258 180.385 180.518
180.354 180.478 180.575
180.578 180.837 181.039
180.489 180.646 180.798
180.313 180.444 180.550
180.458 180.532 180.602
180.539 180.647 180.728
180.490 180.629 180.771
179.998 180.313 180.531
180.294 180.549 180.671
180.335 180.646 180.806
180.569 180.709 180.794
180.714 181.023 181.814
180.641 180.813 181.052
180.491 180.587 180.741
180.277 180.543 180.798
180.623 180.754 180.868
180.627 180.687 180.775
180.256 180.343 180.417
180.224 180.344 180.442
180.120 180.339 180.525
180.489 180.640 180.803
180.568 180.680 180.777
180.500 180.707 180.984
180.318 180.435 180.576
180.155 180.316 180.489
180.233 180.325 180.402
180.455 180.678 180.868
180.177 180.370 180.617
180.338 180.439 180.539
180.416 180.646 180.876
180.231 180.361 180.502
180.263 180.471 181.017
180.521 180.689 180.832
180.681 180.833 181.013
180.412 180.527 180.685
180.475 180.618 180.915
180.490 180.661 180.869
180.247 180.409 180.545
180.618 180.759 180.924
180.235 180.384 180.559
180.223 180.374 180.578
180.384 180.608 180.813
180.699 180.886 181.181
180.501 180.601 180.715
180.641 181.033 182.325
180.930 181.484 182.201
180.557 180.850 181.013
180.208 180.351 180.520
180.345 180.430 180.508
180.666 180.852 181.032
180.666 180.791 180.936
180.175 180.438 180.611
180.690 180.745 180.802
180.161 180.504 181.074
180.207 180.421 180.631
180.522 180.720 181.184
180.563 180.678 180.759
180.524 180.658 180.791
180.350 180.467 180.571
180.149 180.442 180.661
180.353 180.567 180.740
180.310 180.439 180.581
180.256 180.472 180.647
180.209 180.613 181.351
180.306 180.368 180.488
180.535 180.639 180.719
180.839 181.218 181.523
180.209 180.528 180.656
180.275 180.476 180.781
180.400 180.459 180.494
180.484 180.599 180.752
180.419 180.513 180.557
180.751 180.813 180.925
180.534 180.716 180.963
180.681 180.770 180.897
180.513 180.702 180.899
180.468 180.698 180.840
180.583 180.732 180.938
180.316 180.418 180.462
180.142 180.404 180.595
180.311 180.388 180.478
180.091 180.379 180.573
180.272 180.409 180.576
180.481 180.575 180.695
180.224 180.424 180.510
180.333 180.405 180.530
180.089 180.299 180.465
180.563 180.681 180.798
180.243 180.349 180.454
180.549 180.712 180.927
180.298 180.434 180.631
180.384 180.603 180.855
180.513 180.647 180.755
180.445 180.549 180.666
180.274 180.344 180.451
180.309 180.445 180.589
180.554 180.692 180.788
180.293 180.424 180.576
180.669 180.788 180.934
180.600 180.729 180.816
180.316 180.495 180.649
180.522 180.778 180.902
180.588 180.649 180.798
180.199 180.397 180.598
180.228 180.332 180.421
180.218 180.359 180.483
180.700 181.137 181.783
180.384 180.886 182.198
180.314 180.410 180.470
180.415 180.911 181.975
180.233 180.444 180.698
180.572 180.687 180.816
180.433 180.710 180.897
180.474 180.619 180.855
180.448 180.594 180.764
180.563 180.747 180.873
180.309 180.441 180.744
189.125 201.499 215.875
180.367 181.575 183.796
205.083 216.411 227.666
180.576 180.636 180.708
181.204 186.591 192.008
181.914 184.179 188.775
180.526 180.642 180.734
180.289 180.372 180.524
181.226 186.844 189.180
180.625 180.722 180.783
180.900 184.888 188.964
183.194 186.513 189.122
187.778 191.365 197.730
201.668 213.116 224.340
279.241 294.217 306.900
180.232 180.481 180.644
180.415 180.502 180.746
180.163 180.341 180.528
180.626 180.706 180.816
364.759 390.114 406.195
464.902 497.312 524.641
523.976 527.914 531.833
180.626 180.658 180.743
180.545 180.651 180.844
180.370 180.570 180.690
181.532 186.057 190.814
396.625 403.494 410.936
180.426 339.457 399.384
180.251 180.425 180.594
180.361 180.474 180.634
239.514 274.872 295.449
181.532 184.934 189.639
180.244 180.390 180.481
180.742 184.340 198.630
180.407 199.396 217.002
180.493 187.728 192.114
362.799 385.439 403.829
180.336 182.089 184.638
180.391 180.542 180.706
306.494 337.179 374.299
525.222 528.464 533.360
496.146 519.982 531.453
517.683 526.035 534.316
523.857 530.113 535.740
516.521 525.040 534.008
181.760 184.490 191.144
180.710 187.938 192.516
184.084 185.958 190.012
239.004 251.300 262.065
270.119 306.117 345.087
331.193 356.338 393.370
354.989 390.514 427.771
525.183 529.163 532.301
262.176 349.153 423.034
442.845 494.669 526.608
532.093 532.614 533.136
526.295 528.535 531.555
180.425 180.643 180.847
181.550 185.467 191.428
180.634 370.608 525.874
180.785 181.864 184.740
526.004 527.701 531.948
180.354 180.454 180.524
180.500 180.701 180.884
180.413 180.524 180.720
180.474 180.598 180.678
180.525 180.718 181.015
180.708 180.799 180.929
180.645 180.739 180.814
180.350 180.459 180.541
180.492 180.632 180.716
180.576 180.688 180.897
180.624 180.828 181.079
180.264 180.383 180.483
180.300 180.398 180.459
180.384 180.657 180.848
180.754 180.789 180.837
180.293 180.421 180.607
180.342 182.126 186.111
518.351 530.528 536.055
180.242 181.632 186.998
180.574 180.686 180.749
462.751 503.954 529.853
180.646 182.828 191.142
180.715 198.450 246.996
180.985 317.962 463.584
180.632 180.727 180.852
180.678 180.782 180.844
180.512 180.618 180.687
180.617 180.704 180.807
180.547 181.055 182.256
180.368 180.563 180.952
180.333 180.575 180.743
180.718 180.898 181.130
180.267 180.332 180.395
180.600 180.717 180.827
180.243 180.439 180.634
180.214 180.386 180.609
180.378 180.637 180.799
180.564 180.658 180.921
180.329 180.417 180.525
180.568 180.908 181.427
180.283 423.870 533.159
180.376 180.517 180.609
180.549 180.657 180.830
180.620 180.782 180.957
180.107 180.574 180.862
180.818 185.939 189.495
180.845 184.700 189.440
180.357 180.531 180.768
180.328 180.497 180.681
180.390 180.948 182.730
180.848 188.380 191.341
180.581 180.701 180.876
180.261 180.362 180.473
180.530 180.599 180.760
180.604 180.791 180.953
180.397 180.555 180.764
518.127 525.847 532.267
180.235 180.353 180.433
180.679 180.769 180.843
180.514 180.706 180.977
180.609 180.702 180.783
180.237 180.395 180.470
181.583 185.756 190.579
523.704 528.599 533.323
180.487 180.562 180.682
180.395 180.491 180.653
180.413 180.539 180.692
180.473 180.602 180.751
180.146 180.341 180.593
508.419 522.385 528.196
180.772 387.330 526.082
180.701 209.003 284.934
182.192 188.847 192.822
525.422 530.069 534.381
180.343 180.444 180.598
180.965 185.737 192.297
180.298 180.490 180.703
182.330 184.338 187.457
180.587 206.320 270.661
284.750 323.040 361.457
523.134 527.355 530.844
180.526 180.703 180.814
180.682 180.834 181.004
523.975 526.835 528.068
182.360 183.426 184.501
180.292 180.449 180.548
523.612 527.120 531.967
185.476 188.193 189.545
183.301 189.014 191.820
184.822 188.998 191.621
180.625 180.677 180.737
523.107 526.787 531.913
524.333 529.561 533.788
180.649 180.739 180.965
180.598 300.843 531.407
180.493 412.815 529.187
530.646 531.715 532.776
529.644 532.398 533.919
180.851 185.716 190.578
180.151 182.241 189.615
180.347 180.438 180.629
180.828 187.952 191.895
180.393 180.527 180.781
180.618 181.203 182.891
180.737 180.882 181.197
180.256 180.391 180.529
180.540 180.713 180.807
180.187 180.319 180.427
180.580 180.662 180.782
180.520 180.673 180.907
180.392 180.560 180.655
180.294 180.431 180.593
180.279 180.428 180.837
182.153 185.574 189.665
183.714 186.228 190.020
522.437 527.016 530.245
504.517 519.583 529.264
533.268 534.150 534.861
186.415 188.582 190.538
254.591 255.812 256.478
249.518 253.261 255.505
249.053 252.522 254.150
253.131 254.992 258.109
180.721 329.389 417.996
180.727 250.682 530.024
180.571 201.814 286.668
180.692 320.680 442.944
462.706 500.370 528.260
482.558 512.208 530.870
505.362 512.971 521.397
183.732 186.871 191.937
182.123 187.029 190.691
181.300 184.569 190.556
183.060 185.875 188.083
182.007 185.311 188.991
180.508 180.617 180.757
180.559 180.739 180.888
180.478 180.689 180.957
180.527 180.670 180.849
180.547 180.688 180.827
504.324 517.212 522.367
180.524 264.686 517.070
180.820 183.885 187.656
180.333 180.536 180.734
180.211 265.679 521.577
180.489 180.665 180.825
520.407 524.443 529.250
523.033 525.120 526.884
520.372 521.890 524.741
182.079 457.691 529.861
180.344 248.227 518.164
180.371 197.347 264.400
180.498 312.495 431.550
321.060 416.513 484.706
484.671 513.141 528.130
507.197 518.488 532.772
520.977 523.550 528.975
495.052 509.179 520.189
498.261 512.980 522.898
505.613 515.968 530.294
483.600 502.045 529.098
495.930 513.299 528.150
180.454 378.905 517.059
180.638 180.727 180.847
180.808 185.592 190.862
476.243 507.823 524.246
181.226 185.121 192.259
497.519 515.198 524.086
402.070 425.750 454.648
490.094 513.707 528.829
182.431 186.732 192.048
497.596 515.622 525.090
181.857 186.928 189.574
365.643 398.701 432.144
512.535 521.051 529.567
186.869 188.094 190.032
508.048 514.658 519.757
517.053 523.488 528.123
490.692 511.770 521.904
181.700 185.816 188.063
457.795 485.078 523.751
182.371 187.820 191.392
419.641 464.279 516.687
182.195 188.648 192.417
180.461 186.453 188.764
468.419 491.734 514.624
510.367 517.047 526.162
182.625 189.513 192.035
182.023 186.339 189.018
180.651 183.449 189.187
181.110 185.546 189.688
477.391 493.754 521.959
181.377 185.819 190.410
517.627 525.089 530.619
180.358 196.901 258.801
180.231 243.778 335.552
180.396 180.598 180.936
180.379 196.956 262.866
180.525 181.983 187.105
180.687 236.719 322.593
180.350 180.501 180.588
180.861 186.279 190.058
180.315 311.965 527.124
451.971 492.240 531.089
180.527 180.644 180.831
180.695 188.610 192.750
180.132 180.405 180.624
180.325 183.271 188.737
180.357 180.486 180.585
180.267 180.751 181.874
180.169 180.348 180.586
180.295 192.667 241.296
180.234 180.508 180.932
180.843 185.448 191.061
180.460 182.829 191.985
180.706 180.785 180.868
180.235 180.440 180.554
186.350 188.614 191.815
180.387 180.432 180.508
180.618 180.882 181.676
180.309 180.441 180.494
180.198 180.423 180.918
429.506 500.437 521.998
187.509 188.203 189.315
180.347 180.559 180.876
180.595 180.766 181.034
510.139 515.072 518.429
182.222 186.944 191.666
180.642 180.731 180.828
517.387 522.919 529.370
180.651 180.677 180.705
180.181 180.475 180.754
189.821 190.586 191.467
180.595 180.754 180.938
180.893 182.920 186.495
180.586 180.663 180.843
180.532 180.645 180.899
216.422 238.181 252.784
180.440 180.520 180.614
180.202 180.458 180.717
180.304 180.383 180.573
180.287 180.705 181.918
180.371 348.888 523.403
180.637 180.743 180.817
181.067 187.301 192.135
486.198 508.205 526.642
455.147 474.831 489.768
180.436 180.496 180.576
180.385 180.590 180.801
436.977 455.007 477.758
181.801 184.244 190.095
180.337 180.420 180.462
180.376 180.508 180.601
183.663 185.084 188.813
181.584 186.420 191.349
180.950 185.367 191.692
357.245 375.704 395.929
182.078 185.560 192.610
346.142 389.458 447.951
431.266 492.311 529.937
181.481 187.047 191.442
180.378 183.771 191.022
522.251 526.357 530.517
518.022 522.616 527.864
180.559 180.734 180.980
287.301 334.438 397.210
518.324 521.840 523.452
180.524 180.584 180.693
394.243 446.071 495.744
495.344 514.299 527.656
180.567 434.325 529.585
180.561 180.662 180.737
494.365 509.583 524.627
180.584 212.748 240.164
494.973 511.148 523.300
181.647 186.448 191.122
180.631 304.558 494.499
180.354 210.391 284.709
182.439 185.128 189.883
492.276 507.880 521.058
180.741 180.936 181.315
511.197 514.761 517.796
180.476 445.020 524.612
504.646 510.739 522.084
181.816 186.438 191.129
185.900 187.986 190.797
436.920 486.526 518.886
180.207 180.362 180.489
498.916 512.830 523.715
180.408 228.992 304.771
180.402 251.679 331.088
181.030 195.774 219.753
263.843 296.400 329.677
222.904 239.695 264.094
196.078 210.038 247.729
180.431 180.676 180.925
300.351 318.310 345.353
180.675 183.263 190.199
180.264 273.143 328.490
180.350 182.640 185.956
180.238 180.432 180.614
469.028 491.846 514.308
511.187 513.701 516.181
180.325 195.267 233.283
181.153 185.555 190.020
225.160 284.877 320.408
324.325 351.650 373.259
182.327 184.980 189.900
419.405 478.216 516.603
187.534 189.457 191.137
402.843 438.101 474.188
184.682 188.299 191.816
181.736 187.112 191.680
182.425 186.993 190.102
183.277 186.720 189.895
390.312 474.578 528.935
181.227 185.559 190.826
264.456 371.591 473.215
180.792 186.568 190.750
385.708 467.510 523.240
407.266 486.110 529.414
180.197 180.555 180.990
181.187 184.312 189.872
180.443 180.901 181.445
518.719 522.326 528.205
433.072 474.226 523.902
182.731 186.116 188.792
184.018 188.265 190.603
516.175 518.185 520.411
518.256 521.515 529.516
517.055 522.120 527.486
184.317 187.334 191.028
186.232 188.340 192.137
181.088 186.854 190.539
523.083 525.386 527.594
180.276 180.482 180.671
180.274 180.451 180.614
184.227 188.257 192.173
180.960 186.439 188.734
180.528 180.696 180.926
478.050 509.698 523.548
180.518 180.699 180.940
180.872 369.743 529.385
180.218 180.365 180.510
180.415 184.881 190.348
253.109 366.298 448.741
477.640 513.954 526.836
573.583 578.988 585.313
239.982 243.529 245.757
240.854 247.886 253.408
245.417 250.207 253.240
576.686 583.424 591.622
180.465 180.642 180.816
520.263 520.921 521.447
515.680 523.707 529.069
180.322 180.459 180.622
180.458 187.208 213.372
180.505 183.610 190.491
180.887 255.035 331.314
252.794 385.962 492.211
188.208 189.347 191.269
522.719 524.929 526.545
183.969 188.896 191.834
182.431 187.839 192.285
419.931 469.383 518.653
180.536 180.692 180.824
269.794 355.172 455.430
180.187 180.486 180.843
180.375 180.589 180.893
180.674 180.791 180.977
180.438 180.577 180.849
180.118 180.759 181.995
180.608 180.901 181.428
180.808 180.871 180.942
180.480 180.716 180.788
180.537 180.641 180.820
180.307 180.610 181.245
180.368 180.483 180.600
180.406 180.565 180.731
234.815 237.860 243.710
228.361 238.076 244.453
180.316 180.544 180.735
180.925 181.684 184.269
180.526 180.769 180.957
180.368 193.836 225.974
180.374 180.580 180.763
180.597 180.731 180.909
180.353 180.491 180.713
180.453 180.645 180.809
180.137 180.346 180.507
238.069 244.211 248.625
180.534 180.794 181.075
223.821 237.745 245.984
180.372 180.519 180.929
180.436 180.625 180.801
180.720 180.864 180.973
180.281 180.513 180.716
180.638 180.695 180.773
239.146 243.547 248.922
180.682 180.747 180.867
213.752 230.326 242.783
230.978 239.484 242.820
180.370 180.478 180.606
230.042 237.959 244.257
180.464 180.565 180.677
180.622 180.731 180.850
180.705 204.310 242.109
180.347 181.080 183.355
180.134 180.462 180.627
233.030 239.954 243.253
180.205 180.659 182.223
226.975 237.523 243.144
202.521 223.668 242.325
180.607 181.061 182.033
213.594 231.289 243.550
180.376 181.007 183.155
180.264 180.448 180.536
223.962 230.294 242.818
180.423 180.505 180.566
180.258 180.471 180.776
215.925 225.610 238.002
180.710 180.874 181.100
180.550 180.813 181.077
180.629 180.779 180.931
180.235 180.429 180.624
180.280 180.503 180.718
195.597 209.549 229.199
180.225 180.510 180.770
180.367 180.496 180.781
180.376 180.550 180.660
180.498 180.770 181.292
205.808 232.565 249.836
180.248 198.841 224.092
180.835 181.406 182.502
180.567 180.884 181.349
180.810 180.919 181.059
180.415 180.733 181.016
190.991 205.655 216.968
180.565 180.686 180.854
180.688 180.747 180.814
180.480 180.573 180.656
183.570 191.760 198.959
180.221 180.392 180.567
180.334 180.459 180.521
180.224 181.009 182.780
180.753 185.072 193.269
180.709 180.818 180.994
180.694 180.794 180.882
182.586 183.751 186.914
180.622 180.710 180.906
180.275 180.423 180.584
185.434 195.867 205.182
180.684 180.789 180.920
180.441 180.588 180.723
180.247 180.458 180.587
197.746 222.124 238.280
180.161 180.361 180.507
180.324 180.509 180.591
180.651 180.714 180.795
180.315 180.481 180.713
180.600 180.694 180.793
180.419 180.571 180.651
180.414 180.523 180.636
180.506 180.742 180.959
180.179 180.370 180.531
180.139 180.390 180.611
180.241 349.872 523.771
180.595 180.728 180.933
180.352 180.501 180.818
180.352 180.492 180.733
180.515 180.719 180.861
180.546 180.654 180.793
180.537 180.661 180.814
180.498 180.728 180.970
180.616 180.691 180.796
180.205 180.389 180.560
180.268 180.355 180.501
180.343 180.469 180.647
180.469 180.573 180.655
180.410 180.518 180.699
180.302 180.560 180.786
180.194 180.302 180.424
180.255 180.568 181.019
180.379 180.563 180.758
180.146 180.301 180.414
180.347 180.462 180.584
180.241 180.451 180.705
180.397 180.506 180.692
180.347 180.435 180.522
180.216 180.392 180.531
180.278 180.442 180.650
180.532 180.713 180.880
180.591 180.683 180.749
180.573 180.766 181.022
180.188 180.343 180.551
180.214 180.475 180.698
180.263 180.412 180.676
180.429 180.581 180.699
180.225 180.408 180.590
180.168 180.345 180.500
180.333 180.407 180.494
180.543 180.614 180.776
180.151 180.300 180.461
180.357 180.488 180.621
180.303 180.391 180.594
180.448 180.557 180.661
180.515 180.620 180.730
180.582 180.752 180.871
180.728 180.888 181.020
180.623 180.741 180.958
180.550 180.671 180.777
180.565 180.687 180.778
180.699 180.857 181.077
180.214 180.341 180.436
180.325 180.529 180.761
180.425 180.497 180.620
180.177 180.297 180.386
180.300 180.413 180.510
180.433 180.560 180.620
180.290 180.477 180.647
180.291 180.372 180.445
180.549 180.636 180.796
180.293 180.369 180.479
180.782 180.853 180.964
180.161 180.402 180.650
180.237 180.330 180.523
180.198 180.289 180.373
180.431 180.592 180.945
180.460 180.623 180.773
180.584 180.738 180.882
180.786 180.853 180.877
180.339 180.473 180.620
180.247 180.563 180.894
180.298 180.340 180.402
180.501 180.657 180.759
180.628 180.715 180.805
180.652 180.797 181.088
180.149 180.467 180.746
180.405 180.627 180.778
180.453 180.629 180.789
180.504 180.669 180.772
180.427 180.496 180.571
180.222 180.310 180.423
180.232 180.337 180.492
180.598 180.725 180.821
180.307 180.397 180.455
180.217 180.332 180.459
180.372 180.478 180.565
180.226 180.418 180.532
180.388 180.432 180.468
180.232 180.314 180.461
180.343 180.468 180.682
180.581 180.703 180.933
180.333 180.465 180.711
180.622 180.678 180.746
180.191 180.360 180.607
180.414 180.656 180.762
180.250 180.419 180.563
180.295 180.502 181.012
180.542 180.724 180.951
180.534 180.773 181.167
180.485 182.225 186.213
180.726 182.919 185.377
180.973 184.864 188.605
180.409 182.181 186.605
180.616 180.948 181.909
180.408 180.726 181.001
180.518 180.671 180.896
180.648 180.794 181.061
180.545 180.771 181.314
180.598 180.661 180.782
180.220 180.335 180.377
180.471 180.672 180.841
180.456 180.815 181.440
180.436 180.596 180.783
180.195 180.405 180.544
180.270 180.450 180.550
180.296 180.431 180.603
180.584 180.692 180.823
180.268 180.354 180.454
180.065 180.436 180.662
180.156 180.279 180.463
180.639 180.708 180.870
180.534 180.716 180.902
180.276 180.473 180.669
180.568 180.652 180.782
180.562 180.738 180.887
180.602 180.711 180.807
180.312 180.372 180.438
180.313 180.424 180.651
180.347 180.468 180.631
180.255 180.413 180.671
180.547 180.680 180.796
180.695 180.759 180.871
180.438 180.475 180.505
180.503 180.797 180.950
180.263 181.227 184.461
180.629 181.600 185.129
180.446 180.593 180.712
180.146 180.281 180.369
180.165 180.368 180.612
180.184 180.318 180.462
180.126 180.383 180.522
180.322 180.470 180.539
180.147 180.291 180.396
180.119 180.355 180.544
180.125 180.375 180.552
180.216 180.408 180.588
180.277 180.393 180.641
180.289 180.417 180.587
180.251 180.576 181.266
180.546 180.726 180.844
180.284 180.401 180.645
180.548 180.708 180.920
180.500 180.700 181.004
180.555 180.668 180.862
180.458 180.819 181.229
180.401 180.544 180.745
180.455 180.614 180.732
180.385 180.661 180.790
180.567 180.669 180.776
180.164 180.357 180.506
180.271 180.403 180.589
180.690 180.804 180.917
180.172 180.310 180.451
180.656 180.717 180.772
180.412 180.539 180.683
180.342 180.661 180.859
180.543 180.621 180.684
180.623 180.706 180.874
180.577 180.718 180.901
180.496 180.652 180.775
180.517 180.662 180.774
180.511 180.580 180.699
180.331 180.450 180.534
180.309 180.473 180.552
180.226 180.358 180.475
180.388 180.652 180.848
180.248 180.418 180.508
180.494 180.578 180.659
180.590 180.700 180.802
180.236 180.559 180.834
180.411 180.538 180.619
180.250 180.373 180.612
180.498 180.619 180.707
180.366 180.469 180.537
180.380 180.601 180.886
180.581 180.756 181.167
180.531 180.626 180.738
180.530 180.636 180.723
180.326 180.395 180.459
180.223 180.422 180.544
180.417 180.506 180.649
180.123 180.275 180.397
180.571 180.776 180.884
180.112 180.365 180.909
180.213 180.398 180.675
180.211 180.404 180.522
180.568 180.699 180.831
180.254 180.410 180.674
180.134 180.401 180.808
180.213 180.376 180.571
180.461 180.643 180.732
180.484 180.579 180.705
180.322 180.367 180.433
180.177 180.334 180.456
180.299 180.408 180.624
180.634 180.858 181.010
180.233 180.389 180.647
180.067 180.301 180.491
180.597 180.678 180.723
180.637 180.805 181.071
180.478 180.567 180.700
180.410 180.503 180.583
180.475 180.705 180.862
180.232 180.350 180.488
180.114 180.205 180.344
180.523 180.655 180.786
180.460 180.564 180.663
180.589 180.718 180.921
180.584 180.694 180.899
180.684 180.726 180.820
180.190 180.348 180.512
180.621 180.791 180.921
180.486 180.625 180.802
180.361 180.458 180.676
180.566 180.701 180.928
180.279 180.432 180.593
180.223 180.369 180.546
180.268 180.373 180.537
180.642 180.803 181.045
180.189 180.400 180.546
180.364 180.614 181.182
180.357 180.651 180.788
180.591 180.743 180.987
180.605 180.728 180.911
180.312 180.487 180.731
180.436 180.655 180.821
180.521 180.598 180.692
180.441 180.577 180.781
180.411 180.532 180.624
180.507 180.692 180.805
180.737 180.876 181.046
180.634 180.724 180.870
181.822 187.355 192.565
180.421 180.464 180.553
180.275 180.790 182.088
180.589 180.867 181.114
180.514 180.795 181.591
180.780 180.940 181.089
180.225 180.410 180.648
180.335 180.407 180.498
180.160 180.251 180.336
180.123 180.344 180.509
185.084 185.492 186.078
187.935 189.106 190.006
178.946 183.989 189.033
180.385 180.619 180.821
180.633 180.759 180.858
180.263 180.422 180.673
180.185 180.399 180.536
180.153 180.353 180.616
180.409 180.482 180.601
180.538 180.654 180.848
180.190 180.428 180.644
180.289 180.615 181.377
180.463 180.586 180.789
180.308 180.457 180.704
180.339 180.459 180.560
180.320 180.512 180.613
180.593 180.619 180.653
180.524 180.633 180.684
180.460 180.679 180.785
180.578 180.758 180.954
180.394 180.560 180.671
180.329 180.535 180.737
180.514 180.668 180.980
180.544 180.759 181.315
180.585 180.796 181.029
180.539 180.696 180.864
180.514 180.697 180.873
180.456 180.541 180.653
180.202 180.340 180.463
180.284 180.477 180.827
180.390 180.540 180.865
180.206 180.385 180.489
180.531 180.685 180.814
180.331 180.483 180.542
182.515 186.735 191.652
180.617 185.139 201.722
180.600 186.222 200.634
180.692 180.800 180.858
180.149 180.567 180.866
180.390 180.522 180.661
180.567 180.683 180.839
180.403 180.589 180.792
180.359 180.537 180.729
180.301 180.359 180.445
180.310 180.443 180.555
180.550 180.638 180.791
180.607 180.695 180.811
180.196 180.343 180.504
180.358 180.434 180.473
180.410 181.040 183.055
180.233 180.915 182.187
180.418 180.557 180.866
180.250 180.356 180.476
180.390 180.657 180.961
180.413 180.571 180.786
180.559 180.724 180.958
180.692 180.790 180.877
