216.816 219.069 220.700
215.469 219.083 222.930
216.898 219.531 222.891
215.630 223.259 228.758
215.419 218.560 220.876
219.170 220.154 223.183
215.391 218.596 223.169
215.456 218.536 223.178
216.944 219.552 223.040
219.219 219.650 220.515
217.321 221.035 227.412
215.414 217.345 220.646
219.228 222.246 226.160
216.825 220.824 227.758
215.292 221.623 227.741
219.153 219.943 220.771
219.136 221.980 227.824
215.536 219.171 222.988
217.431 222.191 227.961
216.879 218.994 221.088
216.871 219.836 222.995
217.023 221.814 227.770
216.726 223.688 231.483
217.747 224.227 231.525
216.227 217.495 219.726
215.363 219.412 227.719
215.409 223.114 228.644
219.201 221.508 223.218
215.611 221.613 227.872
215.313 221.522 232.047
215.712 218.506 220.749
215.353 219.591 224.295
219.213 220.869 223.122
216.697 219.972 227.811
218.230 221.271 227.950
215.340 219.200 223.332
215.536 219.249 223.200
215.932 221.401 231.734
215.489 217.490 220.482
216.771 217.914 220.606
215.590 216.816 219.252
215.427 220.943 228.845
216.830 222.974 232.375
220.577 223.111 227.889
215.522 219.355 220.654
219.277 221.364 227.580
215.666 217.646 220.611
215.651 219.923 222.981
216.980 217.884 219.388
216.774 219.934 223.006
216.922 221.407 228.175
215.318 219.360 223.163
215.261 222.475 231.449
215.438 220.157 232.295
216.853 220.247 223.518
217.715 220.716 229.074
220.255 222.097 227.764
216.953 220.330 229.049
216.692 219.690 222.845
217.891 221.622 229.696
216.890 219.986 223.108
218.337 221.688 227.792
215.253 221.169 236.418
215.362 221.929 230.257
215.387 221.155 229.393
216.983 219.805 223.038
217.691 220.180 223.074
215.956 219.330 223.046
217.810 220.581 223.422
215.329 219.936 223.164
215.907 220.128 229.142
219.582 222.461 229.031
216.863 221.640 231.541
217.799 220.833 225.963
215.546 218.617 223.177
216.837 219.566 222.953
215.442 218.727 222.881
216.883 218.827 223.001
215.373 217.958 220.549
216.697 218.652 220.746
217.817 219.788 223.054
215.842 220.876 225.797
218.219 224.373 232.072
217.790 220.830 224.036
218.272 220.029 221.079
219.340 222.817 231.515
219.843 221.867 227.905
215.803 221.670 231.686
215.398 219.200 223.181
215.348 220.064 227.967
218.113 222.108 228.970
216.708 220.028 223.187
216.841 218.914 220.491
215.611 218.415 220.571
215.357 222.100 227.842
217.818 222.455 231.672
215.428 221.026 229.513
218.310 221.314 227.942
217.795 221.255 229.834
218.359 222.375 229.158
216.898 219.536 223.451
215.725 216.877 218.317
215.438 219.605 227.940
215.347 219.606 223.386
215.800 218.280 220.989
219.403 220.518 220.968
216.804 220.553 231.546
215.565 223.979 231.786
215.699 218.606 221.268
215.431 220.395 228.782
215.548 222.320 227.822
219.269 221.349 227.981
215.906 218.971 223.003
219.151 221.330 227.883
215.697 217.661 221.995
217.981 220.269 224.501
216.776 221.155 231.745
215.457 221.360 228.163
216.914 219.186 220.827
215.450 217.789 219.843
215.365 221.110 227.973
218.199 221.375 229.084
217.118 221.541 231.671
215.597 218.726 223.198
217.062 222.149 230.971
215.798 220.134 223.710
219.309 220.207 220.833
215.332 219.473 227.773
219.395 221.310 224.750
216.843 218.412 220.770
216.204 220.535 223.191
218.292 222.107 228.240
218.709 221.730 228.029
215.789 221.544 232.130
215.229 221.914 238.097
219.530 247.586 264.914
248.534 257.778 272.399
215.555 219.577 228.952
215.563 218.932 221.266
217.084 219.858 224.044
216.875 220.878 227.828
215.625 219.884 223.156
216.833 220.765 228.089
215.766 222.311 229.002
219.298 222.147 223.827
217.071 222.447 237.412
219.481 221.102 223.072
215.569 220.108 231.788
218.324 219.868 220.904
216.802 226.644 255.013
218.194 222.908 231.638
218.060 223.330 227.947
215.914 218.021 223.138
216.773 220.537 227.717
215.693 219.760 223.134
215.637 218.963 223.199
215.282 220.886 231.818
216.079 217.949 220.647
216.948 222.212 232.042
215.608 219.681 223.476
216.995 218.540 220.645
217.941 221.573 227.907
215.520 219.304 223.243
218.288 226.590 244.827
215.655 218.931 222.988
218.279 224.790 232.243
216.565 220.227 223.104
215.797 220.375 229.007
215.827 220.572 228.986
217.164 220.298 223.699
217.782 219.098 221.049
215.641 222.521 235.736
216.954 218.893 222.295
215.513 220.582 232.621
217.993 236.051 288.230
216.663 230.915 243.439
215.460 221.555 228.371
216.985 223.595 228.777
216.093 223.754 229.853
217.211 222.515 231.820
215.842 221.316 229.803
215.590 219.973 222.972
220.318 221.574 223.645
221.194 223.115 228.884
216.728 221.429 226.560
217.396 218.386 220.303
215.565 220.474 224.778
215.369 219.323 221.755
216.339 219.920 222.541
219.247 221.506 224.749
216.367 219.693 223.369
215.789 217.841 220.650
215.414 222.881 234.411
216.976 222.809 236.631
215.535 218.924 229.026
216.065 218.802 221.077
218.330 220.204 221.158
215.445 218.062 221.350
217.923 219.846 223.308
216.997 220.450 227.793
217.441 219.386 221.240
215.579 220.144 224.704
220.284 225.633 233.963
215.448 222.333 231.603
215.580 222.828 232.113
215.445 220.288 228.021
215.968 222.115 229.813
218.481 220.699 223.278
220.508 223.103 227.936
216.966 221.069 228.178
217.137 221.913 226.774
215.375 219.093 228.422
221.210 226.040 234.126
217.405 219.726 221.145
218.322 221.060 225.472
215.490 217.556 220.443
219.367 220.912 222.788
218.055 223.418 229.707
219.486 227.305 234.054
217.833 220.554 223.049
219.430 224.696 234.280
218.695 220.637 222.768
217.409 220.805 231.271
218.812 220.963 222.797
217.900 221.377 228.926
218.560 221.980 225.612
215.857 223.712 230.435
215.813 219.020 221.593
217.322 222.101 228.069
217.044 222.058 232.784
215.431 218.628 221.389
219.038 222.948 229.381
219.152 223.652 233.477
217.167 222.304 231.641
219.116 223.811 229.995
218.350 221.593 227.942
216.138 221.876 228.150
219.913 224.175 229.764
217.027 219.040 220.437
216.849 220.477 227.725
216.965 219.151 222.300
215.425 218.138 220.680
219.301 223.950 231.609
216.911 221.515 231.797
218.988 224.069 233.390
216.216 220.824 223.947
220.194 220.971 221.476
217.354 222.653 234.499
218.379 221.270 224.952
217.286 221.750 229.029
217.185 220.556 225.508
221.173 223.900 225.631
219.213 222.283 227.863
219.933 225.611 231.603
215.927 220.895 227.981
220.486 221.354 223.103
218.323 223.324 230.699
219.353 223.470 230.352
215.703 220.555 230.671
217.043 220.588 229.144
217.777 219.399 223.354
217.859 222.625 229.154
215.545 219.034 228.188
215.361 219.475 228.254
216.988 219.359 220.914
216.879 219.251 220.852
215.803 219.235 224.121
217.049 221.907 227.968
216.586 219.533 221.012
218.587 222.049 227.923
219.443 222.916 231.384
215.693 219.095 220.804
218.413 224.433 231.910
217.786 220.127 223.330
216.926 218.838 221.134
215.394 218.429 221.046
217.167 219.671 223.136
215.328 219.865 227.865
216.950 218.990 223.504
215.798 221.433 228.028
216.657 221.551 228.924
215.515 219.675 223.358
218.416 220.455 223.144
216.823 223.311 237.133
220.819 223.990 228.821
218.079 219.361 220.694
215.554 220.297 227.911
219.416 224.071 228.987
216.121 220.628 223.315
216.950 219.876 223.162
216.947 221.730 228.228
216.844 218.697 220.626
215.802 223.750 236.219
215.762 221.150 230.441
216.942 219.469 220.988
215.552 225.324 234.550
216.094 218.714 221.464
217.241 222.157 229.131
215.412 220.289 227.795
215.690 223.531 240.429
216.882 220.324 223.907
216.883 220.641 228.025
215.560 218.688 223.265
217.138 219.902 221.585
215.428 219.892 228.080
216.966 220.232 223.346
218.652 224.540 231.916
215.471 220.792 227.082
216.759 218.902 220.677
216.893 220.274 222.336
215.632 219.235 220.980
215.820 221.358 231.569
218.239 220.228 223.185
215.673 218.799 223.015
220.285 223.897 229.715
216.930 220.441 227.815
215.799 219.035 222.989
215.476 219.271 227.859
215.416 219.520 224.869
215.996 219.934 223.463
259.064 301.360 331.992
219.400 228.984 237.098
218.632 229.160 239.144
217.001 234.920 258.616
224.017 227.006 230.203
216.908 223.105 228.931
215.664 219.142 222.450
216.907 220.205 231.744
216.989 219.986 228.538
215.665 222.589 228.229
215.442 220.698 229.398
215.613 217.246 223.219
216.826 219.161 223.519
219.493 221.311 223.276
215.532 221.565 228.103
216.906 220.664 228.286
219.722 223.208 231.333
215.774 217.940 220.976
217.140 221.866 228.954
215.510 219.035 221.013
218.303 221.943 229.527
217.967 224.943 231.872
215.718 219.657 223.183
217.434 220.618 227.889
216.892 221.012 229.060
215.843 218.868 223.039
219.568 224.152 231.619
215.933 219.296 220.964
217.163 225.706 231.568
219.539 222.437 231.598
215.670 218.561 221.154
219.544 221.617 223.936
215.927 220.935 228.301
215.667 223.360 236.604
215.444 218.333 227.747
217.150 222.657 227.823
217.215 222.893 239.842
216.828 218.786 222.547
217.854 224.016 232.135
219.447 220.886 223.269
216.121 221.094 224.686
215.738 221.346 229.381
218.535 221.971 228.015
218.467 220.628 223.055
215.485 218.739 223.301
217.127 224.493 231.888
215.532 218.222 220.953
218.257 222.076 228.615
215.503 219.011 222.000
217.655 222.715 230.601
216.100 219.685 223.199
218.547 221.138 224.306
219.523 221.235 224.772
216.047 220.804 226.107
219.600 222.618 229.599
215.736 220.350 224.374
218.191 222.866 229.056
215.815 222.499 231.116
218.034 220.716 228.010
215.912 221.036 223.550
219.277 221.527 223.769
217.187 221.443 228.147
217.276 221.662 229.120
216.944 225.785 255.372
216.442 220.837 224.230
216.999 219.274 223.228
216.772 223.839 233.026
215.360 219.596 227.965
216.905 224.069 227.644
215.493 222.260 231.710
216.871 219.434 223.065
218.461 220.701 224.381
215.750 219.624 223.218
220.376 222.176 223.869
217.420 220.591 224.884
215.568 218.356 221.638
218.121 221.314 229.171
218.258 223.143 228.156
216.817 220.272 222.072
215.610 218.971 220.898
217.966 219.374 221.601
217.511 219.105 221.046
221.584 223.563 228.036
218.107 221.541 226.196
215.695 217.684 220.305
220.372 225.856 229.958
219.665 224.986 229.537
219.462 221.835 223.615
217.195 218.469 220.462
217.082 220.771 228.872
215.613 219.045 227.089
215.367 218.656 222.893
216.412 220.386 228.901
218.411 219.824 221.207
216.418 223.797 230.236
215.809 220.776 226.889
217.865 221.969 232.122
220.883 222.368 223.723
217.938 220.214 225.724
216.722 220.087 224.322
217.191 218.533 220.382
215.553 219.946 228.869
216.918 219.211 223.159
217.001 222.038 231.844
216.987 218.716 219.748
215.904 218.468 223.165
215.530 220.825 228.617
215.532 221.170 231.779
215.423 219.893 231.903
219.218 225.310 235.283
215.367 221.307 227.970
215.696 221.203 231.520
215.641 218.659 223.181
215.860 226.926 237.108
215.502 218.695 220.921
215.666 222.214 228.900
217.941 220.334 224.137
215.516 218.993 221.776
217.058 222.655 232.957
217.010 222.236 231.826
219.769 221.534 223.215
215.453 218.111 220.646
216.711 218.143 223.227
216.714 218.798 220.473
215.473 217.864 220.622
217.024 220.400 223.324
215.900 219.224 220.705
215.500 218.653 223.161
215.613 220.787 228.722
216.964 221.163 228.879
217.866 218.823 220.886
216.983 223.535 231.639
216.926 220.798 228.065
215.616 220.532 223.382
217.775 219.329 220.841
216.855 221.729 231.511
215.654 220.944 223.328
216.887 220.559 227.693
215.487 218.561 223.045
216.791 218.088 220.494
218.644 221.830 228.900
215.467 217.619 220.844
216.979 221.980 232.010
217.726 219.181 220.253
216.770 218.179 220.831
220.193 222.784 229.147
216.981 218.978 220.816
215.633 219.201 220.681
216.807 220.141 223.265
215.650 220.889 229.356
216.900 219.311 223.178
215.491 217.584 220.285
215.495 222.351 231.289
216.703 220.752 227.841
215.421 218.676 222.941
216.994 220.929 223.197
215.312 218.749 222.907
217.940 219.664 220.793
215.459 217.886 220.793
215.494 218.359 222.998
215.429 218.074 220.798
215.813 220.427 223.206
215.547 220.432 227.886
216.814 219.898 223.098
219.595 220.791 223.301
215.670 218.439 220.920
215.502 219.843 231.611
215.381 220.000 223.243
218.320 221.094 228.093
219.237 222.413 231.780
216.916 220.421 227.650
216.714 220.950 228.017
218.146 222.050 228.932
218.133 221.721 228.814
216.943 223.555 228.805
215.343 218.370 222.934
216.868 220.895 223.220
215.572 219.318 223.268
216.751 220.237 223.245
216.969 221.628 231.572
215.386 217.063 219.386
215.457 218.129 219.621
216.868 219.359 220.852
215.509 220.506 227.829
215.461 218.593 222.987
215.196 218.234 223.308
218.178 220.709 222.945
216.804 218.055 220.483
215.446 218.300 220.747
219.289 219.921 220.912
219.243 223.550 231.722
215.310 220.271 230.729
215.596 219.787 223.223
215.524 217.812 223.014
216.844 218.795 220.263
215.718 221.481 228.822
217.738 223.469 228.112
217.891 220.807 227.834
215.409 216.773 220.452
215.397 220.288 223.232
217.891 221.710 227.774
216.989 221.314 228.746
220.201 225.773 231.465
215.534 217.890 219.474
218.267 219.447 220.556
216.698 219.046 222.935
215.422 220.888 228.865
215.646 221.809 231.714
215.604 221.927 228.761
215.620 219.787 228.903
216.821 218.853 223.104
216.802 221.926 231.964
216.869 218.646 220.748
218.167 220.304 223.246
219.141 222.960 231.609
216.849 218.895 220.250
220.577 224.447 234.152
216.831 221.493 227.783
215.410 220.356 231.678
216.903 218.711 223.155
216.803 220.755 228.899
219.325 221.906 223.068
215.443 217.525 220.595
215.335 222.590 228.152
216.961 221.991 231.572
219.429 222.617 231.770
216.935 218.659 220.793
215.565 219.820 223.237
215.850 218.536 220.927
215.315 221.394 228.787
219.223 220.609 223.060
218.222 219.923 223.367
217.824 219.919 222.951
218.193 219.717 223.201
216.872 218.070 219.311
218.350 223.327 231.555
216.738 218.377 222.894
216.673 221.271 227.922
215.550 219.471 223.005
216.638 219.256 220.610
215.448 221.551 228.740
217.097 220.032 223.259
216.874 219.080 223.146
215.424 219.117 222.967
215.401 217.623 219.325
215.552 219.578 227.981
215.344 221.348 227.756
215.677 220.746 231.786
216.784 219.005 222.986
215.231 218.378 220.638
217.209 220.707 227.876
218.333 220.522 223.145
217.885 222.485 231.687
215.403 222.897 228.747
215.603 217.370 219.348
215.444 217.118 219.345
215.347 219.582 228.809
217.883 221.208 231.495
215.619 217.667 220.676
216.919 219.646 222.962
216.763 222.576 231.683
216.983 224.331 231.766
216.834 221.760 228.792
215.825 218.962 220.699
216.749 219.842 227.997
218.397 220.874 223.070
216.891 223.081 231.702
216.708 218.930 221.165
215.350 219.841 227.938
215.338 217.351 219.272
215.541 218.272 222.969
215.430 221.185 223.306
215.411 220.863 228.763
215.313 220.435 228.783
216.974 219.203 220.644
215.488 218.584 222.961
216.829 220.978 228.780
217.764 220.677 228.935
215.664 223.507 227.909
218.226 219.522 220.583
215.330 216.723 219.301
215.598 221.227 231.608
215.400 217.501 220.170
215.417 219.623 223.170
216.929 224.123 231.820
215.374 220.001 228.339
219.449 223.080 228.908
215.533 218.116 220.579
218.256 221.086 229.229
219.357 220.831 222.859
215.476 219.194 223.007
215.513 220.461 231.596
216.823 221.562 227.895
215.568 219.302 223.238
217.164 221.301 228.834
216.666 219.772 223.069
216.827 218.439 220.632
220.591 223.674 228.770
216.687 222.385 227.805
215.245 219.218 223.061
219.305 220.625 223.190
217.781 220.005 223.049
217.818 220.200 223.177
216.747 218.425 220.806
215.382 219.509 223.163
216.880 223.437 231.609
217.255 222.519 228.789
216.782 218.995 220.509
215.731 221.320 231.782
216.857 219.931 220.846
215.429 219.772 227.891
215.498 219.668 227.701
218.173 220.933 223.145
215.562 218.101 220.528
215.512 218.680 221.119
215.466 217.154 219.432
219.370 224.671 231.640
216.883 218.212 219.533
216.898 222.300 227.838
216.692 219.489 222.965
216.848 221.234 229.089
219.360 223.453 227.430
220.228 223.419 227.900
220.241 224.549 228.253
219.356 224.243 230.840
219.042 222.026 231.463
219.125 222.698 229.018
219.120 228.681 238.216
219.347 225.114 231.673
220.203 225.022 228.291
219.578 224.098 230.276
219.142 222.404 225.746
219.297 223.559 227.784
219.239 226.038 230.690
219.138 225.763 230.746
220.787 226.299 231.785
220.457 225.068 230.745
217.814 221.897 228.825
219.159 222.768 230.737
220.843 224.820 227.792
219.134 224.090 231.772
219.422 223.687 227.080
216.754 220.385 228.735
215.346 218.513 223.245
215.569 221.145 228.366
216.831 221.832 228.240
219.162 220.036 222.909
216.728 219.015 223.063
216.621 218.990 220.373
216.992 220.660 231.605
218.096 221.348 228.840
216.889 219.167 220.586
219.196 222.339 223.279
215.678 222.415 231.744
215.568 221.450 230.499
215.483 219.835 228.575
215.402 218.169 220.753
217.755 222.572 228.226
215.258 219.900 226.955
215.348 221.776 228.375
215.309 221.646 230.620
215.408 222.173 228.699
215.358 221.314 228.262
216.839 217.665 218.437
219.180 220.368 223.244
219.167 225.510 230.715
216.985 223.354 228.256
215.581 220.535 227.735
219.123 221.388 223.218
218.111 223.973 231.449
216.924 224.092 231.630
219.138 221.183 227.724
215.386 219.539 228.314
215.430 224.294 231.812
215.407 218.801 223.099
215.399 219.078 220.782
215.512 217.580 219.226
219.186 221.100 228.340
217.932 220.190 223.023
215.598 220.271 228.335
216.764 217.890 219.201
218.240 222.644 231.658
216.890 220.175 227.738
216.738 221.478 228.843
216.656 223.588 227.761
215.429 218.274 223.100
215.461 219.252 222.938
215.597 219.494 222.978
216.688 219.391 223.172
216.913 219.520 223.194
218.099 224.162 230.655
216.939 220.141 222.944
215.497 219.246 222.986
219.458 225.497 230.574
217.827 223.992 231.839
215.560 221.610 230.612
216.753 218.966 220.974
215.492 219.459 222.970
215.664 219.548 229.213
219.619 220.718 222.989
215.686 220.877 230.624
218.549 221.344 228.608
219.076 223.143 230.532
217.005 220.080 223.400
216.847 221.609 229.200
217.872 220.910 227.881
218.391 222.952 229.063
217.748 219.533 220.834
215.570 219.916 226.969
215.765 220.218 228.718
215.576 218.461 220.941
215.389 221.578 227.794
220.429 222.277 228.921
216.773 218.592 223.090
215.355 224.896 231.619
216.868 218.241 219.329
215.284 219.633 230.593
219.201 223.979 233.152
215.573 221.914 231.718
218.356 223.669 230.792
216.803 221.688 226.984
220.573 225.457 228.458
215.467 219.774 223.073
216.777 218.164 220.557
215.427 218.656 226.964
215.206 224.526 229.096
215.551 217.911 220.899
217.342 221.832 230.823
215.360 219.652 223.253
215.766 219.334 222.957
215.732 217.923 220.807
215.594 218.879 223.097
215.512 222.282 230.701
215.661 222.331 231.636
217.910 221.908 226.854
217.834 222.395 228.304
215.395 221.812 228.302
218.361 221.894 226.891
215.478 219.621 228.732
216.978 220.605 228.909
215.574 220.636 228.444
215.373 219.237 223.095
216.895 219.712 223.391
216.873 219.790 223.153
215.455 221.143 227.120
215.476 220.821 227.977
215.496 217.894 219.543
216.883 219.849 223.020
216.779 219.182 222.980
218.227 220.994 223.199
216.878 222.661 230.599
215.589 222.728 231.593
215.608 219.152 223.154
218.327 222.767 230.822
215.439 218.459 220.649
216.826 218.805 220.831
215.604 223.370 230.806
215.538 223.562 231.586
215.672 222.278 227.036
215.519 220.864 230.617
216.956 218.690 220.697
215.340 219.004 228.284
218.360 220.187 220.803
220.234 224.681 230.765
217.234 218.941 220.527
215.454 219.343 230.731
219.287 224.900 230.796
220.837 227.410 230.831
215.646 221.768 227.221
215.449 222.307 228.839
215.706 219.424 223.106
219.180 223.662 230.882
216.911 222.002 227.031
219.318 224.023 231.253
215.554 218.081 220.590
216.976 221.112 228.967
215.733 224.237 229.230
216.998 219.737 222.917
217.101 221.023 227.006
215.416 220.716 230.583
215.512 223.353 232.021
217.866 222.388 228.353
215.337 219.791 223.290
215.424 220.393 227.818
216.823 221.535 227.003
215.564 224.874 242.204
216.790 221.360 231.671
215.482 221.510 228.008
216.867 222.438 227.727
215.723 220.860 230.602
216.768 219.258 223.134
215.458 216.450 217.221
215.389 219.877 226.959
215.629 219.822 222.990
216.826 218.826 220.721
215.391 218.531 222.930
217.848 222.223 228.025
220.554 223.301 229.140
215.486 219.417 222.997
215.532 218.234 220.410
219.092 223.080 230.588
215.675 223.537 227.732
215.197 219.898 228.802
215.479 217.730 219.478
216.956 219.800 228.798
218.043 223.039 230.589
220.606 222.061 223.030
215.597 217.523 220.960
217.209 224.199 231.596
215.479 218.044 219.521
216.894 221.840 226.935
215.331 219.161 220.748
215.581 219.645 227.956
216.987 218.307 219.467
215.622 220.598 227.972
215.667 220.817 228.760
215.658 220.208 227.799
215.844 219.799 229.027
217.905 221.112 228.393
215.459 219.708 228.991
219.315 220.472 220.893
215.565 218.348 222.928
215.382 219.356 226.983
215.740 217.962 220.947
216.968 223.525 231.855
217.966 223.376 231.833
219.168 220.123 220.797
216.844 223.014 231.797
216.922 220.846 231.513
215.645 222.766 231.513
219.159 222.625 228.504
217.111 222.862 230.639
217.902 221.709 228.800
217.042 219.020 220.972
215.433 218.797 223.160
220.207 226.735 231.653
216.766 221.162 230.737
215.544 222.391 229.032
215.372 220.545 230.653
215.314 221.876 229.266
216.779 219.426 228.325
215.612 221.298 227.666
215.485 220.327 223.373
219.298 222.980 227.082
216.895 220.214 223.084
215.371 223.076 230.714
217.812 222.123 231.910
215.532 218.515 221.051
217.180 219.727 227.360
218.125 219.634 223.042
217.849 224.229 231.761
216.733 220.285 227.767
216.587 219.499 223.127
216.948 220.932 228.255
215.527 220.774 227.899
215.430 224.658 230.890
215.477 219.920 223.268
215.469 220.625 227.859
216.871 218.989 223.152
215.743 218.262 220.963
215.312 221.501 227.973
215.456 222.130 230.776
216.839 221.151 231.663
215.477 221.227 227.789
215.435 216.984 219.137
218.211 219.497 220.983
217.884 223.461 228.969
215.491 220.480 228.063
215.400 220.401 230.814
216.897 222.743 230.755
215.500 221.052 230.838
215.496 218.879 223.235
216.847 221.920 230.698
215.475 220.809 228.364
215.526 217.739 220.896
219.488 222.400 228.754
215.930 222.232 230.738
216.853 220.098 222.932
215.345 219.092 223.073
216.851 222.119 228.099
215.585 218.467 227.159
216.801 219.895 223.063
215.632 218.430 223.051
216.808 220.585 228.879
215.671 218.419 220.693
215.401 221.382 231.780
219.210 225.587 231.545
216.820 223.154 230.671
215.452 219.746 223.037
216.882 219.962 223.231
217.912 220.652 223.181
216.914 221.650 227.830
215.454 217.194 219.594
215.614 219.045 220.997
216.931 221.247 228.319
215.491 218.314 222.924
215.652 218.183 220.598
215.461 218.473 223.316
219.590 223.021 230.729
216.927 218.447 220.176
216.701 218.362 220.703
216.820 221.313 223.232
215.695 225.085 230.339
219.224 224.404 228.275
217.801 219.854 221.197
215.651 221.687 228.043
215.443 222.141 231.134
218.816 223.026 231.689
215.505 219.887 223.170
217.954 219.581 221.792
215.505 221.491 231.633
219.499 223.141 229.208
215.536 218.805 223.139
215.546 220.380 223.240
219.500 220.474 220.889
215.606 220.561 228.306
216.998 222.685 228.200
215.556 222.046 230.836
219.257 222.156 228.156
215.793 220.221 223.088
216.923 221.253 228.774
216.883 221.066 228.429
216.185 223.208 231.837
215.571 223.508 232.765
219.302 223.290 228.391
215.430 223.446 232.544
215.462 218.593 220.655
220.398 226.278 231.318
217.012 219.144 220.930
220.632 222.733 227.894
215.555 220.648 230.620
217.028 222.586 229.030
216.764 222.103 228.578
215.584 219.124 220.809
217.007 224.285 235.475
215.824 220.033 228.852
215.481 218.239 220.959
215.785 218.081 223.510
216.707 220.906 228.435
219.423 224.500 232.055
220.731 226.375 236.791
218.440 226.668 248.002
217.855 219.832 220.791
219.464 226.292 230.726
215.698 225.587 231.860
216.939 219.001 223.194
215.545 220.078 228.047
216.966 219.214 220.806
219.317 222.656 227.134
217.235 219.910 223.277
217.867 219.346 223.276
216.883 218.315 220.613
215.424 218.119 221.270
218.111 221.975 227.111
215.573 219.720 228.462
215.555 223.047 232.028
219.285 222.115 228.044
215.494 219.143 228.030
215.688 221.045 228.368
219.624 220.408 221.105
217.024 219.861 223.027
220.541 225.798 231.635
219.445 224.361 230.708
219.591 223.410 232.025
215.499 221.745 227.801
217.206 221.892 223.205
217.573 220.493 223.342
215.875 221.608 231.113
215.747 221.816 230.827
217.937 221.778 228.450
219.489 224.576 227.800
217.384 222.593 232.492
216.621 220.231 228.597
215.702 222.172 230.757
218.701 226.816 230.810
218.235 223.263 231.651
218.348 221.803 230.924
215.604 218.639 222.855
217.260 220.040 221.471
216.855 221.308 228.239
215.738 221.752 228.455
215.619 220.354 228.534
215.626 222.893 230.804
217.384 223.555 230.089
217.197 221.965 231.417
219.403 221.991 227.108
217.326 219.055 220.731
216.273 219.261 220.902
217.870 221.843 228.189
215.603 219.413 223.589
215.703 220.750 227.306
216.571 219.609 227.819
215.805 221.550 227.108
215.677 219.272 221.870
215.401 219.292 224.841
217.585 219.120 220.868
215.620 217.857 220.637
220.069 222.475 228.895
217.468 223.375 231.956
216.412 223.619 231.612
216.848 222.780 227.265
215.624 219.601 223.216
218.838 223.032 229.134
216.029 218.881 223.937
216.982 221.210 231.286
215.673 222.065 223.942
215.582 225.048 235.430
219.404 222.598 228.551
215.780 221.063 227.965
216.274 218.568 221.050
219.392 224.562 228.783
216.334 221.552 230.893
217.799 222.298 229.511
215.716 219.077 223.404
218.580 223.316 228.841
215.541 219.256 223.225
216.121 221.547 230.846
215.997 221.362 227.131
219.904 227.544 248.471
219.100 222.914 230.856
217.086 221.184 228.040
215.474 218.728 222.908
220.310 222.313 228.204
215.549 220.634 228.590
218.004 222.805 227.248
215.548 222.395 229.174
216.788 220.891 230.291
217.126 218.459 220.380
217.033 221.829 228.461
217.069 218.517 220.724
215.680 221.635 231.752
216.865 223.356 232.363
217.036 219.584 223.603
218.696 222.281 227.085
215.485 220.606 228.128
218.256 221.583 229.061
217.025 221.783 229.020
217.334 221.044 227.868
216.865 221.581 228.947
217.177 222.186 229.007
218.152 219.790 220.688
215.491 220.704 227.837
215.893 222.492 231.529
215.454 220.367 228.026
217.123 219.734 223.310
215.661 219.863 223.937
217.039 221.405 228.705
217.185 223.413 235.538
217.315 223.152 228.234
216.751 219.985 227.845
216.874 222.413 228.004
215.590 221.365 228.884
215.957 222.689 231.932
215.365 219.809 228.218
217.118 221.342 228.837
217.100 221.448 227.002
219.557 224.788 240.022
217.148 219.233 220.813
217.037 221.442 228.007
215.811 223.779 230.713
216.008 218.160 220.396
223.077 227.729 231.163
219.482 224.996 233.916
219.255 221.730 225.226
217.102 221.433 227.890
219.553 227.726 238.884
216.964 219.663 221.306
215.496 222.494 229.043
215.503 222.212 230.762
215.692 224.174 231.929
219.220 221.742 230.789
215.968 221.180 228.096
215.733 222.001 228.343
216.902 219.820 223.244
215.551 217.828 219.311
217.874 225.382 248.244
215.455 217.938 220.680
216.879 222.431 231.805
215.478 218.577 220.871
215.644 225.002 244.995
217.090 219.114 220.577
215.637 219.793 229.111
216.829 220.192 223.290
218.370 224.414 244.233
218.020 223.619 231.584
216.291 217.422 219.403
215.578 220.467 231.643
217.079 224.688 233.096
217.065 221.846 228.847
216.832 221.877 228.270
219.498 220.838 223.297
215.612 223.261 228.636
216.056 221.214 227.847
218.358 223.622 230.878
215.548 221.405 228.127
217.689 220.073 223.232
218.313 222.713 228.477
219.398 221.960 227.117
219.358 222.231 229.400
218.823 224.505 229.121
216.961 223.719 232.084
218.362 223.000 230.758
216.244 218.708 220.344
219.824 221.407 223.394
215.486 220.249 228.060
215.418 223.837 231.886
215.709 217.291 219.203
215.561 218.663 223.251
215.814 220.739 231.434
215.221 219.636 222.504
216.864 221.071 229.038
215.453 221.975 230.584
216.711 219.386 223.064
219.253 220.253 220.971
215.581 220.422 232.283
215.753 219.558 222.874
216.902 218.935 223.378
216.915 218.741 221.273
215.998 220.712 228.052
216.975 218.502 220.806
216.166 220.331 227.141
215.442 223.038 228.752
215.804 220.546 228.430
219.626 222.022 228.338
215.711 218.225 220.603
215.631 222.996 230.993
219.534 225.921 230.752
219.498 220.759 223.963
216.801 223.381 231.789
216.888 219.485 220.605
218.077 223.623 229.112
216.840 221.235 227.975
219.317 225.918 234.069
215.443 219.622 228.978
220.217 224.760 231.278
215.751 220.465 227.184
215.485 224.360 231.989
217.146 223.188 230.802
216.893 221.720 231.708
219.333 221.914 227.714
215.780 218.712 220.757
215.744 220.892 228.354
215.573 219.110 223.417
215.482 220.462 228.805
215.534 218.260 221.103
215.642 219.159 221.038
215.514 219.790 227.840
218.330 219.852 220.907
218.340 220.383 223.324
215.807 225.777 237.610
215.475 219.424 228.331
217.916 221.601 227.248
215.642 219.340 223.165
219.711 223.315 228.503
215.495 222.474 229.694
215.968 220.116 223.185
215.718 222.684 231.846
215.575 220.076 228.613
217.003 220.844 224.178
219.493 222.456 230.949
218.143 221.067 228.484
215.413 218.687 223.254
215.715 220.126 227.782
215.756 220.572 227.993
216.532 222.813 229.066
215.498 223.277 228.006
215.672 219.475 223.406
215.613 219.043 223.169
219.161 223.560 228.051
215.660 220.463 231.730
215.822 221.573 231.829
217.928 219.845 220.798
216.968 218.220 219.642
215.377 221.112 228.722
215.626 218.027 221.020
220.648 222.348 227.227
215.608 218.865 224.259
214.849 218.288 222.218
220.095 225.593 229.485
242.491 246.422 251.471
243.927 245.271 247.265
242.306 244.626 246.981
242.609 247.582 255.496
242.358 246.449 249.922
242.073 245.332 249.720
245.033 246.599 247.608
242.131 248.595 257.283
242.523 246.146 254.485
242.268 247.382 257.367
241.970 246.570 249.868
244.504 250.434 257.469
242.399 245.747 250.208
245.813 250.635 254.753
243.542 250.957 258.401
247.552 252.821 258.704
242.483 250.252 257.656
244.207 275.892 329.129
243.656 284.720 419.333
243.875 249.407 256.940
244.010 254.723 278.512
246.079 250.553 257.323
243.070 250.660 270.095
244.098 249.475 255.608
242.703 261.228 311.116
245.966 254.372 259.476
242.101 250.272 257.479
243.924 248.660 260.221
242.182 248.130 257.954
242.793 244.392 246.679
243.404 256.029 269.599
242.006 246.847 261.309
245.888 251.007 257.553
247.039 250.380 254.923
242.150 243.718 244.600
243.435 251.084 258.200
243.510 249.139 258.286
242.050 247.193 257.038
242.226 248.404 255.702
242.007 249.097 259.197
243.982 247.518 254.454
243.399 245.467 250.407
242.636 245.796 249.895
242.183 251.351 270.105
242.070 248.604 255.036
242.179 251.164 270.583
242.083 243.212 245.895
246.099 252.900 258.380
247.251 254.240 264.231
241.974 244.640 249.789
242.106 247.909 257.328
242.207 246.888 249.814
244.465 248.388 257.453
241.973 248.161 258.325
246.152 252.615 258.008
242.135 245.242 248.616
241.980 249.619 257.338
244.867 253.489 272.869
242.181 245.004 249.551
243.478 247.769 251.193
244.508 248.232 249.868
243.474 249.034 254.544
242.010 247.343 257.317
242.124 249.765 257.410
243.494 245.763 249.893
242.438 248.110 255.150
242.668 245.371 247.357
243.560 244.963 250.061
242.122 245.038 248.923
243.615 251.067 255.193
245.998 247.742 250.299
243.407 249.405 254.501
245.881 249.749 254.905
242.353 246.630 255.058
242.148 249.245 257.336
242.270 244.877 249.577
242.049 245.323 253.602
243.448 248.926 257.286
243.635 248.207 254.615
243.522 248.562 255.232
244.562 247.219 249.823
243.497 245.398 247.228
243.584 246.017 249.599
242.027 246.385 251.179
242.093 247.447 255.005
242.090 245.089 247.558
245.889 249.432 258.428
242.041 243.463 247.103
242.121 247.777 253.723
242.262 244.324 246.877
242.074 248.112 257.320
242.028 243.896 245.960
241.996 244.712 249.970
243.589 246.564 254.960
242.041 249.273 257.290
243.459 249.638 258.241
242.161 246.868 254.474
246.098 248.059 254.519
242.083 248.117 255.334
242.357 249.305 257.424
242.065 246.198 249.746
242.865 247.627 249.926
244.524 247.477 253.883
242.093 245.593 250.390
245.882 249.289 255.427
243.616 245.856 247.510
242.050 245.779 249.700
242.337 245.454 249.595
245.780 252.314 258.299
246.191 252.757 257.527
242.196 244.847 249.962
243.413 245.644 247.513
242.265 247.877 257.816
242.158 244.708 247.424
242.104 246.487 253.758
243.764 247.290 253.563
242.236 246.849 255.257
242.142 245.752 247.470
242.110 246.524 255.039
243.628 246.906 249.626
242.065 243.117 245.941
243.395 245.758 247.428
242.161 247.529 254.981
242.101 244.845 249.855
242.049 245.743 249.771
242.073 245.209 247.471
243.461 249.820 257.287
244.414 247.607 254.546
243.468 247.714 258.193
243.515 246.468 249.742
242.140 248.209 257.252
242.018 244.361 249.805
242.075 249.198 257.252
244.403 248.196 253.644
243.572 246.708 249.775
241.974 247.315 255.373
243.496 250.729 255.455
243.474 247.335 255.609
244.435 248.143 258.297
244.704 250.977 255.050
244.623 250.083 258.240
244.418 248.138 255.706
243.682 249.273 258.249
243.733 247.842 249.869
242.002 251.408 257.284
243.823 251.786 255.525
245.990 249.717 255.616
242.014 243.971 246.237
244.404 248.460 253.580
242.091 243.453 247.313
245.833 251.323 255.133
242.303 248.770 258.308
242.307 248.370 255.013
241.948 244.392 246.780
243.338 247.760 257.342
247.362 252.477 255.636
242.291 249.641 257.290
242.018 247.569 258.369
244.437 246.120 249.931
242.014 251.257 258.381
242.080 244.532 247.347
242.340 250.432 258.279
243.534 248.162 257.422
246.137 251.330 255.425
242.032 249.535 257.316
245.939 249.938 257.409
242.043 244.857 249.863
246.134 249.252 254.726
242.132 247.941 258.203
242.179 244.495 247.459
243.551 246.283 249.853
242.044 247.035 253.679
242.228 245.362 247.670
242.079 246.556 255.201
242.055 245.531 249.563
242.360 250.402 258.259
245.781 250.956 257.242
243.496 245.599 249.691
242.249 246.832 253.880
243.690 245.503 246.076
248.038 253.386 257.324
245.034 245.901 247.321
244.496 248.926 255.015
242.192 245.296 247.413
243.361 245.418 247.234
244.483 249.116 258.883
242.093 247.547 255.551
243.508 246.253 249.841
243.524 248.211 257.239
245.956 248.440 254.337
242.345 245.753 249.570
242.086 249.495 254.945
243.534 250.107 258.367
244.412 246.188 249.730
246.342 250.888 258.410
242.365 248.479 254.037
243.330 246.865 255.450
242.034 243.867 247.259
243.413 245.756 250.010
243.621 246.342 250.050
242.262 248.319 254.660
242.346 247.664 256.056
243.527 245.441 247.579
242.306 249.677 255.388
244.771 251.741 255.028
242.312 244.908 247.484
243.397 248.380 258.353
243.501 247.109 254.697
241.916 250.652 257.242
243.510 247.316 254.746
246.024 252.799 255.438
243.433 248.207 254.975
244.858 247.736 249.600
243.454 246.283 249.767
242.189 245.291 247.802
242.023 246.158 254.523
243.613 250.049 257.361
242.170 248.173 258.272
242.041 247.709 257.364
243.747 250.238 258.375
242.147 247.440 249.756
242.030 249.239 258.417
243.437 251.983 257.333
244.648 249.191 254.987
242.051 244.853 247.152
242.252 246.049 257.442
242.271 246.829 254.482
243.427 247.198 249.723
243.541 247.795 257.266
242.069 246.907 258.458
243.402 247.450 253.546
242.579 247.210 250.411
243.342 248.583 258.377
242.906 246.271 250.209
243.425 247.812 258.313
242.115 243.693 245.897
242.587 245.533 247.260
243.569 248.057 257.300
242.038 246.996 254.960
242.047 243.696 245.975
243.520 250.000 257.315
242.111 247.382 250.103
242.236 245.885 249.771
246.008 249.172 256.126
243.942 248.417 254.656
242.268 246.559 257.695
242.031 246.376 258.254
244.488 247.544 254.514
243.507 248.584 255.701
243.420 243.710 244.491
242.246 246.679 254.476
243.791 249.537 254.963
246.096 250.487 257.374
242.157 250.061 255.003
242.356 245.077 247.002
243.514 245.711 249.602
243.469 249.973 257.229
243.500 250.745 255.522
242.197 245.860 253.637
242.048 247.259 254.507
241.981 248.831 254.833
243.355 247.179 254.418
243.527 246.293 249.625
242.041 246.456 254.953
242.261 247.450 255.397
244.874 247.646 254.580
242.277 252.160 258.189
242.464 246.157 254.387
242.009 246.913 254.994
242.093 250.921 258.254
242.224 246.795 257.270
242.334 246.753 255.768
242.347 247.124 256.107
245.020 247.797 254.212
242.265 245.925 249.659
243.388 248.561 253.522
242.104 249.371 256.639
245.943 248.530 254.399
243.407 248.753 254.348
242.089 244.772 247.667
247.213 252.104 258.256
242.079 249.655 257.211
244.631 246.273 247.463
245.819 247.690 249.683
243.436 248.316 255.425
242.161 244.280 246.055
244.145 249.981 254.325
243.614 249.819 258.611
242.171 246.852 257.485
242.216 247.685 254.342
244.833 247.509 249.790
245.941 249.678 254.351
244.410 250.505 258.128
242.084 246.037 254.633
242.230 246.638 249.768
244.440 250.949 254.977
243.434 245.316 246.919
242.061 250.875 258.236
243.510 245.345 247.679
243.570 249.739 257.355
242.050 246.873 255.545
242.066 245.855 247.603
242.187 246.999 257.502
241.962 248.107 258.234
242.194 247.140 255.021
246.054 251.197 267.453
245.812 252.005 257.270
242.503 247.720 258.121
242.304 250.271 255.755
246.062 248.990 255.026
244.571 247.650 254.820
244.617 247.889 253.631
244.500 248.247 258.364
245.695 246.085 246.989
243.519 246.973 250.094
242.014 244.609 249.790
242.058 248.342 255.446
244.347 245.108 246.581
242.866 248.697 255.124
243.408 249.340 258.233
243.711 246.593 249.822
242.541 247.280 258.503
243.343 246.517 249.700
242.116 245.526 254.557
242.190 247.957 257.378
243.427 248.443 257.465
246.100 250.747 257.341
244.501 249.412 255.525
242.295 245.800 247.819
243.661 246.963 255.607
242.243 245.301 249.855
242.120 248.154 258.405
242.383 250.274 257.490
242.189 248.473 255.567
243.456 246.241 249.651
243.423 247.216 249.639
243.473 246.126 247.817
242.734 244.864 246.963
243.485 246.387 254.475
243.919 246.190 247.414
242.074 245.682 249.629
245.035 248.105 257.554
242.028 247.598 258.415
247.427 251.502 255.765
243.778 250.390 258.541
241.938 248.237 255.030
243.649 251.353 254.992
246.489 250.346 255.613
243.375 246.343 249.566
242.077 247.384 254.930
242.013 247.180 254.425
242.040 246.957 255.344
242.142 247.253 253.638
245.707 249.159 254.598
242.169 248.117 254.983
241.997 246.810 254.346
242.101 251.104 257.307
243.378 247.696 254.584
242.137 248.732 258.175
244.412 245.473 246.825
247.193 247.875 249.817
242.039 245.979 253.637
243.960 249.415 258.104
242.122 245.448 249.703
243.438 250.691 257.337
243.540 248.464 254.461
243.351 246.622 249.837
243.371 244.680 246.891
242.049 248.950 254.958
242.034 247.231 257.558
242.057 247.574 258.193
243.418 250.065 255.496
242.063 247.621 255.535
245.895 249.132 255.435
243.641 246.090 249.337
243.448 244.906 246.918
242.007 250.146 254.976
242.055 245.179 253.596
242.168 246.116 249.613
242.213 249.899 258.187
245.837 251.514 257.250
242.049 247.497 254.636
244.432 248.634 258.220
243.456 247.291 254.571
243.359 247.479 253.643
241.975 245.454 247.378
243.332 245.244 247.300
242.040 244.828 249.724
243.520 245.839 247.540
241.946 249.652 258.137
242.105 246.941 255.279
243.306 249.622 257.237
246.285 247.105 247.415
245.885 248.837 257.206
245.808 250.318 255.601
242.125 246.822 254.447
242.045 242.630 243.520
242.077 249.078 255.737
243.359 246.812 249.913
243.696 249.522 257.258
243.703 249.276 257.312
242.069 243.170 247.306
242.223 247.287 257.263
244.696 246.962 249.754
242.296 245.895 249.760
242.159 244.613 247.348
242.106 243.392 245.772
242.061 244.667 247.064
244.950 249.743 257.297
243.472 245.081 247.422
245.803 249.236 254.502
242.023 246.875 254.560
242.091 246.609 257.265
245.750 249.145 257.198
243.403 248.650 255.649
243.584 245.071 246.166
242.255 247.438 249.828
242.150 243.765 246.128
242.053 242.995 244.999
243.706 248.725 254.961
242.095 248.548 257.285
244.576 249.715 254.997
242.066 244.741 250.042
243.530 249.919 259.641
241.967 244.205 247.500
242.241 248.167 254.785
242.258 246.266 250.001
241.999 243.915 247.231
243.396 246.195 247.420
242.088 246.669 254.960
244.383 247.011 254.420
242.032 246.168 249.601
242.034 245.303 254.962
242.059 245.146 249.794
242.119 247.560 256.611
242.855 244.918 247.368
245.050 249.566 258.324
242.046 247.130 254.450
242.010 247.331 254.389
242.102 245.347 247.488
245.652 250.663 257.260
245.868 249.035 255.482
242.590 249.548 257.352
244.502 249.890 254.379
249.696 254.404 257.560
246.121 251.487 258.228
242.224 247.574 254.951
242.226 245.260 247.027
243.410 250.682 254.964
242.422 245.750 249.738
245.816 252.585 257.316
242.420 248.204 255.448
242.250 246.098 247.496
242.085 246.060 249.783
242.117 243.919 245.907
241.985 246.184 249.779
243.537 249.195 257.284
242.192 246.283 255.007
242.097 243.860 246.080
242.063 244.965 249.656
246.413 250.167 253.660
243.354 245.283 247.447
243.428 248.802 255.046
243.699 247.281 249.779
244.431 249.219 254.908
245.860 252.654 258.322
247.373 251.230 257.210
243.508 249.742 254.604
245.749 247.749 254.383
243.421 246.360 249.635
244.403 250.014 255.442
242.152 248.163 257.304
242.021 246.276 249.863
243.506 247.505 253.673
243.377 245.814 247.153
242.007 249.115 258.107
243.421 244.791 249.689
243.346 245.140 247.206
242.004 243.379 247.093
242.197 244.487 247.436
246.820 249.505 254.457
244.754 248.439 255.409
245.851 249.148 257.374
242.191 247.362 255.418
242.044 245.758 257.257
246.912 250.256 255.019
244.542 248.177 255.540
242.298 247.667 254.587
242.164 246.193 249.848
242.264 246.718 253.694
243.403 246.789 253.588
244.881 251.247 254.918
245.749 248.235 254.675
242.002 248.390 258.239
242.244 245.229 247.447
242.313 248.781 257.352
245.867 251.511 257.311
244.936 251.396 258.262
243.404 249.866 255.084
244.801 254.616 258.394
245.847 248.312 254.570
247.499 251.938 258.310
242.049 246.232 254.926
243.360 245.187 247.485
242.185 246.929 253.525
243.338 247.137 249.893
244.451 249.074 257.363
242.137 247.152 255.454
243.459 247.816 255.379
242.119 246.217 253.691
242.024 248.439 257.579
245.902 252.586 266.671
245.109 249.799 254.958
243.478 247.520 258.297
242.129 248.924 254.547
242.097 244.710 247.430
243.333 245.663 247.471
242.112 244.901 247.409
242.065 245.089 247.451
242.821 246.487 249.683
242.071 246.699 249.637
242.299 248.058 257.388
243.370 246.267 247.418
243.781 248.129 257.400
242.187 246.468 254.474
244.664 247.957 250.400
244.427 246.570 247.448
243.781 248.548 254.871
242.186 248.063 254.993
244.400 249.996 258.171
243.449 248.234 254.565
243.764 247.926 252.951
242.073 244.706 247.370
243.481 246.822 250.077
244.238 245.914 247.659
244.619 248.896 254.953
245.880 250.252 255.384
242.271 251.547 265.200
245.903 248.557 253.637
242.065 248.060 257.305
242.101 249.817 258.882
242.055 246.418 253.615
242.068 244.882 248.119
243.619 248.224 255.681
243.714 249.098 254.630
242.120 246.439 254.526
242.050 249.133 254.915
242.253 248.034 258.351
243.559 246.473 249.706
246.016 252.607 269.734
245.924 254.520 263.498
242.081 246.643 255.310
242.889 246.697 254.548
248.226 251.232 253.724
243.524 248.850 254.985
243.368 248.242 255.651
242.356 247.433 253.904
242.090 246.487 254.785
242.179 247.866 255.010
243.358 246.977 253.636
245.782 248.887 257.336
245.862 247.292 249.901
242.449 250.049 258.313
245.181 248.299 256.892
246.935 249.992 258.579
243.524 250.779 258.546
242.073 246.655 249.723
242.265 246.370 254.746
243.227 249.191 258.106
243.518 249.730 257.473
246.375 251.039 255.104
242.255 245.303 249.931
242.318 245.990 247.542
247.218 254.863 271.313
245.981 250.752 254.921
243.520 249.101 255.665
244.958 248.557 254.653
243.361 250.028 267.256
250.223 255.329 260.741
242.093 247.432 257.441
242.184 245.454 249.686
244.915 248.408 253.683
242.080 247.168 253.799
242.710 248.273 257.965
243.649 246.264 247.656
256.279 261.091 269.476
243.465 245.773 249.781
247.128 252.539 265.921
242.549 251.983 258.635
242.764 248.788 255.486
243.506 245.278 247.380
243.463 251.086 258.567
243.380 258.554 278.083
242.152 244.210 247.415
242.192 248.208 255.005
242.130 249.604 263.500
242.143 246.743 255.875
242.286 248.375 258.145
242.500 246.369 253.660
242.348 250.069 257.519
244.937 248.798 258.380
245.444 247.633 255.046
246.229 247.519 249.787
247.149 251.836 258.605
242.485 244.720 246.385
242.446 247.480 257.712
242.422 245.593 247.868
244.735 254.710 274.130
242.132 245.363 250.719
242.175 247.414 253.614
243.521 249.478 257.383
243.636 245.967 247.588
243.666 246.856 249.646
249.658 252.726 255.117
242.170 247.833 257.313
243.484 247.471 250.095
243.520 247.862 257.459
243.518 252.769 257.228
242.142 247.670 258.254
243.491 246.161 249.723
242.235 245.996 255.783
242.214 247.640 257.302
249.839 254.456 260.296
242.349 248.263 259.633
246.165 252.070 257.387
246.313 249.644 257.332
243.757 248.027 254.394
242.347 246.726 249.700
242.271 248.724 255.500
244.040 247.884 250.048
242.124 244.471 248.335
242.903 246.858 254.935
243.641 250.441 255.438
243.377 245.016 247.505
242.282 244.430 247.868
245.881 247.050 247.619
242.346 249.227 255.622
244.782 250.410 258.439
243.488 247.681 257.398
242.676 245.745 250.034
242.392 246.406 250.074
243.731 245.548 247.003
243.615 248.293 256.182
246.181 250.903 258.236
243.543 246.459 255.073
246.019 249.857 256.216
242.058 244.188 247.305
242.082 246.361 249.877
242.296 252.270 258.303
243.502 245.544 249.931
242.451 248.386 258.478
243.750 252.906 257.430
243.373 249.284 258.578
242.353 245.741 249.663
242.060 249.315 254.546
243.679 248.878 255.763
242.265 246.686 254.459
243.524 245.472 247.830
242.404 246.583 249.815
243.825 249.653 257.608
242.220 245.896 254.055
242.063 245.698 249.721
242.260 246.663 255.035
243.512 249.838 255.304
243.767 248.676 255.163
242.230 249.157 264.121
245.176 250.646 258.202
242.532 248.824 255.006
243.940 248.846 255.236
244.849 250.938 258.162
242.100 247.485 258.191
242.204 244.294 246.203
243.370 250.240 255.236
243.466 248.720 257.449
245.813 246.027 246.172
242.252 248.022 258.470
243.555 246.011 250.021
242.090 248.705 254.425
242.332 246.164 255.429
242.126 245.633 249.532
242.041 247.398 255.491
243.585 251.430 257.425
242.115 249.493 256.172
244.459 250.764 257.489
247.303 247.893 250.056
242.256 245.901 253.698
242.094 246.901 254.529
242.004 245.377 247.646
244.495 249.853 255.374
243.601 244.925 246.150
243.522 247.665 254.380
242.121 247.063 255.172
242.172 245.748 249.716
242.376 244.781 247.345
245.009 249.211 253.843
242.422 247.960 258.202
243.497 245.269 247.092
243.598 249.167 258.443
243.537 245.864 247.178
243.787 250.501 254.806
242.123 246.956 254.488
242.080 243.859 247.244
243.643 248.485 257.295
243.602 249.839 258.312
242.039 243.535 246.996
243.560 248.807 254.656
244.522 247.958 254.494
245.136 251.187 255.478
244.581 255.610 284.404
242.199 246.623 252.720
242.054 245.087 247.293
245.971 249.485 258.282
242.317 250.782 257.681
245.770 246.838 247.625
243.558 247.609 255.731
246.155 248.131 253.643
242.275 253.763 257.433
242.236 250.544 258.657
242.469 246.025 254.682
245.835 253.191 265.257
243.553 248.630 254.719
242.052 246.064 249.642
245.321 248.465 255.113
242.161 249.785 255.533
242.300 247.590 256.821
247.245 250.406 257.382
243.613 247.586 254.030
242.097 247.055 255.499
245.968 247.410 249.742
242.102 249.205 254.404
242.223 246.901 258.174
243.438 250.871 258.347
243.637 248.786 255.190
242.091 249.513 258.249
244.736 248.475 253.984
245.887 249.564 254.654
245.834 252.575 259.378
242.553 247.205 253.783
243.348 248.033 257.370
242.258 245.559 249.869
242.057 249.075 257.248
243.855 248.875 254.443
246.849 249.668 253.586
242.170 245.821 255.094
243.696 248.951 254.427
245.845 249.697 257.379
244.530 251.361 255.102
244.825 246.687 249.673
242.284 252.081 257.387
242.336 245.881 249.843
243.529 249.093 255.945
245.110 249.797 257.346
247.758 249.922 255.334
242.168 245.118 247.861
245.980 247.612 249.654
242.530 247.742 254.499
246.223 252.316 259.483
242.258 246.913 249.843
246.248 249.380 257.260
242.728 244.991 246.282
245.015 251.703 260.558
242.264 246.818 257.340
243.658 249.972 258.982
244.158 246.963 249.985
242.122 248.025 254.985
242.122 250.299 257.530
242.186 245.472 254.560
242.212 255.135 281.501
243.599 248.686 257.422
245.845 252.233 266.158
244.453 250.079 254.802
242.120 246.089 254.123
242.153 245.603 247.505
242.270 246.761 257.499
242.104 244.063 247.320
242.141 246.633 250.386
245.938 251.405 255.688
249.945 253.747 255.458
242.070 247.604 255.210
246.370 248.811 254.917
245.079 251.372 267.050
243.523 248.332 260.251
242.309 249.666 255.123
247.576 254.506 263.097
243.475 248.043 255.516
244.532 246.482 249.779
242.078 245.539 247.714
246.380 253.821 257.545
243.507 248.820 253.853
242.229 247.018 254.939
244.470 248.005 254.498
242.408 245.420 247.011
242.269 250.718 276.043
242.170 250.738 258.151
242.262 247.727 255.539
242.483 245.946 247.587
242.287 246.701 254.449
245.833 251.791 258.410
243.386 247.722 253.565
245.915 251.576 255.076
242.186 247.277 254.751
243.779 249.098 253.821
242.092 244.234 245.928
242.144 248.645 260.490
242.305 246.861 250.056
243.782 252.151 258.852
247.166 249.960 257.406
245.980 249.902 256.630
243.630 250.964 258.312
243.549 245.764 247.320
243.643 246.126 249.760
242.161 248.171 255.669
243.426 248.765 257.372
243.511 248.231 254.839
243.587 246.376 247.533
242.062 246.392 249.974
245.991 246.335 247.247
243.417 247.396 254.985
243.418 246.474 254.562
243.770 249.258 258.299
249.760 252.367 257.359
244.536 248.639 254.700
242.134 247.674 257.329
243.493 246.291 254.741
243.707 247.761 255.760
242.207 247.582 253.798
244.363 245.849 247.530
243.424 249.581 259.570
242.125 251.782 260.356
242.068 246.748 257.258
242.164 247.568 255.034
242.276 246.106 249.712
243.397 246.035 249.744
242.250 246.118 249.827
241.954 247.203 249.844
243.359 247.216 254.893
243.717 247.619 254.458
242.116 245.500 248.418
242.003 243.964 249.946
244.901 249.392 255.567
246.975 253.410 258.353
245.867 249.407 257.273
242.255 244.477 247.615
246.169 250.467 255.585
244.510 250.385 258.364
244.510 249.701 257.324
242.276 246.940 254.377
244.459 247.314 255.028
244.421 249.449 257.227
242.106 246.850 253.901
242.169 248.132 258.227
242.159 246.795 254.802
241.978 244.930 250.094
243.424 245.448 247.304
243.657 249.063 255.058
246.093 248.787 253.615
241.971 248.440 258.371
243.503 249.705 257.351
242.218 245.439 249.713
243.674 247.729 255.698
242.991 245.513 249.690
241.995 247.989 254.596
242.050 249.741 255.158
243.402 248.231 253.662
243.518 246.884 249.812
244.625 245.999 247.442
242.030 246.122 257.204
245.921 252.670 257.393
243.421 244.661 246.051
246.074 251.263 257.343
243.477 248.252 255.550
244.893 247.095 249.771
247.279 250.745 257.311
243.465 248.809 254.958
244.509 250.718 258.474
242.023 250.818 258.202
242.082 249.554 257.342
242.039 248.684 257.955
243.585 246.685 249.865
242.018 245.688 249.689
243.510 250.777 257.259
242.231 246.507 249.790
243.638 246.239 249.714
241.978 250.845 255.102
242.343 251.007 258.170
246.017 250.033 254.931
241.914 244.361 247.169
242.102 245.742 247.645
243.535 247.046 254.630
243.090 251.176 257.348
243.392 246.665 254.543
242.090 243.676 246.208
244.806 250.073 258.476
242.258 250.257 258.151
241.963 245.332 249.920
242.076 245.223 249.835
243.399 247.961 253.615
245.019 248.241 257.333
242.212 246.866 253.632
245.929 250.073 257.288
242.211 245.988 249.868
242.037 244.675 246.786
243.522 246.283 249.649
241.994 247.653 254.641
243.758 246.011 249.840
242.001 245.845 249.696
243.405 247.064 253.669
243.367 246.553 249.657
244.488 249.261 255.442
242.084 244.791 247.488
242.195 251.222 258.205
243.564 250.017 258.989
243.330 246.638 254.461
243.474 251.614 257.246
242.325 247.719 254.383
242.189 247.001 257.755
242.051 248.167 266.749
243.508 252.670 255.462
242.080 246.943 254.460
242.125 248.738 257.428
242.084 247.650 255.639
242.084 246.828 254.374
242.024 245.744 249.830
242.270 248.236 253.732
243.398 249.496 257.347
242.079 247.360 255.441
243.398 247.224 254.681
245.842 253.254 257.216
246.165 251.580 257.387
242.092 249.966 254.461
242.220 244.978 249.632
242.188 249.950 257.559
242.056 245.116 246.832
243.412 246.649 254.356
242.054 247.231 250.460
243.657 248.141 254.909
243.463 246.163 249.684
242.058 247.482 255.336
244.820 246.553 248.305
244.490 246.578 249.585
242.145 244.816 247.381
243.354 255.141 264.478
243.759 248.552 257.358
244.599 246.481 247.451
242.016 248.553 253.669
243.451 245.676 249.853
246.149 253.888 258.540
245.916 248.646 255.613
242.063 247.151 258.318
242.110 246.705 249.968
242.081 247.360 258.193
243.338 248.386 258.154
244.701 249.934 255.540
243.571 248.309 257.299
243.510 247.726 254.579
243.591 246.622 249.596
241.980 247.689 255.467
243.678 247.235 254.915
242.066 247.265 255.002
242.098 244.844 247.210
242.322 247.282 257.396
242.006 246.667 249.679
245.124 249.392 258.725
243.546 247.789 253.605
242.086 245.223 247.430
243.387 247.671 257.390
247.114 252.453 255.651
241.995 246.236 255.420
241.963 245.905 249.730
242.402 248.100 253.701
242.282 247.120 255.360
242.120 247.947 254.598
243.526 248.653 257.251
242.075 244.726 247.310
243.489 245.329 246.232
243.419 246.452 253.559
242.030 247.179 254.527
242.073 247.609 254.673
245.896 248.014 249.965
246.867 251.968 258.299
244.460 249.702 255.707
243.772 248.443 257.834
243.467 248.756 253.663
242.101 245.717 257.305
242.104 246.829 253.142
242.021 244.680 247.304
243.495 247.402 249.647
245.917 249.427 254.331
243.537 249.219 255.425
245.934 249.838 255.474
242.104 244.282 246.088
242.023 249.952 257.357
241.994 249.817 258.092
243.285 246.673 253.635
243.437 246.809 253.685
243.499 248.482 254.945
244.891 246.677 249.877
244.486 246.619 249.746
242.068 245.666 249.578
242.204 246.249 254.917
241.993 247.140 255.178
243.590 247.273 255.758
242.045 245.059 249.828
242.159 246.762 253.604
245.798 249.367 257.151
242.466 248.075 254.757
242.022 245.652 249.716
242.078 250.348 258.243
243.623 251.284 258.221
242.015 244.729 249.843
245.845 253.134 257.404
241.963 251.195 257.291
242.008 246.574 255.486
242.101 247.526 258.443
242.033 243.639 245.922
242.289 249.383 258.301
243.549 248.029 257.303
242.464 245.377 249.615
242.266 247.785 254.583
242.099 244.899 247.388
242.209 248.732 257.398
243.390 247.490 254.999
244.412 247.879 258.247
245.778 248.915 257.253
243.610 246.152 247.221
242.212 244.714 249.536
242.083 244.664 247.109
242.406 247.912 258.292
242.031 244.765 247.383
244.404 247.697 254.935
243.508 250.540 258.494
241.968 244.205 247.428
242.119 246.708 254.680
242.070 247.501 258.331
242.017 248.417 254.443
242.210 246.175 249.770
242.061 245.377 249.792
242.101 248.444 257.321
243.573 245.778 249.637
247.135 253.553 258.242
241.946 246.379 254.942
242.052 247.463 254.994
242.250 247.127 255.494
242.232 251.156 258.248
242.025 245.834 255.551
241.986 246.142 253.553
243.598 246.730 253.570
244.642 249.447 255.480
242.076 245.153 249.652
242.088 245.440 249.889
242.098 246.530 248.857
243.332 249.606 257.342
242.071 246.313 249.783
242.184 244.613 246.906
242.096 248.885 257.456
243.442 248.154 254.907
242.062 244.353 246.796
243.335 244.673 245.968
243.349 247.069 253.663
245.918 249.180 257.327
243.431 244.594 247.298
243.664 247.925 254.453
242.023 245.295 246.194
242.261 248.786 257.323
246.877 249.089 253.679
242.018 246.324 254.582
243.348 244.936 246.007
242.328 244.569 247.145
243.465 245.086 247.487
242.114 247.408 261.964
243.395 246.163 249.661
245.842 250.261 254.393
242.590 248.110 257.190
242.110 247.309 254.989
243.393 246.991 255.042
244.811 248.636 255.460
246.051 247.600 249.853
243.488 249.060 258.164
243.538 244.691 245.922
245.885 248.352 254.596
243.426 247.855 255.005
242.296 247.375 257.340
241.986 248.015 255.011
245.811 249.749 255.991
246.075 248.055 249.848
243.375 247.936 258.124
243.372 246.837 249.672
241.937 247.247 254.909
243.666 246.407 248.153
242.051 249.445 258.065
242.075 249.319 257.337
241.974 248.341 257.247
246.110 249.216 253.634
242.050 249.504 255.420
245.894 248.479 254.939
245.996 246.842 247.493
243.897 244.939 247.330
254.387 254.779 255.647
242.065 244.177 249.762
242.207 245.650 249.671
245.825 248.934 257.298
244.435 249.405 253.583
243.369 250.075 258.259
242.059 246.452 254.995
245.872 247.342 249.604
242.265 246.387 249.622
243.345 248.182 258.235
243.517 248.246 253.628
242.006 246.205 249.805
243.384 245.891 249.695
243.464 249.670 257.217
242.047 245.230 249.593
243.691 248.893 254.666
241.973 247.817 258.367
241.973 248.664 254.307
242.044 244.375 247.043
242.151 247.410 254.978
246.133 250.785 257.301
242.173 246.531 255.481
243.371 247.424 257.309
242.124 246.382 249.537
244.792 246.013 247.330
242.071 243.663 247.302
242.027 245.638 249.811
243.320 245.886 247.144
243.431 246.649 249.882
242.026 248.881 255.655
243.479 246.495 249.615
242.014 248.913 254.652
242.230 247.235 253.657
243.582 248.381 257.228
242.040 250.025 258.226
243.507 249.878 258.232
243.356 248.495 258.342
242.079 246.490 257.292
242.072 249.129 254.908
246.125 247.376 249.620
242.098 250.311 258.416
244.854 249.188 254.440
244.835 249.669 254.488
244.461 248.106 257.282
242.143 248.717 258.364
243.620 248.217 257.364
243.508 247.769 257.272
242.191 248.395 255.601
242.275 246.855 255.367
244.865 251.533 258.415
242.226 245.191 247.219
243.373 248.712 254.953
245.965 249.039 254.359
243.528 246.861 249.691
241.983 246.738 253.591
245.035 251.705 255.533
245.108 247.926 249.946
245.961 248.731 254.905
243.457 246.618 249.519
242.089 250.109 257.294
242.275 247.999 257.259
243.439 247.353 254.908
241.963 247.612 254.947
242.222 246.915 249.740
242.201 245.697 255.390
243.447 245.384 247.190
245.900 248.906 255.582
243.504 246.743 249.643
242.186 244.920 247.425
243.382 247.817 253.622
244.366 247.209 255.411
243.501 246.079 249.644
242.204 248.974 258.144
245.015 250.109 257.308
242.042 247.230 257.261
242.109 244.895 246.914
242.018 246.386 249.790
243.732 246.033 249.650
245.011 246.602 247.436
243.457 250.007 258.237
243.443 244.770 247.112
242.092 245.610 253.661
243.463 250.221 258.491
242.128 249.675 257.249
245.859 246.390 247.310
242.012 249.297 257.370
242.023 247.840 258.099
246.811 249.723 255.437
242.167 244.916 249.853
242.188 245.229 247.580
245.798 251.746 257.368
243.294 247.132 257.257
242.321 251.527 257.373
242.181 246.984 253.533
242.210 244.678 249.760
243.388 246.436 249.742
243.684 246.902 253.615
243.541 248.704 254.505
241.926 243.296 246.808
245.829 251.254 255.457
242.011 246.330 254.610
243.570 248.999 258.608
243.562 248.923 258.134
242.035 244.264 247.395
242.036 244.669 249.609
244.423 250.632 258.196
242.003 248.070 258.186
241.988 245.176 249.567
243.483 246.894 249.762
243.779 249.717 258.131
242.060 246.212 253.766
244.415 246.593 250.091
242.060 246.060 247.582
245.807 249.295 254.390
241.920 247.207 254.289
242.099 245.813 249.610
241.922 246.100 254.501
244.431 246.708 253.639
247.183 252.021 254.991
242.246 246.036 253.608
242.020 246.142 257.252
242.015 247.622 254.507
243.631 247.874 258.161
242.056 246.831 257.291
242.086 246.627 254.540
244.438 251.347 254.591
244.458 252.834 258.190
242.097 246.556 255.475
242.019 244.565 247.152
242.038 244.895 247.137
246.149 252.612 258.384
242.063 245.366 246.852
243.624 246.558 249.669
241.961 249.336 257.190
243.523 244.998 247.341
244.450 248.922 257.235
244.436 248.443 254.979
242.086 243.214 246.076
243.488 245.852 247.156
243.442 246.469 249.531
242.218 247.186 255.422
243.641 246.807 249.602
242.067 244.944 247.313
243.750 246.939 249.682
242.227 245.649 249.649
244.811 249.828 255.495
242.106 247.659 255.384
243.442 247.570 249.881
243.395 245.164 249.638
242.036 244.483 249.870
242.131 245.683 249.856
242.006 246.729 255.986
245.798 251.009 255.198
244.555 248.550 258.616
246.160 249.171 253.589
244.858 245.987 247.318
243.697 247.067 249.793
245.866 248.421 255.644
243.411 247.343 255.010
242.244 247.572 254.943
243.471 250.334 255.588
242.060 250.208 257.378
243.365 246.831 254.615
242.038 245.249 247.470
242.282 245.090 247.227
243.566 247.732 255.583
243.299 245.687 247.374
242.012 250.101 258.360
243.308 249.686 254.410
242.980 249.577 254.599
243.730 248.221 254.719
241.981 244.742 247.465
242.171 247.532 257.643
243.496 247.558 255.671
243.644 246.051 247.460
244.502 247.264 253.383
245.859 248.195 254.946
243.487 248.432 254.660
242.063 249.062 254.901
242.142 244.024 247.285
246.860 251.923 255.670
246.087 248.881 253.582
243.494 249.031 257.291
242.148 246.416 249.809
242.218 249.189 258.341
242.170 247.290 249.868
243.538 244.580 246.224
242.034 246.679 257.274
242.002 244.345 249.585
242.318 246.633 255.709
246.237 251.494 258.817
242.152 247.887 254.578
243.655 249.601 257.243
243.330 247.949 257.357
245.978 250.737 258.712
245.811 248.316 253.761
243.699 251.293 258.266
243.713 251.457 261.928
241.955 246.956 257.624
242.112 247.887 254.341
243.520 246.945 249.816
242.034 249.246 254.434
242.007 246.310 255.002
242.257 246.705 249.884
242.254 246.609 254.935
245.859 249.925 257.328
245.133 248.183 255.482
242.343 248.033 253.586
247.521 248.498 249.898
242.175 249.432 257.421
242.118 247.942 258.217
242.167 246.203 257.286
246.045 249.476 258.190
243.525 247.004 254.421
247.522 251.652 255.044
243.962 248.643 254.362
242.273 247.364 254.985
245.791 248.615 254.348
242.539 246.455 255.530
243.600 247.415 254.627
244.718 248.006 255.145
242.097 246.249 253.761
242.261 245.179 249.804
246.276 252.015 257.453
243.439 251.479 258.122
241.956 249.111 255.602
242.195 247.644 254.800
242.133 245.278 255.192
244.088 247.577 250.467
246.180 249.019 258.400
242.696 246.250 254.488
243.576 248.588 258.379
242.055 247.064 253.690
242.193 244.573 247.438
242.398 245.924 249.518
244.446 248.420 255.520
242.102 248.018 255.014
246.077 254.840 261.654
242.353 246.129 255.008
247.160 254.013 264.648
243.445 250.732 258.345
242.109 246.852 257.328
242.160 245.995 249.651
242.057 248.010 254.435
242.254 246.840 253.878
242.182 245.428 249.605
247.539 252.091 255.997
245.922 250.071 253.781
242.257 247.307 257.385
243.864 249.962 269.098
243.374 250.119 258.495
247.103 252.062 255.567
242.172 246.592 249.932
247.105 252.321 258.479
243.470 249.202 258.146
245.494 246.838 247.699
242.223 251.457 258.189
242.177 244.615 250.391
245.858 249.372 256.228
244.622 249.755 254.888
242.540 246.777 249.655
242.144 250.788 258.886
242.399 244.502 245.937
243.525 247.362 250.747
242.108 245.523 254.743
243.625 252.605 269.321
242.795 245.934 247.345
242.224 244.612 247.765
244.344 246.055 247.520
242.021 251.716 258.586
243.393 251.397 259.244
245.549 251.621 258.452
242.287 248.198 254.545
242.078 248.561 261.260
243.678 246.958 254.444
243.568 251.232 255.109
243.603 247.861 254.956
243.926 251.123 258.632
243.749 249.539 255.467
242.185 247.924 254.353
246.289 246.722 247.296
243.551 245.511 249.705
242.205 248.301 255.278
244.611 248.728 257.326
242.085 246.585 255.569
243.632 251.918 270.331
243.446 246.270 249.945
243.542 253.351 265.634
243.399 247.952 258.243
243.725 248.637 255.612
242.066 246.392 249.734
242.205 250.827 261.468
242.395 248.181 254.477
242.294 246.185 254.491
244.615 254.531 283.826
242.313 248.706 255.567
243.437 247.509 260.191
242.375 248.000 265.324
245.266 250.985 259.166
243.708 245.891 247.781
243.682 251.936 265.096
242.098 250.075 260.252
246.022 248.395 251.264
243.369 248.193 251.247
246.266 249.994 256.036
242.590 245.745 249.808
244.168 250.567 261.014
243.971 247.312 250.500
245.104 248.150 250.044
249.140 253.037 261.437
244.518 249.303 256.423
245.454 250.919 260.518
244.709 251.050 260.504
246.187 251.806 257.115
247.887 253.456 260.418
249.775 251.184 252.615
246.852 253.709 261.071
247.053 251.196 260.821
245.127 248.568 254.900
242.485 250.315 255.954
242.836 253.713 266.874
247.105 251.121 257.291
244.498 249.672 254.947
249.245 250.962 255.404
242.173 247.366 254.470
243.768 246.166 247.648
243.507 245.313 247.420
242.281 243.845 247.989
243.390 248.447 254.702
246.838 251.401 255.472
243.684 248.094 252.201
244.288 250.061 259.208
244.405 250.439 259.429
244.820 254.152 267.896
246.200 247.106 248.294
247.260 252.351 258.269
244.513 246.394 247.397
243.673 246.958 250.810
243.123 247.555 254.985
242.477 246.424 251.202
243.721 249.100 253.920
242.059 249.801 271.302
244.026 248.427 253.782
242.703 247.413 253.915
242.698 248.115 257.329
244.193 248.023 254.670
242.189 245.430 247.590
242.139 245.293 247.759
244.367 246.391 248.649
244.688 246.963 250.764
242.334 246.306 254.492
242.051 251.578 274.010
242.347 246.705 255.632
242.346 246.206 250.569
242.194 251.483 258.237
242.258 246.849 253.764
243.602 246.861 250.015
242.156 245.053 247.661
246.031 250.547 258.035
245.809 248.543 254.759
242.079 250.108 254.561
243.649 246.105 250.071
246.454 249.793 258.458
245.982 248.684 255.505
243.485 250.429 257.456
250.108 253.367 255.068
243.447 249.985 255.644
247.507 252.917 262.251
247.131 251.455 258.248
242.188 246.128 249.505
244.620 250.024 257.372
243.527 247.715 254.979
243.465 251.938 267.276
243.389 246.202 252.096
243.022 248.420 254.519
243.519 247.329 254.877
244.927 247.903 255.530
245.132 248.353 255.605
243.641 251.006 257.384
243.447 246.615 247.552
247.427 251.154 257.630
242.270 245.129 249.648
242.469 248.014 255.873
244.492 249.451 258.258
242.285 246.790 250.076
243.527 247.470 253.676
243.598 250.190 257.363
242.082 244.532 247.330
243.612 246.235 249.774
243.645 259.720 285.508
243.663 250.306 255.435
243.668 248.843 257.243
242.148 244.924 247.310
245.849 249.722 257.421
245.909 247.194 249.733
242.083 250.483 258.402
244.117 246.122 247.309
242.141 243.525 245.351
242.147 247.818 253.700
243.510 250.472 257.413
243.702 247.546 257.853
242.065 246.857 254.485
242.298 249.948 255.030
245.654 249.437 255.397
243.603 246.743 253.638
243.565 248.076 253.733
245.960 249.817 254.954
243.444 249.784 257.551
248.007 251.199 254.756
242.419 243.867 246.090
242.013 244.451 246.892
243.469 247.222 250.106
243.602 248.150 254.371
243.539 250.408 258.339
246.071 250.119 253.700
243.096 251.755 257.487
242.390 245.919 247.527
242.273 248.243 255.903
242.287 249.085 255.449
245.349 247.860 250.035
242.034 245.171 249.827
242.515 249.613 257.274
243.872 245.070 247.298
243.772 248.837 253.712
244.406 247.649 255.570
243.084 248.900 255.485
246.016 248.575 250.189
242.292 248.836 257.516
244.561 248.808 258.328
246.013 250.202 255.477
246.499 252.655 257.513
249.292 255.151 258.052
248.886 256.358 260.422
247.626 252.497 257.102
243.077 248.321 255.352
247.042 251.998 259.245
245.442 248.666 252.802
243.732 247.776 255.443
249.603 255.649 260.180
248.134 252.197 255.836
245.019 251.874 259.402
244.978 248.290 250.361
244.747 247.679 253.140
245.304 248.668 258.415
242.397 249.104 258.598
242.806 250.231 258.407
242.460 249.511 255.320
243.553 247.424 250.930
243.868 246.228 249.847
243.866 247.636 253.596
242.265 249.263 257.520
242.340 247.712 249.965
246.980 249.339 251.512
242.736 248.692 259.480
247.130 251.378 256.552
243.719 247.890 256.659
245.953 250.874 268.504
244.438 250.177 257.526
244.869 250.159 257.499
245.839 252.494 273.269
243.746 248.273 253.615
242.340 244.861 247.519
245.863 247.106 247.842
244.162 245.809 247.805
244.812 247.795 253.924
242.096 244.096 247.472
243.428 246.637 249.616
243.971 249.204 255.100
243.626 245.448 249.683
244.487 247.676 254.539
243.496 247.411 255.016
242.235 247.258 255.469
242.330 245.412 249.673
243.615 248.245 250.424
243.433 247.780 257.451
242.106 248.248 255.217
246.089 247.412 249.799
242.466 247.857 258.054
242.086 247.387 257.305
245.892 246.460 247.387
243.623 247.185 255.529
242.242 244.841 247.588
242.225 247.658 257.472
244.767 249.222 254.155
242.316 244.819 249.724
243.469 244.888 247.406
242.155 248.929 257.595
242.393 249.240 255.688
242.101 248.869 257.618
243.468 245.758 246.994
244.434 250.048 257.378
242.012 247.633 258.169
242.071 247.730 254.571
242.279 245.419 247.713
242.346 247.009 254.403
242.157 248.099 255.171
243.529 248.910 257.896
242.173 246.065 250.195
245.879 248.914 255.490
245.891 248.577 254.500
242.082 250.886 254.641
242.047 244.316 247.046
243.352 249.102 254.866
242.193 245.330 247.282
246.273 247.591 249.704
242.281 247.057 255.582
243.656 250.764 257.367
245.935 248.878 255.037
242.316 251.450 257.373
242.059 245.532 255.106
242.345 246.209 250.500
241.944 248.650 258.222
247.138 249.401 255.477
242.280 249.836 255.711
246.020 254.376 258.249
243.307 246.183 249.883
242.045 244.105 246.056
241.994 246.293 255.475
241.960 244.982 246.121
243.643 246.915 249.671
242.141 245.427 255.688
242.029 245.173 249.760
243.411 247.627 255.134
242.048 249.216 255.724
242.214 248.169 255.468
242.077 247.298 254.369
242.177 247.654 254.672
245.950 250.852 254.984
243.496 248.301 258.327
242.225 243.907 246.220
247.014 249.124 249.819
243.355 243.945 245.781
242.088 244.770 247.560
242.051 246.397 257.302
242.119 246.352 254.976
242.312 246.976 249.779
242.102 251.354 257.285
243.635 247.816 253.664
243.447 247.613 254.416
245.939 248.768 254.583
243.488 246.546 249.535
242.048 246.877 254.420
242.217 246.929 254.340
244.572 247.241 249.774
242.056 246.784 253.548
242.074 248.540 257.287
243.195 245.562 248.467
247.128 251.645 259.262
244.669 248.300 250.918
248.234 251.882 259.328
243.388 248.631 259.600
247.216 247.920 249.118
247.151 249.068 255.434
244.588 249.596 258.364
243.035 251.902 259.274
247.022 249.725 256.543
243.302 247.251 250.696
243.145 250.161 259.797
243.334 247.591 254.664
243.412 246.259 250.676
244.530 247.646 250.943
243.140 244.494 246.974
244.478 247.536 250.907
243.133 245.537 248.509
243.227 249.966 256.102
243.285 247.802 256.974
245.783 247.598 250.776
243.320 248.611 256.038
244.466 250.304 258.354
243.175 247.379 256.115
244.619 248.533 259.255
246.044 250.479 258.541
243.261 249.108 259.325
244.629 253.743 259.257
243.174 249.013 256.531
243.289 248.277 258.345
244.554 247.388 248.470
244.938 250.438 256.087
243.202 250.003 256.105
243.177 246.025 248.233
243.059 245.353 250.861
248.100 251.051 255.562
244.690 248.442 256.096
247.070 253.909 259.200
243.756 248.786 256.123
246.164 249.791 259.289
245.431 248.596 255.558
245.528 248.077 250.865
244.515 250.943 256.664
243.283 247.555 250.784
244.442 250.380 258.424
247.239 251.286 256.589
243.349 250.716 259.220
243.349 246.080 248.740
243.367 249.753 256.550
243.290 249.058 256.483
243.186 250.091 256.108
243.767 246.010 248.537
243.445 248.809 255.994
243.076 244.984 248.270
243.178 247.623 250.989
244.550 250.592 255.974
243.200 248.151 256.457
243.214 248.361 256.006
244.366 250.047 258.503
245.438 247.710 250.957
246.944 249.828 255.484
244.600 248.025 256.455
243.115 250.843 258.524
246.925 249.582 258.345
243.088 246.974 250.759
247.072 250.054 254.702
243.174 247.001 250.869
244.735 252.723 259.278
246.871 248.896 254.769
243.059 253.185 260.247
244.678 249.049 256.714
243.390 251.743 258.345
243.162 245.546 248.462
243.110 248.245 256.011
243.327 248.243 255.647
243.071 251.679 256.567
243.080 247.727 250.818
243.120 249.305 256.519
246.878 247.242 248.294
243.103 248.681 256.624
244.560 252.112 258.417
247.029 251.488 255.960
243.544 247.348 254.711
243.090 249.164 256.654
243.364 250.377 255.987
244.594 249.225 255.592
245.612 249.093 254.665
243.151 246.166 250.844
243.174 247.376 249.580
243.305 247.184 258.395
243.077 247.501 254.717
244.736 252.344 256.061
244.513 253.324 259.264
244.782 247.695 250.658
250.612 253.564 256.239
246.948 249.361 256.514
243.088 245.581 247.855
246.955 247.398 248.024
244.659 251.059 259.597
246.947 249.517 255.441
244.700 248.678 258.376
247.067 251.350 256.104
243.355 247.811 251.469
243.041 249.432 258.431
243.162 246.960 251.539
243.390 246.102 248.500
243.119 248.159 258.408
243.607 249.745 256.752
245.688 250.024 259.494
243.129 248.458 255.625
243.260 248.038 254.595
244.427 247.879 254.843
247.971 250.196 255.435
247.160 253.404 258.752
246.044 249.659 258.354
243.242 246.751 250.845
243.230 248.148 258.620
243.219 248.040 258.374
244.722 253.655 259.624
244.789 245.979 248.424
243.387 250.196 259.589
244.950 247.269 248.565
245.469 249.318 254.629
244.481 246.254 248.431
247.175 250.902 256.234
243.131 247.216 256.131
244.469 249.076 258.377
244.476 247.529 254.765
245.966 247.800 250.662
243.201 249.325 256.495
243.473 246.439 248.698
243.350 246.325 248.415
243.062 245.838 248.343
245.769 249.954 255.991
243.088 248.690 258.287
244.577 249.311 258.328
243.122 249.982 258.350
245.632 248.954 255.551
243.474 248.069 256.576
243.132 249.132 258.347
244.545 247.651 255.489
243.097 247.820 255.987
248.142 253.024 259.332
243.380 253.423 259.385
243.039 247.058 250.719
244.777 248.441 250.842
246.900 253.575 258.413
244.529 246.515 248.096
245.906 250.546 254.661
247.863 249.215 250.862
243.652 247.526 250.748
244.509 249.571 255.804
243.061 249.757 258.388
244.460 246.838 248.505
243.568 248.477 255.485
244.425 249.243 255.728
244.722 250.991 258.442
244.519 247.885 250.984
247.001 250.759 255.962
243.096 249.283 255.388
245.228 247.283 249.293
246.914 250.524 256.046
245.520 251.599 259.190
243.200 245.965 250.863
244.601 246.953 248.684
243.117 248.647 258.445
244.540 250.963 259.127
244.600 249.750 255.591
245.533 248.706 255.566
243.216 249.159 256.473
243.171 246.407 256.349
244.421 249.627 258.318
243.138 249.233 259.356
244.535 250.854 258.428
244.555 251.388 267.706
244.537 250.513 255.750
243.381 246.978 250.644
248.342 253.426 256.069
243.095 248.234 258.291
244.583 248.589 254.688
243.100 246.026 248.208
243.044 245.334 248.608
244.604 249.376 259.185
243.069 244.705 247.973
243.480 248.140 256.549
244.456 249.316 255.787
243.067 246.269 250.646
244.513 248.759 254.612
245.444 251.850 258.425
243.210 246.741 250.741
243.353 245.992 250.540
248.161 251.250 255.917
243.121 245.451 248.271
243.108 249.528 255.671
243.335 250.255 256.533
246.964 248.986 250.783
243.046 243.920 245.397
243.279 246.556 248.347
245.517 250.712 257.860
243.115 247.233 250.659
243.122 244.981 250.677
243.139 247.300 250.797
244.545 248.733 255.738
243.385 246.924 250.695
243.350 244.664 245.979
244.573 250.774 256.510
243.362 247.699 255.422
243.186 248.278 258.383
244.631 247.653 254.807
243.156 245.264 248.367
247.826 250.888 259.201
244.643 249.012 255.498
243.278 246.783 250.849
246.051 248.115 250.764
244.580 248.035 250.708
244.557 247.515 254.661
246.934 252.783 259.394
244.743 246.768 247.950
244.555 253.022 259.470
247.199 249.640 256.103
243.324 250.226 258.324
243.134 248.377 258.425
244.424 245.493 248.277
246.995 248.782 250.916
244.406 248.467 254.759
244.541 246.595 250.849
244.522 248.564 254.787
244.486 249.986 256.086
243.071 250.588 260.149
247.157 251.252 255.652
243.022 247.653 255.413
244.539 248.353 255.693
243.038 245.395 250.663
245.524 254.146 256.869
247.116 250.802 255.507
246.922 248.321 250.750
248.397 251.592 257.398
245.966 248.611 250.859
243.357 246.751 250.877
245.551 251.236 256.592
247.003 250.492 255.648
246.895 248.870 254.746
245.881 248.448 250.777
243.102 245.991 248.319
243.194 249.217 255.721
243.359 246.027 248.322
243.115 247.537 250.748
243.458 245.314 248.608
244.606 248.135 250.850
243.121 247.852 250.684
244.395 249.522 258.386
243.130 248.947 258.345
243.265 250.797 259.474
243.099 248.931 257.730
243.044 247.969 256.052
243.056 244.902 247.945
244.510 246.783 247.888
243.385 246.681 250.864
243.031 245.905 250.863
243.034 250.302 254.741
243.099 248.525 254.639
244.410 250.289 259.388
244.655 246.932 248.270
243.072 246.053 254.705
246.851 251.131 256.721
244.530 246.184 247.969
245.487 249.821 259.264
246.029 249.749 258.438
243.132 247.727 250.898
243.090 245.805 250.899
244.536 250.818 255.531
243.069 249.206 258.330
243.052 247.310 250.635
245.453 246.958 248.249
244.519 249.837 254.924
244.480 246.949 248.472
247.191 250.253 259.311
243.273 247.406 254.693
243.089 250.724 261.253
244.476 249.346 258.431
243.144 251.502 258.428
243.017 248.565 256.674
244.529 249.882 258.316
246.865 249.310 256.063
246.963 250.121 256.567
247.207 252.940 258.294
244.658 247.279 250.658
243.102 246.790 258.302
247.930 251.105 256.085
244.548 245.857 250.857
243.186 248.774 258.327
243.163 246.842 250.995
243.249 246.265 250.787
243.747 247.776 256.698
243.343 249.134 256.488
243.318 248.530 258.403
243.133 247.292 250.825
243.150 246.993 256.761
244.460 248.325 256.046
243.401 247.421 250.815
243.142 245.068 247.224
246.924 249.736 254.610
245.851 251.228 257.693
244.611 247.127 250.798
243.281 246.454 250.759
243.114 247.062 250.688
243.329 245.307 247.229
243.082 248.276 250.851
243.158 249.874 256.525
243.177 245.546 248.401
243.189 247.794 255.998
244.635 250.621 258.302
245.594 248.825 255.692
243.166 247.566 255.995
245.429 247.436 248.407
245.553 247.501 250.684
243.092 247.566 254.594
243.103 248.388 255.979
243.223 246.418 250.580
244.481 248.922 255.612
245.656 248.393 256.547
243.057 246.341 248.804
244.586 248.734 256.652
245.546 251.761 256.037
246.919 251.938 259.159
243.211 250.520 258.456
243.269 250.357 259.150
244.486 246.199 247.885
245.379 248.897 255.364
243.183 245.952 248.360
243.129 249.514 254.707
245.463 248.089 254.700
244.511 248.955 256.551
243.030 246.860 256.580
247.100 252.314 258.382
243.053 248.805 259.270
248.742 251.738 255.612
247.934 249.217 250.857
243.324 250.014 256.722
246.899 250.013 254.704
243.185 249.236 255.615
243.236 247.503 250.908
244.533 246.964 254.618
243.176 248.160 256.607
244.454 245.341 245.962
243.138 248.514 255.376
243.060 246.211 250.804
243.356 245.347 246.992
243.090 247.195 250.630
244.450 249.319 256.500
243.159 250.946 258.410
244.415 246.470 247.965
248.491 252.373 259.305
243.059 247.290 250.953
243.110 246.644 256.410
246.918 249.778 258.412
245.484 251.173 255.991
243.053 247.978 254.680
244.529 248.713 256.415
243.131 250.250 258.447
244.464 250.534 259.494
244.584 246.153 248.504
248.444 249.371 250.770
244.417 252.800 256.930
246.882 250.772 254.689
244.449 248.787 255.531
243.213 248.301 255.967
245.899 248.539 250.666
245.966 253.088 258.324
247.146 250.115 256.088
243.055 250.113 256.438
243.243 250.689 256.083
243.124 244.988 248.224
244.511 248.368 255.374
248.418 251.358 255.993
243.094 245.799 248.218
244.441 248.184 250.836
248.460 254.624 259.291
245.435 251.328 264.085
244.587 248.822 254.666
243.176 248.396 259.230
246.952 251.254 258.323
244.525 248.268 254.718
243.199 244.798 246.996
244.432 248.725 258.364
243.281 246.504 248.467
244.392 248.720 255.551
244.445 251.223 259.257
245.479 248.141 250.632
244.507 250.006 258.407
244.658 249.660 256.728
245.505 247.407 250.697
244.794 247.769 250.823
246.132 251.408 258.384
243.045 248.266 254.645
243.138 250.709 259.297
246.853 249.517 255.674
247.970 248.222 248.510
243.166 249.798 259.456
245.430 252.873 259.285
244.639 247.166 248.437
243.065 246.540 250.797
244.504 249.193 256.730
243.318 246.996 248.729
245.711 249.372 256.006
246.938 252.276 259.594
243.232 249.293 258.372
247.205 250.653 256.437
246.290 248.486 250.694
244.567 247.878 254.797
243.231 250.789 255.790
245.651 250.120 259.227
243.368 246.282 250.868
243.128 246.799 250.823
243.140 247.285 250.924
244.765 248.566 250.857
248.595 252.538 258.595
243.079 246.114 248.552
243.092 247.247 256.046
245.896 249.271 255.587
244.470 247.808 254.686
243.598 246.090 248.276
243.248 247.500 255.779
244.801 247.649 250.858
245.578 253.458 259.355
245.961 250.271 255.556
247.265 251.790 256.544
243.267 250.175 259.182
243.127 251.922 256.488
243.258 251.503 255.991
247.005 252.234 256.531
246.845 248.318 250.858
243.119 246.758 250.693
243.192 247.405 250.995
243.274 248.389 256.549
243.452 245.646 247.420
244.409 248.917 255.411
243.142 249.655 256.541
245.953 250.043 258.382
244.731 248.312 255.560
244.590 250.389 256.034
243.301 248.139 250.998
244.816 248.986 258.356
243.095 248.342 258.345
243.054 250.241 259.265
243.110 249.744 259.299
245.732 248.175 254.716
244.641 247.982 250.764
245.561 249.236 255.985
245.067 248.576 255.507
243.130 248.325 255.417
243.127 251.751 262.892
243.037 247.201 254.601
244.563 249.995 255.362
243.460 249.492 258.376
243.164 246.950 255.521
246.904 248.764 250.865
244.751 249.419 259.313
243.100 248.296 255.628
244.555 248.885 255.935
244.658 248.514 258.418
243.187 245.883 248.562
243.078 247.313 250.878
243.333 246.877 254.710
243.137 247.512 259.428
243.117 246.543 254.714
243.171 248.484 256.413
243.224 248.556 258.346
247.035 249.167 255.695
244.477 247.661 258.390
246.919 248.331 251.525
245.575 250.019 255.525
244.605 249.066 258.443
244.632 249.715 256.004
243.006 249.337 259.567
243.086 245.709 250.833
243.328 250.101 256.327
243.121 252.800 259.392
243.080 246.976 254.684
246.934 250.305 255.657
247.023 250.024 255.666
243.105 246.165 251.195
244.669 249.740 259.230
245.523 250.385 254.791
243.015 244.692 245.981
246.932 250.161 255.599
243.179 247.591 256.693
243.190 245.511 247.205
243.151 246.217 250.595
247.064 249.991 259.528
243.353 249.465 259.253
243.237 247.093 256.049
244.552 249.558 250.963
243.302 248.570 256.109
243.282 247.737 254.647
243.086 252.247 259.186
244.562 250.232 256.120
243.074 250.667 258.421
244.741 246.690 248.293
243.050 247.400 259.224
243.084 248.640 255.692
246.864 247.588 248.653
243.075 248.969 255.645
246.839 251.384 256.602
244.524 248.728 256.076
243.137 248.932 255.495
243.201 247.242 250.895
244.791 247.955 255.374
243.088 247.135 250.634
245.695 248.810 256.096
243.177 246.171 248.331
244.785 250.913 259.293
245.583 246.601 247.231
246.997 250.380 256.046
244.528 246.129 248.861
243.130 244.277 248.177
243.305 251.635 256.542
243.091 249.114 255.450
243.099 248.187 259.339
243.220 248.908 256.687
244.499 251.541 258.380
246.830 247.758 248.525
243.292 247.551 250.716
243.201 247.646 255.535
244.401 249.957 256.553
246.993 253.878 259.499
248.293 254.726 256.593
243.078 251.073 266.180
244.487 248.485 251.070
248.288 253.066 259.445
243.121 246.919 249.546
247.051 250.022 255.654
243.281 247.424 255.544
243.313 245.808 248.423
245.000 250.397 259.401
243.317 245.604 247.188
243.206 247.948 256.714
244.533 250.250 255.517
250.751 255.189 257.338
244.497 249.796 255.630
246.864 247.757 250.896
248.423 251.793 255.695
243.241 252.505 259.221
246.109 248.976 256.434
246.870 250.431 258.355
243.237 247.733 254.777
244.507 246.466 248.384
247.517 250.502 256.031
243.160 246.062 248.595
243.128 251.090 259.327
245.857 251.856 255.558
244.594 250.011 255.373
243.293 247.758 258.324
243.133 246.724 250.927
245.499 247.554 248.241
244.582 250.257 255.503
246.106 249.538 256.718
244.802 248.138 256.112
243.220 246.613 256.035
243.055 247.744 258.377
243.208 248.506 254.714
243.122 247.902 256.050
243.161 245.839 248.469
245.502 248.786 256.144
243.122 251.695 259.320
243.089 249.318 258.331
244.498 248.526 258.373
245.490 251.699 259.492
246.240 250.689 258.566
243.488 247.733 255.424
244.594 247.041 250.934
244.474 251.119 256.783
243.136 250.246 258.348
243.098 245.732 252.245
244.578 254.381 258.317
243.320 251.239 266.770
248.045 252.463 259.323
244.597 249.100 258.453
244.476 245.263 247.114
246.844 254.045 259.576
244.554 246.549 249.289
243.353 246.857 254.702
244.936 249.643 255.348
243.132 246.797 250.826
246.928 253.636 259.487
247.946 250.229 258.332
243.317 246.068 250.731
243.211 245.986 248.055
244.644 247.783 250.885
243.315 247.639 250.848
243.029 249.334 255.426
244.511 246.651 248.101
243.124 248.869 259.274
244.549 250.843 255.989
243.188 245.732 250.914
245.842 250.925 258.357
244.611 248.942 258.520
243.232 244.729 248.189
243.024 247.145 250.858
243.306 248.264 255.532
244.568 246.890 248.607
244.440 248.529 255.408
243.342 244.784 246.930
243.249 249.348 259.464
245.443 247.387 250.612
243.105 250.278 258.495
245.969 249.983 259.226
245.466 249.824 256.024
243.167 247.196 255.589
244.455 247.735 250.724
243.094 251.843 258.400
245.551 250.073 255.447
243.175 248.972 255.463
243.310 247.682 256.028
243.206 247.607 250.858
244.557 246.925 250.852
243.415 247.610 250.802
246.099 248.648 255.405
243.164 244.771 248.075
243.925 245.963 247.221
245.541 246.870 250.761
243.210 248.011 255.604
244.617 250.713 258.329
243.343 249.923 256.513
243.156 249.268 258.369
243.099 246.986 250.899
244.430 248.396 256.737
243.288 251.967 258.347
243.087 247.612 256.118
243.157 246.799 248.560
243.218 250.004 256.054
243.340 247.797 250.743
244.678 249.174 256.547
245.596 249.525 259.317
244.561 249.094 258.460
244.549 251.212 259.458
243.074 246.555 250.996
243.310 249.369 256.106
244.298 247.054 250.890
244.839 250.223 256.032
243.398 247.455 256.109
244.532 251.229 256.602
247.169 251.718 258.370
243.066 246.673 250.767
243.370 246.424 250.952
243.340 247.521 254.650
244.672 250.638 255.848
245.603 249.683 255.490
243.133 249.102 256.078
244.537 247.335 250.757
243.187 245.563 248.364
244.792 249.366 258.460
244.472 247.319 248.512
243.196 248.867 256.081
247.023 248.890 254.838
245.880 248.971 256.006
243.157 247.712 250.964
243.186 249.159 254.707
244.499 249.926 256.568
246.813 249.794 258.355
245.621 250.786 258.261
243.136 249.979 258.581
243.295 245.088 248.038
243.350 248.948 255.469
247.008 248.604 250.928
243.267 245.317 248.272
243.682 246.994 248.618
247.242 249.873 256.115
243.179 246.521 250.746
244.478 250.833 256.012
248.557 254.217 258.530
247.947 249.145 250.699
244.537 247.203 250.838
255.524 256.917 258.409
243.504 247.840 251.045
246.129 250.275 258.735
243.327 249.628 258.440
243.409 247.794 256.131
243.384 251.559 259.506
243.215 246.699 248.268
245.591 250.098 256.279
243.318 250.720 259.132
243.162 248.271 256.061
243.231 247.921 250.772
243.201 246.301 251.229
243.165 251.830 256.394
243.396 250.374 258.355
243.464 246.671 251.016
243.416 250.394 258.368
244.514 245.555 247.020
243.068 245.210 247.092
244.520 248.833 258.368
243.081 248.734 259.250
243.215 247.222 248.414
246.994 249.609 254.721
248.262 254.007 259.362
244.407 247.234 250.668
243.268 246.176 248.609
243.398 248.829 256.582
243.410 247.473 251.058
244.590 249.048 258.393
247.397 250.942 255.514
245.585 246.922 248.246
243.203 246.906 250.746
243.404 246.149 248.521
243.056 250.806 258.460
243.357 250.634 256.108
244.432 246.916 248.653
246.883 252.171 256.463
247.983 253.884 259.260
244.593 249.471 259.458
243.388 249.281 256.657
247.055 249.233 255.682
243.153 246.394 248.323
243.136 248.834 251.015
243.443 247.906 254.687
247.111 249.439 258.308
244.615 246.883 248.692
244.504 246.483 247.972
245.637 247.662 250.697
246.061 247.792 248.497
243.046 246.074 250.733
243.303 249.909 259.526
243.325 249.451 255.419
247.588 252.774 259.034
244.714 250.636 256.702
243.061 249.312 258.411
244.577 248.727 254.850
243.131 248.839 254.702
246.986 249.018 255.591
246.837 250.985 258.334
243.160 246.370 250.685
243.215 247.632 259.159
244.525 246.939 250.707
245.584 250.798 256.071
245.484 247.497 250.756
243.174 247.613 255.097
244.580 250.511 258.278
244.784 251.156 256.296
243.209 248.042 258.322
244.798 248.650 254.751
246.872 249.310 256.515
243.252 246.965 248.468
244.540 249.100 259.805
247.165 247.977 248.647
243.148 245.578 250.880
244.690 247.843 251.670
244.626 248.952 256.580
243.070 246.201 250.935
243.070 248.102 251.551
244.622 248.858 256.157
247.168 250.292 256.742
246.954 253.119 259.600
243.343 249.607 258.291
243.181 247.861 255.997
245.538 248.849 256.457
243.273 246.313 248.546
243.160 248.508 256.532
243.053 245.240 247.151
243.014 249.145 261.197
243.412 246.311 248.624
243.167 246.262 248.588
244.518 247.888 256.052
243.043 245.689 248.213
243.259 244.583 247.240
245.512 248.542 250.985
243.183 248.779 250.909
243.084 245.157 246.903
243.215 250.257 259.216
243.187 250.827 258.589
244.754 249.451 255.624
243.180 246.834 250.882
244.668 247.719 251.750
243.152 245.736 250.695
243.229 252.453 258.281
244.633 248.682 252.094
246.906 250.337 258.344
243.218 248.776 259.478
243.169 249.436 256.497
244.411 248.010 254.804
243.117 247.323 258.408
243.147 251.971 256.659
244.429 245.426 245.902
246.963 253.074 256.099
247.274 252.263 258.978
246.962 251.022 258.440
246.884 250.474 255.772
243.512 248.150 255.707
244.792 248.914 255.491
244.550 249.560 259.304
245.937 251.532 255.511
243.356 245.785 248.899
247.946 249.823 250.975
244.520 247.755 250.678
247.979 252.450 259.265
244.523 248.588 258.384
246.926 250.322 254.935
243.433 248.830 258.401
243.410 250.883 259.645
243.227 248.579 258.448
243.185 249.476 259.229
243.360 248.291 259.270
243.628 247.562 255.374
245.623 249.538 254.687
243.265 247.610 255.596
243.135 249.269 255.648
243.322 248.749 255.530
243.324 245.668 248.509
243.922 246.204 248.576
245.463 249.804 254.850
245.482 248.736 256.893
247.089 252.421 259.429
247.958 251.081 259.343
243.694 248.364 255.628
246.879 250.647 255.498
243.274 247.718 250.768
244.495 247.272 250.834
244.676 250.415 258.575
246.091 249.199 255.236
243.132 248.372 258.491
243.415 249.186 256.051
248.310 251.605 255.498
244.640 248.398 256.068
245.535 247.399 248.558
247.903 252.786 256.726
243.018 246.424 248.533
244.411 246.143 248.822
247.169 251.827 259.213
245.486 248.657 256.789
243.465 245.662 247.882
244.488 245.869 248.327
243.277 247.404 256.505
243.113 245.579 247.397
243.507 251.647 258.457
243.123 245.821 248.477
243.189 249.018 256.217
243.363 246.881 255.565
244.692 246.607 248.416
246.844 249.180 256.424
244.523 248.705 254.835
243.142 245.961 250.692
243.262 249.542 256.014
243.114 249.246 259.416
243.173 248.327 254.622
243.725 247.920 256.249
243.423 246.673 248.646
246.261 248.623 250.895
243.447 249.499 259.322
243.516 249.861 258.452
247.006 251.415 258.421
246.109 252.538 259.523
245.517 249.241 257.941
243.233 246.992 250.784
245.757 248.426 250.821
247.261 252.961 256.502
243.738 250.157 258.418
243.044 248.738 258.321
243.203 249.112 258.348
243.303 249.309 258.334
244.458 249.094 259.473
243.274 246.548 250.829
246.939 253.238 259.447
244.542 246.095 248.562
243.528 249.416 255.502
243.242 248.638 258.818
243.220 249.995 258.436
243.131 248.686 255.684
243.039 248.003 255.835
245.794 252.856 258.567
243.123 249.590 254.920
246.030 249.978 256.622
246.821 251.275 256.613
244.700 247.369 250.741
243.672 247.445 255.627
243.526 248.050 255.517
243.224 247.271 250.874
246.236 247.596 250.784
246.886 250.376 256.126
243.044 246.245 247.943
243.179 251.414 258.360
243.177 248.150 256.415
243.113 245.442 247.995
244.787 246.514 250.730
246.813 249.743 259.261
244.857 247.594 248.656
243.233 248.231 258.318
243.232 245.502 248.267
246.916 249.626 256.183
243.285 245.650 248.595
244.507 248.112 250.680
243.134 249.151 255.655
243.292 245.818 248.323
243.716 247.025 256.226
244.599 250.425 259.448
243.048 250.041 259.460
243.229 247.285 250.881
243.195 248.433 255.529
243.073 246.778 250.712
244.543 247.979 255.473
247.415 253.810 258.537
244.641 247.376 250.852
243.559 251.619 258.927
245.700 249.514 259.453
246.779 253.224 258.473
244.444 247.032 250.890
244.537 246.551 248.041
243.254 249.335 256.047
244.598 249.180 254.798
244.549 246.234 247.144
244.747 250.608 259.263
243.061 246.398 250.709
245.575 251.446 259.425
243.235 248.983 255.376
243.316 247.571 250.743
244.514 250.368 259.255
243.274 249.339 255.653
243.218 249.545 259.228
246.967 249.050 254.795
245.485 249.610 258.384
243.095 249.018 259.511
245.488 252.002 258.402
243.095 247.069 254.736
243.347 245.669 248.670
247.101 251.985 259.486
244.628 251.994 259.260
246.077 248.735 251.176
244.504 248.371 256.072
243.157 247.374 250.933
243.022 246.927 250.747
243.434 246.032 248.310
243.071 248.003 255.646
250.691 254.021 256.570
245.881 250.001 259.266
246.951 247.608 248.554
245.617 250.772 256.067
244.538 249.911 256.501
246.019 249.086 255.752
243.258 246.698 250.635
244.473 249.509 258.378
245.491 248.230 250.849
243.185 250.755 258.532
244.527 246.319 248.211
243.136 249.129 258.413
243.076 246.930 256.017
244.461 246.185 248.033
243.059 250.590 255.477
245.433 246.379 247.123
243.177 247.311 250.942
244.504 251.453 256.451
244.485 252.258 259.296
243.116 249.634 255.496
243.103 245.801 248.448
243.081 251.602 258.332
243.146 249.323 258.406
243.072 258.080 276.061
243.063 245.464 250.822
243.064 246.302 248.516
243.130 249.244 255.351
243.257 249.460 256.000
244.682 247.349 248.546
243.181 245.834 250.902
247.228 254.266 259.327
244.549 251.047 256.111
244.533 247.004 250.740
244.502 245.713 247.096
244.439 247.577 256.041
243.417 249.277 256.873
247.143 249.966 258.320
245.532 248.890 256.056
245.437 252.637 259.263
243.039 245.520 248.278
243.041 251.095 259.394
244.559 247.305 250.932
244.598 251.099 256.722
244.560 246.768 248.078
244.519 250.291 255.974
245.514 250.037 255.984
243.065 245.527 250.743
246.796 251.304 256.000
245.566 248.503 256.051
244.661 252.693 259.196
248.573 254.493 259.309
243.209 246.264 248.447
243.145 244.762 248.323
243.136 248.240 255.591
248.218 249.262 250.930
243.121 249.144 259.120
244.450 249.325 258.302
243.078 247.231 250.840
243.112 248.742 258.343
244.799 249.856 256.009
245.913 252.080 259.486
247.030 251.429 255.712
244.474 247.041 250.583
