138.878 140.352 142.522
138.821 140.573 142.912
135.696 138.384 142.430
138.764 141.481 142.482
138.926 140.585 142.855
135.837 139.804 142.618
138.722 141.718 142.706
135.913 138.311 139.170
138.670 140.246 142.813
135.871 139.767 142.388
138.854 141.234 143.264
139.048 141.560 142.381
135.861 139.749 142.646
138.906 140.865 142.200
135.700 139.023 143.130
135.687 139.031 142.513
138.802 140.195 142.587
138.653 140.291 142.331
139.147 141.043 142.357
138.964 140.437 142.902
136.111 139.144 142.651
139.303 140.687 142.460
135.573 140.068 142.060
138.619 140.108 142.228
138.785 140.419 142.632
138.670 140.163 142.170
135.694 138.897 142.515
135.542 140.701 144.227
135.514 138.321 142.178
139.068 141.049 142.395
139.181 141.607 144.297
135.904 137.637 138.888
135.602 140.230 142.245
138.728 140.488 143.095
138.724 140.531 142.754
135.732 137.830 139.378
138.611 140.329 142.613
139.127 140.456 142.360
135.997 139.843 142.447
138.699 140.966 142.690
139.126 141.019 142.434
139.243 141.283 142.876
135.851 139.527 142.318
138.952 140.384 142.189
135.972 139.168 142.877
138.760 140.960 142.420
138.838 140.710 144.699
135.648 139.634 142.642
135.547 139.354 144.124
135.499 138.887 142.530
138.504 140.979 145.044
135.553 139.658 142.518
138.770 140.965 142.407
135.825 137.645 139.202
135.809 140.392 142.543
135.528 138.340 142.185
139.137 140.645 142.845
138.787 140.587 143.575
135.588 139.661 142.630
135.720 139.529 142.427
138.723 140.429 142.746
138.814 141.683 142.630
135.796 139.684 142.710
138.745 141.252 142.694
135.778 141.092 142.730
135.584 140.326 142.546
138.720 139.824 142.715
138.843 140.314 142.353
135.609 138.948 142.244
135.928 141.041 142.587
138.775 140.922 142.511
135.764 140.590 143.216
138.657 140.055 142.151
138.646 140.250 142.189
135.565 139.615 142.470
135.663 138.978 142.170
139.139 141.640 142.487
138.738 139.017 139.450
135.819 138.929 141.859
135.694 140.240 142.655
138.819 140.201 141.974
135.898 139.825 142.754
135.659 138.279 142.338
135.904 139.361 143.162
138.578 140.918 142.676
138.831 140.269 142.317
138.961 141.665 142.819
135.649 139.077 142.723
138.885 140.401 142.779
138.956 141.048 142.607
138.642 139.888 142.247
139.348 141.871 142.990
135.791 140.223 142.235
138.748 140.288 142.470
139.155 141.028 142.506
135.889 139.738 142.965
138.681 140.411 142.706
139.084 141.607 142.994
135.872 138.727 142.630
135.585 140.307 142.326
138.749 139.839 142.387
135.671 139.786 142.556
138.836 140.284 142.529
135.497 138.329 142.640
135.544 139.482 142.341
138.882 140.863 142.230
135.812 138.541 142.448
135.962 139.888 142.858
138.675 140.731 142.378
135.687 138.367 142.042
135.860 139.863 142.771
135.737 138.524 142.397
135.662 141.042 142.797
138.795 140.403 142.558
138.636 139.913 142.260
138.696 140.913 142.647
139.179 141.032 142.334
138.769 139.825 142.695
138.725 140.431 142.344
135.838 138.924 141.931
138.796 140.368 142.845
135.693 140.307 142.318
135.667 139.179 142.827
135.639 138.977 142.403
138.964 141.025 142.333
138.848 140.367 142.442
135.953 140.416 142.779
135.902 140.237 142.167
135.736 138.992 142.691
135.854 139.915 142.930
135.898 139.637 142.072
136.004 139.671 142.542
135.816 139.097 142.607
138.855 140.571 142.932
135.717 139.663 142.452
139.238 141.046 142.786
135.620 139.741 142.768
138.750 140.303 142.488
135.720 138.934 141.991
138.732 140.277 142.643
138.676 140.109 142.410
135.847 138.940 141.949
135.749 139.825 142.452
139.314 141.597 142.327
135.942 140.316 142.362
138.890 140.831 142.161
138.909 139.812 142.747
135.739 139.766 142.714
138.727 140.441 142.649
135.702 138.567 142.499
138.778 140.989 142.872
127.474 131.450 137.248
131.038 132.953 135.082
130.991 131.866 133.791
128.101 132.111 136.641
128.301 132.839 135.959
130.726 133.773 136.668
127.646 131.968 136.937
128.287 131.656 136.887
127.786 132.306 134.260
128.245 131.152 136.756
128.298 131.779 136.733
128.225 130.681 131.595
130.684 131.713 133.526
128.120 131.189 133.522
127.394 132.637 138.544
130.662 132.345 134.484
130.684 132.635 134.354
130.754 132.874 137.180
130.660 131.644 133.042
138.985 139.209 139.534
138.765 140.930 142.832
135.776 137.829 139.394
138.699 141.208 142.914
135.747 140.907 144.909
142.216 142.459 142.639
135.730 139.784 142.436
138.724 140.229 142.382
138.670 140.562 143.237
138.857 140.301 142.223
138.638 141.461 142.752
138.900 140.381 142.429
135.752 140.355 142.730
135.818 138.391 139.458
138.816 140.336 142.397
138.627 139.785 142.542
138.791 139.911 142.063
137.501 139.981 142.407
136.024 139.628 142.348
138.833 141.156 142.854
135.633 137.510 138.748
139.013 141.016 142.425
138.669 141.116 142.680
135.738 140.468 142.565
138.979 139.808 142.412
135.898 140.162 142.205
138.691 140.216 142.301
135.589 139.768 142.912
135.582 140.207 142.246
135.971 139.179 142.411
135.804 139.605 142.327
135.612 138.963 142.029
135.761 139.691 142.769
138.650 140.992 142.494
135.682 138.897 142.238
138.805 139.708 142.441
135.745 140.337 142.625
135.822 138.865 142.312
138.797 141.506 144.108
135.664 137.702 142.474
138.829 141.061 142.915
135.658 139.003 142.738
138.774 139.746 142.522
135.661 139.664 142.359
139.216 141.293 142.894
135.570 140.147 142.369
138.874 139.748 142.807
135.982 139.785 142.686
139.067 141.180 142.733
135.654 138.933 141.733
138.817 140.824 142.270
139.114 141.696 142.744
138.847 141.012 142.784
138.665 141.563 142.797
139.468 141.557 142.238
138.986 140.604 142.297
138.905 140.420 142.594
138.836 141.512 142.375
135.561 140.328 142.640
138.679 139.570 142.431
138.672 140.251 142.490
138.787 140.769 142.178
138.816 140.498 142.662
139.070 139.803 142.424
138.757 141.634 142.712
135.521 139.016 142.013
135.508 136.268 138.844
135.733 139.931 142.867
135.632 138.331 139.223
135.711 139.860 142.775
135.654 139.070 142.280
138.840 140.237 142.594
138.874 140.456 142.566
142.075 142.455 142.767
135.855 140.582 143.267
138.764 139.601 141.925
138.776 139.668 142.675
139.065 140.346 142.451
138.777 139.115 139.535
138.611 139.031 139.478
138.820 139.858 142.538
138.814 140.394 142.453
135.612 139.669 142.493
138.797 140.168 141.942
139.144 140.375 142.294
135.645 138.356 139.354
138.718 139.689 142.326
135.527 138.330 142.059
138.799 139.479 141.815
138.880 140.885 142.347
135.598 138.222 142.153
138.656 140.682 143.648
138.865 141.656 142.661
141.746 142.002 142.446
139.077 140.891 142.186
138.657 141.032 142.695
135.665 138.200 138.978
135.716 140.397 142.817
135.909 139.717 142.454
139.121 140.458 142.614
135.550 139.582 142.442
138.599 139.576 142.471
138.801 140.426 142.689
135.572 139.607 142.419
138.674 140.071 142.170
138.986 141.030 142.801
138.970 141.682 142.651
135.520 139.542 142.279
135.678 139.489 142.381
139.067 140.983 142.484
135.700 139.035 142.614
135.480 139.705 142.728
138.765 140.967 142.688
138.554 140.183 142.564
139.209 140.419 142.588
139.253 141.749 142.603
135.709 138.413 139.286
138.671 140.261 142.565
138.698 140.159 142.222
135.548 138.860 142.405
138.919 140.479 142.728
135.817 140.548 142.759
139.258 141.552 142.673
138.632 140.172 142.297
138.700 141.060 142.620
135.981 140.355 142.459
135.779 139.967 143.736
135.534 138.891 142.239
138.638 139.649 142.228
135.572 139.058 142.566
138.777 140.764 142.171
141.700 142.103 142.833
135.666 138.525 139.716
135.698 139.586 142.512
135.452 140.272 142.683
135.557 140.828 142.337
138.601 139.082 139.419
138.885 140.287 142.226
138.785 141.635 142.913
135.561 137.656 139.219
138.699 140.254 142.681
138.889 139.972 142.295
138.743 141.140 143.455
138.944 140.936 142.345
135.829 139.764 142.646
135.606 137.825 139.383
135.644 139.020 142.127
138.620 139.647 142.751
135.593 139.489 142.094
138.897 140.137 141.881
138.659 140.151 142.427
139.017 140.388 142.373
139.212 141.368 143.522
138.633 139.626 142.164
138.858 141.004 142.581
135.755 139.543 142.401
138.817 140.964 142.737
135.732 139.037 142.330
138.669 140.324 142.455
135.823 139.020 142.416
135.866 139.670 142.155
138.952 139.739 142.361
135.509 140.345 142.597
136.065 139.055 141.945
138.695 140.278 142.428
135.902 139.713 142.434
139.143 140.571 142.813
139.081 140.425 142.709
135.719 140.324 142.492
135.540 138.410 142.464
135.604 138.503 142.655
135.705 140.310 143.036
139.262 141.335 142.858
139.240 141.644 142.720
138.734 141.524 142.516
138.633 140.300 142.356
138.645 140.964 142.979
138.613 140.340 142.516
135.570 139.342 142.483
135.603 138.959 142.579
135.786 139.250 142.771
138.748 139.696 142.541
139.075 140.529 142.715
138.670 140.286 142.558
138.770 140.351 142.375
135.736 138.830 141.999
135.522 139.809 142.798
138.701 140.798 142.567
135.548 139.405 142.278
135.540 139.611 142.477
138.785 140.234 142.127
135.510 138.456 142.704
135.683 139.145 142.241
138.606 140.044 142.517
135.697 139.564 142.893
139.019 140.296 142.077
138.876 141.072 142.914
135.573 139.591 142.277
138.879 139.041 139.148
138.792 139.619 142.096
136.378 139.309 142.691
138.603 140.235 142.359
138.583 138.968 139.341
138.820 140.833 142.668
138.936 140.768 142.946
139.183 141.005 143.050
138.663 139.511 142.105
135.927 140.941 142.632
135.509 139.065 142.484
135.508 140.098 142.293
138.602 140.147 142.275
135.700 141.085 142.729
135.628 140.096 142.111
138.661 140.261 142.342
135.532 138.404 142.336
135.648 139.475 142.303
135.511 138.881 142.165
138.620 140.496 142.218
135.825 139.476 144.862
135.639 139.049 142.649
138.864 141.606 142.570
138.583 140.307 142.917
139.325 141.315 142.601
138.602 140.540 143.826
135.654 139.698 142.626
135.699 139.737 142.946
138.958 140.372 142.545
139.025 140.959 142.368
135.643 139.578 142.320
138.793 140.965 142.643
135.651 138.337 142.411
135.791 139.714 142.421
138.894 140.939 142.370
138.675 140.447 142.821
142.313 142.550 142.962
135.908 139.325 142.788
139.122 140.551 142.603
138.844 140.305 142.161
135.615 138.500 142.589
137.120 140.610 142.392
135.663 139.050 142.219
135.657 139.535 141.995
138.884 140.429 142.788
137.493 138.764 139.349
135.757 141.182 143.547
138.705 140.952 142.845
135.731 139.012 142.469
139.000 141.537 142.735
138.845 140.924 142.869
138.685 140.148 142.216
135.500 138.929 142.461
135.637 139.603 142.237
138.783 140.894 142.595
138.659 138.960 139.268
135.617 140.293 142.540
135.707 138.398 142.343
135.621 139.046 142.882
135.535 139.554 142.644
138.627 140.236 142.505
138.675 140.441 142.771
135.561 138.318 142.432
138.756 140.337 142.561
139.037 141.614 142.746
138.681 139.711 142.530
139.100 140.337 142.176
135.627 139.650 142.609
135.522 141.901 146.631
135.741 139.711 142.693
138.643 139.604 142.264
135.830 139.795 142.760
138.728 139.643 142.222
138.758 141.017 142.822
135.891 140.364 142.261
138.742 140.547 142.836
138.722 140.306 142.934
138.773 139.708 142.373
139.028 141.008 142.402
136.211 140.339 142.793
135.656 138.821 141.763
138.700 140.233 142.308
138.720 140.903 142.733
138.642 140.069 141.921
141.992 142.219 142.462
138.639 139.121 139.471
135.615 139.530 142.620
136.766 139.809 142.640
135.680 141.183 142.865
138.759 139.680 142.661
138.673 140.341 142.341
135.510 138.810 142.148
138.923 139.961 142.690
138.605 140.176 142.275
138.896 140.997 142.540
138.782 140.314 142.396
138.981 141.561 143.266
138.711 139.759 142.663
135.739 139.125 142.318
138.627 140.883 142.377
135.420 140.925 142.586
138.780 140.847 142.433
135.530 138.348 139.311
135.697 139.766 142.719
138.586 140.783 142.507
138.720 139.582 142.320
139.094 140.956 142.260
135.575 139.468 142.117
139.248 141.666 142.616
135.715 138.380 142.222
139.224 141.308 142.694
135.706 137.748 139.197
138.698 140.929 142.468
138.732 140.272 142.456
138.643 140.746 142.487
138.824 140.377 142.571
135.724 141.101 142.756
139.076 140.508 142.515
135.689 140.361 142.745
139.222 141.648 142.387
138.802 139.046 139.456
135.656 138.926 142.228
135.816 140.260 142.304
138.849 139.709 142.412
135.611 139.527 142.094
135.932 139.889 143.561
138.828 140.295 142.549
139.059 140.253 142.174
138.806 140.617 142.424
139.036 139.905 142.611
135.641 139.547 142.257
138.755 139.730 142.264
139.155 140.912 142.182
135.615 141.079 142.650
135.941 139.888 142.828
138.703 140.282 142.353
135.843 139.115 142.537
138.857 141.180 142.716
138.821 140.097 142.000
138.762 141.744 142.578
135.690 138.932 141.700
135.795 137.733 139.265
135.585 138.594 142.492
138.661 140.964 142.824
135.814 140.274 142.238
135.927 138.404 142.181
135.921 139.812 142.688
138.857 139.648 142.080
139.009 140.607 142.948
138.848 141.100 142.670
138.892 140.262 142.252
138.775 140.442 142.386
138.659 139.009 139.252
138.904 140.343 142.321
138.694 141.061 142.571
138.860 140.969 142.752
135.645 140.625 142.831
138.934 140.243 142.138
138.827 140.387 142.668
139.044 140.438 142.493
138.905 141.141 142.606
139.128 142.010 145.516
138.979 140.995 142.545
138.744 138.901 139.005
135.789 138.322 139.245
139.353 141.536 142.175
138.839 139.890 142.905
135.759 140.455 142.380
138.677 140.598 142.367
135.614 138.378 142.240
138.653 139.047 139.228
138.983 141.086 142.763
135.539 139.761 142.867
135.583 140.444 142.728
138.799 141.226 142.862
138.747 141.654 142.646
135.695 140.013 143.835
136.955 141.132 144.085
135.956 138.339 139.259
135.986 141.111 142.512
138.912 141.621 142.542
138.758 140.345 142.591
139.447 141.021 142.293
135.768 139.034 142.302
139.159 141.339 143.851
139.160 140.501 142.891
138.902 139.676 141.960
138.991 140.919 142.205
135.888 139.642 142.243
135.599 139.704 142.832
135.818 139.555 142.177
138.764 141.084 142.523
138.953 139.927 142.390
135.829 139.079 142.572
135.481 140.401 142.633
135.666 138.477 142.587
135.839 138.575 142.704
139.162 141.812 143.621
138.934 140.565 142.865
136.006 139.915 142.917
139.049 139.792 142.172
141.953 142.351 142.776
138.009 140.235 142.332
139.170 140.981 142.244
138.711 140.469 142.752
139.108 141.694 142.829
139.049 141.197 142.921
138.894 140.468 142.312
138.633 139.697 142.753
135.823 139.156 142.317
135.684 139.657 142.737
141.984 142.329 142.489
135.542 139.740 142.521
136.120 141.235 142.688
135.700 139.795 142.744
138.920 141.009 142.578
135.754 139.927 142.494
139.045 140.453 142.428
139.063 139.869 142.471
135.815 139.477 142.595
139.093 141.782 143.041
135.873 139.643 142.015
138.924 141.742 142.733
138.806 140.891 142.216
135.827 139.911 142.875
135.717 139.720 142.451
138.867 140.558 142.702
135.908 139.062 142.406
135.780 139.052 141.975
135.829 140.017 142.859
138.988 141.179 142.813
135.732 139.770 142.657
138.882 141.168 142.739
135.702 140.479 142.964
135.703 140.351 142.634
139.641 141.955 142.790
135.606 138.547 139.818
139.119 140.468 141.997
135.605 138.980 142.437
139.145 141.297 143.010
138.881 141.141 142.767
139.139 140.588 142.724
138.959 139.923 142.245
139.136 141.648 142.578
138.958 139.725 142.515
135.769 139.821 142.818
139.303 141.854 142.831
138.741 141.051 142.857
135.750 139.687 142.676
139.210 141.602 142.411
139.077 141.797 142.593
139.187 141.765 142.480
139.114 141.683 142.454
138.784 140.462 142.573
138.719 140.218 142.541
138.909 141.795 142.800
138.935 140.359 142.362
135.715 139.259 142.846
135.795 139.082 142.076
135.577 138.373 142.336
138.820 141.718 142.853
139.154 140.166 142.706
135.799 138.996 141.942
135.530 138.917 142.319
135.688 140.386 142.604
138.732 141.161 143.064
138.762 139.596 142.359
139.004 141.738 142.802
135.970 140.591 142.666
139.080 142.387 145.214
135.854 139.152 142.912
138.734 140.376 142.856
135.740 139.853 143.012
135.839 140.355 142.490
135.855 139.653 142.116
139.076 141.719 142.440
135.690 139.639 142.123
138.949 140.436 142.480
138.733 141.184 142.900
135.647 140.487 142.527
135.815 138.997 142.131
139.270 140.747 143.000
138.805 139.731 142.394
138.735 140.296 142.473
136.137 139.671 142.490
135.684 140.339 142.680
139.024 140.919 142.691
138.734 140.448 143.042
135.802 139.187 142.530
139.216 140.436 142.048
135.841 138.733 142.649
139.058 141.161 142.736
138.730 140.656 142.384
135.789 139.525 142.353
138.830 140.954 142.489
135.746 139.832 142.777
138.835 140.420 142.705
135.723 138.992 142.387
135.652 137.810 139.281
138.659 141.676 142.966
135.763 139.142 142.701
139.055 141.008 142.579
138.648 139.759 142.310
135.690 140.224 142.310
135.738 138.407 141.972
139.042 141.727 143.707
139.259 141.051 142.349
138.950 140.264 144.773
138.165 139.477 142.225
138.665 139.665 142.665
138.734 140.943 142.435
135.645 138.362 141.973
138.806 139.773 142.110
138.675 140.438 142.613
139.157 141.702 142.451
141.970 142.131 142.370
138.952 140.394 142.400
135.732 140.530 143.425
138.924 141.210 142.857
138.613 140.330 142.672
138.824 140.294 142.633
142.140 142.456 142.739
138.980 141.050 143.027
141.819 142.243 142.624
135.720 140.560 142.948
139.063 140.992 142.295
135.680 140.436 142.611
135.637 140.411 142.670
139.238 141.082 142.620
135.999 139.732 142.416
135.769 139.878 142.740
139.344 141.081 142.517
138.732 139.489 142.012
135.739 139.873 143.071
135.789 138.461 139.202
138.611 140.216 142.318
135.933 139.681 142.415
138.737 139.658 142.398
135.604 139.756 143.004
135.797 139.926 142.828
139.185 141.199 142.747
135.901 139.921 142.306
139.245 141.195 143.059
135.711 138.325 141.757
139.176 141.292 142.858
138.883 141.225 143.401
135.677 138.256 142.158
135.713 139.919 142.860
139.394 141.194 142.567
139.051 141.089 142.406
138.889 141.724 142.538
135.497 140.881 142.616
138.811 139.065 139.313
135.663 140.288 142.336
135.550 138.955 142.185
138.655 140.169 142.330
138.789 139.731 142.341
138.859 140.407 142.688
139.315 141.047 142.584
138.719 141.164 142.709
138.855 140.238 142.136
135.846 140.526 142.738
135.736 139.030 141.923
139.350 142.326 145.486
138.760 140.320 142.347
135.713 140.047 144.292
136.037 139.056 142.743
135.687 140.275 142.689
135.772 140.410 142.606
135.702 139.980 143.085
135.778 139.833 142.319
138.764 140.189 142.295
139.048 140.720 143.156
139.410 141.378 142.799
138.889 141.529 142.367
135.676 141.183 142.904
135.733 138.533 142.488
135.566 138.998 141.981
138.765 140.141 142.330
138.878 141.179 142.827
138.731 140.445 142.762
138.781 141.497 142.320
139.369 141.683 142.449
139.169 141.173 142.583
139.237 141.788 142.831
135.676 139.854 142.693
138.700 140.877 142.547
138.799 140.970 142.586
135.839 138.459 139.319
138.859 141.127 142.511
138.785 141.256 142.911
135.707 139.582 142.609
165.148 170.792 175.259
138.817 140.332 142.751
138.879 140.305 142.099
141.845 142.259 142.875
138.706 140.509 142.631
138.712 139.642 142.698
139.201 141.392 143.831
138.779 141.264 142.873
135.761 139.852 142.818
135.870 139.889 142.779
138.806 140.825 142.337
138.859 140.436 142.812
138.716 140.944 142.554
135.668 138.352 142.424
135.819 139.785 142.641
138.893 141.458 142.474
142.002 142.276 142.755
138.742 140.641 143.917
138.655 139.123 139.454
135.861 140.933 142.465
138.794 139.052 139.308
138.827 140.364 142.722
138.852 139.740 142.647
138.968 141.773 142.647
138.847 140.824 142.179
135.791 139.043 142.321
135.751 139.096 142.743
138.973 140.192 141.935
139.216 141.624 142.529
138.698 139.580 142.058
138.756 139.622 142.336
135.748 139.488 141.950
139.063 141.021 142.538
138.783 140.834 142.373
135.764 138.347 139.142
139.139 140.002 142.096
135.810 139.163 143.009
135.561 141.157 142.812
138.918 141.239 143.532
135.603 139.112 142.718
135.696 140.403 142.895
135.770 139.397 142.401
135.789 139.602 142.520
135.651 140.390 142.626
135.623 139.167 142.701
139.156 141.800 142.849
139.218 141.641 142.875
138.560 139.528 141.992
135.647 139.659 142.506
135.688 139.834 142.746
138.940 140.317 142.217
135.610 139.100 142.280
135.633 139.658 142.588
138.859 141.268 142.853
138.751 140.242 142.237
138.842 140.333 142.584
135.610 139.699 142.683
138.864 140.991 142.751
138.984 141.047 142.538
139.360 141.689 142.504
138.660 140.131 142.156
135.766 139.679 142.943
135.492 139.611 142.401
139.215 141.020 142.465
139.164 140.560 142.816
138.751 141.222 143.876
135.569 138.298 142.336
138.648 140.486 142.845
135.552 138.155 139.079
138.716 140.219 142.248
139.032 140.333 142.222
135.519 139.496 142.934
139.234 141.792 142.732
138.782 140.964 142.573
135.811 140.600 143.047
135.702 140.375 142.601
138.870 140.924 142.262
138.749 139.683 142.573
138.649 139.229 139.691
139.168 141.717 142.575
135.515 139.654 142.445
135.737 140.507 142.672
135.762 138.425 139.279
138.758 140.984 142.946
139.102 139.849 142.444
138.910 140.484 142.874
135.850 138.382 139.226
136.058 140.782 144.925
135.676 138.480 142.295
135.754 139.724 142.637
138.958 140.533 142.853
136.404 139.362 142.811
135.727 138.258 141.831
138.866 141.750 142.846
135.879 139.621 142.087
135.541 139.001 142.761
135.520 139.492 142.501
138.752 139.505 142.265
135.594 140.586 142.930
138.892 140.408 142.524
135.724 140.267 142.416
138.907 141.247 142.869
138.854 140.913 142.407
135.925 140.103 143.746
138.958 140.318 142.760
135.778 139.138 142.488
135.503 139.052 142.585
135.689 137.057 139.339
139.002 140.399 142.349
138.753 140.395 142.865
138.863 140.193 142.308
135.790 139.638 142.459
135.640 139.811 142.522
138.790 140.057 142.035
138.694 140.896 142.407
138.711 140.484 142.909
135.943 140.494 142.663
138.806 139.648 142.368
138.704 140.359 142.322
135.693 140.238 142.280
135.704 139.770 142.854
136.067 140.056 142.355
138.773 141.374 144.034
138.705 140.119 141.902
139.250 141.914 143.301
138.931 140.871 142.241
135.885 140.186 142.936
139.333 141.086 142.786
138.988 141.549 142.513
136.012 140.526 145.062
135.597 140.335 142.760
135.928 138.505 139.779
139.141 141.753 142.784
135.946 139.830 142.688
135.617 138.275 142.615
139.325 141.788 142.606
139.012 140.548 142.881
138.694 141.090 145.993
135.515 140.002 144.107
135.472 138.349 142.312
138.889 140.968 142.342
135.514 139.180 142.369
135.634 139.033 142.284
139.315 141.349 142.865
141.838 142.166 142.364
135.679 140.248 142.392
135.721 138.926 141.931
138.992 141.495 142.427
135.643 138.844 142.659
135.759 138.954 142.494
138.849 140.891 142.642
138.716 140.331 142.797
139.325 141.947 142.885
138.659 140.353 142.669
138.906 139.783 142.391
138.843 139.732 142.341
139.285 142.035 142.915
142.531 142.905 143.778
138.868 140.536 142.300
135.620 139.664 143.261
135.718 137.670 139.147
135.460 139.489 142.125
135.940 139.497 143.526
135.547 138.842 142.117
135.823 140.442 142.504
138.726 140.925 142.517
138.802 140.235 142.384
135.651 138.488 142.712
139.176 141.198 142.729
138.741 141.690 142.825
138.807 140.371 142.837
135.862 140.271 142.666
138.594 140.394 142.801
138.685 140.820 142.412
135.614 137.782 139.396
135.807 138.428 139.367
138.869 141.099 142.860
138.731 138.959 139.261
135.937 138.316 139.269
135.568 140.470 142.807
135.764 138.432 142.147
138.627 138.975 139.215
135.914 140.441 142.486
139.222 141.882 142.568
139.483 141.850 142.761
138.897 141.459 142.789
137.026 139.339 142.749
138.849 141.065 142.644
135.786 137.814 142.950
138.703 140.887 142.318
135.982 139.629 142.435
135.749 139.108 142.135
139.151 141.150 142.818
135.940 140.331 142.531
139.104 140.377 142.521
135.870 141.067 142.676
135.513 140.223 142.592
135.879 139.672 142.246
135.656 139.624 142.571
135.774 139.021 142.396
138.818 140.895 142.486
138.906 140.894 142.292
135.741 139.003 142.447
135.789 139.553 145.004
138.831 140.980 142.360
135.721 140.402 142.365
136.541 140.030 142.710
135.622 140.146 144.571
138.890 140.376 142.797
135.656 140.433 142.472
136.573 140.568 142.420
138.905 141.257 143.077
138.773 139.926 142.749
135.486 138.443 142.727
138.790 139.636 141.983
135.969 140.528 142.634
135.539 139.560 142.286
138.800 140.938 142.320
135.860 139.771 142.724
138.725 139.742 142.778
139.098 139.779 142.215
135.641 137.554 142.051
139.182 140.957 142.294
135.705 140.998 142.703
138.935 142.425 145.051
139.028 141.129 142.844
135.604 139.849 143.062
135.870 139.795 142.798
135.864 139.061 141.972
135.549 138.423 142.230
135.805 139.107 142.759
139.029 140.896 142.271
135.774 139.745 142.769
138.719 140.063 142.133
138.716 140.504 143.114
138.795 139.638 142.229
138.673 140.997 142.689
135.691 140.440 143.170
135.605 140.861 142.618
139.012 141.646 142.890
135.872 139.113 142.332
135.559 139.773 142.575
135.811 139.751 142.598
135.672 140.198 142.127
139.128 141.304 143.321
138.916 141.174 142.741
138.896 140.314 142.349
138.769 140.364 142.471
138.756 139.784 142.610
135.586 140.265 142.744
138.570 141.635 142.602
135.902 139.080 145.754
138.775 141.585 142.839
135.821 139.040 142.094
135.637 139.179 142.788
135.714 138.507 142.809
138.879 140.974 142.481
138.942 140.927 142.701
136.268 140.469 142.367
138.780 139.005 139.234
139.118 141.239 142.926
135.747 140.567 142.693
135.628 139.692 142.761
138.757 141.018 142.653
135.709 139.717 142.671
135.700 139.613 142.270
138.916 141.157 142.837
138.916 141.179 142.835
138.843 141.230 142.728
138.904 140.271 142.148
139.149 141.249 142.730
135.659 137.620 139.098
138.731 140.237 142.241
135.643 139.560 142.082
138.697 139.677 142.810
135.650 140.456 142.846
135.935 139.801 142.545
135.929 139.855 143.141
135.527 140.559 142.729
135.664 139.638 142.380
135.859 139.781 142.832
139.038 139.849 142.556
138.675 139.620 141.919
136.028 138.919 142.156
138.790 139.678 142.317
138.662 140.742 142.024
138.937 139.836 142.574
135.645 139.034 142.417
138.957 141.792 142.802
138.656 140.237 142.451
139.041 141.005 142.492
138.729 140.283 142.122
139.036 141.170 142.816
138.785 140.770 142.147
138.648 141.560 142.904
135.704 140.303 142.982
139.084 140.542 142.806
138.933 139.728 142.523
135.538 140.366 142.649
135.804 140.323 142.502
138.743 139.711 142.222
138.690 142.044 144.406
135.706 140.523 142.746
135.991 138.403 139.276
135.003 139.673 142.088
138.352 140.429 141.887
138.358 139.604 141.788
138.277 139.636 141.678
138.112 140.344 141.918
134.831 136.828 141.347
134.781 139.639 142.022
135.034 139.467 141.822
134.707 138.080 141.289
134.898 139.277 141.148
138.247 140.599 141.397
134.791 138.137 141.687
134.759 139.566 141.898
134.782 138.661 141.302
134.693 138.034 141.362
138.578 140.007 142.095
135.263 139.269 142.190
138.116 139.044 141.743
135.319 139.330 142.363
135.183 138.536 141.519
135.398 138.589 141.826
135.210 139.295 142.250
135.326 138.938 141.483
135.349 139.285 141.975
138.276 140.644 142.477
138.222 140.570 142.386
138.199 139.032 141.805
138.230 140.116 142.901
135.092 139.154 141.867
135.193 139.833 142.094
138.295 139.308 141.930
135.154 139.457 142.221
135.194 137.988 142.208
141.437 141.658 141.936
135.300 138.678 142.252
135.150 137.936 141.885
135.067 139.876 142.077
138.767 141.179 142.165
135.272 139.831 142.314
138.562 139.862 141.835
138.249 140.363 141.948
138.230 140.543 142.108
135.455 137.918 138.679
138.632 141.309 142.095
135.176 139.168 141.806
138.304 140.032 142.210
138.249 139.305 142.211
135.138 139.032 141.675
135.294 138.997 141.635
138.430 140.651 142.654
136.801 138.744 141.160
134.992 140.119 143.571
138.274 141.365 142.608
138.108 140.452 142.384
135.079 139.971 142.345
138.493 139.908 142.152
138.331 140.404 142.037
135.195 140.404 143.353
138.358 140.003 142.124
135.308 137.980 139.128
138.867 141.301 142.219
138.546 141.591 143.391
135.818 138.549 142.733
138.902 139.680 142.019
139.132 141.507 142.419
138.673 139.827 142.770
135.687 137.016 139.229
135.543 138.348 142.256
135.614 140.269 142.490
135.708 139.813 142.543
135.802 140.304 142.381
142.892 147.037 150.197
146.499 148.872 149.900
145.848 148.694 149.908
146.232 148.223 149.666
142.977 146.556 149.571
146.415 148.244 149.473
146.234 148.300 149.814
142.868 146.224 149.749
142.997 146.297 149.948
143.327 146.999 149.532
145.939 146.913 149.594
142.817 146.295 149.467
143.033 146.359 149.593
142.887 146.938 149.723
142.980 146.245 149.523
146.053 148.326 150.114
146.236 147.575 149.335
146.857 149.060 149.980
145.916 148.286 150.079
142.876 145.640 146.521
143.273 147.006 149.717
142.867 146.956 149.878
146.027 146.990 149.745
143.021 145.716 146.512
146.185 146.570 146.814
142.775 146.092 149.574
146.044 147.623 149.932
146.352 148.809 149.496
146.270 148.763 151.957
142.774 146.277 150.026
142.817 145.559 149.588
142.931 146.474 150.023
146.152 146.918 149.511
146.343 148.307 150.103
146.047 148.195 149.986
143.040 146.203 149.179
146.598 148.949 149.917
146.176 147.532 149.492
145.968 148.241 149.722
143.134 147.671 149.614
143.102 144.986 146.466
144.615 147.648 150.970
146.419 147.466 150.065
145.928 147.728 149.933
142.770 146.887 149.604
142.868 146.947 149.737
146.050 147.643 149.621
146.189 147.622 149.578
143.018 145.660 149.833
142.950 146.281 149.691
143.050 147.119 149.894
145.961 148.315 149.875
143.048 146.932 149.859
145.933 148.267 149.973
142.828 145.510 149.528
146.087 146.323 146.645
143.005 145.020 149.436
143.237 147.444 149.628
143.107 146.506 149.974
143.121 148.260 149.656
142.753 144.918 146.628
146.168 147.594 149.503
143.036 144.968 146.581
146.253 147.601 149.683
143.431 145.617 146.330
142.994 146.375 149.625
143.036 146.293 149.747
143.058 146.584 149.561
142.995 146.734 149.524
146.008 146.806 149.181
142.854 144.910 149.127
145.894 147.646 150.018
142.959 147.638 149.609
142.925 147.563 149.735
142.993 146.298 149.858
145.992 147.368 149.531
143.194 146.900 149.521
145.946 147.502 149.778
146.014 148.019 149.517
143.094 146.277 149.329
142.987 146.308 149.414
142.888 148.276 149.905
145.840 147.591 149.956
142.778 146.154 149.436
143.047 146.804 149.892
142.757 146.735 149.667
143.134 147.731 149.913
145.886 147.482 149.676
145.895 146.860 149.791
146.564 147.818 149.852
149.201 149.582 149.805
142.911 145.640 149.831
143.087 146.372 149.554
142.833 146.972 149.814
145.985 147.539 149.652
142.935 147.908 151.063
142.849 144.899 146.526
145.970 146.979 149.962
146.197 147.716 149.906
146.339 148.957 150.025
143.006 146.954 149.982
146.038 147.387 149.372
142.953 147.813 150.026
142.901 144.976 146.456
146.091 148.737 149.758
143.096 146.971 150.293
142.942 146.776 149.433
146.638 148.349 150.812
142.907 147.001 149.670
145.857 148.010 152.049
146.379 148.263 149.540
142.860 145.994 149.438
142.972 146.869 149.287
146.216 147.468 149.249
142.872 144.964 146.514
143.150 146.377 149.363
145.901 147.386 149.533
139.321 141.108 142.727
135.550 138.908 142.381
135.518 139.043 142.124
139.212 140.992 142.301
138.829 139.650 142.207
138.601 140.132 142.308
136.114 138.417 139.165
135.767 138.246 141.801
138.829 139.738 142.703
138.821 140.149 141.932
135.686 139.673 142.718
138.815 140.367 142.956
138.896 140.451 142.663
135.763 140.324 142.432
138.735 140.988 142.650
138.629 140.914 142.648
138.863 140.374 142.470
135.872 139.767 142.382
135.698 139.653 142.501
138.796 141.588 142.776
138.876 140.928 142.857
138.851 140.335 142.377
138.847 139.694 142.358
138.672 139.545 142.290
138.881 140.417 142.440
138.591 140.048 142.229
138.762 140.284 142.715
135.659 139.153 142.711
135.504 139.466 142.564
138.794 139.768 141.961
135.973 139.086 142.058
138.860 140.314 142.680
135.790 139.718 142.443
135.718 139.622 142.578
139.068 140.397 142.348
135.868 139.708 142.760
135.579 139.843 143.260
138.747 141.722 142.783
135.722 141.109 142.666
138.807 141.130 142.886
139.055 140.389 142.693
138.758 140.449 143.182
139.001 141.132 142.715
138.624 140.618 142.530
138.839 140.980 142.437
138.573 140.289 142.856
135.772 139.627 142.601
138.600 141.525 142.633
135.968 139.194 142.500
135.480 138.321 142.940
138.662 140.308 142.801
138.790 139.823 142.819
135.772 139.046 142.615
141.930 142.149 142.630
138.935 141.129 142.649
135.987 140.583 142.773
135.523 138.824 142.070
138.777 141.011 142.910
139.138 141.283 142.980
138.866 141.512 142.775
135.758 138.452 142.175
135.603 138.994 142.707
139.128 140.629 143.367
135.698 137.676 141.884
139.043 141.660 142.639
135.793 141.150 142.853
138.634 140.108 142.201
138.774 139.675 142.325
135.862 139.250 142.924
135.812 139.734 142.590
138.372 139.376 141.902
138.629 139.727 142.405
139.056 141.082 142.457
138.980 140.508 142.684
138.807 139.740 142.081
138.953 141.564 142.718
135.505 139.152 142.946
138.879 141.114 142.602
138.679 140.383 142.823
135.475 138.345 139.229
138.919 140.328 142.372
135.675 139.487 142.259
142.261 142.657 142.967
135.926 139.642 142.335
139.135 141.062 142.568
135.617 139.234 142.687
138.789 140.426 142.496
135.686 139.257 143.015
138.728 141.075 142.623
135.881 139.599 142.220
138.754 141.039 142.524
138.725 140.308 142.977
138.842 140.287 142.437
135.677 138.877 142.024
138.898 140.267 142.347
138.727 140.818 142.099
138.876 140.424 142.678
135.767 139.617 142.471
135.632 140.351 142.633
138.872 140.355 142.289
135.927 139.557 142.348
135.796 139.650 142.511
135.645 140.518 142.845
138.811 141.202 142.540
138.795 140.944 142.598
135.660 138.355 142.441
139.062 141.628 142.554
135.851 139.102 142.394
135.641 140.504 142.890
135.730 138.887 142.067
138.727 139.743 142.571
139.512 142.692 145.421
139.225 141.327 143.154
135.651 139.597 142.290
138.640 140.437 142.827
138.854 140.663 142.872
138.986 140.400 142.301
135.546 139.592 142.430
137.118 140.100 142.560
136.024 138.349 139.248
138.830 139.958 143.680
135.552 138.470 142.496
135.747 138.542 139.434
139.196 141.324 142.715
135.808 139.143 142.023
135.631 138.454 142.781
138.752 138.920 139.216
135.687 139.766 142.491
138.883 141.128 142.788
135.617 137.087 139.242
135.886 139.305 142.928
138.729 141.066 143.031
139.067 141.239 142.668
135.785 139.853 142.886
135.788 139.166 142.685
139.245 140.548 142.626
138.781 139.039 139.367
138.857 140.522 142.900
139.216 140.600 142.399
138.742 140.391 142.344
135.797 140.276 142.234
138.934 140.322 142.258
139.268 141.174 142.497
138.886 140.522 142.805
135.767 139.674 142.901
135.817 139.773 142.917
135.743 138.431 139.382
135.659 137.139 139.264
139.090 141.625 142.759
138.812 140.331 142.413
135.960 139.091 142.412
138.909 141.190 142.779
135.794 139.085 142.162
135.823 140.421 142.838
135.745 139.692 142.053
138.601 139.075 139.450
135.746 139.058 142.176
138.707 139.607 142.020
138.932 142.326 145.547
138.893 141.659 142.752
135.956 139.892 142.824
138.797 140.437 142.740
139.005 141.160 142.885
135.854 139.435 142.422
138.630 140.899 142.735
139.041 140.509 142.567
138.937 140.720 142.736
136.134 140.529 142.932
135.642 139.639 142.345
138.846 140.979 142.394
138.913 141.178 143.026
135.876 139.684 142.268
138.836 141.446 142.814
135.746 139.023 142.513
135.808 138.992 142.317
138.841 140.357 142.470
139.170 141.009 142.273
138.670 140.538 143.287
139.209 140.422 142.216
135.701 137.784 142.512
137.969 140.090 142.694
139.061 140.468 142.506
138.702 140.074 142.283
139.384 141.902 142.744
139.000 141.129 142.722
135.629 139.047 142.660
135.775 138.489 142.776
135.823 139.810 142.698
139.053 141.711 142.508
138.715 140.294 142.688
142.207 142.426 142.673
139.032 141.220 142.996
138.768 141.475 142.316
138.985 139.730 141.989
138.637 140.798 142.348
139.429 141.700 142.307
135.585 140.304 142.532
135.715 140.242 142.373
139.034 141.038 142.633
138.630 139.479 141.922
135.796 139.100 142.107
138.576 140.222 142.107
135.761 140.242 142.316
139.023 141.036 142.343
135.899 138.993 141.988
138.864 141.773 142.747
142.177 142.509 142.815
136.498 140.880 142.870
135.819 139.875 142.217
135.525 140.414 142.745
138.657 140.956 142.526
138.633 139.650 142.134
138.806 140.262 142.478
135.777 140.386 142.842
138.826 140.939 142.345
135.560 139.116 142.923
135.742 139.569 142.292
135.874 140.444 142.876
138.668 140.268 142.708
135.744 139.631 142.366
138.810 141.029 142.717
135.759 138.443 141.967
139.121 141.130 142.640
135.820 140.246 142.259
135.638 140.203 142.359
135.850 139.714 142.595
138.707 140.977 142.458
135.576 138.348 141.775
138.844 140.405 142.256
138.800 140.657 142.010
138.844 139.813 142.508
139.073 141.636 142.545
138.681 140.718 142.381
135.618 139.745 142.712
138.683 139.739 142.400
135.984 140.425 142.692
138.752 140.443 142.692
135.766 139.848 142.294
138.884 139.693 142.186
138.872 140.985 142.379
138.859 141.705 142.685
136.070 139.795 142.426
135.685 139.035 142.142
135.687 139.762 142.799
139.230 141.722 142.412
138.665 139.654 142.772
135.695 140.303 142.628
139.103 140.426 142.176
139.003 140.450 142.685
139.119 140.477 142.330
138.621 139.505 142.331
141.842 142.345 142.955
139.220 140.707 142.738
138.706 141.657 142.622
138.839 141.571 142.637
138.773 141.107 142.660
135.720 139.533 142.195
135.668 139.704 142.286
135.695 139.730 142.616
138.764 141.915 144.969
135.675 139.575 142.291
135.592 139.065 142.513
135.601 140.268 142.419
135.634 139.268 142.760
135.514 140.924 142.651
138.716 140.427 142.649
138.859 140.367 142.450
135.552 139.630 142.717
139.270 141.099 142.757
139.090 141.165 142.725
135.687 140.943 145.995
138.702 139.698 142.358
139.086 141.064 142.987
138.750 140.331 142.571
138.615 140.393 142.679
138.674 138.932 139.234
135.626 140.404 142.480
139.072 140.363 142.234
135.647 139.647 142.478
138.832 141.092 142.775
139.009 141.024 142.863
135.531 140.233 142.685
139.130 140.912 142.356
135.587 138.570 139.391
135.701 139.056 142.299
135.660 140.232 142.518
135.579 138.436 142.424
135.553 137.745 139.271
135.950 139.759 142.467
135.868 139.782 142.322
135.656 138.583 143.448
135.572 140.469 142.739
138.922 141.716 142.726
135.644 140.347 142.351
135.796 139.047 142.212
138.812 140.308 142.413
135.687 140.137 142.201
139.194 140.564 142.562
138.851 141.037 142.449
139.377 141.504 142.351
138.616 140.299 142.800
138.712 141.219 143.776
138.862 140.860 142.330
136.183 140.531 142.503
139.125 140.916 142.235
138.628 139.563 142.621
139.152 141.149 142.631
138.858 140.666 142.891
135.730 138.953 142.447
139.033 141.215 142.778
135.823 138.926 141.989
135.704 138.894 141.718
135.724 139.701 142.747
138.840 140.434 142.606
135.716 137.633 142.001
135.648 140.303 142.468
138.844 141.747 142.745
136.023 140.441 142.405
135.676 139.139 142.710
138.705 140.300 142.663
135.665 138.773 142.285
135.786 139.912 142.587
139.274 141.145 142.536
139.044 140.392 142.453
135.764 139.601 142.343
138.786 140.990 142.790
138.597 141.730 142.901
135.735 140.335 142.524
138.581 140.054 142.701
138.754 139.042 139.227
138.935 140.117 143.969
138.812 140.190 142.160
138.774 139.729 142.495
138.791 140.419 142.524
138.888 140.353 142.409
135.599 139.644 142.628
135.842 140.981 142.647
138.732 138.989 139.418
135.625 140.754 144.017
138.811 140.505 143.172
138.727 139.717 142.328
138.778 140.859 142.386
135.742 139.160 142.855
135.653 140.469 142.680
135.564 138.825 141.841
138.718 140.935 142.786
136.049 140.573 143.360
135.910 140.935 142.356
138.823 140.449 142.706
138.764 140.327 142.728
135.758 139.087 142.549
139.081 141.325 142.855
135.958 139.817 142.904
135.761 139.645 142.888
138.715 140.493 142.901
135.575 139.509 141.946
135.901 139.838 142.720
139.135 140.931 142.515
138.795 140.305 142.614
139.058 140.470 142.482
135.558 139.194 142.205
139.204 140.479 142.408
138.790 140.353 142.626
138.697 139.672 142.672
135.748 138.338 142.163
135.534 138.412 139.325
135.750 139.684 142.387
138.604 139.620 142.677
135.992 139.705 142.342
135.563 138.935 142.342
142.204 142.663 143.805
135.591 138.999 142.204
139.066 140.771 142.613
139.330 141.775 142.777
135.735 140.621 143.317
135.948 139.691 142.650
135.638 140.248 143.061
138.693 141.561 142.537
138.837 139.777 142.238
139.091 141.019 142.362
138.728 140.315 142.106
138.809 139.964 142.315
138.772 140.939 142.518
135.673 140.002 142.721
138.991 141.118 142.866
135.724 139.684 142.202
138.824 140.315 142.395
135.777 138.991 141.881
139.011 141.649 144.183
138.898 141.639 142.494
138.843 142.015 143.793
138.734 140.435 142.579
138.820 140.207 142.311
135.540 140.256 142.767
135.601 138.907 141.904
138.610 140.221 142.353
139.003 141.140 143.039
135.530 138.308 142.583
135.762 138.990 141.842
135.672 140.498 142.730
135.864 139.684 142.247
139.057 141.165 142.481
135.703 137.094 139.172
138.701 139.784 142.803
136.017 140.564 142.816
135.916 138.146 139.186
138.986 141.155 142.836
135.848 140.913 142.594
135.893 141.086 142.604
135.781 138.949 142.244
138.882 141.311 143.080
138.764 140.989 142.633
138.784 141.686 142.813
138.763 141.777 142.777
138.898 140.471 142.651
135.666 137.853 142.282
138.839 139.674 142.173
139.332 141.272 142.680
140.088 142.410 144.513
135.856 139.122 142.406
138.995 140.649 143.021
135.691 140.363 142.445
135.807 140.334 142.559
138.976 140.356 142.577
135.742 139.216 142.827
138.815 141.690 142.868
135.676 139.620 142.448
138.687 140.395 142.049
138.906 140.398 142.737
135.677 140.455 142.890
139.125 141.266 142.867
139.111 141.277 142.920
139.033 139.805 142.080
135.929 140.406 142.405
138.822 141.044 142.892
138.678 141.832 142.860
139.288 140.544 142.445
138.892 140.425 142.752
136.004 138.909 141.995
135.717 140.839 142.367
135.955 141.867 144.997
135.894 138.957 142.320
138.773 140.262 142.631
138.743 140.938 142.842
135.606 139.625 142.815
139.208 141.081 142.305
138.622 140.364 142.931
135.797 139.748 142.471
135.621 138.412 139.479
139.035 141.572 142.466
139.481 142.305 144.531
135.920 141.251 142.781
139.126 141.231 143.009
135.591 140.977 142.735
138.897 139.836 142.901
138.836 140.411 142.785
135.762 140.051 141.958
136.172 139.958 142.659
138.815 140.851 142.201
138.909 139.729 142.493
135.743 138.426 142.725
135.738 141.046 142.736
138.688 140.544 142.961
139.030 141.122 142.627
138.979 140.423 142.733
135.679 139.119 142.688
135.858 139.840 142.529
136.545 141.190 145.258
135.717 139.656 142.838
135.739 139.746 142.874
135.771 138.916 142.293
138.718 141.111 143.123
141.893 142.129 142.441
138.747 140.938 142.764
139.246 141.227 142.752
138.893 140.926 144.726
138.663 139.776 142.669
135.603 139.704 142.671
135.797 140.220 142.453
135.540 139.160 142.749
135.772 139.006 142.168
138.863 140.176 142.290
139.040 141.114 142.697
138.953 140.356 142.420
135.705 139.013 142.669
135.845 141.072 142.638
135.947 140.541 142.778
135.789 139.335 143.763
135.687 139.102 142.458
138.914 140.416 143.020
139.100 141.269 142.773
135.823 139.026 142.401
135.770 140.391 142.678
135.668 139.729 142.481
138.976 141.068 142.551
135.585 139.624 142.263
138.607 139.565 142.573
138.724 140.177 142.496
138.606 140.182 142.666
139.058 140.690 142.812
139.756 141.742 143.483
135.732 140.445 142.599
138.639 141.421 142.483
135.844 140.423 142.773
138.944 140.979 142.507
138.668 141.220 142.792
138.929 140.261 142.517
135.592 140.270 142.578
138.916 141.059 142.463
135.693 139.924 142.743
135.744 139.548 142.299
139.324 140.551 142.574
138.663 140.977 142.572
138.981 140.431 142.532
139.002 140.789 143.564
135.680 139.772 142.395
135.664 139.720 142.946
135.662 137.775 139.531
135.782 138.965 142.155
135.828 139.265 143.008
138.663 140.418 142.662
135.603 139.885 142.675
138.937 141.265 142.896
135.742 140.329 142.596
138.819 141.550 142.305
138.929 139.850 142.689
139.276 141.607 142.414
138.879 141.026 142.516
135.491 139.797 142.462
135.605 138.882 142.098
135.675 139.134 142.686
135.797 139.742 142.428
138.664 140.355 142.701
138.818 140.984 142.394
139.108 141.120 142.358
135.584 138.315 139.288
139.132 139.973 142.730
135.806 140.218 142.537
135.623 140.451 142.993
139.041 141.062 142.413
135.576 139.612 142.217
139.136 141.222 142.825
135.770 139.781 142.728
139.169 140.360 142.181
138.818 139.751 142.417
139.187 141.055 142.597
135.686 140.403 142.896
135.930 138.503 139.278
138.804 141.256 142.948
135.891 140.417 142.513
138.702 140.269 142.571
138.717 140.255 142.581
135.462 138.406 142.389
135.709 139.744 142.640
135.740 140.302 142.617
139.371 141.774 142.647
138.741 141.095 142.890
138.650 139.538 142.501
139.068 139.790 142.231
138.742 140.405 142.707
138.819 140.542 142.792
138.785 141.594 142.537
138.678 141.066 142.880
135.962 139.013 141.923
135.660 138.532 142.853
135.644 138.433 139.516
136.549 140.425 144.117
135.663 139.965 142.962
135.770 139.931 142.933
138.743 140.366 142.292
139.028 140.458 142.438
138.940 140.550 142.615
135.521 139.716 142.343
138.840 141.720 142.657
135.805 139.620 142.341
142.019 142.231 142.320
135.837 139.193 142.445
139.398 140.601 142.525
139.411 141.889 142.885
138.753 140.312 142.432
139.363 141.882 143.483
138.851 139.900 142.899
138.895 139.767 142.635
135.715 140.006 142.290
138.940 140.304 142.207
138.767 140.863 142.256
135.779 140.364 142.831
135.761 139.800 142.745
138.709 141.611 142.496
139.271 140.583 142.567
138.771 139.824 142.591
135.771 140.338 142.787
138.969 140.268 142.119
138.691 140.987 142.727
138.864 140.413 142.900
138.834 140.287 142.535
135.644 138.308 142.196
135.727 139.630 142.685
135.690 139.514 142.263
135.882 141.263 142.910
135.615 138.399 142.481
138.628 139.631 142.172
135.784 139.045 142.049
135.529 138.800 142.261
139.826 141.936 142.842
136.076 138.999 141.830
139.110 140.279 142.119
135.701 140.208 142.043
135.536 140.039 142.302
135.803 140.379 142.598
138.936 140.786 142.212
138.811 141.183 142.708
135.725 138.905 142.083
138.696 139.602 141.770
135.534 141.025 142.709
135.542 139.657 142.254
138.918 140.186 142.034
135.645 139.016 142.534
135.743 138.935 142.216
135.691 140.993 142.688
135.765 140.339 142.627
138.876 140.942 142.270
135.575 138.294 142.284
139.282 140.966 142.119
138.652 140.951 142.418
135.785 137.774 139.199
135.801 139.170 142.546
139.237 141.203 142.886
138.787 139.779 142.468
138.998 141.473 142.327
135.644 138.902 142.179
135.548 138.958 142.228
138.754 140.364 142.645
138.828 140.314 142.329
138.664 140.948 142.788
138.594 141.135 142.980
139.111 139.758 142.130
138.589 140.313 142.609
135.743 139.787 142.682
138.935 140.395 142.667
138.824 139.777 142.774
135.568 138.227 139.027
135.858 139.719 142.632
138.751 140.837 142.442
136.441 139.802 142.798
139.053 141.951 144.263
138.820 139.759 142.680
138.805 140.189 141.777
135.798 139.671 142.462
135.915 139.599 142.398
138.713 140.434 142.736
138.664 140.243 142.452
139.007 140.390 142.551
139.231 141.752 142.810
139.152 140.917 142.694
138.948 140.345 142.218
138.709 140.992 142.559
138.781 140.893 142.880
138.551 138.958 139.452
135.760 137.722 139.179
139.186 141.790 142.866
135.668 139.698 142.701
138.668 140.896 142.567
135.772 138.284 139.129
135.764 140.320 142.357
138.969 140.925 142.265
135.718 140.287 142.303
139.212 141.009 145.939
139.224 141.065 142.453
138.735 140.886 142.440
135.797 139.051 142.191
135.900 139.063 142.184
138.823 140.285 142.657
135.713 139.486 142.204
138.762 140.270 142.809
135.662 138.898 142.289
138.622 139.595 141.976
135.467 140.405 143.173
135.642 139.723 142.494
138.686 141.000 142.714
142.235 142.458 142.672
141.952 142.255 142.824
138.820 140.945 142.660
136.602 138.934 141.145
135.735 139.694 142.546
138.589 139.491 142.115
138.800 140.853 142.588
135.944 140.758 142.787
138.753 140.791 142.218
135.635 138.924 142.486
138.859 140.422 142.693
139.188 141.199 142.794
135.735 139.001 141.838
135.686 140.307 142.749
138.707 138.934 139.257
138.755 139.735 142.376
135.705 140.137 142.156
139.065 139.873 142.619
135.862 139.232 142.626
138.692 139.614 142.267
135.563 138.152 141.811
139.331 141.009 142.592
135.712 139.097 142.652
135.802 139.144 142.253
138.701 141.081 142.920
135.787 140.593 143.074
135.926 139.761 142.809
138.938 141.129 142.783
135.608 140.962 142.758
135.706 140.623 143.625
135.716 139.597 142.172
138.812 139.706 142.181
138.675 139.641 142.479
135.669 139.633 142.332
135.957 138.827 142.207
135.706 138.333 139.162
138.690 140.977 142.623
135.523 138.349 142.332
135.813 138.363 139.223
135.593 137.583 141.823
138.800 139.711 142.330
135.532 137.676 139.170
135.621 138.903 142.237
135.500 138.807 142.531
138.888 140.389 142.581
135.614 138.327 142.298
138.983 140.407 142.287
138.755 140.176 142.109
141.757 142.276 142.655
138.823 139.756 142.433
139.453 141.535 143.243
139.104 141.529 142.741
138.818 139.675 142.314
138.735 139.778 142.517
135.770 138.307 139.108
135.676 140.259 142.282
139.084 141.008 142.823
138.641 139.652 142.223
138.667 141.397 144.206
139.029 141.188 142.871
135.766 139.621 142.350
138.788 138.931 139.083
138.587 140.849 142.409
135.438 140.218 142.702
135.483 139.534 142.313
138.666 141.067 142.687
135.579 138.255 142.132
135.884 139.528 142.142
138.863 140.417 142.797
137.484 141.450 143.615
139.058 140.424 142.443
138.793 139.801 142.301
135.505 139.065 142.620
135.540 136.951 139.079
138.803 140.313 142.437
138.640 141.629 142.802
135.735 139.376 142.266
139.029 141.727 142.602
139.062 141.855 142.907
135.751 139.777 142.630
135.654 139.538 142.183
135.709 139.235 142.188
135.710 139.507 142.481
138.756 140.291 142.286
138.786 139.670 142.092
135.727 140.264 142.575
139.188 141.237 142.652
138.836 140.900 142.428
135.546 139.659 142.114
138.615 140.801 142.510
135.704 139.562 142.234
138.570 140.329 142.834
135.488 140.857 142.352
135.508 139.458 142.012
138.556 138.696 139.021
138.784 141.556 142.559
138.548 140.170 142.198
135.764 139.739 142.663
138.597 138.854 139.003
135.692 139.599 142.347
139.011 141.040 142.725
138.902 139.642 141.996
135.688 139.178 142.725
135.864 139.646 142.447
135.596 137.820 142.470
135.577 140.162 142.580
135.769 139.102 142.879
138.759 140.053 141.805
135.698 139.184 142.315
135.694 138.911 142.237
135.786 139.538 142.260
138.781 140.927 142.296
135.549 139.082 142.756
135.635 140.433 142.705
138.734 140.343 142.270
139.105 141.755 143.491
139.273 141.109 142.455
138.720 140.191 142.026
138.656 139.502 141.851
138.825 140.337 142.665
139.122 141.890 142.873
138.978 139.802 142.396
135.683 139.067 142.777
138.676 141.534 142.698
138.896 140.355 142.600
139.056 140.981 142.384
139.040 139.160 139.324
135.583 137.631 139.030
138.641 139.567 141.927
135.579 138.872 142.149
138.646 139.413 141.708
135.628 139.779 142.684
135.519 139.750 142.493
135.609 138.956 142.183
135.772 138.408 142.367
135.481 141.003 142.612
135.495 139.970 143.225
139.035 140.427 142.516
135.638 138.867 142.339
135.652 140.271 142.346
135.808 139.726 142.193
135.642 139.119 142.389
135.572 139.777 142.756
138.976 140.995 142.422
135.579 138.942 142.551
138.746 141.449 142.480
138.586 140.237 142.245
138.793 140.279 142.319
138.999 141.239 143.105
138.969 139.841 142.374
135.931 140.844 142.411
135.748 139.595 142.282
138.714 140.989 142.658
135.785 140.365 142.699
139.258 141.070 142.620
138.625 140.601 143.505
141.757 142.146 142.557
135.593 138.339 142.451
135.536 138.925 142.342
139.166 141.575 142.644
138.986 140.429 142.305
138.861 140.996 142.372
139.083 141.495 142.304
135.724 138.291 139.248
135.684 140.357 142.577
135.446 139.713 142.544
138.754 139.696 142.364
135.903 140.098 142.109
135.724 138.914 142.571
135.620 138.954 142.201
138.673 139.601 142.032
138.988 141.067 142.816
139.158 141.103 142.541
138.789 141.739 142.762
135.663 139.762 142.296
135.851 140.137 142.132
135.979 138.363 139.123
138.697 139.628 142.201
135.600 140.311 142.473
139.629 141.814 142.395
135.757 138.778 142.109
138.862 140.275 142.246
135.531 139.623 142.374
138.934 140.306 142.222
135.892 138.890 141.769
135.943 139.956 141.893
138.977 140.568 142.907
138.835 140.395 142.504
138.865 141.748 143.148
135.808 139.619 142.265
138.956 141.710 143.092
138.818 140.592 142.513
135.587 139.550 142.119
135.540 139.370 142.170
138.884 140.917 142.437
135.571 137.703 142.627
135.716 139.011 142.097
135.872 139.528 142.590
139.091 140.319 142.104
135.541 141.347 144.076
135.781 139.148 142.712
135.789 137.770 139.224
135.572 141.404 143.921
139.154 141.091 142.520
137.151 139.731 142.591
135.572 139.627 141.972
138.686 139.734 142.678
139.216 141.052 142.870
138.765 140.836 142.494
135.647 140.426 142.833
138.835 141.159 143.512
135.881 139.087 142.379
138.674 139.031 139.399
139.447 141.311 142.570
135.667 139.042 142.277
138.632 139.656 142.387
138.695 140.336 142.254
135.656 139.721 142.492
135.710 139.887 143.224
139.170 141.003 142.236
138.841 141.297 142.932
135.703 139.946 142.775
135.750 139.291 142.451
138.917 140.206 142.040
137.662 141.540 143.895
142.073 142.220 142.331
139.260 141.747 142.681
136.461 139.869 142.575
139.015 140.091 142.916
135.784 139.867 142.617
138.960 141.635 142.755
135.906 139.676 142.530
138.622 139.662 142.204
138.170 141.703 142.754
138.816 139.583 142.433
139.110 141.699 142.621
138.921 139.865 142.567
139.264 140.499 142.372
135.510 138.981 141.955
135.473 141.024 142.734
135.798 139.144 142.779
138.809 140.503 142.704
135.739 137.783 142.121
138.661 140.297 142.707
139.276 140.866 142.021
138.835 140.461 142.818
138.783 140.495 142.915
138.941 140.548 142.989
135.689 138.516 142.490
135.770 140.243 142.448
135.630 140.416 142.553
138.923 140.784 142.976
135.550 138.462 142.638
135.611 140.221 142.717
135.484 140.257 142.407
139.166 141.731 142.712
138.716 140.302 142.365
139.322 141.660 142.749
138.576 141.009 142.824
135.794 139.073 142.763
138.973 140.243 142.190
138.764 141.128 143.040
139.001 139.925 142.542
138.769 139.692 142.375
135.770 139.009 142.078
138.919 141.291 143.639
135.745 139.627 142.698
139.304 140.496 142.256
135.902 139.186 142.591
135.709 139.768 142.506
138.908 142.246 145.462
135.851 139.076 142.684
138.809 139.550 142.329
139.229 141.318 142.849
138.877 140.961 142.758
135.930 139.622 142.256
138.745 140.395 142.532
138.845 140.316 142.385
139.235 141.152 142.502
135.650 140.415 142.792
135.586 140.524 142.920
138.958 140.995 142.436
138.631 140.292 142.403
138.904 139.684 142.184
135.670 139.048 142.410
139.448 141.831 142.740
138.880 141.620 142.722
139.246 141.779 143.060
135.853 138.902 142.139
135.717 139.760 142.616
135.562 137.033 139.179
135.659 138.370 142.424
139.398 141.236 144.568
138.821 141.598 142.320
135.751 139.161 142.428
135.672 138.989 142.295
139.021 140.373 142.300
139.062 140.468 142.553
135.517 139.770 142.830
138.594 139.644 142.417
139.000 141.091 142.742
135.956 139.224 142.615
135.379 139.696 142.664
138.708 138.945 139.282
139.078 140.372 142.178
135.832 139.011 142.334
138.671 140.741 142.143
138.614 139.546 142.152
138.749 139.711 142.329
138.716 141.055 142.705
135.782 139.025 142.737
135.887 139.115 142.845
135.856 139.132 142.427
138.797 140.240 142.354
135.732 140.183 142.349
135.545 138.531 142.800
138.730 139.631 142.307
135.625 141.022 142.805
135.558 138.764 141.984
135.645 138.352 139.369
139.092 141.544 142.666
136.497 139.835 142.550
138.872 140.312 142.280
135.952 140.256 142.708
135.575 139.565 142.475
138.689 141.015 142.739
135.738 139.731 142.358
135.491 141.109 142.910
139.033 140.408 142.145
135.762 139.733 142.853
138.610 141.855 143.488
135.643 139.525 142.450
135.613 139.780 142.571
135.619 140.507 142.866
135.653 139.615 142.570
138.644 139.116 139.319
135.718 139.797 142.484
135.797 138.903 142.042
138.725 139.788 142.633
139.157 141.732 142.664
135.584 138.969 142.114
139.025 140.913 142.349
135.628 138.461 142.753
138.838 141.046 142.639
139.171 141.115 142.430
135.659 138.375 142.451
135.619 140.515 142.827
139.037 140.535 142.960
135.656 137.780 142.363
139.193 141.688 142.382
135.871 139.660 142.592
135.602 139.093 142.523
135.761 138.270 139.222
138.713 139.796 142.396
135.426 137.750 142.693
135.424 137.570 139.154
139.066 140.599 142.702
135.686 139.099 142.333
135.757 138.630 142.838
138.763 140.279 142.630
135.547 139.621 142.352
138.903 139.722 142.402
135.987 139.814 142.467
137.576 140.600 142.697
135.766 139.692 142.347
135.756 138.998 142.272
139.056 140.878 142.356
135.789 141.122 142.660
135.778 139.776 142.477
135.752 139.066 142.315
135.714 139.736 142.670
135.832 139.724 142.207
138.760 140.970 142.537
139.224 141.099 142.564
138.786 140.996 142.868
135.646 137.743 139.433
138.620 139.491 142.463
138.768 141.023 142.849
139.047 140.509 142.762
135.709 139.769 142.163
138.809 140.813 142.465
136.920 140.012 142.903
138.860 140.388 142.136
135.780 138.338 139.446
138.876 140.867 142.124
139.213 141.092 142.733
135.715 140.314 142.434
135.878 139.199 142.514
138.654 140.059 142.092
138.867 139.720 142.504
138.752 139.670 142.377
135.784 138.309 141.955
138.877 141.091 142.545
135.840 139.240 143.928
138.915 140.519 142.720
135.678 140.525 142.766
138.720 140.791 142.255
135.540 138.972 142.397
135.638 139.192 142.750
138.673 140.223 142.641
135.717 138.872 141.789
135.776 140.386 142.811
135.769 139.723 142.287
135.918 139.770 142.363
139.163 140.347 142.166
138.692 140.577 142.829
138.545 141.109 142.766
135.740 138.368 139.385
142.088 142.383 142.634
138.758 140.441 142.639
135.551 139.646 142.391
138.284 140.723 145.128
138.842 141.134 142.659
135.864 139.691 142.358
135.564 139.087 142.957
138.761 140.459 142.386
138.861 140.255 142.164
138.854 141.467 142.408
135.482 139.567 142.509
139.009 141.206 142.702
139.094 141.114 142.869
138.915 142.123 144.807
135.641 139.644 142.371
135.602 139.703 145.951
135.950 138.915 142.171
135.657 139.977 142.960
138.854 140.486 142.723
139.064 140.978 142.356
135.730 138.369 142.367
135.919 139.148 142.200
135.767 140.196 142.410
135.650 139.508 142.224
139.169 141.396 143.590
139.492 141.823 142.790
138.758 141.682 142.804
135.905 139.091 142.340
138.844 140.946 142.562
135.766 137.040 138.925
140.237 142.088 143.641
139.083 141.061 142.480
139.145 140.485 142.423
139.187 141.601 142.394
138.707 139.741 142.626
135.535 139.512 142.565
138.791 139.749 142.049
138.779 140.391 142.640
135.661 138.351 142.594
138.706 139.489 141.790
135.564 139.142 142.570
135.909 139.655 142.614
135.733 138.935 142.248
138.907 140.363 142.606
135.603 139.106 142.367
138.743 141.000 142.549
139.107 140.527 142.745
138.888 140.867 142.399
135.703 139.780 142.675
135.679 141.294 143.117
135.617 139.018 142.543
135.523 139.527 142.197
138.754 140.954 142.465
135.762 137.810 139.265
135.603 138.300 139.141
135.792 140.302 142.645
139.055 141.453 142.265
135.638 139.604 142.312
138.749 141.067 142.778
139.047 141.090 142.646
138.678 140.876 142.722
135.547 138.206 141.874
138.673 142.444 144.287
135.709 139.671 142.404
135.664 139.829 142.781
138.840 139.624 142.296
135.727 137.694 139.236
138.776 139.100 139.464
135.598 139.637 142.453
139.009 140.505 142.529
135.803 140.168 142.190
139.270 141.822 142.919
141.838 142.207 142.699
138.931 140.461 142.715
139.288 141.718 142.659
139.268 141.191 142.925
139.146 141.079 142.655
135.525 138.371 142.538
138.897 140.250 142.512
138.863 140.459 142.533
135.735 138.927 142.380
138.779 141.681 142.911
138.668 140.985 142.792
138.837 141.521 142.751
135.535 139.742 142.763
136.327 139.199 142.239
135.651 139.281 142.879
135.699 137.618 138.923
135.920 139.723 142.227
135.845 139.150 142.282
139.044 140.318 142.432
135.839 140.275 142.309
138.903 139.798 142.271
139.238 141.173 142.752
138.914 141.187 142.828
135.636 139.775 142.801
138.917 140.496 142.359
135.744 139.173 142.663
135.738 138.371 142.288
135.870 138.575 142.741
138.905 140.399 142.008
141.981 142.365 142.646
135.695 140.484 142.952
139.188 141.025 142.715
139.191 141.146 142.827
139.173 141.055 142.493
135.720 139.710 142.407
135.749 140.424 142.573
136.029 140.527 142.753
135.828 139.728 142.454
135.997 139.723 142.484
139.060 140.624 142.728
135.951 139.153 142.563
139.215 141.055 142.593
136.084 140.495 142.502
139.120 140.620 142.467
135.679 139.111 142.485
139.234 141.090 142.463
139.343 141.797 142.530
138.786 141.141 142.819
138.834 139.711 142.323
139.199 141.672 142.742
138.966 141.111 142.716
135.720 139.905 143.048
138.688 139.751 142.515
135.843 138.436 139.408
139.293 141.086 142.518
139.320 141.356 142.909
139.489 141.554 142.321
139.561 141.896 142.885
135.943 139.072 142.361
135.717 138.572 139.467
138.861 141.593 142.375
135.770 139.752 142.463
135.988 140.505 142.928
135.748 139.097 142.499
139.005 140.516 142.675
138.724 141.615 142.538
135.716 139.836 142.980
139.243 141.296 142.730
139.151 142.090 143.002
138.753 140.401 142.343
138.754 141.830 142.863
135.656 139.610 142.782
138.938 141.324 143.003
138.874 140.506 142.849
135.964 139.731 142.396
135.757 138.468 141.941
135.586 139.033 142.423
139.032 141.169 142.941
135.791 140.296 142.291
138.763 141.712 142.881
138.734 140.289 142.520
138.670 141.586 142.836
135.678 138.441 139.419
135.626 137.744 139.296
142.194 142.332 142.575
135.754 139.871 142.751
135.556 138.187 142.169
138.827 140.414 142.633
138.619 139.682 142.737
138.822 139.722 142.279
135.589 139.032 142.545
139.020 141.669 142.720
135.841 140.443 142.793
135.719 137.713 142.205
138.955 140.995 142.606
135.878 139.864 143.127
135.695 138.265 139.182
138.662 140.372 142.929
135.685 138.445 142.550
139.189 140.388 142.459
135.676 139.560 142.333
138.733 139.690 142.733
138.999 141.485 142.284
135.810 139.789 142.671
138.959 140.290 142.347
135.794 140.376 142.410
137.113 140.602 142.732
139.411 152.731 179.378
135.798 140.410 142.626
135.605 138.242 141.912
135.808 153.747 183.721
135.676 137.606 139.145
135.937 139.171 142.802
139.042 140.500 142.604
135.610 139.040 142.508
135.842 140.363 142.666
135.734 139.004 142.528
138.974 141.583 142.518
135.808 140.458 142.963
138.808 140.076 142.418
135.659 138.271 142.250
139.249 141.009 142.364
135.689 138.994 142.383
139.362 141.874 143.856
138.973 140.331 142.510
138.536 141.476 144.679
138.686 139.697 142.362
138.706 139.813 142.504
138.890 141.682 142.740
135.929 140.950 142.570
138.957 141.067 142.502
135.759 139.584 142.671
138.881 141.732 142.857
137.610 140.912 144.103
138.815 140.457 142.853
135.733 139.107 142.794
135.676 137.109 139.406
138.856 141.789 142.807
138.638 140.351 142.398
135.738 139.669 142.218
135.570 141.053 142.731
139.308 141.673 145.185
135.907 140.291 142.751
142.222 142.681 142.921
139.005 141.118 142.770
135.592 140.306 142.610
138.880 138.971 139.111
138.674 140.971 142.599
138.883 139.664 141.993
139.310 141.489 142.236
138.667 139.732 141.713
135.662 138.383 141.961
139.343 141.228 142.808
135.947 140.427 142.829
138.821 141.625 142.752
139.244 140.368 141.957
135.553 140.246 142.295
138.815 140.324 143.030
135.700 139.029 142.318
135.965 139.137 142.240
138.763 139.115 139.436
135.519 139.086 142.298
135.578 139.027 142.689
138.694 140.644 142.248
138.879 139.096 139.310
139.003 140.297 144.657
135.488 139.672 142.761
135.707 139.645 142.167
135.766 139.081 142.436
139.055 141.048 142.377
135.554 139.611 142.772
138.745 140.853 142.493
135.636 138.281 139.354
138.804 140.636 143.263
135.883 139.223 142.539
138.745 140.219 142.282
135.564 138.460 142.301
135.592 140.265 142.777
138.600 140.242 142.661
135.587 139.697 142.647
137.022 139.712 142.337
138.981 140.353 142.336
138.667 140.691 142.324
138.777 139.746 142.717
135.585 138.261 142.365
138.579 140.985 142.638
135.604 140.235 142.378
138.936 141.000 142.582
139.124 141.753 142.636
135.639 140.247 142.408
142.125 142.386 142.737
139.040 140.426 142.301
138.734 141.867 142.953
135.689 139.328 142.940
135.751 137.764 139.372
138.631 140.897 142.622
135.828 139.610 142.966
138.694 140.232 142.777
135.536 138.993 142.414
138.416 139.592 142.360
135.829 138.993 141.955
135.666 140.358 142.895
139.028 139.761 142.277
135.655 139.079 142.700
138.616 138.934 139.152
138.968 139.772 142.227
139.289 141.029 142.358
139.102 141.830 142.803
138.671 140.986 142.795
135.509 139.718 142.380
135.781 139.694 142.260
135.688 139.895 142.883
138.746 140.978 142.890
135.971 141.200 142.763
138.752 139.759 142.581
139.166 140.780 142.758
135.523 136.995 139.150
138.723 140.289 142.828
135.560 138.825 141.819
138.861 140.836 142.583
138.764 141.766 142.707
138.689 139.958 142.369
139.079 141.059 142.597
138.645 141.017 142.887
135.828 139.736 142.573
135.492 139.642 142.380
135.527 140.397 142.743
139.066 140.988 142.692
135.825 141.078 142.592
138.807 140.042 141.779
138.798 140.403 142.928
138.944 141.045 142.389
138.846 140.814 142.143
135.770 139.644 142.349
139.026 139.881 142.392
138.797 140.219 142.208
138.637 140.076 142.261
138.893 139.575 141.754
138.814 140.400 142.558
138.922 141.696 142.819
135.736 139.358 142.771
135.497 138.740 141.898
138.790 138.896 139.045
135.464 139.668 142.610
139.210 141.067 142.594
135.549 139.792 142.355
135.553 139.541 142.278
138.712 140.956 142.621
135.682 140.254 142.522
138.678 139.785 142.800
135.755 139.743 142.783
139.113 141.654 142.735
135.837 141.019 142.692
138.737 139.162 139.946
139.129 141.590 142.548
138.794 140.884 142.481
135.639 141.108 142.757
135.792 139.502 141.991
135.534 138.931 141.973
138.975 140.458 142.891
138.626 141.013 142.842
138.853 141.188 142.781
139.024 141.312 143.379
135.649 140.172 142.498
138.981 141.620 144.386
135.797 138.324 139.245
135.580 138.822 141.757
135.498 138.410 142.637
138.910 141.479 142.392
138.620 140.166 142.356
138.648 141.003 142.662
139.098 140.358 142.281
138.836 140.249 142.273
138.649 140.869 142.353
135.726 139.643 141.998
139.027 141.113 143.249
135.476 139.448 142.411
135.626 139.004 142.507
138.957 140.367 142.188
135.811 140.104 142.142
138.721 139.498 141.961
138.688 139.612 142.127
138.786 141.066 142.776
138.677 140.390 142.808
141.859 142.279 142.453
138.842 140.367 142.338
135.706 138.522 142.410
138.721 140.944 142.709
138.950 139.784 142.150
135.750 138.523 139.289
135.571 137.771 139.118
138.622 140.454 142.498
139.169 141.130 142.626
138.600 140.230 142.739
135.627 139.113 142.646
138.975 139.801 142.276
135.653 140.908 142.417
135.796 138.936 142.202
135.698 140.976 142.435
138.921 140.217 142.208
138.873 139.638 142.138
135.570 138.744 141.889
138.789 140.450 142.903
139.090 140.572 142.365
138.987 141.828 142.912
135.567 140.295 142.423
138.852 141.093 142.953
138.758 139.568 141.861
135.736 141.324 142.907
135.890 139.055 142.248
138.930 140.848 142.268
135.857 140.968 142.416
135.662 139.511 142.295
135.540 140.293 142.612
135.823 138.842 141.754
138.763 140.823 142.502
135.481 138.253 142.338
135.757 139.747 142.727
135.525 139.611 142.366
135.657 138.378 142.333
139.247 140.896 142.245
135.533 139.610 142.620
135.701 138.994 142.435
138.953 140.986 142.913
138.767 140.278 142.415
135.604 138.297 141.930
135.851 138.417 139.402
138.905 141.033 142.363
138.680 139.084 139.460
135.983 139.807 142.675
135.537 139.063 142.625
138.807 140.247 142.296
138.858 141.073 142.778
135.792 139.869 142.830
138.895 140.368 142.667
139.025 140.428 142.500
135.725 140.144 142.382
135.637 139.603 142.223
135.643 139.438 142.330
138.903 140.353 142.445
139.029 141.627 142.670
138.909 139.788 142.864
135.845 138.433 139.394
135.727 139.720 142.629
135.819 138.540 142.546
138.979 139.751 141.925
139.329 141.141 142.678
142.275 142.448 142.576
135.795 139.482 142.250
139.340 141.148 142.689
138.982 140.379 142.382
139.079 141.561 142.739
139.130 142.110 144.009
138.819 141.026 142.841
139.123 141.005 142.478
138.682 141.602 142.746
135.738 140.320 142.824
138.604 140.989 142.784
139.109 140.443 142.291
135.729 138.222 141.977
135.750 139.041 142.175
135.530 140.228 142.661
142.337 142.598 142.753
135.770 139.776 142.559
135.600 139.761 143.203
138.622 140.232 142.642
139.302 141.411 141.950
138.654 140.362 142.660
135.524 139.057 142.493
135.702 139.682 142.390
138.902 141.782 142.793
135.720 140.144 142.457
138.658 140.388 142.689
138.784 140.420 142.665
139.007 141.645 142.590
138.838 139.616 141.854
139.031 141.597 143.096
138.878 140.358 142.667
135.715 140.214 142.357
139.263 141.604 142.302
138.832 140.955 142.555
138.565 139.587 142.623
135.783 139.593 142.305
135.822 139.454 142.176
135.678 139.790 142.822
138.811 140.760 142.244
135.634 138.365 142.671
138.843 140.794 142.217
138.651 140.183 142.054
135.794 141.100 142.797
135.584 139.001 142.711
135.721 139.676 142.823
138.786 140.554 142.666
139.319 141.550 142.335
138.678 139.723 142.296
135.603 138.511 139.505
138.836 140.385 142.257
138.832 141.073 142.686
139.128 141.636 142.594
138.781 140.887 142.684
135.681 140.993 142.460
135.574 139.764 142.598
138.690 141.072 143.012
139.280 140.431 142.165
138.665 140.136 142.131
135.529 137.609 139.043
135.834 139.038 142.229
138.718 140.217 142.329
139.302 141.035 142.625
139.097 140.587 142.714
136.065 139.307 142.931
138.641 140.996 142.629
135.530 139.690 142.693
135.863 139.756 142.390
135.563 139.079 142.495
135.644 140.210 142.251
135.636 138.281 139.391
139.031 140.426 142.318
135.909 140.804 144.193
138.692 140.299 142.238
135.517 137.772 142.627
135.621 136.931 138.800
138.672 139.741 142.864
138.974 140.829 142.370
135.810 139.686 142.570
135.630 139.660 142.274
135.733 139.798 142.694
135.622 140.369 142.635
135.756 140.223 142.378
139.076 140.984 142.717
138.599 140.326 142.713
138.641 140.373 142.910
135.670 138.393 142.442
138.743 141.613 142.877
138.959 141.030 142.336
135.576 138.455 143.348
135.752 139.701 142.369
135.790 139.596 142.244
139.000 140.331 142.219
139.055 140.324 142.512
135.512 139.496 142.394
138.812 141.811 143.098
135.861 140.395 142.913
139.041 140.993 142.280
138.669 140.363 142.775
135.666 138.340 142.269
135.521 140.342 142.717
135.687 140.241 142.643
135.655 138.340 139.214
139.046 141.762 142.753
135.614 139.011 142.434
138.654 141.539 142.495
139.267 141.850 142.586
135.497 138.248 139.219
135.601 139.720 142.482
139.128 140.986 142.556
138.878 140.531 142.536
139.224 141.704 142.557
135.533 139.572 142.368
138.699 141.161 142.955
139.110 141.552 142.744
141.798 142.440 142.745
139.041 140.499 142.661
138.966 141.137 142.980
139.307 141.062 142.283
135.723 139.064 142.498
135.619 139.509 142.144
135.587 140.972 142.460
138.766 140.184 142.428
135.564 138.346 141.985
135.606 138.932 142.166
138.748 140.320 142.215
135.613 140.286 142.670
138.813 140.457 142.735
138.645 139.446 141.902
135.936 138.980 142.107
136.010 140.313 142.360
138.784 140.354 142.473
135.827 138.555 139.421
135.685 139.688 142.371
139.165 141.139 142.587
135.932 139.041 142.254
138.615 140.404 142.587
135.776 138.309 139.407
135.740 139.617 142.156
138.710 139.544 142.170
135.868 140.417 142.847
141.842 142.254 142.991
135.812 139.765 142.617
135.605 140.103 142.168
138.751 140.178 142.369
138.785 139.710 142.276
138.780 140.999 142.634
135.620 138.416 142.333
135.893 139.814 142.750
139.300 141.907 143.010
138.966 139.730 142.210
138.643 140.126 142.216
138.629 140.176 142.335
135.533 139.098 142.734
135.639 139.721 142.766
135.703 137.001 139.124
141.878 142.330 142.710
141.873 142.238 142.450
135.614 140.922 142.698
135.897 139.234 142.328
139.189 141.721 142.672
139.015 141.063 142.685
135.722 139.689 142.603
138.851 140.921 142.260
135.777 140.166 142.174
139.144 140.478 142.355
135.945 138.914 142.532
135.709 139.001 142.157
138.775 140.153 142.224
139.017 139.857 142.365
135.595 140.082 142.057
135.777 140.320 142.729
135.811 140.295 142.403
138.623 140.160 142.321
138.830 140.883 142.455
138.746 140.884 142.525
139.927 141.911 142.652
135.627 140.170 142.471
135.890 140.420 142.826
135.784 141.369 144.515
139.083 139.281 139.448
138.686 139.094 139.381
137.581 138.878 139.409
139.162 140.476 142.627
138.792 139.684 141.978
138.931 140.452 142.740
135.746 140.552 142.875
138.808 140.314 142.361
139.124 141.566 142.417
135.801 138.415 142.246
139.155 140.336 142.348
138.980 141.323 142.811
138.668 140.766 142.203
138.749 141.022 142.760
135.889 139.126 142.565
135.916 140.323 142.694
138.726 140.424 142.671
138.806 140.353 142.507
138.759 140.233 142.255
139.181 141.112 142.627
138.780 141.083 142.209
135.752 139.225 142.393
135.784 139.784 142.439
135.794 139.270 142.198
138.897 141.595 142.896
138.745 141.856 146.071
138.852 141.041 142.371
139.108 141.777 142.900
138.699 140.330 142.513
135.616 139.835 142.222
139.064 139.788 142.240
135.716 140.373 142.427
135.597 140.716 143.964
137.288 139.993 142.922
138.925 140.344 142.280
135.694 139.162 142.825
138.597 139.709 142.136
138.865 139.746 142.046
139.116 140.410 142.411
142.199 142.664 142.942
138.843 141.004 142.698
138.859 141.028 142.361
138.806 140.303 142.649
135.555 139.648 142.567
138.957 139.903 142.509
139.131 140.974 142.447
138.640 140.394 142.826
138.992 139.775 142.329
135.738 140.490 142.969
138.614 140.392 142.625
138.689 139.605 142.395
135.473 140.549 142.876
135.881 140.494 142.491
138.994 140.563 142.787
135.576 138.192 142.091
138.816 140.389 142.484
139.307 141.587 142.270
135.715 136.767 140.050
135.571 139.797 142.590
139.214 140.575 142.794
139.094 141.029 142.821
135.662 138.583 142.331
135.591 140.566 143.265
138.852 140.467 142.727
138.812 140.367 142.147
135.639 138.229 142.342
139.091 141.724 142.738
139.424 141.889 142.727
135.817 139.250 142.272
138.850 140.361 142.690
135.705 139.353 142.257
138.740 140.268 142.649
135.659 139.661 142.707
138.779 140.875 142.305
135.531 139.500 142.226
135.839 141.155 142.821
138.755 140.443 142.891
135.722 139.728 142.825
139.065 140.608 143.318
135.631 140.469 142.806
141.653 142.347 142.726
135.742 140.515 142.718
135.661 139.621 142.458
139.000 140.397 142.652
135.540 139.374 144.450
138.629 139.564 141.924
138.848 139.688 142.416
135.581 138.964 142.349
139.056 139.765 142.124
135.577 138.830 142.533
139.160 141.783 142.754
135.631 140.432 142.822
138.698 140.989 142.394
135.633 139.091 142.693
135.924 139.586 141.893
135.727 139.080 142.342
138.771 140.310 142.622
135.572 140.430 142.708
138.879 139.755 142.771
138.586 140.350 142.695
135.443 137.217 140.407
135.775 139.121 142.464
135.658 138.929 142.620
135.567 140.860 142.708
138.809 140.365 142.940
138.644 140.307 142.779
139.120 141.586 142.603
135.504 140.352 142.560
139.228 141.245 142.874
135.883 139.043 142.261
138.582 139.661 142.194
135.759 139.787 142.299
138.843 140.169 141.805
138.895 140.373 142.375
142.177 142.361 142.849
138.951 141.028 142.725
138.759 141.069 143.017
138.904 140.556 143.013
135.876 139.766 142.777
135.632 138.358 142.071
138.679 140.465 142.575
135.511 138.293 142.504
138.795 140.488 142.763
138.682 140.274 142.433
139.100 141.663 142.487
138.880 140.985 142.688
135.682 139.820 143.014
135.695 140.359 142.448
138.768 140.274 142.273
138.625 139.571 142.442
135.832 139.573 142.232
139.094 141.110 142.645
135.534 139.624 142.514
139.461 141.689 142.416
138.753 141.042 142.481
139.104 141.013 142.525
138.682 140.522 142.500
135.646 138.965 142.504
138.925 140.406 142.353
135.651 139.350 142.930
135.822 138.801 142.186
138.784 140.873 142.875
138.794 141.119 142.797
138.704 139.625 142.663
138.689 141.022 142.537
135.589 138.518 142.838
135.821 140.242 142.378
139.025 141.582 142.408
135.642 140.738 144.124
135.605 139.119 142.596
135.724 140.349 142.761
135.723 140.325 142.767
135.777 140.325 142.546
136.391 139.990 142.759
135.703 141.092 142.776
138.768 139.504 142.230
138.741 140.898 142.768
138.770 141.724 142.630
138.604 139.552 142.227
138.729 139.013 139.312
135.800 139.808 142.385
138.770 140.350 142.431
135.919 139.187 142.539
139.067 141.106 142.917
135.750 139.754 142.317
135.963 140.260 142.434
138.899 140.505 142.608
138.609 140.269 142.726
138.932 141.626 142.468
135.948 140.347 142.510
135.562 139.024 142.569
139.002 140.456 142.491
139.045 140.247 141.954
138.982 140.357 142.277
135.633 139.483 142.193
135.642 139.486 142.243
138.792 139.616 142.096
138.760 140.338 142.675
135.890 139.038 142.579
139.063 140.360 142.503
135.589 139.392 142.307
136.396 140.329 145.022
138.595 139.960 142.532
139.111 141.348 143.286
138.964 141.315 143.681
135.720 140.359 142.663
138.852 141.559 142.357
138.922 141.688 142.619
138.670 141.000 142.954
135.584 138.892 142.424
139.250 140.804 141.907
139.025 140.321 142.265
135.578 140.316 142.702
135.706 139.136 142.537
135.690 139.059 142.311
139.023 141.089 142.522
135.688 138.771 142.555
135.934 139.167 142.763
139.309 141.624 142.347
135.549 139.731 142.472
139.049 141.017 142.675
138.606 140.398 142.467
138.663 141.000 142.662
135.603 139.535 142.231
135.854 139.115 142.442
135.639 138.950 142.057
138.641 141.118 142.950
138.681 140.205 142.469
135.937 139.000 142.285
138.886 141.019 142.903
138.677 139.715 142.198
135.633 138.443 142.526
135.480 138.354 142.548
135.702 138.283 139.048
135.687 140.918 144.442
135.860 139.142 142.211
135.849 140.257 142.310
135.719 139.736 142.574
139.158 140.519 142.651
138.996 141.662 142.666
138.823 141.626 142.976
135.721 141.173 146.328
135.720 139.661 142.616
135.694 138.340 139.261
135.666 139.572 142.211
139.186 141.377 142.965
139.001 141.173 142.770
135.796 147.071 181.828
135.547 140.444 142.769
138.699 140.452 142.910
135.651 139.006 142.365
138.842 141.174 142.609
138.755 142.483 149.521
138.641 140.373 142.755
138.868 140.306 142.389
138.628 140.173 142.188
138.968 141.192 142.692
135.833 139.629 142.495
135.758 140.333 142.654
138.848 140.487 142.211
138.735 139.752 142.656
135.661 140.244 142.387
138.656 141.030 142.841
135.883 140.242 142.100
142.184 142.384 142.663
139.231 141.513 142.296
138.843 140.277 142.228
138.753 140.371 142.400
135.760 139.841 142.996
135.720 139.662 142.288
135.507 139.794 142.506
135.512 139.143 142.585
135.722 139.006 142.481
138.689 140.550 143.861
138.877 141.069 142.724
135.569 139.267 142.586
135.578 136.997 142.341
135.932 139.652 142.399
135.471 138.532 142.668
136.090 138.992 142.139
138.782 139.007 139.242
138.725 140.552 142.923
135.519 138.984 142.298
139.023 141.025 142.472
135.652 139.823 142.702
135.526 140.431 142.468
135.751 139.644 142.320
135.621 139.088 142.452
138.895 140.363 142.413
135.590 140.239 142.664
138.845 140.285 142.542
138.711 140.373 142.650
138.738 139.744 141.789
135.804 141.197 142.712
135.547 140.290 142.547
138.669 140.302 142.179
138.969 141.823 142.781
138.849 141.481 144.525
138.728 139.679 142.648
135.676 140.299 142.464
135.788 140.357 142.888
138.807 140.423 142.754
139.061 141.035 142.678
135.544 147.959 183.939
135.706 139.551 142.377
135.694 140.283 142.454
138.987 140.274 142.102
135.690 139.510 142.104
138.940 141.752 142.747
139.080 141.641 142.549
139.195 141.755 142.724
135.498 137.692 142.455
139.106 140.271 142.051
135.504 139.046 142.816
138.827 140.871 142.588
139.123 141.027 144.614
135.573 137.915 142.856
138.725 140.602 142.468
138.686 140.406 143.024
139.272 141.642 142.552
138.738 141.463 142.291
139.036 140.338 142.345
138.686 140.340 142.805
138.952 158.006 186.964
138.712 140.573 142.212
136.199 139.857 142.750
138.981 140.511 142.729
135.541 140.491 142.801
138.871 141.516 142.699
139.165 141.702 142.732
135.854 138.390 139.223
135.885 139.233 142.258
135.586 138.505 142.751
135.604 140.247 142.280
138.765 139.569 142.285
135.617 139.112 142.537
139.183 142.065 143.065
135.790 140.531 142.921
135.655 139.612 142.331
138.799 139.878 142.528
139.174 140.506 142.497
135.826 139.743 142.765
135.548 138.865 141.888
138.858 140.435 142.632
135.699 138.895 142.070
138.657 140.947 142.680
139.375 141.788 142.470
138.945 141.651 142.668
135.722 139.933 143.554
139.186 141.633 144.959
137.054 139.153 141.760
135.602 137.547 138.920
135.596 139.873 142.783
139.012 143.117 148.163
141.963 142.295 142.583
138.844 141.130 142.597
138.677 140.370 142.606
138.727 139.864 142.678
135.733 139.087 142.090
135.492 139.690 142.683
139.002 140.361 142.405
135.622 140.315 142.384
138.837 140.189 141.942
139.105 140.388 142.323
136.535 140.257 144.033
138.613 141.099 142.901
138.825 140.987 142.689
135.736 140.075 145.364
135.832 140.481 142.797
135.508 139.605 142.620
139.126 140.986 142.394
138.884 140.974 142.532
139.007 141.028 142.604
135.891 138.592 142.226
139.110 140.414 142.374
136.171 139.185 142.228
138.825 140.323 142.315
138.854 140.153 142.140
139.050 140.935 142.456
135.963 140.522 142.835
135.680 140.546 142.843
138.749 141.019 142.550
139.248 139.789 141.766
135.770 138.560 142.661
139.261 141.173 142.741
135.832 138.412 139.379
139.089 141.198 142.728
138.785 140.973 142.662
138.986 141.533 144.722
135.477 138.996 142.792
135.745 140.471 142.859
138.869 140.259 142.434
138.752 140.896 142.474
135.559 138.466 142.616
135.947 140.563 142.721
135.640 137.769 139.319
138.922 140.991 143.139
138.916 141.920 143.558
138.742 141.517 142.513
139.323 141.650 142.505
138.810 141.699 142.751
135.680 137.737 142.710
138.749 140.403 142.053
135.747 138.442 139.242
139.085 140.349 142.208
139.167 141.672 143.186
138.789 140.494 143.017
135.683 138.871 142.741
138.597 141.477 142.751
138.719 140.890 142.663
138.962 141.152 143.046
138.726 141.055 142.698
138.644 140.211 142.641
135.880 138.381 139.366
135.686 139.815 142.928
138.946 141.025 142.721
138.916 140.972 142.834
139.177 141.769 142.674
139.032 140.999 142.216
135.591 139.524 142.321
138.812 139.802 142.517
138.902 141.124 142.948
135.607 139.574 142.023
135.730 139.593 142.268
139.127 141.032 142.448
135.809 139.720 142.220
138.734 139.692 142.215
135.979 138.940 142.247
138.594 140.356 142.396
135.924 139.795 142.679
135.512 138.996 142.522
135.746 139.636 142.240
138.852 141.124 142.790
135.532 140.218 142.423
138.646 138.896 139.322
135.525 138.211 142.164
138.918 141.540 142.776
139.151 140.623 142.684
135.591 140.185 142.422
135.522 139.601 142.269
138.790 139.171 139.348
135.670 139.828 142.760
138.824 140.298 142.296
138.969 141.658 142.577
138.688 139.623 141.752
135.551 139.038 142.941
139.318 142.560 145.338
139.044 140.962 142.286
138.847 140.360 142.681
135.940 140.290 142.347
139.144 141.127 142.825
135.608 137.765 139.383
139.092 141.756 144.283
138.782 140.457 142.679
138.664 140.288 142.491
135.566 138.848 142.358
138.633 139.587 142.167
135.686 140.274 142.785
139.053 141.640 142.494
138.779 140.231 142.386
135.648 140.020 144.121
135.805 141.231 142.936
138.888 139.624 142.114
135.583 138.310 142.324
138.788 139.721 142.635
139.196 141.172 142.736
139.101 141.758 142.653
138.883 140.548 142.784
135.616 138.342 142.354
135.558 139.658 142.869
135.857 139.752 142.428
135.624 140.410 142.518
139.019 141.323 142.612
138.763 140.246 142.333
139.023 140.593 142.722
135.917 139.070 141.693
138.775 141.627 142.718
135.881 138.884 141.662
139.332 141.860 142.757
138.935 141.033 142.712
139.134 141.749 145.108
135.846 139.785 142.348
139.166 141.498 146.831
138.621 140.328 145.844
139.335 141.723 142.493
139.035 141.165 142.659
139.225 140.485 142.795
139.006 140.449 142.548
135.682 139.178 142.670
139.079 141.131 142.733
135.769 139.172 142.667
138.719 140.212 142.710
138.761 140.620 143.520
135.640 140.663 142.825
138.922 141.127 142.787
135.683 140.539 142.774
138.836 140.290 142.291
135.737 140.282 142.472
135.523 138.213 141.905
138.810 140.475 142.898
139.030 140.752 143.724
135.587 138.944 142.590
138.726 140.421 142.803
138.959 139.769 142.337
138.944 140.137 142.138
135.744 138.985 142.612
139.166 141.809 142.587
135.495 138.948 142.462
135.635 139.175 143.079
135.672 140.361 142.657
135.671 140.309 143.018
135.556 140.989 142.715
135.778 139.737 142.682
135.807 140.297 142.452
138.849 141.016 142.403
138.687 141.563 142.803
138.756 141.555 142.728
135.636 139.868 142.800
139.056 141.713 142.888
138.767 140.282 142.379
138.934 141.621 142.640
138.614 140.209 142.249
135.664 140.396 142.621
135.943 141.178 142.752
139.053 141.147 142.787
135.649 138.976 142.151
138.869 140.256 142.706
135.677 139.638 142.243
138.819 141.454 142.530
135.652 140.178 142.413
138.879 140.465 143.155
135.672 139.564 142.653
135.532 140.399 142.722
135.586 139.633 142.272
141.892 142.335 142.586
135.465 138.792 141.913
139.004 140.363 142.465
138.777 139.668 142.313
135.642 139.036 142.704
135.573 138.975 142.217
138.934 140.422 142.727
135.533 138.447 139.464
135.722 140.176 142.258
135.535 138.857 142.314
138.957 141.578 142.806
139.050 141.362 142.243
138.754 141.169 142.750
135.730 139.717 142.658
135.814 139.668 142.654
135.526 140.384 142.817
139.013 141.621 142.549
135.615 139.512 142.237
138.669 140.270 142.287
138.716 141.484 142.451
138.942 140.413 142.873
138.659 140.859 142.736
135.747 140.407 142.645
135.530 138.357 139.353
138.828 140.437 142.875
139.169 141.632 142.814
139.104 139.933 141.909
135.559 139.081 142.339
138.796 140.137 141.873
138.777 141.394 143.986
135.507 139.750 142.819
135.674 138.306 139.484
138.786 140.326 142.458
135.488 138.338 142.564
139.239 142.031 143.050
138.798 140.451 142.624
139.240 141.088 142.468
135.638 137.757 139.265
135.764 139.146 142.611
138.615 140.910 142.592
139.469 141.677 142.364
139.023 140.952 142.288
138.712 139.647 142.122
135.652 138.329 139.216
139.104 140.870 142.411
138.876 140.365 142.370
135.525 138.880 142.302
138.681 140.200 142.091
138.928 139.694 142.121
139.044 141.047 142.409
138.603 139.535 142.823
135.493 140.468 142.718
135.495 136.870 141.948
141.708 141.935 142.164
135.808 140.623 142.725
135.640 138.992 142.228
138.720 140.952 142.654
135.695 138.334 142.351
135.745 140.298 142.449
135.629 139.747 142.714
139.023 139.776 142.517
138.655 140.181 142.549
138.837 140.271 142.177
135.604 138.921 142.310
135.550 138.880 142.414
138.746 140.389 142.669
138.773 140.770 142.158
139.440 141.641 142.503
135.727 137.773 142.353
138.654 140.136 142.262
138.775 139.778 142.574
138.554 140.102 142.082
139.064 141.079 142.696
135.717 140.786 142.422
139.140 139.901 142.206
138.950 140.587 142.813
138.916 141.531 142.459
138.682 140.859 142.478
135.611 139.020 142.680
135.704 139.659 142.515
139.040 140.853 142.126
135.525 138.955 142.651
138.778 141.068 142.744
135.773 139.122 142.466
138.596 140.462 142.780
135.667 138.968 142.289
135.701 138.939 142.661
135.742 138.289 139.074
135.833 140.322 142.489
135.615 140.156 142.283
138.817 139.672 142.486
136.118 139.352 143.078
135.765 139.621 142.312
136.031 141.102 143.950
135.643 140.360 142.478
138.645 139.605 142.164
135.612 138.274 142.531
138.557 141.422 142.676
135.709 139.544 142.223
135.700 138.257 142.198
135.708 140.309 142.329
138.881 139.651 142.231
138.939 139.699 142.269
135.560 139.568 142.407
138.694 140.164 142.101
138.976 140.456 142.656
139.076 141.030 142.831
135.881 139.792 142.691
142.057 142.186 142.274
135.730 140.427 142.521
135.895 141.747 144.282
135.687 139.102 142.437
138.763 140.972 142.723
138.711 141.615 142.822
139.004 140.411 142.523
138.576 140.157 142.235
138.679 139.039 139.289
138.767 140.947 142.826
139.757 142.023 142.796
138.631 139.537 141.745
138.993 140.276 142.112
135.581 141.197 142.877
135.472 138.359 142.612
135.602 138.372 142.535
135.492 140.915 142.398
135.779 138.511 140.698
138.826 140.410 142.745
138.632 138.965 139.417
139.085 140.905 142.160
138.647 139.842 142.319
138.731 139.558 142.226
138.743 139.055 139.346
135.503 139.471 142.213
138.717 139.662 142.182
138.656 140.208 142.584
138.702 140.908 142.402
138.771 141.029 142.664
135.669 138.488 142.514
135.839 140.606 143.624
138.899 139.035 139.249
135.508 137.693 143.019
138.861 140.241 142.201
138.612 138.910 139.236
138.623 139.706 142.652
138.726 140.581 142.231
138.666 140.977 142.726
138.772 141.535 142.297
139.121 140.976 142.602
138.679 140.921 142.645
142.305 142.499 142.812
135.742 138.373 142.196
135.668 139.118 142.462
135.747 137.736 139.108
135.619 140.243 142.608
138.599 139.504 142.154
139.053 140.166 141.792
139.114 141.470 142.280
138.957 141.932 143.823
138.579 140.828 142.489
135.493 139.572 142.221
138.797 138.923 139.062
135.806 139.674 142.401
135.925 138.519 139.239
135.692 139.589 142.278
138.695 138.895 139.180
135.538 139.606 142.634
135.657 139.679 142.235
138.762 140.309 142.492
138.915 141.030 142.759
135.783 139.057 142.551
135.630 139.073 142.107
135.808 140.545 142.768
135.763 139.040 142.383
138.600 140.904 142.357
139.022 140.951 142.351
138.743 140.188 142.208
138.699 140.318 142.483
138.854 141.584 142.477
138.887 140.073 141.812
135.766 139.661 142.357
135.582 138.167 141.732
135.807 139.138 142.646
138.579 140.869 142.529
135.748 138.453 139.441
135.610 139.159 142.152
135.622 137.630 139.191
138.812 139.799 142.366
138.847 140.625 141.918
139.164 139.809 142.055
135.757 140.454 142.651
138.768 140.171 142.116
135.708 137.638 139.253
141.968 142.297 142.557
135.723 139.644 142.457
138.984 140.943 142.291
135.996 140.785 142.935
138.922 141.078 143.004
135.829 139.130 142.291
135.755 139.500 142.424
135.737 137.756 139.509
139.064 141.126 142.583
138.597 141.189 142.860
138.674 141.621 142.695
135.820 139.616 142.508
139.376 141.682 142.679
139.029 141.258 142.905
138.688 140.232 142.320
135.601 139.513 142.715
135.485 139.419 142.246
138.817 140.108 142.139
138.750 141.100 142.778
138.996 140.375 142.382
138.599 139.309 141.873
135.579 139.629 142.252
135.569 139.796 143.140
139.022 140.837 144.360
138.564 141.361 142.362
135.553 139.705 142.685
135.733 138.388 142.151
138.916 140.403 142.321
138.647 139.721 142.497
139.048 140.453 142.450
135.687 138.897 142.196
135.723 137.855 139.349
135.790 140.370 142.560
138.690 140.908 142.951
138.631 139.541 142.341
135.537 140.395 142.828
135.640 139.952 143.573
135.958 139.910 142.793
138.584 140.257 142.344
135.740 139.113 142.489
138.781 141.019 142.641
138.696 141.167 142.865
138.632 139.574 142.270
135.649 138.473 142.900
139.027 140.270 142.137
135.745 139.487 142.124
135.507 138.940 142.337
135.525 140.805 142.417
135.877 139.712 142.506
135.877 140.298 142.418
138.728 141.022 143.233
139.252 141.730 142.638
138.670 140.361 142.483
135.746 140.436 142.756
138.590 140.156 142.949
138.696 140.785 142.159
138.761 139.710 142.602
138.659 141.648 142.745
138.933 139.055 139.170
135.892 139.218 142.600
135.558 140.362 142.648
138.663 140.709 142.155
138.765 141.074 142.646
135.680 139.018 142.318
135.590 139.521 142.316
135.662 139.712 142.847
135.549 139.511 142.277
138.887 140.312 142.379
135.735 138.996 142.356
138.795 140.199 142.405
139.097 141.109 142.562
135.637 138.439 139.358
135.595 138.290 141.976
135.811 139.056 142.454
135.871 139.003 142.425
135.622 139.032 142.175
138.620 139.510 142.171
138.803 140.295 142.317
138.666 139.657 142.268
139.066 140.854 142.202
136.077 140.198 142.483
139.173 140.526 142.539
135.724 140.507 142.690
138.904 140.431 142.392
138.706 140.365 142.512
138.148 139.512 142.645
135.715 139.124 142.292
138.909 140.574 142.989
138.746 139.687 142.370
138.932 141.281 142.897
135.837 141.021 142.559
135.824 139.771 142.905
138.694 139.715 142.152
136.183 140.564 142.745
135.703 138.356 142.227
138.782 139.081 139.264
135.760 140.969 144.659
138.816 138.974 139.286
135.725 141.183 142.894
139.301 141.781 142.941
135.691 137.867 139.501
138.740 139.660 142.281
139.178 141.026 142.340
138.759 141.086 142.541
138.731 140.577 142.925
138.821 140.955 142.704
138.875 141.894 142.867
135.749 138.553 139.508
138.814 139.695 142.191
136.009 139.171 142.343
138.964 141.135 142.515
136.190 140.524 142.674
139.014 140.451 142.442
138.875 141.059 142.567
135.731 140.208 142.370
136.021 140.318 142.466
138.874 141.150 142.790
138.759 140.260 142.161
135.877 139.977 142.874
135.928 140.661 142.734
135.892 137.813 139.121
138.961 140.449 142.808
138.901 141.661 142.590
135.716 139.054 141.962
135.673 139.002 142.489
138.911 141.748 142.523
135.718 139.826 142.903
135.919 139.374 142.716
138.832 140.419 142.456
138.763 141.504 142.423
135.615 137.745 139.272
135.842 139.584 141.964
135.701 139.602 142.249
139.212 140.625 142.585
135.838 140.378 142.525
135.860 139.650 142.160
138.924 141.084 142.957
135.878 139.203 142.869
138.770 140.371 142.508
138.793 140.231 142.317
135.690 139.663 142.299
135.884 139.747 142.781
138.964 140.212 142.071
138.985 140.987 142.735
139.058 141.235 142.797
138.764 140.251 142.343
138.706 139.661 141.913
135.687 138.509 142.734
139.103 139.897 142.516
141.752 142.241 142.743
135.727 139.858 142.903
138.811 140.377 143.046
138.772 140.973 142.448
135.627 139.052 142.714
135.679 138.967 142.815
138.828 140.977 142.618
138.862 140.385 142.330
139.081 141.024 142.596
139.305 141.151 142.866
138.760 140.333 143.037
138.831 140.821 142.530
138.865 140.923 142.336
135.888 139.776 142.871
138.752 141.628 142.918
139.032 140.538 142.778
135.579 139.028 142.525
141.837 142.144 142.440
135.638 138.562 142.923
135.559 138.362 139.606
138.626 141.120 142.774
135.514 140.197 142.291
135.657 139.102 142.868
138.784 139.080 139.356
135.552 138.885 141.953
138.716 139.630 142.278
138.596 140.883 142.446
138.742 140.268 142.526
138.694 139.593 142.474
138.737 140.348 142.778
135.487 140.110 142.803
135.900 139.110 142.635
140.053 142.270 145.164
135.511 139.488 142.201
138.801 140.914 142.841
135.696 139.094 142.572
135.694 139.544 142.300
138.678 139.767 142.383
138.683 139.900 142.027
138.854 140.967 142.367
139.123 140.938 142.711
138.784 140.980 142.802
135.730 138.963 142.256
