130.994 131.107 131.283
130.985 131.043 131.162
130.971 131.022 131.098
130.973 131.022 131.159
130.964 131.108 131.314
130.975 131.178 131.947
130.978 131.264 132.366
131.001 131.034 131.111
131.012 131.673 132.818
130.975 131.027 131.137
130.975 131.019 131.129
130.954 131.093 131.222
130.972 130.996 131.023
130.975 130.990 131.002
130.978 131.008 131.050
130.999 131.038 131.140
130.995 131.023 131.074
130.962 131.012 131.134
131.005 131.037 131.148
130.988 131.006 131.027
131.005 131.020 131.044
131.022 131.068 131.158
130.981 130.992 131.018
130.995 131.006 131.020
130.994 131.016 131.045
131.004 131.074 131.203
130.975 131.001 131.039
130.972 131.367 132.564
130.988 131.088 131.355
130.983 131.038 131.125
131.013 131.150 131.452
130.993 131.022 131.049
130.989 131.032 131.124
130.992 131.063 131.136
130.984 131.008 131.038
130.981 131.013 131.042
130.999 131.013 131.025
130.995 131.042 131.148
130.991 131.013 131.037
130.990 131.070 131.154
130.969 131.018 131.102
130.993 131.007 131.037
130.992 131.074 131.232
130.993 131.104 131.452
131.027 131.525 131.880
130.980 131.221 132.130
130.998 131.392 132.760
130.978 131.043 131.135
130.983 131.009 131.019
130.996 131.024 131.046
130.989 131.003 131.038
130.988 131.166 131.664
131.003 131.045 131.115
131.012 131.034 131.055
131.019 131.057 131.147
130.975 131.004 131.048
130.963 131.012 131.127
130.972 131.008 131.050
131.004 131.036 131.102
130.975 131.054 131.141
131.003 131.009 131.019
131.010 131.884 132.860
130.986 131.017 131.091
130.996 131.021 131.054
130.982 131.165 131.792
131.003 131.033 131.103
130.983 131.130 131.525
130.959 131.013 131.154
130.975 131.037 131.136
131.003 131.016 131.052
130.973 131.271 132.263
130.997 131.019 131.060
131.002 131.043 131.127
130.983 131.037 131.130
130.969 131.042 131.109
131.001 131.177 131.518
130.963 131.080 131.280
130.982 131.039 131.139
130.984 131.213 131.615
130.992 131.020 131.081
130.996 131.049 131.158
130.994 131.556 132.825
131.004 131.076 131.195
130.999 131.076 131.201
131.017 131.133 131.350
130.997 131.131 131.606
130.990 131.013 131.036
130.977 130.997 131.016
130.994 131.075 131.273
130.991 131.055 131.145
130.987 131.142 131.400
131.020 131.069 131.149
131.006 131.034 131.109
130.970 131.135 131.624
131.009 131.035 131.066
130.964 130.993 131.013
130.992 131.800 132.797
131.005 131.034 131.085
130.959 131.226 132.232
130.978 131.139 131.717
130.982 131.016 131.078
130.979 131.026 131.147
130.996 131.051 131.097
130.994 131.022 131.049
131.000 131.011 131.028
131.015 131.090 131.192
130.955 130.982 131.014
130.994 131.012 131.033
131.000 131.176 131.779
131.002 131.010 131.022
130.975 131.055 131.265
130.987 131.138 131.559
131.000 131.145 131.544
131.005 131.033 131.078
130.990 131.519 132.227
130.961 131.038 131.151
130.987 131.040 131.139
131.718 132.311 132.811
130.960 130.980 131.010
131.019 131.046 131.071
131.001 131.010 131.022
130.970 130.987 131.017
130.984 131.031 131.128
130.972 131.044 131.126
130.983 131.069 131.328
130.993 131.072 131.248
130.992 131.039 131.112
130.976 131.014 131.087
130.991 131.128 131.270
131.022 131.110 131.248
130.980 131.042 131.123
131.002 131.026 131.050
130.993 131.005 131.019
130.996 131.009 131.018
130.988 131.038 131.140
130.993 131.082 131.392
130.979 130.992 131.005
131.003 131.071 131.169
130.997 131.020 131.072
131.006 131.040 131.116
130.994 131.058 131.155
130.993 131.065 131.157
131.003 131.024 131.061
130.978 130.990 131.013
130.997 131.028 131.065
130.997 131.008 131.017
130.961 130.995 131.051
130.993 131.005 131.021
130.985 131.031 131.154
130.981 131.034 131.155
130.981 130.998 131.024
130.978 131.202 132.071
130.979 131.024 131.130
130.995 131.007 131.019
131.036 131.493 132.503
130.985 131.019 131.117
131.015 131.069 131.137
130.994 131.063 131.170
130.990 131.008 131.042
131.022 131.026 131.030
130.966 131.010 131.052
130.985 131.027 131.119
130.997 131.008 131.023
130.981 131.010 131.058
130.985 131.038 131.158
130.979 131.051 131.150
130.980 131.114 131.381
131.004 131.056 131.220
130.980 131.005 131.020
131.032 131.858 132.803
131.002 131.144 131.457
130.996 131.020 131.039
130.999 131.086 131.164
130.958 131.021 131.158
130.968 131.032 131.123
130.998 131.042 131.124
131.001 131.014 131.035
130.980 131.008 131.081
130.966 130.983 131.008
130.984 131.035 131.092
130.968 131.016 131.134
130.982 131.034 131.161
130.980 131.038 131.171
131.001 131.013 131.030
131.004 131.042 131.157
130.981 131.169 131.757
131.009 131.017 131.025
131.005 131.026 131.077
130.981 131.028 131.148
130.977 131.007 131.039
130.977 131.017 131.116
130.987 131.128 131.466
131.019 131.064 131.168
130.982 131.027 131.152
130.997 131.048 131.118
130.978 131.052 131.160
130.994 131.043 131.140
130.988 131.039 131.156
131.002 131.103 131.213
130.992 131.026 131.136
130.999 131.072 131.128
131.008 131.052 131.127
130.962 130.987 131.008
130.962 131.041 131.115
131.002 131.012 131.027
130.997 131.015 131.029
130.990 131.079 131.122
130.973 130.993 131.006
130.983 131.383 132.805
131.006 131.043 131.173
130.975 130.988 130.999
130.971 131.009 131.101
131.018 131.025 131.040
130.988 131.101 131.237
130.984 131.031 131.065
131.006 131.056 131.093
130.996 131.040 131.127
130.977 131.032 131.105
130.970 131.022 131.133
131.004 131.039 131.088
130.974 131.142 131.477
130.980 131.007 131.044
130.986 131.157 131.639
131.005 131.041 131.143
131.113 131.758 132.582
131.005 131.054 131.181
130.986 131.051 131.106
130.988 131.313 132.494
131.000 131.005 131.010
130.974 131.012 131.043
130.992 131.038 131.122
130.989 131.017 131.047
131.006 131.103 131.189
130.984 131.011 131.077
130.983 130.992 130.999
130.974 131.034 131.143
130.972 130.983 130.992
130.990 131.000 131.018
130.989 131.034 131.098
130.981 130.995 131.012
130.980 131.074 131.252
130.983 131.013 131.108
130.990 131.041 131.160
130.981 131.156 131.720
130.971 131.001 131.026
130.974 131.026 131.182
130.980 131.017 131.043
130.980 131.004 131.028
130.979 131.002 131.043
131.005 131.025 131.038
130.984 131.005 131.035
131.006 131.434 132.636
130.980 131.053 131.165
130.991 131.037 131.116
130.988 131.035 131.117
131.006 131.092 131.168
131.015 131.026 131.046
130.968 131.134 131.728
130.996 131.015 131.049
131.005 131.434 132.896
130.972 131.018 131.077
130.978 131.122 131.620
130.974 131.047 131.175
130.983 131.021 131.116
131.029 131.412 132.663
131.002 131.020 131.051
130.959 131.041 131.133
130.998 131.018 131.061
131.000 131.047 131.181
131.021 131.068 131.155
130.993 131.049 131.162
131.004 131.028 131.101
130.988 131.034 131.073
130.992 131.039 131.139
130.971 131.009 131.050
130.985 130.998 131.021
130.988 130.999 131.013
130.996 131.016 131.038
130.986 131.004 131.022
130.980 130.996 131.010
130.974 130.990 131.013
130.974 131.013 131.035
130.954 131.073 131.171
130.997 131.018 131.033
131.001 131.021 131.065
130.998 131.038 131.126
130.980 131.002 131.036
130.980 130.996 131.018
130.999 131.021 131.049
130.973 131.035 131.069
130.973 131.002 131.031
130.985 131.002 131.019
130.997 131.020 131.061
130.992 131.002 131.011
130.986 131.063 131.163
130.981 130.996 131.012
130.979 131.062 131.131
130.989 131.066 131.167
130.965 131.003 131.040
130.999 131.094 131.457
130.972 130.997 131.044
131.000 131.016 131.026
130.979 131.002 131.039
130.997 131.066 131.136
131.001 131.016 131.023
131.008 131.046 131.178
131.003 131.040 131.131
130.965 130.989 131.029
130.957 130.989 131.007
130.980 131.035 131.132
130.992 131.011 131.020
130.995 131.039 131.143
131.005 131.138 131.582
130.986 131.029 131.083
130.978 131.011 131.112
130.973 130.983 130.993
130.996 131.003 131.012
130.984 131.030 131.146
130.985 131.007 131.045
130.989 131.051 131.152
130.992 131.050 131.124
130.996 131.020 131.068
130.999 131.013 131.036
130.999 131.041 131.153
130.974 130.997 131.013
130.979 131.149 131.747
131.018 131.076 131.155
130.957 130.984 131.003
131.009 131.312 132.157
130.988 131.324 132.506
131.002 131.055 131.126
130.988 131.194 131.934
131.001 131.018 131.050
130.974 131.278 131.783
131.010 131.051 131.120
130.976 131.013 131.030
130.994 131.256 131.609
131.009 131.026 131.049
130.984 131.007 131.047
131.022 131.083 131.176
130.988 131.027 131.112
130.999 131.052 131.123
131.007 131.023 131.036
130.970 131.023 131.141
130.993 131.050 131.116
130.991 131.005 131.022
130.973 131.041 131.168
130.976 131.018 131.076
131.004 131.069 131.159
130.999 131.011 131.023
130.982 131.018 131.149
131.239 131.969 132.812
130.992 131.005 131.030
130.981 131.025 131.160
131.022 131.058 131.141
130.996 131.044 131.145
131.002 131.231 132.128
130.990 131.075 131.301
130.996 131.011 131.025
130.977 131.030 131.114
131.003 131.040 131.153
130.984 131.087 131.174
130.975 131.044 131.163
131.019 131.059 131.154
131.005 131.041 131.158
130.988 131.026 131.137
130.985 131.004 131.043
130.988 131.041 131.173
130.964 131.011 131.035
130.969 130.990 131.002
130.962 131.008 131.098
130.988 131.009 131.049
130.999 131.056 131.151
130.989 131.011 131.077
130.992 131.047 131.207
130.999 131.052 131.127
130.973 130.987 131.001
130.970 130.997 131.016
130.995 131.010 131.028
130.970 131.002 131.026
130.995 131.046 131.185
130.978 131.009 131.032
130.972 130.996 131.065
130.990 131.018 131.032
130.988 131.014 131.041
130.978 131.253 131.878
130.985 131.265 132.142
130.974 130.991 131.006
130.989 131.031 131.150
130.996 131.392 132.925
130.997 131.035 131.151
131.004 131.014 131.028
130.961 131.038 131.182
130.991 131.039 131.113
131.008 131.041 131.136
130.992 131.012 131.028
130.989 131.031 131.115
130.992 131.022 131.058
130.989 131.048 131.207
130.973 131.048 131.159
131.014 131.073 131.138
131.016 131.074 131.146
130.979 131.039 131.158
130.985 131.037 131.148
130.979 131.048 131.143
131.000 131.239 132.155
130.993 131.028 131.113
131.001 131.015 131.051
130.993 131.020 131.057
130.957 131.689 132.771
131.005 131.068 131.133
131.008 131.023 131.055
130.988 131.032 131.131
130.999 131.006 131.011
131.019 131.069 131.192
130.995 131.025 131.097
130.977 131.023 131.129
130.988 131.010 131.053
130.998 131.064 131.163
130.980 131.014 131.065
130.978 131.044 131.193
130.992 131.062 131.140
131.012 131.049 131.131
130.986 131.027 131.149
130.980 131.020 131.116
130.989 131.035 131.102
130.952 130.989 131.013
130.990 131.407 131.821
130.981 131.001 131.042
130.997 131.006 131.016
130.999 131.083 131.158
131.005 131.019 131.031
130.986 131.001 131.021
130.995 131.022 131.114
130.992 131.189 131.964
130.979 131.008 131.055
130.961 130.984 131.030
131.005 131.020 131.033
131.007 131.044 131.148
130.992 131.047 131.157
130.987 131.013 131.066
131.004 131.036 131.129
131.121 131.587 132.539
130.990 131.053 131.160
130.979 131.002 131.033
130.968 130.976 130.997
130.991 131.150 131.591
130.995 131.043 131.174
131.000 131.015 131.033
130.982 131.018 131.117
130.960 131.028 131.230
130.992 131.036 131.150
130.999 131.197 131.799
130.974 130.995 131.028
130.988 131.065 131.145
130.989 131.015 131.086
130.990 131.047 131.133
130.991 131.004 131.037
130.962 130.996 131.042
130.994 131.045 131.162
131.072 131.791 132.855
130.990 131.224 131.975
130.974 131.031 131.130
130.978 131.025 131.166
130.996 131.026 131.123
130.961 131.005 131.029
130.996 131.011 131.020
130.975 131.006 131.051
130.953 130.989 131.009
130.968 130.990 131.007
131.009 131.025 131.033
130.979 131.026 131.129
130.978 131.108 131.555
130.995 131.015 131.066
130.980 130.990 131.001
130.986 131.237 132.041
130.991 131.002 131.035
130.979 131.042 131.138
130.970 131.008 131.058
130.984 131.003 131.032
130.997 131.038 131.139
130.974 131.000 131.025
130.971 131.005 131.062
131.014 131.073 131.176
130.972 130.990 131.003
130.984 131.059 131.162
130.993 131.010 131.056
130.972 131.015 131.106
131.001 131.029 131.111
130.968 131.011 131.078
130.981 130.996 131.015
130.974 131.032 131.180
130.998 131.021 131.036
130.962 131.003 131.020
130.954 130.999 131.018
130.981 131.035 131.123
130.981 131.031 131.162
130.950 130.993 131.014
131.004 131.412 131.955
130.975 131.027 131.087
130.985 131.030 131.154
130.976 130.997 131.048
130.969 130.988 131.018
130.990 131.028 131.080
130.973 131.027 131.132
130.996 131.005 131.017
130.997 131.013 131.042
130.985 131.005 131.020
131.009 131.043 131.136
131.001 131.032 131.125
131.008 131.037 131.120
130.990 131.027 131.066
130.990 131.059 131.191
130.963 131.194 132.046
130.977 131.009 131.037
130.977 130.999 131.023
130.968 130.991 131.012
130.991 131.092 131.309
130.977 131.002 131.037
130.963 131.026 131.107
130.987 131.006 131.031
130.995 131.075 131.132
130.964 130.987 131.015
130.994 130.999 131.009
130.978 131.017 131.115
130.950 131.000 131.056
131.026 131.124 131.202
130.964 130.990 131.012
130.984 131.003 131.058
130.966 131.031 131.174
130.975 131.003 131.046
130.995 131.079 131.143
131.006 131.008 131.012
130.978 131.012 131.066
131.004 131.022 131.069
130.992 131.251 132.238
130.977 131.031 131.176
130.986 131.033 131.081
130.963 130.978 131.006
131.011 131.241 131.990
130.995 131.026 131.132
130.959 131.001 131.093
130.975 131.027 131.156
130.974 131.003 131.027
130.982 131.056 131.147
130.969 131.006 131.033
130.997 131.011 131.027
130.974 131.066 131.249
130.982 131.014 131.122
130.973 131.001 131.031
130.991 131.037 131.179
131.130 131.797 132.979
130.983 131.006 131.039
130.969 131.013 131.114
130.962 131.252 132.213
130.982 131.079 131.280
131.010 131.014 131.018
130.989 131.028 131.131
131.009 131.028 131.052
130.977 131.019 131.044
130.964 130.989 131.024
130.970 130.982 130.994
130.999 131.005 131.011
130.964 130.994 131.017
130.985 131.019 131.048
130.996 131.074 131.209
130.989 131.020 131.116
130.954 131.012 131.148
130.963 130.986 131.033
130.967 131.295 132.563
130.991 131.030 131.144
130.996 131.038 131.130
130.980 131.001 131.035
130.981 130.994 131.009
130.991 131.004 131.015
130.984 131.013 131.059
130.995 131.065 131.173
130.996 131.022 131.080
130.970 131.016 131.108
130.966 131.008 131.039
130.963 131.013 131.143
130.961 131.032 131.119
130.981 131.002 131.017
130.974 131.001 131.021
130.974 131.009 131.089
130.966 131.018 131.107
130.973 131.014 131.121
131.041 131.656 132.095
130.978 131.007 131.034
130.978 131.034 131.124
130.976 131.247 132.168
130.990 131.006 131.041
130.993 131.032 131.140
130.997 131.029 131.082
130.978 130.988 131.004
130.980 131.000 131.023
130.959 131.082 131.529
130.988 131.040 131.206
130.981 131.001 131.035
130.995 131.411 132.833
130.972 131.011 131.122
130.999 131.045 131.122
130.985 131.045 131.119
130.943 130.999 131.034
130.962 131.014 131.125
131.147 131.624 132.189
130.985 131.013 131.093
130.982 131.015 131.113
130.987 131.062 131.145
130.975 131.002 131.024
130.956 131.019 131.098
130.943 131.191 131.776
130.963 131.002 131.026
130.962 131.026 131.167
130.971 131.013 131.059
130.974 131.025 131.131
130.968 131.023 131.115
130.969 131.014 131.138
130.981 131.014 131.059
130.996 131.039 131.143
130.965 131.007 131.122
130.952 131.049 131.147
130.975 131.016 131.123
130.974 131.001 131.027
130.966 130.987 131.010
130.964 131.138 131.660
130.983 131.846 132.847
130.987 130.998 131.011
130.964 131.043 131.144
130.967 131.063 131.173
131.000 131.013 131.034
130.992 131.010 131.036
130.977 131.028 131.114
130.989 131.028 131.136
130.987 131.002 131.012
130.960 130.991 131.029
130.958 130.980 130.993
130.978 131.075 131.156
130.999 131.050 131.165
130.989 131.009 131.046
130.983 131.023 131.136
130.967 130.987 131.022
130.982 131.267 131.731
130.979 131.037 131.104
130.982 130.992 130.999
130.968 130.986 131.002
130.981 131.017 131.094
130.961 131.002 131.094
130.973 130.997 131.016
130.980 131.000 131.036
130.993 131.052 131.202
131.009 131.037 131.120
130.956 131.001 131.102
130.978 131.016 131.116
130.985 131.049 131.143
130.987 131.004 131.021
131.013 131.033 131.071
130.962 131.046 131.134
130.983 131.020 131.114
130.975 131.029 131.178
130.967 131.012 131.148
130.989 131.043 131.140
130.983 131.025 131.102
130.969 131.642 132.053
130.992 131.006 131.032
130.996 131.012 131.038
130.956 131.024 131.127
130.973 130.984 131.002
130.996 131.028 131.113
130.946 131.032 131.137
130.980 131.030 131.157
130.980 131.002 131.058
130.976 131.328 132.581
130.993 131.022 131.077
130.977 131.036 131.131
130.988 130.998 131.002
130.990 131.000 131.019
130.985 131.004 131.031
130.999 131.730 132.302
130.968 131.043 131.124
130.972 130.991 131.006
130.977 130.989 131.002
130.972 130.996 131.014
130.988 131.344 132.559
130.949 131.146 131.824
130.972 131.043 131.129
130.979 131.043 131.118
130.978 131.293 132.395
130.983 131.003 131.031
130.990 131.064 131.174
130.990 131.001 131.021
130.981 131.018 131.113
130.958 131.168 131.922
130.974 130.988 131.008
130.979 130.999 131.027
130.969 130.999 131.022
130.985 131.023 131.130
131.239 132.026 132.974
130.981 131.159 131.473
130.981 130.996 131.014
130.975 131.000 131.017
130.988 131.006 131.032
130.983 131.005 131.040
130.991 131.037 131.127
130.991 131.050 131.110
130.986 130.998 131.003
130.991 131.024 131.124
130.969 130.977 130.987
130.978 131.016 131.123
130.961 130.981 131.008
130.972 131.009 131.091
130.965 131.273 131.811
130.984 131.041 131.149
130.971 131.013 131.104
130.958 130.976 131.002
130.988 131.022 131.122
130.987 131.026 131.119
130.964 131.008 131.066
130.987 131.033 131.156
130.979 131.042 131.117
130.970 130.993 131.013
130.975 131.034 131.237
130.996 131.014 131.049
130.990 131.005 131.027
130.995 131.040 131.160
130.984 131.028 131.132
130.973 131.014 131.118
130.967 131.035 131.291
131.012 131.048 131.105
131.006 131.046 131.158
130.966 131.247 132.302
130.956 131.020 131.171
130.975 131.012 131.050
131.001 131.577 132.052
130.978 131.043 131.126
130.998 131.032 131.066
130.971 131.800 132.628
130.975 131.091 131.264
130.992 131.007 131.030
130.982 131.049 131.144
131.005 131.096 131.169
130.971 131.006 131.100
130.968 130.995 131.036
130.980 131.117 131.633
130.953 131.014 131.074
130.992 131.037 131.106
130.982 131.036 131.187
131.002 131.027 131.053
131.013 131.070 131.141
130.977 131.009 131.042
130.982 130.993 131.000
130.981 131.018 131.105
130.961 131.034 131.170
130.991 131.790 132.786
130.981 130.989 131.002
131.000 131.008 131.027
130.982 131.033 131.120
130.993 131.013 131.031
130.963 131.012 131.146
130.957 131.222 132.148
130.970 131.001 131.026
130.998 131.047 131.155
130.969 131.012 131.120
130.991 131.001 131.011
131.008 131.079 131.195
130.971 131.010 131.086
130.967 131.022 131.145
130.963 130.991 131.012
130.965 131.012 131.140
130.975 130.987 131.007
130.968 131.045 131.244
130.970 131.004 131.045
130.983 130.997 131.008
130.968 130.996 131.026
130.968 131.037 131.178
131.005 131.123 131.538
131.002 131.015 131.037
130.972 131.034 131.188
130.992 131.034 131.149
130.962 131.002 131.083
130.991 131.009 131.034
130.998 131.029 131.145
130.986 131.012 131.059
131.007 131.390 132.485
130.981 131.579 132.945
130.956 130.988 131.014
130.995 131.051 131.138
130.984 131.036 131.107
130.991 131.046 131.100
130.951 130.965 131.004
130.981 131.037 131.122
130.969 131.019 131.136
130.960 131.002 131.058
130.998 131.035 131.123
130.958 130.987 131.006
130.991 131.247 132.242
131.022 131.039 131.067
130.989 131.035 131.170
130.990 130.997 131.002
130.988 131.036 131.140
130.986 130.990 130.997
130.974 131.028 131.145
130.982 131.025 131.114
130.978 131.015 131.100
130.983 131.002 131.033
130.977 131.000 131.028
130.995 131.085 131.178
130.984 131.002 131.021
130.983 131.050 131.148
131.000 131.293 132.309
130.977 130.988 131.001
131.016 131.042 131.110
130.969 131.018 131.130
130.986 131.000 131.030
130.972 131.014 131.119
130.986 130.995 131.006
130.965 130.995 131.018
131.209 132.076 132.812
130.999 131.058 131.173
130.977 131.076 131.260
130.985 131.033 131.137
130.979 131.050 131.140
130.968 130.985 131.009
130.977 131.015 131.132
130.990 131.060 131.168
131.007 131.249 132.021
130.971 130.981 130.999
130.995 131.009 131.035
130.958 131.029 131.189
131.031 131.060 131.136
130.980 131.004 131.025
130.982 131.051 131.127
130.986 131.057 131.153
130.987 130.998 131.015
131.007 131.055 131.159
130.988 130.996 131.000
131.010 131.026 131.046
130.988 131.045 131.234
130.978 131.238 132.095
130.995 131.030 131.080
130.954 131.021 131.128
131.008 131.057 131.178
130.957 131.027 131.243
130.979 131.273 132.210
130.987 131.033 131.120
130.993 131.000 131.012
130.986 131.011 131.045
131.010 131.056 131.147
130.968 131.056 131.190
130.981 131.078 131.151
130.987 131.738 132.619
130.969 131.323 132.519
130.982 131.655 132.770
130.978 131.025 131.115
130.981 131.035 131.110
130.991 131.001 131.021
130.971 131.015 131.129
130.984 131.053 131.164
130.971 131.024 131.143
131.002 131.052 131.217
131.000 131.040 131.158
130.987 131.035 131.139
130.973 131.026 131.118
130.965 131.138 131.476
130.970 131.034 131.096
130.973 131.031 131.162
130.976 131.009 131.084
131.534 132.031 132.575
130.965 131.105 131.531
131.005 131.083 131.338
130.988 131.038 131.153
130.983 131.030 131.128
131.008 131.135 131.443
130.989 131.025 131.139
130.986 131.020 131.075
130.974 131.036 131.121
130.979 131.007 131.055
131.006 131.045 131.153
130.968 130.989 131.005
131.022 131.044 131.077
130.997 131.417 132.743
130.963 131.034 131.199
130.999 131.007 131.014
130.951 130.986 131.013
130.974 130.989 131.013
130.970 130.999 131.024
130.990 131.317 132.222
130.969 131.045 131.184
130.962 131.034 131.128
130.995 131.038 131.167
130.959 131.029 131.190
131.013 131.079 131.176
130.981 131.053 131.176
130.985 131.011 131.035
130.973 131.011 131.097
130.994 131.093 131.170
130.972 131.034 131.140
131.001 131.059 131.138
130.981 131.003 131.027
130.969 130.991 131.008
130.985 131.041 131.143
130.969 131.004 131.054
130.962 130.999 131.036
131.004 131.038 131.161
130.990 131.001 131.013
130.994 131.011 131.024
130.990 131.021 131.050
130.981 131.008 131.036
130.969 130.992 131.013
130.985 131.010 131.042
131.002 131.018 131.044
131.005 131.053 131.125
130.990 131.013 131.040
131.001 131.028 131.053
130.976 131.042 131.141
131.009 131.020 131.031
130.969 130.998 131.025
130.972 131.022 131.127
130.974 131.006 131.039
130.984 131.115 131.567
130.981 131.042 131.154
131.000 131.090 131.386
130.997 131.065 131.147
130.987 131.009 131.047
130.989 131.052 131.131
130.992 131.016 131.052
130.993 131.228 131.794
130.999 131.016 131.044
131.000 131.016 131.040
130.985 131.020 131.117
130.986 131.040 131.147
131.019 131.063 131.218
130.988 131.017 131.117
131.100 131.439 131.922
130.988 131.015 131.060
130.996 131.038 131.122
130.985 131.164 131.654
130.971 131.044 131.209
130.990 130.999 131.020
130.958 130.973 130.998
130.976 131.016 131.045
130.968 131.061 131.127
130.959 131.200 132.010
130.999 131.040 131.143
130.980 131.002 131.026
131.015 131.022 131.041
130.972 131.060 131.300
131.002 131.049 131.141
130.985 131.022 131.142
130.986 131.017 131.106
130.971 130.992 131.010
130.974 131.008 131.056
131.013 131.781 132.827
130.988 131.046 131.158
131.001 131.045 131.125
130.993 131.045 131.211
130.987 131.029 131.105
131.014 131.059 131.183
130.981 131.397 132.963
130.969 131.038 131.197
130.972 131.026 131.145
131.008 131.096 131.197
131.003 131.026 131.098
130.996 131.046 131.153
130.976 131.056 131.250
131.006 131.021 131.031
130.986 131.613 132.582
130.975 131.091 131.360
130.974 131.005 131.069
130.984 131.059 131.163
131.011 131.103 131.212
130.992 131.029 131.140
130.985 131.072 131.229
131.022 131.055 131.134
130.991 131.503 132.316
131.010 131.109 131.186
131.003 131.045 131.166
130.996 131.019 131.034
130.976 131.032 131.121
131.001 131.013 131.033
130.989 131.006 131.032
130.978 131.039 131.146
130.995 131.015 131.039
130.984 131.464 132.352
130.986 131.347 132.744
130.985 131.004 131.021
131.003 131.050 131.158
130.981 131.035 131.107
130.982 130.993 131.015
131.014 131.063 131.188
130.971 131.031 131.144
130.976 131.030 131.149
130.996 131.082 131.377
130.992 131.006 131.026
130.993 131.228 131.469
131.008 131.037 131.061
130.999 131.045 131.076
131.015 131.299 132.062
130.998 131.021 131.091
130.982 131.001 131.032
130.995 131.019 131.048
130.987 130.998 131.033
130.992 131.024 131.075
130.997 131.035 131.059
131.001 131.024 131.069
130.970 131.027 131.151
130.971 131.009 131.061
131.000 131.012 131.030
130.944 131.049 131.139
130.983 131.026 131.129
130.991 131.041 131.134
130.992 131.021 131.125
130.992 131.013 131.037
131.030 131.259 132.042
130.991 131.117 131.291
130.992 131.010 131.036
130.971 131.031 131.174
130.967 130.994 131.022
131.007 131.052 131.099
130.968 130.990 131.029
130.989 131.186 131.940
130.963 131.016 131.117
130.998 131.044 131.121
130.975 130.996 131.017
130.999 131.063 131.169
130.997 131.020 131.035
130.976 131.002 131.020
131.010 131.022 131.051
130.974 131.030 131.127
131.017 131.259 131.952
130.986 131.048 131.128
130.991 131.036 131.143
130.979 130.999 131.015
131.179 131.924 132.780
130.982 131.044 131.181
130.957 131.066 131.165
130.986 131.049 131.176
130.998 131.042 131.154
130.980 131.045 131.158
130.994 131.009 131.032
130.985 131.047 131.139
130.975 131.001 131.033
130.973 130.983 131.006
130.982 130.994 131.017
130.967 130.994 131.016
131.005 131.062 131.174
130.986 131.096 131.372
130.978 131.008 131.043
131.001 131.041 131.125
131.013 131.836 132.841
131.012 131.144 131.459
130.956 130.979 131.004
131.006 131.082 131.350
130.983 131.028 131.096
130.991 131.094 131.151
130.989 131.005 131.025
130.966 131.021 131.166
131.014 131.082 131.176
130.993 131.138 131.338
131.006 131.080 131.186
131.017 131.080 131.194
130.972 130.983 130.997
130.984 131.007 131.046
130.971 130.982 131.003
130.971 131.030 131.056
130.975 130.985 131.006
130.982 131.044 131.211
130.989 131.009 131.036
131.010 131.412 132.783
131.017 131.023 131.031
130.988 131.020 131.092
131.005 131.033 131.074
130.969 130.992 131.019
130.993 131.009 131.025
131.009 131.036 131.129
131.008 131.067 131.161
130.960 130.994 131.018
130.971 131.003 131.048
130.985 131.013 131.033
131.010 131.064 131.186
130.977 130.987 131.000
131.004 131.021 131.033
130.962 130.982 131.009
130.976 131.020 131.054
130.972 131.000 131.021
130.977 131.388 132.208
130.987 131.033 131.184
131.003 131.019 131.043
130.994 131.009 131.026
130.974 131.027 131.134
130.984 130.996 131.034
130.963 130.976 130.992
130.986 131.020 131.077
131.001 131.042 131.137
130.988 131.004 131.014
130.984 130.993 131.009
130.971 131.149 131.705
130.964 131.015 131.035
131.001 131.042 131.174
130.992 131.004 131.019
130.996 131.024 131.081
130.991 131.004 131.024
130.989 131.146 131.638
131.021 131.052 131.154
131.007 131.056 131.221
130.977 131.006 131.036
130.977 131.390 132.911
130.999 131.040 131.145
130.975 131.020 131.101
131.010 131.056 131.176
130.991 131.017 131.048
130.988 131.022 131.065
130.974 131.018 131.062
130.984 131.020 131.084
130.974 131.006 131.028
130.999 131.046 131.132
130.979 131.023 131.148
130.983 131.030 131.122
130.977 131.572 132.646
130.961 130.985 131.018
130.995 131.032 131.082
130.988 131.011 131.034
130.986 131.027 131.118
131.012 131.071 131.151
130.977 131.018 131.092
130.987 131.058 131.300
130.980 130.991 131.006
131.003 131.062 131.154
130.975 131.026 131.129
130.997 131.022 131.070
131.014 131.064 131.167
130.993 131.085 131.304
130.982 131.054 131.150
130.993 131.023 131.056
130.980 131.036 131.187
130.983 131.021 131.097
130.972 130.998 131.036
130.982 131.045 131.144
130.986 131.053 131.178
130.995 131.013 131.031
130.988 131.014 131.074
130.988 131.255 132.112
131.033 131.070 131.164
131.003 131.061 131.143
131.006 131.060 131.141
130.977 131.032 131.143
131.025 131.153 131.537
130.997 131.049 131.160
130.980 131.023 131.070
130.974 131.008 131.066
130.989 131.024 131.129
130.971 131.018 131.111
130.987 131.012 131.041
130.997 131.043 131.165
130.992 131.160 131.750
130.986 131.054 131.179
130.981 131.026 131.112
130.965 131.251 132.336
130.983 131.010 131.044
130.974 131.000 131.021
130.993 131.002 131.022
130.991 131.033 131.134
130.990 131.008 131.027
130.993 131.028 131.120
130.997 131.058 131.179
131.039 131.941 132.795
130.966 131.010 131.072
130.988 131.595 132.534
130.980 130.997 131.028
130.985 131.000 131.010
130.990 131.005 131.025
131.000 131.009 131.022
130.959 131.204 132.034
130.972 131.010 131.063
130.984 131.048 131.149
130.996 131.090 131.266
130.991 131.024 131.100
130.973 130.998 131.022
130.973 131.036 131.122
130.981 131.047 131.207
130.969 131.002 131.030
130.963 131.032 131.129
130.976 131.028 131.119
130.995 131.012 131.028
130.982 131.369 132.731
130.986 131.022 131.126
130.994 131.042 131.147
130.990 130.996 131.002
130.989 131.033 131.122
130.998 131.022 131.049
130.990 131.035 131.130
130.968 131.006 131.037
130.974 131.022 131.141
130.984 131.034 131.141
130.993 131.005 131.015
130.988 131.033 131.166
130.970 130.984 131.009
131.022 131.092 131.166
131.675 132.288 132.882
130.981 131.177 131.823
130.994 131.061 131.169
131.018 131.089 131.253
130.981 131.003 131.045
130.981 131.021 131.142
130.996 131.017 131.071
131.018 131.075 131.157
130.992 131.010 131.034
131.001 131.049 131.191
130.999 131.033 131.087
130.986 131.019 131.057
131.017 131.032 131.046
130.985 131.047 131.186
130.972 131.073 131.142
131.012 131.049 131.163
130.976 131.032 131.162
130.978 131.130 131.414
130.986 131.041 131.148
130.976 131.018 131.123
130.990 131.056 131.132
130.994 131.040 131.147
130.969 131.030 131.157
131.002 131.011 131.020
130.970 130.992 131.009
130.991 131.072 131.177
131.003 131.068 131.151
130.998 131.010 131.029
130.985 131.020 131.091
130.976 130.989 131.000
131.009 131.117 131.250
130.996 131.098 131.174
130.986 131.024 131.051
130.997 131.017 131.050
130.995 131.068 131.178
130.980 131.033 131.164
131.123 131.633 132.737
130.992 131.010 131.025
130.985 131.025 131.109
131.019 131.060 131.153
130.969 131.022 131.145
130.981 131.007 131.042
130.982 131.020 131.136
131.000 131.056 131.169
130.998 131.012 131.032
130.959 131.012 131.058
130.951 131.042 131.137
130.982 131.026 131.130
130.978 131.015 131.121
130.991 131.023 131.114
130.989 131.005 131.020
130.979 131.029 131.127
130.981 131.017 131.054
130.988 131.053 131.183
130.995 131.067 131.293
130.977 131.024 131.135
131.001 131.009 131.023
131.008 131.586 132.667
130.986 131.002 131.018
130.975 131.026 131.153
130.981 131.009 131.050
130.983 131.057 131.165
130.964 131.013 131.089
130.997 131.053 131.154
130.993 131.128 131.488
115.458 115.646 116.009
115.432 115.724 116.063
115.431 115.672 116.047
115.462 115.584 115.994
115.456 115.811 116.050
115.437 115.473 115.526
115.403 115.832 116.110
115.431 115.666 115.991
115.483 115.634 115.982
115.433 115.620 116.072
115.990 116.331 117.532
115.485 115.901 116.057
115.518 115.956 116.084
115.448 115.673 116.016
115.474 115.847 116.135
115.978 116.002 116.031
115.441 115.667 115.975
115.415 115.590 115.987
115.448 115.834 116.105
115.477 115.800 116.028
115.442 115.490 115.515
115.496 115.902 116.030
115.454 115.705 116.096
115.418 115.772 116.042
115.506 115.896 116.027
115.417 115.905 116.093
115.469 115.831 116.152
115.418 115.453 115.499
115.477 115.967 116.172
115.431 115.915 116.206
115.981 116.008 116.089
115.460 116.064 117.329
115.424 115.780 116.021
115.401 115.572 115.941
115.460 115.768 116.205
115.462 116.000 116.752
115.436 115.895 116.033
115.457 115.774 115.992
115.445 115.721 116.209
115.421 115.907 116.065
115.522 115.828 116.044
115.472 115.812 116.143
115.464 115.682 115.988
115.434 115.793 116.036
115.434 115.695 116.167
115.421 115.800 116.063
115.529 115.745 116.033
115.468 115.846 116.201
115.454 115.718 116.058
115.410 115.692 116.119
115.495 115.730 116.084
115.390 115.776 116.019
115.497 115.921 116.162
115.505 115.789 116.005
115.435 116.051 116.766
115.404 115.754 116.016
115.428 115.757 116.047
115.563 115.823 116.020
115.420 115.709 116.092
115.477 115.706 116.021
115.424 115.783 116.021
115.432 115.585 116.035
115.446 115.615 116.045
115.444 115.697 116.049
115.441 115.776 116.012
115.404 115.451 115.588
115.504 115.787 115.968
115.515 115.929 116.145
115.496 116.365 117.077
115.422 115.674 116.108
115.416 115.700 116.009
115.493 115.817 116.073
115.569 115.791 116.054
115.474 115.684 115.978
131.002 131.051 131.124
130.975 131.003 131.014
130.971 130.992 131.015
131.000 131.033 131.124
130.987 130.997 131.023
130.978 130.991 131.009
130.976 131.011 131.054
130.988 131.010 131.020
130.975 131.215 131.880
130.986 131.058 131.149
130.957 131.019 131.137
130.975 131.176 131.639
131.001 131.031 131.066
130.991 131.036 131.144
130.988 131.021 131.097
130.990 131.020 131.115
130.990 131.157 131.516
130.979 131.014 131.080
130.993 131.036 131.128
130.992 131.050 131.159
130.989 131.002 131.017
130.996 131.030 131.119
130.988 131.028 131.153
130.984 131.011 131.023
130.984 131.074 131.221
130.983 131.013 131.033
130.968 131.046 131.120
131.011 131.135 131.574
130.999 131.000 131.004
130.972 131.004 131.055
130.995 131.983 132.823
130.972 131.002 131.028
130.963 131.001 131.047
130.981 131.039 131.109
130.978 131.018 131.147
130.999 131.030 131.125
130.983 131.026 131.111
130.974 131.009 131.046
130.967 131.009 131.081
130.971 131.017 131.115
130.975 131.205 132.033
130.968 130.997 131.024
130.973 130.993 131.032
130.979 131.021 131.085
130.957 130.983 131.010
131.003 131.036 131.128
130.961 131.353 132.701
130.972 131.001 131.019
130.978 130.990 131.005
131.005 131.077 131.317
130.963 130.985 131.012
130.979 131.045 131.146
130.978 130.993 131.016
130.988 131.058 131.141
130.975 131.025 131.133
130.987 131.000 131.010
130.970 130.998 131.058
130.968 131.043 131.139
130.965 130.987 131.010
130.976 131.006 131.031
131.041 131.828 132.851
130.964 130.990 131.008
130.982 131.016 131.088
130.985 131.071 131.123
130.963 131.294 132.565
131.006 131.088 131.390
130.969 131.372 132.742
130.974 131.016 131.106
131.001 131.027 131.115
130.999 131.081 131.145
130.981 131.005 131.024
130.979 131.006 131.027
130.984 131.007 131.016
130.975 131.029 131.079
130.967 131.015 131.137
130.991 131.005 131.052
130.968 131.045 131.162
130.991 131.026 131.139
130.987 131.803 132.759
130.982 131.477 132.678
130.994 131.014 131.045
130.980 130.998 131.019
130.969 131.068 131.191
130.987 131.008 131.029
130.971 131.007 131.115
130.957 131.005 131.061
130.979 131.036 131.131
130.993 131.031 131.162
130.961 130.980 130.992
130.981 131.002 131.038
130.993 131.001 131.008
130.986 131.023 131.071
130.995 131.038 131.168
130.981 131.027 131.154
130.975 131.238 132.197
130.983 131.029 131.129
130.973 131.043 131.139
130.987 131.018 131.110
130.992 131.053 131.150
130.978 130.996 131.017
130.965 130.986 131.006
130.973 131.102 131.532
130.972 131.039 131.139
130.963 130.994 131.028
130.982 130.992 131.008
130.971 131.045 131.144
130.965 131.037 131.147
130.970 130.980 130.989
130.979 131.055 131.172
130.981 131.077 131.166
131.176 131.586 131.948
130.984 131.061 131.193
130.978 131.296 132.521
130.979 130.994 131.005
130.991 131.001 131.013
130.980 131.024 131.147
130.985 130.998 131.024
130.976 131.010 131.112
130.939 131.002 131.189
130.988 131.187 131.962
131.011 131.047 131.173
130.971 131.006 131.072
130.980 131.206 132.030
131.002 131.075 131.128
130.973 131.020 131.143
130.967 130.989 131.016
130.968 130.979 131.004
130.974 131.003 131.040
130.978 131.003 131.017
130.969 131.016 131.127
130.981 130.987 130.993
130.986 131.027 131.154
130.961 131.010 131.118
130.990 131.004 131.030
130.977 130.999 131.031
130.990 131.031 131.138
130.963 130.990 131.034
130.992 131.023 131.125
130.963 130.983 130.998
130.957 130.984 131.041
130.965 131.139 131.755
130.974 131.001 131.037
130.984 131.036 131.219
130.985 131.262 132.304
130.985 130.998 131.023
130.967 130.994 131.028
130.995 131.054 131.229
130.990 131.024 131.053
130.980 131.060 131.143
130.983 130.991 131.004
130.982 131.007 131.050
130.978 131.052 131.109
130.998 131.010 131.023
130.978 131.034 131.116
130.962 130.991 131.028
131.000 131.194 131.955
131.024 131.158 131.316
131.000 131.019 131.062
130.994 131.054 131.259
130.976 131.003 131.035
130.978 131.019 131.149
130.955 130.989 131.041
130.998 131.852 132.943
130.985 131.041 131.202
130.958 131.019 131.117
130.999 131.032 131.124
130.962 130.992 131.015
130.980 131.053 131.125
130.987 131.053 131.182
130.962 131.016 131.120
130.970 131.010 131.068
130.976 131.019 131.143
131.004 131.037 131.130
130.967 131.043 131.159
130.971 130.999 131.039
130.973 131.021 131.131
130.971 131.129 131.362
130.978 131.002 131.042
130.978 131.378 131.998
130.987 131.690 133.107
130.982 131.027 131.158
130.987 131.021 131.129
130.975 131.023 131.117
130.958 130.982 131.023
130.971 130.990 131.009
130.985 131.051 131.124
130.979 130.999 131.032
130.990 131.010 131.021
130.994 131.025 131.114
130.957 131.041 131.132
130.982 131.024 131.124
130.986 131.009 131.035
130.986 131.039 131.148
130.999 131.025 131.099
130.978 131.007 131.028
130.996 131.341 132.481
130.993 131.032 131.146
130.980 131.002 131.028
130.972 131.017 131.128
130.998 131.022 131.067
130.990 131.025 131.065
130.966 131.042 131.287
131.003 131.018 131.049
130.973 131.025 131.131
130.969 130.981 130.991
130.967 131.007 131.073
130.984 131.008 131.028
130.971 130.999 131.020
131.018 131.081 131.242
130.964 131.014 131.113
130.990 131.021 131.137
130.979 131.023 131.117
130.979 131.019 131.117
130.979 131.047 131.140
130.990 131.028 131.158
130.982 131.008 131.026
130.970 131.018 131.153
130.979 130.997 131.014
130.971 131.021 131.090
130.986 131.032 131.162
130.980 130.987 131.004
130.965 130.979 130.996
130.959 131.020 131.126
130.990 131.033 131.143
130.990 131.018 131.043
130.999 131.054 131.156
131.003 131.321 131.780
130.991 131.009 131.054
130.988 131.000 131.030
130.989 131.016 131.051
130.974 131.039 131.176
130.999 131.044 131.128
131.003 131.025 131.042
130.972 131.011 131.107
130.979 131.026 131.139
131.000 131.009 131.029
130.995 131.040 131.204
130.969 131.119 131.410
130.985 131.056 131.176
130.990 131.014 131.041
130.993 131.013 131.039
130.997 131.011 131.031
130.982 130.999 131.021
130.977 131.025 131.123
130.977 130.992 131.027
130.992 131.569 132.910
130.972 130.996 131.033
130.979 131.054 131.225
131.002 131.017 131.068
130.993 131.068 131.186
130.994 131.022 131.048
130.995 131.036 131.125
130.986 131.040 131.127
130.977 131.005 131.022
130.979 131.020 131.113
130.995 131.114 131.163
130.992 131.279 132.152
130.976 131.013 131.112
130.975 130.993 131.011
130.985 131.998 132.818
130.991 131.058 131.145
130.972 131.144 131.523
130.991 131.037 131.171
130.966 130.981 130.999
130.991 131.001 131.014
130.967 130.992 131.019
131.012 131.047 131.158
130.961 130.984 131.005
131.017 131.028 131.047
130.987 131.057 131.130
130.995 131.015 131.030
130.976 131.041 131.135
130.998 131.043 131.118
130.975 130.991 131.001
130.982 131.056 131.157
130.955 130.976 130.989
130.983 131.051 131.121
130.984 131.420 132.997
130.983 131.017 131.111
130.980 131.192 131.960
131.001 131.031 131.123
130.979 131.001 131.046
130.987 131.100 131.451
130.988 131.019 131.113
130.981 131.042 131.137
130.950 130.980 130.999
130.962 131.008 131.032
130.985 131.025 131.131
130.977 131.049 131.141
130.993 131.044 131.174
130.951 130.987 131.018
130.987 131.032 131.153
130.966 131.016 131.149
130.991 131.011 131.049
130.959 131.086 131.244
130.981 131.822 132.803
130.989 131.027 131.120
130.994 131.032 131.136
131.016 131.052 131.104
130.968 130.995 131.017
130.987 131.197 131.955
130.976 130.996 131.013
130.982 131.005 131.025
130.967 131.006 131.063
130.974 131.048 131.126
130.949 131.148 131.794
130.963 131.012 131.133
130.984 131.034 131.162
130.961 131.020 131.140
130.993 131.496 131.866
131.014 131.036 131.083
130.985 131.046 131.229
130.982 131.282 132.374
130.976 131.144 131.608
130.982 131.040 131.145
130.968 131.009 131.101
130.983 131.054 131.146
130.976 131.011 131.113
130.979 131.135 131.666
130.981 130.990 131.001
130.965 131.007 131.119
131.015 131.031 131.050
130.997 131.041 131.136
130.973 131.022 131.136
130.980 130.997 131.033
130.969 130.998 131.026
130.987 131.003 131.023
130.983 131.003 131.024
130.980 130.999 131.028
130.969 131.025 131.146
131.005 131.049 131.102
131.014 131.092 131.156
130.987 131.012 131.039
131.001 131.039 131.110
130.975 131.238 132.026
130.970 130.998 131.041
130.993 131.009 131.034
131.005 131.149 131.615
130.962 131.043 131.125
130.960 130.985 131.020
130.997 131.006 131.024
130.981 130.997 131.018
130.989 131.114 131.514
130.982 131.076 131.286
130.995 131.013 131.038
130.972 131.023 131.130
131.006 131.052 131.167
130.975 131.008 131.079
130.993 131.006 131.017
130.949 130.980 131.008
130.975 130.997 131.020
130.988 131.031 131.124
130.984 131.023 131.054
130.970 131.051 131.138
130.982 131.057 131.135
130.995 131.024 131.048
130.984 130.998 131.029
130.989 131.249 132.204
130.956 131.015 131.123
130.985 131.012 131.069
130.972 131.031 131.136
130.996 131.038 131.133
130.998 131.028 131.091
130.977 131.030 131.170
131.003 131.022 131.041
131.000 131.017 131.050
130.990 131.010 131.022
130.991 131.030 131.145
130.996 131.011 131.035
131.003 131.040 131.116
130.949 130.984 131.023
130.991 131.031 131.120
130.984 131.123 131.453
130.989 131.014 131.053
131.007 131.026 131.039
130.979 131.067 131.134
130.991 131.018 131.086
130.995 131.139 131.554
130.973 131.047 131.177
130.958 131.001 131.051
130.991 131.228 132.073
131.013 131.084 131.218
130.966 130.989 131.009
130.977 131.014 131.113
130.971 131.022 131.104
130.995 131.080 131.206
130.994 131.035 131.109
130.989 131.017 131.044
130.979 131.017 131.034
130.974 131.080 131.245
130.984 130.995 131.013
130.980 130.995 131.017
130.953 131.009 131.030
130.983 131.038 131.114
130.976 131.386 132.946
130.973 130.993 131.045
131.000 131.034 131.064
130.977 131.019 131.080
130.978 130.996 131.020
130.962 131.006 131.135
130.971 130.996 131.022
130.965 131.015 131.110
130.979 131.020 131.063
130.965 130.994 131.024
130.990 131.027 131.106
130.973 131.143 131.706
130.983 130.989 131.006
130.979 131.018 131.067
130.997 131.013 131.026
130.958 130.992 131.034
130.971 131.046 131.143
130.965 131.018 131.146
130.963 130.973 130.985
130.984 131.002 131.020
131.003 131.021 131.050
130.982 132.853 140.205
130.993 131.059 131.143
130.971 130.997 131.011
131.003 131.056 131.184
130.983 131.058 131.156
130.991 131.030 131.139
131.001 131.051 131.124
130.996 131.030 131.126
130.963 131.007 131.086
130.994 131.041 131.196
131.891 132.411 132.823
130.995 131.473 133.010
130.996 131.015 131.048
131.013 131.048 131.134
130.977 131.015 131.114
130.979 131.023 131.140
130.979 130.997 131.020
130.990 130.997 131.008
130.988 131.204 132.029
130.970 130.998 131.017
130.973 131.068 131.382
130.961 131.022 131.168
131.007 131.014 131.025
130.987 131.247 132.160
130.987 131.060 131.177
131.009 131.030 131.107
130.985 130.998 131.011
130.989 131.337 131.916
130.994 131.215 131.744
131.005 131.060 131.129
130.976 131.002 131.053
130.990 131.005 131.019
130.999 131.035 131.157
130.977 130.994 131.010
130.995 131.049 131.156
131.000 131.085 131.163
130.966 130.987 131.027
130.981 130.996 131.019
130.996 131.261 132.265
130.975 131.034 131.137
130.979 131.027 131.148
130.975 131.279 132.028
130.991 131.024 131.054
131.030 131.367 132.193
130.987 131.473 132.907
130.994 131.016 131.073
131.012 131.963 132.892
130.993 131.030 131.129
130.980 130.997 131.026
130.990 130.998 131.014
130.967 131.001 131.036
130.987 131.016 131.040
130.972 130.997 131.009
130.995 131.007 131.037
130.984 131.048 131.186
130.996 131.167 131.798
130.976 131.011 131.032
130.986 131.001 131.022
130.981 130.997 131.027
130.988 131.015 131.042
130.996 131.317 132.426
130.991 131.042 131.128
130.997 131.011 131.025
130.989 131.009 131.037
130.995 131.038 131.117
130.997 131.048 131.138
131.004 131.064 131.151
130.954 130.986 131.006
130.995 131.493 132.161
130.973 131.031 131.131
130.973 131.004 131.026
130.986 131.019 131.112
130.978 131.067 131.139
130.979 131.001 131.020
130.972 131.164 131.761
131.016 131.029 131.057
130.992 131.012 131.036
130.994 131.318 132.573
130.995 131.312 132.469
130.984 131.926 133.026
130.992 131.037 131.180
130.974 130.996 131.033
130.973 131.048 131.162
130.970 131.018 131.139
130.988 131.040 131.128
130.984 131.024 131.131
131.002 131.052 131.131
131.012 131.026 131.032
131.000 131.055 131.141
130.975 131.019 131.127
130.981 131.148 131.660
130.973 130.996 131.019
130.981 131.112 131.432
130.998 131.803 132.698
130.995 131.012 131.033
130.990 131.000 131.013
130.989 131.013 131.031
130.958 131.045 131.143
130.974 131.008 131.031
130.990 131.026 131.122
131.008 131.052 131.137
130.964 130.982 131.000
130.979 131.005 131.021
130.986 131.012 131.078
130.984 131.028 131.129
131.003 131.034 131.064
131.023 131.315 131.960
131.007 131.019 131.041
130.974 131.099 131.449
130.976 130.999 131.034
130.973 131.016 131.129
130.991 131.033 131.116
130.997 131.173 131.717
130.974 131.036 131.142
130.994 131.006 131.023
130.982 131.057 131.151
130.983 131.015 131.033
131.013 131.028 131.060
130.971 131.025 131.131
130.986 131.024 131.119
130.970 131.015 131.130
130.984 131.024 131.151
130.998 131.047 131.145
130.964 131.217 132.152
130.971 130.996 131.034
130.999 131.049 131.150
130.986 131.684 132.659
130.993 131.063 131.156
130.988 131.038 131.121
130.991 131.013 131.051
131.002 131.044 131.128
130.986 130.999 131.027
130.976 131.000 131.030
130.985 130.997 131.021
130.993 131.127 131.278
131.009 131.043 131.144
130.970 131.012 131.146
130.993 131.012 131.061
130.982 131.008 131.024
130.992 131.037 131.157
130.969 131.030 131.145
130.991 131.041 131.160
130.969 130.983 131.023
130.959 131.011 131.110
130.989 131.107 131.533
130.965 131.316 132.550
130.987 130.994 131.010
131.006 131.020 131.040
131.005 131.023 131.038
130.961 131.057 131.186
130.994 131.013 131.030
130.951 131.010 131.111
130.988 131.011 131.029
130.981 131.008 131.039
130.990 131.023 131.075
130.990 131.085 131.198
130.990 131.031 131.154
130.982 131.016 131.038
130.990 131.004 131.013
130.951 131.058 131.137
130.983 131.024 131.068
130.984 131.023 131.065
130.996 131.605 132.654
130.980 131.023 131.129
130.975 131.026 131.148
131.004 131.036 131.072
131.004 131.021 131.044
130.977 131.021 131.115
130.990 131.002 131.020
130.982 131.082 131.169
130.987 131.033 131.161
131.007 131.021 131.032
130.979 130.998 131.037
130.962 130.999 131.071
130.981 130.999 131.039
130.987 131.015 131.043
130.986 131.642 132.674
130.983 131.223 132.123
130.997 131.035 131.153
130.995 131.060 131.147
130.973 131.065 131.320
130.967 131.000 131.076
130.977 131.059 131.167
130.993 131.024 131.117
130.989 131.044 131.227
130.970 131.016 131.148
131.001 131.029 131.117
130.999 131.039 131.147
130.962 131.012 131.116
131.010 131.023 131.039
130.972 131.042 131.137
130.993 131.011 131.035
131.029 131.329 131.615
130.962 130.981 131.000
130.987 131.034 131.153
130.984 131.277 132.370
131.013 131.024 131.040
130.961 131.018 131.096
130.984 131.066 131.187
130.994 131.016 131.036
130.982 131.006 131.035
131.007 131.088 131.164
130.990 131.038 131.159
130.986 131.043 131.138
130.989 131.026 131.140
130.938 131.013 131.145
130.960 131.384 132.820
131.002 131.021 131.055
131.019 131.224 131.884
130.973 131.261 132.318
130.981 131.050 131.221
130.977 131.006 131.054
131.001 131.024 131.069
131.041 131.202 131.451
130.982 131.029 131.136
130.998 131.010 131.022
130.995 131.035 131.137
130.998 131.066 131.181
130.978 130.996 131.017
130.982 131.015 131.055
130.988 131.035 131.145
130.976 131.031 131.111
131.006 131.038 131.138
130.997 131.045 131.125
130.968 131.302 132.547
131.001 131.040 131.116
130.990 131.030 131.171
130.988 131.282 132.278
131.013 131.405 131.930
130.983 131.030 131.093
130.987 131.073 131.125
130.991 131.011 131.052
130.987 131.014 131.033
130.996 131.038 131.147
130.999 131.045 131.133
130.963 131.018 131.130
130.984 131.039 131.125
130.989 131.000 131.016
130.970 130.993 131.020
130.971 131.006 131.038
130.980 130.995 131.019
130.979 131.020 131.136
131.034 131.862 132.811
130.987 131.006 131.026
130.987 131.232 131.935
130.997 131.012 131.048
130.995 131.017 131.047
130.985 131.000 131.013
130.980 131.000 131.041
130.966 130.993 131.030
131.003 131.017 131.035
130.981 131.006 131.029
130.990 131.035 131.143
130.992 131.008 131.031
130.999 131.011 131.034
131.015 131.042 131.140
130.997 131.042 131.151
130.997 131.084 131.252
130.980 131.005 131.027
130.975 131.025 131.128
130.963 130.999 131.047
130.981 131.023 131.134
130.980 131.037 131.166
130.978 131.012 131.109
130.971 131.233 132.191
130.997 131.008 131.021
130.979 131.023 131.129
130.969 131.076 131.369
131.004 131.024 131.049
130.974 130.994 131.024
130.984 131.035 131.133
130.995 131.039 131.141
130.984 131.045 131.155
130.979 131.022 131.129
130.984 131.005 131.026
130.998 131.319 131.947
130.989 131.537 132.471
130.979 131.032 131.118
130.978 131.054 131.189
130.966 130.986 131.008
131.002 131.022 131.043
130.980 131.002 131.042
130.980 131.041 131.116
130.995 131.165 131.683
130.981 131.019 131.133
130.980 131.035 131.108
131.009 131.079 131.181
130.989 131.594 133.858
131.016 131.043 131.079
130.971 130.997 131.045
130.980 131.007 131.030
130.990 131.301 132.451
130.970 130.993 131.010
131.005 131.057 131.237
130.990 131.265 132.177
130.986 131.010 131.041
130.998 131.066 131.154
131.003 131.079 131.164
130.992 131.045 131.198
131.012 131.137 131.389
130.983 130.996 131.029
130.982 131.007 131.067
130.982 131.021 131.158
130.976 131.127 131.645
130.982 131.206 132.041
130.990 131.038 131.201
130.984 131.080 131.167
130.979 131.027 131.155
130.986 131.036 131.140
130.983 131.001 131.015
130.949 130.997 131.029
130.979 130.996 131.014
131.000 131.042 131.167
131.003 131.350 132.691
130.992 131.005 131.039
130.979 131.041 131.205
131.005 131.019 131.032
130.990 131.004 131.014
131.013 131.040 131.126
130.983 131.054 131.171
130.986 131.237 132.076
130.990 131.002 131.018
131.006 131.042 131.143
130.970 131.027 131.129
130.990 131.044 131.133
131.178 132.371 132.946
130.990 131.005 131.012
130.994 131.053 131.172
130.962 130.997 131.040
130.976 131.006 131.042
130.967 130.978 131.001
130.982 131.071 131.147
130.980 131.021 131.121
130.983 131.032 131.195
130.957 130.992 131.029
130.977 131.002 131.032
130.961 131.193 132.044
130.971 130.987 131.002
130.985 131.073 131.221
130.985 131.271 132.262
130.969 131.014 131.106
130.980 131.024 131.123
130.974 131.021 131.125
130.970 130.991 131.011
130.994 131.013 131.081
130.982 131.030 131.180
131.005 131.021 131.038
130.973 131.006 131.057
130.981 130.997 131.044
130.993 131.037 131.159
131.005 131.117 131.404
130.955 131.112 131.620
131.000 131.057 131.146
130.988 131.017 131.116
130.981 131.010 131.033
130.970 131.011 131.104
130.985 130.997 131.011
130.972 131.024 131.152
130.994 131.014 131.041
130.989 131.042 131.157
130.971 131.017 131.121
130.973 131.022 131.071
130.979 130.992 131.013
130.945 131.020 131.147
130.970 131.006 131.102
130.975 130.993 131.004
130.996 131.042 131.160
130.993 131.049 131.138
130.997 131.044 131.122
130.950 131.029 131.115
130.996 131.040 131.165
130.992 131.012 131.062
130.992 131.011 131.042
131.002 131.060 131.158
130.980 130.999 131.021
130.974 131.023 131.123
130.969 131.001 131.027
130.975 131.194 131.958
130.974 131.018 131.149
130.985 130.996 131.009
130.995 131.159 131.634
130.961 131.009 131.132
130.982 131.167 131.683
130.988 131.030 131.119
130.972 131.012 131.105
130.988 131.003 131.016
130.966 130.983 130.997
130.966 130.983 131.010
130.979 131.016 131.049
130.981 131.025 131.131
130.987 131.051 131.137
130.985 131.026 131.134
130.974 130.996 131.015
130.980 131.033 131.154
130.983 131.014 131.050
130.972 131.015 131.121
130.986 131.023 131.118
130.966 130.990 131.020
130.981 131.000 131.031
130.969 130.997 131.058
130.952 131.214 132.169
130.985 131.007 131.021
130.971 131.012 131.119
130.975 130.998 131.010
130.982 130.993 131.015
130.972 130.996 131.022
130.974 131.011 131.121
130.994 131.008 131.018
130.966 130.979 130.993
130.982 131.003 131.025
130.961 131.173 131.942
130.976 131.064 131.329
130.990 131.007 131.021
130.979 130.988 130.997
130.990 130.999 131.010
130.974 130.992 131.014
130.977 131.027 131.155
130.968 130.981 130.999
131.009 131.014 131.021
130.966 131.015 131.137
130.968 130.995 131.032
130.997 131.012 131.034
130.943 130.982 131.017
130.969 131.043 131.130
130.991 131.288 132.307
131.000 131.037 131.150
130.956 130.980 131.012
130.966 131.241 132.273
130.969 130.996 131.050
131.012 131.065 131.138
130.997 131.030 131.129
130.984 131.022 131.117
130.990 131.243 132.200
130.979 131.017 131.118
130.967 131.020 131.151
130.977 131.048 131.144
130.973 131.000 131.030
130.966 131.015 131.127
130.953 131.023 131.155
130.976 131.365 132.739
130.976 131.037 131.103
130.985 131.054 131.274
131.005 131.219 131.946
130.968 131.000 131.024
130.979 131.060 131.153
130.984 131.028 131.129
130.947 131.269 132.430
130.952 130.989 131.014
130.980 130.992 131.004
130.969 130.984 130.999
130.993 131.028 131.139
130.953 131.009 131.113
130.975 131.002 131.033
130.986 131.144 131.671
130.981 131.009 131.030
130.998 131.056 131.133
130.979 131.029 131.150
131.004 131.638 132.821
130.965 131.016 131.136
130.973 130.991 131.029
130.976 131.077 131.245
130.977 131.139 131.622
130.979 130.997 131.046
130.980 130.996 131.031
130.969 130.981 130.995
130.998 131.013 131.041
131.012 131.029 131.049
130.985 131.028 131.127
130.986 131.004 131.030
130.977 130.991 131.010
130.966 131.003 131.107
130.985 131.001 131.035
130.978 131.039 131.216
130.972 131.162 131.495
131.535 131.911 132.309
130.985 130.998 131.006
130.971 130.990 131.011
130.985 131.016 131.121
131.006 131.047 131.151
131.000 131.059 131.176
130.980 131.021 131.104
130.964 130.985 131.013
130.982 131.003 131.019
130.968 131.049 131.142
130.991 131.007 131.039
130.978 131.039 131.139
130.972 131.004 131.056
130.990 131.031 131.161
130.982 131.001 131.028
130.983 131.000 131.046
130.976 131.022 131.094
130.971 131.036 131.108
130.974 131.036 131.134
130.974 131.032 131.223
130.985 131.010 131.046
131.001 131.074 131.229
130.961 131.043 131.119
130.976 131.000 131.030
130.974 131.023 131.134
130.973 130.989 131.025
130.990 131.017 131.050
130.988 131.011 131.026
130.968 131.008 131.103
130.970 131.016 131.134
130.988 131.033 131.147
130.979 131.033 131.167
130.974 131.150 131.466
131.007 131.122 131.428
130.982 131.056 131.144
130.997 131.044 131.173
131.001 131.314 132.318
131.005 131.080 131.328
130.959 131.038 131.145
130.971 130.988 131.014
130.974 131.007 131.104
130.963 131.022 131.138
130.967 131.020 131.127
130.987 130.998 131.017
130.979 131.026 131.117
130.982 131.011 131.043
130.976 130.996 131.028
130.983 131.242 132.088
130.971 130.990 131.007
130.992 131.025 131.088
130.952 130.982 131.012
130.983 131.045 131.135
130.988 131.378 132.830
130.976 130.997 131.032
130.983 130.997 131.014
130.976 130.989 130.995
130.982 131.001 131.020
130.973 130.998 131.021
130.972 131.000 131.036
130.978 131.041 131.160
130.976 131.018 131.127
130.972 131.026 131.121
130.974 130.994 131.006
130.995 131.139 131.515
130.965 131.098 131.459
130.981 131.013 131.045
130.986 131.413 131.960
130.983 131.012 131.088
130.987 131.050 131.119
130.971 130.990 131.005
130.997 131.249 132.120
130.986 131.001 131.030
130.971 131.046 131.124
130.996 131.032 131.133
130.968 130.987 131.018
130.988 131.186 131.957
130.985 131.036 131.179
130.997 131.003 131.011
130.983 131.028 131.145
130.988 131.138 131.676
130.979 131.062 131.126
130.978 130.983 131.001
130.989 130.998 131.018
130.959 130.987 131.021
130.980 130.988 130.997
130.961 130.993 131.020
130.967 130.997 131.031
130.975 130.993 131.014
130.962 131.248 132.125
130.984 131.005 131.059
130.979 131.067 131.133
130.972 130.991 131.006
130.974 131.017 131.082
130.974 131.016 131.061
130.984 130.997 131.002
130.972 131.042 131.219
130.990 131.019 131.048
130.979 131.005 131.022
130.992 131.037 131.152
130.969 131.025 131.138
130.964 131.005 131.124
130.959 130.988 131.036
130.975 131.033 131.215
130.961 130.999 131.076
130.977 131.022 131.140
130.985 131.009 131.064
130.984 131.003 131.017
130.965 130.990 131.032
130.973 130.995 131.032
130.989 131.028 131.133
130.978 131.055 131.163
130.979 131.000 131.022
130.975 131.047 131.144
130.981 130.994 131.013
131.006 131.299 132.281
130.985 130.999 131.020
130.995 131.043 131.160
131.002 131.019 131.061
130.973 131.013 131.046
131.013 131.097 131.287
130.991 131.040 131.116
130.966 131.016 131.130
130.973 131.024 131.119
130.986 131.035 131.185
130.980 131.066 131.138
130.962 130.987 131.052
130.970 131.054 131.154
130.986 131.060 131.308
130.989 131.029 131.131
130.990 131.075 131.226
130.991 131.105 131.286
131.002 131.035 131.118
131.010 131.043 131.124
130.991 131.052 131.150
130.983 131.038 131.153
131.001 131.117 131.500
130.979 131.007 131.034
130.959 131.174 131.765
130.984 131.006 131.035
130.991 131.007 131.039
130.983 131.024 131.130
130.993 131.040 131.144
130.967 131.079 131.268
131.023 131.049 131.127
130.978 130.991 131.004
130.977 130.991 131.005
130.999 131.109 131.382
130.972 131.016 131.097
130.973 131.026 131.123
130.960 130.988 131.016
130.993 131.010 131.044
130.988 131.029 131.130
130.980 131.011 131.023
130.992 131.025 131.049
130.989 131.019 131.042
130.973 130.994 131.046
130.972 131.006 131.029
130.983 130.999 131.023
130.985 131.141 131.563
130.991 131.025 131.128
130.971 130.994 131.028
130.981 131.050 131.152
131.008 131.046 131.105
130.984 131.017 131.128
130.964 131.100 131.256
130.982 130.994 131.002
130.980 131.087 131.292
130.971 131.041 131.121
131.001 131.031 131.071
131.011 131.057 131.152
131.000 131.053 131.148
130.964 131.066 131.147
131.004 131.028 131.049
130.956 131.579 133.009
130.973 131.011 131.114
130.965 130.986 131.012
130.975 130.986 131.002
130.978 131.003 131.041
130.983 131.042 131.129
130.971 131.009 131.067
130.993 131.014 131.049
130.975 131.033 131.140
130.981 131.010 131.031
130.968 131.007 131.044
130.998 131.064 131.289
130.978 131.084 131.296
130.997 131.026 131.106
130.997 131.064 131.146
130.982 131.618 132.598
130.985 131.257 132.293
130.990 131.015 131.056
130.998 131.016 131.048
130.983 131.023 131.125
130.983 131.031 131.135
130.982 130.995 131.010
130.973 131.023 131.108
130.971 131.013 131.073
130.983 131.055 131.157
130.995 131.057 131.239
130.971 131.203 131.854
130.974 131.043 131.136
131.012 131.019 131.025
131.002 131.019 131.040
130.997 131.016 131.035
130.985 131.005 131.027
130.969 130.978 130.993
130.992 131.010 131.057
130.988 131.455 133.044
130.973 131.024 131.120
130.994 131.039 131.136
130.987 131.057 131.170
130.991 131.024 131.141
131.006 131.019 131.035
130.983 131.041 131.158
130.975 131.052 131.138
130.991 131.049 131.127
130.966 130.979 130.987
130.993 131.025 131.112
130.995 131.312 131.795
130.998 131.193 131.670
131.004 131.022 131.045
130.982 131.015 131.126
130.996 131.010 131.020
130.962 130.992 131.026
130.995 131.013 131.062
130.969 130.991 131.024
130.962 131.001 131.101
130.975 130.999 131.017
131.003 131.047 131.149
130.956 131.300 131.903
130.998 131.009 131.025
130.969 130.992 131.015
130.977 131.118 131.414
130.985 131.008 131.028
130.974 131.111 131.286
130.979 131.007 131.020
130.981 131.012 131.075
130.966 130.996 131.039
130.969 131.014 131.103
130.995 131.014 131.049
131.004 131.111 131.357
130.977 131.162 131.735
131.002 131.052 131.161
130.953 130.988 131.048
130.993 131.058 131.153
131.027 131.070 131.177
130.974 131.004 131.090
130.963 131.004 131.129
130.968 130.986 131.004
130.960 131.015 131.126
130.963 131.004 131.123
130.996 131.028 131.133
130.979 131.096 131.393
130.978 131.026 131.148
130.980 131.012 131.034
131.000 131.055 131.130
130.992 131.014 131.054
130.974 131.026 131.130
130.983 131.042 131.142
130.977 131.044 131.130
131.004 131.079 131.152
130.982 131.022 131.142
130.979 130.986 130.989
130.962 131.012 131.137
130.987 131.035 131.186
130.990 131.029 131.062
130.977 131.205 131.982
130.969 131.011 131.119
130.987 131.288 132.358
130.973 130.987 131.012
130.990 131.006 131.022
130.979 131.043 131.234
131.026 131.094 131.157
130.957 130.995 131.047
130.968 131.012 131.068
130.994 131.008 131.036
130.988 131.024 131.135
130.985 131.013 131.104
130.998 131.037 131.139
130.986 131.056 131.132
130.989 131.029 131.138
130.976 130.999 131.017
130.967 131.161 131.591
130.989 131.013 131.041
130.991 131.126 131.568
130.992 131.035 131.142
130.989 131.039 131.126
130.970 131.046 131.134
130.978 131.001 131.041
130.994 131.007 131.017
130.977 131.025 131.129
130.991 131.321 132.555
130.978 131.041 131.166
130.991 131.029 131.105
131.005 131.047 131.163
130.975 131.003 131.035
131.002 131.042 131.145
130.988 131.015 131.046
130.973 130.995 131.032
130.989 131.013 131.052
145.910 145.957 146.021
145.908 145.940 145.972
145.913 145.945 145.986
145.889 145.929 145.946
145.898 145.930 145.945
145.939 145.943 145.950
115.490 121.935 131.148
130.989 131.029 131.142
130.965 131.011 131.064
130.983 130.997 131.011
130.985 130.997 131.010
130.991 131.017 131.033
130.983 131.712 132.969
130.973 131.000 131.022
131.015 131.048 131.149
130.975 130.980 130.986
130.999 131.252 132.015
130.975 131.187 131.882
131.001 131.007 131.022
130.978 131.085 131.413
130.970 131.013 131.054
130.988 131.024 131.124
130.967 131.011 131.136
130.989 131.059 131.177
130.984 131.082 131.268
130.978 131.063 131.168
131.011 131.022 131.049
130.988 131.340 132.653
130.992 131.039 131.129
130.976 130.991 131.020
130.981 131.189 131.957
130.983 131.040 131.133
130.989 131.197 131.713
130.991 131.012 131.031
130.993 131.011 131.060
131.000 131.324 132.490
130.977 131.012 131.061
130.972 131.040 131.130
130.988 131.077 131.167
130.995 131.060 131.139
130.964 131.213 132.115
130.993 131.006 131.025
130.974 130.993 131.023
130.983 131.033 131.151
130.973 131.004 131.020
130.966 130.990 131.011
130.980 131.024 131.140
130.984 130.997 131.010
130.993 131.013 131.038
131.001 131.068 131.164
130.986 131.008 131.020
130.982 131.049 131.274
130.971 130.984 130.989
131.000 131.014 131.040
130.982 131.002 131.023
130.966 131.050 131.144
130.984 131.000 131.010
130.979 131.017 131.096
131.005 131.023 131.049
130.987 131.026 131.135
130.966 130.997 131.036
131.011 131.039 131.064
130.981 131.014 131.139
130.964 130.976 130.998
130.981 131.041 131.138
130.972 130.991 131.007
130.985 131.010 131.038
130.974 131.359 132.757
131.005 131.040 131.148
130.987 131.074 131.194
131.004 131.049 131.152
130.998 131.009 131.027
130.976 131.045 131.156
130.983 131.017 131.084
131.009 131.349 132.535
131.009 131.024 131.061
130.996 131.018 131.046
131.028 131.045 131.083
131.006 131.039 131.129
131.012 131.055 131.155
130.984 131.012 131.051
130.978 131.010 131.026
130.974 130.988 130.999
130.989 131.011 131.073
130.978 131.001 131.016
130.989 131.009 131.025
130.985 131.002 131.025
130.994 131.028 131.122
130.977 131.005 131.049
130.999 131.063 131.172
131.031 131.081 131.152
131.002 131.069 131.176
131.007 131.046 131.151
130.984 131.029 131.137
130.967 130.987 131.016
130.965 131.042 131.129
130.998 131.037 131.149
130.978 131.045 131.122
130.960 131.033 131.179
131.001 131.286 132.378
130.986 131.030 131.058
131.009 131.597 132.631
130.987 131.002 131.019
130.984 131.034 131.115
130.977 131.000 131.014
131.010 131.034 131.098
130.984 131.131 131.596
131.009 131.055 131.130
130.991 131.024 131.139
130.986 131.016 131.065
131.020 131.076 131.161
131.015 131.359 132.548
130.978 131.000 131.021
131.001 131.034 131.132
131.004 131.019 131.034
130.983 131.041 131.103
130.990 131.002 131.028
130.996 131.190 131.815
131.014 131.048 131.152
131.000 131.050 131.139
130.978 131.026 131.153
130.997 131.069 131.336
130.962 131.016 131.072
131.008 131.078 131.144
130.993 131.253 132.172
130.983 131.005 131.038
130.997 131.065 131.168
130.989 131.031 131.131
130.993 131.058 131.147
130.997 131.043 131.164
131.011 131.075 131.161
130.991 131.003 131.022
130.993 131.075 131.311
131.019 131.085 131.192
130.990 130.997 131.006
131.000 131.338 132.540
130.989 131.032 131.149
130.991 131.029 131.092
130.979 130.992 131.003
131.004 131.030 131.061
131.014 131.049 131.130
131.001 131.083 131.190
130.999 131.013 131.028
131.000 131.076 131.138
130.983 131.006 131.020
130.964 131.021 131.112
131.001 131.013 131.037
130.989 131.010 131.036
130.998 131.045 131.163
130.994 131.002 131.011
130.973 130.999 131.016
131.011 131.091 131.184
130.984 131.000 131.015
130.961 131.003 131.034
130.990 131.044 131.141
130.992 130.998 131.004
131.018 131.026 131.032
130.986 131.010 131.041
131.009 131.066 131.147
130.995 131.025 131.050
130.986 131.048 131.188
130.967 131.039 131.162
130.989 131.011 131.033
131.008 131.069 131.152
130.994 131.018 131.055
131.001 131.043 131.138
130.989 131.016 131.036
131.019 131.067 131.169
130.995 131.074 131.177
130.986 131.042 131.166
130.989 131.066 131.150
130.981 131.096 131.396
130.998 131.022 131.040
131.010 131.022 131.048
130.990 131.021 131.044
130.998 131.015 131.030
130.990 130.999 131.012
131.000 131.284 131.798
130.968 130.987 130.997
130.991 131.076 131.261
130.974 130.994 131.032
131.007 131.320 131.836
130.997 131.046 131.153
130.987 130.997 131.005
131.006 131.610 133.046
130.970 131.068 131.239
130.997 131.010 131.029
130.976 131.000 131.026
130.991 131.007 131.026
130.985 131.006 131.027
130.997 131.021 131.065
131.041 131.087 131.165
130.997 131.017 131.043
130.991 131.012 131.037
130.993 131.015 131.048
130.997 131.011 131.049
131.000 131.052 131.226
131.012 131.040 131.129
131.001 131.016 131.025
131.002 131.023 131.055
130.986 131.039 131.169
130.984 131.035 131.139
131.002 131.043 131.164
130.974 131.025 131.130
131.008 131.021 131.054
131.006 131.018 131.025
130.983 131.045 131.197
130.987 131.004 131.023
130.971 130.993 131.020
130.993 131.032 131.098
130.999 131.037 131.129
130.995 131.418 132.811
130.994 131.018 131.046
130.975 131.070 131.187
130.984 131.007 131.040
131.013 131.026 131.041
130.998 131.021 131.079
130.975 130.991 131.003
130.975 131.033 131.122
130.980 131.011 131.076
130.977 130.996 131.009
130.991 131.010 131.033
130.980 131.040 131.121
130.992 131.042 131.160
130.977 130.997 131.019
131.001 131.039 131.133
130.998 131.019 131.051
131.010 131.069 131.244
130.964 130.996 131.014
130.998 131.039 131.142
130.972 131.037 131.167
130.975 131.037 131.166
130.996 131.019 131.040
131.009 131.021 131.045
131.008 131.080 131.201
130.999 131.013 131.035
131.001 131.019 131.054
131.002 131.050 131.169
130.982 131.353 132.762
130.977 131.014 131.036
130.987 131.047 131.159
130.988 131.011 131.042
131.017 131.037 131.061
130.990 131.004 131.017
130.978 130.988 131.002
130.978 131.000 131.016
130.987 131.005 131.040
131.013 131.034 131.064
130.993 131.005 131.016
130.994 131.056 131.273
131.017 131.196 131.608
131.014 131.041 131.065
131.013 131.045 131.113
130.977 130.999 131.031
130.999 131.011 131.037
131.013 131.057 131.144
131.000 131.053 131.148
131.004 131.023 131.038
130.982 131.029 131.103
130.994 131.072 131.163
130.997 131.015 131.030
130.987 131.015 131.050
130.970 130.990 131.013
130.982 131.016 131.029
130.982 131.482 132.640
131.003 131.044 131.161
130.969 131.025 131.098
130.997 131.027 131.108
131.012 131.114 131.466
130.998 131.061 131.165
130.980 131.003 131.032
131.010 131.059 131.151
130.985 131.042 131.109
131.013 131.724 132.954
130.985 131.003 131.012
131.028 131.096 131.147
130.987 130.992 131.006
130.998 131.018 131.046
131.014 131.068 131.186
131.000 131.056 131.174
130.974 131.000 131.014
130.982 130.995 131.013
131.021 131.066 131.153
130.988 131.022 131.053
131.003 131.021 131.033
130.988 131.210 131.889
130.996 131.009 131.045
130.981 131.017 131.048
130.987 131.041 131.150
131.026 131.045 131.097
130.983 131.013 131.066
130.990 131.014 131.029
130.967 130.989 131.002
130.990 131.020 131.065
130.999 131.019 131.039
130.982 131.023 131.063
131.000 131.035 131.153
130.987 131.031 131.163
130.996 131.010 131.040
130.995 131.072 131.203
130.995 131.017 131.030
130.980 131.143 131.553
130.964 131.004 131.088
130.987 131.005 131.022
130.996 131.014 131.024
130.994 131.237 131.999
130.978 130.998 131.049
131.001 131.019 131.051
130.984 131.014 131.070
131.010 131.051 131.131
131.007 131.513 132.790
130.984 131.062 131.137
131.000 131.016 131.041
131.003 131.142 131.429
131.009 131.528 132.848
130.979 131.013 131.077
131.012 131.086 131.194
130.983 131.034 131.106
130.988 131.016 131.042
130.989 131.052 131.243
130.985 131.052 131.241
130.991 131.387 132.883
131.003 131.044 131.146
130.999 131.009 131.019
130.998 131.034 131.125
131.002 131.610 132.769
131.005 131.056 131.183
130.987 131.002 131.021
130.985 131.023 131.111
130.980 131.011 131.073
131.026 131.785 132.795
131.022 131.057 131.176
131.005 131.020 131.038
131.014 131.650 132.747
131.003 131.048 131.140
130.980 131.013 131.031
130.969 131.031 131.125
130.989 131.061 131.154
130.966 131.050 131.132
131.001 131.013 131.041
130.978 130.996 131.010
130.994 131.005 131.013
130.988 131.045 131.160
130.980 131.031 131.111
130.995 131.064 131.132
130.997 131.014 131.026
130.972 130.995 131.035
130.985 131.021 131.127
130.984 131.047 131.143
131.013 131.027 131.048
130.975 130.998 131.014
130.994 131.051 131.155
130.986 131.025 131.114
130.998 131.040 131.134
130.982 131.094 131.460
130.986 131.211 131.741
130.969 131.010 131.101
130.994 131.084 131.354
130.987 131.007 131.028
130.974 131.015 131.119
130.965 130.986 131.014
130.983 131.007 131.048
131.023 131.101 131.162
130.980 131.017 131.032
130.989 131.050 131.124
130.985 131.025 131.113
130.977 130.989 130.999
130.973 130.990 131.003
130.992 131.010 131.025
130.982 130.995 131.012
130.982 131.027 131.075
130.985 131.308 132.566
130.985 131.030 131.142
131.003 131.037 131.139
130.962 131.012 131.128
130.994 131.031 131.127
130.982 131.017 131.038
130.969 131.019 131.121
131.001 131.050 131.148
130.966 131.087 131.198
130.986 130.996 131.010
130.986 131.004 131.033
130.975 130.994 131.016
131.002 131.010 131.035
130.980 131.003 131.031
130.984 131.011 131.036
130.999 131.044 131.184
130.971 130.996 131.012
130.959 130.986 131.019
130.982 131.312 131.924
130.972 131.005 131.044
130.979 131.006 131.031
130.996 131.013 131.024
131.019 131.073 131.144
130.979 131.010 131.037
130.994 131.121 131.429
131.016 131.034 131.062
130.993 131.032 131.142
130.971 130.997 131.018
130.993 131.011 131.036
130.938 131.012 131.154
130.982 131.028 131.152
130.984 131.042 131.121
130.995 131.083 131.126
130.968 130.981 130.991
130.970 131.039 131.208
130.983 131.041 131.162
130.978 131.014 131.109
130.953 130.983 131.017
131.007 131.048 131.076
130.967 131.181 131.808
130.994 131.028 131.128
130.989 131.089 131.394
130.976 131.237 132.075
130.998 131.014 131.035
131.022 131.062 131.153
130.982 131.007 131.017
131.003 131.027 131.061
130.969 131.004 131.028
130.954 131.029 131.154
130.999 131.042 131.130
130.983 131.003 131.028
130.968 130.992 131.011
130.995 131.009 131.021
131.001 131.098 131.387
131.003 131.271 132.341
130.981 131.036 131.115
131.002 131.036 131.124
130.967 131.020 131.115
130.990 131.030 131.146
131.528 132.016 132.808
130.996 131.065 131.132
130.961 131.154 131.750
130.997 131.043 131.148
130.983 131.007 131.027
130.992 131.032 131.109
130.982 131.010 131.046
130.978 131.064 131.198
131.008 131.018 131.030
130.987 131.024 131.122
130.994 131.017 131.030
130.987 131.012 131.077
130.991 131.006 131.026
130.974 130.999 131.020
130.980 130.996 131.019
131.000 131.023 131.037
130.987 131.009 131.038
131.002 131.014 131.037
130.963 131.019 131.094
130.979 131.054 131.147
130.980 131.034 131.131
130.978 131.034 131.119
131.009 131.021 131.042
130.955 130.989 131.022
131.002 131.018 131.041
131.000 131.030 131.127
130.981 131.047 131.185
130.969 131.015 131.052
131.016 131.057 131.151
130.981 131.022 131.125
130.997 131.017 131.035
130.967 131.066 131.177
130.964 130.999 131.030
132.115 132.459 132.859
130.997 131.008 131.022
130.965 131.004 131.038
130.995 131.008 131.024
130.982 131.047 131.128
130.989 131.014 131.093
130.971 130.997 131.016
130.994 131.004 131.025
130.994 131.007 131.023
130.988 131.001 131.012
130.995 131.025 131.107
130.984 131.053 131.135
130.982 131.006 131.031
130.988 131.309 132.533
130.975 130.993 131.014
130.988 131.029 131.138
130.979 131.040 131.136
130.978 131.319 132.496
130.980 131.029 131.096
130.978 131.022 131.129
130.988 131.062 131.164
130.989 131.012 131.051
130.981 131.027 131.133
130.977 131.099 131.483
131.006 131.022 131.041
130.991 131.007 131.026
130.987 131.045 131.181
130.992 131.407 132.869
130.987 131.031 131.147
130.960 130.989 131.004
130.991 131.028 131.110
131.011 131.020 131.040
130.977 131.050 131.261
130.963 131.037 131.129
130.978 131.009 131.073
130.974 131.324 132.537
130.993 131.066 131.169
131.004 131.229 131.762
130.968 131.023 131.129
130.965 130.989 131.004
130.982 131.007 131.027
130.981 131.013 131.042
130.998 131.193 131.832
130.978 131.033 131.158
130.977 130.995 131.029
130.980 131.054 131.152
130.974 131.129 131.609
130.981 131.000 131.014
130.974 131.011 131.070
130.987 131.028 131.104
130.991 131.013 131.028
130.969 131.001 131.104
130.971 131.000 131.027
130.991 131.012 131.030
131.003 131.007 131.018
131.000 131.014 131.023
130.984 131.035 131.184
131.026 131.039 131.069
131.003 131.327 132.541
130.984 131.052 131.144
131.008 131.039 131.130
131.003 131.037 131.136
131.002 131.011 131.035
131.010 131.040 131.128
131.001 131.091 131.347
131.007 131.058 131.131
130.965 130.991 131.010
130.984 131.036 131.178
130.996 131.349 132.666
130.985 131.019 131.103
130.998 131.014 131.041
130.975 131.028 131.116
131.001 131.071 131.190
130.983 131.000 131.032
130.998 131.011 131.034
130.968 130.995 131.022
131.005 131.049 131.158
130.969 130.989 131.005
130.993 131.010 131.023
130.974 131.005 131.049
130.960 130.988 131.005
130.999 131.063 131.177
130.974 131.033 131.166
130.994 131.073 131.369
130.985 131.007 131.020
130.967 131.012 131.125
130.994 131.008 131.030
130.981 131.048 131.124
130.985 131.001 131.025
130.985 131.030 131.179
131.005 131.013 131.019
130.987 131.040 131.139
130.976 131.083 131.170
130.985 131.239 132.048
130.959 130.996 131.014
130.971 131.004 131.041
130.989 130.998 131.008
130.965 130.997 131.037
131.004 131.147 131.417
131.210 132.076 132.818
130.997 131.018 131.036
130.986 131.001 131.009
130.963 131.021 131.126
130.998 131.009 131.041
130.956 131.011 131.128
130.999 131.038 131.153
130.986 131.031 131.113
130.992 131.038 131.136
130.985 131.096 131.454
130.992 131.043 131.145
130.978 131.117 131.611
131.016 131.044 131.146
131.001 131.040 131.127
130.997 131.259 132.285
130.989 131.002 131.014
130.978 131.004 131.035
130.994 131.181 131.576
131.004 131.017 131.042
130.988 131.046 131.150
130.994 131.046 131.138
131.004 131.040 131.128
130.989 131.011 131.036
130.972 131.024 131.157
130.973 130.997 131.013
130.981 131.039 131.127
131.014 131.068 131.151
130.973 131.011 131.093
131.001 131.013 131.030
130.999 131.014 131.029
130.966 131.178 131.565
131.002 131.043 131.166
131.000 131.012 131.038
131.017 131.137 131.335
130.996 131.442 132.955
131.002 131.279 132.193
130.994 131.010 131.020
130.984 131.096 131.229
130.977 130.996 131.023
130.990 131.030 131.134
130.993 131.009 131.037
130.972 131.039 131.136
130.990 131.006 131.036
130.997 131.043 131.156
130.953 131.056 131.379
131.024 131.487 133.094
130.990 131.002 131.016
130.963 130.993 131.036
130.981 131.003 131.029
130.994 131.021 131.041
130.964 131.020 131.129
130.983 131.005 131.040
130.989 131.106 131.505
130.997 131.053 131.121
131.018 131.049 131.138
130.994 131.011 131.034
131.008 131.257 132.185
130.998 131.049 131.171
130.990 131.005 131.010
130.974 131.041 131.128
130.970 130.995 131.034
131.008 131.040 131.133
130.968 131.027 131.121
131.005 131.018 131.044
131.014 131.049 131.128
131.008 131.029 131.086
130.994 131.005 131.028
130.987 131.011 131.034
130.969 130.991 131.014
130.993 131.129 131.506
130.981 130.997 131.027
130.988 131.006 131.039
130.992 131.035 131.146
130.965 130.991 131.018
130.971 131.019 131.125
130.987 130.998 131.012
130.976 131.030 131.166
130.989 131.001 131.013
130.982 130.996 131.015
130.979 131.084 131.162
130.976 131.016 131.036
130.990 131.006 131.019
130.997 131.022 131.074
130.992 131.527 132.771
131.008 131.141 131.557
130.990 131.014 131.035
130.981 131.022 131.107
130.957 130.988 131.018
130.967 130.976 130.988
131.003 131.039 131.168
130.996 131.015 131.042
130.966 131.012 131.053
130.979 131.025 131.123
130.986 131.068 131.141
130.987 131.020 131.127
130.995 131.022 131.036
130.972 131.007 131.055
130.971 130.994 131.012
131.012 131.054 131.187
130.970 131.017 131.146
130.987 131.046 131.130
130.989 131.015 131.031
130.967 131.022 131.147
130.986 131.033 131.119
130.983 131.002 131.026
130.983 131.024 131.121
131.000 131.044 131.143
130.988 131.033 131.164
131.001 131.018 131.034
131.001 131.071 131.152
130.992 131.035 131.131
130.998 131.003 131.010
130.999 131.033 131.144
130.989 131.008 131.030
130.972 131.109 131.594
131.003 131.037 131.144
130.995 131.034 131.129
130.995 131.035 131.130
130.972 131.029 131.164
130.984 130.999 131.011
130.986 131.037 131.166
130.988 131.022 131.058
130.970 131.009 131.038
131.005 131.232 131.848
130.972 131.037 131.127
130.967 130.980 130.995
130.987 131.008 131.036
130.982 131.015 131.034
131.000 131.008 131.017
130.982 131.327 132.642
130.983 130.998 131.009
130.997 131.016 131.027
130.979 131.003 131.016
131.010 131.048 131.139
130.980 131.278 132.399
130.974 131.025 131.158
130.993 131.043 131.194
130.987 131.005 131.020
130.996 131.005 131.016
131.001 131.078 131.124
130.976 130.998 131.013
130.997 131.014 131.051
130.996 131.006 131.016
130.993 131.010 131.030
130.976 131.011 131.123
130.989 131.039 131.136
130.961 131.002 131.024
130.949 131.016 131.125
130.999 131.356 132.567
131.589 132.074 132.923
130.994 131.008 131.033
130.983 131.062 131.185
131.022 131.101 131.172
130.993 131.144 131.622
130.995 131.013 131.024
130.994 131.007 131.017
130.970 131.004 131.032
130.993 131.020 131.069
130.967 131.152 131.741
130.995 131.005 131.029
130.983 131.013 131.027
130.990 131.000 131.008
130.963 131.032 131.151
131.002 131.067 131.267
130.982 131.316 132.547
130.977 130.996 131.008
130.991 131.065 131.173
131.027 131.100 131.255
131.003 131.423 132.629
130.991 131.030 131.143
130.974 130.999 131.038
130.949 131.011 131.057
130.975 131.008 131.029
131.006 131.071 131.139
131.003 131.027 131.056
130.992 131.311 132.545
130.979 131.011 131.037
130.968 130.999 131.024
131.006 131.026 131.059
130.970 131.189 131.915
130.994 131.688 132.842
131.013 131.026 131.056
130.989 131.035 131.143
131.007 131.016 131.025
131.000 131.025 131.085
130.953 131.023 131.147
130.991 131.029 131.064
130.966 131.024 131.134
130.967 130.998 131.023
130.986 130.997 131.004
130.996 131.019 131.041
130.986 131.006 131.022
131.015 131.086 131.185
130.979 131.001 131.033
131.000 131.016 131.028
130.981 131.250 132.208
131.003 131.016 131.038
130.987 131.039 131.129
131.004 131.051 131.174
130.988 141.608 183.661
130.984 131.021 131.124
130.991 131.136 131.364
131.012 131.041 131.115
130.973 131.026 131.141
130.984 130.998 131.017
130.991 131.006 131.048
130.976 131.048 131.158
130.995 131.007 131.033
131.041 131.109 131.315
131.005 131.015 131.026
131.023 131.052 131.149
130.985 131.045 131.133
130.991 131.027 131.079
130.994 131.165 131.809
130.971 131.024 131.061
130.975 131.017 131.136
130.992 131.055 131.136
131.000 131.014 131.040
130.962 131.020 131.131
130.989 131.016 131.040
131.014 131.103 131.164
130.976 131.004 131.017
130.984 131.002 131.032
130.983 131.032 131.137
131.018 131.029 131.066
131.007 131.044 131.147
130.969 130.983 131.001
131.015 131.077 131.159
130.996 131.097 131.300
130.993 131.004 131.017
131.007 131.019 131.032
130.977 130.997 131.029
131.006 131.043 131.141
130.995 131.060 131.152
130.979 131.152 131.734
130.995 131.021 131.042
130.996 131.058 131.212
130.977 131.011 131.100
131.007 131.046 131.157
131.004 131.018 131.028
130.986 131.026 131.146
131.002 131.051 131.161
130.984 130.999 131.016
130.956 130.996 131.053
131.008 131.051 131.121
130.986 131.197 131.902
130.975 131.012 131.138
130.993 131.091 131.197
130.980 131.022 131.130
130.985 131.016 131.074
131.013 131.079 131.178
130.988 131.000 131.012
130.991 131.035 131.185
130.994 131.012 131.042
130.964 131.023 131.127
131.002 131.037 131.132
130.983 131.238 132.116
130.981 130.991 131.005
130.990 131.004 131.026
130.981 131.520 132.597
130.993 131.004 131.030
130.991 131.100 131.450
130.997 131.118 131.274
130.992 131.109 131.417
130.976 130.997 131.023
130.993 131.625 132.819
130.992 131.032 131.138
131.010 131.059 131.138
130.997 131.037 131.144
130.977 131.002 131.032
130.987 131.026 131.138
130.982 131.006 131.038
130.995 131.123 131.568
131.002 131.011 131.019
130.974 131.020 131.118
130.997 131.069 131.161
130.988 131.006 131.042
131.004 131.096 131.230
131.016 131.034 131.066
130.985 130.998 131.012
130.998 131.038 131.132
130.989 131.001 131.021
130.989 131.058 131.183
131.015 131.215 131.921
130.991 131.015 131.041
130.999 131.013 131.037
130.997 131.008 131.022
130.990 131.032 131.150
130.979 131.534 132.463
131.005 131.010 131.018
131.006 131.024 131.057
130.979 131.022 131.055
131.009 131.047 131.132
131.006 131.022 131.058
130.985 131.436 133.089
130.972 130.995 131.018
130.988 131.058 131.165
130.971 130.991 131.007
130.991 131.012 131.031
130.989 131.010 131.042
131.008 132.044 132.816
131.001 131.037 131.124
130.996 131.005 131.014
130.999 131.022 131.045
131.002 131.050 131.165
130.978 131.278 132.376
130.993 131.030 131.144
130.991 131.036 131.123
130.998 131.100 131.173
130.982 131.028 131.179
131.021 131.082 131.198
130.981 131.009 131.040
130.997 131.021 131.054
130.988 131.035 131.138
130.996 131.059 131.147
130.967 131.052 131.158
130.975 131.004 131.041
130.991 131.135 131.458
131.008 131.050 131.175
130.996 131.034 131.151
130.993 131.042 131.181
130.969 131.003 131.062
130.992 131.028 131.116
130.993 131.039 131.138
131.006 131.027 131.048
131.007 131.060 131.172
130.971 130.982 131.008
130.967 130.996 131.023
130.984 131.180 131.781
130.982 131.218 132.074
130.986 131.011 131.030
130.972 131.431 133.103
131.000 131.140 131.663
131.011 131.044 131.078
131.002 131.019 131.058
131.000 131.022 131.062
130.996 131.047 131.226
131.008 131.085 131.192
130.998 131.026 131.068
130.982 131.045 131.184
130.970 131.123 131.536
130.990 131.002 131.018
130.983 131.041 131.174
130.979 131.057 131.135
130.999 131.057 131.148
130.997 131.027 131.071
130.999 131.020 131.036
130.986 131.025 131.156
130.987 131.006 131.022
130.965 131.282 132.315
130.994 131.016 131.068
130.991 131.223 131.996
130.979 131.022 131.148
130.985 131.003 131.027
130.984 131.009 131.047
130.992 131.031 131.148
130.997 131.322 132.427
131.026 131.078 131.169
130.996 131.079 131.182
130.979 131.011 131.034
131.010 131.054 131.183
130.986 131.009 131.033
131.008 131.026 131.055
130.985 131.060 131.290
132.411 132.600 132.743
130.998 131.053 131.154
130.998 131.066 131.240
130.980 131.014 131.039
130.996 131.053 131.138
130.990 131.006 131.033
130.983 130.999 131.019
130.994 131.077 131.320
130.984 131.009 131.045
130.995 131.071 131.168
130.979 131.587 132.939
131.002 131.018 131.050
130.975 131.377 132.620
131.014 131.353 132.141
131.004 131.022 131.047
130.960 131.029 131.171
130.989 131.037 131.159
130.991 131.038 131.157
130.977 131.084 131.266
131.024 131.089 131.194
130.986 131.034 131.164
130.991 131.005 131.045
130.987 131.029 131.120
130.988 131.003 131.032
130.974 131.096 131.173
130.976 131.028 131.107
130.964 131.192 131.785
130.972 130.990 131.001
130.964 130.992 131.022
131.004 131.021 131.034
131.004 131.301 132.460
130.986 131.012 131.043
130.978 131.006 131.053
130.984 131.034 131.127
130.981 131.001 131.015
131.001 131.015 131.044
130.984 131.021 131.064
131.002 131.068 131.171
131.006 131.194 131.738
130.989 131.004 131.016
130.996 131.019 131.035
130.985 131.057 131.200
130.976 131.000 131.024
130.998 131.017 131.058
131.044 131.085 131.140
131.004 131.026 131.054
131.016 131.100 131.182
130.982 131.033 131.110
131.010 131.045 131.099
130.995 131.014 131.043
130.995 131.008 131.036
131.001 131.015 131.035
131.005 131.052 131.166
130.978 131.062 131.164
130.990 131.048 131.147
130.986 131.037 131.116
130.989 131.040 131.083
130.989 131.006 131.027
130.999 131.401 132.423
130.966 131.009 131.042
131.014 131.036 131.084
130.988 131.048 131.131
130.981 131.001 131.017
130.989 131.046 131.127
130.978 131.019 131.050
130.989 131.014 131.039
131.005 131.056 131.146
130.981 130.993 131.012
130.963 130.998 131.021
130.972 131.071 131.159
131.017 131.336 132.565
130.986 131.008 131.020
130.990 131.000 131.016
130.966 131.048 131.204
131.004 131.037 131.142
131.011 131.061 131.144
131.001 131.073 131.186
131.030 131.062 131.150
131.001 131.036 131.102
130.985 131.001 131.037
130.988 130.995 131.008
131.018 131.427 132.928
131.004 131.170 131.589
130.987 131.060 131.136
131.009 131.088 131.169
131.014 131.046 131.150
131.000 131.442 132.981
131.022 131.159 131.648
131.001 131.017 131.042
131.003 131.028 131.052
131.002 131.016 131.033
130.967 131.017 131.133
130.995 131.062 131.129
130.987 131.001 131.007
130.976 131.005 131.037
130.994 131.052 131.138
131.001 131.012 131.035
131.011 131.067 131.176
130.994 131.208 131.886
130.977 131.010 131.048
131.269 131.954 132.913
131.007 131.029 131.055
130.999 131.019 131.045
130.979 130.999 131.019
130.995 131.037 131.159
130.997 131.018 131.037
130.978 130.998 131.015
131.005 131.063 131.161
130.996 131.023 131.058
130.986 131.052 131.166
130.973 131.000 131.050
130.991 131.027 131.072
131.006 131.059 131.171
130.985 131.053 131.149
130.970 131.001 131.023
131.001 131.031 131.050
130.989 131.007 131.035
130.978 131.001 131.037
131.011 131.279 132.162
130.998 131.009 131.025
131.019 131.083 131.151
130.993 131.019 131.097
130.982 131.005 131.020
130.978 131.027 131.127
130.966 131.038 131.135
130.968 131.028 131.134
131.001 131.035 131.053
131.007 131.075 131.166
131.000 131.030 131.075
131.005 131.037 131.110
130.981 131.049 131.145
131.000 131.039 131.151
130.979 131.003 131.027
131.012 131.675 132.782
130.974 130.990 131.008
131.006 131.072 131.142
130.989 131.027 131.128
131.016 131.065 131.209
130.949 130.991 131.028
130.990 131.009 131.022
130.999 131.044 131.132
130.996 131.094 131.364
130.983 131.002 131.030
130.991 131.118 131.567
131.002 131.069 131.199
131.000 131.395 132.909
131.044 131.240 131.982
131.008 131.026 131.043
131.013 131.072 131.160
130.981 131.008 131.044
131.000 131.037 131.120
130.971 131.023 131.158
130.998 131.122 131.276
130.983 131.419 132.987
130.963 131.072 131.146
131.009 131.042 131.058
130.980 131.103 131.275
130.972 131.233 131.973
130.986 131.000 131.035
130.973 131.011 131.054
130.999 131.032 131.116
130.988 131.060 131.165
130.979 131.007 131.039
130.981 131.013 131.035
130.988 131.022 131.087
130.995 131.095 131.217
130.983 131.364 132.452
130.994 131.020 131.060
130.993 131.015 131.066
131.001 131.012 131.028
130.977 130.997 131.029
130.989 131.026 131.128
130.985 130.999 131.022
130.983 131.010 131.043
130.998 131.060 131.164
130.992 131.044 131.153
130.991 131.051 131.178
130.991 131.003 131.014
130.979 131.147 131.739
130.971 131.001 131.041
130.972 131.129 131.454
130.991 131.087 131.252
131.005 131.035 131.082
130.978 131.002 131.015
130.998 131.029 131.055
130.987 131.044 131.167
131.007 131.025 131.039
130.999 131.006 131.016
130.970 131.021 131.139
130.993 131.017 131.067
130.986 131.028 131.172
130.997 131.076 131.150
130.963 131.022 131.107
130.987 131.000 131.023
131.004 131.044 131.125
130.997 131.031 131.139
130.983 131.088 131.303
130.990 131.026 131.061
131.011 131.045 131.143
130.998 131.285 132.361
131.007 131.103 131.186
130.997 131.015 131.031
130.997 131.068 131.149
130.961 131.033 131.149
131.005 131.021 131.040
131.001 131.066 131.148
131.000 131.017 131.054
131.000 131.050 131.181
130.999 131.047 131.144
130.966 131.018 131.121
130.969 131.074 131.394
130.995 131.061 131.148
130.964 131.021 131.121
130.995 131.009 131.022
131.009 131.043 131.146
130.990 131.055 131.150
130.985 131.080 131.174
130.995 131.039 131.160
130.973 130.985 130.995
130.987 131.111 131.526
131.000 131.035 131.116
131.009 131.027 131.081
130.996 131.015 131.033
130.986 131.301 132.499
130.993 131.036 131.133
131.017 131.031 131.051
130.993 131.007 131.025
130.997 131.078 131.126
130.972 131.025 131.121
131.007 131.074 131.194
130.972 131.018 131.119
130.998 131.049 131.174
130.972 131.007 131.028
131.003 131.018 131.046
130.985 131.031 131.165
130.983 131.238 131.968
130.969 131.023 131.156
131.002 131.041 131.127
130.988 131.016 131.038
130.992 131.082 131.170
130.978 131.012 131.043
130.989 131.020 131.054
130.996 131.017 131.038
130.990 131.043 131.167
130.965 131.041 131.172
130.995 131.017 131.059
131.018 131.041 131.083
130.985 131.011 131.035
130.981 131.005 131.043
130.989 131.041 131.121
131.004 131.018 131.047
131.010 131.193 131.776
130.999 131.018 131.046
131.004 131.057 131.175
130.991 131.004 131.030
130.999 131.031 131.123
131.010 131.026 131.055
130.963 131.358 132.825
130.988 131.246 132.265
130.977 131.069 131.149
130.987 131.075 131.146
130.969 131.028 131.141
131.021 131.257 132.178
130.994 131.036 131.144
130.978 131.027 131.117
130.991 131.015 131.035
130.982 131.182 131.573
130.997 131.006 131.017
131.022 131.057 131.138
130.994 131.033 131.122
130.982 131.051 131.177
130.972 131.032 131.138
130.965 131.134 131.547
130.990 131.035 131.126
131.027 131.317 132.319
130.964 130.996 131.019
130.990 131.027 131.128
130.972 130.996 131.012
130.976 131.028 131.125
130.978 131.002 131.023
131.027 131.085 131.301
130.979 131.015 131.116
130.973 130.993 131.027
130.975 130.997 131.021
130.982 131.076 131.216
130.999 131.035 131.133
131.006 131.018 131.036
130.995 131.010 131.023
130.970 131.022 131.081
130.972 131.002 131.040
130.979 131.333 132.397
130.978 131.001 131.032
130.971 131.001 131.033
130.985 131.032 131.108
130.975 131.020 131.128
131.003 131.022 131.043
131.002 131.050 131.174
130.982 131.166 131.690
130.997 131.047 131.151
130.978 130.996 131.025
130.983 131.012 131.038
130.978 130.996 131.032
130.990 131.027 131.145
130.971 130.997 131.023
130.989 131.012 131.065
131.000 131.117 131.430
131.006 131.058 131.180
130.977 130.994 131.033
130.981 131.014 131.045
130.989 131.006 131.033
131.004 131.060 131.160
130.999 131.035 131.117
130.981 131.029 131.143
130.974 131.018 131.131
131.008 131.040 131.077
130.988 131.164 131.394
130.988 131.017 131.055
131.000 131.401 132.971
130.961 131.003 131.033
130.995 131.010 131.028
130.971 131.038 131.123
130.974 131.020 131.121
131.010 131.045 131.145
130.973 131.042 131.158
130.984 131.157 131.728
130.986 131.019 131.045
131.009 131.026 131.056
130.992 131.009 131.034
131.006 131.047 131.175
131.003 131.190 131.891
130.976 131.013 131.070
130.985 131.043 131.142
130.970 131.047 131.135
130.993 131.039 131.149
130.958 130.995 131.039
130.995 131.002 131.012
130.988 131.185 131.710
130.988 131.041 131.154
130.981 131.012 131.069
130.973 131.022 131.049
130.999 131.298 132.472
130.992 131.024 131.131
130.973 131.035 131.137
131.010 131.042 131.117
130.979 131.024 131.118
131.011 131.435 132.977
130.973 131.055 131.148
131.016 131.052 131.118
131.017 131.096 131.209
131.006 131.031 131.077
130.979 131.018 131.085
130.993 131.005 131.018
130.976 131.010 131.028
130.980 131.048 131.131
130.996 131.047 131.149
131.003 131.069 131.180
130.993 131.008 131.026
130.984 131.036 131.122
130.987 130.994 131.003
130.998 131.019 131.046
130.962 130.987 131.032
130.992 131.003 131.014
130.991 131.003 131.033
130.984 131.352 132.769
131.014 131.103 131.318
130.986 131.058 131.166
131.009 131.046 131.154
130.979 131.006 131.034
130.966 131.063 131.249
130.997 131.025 131.088
130.979 131.022 131.114
130.979 130.991 131.019
130.971 131.018 131.132
131.006 131.063 131.141
130.994 131.020 131.107
130.989 131.010 131.041
130.982 130.999 131.029
130.996 131.027 131.115
130.998 131.039 131.150
130.998 131.018 131.052
130.991 131.030 131.143
130.953 130.994 131.054
130.963 130.983 131.004
130.983 130.995 131.013
