42.587 42.633 42.742
42.536 42.705 42.960
42.598 42.700 42.921
42.611 42.629 42.664
42.598 42.684 42.967
42.567 42.600 42.695
42.570 42.626 42.670
42.606 42.872 43.840
42.562 42.627 42.656
42.578 42.717 43.215
42.540 42.568 42.603
42.576 42.957 44.326
42.554 42.748 43.261
42.551 42.630 42.792
42.580 42.668 42.880
42.563 42.610 42.675
42.504 42.540 42.625
42.570 42.603 42.624
42.590 42.600 42.627
42.517 42.579 42.611
42.484 42.600 42.691
42.576 42.806 43.597
42.493 42.541 42.563
42.589 42.625 42.691
42.551 42.568 42.589
42.545 42.633 42.826
42.573 42.603 42.616
42.567 42.595 42.645
42.603 42.801 43.517
42.603 42.618 42.662
42.522 42.583 42.627
43.750 43.799 43.833
43.790 43.856 43.918
42.564 42.583 42.623
42.564 42.655 42.876
42.530 43.397 45.113
43.833 43.857 43.877
43.799 43.864 43.921
43.789 43.881 43.951
42.590 43.413 43.875
42.632 43.818 44.606
42.518 42.597 42.651
43.830 44.251 45.798
42.541 42.577 42.599
42.584 42.669 42.942
42.550 42.594 42.652
42.579 42.624 42.669
42.600 42.630 42.655
42.540 42.563 42.586
42.537 42.879 43.879
42.588 42.639 42.689
42.529 42.586 42.612
71.075 71.128 71.170
52.455 52.772 53.535
52.498 52.622 52.744
52.513 52.546 52.621
53.669 53.759 53.852
52.447 52.515 52.564
52.429 52.555 52.640
52.431 52.558 52.864
52.491 52.528 52.612
52.459 52.585 52.671
42.569 42.628 42.714
42.501 42.528 42.556
42.608 42.643 42.756
42.506 42.551 42.636
42.547 42.590 42.697
42.535 42.623 42.837
42.565 42.636 42.833
42.594 42.674 42.927
42.488 42.579 42.623
42.543 43.090 45.092
42.564 42.649 42.893
42.498 42.530 42.563
42.576 42.675 42.951
42.494 42.532 42.586
42.545 42.603 42.661
42.594 42.624 42.641
42.578 42.819 43.358
42.613 42.842 43.393
42.587 42.602 42.617
42.562 42.666 42.842
42.582 42.904 44.028
42.572 42.605 42.657
42.567 42.819 43.663
42.552 42.667 43.012
42.559 42.674 42.956
42.550 42.634 42.812
42.572 42.621 42.692
42.493 42.592 42.649
42.516 42.572 42.619
42.552 42.617 42.741
42.568 42.687 43.041
42.539 42.586 42.663
42.528 42.566 42.640
42.564 42.607 42.641
42.584 42.805 43.259
43.892 43.908 43.922
42.578 42.608 42.628
42.511 42.657 42.940
42.534 42.609 42.679
42.569 42.629 42.678
42.514 42.667 42.927
42.580 42.687 42.989
42.637 42.721 42.932
42.485 42.541 42.646
42.539 42.574 42.603
42.605 42.634 42.681
42.562 42.648 42.879
42.594 42.613 42.649
42.540 42.598 42.656
42.570 42.621 42.699
42.571 42.607 42.651
42.559 42.594 42.638
42.608 42.803 43.353
42.580 42.613 42.657
42.577 42.604 42.628
42.587 42.636 42.690
42.486 42.656 43.105
42.552 42.666 42.888
42.587 42.601 42.627
42.594 43.095 44.161
42.593 42.615 42.641
42.567 42.593 42.638
42.572 42.615 42.653
42.527 42.585 42.642
42.544 42.831 43.837
42.496 42.591 42.664
42.562 42.656 42.887
42.505 42.592 42.878
42.589 42.646 42.724
42.521 42.610 42.693
42.593 42.664 42.834
42.619 42.702 42.947
42.576 42.609 42.641
42.532 42.629 42.820
42.554 42.583 42.620
42.476 42.577 42.648
42.533 42.573 42.639
42.582 42.601 42.641
42.585 42.630 42.673
42.505 42.571 42.658
42.512 42.557 42.679
42.554 42.574 42.606
42.539 42.602 42.754
42.536 42.611 42.650
42.503 42.599 42.779
42.488 42.546 42.589
42.627 43.229 45.445
42.574 42.652 42.858
42.522 42.645 42.927
42.595 42.622 42.669
42.544 42.630 42.741
42.557 42.586 42.625
42.573 42.597 42.625
42.534 42.570 42.628
42.544 42.583 42.630
42.551 42.655 42.909
42.574 42.621 42.637
42.569 42.606 42.654
42.505 42.574 42.646
42.546 42.591 42.638
42.571 42.604 42.641
42.529 42.570 42.604
42.571 42.801 43.535
42.590 42.624 42.655
42.517 42.571 42.652
42.589 42.612 42.627
42.629 42.645 42.660
42.589 42.609 42.657
42.558 42.665 42.954
42.589 42.635 42.676
42.587 42.617 42.666
42.494 42.600 42.740
42.556 42.601 42.639
42.552 42.578 42.607
42.591 42.617 42.634
42.580 42.602 42.615
42.529 42.951 44.425
42.551 42.659 42.917
42.603 42.609 42.619
42.585 42.598 42.618
42.510 42.599 42.706
42.570 42.633 42.785
42.536 42.574 42.603
42.559 42.650 42.867
42.569 42.616 42.653
42.570 42.618 42.721
42.535 42.610 42.687
42.594 42.698 42.918
42.558 42.587 42.614
42.586 42.684 42.948
42.505 42.587 42.796
42.562 42.694 42.886
42.527 42.591 42.668
42.597 42.612 42.626
42.585 42.617 42.647
42.600 42.893 43.981
42.556 42.630 42.669
42.491 42.553 42.624
42.598 42.626 42.673
42.511 42.542 42.589
42.521 42.555 42.593
42.548 42.600 42.650
42.579 42.705 42.949
42.557 42.649 42.920
42.591 42.682 42.967
42.508 42.565 42.608
42.593 42.618 42.668
42.552 42.747 43.398
42.575 42.601 42.648
42.591 43.066 44.822
42.573 42.661 42.863
42.543 42.645 42.855
42.505 42.586 42.623
42.561 42.966 44.449
42.525 42.584 42.608
42.563 42.588 42.632
42.482 42.593 42.746
42.481 42.533 42.614
42.545 42.590 42.716
42.526 42.571 42.603
42.478 42.528 42.592
42.553 42.632 42.870
42.529 42.561 42.600
42.546 42.611 42.689
42.539 42.578 42.634
42.521 42.551 42.578
42.472 42.499 42.524
42.532 42.562 42.629
42.542 42.635 42.856
42.542 42.616 42.707
42.506 42.518 42.536
42.560 42.574 42.598
42.565 42.634 42.848
42.511 42.585 42.782
42.532 42.637 42.888
42.507 42.536 42.569
42.534 42.577 42.629
42.520 42.554 42.579
42.532 42.597 42.674
42.478 42.564 42.664
42.561 42.630 42.687
42.551 42.586 42.633
42.523 42.566 42.677
42.572 42.655 42.940
42.551 42.629 42.705
42.579 42.754 43.400
42.552 42.639 42.859
42.544 42.589 42.636
42.547 42.703 43.144
42.542 42.612 42.760
42.579 42.796 43.617
42.591 42.631 42.722
42.580 42.616 42.651
42.535 42.594 42.724
42.569 42.642 42.685
42.526 42.643 42.912
42.639 42.645 42.656
42.540 42.607 42.669
42.517 42.565 42.623
42.583 42.604 42.631
42.597 42.641 42.740
42.511 42.569 42.629
42.510 42.580 42.632
42.567 42.735 43.313
42.521 42.582 42.686
42.666 43.519 44.729
42.554 42.575 42.621
42.566 42.618 42.783
42.482 42.559 42.610
42.578 42.601 42.626
42.575 42.634 42.776
42.561 42.627 42.795
42.588 42.613 42.644
42.562 42.611 42.684
42.524 42.662 42.932
42.556 42.595 42.630
42.562 42.607 42.666
42.555 42.573 42.603
42.566 42.604 42.652
42.540 42.613 42.737
42.586 42.609 42.638
42.601 42.624 42.649
42.581 42.609 42.630
42.537 43.066 45.087
42.605 42.684 42.892
42.546 42.574 42.590
42.548 42.606 42.655
42.500 42.590 42.643
42.527 42.624 42.878
42.579 42.612 42.658
42.557 42.614 42.640
42.583 42.611 42.643
42.574 42.612 42.664
42.530 43.965 49.302
42.582 42.622 42.658
42.576 42.601 42.636
42.532 42.603 42.677
42.567 42.762 43.387
42.575 42.610 42.636
42.520 42.575 42.644
42.447 42.528 42.610
42.578 42.615 42.695
42.523 42.663 42.917
42.594 42.623 42.645
42.452 42.552 42.631
42.540 42.699 42.942
42.620 42.977 43.891
42.587 42.639 42.791
42.602 42.682 42.940
42.551 42.592 42.647
42.589 42.709 42.899
42.582 42.597 42.616
42.530 42.577 42.667
42.570 42.582 42.596
42.577 42.658 42.743
42.578 42.608 42.631
42.597 42.619 42.641
42.574 42.611 42.660
42.576 45.020 54.726
42.546 42.736 42.985
42.550 42.582 42.600
42.494 42.664 42.999
42.600 42.612 42.629
42.567 42.603 42.632
42.506 42.575 42.627
42.564 42.648 42.722
42.571 42.614 42.641
42.538 42.624 42.735
42.571 42.603 42.659
42.565 42.626 42.683
42.529 42.587 42.619
42.574 42.603 42.630
42.540 42.693 43.094
42.505 42.587 42.668
42.607 42.615 42.636
42.571 42.672 42.913
42.605 42.662 42.777
42.579 42.626 42.680
42.596 43.196 44.579
42.575 42.654 42.847
42.579 42.627 42.667
42.610 42.917 43.878
42.564 42.593 42.624
42.605 42.687 42.957
42.492 42.578 42.687
42.523 42.598 42.693
42.541 42.673 43.025
42.553 42.613 42.763
42.517 42.622 42.665
42.532 42.888 43.490
42.617 42.705 42.986
42.547 42.600 42.636
42.597 42.627 42.679
42.626 42.650 42.704
42.519 42.674 42.931
42.597 42.709 42.952
42.585 42.618 42.655
42.579 42.618 42.663
42.551 42.640 42.911
42.519 42.561 42.643
42.538 42.591 42.664
42.574 42.620 42.651
42.601 42.625 42.677
42.614 42.675 42.747
42.583 42.681 42.919
42.560 42.816 43.701
42.591 42.663 42.904
42.560 42.595 42.632
42.588 42.622 42.657
42.594 42.620 42.665
42.601 42.619 42.651
42.622 42.638 42.689
42.542 42.610 42.679
42.603 42.621 42.656
42.539 42.591 42.617
42.580 42.685 43.009
42.618 42.631 42.650
42.587 42.630 42.674
42.572 42.594 42.612
42.589 42.613 42.648
42.577 42.607 42.655
42.537 42.628 42.809
42.555 42.612 42.683
42.533 42.621 42.809
42.619 42.660 42.726
42.603 42.626 42.655
42.578 42.611 42.648
42.568 42.616 42.648
42.592 42.706 43.054
42.578 42.598 42.628
42.540 42.674 42.939
42.583 42.630 42.699
42.511 42.588 42.745
42.517 42.692 43.026
42.571 42.681 42.979
42.550 43.075 45.026
42.603 42.779 43.337
42.543 42.595 42.622
42.516 42.564 42.663
42.585 42.833 43.704
42.540 42.577 42.622
42.594 43.614 45.345
42.590 42.608 42.653
42.592 42.632 42.689
42.613 42.631 42.669
42.593 42.627 42.649
42.597 42.634 42.705
42.512 42.608 42.694
42.536 42.861 43.421
42.529 42.594 42.671
42.516 42.622 42.917
42.622 43.116 44.978
42.564 42.596 42.635
42.602 42.731 43.204
42.525 42.616 42.771
42.535 42.588 42.630
42.554 42.583 42.630
42.526 42.565 42.599
42.580 42.600 42.628
42.533 42.615 42.716
42.606 42.622 42.639
42.498 42.570 42.624
42.535 42.584 42.616
42.597 42.684 42.955
42.528 42.563 42.608
42.505 42.598 42.696
42.564 42.597 42.648
42.541 42.603 42.741
42.549 42.579 42.631
42.593 42.613 42.644
42.578 42.608 42.639
42.485 42.564 42.621
42.580 42.656 42.800
42.591 42.620 42.652
42.554 42.590 42.641
42.574 42.631 42.728
42.515 42.577 42.753
42.575 42.613 42.639
42.530 42.576 42.609
42.541 42.572 42.624
42.475 42.532 42.568
42.525 42.568 42.636
42.576 42.602 42.633
42.560 42.604 42.634
42.488 42.829 43.912
42.561 42.595 42.631
42.569 42.597 42.643
42.599 42.685 42.889
42.591 42.618 42.651
42.531 42.682 42.934
42.567 42.598 42.641
42.565 42.662 42.989
42.523 42.624 42.771
42.520 42.585 42.611
42.626 42.649 42.676
42.618 42.645 42.664
42.521 42.570 42.611
42.569 42.609 42.635
42.585 42.622 42.700
42.565 42.600 42.657
42.549 42.604 42.682
42.606 42.792 43.492
42.551 42.696 42.990
42.549 42.576 42.614
42.567 42.640 42.732
42.536 42.602 42.652
42.517 42.570 42.635
42.544 42.560 42.578
42.534 42.584 42.620
42.523 42.593 42.689
42.535 42.590 42.646
42.524 42.597 42.776
42.609 42.624 42.638
42.550 42.579 42.628
42.515 42.584 42.630
42.567 42.604 42.643
42.537 42.602 42.633
42.534 42.578 42.627
42.562 42.588 42.625
42.571 42.632 42.717
42.575 42.653 42.890
42.559 42.595 42.631
42.594 42.616 42.643
42.567 42.590 42.613
42.583 42.627 42.648
42.522 42.585 42.635
42.584 42.609 42.650
42.486 42.531 42.577
42.493 42.594 42.700
42.557 42.610 42.667
42.589 42.613 42.633
42.591 42.613 42.655
42.576 42.611 42.634
42.605 42.634 42.662
42.521 42.600 42.705
42.583 42.609 42.671
42.547 42.592 42.642
42.545 42.662 42.963
42.569 42.596 42.649
42.549 42.577 42.589
42.607 42.628 42.662
42.470 42.528 42.579
42.570 42.607 42.639
42.513 42.564 42.646
42.531 42.778 43.573
42.581 42.637 42.808
42.546 42.557 42.583
42.561 42.585 42.600
42.563 42.603 42.627
42.542 42.593 42.650
42.572 42.615 42.691
42.548 42.582 42.608
42.596 42.632 42.721
42.515 42.681 43.169
42.567 42.808 43.438
42.562 42.652 42.885
42.555 42.580 42.615
42.563 42.652 42.896
42.584 42.640 42.691
42.538 42.584 42.663
42.521 42.569 42.616
42.526 42.633 42.928
42.560 42.586 42.617
42.471 42.508 42.550
42.606 42.617 42.631
42.568 42.602 42.635
42.580 42.607 42.646
42.518 42.592 42.624
42.555 42.611 42.661
42.458 42.579 42.708
42.493 42.548 42.634
42.501 42.624 42.879
42.550 42.586 42.680
42.517 42.564 42.598
42.569 42.638 42.714
42.534 42.701 43.210
42.557 42.613 42.653
42.571 42.672 42.968
42.549 42.614 42.723
42.552 42.729 43.202
42.554 42.578 42.611
42.518 42.571 42.625
42.490 42.515 42.550
42.567 42.590 42.606
42.583 42.603 42.625
42.569 42.618 42.690
42.564 42.594 42.638
42.534 42.626 42.731
42.585 42.624 42.677
42.570 42.739 43.219
42.584 42.649 42.889
42.572 42.783 43.507
42.502 42.571 42.639
42.578 42.619 42.653
42.604 42.640 42.675
42.500 42.559 42.602
42.549 42.689 43.141
42.548 42.629 42.714
42.534 42.592 42.633
42.537 42.588 42.612
42.547 42.601 42.652
42.520 42.555 42.606
42.568 42.599 42.630
42.558 42.664 42.811
42.521 42.538 42.560
42.527 42.583 42.621
42.502 42.593 42.737
42.542 42.645 42.912
42.554 42.593 42.641
42.593 42.668 42.908
42.579 42.590 42.598
42.549 42.638 42.852
42.613 42.625 42.641
42.571 42.598 42.664
42.543 42.588 42.634
42.557 42.660 42.869
42.542 42.584 42.609
42.564 42.727 43.263
42.489 42.591 42.669
42.554 42.636 42.675
42.555 43.154 44.943
42.481 42.523 42.563
42.563 42.585 42.638
42.526 42.575 42.613
42.473 42.547 42.636
42.577 42.709 43.125
42.536 42.586 42.624
42.516 42.622 42.771
42.539 42.605 42.641
42.552 42.579 42.599
42.538 42.565 42.617
42.563 42.615 42.665
42.560 42.584 42.621
42.566 42.614 42.655
42.578 42.611 42.641
42.583 42.601 42.624
42.561 42.594 42.617
42.536 42.558 42.604
42.620 42.683 42.909
42.537 42.713 42.991
42.550 42.586 42.641
42.536 42.558 42.593
42.507 42.534 42.585
42.490 42.887 44.188
42.534 42.614 42.694
42.564 42.603 42.637
42.501 42.560 42.647
42.604 42.706 42.931
42.526 42.788 43.594
42.560 42.586 42.626
42.499 42.557 42.605
42.543 42.619 42.808
42.534 42.579 42.603
42.567 42.657 42.856
42.578 42.589 42.616
42.573 42.653 42.917
42.528 42.563 42.611
42.539 42.611 42.735
42.575 42.612 42.683
42.535 42.589 42.649
42.563 42.593 42.626
42.570 42.607 42.645
42.524 42.596 42.638
42.537 42.586 42.641
42.525 42.552 42.587
42.546 42.649 42.949
42.551 42.595 42.625
42.582 42.624 42.657
42.576 42.607 42.630
42.592 42.606 42.627
42.541 42.612 42.699
42.567 42.605 42.665
42.585 42.770 43.390
42.553 42.581 42.617
42.558 42.591 42.620
42.549 42.644 42.827
42.561 42.610 42.664
42.565 42.590 42.619
42.537 42.575 42.639
42.578 42.607 42.652
42.525 42.585 42.660
42.583 42.613 42.668
42.571 42.626 42.695
42.540 42.626 42.870
42.592 42.607 42.637
42.585 42.616 42.642
42.501 42.567 42.636
42.517 42.568 42.637
42.586 42.605 42.619
42.544 42.584 42.656
42.528 42.617 42.675
42.498 42.647 42.869
42.515 42.626 42.942
42.572 42.604 42.631
42.581 42.604 42.632
42.514 42.538 42.557
42.556 42.601 42.638
42.515 42.712 43.217
42.573 42.600 42.638
42.598 42.655 42.767
42.577 42.610 42.652
42.574 42.616 42.640
42.500 42.552 42.598
42.566 42.613 42.686
42.511 42.565 42.635
42.561 42.610 42.645
42.545 43.159 45.442
42.567 42.583 42.609
42.559 42.593 42.625
42.585 42.613 42.656
42.544 42.565 42.583
42.503 42.664 42.937
42.577 42.786 43.286
42.507 42.587 42.681
42.515 42.549 42.574
42.562 42.855 43.805
42.591 42.613 42.647
42.542 42.615 42.793
42.599 42.699 42.981
42.589 42.704 43.074
42.560 42.676 42.993
42.555 42.606 42.680
42.547 42.603 42.701
42.534 42.597 42.652
42.545 42.746 43.097
42.556 42.708 43.179
42.552 42.675 42.946
42.486 42.538 42.574
42.593 42.753 43.282
42.551 42.624 42.734
42.605 42.630 42.655
42.597 42.632 42.647
42.554 42.592 42.657
42.553 42.702 43.188
42.539 42.601 42.705
42.553 42.646 42.943
42.516 42.574 42.650
42.537 42.607 42.702
42.568 42.613 42.657
42.598 42.613 42.634
42.528 42.599 42.757
42.569 42.606 42.670
42.541 43.124 43.867
42.552 42.630 42.763
42.577 42.594 42.616
42.556 42.597 42.640
42.508 42.600 42.840
42.514 42.561 42.637
42.515 42.560 42.631
42.561 42.617 42.641
42.618 42.642 42.686
42.561 42.600 42.623
42.591 42.623 42.661
42.553 42.622 42.663
42.535 42.610 42.673
42.587 42.610 42.641
42.535 42.587 42.672
42.572 42.628 42.702
42.562 42.620 42.679
42.592 42.619 42.670
42.506 42.555 42.624
42.519 42.670 43.112
42.568 42.608 42.633
42.548 42.582 42.614
42.514 42.578 42.667
42.593 42.634 42.725
42.498 42.562 42.632
42.596 42.634 42.704
42.551 42.587 42.617
42.531 42.578 42.632
42.576 42.640 42.782
42.615 42.716 42.956
42.566 42.592 42.625
42.532 42.601 42.748
42.535 42.622 42.669
42.603 42.643 42.727
42.611 42.640 42.697
42.589 42.616 42.663
42.561 43.026 44.675
42.550 42.801 43.770
42.635 42.666 42.739
42.600 42.648 42.710
42.572 42.627 42.730
42.500 42.605 42.791
42.621 42.875 43.516
42.608 42.666 42.743
42.597 42.657 42.720
42.598 42.649 42.674
42.575 42.599 42.637
42.570 42.630 42.799
42.626 42.838 43.396
42.596 43.098 44.822
42.647 42.748 42.936
42.648 42.674 42.696
42.595 42.664 42.742
42.583 42.769 43.276
42.636 42.846 43.650
42.523 42.760 43.577
42.540 42.893 43.544
42.605 42.640 42.684
42.555 42.631 42.684
42.608 42.663 42.740
42.588 42.627 42.663
42.596 42.632 42.682
42.586 42.635 42.680
42.581 42.641 42.663
42.540 42.638 42.853
42.619 42.668 42.704
42.595 42.665 42.726
42.569 42.885 43.971
42.594 42.759 43.108
42.624 42.691 42.756
42.674 42.711 42.751
42.647 42.843 43.463
42.640 42.663 42.703
42.525 42.978 44.494
42.562 42.724 43.195
42.553 42.615 42.646
42.577 42.656 42.701
42.514 42.609 42.677
42.532 42.678 42.986
42.599 42.677 42.920
42.604 42.674 42.736
42.569 42.707 43.035
42.624 42.716 42.943
42.576 42.701 42.991
42.545 42.604 42.732
42.560 42.691 42.933
42.600 42.676 42.780
42.617 42.626 42.649
42.588 42.639 42.695
42.531 42.571 42.601
42.574 42.606 42.637
42.581 42.603 42.637
42.585 42.672 42.721
42.580 43.197 44.673
42.646 42.672 42.719
42.554 42.618 42.689
42.568 42.731 43.099
42.570 42.631 42.732
42.594 42.676 42.747
42.648 42.817 43.063
42.665 42.703 42.726
42.610 42.654 42.693
42.588 42.663 42.706
42.643 42.671 42.702
42.591 42.638 42.678
42.626 43.296 45.709
42.639 43.027 44.418
42.583 42.655 42.729
42.588 42.631 42.703
42.545 42.622 42.691
42.588 42.646 42.754
42.643 42.690 42.729
42.676 42.888 43.559
42.558 42.600 42.634
42.562 42.627 42.692
42.608 43.281 45.343
42.599 42.683 42.811
42.641 42.681 42.707
42.647 42.767 43.056
42.605 42.682 42.738
42.536 42.672 42.742
42.628 42.725 42.982
42.659 42.731 42.916
42.501 42.861 43.934
42.614 42.692 42.725
42.603 42.728 43.060
42.541 42.694 43.134
42.644 42.687 42.727
42.661 43.070 44.598
42.662 42.751 42.989
42.507 42.638 42.814
42.670 42.687 42.716
42.613 42.647 42.703
42.602 42.695 42.839
42.589 42.650 42.704
42.663 42.730 42.975
42.622 42.714 42.917
42.623 42.667 42.714
42.560 42.643 42.707
42.567 42.648 42.719
42.632 42.746 43.100
42.605 42.641 42.671
42.647 42.691 42.747
42.605 42.648 42.709
42.596 42.669 42.802
42.636 42.670 42.714
42.525 42.579 42.633
42.561 42.578 42.591
42.602 42.695 42.849
42.580 42.679 42.819
42.626 42.677 42.742
42.622 42.686 42.799
42.618 42.713 42.921
42.580 42.614 42.657
42.596 42.721 43.021
42.591 42.623 42.711
42.630 42.688 42.786
42.678 42.702 42.766
42.556 42.624 42.665
42.619 42.752 43.097
42.537 42.954 44.309
42.625 42.684 42.716
42.521 42.591 42.634
42.628 43.064 43.891
42.561 42.627 42.796
42.567 42.638 42.797
42.667 42.701 42.725
42.591 42.701 42.808
42.609 42.647 42.726
42.562 42.581 42.607
42.677 42.710 42.788
42.604 42.639 42.707
42.631 42.681 42.713
42.651 42.678 42.697
42.625 42.708 42.971
42.565 42.624 42.647
42.632 42.703 42.895
42.599 42.638 42.684
42.614 42.750 42.966
42.602 42.694 42.745
42.624 42.669 42.732
42.657 42.679 42.710
42.507 42.677 43.072
42.527 42.606 42.692
42.652 42.813 43.156
42.631 42.731 42.966
42.588 42.626 42.715
42.609 42.666 42.703
42.587 43.064 44.829
42.588 42.618 42.649
42.558 42.616 42.656
42.691 42.705 42.721
42.572 42.808 43.347
42.558 42.636 42.801
42.600 42.716 43.117
42.580 42.637 42.731
42.600 42.626 42.669
42.603 42.624 42.631
42.540 42.650 42.829
42.641 42.733 42.942
42.577 42.633 42.697
42.603 42.670 42.709
42.586 42.650 42.701
42.651 43.029 43.985
42.652 42.680 42.708
42.586 42.618 42.647
42.529 42.671 43.066
42.603 42.636 42.682
42.595 42.655 42.722
42.547 42.583 42.622
42.583 43.034 43.673
42.609 42.919 43.985
42.548 42.645 42.728
42.528 42.584 42.638
42.608 42.660 42.707
42.631 42.665 42.713
42.609 42.695 42.822
42.629 42.709 42.811
42.581 42.631 42.672
42.610 42.652 42.704
42.621 42.660 42.708
42.676 42.725 42.759
42.631 42.942 43.597
42.594 42.632 42.694
42.631 42.683 42.736
42.629 42.726 43.008
42.579 42.622 42.654
42.597 42.616 42.643
42.523 42.673 42.963
42.589 42.704 42.966
42.666 42.693 42.726
42.614 42.659 42.807
42.591 42.666 42.710
42.580 42.711 43.000
42.599 43.047 44.480
42.642 42.691 42.728
42.588 42.769 43.321
42.631 42.683 42.724
42.665 42.693 42.739
42.525 42.555 42.593
42.522 42.607 42.668
42.574 42.608 42.649
42.594 42.647 42.680
42.639 42.779 43.029
42.592 42.635 42.678
42.650 42.683 42.707
42.548 42.601 42.662
42.615 42.679 42.819
42.612 42.684 42.763
42.627 42.994 44.302
42.549 42.650 42.702
42.666 42.674 42.691
42.623 42.658 42.694
42.636 42.674 42.713
42.636 42.662 42.682
42.617 42.666 42.777
42.575 42.803 43.654
42.538 42.636 42.793
42.622 42.750 43.060
42.606 42.643 42.685
42.615 42.688 42.757
42.639 42.923 43.860
42.582 42.637 42.698
42.557 42.632 42.718
42.594 42.640 42.682
42.668 42.820 43.305
42.571 42.607 42.630
42.557 42.686 42.870
42.708 42.745 42.764
42.598 42.655 42.691
42.558 42.649 42.789
42.658 42.763 43.058
42.621 42.672 42.702
42.670 42.886 43.465
42.677 42.739 42.771
42.608 42.641 42.696
42.580 43.659 45.060
42.590 42.668 42.805
42.538 42.585 42.621
42.625 42.772 43.263
42.643 42.766 43.035
42.592 42.635 42.659
42.601 42.728 42.966
42.520 42.583 42.667
42.564 42.595 42.613
42.566 42.703 42.971
42.662 42.701 42.766
42.646 42.704 42.786
42.616 42.639 42.652
42.627 42.721 42.969
42.587 42.654 42.688
42.643 42.655 42.667
42.663 42.677 42.703
42.635 42.666 42.688
42.612 42.645 42.684
42.651 42.684 42.716
42.599 42.638 42.701
42.611 42.659 42.725
42.651 42.664 42.703
42.580 42.622 42.673
42.559 42.611 42.669
42.588 42.614 42.668
42.679 42.701 42.718
42.611 43.458 44.803
42.629 42.688 42.750
42.529 42.731 43.225
42.567 43.178 44.969
42.655 42.737 42.828
42.617 42.682 42.755
42.526 42.581 42.617
42.511 42.619 42.717
42.615 42.681 42.718
42.556 42.770 43.405
42.630 42.669 42.698
42.577 42.652 42.774
42.530 42.630 42.784
42.576 42.714 42.964
42.560 42.695 43.001
42.642 42.687 42.715
42.598 42.721 42.917
42.669 42.680 42.702
42.576 42.604 42.642
42.564 42.614 42.657
42.636 42.996 44.201
42.616 42.670 42.721
42.565 42.763 43.274
42.490 42.798 43.482
42.584 42.669 42.760
42.604 42.718 42.863
42.565 42.645 42.715
42.653 42.730 42.911
42.617 42.656 42.708
42.592 42.782 43.346
42.713 42.739 42.763
42.663 42.695 42.751
42.639 42.674 42.710
42.559 42.650 42.728
42.646 42.699 42.871
42.532 42.614 42.806
42.644 42.737 43.051
42.585 42.657 42.755
42.613 42.699 42.976
42.596 42.663 42.728
42.582 42.713 42.985
42.587 42.628 42.650
42.466 42.612 42.669
42.564 42.661 42.837
42.654 42.681 42.712
42.628 42.715 42.977
42.556 42.668 42.752
42.618 42.643 42.695
42.656 42.742 42.988
42.600 42.700 42.985
42.558 42.600 42.660
42.658 42.686 42.717
42.656 42.673 42.693
42.600 42.683 42.777
42.694 42.739 42.817
42.603 42.652 42.698
42.590 42.777 43.376
42.548 42.616 42.670
42.551 42.574 42.593
42.482 42.563 42.630
42.531 42.557 42.592
42.550 42.587 42.648
42.528 42.630 42.949
42.538 42.620 42.889
42.466 42.521 42.605
42.561 42.586 42.644
42.546 42.582 42.620
42.543 42.573 42.594
42.522 42.538 42.566
42.507 42.604 42.855
42.551 42.577 42.607
42.544 42.648 42.963
42.499 42.545 42.602
42.531 42.607 42.730
42.533 42.558 42.584
42.542 42.596 42.636
42.520 42.548 42.586
42.547 42.611 42.655
42.588 42.796 43.587
42.572 42.589 42.605
42.574 42.621 42.645
42.531 42.643 42.856
42.513 42.564 42.634
42.585 42.615 42.662
42.564 42.654 42.921
42.590 42.612 42.642
42.564 42.607 42.690
42.599 42.695 43.022
42.512 42.545 42.576
42.559 42.604 42.633
42.612 42.721 42.986
42.555 42.685 43.005
42.514 42.560 42.697
42.546 42.583 42.640
42.492 42.630 43.008
42.540 42.606 42.658
42.528 42.569 42.600
42.545 42.635 42.827
42.562 42.660 42.894
42.560 42.653 42.900
42.501 42.638 42.855
42.519 42.545 42.565
43.067 43.514 44.438
42.490 42.542 42.581
42.517 42.573 42.640
42.523 42.579 42.674
42.612 42.806 43.470
42.528 42.580 42.608
42.526 42.566 42.589
42.495 42.594 42.685
42.587 42.605 42.632
42.495 42.560 42.608
42.564 42.611 42.638
42.580 42.631 42.676
42.573 42.612 42.626
42.575 42.611 42.658
42.591 42.619 42.647
42.602 42.825 43.591
42.514 42.560 42.585
42.570 42.598 42.652
42.530 42.639 42.907
42.563 42.606 42.661
42.553 42.605 42.638
42.545 42.653 42.932
42.473 42.546 42.655
42.560 42.600 42.633
42.569 42.603 42.637
42.597 42.614 42.624
42.604 42.632 42.679
42.505 42.585 42.638
42.559 42.668 42.773
42.621 42.633 42.650
42.558 42.673 42.964
42.587 42.632 42.698
42.546 42.612 42.646
42.543 42.585 42.617
42.542 42.936 43.880
42.589 42.608 42.627
42.544 42.618 42.654
42.527 42.604 42.775
42.572 42.657 42.935
42.529 42.624 42.908
42.535 42.581 42.620
42.576 42.599 42.626
42.522 42.658 42.984
42.534 42.580 42.630
42.592 42.675 42.837
42.588 42.617 42.666
42.566 42.623 42.750
42.584 42.610 42.621
42.541 42.562 42.576
42.577 42.614 42.648
42.548 42.598 42.652
42.549 42.595 42.645
42.499 42.573 42.660
42.495 42.520 42.577
42.570 42.602 42.639
42.541 42.658 42.925
42.524 42.599 42.670
42.539 42.563 42.596
42.588 42.619 42.663
42.585 42.606 42.633
42.555 42.612 42.652
42.603 42.723 43.006
42.535 42.634 42.922
42.598 42.630 42.728
42.569 42.601 42.640
42.524 42.572 42.617
42.575 42.810 43.540
42.609 42.637 42.683
42.532 42.622 42.673
42.554 42.638 42.785
42.547 42.597 42.615
42.534 42.621 42.666
42.553 42.595 42.652
42.536 42.591 42.652
42.601 42.682 42.900
42.565 42.917 44.289
42.532 42.755 43.345
42.573 42.606 42.629
42.596 42.703 43.071
42.538 42.620 42.680
42.574 42.604 42.633
42.610 42.648 42.722
42.500 42.512 42.519
42.571 42.840 43.406
42.641 42.786 43.017
42.557 42.628 42.682
42.551 42.599 42.615
42.538 42.574 42.600
42.512 42.753 43.384
42.540 42.606 42.725
42.597 42.647 42.764
42.614 42.635 42.673
42.532 42.552 42.574
42.588 42.649 42.757
42.533 42.599 42.662
42.629 42.652 42.673
42.602 42.720 43.139
42.566 42.593 42.616
42.519 42.584 42.677
42.570 42.605 42.639
42.568 42.751 43.312
42.587 42.791 43.150
42.570 42.632 42.676
42.521 42.641 42.892
42.566 42.624 42.697
42.569 42.617 42.666
42.599 42.611 42.625
42.589 43.075 43.825
42.539 42.592 42.638
42.555 42.610 42.634
42.571 42.619 42.668
42.595 42.657 42.724
42.539 42.608 42.647
42.548 42.590 42.628
42.575 42.663 42.867
42.529 42.593 42.627
42.583 42.685 42.975
42.522 42.594 42.703
42.551 42.582 42.613
42.579 42.617 42.649
42.528 42.562 42.608
42.574 42.605 42.649
42.597 42.606 42.621
42.565 42.593 42.615
42.599 42.626 42.662
42.540 42.577 42.629
42.594 42.627 42.669
42.585 42.611 42.627
42.512 42.588 42.672
42.568 42.597 42.629
42.594 42.661 42.837
42.561 42.613 42.695
42.561 42.612 42.655
42.496 42.529 42.574
42.580 42.712 43.056
42.502 42.615 42.760
42.450 42.512 42.589
42.566 42.618 42.668
42.561 42.714 43.047
42.509 42.699 42.981
42.576 43.638 44.512
42.597 42.676 42.790
42.568 42.590 42.609
42.588 42.691 43.028
42.612 42.685 42.930
42.607 42.686 42.871
42.572 42.605 42.628
42.586 42.647 42.711
42.530 42.624 42.750
42.561 42.745 43.266
42.591 42.760 43.345
42.592 42.616 42.636
42.533 42.596 42.670
42.563 42.594 42.639
42.577 42.635 42.759
42.562 42.620 42.656
42.520 42.562 42.607
42.574 42.615 42.665
54.191 54.234 54.291
54.256 54.304 54.398
54.211 54.274 54.330
54.221 54.262 54.324
54.280 54.306 54.364
54.265 54.323 54.393
54.221 54.300 54.506
54.268 54.296 54.334
54.195 54.262 54.382
54.214 54.258 54.297
54.231 54.281 54.305
54.202 54.268 54.449
54.267 54.296 54.338
54.277 54.293 54.344
54.209 54.275 54.323
54.134 54.211 54.251
54.250 54.267 54.291
54.269 54.370 54.686
54.283 54.333 54.498
54.251 54.279 54.299
54.270 54.295 54.341
54.269 54.294 54.309
54.269 54.310 54.347
54.232 54.284 54.359
54.221 54.501 55.273
54.321 54.335 54.349
54.235 54.266 54.304
54.233 54.361 54.633
54.199 54.242 54.263
54.271 54.296 54.314
54.242 54.288 54.326
54.255 54.275 54.297
54.218 54.268 54.328
54.227 54.276 54.370
54.239 54.290 54.321
54.233 54.301 54.478
54.237 54.291 54.323
54.298 54.327 54.385
54.254 54.348 54.674
54.282 54.331 54.394
54.226 54.272 54.302
54.250 54.951 56.807
54.282 54.305 54.348
54.217 54.280 54.333
54.298 54.315 54.328
54.188 54.219 54.287
54.240 54.574 55.826
54.211 54.256 54.312
54.242 54.257 54.270
54.269 54.290 54.321
54.194 54.276 54.362
54.207 54.382 54.848
54.273 54.399 54.841
54.304 54.339 54.372
54.248 54.284 54.313
54.159 54.273 54.373
54.231 54.286 54.317
54.259 54.456 55.149
54.210 54.230 54.273
54.187 54.257 54.323
54.212 54.255 54.289
54.238 54.448 55.215
54.261 54.326 54.399
54.192 54.268 54.444
49.121 49.152 49.199
43.260 43.301 43.358
43.302 43.399 43.615
43.287 43.511 43.971
43.329 43.377 43.529
43.300 43.381 43.600
43.332 43.358 43.374
43.345 43.522 44.149
43.296 43.342 43.386
43.362 43.456 43.822
43.338 43.424 43.558
43.279 43.336 43.385
43.304 43.621 44.696
43.324 43.371 43.415
43.291 43.704 45.180
43.320 43.387 43.418
43.344 43.366 43.413
43.283 43.312 43.323
43.332 43.361 43.383
43.291 43.319 43.354
43.265 43.488 43.909
43.365 43.406 43.477
43.292 43.347 43.369
43.326 43.345 43.375
43.312 43.432 43.712
43.337 43.407 43.525
43.305 43.338 43.376
43.277 44.033 45.997
43.332 43.351 43.372
43.307 43.366 43.395
43.302 43.319 43.333
43.300 43.342 43.387
43.340 43.428 43.601
43.258 43.364 43.642
43.292 43.494 44.129
43.305 43.382 43.626
43.276 43.358 43.484
43.341 43.369 43.445
43.316 43.347 43.401
43.317 43.367 43.456
43.258 43.327 43.411
43.316 43.362 43.413
43.326 43.355 43.381
43.333 43.794 45.161
43.341 43.352 43.364
43.343 43.367 43.393
43.255 43.641 44.300
43.321 43.370 43.434
43.389 43.438 43.546
43.307 43.358 43.401
43.322 43.357 43.440
43.302 43.418 43.687
43.297 43.329 43.383
43.308 43.342 43.375
43.337 43.383 43.427
43.325 43.362 43.412
43.297 43.355 43.408
43.364 43.386 43.419
43.278 43.597 44.655
43.303 43.341 43.393
43.336 43.358 43.378
43.357 43.371 43.383
43.305 43.335 43.412
43.362 43.381 43.418
43.269 43.296 43.311
43.264 43.320 43.390
43.297 43.344 43.491
43.344 43.798 45.547
43.352 43.375 43.428
43.333 43.385 43.430
43.360 43.496 43.983
43.305 43.524 43.810
43.312 43.372 43.440
43.330 43.415 43.548
43.303 43.556 44.498
43.295 43.405 43.669
43.296 43.394 43.629
43.355 43.398 43.445
43.309 43.600 44.584
43.364 43.387 43.416
43.238 43.310 43.504
43.342 43.370 43.397
43.278 43.362 43.419
43.307 43.449 43.768
43.259 43.301 43.349
43.364 43.401 43.442
43.330 43.350 43.377
43.320 43.379 43.502
43.309 43.360 43.411
43.335 43.373 43.484
43.345 43.361 43.388
43.345 43.416 43.633
43.335 43.370 43.432
43.317 43.379 43.475
43.362 43.396 43.411
43.357 43.381 43.401
43.325 43.375 43.403
43.328 43.400 43.502
43.341 43.408 43.578
43.332 43.474 43.644
43.283 43.499 44.174
43.255 43.382 43.672
43.313 43.365 43.400
43.336 43.431 43.670
43.336 43.436 43.750
43.335 43.353 43.373
43.322 43.376 43.416
43.303 43.354 43.404
43.312 43.391 43.505
43.296 43.374 43.495
43.346 44.198 45.298
43.377 43.399 43.421
43.328 43.348 43.379
43.273 43.331 43.375
43.360 43.541 44.138
43.319 43.379 43.406
43.255 43.625 44.791
43.331 43.354 43.387
43.320 43.342 43.375
43.345 43.363 43.379
43.293 43.366 43.418
43.252 43.342 43.386
43.345 43.377 43.410
43.323 43.360 43.383
43.343 43.369 43.401
43.337 43.453 43.728
43.276 43.352 43.411
43.356 43.373 43.390
43.290 43.333 43.372
43.278 43.343 43.379
43.330 43.368 43.456
43.350 43.375 43.412
43.348 43.367 43.394
43.263 43.325 43.357
43.330 43.374 43.414
43.362 43.424 43.629
43.340 43.539 44.214
43.331 43.363 43.397
43.334 43.381 43.437
43.360 43.380 43.407
43.304 43.341 43.388
43.273 43.543 44.331
43.302 43.343 43.417
43.276 43.328 43.355
43.233 43.325 43.376
43.342 43.384 43.470
43.354 43.389 43.411
43.350 43.376 43.393
43.273 43.414 43.668
43.326 43.374 43.423
43.288 43.324 43.435
43.229 43.362 43.449
43.301 43.371 43.489
43.335 43.339 43.347
43.327 43.363 43.406
43.330 43.422 43.704
43.316 43.336 43.359
43.335 43.358 43.380
43.282 43.355 43.407
43.320 43.347 43.374
43.281 43.473 44.225
43.329 43.377 43.461
43.299 43.333 43.373
43.330 43.401 43.501
43.309 43.429 43.651
43.342 43.420 43.658
43.227 43.263 43.283
43.340 43.376 43.452
43.338 43.360 43.397
43.244 43.297 43.330
43.359 43.393 43.418
43.329 43.400 43.464
43.340 43.367 43.411
43.333 43.395 43.440
43.311 43.336 43.371
43.347 43.407 43.454
43.324 43.367 43.404
43.261 43.331 43.388
43.300 43.310 43.322
43.317 43.414 43.661
43.332 43.438 43.770
43.211 43.290 43.349
43.320 43.354 43.375
43.359 43.375 43.401
43.354 43.374 43.409
43.287 43.354 43.470
43.329 43.386 43.443
43.304 43.356 43.391
43.345 43.473 43.625
43.334 43.375 43.404
43.309 43.436 43.653
43.324 43.420 43.589
43.359 43.456 43.698
43.352 43.397 43.443
43.315 43.419 43.736
43.364 43.406 43.496
43.332 43.368 43.409
43.324 43.386 43.446
43.369 43.389 43.426
43.272 43.352 43.522
43.359 43.397 43.495
43.349 43.384 43.426
43.331 43.376 43.438
43.367 43.390 43.427
43.333 43.382 43.443
43.305 43.365 43.408
43.345 43.368 43.393
43.295 43.377 43.414
43.293 46.274 58.002
43.359 43.371 43.390
43.318 43.429 43.711
43.269 43.310 43.366
43.331 43.396 43.495
43.340 43.403 43.502
43.310 43.364 43.432
43.329 43.365 43.384
43.291 43.383 43.469
43.296 43.358 43.463
43.273 43.392 43.528
43.296 43.352 43.410
43.313 43.681 44.976
43.316 43.347 43.369
43.323 43.375 43.487
43.335 43.896 44.896
43.284 43.438 43.718
43.315 43.352 43.421
43.273 43.290 43.305
43.379 43.418 43.465
43.310 43.371 43.415
43.327 43.616 44.715
43.365 43.390 43.417
43.303 43.595 44.602
43.299 43.342 43.395
43.249 43.309 43.374
43.320 43.351 43.381
43.266 43.297 43.324
43.312 43.413 43.662
43.310 43.389 43.514
43.331 43.532 44.234
43.354 43.445 43.733
43.344 43.425 43.699
43.258 43.324 43.373
43.275 43.300 43.331
43.313 43.369 43.402
43.391 43.916 44.570
43.327 43.407 43.632
43.329 43.506 44.081
43.300 43.504 44.202
43.284 43.334 43.368
43.282 43.330 43.456
43.318 43.389 43.633
43.314 43.386 43.456
43.294 43.330 43.372
43.337 43.424 43.560
43.364 43.408 43.493
43.314 43.338 43.354
43.359 43.393 43.465
43.352 43.375 43.405
43.276 43.365 43.626
43.293 43.356 43.402
43.382 43.395 43.425
43.353 43.382 43.409
43.347 43.364 43.382
43.284 43.597 44.517
43.303 43.345 43.386
43.343 43.383 43.473
43.357 43.456 43.750
43.335 43.370 43.405
43.348 43.396 43.524
43.344 43.488 43.954
43.340 43.396 43.443
43.286 43.336 43.401
43.311 43.364 43.420
43.322 43.374 43.416
43.314 43.521 44.219
43.338 43.427 43.494
43.348 43.769 45.049
43.357 43.379 43.410
43.339 43.805 45.569
43.351 43.528 44.121
43.309 43.375 43.399
43.281 43.607 44.361
43.248 43.342 43.407
43.295 43.345 43.383
43.334 43.365 43.393
43.333 43.369 43.402
43.289 43.361 43.407
43.359 43.377 43.428
43.313 43.343 43.360
43.345 43.423 43.628
43.336 43.370 43.427
43.345 43.391 43.455
43.314 43.508 43.766
43.307 43.347 43.406
43.313 43.355 43.400
43.326 43.370 43.430
43.350 43.442 43.664
43.335 43.382 43.418
43.352 43.388 43.445
43.251 43.337 43.375
43.308 43.365 43.403
43.334 43.370 43.433
43.302 43.350 43.394
43.346 43.431 43.517
43.329 43.350 43.369
43.347 43.374 43.430
43.326 43.370 43.431
43.365 43.374 43.383
43.316 43.437 43.780
43.349 43.377 43.416
43.363 43.378 43.396
43.329 43.452 43.792
43.358 43.385 43.403
43.355 43.387 43.438
43.304 43.364 43.495
43.294 43.337 43.368
43.286 43.306 43.340
43.308 43.339 43.359
43.274 43.338 43.380
43.269 43.527 44.174
43.371 43.445 43.673
43.275 43.305 43.355
43.322 43.465 43.889
43.297 43.336 43.379
43.335 43.448 43.768
43.316 43.422 43.757
43.315 43.350 43.378
43.372 43.408 43.428
43.319 43.408 43.607
43.324 43.378 43.424
43.304 43.338 43.386
43.297 43.339 43.383
43.277 43.290 43.302
43.296 43.359 43.423
43.242 43.386 43.597
43.243 43.346 43.415
43.336 43.402 43.557
43.303 43.326 43.385
43.294 43.365 43.440
43.306 43.441 43.855
43.300 43.340 43.415
43.307 43.383 43.447
43.319 43.362 43.403
43.325 43.342 43.362
43.343 43.392 43.499
43.313 43.348 43.379
43.318 43.367 43.417
43.302 43.351 43.434
43.377 43.687 44.821
43.365 43.409 43.550
43.374 43.398 43.414
43.335 43.517 44.166
43.321 43.409 43.584
43.280 43.335 43.408
43.373 43.394 43.433
43.312 43.363 43.421
43.335 43.358 43.389
43.264 43.464 44.134
52.438 52.488 52.573
52.457 52.747 53.320
52.442 52.555 52.681
52.457 52.522 52.603
50.518 50.758 51.093
50.491 50.595 50.773
50.554 50.590 50.626
0 0 0
43.316 43.371 43.454
43.333 43.358 43.403
43.287 43.343 43.390
43.290 43.340 43.365
43.265 43.318 43.373
43.319 43.386 43.512
43.340 43.392 43.456
43.369 43.382 43.399
43.315 43.621 44.754
43.262 43.495 44.173
43.309 43.388 43.458
43.281 43.308 43.352
43.347 43.662 44.568
43.356 43.386 43.459
43.316 43.348 43.392
43.265 43.311 43.358
43.305 43.322 43.342
43.317 43.338 43.363
43.312 43.356 43.401
43.308 43.381 43.500
43.302 43.367 43.462
43.334 43.682 44.242
43.286 43.339 43.394
43.284 43.343 43.389
43.301 43.367 43.409
43.337 43.451 43.769
43.307 43.334 43.370
43.372 43.408 43.430
43.276 43.345 43.436
43.330 43.428 43.563
43.346 43.517 44.033
43.305 43.367 43.403
43.293 43.764 44.850
43.335 43.386 43.480
43.329 43.353 43.385
43.356 43.387 43.411
43.332 43.376 43.476
43.335 43.408 43.598
43.371 43.414 43.486
43.261 43.615 44.694
43.350 43.427 43.470
0 0 0
52.509 52.827 53.538
50.634 51.430 52.830
50.587 50.663 50.761
43.321 43.411 43.542
43.310 43.336 43.386
43.257 43.327 43.449
43.329 43.364 43.407
43.321 43.345 43.378
43.337 43.390 43.473
43.223 43.444 44.069
43.350 43.404 43.525
43.272 43.363 43.442
43.309 43.367 43.456
43.336 43.386 43.414
43.271 43.334 43.388
43.342 43.382 43.449
43.239 43.347 43.547
43.329 43.445 43.835
43.311 43.689 44.975
43.356 43.386 43.453
43.339 43.370 43.415
43.350 44.267 46.197
43.265 43.322 43.437
43.291 43.339 43.391
43.338 43.372 43.416
43.358 43.388 43.425
43.246 43.323 43.355
43.341 43.366 43.416
43.277 43.788 45.643
43.303 43.343 43.389
43.269 43.311 43.371
43.333 43.374 43.440
43.280 43.370 43.457
43.312 43.365 43.505
43.313 43.691 45.097
43.351 43.380 43.426
43.348 43.371 43.393
43.353 43.401 43.524
43.371 43.384 43.417
43.336 43.350 43.367
43.289 43.347 43.384
43.359 43.472 43.735
43.317 43.489 43.960
43.303 43.363 43.435
43.280 43.345 43.410
43.307 43.350 43.385
43.336 43.373 43.467
43.372 43.386 43.416
43.363 43.391 43.408
43.332 43.415 43.674
43.300 43.375 43.463
43.312 43.389 43.543
43.366 43.416 43.457
43.288 43.335 43.425
43.330 43.478 43.813
43.272 43.428 43.758
43.308 43.614 44.729
43.325 43.383 43.572
43.329 43.372 43.480
43.366 43.388 43.401
43.372 43.392 43.413
43.334 43.376 43.455
43.314 43.361 43.414
43.316 43.377 43.435
43.364 43.741 45.165
43.317 43.358 43.380
43.328 43.534 44.214
43.303 43.344 43.390
43.327 43.478 43.914
43.293 43.346 43.397
43.288 43.724 44.534
43.377 43.390 43.414
43.280 43.350 43.379
43.322 43.353 43.417
43.332 43.390 43.481
43.363 43.372 43.388
43.304 43.340 43.377
43.322 43.373 43.478
43.294 43.350 43.451
43.324 43.434 43.663
43.266 43.336 43.427
43.326 43.383 43.423
43.345 43.529 44.197
43.386 43.540 44.080
43.288 43.331 43.378
43.325 43.359 43.382
43.318 43.367 43.414
43.338 43.589 44.547
43.339 43.456 43.782
43.327 43.449 43.623
43.376 43.385 43.409
43.339 43.356 43.386
43.297 43.355 43.432
43.353 43.373 43.389
43.325 43.391 43.433
43.334 43.391 43.461
43.337 43.560 44.275
43.326 43.368 43.393
43.322 43.344 43.365
43.323 43.346 43.406
43.239 43.499 44.329
43.317 43.533 43.854
43.318 43.398 43.483
43.307 43.562 44.308
43.360 43.383 43.405
43.308 43.338 43.359
43.311 45.073 46.236
43.335 43.474 43.935
43.322 43.360 43.442
43.301 43.322 43.355
43.367 43.434 43.603
43.351 43.365 43.379
43.315 43.354 43.391
43.299 43.355 43.389
43.296 43.439 43.791
43.328 43.419 43.700
43.311 43.433 43.757
43.326 43.366 43.412
43.326 43.411 43.489
43.306 43.345 43.386
43.272 43.307 43.378
43.351 43.432 43.727
43.279 43.340 43.421
43.250 43.303 43.343
43.322 43.393 43.447
43.287 43.414 43.851
43.275 43.298 43.320
43.272 43.493 44.236
43.267 43.293 43.346
43.268 43.291 43.318
43.315 43.506 44.145
43.294 43.333 43.364
43.274 43.373 43.574
43.270 43.284 43.293
43.314 43.689 44.463
43.278 43.307 43.335
43.248 43.276 43.324
43.288 43.932 45.498
43.304 43.490 44.162
43.296 43.336 43.443
43.276 43.476 44.106
43.305 43.347 43.419
43.251 43.287 43.331
43.340 43.349 43.369
43.319 43.361 43.403
43.300 43.354 43.387
43.288 43.320 43.368
43.368 43.449 43.668
43.325 43.497 44.022
43.348 43.459 43.732
43.290 43.336 43.407
43.340 43.360 43.379
43.352 43.538 44.210
43.336 43.767 44.509
42.496 42.562 42.641
42.596 42.609 42.631
42.540 42.613 42.654
42.595 42.614 42.645
42.568 42.656 42.852
42.545 42.812 43.691
42.638 42.658 42.695
42.554 46.400 61.560
42.583 42.608 42.673
42.561 42.590 42.653
42.584 42.620 42.645
42.505 42.585 42.627
42.514 42.841 43.559
42.546 42.578 42.603
42.589 42.618 42.642
42.523 42.746 43.250
62.455 62.503 62.551
62.507 62.535 62.575
0 0 0
42.580 42.602 42.627
42.486 42.550 42.647
42.595 42.811 43.620
42.482 42.706 43.367
42.564 42.601 42.649
42.537 42.602 42.723
42.561 42.666 42.960
42.581 42.762 43.329
42.565 42.606 42.644
42.531 43.382 44.784
42.548 42.596 42.659
42.572 42.593 42.616
42.505 42.557 42.644
42.546 42.568 42.588
42.699 73.386 136.730
42.551 42.592 42.631
42.592 42.622 42.668
42.520 42.598 42.672
42.589 42.633 42.668
42.529 42.573 42.620
42.577 42.612 42.646
42.560 42.640 42.700
42.562 42.686 43.009
42.546 42.597 42.632
42.598 42.626 42.676
42.598 42.614 42.657
42.556 42.608 42.641
42.522 42.588 42.632
42.574 42.610 42.645
42.579 42.604 42.621
42.582 42.617 42.644
42.546 42.596 42.655
42.530 42.602 42.682
42.540 42.723 43.168
42.547 42.652 42.862
42.526 42.612 42.766
42.563 42.736 43.245
42.507 42.787 43.478
42.539 42.610 42.839
42.573 42.783 43.543
42.549 42.713 43.188
42.565 42.607 42.699
42.575 42.944 43.502
42.591 42.619 42.661
42.571 42.741 43.251
42.556 42.836 43.375
42.562 42.602 42.636
42.589 42.616 42.633
42.579 42.619 42.668
42.466 42.587 42.662
42.574 42.599 42.622
42.564 42.603 42.637
42.568 42.641 42.694
42.609 42.628 42.649
42.612 42.621 42.633
42.576 42.765 43.400
42.580 42.599 42.615
42.579 42.662 42.892
42.539 42.609 42.638
42.557 42.606 42.659
42.528 42.574 42.600
42.529 42.543 42.560
42.584 42.648 42.758
42.570 42.717 43.114
42.554 42.623 42.668
42.561 42.670 42.953
42.555 42.636 42.766
42.578 42.620 42.664
42.607 42.628 42.656
42.555 42.725 43.225
42.576 42.671 42.929
42.590 42.614 42.658
42.567 43.837 48.769
42.524 42.573 42.653
42.482 42.548 42.590
42.548 42.858 43.891
42.591 42.649 42.708
42.562 42.607 42.661
42.531 42.848 43.523
42.562 42.612 42.646
42.552 42.615 42.721
42.567 42.601 42.644
42.589 42.613 42.640
42.579 42.624 42.697
42.555 42.596 42.618
42.615 42.637 42.676
42.558 42.795 43.198
42.535 42.598 42.631
42.574 42.760 43.270
42.565 42.654 42.915
42.549 42.581 42.612
42.568 42.900 43.235
42.567 42.612 42.664
42.591 42.621 42.671
42.563 42.626 42.721
42.597 42.626 42.662
42.571 42.637 42.725
42.532 42.738 43.424
42.576 42.801 43.524
42.554 42.612 42.653
42.517 42.633 42.834
42.562 42.612 42.705
42.561 42.752 43.370
42.615 42.657 42.761
42.584 42.624 42.677
42.593 42.626 42.666
42.533 42.633 42.818
42.607 42.623 42.655
42.427 42.749 43.643
42.610 42.631 42.672
42.573 42.604 42.636
42.509 42.633 42.806
42.593 42.629 42.658
42.581 42.925 44.108
42.571 42.677 42.979
42.608 42.630 42.642
42.541 42.625 42.682
42.528 42.599 42.639
42.561 42.621 42.655
42.569 42.647 42.782
42.549 42.740 43.425
42.526 42.582 42.618
42.557 42.735 43.225
42.602 42.800 43.524
42.502 42.551 42.584
42.554 42.832 43.682
42.514 42.540 42.585
42.589 42.618 42.659
42.562 42.611 42.695
42.547 42.594 42.655
42.608 42.646 42.688
42.562 42.589 42.620
42.571 42.578 42.583
42.527 42.600 42.649
42.596 42.952 44.106
42.542 42.611 42.654
42.595 42.625 42.667
42.582 42.601 42.617
42.587 42.602 42.625
42.575 42.718 43.208
42.591 42.606 42.629
42.575 43.052 44.790
42.555 42.751 43.403
42.548 42.596 42.634
42.567 42.671 43.029
42.584 42.624 42.674
42.578 42.617 42.684
42.538 42.885 43.925
42.552 42.666 42.940
42.581 42.891 44.007
42.573 42.628 42.745
42.494 42.597 42.647
42.574 42.591 42.610
42.516 42.607 42.673
42.576 42.621 42.686
42.622 42.786 43.265
42.526 42.584 42.612
42.480 42.580 42.653
42.538 42.599 42.678
42.599 42.640 42.679
42.512 42.651 42.970
42.590 42.611 42.647
42.572 43.224 44.751
42.580 42.638 42.731
42.577 42.682 43.045
42.531 42.593 42.635
42.550 42.601 42.644
42.540 42.619 42.719
42.523 42.577 42.652
42.597 43.108 45.039
42.523 42.586 42.660
42.593 42.809 43.520
42.541 42.591 42.659
42.495 42.973 44.521
42.569 42.605 42.629
42.560 42.592 42.637
42.563 42.688 43.060
42.566 42.590 42.621
42.560 42.740 43.304
42.526 42.809 43.772
42.499 42.528 42.566
42.570 42.589 42.608
42.559 42.639 42.741
42.555 42.580 42.607
42.581 42.671 42.948
42.517 42.593 42.821
42.556 42.583 42.600
42.555 42.597 42.634
42.546 42.597 42.630
42.504 42.793 43.555
42.588 42.615 42.643
42.563 43.222 44.519
42.591 42.609 42.627
42.594 42.820 43.569
42.637 43.145 44.909
42.613 42.652 42.706
42.567 42.606 42.651
42.574 42.608 42.641
42.484 42.567 42.646
42.538 42.609 42.685
42.569 42.638 42.862
42.596 42.611 42.623
42.603 42.630 42.659
42.554 42.594 42.646
42.556 42.605 42.666
42.580 42.756 43.378
42.578 42.641 42.706
42.581 42.612 42.640
42.603 42.628 42.663
42.599 42.667 42.857
42.545 42.654 42.955
42.598 42.905 44.033
42.549 42.578 42.610
42.580 42.920 44.201
42.566 42.608 42.643
42.522 42.580 42.613
42.587 42.608 42.654
42.582 42.606 42.640
42.546 42.585 42.615
42.561 42.598 42.644
42.592 42.608 42.642
42.542 42.592 42.664
42.533 42.573 42.626
42.581 42.609 42.642
42.635 43.708 45.135
42.553 42.865 43.987
42.579 42.684 43.000
42.484 42.521 42.552
42.542 42.621 42.798
42.573 42.791 43.647
42.589 42.602 42.635
42.580 42.864 43.900
42.513 42.593 42.708
42.513 42.625 42.876
42.568 42.584 42.605
42.551 42.594 42.642
42.546 42.575 42.600
42.575 42.600 42.628
42.503 42.600 42.664
42.545 42.623 42.770
42.546 42.585 42.662
42.537 42.676 42.883
42.578 42.605 42.626
42.568 42.591 42.623
42.504 42.572 42.656
42.571 42.656 42.908
42.552 42.647 42.971
42.590 42.699 43.122
42.577 42.862 43.878
42.563 42.617 42.749
42.504 42.762 43.553
42.583 42.782 43.099
42.542 42.726 43.403
42.604 42.628 42.652
42.565 42.595 42.623
42.600 42.643 42.751
42.530 42.747 43.088
42.581 43.152 45.336
42.546 42.610 42.671
42.535 42.824 43.899
42.520 42.690 43.166
42.545 42.587 42.628
42.570 42.615 42.682
42.486 42.583 42.810
42.540 42.584 42.631
42.525 42.568 42.593
42.537 42.590 42.632
42.551 42.620 42.750
42.515 42.552 42.608
42.544 42.706 42.948
42.530 42.611 42.671
42.547 42.591 42.633
42.554 42.759 43.070
42.573 42.759 43.470
42.525 42.546 42.573
42.499 42.577 42.658
42.559 42.584 42.613
42.516 42.566 42.622
42.546 42.583 42.633
42.505 42.631 42.970
42.555 42.597 42.643
42.583 42.612 42.666
42.545 42.566 42.592
42.493 42.567 42.603
42.556 42.579 42.590
42.594 42.855 43.850
42.583 42.612 42.643
42.554 42.614 42.712
42.538 42.577 42.619
42.539 42.744 43.361
42.608 42.651 42.740
42.610 42.660 42.828
42.531 42.575 42.647
42.595 42.625 42.665
42.538 42.781 43.398
42.565 42.634 42.858
42.536 42.697 43.241
42.546 42.589 42.624
42.570 42.582 42.594
42.525 42.564 42.591
42.558 42.718 43.316
42.550 42.574 42.606
42.552 42.608 42.683
42.547 42.733 43.250
42.546 42.567 42.595
42.558 42.589 42.615
42.526 42.596 42.647
42.522 42.759 43.079
42.562 42.600 42.632
42.576 42.725 43.135
42.501 42.541 42.586
42.531 42.589 42.618
42.566 42.865 43.924
42.575 42.632 42.818
42.507 42.630 42.850
42.613 42.693 42.978
42.523 42.570 42.625
42.531 42.579 42.622
42.582 42.605 42.657
42.497 42.581 42.638
42.542 42.576 42.663
42.597 42.641 42.692
42.582 42.753 43.350
42.573 42.583 42.610
42.605 42.627 42.661
42.659 43.035 43.882
42.583 42.688 43.037
42.544 42.596 42.659
42.559 42.593 42.608
42.508 42.586 42.658
42.505 42.571 42.656
42.561 42.586 42.609
42.532 42.839 43.508
42.532 42.586 42.653
42.545 42.570 42.611
42.576 42.672 43.012
42.575 42.588 42.617
42.540 42.574 42.593
42.511 42.563 42.641
42.537 42.556 42.616
42.508 42.988 44.562
42.554 42.875 43.525
42.568 42.740 43.374
42.479 42.513 42.573
42.508 42.572 42.613
42.537 42.584 42.658
42.563 42.657 42.816
42.587 42.631 42.725
42.563 42.664 42.890
42.516 42.555 42.603
42.533 42.717 43.243
42.513 42.648 42.952
42.577 43.038 43.921
42.565 42.615 42.647
42.548 42.588 42.624
42.471 42.553 42.628
42.530 42.577 42.615
42.528 42.576 42.603
42.512 42.564 42.594
42.544 42.585 42.635
42.547 42.577 42.634
42.530 42.640 42.896
42.557 42.587 42.664
42.538 42.654 43.056
42.472 42.525 42.550
42.573 42.606 42.649
42.538 42.598 42.674
42.577 42.616 42.642
42.579 42.598 42.626
42.554 42.581 42.619
42.530 42.587 42.615
42.614 42.671 42.867
42.547 42.577 42.611
42.529 42.570 42.621
42.563 43.199 45.182
42.545 42.581 42.626
42.502 43.018 44.700
42.514 42.553 42.613
42.544 42.576 42.614
42.502 42.567 42.623
42.525 42.590 42.690
42.576 42.615 42.688
42.526 42.600 42.801
42.571 42.606 42.677
42.501 42.525 42.548
42.526 42.674 42.983
42.527 42.553 42.600
42.547 42.616 42.789
42.566 42.591 42.610
42.532 42.589 42.615
42.511 42.547 42.577
42.518 42.582 42.604
42.600 42.682 42.963
42.570 42.641 42.825
42.572 42.889 43.926
42.537 42.562 42.579
42.535 42.638 42.945
42.582 42.611 42.646
42.555 42.583 42.597
42.572 42.588 42.605
42.514 42.693 43.223
42.555 42.603 42.658
42.574 42.614 42.633
42.589 42.629 42.682
42.521 42.620 42.850
42.591 42.616 42.653
42.595 42.629 42.681
42.547 42.624 42.698
42.492 42.584 42.656
42.560 42.593 42.626
42.491 43.235 45.084
42.502 42.553 42.601
42.557 42.609 42.686
42.533 42.581 42.654
42.573 42.600 42.630
42.557 42.713 43.178
42.583 43.283 44.709
42.546 42.593 42.621
42.487 42.539 42.593
42.565 42.719 43.104
42.607 42.822 43.198
42.567 42.581 42.606
42.550 42.590 42.632
42.534 42.599 42.712
42.491 42.602 42.812
42.604 42.611 42.631
42.517 42.676 42.901
42.575 42.607 42.667
42.490 42.524 42.564
42.579 42.685 42.907
42.537 42.627 42.839
42.483 42.553 42.650
42.513 42.577 42.634
42.538 42.553 42.587
42.530 42.603 42.644
42.575 42.801 43.638
42.534 42.582 42.613
42.606 42.667 42.832
42.560 42.584 42.622
42.564 42.589 42.621
42.523 42.580 42.706
42.578 42.625 42.701
42.534 42.809 43.742
42.576 42.591 42.613
42.515 42.568 42.625
42.550 42.602 42.788
42.520 42.553 42.582
42.563 42.614 42.653
42.575 42.604 42.630
42.616 43.384 46.418
42.502 42.593 42.681
42.587 42.653 42.859
42.571 42.644 42.785
42.541 42.586 42.678
42.585 42.610 42.638
42.500 42.550 42.580
42.535 42.549 42.573
42.592 42.669 42.865
42.556 42.604 42.644
42.536 42.576 42.623
42.559 42.810 43.610
42.521 42.562 42.626
42.503 42.589 42.868
42.542 42.699 43.211
42.594 42.633 42.721
42.531 42.604 42.686
42.527 42.685 43.130
42.565 42.590 42.631
42.548 42.607 42.636
42.547 42.565 42.604
42.552 42.611 42.703
42.549 42.772 43.492
42.552 42.591 42.623
42.566 43.080 44.399
42.568 42.601 42.636
42.591 42.606 42.621
42.514 42.568 42.603
42.594 42.631 42.745
42.607 42.622 42.653
42.572 42.638 42.773
42.558 42.592 42.633
42.537 42.572 42.592
42.573 42.624 42.713
42.567 42.624 42.691
42.519 42.579 42.627
42.589 42.611 42.636
42.580 42.607 42.653
42.555 42.590 42.631
42.541 42.718 43.194
42.571 42.579 42.591
42.586 42.624 42.665
42.551 42.619 42.660
42.547 42.581 42.599
42.563 42.594 42.641
42.589 42.773 43.450
42.570 42.619 42.663
42.528 42.558 42.579
42.554 42.587 42.642
42.569 42.585 42.616
42.598 42.618 42.649
42.483 42.525 42.604
42.520 42.568 42.621
42.590 42.630 42.663
42.593 42.617 42.642
42.572 42.600 42.656
42.511 42.576 42.691
42.527 42.689 43.028
42.498 42.578 42.701
42.576 42.595 42.624
42.590 42.722 43.028
42.556 42.606 42.648
42.590 43.148 45.180
42.587 43.104 44.160
42.568 42.641 42.795
42.564 42.599 42.656
42.484 42.524 42.574
42.533 42.720 43.227
42.461 42.653 43.171
42.564 42.587 42.609
42.568 42.630 42.732
42.595 42.632 42.682
42.580 42.608 42.623
42.560 42.595 42.672
42.486 42.547 42.594
42.556 42.570 42.588
42.551 42.581 42.619
42.549 42.579 42.608
42.537 42.837 43.949
42.537 42.622 42.662
42.570 42.603 42.630
42.520 42.610 42.792
42.549 42.814 43.707
42.525 42.625 42.852
42.582 42.596 42.624
42.539 42.580 42.643
42.547 42.606 42.650
42.578 42.643 42.785
42.535 42.599 42.652
42.613 42.660 42.725
42.599 42.629 42.667
42.559 42.602 42.657
42.487 42.554 42.578
42.506 42.563 42.594
42.545 42.578 42.626
42.557 42.583 42.611
42.591 42.618 42.644
42.543 42.908 44.083
42.515 42.581 42.621
42.560 42.572 42.586
42.582 42.630 42.664
42.571 42.670 42.918
42.531 42.569 42.636
42.517 42.585 42.622
42.582 42.613 42.651
42.561 42.611 42.667
42.534 42.780 43.526
42.522 42.602 42.648
42.543 42.759 43.322
42.587 42.615 42.647
42.517 42.556 42.576
42.544 42.571 42.637
42.579 42.588 42.595
42.535 42.724 43.341
42.570 42.692 42.905
42.553 42.573 42.590
42.550 42.598 42.648
42.572 42.607 42.634
42.547 42.576 42.607
42.522 42.578 42.621
42.587 42.614 42.685
42.589 42.699 42.972
42.537 42.574 42.606
42.507 42.555 42.650
42.540 43.224 44.750
42.540 42.683 43.025
42.545 42.590 42.617
42.539 42.650 42.979
42.516 42.572 42.603
42.567 42.624 42.801
42.588 42.726 43.001
42.573 42.634 42.707
42.573 42.877 43.432
42.527 42.738 43.386
42.557 42.602 42.687
42.576 42.740 43.244
42.581 42.694 43.077
42.505 42.561 42.591
42.544 42.595 42.700
42.534 42.576 42.623
42.568 42.615 42.681
42.561 42.575 42.588
42.542 42.583 42.643
42.504 42.934 43.800
42.569 42.664 42.785
42.567 42.668 42.910
42.530 42.610 42.846
42.541 42.575 42.629
42.543 42.756 43.442
42.538 42.577 42.637
42.580 42.610 42.647
42.545 42.588 42.633
42.554 42.648 42.839
42.570 42.605 42.647
42.562 42.690 43.093
42.560 42.604 42.635
42.502 42.534 42.573
42.575 42.732 43.245
42.509 42.536 42.570
42.598 42.665 42.784
42.550 42.589 42.628
42.566 42.632 42.674
42.491 42.583 42.648
42.536 42.578 42.632
42.601 42.657 42.799
42.610 42.856 43.319
42.546 42.662 42.984
42.558 42.627 42.759
42.511 42.588 42.781
42.525 42.590 42.640
42.566 42.699 43.086
42.542 42.592 42.616
42.561 42.698 42.947
42.508 42.605 42.720
42.602 42.659 42.758
42.560 42.599 42.644
42.571 42.662 42.880
42.559 42.617 42.777
42.512 42.556 42.578
42.562 42.647 42.756
42.556 42.609 42.650
42.512 42.569 42.601
42.474 42.604 42.881
42.579 42.621 42.663
42.562 42.640 42.775
42.535 42.585 42.634
42.540 42.587 42.616
42.551 42.605 42.678
42.595 42.615 42.643
42.480 42.548 42.595
42.518 42.577 42.628
42.559 42.773 43.542
42.583 42.742 43.312
42.579 42.585 42.594
42.553 42.599 42.631
42.515 42.568 42.606
42.471 42.540 42.679
42.555 42.607 42.642
42.625 42.637 42.662
42.511 42.550 42.586
42.587 42.617 42.665
42.538 42.689 43.103
42.556 42.690 43.002
42.592 42.626 42.689
42.533 42.595 42.646
42.536 42.707 43.113
42.543 42.600 42.691
42.532 42.539 42.553
42.549 42.648 42.924
42.550 42.659 42.918
42.515 42.626 42.719
42.543 42.602 42.626
42.579 42.610 42.650
42.575 42.605 42.627
42.587 42.611 42.643
42.548 42.708 43.074
42.552 42.604 42.648
42.530 42.577 42.675
42.519 42.547 42.571
42.561 42.570 42.591
42.560 42.594 42.645
42.572 42.930 44.232
42.552 42.613 42.649
42.597 42.649 42.734
42.566 42.669 42.990
42.591 42.620 42.672
42.570 42.600 42.629
42.573 42.592 42.632
42.530 42.584 42.639
42.531 42.596 42.688
42.536 42.599 42.639
42.520 42.602 42.735
42.532 42.618 42.750
42.555 42.586 42.639
42.505 42.581 42.686
42.603 42.625 42.665
42.561 42.606 42.646
42.561 42.675 42.977
42.591 42.615 42.639
42.510 42.558 42.594
42.600 42.615 42.633
42.548 42.592 42.631
42.593 42.601 42.614
42.534 42.682 43.091
42.549 43.483 47.047
42.554 42.579 42.614
42.520 42.548 42.585
42.508 42.533 42.559
42.559 42.623 42.676
42.526 42.560 42.589
42.571 42.884 44.060
42.584 42.622 42.690
42.588 42.764 43.341
42.607 42.634 42.664
42.570 42.600 42.625
42.524 42.581 42.614
42.577 42.803 43.270
42.471 43.084 45.106
42.543 42.601 42.641
42.549 42.576 42.620
42.559 42.649 42.854
42.581 42.766 43.420
42.560 42.687 42.985
42.592 42.609 42.631
42.566 42.605 42.669
42.566 42.592 42.625
42.584 42.851 43.552
42.526 42.558 42.583
42.588 42.616 42.680
42.555 42.594 42.642
42.479 42.540 42.597
42.574 42.628 42.674
42.517 42.590 42.645
42.578 42.777 43.427
42.547 42.642 42.917
42.554 42.591 42.644
42.570 42.638 42.753
42.599 42.627 42.661
42.486 42.608 42.918
42.538 42.571 42.635
42.537 42.775 43.602
42.595 42.725 43.101
42.563 42.598 42.628
42.587 42.596 42.612
42.540 42.716 43.196
42.595 42.729 43.213
42.550 42.596 42.647
42.581 42.621 42.684
42.536 42.575 42.599
42.543 42.599 42.662
42.555 42.729 43.349
42.550 42.592 42.636
42.566 42.595 42.619
42.564 42.595 42.620
42.533 42.567 42.617
42.553 42.586 42.631
42.531 42.570 42.612
42.552 42.605 42.706
42.539 42.568 42.610
42.542 42.614 42.805
42.549 42.569 42.601
42.538 42.581 42.630
42.508 42.577 42.641
42.544 42.570 42.584
42.552 42.601 42.649
42.524 42.571 42.633
42.553 42.910 43.676
42.542 42.930 43.792
42.537 42.685 43.138
42.540 42.563 42.582
42.519 42.555 42.597
42.511 42.566 42.671
42.542 42.578 42.620
42.574 42.623 42.722
42.566 42.573 42.587
42.597 42.715 42.971
42.570 42.605 42.657
42.598 42.640 42.701
42.559 42.591 42.627
42.512 42.539 42.564
42.568 42.610 42.685
42.560 42.596 42.649
42.543 42.557 42.569
42.578 42.758 43.413
42.546 42.662 43.024
42.571 42.641 42.895
42.565 42.611 42.711
42.580 42.596 42.641
42.573 42.626 42.710
42.576 42.594 42.615
42.500 42.564 42.611
42.556 42.609 42.679
42.530 42.558 42.577
42.559 42.702 43.066
42.504 42.538 42.606
42.578 42.718 43.196
42.548 42.677 42.901
42.531 42.575 42.620
42.522 42.610 42.770
42.543 42.615 42.723
42.522 42.621 42.876
42.525 42.595 42.649
42.548 42.613 42.715
42.505 42.608 42.724
42.547 42.584 42.629
42.532 42.572 42.628
42.592 42.686 42.996
42.529 42.594 42.640
42.510 42.590 42.663
42.590 42.610 42.650
42.559 42.686 43.118
42.544 42.635 42.859
42.589 42.594 42.602
42.516 42.676 43.111
42.576 42.704 43.186
42.549 42.646 42.769
42.608 42.698 42.928
42.587 42.629 42.714
42.595 42.638 42.664
42.565 42.620 42.734
42.592 42.609 42.630
42.559 42.593 42.612
42.526 42.564 42.627
42.579 42.648 42.843
42.536 42.742 43.295
42.553 42.671 42.922
42.546 43.042 44.628
42.576 42.605 42.654
42.533 42.568 42.618
42.549 42.769 43.486
42.575 42.607 42.634
42.552 42.641 42.817
42.606 42.636 42.668
42.550 42.608 42.641
42.545 42.593 42.637
42.561 42.613 42.681
42.510 42.555 42.601
42.536 42.645 42.861
42.581 42.603 42.623
42.592 42.632 42.669
42.603 42.752 43.285
42.544 42.615 42.700
42.581 42.631 42.680
42.590 42.687 43.002
42.475 42.576 42.626
42.538 42.730 43.335
42.576 42.665 42.928
42.621 42.647 42.722
42.585 43.019 44.664
42.555 42.587 42.621
42.579 42.923 43.779
42.603 42.620 42.639
42.507 42.693 43.368
42.542 42.591 42.682
42.557 42.597 42.662
42.553 42.584 42.605
42.523 42.716 43.431
42.583 42.690 43.048
42.583 42.649 42.796
42.531 42.592 42.631
42.532 42.602 42.753
42.535 42.611 42.676
42.612 42.639 42.655
42.561 42.597 42.629
42.597 42.620 42.640
42.517 42.677 42.921
42.578 42.661 42.912
42.579 42.632 42.685
42.546 42.703 43.163
42.523 42.551 42.583
42.513 42.583 42.614
42.539 42.591 42.628
42.536 42.556 42.568
42.546 42.576 42.619
42.585 42.641 42.742
42.568 42.595 42.625
42.571 42.591 42.613
42.545 42.598 42.711
42.559 42.663 42.936
42.557 42.596 42.623
42.520 42.624 42.701
42.562 42.620 42.730
42.544 42.571 42.606
42.555 42.929 44.312
42.509 42.569 42.714
42.577 42.603 42.649
42.555 42.623 42.820
42.555 42.596 42.626
42.585 42.619 42.674
42.563 42.640 42.885
42.533 42.620 42.783
42.574 42.598 42.649
42.582 42.608 42.626
42.622 42.876 43.749
42.634 42.821 43.511
42.502 42.595 42.623
42.575 42.602 42.670
42.581 42.766 43.354
42.549 42.589 42.627
42.514 42.745 43.382
42.541 42.627 42.698
42.527 42.540 42.556
42.537 42.713 43.293
42.546 42.574 42.607
42.574 42.595 42.618
42.550 42.621 42.672
42.584 42.609 42.625
42.537 42.593 42.629
42.511 42.535 42.558
42.557 42.633 42.721
42.544 42.584 42.617
42.513 42.575 42.630
42.591 42.681 42.896
42.582 42.629 42.653
42.584 42.629 42.657
42.511 42.540 42.574
42.593 42.635 42.718
42.575 42.615 42.661
42.602 42.669 42.787
42.497 42.617 42.752
42.567 42.610 42.628
42.555 42.582 42.619
42.567 42.606 42.745
42.541 42.669 43.016
42.527 42.623 42.783
42.467 42.617 43.029
42.535 42.650 42.931
42.507 42.543 42.587
42.565 42.750 43.403
42.589 43.141 44.191
42.569 42.611 42.632
42.518 42.573 42.635
42.523 42.576 42.639
42.523 42.552 42.603
42.550 42.583 42.622
42.609 42.852 43.532
42.553 42.712 43.058
42.552 42.607 42.656
42.558 42.607 42.652
42.554 42.677 43.054
42.582 42.627 42.670
42.598 42.689 42.975
42.534 42.601 42.677
42.622 42.974 43.652
42.547 42.593 42.619
42.545 42.599 42.686
42.575 42.599 42.656
42.482 42.549 42.599
42.574 42.779 43.513
42.534 42.613 42.668
42.605 42.765 43.318
42.596 42.670 42.835
42.566 42.595 42.659
42.549 42.585 42.624
42.591 42.614 42.633
42.520 42.570 42.615
42.586 42.984 44.480
42.676 43.360 44.251
42.606 42.645 42.728
42.534 42.633 42.809
42.589 42.617 42.662
42.565 42.610 42.706
42.471 42.543 42.586
42.518 42.607 42.643
42.588 42.643 42.722
42.578 42.623 42.699
42.567 42.583 42.607
42.507 42.581 42.672
42.543 42.579 42.610
42.536 42.569 42.619
42.541 42.597 42.699
42.573 42.701 43.010
42.537 42.584 42.611
42.538 42.581 42.609
42.548 42.593 42.647
42.554 42.609 42.643
42.567 42.609 42.659
42.546 42.584 42.623
42.572 42.610 42.654
42.585 42.605 42.637
42.486 42.576 42.615
42.529 42.576 42.623
42.510 42.573 42.628
42.610 42.632 42.656
42.619 42.629 42.647
42.541 42.619 42.708
42.613 42.701 43.041
42.572 42.602 42.633
42.578 42.681 43.061
42.559 42.595 42.627
42.576 42.626 42.711
42.591 42.737 43.049
42.573 42.623 42.665
42.521 42.578 42.607
42.570 42.610 42.662
42.590 42.603 42.644
42.576 42.615 42.702
42.596 42.638 42.718
42.496 42.654 43.073
42.632 42.652 42.675
42.578 42.627 42.679
42.612 42.689 42.933
42.577 42.604 42.626
42.560 42.597 42.700
42.574 42.594 42.609
42.517 42.550 42.592
42.541 42.613 42.710
42.585 42.776 43.456
42.557 42.748 43.326
42.605 42.641 42.667
42.552 42.642 42.939
42.578 42.624 42.733
42.552 42.577 42.620
42.614 42.632 42.651
42.573 42.597 42.618
42.554 42.635 42.741
42.524 42.562 42.602
42.573 42.619 42.701
42.550 42.634 42.714
42.528 42.587 42.650
42.565 42.616 42.657
42.564 42.600 42.639
42.559 42.592 42.637
42.581 42.740 43.211
42.523 42.569 42.601
42.532 42.603 42.644
42.570 42.598 42.649
42.515 42.622 42.827
42.545 42.621 42.832
42.576 42.704 43.112
42.563 42.634 42.713
42.598 42.618 42.649
42.521 42.620 42.803
42.584 42.602 42.618
42.611 42.667 42.842
42.579 42.651 42.811
42.526 42.563 42.597
42.587 42.612 42.649
42.547 42.610 42.663
42.607 42.615 42.636
42.564 42.578 42.591
42.556 42.568 42.582
42.544 42.604 42.646
42.568 42.601 42.640
42.578 42.689 43.082
42.573 42.651 42.863
42.542 42.834 43.847
42.576 42.602 42.658
42.549 42.829 43.829
42.586 42.651 42.785
42.538 42.581 42.626
42.581 42.620 42.699
42.514 42.637 43.005
42.480 42.600 42.719
42.573 42.696 43.025
42.543 42.584 42.604
42.564 42.812 43.516
42.520 42.589 42.627
42.529 42.551 42.569
42.541 42.621 42.698
42.526 42.555 42.588
42.594 42.605 42.616
42.558 42.660 42.791
42.574 42.597 42.629
42.549 42.607 42.632
42.531 42.674 42.873
42.490 42.565 42.641
42.585 42.697 43.068
42.504 42.554 42.606
42.523 42.576 42.637
42.568 42.597 42.665
42.540 42.590 42.622
42.573 42.654 42.850
42.549 42.577 42.623
42.535 42.624 42.742
42.563 42.606 42.686
42.461 42.963 44.663
42.550 42.588 42.642
42.591 42.825 43.691
42.510 42.541 42.601
42.583 42.601 42.641
42.594 43.035 43.570
42.534 42.586 42.614
42.588 42.605 42.638
42.573 42.740 43.227
42.533 42.596 42.735
42.528 42.588 42.647
42.520 42.550 42.574
42.586 42.887 43.726
42.556 42.580 42.604
42.584 42.606 42.648
42.597 42.620 42.664
42.575 42.604 42.626
42.566 42.901 44.084
42.543 42.585 42.645
42.636 42.667 42.769
42.573 42.623 42.662
42.574 42.601 42.632
42.560 42.833 43.809
42.600 42.972 43.440
42.574 42.673 42.866
42.574 42.612 42.636
42.484 42.659 43.114
42.582 42.736 43.166
42.510 42.648 42.982
42.596 42.623 42.642
42.584 42.649 42.813
42.539 42.609 42.698
42.515 42.697 43.361
42.551 42.673 43.064
42.545 43.205 44.618
42.601 42.629 42.653
42.558 42.588 42.660
42.589 42.661 42.881
42.578 42.606 42.650
42.548 42.617 42.724
42.595 42.696 42.977
42.588 42.635 42.680
42.569 42.592 42.607
42.531 42.584 42.619
42.580 42.615 42.709
42.525 42.590 42.647
42.553 42.582 42.600
42.554 42.572 42.586
42.552 42.601 42.662
42.546 42.691 43.131
42.550 42.609 42.681
42.573 42.645 42.852
42.557 42.568 42.577
42.584 42.645 42.731
42.516 42.564 42.591
42.486 42.684 43.346
42.497 42.592 42.627
42.540 42.567 42.600
42.568 42.587 42.641
42.546 42.623 42.699
42.573 42.588 42.627
42.526 42.554 42.569
42.518 42.704 43.324
42.570 42.692 43.097
42.567 42.609 42.715
42.541 42.573 42.613
42.567 42.698 43.066
42.467 42.550 42.697
42.570 42.659 42.932
42.561 42.806 43.705
42.574 42.583 42.596
42.575 42.722 42.992
42.519 42.604 42.753
42.457 42.692 43.287
42.564 42.598 42.646
42.579 42.786 43.536
42.537 42.592 42.648
42.586 42.891 43.841
42.566 42.579 42.591
42.595 42.618 42.637
42.584 42.769 43.473
42.550 42.587 42.609
42.595 42.639 42.713
42.540 42.617 42.706
42.606 42.906 44.031
42.551 42.639 42.710
42.569 42.614 42.647
42.532 42.575 42.657
42.512 42.591 42.762
42.586 42.769 43.279
42.536 42.576 42.624
42.553 42.842 43.866
42.494 42.628 42.945
42.499 42.556 42.605
42.549 42.800 43.193
42.506 42.728 43.283
42.501 43.074 45.070
42.602 43.348 44.542
42.453 42.524 42.557
42.549 42.769 43.594
42.534 42.655 42.829
42.544 42.579 42.642
42.521 42.558 42.642
42.562 42.609 42.656
42.540 42.583 42.676
42.550 42.578 42.615
42.509 42.561 42.627
42.541 42.565 42.607
42.515 42.572 42.603
42.539 42.579 42.689
42.594 42.656 42.888
42.550 42.584 42.611
42.510 42.969 44.505
42.542 42.582 42.628
42.549 42.569 42.596
42.580 42.665 42.770
42.557 42.572 42.588
42.537 42.665 43.005
42.544 42.686 43.114
42.558 42.610 42.680
42.546 42.766 43.466
42.585 42.635 42.677
42.542 42.596 42.658
42.540 42.572 42.600
42.527 42.544 42.577
42.564 42.705 43.227
42.508 42.581 42.761
42.565 42.651 42.829
42.524 42.540 42.558
42.577 42.670 42.955
42.574 42.609 42.651
42.572 42.636 42.812
42.550 42.595 42.638
42.505 42.571 42.640
42.559 42.632 42.855
42.533 42.566 42.606
42.611 42.732 43.160
42.602 42.625 42.649
42.577 42.638 42.794
42.547 42.581 42.600
42.569 42.879 43.911
42.552 42.589 42.624
42.553 42.726 43.356
42.564 42.592 42.614
42.512 42.574 42.647
42.577 42.675 42.882
42.538 42.567 42.601
42.576 42.752 43.282
42.551 42.584 42.620
42.537 42.584 42.672
42.575 42.607 42.631
42.542 42.649 43.032
42.505 42.787 43.729
42.536 42.584 42.617
42.596 42.624 42.658
42.564 42.685 43.096
42.582 42.698 43.030
42.595 42.615 42.631
42.609 42.632 42.651
42.588 42.893 44.061
42.552 42.657 43.024
42.580 42.606 42.635
42.516 42.570 42.623
42.568 42.786 43.544
42.823 43.566 44.573
42.562 42.586 42.604
42.565 43.117 44.926
42.554 42.603 42.638
42.538 42.595 42.706
42.558 42.647 42.889
42.583 42.623 42.653
42.525 42.549 42.581
42.588 42.628 42.671
42.486 42.536 42.622
42.534 42.610 42.668
42.545 42.572 42.601
42.572 42.609 42.663
42.583 42.615 42.642
42.520 42.650 42.823
42.546 42.594 42.625
42.587 42.603 42.621
42.500 42.546 42.583
42.523 42.579 42.620
42.570 42.601 42.644
42.587 42.607 42.651
42.514 43.058 44.988
42.549 42.842 43.853
42.532 42.587 42.655
42.575 42.663 42.962
42.535 42.597 42.692
42.524 42.564 42.605
42.491 42.666 42.932
42.601 42.793 43.457
42.600 42.616 42.629
42.563 42.588 42.610
42.550 42.578 42.610
42.539 42.600 42.632
42.552 42.773 43.469
42.548 42.588 42.650
42.557 42.592 42.661
42.539 42.577 42.605
42.542 42.579 42.605
42.577 42.885 44.033
42.505 42.882 43.616
42.593 42.624 42.646
42.541 42.860 43.676
42.519 42.579 42.604
42.539 42.623 42.738
42.567 42.637 42.797
42.519 42.612 42.843
42.558 42.630 42.730
42.550 42.607 42.671
42.560 42.623 42.769
42.495 42.646 43.058
42.528 42.654 42.928
42.582 42.591 42.612
42.561 42.597 42.641
42.528 42.854 43.820
42.595 42.756 43.140
42.569 42.723 43.301
42.568 42.608 42.654
42.549 42.631 42.890
42.592 42.813 43.662
42.532 42.571 42.607
42.537 42.588 42.622
42.532 42.578 42.599
42.524 42.566 42.604
42.569 42.588 42.620
42.568 42.596 42.627
42.604 42.853 43.413
42.592 42.754 43.184
42.550 42.623 42.768
42.534 42.577 42.611
42.561 42.698 43.181
42.597 42.723 43.039
42.556 42.639 42.776
42.558 42.733 43.293
42.534 42.561 42.610
42.560 42.613 42.714
42.603 42.957 43.974
42.554 42.596 42.621
42.580 42.775 43.486
42.483 42.577 42.633
42.543 42.612 42.660
42.621 42.693 42.913
42.507 42.531 42.556
42.551 42.603 42.660
42.540 42.967 43.819
42.551 42.633 42.741
42.539 42.604 42.754
42.558 42.604 42.634
42.455 42.526 42.578
42.553 42.705 43.092
42.538 42.605 42.674
42.531 42.556 42.588
42.576 42.876 43.932
42.585 42.604 42.657
42.556 42.621 42.789
42.544 42.579 42.612
42.503 42.584 42.642
42.556 42.579 42.600
42.484 42.576 42.689
42.587 42.604 42.630
42.552 42.585 42.624
42.524 42.575 42.652
42.537 42.740 43.523
42.577 43.197 44.696
42.575 42.603 42.632
42.490 42.695 43.347
42.558 42.594 42.657
42.544 42.819 43.720
42.554 42.595 42.650
42.485 42.525 42.554
42.559 42.595 42.636
42.552 42.641 42.858
42.576 42.782 43.455
42.483 42.583 42.658
42.572 42.997 43.947
42.550 42.601 42.648
42.529 42.578 42.611
42.525 42.601 42.681
42.516 42.591 42.619
42.559 42.593 42.630
42.572 42.639 42.707
42.565 42.681 43.080
42.578 42.684 43.014
42.576 42.601 42.622
42.573 42.638 42.719
42.619 42.715 43.025
42.526 42.583 42.621
42.531 42.600 42.689
42.601 42.615 42.631
42.574 42.604 42.640
42.601 42.642 42.767
42.565 42.605 42.630
42.531 42.604 42.662
42.563 42.770 43.455
42.584 42.591 42.603
42.573 42.629 42.711
42.572 42.617 42.724
42.575 42.611 42.648
42.566 42.642 42.860
42.510 42.570 42.618
42.545 42.574 42.621
42.519 42.592 42.658
42.519 42.609 42.763
42.513 42.555 42.600
42.560 42.604 42.625
42.522 42.593 42.855
42.530 42.563 42.621
42.558 42.586 42.621
42.587 42.709 43.038
42.571 42.594 42.618
42.535 42.602 42.678
42.572 42.630 42.698
42.536 42.596 42.730
42.538 42.589 42.623
42.575 42.615 42.691
42.542 42.855 43.954
42.525 42.614 42.789
42.473 42.693 43.301
42.517 42.612 42.735
42.570 42.594 42.616
42.553 42.603 42.679
42.570 42.603 42.671
42.537 42.701 43.208
42.564 42.696 43.139
42.583 42.718 43.199
42.518 42.563 42.638
42.518 42.584 42.661
42.562 42.590 42.612
42.612 42.719 42.994
42.560 42.594 42.612
42.576 42.705 43.151
42.616 42.695 42.986
42.579 42.598 42.609
42.544 42.654 42.938
42.545 42.581 42.605
42.555 42.585 42.610
42.560 42.588 42.620
42.565 42.607 42.660
42.726 42.771 42.895
42.581 42.806 43.620
42.514 42.551 42.601
42.474 42.681 42.977
42.537 42.692 43.162
42.571 42.705 43.138
42.547 42.632 42.950
42.580 42.653 42.891
42.535 42.632 42.855
42.586 42.609 42.659
42.544 42.600 42.654
42.544 42.582 42.618
42.574 42.683 43.045
42.511 42.774 43.593
42.548 43.047 44.763
42.575 42.622 42.689
42.589 42.673 42.818
42.524 42.581 42.631
42.592 42.821 43.591
42.479 42.540 42.577
42.559 42.600 42.673
42.577 42.832 43.718
42.522 42.568 42.585
42.577 42.647 42.719
42.555 42.835 43.857
42.551 42.605 42.636
42.592 42.617 42.658
42.562 42.591 42.619
42.538 42.856 43.988
42.524 42.572 42.622
42.541 42.598 42.680
42.483 42.600 42.734
42.581 42.612 42.671
42.589 42.616 42.665
42.534 42.569 42.605
42.603 42.672 42.884
42.534 42.569 42.625
42.557 42.851 43.674
42.561 42.590 42.634
42.486 42.839 43.972
42.587 42.616 42.656
42.555 42.822 43.593
42.593 42.602 42.612
42.565 42.635 42.741
42.608 42.631 42.658
42.610 42.730 43.072
42.562 42.577 42.606
42.551 42.732 43.363
42.579 42.616 42.641
42.551 42.835 43.797
42.559 42.597 42.649
42.570 42.704 43.045
42.499 42.573 42.614
42.517 42.547 42.639
42.529 42.681 43.043
42.561 42.598 42.645
42.526 42.582 42.620
42.533 42.628 42.878
42.569 42.616 42.676
42.518 42.561 42.615
42.563 42.595 42.676
42.578 42.612 42.635
42.542 42.577 42.612
42.576 42.610 42.637
42.567 42.615 42.652
42.605 42.634 42.668
42.579 42.879 43.982
42.622 42.642 42.665
42.526 42.565 42.617
42.506 42.605 42.715
42.611 42.698 42.984
42.616 42.662 42.752
42.516 42.582 42.637
42.522 42.539 42.574
42.586 42.655 42.791
42.542 42.593 42.653
42.571 42.695 42.993
42.580 42.613 42.629
42.490 42.586 42.671
42.454 42.514 42.581
42.580 42.693 43.026
42.562 42.695 43.043
42.601 42.632 42.692
42.598 42.758 43.115
42.554 42.615 42.674
42.559 42.650 42.957
42.517 42.889 43.428
42.546 42.620 42.842
42.540 42.598 42.629
42.527 42.559 42.595
42.578 42.700 43.102
42.520 42.566 42.591
42.547 42.896 44.118
42.583 42.599 42.614
42.605 42.622 42.655
42.579 42.855 43.545
42.554 42.602 42.697
42.519 42.566 42.634
42.560 42.761 43.490
42.529 42.651 43.014
42.581 42.618 42.646
42.580 42.608 42.642
42.532 42.606 42.669
42.586 42.657 42.844
42.616 42.762 43.041
42.539 42.775 43.535
42.562 42.662 42.931
42.625 42.995 44.342
42.538 42.593 42.642
42.575 42.605 42.619
42.629 42.650 42.695
42.578 42.597 42.612
42.527 42.580 42.647
42.591 42.620 42.640
42.485 42.588 42.687
42.494 42.580 42.632
42.571 42.646 42.815
42.551 42.591 42.645
42.597 42.636 42.754
42.517 42.588 42.645
42.522 42.634 42.867
42.572 42.781 43.544
42.536 42.605 42.657
42.579 43.122 45.104
42.591 42.615 42.674
42.510 42.573 42.690
42.544 42.615 42.675
42.556 42.603 42.701
42.595 42.766 43.420
42.556 42.619 42.769
42.544 42.564 42.586
42.528 42.776 43.574
42.557 42.693 43.100
42.504 42.566 42.754
42.561 42.776 43.406
42.589 42.610 42.631
42.546 42.628 42.677
42.573 42.599 42.610
42.541 42.581 42.618
42.541 42.592 42.627
42.514 42.828 43.906
42.569 42.594 42.638
42.575 42.644 42.781
42.609 42.705 42.911
42.565 42.900 44.140
42.550 42.585 42.627
42.550 42.594 42.612
42.624 43.229 44.672
42.572 42.602 42.644
42.559 42.869 43.913
42.494 42.601 42.649
42.557 42.759 43.369
42.598 42.622 42.645
42.521 42.567 42.629
42.559 42.609 42.720
42.586 42.870 43.892
42.504 42.556 42.619
42.579 42.593 42.613
42.602 42.921 44.048
42.537 42.584 42.609
42.571 42.613 42.670
42.535 42.567 42.609
42.547 42.581 42.610
42.548 42.575 42.606
42.481 42.591 42.662
42.513 42.580 42.683
42.515 42.605 42.769
42.600 42.642 42.768
42.538 42.601 42.703
42.544 42.679 43.151
42.549 42.647 42.885
42.577 42.616 42.635
42.549 42.642 42.773
42.602 42.780 43.363
42.596 42.920 44.185
42.592 42.621 42.673
42.563 42.640 42.783
42.583 42.621 42.696
42.562 42.637 42.701
42.601 42.927 43.314
42.523 42.582 42.634
42.565 42.603 42.649
42.588 42.611 42.634
42.597 42.761 43.254
42.579 42.826 43.484
42.582 42.686 42.984
42.553 42.678 43.079
42.566 42.609 42.639
42.520 42.564 42.608
42.560 42.639 42.755
42.566 42.597 42.655
42.582 42.610 42.647
42.552 42.581 42.610
42.565 42.662 42.868
42.503 42.868 44.028
42.588 42.756 43.282
42.554 42.627 42.688
42.589 42.623 42.702
42.580 42.757 43.351
42.576 42.611 42.640
42.543 42.577 42.661
42.515 42.543 42.572
42.607 42.619 42.652
42.483 42.648 43.183
42.576 42.611 42.652
42.570 42.706 43.136
42.577 42.686 43.020
42.538 43.421 44.690
42.545 42.577 42.628
42.588 42.648 42.752
42.500 42.567 42.629
42.557 42.732 43.276
42.494 42.545 42.586
42.561 42.767 43.497
42.514 42.552 42.603
42.614 42.630 42.665
42.533 42.591 42.637
42.527 42.596 42.647
42.556 42.575 42.600
42.516 42.570 42.619
42.607 42.618 42.636
42.594 43.218 45.037
42.509 42.542 42.649
42.538 42.629 42.922
42.526 42.698 43.289
42.588 42.605 42.622
42.558 42.585 42.610
42.581 42.666 42.898
42.471 42.569 42.743
42.581 42.795 43.544
42.520 42.673 42.996
42.568 42.628 42.768
42.546 43.008 44.559
42.513 42.604 42.800
42.569 42.634 42.707
42.521 42.590 42.748
42.553 42.620 42.702
42.588 42.662 42.913
42.535 42.569 42.626
42.566 42.585 42.605
42.577 42.721 43.246
42.563 42.756 43.334
42.574 42.610 42.634
42.598 42.727 43.163
42.573 42.610 42.652
42.549 42.778 43.317
42.601 42.621 42.653
42.580 42.608 42.649
42.563 42.667 42.893
42.504 42.562 42.615
42.577 42.682 43.017
42.552 42.599 42.656
42.579 42.615 42.688
42.534 42.706 43.244
42.538 42.563 42.622
42.525 42.595 42.635
42.599 42.623 42.669
42.544 42.576 42.645
42.516 42.710 43.368
42.547 42.638 42.853
42.519 42.568 42.618
42.512 42.643 43.052
42.527 42.550 42.579
42.546 42.631 42.875
42.597 42.635 42.668
42.588 42.610 42.629
42.511 42.565 42.660
42.551 42.593 42.617
42.603 42.951 44.035
42.577 42.605 42.625
42.589 42.613 42.630
42.526 42.594 42.693
42.559 42.579 42.603
42.575 42.702 43.127
42.559 42.609 42.749
42.614 42.671 42.879
42.585 42.688 42.987
42.545 42.664 42.923
42.556 43.106 44.275
42.562 42.587 42.611
42.532 42.583 42.609
42.556 42.568 42.588
42.591 42.623 42.651
42.536 42.598 42.621
42.546 42.592 42.664
42.569 42.638 42.788
42.562 42.741 43.370
42.586 42.593 42.608
42.509 42.584 42.680
42.559 42.625 42.698
42.534 42.845 43.980
42.572 42.589 42.605
42.568 42.611 42.644
42.498 42.749 43.320
42.595 42.759 43.370
42.536 42.585 42.634
42.585 42.902 43.806
42.548 42.834 43.776
42.508 42.553 42.610
42.538 42.859 43.466
42.521 42.591 42.663
42.567 42.615 42.698
42.566 42.606 42.660
42.633 42.763 43.238
42.576 42.684 42.924
42.575 42.596 42.618
42.578 42.613 42.653
42.566 42.727 43.252
42.563 42.591 42.630
42.554 42.597 42.666
42.590 42.846 43.723
42.552 42.606 42.703
42.571 42.602 42.628
42.571 42.691 43.073
42.571 42.733 43.250
42.568 42.585 42.610
42.480 42.549 42.638
42.588 42.625 42.699
42.561 42.605 42.658
42.565 42.585 42.638
42.568 42.598 42.629
42.521 42.865 43.859
42.559 42.601 42.659
42.587 42.600 42.618
42.534 42.625 42.773
42.565 42.610 42.671
42.559 42.602 42.637
42.531 42.894 44.198
42.574 42.810 43.669
42.549 42.585 42.614
42.546 42.584 42.625
42.587 42.610 42.650
42.553 42.670 43.044
42.563 42.589 42.632
42.585 42.711 43.063
42.523 42.547 42.578
42.525 42.535 42.549
42.585 42.622 42.656
42.547 42.576 42.605
42.539 42.555 42.591
42.600 42.791 43.421
42.564 42.859 43.876
42.546 42.567 42.596
42.589 42.617 42.649
42.571 42.601 42.622
42.524 42.582 42.761
42.538 42.598 42.761
42.571 42.603 42.627
42.547 42.750 43.374
42.544 42.673 43.047
42.523 42.596 42.628
42.583 42.594 42.609
42.542 42.587 42.658
42.590 42.611 42.674
42.561 42.631 42.787
42.520 42.598 42.679
42.556 42.743 43.202
42.473 42.552 42.650
42.617 42.805 43.467
42.549 42.583 42.613
42.565 42.641 42.865
42.510 42.692 43.107
42.572 42.602 42.641
42.565 42.595 42.612
42.570 42.603 42.653
42.463 42.671 43.119
42.566 42.682 43.041
42.523 42.563 42.600
42.576 42.593 42.629
42.521 42.608 42.723
42.525 42.571 42.670
42.502 42.616 42.765
42.516 42.837 43.969
42.529 42.722 43.351
42.532 42.578 42.603
42.551 42.584 42.630
42.552 42.607 42.654
42.543 42.657 43.036
42.543 42.571 42.598
42.552 42.636 42.834
42.540 42.596 42.644
42.566 42.680 42.988
42.581 42.815 43.597
42.537 42.835 43.755
42.502 42.776 43.759
42.507 42.556 42.608
42.549 42.591 42.651
42.554 42.830 43.805
42.562 42.775 43.435
42.548 42.564 42.574
42.570 42.590 42.638
42.510 42.561 42.632
42.543 42.613 42.694
42.591 42.625 42.653
42.552 42.601 42.652
42.557 42.591 42.614
42.501 42.545 42.575
42.537 42.616 42.725
42.587 42.640 42.763
42.489 42.722 43.411
42.542 42.612 42.655
42.484 42.551 42.656
42.525 42.580 42.622
42.505 42.614 42.819
42.573 42.634 42.771
42.521 42.570 42.603
42.488 42.721 43.445
42.543 42.575 42.627
42.568 42.600 42.656
42.550 42.723 43.316
42.518 42.555 42.580
42.538 42.568 42.594
42.534 43.409 45.340
42.543 42.583 42.614
42.551 42.584 42.630
42.538 42.784 43.606
42.531 42.583 42.638
42.551 42.594 42.648
42.528 42.591 42.648
42.505 42.529 42.559
42.551 42.571 42.619
42.543 42.581 42.630
42.552 42.776 43.255
42.506 43.126 45.453
42.547 42.591 42.638
42.526 42.566 42.593
42.556 42.678 43.034
42.547 42.586 42.657
42.504 42.541 42.613
42.536 42.567 42.630
42.565 42.582 42.611
42.521 42.552 42.575
42.550 42.729 43.280
42.589 42.620 42.714
42.540 42.895 43.771
42.483 42.523 42.590
42.513 42.556 42.576
42.559 43.055 44.816
42.532 42.703 43.213
42.497 42.554 42.608
42.486 42.695 43.401
42.560 42.600 42.628
42.551 42.672 42.942
42.525 42.639 43.001
42.544 43.108 44.003
42.582 42.605 42.636
42.454 42.571 42.800
42.509 42.556 42.587
42.585 42.617 42.690
42.543 42.589 42.622
42.577 42.621 42.669
42.564 42.682 43.066
42.562 42.653 42.921
42.500 42.566 42.639
42.566 42.624 42.744
42.523 42.567 42.624
42.564 43.385 45.411
42.548 42.581 42.615
42.557 42.594 42.684
42.552 42.588 42.650
42.588 42.725 43.148
42.501 42.520 42.571
42.549 42.843 43.934
42.547 42.587 42.625
42.494 42.566 42.609
42.543 42.583 42.625
42.545 42.588 42.663
42.518 42.531 42.548
42.517 42.769 43.245
42.480 42.550 42.630
42.559 43.099 44.728
42.482 42.613 42.951
42.544 42.578 42.618
42.503 42.521 42.547
42.557 42.746 43.059
42.523 42.723 43.238
42.585 42.624 42.681
42.539 42.688 43.193
42.476 42.560 42.694
42.516 42.531 42.551
42.546 42.564 42.600
42.508 42.583 42.650
42.562 42.601 42.643
42.546 42.593 42.617
42.568 42.644 42.861
42.542 42.607 42.666
42.558 42.598 42.650
42.489 42.582 42.751
42.471 42.541 42.614
42.528 42.934 44.179
42.568 42.606 42.733
42.559 42.574 42.584
42.561 42.739 43.296
42.550 42.586 42.650
42.519 42.598 42.722
42.546 42.640 42.910
42.592 43.181 44.541
42.535 42.583 42.638
42.594 42.649 42.712
42.520 42.724 43.329
42.511 42.556 42.629
42.539 43.041 44.876
42.531 42.580 42.616
42.531 42.714 43.260
42.538 42.597 42.664
42.552 42.585 42.623
42.510 42.675 43.066
42.529 42.589 42.639
42.607 42.773 43.359
42.565 42.610 42.734
42.529 42.629 42.819
42.570 42.774 43.418
42.558 42.851 43.941
42.526 42.611 42.668
42.507 42.563 42.616
42.505 42.730 43.456
42.536 42.586 42.671
42.540 42.695 43.183
