17.797 17.984 18.648
17.723 17.774 17.890
17.798 17.864 17.895
17.802 17.850 17.914
17.803 17.866 17.967
17.784 17.834 17.986
17.807 17.864 17.919
17.812 17.835 17.857
17.788 17.857 17.901
17.806 17.875 17.927
17.851 18.044 18.517
17.738 17.807 17.904
17.797 17.847 17.923
17.743 17.786 17.815
17.758 18.351 20.336
17.738 17.874 17.972
17.909 18.759 20.390
17.742 17.789 17.858
17.790 17.839 17.917
17.744 17.832 17.918
17.745 17.771 17.815
17.750 17.772 17.795
17.779 17.852 17.946
17.767 17.812 17.872
17.869 17.936 18.061
17.753 17.819 17.882
17.779 17.834 17.942
17.805 17.862 17.935
17.789 17.831 17.864
17.785 17.851 17.926
17.803 17.842 17.906
17.791 18.019 18.389
17.771 17.819 17.875
17.772 17.920 18.423
17.788 17.830 17.903
17.795 17.835 17.900
17.804 17.951 18.361
17.720 17.979 18.599
17.832 17.869 17.931
17.810 17.869 17.969
17.787 17.828 17.880
17.764 17.814 17.861
17.797 18.044 18.806
17.778 17.834 17.899
17.821 17.861 17.922
17.738 17.819 17.935
17.773 17.852 17.966
17.763 17.826 17.888
17.788 17.851 17.901
17.833 17.869 17.909
17.826 17.878 17.986
17.846 17.863 17.897
17.816 17.875 17.929
17.769 17.861 17.908
17.850 17.898 17.970
17.845 17.882 17.918
17.726 17.882 18.099
17.768 17.799 17.823
17.784 17.811 17.893
17.806 17.840 17.894
17.741 17.774 17.801
17.784 17.874 17.944
17.774 17.820 17.908
17.764 17.813 17.871
17.763 17.840 17.990
17.776 17.816 17.898
17.803 17.887 18.128
17.794 17.836 17.955
17.757 17.846 17.881
17.768 17.827 17.867
17.781 17.831 17.875
17.823 17.845 17.872
17.781 17.841 17.910
17.810 17.909 17.992
17.722 17.772 17.860
17.769 17.881 17.994
17.776 18.238 19.216
17.727 17.761 17.785
17.788 17.826 17.900
17.773 17.795 17.811
17.815 17.845 17.892
17.802 17.865 18.007
17.782 18.000 18.628
17.791 17.859 17.909
17.803 17.832 17.893
17.738 18.252 19.480
17.769 18.076 19.034
17.802 17.841 17.908
17.731 17.911 18.471
17.715 17.755 17.850
17.768 17.821 17.901
17.788 17.973 18.517
17.743 17.780 17.845
17.747 17.839 18.094
17.768 17.816 17.853
17.794 17.857 17.950
17.800 17.889 18.041
17.763 17.864 17.961
17.768 17.824 17.898
17.753 17.800 17.894
17.800 17.854 17.934
17.786 17.811 17.872
17.820 17.850 17.918
17.779 17.817 17.914
17.781 17.820 17.869
17.721 17.794 17.887
17.745 17.888 18.093
17.811 17.864 17.957
17.760 17.829 17.910
17.819 17.873 17.960
17.815 17.826 17.841
17.767 17.808 17.868
17.739 18.071 19.128
17.744 17.816 17.963
17.747 17.782 17.823
17.814 17.866 17.938
17.769 17.816 17.907
17.773 17.824 17.925
17.768 17.857 17.968
17.710 17.802 17.914
17.755 18.389 20.710
17.783 17.869 17.921
17.772 17.826 17.890
17.781 17.808 17.846
17.787 17.882 18.045
17.848 17.925 18.034
17.751 17.777 17.830
17.807 17.870 17.919
17.776 17.840 17.890
17.772 17.811 17.876
17.775 17.817 17.898
17.790 17.879 18.069
17.762 17.817 17.867
17.774 17.859 17.945
17.785 17.804 17.826
17.774 17.809 17.877
17.774 17.821 17.910
17.797 17.826 17.877
17.812 17.840 17.907
17.764 17.836 17.957
17.758 17.782 17.796
17.750 17.810 17.867
17.781 17.832 17.930
17.773 18.205 19.685
17.759 17.796 17.889
17.756 17.836 17.931
17.769 17.783 17.813
17.800 17.849 17.924
17.753 17.809 17.890
17.835 17.918 18.000
17.785 17.858 18.014
17.764 18.328 20.196
17.730 17.925 18.675
17.808 17.824 17.841
17.761 17.819 17.903
17.744 17.803 17.893
17.785 17.933 18.029
17.788 17.826 17.882
17.702 17.824 18.044
17.759 17.812 17.900
17.727 17.754 17.825
17.787 17.932 18.402
17.766 17.777 17.799
17.794 17.849 17.898
17.760 17.842 17.953
17.788 17.852 17.915
17.868 17.888 17.922
17.841 17.905 17.942
17.754 17.823 17.934
17.777 17.831 17.891
17.795 17.840 17.892
17.743 17.820 17.888
17.768 17.804 17.869
17.789 17.828 17.890
17.712 17.772 17.910
17.733 18.226 19.611
17.752 17.803 17.832
17.786 17.857 17.927
17.803 18.174 18.886
17.745 17.969 18.440
17.745 17.862 17.900
17.781 17.887 17.969
17.802 17.857 17.904
17.777 17.814 17.878
17.765 17.801 17.838
17.712 17.769 17.846
17.744 17.836 17.933
17.787 17.895 18.038
17.748 17.803 17.867
17.765 17.821 17.884
17.857 17.927 17.974
17.785 17.911 18.147
17.736 17.784 17.842
17.770 17.899 18.242
17.776 17.830 17.931
17.809 17.833 17.865
17.730 17.800 17.905
17.782 18.238 18.830
17.761 17.854 17.954
17.778 17.846 17.929
17.823 17.876 17.901
17.798 18.002 18.390
17.796 17.844 17.901
17.803 17.908 18.028
17.790 17.856 17.961
17.811 17.857 17.923
17.787 17.862 17.900
17.818 17.857 17.911
17.798 18.009 18.696
17.755 17.799 17.873
17.800 17.904 18.003
17.779 18.063 18.452
17.712 17.777 17.807
17.733 17.801 17.857
17.764 17.821 17.855
17.722 17.741 17.777
17.701 17.824 17.967
17.753 17.793 17.837
17.784 18.084 18.899
17.783 17.796 17.831
17.770 17.798 17.820
17.715 17.770 17.809
17.815 17.883 17.980
17.775 17.835 17.896
17.773 17.818 17.868
17.806 17.853 17.913
17.789 17.821 17.861
17.777 17.838 17.919
17.778 17.823 17.880
17.772 17.796 17.826
17.789 17.861 17.947
17.754 18.138 19.517
17.776 17.839 17.984
17.794 17.853 17.939
17.782 17.837 17.902
17.811 17.835 17.864
17.842 17.860 17.921
17.756 17.856 18.109
17.772 17.826 17.940
17.799 17.807 17.826
17.816 17.849 17.874
17.779 18.326 20.207
17.790 17.964 18.337
17.714 17.834 17.895
17.768 17.829 17.932
17.783 17.850 17.917
17.787 17.842 17.964
17.821 18.083 18.976
17.789 17.815 17.838
17.833 17.893 18.047
17.761 17.870 17.984
17.772 17.815 17.881
17.803 17.880 18.078
17.737 17.902 18.358
17.722 17.930 18.422
17.740 17.781 17.820
17.769 17.838 17.901
17.735 17.761 17.791
17.829 18.040 18.525
17.773 18.142 19.217
17.738 17.873 18.034
17.761 17.795 17.824
17.798 17.842 17.894
17.811 17.872 17.950
17.766 17.827 17.926
17.757 17.802 17.858
17.775 17.866 18.067
17.877 18.598 19.897
17.761 17.807 17.854
17.773 17.838 17.901
17.734 17.791 17.850
17.810 17.887 17.941
17.808 17.877 17.934
17.741 17.788 17.856
17.735 17.792 17.878
17.782 17.830 17.938
17.784 17.820 17.888
17.798 17.873 17.920
17.779 17.817 17.896
17.797 17.838 17.883
17.786 17.835 17.875
17.777 17.821 17.868
17.759 17.777 17.806
17.743 17.849 17.957
17.770 18.050 18.869
17.756 18.288 19.058
17.748 17.848 17.950
17.791 17.838 17.876
17.746 17.782 17.831
17.728 17.771 17.832
17.784 17.847 17.937
17.785 17.854 17.936
17.730 17.815 17.915
17.784 17.874 17.965
17.769 17.851 18.021
17.882 17.909 17.978
17.780 17.836 17.889
17.762 17.873 17.948
17.762 17.843 17.891
17.764 17.820 17.861
17.783 17.835 17.874
17.881 17.917 17.967
17.794 17.854 17.938
17.803 21.230 34.819
17.802 17.822 17.838
17.804 17.867 17.920
17.780 17.800 17.825
17.718 17.782 17.853
17.763 17.892 18.219
17.765 17.815 17.920
17.743 17.832 17.968
17.762 17.817 17.885
17.760 17.854 17.916
17.780 17.860 17.937
17.775 17.857 18.022
17.734 17.868 18.109
17.787 17.835 17.909
17.785 17.845 17.945
17.882 17.941 18.123
17.756 17.860 17.910
17.760 17.801 17.868
17.740 17.862 18.112
17.772 17.819 17.889
17.772 17.985 18.392
17.778 18.272 19.926
17.815 17.910 18.075
17.791 17.845 17.877
17.816 18.015 18.604
17.785 17.873 17.959
17.775 17.855 17.930
17.754 17.892 18.160
17.782 18.259 19.839
17.761 18.079 19.066
17.800 17.897 18.010
17.773 17.928 18.020
17.833 17.907 17.991
17.819 17.870 17.930
17.845 17.868 17.916
17.850 17.932 18.152
17.819 18.070 18.837
17.869 17.918 17.966
17.856 17.894 17.908
17.852 17.879 17.912
17.850 17.893 18.012
17.850 17.918 17.970
17.861 17.886 17.909
17.786 17.901 18.029
17.844 17.928 18.086
17.884 17.887 17.890
17.820 17.837 17.853
17.914 17.952 18.034
17.809 17.845 17.900
17.868 17.907 17.947
17.786 17.834 17.917
17.842 18.008 18.493
17.738 17.801 17.861
17.788 17.839 17.861
17.750 17.845 17.956
17.863 17.899 17.928
17.755 17.840 17.971
17.812 17.870 17.951
17.809 17.883 17.932
17.863 17.927 18.030
17.818 18.105 18.942
17.784 17.862 17.926
17.735 17.823 17.904
17.872 17.917 17.961
17.785 17.847 17.884
17.815 17.839 17.882
17.724 17.820 17.897
17.847 17.891 17.975
17.779 17.873 17.927
17.824 17.873 17.908
17.773 17.843 17.919
17.759 18.032 18.746
17.839 17.878 17.921
17.763 17.841 17.898
17.779 17.858 17.969
17.762 17.847 17.951
17.808 17.865 17.927
17.924 17.977 18.015
17.783 17.860 17.905
17.818 17.873 17.925
17.800 17.895 17.959
17.856 17.876 17.933
17.850 17.872 17.892
17.887 18.529 20.966
17.854 18.071 18.509
17.849 17.910 18.023
17.881 17.905 17.975
17.815 17.875 17.946
17.834 17.882 17.929
17.774 17.873 17.969
17.722 17.816 17.923
17.909 19.606 20.686
17.818 17.846 17.889
17.788 17.847 17.896
17.736 17.808 17.951
17.796 17.957 18.231
17.805 18.135 19.263
17.921 18.551 20.205
17.824 17.902 17.937
17.764 17.864 17.947
17.786 17.868 17.973
17.881 17.969 18.097
17.830 17.915 18.012
17.799 17.948 18.077
17.744 17.846 17.919
17.863 17.887 17.912
17.803 17.849 17.889
17.788 17.828 17.910
17.767 17.888 17.942
17.862 19.146 20.545
17.842 17.877 17.915
17.802 17.844 17.898
17.785 17.843 17.970
17.736 17.815 17.862
17.791 17.898 18.025
17.803 17.878 17.946
17.815 17.870 17.948
17.853 17.876 17.888
17.807 17.865 17.952
17.793 17.837 17.898
17.850 17.899 17.951
17.801 17.853 17.908
17.827 17.927 18.013
17.851 17.904 17.969
17.803 17.861 17.892
17.809 17.890 17.947
17.758 17.813 17.853
17.807 17.867 17.920
17.797 17.866 18.113
17.770 17.860 17.972
17.797 17.859 17.938
17.748 17.862 17.923
17.819 17.932 18.222
17.774 17.835 17.910
17.808 17.880 17.963
17.695 17.825 17.917
17.832 17.863 17.901
17.754 17.856 17.915
17.809 17.853 17.883
17.815 18.012 18.517
17.778 17.841 17.890
17.785 17.852 17.958
17.792 17.901 18.011
17.863 18.319 19.985
17.750 17.782 17.818
17.773 18.389 20.031
17.773 17.864 17.905
17.797 17.883 17.931
17.787 17.967 18.233
17.769 17.818 17.902
17.788 17.940 18.307
17.807 17.860 17.902
17.827 17.866 17.902
17.795 17.855 17.902
17.789 17.848 17.909
17.736 17.820 17.881
17.839 18.371 20.323
17.904 18.258 19.518
17.862 17.893 17.956
17.814 17.889 17.981
17.807 17.864 17.939
17.776 17.831 17.878
17.800 18.079 18.643
17.828 17.874 17.913
17.851 18.853 20.091
17.810 17.970 18.475
17.832 17.920 18.039
17.803 17.869 17.946
17.769 17.866 17.920
17.804 17.896 18.029
17.787 17.873 17.987
17.767 17.841 17.897
17.784 17.822 17.870
17.818 17.953 18.131
17.778 17.830 17.902
17.823 17.876 17.924
17.836 17.889 17.914
17.848 17.883 17.916
17.777 17.853 17.909
17.894 17.919 17.977
17.791 17.870 17.928
17.733 17.798 17.845
17.754 18.726 19.302
17.763 17.904 18.218
17.813 17.838 17.858
17.891 17.911 17.948
17.795 17.868 17.930
17.783 17.872 17.968
17.864 17.885 17.921
17.875 17.989 18.156
17.756 17.813 17.903
17.872 17.892 17.916
17.758 17.821 17.884
17.796 17.884 17.950
17.797 17.854 17.915
17.818 17.901 18.005
17.804 17.896 17.966
17.750 17.905 18.374
17.868 17.883 17.909
17.809 18.024 18.655
17.907 17.930 17.959
17.868 18.432 19.839
17.854 17.907 17.934
17.811 17.899 17.928
17.751 17.939 18.243
17.783 17.828 17.869
17.832 17.909 17.960
17.746 17.824 17.863
17.848 17.910 17.988
17.857 17.889 17.929
17.796 18.151 19.164
17.825 17.891 17.992
17.815 17.907 17.959
17.810 17.889 17.949
17.770 17.836 17.906
17.886 17.920 17.951
17.814 17.888 17.927
17.848 18.381 19.246
17.806 17.862 17.977
17.785 17.850 17.892
17.775 17.823 17.856
17.741 17.826 17.886
17.810 18.048 18.732
17.798 17.937 18.177
17.784 17.858 17.904
17.715 18.227 19.821
17.821 17.861 17.892
17.776 17.844 17.937
17.792 17.835 17.877
17.789 17.866 17.920
17.806 17.865 17.901
17.797 17.832 17.887
17.792 17.840 17.889
17.780 17.983 18.475
17.805 17.874 17.912
17.847 17.874 17.914
17.744 17.818 17.941
17.822 17.871 17.931
17.772 18.078 19.040
17.761 17.834 17.872
17.802 17.862 17.923
17.783 17.856 17.918
17.780 17.839 17.890
17.840 17.882 17.934
17.812 17.863 17.905
17.852 17.893 17.919
17.818 17.879 17.953
17.869 17.915 17.950
17.862 17.929 18.013
17.755 17.794 17.855
17.823 17.865 17.939
17.781 17.852 17.897
17.838 17.994 18.364
17.838 17.866 17.894
17.872 17.935 17.994
17.776 17.833 17.916
17.814 17.976 18.379
17.860 17.878 17.902
17.773 17.846 17.939
17.786 17.836 17.892
17.796 17.883 18.027
17.857 17.932 18.082
17.783 17.855 17.945
17.807 17.874 17.933
17.755 17.847 17.899
17.810 18.131 18.759
17.776 17.876 17.938
17.841 17.933 18.173
17.785 17.832 17.897
17.796 17.875 18.117
17.745 17.812 17.855
17.812 17.842 17.904
17.800 17.864 17.888
17.790 17.834 17.877
17.814 18.237 19.829
17.776 17.855 17.943
17.755 17.834 17.885
17.818 17.840 17.871
17.787 17.826 17.933
17.760 17.825 17.918
17.730 17.867 18.025
17.858 17.885 17.916
17.847 17.904 17.949
17.730 17.802 17.842
17.845 17.887 17.922
17.758 17.868 17.995
17.745 17.837 17.879
17.806 17.869 17.902
17.779 17.838 17.910
17.798 17.900 18.034
17.791 17.838 17.942
17.783 18.055 18.807
17.819 17.898 17.982
17.746 17.810 17.861
17.802 17.846 17.911
17.773 17.832 17.870
17.849 17.931 18.132
17.768 17.832 17.905
17.864 17.890 17.926
17.813 17.841 17.909
17.743 18.008 18.567
17.805 17.846 17.880
17.759 17.819 17.860
17.790 17.840 17.902
17.782 17.851 17.903
17.764 17.840 17.914
17.798 17.889 17.960
17.811 17.880 17.932
17.794 17.859 17.941
17.801 17.989 18.503
17.792 17.833 17.868
17.788 17.844 17.904
17.788 17.916 18.018
17.714 17.855 18.287
17.854 17.883 17.926
17.750 17.810 17.926
17.765 17.839 17.906
17.808 17.905 18.026
17.799 17.940 18.170
17.759 17.805 17.865
17.847 18.178 18.854
17.797 18.400 20.611
17.813 17.854 17.928
17.796 17.856 17.908
17.902 17.932 17.981
17.878 17.907 17.944
17.812 17.863 17.926
17.829 17.904 18.019
17.779 17.866 17.940
17.777 17.843 17.881
17.776 17.833 17.869
17.779 17.863 17.910
17.846 17.900 17.931
17.757 17.896 17.957
17.827 17.866 17.913
17.819 17.884 17.955
17.848 17.866 17.889
17.851 17.873 17.906
17.779 17.831 17.873
17.878 17.921 17.954
17.840 17.878 17.935
17.786 17.850 17.894
17.805 17.844 17.920
17.837 17.870 17.895
17.787 17.855 17.913
17.719 17.781 17.848
17.798 17.848 17.908
17.827 17.885 17.929
17.790 17.910 18.037
17.768 17.818 17.885
17.742 17.812 17.950
17.764 17.874 17.954
17.865 17.892 17.951
17.758 17.838 17.945
17.717 17.766 17.836
17.769 17.877 18.135
17.785 17.825 17.856
17.817 17.986 18.483
17.841 17.888 17.974
17.825 17.862 17.931
17.749 17.841 17.886
17.791 17.844 17.879
17.782 17.848 17.917
17.765 17.835 17.879
17.751 17.851 17.889
17.772 18.119 19.144
17.813 17.866 18.014
17.813 17.845 17.878
17.764 17.815 17.889
17.775 17.894 17.983
17.794 17.858 17.904
17.770 17.811 17.848
17.827 17.854 17.910
17.714 17.748 17.805
17.776 17.817 17.876
17.818 17.847 17.899
17.810 17.943 18.184
17.776 17.990 18.608
17.814 17.869 17.922
17.730 17.878 18.059
17.787 17.852 17.995
17.847 17.887 17.961
17.790 17.849 17.917
17.732 17.956 18.560
17.750 18.162 19.675
17.768 17.834 17.944
17.820 17.873 17.909
17.773 17.804 17.872
17.750 17.819 17.883
17.836 17.892 17.963
17.829 17.890 17.942
17.840 17.879 17.954
17.785 17.888 17.977
17.784 17.838 17.873
17.700 17.815 17.898
17.769 17.826 17.899
17.797 17.861 17.928
17.746 17.823 17.918
17.754 17.789 17.827
17.759 17.809 17.878
17.726 17.789 17.840
17.774 18.180 19.276
17.762 17.822 17.896
17.780 17.821 17.901
17.779 17.830 17.921
17.800 17.829 17.867
17.764 18.152 19.064
17.798 17.855 17.896
17.794 17.842 17.934
17.752 17.793 17.855
17.772 17.836 17.936
17.739 17.794 17.933
17.803 18.241 19.171
17.746 17.821 17.901
17.779 17.881 18.020
17.759 17.814 17.861
17.755 17.793 17.816
17.752 17.802 17.893
17.799 17.915 18.202
17.807 17.850 17.910
17.791 17.848 17.907
17.778 17.833 17.918
17.760 17.821 17.975
17.745 17.797 17.832
17.810 17.839 17.874
17.777 17.818 17.844
17.749 17.797 17.831
17.769 17.809 17.847
17.840 17.953 18.198
17.763 17.778 17.797
17.726 17.815 17.884
17.747 17.847 18.000
17.742 17.828 17.925
17.788 17.892 18.079
17.802 17.859 17.902
17.841 17.891 18.001
17.775 18.252 19.582
17.803 17.872 17.951
17.763 17.882 18.264
17.819 18.002 18.599
17.814 17.873 17.939
17.823 17.870 17.922
17.730 17.828 17.916
17.837 17.895 17.984
17.777 17.818 17.884
17.785 17.828 17.868
17.853 17.921 18.021
17.852 17.924 17.971
17.748 18.008 18.265
17.862 17.942 17.982
17.866 17.920 17.974
17.837 18.022 18.558
17.826 17.842 17.857
17.802 17.837 17.870
17.823 17.910 18.117
17.848 17.925 17.981
17.821 17.937 18.119
17.813 17.849 17.932
17.798 17.858 17.939
17.821 17.854 17.910
17.849 17.938 18.026
17.806 17.857 17.907
17.783 17.860 17.958
17.805 17.874 17.915
17.859 17.925 17.958
17.870 17.926 17.966
17.882 17.923 17.960
17.737 17.814 17.881
17.813 17.887 17.976
17.841 17.883 17.981
17.745 17.871 18.105
17.796 17.838 17.902
17.826 17.936 18.018
17.804 17.848 17.875
17.866 17.939 18.007
17.842 17.866 17.889
17.798 17.949 18.250
17.905 17.930 17.971
17.830 17.927 18.153
17.879 17.923 18.019
17.837 17.931 18.017
17.870 17.930 17.989
17.785 17.990 18.601
17.882 17.916 17.954
17.831 17.874 17.909
17.863 17.913 17.953
17.817 17.867 17.908
17.837 18.177 19.283
17.792 17.851 17.921
17.822 17.844 17.861
17.828 18.178 19.316
17.736 17.921 18.451
17.712 17.849 18.282
17.787 17.840 17.961
17.786 17.831 17.864
17.823 17.884 17.911
17.850 17.918 18.054
17.870 17.988 18.330
17.774 17.829 17.892
17.839 17.866 17.911
17.846 17.911 17.958
17.834 17.978 18.039
17.813 17.874 17.929
17.775 17.862 18.022
17.882 17.949 18.004
17.859 18.034 18.327
17.820 17.862 17.925
17.863 17.917 17.999
17.817 17.857 17.899
17.841 17.887 17.947
17.843 17.924 18.013
17.735 17.824 17.902
17.791 17.895 17.968
17.882 17.953 17.981
17.763 17.831 17.946
17.806 17.919 18.189
17.778 17.896 18.055
17.796 17.848 17.911
17.866 17.965 18.180
17.840 17.899 17.974
17.834 17.877 17.938
17.890 17.931 17.992
17.915 18.275 19.499
17.729 17.832 17.911
17.825 17.860 17.907
17.753 17.856 17.907
17.792 17.868 17.925
17.773 18.270 19.765
17.829 17.900 17.984
17.755 17.871 17.997
17.866 17.912 17.983
17.792 17.848 17.884
17.864 17.937 17.986
17.831 17.923 17.964
17.815 17.915 18.011
17.829 17.896 17.974
17.853 18.063 18.589
17.815 17.862 17.907
17.853 17.923 18.015
17.861 17.992 18.345
17.855 17.920 17.957
17.748 17.841 17.930
17.825 17.858 17.887
17.828 17.917 18.006
17.843 18.371 20.342
17.827 17.879 17.913
17.822 18.042 18.412
17.892 18.092 18.574
17.792 17.865 17.938
17.803 17.927 18.134
17.841 17.940 18.009
17.786 17.955 18.046
17.780 17.861 17.916
17.794 17.975 18.347
17.818 18.015 18.459
17.861 17.928 17.982
17.946 18.025 18.072
17.878 17.912 17.944
17.805 17.870 17.920
17.877 17.933 17.977
17.827 17.891 17.928
17.878 18.240 19.446
17.877 17.915 17.971
17.780 17.870 18.006
17.839 17.928 18.044
17.782 17.933 18.036
17.875 18.107 18.888
17.791 17.874 17.938
17.825 17.872 17.923
17.878 18.084 18.757
17.834 17.951 18.055
17.853 17.886 17.918
17.825 17.999 18.525
17.854 17.888 17.938
17.754 17.877 18.008
17.783 17.857 17.996
17.853 17.931 18.057
17.781 17.850 17.898
17.792 17.829 17.893
17.817 17.864 17.922
17.876 17.921 18.053
17.775 17.829 17.921
17.901 17.934 18.005
17.756 17.969 18.481
17.861 17.905 17.958
17.834 17.898 17.992
17.945 18.005 18.139
17.829 17.922 17.977
17.792 17.906 17.956
17.771 17.878 18.034
17.803 17.905 18.011
17.854 17.944 18.007
17.863 17.908 17.989
17.866 17.902 17.938
17.821 17.898 17.937
17.803 18.014 18.754
17.885 17.939 17.977
17.813 17.902 17.940
17.823 17.912 17.998
17.768 17.863 17.953
17.832 17.930 18.043
17.800 17.863 17.954
17.803 17.906 17.995
17.920 17.968 18.031
17.927 18.275 19.440
17.852 17.918 18.017
17.793 17.842 17.892
17.815 17.889 17.951
17.800 17.856 17.902
17.869 17.963 18.046
17.818 17.888 17.932
17.840 17.899 17.971
17.844 17.881 17.934
17.802 17.851 17.888
17.843 17.898 17.964
17.862 17.921 17.981
17.799 17.843 17.886
17.901 17.947 18.017
17.854 18.075 18.794
17.819 17.860 17.902
17.833 17.893 18.046
17.862 17.930 17.996
17.835 17.970 18.036
17.811 17.877 17.934
17.835 17.921 17.999
17.760 17.953 18.623
17.819 17.917 17.980
17.856 17.890 17.984
17.871 18.167 19.003
17.827 17.864 17.895
17.791 17.907 18.054
17.734 17.868 17.957
17.858 17.919 18.092
17.865 17.892 17.937
17.791 17.877 18.032
17.780 17.861 17.918
17.847 17.886 17.920
17.858 17.917 17.961
17.832 17.878 17.930
17.822 17.957 18.047
17.791 17.990 18.604
17.740 17.820 17.928
17.828 17.881 17.962
17.834 17.911 17.957
17.861 18.178 18.681
17.759 17.817 17.931
17.763 17.876 18.022
17.851 17.914 17.974
17.872 17.986 18.180
17.763 17.880 18.028
17.851 17.932 18.021
17.932 17.990 18.118
17.893 17.972 18.017
17.801 17.880 17.989
17.853 17.906 17.980
17.871 17.923 17.977
17.860 18.027 18.572
17.855 17.925 18.156
17.836 17.895 18.004
17.889 17.916 17.936
17.913 17.971 18.061
17.829 17.873 17.906
17.810 17.857 17.912
17.807 17.885 18.002
17.767 17.913 18.202
17.852 17.914 17.954
17.846 17.887 17.922
17.858 17.959 18.013
17.846 17.969 18.141
17.822 17.891 17.954
17.785 17.903 18.035
17.790 17.918 18.003
17.824 18.091 18.799
17.769 17.897 17.970
17.810 17.919 17.999
17.772 17.954 18.109
17.792 17.864 17.917
17.749 17.800 17.860
17.880 17.959 18.173
17.754 17.806 17.944
17.919 17.939 17.984
17.825 17.893 17.944
17.846 17.905 17.984
17.811 17.916 18.126
17.879 17.918 17.973
17.867 17.945 18.065
17.868 17.900 17.985
17.825 17.932 18.008
17.800 17.894 18.004
17.774 17.821 17.861
17.812 17.953 18.091
17.826 17.885 17.989
17.855 17.944 18.121
17.824 17.884 17.920
17.882 17.964 18.031
17.811 17.906 17.989
17.832 17.891 18.036
17.806 17.842 17.890
17.850 17.924 18.120
17.811 17.893 18.002
17.842 18.248 19.538
17.835 17.961 18.081
17.912 17.981 18.079
17.795 17.904 17.993
17.838 17.898 17.959
17.796 17.903 18.012
17.798 17.855 17.888
17.758 18.476 20.766
17.844 17.891 17.943
17.851 17.949 18.136
17.855 17.888 17.966
17.856 17.936 17.989
17.765 17.882 17.965
17.789 17.900 18.058
17.797 17.843 17.882
17.782 17.833 17.892
17.801 17.890 18.009
17.869 17.933 18.049
17.846 18.053 18.743
17.868 17.924 18.025
17.784 17.849 17.899
17.794 17.869 17.994
17.783 17.840 17.902
17.793 18.077 18.990
17.757 17.846 17.886
17.879 17.957 18.029
17.835 17.896 17.959
17.832 17.892 17.957
17.834 18.498 20.179
17.850 17.921 18.020
17.844 17.918 18.021
17.792 17.878 17.927
17.801 17.858 17.919
17.860 17.884 17.906
17.814 17.990 18.476
17.891 17.936 17.987
17.824 17.885 18.014
17.854 17.874 17.900
17.881 17.944 18.024
17.713 17.864 17.969
17.842 17.919 18.045
17.846 17.944 18.032
17.879 17.920 17.968
17.829 17.875 17.952
17.756 17.858 17.932
17.816 17.917 18.166
17.838 17.870 17.943
17.825 17.877 17.939
17.883 17.950 18.070
17.807 17.950 18.058
17.936 18.046 18.279
17.833 18.024 18.619
17.818 18.125 18.939
17.852 17.885 17.916
17.796 17.916 17.974
17.844 17.909 17.965
17.828 17.927 18.030
17.844 17.904 17.967
17.820 18.193 19.405
17.885 17.924 17.993
17.786 17.866 17.988
17.811 17.861 17.929
17.787 17.911 18.297
17.802 17.855 17.930
17.826 17.972 18.236
17.764 17.896 18.133
17.878 17.903 17.935
17.804 17.889 17.945
17.846 17.937 18.203
17.719 17.827 17.918
17.787 17.810 17.843
17.793 17.833 17.881
17.742 17.800 17.832
17.761 17.840 17.949
17.785 18.114 18.369
17.791 17.859 17.920
17.757 17.843 17.947
17.742 18.025 18.898
17.782 17.838 17.897
17.790 18.018 18.737
17.734 17.932 18.516
17.766 17.834 17.876
17.752 17.813 17.861
17.859 17.904 17.954
17.758 17.823 17.883
17.774 17.857 17.981
17.748 17.851 17.962
17.777 17.822 17.924
17.761 18.389 20.621
17.771 17.828 17.859
17.762 18.285 19.815
17.751 17.811 17.856
17.784 17.878 17.946
17.781 17.817 17.878
17.773 17.818 17.859
17.806 17.890 18.007
17.896 17.943 17.990
17.771 17.822 17.871
17.797 17.893 17.993
17.790 17.910 18.222
17.805 17.953 18.139
17.779 17.820 17.880
17.806 17.878 17.960
17.755 17.824 17.927
17.778 17.865 18.028
17.822 17.864 18.000
17.708 17.786 17.848
17.787 17.851 17.980
17.831 17.873 17.936
17.788 17.834 17.885
17.804 17.859 17.896
17.837 17.872 17.908
17.821 17.851 17.886
17.717 17.809 17.889
17.864 17.890 17.927
17.801 17.870 17.923
17.786 18.059 18.342
17.777 17.834 17.951
17.761 17.862 17.966
17.816 17.905 18.010
17.820 17.893 17.946
17.802 17.881 17.923
17.767 17.875 18.054
17.795 17.899 18.147
17.762 17.822 17.890
17.780 18.032 18.893
17.805 17.878 17.998
17.795 17.834 17.863
17.756 17.838 17.923
17.809 17.856 17.919
17.838 17.880 17.923
17.848 17.889 17.945
17.780 18.203 19.604
17.819 17.895 17.969
17.778 17.867 17.947
17.816 17.883 17.945
17.799 17.835 17.865
17.812 17.857 17.940
17.825 17.871 17.896
17.837 17.892 17.933
17.785 17.865 17.956
17.748 17.862 17.948
17.841 17.905 17.965
17.841 17.881 17.933
17.775 17.840 17.930
17.754 17.833 17.893
17.748 17.777 17.839
17.760 17.851 17.979
17.734 17.813 17.912
17.783 17.833 17.869
17.782 17.870 17.928
17.761 17.789 17.826
17.820 17.890 17.955
17.770 17.810 17.878
17.734 17.769 17.846
17.738 17.773 17.819
17.831 17.909 17.963
17.789 17.828 17.922
17.756 17.784 17.830
17.778 17.970 18.463
17.774 17.912 18.379
17.788 17.823 17.946
17.714 17.891 18.447
17.847 17.906 17.961
17.776 17.809 17.874
17.703 17.758 17.822
17.940 17.959 17.979
17.801 17.842 17.886
17.851 17.904 17.946
17.895 18.104 18.718
17.883 17.924 17.966
17.752 17.841 17.876
17.816 17.828 17.839
17.849 17.907 17.976
17.799 17.842 17.916
17.828 17.908 17.982
17.786 17.832 17.859
17.856 18.002 18.392
17.782 17.869 17.930
17.842 17.913 17.979
17.753 17.855 17.923
17.816 17.858 17.916
17.864 17.907 17.945
17.796 17.858 17.901
17.815 17.861 17.907
17.810 17.859 17.922
17.751 17.844 17.953
17.771 17.945 18.457
17.755 18.175 19.573
17.775 17.855 17.918
17.754 18.279 20.134
17.767 17.844 17.959
17.830 17.870 17.899
17.780 17.904 18.027
17.839 17.875 17.908
17.907 17.935 17.963
17.728 17.834 17.889
17.792 17.846 17.878
17.833 17.948 18.087
17.865 17.909 17.949
17.838 17.909 17.973
17.761 18.018 18.705
17.885 17.951 18.039
17.808 17.894 17.950
17.819 17.879 17.994
17.840 17.887 17.932
17.800 17.853 17.892
17.910 18.470 19.406
17.819 17.897 17.950
17.766 17.871 18.035
17.827 17.895 17.949
17.773 17.886 17.961
17.755 17.891 18.101
17.749 17.783 17.872
17.769 17.819 17.901
17.790 17.900 18.062
17.814 18.001 18.682
17.773 17.842 17.896
17.794 17.836 17.889
17.759 17.833 17.911
17.876 18.111 18.800
17.796 17.861 17.908
17.826 18.136 19.135
17.767 18.277 20.010
17.737 17.816 17.890
17.804 17.843 17.886
17.824 17.924 18.017
17.822 17.859 17.912
17.886 17.928 17.960
17.807 17.931 18.120
17.771 17.849 17.937
17.780 18.253 19.298
17.775 17.882 17.978
17.858 17.928 17.997
17.797 17.866 17.921
17.759 17.889 17.951
17.800 17.844 17.898
17.838 17.881 17.925
17.752 18.027 18.427
17.745 17.807 17.891
17.810 17.875 17.976
17.778 17.887 17.964
17.855 17.900 17.955
17.888 18.061 18.378
17.832 17.892 17.939
17.843 17.893 17.928
17.864 18.110 18.715
17.820 17.893 17.963
17.741 17.810 17.848
17.797 17.844 17.915
17.792 17.940 18.378
17.803 17.955 18.251
17.788 17.883 17.955
17.851 17.865 17.883
17.823 17.879 17.950
17.762 17.851 17.968
17.798 17.871 17.953
17.819 17.857 17.904
17.774 17.811 17.836
17.787 17.831 17.891
17.776 17.839 18.030
17.762 17.816 17.900
17.802 17.935 18.287
17.793 17.877 17.970
17.805 17.947 18.111
17.822 17.900 18.004
17.856 17.956 18.114
17.812 17.843 17.881
17.800 17.852 17.925
17.806 17.905 17.953
17.785 18.109 19.153
17.717 17.777 17.850
17.795 17.858 17.911
17.866 17.899 17.941
17.800 17.988 18.663
17.804 17.920 18.209
17.806 17.858 17.918
17.790 17.875 17.998
17.769 17.902 18.002
17.774 17.872 17.942
17.807 17.897 18.155
17.729 17.783 17.924
17.852 17.904 17.969
17.848 17.883 17.941
17.790 17.894 18.070
17.803 17.864 17.954
17.804 18.043 18.661
17.839 17.910 18.033
17.806 18.031 18.603
17.775 17.840 17.967
17.786 17.830 17.870
17.759 17.822 17.960
17.784 17.871 17.948
17.820 17.849 17.925
17.720 17.767 17.850
17.766 17.792 17.816
17.794 17.837 17.942
17.811 17.853 17.893
17.799 17.870 17.917
17.837 18.020 18.574
17.806 17.871 17.943
17.769 17.840 17.947
17.794 17.859 17.945
17.804 17.844 17.891
17.783 17.836 17.904
17.779 17.819 17.902
17.762 17.859 17.964
17.806 17.958 18.395
17.849 17.892 17.943
17.736 17.823 17.918
17.862 17.997 18.174
17.865 17.895 17.949
17.864 18.144 19.113
17.827 17.896 18.111
17.807 17.920 18.108
17.809 17.878 17.928
17.842 17.875 17.934
17.819 17.870 17.921
17.832 18.160 19.248
17.930 18.056 18.254
17.754 17.818 17.915
17.742 17.804 17.887
17.767 17.855 17.943
17.755 17.801 17.876
17.757 17.816 17.866
17.767 18.267 20.116
17.845 18.306 19.837
17.786 17.860 17.969
17.751 17.829 17.865
17.790 17.866 17.935
17.842 18.013 18.597
17.833 17.909 18.030
17.799 17.876 17.938
17.787 17.832 17.932
17.823 17.858 17.895
17.827 17.952 18.170
17.779 17.899 17.992
17.798 17.878 17.966
17.769 17.849 17.881
17.841 17.895 17.966
17.825 17.862 17.889
17.876 17.903 17.943
17.834 17.872 17.905
17.857 17.908 17.950
17.875 17.906 17.926
17.841 17.909 17.965
17.786 17.843 17.884
17.788 17.813 17.835
17.797 17.864 17.890
17.769 17.850 17.927
17.758 17.826 17.877
17.772 17.828 17.936
17.820 17.850 17.887
17.787 17.831 17.883
17.756 17.904 17.980
17.752 17.791 17.833
17.776 17.808 17.841
17.780 17.901 17.974
17.760 17.884 18.005
17.765 18.428 20.013
17.749 17.849 17.959
17.772 18.053 18.926
17.766 17.832 17.883
17.820 17.850 17.900
17.886 17.986 18.139
17.824 17.990 18.376
17.766 17.897 18.036
17.789 17.865 17.928
17.792 17.910 18.262
17.779 17.879 17.936
17.805 17.897 17.968
17.898 17.913 17.950
17.909 17.944 18.008
17.862 18.655 20.412
17.800 17.858 17.922
17.824 18.046 18.888
17.749 17.791 17.850
17.687 17.819 17.956
17.757 17.791 17.830
17.744 17.830 17.936
17.831 18.070 18.588
17.792 17.851 17.899
17.885 17.949 18.007
17.817 17.848 17.940
17.790 17.849 17.904
17.813 17.870 17.940
17.775 17.856 18.015
17.798 17.855 17.894
17.750 17.842 17.973
17.752 17.857 17.921
17.812 17.876 17.960
17.777 17.856 17.926
17.805 17.997 18.610
17.760 17.800 17.851
17.726 17.795 17.855
17.737 17.798 17.870
17.772 17.850 17.904
17.736 17.808 17.901
17.829 17.864 17.901
17.837 18.042 18.542
17.823 18.207 19.555
17.789 17.852 17.929
17.748 17.794 17.855
17.748 17.796 17.843
17.735 17.797 17.865
17.791 17.866 17.977
17.808 17.849 17.928
17.781 18.107 19.303
17.825 17.882 17.961
17.768 17.883 17.974
17.835 17.888 17.965
17.726 17.786 17.829
17.811 17.894 17.948
17.776 17.845 18.013
17.795 18.095 19.145
17.824 17.906 18.031
17.795 17.880 18.015
17.837 17.887 17.922
17.819 17.895 17.966
17.830 17.867 17.906
17.814 17.858 17.889
17.784 17.863 17.950
17.723 17.827 17.883
17.788 17.839 17.893
17.868 17.907 17.962
17.808 17.895 18.189
17.793 18.268 19.880
17.773 17.825 17.880
17.803 17.858 17.922
17.746 17.853 17.967
17.796 17.857 17.891
17.792 17.812 17.829
17.805 17.863 17.912
17.786 17.867 17.931
17.773 17.826 17.932
17.779 17.844 17.905
17.790 17.839 17.885
17.791 17.846 17.904
17.766 17.851 17.900
17.818 17.833 17.843
17.802 17.841 17.881
17.774 20.319 30.264
17.721 17.782 17.866
17.780 17.814 17.843
17.777 17.832 17.888
17.790 17.845 17.884
17.759 17.842 17.925
17.768 17.908 18.227
17.759 17.813 17.880
17.781 18.023 18.872
17.810 17.874 17.949
17.780 17.868 17.984
17.774 17.816 17.860
17.728 17.800 17.943
17.747 17.814 17.885
17.765 17.829 17.901
17.795 17.843 17.902
17.799 17.836 17.894
17.750 17.782 17.834
17.798 17.858 17.920
17.758 17.833 17.906
17.797 17.840 17.890
17.714 17.764 17.815
17.830 17.860 17.897
17.788 17.804 17.837
17.843 17.917 18.027
17.796 17.833 17.900
17.781 17.866 18.132
17.797 17.856 17.932
17.809 17.822 17.852
17.727 18.184 19.257
17.781 17.847 17.893
17.797 18.136 18.665
17.724 17.792 17.855
17.821 17.866 17.975
17.843 17.926 18.110
17.783 17.795 17.816
17.763 17.893 18.252
17.768 17.813 17.855
17.796 18.697 20.382
17.792 17.813 17.850
17.795 17.827 17.901
17.795 17.829 17.884
17.765 17.781 17.801
17.800 17.973 18.480
17.782 18.123 19.247
17.774 17.828 17.865
17.795 17.845 17.868
17.743 17.787 17.830
17.810 17.829 17.868
17.817 18.109 19.051
17.760 17.824 17.853
17.766 17.786 17.803
17.765 17.948 18.561
17.862 18.125 19.007
17.778 17.834 17.874
17.831 17.865 17.926
17.734 17.788 17.825
17.770 17.834 17.923
17.760 17.807 17.843
17.778 17.797 17.839
17.721 17.928 18.560
17.760 17.801 17.861
17.766 17.804 17.823
17.759 17.806 17.878
17.756 17.903 18.359
17.726 17.776 17.841
17.734 17.878 18.194
17.745 17.837 18.018
17.805 17.867 17.980
17.768 17.833 17.898
17.762 17.777 17.801
17.749 17.841 18.027
17.781 17.831 17.914
17.812 17.951 18.387
17.758 17.878 18.008
17.733 18.339 20.303
17.813 17.826 17.834
17.811 17.846 17.910
17.788 17.827 17.891
17.778 17.835 17.892
17.806 17.829 17.891
17.793 17.834 17.961
17.854 17.888 17.960
17.733 17.765 17.833
17.764 17.836 17.939
17.720 17.800 17.853
17.711 17.725 17.753
17.830 17.864 17.887
17.778 17.846 17.922
17.769 17.780 17.792
17.740 17.774 17.821
17.788 17.834 17.935
17.774 17.831 17.927
17.787 17.828 17.905
17.781 17.824 17.857
17.760 17.791 17.834
17.752 17.772 17.809
17.748 17.791 17.844
17.748 17.800 17.858
17.800 17.895 17.977
17.741 17.822 17.905
17.748 17.830 17.898
17.853 18.196 19.258
17.754 17.862 17.994
17.697 17.760 17.837
17.800 17.832 17.900
17.797 17.848 17.939
17.801 17.861 17.939
17.773 17.794 17.850
17.774 17.801 17.852
17.755 17.770 17.790
17.773 17.830 17.935
17.735 17.824 17.876
17.801 17.857 17.922
17.782 17.826 17.867
17.784 17.845 17.919
17.771 17.820 17.850
17.803 17.857 17.957
17.770 17.894 18.241
17.770 17.805 17.857
17.740 17.835 17.967
17.749 17.820 17.880
17.774 17.841 17.922
17.799 17.836 17.857
17.828 17.870 17.917
17.729 17.771 17.807
17.782 17.883 17.954
17.781 17.874 18.140
17.785 18.045 18.925
17.811 17.861 17.986
17.757 17.905 18.196
17.762 17.913 18.316
17.774 17.852 17.915
17.745 17.782 17.828
17.794 17.855 17.913
17.811 17.887 17.980
17.772 17.854 17.931
17.785 17.806 17.828
17.793 17.830 17.940
17.724 17.778 17.891
17.799 17.859 17.981
17.758 17.827 17.886
17.795 17.842 17.901
17.791 17.832 17.899
17.771 17.847 17.960
17.745 17.803 17.849
17.811 17.866 17.952
17.823 17.858 17.901
17.800 17.842 17.893
17.757 17.859 17.986
17.785 17.812 17.882
17.784 17.843 17.879
17.788 17.858 17.962
17.819 17.849 17.901
17.773 17.813 17.857
17.795 17.837 17.889
17.769 18.165 18.729
17.792 17.831 17.849
17.769 17.842 17.888
17.806 17.837 17.912
17.777 17.854 17.888
17.760 17.858 17.925
17.780 17.821 17.894
17.837 17.873 17.902
17.767 17.854 17.954
17.830 17.883 17.966
17.750 18.160 19.593
17.775 17.855 17.928
17.771 17.822 17.912
17.774 17.839 17.945
17.786 17.845 17.890
17.797 17.807 17.816
17.758 17.778 17.794
17.794 18.085 19.091
17.789 17.844 17.980
17.809 17.847 17.874
17.808 17.828 17.856
17.841 17.903 18.035
17.789 17.813 17.861
17.745 17.867 18.210
17.801 18.010 18.618
17.771 18.071 19.030
17.765 17.833 17.865
17.711 17.750 17.775
17.822 17.872 17.911
17.803 17.832 17.895
17.764 17.809 17.906
17.785 17.856 17.884
17.772 17.870 17.977
17.731 17.790 17.889
17.909 20.349 29.978
17.817 18.036 18.764
17.814 17.962 18.249
17.827 17.882 17.928
17.793 17.862 17.892
17.798 17.834 17.867
17.804 17.853 17.935
17.757 17.997 18.589
17.767 17.820 17.917
17.772 17.839 17.926
17.777 17.985 18.723
17.792 17.844 17.893
17.722 17.758 17.831
17.834 17.878 17.915
17.817 17.850 17.906
17.803 17.872 17.999
17.894 17.941 18.029
17.832 17.871 17.919
17.723 17.818 17.917
17.773 17.920 18.364
17.786 17.918 18.029
17.845 17.902 17.946
17.741 17.812 17.960
17.796 17.879 17.985
17.810 17.965 18.316
17.814 18.030 18.758
17.783 17.975 18.354
17.781 17.834 17.885
17.713 17.806 17.927
17.777 17.824 17.894
17.783 17.819 17.836
17.742 17.809 17.878
17.763 17.834 17.885
17.766 18.176 19.617
17.794 17.878 17.940
17.774 17.815 17.900
17.857 17.915 17.961
17.761 17.831 17.986
17.839 17.861 17.891
17.790 17.880 18.005
17.900 18.211 19.105
17.726 17.822 17.910
17.797 17.871 17.974
17.861 17.967 18.143
17.855 17.914 18.067
17.884 17.929 17.994
17.785 17.863 17.931
17.797 17.848 17.938
17.781 17.863 17.946
17.775 17.827 17.875
17.792 17.821 17.873
17.734 17.790 17.856
17.793 17.824 17.859
17.833 17.917 18.011
17.819 17.888 17.938
17.692 17.950 18.498
17.835 17.920 17.981
17.763 17.808 17.863
17.733 17.957 18.622
17.798 17.871 17.958
17.736 18.000 18.814
17.842 17.867 17.931
17.690 17.786 17.941
17.878 18.009 18.465
17.779 17.839 17.878
17.879 17.962 18.115
17.874 18.016 18.315
17.710 17.748 17.828
17.769 17.848 18.037
17.800 17.825 17.865
17.753 17.917 18.366
17.821 17.874 17.960
17.728 17.744 17.781
17.747 17.798 17.917
17.718 17.744 17.795
17.758 17.788 17.842
17.729 17.934 18.652
17.814 17.878 17.955
17.766 17.819 17.841
17.777 17.824 17.859
17.811 17.846 17.903
17.731 17.862 17.942
17.816 17.867 17.917
17.828 17.864 17.895
17.828 17.881 18.012
17.806 17.883 18.159
17.785 17.911 18.111
17.755 17.796 17.855
17.784 18.020 18.854
17.790 17.833 17.896
17.780 17.826 17.893
17.770 17.829 17.903
17.759 17.935 18.508
17.793 17.829 17.867
17.748 17.792 17.843
17.834 17.872 17.909
17.773 17.818 17.848
17.742 17.959 18.641
17.798 17.835 17.903
17.767 17.897 18.042
17.774 17.849 18.002
17.789 17.809 17.837
17.780 17.877 18.028
17.785 17.850 18.019
17.760 17.894 18.047
17.808 17.875 17.931
17.761 17.845 17.914
17.797 17.869 17.903
17.866 17.874 17.901
17.738 17.847 17.963
17.788 17.850 17.923
17.798 18.079 18.992
17.747 17.834 17.926
17.838 17.879 17.965
17.823 17.862 17.922
17.807 17.866 17.918
17.794 17.848 17.902
17.760 17.966 18.481
17.896 17.945 17.999
17.866 18.172 19.270
17.833 17.879 17.933
17.822 17.882 17.959
17.795 17.871 17.924
17.834 17.940 18.255
17.819 17.899 17.992
17.819 17.916 18.085
17.834 18.082 18.654
17.732 17.834 17.953
17.815 17.883 17.996
17.808 18.111 19.196
17.795 17.849 17.942
17.759 17.800 17.853
17.744 17.787 17.818
17.801 17.832 17.866
17.755 17.793 17.846
17.744 17.784 17.828
17.743 17.782 17.850
17.855 17.895 17.932
17.754 17.809 17.863
17.729 17.816 17.879
17.804 17.853 17.917
17.800 18.124 19.367
17.819 17.903 18.003
17.771 17.841 17.923
17.730 17.794 17.831
17.818 17.884 17.954
17.781 17.902 18.010
17.788 17.850 17.889
17.793 17.831 17.867
17.752 17.834 17.902
17.853 17.889 17.966
17.788 17.868 17.914
17.759 17.836 17.932
17.808 17.858 17.919
17.798 17.848 17.922
17.777 17.807 17.865
17.909 18.189 19.115
17.795 17.889 17.958
17.806 18.015 18.646
17.787 17.815 17.883
17.823 18.018 18.632
17.798 17.833 17.848
17.770 17.833 17.882
17.750 17.817 17.880
17.835 17.897 17.997
17.806 17.879 18.050
17.859 17.902 17.964
17.789 17.871 17.921
17.845 17.919 18.014
17.764 17.850 17.965
17.782 17.834 17.949
17.858 17.927 18.054
17.736 17.805 17.879
17.733 18.141 18.553
17.795 17.889 18.028
17.728 17.799 17.838
17.792 17.843 17.881
17.796 17.952 18.191
17.772 17.827 17.871
17.791 18.118 19.234
17.768 17.821 17.961
17.781 17.825 17.885
17.825 17.873 17.909
17.713 17.821 17.897
17.796 17.845 17.935
17.858 17.937 18.178
17.756 17.828 17.879
17.757 17.811 17.876
17.757 17.957 18.636
17.759 18.197 19.795
17.797 17.855 17.914
17.798 17.886 18.086
17.766 17.789 17.810
17.728 17.814 17.931
17.757 17.839 17.907
17.767 17.805 17.863
17.801 17.858 17.889
17.780 18.011 18.699
17.753 17.822 17.883
17.885 17.931 17.968
17.804 17.918 18.105
17.837 17.891 17.965
17.774 17.800 17.826
17.759 17.831 17.976
17.760 17.798 17.881
17.811 17.863 17.919
17.783 17.818 17.856
17.810 17.850 17.910
17.794 17.828 17.867
17.791 17.833 17.871
17.779 17.858 17.947
17.706 17.792 17.889
17.797 17.912 18.202
17.801 17.863 17.981
17.747 17.836 17.893
17.834 17.894 17.952
17.789 17.868 18.010
17.803 17.855 17.945
17.797 17.839 17.939
17.776 17.873 17.944
17.813 17.877 17.939
17.778 18.291 19.758
17.777 17.960 18.160
17.770 17.830 17.920
17.785 17.863 18.049
17.749 17.907 18.320
17.775 17.859 17.910
17.815 18.074 18.982
17.783 17.801 17.823
17.761 17.777 17.802
17.777 17.948 18.404
17.761 17.814 17.883
17.728 18.044 19.018
17.800 17.877 17.946
17.807 17.915 18.043
17.792 17.960 18.263
17.802 17.841 17.900
17.784 17.839 17.917
17.785 17.848 17.940
17.773 17.865 18.007
17.806 17.879 17.930
17.861 17.976 18.251
17.895 17.924 17.963
17.763 17.799 17.862
17.738 17.787 17.854
17.780 17.858 18.051
17.782 17.821 17.871
17.762 17.804 17.873
17.880 17.942 17.993
17.726 17.777 17.810
17.732 17.775 17.847
17.786 18.031 18.610
17.779 17.853 17.931
17.829 17.861 17.908
17.819 17.880 17.943
17.713 17.751 17.822
17.758 18.007 18.696
17.803 17.842 17.891
17.806 17.830 17.871
17.787 17.847 17.920
17.793 17.889 17.992
17.831 17.879 17.942
17.809 17.874 17.942
17.769 17.895 18.226
17.789 17.843 17.885
17.789 17.832 17.926
17.877 17.963 18.150
17.826 17.894 17.998
17.775 17.855 18.005
17.770 17.922 18.213
17.765 18.091 18.829
17.839 17.882 17.952
17.789 17.849 17.919
17.792 17.888 18.114
17.774 17.939 18.535
17.794 17.882 17.965
17.831 17.871 17.910
17.801 18.019 18.339
17.836 18.012 18.470
17.835 17.874 17.928
17.808 17.863 17.975
17.809 17.922 18.067
17.767 17.855 17.940
17.794 17.860 18.006
17.757 17.838 17.912
17.868 17.889 17.915
17.806 17.843 17.884
17.762 18.179 19.065
17.799 17.875 17.985
17.859 17.910 18.004
17.749 17.904 18.217
17.778 18.120 19.285
17.728 17.844 17.937
17.807 17.835 17.851
17.814 17.852 17.896
17.838 17.881 17.916
17.809 17.879 17.927
17.795 17.941 18.327
17.802 17.902 18.155
17.885 17.911 17.954
17.755 17.831 17.950
17.834 17.857 17.919
17.799 17.875 17.991
17.827 17.885 17.958
17.794 18.133 19.090
17.805 17.839 17.878
17.761 17.816 17.902
17.778 17.857 17.888
17.793 18.211 19.695
17.824 17.870 17.910
17.795 17.834 17.919
17.771 17.864 17.940
17.764 17.888 18.014
17.836 18.053 18.598
17.852 17.873 17.891
17.785 17.835 17.899
17.784 17.931 18.076
17.853 17.885 17.950
17.774 17.831 17.874
17.770 17.852 17.919
17.792 18.215 19.608
17.805 17.850 17.903
17.806 17.856 17.932
17.756 17.860 17.914
17.773 17.844 17.960
17.720 17.940 18.180
17.801 18.142 19.176
17.871 17.940 17.980
17.818 17.853 17.903
17.799 17.876 17.980
17.782 17.849 17.929
17.888 18.333 20.024
17.803 17.906 17.947
17.877 17.928 18.002
17.887 17.946 18.019
17.725 17.758 17.811
17.778 18.202 19.643
17.797 17.842 17.936
17.845 17.892 17.919
17.844 17.896 17.950
17.775 17.938 18.137
17.863 17.893 17.925
17.770 17.826 17.880
17.810 17.854 17.912
17.719 17.870 18.213
17.784 17.837 17.875
17.727 17.841 17.941
17.717 17.823 17.942
17.820 17.932 18.225
17.851 17.886 17.908
17.832 18.174 19.223
17.810 17.836 17.873
17.804 17.865 17.921
17.812 17.866 18.027
17.820 17.898 17.986
17.847 17.900 17.956
17.831 18.060 18.688
17.822 18.047 18.523
17.759 17.944 18.104
17.834 17.864 17.908
17.855 17.894 17.933
17.875 18.009 18.461
17.845 17.901 17.950
17.846 18.062 18.754
17.800 17.896 17.935
17.848 17.893 17.922
17.872 17.976 18.088
17.829 17.903 18.132
17.760 17.862 18.080
17.901 18.243 19.437
17.830 17.901 17.951
17.848 18.069 18.725
17.853 17.910 18.063
17.791 17.880 17.993
17.820 17.913 17.982
17.814 17.840 17.880
17.888 18.035 18.311
17.878 18.067 18.749
17.861 17.894 17.927
17.836 17.943 18.052
17.833 17.949 18.256
17.834 18.020 18.433
17.809 17.922 17.977
17.862 17.922 17.951
17.809 17.872 17.912
17.829 18.394 20.233
17.802 17.900 17.976
17.901 17.955 18.075
17.825 17.900 17.962
17.865 17.888 17.931
17.798 17.935 18.014
17.785 17.883 17.931
17.748 17.863 17.939
17.868 17.878 17.908
17.816 17.879 17.957
17.878 17.904 17.925
17.914 18.001 18.150
17.774 17.860 17.962
17.828 18.006 18.458
17.845 17.920 17.994
17.897 17.975 18.105
17.854 17.913 17.955
17.801 17.836 17.869
17.789 17.846 17.898
17.810 17.887 17.935
17.781 17.892 18.055
17.805 17.894 17.975
17.830 17.892 17.919
17.793 17.894 17.948
17.904 18.015 18.085
17.815 17.861 17.892
17.805 17.879 17.905
17.879 17.918 17.965
17.836 17.984 18.249
17.862 17.897 17.946
17.784 17.836 17.880
17.811 17.860 17.928
17.851 17.887 17.920
17.765 17.853 17.920
17.791 18.285 19.837
17.765 17.849 18.019
17.840 17.897 17.943
17.743 17.825 17.902
17.867 17.908 17.947
17.752 17.877 17.934
17.783 17.829 17.884
17.746 17.837 17.890
17.786 17.840 17.884
17.767 17.843 17.923
17.873 17.960 17.997
17.713 17.781 17.843
17.817 17.871 17.983
17.763 17.872 17.950
17.749 17.845 17.879
17.787 17.861 17.934
17.813 17.927 18.135
17.872 17.901 17.958
17.809 17.890 17.973
17.743 17.887 18.181
17.750 17.824 17.867
17.749 18.175 19.349
17.829 17.879 17.919
17.842 17.872 17.910
17.816 17.936 18.224
17.803 17.856 17.922
17.791 17.861 17.952
17.793 17.845 17.976
17.866 17.906 17.995
17.869 17.889 17.942
17.866 17.914 17.951
17.792 17.830 17.877
17.815 17.860 17.939
17.779 18.057 18.791
17.742 17.797 17.856
17.852 17.940 18.092
17.840 17.882 17.948
17.829 17.897 17.973
17.840 17.857 17.887
17.713 17.789 17.887
17.810 17.878 17.921
17.772 17.835 17.873
17.762 17.903 18.093
17.825 18.216 19.426
17.801 17.883 17.938
17.847 17.869 17.913
17.814 17.904 18.012
17.758 17.810 17.841
17.783 17.873 18.043
17.829 17.877 17.994
17.802 18.019 18.522
17.805 18.014 18.762
17.901 17.916 17.929
17.816 17.882 17.940
17.821 17.928 18.016
17.830 17.871 17.891
17.825 17.886 18.085
17.790 17.856 17.927
17.853 17.909 17.948
17.786 17.850 17.892
17.819 17.864 17.920
17.818 17.863 17.911
17.743 17.875 17.988
17.773 17.907 17.975
17.844 17.901 17.966
17.789 17.873 17.918
17.760 17.870 17.956
17.797 17.874 17.931
17.840 17.885 17.922
17.855 17.905 17.993
17.748 17.867 17.943
17.831 17.896 17.973
17.831 17.884 17.908
17.810 17.846 17.890
17.829 17.864 17.915
17.819 17.838 17.852
17.750 17.839 17.890
17.801 17.861 17.917
17.766 18.062 19.046
17.854 17.912 17.978
17.820 17.884 17.975
17.869 17.900 17.915
17.720 17.896 18.055
17.781 17.846 17.930
17.844 17.886 17.966
17.844 17.885 17.925
17.831 17.878 17.969
17.795 17.864 17.972
17.853 18.504 19.651
17.726 18.196 19.089
17.819 17.901 18.025
17.807 17.865 17.905
17.778 17.894 18.312
17.788 17.882 17.950
17.796 17.848 17.941
17.773 17.851 17.910
17.789 17.849 17.893
17.788 17.827 17.863
17.763 17.965 18.605
17.859 17.906 17.956
17.749 17.937 18.425
17.822 17.885 17.938
17.758 17.841 18.088
17.826 17.873 17.918
17.798 17.883 18.079
17.780 17.834 17.942
17.833 17.895 17.953
17.758 17.825 17.850
17.819 17.855 17.906
17.843 17.917 17.991
17.778 17.915 18.113
17.811 17.849 17.900
17.778 17.823 17.894
17.802 17.842 17.883
17.776 17.853 17.925
17.818 18.265 19.257
17.773 17.848 17.888
17.777 18.438 20.172
17.843 17.883 17.935
17.838 17.891 17.953
17.766 17.827 17.912
17.809 17.858 17.891
17.816 17.886 17.946
17.879 17.905 17.928
17.793 17.864 17.920
17.745 17.851 17.886
17.830 17.865 17.926
17.818 17.923 18.086
17.804 17.857 17.904
17.822 17.882 17.920
17.832 17.887 17.943
17.767 17.900 18.001
17.808 17.855 17.905
17.806 17.915 18.159
17.813 18.058 18.649
17.740 17.809 17.893
17.783 17.996 18.679
17.767 17.860 17.913
17.735 17.778 17.825
17.775 18.097 19.253
17.824 17.854 17.868
17.845 17.865 17.886
17.753 17.817 17.936
17.804 17.877 17.970
17.799 17.858 17.932
17.755 17.830 17.879
17.785 17.846 17.884
17.815 18.029 18.732
17.828 17.904 17.957
17.741 17.824 17.891
17.764 17.836 17.907
17.854 17.899 17.961
17.791 17.980 18.377
17.834 17.877 17.934
17.772 17.818 17.845
17.815 17.901 18.011
17.833 17.957 18.298
17.756 17.833 17.903
17.743 17.890 18.079
17.773 17.860 17.934
17.858 17.914 18.003
17.730 17.828 17.873
17.828 17.903 18.021
17.740 17.830 17.919
17.816 17.993 18.500
17.753 17.794 17.899
17.850 18.306 18.937
17.808 18.281 18.680
17.821 17.888 17.927
17.736 17.815 17.875
17.772 17.846 17.932
17.737 18.378 20.489
17.783 17.900 17.957
17.852 17.881 17.897
17.772 17.827 17.961
17.828 17.873 17.974
17.853 17.950 18.043
17.780 18.007 18.640
17.770 17.858 17.898
17.759 18.009 18.763
17.780 17.830 17.902
17.801 17.840 17.892
17.805 17.886 18.160
17.762 17.799 17.839
17.782 17.866 17.941
17.801 17.878 17.952
17.784 17.840 17.979
17.749 17.843 18.050
17.791 17.836 17.892
17.790 17.832 17.884
17.791 17.829 17.875
17.849 18.095 19.043
17.792 17.869 17.928
17.789 17.866 17.938
17.789 17.868 17.952
17.760 17.820 17.863
17.775 17.823 17.867
17.791 17.834 17.920
17.757 17.825 17.864
17.732 17.781 17.860
17.769 17.814 17.845
17.773 17.814 17.896
17.810 17.852 17.911
17.750 17.801 17.872
17.738 17.816 17.897
17.730 17.813 17.897
17.750 18.047 19.085
17.793 17.845 17.922
17.811 17.836 17.887
17.904 17.955 17.996
17.717 17.775 17.836
17.773 17.829 17.887
17.759 17.905 17.988
17.802 17.836 17.883
17.763 17.828 17.911
17.816 17.859 17.922
17.769 17.833 17.882
17.809 17.865 17.897
17.812 17.899 18.062
17.769 17.858 17.967
17.802 17.856 17.933
17.703 17.835 18.009
17.827 17.878 17.932
17.757 17.840 18.026
17.777 17.846 17.912
17.812 17.987 18.224
17.790 17.822 17.861
17.753 17.828 17.898
17.759 17.808 17.894
17.834 17.901 17.990
17.786 17.829 17.949
17.708 17.771 17.833
17.761 17.905 18.236
17.745 18.014 18.714
17.770 17.824 17.870
17.771 17.859 17.947
17.794 17.828 17.893
17.772 17.824 17.876
17.744 17.775 17.826
17.775 17.821 17.888
17.791 18.126 19.136
17.754 17.822 17.877
17.770 17.901 18.187
17.801 17.891 17.991
17.759 17.879 18.169
17.733 17.852 18.056
17.749 17.797 17.841
17.783 17.833 17.873
17.851 17.933 18.161
17.748 17.805 17.933
17.788 17.819 17.902
17.894 18.020 18.234
17.754 17.784 17.817
17.838 18.095 18.930
17.727 17.782 17.875
17.760 17.771 17.790
17.763 17.865 17.978
17.823 17.864 17.915
17.800 17.880 17.979
17.842 17.904 18.019
17.739 17.797 17.856
17.777 17.816 17.868
17.760 18.143 19.456
17.796 17.855 17.876
17.829 17.986 18.424
17.762 17.832 17.898
17.753 17.829 17.932
17.768 17.840 17.887
17.809 17.847 17.899
17.810 17.857 17.950
17.764 17.835 17.910
17.811 17.850 17.907
17.728 17.808 17.869
17.732 17.804 17.859
17.741 17.838 17.921
17.793 17.842 17.867
17.753 17.962 18.521
17.728 17.902 18.547
17.765 17.932 18.187
17.788 18.069 18.925
17.777 17.843 17.950
17.699 17.734 17.817
17.759 17.816 17.873
17.760 18.560 20.028
17.850 17.905 17.945
17.831 18.019 18.515
17.781 17.844 17.919
17.758 17.779 17.827
17.794 18.023 18.768
17.776 17.822 17.890
17.770 17.951 18.544
17.726 17.771 17.819
17.857 17.917 17.956
17.770 18.116 18.765
17.784 18.064 18.913
17.789 17.876 17.993
17.791 17.837 17.913
17.801 17.971 18.584
17.822 17.935 18.270
17.699 17.779 17.829
17.761 17.844 17.891
17.815 17.855 17.885
17.763 17.848 17.969
17.776 17.856 17.939
17.797 17.838 17.905
17.766 17.824 17.954
17.775 17.855 17.892
17.786 17.856 17.952
17.780 17.824 17.853
17.822 18.211 19.695
17.758 17.991 18.688
17.810 17.849 17.914
17.822 17.883 17.927
17.771 17.878 17.987
17.741 17.866 17.992
17.808 18.019 18.469
17.781 17.803 17.845
17.763 17.826 17.912
17.808 17.848 17.893
17.775 17.918 18.240
17.744 17.915 18.238
17.739 17.800 17.851
17.783 17.845 17.923
17.768 18.435 18.966
17.782 18.026 18.706
17.797 17.846 17.886
17.771 17.809 17.910
17.828 17.853 17.876
17.760 17.836 17.886
17.780 17.954 18.473
17.781 17.865 18.016
17.762 17.942 18.448
17.737 17.844 17.948
17.835 17.893 17.942
17.778 17.843 17.878
17.772 17.881 18.253
17.795 18.135 19.185
17.763 17.801 17.850
17.876 17.897 17.947
17.735 17.847 17.901
17.759 17.791 17.815
17.780 17.841 17.894
17.805 17.865 17.962
17.830 17.891 17.993
17.791 17.858 17.981
17.777 17.821 17.849
17.793 17.915 18.167
17.761 17.851 17.931
17.800 17.876 18.024
17.755 17.881 18.013
17.778 17.959 18.297
17.763 17.853 17.921
17.779 17.805 17.868
17.755 17.808 17.886
17.812 17.878 17.943
17.735 17.855 18.067
17.819 17.833 17.849
17.796 18.049 18.506
17.780 17.833 17.899
17.800 17.842 17.881
17.789 17.873 17.958
17.852 17.882 17.901
17.825 17.879 17.944
17.783 17.860 17.912
17.796 17.835 17.907
17.794 17.922 18.151
17.821 17.878 17.930
17.817 17.855 17.896
17.770 17.838 17.906
17.812 17.931 18.159
17.747 17.855 17.967
17.769 17.810 17.876
17.757 17.855 17.902
17.741 17.830 17.896
17.806 17.844 17.889
17.798 17.994 18.519
17.776 18.082 19.000
17.786 18.042 18.759
17.742 17.904 18.332
17.764 18.357 19.212
17.763 17.809 17.899
17.788 17.840 17.894
17.809 18.425 20.676
17.811 17.852 17.887
17.866 17.914 17.992
17.774 17.946 18.329
17.756 17.857 17.921
17.783 18.005 18.579
17.765 17.846 17.892
17.834 17.893 17.957
17.809 17.887 17.951
17.869 17.914 17.996
17.838 18.053 18.747
17.788 17.868 17.927
17.803 17.865 17.965
17.862 17.896 17.937
17.767 17.834 17.885
17.726 17.870 18.005
17.736 18.275 20.048
17.771 17.865 17.953
17.809 17.869 17.958
17.787 17.819 17.851
17.759 17.798 17.817
17.770 17.819 17.860
17.797 17.836 17.919
17.847 17.883 17.921
17.795 17.919 17.996
17.768 17.856 17.948
17.828 17.886 17.957
17.846 17.861 17.875
17.801 17.849 17.933
17.787 17.930 18.310
17.798 17.874 17.939
17.755 18.174 19.668
17.771 17.805 17.844
17.814 17.887 17.997
17.761 17.875 17.958
17.763 17.864 17.913
17.738 17.816 17.884
17.749 17.818 17.933
17.824 17.891 17.940
17.725 17.802 17.870
17.807 17.880 17.972
17.835 17.850 17.871
17.804 17.818 17.861
17.784 17.921 17.993
17.731 17.763 17.836
17.780 17.862 17.996
17.820 17.859 17.954
17.773 17.854 17.901
17.793 17.880 18.004
17.722 17.779 17.845
17.743 17.759 17.780
17.817 17.870 17.908
17.785 17.813 17.849
17.776 17.831 17.893
17.766 18.503 21.162
17.757 17.809 17.885
17.769 17.885 17.994
17.857 17.899 17.938
17.780 17.906 18.308
17.796 17.862 17.964
17.764 17.907 18.255
17.769 17.862 17.939
17.776 17.849 17.909
17.809 17.962 18.337
17.767 17.843 17.913
17.798 17.835 17.903
17.823 17.840 17.861
17.772 17.864 17.939
17.799 17.953 18.312
17.797 17.845 17.909
17.785 17.874 18.092
17.778 17.823 17.930
17.774 17.838 17.879
17.772 17.828 17.917
17.785 17.869 18.000
17.821 17.848 17.882
17.748 17.799 17.885
17.770 17.799 17.827
17.751 17.814 17.858
17.776 17.833 17.939
17.824 17.863 17.905
17.799 17.919 18.283
17.765 17.788 17.832
17.833 17.862 17.920
17.725 17.776 17.805
17.759 17.928 18.337
17.682 17.740 17.841
17.748 17.829 17.876
17.735 17.822 17.994
17.758 17.780 17.800
17.781 17.823 17.865
17.779 17.850 17.928
17.721 17.824 17.889
17.741 17.832 17.884
17.772 17.846 17.909
17.854 17.950 18.241
17.783 17.819 17.855
17.748 17.846 17.922
17.718 17.786 17.835
17.791 17.963 18.422
17.781 18.202 19.690
17.782 17.848 17.889
17.777 17.950 18.488
17.780 17.848 17.910
17.810 17.863 17.923
17.794 17.981 18.529
17.785 17.838 17.959
17.832 17.976 18.385
17.790 17.881 17.943
17.733 17.782 17.806
17.826 17.874 17.939
17.755 17.954 18.426
17.767 17.950 18.436
17.831 17.878 17.932
17.809 18.048 18.791
17.766 17.810 17.862
17.783 17.851 17.928
17.806 18.183 18.950
17.874 17.901 17.930
17.787 17.823 17.899
17.808 17.845 17.929
17.751 17.855 17.910
17.776 17.820 17.920
17.842 17.859 17.886
17.821 17.992 18.489
17.857 18.011 18.413
17.779 18.050 18.904
17.772 17.802 17.860
17.764 17.895 18.042
17.775 17.816 17.910
17.819 17.855 17.880
17.766 17.815 17.881
17.813 17.879 17.973
17.754 17.861 18.152
17.828 17.903 18.030
17.736 17.826 17.922
17.708 17.754 17.795
17.749 17.823 17.886
17.744 17.794 17.853
17.751 17.827 17.915
17.754 17.801 17.916
17.790 17.913 18.210
17.774 17.905 18.121
17.761 17.861 17.921
17.724 17.750 17.792
17.784 17.857 17.923
17.762 17.817 17.910
17.798 17.860 17.894
17.755 17.824 17.893
17.813 18.064 18.891
17.775 17.803 17.834
17.787 17.843 17.935
17.812 17.862 18.005
17.789 17.883 17.980
17.754 17.810 17.882
17.765 17.814 17.872
17.734 17.790 17.855
17.767 17.850 17.954
17.837 17.860 17.887
17.750 17.944 18.359
17.808 17.829 17.860
17.777 17.830 17.952
17.798 17.825 17.886
17.830 17.969 18.481
17.821 17.883 17.949
17.791 18.037 18.744
17.799 17.899 18.160
17.770 17.827 17.903
17.856 17.969 18.352
17.794 17.833 17.920
17.805 17.876 17.926
17.803 17.887 17.965
17.734 17.802 17.863
17.793 17.827 17.871
17.777 17.947 18.478
17.740 17.786 17.821
17.803 17.892 17.932
17.739 17.765 17.793
17.782 17.895 18.120
17.787 17.839 17.914
17.789 17.820 17.834
17.820 17.903 17.976
17.782 17.864 17.972
17.704 18.085 19.282
17.765 17.858 18.027
17.759 17.807 17.878
17.770 17.867 18.080
17.827 17.866 17.917
17.780 17.838 17.931
17.801 17.888 18.020
17.778 17.969 18.364
17.797 18.059 18.795
17.814 17.916 17.981
17.818 17.847 17.906
17.814 17.870 17.948
17.763 17.886 18.111
17.744 17.775 17.823
17.769 17.816 17.907
17.808 17.928 18.063
17.764 18.274 20.154
17.754 17.794 17.876
17.798 17.915 18.258
17.770 17.809 17.906
17.790 17.971 18.464
17.744 21.473 36.130
17.770 17.818 17.865
17.810 17.851 17.932
17.813 17.852 17.875
17.742 17.782 17.817
17.777 17.915 18.294
17.785 17.950 18.334
17.804 17.825 17.852
17.778 17.874 18.049
17.809 17.945 18.369
17.784 17.886 18.112
17.736 17.810 17.952
17.806 17.841 17.897
17.763 17.840 17.884
17.806 17.854 17.889
17.713 17.743 17.798
17.739 17.865 18.173
17.800 17.836 17.875
17.773 17.838 17.909
17.776 17.811 17.873
17.761 17.805 17.872
17.755 17.787 17.884
17.803 17.843 17.866
17.797 17.888 18.123
17.785 17.859 17.930
17.784 17.840 17.936
17.801 17.854 17.934
17.754 17.876 18.032
17.788 17.861 17.951
17.872 19.257 20.642
17.759 17.875 18.044
17.778 17.844 17.925
17.793 17.875 18.016
17.816 17.867 17.916
17.776 17.854 17.997
17.791 17.842 17.924
17.780 17.816 17.864
17.774 17.828 17.904
17.808 17.875 17.949
17.825 17.913 18.038
17.838 17.978 18.374
17.878 18.001 18.255
17.815 17.906 18.003
17.780 17.895 18.170
17.751 17.780 17.821
17.798 18.234 19.290
17.783 17.866 17.954
17.758 17.838 17.907
17.764 17.973 18.453
17.800 17.967 18.373
17.741 17.920 18.235
17.740 17.804 17.896
17.762 17.844 17.952
17.829 17.899 18.001
17.772 17.829 17.851
17.780 17.807 17.829
17.771 17.849 17.889
17.786 17.853 17.911
17.751 17.850 17.982
17.777 17.813 17.846
17.794 17.831 17.884
17.810 17.917 18.087
17.751 17.810 17.909
17.834 17.934 18.247
17.815 17.868 17.917
17.789 17.860 17.921
17.846 17.905 18.013
17.867 17.945 18.067
17.761 17.827 17.870
17.870 18.196 19.301
17.844 17.882 17.932
17.780 17.872 17.951
17.845 17.935 17.997
17.807 17.853 17.910
17.721 17.821 17.910
17.764 18.043 19.083
17.756 17.828 17.926
17.782 17.920 18.344
17.780 17.862 17.956
17.789 17.860 17.962
17.684 17.764 17.824
17.774 17.816 17.890
17.836 17.875 17.935
17.784 17.820 17.855
17.810 17.890 17.956
17.754 17.776 17.796
17.794 17.824 17.895
17.741 17.961 18.307
17.808 17.925 18.057
17.758 17.832 17.895
17.780 17.823 17.870
17.798 17.890 18.027
17.811 17.852 17.876
17.863 17.999 18.246
17.715 17.820 17.914
17.780 17.866 17.957
17.784 17.849 17.908
17.777 17.822 17.869
17.806 17.939 18.333
17.772 17.862 17.948
17.802 17.917 18.272
17.741 17.803 17.859
17.770 17.853 17.940
17.815 17.885 17.977
17.730 17.810 17.891
17.774 17.809 17.828
17.754 17.782 17.826
17.775 18.001 18.355
17.847 17.946 18.217
17.781 17.806 17.827
17.839 17.911 17.985
17.805 17.847 17.890
17.763 17.801 17.828
17.799 17.835 17.865
17.712 17.741 17.763
17.820 17.847 17.879
17.806 17.870 17.956
17.786 17.988 18.576
17.801 17.915 18.203
17.802 17.883 18.024
17.803 17.843 17.947
17.778 17.926 18.381
17.724 17.841 17.921
17.764 17.945 18.171
17.787 17.934 18.252
17.823 17.868 17.957
17.768 17.870 18.028
17.815 18.535 19.872
17.761 17.829 17.912
17.820 17.873 17.939
17.824 17.856 17.928
17.714 17.760 17.809
17.771 17.836 17.880
17.802 17.840 17.891
17.825 17.894 17.943
17.839 17.871 17.921
17.806 17.882 17.960
17.791 17.840 17.909
17.817 17.890 17.913
17.767 17.819 17.862
17.777 17.821 17.930
17.796 18.078 19.003
17.784 17.848 17.963
17.791 17.939 18.267
17.777 17.835 17.894
17.866 17.922 18.001
17.746 17.814 17.868
17.780 17.850 18.013
17.762 17.830 17.920
17.786 17.840 17.946
17.765 17.846 17.927
17.805 17.858 17.923
17.736 17.821 17.872
17.811 17.888 17.942
17.801 17.870 17.926
17.767 17.835 17.945
17.793 17.836 17.929
17.799 17.860 17.956
17.783 17.842 17.981
17.755 17.842 17.967
17.754 17.823 17.918
17.762 17.815 17.869
17.774 17.928 18.437
17.751 17.806 17.856
17.782 17.832 17.925
17.783 18.025 18.596
17.788 17.881 18.000
17.776 17.910 18.013
17.787 17.809 17.859
17.790 17.832 17.860
17.784 17.851 17.985
17.790 17.861 17.899
17.799 17.975 18.180
17.773 17.898 18.298
17.753 17.863 18.113
17.759 17.835 17.916
17.781 17.851 17.946
17.749 17.827 17.922
17.847 17.912 17.935
17.877 17.942 18.002
17.804 17.912 18.148
17.788 17.886 18.053
17.755 17.800 17.858
17.793 17.985 18.370
17.735 17.822 17.906
17.771 17.813 17.834
17.814 17.869 17.908
17.820 18.503 20.908
17.764 17.882 17.984
17.802 17.832 17.878
17.737 17.788 17.849
17.758 17.799 17.833
17.772 17.858 18.103
17.789 17.826 17.899
17.759 17.815 17.930
17.717 17.760 17.823
17.763 17.830 17.967
17.770 17.838 17.900
17.807 17.894 18.072
17.820 18.509 19.544
17.781 17.842 17.904
17.755 18.042 19.006
17.789 17.860 17.903
17.838 17.908 18.012
17.839 18.078 18.786
17.807 18.121 19.177
17.762 17.801 17.840
17.828 17.898 18.055
17.794 17.907 18.134
17.744 17.802 17.854
17.828 17.911 18.078
17.747 17.837 17.924
17.770 17.804 17.879
17.797 17.860 17.944
17.786 17.880 17.929
17.739 17.872 17.997
17.740 17.825 17.904
17.762 17.955 18.589
17.819 18.023 18.614
17.806 17.972 18.339
17.831 17.959 18.311
17.791 17.888 17.957
17.781 17.879 17.983
17.847 17.873 17.938
17.739 17.929 18.494
17.848 17.930 18.023
17.765 17.931 18.026
17.749 17.786 17.846
17.823 17.864 17.935
17.793 17.889 17.965
17.806 17.850 17.901
17.829 17.871 17.938
17.795 17.939 18.083
17.812 17.918 18.047
17.745 17.798 17.833
17.781 17.845 17.940
17.801 17.990 18.355
17.707 17.770 17.808
17.847 17.910 17.961
17.739 17.850 18.117
17.838 18.132 19.185
17.849 17.875 17.957
17.810 17.897 18.133
17.838 18.203 19.450
17.808 17.850 17.886
17.805 17.900 18.196
17.803 17.873 17.927
17.810 17.864 17.946
17.782 18.009 18.670
17.796 17.867 18.054
17.730 17.880 18.138
17.771 17.829 17.867
17.751 18.105 18.716
17.816 17.859 17.903
17.824 17.856 17.919
17.755 17.829 17.916
17.821 17.881 17.927
17.934 17.995 18.057
17.783 17.859 18.087
17.779 18.319 20.265
17.798 17.869 17.982
17.799 17.845 17.869
17.871 17.915 17.941
17.829 17.921 18.007
17.776 17.988 18.254
17.788 17.948 18.405
17.777 17.841 17.913
17.798 17.993 18.468
17.796 17.839 17.872
17.750 17.865 18.009
17.808 18.006 18.641
17.804 18.121 19.208
17.829 17.956 18.274
17.858 17.926 18.135
17.832 17.902 17.960
17.832 17.919 18.107
17.882 17.896 17.951
17.846 17.876 17.899
17.777 17.870 17.978
17.755 17.905 17.951
17.823 17.859 17.890
17.767 17.826 17.860
17.805 17.849 17.908
17.841 18.264 19.786
17.823 17.905 17.992
17.860 17.873 17.884
17.821 17.878 17.915
17.883 17.924 17.969
17.756 17.858 18.081
17.880 17.943 17.987
17.795 17.842 17.899
17.861 17.886 17.921
17.780 17.850 17.935
17.799 17.842 17.916
17.714 17.990 18.554
17.726 17.820 17.889
17.773 17.910 18.006
17.800 17.996 18.613
17.793 17.839 17.908
17.782 17.853 17.928
17.839 17.885 17.935
17.773 17.850 17.933
17.924 17.947 17.982
17.766 17.908 18.113
17.763 17.890 18.088
17.791 17.927 18.190
17.818 17.837 17.861
17.827 17.876 17.938
17.815 17.930 18.137
17.796 17.849 17.926
17.734 17.797 17.879
17.786 17.872 18.089
17.788 17.868 17.944
17.771 17.847 17.914
17.729 17.762 17.805
17.783 17.839 17.898
17.775 17.887 17.936
17.727 18.290 20.330
17.763 17.857 17.949
17.754 17.889 17.972
17.790 17.868 17.919
17.826 17.942 18.273
17.811 17.876 17.918
17.858 17.908 17.987
17.743 17.862 17.965
17.807 17.914 18.132
17.766 17.854 17.983
17.780 17.834 17.904
17.765 17.834 17.950
17.777 17.852 17.900
17.709 17.810 17.894
17.785 17.818 17.874
17.879 17.913 17.964
17.762 18.029 19.042
17.754 17.817 17.901
17.808 17.861 17.916
17.798 17.853 17.914
17.799 17.965 18.316
17.772 17.823 17.907
17.787 17.837 17.883
17.762 17.866 18.044
17.780 17.899 18.071
17.771 17.904 17.967
17.791 17.860 17.937
17.859 17.884 17.912
17.743 17.990 18.827
17.800 17.926 18.182
17.882 17.922 18.007
17.815 17.858 17.947
17.747 17.785 17.874
17.724 17.808 17.908
17.755 17.854 17.938
17.801 17.855 17.951
17.761 17.800 17.862
17.862 17.883 17.897
17.909 18.533 19.883
17.800 17.839 17.872
17.745 17.846 17.906
17.780 17.876 17.994
17.856 18.069 18.756
17.829 20.603 30.879
17.765 17.889 18.046
17.798 17.843 17.907
17.813 17.991 18.483
17.773 17.898 18.255
17.826 17.908 18.109
17.780 17.821 17.863
17.756 17.825 17.900
17.805 17.836 17.870
17.805 17.856 17.913
17.757 17.957 18.623
17.841 17.906 17.984
17.802 17.847 17.896
17.779 17.952 18.383
17.826 17.885 17.951
17.751 17.879 18.067
17.761 17.893 18.314
17.802 17.964 18.415
17.766 17.954 18.604
17.762 17.816 17.865
17.787 18.123 19.295
17.777 17.835 17.904
17.782 17.832 17.886
17.807 17.874 17.929
17.811 17.845 17.884
17.766 17.887 18.070
17.789 17.865 18.084
17.724 17.869 18.082
17.754 17.798 17.841
17.800 17.844 17.877
17.813 17.851 17.917
17.803 17.880 18.005
17.762 17.820 17.964
17.767 17.849 17.896
17.757 17.921 18.387
17.737 17.788 17.864
17.745 17.804 17.841
17.769 17.802 17.850
17.767 17.831 17.913
17.760 17.836 17.878
17.727 17.783 17.863
17.767 17.781 17.810
17.792 17.878 18.009
17.764 17.892 18.153
17.753 17.800 17.895
17.725 17.774 17.864
17.775 17.822 17.898
17.757 17.801 17.872
17.779 17.801 17.827
17.757 17.797 17.849
17.773 17.814 17.868
17.712 18.029 19.068
17.775 17.833 17.974
17.723 17.795 17.861
17.798 17.852 17.910
17.722 17.800 17.866
17.762 17.876 18.141
17.760 17.815 17.922
17.806 17.859 17.962
17.799 17.855 17.922
17.754 17.834 17.905
17.884 17.921 18.034
17.779 17.838 17.896
17.756 18.222 19.769
17.793 17.848 17.930
17.807 17.850 17.914
17.804 17.844 17.880
17.815 18.155 19.050
17.816 17.859 17.919
17.805 17.835 17.912
17.751 17.781 17.833
17.756 17.822 17.899
17.780 17.826 17.882
17.718 17.793 17.867
17.750 17.829 17.978
17.742 17.816 17.851
17.737 18.234 19.800
17.822 17.896 17.973
17.704 17.802 17.871
17.816 17.888 17.957
17.842 17.860 17.884
17.734 17.868 17.945
17.781 17.840 17.872
17.815 17.948 18.376
17.721 17.775 17.809
17.770 17.839 17.893
17.806 17.847 17.906
17.751 17.818 17.889
17.798 17.882 18.014
17.773 17.835 17.912
17.733 17.794 17.846
17.780 17.881 17.929
17.796 17.834 17.897
17.790 17.892 18.017
17.761 17.836 17.915
17.792 17.874 17.940
17.780 17.833 17.880
17.739 17.806 17.892
17.801 17.821 17.883
17.817 17.860 17.910
17.780 17.838 17.899
17.793 17.818 17.863
17.804 17.906 18.265
17.748 17.870 17.998
17.794 17.862 17.937
17.811 17.878 17.975
17.853 17.881 17.893
17.807 17.875 17.947
17.795 17.809 17.845
17.816 17.927 18.253
17.805 17.877 17.910
17.832 17.922 18.000
17.791 17.876 17.933
17.803 17.844 17.875
17.816 17.883 17.954
17.832 17.856 17.888
17.762 17.842 17.900
17.775 17.829 17.874
17.797 17.910 18.038
17.777 17.810 17.862
17.777 18.006 18.804
17.782 17.851 17.931
17.755 17.832 17.897
17.793 17.847 17.883
17.777 17.849 17.908
17.769 17.883 18.144
17.757 17.793 17.849
17.805 18.120 19.224
17.787 17.865 17.959
17.792 17.834 17.919
17.814 18.104 19.124
17.797 17.835 17.868
17.789 17.834 17.894
17.769 17.825 17.884
17.765 18.424 20.665
17.777 17.827 17.897
17.740 17.841 17.985
17.801 17.865 17.909
17.749 17.828 18.049
17.796 17.823 17.852
17.731 17.825 17.929
17.782 17.815 17.868
17.762 18.049 18.992
17.740 17.842 17.932
17.804 18.295 20.128
17.761 17.799 17.825
17.816 18.050 18.799
17.780 17.821 17.860
17.801 17.850 17.911
17.826 18.053 18.821
17.811 17.886 17.941
17.826 17.863 17.903
17.785 17.830 17.872
17.764 17.866 18.052
17.789 17.823 17.854
17.752 17.786 17.853
17.717 17.766 17.865
17.784 17.822 17.910
17.795 17.861 18.054
17.855 18.071 18.564
17.841 18.010 18.508
17.704 17.814 17.961
17.807 17.860 17.927
17.801 18.091 19.002
17.764 17.808 17.861
17.808 17.987 18.567
17.828 17.921 18.174
17.705 17.821 17.911
17.795 17.842 17.903
17.797 17.846 17.891
17.738 17.806 17.896
17.768 17.843 17.907
17.752 17.806 17.904
17.762 17.825 17.949
17.793 17.862 17.918
17.781 17.944 18.250
17.765 17.841 17.876
17.867 18.085 18.467
17.817 17.900 17.986
17.771 17.838 17.901
17.785 17.852 17.914
17.753 17.775 17.792
17.747 17.896 18.157
17.721 17.796 17.859
17.749 17.820 17.900
17.847 17.971 18.382
17.765 17.837 17.914
17.797 17.878 17.952
17.789 17.820 17.855
17.754 17.960 18.579
17.769 17.851 17.929
17.787 17.820 17.874
17.774 17.825 17.872
17.777 17.809 17.871
17.766 17.881 18.222
17.799 17.829 17.861
17.815 17.854 17.910
17.803 17.840 17.897
17.769 17.826 17.911
17.794 17.822 17.860
17.728 17.775 17.843
17.742 17.775 17.804
17.758 17.830 17.892
17.752 17.812 17.878
17.785 17.843 17.913
17.774 17.829 17.882
17.744 17.880 18.275
17.778 17.853 17.982
17.771 17.792 17.828
17.771 17.826 17.879
17.772 17.823 17.892
17.733 17.833 17.931
17.783 17.919 18.323
17.796 17.850 17.922
17.770 17.832 18.008
17.744 17.818 17.882
17.789 18.044 18.915
17.753 17.866 18.110
17.758 18.075 19.083
17.748 17.807 17.906
17.769 17.878 18.125
17.813 17.887 17.954
17.779 17.839 17.891
17.808 17.842 17.890
17.770 17.842 17.951
17.761 17.901 18.212
17.750 17.840 18.011
17.796 17.876 18.066
17.763 17.887 18.047
17.753 17.811 17.882
17.777 17.813 17.857
17.801 17.850 17.903
17.793 17.836 17.877
17.784 17.852 17.969
17.768 17.815 17.895
17.772 17.824 17.905
17.775 17.821 17.915
17.759 17.830 17.978
17.764 17.809 17.867
17.746 17.781 17.843
17.763 17.878 18.127
17.769 17.842 17.912
17.796 17.816 17.846
17.759 17.861 17.923
17.768 17.830 17.921
17.714 17.773 17.832
17.759 17.826 17.885
17.769 17.857 18.019
17.791 17.841 17.915
17.778 17.837 17.886
17.804 17.938 18.221
17.779 17.831 17.968
17.751 17.788 17.836
17.762 17.806 17.850
17.858 17.957 18.090
17.786 17.859 17.905
17.828 17.887 17.933
17.785 17.861 17.950
17.804 17.859 17.925
17.759 17.865 18.099
17.784 17.849 17.930
17.740 18.298 19.743
17.847 17.906 18.039
17.746 17.881 18.014
17.799 17.872 17.968
17.765 17.815 17.876
17.766 17.836 17.944
17.746 17.959 18.390
17.740 17.794 17.910
17.736 17.816 17.919
17.784 17.858 17.928
17.742 17.967 18.698
17.751 17.941 18.394
17.737 17.750 17.784
17.916 17.939 17.955
17.789 17.856 17.924
17.784 17.846 17.894
17.772 17.828 17.900
17.750 17.803 17.863
17.795 17.840 17.899
17.785 17.841 17.906
17.840 17.877 17.916
17.759 17.793 17.826
17.812 17.854 17.943
17.760 17.804 17.869
17.802 17.853 17.892
17.765 17.788 17.800
17.804 18.215 19.239
17.751 17.825 17.928
17.710 17.779 17.890
17.774 18.080 19.086
17.778 17.809 17.837
17.742 17.804 17.934
17.831 17.849 17.869
17.707 17.810 17.903
17.753 17.820 17.857
17.763 17.795 17.869
17.779 17.804 17.827
17.767 18.127 19.074
17.741 17.807 17.852
17.757 17.794 17.832
17.742 17.801 17.871
17.775 17.852 18.083
17.796 17.927 18.208
17.768 17.826 17.930
17.762 18.040 18.399
17.771 17.860 17.922
17.780 17.867 17.978
17.760 17.806 17.849
17.754 17.813 17.900
17.796 17.843 17.905
17.780 17.827 17.897
17.780 17.840 17.963
17.823 17.869 17.908
17.752 17.803 17.841
17.760 17.835 17.931
17.782 17.799 17.847
17.799 17.908 18.213
17.731 17.815 17.855
17.751 17.812 17.885
17.760 17.946 18.415
17.785 17.849 17.903
17.768 17.799 17.863
17.795 17.855 17.918
17.818 17.875 18.041
17.759 17.801 17.898
17.784 17.841 17.898
17.780 17.867 17.934
17.746 17.851 17.952
17.787 17.944 18.301
17.757 17.865 17.961
17.774 17.814 17.867
17.758 17.906 18.121
17.751 18.275 19.625
17.806 17.881 17.961
17.785 17.823 17.875
17.726 17.864 18.097
17.766 17.801 17.823
17.784 17.868 18.032
17.758 17.806 17.845
17.797 17.862 17.920
17.802 17.922 18.104
17.715 17.765 17.836
17.753 17.794 17.841
17.801 18.127 18.692
17.778 17.850 17.887
17.827 17.919 18.072
17.837 18.371 19.609
17.732 17.775 17.800
17.748 17.868 18.066
17.785 17.806 17.850
17.798 17.820 17.856
17.827 17.872 17.923
17.750 17.832 17.900
17.757 17.824 17.947
17.753 17.873 18.061
17.710 17.788 17.875
17.762 17.810 17.931
17.802 18.041 18.657
17.772 18.080 18.555
17.782 17.853 17.955
17.794 18.090 19.082
17.766 17.813 17.892
17.751 17.839 17.891
17.772 17.815 17.897
17.793 17.824 17.868
17.795 17.879 17.943
17.809 17.862 17.940
17.771 17.997 18.748
17.731 17.853 17.994
17.788 17.826 17.873
17.774 17.823 17.900
17.749 17.785 17.863
17.790 17.879 18.074
17.793 17.832 17.909
17.750 17.803 17.847
17.855 17.910 17.942
17.774 17.863 17.985
17.795 17.870 17.957
17.782 17.835 17.889
17.755 17.815 17.847
17.692 17.804 17.856
17.798 17.915 18.126
17.760 17.801 17.828
17.807 17.887 17.979
17.762 17.789 17.809
17.747 17.939 18.235
17.766 17.942 18.448
17.768 17.818 17.874
17.768 17.860 18.069
17.802 17.899 18.024
17.760 17.812 17.853
17.779 17.826 17.855
17.868 17.921 18.007
17.823 17.876 17.951
17.822 17.867 17.931
17.773 17.840 17.958
17.771 17.853 17.925
17.744 17.792 17.829
17.722 17.805 17.882
17.858 17.903 17.941
17.773 17.994 18.806
17.754 17.824 17.876
17.780 17.887 18.082
17.789 17.838 17.901
17.764 17.793 17.807
17.770 17.812 17.836
17.750 17.989 18.562
17.720 17.762 17.844
17.756 17.896 18.025
17.753 17.778 17.798
17.784 17.801 17.829
17.748 17.804 17.855
17.749 17.831 17.898
17.822 18.076 19.021
17.805 17.898 17.981
17.759 17.855 18.074
17.784 17.919 18.318
17.742 18.022 18.988
17.810 17.848 17.952
17.744 18.386 19.984
17.746 17.849 17.926
17.834 18.109 19.024
17.742 17.812 17.906
17.857 18.091 18.827
17.831 17.892 17.912
17.814 17.901 18.022
17.726 18.228 18.687
17.782 17.851 17.966
17.741 17.851 17.984
17.795 17.823 17.869
17.758 17.813 17.933
17.805 17.849 17.897
17.778 17.948 18.188
17.789 17.848 17.958
17.746 17.831 17.888
17.770 17.784 17.811
17.708 17.749 17.806
17.828 17.903 18.050
17.705 17.758 17.854
17.752 17.931 18.391
17.772 17.985 18.681
17.769 17.904 17.988
17.752 17.911 18.129
17.815 17.828 17.834
17.785 17.995 18.716
17.748 17.845 17.944
17.761 17.920 18.099
17.732 17.803 17.929
17.780 17.845 17.942
17.815 17.855 17.926
17.749 17.801 17.859
17.767 17.801 17.812
17.746 17.858 17.938
17.776 17.817 17.859
17.709 17.747 17.819
17.790 17.819 17.853
17.779 17.844 17.953
17.737 17.769 17.820
17.853 17.912 17.990
17.725 17.780 17.861
17.774 17.801 17.823
17.788 17.851 17.964
17.859 17.906 17.953
17.795 17.834 17.917
17.773 17.875 17.960
17.738 17.789 17.820
17.728 17.802 17.898
17.742 17.860 17.936
17.761 17.809 17.909
17.768 17.806 17.834
17.756 17.811 17.853
17.773 17.829 17.891
17.790 17.883 18.025
17.764 17.854 17.990
17.767 17.864 18.062
17.843 17.941 18.008
17.757 17.910 18.300
17.761 18.046 18.892
17.771 17.813 17.909
17.763 17.803 17.861
17.792 17.819 17.851
17.779 17.896 18.194
17.767 18.112 19.189
17.750 17.826 17.899
17.779 17.820 17.900
17.778 17.814 17.884
17.767 17.821 17.925
17.818 17.836 17.860
17.783 17.867 17.933
17.764 17.835 17.929
17.766 17.853 17.910
17.770 17.881 17.950
17.778 17.963 18.408
17.798 17.846 17.882
17.818 17.871 17.902
17.841 17.913 17.991
17.774 17.844 17.913
17.771 17.833 17.916
17.732 18.058 19.158
17.779 17.846 17.916
17.794 18.028 18.678
17.779 17.865 17.969
17.767 17.910 18.052
17.739 17.869 17.999
17.765 17.822 17.899
17.845 17.948 18.298
17.775 17.847 17.893
17.778 17.832 17.918
17.867 17.905 17.975
17.751 17.826 17.885
17.801 18.101 19.055
17.856 17.923 18.020
17.840 17.857 17.881
17.762 17.835 17.920
17.782 17.838 17.969
17.795 17.883 18.010
17.791 17.856 17.957
17.760 17.841 17.923
17.809 17.944 18.340
17.774 17.904 17.963
17.803 17.873 17.943
17.834 17.889 17.960
17.760 17.837 17.945
17.794 17.991 18.526
17.792 17.869 17.980
17.751 17.805 17.866
17.775 17.846 17.962
17.811 17.858 17.920
17.785 17.899 18.017
17.748 17.860 17.956
17.827 17.852 17.874
17.794 17.844 17.910
17.806 17.988 18.507
17.818 17.984 18.463
17.765 18.063 18.992
17.830 17.911 18.131
17.836 17.842 17.856
17.761 17.832 17.878
17.797 17.840 17.884
17.784 18.096 19.061
17.800 17.859 17.928
17.764 17.851 17.939
17.765 17.872 17.994
17.869 17.954 18.174
17.807 17.836 17.868
17.783 17.904 18.037
17.741 17.792 17.847
17.849 17.879 17.907
17.746 17.813 17.922
17.799 17.834 17.877
17.836 17.872 17.906
17.773 17.818 17.864
17.807 18.100 19.092
17.765 17.973 18.577
17.806 18.351 20.434
17.757 17.824 17.925
17.799 17.885 17.942
17.731 18.033 18.861
17.829 17.944 18.063
17.813 17.861 17.894
17.772 17.840 17.897
17.812 17.863 17.935
17.783 18.264 19.692
17.795 17.853 17.919
17.815 17.887 17.966
17.802 17.982 18.511
17.844 17.875 17.905
17.839 17.906 17.999
17.759 17.820 17.870
17.835 17.866 17.908
17.754 17.808 17.902
17.737 17.780 17.860
17.816 17.851 17.948
17.787 17.876 17.916
17.784 17.877 17.951
17.829 17.866 17.918
17.761 17.849 17.909
17.792 17.829 17.881
17.809 17.883 17.969
17.788 17.918 18.092
17.723 17.765 17.833
17.768 18.368 19.304
17.824 17.880 17.967
17.835 17.848 17.879
17.798 17.853 17.946
17.744 17.900 18.141
17.791 17.926 18.155
17.748 17.801 17.866
17.773 17.825 17.880
17.762 17.845 17.916
17.770 17.816 17.882
17.838 17.902 18.009
17.761 17.829 17.883
17.804 17.903 17.989
17.812 17.858 17.925
17.769 17.843 17.879
17.782 17.848 17.957
17.782 17.850 17.911
17.799 17.831 17.885
17.745 17.841 17.897
17.796 17.880 17.951
17.816 17.885 17.970
17.782 17.829 17.871
17.810 17.906 17.981
17.789 17.840 17.924
17.818 18.015 18.637
17.763 17.807 17.837
17.771 17.834 17.891
17.822 17.842 17.888
17.798 17.960 18.285
17.765 17.816 17.916
17.752 17.813 17.862
17.813 17.865 17.962
17.770 17.902 18.024
17.896 17.968 18.049
17.850 17.973 18.121
17.771 17.827 17.903
17.772 17.818 17.882
17.773 17.844 18.012
17.688 17.798 17.940
17.809 18.395 20.162
17.816 18.775 22.371
17.890 17.922 17.954
17.823 17.884 17.954
17.750 17.812 17.928
17.809 17.850 17.912
17.756 17.864 17.995
17.800 17.847 17.935
17.770 18.087 19.085
17.834 17.904 17.941
17.743 17.942 18.422
17.779 17.825 17.916
17.766 17.960 18.438
17.786 17.910 18.032
17.698 17.774 17.924
17.792 17.855 17.917
17.756 17.948 18.391
17.775 17.858 17.913
17.817 17.905 17.957
17.765 17.894 17.976
17.753 17.831 17.906
17.748 17.836 17.925
17.760 17.858 17.966
17.801 17.862 17.921
17.784 17.870 18.123
17.785 17.880 17.989
17.769 17.805 17.850
17.797 17.857 17.935
17.753 17.855 17.936
17.800 18.093 19.120
17.748 17.827 17.894
17.816 17.977 18.250
17.798 17.863 17.932
17.811 18.023 18.573
17.763 17.825 17.878
17.724 17.815 17.943
17.765 17.822 17.911
17.794 17.824 17.860
17.780 17.872 17.950
17.742 17.945 18.404
17.816 17.861 17.934
17.769 17.823 17.877
17.795 17.867 17.932
17.797 17.919 18.053
17.790 17.868 17.928
17.839 17.898 17.965
17.831 17.928 18.210
17.876 17.933 17.975
17.766 17.837 17.915
17.830 17.896 17.932
17.812 17.845 17.900
17.825 17.933 18.193
17.749 17.855 17.903
17.857 17.892 17.985
17.847 17.882 17.927
17.788 17.977 18.416
17.781 17.848 17.910
17.766 17.829 17.873
17.784 17.816 17.891
17.762 17.869 18.008
17.769 17.915 18.269
17.755 17.789 17.886
17.786 17.822 17.884
17.786 17.878 18.124
17.757 17.810 17.902
17.763 17.792 17.838
17.794 17.875 17.917
17.844 18.038 18.536
17.847 17.950 18.187
17.790 17.894 17.946
17.788 17.901 18.074
17.832 17.872 17.900
17.796 17.870 17.930
17.784 18.101 18.872
17.760 17.861 17.970
17.801 17.998 18.494
17.831 17.870 17.942
17.806 17.864 17.915
17.815 17.869 17.938
17.823 17.860 17.936
17.778 17.851 17.906
17.729 17.789 17.865
17.812 17.866 17.950
17.793 17.885 17.993
17.873 17.908 17.963
17.840 17.891 17.967
17.816 17.858 17.899
17.835 17.891 17.943
17.830 17.872 17.927
17.836 17.917 18.120
17.846 17.897 17.927
17.839 17.863 17.892
17.829 17.899 17.939
17.745 18.016 18.695
17.919 19.078 20.622
17.842 17.877 17.907
17.841 17.899 17.942
17.768 17.858 18.007
17.770 17.831 17.880
17.764 17.870 17.977
17.759 17.859 18.063
17.782 17.833 17.882
17.794 17.870 17.910
17.761 17.794 17.836
17.876 18.510 20.099
17.768 17.880 17.984
17.825 17.875 17.922
17.851 17.914 18.044
17.817 17.895 17.962
17.801 17.855 17.943
17.839 18.124 18.876
17.858 17.875 17.909
17.782 17.833 17.904
17.781 17.816 17.908
17.818 17.877 17.965
17.801 17.884 17.980
17.861 17.904 18.016
17.829 17.868 17.897
17.731 17.831 17.921
17.800 17.848 17.920
17.771 17.805 17.857
17.767 17.826 17.867
17.785 17.941 18.241
17.800 17.947 18.451
17.780 17.976 18.266
17.789 17.919 18.107
17.787 17.843 17.880
17.772 17.866 17.938
17.784 17.826 17.848
17.837 17.909 17.997
17.826 17.869 17.966
17.776 17.827 17.871
17.833 17.922 18.229
17.764 17.794 17.833
17.809 17.941 18.300
17.841 18.129 19.097
17.751 17.815 17.917
17.826 18.001 18.400
17.760 17.797 17.884
17.755 17.794 17.837
17.793 18.670 20.665
17.793 17.888 18.066
17.765 17.830 17.862
17.785 17.891 18.112
17.743 17.819 17.884
17.802 17.838 17.890
17.796 17.865 18.062
17.782 17.818 17.901
17.775 17.976 18.513
17.784 17.848 18.038
17.762 17.845 17.936
17.758 17.816 17.874
17.753 17.840 17.953
17.783 17.840 17.925
17.798 17.849 17.887
17.786 17.903 18.108
17.781 17.841 17.930
17.771 17.830 17.880
17.782 17.852 17.911
17.784 17.803 17.857
17.739 17.839 17.950
17.745 17.813 17.862
17.739 17.784 17.820
17.762 17.862 18.006
17.814 17.838 17.866
17.728 17.785 17.834
17.804 17.829 17.871
17.779 18.008 18.794
17.768 17.908 18.217
17.893 18.010 18.394
17.803 17.855 17.948
17.806 17.857 17.964
17.769 17.827 17.909
17.728 17.788 17.854
17.787 17.830 17.935
17.811 18.080 18.971
17.740 17.819 17.920
17.750 18.100 18.597
17.781 18.017 18.673
17.765 17.798 17.841
17.790 17.841 17.938
17.773 17.831 17.881
17.778 17.813 17.865
17.788 17.835 17.890
17.788 17.837 17.891
17.743 17.795 17.898
17.702 17.765 17.829
17.854 17.904 17.987
17.744 17.920 18.217
17.777 17.848 17.914
17.817 17.858 17.937
17.796 17.855 17.918
17.738 17.807 17.880
17.755 17.983 18.715
17.758 18.089 19.120
17.788 17.827 17.918
17.787 17.842 17.905
17.718 17.781 17.816
17.753 17.946 18.509
17.773 17.820 17.857
17.782 17.820 17.925
17.803 18.388 20.310
17.777 17.856 17.934
17.845 18.040 18.718
17.775 17.875 18.126
17.780 17.853 17.934
17.753 17.784 17.831
17.796 17.841 17.898
17.779 17.831 17.888
17.729 17.784 17.880
17.769 17.815 17.862
17.785 17.845 18.004
17.753 17.839 17.901
17.792 17.825 17.865
17.772 17.804 17.893
17.776 18.126 19.102
