108.280 108.308 108.366
108.217 108.601 110.027
108.276 108.309 108.330
108.235 108.547 109.612
108.265 108.828 109.712
108.212 108.262 108.305
108.298 108.315 108.330
108.176 108.352 108.770
108.241 108.305 108.337
108.303 108.324 108.367
108.297 108.317 108.344
108.291 108.298 108.308
108.290 108.317 108.376
108.295 108.661 109.252
108.303 108.402 108.717
108.310 110.084 111.907
108.308 108.958 111.460
108.290 108.329 108.401
108.300 108.322 108.355
108.187 108.197 108.209
108.235 108.327 108.392
108.289 108.604 109.743
108.263 108.480 109.227
108.268 108.679 110.136
108.287 108.506 108.868
108.296 108.323 108.398
108.229 108.315 108.402
108.266 108.321 108.398
108.206 108.292 108.341
108.203 108.277 108.311
108.286 108.305 108.330
108.284 108.314 108.376
108.260 108.295 108.311
108.297 108.873 110.196
108.288 108.311 108.338
108.280 108.320 108.391
108.296 108.324 108.356
108.208 108.262 108.349
108.255 108.289 108.311
108.271 108.398 108.723
108.194 108.284 108.329
108.086 108.244 108.311
108.285 108.310 108.345
108.034 108.204 108.318
108.279 108.301 108.330
108.282 108.311 108.346
108.248 108.447 109.012
108.212 108.269 108.305
108.270 109.153 110.506
108.287 108.747 109.876
108.275 108.626 109.973
108.263 108.317 108.384
108.293 108.913 110.513
108.279 108.309 108.335
108.103 108.213 108.301
108.298 108.614 109.789
108.296 108.413 108.792
108.216 108.725 110.458
108.302 108.320 108.339
108.224 108.278 108.304
108.312 109.114 110.355
108.334 108.926 111.153
108.285 108.303 108.319
108.265 108.321 108.434
108.412 109.734 111.306
108.273 108.309 108.373
108.292 108.307 108.337
108.177 108.265 108.301
108.306 108.327 108.393
108.286 109.083 112.223
108.297 108.332 108.378
108.259 108.314 108.378
108.202 108.277 108.316
108.276 109.212 110.927
108.215 108.400 108.951
108.152 108.293 108.376
108.294 108.316 108.336
108.269 108.321 108.360
108.186 108.268 108.322
108.307 108.341 108.395
108.278 108.301 108.331
108.292 108.317 108.354
108.288 108.309 108.325
108.193 108.287 108.329
108.246 108.283 108.319
108.288 108.342 108.481
108.289 108.330 108.417
108.278 108.292 108.320
108.274 108.327 108.458
108.291 108.311 108.330
108.215 108.281 108.312
108.284 108.302 108.346
108.304 108.859 110.835
108.225 108.277 108.322
108.256 108.285 108.309
108.294 108.312 108.347
108.112 108.276 108.343
108.286 108.301 108.330
108.258 108.330 108.479
108.288 109.376 113.562
108.295 108.600 109.302
108.306 108.338 108.388
108.296 108.319 108.331
108.278 108.300 108.326
108.578 109.571 110.404
108.300 108.315 108.332
108.218 108.286 108.338
108.189 108.258 108.330
108.265 108.353 108.536
108.250 108.293 108.321
108.293 108.309 108.328
108.298 108.648 109.980
108.285 108.319 108.370
108.222 108.285 108.336
108.176 108.272 108.336
108.284 108.337 108.483
108.213 108.289 108.376
108.269 108.349 108.513
108.442 109.397 110.081
108.299 108.439 108.939
108.285 108.403 108.737
108.318 108.353 108.383
108.306 108.318 108.333
108.268 108.684 109.302
108.259 108.311 108.349
108.144 108.273 108.328
107.963 109.059 111.570
108.277 108.296 108.308
108.256 108.847 111.077
108.263 108.305 108.370
108.281 108.295 108.311
108.264 108.565 109.583
108.308 108.334 108.359
108.295 108.353 108.494
108.307 108.487 109.110
108.195 108.822 110.955
108.885 109.989 111.514
108.242 108.317 108.391
108.284 108.654 110.000
108.305 108.894 110.123
108.259 109.205 110.496
108.300 108.320 108.348
108.270 108.298 108.325
108.297 108.317 108.349
108.278 108.284 108.301
108.264 108.295 108.322
108.226 108.282 108.350
108.245 108.310 108.399
108.227 108.287 108.305
108.241 108.299 108.343
108.228 108.297 108.376
108.302 108.310 108.328
108.273 108.300 108.329
108.292 108.298 108.313
108.287 108.319 108.372
108.008 108.767 109.789
108.311 108.345 108.383
108.279 108.360 108.499
108.284 108.397 108.766
108.138 108.274 108.353
108.178 108.287 108.417
108.288 108.314 108.352
108.180 108.192 108.212
108.302 108.319 108.356
108.287 108.322 108.340
108.186 108.262 108.324
108.264 108.473 109.190
108.248 108.292 108.316
108.301 108.337 108.410
108.181 108.258 108.296
108.267 108.307 108.332
108.276 109.828 112.671
108.259 108.359 108.417
108.315 109.446 112.044
108.282 108.292 108.307
108.227 108.296 108.338
109.084 109.616 110.382
108.238 108.295 108.358
108.294 108.932 111.446
108.253 108.556 109.583
108.255 108.665 110.194
108.058 108.224 108.290
108.293 108.304 108.338
108.229 108.291 108.321
108.310 108.805 110.731
108.309 108.376 108.452
108.224 108.528 109.502
108.214 108.276 108.365
108.299 108.317 108.339
108.210 108.278 108.349
108.236 108.652 110.119
108.301 108.336 108.380
108.304 108.312 108.330
108.284 108.464 109.072
108.288 108.574 109.655
108.306 109.015 111.235
108.184 108.475 108.978
108.294 108.316 108.372
108.258 109.043 110.544
108.177 108.198 108.222
108.292 108.306 108.332
108.257 108.280 108.300
108.265 108.368 108.655
108.283 108.334 108.499
108.320 108.769 110.518
108.294 108.307 108.316
108.255 108.305 108.334
108.262 108.290 108.315
108.297 108.333 108.369
108.151 108.289 108.344
108.301 108.312 108.336
108.165 108.265 108.313
108.289 109.037 111.835
108.258 108.656 110.051
108.286 108.595 109.788
108.205 108.572 109.728
108.198 108.271 108.315
108.285 108.302 108.318
108.290 108.330 108.363
108.274 108.312 108.336
108.177 108.278 108.336
108.207 108.298 108.350
108.288 108.301 108.319
108.276 108.697 109.582
108.283 108.304 108.313
108.214 108.273 108.323
108.272 108.287 108.298
108.096 108.268 108.323
108.297 108.315 108.353
108.306 108.641 109.787
108.283 108.295 108.315
108.294 108.389 108.660
108.276 108.309 108.373
108.274 108.286 108.297
108.275 108.309 108.357
108.283 108.304 108.334
108.300 108.319 108.335
108.252 108.296 108.323
108.298 108.319 108.361
108.272 108.293 108.302
108.272 108.299 108.333
108.143 108.257 108.291
108.295 108.301 108.307
108.217 108.281 108.314
108.291 108.542 109.476
108.193 108.304 108.405
108.286 108.303 108.326
108.306 108.329 108.364
108.062 108.244 108.339
108.285 108.310 108.322
108.284 108.852 111.095
108.223 108.401 108.920
108.307 108.466 109.007
108.258 108.293 108.326
108.257 108.307 108.369
108.284 108.307 108.338
108.263 108.298 108.343
108.305 108.322 108.344
108.262 108.290 108.321
108.289 108.308 108.324
108.312 108.480 109.075
108.280 108.295 108.314
108.307 108.580 109.600
108.262 108.296 108.318
108.108 108.277 108.348
108.221 108.388 108.761
108.290 108.565 109.614
108.281 108.316 108.368
108.291 108.777 109.804
108.299 108.331 108.369
108.309 108.327 108.347
108.209 108.556 109.665
108.216 108.241 108.299
108.287 108.383 108.698
108.209 108.364 108.648
108.257 108.285 108.311
108.193 108.271 108.315
108.233 108.284 108.317
108.256 108.284 108.310
108.192 108.289 108.349
108.313 108.329 108.354
108.317 108.353 108.418
108.251 108.315 108.352
108.274 108.299 108.328
108.281 108.326 108.426
108.317 108.803 110.717
108.306 108.920 111.212
108.284 108.305 108.346
108.275 109.045 111.209
108.186 108.304 108.365
108.194 108.318 108.393
108.308 109.025 111.184
108.304 108.312 108.320
108.232 108.277 108.327
108.264 108.296 108.341
108.131 108.271 108.355
108.244 108.268 108.300
108.290 108.398 108.761
108.303 108.329 108.386
108.286 108.309 108.333
108.259 108.745 110.474
108.296 108.772 110.337
108.303 108.323 108.353
108.196 108.278 108.310
108.286 108.698 110.201
108.274 108.305 108.334
108.309 108.337 108.371
108.271 108.300 108.326
108.286 108.316 108.368
108.282 108.320 108.363
108.291 108.320 108.380
108.294 108.390 108.723
108.244 108.881 111.271
108.226 108.395 108.586
108.277 108.294 108.328
108.267 108.293 108.320
108.236 108.307 108.344
108.300 108.313 108.347
108.266 109.057 110.615
108.421 110.627 111.817
108.174 108.283 108.353
108.197 108.900 111.285
108.305 108.516 109.239
108.258 108.308 108.333
108.290 108.325 108.364
108.291 108.312 108.332
108.284 108.303 108.323
108.290 108.471 108.774
108.224 108.303 108.354
108.235 108.347 108.585
108.300 108.306 108.321
108.320 109.468 111.726
108.300 108.318 108.345
108.183 108.404 108.812
108.171 108.303 108.382
108.295 108.327 108.393
108.239 108.265 108.304
108.260 108.947 110.670
108.294 108.314 108.327
108.244 108.772 110.737
108.293 108.332 108.414
108.175 108.285 108.368
108.285 108.309 108.357
108.273 108.305 108.351
108.312 108.330 108.366
108.213 108.276 108.322
108.254 108.290 108.322
108.294 108.307 108.329
108.225 108.296 108.332
108.243 108.300 108.335
108.263 108.297 108.324
108.106 108.400 109.022
108.157 108.417 108.934
108.283 108.753 110.172
108.221 108.488 109.171
108.285 108.966 110.872
108.292 108.423 108.822
108.288 108.573 109.523
108.070 108.713 110.167
108.211 108.448 109.194
108.297 108.322 108.369
108.231 108.321 108.375
108.232 108.280 108.308
108.168 108.199 108.255
108.290 108.311 108.366
108.302 108.378 108.611
108.270 108.296 108.326
108.282 108.313 108.340
108.293 108.315 108.340
108.225 108.327 108.387
108.252 108.307 108.402
108.299 108.491 109.033
108.283 109.035 111.965
108.286 108.390 108.673
108.227 109.470 111.042
108.284 108.318 108.374
108.293 108.379 108.698
108.257 108.290 108.306
108.238 108.298 108.344
108.106 108.240 108.300
108.299 108.775 110.163
108.209 108.302 108.349
108.272 108.315 108.349
108.158 108.290 108.337
108.267 108.299 108.324
108.280 108.454 108.950
108.263 108.311 108.367
108.228 108.300 108.388
108.215 108.280 108.324
108.317 108.353 108.440
108.286 109.008 110.242
108.278 108.305 108.326
109.171 110.418 111.502
108.307 108.475 108.976
108.325 108.985 109.666
108.210 108.273 108.323
108.296 108.324 108.379
108.395 109.027 110.800
108.310 108.582 108.966
108.210 108.292 108.353
108.071 108.604 110.229
108.183 108.437 109.068
108.236 108.909 111.281
108.242 108.281 108.296
108.208 108.270 108.326
108.290 108.371 108.628
108.289 108.311 108.355
108.292 108.312 108.350
108.308 108.317 108.331
108.192 108.283 108.314
108.276 108.300 108.341
108.298 108.348 108.396
108.277 108.302 108.324
108.175 108.380 108.662
108.288 109.009 109.764
108.167 108.857 110.845
108.306 109.284 110.841
108.295 108.304 108.313
108.271 108.323 108.356
108.136 108.302 108.504
108.256 108.285 108.301
108.228 108.299 108.350
108.282 108.317 108.357
108.303 108.318 108.347
108.173 108.428 109.026
108.210 108.275 108.347
108.244 108.324 108.381
108.308 108.826 110.800
108.305 108.326 108.372
108.288 108.322 108.364
108.309 108.328 108.350
108.132 108.261 108.336
108.291 109.003 110.256
108.319 108.339 108.379
108.285 108.302 108.341
108.290 108.313 108.338
108.295 108.349 108.423
108.206 108.289 108.356
108.302 108.764 110.525
108.281 108.952 110.650
108.241 108.350 108.481
108.260 108.284 108.314
108.290 108.677 110.137
108.320 108.342 108.377
108.286 108.444 108.981
108.212 108.270 108.307
108.447 109.389 110.439
108.322 110.124 112.059
108.293 108.400 108.742
108.267 108.317 108.374
108.290 108.314 108.326
108.209 108.284 108.320
108.233 108.381 108.784
108.296 108.310 108.332
108.274 108.301 108.316
108.281 108.313 108.349
108.175 108.275 108.320
108.285 109.814 114.670
108.261 108.311 108.360
108.306 108.319 108.338
108.316 108.349 108.391
108.183 108.270 108.334
108.294 108.491 109.174
108.278 108.378 108.655
108.210 108.267 108.323
108.293 108.867 109.597
108.292 108.301 108.313
108.324 108.356 108.408
108.234 108.299 108.333
108.242 108.306 108.345
108.294 108.308 108.318
108.302 108.316 108.329
108.291 108.308 108.325
108.256 108.292 108.320
108.214 108.269 108.328
108.237 108.295 108.324
108.289 108.302 108.311
108.270 108.312 108.348
108.099 108.280 108.330
108.200 108.273 108.297
108.190 108.521 109.537
108.204 108.288 108.368
108.248 108.289 108.313
108.217 109.212 111.250
108.303 108.310 108.322
108.287 108.304 108.318
108.297 108.313 108.335
108.296 108.331 108.370
108.290 108.340 108.368
108.311 108.911 110.017
108.301 108.317 108.339
108.174 108.206 108.222
108.274 108.300 108.319
108.264 108.342 108.505
108.206 108.253 108.321
108.181 108.281 108.324
108.286 108.334 108.445
108.220 108.296 108.328
108.266 108.308 108.353
108.299 108.311 108.325
108.295 109.161 110.551
108.255 108.753 110.566
108.230 108.812 110.887
109.004 109.729 111.222
108.191 108.735 110.166
108.242 108.283 108.309
108.063 108.257 108.321
108.306 108.701 110.207
108.272 108.316 108.346
108.284 108.330 108.413
108.297 108.312 108.324
108.310 108.329 108.384
108.305 108.315 108.326
108.296 108.586 109.647
108.279 108.297 108.320
108.262 108.302 108.341
108.279 108.544 109.532
108.264 108.296 108.321
108.190 109.131 111.045
108.274 108.428 108.939
108.327 109.647 111.225
108.295 108.322 108.367
108.367 108.527 108.856
108.263 108.295 108.340
108.305 108.325 108.357
108.212 108.289 108.350
108.200 108.259 108.296
108.293 108.319 108.346
108.183 108.198 108.211
108.220 108.299 108.330
108.297 108.312 108.341
108.258 108.302 108.354
108.294 108.326 108.371
108.317 108.355 108.446
108.260 108.283 108.304
108.287 108.316 108.339
108.247 108.308 108.377
108.228 108.369 108.647
108.271 108.314 108.362
108.287 108.395 108.816
108.337 108.733 110.239
108.218 108.293 108.346
108.319 108.392 108.537
108.224 108.287 108.312
108.273 108.292 108.319
108.218 108.515 109.435
108.251 108.294 108.348
108.218 108.307 108.351
108.300 108.332 108.408
108.271 108.313 108.371
108.304 108.335 108.388
108.262 108.306 108.338
108.280 108.317 108.349
108.236 108.276 108.321
108.289 108.326 108.376
108.248 108.306 108.332
108.256 108.280 108.294
108.279 108.698 110.229
108.278 108.297 108.320
108.270 108.322 108.346
108.297 108.316 108.352
108.293 108.324 108.362
108.223 108.286 108.316
108.284 108.332 108.378
108.301 108.321 108.365
108.302 108.320 108.349
108.281 108.318 108.355
108.287 108.312 108.328
108.294 108.310 108.343
108.199 108.249 108.289
108.313 108.331 108.363
108.195 108.253 108.294
108.300 108.329 108.377
108.177 109.333 111.663
108.295 108.329 108.392
108.239 108.344 108.427
108.296 108.309 108.345
108.321 108.816 110.621
108.282 108.330 108.362
108.290 108.324 108.366
108.291 108.301 108.326
108.247 108.366 108.719
108.279 108.308 108.331
108.257 108.314 108.389
108.187 108.268 108.337
108.284 108.309 108.342
108.302 108.326 108.377
108.284 108.298 108.313
108.293 108.319 108.359
108.331 108.361 108.419
108.193 108.299 108.368
108.292 108.355 108.542
108.299 108.335 108.433
108.290 108.328 108.416
108.278 108.313 108.361
108.202 108.303 108.343
108.269 108.308 108.355
108.286 108.312 108.347
108.232 108.284 108.308
108.239 108.371 108.677
108.281 108.305 108.332
108.296 108.301 108.312
108.298 108.312 108.325
108.285 108.312 108.367
108.242 108.430 108.959
108.213 108.272 108.303
108.254 108.321 108.456
108.173 108.294 108.407
108.305 109.086 111.849
108.201 108.290 108.345
108.313 108.336 108.391
108.272 108.319 108.390
108.101 108.239 108.303
108.291 108.337 108.359
108.281 108.312 108.338
108.282 108.300 108.325
108.236 108.319 108.418
108.199 108.597 109.663
108.282 108.295 108.307
108.176 108.199 108.222
108.134 108.305 108.410
108.253 108.304 108.335
108.293 108.350 108.489
108.258 108.304 108.344
108.256 108.308 108.345
108.222 108.280 108.304
108.296 108.347 108.390
108.300 108.348 108.498
108.312 108.327 108.341
108.206 108.283 108.333
108.311 108.788 109.673
108.296 108.316 108.346
108.310 109.391 112.219
108.322 109.453 111.836
108.297 108.700 109.102
108.313 112.309 125.830
108.281 108.363 108.508
108.217 108.250 108.316
108.257 108.299 108.327
108.320 108.332 108.362
108.231 108.295 108.343
108.302 108.333 108.361
108.252 108.316 108.371
108.238 108.294 108.313
108.278 108.304 108.350
108.259 108.297 108.333
108.309 108.336 108.372
108.300 108.316 108.336
108.291 108.316 108.338
108.275 108.311 108.335
108.151 108.267 108.338
108.350 109.554 111.301
108.225 108.278 108.342
108.201 108.467 108.915
108.256 108.295 108.325
108.283 108.298 108.309
108.300 108.346 108.454
108.176 108.272 108.332
108.285 108.296 108.308
108.306 108.368 108.412
108.201 108.299 108.344
108.265 108.302 108.323
108.220 108.282 108.340
108.226 108.634 109.983
108.308 108.332 108.357
108.290 108.314 108.336
108.910 109.401 109.926
108.308 108.333 108.375
108.336 108.482 108.998
108.211 108.306 108.340
108.285 108.303 108.311
108.297 108.453 108.889
108.291 108.340 108.424
108.204 108.261 108.335
108.207 108.606 110.006
108.263 108.316 108.374
108.223 109.174 110.620
108.293 108.321 108.347
108.295 108.321 108.350
108.279 108.303 108.338
108.275 108.288 108.297
108.134 108.897 111.428
108.286 108.302 108.325
108.289 108.306 108.325
108.244 108.707 110.401
108.291 108.304 108.319
108.147 108.412 109.004
108.287 108.308 108.340
108.301 108.323 108.356
108.191 108.626 110.147
108.300 109.115 112.303
108.289 108.308 108.335
108.180 108.195 108.219
108.182 108.276 108.322
108.297 108.309 108.329
108.224 108.284 108.317
108.276 108.301 108.336
108.246 108.618 109.786
108.244 108.289 108.350
108.296 108.318 108.383
108.311 108.369 108.529
108.262 108.311 108.354
108.164 108.289 108.347
108.298 108.317 108.345
108.336 109.779 111.963
108.297 108.320 108.343
108.286 108.358 108.435
108.270 108.314 108.381
108.245 108.299 108.327
108.245 108.306 108.359
108.286 108.889 111.220
108.270 108.289 108.305
108.280 108.307 108.329
108.185 108.285 108.346
108.161 108.706 110.626
108.294 108.391 108.542
108.293 108.300 108.306
108.159 108.534 109.605
108.264 108.311 108.339
108.273 108.317 108.371
108.299 108.729 109.818
109.194 110.544 111.323
108.298 108.308 108.321
108.283 108.736 109.792
108.285 108.300 108.317
108.189 108.312 108.367
108.383 109.611 110.688
108.313 108.334 108.370
108.139 108.289 108.349
108.238 108.297 108.326
108.285 108.319 108.348
108.213 108.285 108.326
108.225 108.306 108.415
108.241 108.307 108.380
108.272 108.312 108.343
108.229 108.300 108.364
108.314 108.693 110.090
108.319 108.369 108.450
108.276 108.295 108.308
108.244 108.284 108.307
108.288 108.305 108.340
108.299 108.477 109.085
108.219 108.327 108.481
108.238 109.286 111.273
108.223 108.268 108.316
108.296 108.474 109.099
108.286 108.315 108.352
108.273 108.289 108.309
108.305 108.322 108.335
108.265 108.286 108.311
108.285 108.315 108.369
108.279 108.315 108.358
108.293 108.313 108.356
108.298 108.601 109.796
108.269 108.300 108.337
108.273 108.309 108.344
108.239 108.844 111.077
109.226 110.544 112.227
108.294 108.308 108.335
108.284 108.453 108.851
108.288 108.985 110.876
108.285 109.591 111.448
108.280 108.302 108.335
108.311 108.330 108.357
108.195 108.201 108.212
108.296 108.863 110.993
108.292 108.309 108.338
108.274 108.296 108.310
108.276 108.523 108.877
108.226 108.401 108.812
108.296 108.327 108.401
108.286 108.305 108.325
108.305 108.327 108.366
108.315 108.324 108.338
108.294 108.303 108.324
108.288 109.163 112.419
108.282 108.318 108.390
108.234 109.380 113.718
108.145 108.644 110.103
108.295 108.327 108.345
108.231 108.273 108.352
108.290 108.327 108.349
108.256 108.295 108.357
108.252 108.327 108.492
108.177 108.282 108.319
108.286 108.323 108.350
108.240 108.279 108.327
108.236 108.268 108.290
108.281 108.306 108.333
108.303 109.084 112.010
108.448 109.446 110.301
108.208 108.302 108.336
108.426 109.479 112.300
108.202 108.237 108.287
108.294 108.567 109.557
108.280 108.313 108.345
108.314 108.355 108.392
108.222 108.244 108.284
108.239 108.289 108.336
108.109 108.264 108.322
108.286 108.304 108.349
108.277 108.626 109.663
108.294 108.314 108.348
108.294 108.323 108.355
108.300 108.396 108.602
108.288 108.311 108.393
108.289 108.309 108.342
108.287 108.824 109.880
108.267 108.302 108.370
108.307 109.172 111.019
108.313 108.582 109.336
108.312 108.354 108.425
108.210 108.258 108.286
108.227 108.282 108.319
108.193 108.233 108.291
108.292 108.316 108.360
108.278 108.299 108.350
108.265 108.297 108.319
108.112 108.259 108.333
108.287 108.312 108.352
108.232 108.285 108.312
108.227 108.822 111.000
107.991 108.643 109.604
108.146 108.271 108.317
108.212 108.278 108.332
108.302 108.775 110.592
108.145 108.274 108.316
108.281 108.341 108.430
108.298 108.689 109.314
108.301 108.495 109.160
108.278 108.291 108.300
108.280 108.303 108.321
108.285 108.303 108.330
108.274 108.325 108.355
108.233 108.767 109.778
108.234 108.290 108.323
108.241 108.314 108.371
108.112 108.267 108.326
108.254 108.331 108.392
108.307 108.490 109.173
109.123 109.714 110.675
108.231 108.275 108.322
108.292 108.377 108.645
108.331 109.176 110.127
108.292 108.304 108.325
108.300 108.317 108.337
108.244 108.301 108.326
108.174 108.199 108.225
108.233 108.293 108.351
108.212 108.248 108.298
108.193 108.279 108.357
108.308 108.654 109.947
108.101 108.258 108.321
108.286 108.519 109.347
108.293 108.311 108.321
108.276 108.443 108.976
108.278 108.298 108.316
108.276 108.302 108.314
108.318 108.378 108.461
108.270 110.202 112.191
108.296 108.431 108.902
108.291 108.642 109.629
108.047 108.281 108.411
108.248 108.650 110.160
108.287 108.297 108.308
108.278 108.305 108.321
108.274 108.299 108.357
108.229 108.354 108.615
108.287 108.305 108.360
108.301 108.312 108.329
108.285 108.312 108.350
108.293 108.312 108.335
108.187 108.823 111.025
108.283 108.309 108.332
108.203 108.285 108.329
108.309 108.372 108.608
108.262 108.640 109.655
108.288 108.316 108.346
108.297 108.332 108.381
108.250 109.117 111.694
108.171 108.263 108.346
108.269 108.294 108.310
108.233 108.284 108.317
108.189 108.298 108.373
108.096 108.244 108.308
108.282 108.293 108.320
108.277 108.322 108.364
108.193 108.284 108.363
108.290 108.770 110.629
108.280 108.344 108.452
108.508 110.160 111.281
108.302 108.414 108.758
108.285 108.297 108.324
108.300 108.333 108.379
108.283 108.320 108.368
108.211 108.272 108.293
108.295 108.428 108.845
108.183 108.215 108.277
108.292 108.312 108.352
108.294 108.303 108.310
108.315 108.960 110.551
108.213 108.282 108.327
108.288 108.344 108.443
108.170 108.282 108.369
108.275 108.318 108.386
108.188 108.329 108.726
108.289 108.305 108.344
108.279 108.306 108.338
108.340 108.525 109.249
108.100 108.276 108.329
108.162 108.305 108.387
108.100 108.335 108.658
108.237 109.122 112.389
108.296 108.303 108.314
108.303 108.953 111.475
108.230 108.414 108.993
108.280 108.298 108.313
108.157 108.255 108.329
108.295 108.312 108.349
108.288 108.330 108.478
108.303 108.330 108.363
108.255 108.308 108.359
108.217 108.290 108.325
108.178 108.254 108.339
108.159 108.264 108.318
108.282 109.826 113.225
108.219 108.279 108.303
108.116 108.255 108.302
108.243 108.295 108.330
108.292 108.326 108.387
108.280 108.288 108.300
108.271 108.301 108.325
108.226 108.296 108.341
108.215 108.656 110.119
108.240 108.296 108.321
108.216 108.295 108.349
108.254 108.398 108.802
108.306 108.434 108.853
108.179 108.576 109.860
108.255 109.453 111.229
108.731 109.956 110.812
108.279 108.311 108.364
108.307 108.455 109.001
108.295 108.370 108.479
108.275 109.645 110.344
108.265 108.362 108.596
108.300 108.311 108.332
108.278 108.326 108.395
108.216 108.784 110.818
108.207 108.279 108.301
108.209 108.290 108.372
108.283 108.298 108.311
108.187 108.283 108.332
108.268 108.318 108.373
108.303 108.327 108.361
108.279 108.314 108.340
108.285 108.297 108.315
108.305 108.322 108.363
108.234 108.284 108.312
108.306 108.381 108.450
108.293 108.316 108.335
108.300 108.365 108.465
108.233 108.309 108.345
108.299 108.327 108.421
108.181 108.569 109.718
108.265 108.324 108.376
108.289 108.590 109.130
108.284 108.314 108.380
108.293 108.305 108.320
108.293 108.306 108.327
108.288 108.345 108.453
108.177 108.291 108.433
108.303 108.325 108.355
108.593 109.572 111.410
108.294 108.599 109.687
108.085 108.955 111.709
108.175 108.482 109.334
108.240 109.029 111.977
108.282 108.306 108.324
108.292 108.318 108.348
108.248 108.316 108.356
108.293 108.309 108.324
108.286 108.301 108.317
108.281 108.293 108.309
108.288 108.324 108.415
108.242 108.270 108.309
108.073 108.255 108.332
108.293 108.310 108.344
108.281 108.330 108.388
108.236 108.736 110.425
108.425 108.853 109.193
108.249 108.940 109.796
108.211 108.294 108.351
108.289 108.298 108.308
108.271 108.328 108.410
108.288 108.314 108.357
108.276 108.658 110.092
108.244 108.303 108.355
108.113 108.230 108.301
108.306 108.446 108.947
108.286 108.307 108.326
108.219 108.299 108.359
108.317 108.335 108.372
108.271 108.307 108.356
108.285 108.310 108.328
108.282 108.354 108.534
108.310 108.325 108.342
108.293 108.467 109.094
108.298 108.324 108.369
108.323 108.354 108.414
108.085 108.265 108.315
108.291 108.320 108.364
108.220 108.300 108.366
108.291 108.311 108.357
108.311 108.335 108.367
108.287 108.316 108.344
108.275 108.314 108.342
108.292 108.314 108.323
108.202 108.294 108.425
108.189 108.294 108.334
108.293 108.316 108.330
108.300 108.631 109.195
108.243 108.723 109.433
108.298 108.669 109.906
108.303 108.308 108.319
108.298 108.315 108.336
108.544 110.844 112.183
108.289 108.331 108.395
108.280 108.325 108.351
108.279 108.297 108.316
108.179 108.192 108.222
108.286 108.299 108.327
108.286 108.306 108.341
108.264 108.300 108.322
108.320 108.828 109.658
108.278 108.322 108.358
108.306 108.353 108.388
108.308 108.373 108.493
108.309 108.361 108.499
108.305 108.327 108.346
108.248 108.305 108.369
108.274 109.264 110.314
108.311 108.352 108.444
108.299 108.311 108.336
108.305 109.382 112.241
108.276 108.292 108.300
108.233 108.288 108.338
108.173 108.484 109.423
108.258 108.288 108.307
108.327 108.369 108.482
108.198 108.359 108.673
108.285 108.305 108.319
108.238 108.286 108.312
108.214 108.270 108.326
108.297 108.308 108.318
108.248 108.305 108.345
108.075 108.263 108.323
108.290 108.307 108.343
108.225 108.589 109.861
108.235 108.421 109.038
108.273 108.318 108.355
108.302 108.336 108.387
108.309 109.207 110.705
108.274 108.302 108.345
108.274 108.298 108.327
108.223 108.295 108.363
108.308 108.318 108.335
108.219 108.286 108.334
108.161 108.272 108.313
108.291 108.298 108.309
108.280 108.287 108.295
108.203 108.274 108.323
108.302 109.085 110.614
108.590 109.869 111.271
108.293 108.308 108.332
108.272 108.293 108.318
108.299 108.315 108.330
108.340 108.988 110.401
108.230 108.289 108.322
108.300 108.307 108.317
108.301 108.313 108.338
108.282 108.319 108.335
108.251 108.297 108.344
108.285 108.595 109.564
108.282 108.303 108.335
108.258 108.295 108.318
108.253 108.302 108.354
108.293 108.321 108.367
108.273 108.294 108.307
108.292 108.304 108.325
108.289 109.090 110.522
108.288 108.642 109.201
108.299 108.340 108.452
108.283 109.017 111.209
108.278 108.296 108.337
108.280 108.326 108.401
108.280 108.306 108.325
107.981 108.161 108.212
108.222 108.299 108.353
108.100 108.261 108.317
108.289 108.323 108.342
108.288 108.306 108.342
108.181 108.268 108.308
108.288 108.311 108.370
108.293 108.343 108.427
108.276 108.305 108.328
108.307 108.343 108.413
108.270 108.470 109.152
108.274 108.694 109.385
108.230 108.311 108.363
108.301 108.330 108.358
108.290 108.310 108.344
108.312 108.381 108.628
108.287 108.301 108.338
108.257 108.310 108.367
108.284 108.312 108.346
108.295 108.876 110.249
108.289 108.305 108.317
108.302 108.312 108.333
108.185 108.310 108.483
108.258 108.695 110.332
108.282 108.308 108.320
108.307 108.588 109.486
108.322 108.957 110.307
108.289 108.310 108.339
108.291 108.375 108.674
108.291 108.313 108.326
108.211 108.294 108.327
108.290 108.312 108.327
108.296 108.308 108.329
108.250 108.298 108.357
108.094 108.491 108.904
108.216 108.287 108.317
108.254 108.297 108.355
108.200 108.283 108.312
108.302 108.312 108.337
108.214 108.546 109.496
108.192 108.999 111.009
108.275 108.304 108.334
108.307 108.315 108.335
108.220 108.317 108.362
108.262 108.407 108.819
108.200 108.289 108.347
108.273 108.418 108.966
108.496 108.752 108.826
108.205 108.276 108.303
107.910 108.211 108.302
108.268 108.288 108.306
108.248 108.294 108.325
108.140 108.279 108.328
108.288 108.308 108.355
108.264 108.297 108.335
108.183 108.273 108.312
108.291 108.315 108.356
108.291 108.300 108.318
108.311 108.324 108.340
108.301 108.962 111.303
108.308 109.479 110.512
108.291 108.783 110.636
108.202 108.285 108.321
108.238 108.296 108.353
108.253 108.294 108.331
108.267 108.296 108.347
108.227 108.242 108.279
108.272 108.347 108.426
108.292 108.295 108.303
108.293 108.315 108.365
108.280 108.298 108.318
108.175 108.226 108.318
108.190 108.277 108.368
108.170 108.418 109.072
108.309 108.804 110.604
108.269 108.310 108.359
108.308 108.661 110.047
108.279 108.319 108.414
108.284 108.308 108.328
108.525 110.901 113.299
109.219 109.648 110.351
108.204 108.285 108.379
108.046 108.249 108.319
108.286 108.294 108.300
108.262 108.288 108.301
108.224 108.294 108.349
108.307 108.372 108.463
108.087 108.271 108.331
108.305 108.325 108.343
108.243 108.292 108.344
108.281 108.302 108.325
108.288 108.323 108.362
108.291 108.313 108.336
108.257 108.294 108.335
108.290 108.437 108.892
108.283 108.307 108.351
108.261 108.477 109.268
108.284 108.315 108.338
108.292 109.074 112.088
108.238 108.311 108.345
108.263 108.900 111.291
108.220 108.294 108.352
108.289 108.318 108.373
108.295 108.305 108.315
108.288 108.306 108.340
108.289 108.316 108.329
108.266 108.296 108.321
108.246 108.291 108.310
108.211 108.684 110.222
108.399 109.483 110.292
108.280 108.547 109.461
108.301 109.058 111.462
108.306 108.503 109.234
108.314 108.909 111.184
108.274 108.577 109.501
108.290 108.405 108.806
108.078 108.352 109.068
108.164 108.282 108.348
108.140 108.287 108.351
108.232 108.282 108.335
108.205 108.952 111.073
108.273 108.442 108.924
108.188 108.883 111.351
108.185 108.277 108.326
108.304 108.934 111.356
108.210 108.291 108.328
108.295 108.316 108.366
108.283 108.302 108.312
108.312 108.354 108.439
108.381 108.568 109.084
108.269 108.302 108.353
108.277 108.295 108.317
108.202 108.277 108.331
108.209 108.472 109.060
108.302 108.311 108.327
108.219 108.293 108.326
108.246 108.634 109.984
108.084 108.240 108.338
108.196 108.433 109.097
108.287 108.552 109.522
108.254 108.472 109.068
108.293 108.509 109.308
108.180 108.308 108.378
108.311 108.321 108.336
108.342 109.259 110.537
108.298 108.321 108.356
108.278 108.291 108.307
108.311 108.453 108.975
108.194 108.636 110.114
108.137 108.259 108.326
108.267 108.285 108.318
108.287 108.299 108.311
108.270 108.300 108.327
108.304 109.214 112.762
108.302 108.315 108.339
108.292 108.302 108.323
108.279 108.530 109.127
108.283 108.315 108.350
108.249 108.449 109.068
108.308 109.237 111.241
108.276 108.308 108.357
108.236 108.318 108.350
108.294 108.578 109.476
108.174 108.280 108.335
108.304 108.330 108.376
108.285 108.318 108.349
108.178 108.303 108.365
108.090 108.364 108.768
108.339 108.994 111.518
108.317 108.328 108.352
108.204 108.399 108.659
108.282 108.299 108.324
108.279 108.447 109.036
108.223 108.304 108.334
108.137 109.062 110.994
108.228 108.290 108.330
108.298 108.317 108.357
108.182 108.292 108.364
108.294 109.090 111.026
108.287 108.364 108.631
108.212 108.290 108.334
108.274 108.533 109.459
108.237 108.303 108.362
108.177 108.212 108.255
108.311 108.462 108.948
108.287 108.310 108.372
108.222 108.284 108.312
108.276 108.319 108.356
108.297 108.318 108.343
108.280 108.291 108.302
108.264 108.309 108.344
108.190 108.258 108.322
108.247 108.299 108.349
108.281 108.295 108.313
108.316 108.694 109.656
108.246 108.296 108.325
108.168 108.296 108.353
108.310 108.336 108.358
108.239 108.285 108.339
108.267 108.306 108.328
108.306 108.338 108.413
108.285 108.324 108.361
108.297 108.329 108.364
108.279 108.307 108.339
108.238 108.291 108.316
108.294 108.588 109.675
108.319 108.331 108.346
108.205 108.423 108.723
108.287 108.308 108.333
109.200 110.128 111.704
108.294 108.309 108.327
108.294 108.303 108.334
108.176 108.284 108.333
108.362 108.645 109.078
108.207 108.391 108.829
108.252 108.304 108.344
108.171 108.188 108.206
108.245 108.326 108.443
108.228 108.297 108.352
108.314 108.327 108.352
108.315 108.349 108.412
108.220 108.282 108.339
108.303 108.308 108.317
108.278 108.332 108.384
108.256 108.291 108.310
108.170 108.294 108.339
108.244 108.310 108.347
108.298 108.316 108.337
108.295 108.433 108.871
108.294 108.322 108.342
108.308 108.326 108.356
108.290 108.323 108.403
108.307 108.344 108.370
108.262 108.315 108.387
108.284 108.886 111.226
108.283 108.801 110.146
108.268 108.304 108.357
108.286 108.457 109.063
108.229 108.295 108.331
108.294 108.313 108.325
108.212 108.384 108.777
108.281 108.308 108.346
108.315 108.879 111.126
108.296 108.368 108.469
108.168 109.177 110.754
108.227 108.292 108.355
108.152 108.269 108.310
108.272 108.294 108.334
108.285 108.369 108.669
108.213 108.292 108.327
108.277 108.331 108.458
108.277 108.288 108.299
108.296 108.314 108.334
108.209 108.239 108.314
108.293 108.312 108.325
108.289 108.304 108.316
108.275 108.314 108.340
108.289 108.330 108.405
108.306 108.336 108.374
108.276 108.313 108.344
108.290 108.331 108.360
108.274 108.298 108.317
108.311 108.347 108.374
108.214 109.127 111.197
108.229 108.276 108.323
108.306 108.327 108.377
108.272 108.929 111.443
108.287 108.311 108.358
108.220 108.288 108.339
108.257 108.304 108.326
108.220 109.534 112.001
108.235 108.304 108.386
108.288 108.335 108.426
108.307 108.316 108.329
108.294 108.334 108.392
108.207 108.270 108.322
108.339 108.792 109.662
108.223 108.302 108.327
108.303 108.321 108.344
108.276 108.327 108.406
108.222 108.284 108.324
108.300 108.339 108.421
108.216 108.294 108.336
108.193 108.203 108.213
108.284 108.319 108.335
108.260 108.316 108.448
108.258 108.309 108.355
108.282 108.313 108.334
108.304 108.373 108.588
108.219 108.298 108.359
108.226 108.296 108.346
108.204 108.671 109.581
108.407 109.633 110.958
108.305 108.335 108.378
108.276 108.396 108.711
108.289 108.308 108.342
108.129 108.268 108.358
108.307 108.349 108.401
108.280 108.322 108.348
108.338 108.607 109.322
108.260 108.295 108.329
108.113 108.266 108.324
108.247 108.300 108.347
108.242 108.279 108.293
108.234 108.294 108.355
108.297 108.336 108.369
108.233 108.321 108.490
108.218 108.325 108.415
108.294 108.324 108.352
108.484 110.085 111.945
108.291 108.308 108.334
108.283 108.652 110.007
108.284 108.300 108.330
108.101 108.233 108.319
108.287 108.302 108.318
108.278 108.296 108.309
108.294 108.379 108.528
108.283 108.310 108.370
108.278 108.781 110.705
108.230 108.956 111.574
108.116 108.266 108.312
108.258 108.300 108.349
108.263 108.302 108.359
108.290 108.679 110.076
108.311 108.409 108.692
108.258 108.286 108.309
108.299 108.860 111.087
108.287 108.403 108.737
108.285 108.524 109.224
108.233 108.299 108.351
108.258 108.953 111.194
108.319 109.109 110.272
107.992 108.481 109.508
108.223 108.287 108.324
108.280 108.300 108.317
108.220 108.286 108.358
108.303 108.547 109.475
108.295 108.309 108.321
108.291 108.310 108.342
108.224 108.286 108.320
108.221 108.957 110.547
108.297 108.320 108.344
108.192 108.290 108.379
108.330 109.038 110.202
108.284 108.309 108.329
108.293 108.574 109.571
108.305 108.325 108.347
108.269 108.461 109.057
108.316 108.334 108.350
108.280 108.309 108.388
108.292 108.313 108.339
108.246 108.299 108.395
108.224 108.290 108.337
108.266 108.289 108.306
108.311 108.325 108.341
108.185 108.284 108.350
108.277 108.314 108.376
108.312 108.861 110.909
108.287 108.307 108.323
108.292 109.264 111.151
108.287 108.422 108.767
108.299 108.312 108.335
108.315 109.083 109.969
108.313 108.336 108.354
108.219 109.172 112.382
108.297 108.373 108.460
108.294 108.310 108.341
108.291 108.311 108.331
108.247 108.313 108.354
108.254 108.357 108.487
108.285 108.296 108.313
108.289 108.310 108.340
108.298 108.305 108.315
108.257 108.290 108.319
108.300 108.309 108.318
108.277 108.300 108.342
108.291 108.311 108.383
108.420 109.572 111.310
108.256 108.341 108.423
108.243 108.322 108.356
108.276 108.309 108.346
108.242 108.303 108.343
108.134 108.287 108.357
108.226 108.274 108.315
108.296 108.305 108.318
108.229 109.145 111.376
108.295 108.306 108.324
108.317 108.324 108.334
108.267 108.656 110.024
108.299 108.859 110.946
108.294 108.375 108.546
108.319 109.273 109.830
108.426 108.964 110.738
108.282 108.307 108.331
108.212 108.279 108.304
108.288 108.318 108.353
108.256 108.342 108.473
108.307 108.312 108.318
108.305 108.314 108.330
108.205 108.298 108.401
108.285 108.310 108.352
108.219 108.277 108.299
108.169 108.459 109.289
108.286 108.427 108.909
108.274 108.295 108.307
108.183 108.277 108.360
108.280 108.314 108.341
108.300 108.477 108.972
108.257 108.320 108.367
108.263 108.293 108.348
108.134 108.253 108.342
108.241 108.307 108.344
108.154 108.296 108.361
108.311 108.712 109.132
108.167 108.290 108.325
108.293 108.300 108.317
108.190 108.241 108.304
108.273 108.298 108.313
108.422 109.667 111.357
108.279 108.291 108.308
108.284 108.332 108.420
108.225 108.307 108.374
108.291 108.298 108.310
108.189 108.247 108.310
108.264 108.307 108.407
108.288 108.313 108.350
108.289 108.321 108.350
108.229 108.343 108.467
108.230 108.285 108.330
108.221 108.324 108.467
108.297 108.305 108.317
108.295 108.309 108.337
108.291 108.303 108.326
108.275 108.479 109.243
108.280 108.307 108.362
108.287 108.325 108.392
108.218 108.277 108.325
108.295 108.342 108.412
108.314 108.324 108.352
108.242 108.297 108.317
108.242 108.283 108.322
108.153 108.724 109.901
108.329 109.077 111.525
108.245 108.422 108.946
108.290 108.306 108.315
108.285 108.911 109.441
108.193 108.683 110.283
108.283 108.312 108.367
108.302 108.314 108.342
108.311 108.739 109.911
108.218 108.274 108.300
108.212 108.809 110.987
108.269 108.295 108.310
108.274 108.305 108.335
108.217 108.296 108.340
108.271 108.288 108.325
108.310 108.331 108.350
108.166 108.297 108.411
108.295 108.313 108.344
108.275 108.290 108.300
108.288 108.620 109.372
108.277 108.308 108.329
108.219 108.755 110.384
108.291 108.307 108.322
108.165 108.289 108.339
108.290 108.297 108.306
108.229 108.283 108.304
108.285 108.297 108.317
108.290 108.307 108.329
108.251 108.296 108.346
108.265 108.298 108.332
108.178 108.229 108.314
108.295 108.315 108.355
108.296 108.331 108.400
108.296 108.310 108.319
108.291 108.328 108.354
108.291 108.310 108.337
108.287 108.707 109.394
108.295 108.324 108.366
108.313 108.662 109.250
108.315 108.407 108.729
108.276 108.303 108.361
108.275 108.321 108.372
108.206 108.291 108.331
108.201 108.258 108.322
108.283 108.326 108.399
108.208 108.447 108.976
108.300 108.345 108.438
108.298 108.331 108.429
108.302 108.342 108.456
108.309 108.334 108.373
108.268 108.329 108.400
108.612 109.306 111.367
108.263 108.296 108.312
108.294 108.318 108.359
108.300 109.095 110.301
108.298 108.363 108.459
108.218 108.280 108.332
108.118 108.278 108.381
108.176 108.237 108.435
108.258 108.299 108.346
108.143 108.261 108.352
108.270 108.293 108.302
108.242 108.295 108.353
108.289 108.308 108.335
108.277 108.301 108.336
108.160 108.287 108.330
108.243 108.303 108.350
108.318 108.454 108.953
108.274 108.296 108.314
108.241 108.311 108.363
108.267 108.448 108.834
108.296 108.522 109.325
108.276 108.296 108.318
108.189 108.274 108.307
108.223 108.267 108.301
108.291 108.341 108.462
108.205 108.303 108.374
108.298 108.328 108.393
108.273 108.304 108.329
108.265 108.320 108.356
108.214 108.279 108.319
108.284 108.314 108.354
108.299 108.836 110.971
107.949 108.795 111.322
108.351 110.277 111.253
108.266 108.461 109.120
108.331 108.747 109.367
108.208 108.306 108.344
108.068 108.395 108.869
108.281 108.313 108.347
108.110 108.268 108.331
108.186 108.201 108.210
108.296 108.304 108.323
108.159 108.256 108.315
108.300 108.307 108.316
108.252 108.836 110.606
108.298 108.327 108.346
108.211 108.359 108.648
108.224 108.286 108.308
108.301 108.323 108.347
108.171 108.265 108.405
108.310 108.584 109.350
108.311 109.136 111.767
108.314 108.328 108.339
108.276 108.474 109.018
108.263 108.327 108.373
108.290 108.316 108.381
108.180 108.425 109.084
108.172 108.204 108.220
108.271 108.288 108.304
108.225 108.302 108.385
108.104 108.284 108.351
108.218 108.419 108.683
108.292 108.308 108.331
108.280 108.308 108.335
108.297 108.324 108.377
108.227 108.755 109.749
108.186 108.300 108.462
108.309 108.318 108.325
108.126 109.252 111.460
108.251 108.310 108.352
108.315 108.324 108.345
108.315 108.403 108.692
108.170 109.195 112.864
108.297 108.668 110.112
108.277 108.303 108.340
108.262 108.300 108.337
108.021 108.330 108.770
108.291 108.662 109.970
108.257 108.293 108.330
108.281 108.316 108.361
108.251 108.315 108.370
108.276 108.297 108.306
108.232 108.723 110.458
108.325 109.485 111.793
108.272 108.287 108.316
108.292 108.330 108.353
108.304 108.692 109.287
108.270 108.309 108.343
108.296 108.361 108.570
108.261 108.281 108.294
108.257 108.297 108.339
108.285 108.327 108.372
108.275 108.293 108.322
108.259 108.642 110.002
108.209 108.304 108.437
108.223 108.310 108.423
108.127 108.215 108.294
108.166 108.222 108.284
108.280 108.294 108.316
108.279 109.008 111.222
108.281 108.311 108.360
108.253 108.299 108.320
108.266 108.371 108.740
108.310 108.480 109.112
108.336 108.812 109.611
108.272 108.316 108.384
108.246 108.363 108.623
108.282 108.326 108.362
108.152 108.265 108.311
108.281 108.306 108.331
108.127 108.606 109.569
108.203 108.268 108.310
108.310 108.319 108.329
108.246 108.296 108.335
108.299 108.315 108.335
108.221 110.040 112.918
108.283 108.304 108.343
108.174 108.789 110.905
108.304 109.932 112.201
108.336 108.353 108.370
108.109 108.306 108.438
108.289 108.416 108.750
108.229 108.479 109.222
108.285 108.322 108.385
108.298 108.315 108.361
108.228 108.288 108.320
108.301 108.334 108.365
108.288 108.335 108.434
108.298 108.310 108.341
108.304 108.321 108.354
108.203 108.595 109.896
108.285 108.322 108.345
108.289 108.310 108.327
108.718 110.114 112.229
108.285 108.301 108.323
108.251 108.349 108.514
108.298 108.886 110.215
108.198 108.293 108.342
108.283 108.297 108.324
108.300 108.324 108.369
108.289 108.303 108.321
108.184 108.284 108.352
108.299 108.385 108.680
108.303 108.318 108.331
108.295 108.315 108.342
108.298 108.335 108.395
108.168 108.278 108.316
108.281 108.291 108.297
108.281 108.733 110.468
108.280 108.339 108.440
108.257 108.290 108.317
108.288 108.295 108.310
108.222 108.296 108.340
108.252 108.566 109.690
108.286 108.314 108.352
108.205 108.758 109.990
108.226 108.272 108.302
108.286 108.324 108.379
108.195 108.283 108.326
108.293 108.303 108.332
108.042 108.937 111.698
108.285 108.315 108.353
108.279 108.381 108.727
108.300 108.347 108.424
108.212 108.292 108.352
108.194 108.379 108.556
108.182 108.309 108.378
108.277 108.320 108.351
108.205 108.488 109.132
108.225 108.281 108.310
108.268 108.323 108.369
108.287 108.440 108.958
108.161 108.301 108.371
108.302 108.366 108.481
108.192 108.286 108.330
108.297 108.314 108.331
108.212 108.281 108.354
108.240 108.310 108.394
108.255 108.399 108.869
108.288 108.338 108.416
108.161 108.333 108.539
108.177 108.966 110.855
108.270 108.841 111.056
108.385 109.005 109.631
108.133 108.284 108.348
108.273 108.307 108.330
108.314 108.329 108.374
108.108 108.233 108.319
108.240 108.824 110.948
108.284 108.293 108.305
108.217 108.269 108.311
108.309 108.327 108.347
108.288 108.295 108.306
108.260 108.305 108.352
108.283 108.306 108.330
108.293 108.308 108.326
108.277 108.304 108.327
108.327 108.345 108.387
108.113 108.313 108.544
108.114 108.272 108.323
108.431 109.404 110.576
108.249 108.318 108.388
108.273 109.007 111.838
108.306 108.572 109.291
108.297 108.300 108.304
108.293 108.320 108.358
108.211 108.282 108.314
108.234 108.637 110.014
108.178 108.269 108.330
108.282 108.479 109.201
108.158 108.241 108.304
108.243 108.301 108.357
108.249 108.294 108.333
108.193 108.225 108.286
108.311 108.334 108.379
108.281 108.306 108.334
108.189 108.749 109.902
108.302 108.442 108.893
108.266 108.316 108.376
108.295 108.321 108.350
108.201 108.317 108.365
108.182 108.932 111.559
108.195 108.281 108.316
108.242 108.277 108.304
108.288 108.330 108.371
108.287 108.306 108.316
108.210 108.280 108.452
108.274 108.307 108.364
108.288 108.314 108.331
108.303 108.460 108.994
108.296 108.309 108.334
108.286 108.300 108.315
108.282 108.393 108.761
108.278 109.280 111.287
108.285 108.323 108.349
108.281 108.503 109.274
108.214 108.295 108.345
108.299 108.643 109.957
108.277 108.300 108.313
108.282 108.315 108.363
108.220 108.299 108.352
108.309 108.552 109.462
108.288 108.342 108.429
108.285 108.296 108.320
108.294 108.313 108.345
108.300 108.321 108.340
108.270 108.320 108.370
108.305 108.470 109.075
108.229 108.272 108.303
108.295 109.088 110.352
108.236 108.316 108.360
108.293 108.313 108.338
108.292 108.350 108.532
108.319 108.585 109.459
108.199 108.658 110.106
108.296 108.310 108.332
108.294 108.320 108.348
108.279 108.297 108.312
108.287 108.301 108.334
108.295 108.321 108.341
108.276 108.306 108.334
108.276 108.304 108.321
108.175 108.287 108.329
108.164 108.233 108.307
108.307 108.734 109.737
108.296 108.497 109.176
108.293 109.226 112.621
108.337 108.466 108.925
108.281 108.370 108.615
108.275 108.306 108.335
108.255 108.306 108.351
108.313 108.433 108.881
108.297 108.362 108.526
108.283 108.311 108.354
108.275 108.309 108.334
108.289 108.309 108.330
108.248 108.296 108.331
108.255 108.293 108.348
108.161 108.268 108.301
108.297 108.783 110.557
107.963 108.242 108.347
108.297 108.314 108.342
108.253 108.671 109.506
108.481 110.017 112.007
108.302 110.752 114.991
108.297 108.309 108.323
108.293 108.865 111.075
108.264 108.626 109.561
108.160 108.281 108.358
108.286 108.305 108.337
108.280 108.305 108.337
108.295 108.318 108.342
108.289 108.304 108.324
108.230 108.502 109.283
108.286 108.306 108.332
108.167 108.270 108.327
108.284 108.295 108.318
108.239 108.287 108.310
108.284 108.309 108.347
108.293 108.393 108.769
108.315 108.756 109.393
108.286 109.222 111.028
108.244 108.296 108.351
108.300 109.857 111.920
108.295 108.305 108.320
108.279 108.721 110.092
108.270 108.305 108.331
108.297 108.314 108.332
108.299 108.317 108.380
108.246 108.296 108.332
108.294 108.343 108.470
108.276 108.309 108.333
108.297 108.339 108.368
108.225 108.276 108.317
108.200 108.285 108.326
108.267 108.305 108.327
108.934 109.625 110.062
108.284 108.318 108.361
108.170 108.275 108.325
108.287 108.304 108.340
108.303 108.307 108.312
108.294 108.318 108.373
108.313 108.321 108.334
108.319 108.390 108.440
108.240 108.291 108.326
108.222 108.285 108.316
108.219 108.797 110.950
108.237 108.334 108.501
108.319 108.342 108.372
108.206 108.291 108.359
108.222 108.296 108.353
108.209 108.288 108.322
108.291 108.308 108.351
108.267 109.029 109.713
108.241 108.301 108.351
108.223 108.295 108.323
108.240 108.305 108.354
108.300 108.328 108.359
108.224 108.649 109.270
108.273 108.309 108.378
108.264 108.300 108.346
108.297 108.317 108.353
108.279 108.311 108.353
108.266 108.324 108.468
108.280 108.351 108.574
108.279 108.517 109.340
108.274 108.408 108.830
108.279 108.342 108.446
108.303 108.334 108.361
108.259 108.811 110.847
108.288 108.311 108.329
108.324 109.265 110.330
108.276 108.347 108.440
108.249 108.291 108.314
108.195 108.284 108.351
108.324 109.332 111.130
108.288 108.339 108.454
108.284 108.347 108.540
108.272 108.302 108.317
108.155 108.412 108.953
108.275 108.324 108.372
108.276 108.312 108.342
108.279 108.299 108.325
108.079 108.256 108.353
108.284 108.317 108.383
108.305 108.414 108.656
108.565 109.861 111.484
108.290 108.306 108.333
108.185 108.306 108.361
108.313 108.555 108.938
108.313 108.956 109.964
108.271 108.312 108.404
108.300 108.315 108.331
108.281 108.306 108.326
108.281 109.052 112.069
108.252 108.284 108.314
108.213 108.295 108.350
108.261 108.306 108.333
108.287 108.302 108.338
108.292 108.323 108.382
108.177 108.304 108.375
108.300 108.316 108.344
108.219 108.300 108.357
108.272 108.424 108.943
108.296 108.349 108.429
108.304 108.334 108.351
108.202 109.224 112.967
108.286 108.329 108.418
108.283 108.338 108.403
108.289 108.302 108.312
108.305 108.321 108.336
108.256 108.286 108.331
108.292 108.932 110.035
108.172 108.296 108.350
108.275 108.289 108.297
108.304 108.329 108.392
108.294 108.306 108.341
108.279 108.325 108.387
108.290 108.307 108.320
108.126 108.951 111.031
108.304 108.321 108.335
108.296 108.542 109.107
108.293 108.317 108.331
108.234 108.288 108.342
108.272 108.304 108.322
108.293 108.314 108.344
108.291 108.303 108.310
108.179 108.266 108.299
108.273 108.300 108.318
108.244 108.294 108.349
108.263 108.791 110.737
108.280 108.299 108.323
108.269 108.283 108.302
108.287 108.313 108.390
108.299 108.317 108.356
108.315 109.959 111.612
108.621 110.275 111.227
108.305 108.320 108.328
108.274 108.307 108.359
108.280 108.961 109.941
108.196 108.276 108.311
108.300 109.021 110.245
108.164 108.281 108.333
108.277 108.334 108.406
108.270 108.291 108.315
108.292 108.308 108.318
108.290 108.303 108.317
108.185 108.252 108.348
108.182 108.276 108.320
108.310 108.476 109.106
108.308 108.326 108.354
108.155 108.263 108.308
108.307 109.055 110.389
108.292 109.374 110.993
108.274 108.323 108.413
108.293 108.472 109.041
108.198 109.165 111.911
108.242 108.666 109.594
108.286 108.335 108.387
108.216 108.342 108.600
108.305 108.313 108.326
108.279 108.295 108.321
108.279 108.395 108.658
108.261 108.295 108.327
108.303 108.318 108.327
108.279 108.304 108.318
108.256 108.320 108.354
108.181 108.299 108.357
108.298 108.331 108.398
108.252 108.294 108.324
108.292 108.305 108.314
108.612 110.012 111.763
108.307 108.330 108.382
108.253 108.291 108.313
108.277 108.317 108.347
108.293 108.312 108.364
108.088 108.178 108.228
108.259 109.043 111.889
108.231 108.785 110.769
108.261 108.298 108.317
108.299 108.319 108.369
108.128 108.271 108.315
108.166 108.360 108.720
108.222 108.303 108.349
108.281 108.302 108.323
108.272 108.933 111.383
108.293 108.412 108.814
108.207 108.284 108.310
108.277 108.312 108.352
108.253 108.290 108.322
108.265 109.062 111.099
108.266 108.412 108.797
108.312 108.364 108.415
108.288 108.719 110.354
108.250 108.950 111.611
108.320 109.087 110.264
108.304 108.320 108.340
108.205 108.804 110.894
108.246 108.289 108.310
108.299 108.308 108.316
108.299 108.321 108.365
108.190 108.274 108.300
108.286 108.579 109.665
108.289 108.307 108.330
108.273 108.321 108.360
108.296 108.304 108.314
108.245 109.854 113.664
108.192 109.076 111.546
108.290 108.322 108.391
108.290 108.314 108.351
108.219 108.282 108.318
108.296 108.321 108.373
108.208 108.386 108.848
108.244 108.306 108.346
108.276 108.297 108.317
108.117 108.266 108.323
108.296 108.317 108.335
108.137 108.270 108.320
108.277 108.391 108.743
108.332 108.753 109.984
108.290 108.306 108.330
108.276 108.580 109.081
108.302 108.557 109.478
108.272 108.473 108.768
108.276 108.295 108.304
108.314 108.330 108.351
108.287 108.333 108.365
108.251 108.307 108.369
108.238 108.289 108.324
108.242 108.284 108.307
108.210 108.266 108.311
108.284 108.542 109.402
108.304 108.543 109.425
108.286 108.339 108.387
108.264 108.321 108.379
108.292 108.315 108.344
108.275 108.466 109.134
108.298 109.070 110.689
108.281 108.354 108.576
108.301 108.376 108.579
108.323 108.350 108.363
108.307 108.325 108.367
108.284 108.305 108.342
108.198 108.478 109.456
108.288 108.312 108.344
108.272 108.304 108.342
108.272 108.295 108.313
108.284 108.665 110.083
108.289 108.359 108.528
108.254 108.327 108.392
108.189 108.241 108.308
108.165 108.282 108.355
108.254 108.295 108.325
108.286 108.303 108.317
108.296 108.334 108.408
108.299 108.343 108.509
108.218 108.478 109.199
108.275 108.301 108.321
108.257 108.686 109.754
108.266 108.293 108.314
108.293 108.311 108.334
108.289 108.317 108.349
108.292 108.310 108.320
108.313 108.360 108.396
108.306 108.323 108.344
108.295 108.657 109.972
108.252 108.301 108.332
108.288 108.391 108.704
108.220 108.324 108.401
108.426 109.208 110.349
108.281 108.324 108.371
108.285 108.319 108.343
108.136 108.668 109.603
108.598 110.092 112.269
108.229 108.292 108.330
108.191 108.277 108.308
108.287 108.310 108.327
108.235 108.283 108.313
108.203 108.265 108.324
108.294 108.305 108.329
108.241 108.303 108.328
108.210 108.254 108.311
108.269 108.311 108.380
108.248 109.508 112.263
108.290 108.400 108.759
108.174 108.279 108.313
108.306 108.363 108.478
108.287 108.309 108.326
108.295 108.831 110.069
108.310 108.521 109.320
108.292 108.316 108.342
108.265 108.344 108.439
108.280 108.318 108.407
108.280 108.309 108.345
108.282 109.329 113.408
108.307 108.321 108.358
108.207 108.470 109.238
108.296 108.358 108.467
108.299 108.308 108.319
108.303 108.316 108.331
108.197 108.276 108.315
108.201 108.290 108.325
108.289 108.314 108.372
108.292 108.319 108.386
108.311 108.517 108.940
108.300 108.569 109.521
108.212 108.297 108.330
108.274 108.297 108.325
108.299 108.309 108.336
108.288 108.325 108.384
108.234 108.288 108.340
108.287 108.326 108.357
108.299 108.305 108.319
108.289 108.304 108.314
108.223 108.291 108.347
108.217 108.259 108.340
108.285 108.324 108.375
108.310 108.330 108.389
108.284 108.502 109.177
108.700 110.014 111.204
108.269 108.306 108.325
108.320 108.332 108.368
108.213 108.339 108.495
108.282 108.490 109.129
108.266 108.307 108.341
108.224 108.309 108.381
108.091 108.271 108.360
108.294 108.314 108.358
108.258 108.308 108.358
108.265 109.108 111.892
108.269 108.317 108.380
108.292 108.307 108.327
108.293 108.302 108.314
108.218 108.311 108.367
108.286 108.301 108.311
108.321 108.333 108.376
108.292 108.618 109.850
108.227 108.282 108.344
108.157 109.074 111.924
108.244 108.297 108.344
108.260 108.316 108.337
108.283 108.309 108.324
108.159 108.278 108.333
108.182 108.286 108.326
108.337 108.366 108.392
108.287 108.431 108.923
108.154 108.269 108.319
108.295 108.350 108.429
108.279 108.477 108.836
108.302 108.335 108.437
108.254 108.358 108.445
108.271 108.306 108.328
108.293 108.603 109.735
108.300 108.332 108.424
108.317 108.360 108.495
108.290 108.814 110.353
108.234 108.553 109.615
108.294 108.314 108.336
108.285 108.326 108.386
108.196 108.291 108.326
108.262 108.297 108.321
108.292 108.323 108.370
108.228 108.288 108.342
108.221 108.289 108.319
108.281 108.301 108.320
108.180 108.420 108.902
108.232 108.278 108.304
108.286 108.331 108.397
108.336 108.798 109.846
108.413 109.036 110.584
108.292 108.394 108.775
108.309 108.384 108.486
108.280 108.321 108.345
108.226 108.319 108.370
108.302 108.306 108.310
108.295 108.312 108.344
108.211 108.292 108.325
108.268 108.293 108.319
108.174 108.285 108.343
108.049 108.312 108.646
108.287 108.308 108.334
108.219 108.298 108.336
108.200 108.295 108.360
108.226 108.311 108.348
108.271 108.856 111.091
108.298 108.311 108.323
108.269 108.298 108.332
108.282 108.418 108.813
108.303 108.916 110.869
108.250 108.712 110.133
108.296 108.304 108.319
108.293 108.315 108.371
108.296 108.321 108.344
108.265 108.303 108.339
108.292 108.318 108.340
108.239 108.448 109.090
108.260 108.290 108.312
108.259 108.290 108.342
108.274 108.506 109.281
108.067 108.237 108.339
108.322 108.696 110.126
108.319 108.342 108.382
108.280 108.300 108.325
108.281 108.450 108.769
108.243 108.298 108.340
108.300 108.943 109.943
108.170 108.268 108.344
108.266 108.311 108.346
108.323 108.329 108.345
108.246 108.316 108.347
108.241 108.841 110.943
108.173 108.674 110.219
108.301 108.342 108.359
108.165 108.270 108.327
108.249 108.304 108.356
108.306 108.315 108.326
108.190 108.271 108.328
108.291 108.328 108.350
108.288 108.307 108.323
108.300 108.346 108.410
108.288 108.314 108.343
108.262 108.322 108.352
109.185 111.072 113.476
108.298 108.318 108.349
108.274 108.303 108.326
108.294 108.327 108.369
108.254 108.306 108.340
108.279 108.313 108.362
108.291 108.304 108.315
108.320 109.146 112.383
108.301 108.314 108.349
108.248 108.297 108.341
108.275 108.293 108.328
108.285 108.476 109.078
108.180 108.617 110.034
108.433 109.724 110.839
108.274 108.609 109.730
108.285 109.048 111.513
108.253 108.332 108.368
108.283 108.957 110.644
108.291 108.308 108.321
108.278 108.302 108.320
108.132 108.266 108.367
108.287 108.330 108.394
108.220 108.304 108.381
108.214 108.300 108.350
108.243 108.280 108.324
108.223 108.284 108.315
108.260 108.330 108.507
108.159 108.291 108.360
108.309 108.344 108.401
108.153 109.017 110.328
108.308 108.317 108.327
108.286 108.348 108.431
108.292 108.390 108.623
108.288 108.322 108.351
108.282 108.321 108.424
108.293 108.320 108.362
108.216 108.296 108.332
108.287 108.300 108.330
108.295 108.340 108.403
108.299 108.321 108.353
108.279 108.332 108.446
108.237 108.295 108.346
108.297 108.345 108.428
108.296 108.316 108.356
108.292 108.311 108.332
108.187 108.304 108.440
108.322 108.459 108.927
108.292 108.338 108.380
108.296 108.472 109.033
108.297 108.310 108.320
108.324 108.441 108.817
108.303 108.427 108.892
108.264 108.581 109.617
108.263 108.300 108.361
108.275 108.325 108.364
108.296 108.322 108.377
108.280 108.314 108.394
108.107 108.270 108.334
108.289 108.447 108.988
108.212 108.302 108.383
108.284 108.304 108.317
108.264 108.493 109.236
108.289 108.407 108.758
108.283 108.306 108.329
108.284 108.329 108.375
108.298 108.329 108.377
108.268 108.327 108.372
108.288 108.315 108.338
108.278 108.287 108.305
108.288 108.326 108.439
108.259 108.304 108.357
108.219 108.322 108.420
108.186 108.264 108.338
108.285 108.338 108.420
108.214 108.286 108.407
108.278 108.321 108.355
108.299 108.316 108.334
108.283 108.291 108.299
108.213 108.418 108.770
108.295 108.725 110.394
108.300 108.775 109.689
108.270 108.300 108.355
108.315 108.359 108.473
108.302 108.522 109.336
108.285 108.314 108.336
108.244 108.597 109.036
108.209 108.495 109.310
108.295 108.391 108.740
108.268 108.303 108.329
108.281 108.640 109.920
108.181 108.357 108.795
108.228 108.294 108.339
108.230 108.311 108.392
108.295 108.306 108.312
108.294 108.386 108.670
108.234 108.400 108.889
108.298 108.308 108.327
108.267 108.298 108.321
108.298 108.322 108.389
108.280 108.304 108.320
108.095 108.257 108.344
108.280 108.316 108.357
108.223 108.282 108.313
108.214 108.292 108.355
108.290 108.593 109.761
108.282 108.306 108.331
108.284 108.352 108.448
108.280 108.295 108.313
108.279 108.295 108.316
108.279 108.305 108.321
108.265 108.291 108.316
108.158 108.318 108.507
108.298 108.317 108.337
108.257 108.324 108.384
108.293 108.307 108.327
108.252 108.308 108.379
108.104 108.262 108.341
108.253 108.294 108.344
108.289 108.312 108.330
108.324 108.370 108.541
108.280 108.297 108.311
108.184 108.427 109.136
108.237 108.281 108.327
108.246 108.858 110.793
108.265 108.296 108.336
108.250 108.298 108.334
108.169 108.345 108.746
108.153 108.638 110.190
108.257 108.612 109.898
108.277 108.299 108.319
108.272 108.322 108.382
108.296 108.321 108.340
108.201 108.281 108.338
108.298 108.332 108.420
108.281 108.313 108.357
108.139 108.518 109.739
108.277 108.311 108.334
108.270 108.303 108.341
108.235 108.292 108.359
108.291 108.320 108.348
108.162 108.272 108.341
108.188 108.272 108.308
108.276 108.309 108.332
108.203 108.733 110.713
108.270 108.303 108.336
108.239 108.296 108.347
108.177 108.276 108.323
108.261 108.293 108.316
108.272 108.326 108.368
108.226 108.292 108.317
108.286 108.314 108.394
108.286 108.689 110.205
108.256 108.289 108.312
108.255 108.303 108.357
108.282 108.295 108.326
108.222 108.281 108.353
108.292 108.400 108.679
108.284 108.385 108.706
108.287 108.311 108.343
108.243 108.287 108.319
108.267 108.286 108.299
108.289 108.631 109.192
108.269 108.339 108.390
108.685 109.514 111.061
108.213 108.282 108.320
108.274 108.685 109.715
108.302 108.758 109.974
108.265 108.301 108.324
108.008 108.792 111.150
108.258 108.520 109.461
108.274 108.303 108.356
108.263 108.286 108.305
108.233 108.293 108.338
108.300 108.437 108.880
108.284 108.307 108.350
108.271 108.289 108.296
108.218 108.286 108.327
108.296 108.431 108.876
108.295 108.316 108.328
108.324 108.865 110.936
108.331 108.804 109.353
108.272 108.287 108.295
108.273 108.294 108.310
108.046 108.261 108.326
108.238 108.649 110.166
108.294 108.349 108.531
108.279 108.311 108.385
108.267 108.301 108.344
108.294 108.305 108.322
108.294 108.337 108.422
108.292 108.313 108.357
108.293 108.315 108.339
108.283 108.315 108.343
108.259 108.278 108.312
108.035 108.200 108.389
108.205 108.406 108.802
108.311 108.326 108.348
108.300 108.312 108.330
108.309 109.334 111.014
108.292 108.327 108.383
108.273 108.999 111.849
108.182 108.386 108.744
108.256 109.283 110.626
108.267 108.298 108.356
108.255 108.302 108.361
108.299 108.320 108.343
108.195 108.349 108.615
108.289 108.310 108.342
108.275 108.301 108.335
108.286 108.572 109.684
108.235 108.321 108.439
108.298 108.327 108.409
108.217 108.427 108.922
108.316 108.530 108.896
108.307 108.511 109.303
108.289 108.308 108.341
108.202 108.274 108.329
108.296 108.332 108.379
108.275 108.526 109.406
108.285 108.301 108.314
108.174 108.201 108.219
108.303 108.449 108.926
108.289 108.534 109.259
108.224 108.313 108.531
108.289 108.317 108.336
108.289 108.304 108.314
108.290 108.314 108.336
108.373 108.744 109.765
108.297 108.313 108.332
108.160 108.446 108.882
108.133 108.274 108.325
108.239 108.296 108.332
108.286 108.301 108.316
108.296 108.562 109.586
108.273 108.481 109.157
108.186 108.292 108.380
108.286 108.322 108.398
108.270 108.289 108.307
108.285 108.318 108.369
108.199 108.940 111.688
108.214 108.657 110.075
108.314 108.335 108.379
108.313 108.792 110.133
108.307 108.319 108.333
108.238 108.284 108.303
108.251 108.710 110.059
108.301 108.526 109.258
108.288 108.374 108.575
108.276 108.369 108.725
108.219 108.314 108.362
108.314 108.335 108.386
108.299 108.317 108.373
108.302 108.336 108.389
108.282 108.317 108.392
108.279 109.140 112.546
108.313 108.359 108.421
108.119 108.255 108.304
108.264 108.301 108.344
108.308 108.428 108.873
108.307 108.441 108.941
108.187 108.296 108.357
108.321 108.737 109.612
108.219 108.954 110.806
108.296 108.303 108.312
108.285 108.356 108.603
108.278 108.326 108.364
108.085 108.306 108.674
108.264 108.429 108.923
108.225 108.294 108.353
108.290 108.310 108.321
108.317 108.837 110.858
108.304 108.977 111.183
108.198 108.324 108.377
108.179 108.546 109.728
108.156 108.557 109.676
108.296 108.330 108.365
108.284 108.336 108.371
108.268 108.306 108.329
108.284 108.311 108.344
108.206 108.289 108.351
108.282 108.358 108.448
108.243 108.315 108.472
108.280 108.314 108.353
108.271 109.185 111.323
108.273 108.329 108.368
108.317 108.344 108.386
108.231 108.312 108.381
108.200 108.439 109.318
108.234 108.510 109.370
108.297 108.308 108.320
108.272 108.318 108.408
108.264 108.302 108.321
108.285 108.754 110.557
108.342 109.242 110.500
108.158 108.278 108.316
108.260 108.303 108.359
108.248 108.297 108.352
108.304 108.330 108.357
108.274 108.308 108.324
108.295 108.308 108.330
108.309 108.341 108.397
108.326 108.368 108.481
108.306 108.313 108.320
108.169 108.281 108.405
108.275 108.294 108.309
108.294 108.308 108.329
108.301 108.325 108.355
108.283 108.762 110.545
108.298 108.335 108.373
108.280 108.299 108.316
108.113 108.274 108.333
108.331 109.692 112.044
108.303 108.320 108.351
108.426 109.156 110.018
108.305 108.517 109.329
108.249 108.288 108.305
108.309 108.518 109.215
108.268 108.513 109.329
108.298 108.569 109.593
108.208 108.296 108.459
108.084 108.183 108.223
108.237 108.279 108.329
108.271 108.296 108.314
108.253 108.456 109.138
108.303 108.310 108.320
108.291 108.323 108.380
108.271 108.298 108.323
108.237 108.295 108.340
108.244 108.302 108.334
108.292 108.304 108.322
108.280 108.316 108.368
108.298 108.393 108.721
108.204 108.300 108.344
108.271 108.304 108.341
108.292 108.321 108.353
108.194 108.239 108.290
108.275 108.292 108.302
108.303 108.321 108.354
108.301 108.309 108.319
108.303 108.328 108.356
108.280 108.321 108.366
108.223 108.307 108.431
108.314 108.334 108.388
108.224 108.443 109.050
108.184 108.630 109.410
108.280 108.835 109.748
108.288 108.340 108.417
108.267 108.285 108.300
108.271 108.290 108.307
108.284 108.299 108.323
108.283 108.307 108.320
108.287 109.001 111.614
108.247 108.302 108.337
108.187 108.236 108.365
108.177 108.290 108.370
108.327 108.604 109.642
108.205 108.346 108.445
108.291 108.316 108.368
108.236 108.319 108.366
108.237 108.274 108.292
108.226 108.266 108.313
108.203 108.290 108.327
108.283 108.295 108.321
108.930 109.781 111.176
108.211 108.277 108.312
108.299 108.312 108.325
108.265 108.325 108.368
108.225 108.318 108.406
108.188 108.276 108.312
108.266 108.298 108.338
108.312 108.472 109.025
108.278 108.295 108.319
108.318 108.359 108.447
108.232 108.486 108.848
108.286 108.321 108.347
108.306 108.323 108.345
108.277 108.312 108.335
108.260 108.286 108.312
108.335 109.261 110.380
108.225 108.599 109.236
108.249 108.283 108.312
108.239 108.626 109.951
108.299 108.338 108.380
108.279 108.913 111.424
108.199 108.661 110.198
108.184 108.246 108.280
108.271 108.318 108.379
108.246 108.308 108.347
108.280 108.392 108.790
108.220 108.290 108.317
108.283 108.439 108.998
108.293 108.324 108.355
108.166 108.360 108.717
108.300 108.341 108.359
108.296 108.309 108.334
108.205 108.873 109.848
108.292 108.300 108.318
108.293 108.807 110.816
108.292 108.304 108.311
108.315 108.373 108.453
108.221 108.341 108.474
108.307 108.452 108.958
108.248 108.280 108.306
108.294 108.498 109.210
108.262 108.292 108.317
108.300 108.709 109.947
108.049 108.335 108.616
108.219 108.289 108.338
108.283 108.346 108.478
108.261 108.306 108.353
108.256 108.294 108.328
108.384 109.321 110.798
108.296 108.342 108.416
108.270 108.293 108.310
108.294 108.304 108.329
108.289 108.333 108.437
108.288 109.666 112.275
108.250 108.658 109.175
108.176 108.283 108.347
108.292 108.303 108.318
108.288 108.303 108.320
108.280 108.299 108.317
108.304 108.457 108.952
108.261 108.320 108.377
108.234 108.301 108.369
108.270 108.310 108.339
108.263 108.303 108.333
108.263 108.296 108.327
108.319 108.335 108.362
108.287 108.665 109.863
108.249 108.294 108.337
108.294 108.310 108.343
108.285 108.295 108.309
108.275 108.322 108.360
108.313 108.330 108.355
108.280 109.488 114.209
108.287 108.504 109.233
108.290 108.321 108.397
108.243 108.298 108.356
108.296 108.322 108.353
108.262 108.315 108.351
108.276 108.302 108.360
108.246 108.540 109.546
108.286 108.314 108.363
108.283 108.794 110.764
108.223 108.279 108.314
108.429 109.196 109.931
108.180 108.270 108.304
108.273 108.285 108.296
108.295 108.791 109.504
108.204 108.449 109.149
108.291 108.312 108.331
108.301 108.328 108.413
108.182 108.233 108.297
107.971 108.290 108.540
108.294 108.322 108.348
108.272 108.628 109.901
108.283 108.307 108.356
108.298 108.473 109.091
108.296 108.317 108.331
108.078 108.249 108.307
108.290 108.307 108.341
108.309 109.093 110.672
108.263 108.292 108.305
108.288 108.347 108.469
108.200 108.280 108.308
108.164 108.591 109.178
108.260 108.313 108.342
108.196 108.275 108.313
108.258 108.282 108.298
108.259 108.300 108.397
108.276 108.321 108.384
108.290 108.365 108.539
108.281 108.294 108.308
108.230 108.274 108.302
108.301 108.320 108.353
108.279 108.293 108.301
108.105 108.222 108.310
108.273 108.535 109.499
108.249 108.543 109.580
108.298 108.312 108.323
108.270 108.315 108.350
108.193 108.293 108.351
108.174 108.838 111.117
108.283 108.316 108.352
108.293 108.459 109.067
108.272 108.301 108.352
108.085 108.273 108.353
108.270 108.332 108.388
108.311 108.345 108.420
108.224 108.306 108.350
108.143 108.275 108.337
108.272 108.298 108.313
108.259 108.937 111.516
108.254 108.289 108.349
108.272 108.319 108.412
108.289 108.316 108.358
108.286 108.311 108.343
108.237 108.575 109.308
108.232 108.304 108.335
108.248 108.297 108.361
108.205 108.646 110.177
108.189 108.288 108.333
108.178 108.450 109.507
108.304 108.312 108.327
108.135 108.289 108.385
108.317 108.355 108.443
108.288 108.319 108.377
108.305 108.369 108.505
108.235 108.293 108.312
108.285 108.491 109.189
108.124 108.269 108.311
108.163 108.256 108.323
108.264 108.292 108.316
108.282 108.311 108.328
108.261 108.294 108.311
108.169 108.282 108.351
108.080 108.256 108.314
108.216 109.211 111.185
108.254 108.334 108.414
108.281 108.298 108.347
108.285 108.411 108.834
108.285 108.314 108.331
108.207 108.295 108.346
108.163 108.269 108.312
108.292 108.303 108.313
108.228 108.290 108.360
108.209 108.898 111.380
108.175 108.271 108.305
108.290 108.319 108.369
108.264 108.307 108.351
108.313 108.427 108.845
108.275 108.311 108.367
108.243 108.315 108.368
108.294 108.333 108.395
108.249 108.296 108.317
108.311 108.698 109.528
108.287 108.313 108.381
108.276 108.340 108.518
108.176 108.529 109.433
108.295 108.321 108.353
108.263 108.323 108.502
108.304 108.311 108.322
108.238 108.540 109.538
108.195 108.530 109.475
108.256 108.327 108.432
108.104 108.241 108.313
108.054 108.213 108.311
108.182 108.281 108.325
108.311 108.349 108.429
108.304 108.646 109.944
108.250 108.301 108.334
108.274 108.300 108.314
108.225 108.301 108.338
108.287 108.312 108.336
108.204 109.410 111.465
108.177 108.286 108.328
108.302 108.324 108.356
108.297 108.559 109.469
108.218 108.284 108.308
108.293 108.327 108.399
108.306 108.352 108.435
108.276 108.324 108.379
108.272 108.304 108.348
108.316 108.342 108.376
108.274 108.322 108.352
108.304 108.319 108.347
108.303 108.322 108.375
108.291 108.317 108.354
108.101 108.275 108.340
108.308 108.330 108.363
108.222 108.286 108.314
108.268 108.289 108.305
108.300 108.325 108.371
108.261 108.290 108.304
108.241 108.302 108.376
108.290 108.317 108.347
108.306 110.459 112.276
108.197 108.278 108.315
108.389 108.906 110.119
108.293 108.318 108.356
108.251 108.313 108.364
108.306 108.322 108.357
108.193 108.293 108.348
108.241 108.290 108.309
108.293 108.317 108.369
108.182 108.230 108.345
108.313 108.429 108.794
108.146 108.679 110.244
108.297 108.317 108.331
108.318 108.325 108.347
108.283 108.312 108.360
108.291 108.310 108.355
108.303 108.324 108.387
108.265 108.311 108.350
108.290 110.056 115.965
108.285 108.321 108.340
108.291 108.317 108.371
108.268 108.324 108.391
108.305 108.482 109.106
108.298 108.346 108.497
108.272 108.323 108.412
108.291 108.334 108.382
108.297 108.322 108.357
108.279 108.310 108.336
108.234 108.296 108.337
108.258 108.318 108.395
108.285 108.327 108.376
108.219 108.283 108.306
108.270 109.009 111.860
108.291 108.399 108.760
108.295 108.329 108.377
108.300 108.335 108.372
108.286 108.307 108.352
108.276 108.306 108.325
108.239 108.292 108.316
108.207 108.937 111.637
108.276 108.309 108.339
108.272 108.293 108.312
108.287 108.303 108.315
108.306 108.318 108.329
108.215 108.289 108.322
108.292 108.339 108.403
108.309 108.322 108.337
108.291 108.372 108.549
108.261 108.291 108.325
108.304 108.311 108.324
108.300 108.317 108.355
108.326 109.027 110.253
108.277 108.289 108.304
108.291 108.355 108.416
108.301 108.320 108.345
108.281 108.311 108.359
108.220 108.291 108.318
108.286 108.336 108.420
108.104 108.516 109.593
108.301 108.374 108.602
108.258 108.293 108.315
108.293 108.688 109.830
108.271 108.397 108.765
108.240 108.400 108.815
108.314 108.342 108.385
108.277 108.301 108.332
108.274 108.323 108.405
108.259 108.309 108.369
108.275 108.308 108.352
108.302 108.310 108.334
108.285 108.323 108.370
108.223 108.341 108.454
108.163 108.280 108.337
108.279 108.288 108.319
108.186 108.287 108.325
108.263 108.300 108.340
108.244 108.305 108.347
108.271 108.297 108.340
108.271 108.302 108.331
108.298 108.322 108.351
108.296 108.349 108.468
108.284 108.362 108.529
108.292 108.311 108.328
108.173 108.282 108.337
108.244 108.964 110.070
108.177 108.344 108.556
108.282 108.300 108.321
108.268 108.296 108.371
108.303 108.310 108.326
108.246 108.292 108.318
108.273 108.303 108.358
108.137 108.269 108.322
108.166 108.382 108.767
108.270 108.368 108.651
108.148 108.285 108.327
108.124 108.283 108.358
108.252 108.430 108.691
108.234 108.311 108.367
108.293 108.339 108.377
108.291 108.721 110.401
108.257 109.400 113.903
108.298 108.314 108.342
108.476 109.885 111.784
108.190 108.286 108.339
108.315 108.353 108.385
108.271 108.298 108.323
108.298 108.311 108.327
108.247 108.306 108.370
108.258 108.322 108.358
108.270 108.313 108.353
108.296 108.310 108.331
108.297 108.938 111.189
108.101 108.258 108.366
108.225 108.292 108.333
108.177 108.282 108.335
108.292 108.308 108.334
108.322 108.557 109.476
108.183 108.294 108.390
108.217 108.480 108.840
108.286 108.815 110.757
108.282 108.345 108.372
108.225 108.289 108.313
108.274 108.301 108.325
108.317 108.344 108.386
108.214 108.816 110.219
108.271 108.307 108.344
108.309 108.579 109.588
108.296 108.313 108.342
108.296 108.302 108.316
108.163 108.277 108.345
108.299 108.322 108.350
108.217 108.285 108.328
108.199 108.292 108.364
108.300 108.601 109.746
108.164 108.374 108.776
108.300 108.325 108.368
108.301 108.396 108.666
108.258 108.301 108.348
108.280 108.315 108.341
108.290 108.317 108.379
108.296 108.313 108.333
108.191 108.293 108.373
108.310 108.351 108.373
108.237 108.309 108.346
108.325 108.340 108.359
108.311 108.316 108.327
108.293 108.302 108.311
108.302 108.511 109.259
108.234 108.327 108.418
108.286 108.322 108.382
108.328 108.344 108.366
108.293 108.317 108.333
108.300 108.324 108.389
108.286 108.331 108.361
108.310 108.508 109.139
108.198 108.276 108.328
108.300 108.416 108.794
108.294 108.322 108.385
108.272 108.299 108.330
108.338 108.356 108.401
108.297 108.355 108.386
108.273 108.309 108.340
108.251 108.299 108.324
108.274 108.312 108.350
108.225 108.358 108.623
108.287 108.321 108.371
108.219 108.310 108.357
108.233 108.315 108.378
108.209 108.266 108.314
108.273 108.314 108.342
108.277 108.325 108.434
108.252 108.318 108.354
108.261 108.302 108.357
108.242 108.530 109.477
108.217 108.298 108.342
108.292 108.305 108.317
108.235 108.253 108.284
108.295 108.317 108.345
108.324 109.364 110.545
108.294 108.308 108.322
108.280 108.433 108.951
108.280 108.298 108.311
108.290 108.303 108.325
108.180 108.290 108.612
108.297 108.349 108.466
108.281 108.327 108.374
108.280 108.301 108.336
108.287 108.920 110.269
108.279 108.303 108.319
108.317 108.338 108.373
108.315 108.421 108.754
108.214 108.284 108.330
108.288 108.305 108.322
108.307 108.871 110.229
108.281 108.308 108.340
108.276 108.354 108.459
108.301 108.335 108.378
108.179 108.271 108.312
108.276 108.300 108.323
108.152 108.268 108.325
108.218 108.323 108.455
108.252 108.297 108.345
108.446 109.603 111.271
108.303 108.368 108.550
108.223 108.303 108.327
108.295 108.298 108.305
108.311 108.355 108.383
108.180 108.310 108.421
108.296 108.326 108.370
108.214 108.257 108.333
108.309 109.010 110.348
108.283 108.301 108.320
108.264 108.311 108.354
108.303 108.346 108.416
108.292 108.312 108.338
108.279 108.312 108.351
108.306 108.351 108.419
108.297 108.472 109.054
108.303 108.312 108.320
108.285 108.298 108.314
108.203 108.614 110.025
108.266 108.288 108.302
108.262 108.315 108.381
108.286 108.335 108.431
108.302 108.365 108.562
108.202 108.214 108.235
108.227 108.563 109.645
108.272 108.327 108.474
108.239 108.553 109.589
108.296 108.309 108.322
108.275 108.328 108.410
108.268 108.306 108.344
108.282 108.301 108.319
108.259 108.295 108.311
108.212 108.799 110.439
108.378 109.733 112.151
108.213 108.541 109.606
108.211 108.287 108.341
108.250 108.965 111.684
108.280 108.301 108.327
108.253 108.307 108.335
108.292 108.308 108.320
108.276 108.307 108.361
108.321 108.341 108.374
108.229 108.310 108.420
108.316 108.360 108.442
108.269 108.309 108.354
108.309 108.344 108.381
108.285 108.320 108.362
108.268 108.320 108.356
108.310 108.685 110.069
108.306 108.318 108.339
108.186 108.284 108.335
108.293 108.302 108.311
108.297 108.650 110.032
108.165 108.265 108.339
108.250 108.302 108.331
108.320 108.356 108.404
108.194 108.212 108.228
108.290 108.618 109.892
108.201 108.288 108.336
108.266 108.376 108.587
108.293 108.321 108.354
108.301 108.326 108.358
108.305 108.459 108.912
108.313 108.701 110.061
108.306 109.006 111.660
108.151 108.275 108.327
108.306 108.337 108.434
108.286 108.344 108.513
108.278 108.305 108.329
108.208 108.336 108.554
108.304 108.330 108.358
108.286 108.321 108.353
108.279 108.301 108.327
108.281 108.297 108.311
108.192 108.281 108.344
108.227 108.306 108.381
108.283 108.321 108.442
108.227 108.279 108.323
108.296 108.316 108.354
108.269 108.322 108.409
108.284 108.302 108.318
108.274 108.766 110.600
108.197 108.279 108.315
108.246 108.291 108.317
108.294 108.305 108.322
108.231 108.265 108.294
108.290 108.308 108.336
108.298 108.322 108.358
108.133 108.268 108.333
108.180 108.197 108.214
108.212 108.287 108.386
108.218 108.275 108.295
108.298 108.313 108.325
108.263 108.307 108.382
108.251 108.293 108.322
108.209 108.430 109.033
108.271 108.288 108.319
108.288 108.630 109.721
108.289 108.313 108.343
108.310 108.323 108.353
108.455 109.542 110.342
108.286 108.560 109.499
108.292 108.393 108.719
108.290 108.321 108.349
108.229 108.285 108.315
108.208 108.290 108.331
108.277 108.324 108.395
108.286 108.309 108.332
108.255 108.306 108.388
108.230 108.684 110.290
108.291 108.325 108.366
108.285 108.316 108.360
108.246 108.337 108.548
108.157 108.278 108.352
108.301 108.362 108.472
108.295 108.330 108.405
108.264 108.290 108.306
108.180 108.266 108.304
108.269 108.302 108.326
108.229 108.338 108.420
108.164 108.438 109.062
108.185 108.269 108.318
108.239 108.305 108.356
108.292 108.315 108.351
108.284 108.307 108.345
108.297 108.307 108.323
108.268 108.298 108.335
108.279 108.444 108.998
108.154 108.725 110.561
108.232 108.302 108.381
108.275 108.299 108.326
108.282 108.441 109.056
108.282 108.905 111.292
108.237 108.296 108.368
108.258 108.301 108.327
108.288 108.322 108.353
108.290 108.316 108.358
108.201 108.502 109.387
108.288 108.315 108.360
108.319 108.427 108.754
108.273 108.302 108.326
108.269 108.302 108.321
108.291 108.305 108.330
108.198 108.325 108.436
108.289 108.305 108.317
108.280 108.310 108.367
108.281 108.501 109.264
108.217 108.317 108.486
108.090 108.263 108.332
108.214 108.298 108.335
108.307 108.384 108.668
108.298 108.519 109.313
108.306 108.333 108.415
108.274 108.296 108.324
108.097 108.261 108.335
108.204 108.277 108.333
108.178 108.209 108.258
108.306 108.324 108.356
108.445 110.140 111.320
108.275 108.309 108.397
108.303 108.318 108.341
108.104 108.292 108.402
108.272 108.306 108.364
108.242 108.602 108.948
108.285 108.449 108.954
108.222 108.292 108.323
108.281 108.315 108.355
108.286 108.551 109.528
108.278 108.308 108.345
108.203 108.317 108.408
108.212 108.277 108.306
108.176 108.474 109.226
108.105 108.584 109.707
108.293 108.310 108.354
108.291 108.312 108.333
108.258 108.315 108.372
108.213 108.682 110.260
108.183 108.260 108.352
108.327 108.497 109.084
108.222 108.267 108.292
108.296 108.332 108.353
108.293 108.316 108.363
108.147 108.265 108.311
108.290 108.307 108.327
108.292 108.418 108.834
108.287 108.317 108.391
108.246 108.289 108.307
108.194 108.384 108.687
108.278 108.305 108.326
108.289 108.341 108.395
108.245 108.301 108.353
108.273 108.289 108.300
108.291 108.306 108.314
108.252 109.131 111.214
108.231 108.297 108.348
108.292 108.338 108.456
108.264 108.434 108.930
108.151 108.699 109.594
108.216 108.271 108.318
108.407 109.110 110.092
108.283 108.326 108.381
108.273 108.306 108.373
108.292 108.468 108.890
108.216 108.299 108.346
108.224 108.528 109.509
108.280 108.307 108.378
108.297 108.629 109.892
108.302 108.322 108.403
108.302 108.313 108.330
108.216 108.819 110.948
108.293 108.644 109.940
108.284 108.309 108.323
108.315 108.367 108.514
108.276 108.661 110.074
108.287 108.667 110.097
108.625 109.582 110.904
108.270 108.292 108.308
108.285 108.303 108.318
108.319 108.331 108.349
108.211 108.280 108.313
108.288 108.311 108.351
108.301 108.565 109.559
108.246 108.300 108.334
108.287 108.305 108.322
108.310 108.323 108.344
108.293 108.339 108.397
108.283 108.659 109.546
108.236 108.290 108.322
108.297 108.331 108.358
108.305 108.377 108.462
108.269 108.407 108.752
108.281 108.303 108.317
108.245 108.292 108.335
108.281 108.340 108.421
108.280 108.315 108.337
108.275 108.305 108.320
108.286 108.429 108.968
108.230 108.288 108.319
108.240 108.608 109.961
108.293 108.332 108.371
108.168 108.287 108.342
108.287 108.300 108.334
108.246 108.286 108.321
108.218 108.304 108.360
108.275 108.323 108.343
108.258 108.294 108.343
108.289 108.308 108.372
108.280 108.317 108.382
108.228 108.303 108.398
108.295 108.336 108.371
108.223 108.472 109.222
108.302 108.312 108.324
108.307 108.329 108.378
108.226 108.608 109.275
108.309 108.344 108.390
108.291 108.316 108.364
108.290 108.311 108.352
108.256 108.287 108.303
108.296 108.307 108.320
108.301 108.331 108.357
108.291 108.365 108.582
108.295 108.452 109.042
108.292 108.344 108.448
108.304 108.675 110.128
108.295 109.093 112.237
109.089 110.101 111.691
108.291 108.315 108.337
108.238 108.286 108.312
108.156 108.278 108.337
108.287 108.583 109.326
108.297 108.329 108.370
108.293 108.307 108.321
108.279 108.301 108.317
108.309 108.328 108.340
108.222 108.287 108.328
108.212 108.261 108.313
108.306 108.334 108.371
108.292 108.327 108.347
108.269 108.348 108.530
108.226 108.308 108.361
108.308 108.320 108.348
108.235 108.287 108.328
108.281 108.306 108.318
108.296 108.326 108.358
108.285 108.324 108.396
108.187 108.305 108.513
108.288 108.318 108.342
108.232 108.289 108.322
108.295 108.336 108.401
108.304 108.317 108.323
108.296 108.316 108.354
108.316 108.330 108.349
108.230 108.426 108.988
108.273 108.309 108.352
108.139 108.267 108.314
108.307 109.387 111.002
108.237 108.293 108.315
108.306 108.575 109.511
108.300 108.315 108.354
108.283 108.305 108.338
108.194 108.271 108.304
108.244 108.283 108.310
108.283 108.621 109.866
108.280 108.287 108.302
108.288 108.299 108.328
108.164 108.244 108.301
108.292 108.314 108.371
108.228 108.304 108.355
108.265 108.387 108.760
108.278 108.294 108.321
108.232 108.272 108.315
108.293 108.382 108.507
108.281 108.986 110.033
108.309 108.323 108.339
108.291 108.302 108.314
108.305 108.329 108.355
108.225 108.265 108.319
108.294 108.428 108.753
108.211 108.307 108.416
108.274 108.320 108.368
108.293 108.585 109.633
108.296 108.440 108.896
108.266 108.302 108.329
108.303 108.348 108.440
108.213 108.585 109.721
107.920 108.242 108.389
108.278 108.313 108.371
108.229 108.309 108.448
108.141 108.272 108.357
108.268 108.490 109.253
108.233 108.286 108.311
108.283 108.554 109.553
108.292 108.328 108.368
108.267 108.713 110.360
108.297 108.358 108.528
108.300 108.315 108.346
108.183 108.633 109.978
108.254 108.310 108.351
108.189 108.221 108.280
108.287 108.362 108.448
108.255 108.289 108.337
108.281 108.307 108.320
108.299 108.316 108.346
108.276 109.036 111.982
108.209 108.313 108.402
108.241 108.314 108.336
108.288 108.314 108.364
108.291 109.237 110.212
108.299 108.309 108.329
108.289 108.307 108.320
108.305 108.324 108.365
108.296 108.507 109.325
108.306 108.313 108.321
108.312 108.320 108.331
108.277 108.301 108.324
108.187 108.272 108.298
108.291 108.301 108.312
108.223 108.282 108.369
108.297 108.532 109.138
108.303 108.315 108.338
108.280 108.296 108.309
108.279 108.305 108.346
108.286 108.839 109.682
108.234 108.310 108.347
108.304 108.514 109.210
108.295 108.330 108.349
108.257 108.284 108.303
108.232 108.280 108.297
108.228 108.305 108.379
108.227 108.717 110.443
108.230 108.292 108.328
108.298 108.521 109.223
108.191 108.211 108.240
108.275 108.293 108.307
108.234 108.299 108.347
108.321 108.405 108.631
108.286 108.302 108.348
108.295 108.363 108.449
108.270 108.290 108.323
108.238 108.303 108.372
108.252 108.319 108.458
108.290 108.315 108.365
108.235 108.293 108.358
108.184 108.739 109.741
108.258 108.312 108.392
108.229 108.284 108.341
108.254 108.279 108.298
108.301 108.322 108.347
108.290 108.644 109.999
108.297 108.319 108.361
108.279 108.442 109.022
108.263 108.323 108.431
108.287 108.312 108.332
108.287 108.315 108.376
108.276 108.292 108.301
108.289 108.323 108.388
108.286 108.704 110.286
108.304 108.800 110.772
108.423 109.252 110.335
108.263 108.290 108.316
108.211 108.303 108.347
108.311 108.340 108.404
108.295 108.318 108.350
108.309 108.323 108.350
108.250 108.696 110.310
108.120 108.521 109.210
108.293 108.310 108.337
108.273 108.304 108.335
108.260 108.293 108.309
108.217 108.288 108.409
108.299 108.337 108.357
108.118 108.279 108.343
108.164 108.282 108.331
108.286 108.344 108.419
108.295 110.305 118.229
108.288 108.323 108.369
108.169 108.275 108.330
108.228 108.310 108.371
108.276 108.369 108.625
108.250 109.172 110.114
108.243 108.311 108.426
108.227 108.291 108.327
108.283 108.319 108.382
108.289 108.325 108.346
108.266 108.321 108.406
108.291 108.322 108.349
108.265 108.604 109.883
108.295 108.310 108.330
108.251 108.299 108.329
108.286 108.348 108.428
108.312 108.320 108.342
108.933 109.270 109.510
108.242 108.308 108.362
108.301 108.323 108.348
108.233 108.672 110.278
108.208 108.286 108.326
108.259 108.312 108.355
108.153 108.280 108.328
108.302 108.769 110.218
108.300 108.341 108.385
108.320 108.334 108.348
108.287 108.306 108.324
108.050 108.201 108.312
108.143 108.264 108.347
108.269 108.306 108.320
108.144 108.275 108.336
108.309 108.328 108.362
108.273 108.700 110.351
108.283 109.053 110.222
108.301 108.316 108.332
108.298 108.313 108.348
108.286 108.300 108.326
108.150 108.276 108.333
108.277 108.303 108.321
108.180 108.288 108.334
108.296 108.538 108.942
108.291 108.326 108.357
108.249 108.283 108.317
108.183 108.316 108.398
108.294 108.698 110.230
108.242 108.277 108.306
108.243 108.294 108.326
108.294 108.315 108.326
108.251 108.328 108.411
108.277 108.486 109.168
108.306 109.158 110.256
108.249 108.780 110.410
108.281 108.301 108.317
108.175 108.318 108.613
108.238 108.499 108.897
108.228 108.722 110.303
108.282 108.293 108.301
108.189 108.200 108.222
108.303 108.317 108.336
108.297 108.312 108.341
108.263 108.299 108.338
108.219 108.272 108.299
108.283 108.296 108.331
108.271 108.722 110.435
108.288 108.318 108.338
108.269 108.354 108.511
108.231 108.308 108.418
108.245 108.326 108.473
108.260 108.311 108.350
108.284 108.291 108.294
108.299 108.322 108.366
108.284 108.302 108.331
108.228 108.278 108.311
108.233 108.291 108.333
108.210 108.273 108.308
108.291 108.535 109.007
108.223 108.676 110.066
108.232 108.288 108.349
108.170 108.529 109.517
108.230 108.273 108.305
108.157 108.328 108.482
108.164 108.888 110.663
108.289 108.365 108.526
108.270 108.311 108.347
108.160 108.367 108.701
108.287 108.330 108.420
108.251 108.304 108.383
108.307 108.332 108.358
108.230 108.275 108.295
108.300 108.324 108.360
108.293 108.464 109.139
108.314 108.498 109.125
108.284 108.329 108.466
108.304 108.320 108.348
108.192 108.461 109.181
108.287 108.320 108.381
108.267 108.282 108.297
108.249 108.318 108.395
108.307 108.347 108.396
108.233 108.299 108.333
108.263 108.315 108.392
108.286 108.406 108.852
108.239 108.314 108.355
108.249 108.285 108.305
108.303 108.766 110.274
107.917 108.235 108.352
108.271 108.834 111.042
108.219 108.233 108.268
108.364 108.888 110.948
108.276 108.511 109.151
108.283 108.366 108.559
108.135 108.345 108.570
108.254 108.316 108.348
108.291 108.299 108.309
108.326 109.068 110.103
108.290 108.782 110.071
108.216 108.599 109.892
108.293 108.332 108.364
108.241 108.305 108.357
108.253 108.310 108.351
108.288 108.492 109.175
108.068 108.241 108.321
108.307 108.319 108.347
108.180 108.264 108.349
108.213 108.287 108.318
108.294 108.324 108.385
108.209 108.276 108.326
108.302 108.444 108.949
108.277 108.538 109.519
108.267 108.304 108.320
108.111 108.254 108.304
108.214 108.257 108.303
108.254 108.303 108.325
108.252 108.334 108.386
108.275 108.309 108.401
108.127 108.297 108.404
108.292 108.334 108.410
108.038 108.309 108.681
108.298 108.329 108.345
108.298 108.312 108.341
108.254 108.503 109.357
108.257 108.294 108.316
108.216 108.276 108.329
108.279 108.587 109.672
108.296 108.321 108.363
108.281 108.317 108.386
108.298 108.315 108.347
108.286 108.311 108.329
108.288 108.314 108.358
108.289 108.308 108.346
108.295 108.310 108.348
108.067 108.267 108.333
108.313 108.334 108.363
108.285 108.511 109.370
108.301 108.317 108.330
108.284 108.297 108.324
108.233 108.280 108.331
108.188 108.206 108.218
108.269 108.327 108.445
108.188 108.283 108.339
108.283 108.310 108.345
108.260 108.330 108.389
108.215 108.307 108.379
108.308 108.319 108.330
108.285 108.308 108.327
108.275 108.618 109.896
108.345 109.673 111.093
108.287 108.308 108.350
108.236 108.301 108.364
108.260 108.305 108.360
108.278 108.478 109.079
108.291 108.310 108.350
108.271 108.281 108.295
108.306 108.329 108.377
108.290 108.476 109.075
108.288 108.305 108.330
108.308 108.338 108.363
108.238 108.298 108.395
108.291 108.639 109.946
108.217 108.283 108.321
108.205 108.278 108.361
108.289 108.318 108.366
108.245 108.352 108.612
108.248 108.301 108.340
108.176 108.265 108.332
108.289 108.303 108.321
108.214 108.238 108.290
108.233 108.308 108.356
108.295 108.307 108.336
108.270 108.295 108.319
108.296 108.357 108.542
108.136 108.257 108.352
108.285 108.321 108.359
108.298 108.344 108.447
108.276 108.289 108.310
108.210 108.284 108.310
108.314 108.328 108.341
108.246 108.303 108.336
108.267 108.327 108.426
108.378 108.877 109.411
108.295 108.411 108.701
108.270 108.299 108.341
108.191 108.240 108.298
108.235 108.744 110.657
108.256 108.301 108.334
108.288 108.322 108.358
108.270 108.332 108.423
108.268 108.317 108.346
108.285 108.312 108.329
108.178 108.255 108.339
108.294 108.328 108.394
108.298 108.392 108.706
108.256 108.274 108.286
108.177 108.321 108.506
108.297 108.331 108.357
108.489 109.385 112.209
108.294 108.310 108.319
108.176 108.277 108.325
108.307 108.331 108.360
108.281 108.424 108.887
108.320 108.347 108.392
108.274 108.311 108.344
108.182 108.303 108.356
108.272 108.298 108.324
108.291 108.318 108.338
108.292 108.329 108.375
108.293 108.911 111.267
108.290 108.308 108.318
108.257 108.388 108.703
108.284 108.329 108.411
108.293 108.322 108.367
108.293 108.317 108.335
108.282 108.315 108.335
108.269 108.307 108.332
108.189 108.287 108.372
108.289 108.313 108.367
108.200 108.753 110.654
108.305 108.323 108.335
108.210 108.348 108.673
108.278 108.302 108.321
108.190 108.210 108.249
108.244 108.298 108.322
108.288 108.303 108.320
108.251 108.484 109.329
108.284 108.945 111.541
108.243 108.288 108.310
108.181 108.291 108.354
108.279 109.035 110.918
108.160 108.292 108.463
108.312 108.320 108.340
108.457 108.829 109.715
108.224 108.322 108.412
108.305 108.325 108.343
108.247 108.313 108.368
108.290 108.311 108.335
108.303 108.332 108.396
108.255 108.336 108.420
108.308 108.631 109.832
108.258 108.310 108.347
108.321 108.745 109.924
108.277 108.402 108.780
108.268 108.294 108.308
108.210 108.459 109.177
108.244 108.659 110.076
108.327 108.876 110.989
108.161 108.279 108.328
108.307 108.375 108.539
108.183 108.494 109.323
108.234 108.345 108.460
108.292 108.309 108.324
108.235 108.302 108.330
108.288 108.311 108.334
108.269 108.310 108.389
108.261 108.375 108.625
108.279 108.310 108.324
108.298 108.328 108.368
108.293 108.312 108.334
108.293 108.339 108.443
108.201 108.295 108.338
108.285 108.308 108.325
108.284 108.293 108.306
108.260 108.326 108.371
108.284 108.522 109.441
108.276 108.318 108.351
108.263 108.820 110.875
108.112 108.288 108.351
108.208 108.263 108.308
108.283 108.343 108.471
108.161 108.289 108.331
108.221 108.296 108.359
108.212 108.312 108.373
108.250 108.301 108.332
108.202 108.284 108.345
108.253 108.326 108.404
108.273 108.298 108.317
108.284 108.307 108.360
108.181 108.287 108.342
108.269 110.306 114.694
108.257 108.414 108.876
108.328 108.500 108.705
108.255 108.292 108.318
108.268 108.278 108.299
108.299 108.805 110.759
108.188 108.473 109.012
108.257 108.315 108.357
108.294 108.298 108.309
108.278 108.321 108.396
108.241 108.271 108.294
108.288 108.496 109.162
108.286 108.314 108.347
108.285 108.317 108.351
108.206 108.265 108.327
108.294 108.332 108.380
108.279 108.308 108.342
108.202 108.407 108.897
108.309 108.335 108.365
108.408 109.097 110.996
108.299 108.314 108.344
108.287 108.379 108.695
108.271 108.314 108.349
108.247 108.295 108.366
108.282 108.300 108.320
108.230 108.289 108.332
108.190 108.222 108.268
108.278 108.326 108.440
108.291 108.305 108.348
108.266 108.301 108.329
108.299 108.327 108.367
108.219 108.297 108.333
108.272 108.689 109.534
108.239 108.291 108.324
108.291 108.316 108.337
108.216 108.282 108.319
108.272 108.290 108.304
108.211 108.419 108.760
108.217 108.262 108.309
108.243 108.410 108.857
108.291 108.330 108.361
108.283 108.385 108.642
108.220 108.294 108.377
108.307 108.322 108.337
108.259 108.767 110.650
108.310 108.316 108.322
108.235 108.571 109.686
108.259 108.326 108.383
108.217 108.287 108.332
108.307 108.332 108.381
108.234 108.280 108.323
108.222 108.293 108.356
108.574 109.846 110.862
108.290 108.296 108.305
