279.078 279.132 279.226
279.074 279.132 279.207
279.097 279.194 279.411
279.114 279.165 279.238
279.068 279.123 279.178
279.114 279.243 279.450
279.089 279.112 279.129
279.036 279.347 279.852
279.088 279.138 279.215
279.039 279.097 279.132
279.042 279.085 279.154
279.078 279.512 280.974
279.065 279.128 279.184
279.032 279.112 279.283
279.116 279.150 279.181
279.132 279.158 279.201
279.068 280.696 286.841
279.032 279.119 279.213
279.034 279.534 280.193
279.101 279.161 279.208
279.055 279.129 279.193
279.080 279.125 279.268
279.085 279.147 279.260
279.148 279.182 279.222
279.044 279.105 279.193
279.076 279.116 279.146
279.072 279.159 279.387
279.080 279.156 279.283
279.086 279.154 279.250
279.055 279.537 281.302
279.132 279.152 279.177
279.147 279.297 279.783
279.113 279.160 279.201
279.071 279.100 279.135
279.003 279.041 279.082
279.142 279.373 280.087
279.071 279.384 279.700
279.151 279.177 279.209
279.119 279.268 279.740
279.131 279.166 279.215
279.078 279.187 279.364
279.114 279.178 279.261
279.097 279.133 279.192
279.129 279.164 279.215
279.060 279.230 279.441
279.068 279.120 279.215
279.044 279.108 279.165
279.057 279.291 279.774
279.043 279.108 279.160
279.005 279.088 279.304
279.090 279.133 279.183
279.065 279.165 279.398
279.003 279.092 279.222
279.057 279.099 279.149
279.081 279.139 279.246
279.099 279.186 279.334
279.050 279.102 279.143
279.056 279.095 279.146
279.026 279.112 279.183
279.093 284.081 299.691
279.051 279.129 279.199
279.044 279.094 279.176
279.034 279.107 279.255
279.075 279.169 279.365
191.795 192.008 192.695
191.838 191.902 191.989
191.937 192.056 192.290
191.865 191.930 192.058
191.933 191.981 192.022
191.893 191.933 191.969
191.901 191.927 191.954
191.895 191.953 191.985
191.912 191.952 192.027
191.885 191.927 191.957
279.048 279.384 280.377
279.078 279.129 279.194
279.094 279.165 279.278
279.126 279.167 279.250
279.187 279.269 279.363
279.144 279.263 279.408
279.095 279.151 279.223
279.086 279.364 280.337
279.139 279.198 279.334
279.045 279.132 279.218
279.106 279.160 279.292
279.108 279.164 279.219
279.107 279.147 279.170
279.052 279.099 279.154
279.104 279.122 279.146
279.126 279.190 279.253
279.161 279.206 279.285
279.085 279.110 279.136
279.095 279.148 279.191
279.016 279.082 279.152
279.075 279.107 279.140
279.069 279.106 279.137
279.074 279.156 279.238
279.088 279.198 279.361
279.073 279.135 279.212
278.992 279.171 279.408
279.055 279.134 279.236
279.090 279.148 279.239
279.075 279.103 279.119
279.079 279.196 279.628
278.980 279.071 279.243
279.059 279.090 279.151
279.069 279.284 279.916
279.108 279.146 279.179
279.040 279.075 279.114
279.053 279.126 279.177
279.088 279.379 280.054
279.048 279.076 279.097
279.064 279.320 279.689
279.106 279.205 279.499
279.058 279.111 279.173
279.060 279.133 279.232
279.076 279.106 279.174
279.097 279.164 279.231
279.073 279.145 279.212
279.035 279.117 279.258
279.054 279.116 279.190
279.079 279.160 279.229
279.104 279.139 279.162
279.024 279.119 279.265
279.115 279.161 279.211
279.162 279.198 279.232
279.113 279.166 279.188
279.180 279.188 279.195
279.074 279.094 279.115
279.053 279.402 280.304
279.128 279.170 279.264
279.041 279.120 279.288
279.025 279.073 279.109
279.011 279.022 279.039
279.066 279.239 279.476
279.058 279.164 279.284
279.075 279.138 279.204
279.022 279.067 279.102
279.093 279.118 279.139
279.023 279.073 279.148
279.034 279.103 279.131
279.138 279.190 279.273
279.082 279.154 279.288
279.039 279.101 279.204
279.065 279.144 279.193
279.058 279.091 279.162
279.077 279.100 279.134
279.034 279.117 279.152
279.074 279.090 279.144
279.037 279.075 279.162
279.061 279.670 281.419
278.962 279.058 279.163
279.039 279.103 279.210
279.061 279.084 279.100
279.041 279.107 279.150
279.110 279.190 279.337
279.068 279.134 279.175
279.099 279.133 279.171
279.048 279.095 279.216
279.065 279.118 279.174
279.113 279.147 279.214
279.105 279.238 279.524
279.044 279.094 279.152
279.075 279.170 279.233
279.026 279.086 279.112
279.075 279.164 279.277
279.087 279.144 279.189
279.026 279.145 279.383
279.078 279.122 279.150
279.061 279.129 279.227
279.048 279.084 279.140
279.074 279.119 279.163
279.085 279.123 279.194
279.126 279.368 280.088
279.001 279.110 279.229
279.098 279.188 279.236
279.035 279.101 279.153
279.049 279.189 279.449
279.144 279.193 279.223
279.130 279.218 279.322
279.057 279.129 279.244
306.127 306.184 306.287
306.208 306.231 306.251
306.089 306.137 306.250
306.155 306.219 306.292
279.111 279.153 279.196
279.084 279.399 280.149
279.088 279.255 279.639
279.078 279.167 279.384
279.076 279.223 279.663
279.071 279.188 279.276
279.054 279.112 279.173
279.019 279.082 279.208
279.068 279.099 279.192
279.071 279.094 279.103
279.061 279.113 279.143
279.088 279.163 279.278
279.037 279.054 279.068
279.081 279.119 279.135
279.019 279.102 279.214
279.076 279.115 279.215
279.081 279.137 279.198
279.057 279.143 279.211
279.095 279.186 279.327
279.053 279.091 279.152
279.472 280.245 281.464
279.151 279.322 279.833
279.127 279.194 279.293
279.150 279.178 279.218
279.178 279.248 279.353
279.058 279.090 279.137
279.148 279.188 279.287
279.125 279.220 279.344
279.150 279.273 279.451
279.110 279.158 279.235
279.165 279.247 279.355
279.123 279.151 279.191
279.092 279.589 281.166
279.083 279.157 279.301
279.088 279.143 279.264
279.018 279.167 279.397
306.148 306.203 306.288
306.151 306.265 306.660
306.135 306.188 306.243
306.158 306.197 306.283
306.109 306.147 306.225
306.079 306.176 306.292
279.057 279.084 279.132
279.056 279.104 279.148
279.016 279.074 279.110
279.103 279.342 279.623
279.083 279.185 279.238
255.950 256.073 256.186
255.946 256.058 256.284
255.929 256.031 256.136
256.030 256.056 256.098
255.900 256.228 256.827
255.886 256.439 257.568
255.953 256.126 256.502
283.031 283.072 283.163
282.978 283.111 283.549
283.036 283.221 283.404
283.025 283.140 283.185
282.983 283.143 283.358
282.986 283.215 283.537
282.983 283.109 283.330
282.933 283.012 283.065
255.996 256.040 256.152
255.943 256.014 256.095
255.994 256.189 256.744
256.004 256.068 256.115
256.027 256.104 256.169
255.926 255.969 256.010
283.016 283.092 283.256
282.979 283.305 283.713
283.067 283.100 283.125
283.005 283.066 283.126
255.979 256.046 256.170
255.980 258.753 269.548
255.972 256.061 256.268
256.064 256.138 256.315
256.019 256.148 256.541
255.949 256.070 256.334
256.021 256.085 256.160
282.972 283.017 283.053
282.975 283.081 283.166
282.996 283.024 283.068
256.024 256.132 256.289
256.061 256.157 256.310
255.980 256.145 256.351
255.970 256.100 256.421
255.952 256.036 256.096
255.995 256.342 257.668
255.999 256.060 256.201
255.976 256.074 256.150
255.952 256.010 256.082
255.935 256.055 256.285
255.979 256.118 256.366
255.968 256.067 256.260
255.947 256.017 256.124
256.018 256.116 256.335
256.032 256.188 256.525
256.030 256.140 256.406
255.958 256.101 256.532
255.970 256.104 256.298
255.925 256.055 256.192
255.935 256.015 256.088
256.039 256.176 256.335
256.009 256.667 258.977
0 0 0
294.215 294.301 294.371
294.139 294.270 294.611
294.135 294.235 294.346
294.148 294.243 294.356
294.143 294.224 294.293
294.193 294.594 295.943
294.174 294.235 294.335
294.159 294.238 294.290
294.186 294.231 294.310
284.354 284.441 284.517
220.323 220.605 221.692
220.240 220.290 220.348
230.138 230.258 230.493
191.905 192.000 192.052
191.939 192.022 192.117
191.933 191.981 192.055
191.844 191.883 191.966
191.893 191.928 191.963
191.931 192.065 192.480
191.831 191.853 191.879
191.933 192.004 192.091
191.829 191.897 191.952
191.857 191.885 191.910
191.877 191.911 191.996
191.840 191.880 191.946
191.851 191.889 191.925
191.886 191.972 192.220
191.932 191.947 191.979
191.914 192.066 192.556
191.924 191.968 192.057
191.938 191.958 191.989
191.923 191.990 192.067
191.968 192.016 192.097
191.882 191.986 192.065
191.884 191.913 191.959
191.886 191.959 192.042
191.905 191.996 192.176
279.155 279.181 279.204
279.124 279.184 279.244
279.060 279.131 279.260
279.080 279.267 279.719
279.075 279.151 279.228
279.108 279.140 279.200
279.139 279.199 279.337
279.071 279.151 279.323
279.040 279.107 279.201
279.120 279.152 279.167
279.139 279.274 279.614
279.117 279.169 279.232
279.042 279.119 279.164
279.156 279.456 279.817
279.133 279.320 279.923
279.088 279.170 279.256
279.112 279.131 279.157
279.173 279.240 279.308
355.180 355.232 355.292
355.192 355.313 355.446
355.113 355.161 355.216
355.188 355.260 355.363
355.170 355.316 355.534
355.172 355.230 355.294
355.237 355.273 355.343
355.232 355.298 355.350
355.116 355.145 355.169
355.192 355.267 355.405
355.216 355.286 355.422
355.222 355.269 355.329
355.142 355.197 355.277
355.240 355.353 355.459
355.140 355.378 356.001
355.181 355.318 355.623
355.147 355.309 355.633
355.197 355.220 355.252
355.187 355.229 355.264
355.193 355.236 355.309
355.146 355.219 355.313
355.185 355.250 355.291
355.105 355.141 355.179
355.126 355.209 355.297
355.144 355.181 355.239
355.199 355.229 355.259
355.264 355.299 355.335
355.117 355.227 355.393
355.140 355.218 355.295
355.223 355.345 355.618
355.150 355.182 355.231
355.237 355.455 355.826
355.224 355.264 355.314
355.198 355.325 355.653
355.093 355.236 355.569
355.201 355.338 355.661
355.170 355.897 358.551
355.846 362.417 378.484
355.199 355.763 357.764
355.105 355.230 355.607
355.109 355.189 355.312
355.059 355.380 356.144
355.139 355.231 355.421
355.186 355.243 355.343
355.226 355.365 355.617
355.123 355.327 355.706
355.109 355.201 355.291
355.117 355.246 355.381
355.127 355.207 355.337
355.123 355.196 355.366
355.114 355.153 355.192
355.105 355.160 355.255
355.094 355.186 355.322
355.084 355.140 355.197
355.179 355.214 355.247
355.117 355.203 355.300
355.080 355.127 355.162
355.138 355.316 355.516
355.149 355.225 355.368
355.188 355.250 355.447
355.232 355.461 355.954
355.166 355.264 355.352
355.138 355.248 355.369
355.143 355.176 355.201
355.200 355.239 355.293
355.275 355.365 355.564
355.188 355.276 355.400
355.167 355.275 355.423
355.165 355.252 355.312
355.232 355.335 355.539
355.248 355.368 355.584
355.255 355.310 355.437
355.194 355.232 355.266
355.110 355.220 355.449
355.260 355.703 357.392
355.205 355.364 355.658
355.136 355.217 355.309
355.242 355.358 355.444
361.959 363.712 365.642
355.826 360.041 366.933
357.318 358.669 363.168
355.175 355.252 355.375
355.194 355.262 355.441
355.200 355.245 355.347
355.172 355.247 355.318
355.080 355.145 355.196
355.126 355.267 355.426
355.138 355.245 355.485
355.118 355.204 355.384
355.045 355.114 355.199
355.072 355.279 355.872
355.036 355.079 355.131
355.077 355.105 355.159
355.087 355.152 355.232
355.106 355.327 356.004
355.092 355.185 355.357
355.067 355.167 355.320
355.144 355.209 355.333
355.099 355.144 355.191
355.200 356.452 358.857
355.257 355.516 355.877
355.206 356.863 358.560
355.171 355.229 355.287
355.200 355.250 355.356
355.230 355.328 355.494
355.191 355.538 356.420
355.142 355.204 355.302
355.138 355.196 355.240
355.212 355.286 355.447
355.121 355.220 355.385
355.220 355.263 355.320
355.091 356.203 357.857
355.119 355.326 355.783
355.293 356.880 359.543
355.611 355.824 356.466
355.410 360.684 366.621
355.536 358.061 360.815
355.161 355.247 355.318
355.130 355.488 356.605
355.182 355.268 355.374
355.210 355.286 355.347
355.318 355.688 356.858
355.179 355.291 355.451
355.176 355.271 355.307
355.125 355.200 355.278
355.134 355.166 355.191
355.135 355.199 355.312
355.200 355.240 355.287
355.171 355.201 355.258
355.100 355.182 355.312
355.150 355.189 355.242
355.094 355.155 355.292
355.076 355.128 355.151
355.070 355.178 355.473
355.105 355.342 356.087
355.114 355.160 355.200
355.069 355.192 355.364
355.128 355.282 355.821
355.119 355.186 355.321
355.114 355.127 355.148
355.054 355.099 355.144
355.059 355.132 355.234
355.105 355.149 355.204
355.078 355.110 355.154
355.183 355.324 355.634
355.192 355.218 355.250
355.171 355.224 355.341
355.153 356.033 359.314
355.178 355.647 357.413
355.141 355.270 355.376
355.200 355.257 355.387
355.080 355.180 355.292
355.181 355.198 355.234
355.170 355.343 355.799
355.154 355.321 355.642
355.070 355.137 355.179
355.091 355.125 355.182
355.058 355.092 355.127
355.204 355.774 357.647
355.132 355.195 355.287
355.134 355.631 356.800
355.130 355.193 355.236
355.161 355.216 355.280
355.151 355.180 355.205
355.134 355.175 355.288
355.171 355.201 355.277
355.167 355.220 355.307
355.073 355.119 355.167
355.226 355.258 355.310
355.111 355.168 355.223
355.139 355.219 355.322
355.139 355.245 355.403
355.177 355.221 355.264
355.140 355.176 355.217
355.116 355.185 355.352
355.178 355.215 355.275
355.210 355.235 355.272
355.160 355.201 355.282
355.121 355.159 355.186
355.109 355.157 355.198
355.159 355.200 355.254
355.107 355.154 355.214
355.091 355.110 355.138
355.150 355.248 355.422
355.082 355.118 355.152
355.025 355.101 355.187
355.070 355.131 355.201
355.065 355.126 355.265
355.073 355.133 355.209
355.041 355.104 355.165
355.130 355.171 355.251
355.084 355.157 355.200
355.075 355.117 355.159
355.038 355.135 355.209
355.216 355.274 355.346
355.122 355.200 355.306
355.071 355.088 355.128
355.080 355.139 355.237
355.170 355.211 355.271
355.115 355.168 355.221
355.048 355.089 355.138
355.113 355.173 355.234
355.118 355.153 355.192
355.048 355.072 355.096
355.110 355.181 355.288
355.014 355.060 355.139
355.147 355.157 355.170
355.078 355.115 355.169
355.093 355.189 355.296
355.117 355.170 355.218
355.116 355.163 355.243
355.098 355.147 355.184
355.073 355.121 355.160
355.168 355.223 355.312
355.103 355.126 355.148
355.091 355.192 355.383
355.212 355.261 355.323
355.172 355.323 355.774
355.151 355.164 355.208
355.088 355.208 355.349
355.105 355.132 355.167
355.100 355.164 355.255
355.107 355.172 355.206
355.114 355.159 355.233
355.196 355.234 355.263
355.140 355.158 355.179
355.094 355.140 355.191
355.148 355.192 355.250
355.135 355.196 355.338
355.083 355.160 355.221
355.018 355.037 355.060
355.049 355.154 355.213
355.139 355.172 355.257
355.100 355.138 355.173
355.092 355.146 355.256
355.084 355.149 355.202
355.061 355.105 355.171
355.037 355.092 355.216
355.099 355.167 355.213
355.087 355.148 355.296
355.073 355.189 355.307
355.087 355.124 355.183
355.125 355.155 355.194
355.110 355.246 355.372
355.064 355.159 355.217
355.139 355.322 355.654
355.107 355.154 355.203
355.107 355.126 355.169
355.107 355.167 355.204
355.136 355.209 355.328
355.112 355.149 355.184
355.114 355.170 355.282
355.098 355.167 355.228
355.115 355.675 357.594
355.127 355.169 355.198
355.117 355.167 355.202
355.104 355.247 355.742
355.103 355.181 355.450
355.144 355.185 355.269
355.089 355.181 355.448
355.095 355.133 355.164
355.067 355.134 355.179
355.083 355.125 355.163
355.034 355.108 355.237
355.085 355.166 355.272
355.116 355.230 355.478
355.134 355.160 355.205
355.116 355.200 355.311
355.106 355.138 355.225
355.066 355.102 355.137
355.054 355.468 356.950
355.097 355.134 355.177
355.131 355.331 355.960
355.049 355.089 355.134
355.077 355.113 355.157
355.038 355.067 355.092
355.087 355.149 355.279
355.118 355.250 355.741
355.066 355.152 355.296
355.047 355.154 355.229
355.140 355.178 355.227
355.128 355.143 355.159
355.100 355.157 355.256
355.080 355.131 355.205
355.101 355.168 355.248
355.095 355.186 355.447
355.134 355.167 355.202
355.106 355.177 355.277
355.084 355.149 355.203
355.094 355.266 355.766
355.128 355.150 355.196
355.084 355.127 355.185
355.046 355.082 355.129
355.058 355.110 355.196
355.021 355.086 355.173
355.139 355.163 355.203
355.065 355.100 355.141
355.081 355.123 355.146
355.094 355.195 355.504
355.121 355.152 355.215
355.127 355.156 355.194
355.131 355.333 355.957
355.079 355.160 355.233
355.056 355.112 355.166
355.196 355.242 355.283
355.142 355.179 355.216
355.117 355.187 355.219
355.144 355.226 355.332
355.224 355.242 355.263
355.119 355.177 355.198
355.142 355.178 355.249
355.179 355.251 355.295
355.148 355.195 355.242
355.158 355.193 355.227
355.082 355.139 355.203
355.111 355.186 355.323
355.150 355.200 355.263
355.182 355.200 355.231
355.158 355.227 355.276
355.125 355.169 355.202
355.159 355.344 355.559
355.127 355.219 355.292
355.115 355.157 355.205
355.158 355.209 355.280
355.185 355.318 355.556
355.209 355.282 355.394
355.022 355.079 355.124
355.090 355.150 355.277
355.115 355.212 355.272
355.078 355.150 355.263
355.056 355.085 355.100
355.217 355.244 355.296
355.162 355.225 355.285
355.168 355.184 355.204
355.136 355.183 355.235
355.158 355.217 355.293
355.214 355.262 355.290
355.033 355.096 355.133
355.071 355.605 357.622
355.081 355.102 355.134
355.090 355.126 355.163
355.114 355.177 355.230
355.029 355.303 355.847
355.130 355.192 355.252
355.120 355.174 355.224
355.065 355.132 355.237
355.069 355.121 355.165
355.059 355.116 355.160
355.167 355.222 355.294
355.045 355.070 355.127
355.084 355.139 355.254
355.167 355.209 355.269
355.042 355.115 355.174
355.080 355.143 355.278
355.051 355.100 355.145
355.110 355.137 355.202
355.043 355.086 355.145
355.119 355.152 355.191
355.167 355.225 355.298
355.105 355.255 355.603
355.106 355.194 355.375
355.133 355.185 355.219
355.094 355.190 355.365
355.141 355.181 355.226
355.152 355.429 356.497
355.143 355.180 355.249
355.056 355.263 355.917
355.137 355.224 355.287
355.108 355.261 355.657
355.120 355.178 355.230
355.090 355.121 355.148
355.137 355.194 355.254
355.119 355.150 355.189
355.085 355.153 355.202
355.033 355.074 355.105
355.055 355.148 355.264
355.061 355.151 355.285
355.058 355.245 355.707
355.041 355.084 355.124
355.061 355.164 355.291
355.044 355.096 355.144
355.110 355.177 355.228
355.102 355.154 355.214
355.117 355.972 359.149
355.044 355.108 355.148
355.063 355.122 355.202
355.088 355.207 355.293
355.093 355.165 355.226
355.125 355.198 355.264
355.157 355.223 355.287
355.118 355.189 355.302
355.164 355.181 355.210
355.129 355.177 355.213
355.219 355.408 355.855
355.131 355.179 355.240
355.017 355.192 355.399
355.150 355.205 355.274
355.217 355.280 355.308
355.261 355.290 355.316
355.109 355.166 355.244
355.138 355.190 355.305
355.098 355.147 355.218
355.105 355.137 355.177
355.225 355.274 355.326
355.138 355.268 355.485
355.131 355.168 355.208
355.186 355.249 355.381
355.080 355.180 355.283
355.111 355.239 355.306
355.137 355.203 355.270
355.211 355.270 355.398
355.143 355.225 355.293
355.236 355.275 355.342
355.211 355.255 355.310
355.212 355.325 355.460
355.202 355.248 355.286
355.178 355.280 355.546
355.198 355.273 355.370
355.249 355.366 355.522
355.167 355.198 355.235
355.199 355.286 355.386
355.175 355.290 355.435
355.219 355.293 355.357
355.151 355.296 355.459
355.246 355.316 355.401
355.307 355.332 355.371
355.164 355.420 355.863
355.157 355.271 355.398
355.145 355.256 355.413
355.097 355.149 355.222
355.144 355.193 355.264
355.151 355.180 355.258
355.127 355.298 355.735
355.147 355.235 355.390
355.225 355.298 355.337
355.207 355.311 355.606
355.272 355.293 355.311
355.268 355.315 355.397
355.170 355.278 355.378
355.186 355.255 355.323
355.143 355.318 355.761
355.192 355.241 355.295
355.204 355.241 355.285
355.188 355.248 355.321
355.069 355.140 355.222
355.070 355.316 355.896
355.136 355.210 355.337
355.105 355.169 355.207
355.082 355.151 355.214
355.110 355.183 355.283
355.113 355.152 355.196
355.126 355.182 355.262
355.192 355.235 355.331
355.212 355.245 355.300
355.077 355.175 355.246
355.167 355.229 355.369
355.154 355.231 355.271
355.166 355.204 355.237
355.136 355.353 355.899
355.162 355.274 355.322
355.203 355.228 355.243
355.138 355.197 355.349
355.144 355.890 357.208
355.144 355.274 355.555
355.238 355.707 356.834
355.115 355.129 355.140
355.154 355.194 355.242
355.162 355.219 355.274
355.089 355.188 355.244
355.164 355.211 355.285
355.128 355.197 355.318
355.124 355.200 355.227
355.143 355.179 355.227
355.183 355.358 355.665
355.202 355.252 355.365
355.203 355.329 355.555
355.153 355.205 355.240
355.136 355.298 355.777
355.177 355.184 355.208
355.113 355.196 355.271
355.105 355.181 355.259
355.143 355.345 355.790
355.120 355.195 355.300
355.267 355.339 355.429
355.223 355.249 355.309
355.182 355.232 355.271
355.163 355.208 355.262
355.197 355.289 355.335
355.187 355.291 355.502
355.220 355.297 355.488
355.176 355.276 355.333
355.243 355.274 355.313
355.250 355.381 355.624
355.258 355.317 355.368
355.289 355.437 355.745
355.306 359.012 373.827
355.302 355.326 355.353
355.059 355.156 355.219
355.152 355.262 355.443
355.112 355.149 355.178
355.099 355.198 355.258
355.105 355.182 355.275
355.060 355.466 356.794
355.160 355.261 355.368
355.219 355.372 355.840
355.119 355.192 355.242
355.110 355.149 355.206
355.152 355.243 355.545
355.154 355.208 355.281
355.153 355.357 355.723
355.088 355.571 357.157
355.089 355.181 355.227
355.176 355.231 355.276
355.113 355.163 355.211
355.080 355.342 355.804
355.145 355.271 355.702
355.140 355.273 355.573
355.119 355.157 355.188
355.209 355.251 355.337
355.188 355.253 355.324
355.163 355.196 355.222
355.235 355.271 355.355
355.200 355.511 356.270
355.201 355.256 355.289
355.173 355.272 355.360
355.259 355.353 355.608
355.198 355.251 355.331
355.235 355.309 355.420
355.153 355.192 355.238
355.184 355.237 355.324
355.259 355.402 355.909
355.244 355.304 355.378
355.156 355.234 355.287
355.217 355.302 355.377
355.226 355.313 355.490
355.226 355.246 355.265
355.176 355.384 355.781
355.231 355.342 355.462
355.261 355.305 355.327
355.173 355.275 355.361
355.278 355.305 355.363
355.235 355.329 355.397
355.155 355.233 355.290
355.208 355.406 355.984
355.228 355.292 355.355
355.279 355.302 355.342
355.308 355.350 355.417
355.088 355.421 356.064
355.119 355.215 355.279
355.075 355.128 355.226
355.043 355.137 355.194
355.057 355.138 355.197
355.094 355.150 355.198
355.079 355.151 355.212
355.174 355.446 356.450
355.116 355.235 355.300
355.205 355.257 355.279
355.240 355.338 355.486
355.184 355.212 355.246
355.104 355.181 355.269
355.132 355.245 355.370
355.258 355.334 355.405
355.158 355.186 355.225
355.117 355.187 355.254
355.173 355.239 355.300
355.163 355.270 355.433
355.240 355.281 355.305
355.212 355.329 355.434
355.204 355.365 355.774
355.200 355.238 355.282
355.112 355.279 355.586
355.255 355.286 355.359
355.269 355.347 355.461
355.231 355.324 355.441
355.274 355.369 355.446
355.270 355.318 355.355
355.193 355.286 355.334
355.217 355.443 355.655
355.220 355.822 357.909
355.254 355.345 355.507
355.219 355.292 355.345
355.223 355.269 355.316
355.275 355.367 355.440
355.188 355.287 355.372
355.204 355.300 355.405
355.359 355.403 355.533
355.328 355.395 355.461
355.266 355.292 355.318
355.188 355.244 355.288
355.265 355.297 355.325
355.145 355.200 355.260
355.205 355.305 355.377
355.243 355.275 355.318
355.094 355.153 355.181
355.207 355.257 355.330
355.209 355.259 355.316
355.168 355.252 355.317
355.152 355.196 355.309
355.098 355.164 355.281
355.180 355.208 355.233
355.101 355.191 355.269
355.239 355.267 355.301
355.253 355.312 355.344
355.115 355.169 355.221
355.177 355.270 355.373
355.273 355.408 355.590
355.317 355.372 355.452
355.195 355.253 355.285
355.189 355.281 355.425
355.245 355.282 355.358
355.184 355.262 355.293
355.309 355.361 355.485
355.262 355.361 355.564
355.192 355.258 355.302
355.165 355.234 355.335
355.115 355.207 355.268
355.181 355.236 355.312
355.211 355.276 355.353
355.172 355.232 355.293
355.181 355.215 355.288
355.234 355.290 355.352
355.198 355.593 357.054
355.160 355.197 355.217
355.240 355.435 356.090
355.238 355.294 355.332
355.303 355.356 355.426
355.184 355.329 355.537
355.173 355.351 355.851
355.233 355.559 356.656
355.190 355.419 356.001
355.197 355.228 355.271
355.234 355.289 355.382
355.191 355.276 355.344
355.186 355.271 355.386
355.151 355.263 355.469
355.144 355.282 355.644
355.133 355.299 355.779
355.183 355.249 355.357
355.241 355.288 355.329
355.165 355.242 355.408
355.133 355.206 355.318
355.154 355.225 355.303
355.123 355.229 355.316
355.235 355.307 355.387
355.210 355.288 355.329
355.229 355.389 355.652
355.183 355.257 355.363
355.218 355.362 355.514
355.233 355.329 355.451
355.248 355.307 355.391
355.155 355.243 355.329
355.267 355.337 355.532
355.206 355.237 355.264
355.159 355.195 355.257
355.182 355.323 355.493
355.232 355.406 355.588
355.084 355.220 355.473
355.181 355.241 355.371
355.137 355.177 355.236
355.271 355.381 355.548
355.303 355.359 355.494
355.185 355.322 355.507
355.267 355.403 355.780
355.179 355.259 355.346
355.154 355.242 355.350
355.212 355.245 355.311
355.226 355.392 355.741
355.329 355.425 355.599
355.310 355.350 355.376
355.326 355.381 355.449
355.250 355.302 355.386
355.207 355.262 355.316
355.235 355.326 355.374
355.218 355.269 355.438
355.333 355.346 355.369
355.239 355.333 355.410
355.329 355.465 355.650
355.205 355.770 356.737
355.297 355.368 355.416
355.145 355.268 355.473
355.251 355.344 355.446
355.271 355.341 355.472
355.331 355.435 355.676
355.258 355.439 355.654
355.166 355.440 355.983
355.337 355.398 355.446
355.298 355.357 355.418
355.300 355.360 355.492
355.118 355.417 356.186
355.204 355.286 355.436
355.241 355.314 355.409
355.317 355.414 355.652
355.291 355.371 355.466
355.325 355.359 355.421
355.194 355.410 355.993
355.253 355.310 355.366
355.285 355.404 355.534
355.257 355.443 355.863
355.290 355.384 355.541
355.244 355.297 355.395
355.325 355.379 355.490
355.296 355.357 355.468
355.295 355.359 355.416
355.212 355.280 355.349
355.318 355.450 355.555
355.218 355.412 355.864
355.269 355.513 355.992
355.243 355.312 355.356
355.124 355.224 355.323
355.187 355.297 355.558
355.128 355.140 355.160
355.165 355.261 355.417
355.227 355.364 355.476
355.164 355.249 355.341
355.194 355.998 356.713
355.158 355.259 355.340
355.148 355.273 355.373
355.130 355.150 355.179
355.182 355.210 355.256
355.246 355.321 355.471
355.140 355.197 355.245
355.180 355.250 355.345
355.230 355.423 356.005
355.134 355.306 355.395
355.160 355.243 355.465
355.198 355.250 355.290
355.220 355.349 355.524
355.246 355.268 355.290
355.181 355.253 355.356
355.224 355.299 355.406
355.174 355.498 356.415
355.247 355.356 355.572
355.170 355.335 355.526
355.180 355.303 355.564
355.229 355.287 355.378
355.171 355.276 355.389
355.243 355.382 355.754
355.204 355.332 355.506
355.165 355.304 355.484
355.176 355.201 355.230
355.157 355.225 355.302
355.207 355.303 355.544
355.168 355.231 355.317
355.174 355.246 355.358
355.236 355.295 355.354
355.226 355.552 356.739
355.103 355.368 356.034
355.213 355.236 355.274
355.253 355.333 355.458
355.194 355.267 355.453
355.158 355.259 355.410
355.200 355.257 355.328
355.168 355.246 355.322
355.205 355.262 355.351
355.206 355.264 355.313
355.192 355.213 355.248
355.176 355.292 355.464
355.038 355.147 355.299
355.174 355.264 355.424
355.122 355.896 358.033
355.120 355.158 355.193
355.113 355.152 355.186
355.043 355.097 355.170
355.086 355.174 355.248
355.115 355.162 355.236
355.159 355.212 355.236
355.269 355.320 355.440
355.212 355.260 355.323
355.176 355.271 355.360
355.159 355.253 355.436
355.255 355.359 355.527
355.157 355.279 355.374
355.278 355.312 355.342
355.149 355.220 355.311
355.185 355.276 355.456
355.162 355.411 355.913
355.172 355.468 356.057
355.128 355.190 355.235
355.213 355.312 355.513
355.143 355.482 356.178
355.113 355.215 355.327
355.126 355.167 355.196
355.104 355.171 355.229
355.057 355.096 355.159
355.096 355.146 355.239
355.099 355.127 355.163
355.108 355.254 355.470
355.119 355.181 355.281
355.122 355.189 355.221
355.124 355.209 355.408
355.111 355.157 355.194
355.147 355.475 356.304
355.110 355.195 355.314
355.242 355.360 355.478
355.205 355.350 355.648
355.198 355.260 355.321
355.178 355.304 355.542
355.117 355.259 355.392
355.089 355.126 355.169
355.087 355.193 355.262
355.154 355.212 355.295
355.146 355.161 355.189
355.182 355.218 355.311
355.112 355.544 357.120
355.209 355.326 355.511
355.139 355.222 355.355
355.148 355.234 355.368
355.305 358.022 362.575
355.200 355.367 355.547
355.182 355.291 355.450
355.277 355.351 355.445
355.148 355.250 355.450
355.165 355.229 355.287
355.156 355.278 355.456
355.199 355.304 355.395
355.116 355.213 355.328
355.267 355.439 355.593
355.209 355.261 355.301
355.193 355.254 355.311
355.122 355.584 356.569
355.211 356.620 359.731
355.137 355.432 356.123
355.175 355.384 355.527
355.185 355.341 355.653
355.178 355.340 355.470
355.170 355.345 355.554
355.136 355.583 356.810
355.148 355.483 356.452
355.141 355.172 355.210
355.217 355.237 355.282
355.085 355.148 355.274
355.161 355.210 355.303
355.120 355.203 355.276
355.124 355.249 355.493
355.155 355.321 355.508
355.105 355.212 355.327
355.108 355.248 355.507
355.179 355.243 355.321
355.139 355.212 355.339
355.094 355.129 355.197
355.150 355.199 355.316
355.151 355.266 355.337
355.137 355.191 355.280
355.134 355.367 355.769
348.646 348.721 348.768
348.722 348.764 348.815
348.692 348.757 348.848
348.747 348.799 348.857
348.679 348.725 348.755
348.732 352.726 368.548
348.726 348.782 348.852
348.748 348.780 348.812
348.846 349.698 350.661
348.669 348.716 348.797
348.670 348.744 348.840
348.706 348.875 349.294
348.726 348.793 348.827
348.729 348.766 348.798
348.746 348.788 348.840
348.761 348.806 348.889
348.734 348.768 348.806
348.751 348.805 348.846
348.719 348.817 348.903
348.736 348.763 348.800
348.738 348.763 348.793
348.703 348.754 348.792
348.707 348.790 348.861
348.714 348.739 348.766
348.720 348.997 349.503
348.688 348.746 348.822
348.682 348.761 348.921
346.692 346.726 346.796
346.828 346.901 346.961
346.750 346.793 346.842
346.768 346.818 346.841
346.728 346.764 346.810
346.789 346.867 346.940
346.747 346.768 346.783
346.766 346.792 346.818
346.695 346.777 346.851
346.761 346.951 347.231
346.825 346.844 346.869
346.763 346.849 346.981
346.761 346.795 346.831
346.729 346.752 346.798
346.729 346.774 346.842
346.743 346.810 346.894
346.777 347.106 348.061
346.831 346.987 347.482
346.782 346.831 346.875
279.059 279.085 279.118
279.171 279.208 279.239
279.152 279.191 279.251
279.099 279.125 279.163
279.151 279.198 279.257
279.176 279.253 279.512
279.114 279.150 279.191
279.155 279.163 279.178
279.118 279.165 279.214
279.125 279.191 279.227
279.128 279.161 279.210
279.084 279.096 279.106
279.078 279.144 279.195
279.141 279.167 279.201
279.143 279.187 279.268
345.778 345.858 345.947
345.842 345.917 346.139
345.752 345.826 345.905
345.818 345.925 346.045
346.264 346.711 347.612
345.890 346.283 347.461
345.797 345.831 345.905
345.784 345.878 346.170
345.717 345.798 345.885
345.736 345.796 345.838
345.843 345.864 345.897
345.861 346.109 346.898
345.786 346.017 346.588
345.814 345.872 345.981
345.855 345.897 345.950
345.857 345.923 346.055
345.811 346.433 348.448
345.760 345.834 345.879
345.785 345.883 345.980
345.857 345.904 345.957
345.784 345.884 346.001
345.759 345.805 345.828
345.792 345.822 345.885
345.668 345.743 345.829
345.717 345.859 346.369
345.804 345.820 345.831
345.727 346.007 346.427
345.794 345.853 345.920
345.677 345.741 345.797
345.661 345.725 345.787
345.691 345.741 345.779
345.739 345.840 345.940
345.771 346.294 347.563
345.721 345.791 346.023
345.652 345.692 345.761
345.681 345.769 345.909
348.682 348.753 348.837
348.672 348.701 348.774
348.768 348.800 348.833
348.725 348.776 348.859
348.647 348.707 348.783
348.678 348.776 348.832
348.724 349.040 350.051
348.798 348.848 348.942
348.824 348.864 348.935
348.709 348.797 348.892
348.727 348.854 349.200
348.810 348.856 348.965
348.764 348.822 348.892
348.792 348.859 348.911
348.795 348.839 348.878
348.700 348.741 348.811
348.787 348.903 349.121
344.932 344.973 345.013
345.057 345.110 345.219
344.994 345.033 345.056
344.998 345.132 345.493
345.035 345.110 345.274
344.987 345.059 345.113
345.788 345.833 345.894
345.743 345.972 346.811
345.783 345.829 345.910
345.769 346.061 347.104
345.755 345.868 346.071
345.704 345.787 345.910
345.732 345.871 346.131
279.038 279.490 281.167
279.106 279.157 279.223
279.089 279.114 279.151
279.134 279.183 279.219
279.095 279.158 279.202
279.068 279.137 279.224
279.084 279.159 279.256
279.206 279.241 279.288
279.110 279.143 279.170
279.051 279.132 279.210
279.081 279.147 279.176
279.102 279.154 279.217
279.150 279.195 279.228
279.123 279.160 279.183
279.048 279.112 279.179
279.118 279.136 279.153
279.139 279.205 279.314
279.126 279.169 279.215
279.063 279.110 279.136
279.104 279.149 279.204
279.130 279.186 279.237
279.144 279.214 279.276
279.110 279.158 279.195
279.131 279.201 279.325
279.083 279.182 279.286
279.124 279.192 279.260
279.167 279.221 279.287
279.123 279.158 279.197
279.105 279.218 279.303
279.143 279.168 279.186
355.096 355.142 355.268
279.161 279.238 279.272
279.048 279.078 279.109
279.097 279.127 279.173
279.060 279.345 280.123
279.047 279.119 279.158
279.145 279.227 279.325
279.071 279.161 279.278
279.107 279.142 279.184
279.046 279.090 279.134
279.190 279.296 279.473
279.038 279.112 279.163
279.057 279.116 279.157
279.070 279.142 279.180
279.108 279.144 279.177
279.114 279.141 279.165
279.081 279.129 279.166
279.077 279.137 279.202
279.141 279.179 279.212
279.084 279.240 279.524
279.094 279.257 279.777
279.089 279.133 279.172
279.143 279.224 279.360
279.106 279.159 279.196
279.111 279.128 279.138
279.086 279.158 279.251
279.114 279.208 279.491
279.118 279.148 279.179
279.139 279.189 279.234
279.190 279.238 279.280
279.191 279.912 280.921
279.149 279.359 279.977
279.092 279.169 279.247
279.149 279.204 279.346
279.065 279.140 279.222
279.106 279.399 280.437
279.089 279.093 279.099
279.036 279.090 279.173
279.071 279.125 279.172
279.098 279.356 279.692
279.143 279.283 279.512
279.097 279.207 279.387
279.097 279.141 279.187
279.151 279.323 279.708
279.134 279.182 279.256
279.183 279.204 279.248
279.123 279.183 279.267
279.112 279.160 279.228
279.091 279.177 279.371
279.142 279.204 279.312
279.072 279.226 279.518
279.093 279.168 279.225
279.110 279.159 279.211
279.112 279.196 279.266
279.205 279.786 280.683
279.158 279.209 279.262
279.063 279.131 279.173
279.185 279.228 279.277
279.104 279.139 279.162
279.074 279.171 279.260
279.118 279.153 279.234
279.122 279.164 279.201
279.080 279.119 279.166
279.089 279.137 279.210
279.083 279.137 279.198
279.106 279.159 279.219
279.188 279.220 279.312
279.078 279.151 279.274
279.085 279.186 279.350
279.074 279.202 279.528
279.132 279.194 279.272
279.122 279.166 279.205
279.087 279.145 279.207
279.152 279.195 279.217
279.096 279.134 279.157
279.088 279.140 279.223
279.093 279.138 279.197
279.088 279.262 279.584
279.113 279.179 279.215
279.141 279.171 279.243
279.142 279.183 279.266
279.082 279.152 279.225
279.102 279.114 279.151
279.105 279.442 280.514
279.116 279.208 279.366
279.074 279.114 279.159
279.137 279.176 279.294
279.051 279.103 279.167
279.119 279.284 279.885
279.058 279.142 279.197
279.127 279.164 279.217
279.122 279.144 279.162
279.150 279.200 279.322
279.120 279.170 279.205
279.165 279.195 279.241
279.077 279.147 279.234
279.130 279.154 279.184
279.031 279.078 279.122
279.128 279.154 279.200
279.073 279.122 279.181
279.164 279.256 279.368
279.073 279.131 279.186
279.069 279.179 279.332
279.053 279.124 279.178
279.084 279.148 279.280
279.220 279.268 279.328
279.159 279.241 279.351
279.130 279.184 279.260
279.121 279.151 279.194
279.047 279.121 279.182
265.840 266.031 266.519
256.166 256.215 256.249
256.150 256.177 256.244
256.115 256.196 256.361
279.122 279.230 279.405
279.206 279.243 279.334
279.129 279.211 279.347
279.175 279.252 279.305
279.166 279.756 280.879
279.113 279.177 279.245
279.138 279.155 279.190
279.159 279.204 279.293
279.100 279.191 279.253
279.124 279.217 279.352
279.134 279.210 279.357
279.164 279.214 279.242
279.113 279.179 279.233
279.112 279.142 279.177
279.135 279.158 279.177
279.084 279.141 279.271
279.077 279.119 279.137
279.106 279.157 279.245
279.138 279.161 279.195
279.121 279.158 279.191
279.130 279.179 279.273
279.124 279.191 279.257
279.161 279.301 279.834
279.110 279.204 279.281
279.176 279.317 279.802
279.174 279.211 279.238
279.158 279.187 279.229
279.132 279.181 279.231
279.147 279.198 279.255
279.135 279.206 279.247
279.172 279.213 279.272
279.185 279.683 281.467
279.147 279.187 279.225
279.078 279.156 279.242
279.112 279.162 279.199
279.066 279.278 279.496
279.169 279.493 280.646
279.023 279.069 279.122
279.102 279.153 279.202
279.092 279.330 279.931
279.111 279.154 279.194
279.093 279.141 279.189
279.153 279.355 280.097
279.154 279.229 279.277
279.060 279.139 279.186
279.123 279.135 279.169
279.078 279.233 279.564
279.098 279.139 279.201
279.100 279.359 280.125
279.115 279.143 279.183
279.191 279.226 279.269
279.233 279.345 279.669
279.090 279.172 279.274
279.048 279.158 279.255
279.073 279.120 279.177
279.084 306.726 313.685
279.079 279.132 279.251
279.150 279.221 279.281
279.197 279.225 279.257
279.118 279.191 279.276
279.156 279.189 279.231
279.184 279.223 279.275
279.144 279.151 279.157
279.194 279.259 279.404
279.125 279.364 280.232
279.120 279.431 279.846
279.164 279.189 279.220
279.097 279.155 279.251
279.140 279.229 279.337
279.178 279.298 279.536
279.179 279.226 279.346
279.147 279.194 279.261
279.180 279.229 279.321
279.123 279.155 279.182
279.220 279.235 279.251
279.121 279.598 280.614
279.220 279.262 279.323
279.120 279.202 279.308
279.155 279.204 279.231
279.080 279.126 279.168
279.110 279.133 279.171
279.178 279.217 279.284
279.104 279.152 279.190
279.110 279.156 279.211
279.120 279.192 279.240
279.172 279.219 279.283
279.170 279.201 279.262
279.159 279.193 279.231
279.115 279.259 279.754
279.085 279.154 279.264
279.175 279.442 279.964
279.136 279.194 279.321
279.130 279.158 279.230
279.067 279.107 279.138
279.106 279.141 279.181
279.189 279.236 279.272
279.093 279.245 279.563
279.168 279.220 279.289
279.140 279.212 279.260
279.164 279.195 279.242
279.148 279.418 280.118
279.182 279.225 279.286
279.186 279.240 279.290
279.218 279.309 279.541
279.133 279.211 279.295
279.208 279.271 279.417
279.151 279.184 279.218
279.175 279.248 279.374
279.123 279.225 279.433
279.219 279.268 279.310
279.225 279.284 279.460
279.145 279.270 279.566
279.073 279.095 279.124
279.155 279.216 279.258
279.141 279.221 279.445
279.132 279.201 279.249
279.128 279.292 279.407
279.174 279.513 280.511
279.177 279.208 279.228
279.126 279.240 279.568
279.166 279.301 279.578
279.170 279.227 279.292
279.106 279.171 279.302
279.110 282.029 293.581
279.112 279.143 279.198
279.190 279.239 279.297
279.134 279.299 279.613
279.123 279.412 279.902
279.090 279.161 279.241
279.039 279.216 279.582
279.093 279.427 279.830
279.147 279.187 279.270
279.065 279.086 279.128
279.122 279.189 279.288
279.070 279.128 279.193
279.154 279.202 279.250
279.131 279.189 279.239
279.117 279.221 279.372
279.098 279.152 279.213
279.183 279.209 279.240
279.146 279.182 279.212
279.180 279.207 279.266
279.103 279.175 279.255
279.144 279.184 279.226
279.069 279.240 279.505
279.074 279.206 279.424
279.194 279.267 279.479
279.124 279.427 280.131
279.141 279.162 279.209
279.141 279.202 279.274
279.189 279.251 279.417
279.176 279.238 279.337
279.154 279.289 279.504
279.178 279.287 279.461
279.156 279.234 279.290
279.168 279.250 279.489
279.246 279.270 279.309
279.170 279.265 279.413
279.203 279.357 279.913
279.184 279.215 279.263
279.107 279.179 279.227
279.224 279.245 279.273
279.180 279.205 279.242
279.201 279.252 279.328
279.119 279.148 279.188
279.137 279.273 279.645
279.139 279.446 280.292
279.162 279.206 279.236
279.064 279.189 279.286
279.107 279.150 279.225
279.150 279.191 279.233
279.121 279.240 279.375
279.149 279.378 280.029
279.132 279.232 279.423
273.499 273.685 273.914
273.439 273.525 273.695
273.436 273.509 273.606
273.461 273.503 273.582
279.205 279.265 279.435
279.089 279.136 279.194
279.126 279.153 279.185
279.108 279.153 279.262
279.119 279.161 279.254
279.172 279.253 279.368
279.109 279.351 280.123
279.113 279.172 279.210
279.103 279.192 279.294
279.147 279.263 279.667
279.119 279.478 280.610
279.153 279.207 279.298
279.153 279.175 279.212
279.151 279.290 279.549
279.181 279.307 279.540
279.083 279.146 279.200
279.061 279.104 279.137
279.117 279.330 279.968
279.159 279.200 279.250
279.203 279.248 279.296
279.081 279.156 279.255
279.111 279.158 279.203
279.170 279.214 279.324
279.159 279.342 279.869
279.158 279.199 279.302
279.109 279.228 279.443
279.059 279.150 279.250
279.099 279.252 279.712
279.118 279.194 279.241
279.127 279.162 279.213
279.065 279.136 279.188
279.113 279.158 279.211
0 0 0
256.090 256.172 256.393
256.089 256.195 256.279
256.184 256.240 256.326
279.165 279.180 279.205
279.076 279.131 279.250
279.064 279.233 279.445
279.088 279.285 279.796
279.170 279.217 279.282
279.121 279.246 279.543
279.121 279.175 279.291
279.197 279.307 279.631
279.166 279.203 279.244
279.184 279.216 279.266
279.111 279.187 279.243
279.154 279.192 279.215
279.210 279.269 279.319
279.111 279.408 280.300
279.077 279.424 280.502
279.106 279.308 279.678
279.127 279.224 279.499
279.107 279.162 279.249
279.183 279.232 279.332
279.112 279.136 279.174
279.142 279.200 279.282
279.011 279.144 279.331
279.127 279.195 279.260
279.060 279.232 279.509
279.115 279.142 279.197
279.113 279.159 279.247
279.109 279.181 279.253
279.094 279.168 279.236
279.094 279.135 279.196
279.051 279.156 279.222
279.080 279.404 280.271
279.106 279.200 279.334
279.145 279.187 279.238
279.155 279.230 279.331
279.119 279.157 279.209
279.094 279.135 279.185
279.079 279.132 279.182
279.158 279.203 279.244
279.095 279.137 279.165
279.105 279.174 279.263
279.083 279.212 279.323
279.114 279.192 279.269
279.152 279.201 279.285
279.209 279.285 279.477
266.984 267.053 267.129
256.195 259.997 265.869
256.325 257.039 257.873
279.096 279.149 279.204
279.144 279.211 279.335
279.149 279.224 279.285
279.124 279.212 279.416
279.097 279.178 279.283
279.185 279.236 279.263
279.087 279.143 279.240
279.130 279.175 279.222
279.102 279.153 279.279
279.141 279.210 279.254
279.092 279.165 279.224
279.147 279.268 279.493
279.096 279.125 279.171
279.127 279.148 279.169
279.118 279.148 279.202
279.139 279.193 279.286
279.070 279.134 279.203
279.116 279.493 280.716
279.196 279.274 279.386
279.138 279.235 279.361
279.154 279.217 279.295
279.133 279.188 279.372
279.150 279.253 279.437
279.135 279.415 280.116
279.128 279.213 279.473
279.105 279.206 279.326
279.074 279.144 279.254
279.173 279.326 279.627
279.153 279.197 279.229
279.191 279.451 279.961
279.095 279.228 279.437
279.090 279.296 279.804
279.136 279.296 279.699
279.195 279.449 280.042
279.141 279.267 279.489
279.120 279.255 279.524
279.142 279.182 279.254
279.180 279.401 279.953
279.093 279.173 279.246
279.174 279.221 279.274
279.139 279.183 279.205
279.227 279.278 279.370
279.177 279.250 279.381
279.123 279.227 279.377
279.129 279.200 279.245
279.122 279.292 279.505
279.124 279.195 279.342
279.104 279.152 279.280
279.139 279.203 279.274
279.135 279.151 279.183
279.160 279.179 279.207
279.190 279.332 279.440
279.093 279.172 279.273
279.129 279.203 279.339
279.135 279.332 280.050
279.172 279.260 279.402
279.152 279.200 279.252
279.230 279.255 279.287
279.170 279.206 279.281
279.172 279.264 279.390
279.095 279.173 279.219
279.123 279.199 279.290
279.194 279.277 279.401
279.174 279.250 279.301
279.121 279.183 279.207
279.154 279.488 280.451
279.137 279.179 279.223
279.110 279.183 279.216
279.093 279.138 279.198
279.144 279.177 279.200
279.121 279.143 279.179
256.168 256.198 256.242
334.458 335.166 336.054
335.303 335.739 336.242
335.362 335.955 336.585
333.653 335.184 335.974
334.903 335.458 335.825
334.670 335.587 336.230
333.961 335.171 335.769
333.269 335.178 335.995
334.774 335.656 336.062
332.853 335.030 336.731
337.387 337.815 338.087
336.602 337.188 337.511
336.409 337.623 338.455
337.830 338.729 339.993
338.460 338.785 339.152
337.086 338.351 338.727
336.294 337.834 338.569
335.853 337.242 338.928
336.528 337.167 338.132
336.996 339.876 341.707
341.391 341.630 342.008
341.181 341.357 341.576
340.549 341.487 342.107
343.074 344.919 346.153
340.881 342.120 345.298
340.703 341.226 341.690
339.386 341.068 342.814
340.297 341.183 341.697
336.431 339.610 341.594
337.586 340.083 341.667
339.077 340.749 341.812
340.336 341.463 342.152
333.823 339.573 342.043
339.240 340.641 341.619
338.589 339.718 341.032
337.869 340.379 342.288
340.812 341.146 341.854
335.213 336.629 337.693
330.974 334.618 337.797
334.678 336.381 337.947
337.007 337.506 337.860
331.896 335.970 337.874
330.361 336.138 337.970
336.840 337.544 337.995
332.436 334.926 336.900
335.455 336.819 337.795
333.812 335.292 337.024
332.642 335.106 337.276
327.456 332.452 336.554
334.032 336.071 337.316
330.443 333.517 336.895
327.826 332.362 337.669
332.771 334.630 337.574
332.243 336.076 338.198
328.601 334.188 336.505
331.082 332.920 337.282
329.309 334.616 337.718
332.200 335.637 338.716
356.625 359.256 361.462
355.942 357.647 359.619
357.047 359.609 363.284
355.338 358.023 361.761
351.801 357.733 363.040
353.557 356.761 358.870
348.375 354.505 360.401
349.448 354.003 358.576
346.824 355.028 359.494
346.219 346.906 348.332
347.977 350.917 353.153
344.652 346.181 347.718
343.288 343.516 344.097
343.139 343.419 343.804
343.187 343.261 343.477
343.173 343.410 343.762
344.968 345.793 346.840
344.887 345.014 345.247
344.938 344.998 345.123
344.947 345.212 345.508
345.033 345.117 345.194
344.907 345.426 346.732
344.886 345.048 345.207
344.979 345.681 346.434
345.175 347.100 350.439
344.986 345.105 345.263
344.941 345.218 345.473
344.955 345.722 346.969
345.131 345.415 345.897
344.952 345.132 345.268
344.951 345.106 345.332
279.158 279.178 279.221
279.093 279.156 279.222
279.104 279.159 279.199
279.108 279.181 279.294
279.177 279.202 279.221
289.064 289.079 289.103
289.093 289.145 289.241
289.097 289.183 289.244
0 0 0
0 0 0
279.092 279.314 280.003
279.176 279.196 279.222
279.102 279.177 279.292
279.157 279.207 279.245
279.135 279.146 279.159
279.103 279.169 279.285
279.160 279.220 279.357
279.142 279.181 279.206
279.162 279.217 279.298
279.141 280.048 281.277
279.109 279.203 279.494
279.053 279.087 279.143
279.082 279.126 279.151
279.076 279.239 279.517
0 0 0
279.079 279.241 279.485
279.107 279.238 279.521
279.124 279.225 279.283
279.238 279.280 279.313
279.082 279.172 279.293
279.135 279.196 279.318
279.120 279.158 279.184
279.222 279.415 279.814
279.170 279.726 281.732
279.126 279.185 279.229
279.148 279.190 279.246
348.724 348.882 349.237
348.719 348.789 348.889
344.919 345.007 345.156
344.887 344.902 344.945
344.817 344.967 345.158
344.885 345.009 345.213
344.908 344.960 345.028
348.650 348.776 349.153
348.693 348.744 348.844
348.682 349.008 349.995
348.693 348.898 349.517
348.756 348.918 349.358
348.775 349.062 349.675
348.842 350.482 352.224
348.788 349.065 349.670
348.786 349.257 350.196
348.818 350.305 355.043
348.724 348.910 349.235
279.096 279.150 279.294
279.065 279.186 279.276
279.108 279.144 279.193
279.094 279.121 279.151
279.132 279.173 279.237
279.128 279.180 279.241
279.183 279.251 279.329
279.162 279.182 279.217
279.093 279.231 279.327
279.100 279.186 279.257
279.127 279.164 279.186
279.102 279.161 279.218
306.856 306.863 306.870
279.086 279.166 279.229
279.224 279.259 279.303
279.137 279.172 279.257
279.100 279.126 279.141
279.138 279.194 279.227
279.183 279.217 279.245
279.108 279.136 279.172
303.916 303.964 304.008
303.940 303.964 304.023
303.980 304.014 304.073
303.931 303.984 304.011
303.942 304.291 305.527
304.001 304.068 304.152
303.884 303.926 303.944
303.917 303.947 303.988
303.986 304.048 304.151
303.944 303.979 304.032
279.123 279.184 279.235
279.136 279.149 279.163
279.102 279.176 279.347
279.097 279.143 279.211
279.074 279.137 279.196
279.168 279.250 279.443
307.266 307.266 307.266
279.214 279.367 279.821
279.148 279.269 279.482
279.124 279.236 279.308
279.070 279.189 279.260
279.107 279.198 279.249
279.066 279.118 279.170
279.166 279.215 279.278
279.168 279.234 279.325
279.126 279.167 279.220
279.074 279.162 279.253
407.001 407.001 407.001
313.587 313.665 313.729
313.592 313.748 314.066
313.536 313.635 313.724
313.574 313.644 313.688
313.552 313.616 313.689
313.568 313.612 313.649
313.582 313.640 313.696
356.177 356.237 356.307
356.190 356.249 356.380
356.087 356.183 356.242
313.558 313.634 313.707
313.567 313.614 313.720
313.616 313.661 313.754
332.596 333.002 333.437
313.522 314.023 315.741
331.660 334.424 336.700
313.583 313.842 314.612
313.615 313.627 313.659
313.636 313.678 313.726
313.641 313.648 313.660
355.959 356.092 356.326
356.018 356.096 356.198
356.066 356.491 357.901
313.560 313.592 313.671
313.636 313.745 314.007
313.545 313.680 313.966
313.651 313.669 313.704
313.528 313.703 314.155
305.871 305.975 306.068
305.892 306.164 306.889
305.911 305.948 306.007
305.955 305.979 306.007
305.854 306.091 306.844
305.921 306.050 306.244
305.879 305.963 306.019
303.709 303.787 303.878
303.647 303.700 303.766
303.736 303.756 303.786
313.616 313.715 313.943
313.550 313.615 313.710
313.622 313.641 313.679
313.574 313.606 313.666
313.572 313.691 313.936
313.556 313.580 313.623
313.647 313.681 313.725
313.555 313.631 313.717
313.569 313.686 314.003
313.548 313.605 313.683
313.514 313.554 313.601
313.487 313.551 313.639
313.532 313.671 314.064
313.588 313.621 313.665
313.561 313.650 313.734
313.554 313.611 313.668
305.924 305.949 305.999
305.905 305.949 306.012
305.897 305.932 306.004
313.623 313.936 315.065
313.489 313.733 314.228
313.624 313.714 313.861
313.598 313.721 313.991
313.553 313.641 313.711
313.505 313.559 313.711
313.532 313.570 313.631
313.605 313.778 314.408
313.502 313.573 313.646
313.504 313.708 314.345
313.546 313.604 313.720
313.538 313.593 313.702
313.583 313.602 313.616
313.538 313.592 313.684
313.592 313.640 313.707
313.552 313.626 313.808
313.535 313.545 313.569
313.528 313.570 313.622
313.571 313.619 313.746
313.540 313.614 313.694
313.561 313.591 313.664
313.489 313.559 313.653
313.592 313.615 313.656
313.596 313.625 313.637
313.506 313.581 313.650
313.559 313.615 313.687
313.533 313.555 313.570
313.564 313.609 313.639
313.568 313.599 313.679
313.562 313.608 313.668
313.535 313.571 313.610
313.537 313.581 313.637
313.628 313.694 313.849
313.500 313.572 313.673
313.543 313.571 313.610
313.527 313.615 313.697
313.505 313.543 313.582
313.511 313.552 313.577
313.508 313.563 313.617
313.516 313.572 313.607
313.551 313.604 313.657
313.508 313.610 313.780
313.653 314.035 315.501
313.606 313.631 313.655
313.542 313.571 313.629
313.558 313.586 313.656
313.470 313.569 313.640
313.569 313.611 313.649
313.601 313.647 313.735
279.108 279.135 279.165
279.128 279.146 279.189
279.100 279.227 279.543
279.138 279.162 279.190
279.114 279.141 279.160
279.160 279.180 279.210
279.029 279.128 279.339
279.153 279.229 279.420
279.153 279.182 279.232
279.072 279.113 279.156
279.101 279.336 280.092
279.121 279.317 279.704
279.094 279.115 279.145
279.156 279.188 279.205
279.101 279.166 279.217
279.092 279.128 279.208
279.064 279.147 279.333
279.075 279.122 279.171
279.098 279.194 279.370
279.082 279.129 279.213
279.065 279.093 279.134
279.077 279.128 279.185
279.095 279.194 279.258
279.069 279.094 279.108
279.086 279.147 279.196
279.108 279.223 279.566
279.101 279.197 279.299
279.096 279.171 279.314
279.078 279.111 279.178
279.056 279.099 279.132
279.136 279.314 279.764
279.127 279.196 279.243
279.129 279.140 279.155
279.152 279.188 279.257
279.105 279.257 279.620
279.079 279.156 279.217
279.136 279.182 279.258
279.093 279.179 279.245
279.070 279.125 279.184
279.072 279.102 279.156
279.193 279.356 279.764
279.195 279.249 279.296
279.040 279.088 279.151
279.085 279.159 279.239
279.075 279.137 279.224
279.074 279.111 279.129
279.029 279.072 279.123
279.098 279.128 279.165
279.129 279.209 279.310
279.113 279.149 279.196
279.061 279.104 279.148
279.100 279.155 279.179
279.067 279.144 279.218
279.080 279.140 279.241
279.142 279.158 279.180
279.083 279.137 279.205
279.046 279.086 279.149
279.086 279.164 279.323
279.132 279.194 279.288
279.148 279.201 279.244
279.174 279.218 279.311
279.084 279.211 279.612
279.131 279.199 279.332
279.096 279.185 279.341
279.077 279.120 279.156
279.208 279.233 279.301
279.124 279.154 279.176
279.093 279.137 279.208
279.132 279.177 279.202
279.089 279.279 279.775
279.090 279.113 279.126
279.062 279.088 279.119
279.096 279.827 282.288
279.096 279.203 279.415
279.088 279.126 279.156
279.100 279.163 279.247
279.068 279.096 279.134
279.103 279.166 279.245
279.154 279.182 279.236
279.105 279.154 279.234
279.122 279.175 279.256
279.102 279.120 279.138
279.086 279.144 279.176
279.084 279.146 279.213
279.138 279.179 279.225
279.062 279.117 279.189
279.071 283.217 299.417
279.138 279.393 280.366
279.096 279.269 279.606
279.174 279.229 279.304
279.081 279.120 279.188
279.142 279.230 279.301
279.156 279.303 279.607
279.080 279.163 279.259
279.060 279.122 279.178
279.106 279.192 279.328
279.120 279.237 279.544
279.070 279.100 279.124
279.125 279.192 279.326
279.137 279.186 279.233
279.123 279.156 279.191
279.108 279.239 279.662
279.106 279.137 279.168
279.191 279.232 279.317
279.126 279.178 279.210
279.151 279.234 279.473
279.124 279.178 279.231
279.160 279.402 280.030
279.101 279.139 279.185
279.140 279.182 279.254
279.066 279.166 279.383
279.196 279.243 279.307
279.109 279.147 279.172
279.126 279.210 279.256
279.102 279.142 279.170
279.031 279.108 279.165
279.114 279.215 279.424
279.094 279.186 279.270
279.101 279.137 279.194
279.140 279.202 279.263
279.116 279.174 279.263
279.071 279.273 279.958
279.112 279.160 279.202
279.100 279.137 279.164
279.111 279.209 279.313
279.127 279.161 279.245
279.134 279.214 279.290
279.128 279.259 279.566
279.094 279.140 279.195
279.104 279.173 279.303
279.137 279.175 279.254
279.103 279.292 279.921
279.040 279.263 279.437
279.088 279.115 279.138
279.099 279.231 279.433
279.175 279.219 279.284
279.101 279.289 279.804
279.099 279.138 279.226
279.140 279.196 279.260
279.140 279.155 279.177
279.040 279.106 279.212
279.144 279.182 279.244
279.177 279.208 279.254
279.093 279.255 279.701
279.120 279.174 279.242
279.128 279.200 279.303
279.098 279.135 279.179
279.035 279.115 279.238
279.098 279.134 279.211
279.129 279.171 279.209
279.112 279.141 279.183
279.074 279.131 279.204
279.061 279.125 279.167
279.118 279.204 279.261
279.122 279.331 279.509
279.111 279.183 279.357
279.101 279.325 279.651
279.143 279.206 279.358
279.097 279.142 279.246
279.042 279.103 279.163
279.103 279.202 279.332
279.104 279.163 279.197
279.171 279.238 279.433
279.146 279.178 279.272
279.122 279.256 279.611
279.161 279.280 279.432
279.186 279.407 280.069
279.156 279.216 279.271
279.139 279.175 279.243
279.126 279.169 279.214
279.086 279.134 279.211
279.091 279.160 279.248
279.067 279.135 279.227
279.079 279.135 279.172
279.109 279.319 280.018
279.116 279.143 279.216
279.086 279.116 279.173
279.072 279.194 279.384
279.133 279.204 279.305
279.095 279.201 279.294
279.136 279.206 279.240
279.074 279.287 279.900
279.223 279.392 279.832
279.162 279.203 279.255
279.160 279.486 280.024
279.100 279.159 279.198
279.112 279.501 280.839
279.164 279.415 280.282
279.191 279.249 279.375
279.064 279.114 279.179
279.142 279.183 279.265
279.144 279.184 279.217
279.111 279.166 279.206
279.145 279.221 279.315
279.121 279.168 279.204
279.213 279.348 279.456
279.138 279.216 279.281
279.126 279.174 279.208
279.114 279.199 279.268
279.205 279.368 279.913
279.062 279.170 279.461
279.155 279.204 279.338
279.144 279.247 279.473
279.118 279.171 279.247
279.102 279.179 279.317
279.089 279.276 279.797
279.118 279.173 279.210
279.122 279.226 279.392
279.166 279.208 279.339
279.110 279.151 279.213
279.141 279.200 279.258
279.090 279.127 279.162
279.137 279.259 279.343
279.084 279.136 279.223
279.141 279.227 279.312
279.105 279.118 279.131
279.126 279.611 281.306
279.138 279.332 279.586
279.063 279.142 279.224
279.031 279.210 279.747
279.104 279.137 279.175
279.129 279.201 279.386
279.150 279.185 279.226
279.113 279.210 279.453
279.099 279.125 279.156
279.156 279.215 279.286
279.162 279.298 279.693
279.170 279.212 279.285
279.148 279.230 279.451
279.124 279.162 279.224
279.158 279.356 279.841
279.139 279.195 279.232
279.129 279.222 279.371
279.172 279.289 279.489
279.082 279.265 279.563
279.154 279.187 279.229
279.088 279.198 279.312
279.108 279.146 279.215
279.065 279.118 279.169
279.347 279.558 279.760
279.060 279.242 279.792
279.154 279.198 279.291
279.082 279.146 279.196
279.144 279.221 279.299
279.121 279.169 279.227
279.147 279.173 279.253
279.070 279.129 279.192
279.166 279.242 279.320
279.145 279.194 279.286
279.104 279.169 279.305
279.105 279.158 279.185
279.104 279.155 279.204
279.120 279.181 279.210
279.145 279.274 279.464
279.145 279.201 279.276
279.153 279.240 279.364
279.117 279.448 280.481
279.151 279.298 279.863
279.137 279.184 279.260
279.159 279.233 279.366
279.113 279.204 279.352
279.134 279.305 279.749
279.189 279.240 279.286
279.130 279.172 279.235
279.167 279.404 280.148
279.143 279.262 279.581
279.112 279.192 279.255
279.134 279.385 280.319
279.208 279.272 279.335
279.135 279.295 279.827
279.160 279.180 279.206
279.155 279.211 279.388
279.082 279.193 279.340
279.123 279.194 279.329
279.057 279.102 279.170
279.091 279.128 279.209
279.096 279.409 280.426
279.086 279.192 279.388
279.089 279.151 279.239
279.200 279.254 279.322
279.124 279.197 279.272
279.160 279.184 279.207
279.156 279.194 279.260
279.166 279.230 279.281
279.010 279.079 279.208
279.168 279.574 280.930
279.171 279.189 279.230
279.105 279.266 279.439
279.137 279.201 279.322
279.168 279.236 279.316
279.173 279.248 279.280
279.119 279.236 279.344
279.110 279.173 279.289
279.112 279.211 279.376
279.194 279.221 279.298
279.167 279.211 279.302
279.114 279.238 279.562
279.129 279.260 279.541
279.145 279.191 279.245
279.167 279.239 279.288
279.110 279.338 279.894
279.210 279.442 280.132
279.142 279.265 279.459
279.218 279.291 279.406
279.098 279.184 279.269
279.132 279.266 279.439
279.137 279.172 279.214
279.182 279.240 279.352
279.168 279.235 279.418
279.173 279.300 279.496
279.192 279.243 279.279
279.138 279.214 279.300
279.115 279.154 279.241
279.147 279.177 279.224
279.106 279.256 279.486
279.190 279.255 279.452
279.142 279.178 279.225
279.032 279.081 279.111
279.097 279.140 279.158
279.168 280.048 282.797
279.086 279.180 279.312
306.136 306.179 306.203
306.127 306.225 306.322
306.149 306.245 306.360
306.191 306.256 306.411
306.191 306.267 306.366
279.180 279.409 279.683
279.149 279.191 279.233
279.116 279.167 279.202
279.156 279.246 279.369
279.113 279.169 279.316
279.206 279.267 279.298
279.199 279.360 279.702
279.115 279.135 279.199
279.153 279.210 279.276
279.135 279.185 279.277
279.244 279.295 279.364
279.147 279.190 279.267
279.144 279.177 279.224
279.172 279.189 279.211
279.241 279.253 279.277
279.136 279.204 279.314
279.142 279.238 279.357
279.233 279.311 279.444
279.231 279.262 279.318
279.217 279.244 279.280
279.153 279.196 279.246
279.203 279.251 279.348
279.167 279.210 279.264
279.125 279.251 279.484
279.114 279.326 279.683
279.172 279.276 279.439
279.118 279.206 279.290
279.152 279.196 279.264
279.078 279.156 279.206
279.160 279.212 279.259
279.139 279.210 279.258
279.161 279.232 279.440
279.200 279.238 279.261
279.188 279.240 279.332
279.193 279.254 279.298
279.145 279.180 279.225
279.193 279.239 279.342
279.129 279.186 279.236
279.194 279.249 279.280
279.095 279.149 279.218
279.157 279.228 279.343
279.175 279.220 279.288
279.143 279.208 279.305
279.203 279.269 279.374
279.165 279.246 279.341
279.179 279.264 279.444
279.226 279.255 279.312
279.199 279.298 279.365
279.189 279.309 279.637
279.208 279.329 279.605
279.148 279.202 279.280
279.208 279.283 279.375
279.195 279.257 279.335
279.217 279.258 279.313
279.222 279.308 279.520
279.257 279.440 279.801
279.202 279.307 279.531
279.218 279.275 279.362
279.189 279.236 279.281
279.219 279.382 279.742
279.231 279.362 279.740
279.225 279.386 279.610
279.149 279.246 279.416
279.163 279.238 279.312
279.203 279.289 279.390
279.230 279.306 279.390
279.185 279.315 279.410
279.141 279.247 279.359
279.179 279.246 279.327
279.171 279.232 279.270
279.219 279.339 279.491
279.154 279.444 280.049
279.101 279.207 279.464
279.218 279.520 280.262
279.230 279.309 279.565
279.159 279.256 279.456
279.161 279.178 279.205
279.169 279.457 280.410
279.088 279.178 279.228
279.130 279.265 279.524
279.166 279.251 279.350
279.132 279.159 279.186
279.155 279.194 279.227
279.133 279.336 279.914
279.157 279.207 279.235
279.165 279.228 279.270
279.200 279.241 279.266
279.220 279.325 279.498
279.223 279.345 279.736
279.141 279.211 279.272
279.230 279.422 280.132
279.156 279.283 279.463
279.103 279.202 279.349
279.129 279.152 279.187
279.148 279.210 279.310
279.194 279.285 279.421
279.210 279.235 279.271
279.164 279.212 279.266
279.089 279.157 279.194
279.193 279.324 279.400
279.262 279.294 279.348
279.128 279.206 279.316
279.167 279.238 279.330
279.153 279.322 279.836
279.214 279.249 279.294
279.137 279.194 279.229
279.240 279.272 279.323
279.165 279.263 279.369
279.171 279.227 279.312
279.180 279.258 279.357
279.199 279.251 279.337
279.180 279.280 279.394
279.248 279.425 279.706
279.209 279.338 279.552
279.179 279.219 279.256
279.131 279.191 279.283
279.186 279.250 279.374
279.297 279.414 279.616
279.201 279.222 279.268
279.172 279.235 279.331
279.150 279.228 279.298
279.209 279.246 279.308
279.132 279.348 279.966
279.145 279.205 279.264
279.140 279.204 279.306
279.196 279.282 279.482
279.142 279.240 279.536
279.154 279.182 279.206
279.183 279.229 279.278
279.185 279.343 279.597
279.140 279.170 279.222
279.155 279.253 279.351
279.167 279.239 279.337
279.151 279.205 279.241
279.220 279.301 279.524
279.213 279.257 279.292
279.207 279.232 279.288
279.156 279.258 279.497
279.196 279.256 279.449
279.175 279.208 279.260
279.192 279.248 279.321
279.188 279.275 279.354
279.202 279.309 279.403
279.126 279.178 279.220
279.121 279.211 279.441
279.158 279.282 279.600
279.142 279.408 280.259
279.143 279.222 279.298
279.166 279.196 279.234
279.157 279.186 279.230
279.128 279.207 279.277
279.168 279.275 279.501
279.227 279.338 279.671
279.206 279.361 279.841
279.128 279.193 279.248
279.116 279.310 279.898
279.140 279.187 279.217
279.154 279.309 279.562
279.207 279.263 279.371
279.201 279.434 280.007
279.230 279.260 279.314
279.131 279.169 279.251
279.175 279.210 279.262
279.164 279.487 280.553
279.212 279.290 279.389
279.202 279.263 279.322
279.267 279.319 279.458
279.217 279.406 279.673
279.187 279.248 279.318
279.143 279.176 279.225
279.169 279.209 279.244
279.189 279.342 279.697
279.250 279.293 279.363
279.177 279.232 279.333
279.227 279.252 279.296
279.114 279.190 279.257
279.189 279.288 279.560
279.200 279.255 279.301
279.189 279.279 279.459
279.209 279.305 279.674
279.189 279.295 279.395
279.120 279.250 279.493
279.204 279.251 279.306
279.183 279.218 279.268
279.141 279.161 279.202
279.185 279.255 279.306
279.291 279.380 279.576
279.212 279.262 279.307
279.148 279.180 279.238
279.175 279.230 279.299
279.175 279.326 279.638
279.215 279.247 279.293
279.183 279.247 279.390
279.248 279.439 280.040
279.255 279.295 279.360
279.208 279.249 279.328
279.102 279.237 279.340
279.180 279.276 279.367
279.217 279.293 279.413
279.279 279.326 279.390
279.246 279.323 279.405
279.216 279.270 279.338
279.189 279.252 279.310
279.175 279.329 279.788
279.198 279.266 279.342
279.177 279.262 279.382
279.158 279.225 279.274
279.166 279.214 279.319
279.226 279.266 279.317
279.227 279.492 280.512
279.176 279.264 279.313
279.219 279.247 279.298
279.176 279.234 279.288
279.156 279.232 279.276
279.238 279.293 279.485
279.204 279.260 279.341
279.174 279.244 279.380
279.172 279.236 279.294
279.218 279.273 279.395
279.138 279.233 279.380
279.194 279.263 279.396
279.256 279.341 279.519
279.144 279.263 279.540
279.171 279.247 279.362
279.209 280.097 282.642
279.133 279.208 279.275
279.215 279.274 279.357
279.142 279.264 279.683
279.158 279.214 279.328
279.197 279.215 279.246
279.197 279.344 279.652
279.176 279.277 279.436
279.163 279.183 279.208
279.164 279.325 279.547
279.165 279.325 279.792
279.108 279.248 279.327
279.287 279.370 279.487
279.133 279.384 280.133
279.172 279.217 279.263
279.229 279.427 280.073
279.171 279.386 279.902
279.253 279.285 279.332
279.196 279.269 279.373
279.212 279.368 279.886
279.159 279.261 279.335
279.177 279.245 279.294
279.161 279.360 279.877
279.203 279.337 279.579
279.201 279.290 279.567
279.204 279.242 279.275
279.225 279.550 280.726
279.163 279.693 281.610
279.142 280.231 281.930
279.143 279.212 279.265
279.219 279.248 279.302
279.179 279.227 279.272
279.233 279.271 279.310
279.232 279.266 279.326
279.176 279.246 279.296
279.130 279.189 279.250
279.154 279.229 279.282
279.235 279.846 280.956
279.242 279.616 281.050
279.171 279.217 279.266
279.160 279.216 279.274
279.158 279.256 279.477
279.207 279.304 279.520
279.232 279.277 279.336
279.312 279.457 279.781
279.167 279.212 279.255
279.182 279.230 279.307
279.198 279.246 279.293
279.144 279.398 280.182
279.248 279.555 280.130
279.195 279.253 279.326
279.145 279.206 279.261
279.214 279.232 279.287
279.160 279.205 279.252
279.200 279.252 279.283
279.219 279.267 279.322
279.197 279.436 280.289
279.148 279.190 279.271
279.176 279.220 279.262
279.169 279.202 279.268
279.235 279.341 279.612
279.187 283.225 298.026
279.272 279.323 279.421
279.171 293.054 334.073
279.174 279.244 279.359
279.171 279.205 279.245
279.131 279.187 279.311
279.097 279.225 279.458
279.139 279.238 279.471
279.177 279.229 279.286
279.172 279.238 279.329
279.170 279.248 279.383
279.155 279.218 279.328
279.159 279.228 279.318
279.203 279.256 279.283
279.236 279.311 279.384
279.204 279.246 279.329
279.173 279.292 279.461
279.102 279.140 279.167
279.137 279.189 279.236
279.134 279.153 279.173
279.218 279.235 279.276
279.235 279.294 279.392
279.126 279.352 279.993
279.096 279.144 279.195
279.152 279.226 279.325
279.139 279.342 279.974
279.217 279.413 279.923
279.178 279.208 279.251
279.170 279.201 279.272
279.203 279.229 279.251
279.160 279.236 279.346
279.141 279.218 279.290
279.215 279.257 279.286
279.227 279.267 279.296
279.161 279.228 279.398
279.185 279.225 279.275
279.143 279.171 279.195
279.216 279.365 279.635
279.188 279.231 279.277
279.187 279.269 279.510
279.224 279.261 279.296
279.207 279.317 279.419
279.203 279.254 279.298
279.108 279.173 279.268
279.155 279.304 279.458
279.155 279.206 279.324
279.177 279.218 279.263
279.211 279.258 279.319
279.181 279.260 279.311
279.140 279.431 280.424
279.125 279.182 279.209
279.172 279.232 279.277
279.159 279.186 279.239
279.160 279.204 279.229
279.151 279.324 279.767
279.201 279.227 279.277
279.293 279.371 279.495
279.236 279.297 279.361
279.235 279.274 279.338
279.151 279.222 279.305
279.185 279.226 279.285
279.198 279.257 279.306
279.186 279.371 279.907
279.198 279.501 280.089
279.204 279.527 280.696
279.207 279.256 279.307
279.205 279.236 279.273
279.268 279.318 279.422
279.221 279.286 279.414
279.219 279.270 279.376
279.186 279.231 279.298
279.171 279.208 279.251
279.199 279.268 279.406
279.135 279.161 279.198
279.160 279.198 279.279
279.158 279.211 279.244
279.207 279.266 279.335
279.120 279.169 279.199
279.187 279.352 279.882
279.167 279.205 279.298
279.163 279.259 279.529
279.150 279.203 279.281
279.046 279.160 279.211
279.149 279.166 279.191
279.188 279.329 279.500
279.156 279.188 279.216
279.187 279.257 279.328
279.172 279.223 279.280
279.172 279.337 279.819
279.200 279.272 279.347
279.189 279.251 279.325
279.100 279.383 280.327
279.116 279.264 279.413
279.111 279.186 279.409
279.159 279.171 279.196
279.107 279.232 279.322
279.169 279.208 279.299
279.167 279.286 279.470
279.161 279.202 279.242
279.176 279.228 279.265
279.171 279.248 279.306
279.170 279.209 279.262
279.177 279.941 282.950
279.224 279.254 279.290
279.188 279.227 279.309
279.210 279.261 279.308
279.150 279.244 279.318
279.127 279.198 279.259
279.195 279.243 279.272
279.136 279.182 279.202
279.174 279.239 279.355
279.185 279.205 279.217
279.152 279.283 279.562
279.097 279.132 279.192
279.131 279.200 279.263
279.126 279.225 279.284
279.156 279.225 279.316
279.222 279.260 279.309
279.224 279.244 279.314
279.242 279.465 280.068
279.165 279.201 279.228
279.177 279.198 279.254
279.183 279.234 279.262
279.158 279.215 279.300
279.102 279.142 279.165
279.198 279.231 279.269
279.091 279.659 280.359
279.252 279.336 279.451
279.134 279.301 279.673
279.128 279.167 279.205
279.148 279.209 279.250
279.122 279.200 279.337
279.174 279.265 279.446
279.172 279.200 279.233
279.178 279.218 279.269
279.159 279.238 279.322
279.178 279.338 279.756
279.117 279.173 279.225
279.195 279.393 279.972
279.202 279.363 279.723
279.181 279.280 279.330
279.182 279.213 279.267
279.133 279.193 279.272
279.164 279.198 279.244
279.204 279.259 279.302
279.198 279.238 279.312
279.177 279.235 279.318
279.153 279.182 279.205
279.117 279.260 279.436
279.231 279.292 279.341
279.133 279.183 279.236
279.194 279.229 279.317
279.128 279.187 279.240
279.208 279.279 279.336
279.184 279.221 279.260
279.210 279.229 279.248
279.177 279.225 279.274
279.169 279.241 279.343
279.157 279.224 279.282
279.153 279.414 280.344
279.211 279.933 282.662
279.190 279.272 279.318
279.213 279.234 279.264
279.139 279.237 279.313
279.109 279.149 279.229
279.159 279.197 279.255
279.187 280.046 283.023
279.105 279.155 279.194
279.129 279.165 279.189
279.146 279.188 279.257
279.190 279.220 279.253
279.135 279.215 279.399
279.139 279.197 279.243
279.121 279.184 279.266
279.150 279.225 279.335
279.144 279.229 279.343
279.171 279.202 279.255
279.158 279.168 279.194
279.174 279.199 279.224
279.136 279.183 279.230
279.108 279.181 279.208
279.198 279.232 279.253
279.193 279.315 279.629
279.239 279.252 279.275
279.118 279.149 279.199
279.156 279.195 279.228
279.208 279.241 279.309
279.108 279.151 279.171
279.175 279.226 279.351
279.168 279.217 279.274
279.172 279.222 279.273
279.217 279.386 279.908
279.158 279.282 279.645
279.187 279.219 279.274
279.179 279.198 279.232
279.167 279.182 279.221
279.194 279.251 279.277
279.203 279.230 279.254
279.187 279.249 279.320
279.151 279.225 279.296
279.185 279.280 279.477
279.237 279.296 279.335
279.182 279.213 279.232
279.240 279.286 279.367
279.158 279.240 279.322
279.135 279.339 279.910
279.161 279.184 279.251
279.175 279.227 279.268
279.159 279.194 279.271
279.109 279.177 279.280
279.135 279.206 279.285
279.127 279.170 279.226
279.110 279.174 279.219
279.191 279.234 279.300
279.187 279.240 279.282
279.240 279.267 279.312
279.094 279.163 279.201
279.165 279.222 279.274
279.151 279.194 279.236
279.061 279.163 279.238
279.178 279.206 279.278
279.084 279.202 279.306
279.081 279.149 279.239
279.158 279.453 280.346
279.099 279.150 279.258
279.163 279.284 279.577
279.195 279.559 280.943
279.168 279.368 279.815
279.179 279.354 279.678
279.199 279.377 279.867
279.194 279.263 279.362
279.151 279.194 279.230
279.165 279.577 280.942
279.125 279.173 279.250
279.075 279.168 279.311
279.181 279.262 279.365
279.127 279.219 279.346
279.182 279.207 279.272
279.109 279.145 279.180
279.175 279.233 279.285
279.220 279.242 279.268
279.127 279.460 280.218
279.147 279.178 279.254
279.193 279.229 279.274
279.172 279.288 279.472
279.130 279.171 279.214
279.180 279.207 279.255
279.170 279.202 279.259
279.231 279.271 279.301
279.157 279.178 279.210
279.250 279.293 279.384
279.115 279.145 279.197
279.171 279.202 279.257
279.163 279.205 279.331
279.167 279.233 279.332
279.082 279.167 279.206
279.182 279.294 279.368
279.182 279.258 279.356
279.157 279.226 279.300
279.176 279.275 279.468
279.189 279.224 279.280
279.241 279.305 279.466
279.147 279.204 279.283
279.168 279.221 279.264
279.163 279.204 279.256
279.171 279.227 279.300
279.099 279.155 279.199
279.161 279.195 279.272
279.142 279.205 279.303
279.143 279.267 279.602
279.178 279.510 280.164
279.128 279.212 279.291
279.189 279.333 279.775
279.138 279.207 279.312
279.137 279.206 279.265
279.224 279.276 279.331
279.239 279.321 279.495
279.186 279.254 279.285
279.160 279.210 279.249
279.213 279.393 279.927
279.160 279.192 279.245
279.184 279.242 279.279
279.177 279.259 279.337
279.144 279.193 279.221
279.150 279.280 279.521
279.195 279.232 279.295
279.224 279.317 279.453
279.142 279.185 279.205
279.185 279.278 279.384
279.186 279.207 279.258
279.247 279.271 279.298
279.185 279.249 279.371
279.183 279.477 280.215
279.195 279.214 279.229
279.162 279.234 279.283
279.200 279.265 279.425
279.192 279.392 280.157
279.170 279.248 279.295
279.149 279.213 279.358
279.144 279.200 279.262
279.185 279.240 279.308
279.168 279.178 279.197
279.160 279.203 279.270
279.102 279.158 279.215
279.131 279.191 279.231
279.149 279.381 279.707
279.116 279.199 279.231
279.161 279.216 279.255
279.148 279.285 279.563
279.145 279.207 279.271
279.196 279.256 279.374
279.184 279.531 280.087
279.124 279.156 279.187
279.128 279.292 279.598
279.163 279.176 279.189
279.179 279.197 279.233
279.120 279.188 279.255
279.183 279.217 279.265
279.180 279.244 279.432
279.240 279.461 280.052
279.206 279.221 279.231
279.216 279.294 279.524
279.145 279.217 279.401
279.233 279.416 280.083
279.230 279.278 279.432
279.224 279.271 279.313
279.166 279.283 279.494
279.197 279.744 281.765
279.152 279.334 279.887
279.238 279.292 279.395
279.164 279.216 279.302
279.118 279.165 279.230
279.132 279.192 279.284
279.119 279.194 279.248
279.184 279.232 279.266
279.186 279.249 279.328
279.133 279.168 279.214
279.185 279.613 281.134
279.132 279.188 279.278
279.177 279.229 279.283
279.182 279.270 279.459
279.151 279.224 279.300
279.261 279.407 279.915
279.212 279.481 280.267
279.131 279.192 279.327
279.179 279.227 279.269
279.161 279.242 279.311
279.142 279.184 279.239
279.198 279.264 279.372
279.101 279.226 279.530
279.214 279.278 279.384
279.204 279.222 279.239
279.168 279.240 279.356
279.205 279.256 279.329
279.210 279.265 279.340
279.140 279.228 279.313
279.165 279.234 279.336
279.159 279.335 279.863
279.228 279.292 279.417
279.208 279.269 279.324
279.114 279.169 279.215
279.120 279.180 279.255
279.229 279.248 279.287
279.190 279.263 279.396
279.171 279.304 279.689
279.159 279.209 279.240
279.199 279.218 279.255
279.198 279.260 279.334
279.224 279.265 279.341
279.189 279.608 280.137
279.173 279.227 279.313
279.290 280.022 281.292
279.258 279.298 279.378
279.198 279.236 279.269
279.164 279.222 279.334
279.171 279.432 280.200
279.226 279.281 279.336
279.237 279.967 280.624
279.135 279.200 279.277
279.224 279.309 279.473
279.161 279.244 279.307
279.174 279.248 279.371
279.248 279.306 279.432
279.188 279.285 279.442
279.165 279.191 279.230
279.189 279.221 279.253
279.228 279.256 279.283
279.222 279.257 279.283
279.204 279.506 280.411
279.128 279.166 279.194
279.143 279.232 279.518
279.134 279.159 279.195
279.138 279.188 279.227
279.160 279.560 280.376
279.164 279.289 279.520
279.163 279.229 279.389
279.177 279.225 279.311
279.175 279.240 279.352
279.127 279.183 279.229
279.072 279.188 279.345
279.226 279.255 279.326
279.167 279.371 279.940
279.150 279.229 279.385
279.179 279.243 279.301
279.174 279.228 279.330
279.154 279.280 279.565
279.120 279.176 279.237
279.152 279.195 279.233
279.152 279.250 279.544
279.177 279.247 279.369
279.112 279.151 279.191
279.202 279.257 279.321
279.163 279.180 279.217
279.156 279.222 279.309
279.162 279.228 279.343
279.150 279.193 279.253
279.166 279.211 279.289
279.246 279.400 279.819
279.300 279.560 279.898
279.163 279.217 279.339
279.196 279.234 279.276
279.178 279.246 279.326
279.211 279.247 279.287
279.192 279.229 279.334
279.141 279.197 279.282
279.117 279.208 279.273
279.125 279.192 279.256
279.165 279.203 279.240
279.160 279.369 279.898
279.151 279.201 279.266
279.202 279.260 279.303
279.129 279.191 279.213
279.201 279.295 279.495
279.148 279.206 279.299
279.163 279.230 279.331
279.229 279.256 279.292
279.136 279.193 279.232
279.194 279.223 279.265
279.216 279.256 279.288
279.174 279.197 279.245
279.163 279.210 279.247
279.176 279.207 279.277
279.098 279.141 279.188
279.151 279.199 279.307
279.165 279.304 279.513
279.151 279.197 279.260
279.165 279.217 279.259
279.134 279.177 279.235
279.095 279.143 279.178
279.222 279.356 279.757
279.213 279.224 279.248
279.172 279.305 279.575
279.174 279.214 279.259
279.187 279.202 279.231
279.135 279.162 279.199
279.145 279.233 279.383
279.150 279.200 279.249
279.179 279.216 279.277
279.157 279.228 279.434
279.121 279.270 279.602
279.164 279.196 279.242
279.143 279.181 279.209
279.120 279.197 279.281
279.134 279.193 279.253
279.165 279.249 279.422
279.155 279.240 279.284
279.210 279.229 279.255
279.097 279.329 279.740
279.236 279.367 279.796
279.145 279.189 279.305
279.128 279.194 279.241
279.116 279.324 280.061
279.198 279.337 279.633
279.203 279.264 279.374
279.217 279.399 279.776
279.168 279.264 279.388
279.226 279.262 279.353
279.193 279.225 279.260
279.150 279.345 280.000
279.230 279.259 279.320
279.234 279.303 279.402
279.171 279.194 279.211
279.190 279.228 279.301
279.138 279.221 279.348
279.216 279.369 279.706
279.203 279.295 279.503
279.191 282.053 293.115
279.100 279.147 279.215
279.166 279.225 279.337
279.124 279.233 279.405
279.125 279.181 279.234
279.197 279.213 279.229
279.122 279.228 279.277
279.169 279.187 279.195
279.173 279.223 279.380
279.139 279.176 279.241
279.138 279.210 279.271
279.150 279.233 279.281
279.226 279.248 279.279
279.189 279.225 279.289
279.273 279.302 279.338
279.153 279.197 279.257
279.136 279.198 279.259
279.141 279.333 279.753
279.169 279.230 279.326
279.128 279.356 280.066
279.208 279.290 279.417
279.218 279.254 279.282
279.159 279.206 279.236
279.186 279.296 279.443
279.197 279.292 279.366
279.242 279.275 279.331
279.242 279.274 279.317
279.206 279.267 279.389
279.198 279.319 279.612
279.222 279.264 279.295
279.190 279.228 279.261
279.111 279.186 279.258
279.133 279.225 279.350
279.138 279.177 279.219
279.281 279.590 280.198
279.203 279.284 279.481
279.172 279.212 279.306
279.143 279.201 279.295
279.123 279.172 279.206
279.181 279.231 279.317
279.159 279.198 279.261
279.163 279.203 279.246
279.182 279.282 279.443
279.148 279.228 279.290
279.170 279.362 279.554
279.092 279.149 279.241
279.264 279.287 279.339
279.132 279.235 279.461
279.193 279.227 279.263
279.237 279.268 279.316
279.147 279.201 279.282
279.149 279.183 279.213
279.171 279.204 279.233
279.161 279.201 279.257
279.197 279.239 279.321
279.126 279.526 280.974
279.145 279.168 279.193
279.142 279.212 279.274
279.165 279.216 279.335
279.164 279.233 279.275
279.203 279.272 279.325
279.124 279.209 279.371
279.177 279.218 279.269
279.161 279.226 279.305
279.191 279.285 279.458
279.169 279.475 279.811
279.175 279.269 279.507
279.168 279.232 279.301
279.125 279.181 279.240
279.182 279.200 279.220
279.184 279.348 279.783
279.212 279.271 279.412
279.141 279.213 279.353
279.147 279.250 279.332
279.145 279.181 279.214
279.132 279.254 279.394
279.147 279.239 279.308
279.154 279.201 279.267
279.227 279.309 279.454
279.166 279.271 279.380
279.220 279.245 279.269
279.164 279.237 279.302
279.201 279.237 279.317
279.104 279.161 279.208
279.196 279.231 279.295
279.193 279.243 279.319
279.167 279.217 279.262
279.152 279.204 279.255
279.111 279.171 279.234
279.202 279.309 279.491
279.266 279.285 279.303
279.106 279.147 279.228
279.226 279.380 279.707
279.209 279.348 279.694
279.241 279.306 279.472
279.153 279.203 279.292
279.150 279.196 279.262
279.151 279.196 279.255
279.183 279.234 279.292
279.203 279.249 279.394
279.175 279.219 279.275
279.161 279.200 279.224
279.152 279.212 279.337
279.183 279.212 279.262
279.137 279.171 279.215
279.132 279.200 279.266
279.166 279.195 279.230
279.159 279.353 279.666
279.177 279.572 280.801
279.120 279.205 279.373
279.222 279.451 280.106
279.137 279.256 279.422
279.159 279.213 279.246
279.194 279.441 280.279
279.164 279.185 279.216
279.217 279.318 279.503
279.175 279.243 279.294
279.216 279.293 279.480
279.217 279.278 279.392
279.148 279.219 279.337
279.137 279.152 279.202
279.167 279.216 279.296
279.204 279.221 279.260
279.184 279.238 279.303
279.202 279.274 279.521
279.186 279.215 279.250
279.203 279.387 280.014
279.222 279.265 279.321
279.245 279.276 279.315
279.230 279.287 279.314
279.189 279.430 280.142
279.205 279.229 279.260
279.206 279.246 279.284
279.200 279.232 279.269
279.230 279.244 279.289
279.152 279.198 279.273
279.252 279.281 279.324
279.212 279.265 279.351
279.208 279.318 279.461
279.214 279.274 279.336
279.164 279.232 279.330
279.141 279.414 280.068
279.244 279.262 279.279
279.251 279.324 279.432
279.178 279.242 279.338
303.951 303.997 304.060
303.902 303.965 304.070
303.924 303.983 304.012
303.986 304.570 305.820
303.978 304.017 304.064
303.947 304.034 304.182
303.969 304.117 304.233
303.891 304.053 304.392
303.972 304.028 304.125
279.143 279.223 279.281
279.177 279.340 279.555
279.186 279.247 279.421
279.254 279.403 279.928
279.153 279.273 279.475
279.277 279.319 279.368
279.232 294.312 305.035
303.951 304.008 304.073
303.926 303.946 303.967
303.891 303.989 304.112
279.276 279.395 279.728
279.223 279.336 279.578
279.216 279.276 279.353
279.195 279.321 279.483
279.221 279.278 279.361
279.189 279.677 281.484
279.201 279.251 279.308
279.197 279.323 279.526
279.199 279.427 279.843
279.206 279.598 280.178
279.208 279.283 279.479
279.162 279.182 279.219
279.244 279.341 279.516
279.162 279.270 279.441
279.221 279.285 279.438
279.230 279.287 279.403
279.212 279.277 279.325
279.211 279.314 279.647
279.248 279.315 279.406
279.210 279.241 279.283
279.186 279.211 279.233
279.249 279.331 279.448
279.212 279.234 279.265
279.261 279.318 279.397
279.145 279.221 279.350
279.162 279.223 279.341
279.188 279.250 279.345
279.259 279.295 279.388
279.228 279.325 279.421
279.226 279.273 279.351
279.189 279.240 279.296
279.250 279.292 279.334
279.264 279.283 279.296
279.184 279.238 279.328
279.135 279.374 279.689
279.195 279.245 279.300
279.178 279.230 279.285
279.137 279.243 279.510
279.184 279.746 281.077
279.178 279.240 279.410
279.212 279.237 279.277
279.186 279.267 279.557
279.213 279.281 279.487
279.181 279.244 279.284
279.190 279.218 279.255
279.136 279.231 279.426
279.164 279.328 279.672
280.492 289.990 298.562
279.228 279.257 279.324
279.229 279.269 279.323
279.182 279.371 279.563
279.183 279.288 279.470
279.206 279.212 279.217
279.190 279.262 279.346
279.120 279.240 279.358
279.134 279.156 279.206
279.297 279.385 279.501
279.282 279.487 280.082
306.138 306.188 306.233
306.160 306.363 306.919
306.203 306.571 307.774
306.238 306.568 307.046
306.265 306.573 307.714
279.209 279.236 279.263
279.274 279.755 280.518
279.214 279.331 279.569
279.290 279.414 279.576
279.290 300.796 306.193
306.186 306.698 308.482
306.173 306.234 306.286
306.176 306.561 307.978
279.243 279.329 279.522
279.198 279.290 279.468
279.252 279.299 279.369
279.263 279.740 280.683
279.259 279.410 279.656
279.219 279.386 279.868
279.170 279.251 279.454
279.134 279.284 279.636
279.196 279.378 279.571
279.229 279.375 279.590
279.158 280.114 282.853
279.211 279.270 279.340
279.202 279.436 279.686
279.241 279.277 279.316
279.208 279.305 279.441
279.150 279.347 279.529
279.112 279.533 280.356
279.224 279.302 279.388
279.173 279.216 279.267
279.225 279.304 279.397
279.137 279.186 279.257
279.222 279.325 279.533
279.242 279.325 279.586
279.202 279.542 280.119
279.144 279.224 279.302
279.201 279.255 279.363
279.150 279.303 279.423
279.193 279.352 279.751
279.183 279.256 279.290
279.185 279.301 279.380
279.218 279.242 279.275
279.183 279.221 279.262
279.127 279.594 280.735
279.203 279.230 279.260
279.200 279.635 281.170
279.160 279.242 279.328
279.168 279.230 279.284
279.146 279.319 279.552
279.190 279.249 279.338
279.205 279.234 279.289
279.134 279.196 279.270
279.249 279.276 279.313
279.201 279.284 279.422
279.145 279.270 279.440
279.191 279.280 279.416
279.223 279.299 279.513
279.161 279.230 279.363
279.182 279.215 279.266
279.181 279.225 279.266
279.177 279.258 279.314
279.174 279.232 279.344
279.104 279.150 279.260
279.159 279.172 279.189
279.257 279.330 279.418
279.186 279.225 279.290
279.212 279.226 279.245
279.222 279.354 279.657
279.259 279.299 279.414
279.185 279.382 279.884
279.231 279.524 279.928
279.196 279.447 279.981
279.184 279.250 279.346
279.266 279.293 279.327
279.223 279.259 279.294
279.089 279.211 279.355
279.087 279.160 279.199
279.146 279.186 279.219
279.166 279.229 279.302
279.140 279.241 279.462
279.222 279.253 279.288
279.196 279.289 279.413
279.247 279.265 279.287
279.195 279.252 279.335
279.205 279.240 279.280
279.203 279.505 280.305
279.135 279.211 279.349
279.096 279.178 279.278
279.228 279.268 279.297
279.191 279.214 279.251
279.166 279.205 279.280
279.107 279.212 279.299
279.198 279.269 279.356
279.181 279.228 279.334
279.197 279.231 279.290
279.227 279.323 279.532
279.176 279.212 279.263
279.129 279.207 279.294
279.169 279.228 279.357
279.189 279.240 279.266
279.159 279.284 279.551
279.202 279.344 279.582
279.248 279.292 279.341
279.218 279.344 279.647
279.200 279.234 279.291
279.168 279.216 279.312
279.128 279.249 279.537
279.195 279.274 279.352
279.264 279.679 280.746
279.186 279.398 280.062
279.201 279.262 279.315
279.171 279.203 279.229
279.165 279.216 279.295
279.164 279.200 279.232
279.230 279.262 279.309
279.213 279.276 279.386
279.167 279.225 279.290
279.184 279.243 279.308
279.160 279.210 279.251
279.129 279.171 279.210
279.159 279.212 279.257
279.278 279.339 279.454
279.231 279.298 279.380
279.133 279.186 279.245
279.160 279.224 279.303
279.221 279.683 280.910
279.193 279.210 279.243
279.188 279.236 279.293
279.197 279.273 279.350
279.239 279.266 279.287
304.013 304.031 304.071
303.987 304.016 304.059
303.896 304.320 305.694
303.941 304.264 305.466
303.931 303.978 304.014
279.130 279.183 279.246
279.130 279.187 279.225
279.145 279.192 279.238
279.139 279.173 279.243
279.124 279.174 279.212
279.215 279.232 279.249
279.191 279.218 279.256
279.230 279.298 279.413
279.151 279.203 279.250
279.164 279.208 279.242
279.127 279.178 279.273
279.234 279.257 279.299
279.194 279.236 279.322
279.191 279.233 279.258
279.160 279.221 279.281
279.104 279.237 279.491
279.117 279.181 279.256
279.077 279.174 279.441
279.227 279.294 279.414
279.115 279.165 279.220
279.155 279.180 279.260
279.166 279.213 279.287
279.177 279.221 279.276
279.161 279.243 279.382
279.175 279.249 279.298
279.228 279.251 279.303
279.168 279.219 279.357
279.179 279.289 279.462
279.182 279.215 279.254
279.138 279.169 279.231
279.249 279.303 279.370
279.210 279.257 279.294
279.183 279.194 279.205
279.162 279.213 279.268
279.155 279.194 279.224
279.182 279.250 279.440
279.135 279.210 279.284
279.243 279.305 279.371
279.082 279.126 279.192
279.172 279.229 279.319
279.174 279.404 280.190
279.189 279.264 279.368
279.131 279.179 279.272
279.156 279.202 279.312
279.192 279.204 279.230
279.158 279.216 279.250
279.229 279.239 279.260
279.169 279.191 279.225
279.152 279.204 279.262
279.146 279.203 279.263
279.175 279.241 279.427
279.216 279.245 279.310
279.155 279.237 279.337
279.165 279.200 279.229
279.148 279.191 279.225
279.131 279.188 279.231
279.143 279.187 279.259
279.238 279.271 279.329
279.186 279.240 279.400
279.149 279.187 279.233
279.186 279.225 279.278
279.144 279.178 279.198
279.182 279.222 279.271
279.255 279.480 279.956
279.194 279.269 279.389
279.175 279.200 279.228
279.165 279.203 279.254
279.177 279.214 279.271
279.143 279.237 279.325
279.181 279.195 279.217
279.136 279.194 279.272
279.183 279.230 279.286
279.128 279.173 279.258
279.123 279.167 279.192
279.125 279.166 279.236
279.161 279.194 279.217
279.094 279.193 279.266
279.108 279.144 279.169
279.200 279.308 279.560
279.177 279.216 279.241
279.161 279.228 279.269
279.151 279.218 279.267
279.143 279.167 279.189
279.151 279.416 280.200
279.143 279.157 279.178
279.161 279.188 279.205
279.158 279.205 279.286
279.158 279.259 279.483
279.197 279.252 279.300
279.098 279.297 279.793
279.171 279.204 279.264
279.165 279.202 279.230
279.164 279.195 279.219
279.140 279.173 279.191
279.161 279.204 279.291
279.241 279.267 279.316
279.142 279.201 279.253
279.126 279.168 279.210
279.100 279.137 279.202
279.145 279.186 279.250
279.135 279.189 279.248
279.174 279.285 279.623
279.165 279.181 279.203
279.194 279.238 279.361
279.193 279.229 279.263
279.146 279.182 279.203
279.161 279.207 279.239
279.153 279.185 279.272
279.163 279.219 279.372
279.108 279.244 279.695
279.114 279.234 279.338
279.178 279.210 279.235
279.214 279.226 279.253
279.123 279.200 279.235
279.104 279.169 279.218
279.094 279.199 279.341
279.202 279.230 279.287
279.145 279.188 279.212
279.194 279.237 279.322
279.178 279.225 279.282
279.175 279.223 279.317
279.114 279.441 279.879
279.155 279.200 279.247
279.125 279.170 279.225
279.094 279.281 279.764
279.135 279.179 279.237
279.089 279.118 279.147
279.176 279.201 279.231
279.187 279.253 279.377
279.235 279.283 279.331
279.243 279.320 279.412
279.149 279.187 279.249
279.141 279.180 279.222
279.171 279.188 279.216
279.181 279.284 279.335
279.180 279.231 279.300
279.202 279.253 279.329
279.185 279.254 279.326
279.254 279.355 279.707
279.176 279.269 279.590
279.198 279.249 279.369
279.133 279.205 279.251
279.172 279.421 280.229
279.182 279.407 280.247
279.200 279.226 279.297
279.093 279.356 280.049
279.145 279.196 279.238
279.172 279.188 279.221
279.224 279.250 279.283
279.168 279.229 279.302
279.157 279.250 279.405
279.169 279.239 279.458
279.196 279.219 279.240
279.162 279.203 279.254
279.108 279.180 279.314
279.143 279.202 279.223
279.191 279.226 279.287
279.186 279.250 279.402
279.122 279.175 279.222
279.151 279.193 279.235
279.192 279.211 279.232
279.163 279.194 279.271
279.181 279.299 279.648
279.151 279.219 279.289
279.223 279.414 280.098
279.187 279.281 279.390
279.219 279.248 279.277
279.192 279.341 279.876
279.257 279.454 279.793
279.110 279.150 279.173
279.123 279.180 279.232
279.154 279.206 279.291
279.194 279.241 279.317
279.145 279.196 279.228
279.144 279.248 279.406
279.155 279.206 279.270
279.194 279.205 279.222
279.199 279.271 279.492
279.206 279.266 279.333
279.135 279.193 279.270
279.201 279.213 279.237
279.163 279.198 279.249
279.160 279.216 279.286
279.193 279.259 279.304
279.159 279.218 279.307
279.171 279.185 279.215
279.150 279.172 279.197
279.239 279.247 279.263
279.084 279.144 279.200
279.141 279.217 279.310
279.142 279.161 279.175
279.097 279.192 279.302
279.138 279.192 279.243
279.127 279.185 279.318
279.158 279.185 279.222
279.137 279.170 279.219
279.152 279.188 279.228
279.164 279.242 279.471
279.143 279.230 279.331
279.185 279.212 279.239
279.163 279.200 279.242
279.227 279.310 279.481
279.182 279.253 279.298
279.136 279.175 279.230
279.192 279.265 279.363
279.226 279.269 279.374
279.200 279.226 279.282
279.150 279.177 279.217
279.185 279.209 279.254
279.139 279.174 279.232
279.207 279.238 279.297
279.123 279.181 279.284
279.125 279.162 279.233
346.835 346.857 346.885
279.235 333.446 347.495
279.133 279.152 279.168
279.159 279.208 279.284
279.193 279.208 279.231
279.170 279.191 279.219
279.151 279.210 279.297
279.141 279.167 279.214
279.108 279.241 279.547
279.187 279.213 279.266
279.219 279.230 279.240
279.146 279.223 279.311
279.169 279.193 279.215
279.228 279.261 279.309
279.245 279.312 279.513
279.212 279.257 279.318
279.198 279.224 279.243
279.157 279.189 279.222
279.245 279.281 279.321
279.203 279.435 280.245
279.217 279.263 279.329
279.193 279.231 279.284
279.222 279.413 280.130
279.146 279.208 279.270
279.144 279.184 279.234
279.171 279.229 279.314
279.150 279.361 279.863
279.184 279.505 280.166
279.202 279.225 279.244
279.120 279.170 279.211
279.129 279.176 279.217
279.224 279.261 279.285
279.204 279.254 279.330
279.133 279.211 279.265
279.159 279.253 279.309
279.201 279.248 279.297
279.188 279.230 279.285
279.156 279.198 279.242
279.124 279.229 279.480
279.174 279.229 279.267
279.163 279.318 279.819
279.163 279.225 279.292
279.113 279.162 279.255
279.209 279.243 279.267
279.140 279.180 279.222
279.184 279.237 279.331
279.228 279.335 279.611
279.188 279.259 279.373
279.187 279.245 279.298
279.154 279.187 279.219
279.202 279.252 279.354
279.202 279.246 279.299
279.163 279.207 279.274
279.177 279.218 279.256
279.226 279.245 279.265
279.238 279.278 279.352
279.158 279.253 279.320
279.200 279.255 279.364
279.177 279.419 280.149
279.191 279.225 279.290
279.195 279.224 279.276
279.128 279.235 279.325
279.177 279.269 279.486
279.160 279.199 279.258
279.209 279.257 279.317
279.137 279.293 279.680
279.179 279.281 279.552
279.200 279.226 279.261
279.203 279.250 279.296
279.185 279.209 279.264
279.181 279.214 279.241
279.145 279.201 279.231
279.131 279.615 280.425
279.197 279.265 279.345
279.213 279.284 279.375
279.208 279.234 279.288
279.227 279.304 279.457
