210.758 212.644 214.635
211.235 214.267 220.048
211.584 213.907 216.919
210.995 211.410 211.784
210.864 212.935 214.725
211.635 212.438 214.791
210.933 212.213 213.452
211.858 212.766 214.819
211.445 212.828 213.803
211.320 212.423 213.497
210.990 213.010 214.833
211.821 212.612 213.833
210.883 212.684 216.416
210.727 211.673 213.459
212.412 213.742 215.415
210.786 211.648 213.498
210.687 211.826 213.185
209.712 212.133 214.046
210.761 213.062 215.310
210.615 213.446 218.210
211.524 212.681 214.688
210.748 211.456 213.486
211.003 212.210 213.582
210.994 212.962 216.457
210.677 212.731 214.619
211.369 212.661 214.701
210.772 212.747 213.680
210.746 211.549 211.837
210.585 211.747 213.057
210.754 211.682 212.466
210.754 211.210 211.929
211.374 212.397 214.934
210.954 212.416 215.268
210.761 212.489 215.581
210.949 212.158 214.913
210.723 212.539 217.019
210.960 212.631 215.718
210.887 211.639 213.436
211.046 211.821 213.230
210.714 211.239 211.614
210.920 212.291 213.515
211.527 212.466 214.743
211.052 212.844 214.986
210.733 211.378 211.828
211.416 211.909 212.305
210.887 213.381 220.558
209.634 212.524 216.961
210.710 211.281 211.858
210.859 211.408 211.889
211.650 213.736 214.894
211.679 212.834 215.162
210.819 211.516 211.884
211.463 212.586 214.749
210.825 212.459 215.057
210.595 211.649 213.319
210.908 211.533 212.158
211.463 212.820 215.742
211.516 212.771 217.031
211.085 212.627 215.450
211.244 212.971 217.050
211.050 211.570 211.953
211.016 213.989 216.802
210.877 211.314 211.952
210.794 212.049 213.391
210.878 211.710 212.023
210.928 212.742 215.209
210.843 211.933 213.584
210.935 212.154 213.416
211.641 212.951 216.236
211.415 212.246 213.323
210.831 211.222 211.731
210.953 211.762 213.424
211.406 212.094 213.533
210.818 213.745 216.853
211.341 213.570 217.116
210.778 212.993 217.081
210.870 211.903 213.494
210.993 211.808 212.457
210.902 211.730 213.461
211.240 213.283 215.493
211.900 213.181 213.790
210.800 213.448 216.487
211.302 211.861 213.143
210.859 212.496 214.597
211.331 212.404 213.474
210.996 213.044 216.110
211.522 213.157 216.973
211.290 212.073 213.531
210.732 212.337 214.741
211.582 212.561 214.007
211.569 212.179 213.510
211.262 212.313 213.649
211.035 212.249 213.619
211.835 212.947 213.894
210.939 211.656 212.051
210.979 212.476 215.329
211.095 212.455 214.953
211.384 212.121 213.692
210.978 211.544 212.053
210.736 212.228 216.440
211.500 212.367 213.794
211.035 212.310 213.795
211.764 212.738 213.541
210.831 211.868 213.715
210.803 211.796 213.430
212.068 212.998 213.673
212.699 213.890 216.418
211.823 213.173 214.640
210.793 211.326 212.162
210.998 211.811 213.730
211.634 211.790 212.129
210.401 212.545 213.653
211.080 211.986 213.620
211.560 212.407 213.456
211.255 212.748 213.721
210.845 212.114 215.186
211.383 212.781 214.356
211.054 213.882 217.776
211.445 211.835 212.531
211.317 212.962 215.741
211.135 212.625 214.452
210.951 212.260 213.690
210.756 213.476 217.310
210.923 212.238 215.403
210.953 212.074 214.151
212.049 214.300 221.310
211.265 212.519 213.596
211.185 212.269 212.776
211.022 211.897 213.292
211.014 212.032 213.515
209.954 212.511 215.598
211.192 212.456 213.512
210.874 212.146 213.592
211.412 213.214 218.635
211.871 212.724 213.380
210.905 212.376 214.030
211.925 214.346 222.319
211.715 213.961 215.884
211.907 213.570 214.804
211.641 213.093 214.844
210.852 212.312 216.145
211.831 212.542 213.380
211.534 212.949 213.650
211.013 212.734 213.627
211.090 214.774 221.613
211.455 217.436 237.986
211.492 212.866 215.746
210.965 227.020 242.887
212.023 247.435 277.826
211.938 213.652 215.456
211.277 211.680 212.132
211.022 212.798 216.030
211.576 212.301 213.913
211.782 213.290 217.001
211.080 211.813 212.675
211.176 212.664 213.690
211.245 212.933 213.657
0 0 0
212.135 214.710 216.395
211.145 213.480 215.682
211.421 212.802 214.725
0 0 0
0 0 0
211.567 211.567 211.567
0 0 0
0 0 0
213.785 217.440 222.831
0 0 0
210.918 215.841 224.154
0 0 0
0 0 0
212.121 213.713 218.912
0 0 0
0 0 0
231.735 231.735 231.735
227.124 229.926 232.763
0 0 0
212.274 214.827 217.696
0 0 0
212.068 212.355 212.642
218.607 220.733 225.025
211.487 213.652 215.123
212.113 213.463 217.541
212.631 214.065 217.072
212.192 213.124 214.057
211.189 212.479 214.754
211.591 213.370 214.351
211.161 212.928 215.717
212.994 213.887 215.132
211.382 211.658 211.954
211.327 213.039 214.773
211.611 211.984 212.421
212.053 212.737 213.551
211.681 212.662 213.929
211.671 212.865 214.386
211.139 211.800 212.699
211.617 213.839 221.642
211.139 211.935 212.676
211.486 213.184 216.525
213.115 214.870 217.806
211.798 212.811 214.387
211.169 213.385 215.677
211.249 213.961 216.431
211.701 214.199 215.091
211.507 215.149 222.515
211.664 213.492 215.819
210.452 211.625 212.266
211.903 212.531 214.242
212.097 213.719 214.439
211.189 212.734 214.513
211.275 212.640 213.306
211.155 212.775 214.567
211.380 213.805 217.413
211.859 212.559 213.337
211.111 213.127 214.783
211.193 214.573 222.579
211.485 214.330 219.172
212.004 212.939 214.061
211.028 212.240 214.513
212.191 212.896 213.750
211.875 212.841 214.276
211.392 214.575 221.742
211.597 213.887 216.519
213.289 214.966 217.182
212.517 213.371 213.776
211.559 213.695 215.579
211.069 211.801 213.425
210.902 212.605 215.143
211.011 212.658 214.041
211.351 217.097 226.380
211.532 213.687 216.975
212.933 213.816 214.457
211.613 213.179 214.117
213.013 216.743 222.874
211.686 213.000 213.799
211.263 212.344 213.617
212.508 213.336 215.411
212.472 213.330 214.637
212.836 216.559 227.299
212.181 213.964 215.774
212.891 216.341 224.896
212.765 214.590 216.916
212.008 213.588 216.712
210.939 212.152 213.902
210.978 216.578 229.944
211.705 212.689 213.755
211.653 213.501 217.080
212.367 215.404 224.251
211.252 212.237 213.579
210.967 212.567 214.216
210.934 212.185 213.946
211.717 215.065 222.695
211.837 215.174 222.876
211.683 214.615 223.393
211.296 213.682 217.653
211.262 213.111 216.543
211.493 212.932 216.806
211.298 212.789 214.324
211.511 213.561 217.042
212.059 214.159 216.959
211.413 213.285 217.538
210.971 211.989 213.786
211.384 213.233 216.723
211.213 215.872 224.217
211.704 213.002 215.817
211.052 212.698 214.848
210.969 212.542 213.825
212.521 215.871 219.757
211.132 212.800 214.324
210.998 212.694 215.528
211.479 213.401 214.878
211.591 213.637 216.764
211.015 211.809 213.329
212.159 213.801 216.939
213.461 214.027 215.079
211.011 212.788 213.885
211.653 213.046 214.397
210.335 211.977 213.495
211.064 212.270 213.738
211.175 213.409 215.459
211.901 212.445 213.892
211.304 212.554 215.617
211.179 213.301 215.836
210.999 212.268 213.981
211.213 215.491 229.919
210.934 214.202 222.064
211.975 212.693 213.781
211.152 212.497 213.982
211.203 213.117 216.544
211.290 213.559 218.243
211.116 212.009 213.498
212.065 214.041 217.448
211.056 213.016 217.935
211.096 212.248 214.823
211.070 212.813 214.107
211.101 212.493 213.931
211.016 211.801 212.483
211.705 212.384 214.388
211.090 211.988 213.574
211.629 212.341 214.137
211.179 214.816 222.045
211.049 212.856 214.245
211.660 212.875 213.994
211.125 213.199 218.985
211.102 213.800 217.601
211.110 211.836 212.700
211.897 213.835 216.762
211.412 214.674 217.370
211.018 213.385 216.191
211.840 212.874 213.663
211.531 213.403 216.514
210.965 211.814 213.522
211.848 213.375 215.299
211.830 212.841 213.897
212.296 212.470 212.956
211.368 212.599 213.977
211.450 218.689 238.077
211.166 213.286 217.129
211.457 212.011 213.111
211.467 212.728 213.935
210.863 212.602 213.610
211.790 212.333 213.028
211.515 212.571 213.794
212.073 213.327 214.360
211.015 211.934 213.592
211.001 212.495 213.814
213.786 214.477 215.184
211.592 213.412 216.929
211.775 212.745 214.060
211.134 213.130 214.449
210.945 213.359 215.522
211.060 212.767 216.234
211.146 213.313 217.539
211.733 213.209 215.253
211.001 213.722 216.221
211.621 213.033 214.082
210.943 211.615 213.687
228.764 233.471 237.506
212.181 215.903 220.071
211.117 215.422 218.174
214.378 220.479 227.126
212.066 216.867 225.721
213.890 218.324 220.774
211.001 212.826 214.643
211.103 211.609 212.233
211.328 212.292 214.107
211.251 211.671 212.067
211.439 212.624 213.516
211.443 215.856 223.463
211.096 212.350 213.897
211.475 212.645 213.837
211.788 212.811 214.267
211.010 212.861 215.625
211.426 212.117 213.399
212.068 216.563 228.755
211.609 212.774 214.807
212.144 213.581 215.264
211.876 212.725 215.247
211.068 211.999 212.922
210.798 213.607 220.673
211.491 213.206 216.288
211.813 213.420 215.112
211.519 212.978 215.188
211.181 213.099 214.451
211.084 213.168 215.351
211.306 212.559 215.938
211.214 211.603 212.052
211.390 217.960 226.975
211.967 214.074 216.051
210.800 212.183 213.697
211.121 214.226 217.096
211.185 212.819 214.115
211.140 214.038 216.241
211.936 216.327 230.443
211.160 212.932 214.179
211.792 214.019 216.539
211.639 212.827 215.270
211.848 216.310 224.955
211.350 212.127 213.403
211.430 214.014 218.081
211.235 212.354 213.206
212.222 213.155 213.737
211.856 212.574 213.475
213.171 213.860 214.971
211.803 213.142 215.020
212.428 214.010 215.097
211.373 213.257 216.164
213.295 215.491 217.576
211.839 213.477 216.306
211.449 212.381 213.946
212.767 214.163 216.229
212.029 214.119 217.970
212.683 214.929 219.957
212.780 214.046 217.176
213.069 214.975 217.472
211.832 213.560 214.360
211.339 212.298 214.084
211.060 212.401 214.421
212.930 213.871 214.674
211.502 212.165 212.933
211.047 212.176 213.514
211.117 212.219 213.768
211.165 213.156 215.981
211.303 211.775 212.649
212.465 214.194 217.135
211.185 212.551 214.224
211.273 212.123 212.785
211.189 213.790 217.755
211.315 212.759 214.306
211.913 213.148 214.829
211.827 213.940 216.117
211.735 213.178 214.624
212.158 213.386 215.864
212.472 213.205 214.184
211.440 212.158 213.946
211.159 212.893 215.255
211.647 212.339 213.781
212.280 215.992 225.640
211.125 212.128 213.548
213.733 214.288 215.408
210.956 211.916 213.658
211.332 213.741 215.565
211.499 213.382 215.204
211.663 214.873 218.623
212.336 213.953 216.398
211.215 213.010 216.639
211.931 213.328 215.453
212.073 213.898 217.545
211.276 213.339 215.350
210.413 216.239 231.785
212.549 214.747 216.832
212.966 214.035 215.016
211.427 213.127 215.561
211.119 212.301 213.929
211.404 214.152 219.358
211.204 211.592 212.382
211.169 213.147 215.562
211.810 213.604 217.602
211.074 212.530 215.937
211.228 213.356 215.310
212.053 214.410 219.075
211.187 212.412 214.686
210.940 211.105 211.426
211.541 212.717 213.807
211.958 226.488 241.131
211.022 212.763 215.626
211.612 212.638 213.938
211.148 212.181 213.803
211.100 211.976 213.513
211.554 212.371 213.654
211.133 213.718 215.437
211.433 212.445 213.685
211.695 211.994 212.285
211.537 212.577 215.112
211.665 213.598 217.123
210.956 212.718 215.497
211.406 214.047 217.665
211.466 212.706 214.227
211.888 213.018 214.465
211.576 212.653 215.646
211.098 212.436 213.945
210.768 212.697 215.920
211.383 215.094 227.293
211.231 212.037 213.417
211.914 212.243 213.436
211.771 212.890 214.829
211.041 212.723 217.542
210.718 211.551 213.382
210.878 211.757 212.610
211.593 212.726 215.939
211.258 213.440 216.406
211.689 213.588 215.118
210.872 212.776 215.293
211.008 211.719 212.060
210.862 212.138 214.351
211.017 212.729 215.184
210.765 212.196 214.962
211.038 212.149 213.918
211.757 213.608 216.515
211.674 212.211 213.210
210.959 212.105 213.578
210.873 213.084 217.165
210.965 211.695 213.943
211.019 212.081 213.668
209.973 212.871 215.132
211.087 212.524 213.903
211.309 214.969 218.726
210.719 212.423 213.742
210.844 212.650 215.660
210.747 213.638 218.360
211.547 212.595 213.477
211.509 212.620 213.956
211.165 212.205 213.733
211.154 212.268 213.458
211.515 213.478 216.523
211.316 212.769 217.250
211.711 212.218 213.568
211.674 212.245 213.713
210.939 212.148 213.628
211.540 214.677 224.059
211.410 212.591 215.200
210.935 212.677 214.265
211.079 212.811 215.851
210.965 211.482 211.849
210.895 212.286 214.469
211.054 212.282 214.500
211.234 212.085 213.640
211.306 213.731 218.170
211.078 211.452 211.864
211.089 212.575 214.211
210.872 212.888 213.683
210.969 211.781 213.705
211.464 212.034 213.602
211.305 213.745 217.515
211.172 212.823 215.224
211.146 212.754 215.302
211.096 212.752 216.888
210.708 211.818 214.993
211.068 213.210 216.553
211.741 212.552 213.879
211.713 212.601 213.682
211.820 212.961 213.670
211.049 213.212 215.543
211.631 213.166 215.012
211.072 213.005 217.392
209.789 211.985 213.966
210.725 211.352 212.276
211.113 212.394 213.427
211.007 213.183 217.823
211.912 213.358 217.046
210.805 212.309 213.864
210.942 211.253 211.780
211.217 212.356 214.743
210.843 211.799 213.630
211.210 212.928 214.718
211.643 213.138 216.839
211.046 212.170 212.763
210.812 212.644 216.484
210.924 211.912 213.029
211.785 213.043 215.381
211.382 212.601 214.023
211.796 213.477 214.812
211.884 213.227 215.292
210.996 211.769 212.503
210.989 212.443 214.451
211.546 212.781 215.103
211.040 212.153 213.451
210.998 212.677 215.103
210.814 212.336 213.943
211.062 212.704 213.884
211.810 212.971 216.939
210.826 212.304 213.865
211.674 212.623 213.987
211.403 212.664 214.073
211.480 212.576 213.860
211.195 211.553 212.129
212.086 213.080 214.172
212.326 214.501 217.431
210.890 213.590 219.461
211.919 212.801 214.059
211.290 212.661 214.018
212.339 213.357 214.212
211.005 212.176 214.012
211.632 212.919 214.302
211.178 212.050 212.501
211.125 211.552 212.527
211.374 211.918 212.299
211.483 218.678 238.710
211.202 211.585 212.491
212.370 213.661 215.763
212.241 214.545 217.834
210.599 212.251 214.398
211.688 212.492 214.439
210.930 211.977 213.761
211.715 213.881 216.892
211.282 213.553 217.979
211.200 213.750 219.223
211.188 212.632 216.235
211.928 214.669 217.489
211.801 212.816 214.163
211.385 212.498 213.617
211.388 213.695 217.321
211.389 213.416 216.308
211.845 212.449 213.563
211.938 212.941 213.946
212.053 213.318 215.693
211.339 213.520 215.619
211.756 213.000 215.575
211.242 213.024 215.523
211.736 212.189 213.528
211.215 212.993 214.114
211.683 214.023 216.539
213.390 214.611 215.686
211.184 212.377 215.167
211.120 212.573 214.066
211.331 212.979 215.853
212.404 213.125 213.570
211.257 212.614 215.802
211.056 211.832 212.417
212.215 213.304 213.948
211.617 212.510 213.648
212.101 213.252 214.783
210.892 212.094 214.903
211.163 212.733 214.805
210.470 211.233 212.036
211.773 212.697 213.756
211.954 213.470 214.971
211.754 213.085 214.615
211.113 212.956 215.532
211.724 213.097 214.729
210.971 212.278 213.486
210.775 212.005 213.641
211.626 214.004 218.840
210.846 212.825 214.055
211.164 212.233 214.147
210.944 212.034 213.705
211.099 213.295 215.558
210.870 212.445 215.671
211.598 212.474 215.009
210.868 212.471 214.148
211.577 212.683 213.820
212.405 213.448 213.896
211.217 212.186 215.285
211.344 212.164 213.646
211.100 212.504 213.713
211.454 212.571 213.854
210.917 212.197 213.884
211.120 213.401 215.791
211.193 212.747 217.598
211.304 212.598 213.905
210.883 211.705 213.536
210.499 211.286 212.245
211.502 212.315 213.804
211.410 212.039 213.306
211.322 213.211 217.618
211.978 212.696 213.613
211.216 212.720 215.488
211.377 212.264 214.102
211.742 213.745 215.252
211.480 212.770 213.786
211.155 211.791 212.368
210.945 213.636 216.942
210.936 211.730 213.970
211.133 212.292 213.518
210.902 212.124 214.289
210.914 213.486 217.961
211.078 212.590 214.489
210.804 212.069 213.538
211.646 213.591 217.248
210.985 212.003 213.448
211.736 213.340 214.962
211.528 212.506 214.262
211.001 212.307 216.055
210.711 212.217 214.468
210.966 211.983 213.495
211.112 211.696 211.958
210.846 213.153 216.121
210.811 212.207 213.723
210.899 212.387 214.771
210.931 212.543 215.144
211.318 212.986 216.260
211.226 212.816 214.104
210.869 212.872 216.451
210.976 212.536 215.384
210.706 212.263 213.782
211.114 213.031 215.373
211.066 212.516 214.253
210.850 212.856 214.649
211.777 213.293 215.143
211.839 213.053 214.768
211.431 213.416 217.136
211.278 211.437 211.839
211.065 212.734 215.685
211.838 212.815 214.651
211.194 211.966 213.419
211.830 212.368 213.315
211.563 212.130 213.518
210.726 212.280 215.587
211.007 213.468 214.788
210.952 213.873 219.591
210.963 212.159 213.360
211.653 213.917 217.026
211.595 212.875 213.602
210.327 211.064 211.546
210.977 211.836 213.540
211.513 212.352 213.579
211.688 213.714 215.611
210.952 212.422 213.523
210.988 211.978 213.231
210.933 211.672 213.567
210.826 211.766 213.302
211.117 212.614 215.142
211.451 211.662 212.064
211.341 214.177 217.174
211.406 212.973 216.408
211.423 212.481 213.738
210.916 212.088 213.407
210.911 211.373 212.021
211.643 212.693 213.859
210.773 213.237 214.793
211.221 212.149 213.509
210.719 211.213 211.810
210.732 212.541 215.325
211.586 212.769 215.285
211.351 211.943 213.494
210.814 213.206 214.511
210.893 212.563 216.269
211.645 212.820 213.602
210.982 212.541 216.739
210.912 211.886 213.547
210.974 212.754 216.820
211.577 212.523 213.631
210.614 211.273 213.287
210.787 212.027 215.561
211.002 211.451 212.094
210.724 211.387 211.772
210.794 214.026 216.953
211.468 213.063 213.529
211.361 213.804 216.484
211.455 213.062 215.366
210.727 211.613 213.374
210.593 211.842 213.542
210.677 212.559 214.970
211.280 214.130 216.878
210.818 212.603 215.530
210.796 212.092 216.135
211.330 212.577 214.875
210.843 211.806 213.374
210.755 212.038 214.980
210.716 212.356 214.780
210.764 211.585 213.127
211.052 211.416 211.829
210.949 212.102 213.326
210.857 211.400 212.219
210.843 212.023 214.828
210.705 212.218 215.228
210.670 212.000 214.853
210.769 211.942 213.805
210.768 212.136 213.587
210.660 212.071 214.226
210.858 211.748 213.239
210.620 211.566 213.213
211.497 212.341 213.653
210.835 211.761 213.433
210.837 213.116 216.963
210.855 212.828 214.229
211.333 212.605 215.575
211.859 213.179 214.978
211.237 211.919 213.572
210.816 211.744 213.745
210.811 212.901 213.546
211.259 212.107 214.530
210.756 211.995 214.466
211.813 213.030 214.818
210.933 211.333 211.639
211.598 212.705 213.558
210.866 211.896 213.078
210.591 211.888 214.265
210.937 212.581 214.669
210.670 211.111 211.536
210.793 211.792 213.244
210.791 211.609 213.422
213.179 213.809 214.940
210.734 211.492 213.460
211.551 212.910 214.578
210.646 213.954 221.145
211.099 211.563 211.800
210.998 211.810 213.366
211.410 211.882 213.501
226.950 229.233 231.002
223.915 225.062 226.058
223.657 224.903 225.943
222.640 224.568 225.298
223.533 224.229 224.900
222.522 223.927 226.417
222.971 224.728 226.550
224.935 225.463 226.817
223.433 224.590 225.811
223.002 224.815 225.971
223.031 224.552 225.690
224.711 225.178 226.277
224.975 225.119 225.359
223.284 224.607 225.082
223.534 224.578 226.876
223.183 223.910 225.627
221.304 224.201 225.030
223.092 224.835 226.284
210.798 211.502 213.448
210.574 212.253 213.986
210.860 212.414 213.539
211.161 212.327 213.646
210.988 211.888 213.060
210.522 212.108 214.964
210.596 211.489 212.845
210.915 211.760 213.751
210.797 211.774 213.539
210.796 211.610 213.527
210.957 211.523 213.516
211.063 212.023 214.509
210.959 213.000 214.888
210.879 211.865 212.900
210.629 211.680 213.093
211.009 211.354 212.047
210.752 211.947 213.707
210.861 212.955 213.676
211.030 212.116 213.753
210.761 212.528 213.918
211.077 211.582 212.254
211.160 212.916 213.900
210.796 211.592 213.675
210.614 211.834 213.869
210.481 211.817 213.004
210.613 211.577 213.572
211.342 214.139 221.976
210.616 211.646 214.394
211.194 213.110 214.837
212.810 213.888 214.949
211.045 213.006 217.257
210.523 212.511 214.913
210.977 213.062 214.791
210.806 212.399 214.229
210.924 213.943 223.207
210.530 211.169 212.527
210.748 211.821 213.201
211.237 212.761 214.693
210.854 212.330 213.703
210.848 211.178 211.692
210.930 212.130 213.943
210.902 211.614 213.328
212.820 213.451 213.900
210.630 212.268 213.385
210.623 211.931 213.842
211.461 212.460 213.774
210.323 212.178 213.732
210.533 212.271 213.761
210.670 212.500 214.071
210.944 212.922 214.216
210.626 211.752 213.428
210.917 211.080 211.543
210.755 211.435 212.858
210.770 211.204 211.822
211.023 211.485 212.378
210.807 212.043 213.166
210.676 211.969 212.677
210.645 212.219 215.544
210.503 210.980 211.372
210.893 212.555 214.135
210.996 212.529 213.596
210.728 211.810 213.816
210.739 211.488 214.055
210.695 210.978 211.287
212.104 212.890 213.651
210.809 212.759 214.835
210.654 212.908 217.707
210.504 211.593 213.596
210.555 212.315 213.788
210.697 211.499 213.809
210.713 211.927 213.386
210.848 211.460 212.655
210.874 212.286 214.153
210.463 211.726 213.094
210.902 213.105 214.962
210.597 212.476 213.701
211.256 214.740 220.286
210.750 212.349 213.791
210.914 211.980 213.530
210.761 211.228 211.571
210.307 211.756 213.364
210.883 211.645 212.366
210.860 212.467 213.821
210.790 211.609 212.996
210.417 212.478 215.089
210.792 211.860 213.769
210.904 213.063 214.247
210.822 212.037 213.563
210.896 212.040 214.945
211.179 212.056 213.772
211.072 212.186 213.571
211.005 212.083 213.673
210.596 211.208 212.082
211.190 211.704 212.434
210.991 211.976 213.062
210.745 211.631 213.749
210.405 211.858 214.923
210.897 212.606 215.059
211.891 212.528 213.391
210.736 212.418 213.883
210.414 211.893 213.781
210.381 211.997 214.911
210.657 212.142 213.599
211.009 211.934 212.777
210.535 211.431 213.651
211.014 212.505 214.774
210.526 212.163 213.926
211.341 216.654 233.392
210.817 211.820 214.089
210.558 211.862 213.691
210.914 212.916 214.164
211.044 211.938 213.306
210.893 211.792 214.080
210.370 211.800 213.383
210.917 212.591 213.685
210.843 211.066 211.417
210.826 211.729 213.461
211.075 212.437 214.210
211.413 212.826 213.765
210.800 212.368 213.769
210.383 211.002 211.621
210.482 211.388 213.414
211.058 211.811 214.222
212.854 213.534 214.888
210.819 211.950 213.261
212.318 213.202 213.686
210.485 211.489 212.886
210.894 211.911 213.448
211.100 212.533 213.617
210.966 212.648 214.165
210.920 211.586 213.276
210.808 211.876 214.914
210.790 212.430 213.782
210.936 211.821 213.200
210.973 211.554 213.129
210.766 211.900 213.676
210.555 211.836 213.354
210.556 210.989 211.477
210.576 211.355 212.938
210.547 211.824 214.047
210.747 212.869 215.551
210.472 212.345 213.555
212.851 213.460 214.108
210.650 211.933 214.906
210.949 211.221 211.651
210.450 211.092 213.037
210.679 212.454 215.004
210.348 211.217 212.135
210.885 211.767 213.249
211.319 212.464 213.535
210.924 212.527 214.126
211.303 212.478 214.092
210.610 214.041 220.272
211.041 212.154 213.960
210.841 212.249 213.453
210.893 212.605 213.714
210.630 211.551 212.810
210.877 212.054 213.667
211.208 212.077 213.785
211.216 216.212 232.797
211.684 213.656 215.226
211.206 212.266 213.323
211.333 212.135 213.627
210.821 211.779 213.351
211.322 212.881 214.241
210.494 211.598 213.138
210.480 211.674 213.825
210.726 211.787 213.790
210.674 211.040 211.596
211.188 211.887 213.637
210.861 211.252 211.524
210.918 215.715 225.894
210.728 211.521 214.088
210.936 212.439 214.319
210.717 212.036 213.267
210.978 212.018 213.438
210.834 211.385 212.299
210.982 211.875 212.993
210.761 212.329 214.176
210.650 211.255 212.370
210.774 211.039 211.467
211.438 212.530 214.977
210.757 216.268 233.091
210.792 212.038 215.131
211.077 212.669 217.177
210.711 211.754 214.834
211.214 212.885 214.458
211.806 213.145 214.529
210.668 211.476 213.722
212.513 213.430 214.334
211.213 213.448 221.493
210.833 212.205 214.150
210.853 212.149 213.872
211.287 212.557 213.837
211.117 212.121 213.823
220.110 221.889 224.499
232.937 239.096 249.500
210.989 211.251 211.415
210.731 211.931 213.853
210.914 211.792 213.506
213.797 217.887 221.784
211.888 212.685 214.361
211.266 212.101 213.723
211.762 213.180 215.729
210.956 212.212 213.217
216.139 218.254 219.676
224.344 229.676 232.365
223.266 227.514 231.094
216.295 227.309 238.861
212.399 219.594 229.200
211.104 216.003 221.721
212.149 216.440 222.616
211.114 213.564 214.968
239.121 239.922 241.275
222.436 224.446 226.041
0 0 0
228.917 233.453 238.191
211.678 212.864 214.752
210.838 212.330 213.855
210.921 212.314 213.856
210.688 212.528 214.539
210.695 211.274 212.038
211.224 212.502 213.628
210.950 211.679 213.267
210.772 212.348 213.592
211.239 212.517 213.601
210.671 211.985 214.453
211.106 211.969 213.210
210.773 212.500 215.005
211.226 212.554 213.951
211.143 213.486 218.789
211.516 213.305 214.361
211.442 212.599 213.755
211.387 213.003 214.785
211.154 211.596 212.225
211.093 211.666 212.586
210.953 211.797 213.602
211.946 213.730 214.953
210.906 212.077 213.421
210.796 212.112 214.073
210.753 211.543 213.110
211.542 212.728 213.749
210.856 211.902 213.961
211.285 212.833 213.841
211.490 212.631 214.230
211.181 211.729 212.391
210.914 212.498 214.956
210.699 212.355 214.154
210.923 212.710 214.913
210.769 211.956 214.416
210.856 213.346 214.500
211.138 211.516 212.073
210.902 212.243 214.564
211.228 212.998 214.212
210.793 214.360 218.776
211.554 212.591 214.121
210.984 212.006 212.734
211.186 212.287 214.116
211.110 212.043 213.654
211.357 212.399 213.924
211.005 212.176 213.804
211.356 212.781 215.688
211.824 212.987 214.041
211.143 212.567 214.126
210.961 211.789 212.765
211.870 214.751 221.544
211.057 212.660 213.999
211.013 212.390 213.828
210.713 212.684 213.590
211.184 212.791 214.729
211.714 213.308 213.936
211.193 211.661 212.247
210.882 213.460 219.400
211.839 213.340 214.434
211.499 211.937 212.801
211.584 212.621 215.007
210.821 215.669 227.711
210.841 211.771 214.049
211.216 212.792 214.362
210.722 212.074 215.225
211.077 211.923 212.992
211.218 212.599 215.060
210.864 212.934 216.818
211.521 213.143 214.200
210.650 212.300 215.376
211.151 213.402 215.811
210.981 213.611 222.344
211.132 212.419 214.975
211.110 212.342 214.407
210.918 212.518 215.144
210.976 212.239 214.220
210.664 212.550 214.449
210.961 211.879 213.319
211.623 212.555 213.848
210.762 211.855 213.709
210.601 212.343 213.820
211.196 211.412 211.924
210.973 212.563 213.961
211.550 213.438 215.045
211.276 212.317 214.310
211.027 213.120 214.658
211.143 211.938 213.805
210.739 212.751 215.190
210.765 212.858 215.269
211.064 214.571 223.018
211.067 212.479 214.428
211.503 212.356 214.051
211.264 213.092 214.060
211.112 212.271 214.060
211.349 211.755 212.579
211.279 212.205 214.384
211.051 212.359 214.550
211.213 212.092 213.853
211.085 213.182 214.482
210.776 211.939 214.395
211.289 212.771 214.469
211.059 211.721 213.022
211.221 213.134 213.960
210.828 211.867 213.232
210.844 213.008 219.989
211.329 212.467 213.786
211.465 215.625 226.938
211.054 212.131 214.328
211.321 213.211 214.706
210.667 212.411 213.921
211.611 211.779 212.085
211.312 214.931 224.097
211.158 212.161 214.165
211.269 213.231 214.800
211.200 212.089 213.899
211.200 212.658 214.751
211.290 213.017 214.843
211.553 213.498 215.090
210.954 212.456 214.012
211.222 212.778 215.406
211.018 211.611 213.095
211.421 212.458 213.815
210.746 212.865 215.212
210.721 211.772 213.697
211.784 214.981 223.964
211.337 215.767 224.143
210.713 211.661 213.028
210.901 212.547 214.109
210.947 211.967 213.772
211.103 212.714 214.370
211.139 212.647 216.925
211.153 211.972 213.991
211.218 212.315 213.883
211.064 211.677 212.509
211.493 213.585 214.479
211.142 214.917 223.957
212.666 218.106 236.692
211.343 213.437 215.492
211.383 212.930 214.829
210.971 212.119 213.656
210.994 212.943 215.252
210.911 211.701 213.051
210.541 212.232 213.984
211.163 212.653 213.876
211.057 212.697 214.691
211.777 213.529 216.215
211.402 215.995 231.301
211.300 213.047 213.799
211.103 211.853 212.380
211.336 211.994 213.240
211.204 212.089 214.658
212.289 215.337 218.926
211.248 213.184 214.260
210.829 212.111 213.668
210.885 212.222 214.324
210.996 212.078 213.709
211.525 212.964 214.008
211.387 212.555 213.931
210.862 211.435 211.728
211.304 213.071 214.680
211.455 211.920 212.341
211.408 212.610 214.244
210.628 212.618 214.322
211.249 212.258 213.705
210.849 211.898 213.036
211.271 213.387 216.588
210.702 212.499 214.270
211.582 212.234 213.563
210.734 213.229 220.065
211.055 212.410 213.944
211.012 212.484 213.831
211.090 213.120 214.962
211.120 211.370 211.787
211.000 212.037 214.067
210.858 212.205 214.050
211.835 213.177 215.215
211.843 212.420 213.399
210.885 211.936 213.760
210.841 214.867 228.794
211.122 212.844 214.485
211.213 212.854 215.100
210.793 211.985 213.601
211.028 212.543 214.656
210.599 212.445 214.565
211.130 212.061 213.433
211.041 212.465 214.322
211.314 212.603 213.846
211.021 211.655 212.615
211.118 212.241 213.372
210.839 212.193 214.094
211.193 212.587 214.279
210.996 212.520 213.567
211.878 213.360 215.023
210.657 214.053 218.357
210.898 212.383 214.923
210.728 212.524 215.143
211.050 212.495 213.802
211.154 212.558 213.733
210.562 212.615 214.921
210.811 212.240 213.706
210.786 211.973 213.792
210.874 212.111 214.382
211.196 212.389 213.729
211.024 212.718 215.391
210.902 211.909 213.691
211.161 212.479 215.345
211.066 211.887 213.943
211.122 212.364 213.426
211.436 212.360 214.352
211.296 212.445 213.903
211.274 212.450 213.992
210.760 211.813 213.677
211.341 212.879 214.885
211.326 212.161 213.145
211.397 212.527 215.397
210.936 211.935 213.604
211.193 212.561 214.074
211.142 213.239 215.759
211.166 213.020 214.484
211.062 212.563 214.889
211.590 212.542 213.875
210.741 212.121 213.902
211.613 212.862 213.985
210.815 213.098 215.058
211.108 211.741 213.346
210.992 212.222 215.427
211.187 212.688 214.072
211.765 212.939 214.847
211.481 213.315 217.545
212.955 214.290 216.822
210.697 212.030 213.768
212.164 213.142 213.843
210.858 212.149 214.416
0 0 0
160.739 160.872 161.153
160.812 161.129 161.831
211.059 211.803 212.916
211.217 212.441 213.922
211.407 212.758 214.558
210.964 212.196 214.097
211.116 214.289 221.851
210.961 211.515 212.188
211.109 212.279 214.282
210.696 212.010 213.733
211.434 213.008 214.050
211.327 213.476 218.150
211.648 212.680 214.460
211.531 212.603 214.374
211.349 212.221 213.935
211.273 211.947 213.411
213.288 234.708 281.128
212.869 230.634 259.257
211.702 212.119 213.404
211.328 213.030 215.090
212.469 220.073 229.141
211.672 214.592 225.507
211.463 214.470 220.002
212.036 223.413 252.535
211.731 213.994 215.925
210.818 212.700 215.024
211.069 212.205 214.593
210.925 213.276 216.197
211.638 212.782 214.492
210.942 215.341 228.419
212.143 212.885 213.932
211.381 216.041 230.408
211.138 212.075 214.469
211.421 213.112 214.812
211.387 216.196 230.129
211.524 213.059 215.471
211.197 212.183 214.116
211.231 211.927 213.236
212.603 213.734 214.962
210.773 212.524 217.685
211.314 213.540 215.610
211.181 212.092 213.684
211.150 212.187 214.896
211.478 213.964 216.310
211.019 211.203 211.572
211.358 212.074 213.277
211.112 211.820 212.704
211.641 214.837 224.225
211.057 211.808 213.406
211.179 215.891 228.376
210.952 212.328 213.636
211.401 213.728 219.461
211.176 214.098 217.398
210.763 211.289 211.644
210.721 212.066 213.268
210.851 211.389 211.849
211.404 212.065 212.885
211.485 213.756 215.150
211.168 215.541 227.467
211.464 212.384 214.521
211.117 211.683 212.407
211.730 212.732 213.947
210.880 212.547 214.367
211.674 213.109 217.052
210.991 213.045 219.737
211.639 213.230 214.381
211.199 212.124 213.543
211.376 212.919 214.781
211.389 214.875 221.873
211.317 212.336 213.622
211.201 212.326 213.962
211.379 212.731 214.108
211.241 212.052 213.872
211.424 212.701 214.703
211.563 213.142 215.639
211.262 211.851 213.658
211.744 213.618 214.994
211.153 212.108 213.195
211.330 212.228 213.920
210.889 211.285 211.592
210.909 212.244 214.210
211.572 212.855 214.422
211.494 212.977 214.463
211.044 211.839 213.580
210.965 212.831 214.937
210.776 211.264 211.921
211.036 212.739 214.205
211.604 212.430 214.598
211.258 212.356 214.224
211.467 212.576 214.670
211.175 211.932 214.189
211.250 212.052 214.208
211.294 212.540 214.680
211.090 212.249 214.762
211.141 212.326 213.880
211.627 214.026 215.675
211.459 212.984 214.742
211.410 212.592 214.669
211.861 212.989 215.689
212.139 213.428 214.810
211.539 213.647 214.867
210.831 213.934 218.797
211.724 212.635 214.477
211.487 212.622 214.147
211.606 212.490 213.825
210.814 212.689 214.511
211.645 212.005 212.947
211.652 213.320 214.650
211.212 212.965 214.583
211.747 212.741 215.476
211.013 212.774 214.627
212.598 213.239 214.223
211.133 212.091 214.028
211.867 212.782 214.051
211.413 212.606 214.529
210.980 212.403 214.416
211.084 211.579 212.209
212.604 213.675 215.592
211.712 213.064 215.678
210.761 211.848 213.962
212.315 213.591 214.567
211.231 212.687 214.855
211.413 211.889 212.555
211.692 213.075 213.914
211.426 212.731 214.358
211.188 212.705 214.139
211.362 213.197 214.414
211.214 212.217 214.093
211.353 211.806 212.136
211.126 214.290 215.666
211.185 212.796 215.095
211.317 211.877 213.065
211.153 211.867 212.857
211.142 212.441 213.805
211.647 212.643 214.153
212.059 214.980 221.108
210.964 211.917 213.172
211.262 212.980 214.884
211.368 212.396 213.702
211.583 212.451 214.860
211.324 212.274 214.832
211.974 213.098 214.294
211.183 213.599 218.971
211.774 212.759 214.254
211.030 212.218 214.717
211.455 211.882 212.746
211.721 212.681 213.925
210.748 211.536 212.543
211.760 212.913 214.176
211.633 211.990 212.305
211.250 212.561 213.977
210.885 211.795 212.599
211.676 213.734 215.583
211.114 211.668 212.462
211.486 211.854 212.031
211.216 213.384 214.307
211.801 213.077 214.047
211.238 212.236 215.254
211.108 212.585 214.380
211.582 214.272 216.290
211.526 212.836 214.842
211.152 212.268 214.196
210.943 212.876 214.192
211.331 212.325 213.329
211.396 212.684 215.302
211.505 212.441 214.481
210.992 211.912 214.061
213.417 213.920 214.849
211.397 212.806 214.380
211.347 212.537 213.767
211.171 212.830 214.829
211.659 212.526 214.258
211.359 212.572 214.740
211.567 213.189 215.422
211.196 212.642 214.602
211.228 211.441 211.872
211.147 211.939 213.533
210.951 211.884 213.924
211.555 212.595 213.792
212.634 213.813 214.698
211.987 213.038 215.211
210.666 212.437 214.353
211.522 213.095 215.719
211.368 212.082 212.870
211.168 212.556 214.202
211.117 211.453 211.801
210.955 212.922 214.873
211.311 212.037 213.817
211.108 212.317 214.043
211.314 213.492 216.841
211.705 212.590 213.763
211.357 213.018 214.908
210.704 212.629 215.584
211.459 212.072 212.708
212.063 213.461 214.233
211.051 212.463 214.476
211.533 212.589 213.556
211.106 211.752 212.583
211.108 212.309 214.870
211.089 213.934 217.990
211.428 212.980 214.788
210.747 212.265 214.090
211.426 212.649 214.418
211.131 213.010 214.280
210.823 213.122 215.243
211.657 213.002 214.262
211.684 212.418 213.719
211.244 439.661 1282.022
211.132 212.605 213.734
212.350 213.860 215.304
211.107 212.381 213.111
210.942 212.057 214.275
210.654 211.972 213.607
211.024 212.080 213.944
212.077 213.456 214.274
210.933 211.578 212.278
211.258 212.929 215.136
210.971 211.969 213.288
211.021 212.109 213.679
210.917 212.368 213.765
211.058 211.501 211.861
211.248 212.700 214.055
211.372 212.414 213.812
210.887 212.580 214.092
210.626 212.276 213.735
210.927 211.613 213.394
210.743 212.305 213.538
210.927 212.272 213.969
210.895 211.745 213.645
210.867 212.917 214.663
210.574 211.834 214.259
211.195 212.677 214.425
211.229 212.551 213.599
210.866 211.499 212.916
210.421 211.671 213.137
210.617 211.493 213.458
210.562 211.129 211.598
210.727 211.918 214.328
210.819 211.748 213.664
210.820 211.834 213.228
210.973 211.849 213.239
210.855 211.737 213.524
211.284 212.580 214.002
210.593 211.391 213.159
210.760 211.644 213.097
211.327 212.105 213.913
210.451 211.374 212.943
211.147 212.186 213.838
210.860 211.887 213.469
211.246 212.905 214.349
210.761 211.040 211.291
211.496 212.516 214.028
210.670 211.886 213.340
211.249 211.668 212.179
211.112 212.321 213.759
211.166 213.094 214.970
211.214 212.733 214.255
210.922 211.491 212.923
211.127 211.701 213.466
211.001 211.878 213.809
211.155 212.063 213.333
211.057 211.649 212.892
211.029 212.091 214.342
211.056 212.164 213.874
210.795 212.163 213.570
210.998 211.985 213.698
210.909 211.643 213.240
210.992 212.669 214.876
211.080 212.956 214.996
210.823 211.788 213.815
210.867 211.970 213.486
210.863 212.402 213.705
211.191 211.806 213.571
210.750 211.446 213.020
210.642 211.920 213.711
211.149 212.306 213.598
210.904 212.370 213.818
210.640 211.134 211.610
211.035 212.907 214.962
210.777 211.034 211.587
210.861 212.142 213.488
210.841 211.264 211.561
211.200 212.643 215.516
210.684 212.490 214.663
210.823 212.076 213.630
211.271 212.658 213.654
210.613 211.919 213.980
211.254 212.613 214.737
210.797 211.928 213.342
210.739 211.984 213.551
211.000 212.417 213.919
210.626 211.762 213.149
210.914 212.707 214.001
210.951 212.220 213.752
210.717 211.308 212.499
211.023 213.076 215.814
210.642 211.802 213.656
210.695 211.251 212.512
210.936 211.268 211.554
210.898 212.336 213.520
210.547 212.326 213.748
211.007 211.902 214.355
211.142 212.063 213.718
210.753 211.382 212.325
211.565 213.413 214.688
210.563 211.794 213.300
210.741 211.591 213.152
211.098 213.505 221.345
211.025 212.654 214.109
211.014 212.042 214.058
211.111 212.562 214.228
210.868 211.900 213.752
211.105 212.571 213.613
210.925 211.708 212.695
210.792 212.580 215.062
211.107 212.292 213.924
210.948 212.132 214.164
211.023 211.481 212.021
210.878 212.310 214.005
210.803 212.635 214.248
211.123 212.114 213.802
210.513 212.321 215.159
210.515 211.591 212.896
210.817 212.088 214.363
210.856 211.819 213.363
211.318 212.013 213.824
210.721 211.513 213.443
210.924 211.900 213.415
210.697 211.770 214.141
210.841 211.936 213.616
210.744 212.184 213.726
210.832 212.264 214.749
210.239 211.996 213.609
210.858 211.780 213.235
210.681 212.386 215.518
211.087 212.044 214.917
210.876 211.451 212.257
211.439 213.433 214.745
211.450 212.974 213.843
211.097 212.207 213.483
210.808 211.702 213.427
210.929 212.664 215.233
211.274 211.876 213.329
210.827 212.275 213.897
210.967 211.899 214.500
211.127 212.790 214.173
210.916 212.202 213.926
210.404 212.997 214.252
210.950 212.151 214.248
211.021 212.380 214.411
211.159 211.788 212.665
211.537 212.334 213.468
210.894 211.522 212.189
210.521 212.145 214.663
210.832 212.450 214.231
210.996 211.946 213.507
210.593 211.606 214.089
210.419 211.550 213.888
210.610 211.675 213.919
210.773 212.103 214.169
212.576 213.546 214.180
210.382 212.202 213.720
210.889 212.314 213.782
210.542 211.162 212.270
210.510 211.038 212.076
210.853 211.239 212.045
211.073 211.948 213.065
210.554 211.259 212.924
210.870 212.224 213.157
210.749 210.984 211.177
210.892 212.574 214.939
210.654 212.300 214.682
211.238 211.896 212.639
210.789 211.794 213.646
211.697 212.767 213.379
210.721 212.543 213.868
210.690 211.166 212.246
210.947 211.888 214.947
210.975 211.770 213.699
211.189 211.971 213.713
210.841 212.293 213.839
210.665 212.421 213.722
211.384 212.734 214.392
210.715 211.754 213.978
211.283 212.317 213.506
210.472 211.842 213.558
210.992 212.194 213.841
210.796 211.923 213.727
210.875 212.105 214.206
210.814 211.044 211.265
210.654 211.624 213.547
212.032 213.476 214.114
211.283 212.228 214.212
210.565 211.809 213.436
210.701 211.889 212.743
210.732 211.112 211.405
210.466 212.358 214.087
211.457 212.915 213.747
211.001 212.023 213.978
210.647 211.539 213.510
210.305 211.264 212.226
210.717 211.939 213.822
211.308 212.115 213.510
210.424 211.768 213.251
210.923 211.496 212.821
210.651 212.691 213.631
210.786 211.862 213.394
210.783 211.426 212.114
210.675 212.034 214.270
210.978 212.535 213.651
211.089 212.359 213.549
210.529 212.408 214.427
211.075 213.083 213.896
211.114 212.470 214.166
210.913 212.032 213.812
210.744 211.920 214.198
211.329 212.859 213.846
210.727 212.001 214.156
210.984 212.361 215.149
211.475 213.133 214.265
210.687 211.412 213.287
211.073 211.854 213.637
210.868 211.803 214.145
210.767 212.234 213.781
210.937 212.103 213.744
210.599 212.114 214.043
210.839 212.490 214.250
210.779 212.313 215.049
211.185 212.667 214.173
211.003 212.092 213.586
210.609 211.907 213.525
210.851 212.279 214.164
210.791 211.252 211.727
211.495 213.257 214.963
210.636 212.103 213.511
210.852 211.132 211.525
210.852 211.903 214.206
211.587 212.905 214.026
210.767 211.641 214.050
211.269 212.263 213.594
211.031 212.219 213.801
210.335 211.419 214.029
210.771 211.667 214.023
210.991 212.485 213.788
210.753 211.367 213.075
210.717 211.487 211.971
210.848 212.449 213.548
210.654 211.919 213.897
210.810 212.371 213.539
210.612 211.931 213.824
210.732 211.443 213.070
211.163 212.948 214.226
210.992 212.252 213.505
211.245 211.872 212.631
210.538 211.900 214.281
210.807 213.243 215.034
211.035 212.720 213.927
210.973 211.998 214.064
210.527 211.230 211.505
210.920 212.533 213.695
210.589 211.281 213.252
210.454 212.679 214.108
210.781 212.531 213.769
210.943 211.533 213.366
211.178 212.088 213.309
210.723 211.670 214.302
210.773 211.647 213.922
210.587 211.836 213.254
210.645 211.921 213.776
211.193 212.797 214.858
210.581 211.977 213.505
210.791 212.176 214.189
211.023 211.713 212.865
211.063 211.930 213.494
211.195 212.770 213.782
211.067 212.079 213.911
210.482 211.467 213.429
210.863 211.949 213.603
211.034 212.810 214.349
210.723 214.010 219.159
211.049 212.187 214.260
211.090 211.583 212.328
211.137 212.491 213.773
210.814 212.022 214.414
210.650 212.604 213.905
210.839 212.439 214.810
211.224 212.800 213.614
210.794 211.684 213.684
211.125 211.767 213.586
211.169 211.456 211.919
210.728 211.923 213.297
211.033 211.777 213.294
211.134 211.872 213.098
211.130 212.514 213.235
211.003 211.652 213.658
210.650 211.576 213.345
211.182 211.335 211.897
210.703 212.898 214.424
211.226 212.438 214.560
211.235 212.458 214.264
210.599 211.775 213.729
210.613 210.987 211.189
210.940 211.204 211.574
210.395 210.950 211.934
210.910 212.336 214.076
210.661 212.377 214.891
210.676 211.142 211.445
210.861 211.963 214.279
210.925 211.653 213.772
210.920 212.377 214.769
211.305 213.335 214.478
210.804 211.847 213.238
210.581 211.853 213.174
210.951 212.942 213.622
211.229 212.697 214.516
210.987 212.197 214.110
211.023 211.991 213.519
210.976 212.017 213.594
211.403 213.520 214.419
211.052 212.289 213.336
211.316 213.167 213.997
211.157 213.405 214.244
211.393 213.207 214.533
210.800 211.495 212.738
210.931 212.527 214.204
211.738 213.881 216.601
211.146 211.645 213.259
210.940 212.097 213.532
211.031 212.145 214.489
210.965 211.875 213.948
211.063 211.810 214.143
210.889 212.276 213.727
210.978 212.157 213.806
210.696 212.174 214.706
210.850 212.648 213.912
210.831 211.149 211.426
211.165 212.685 215.015
211.477 215.017 217.227
210.896 212.405 214.700
210.374 211.629 212.401
212.240 213.056 213.768
210.652 212.580 214.006
210.836 211.851 213.367
212.416 214.253 215.804
221.790 235.701 245.261
211.210 211.649 212.322
211.155 212.248 214.997
211.332 212.281 213.934
211.099 212.283 214.373
211.019 212.659 214.231
210.895 213.227 215.537
211.601 212.958 215.078
211.817 213.569 214.986
211.422 212.742 214.130
210.938 212.399 214.731
211.767 212.624 213.368
210.697 211.495 212.183
211.521 212.871 214.026
210.807 213.319 219.572
211.111 211.829 213.494
210.786 212.486 214.459
210.791 212.634 213.738
211.258 218.736 242.667
211.605 232.275 267.103
210.604 211.520 213.647
210.767 212.372 214.160
210.657 212.213 213.109
210.970 211.974 214.298
211.673 213.156 214.205
211.605 212.747 213.745
212.068 214.547 217.323
210.905 212.205 215.539
211.211 212.445 213.493
210.697 212.465 213.486
210.884 211.301 211.721
211.826 215.743 228.645
210.816 214.210 218.229
211.099 212.293 214.341
211.084 212.145 214.231
211.412 212.655 213.855
211.044 212.349 214.008
211.246 211.590 212.398
210.980 211.585 212.337
211.621 213.523 215.243
211.088 213.093 213.976
211.154 211.926 213.904
210.815 211.767 214.561
210.843 211.307 211.601
211.374 213.002 213.881
212.137 216.037 220.085
211.594 212.655 215.810
211.292 212.383 214.241
219.360 224.205 237.033
211.469 214.266 221.113
211.034 212.063 213.745
211.106 212.102 213.905
211.316 211.853 213.517
211.398 213.150 214.713
211.338 211.935 213.526
211.846 212.682 213.927
211.022 211.472 211.776
211.006 212.131 213.774
210.830 212.158 215.115
210.937 219.688 242.458
210.787 211.564 213.542
210.959 211.263 211.996
210.796 212.898 215.037
211.158 212.776 215.383
211.197 212.326 213.912
211.152 211.774 212.505
210.955 211.195 211.869
211.141 212.640 213.935
211.435 213.302 217.844
210.533 212.183 214.012
210.907 212.782 218.299
211.772 213.149 213.752
211.132 212.527 214.303
210.985 212.153 214.025
211.131 212.111 214.204
210.992 211.881 213.979
211.031 212.363 213.739
211.033 212.493 214.881
210.911 211.666 212.766
211.202 212.338 215.108
211.100 212.863 214.458
211.157 213.212 217.523
211.293 211.996 213.688
210.625 212.421 214.149
210.948 212.657 214.926
210.422 211.238 212.463
211.214 211.839 213.815
211.027 211.626 212.549
211.135 211.811 212.868
210.499 212.156 214.291
211.143 212.313 213.396
211.141 212.107 213.949
211.214 212.048 213.771
210.976 212.395 214.088
210.917 212.218 213.673
211.708 214.657 222.143
213.308 215.361 221.346
211.062 212.725 213.958
211.157 211.948 214.940
210.799 211.558 213.013
211.079 212.438 214.442
211.447 215.093 218.259
211.026 211.976 214.292
210.878 212.313 214.452
211.271 211.864 213.057
211.213 212.758 213.907
212.154 212.983 214.415
211.734 213.271 215.089
211.062 211.481 212.316
210.956 212.778 215.131
211.159 212.848 215.056
210.972 211.993 213.707
212.008 213.802 214.516
211.136 212.277 213.666
210.869 211.758 213.588
210.351 211.991 213.898
210.820 211.465 212.927
211.393 212.265 214.151
210.867 211.356 212.175
210.870 212.878 215.213
211.437 211.918 212.725
210.967 212.502 214.351
211.389 212.722 213.542
211.170 212.082 214.574
211.082 211.549 212.205
211.113 212.193 214.030
210.895 212.066 213.999
211.393 213.251 214.390
211.311 212.326 214.476
210.911 212.531 215.281
210.684 212.207 214.609
210.849 212.149 214.066
213.328 215.992 220.197
211.140 216.947 234.801
211.652 213.065 214.814
210.901 211.770 213.462
211.015 214.743 225.217
210.729 211.140 211.725
211.249 212.078 212.938
211.712 212.388 213.566
210.716 212.502 215.166
211.264 212.025 213.074
210.956 212.227 213.660
210.962 213.471 215.533
211.055 211.667 212.984
211.677 213.256 214.381
211.374 212.537 214.294
211.156 211.468 212.126
210.695 211.783 213.076
210.718 211.970 214.077
211.186 213.035 214.646
211.212 212.716 213.993
211.030 212.038 214.061
210.661 211.124 211.505
211.711 213.638 215.161
211.338 212.623 217.210
211.363 212.823 214.562
211.059 211.662 212.300
211.124 212.171 213.998
210.925 211.638 212.791
211.162 211.344 211.864
210.838 213.172 216.122
210.703 212.627 215.054
211.401 212.468 214.341
211.103 212.787 214.390
210.986 212.012 214.970
210.608 213.905 218.547
211.577 213.386 215.564
211.131 212.864 214.428
210.709 212.510 214.410
211.149 211.827 212.692
210.968 211.571 213.400
210.910 212.359 213.871
211.219 212.239 213.678
210.993 213.549 220.346
210.745 213.855 224.858
212.279 213.448 215.027
210.697 213.076 215.323
210.925 212.292 214.565
211.455 212.691 213.959
211.052 211.529 212.199
211.394 213.059 214.129
211.406 212.247 213.283
211.122 212.468 215.220
211.016 216.341 235.674
211.342 212.439 214.360
211.238 212.653 214.464
211.311 217.012 235.249
210.700 212.242 213.468
211.037 211.483 212.742
211.161 212.486 216.012
211.095 211.667 212.041
211.231 212.373 213.998
211.307 212.109 213.129
211.231 213.357 216.824
210.880 212.375 213.939
212.245 213.199 215.204
210.808 211.589 212.767
212.824 213.727 215.104
211.049 212.250 213.775
210.855 212.106 213.167
210.820 213.171 216.794
211.438 213.837 215.688
210.980 212.368 214.238
210.670 212.097 214.081
211.032 212.067 213.915
210.892 211.680 214.182
211.373 213.897 220.321
211.065 218.439 235.360
210.997 212.799 215.059
211.172 212.215 214.062
210.909 211.698 212.938
211.210 213.848 219.305
210.925 211.954 213.578
211.393 212.472 213.862
211.052 212.284 215.216
211.499 213.002 214.431
210.972 212.498 215.626
210.692 211.963 214.063
210.942 211.957 214.142
211.029 212.312 213.781
211.121 212.316 213.352
211.033 213.508 215.355
211.287 212.290 215.071
211.271 234.641 303.505
210.796 211.721 213.844
211.214 212.404 213.908
210.698 212.426 214.007
211.397 213.037 216.636
211.022 211.463 211.881
211.521 212.556 214.050
211.320 212.119 214.235
210.987 219.169 250.226
210.941 212.419 214.431
210.683 211.854 213.757
211.304 217.715 240.479
211.020 211.904 214.322
211.136 211.794 213.581
211.523 212.819 214.514
211.018 212.442 213.815
211.661 212.875 214.852
210.689 211.853 213.630
210.531 211.568 213.039
211.211 211.977 213.716
211.432 212.719 214.187
211.232 211.724 212.973
210.716 217.125 225.336
210.734 212.831 214.348
211.252 212.521 213.563
211.470 213.201 213.876
210.712 212.263 213.673
210.788 212.063 213.778
211.206 213.091 215.993
210.967 212.264 215.157
210.824 211.772 213.791
210.985 212.153 213.851
211.077 212.294 213.078
210.844 212.201 214.236
211.134 212.567 214.076
211.204 211.982 213.749
210.937 212.672 214.581
212.146 212.684 213.968
211.145 212.320 214.358
211.028 212.313 213.929
210.984 213.023 214.399
210.975 212.184 215.280
210.803 211.497 212.294
210.929 212.415 214.378
211.589 213.008 214.427
211.157 212.738 215.688
210.751 213.307 220.219
211.827 213.081 214.055
211.807 212.687 214.135
210.899 212.978 216.921
211.353 212.736 213.732
211.137 220.362 255.764
210.984 212.297 214.370
210.808 235.686 249.610
211.041 211.904 214.349
210.835 213.376 220.690
211.110 211.853 213.672
211.365 212.420 213.979
211.168 211.890 213.859
210.927 212.884 214.685
210.825 212.222 214.381
211.312 213.251 214.673
211.189 212.255 213.798
211.081 212.792 215.287
211.074 212.196 214.076
211.171 211.769 212.792
210.532 213.061 214.251
210.903 212.529 213.984
211.082 211.420 211.698
210.965 212.491 214.023
211.320 211.864 212.699
211.286 212.205 213.837
210.852 212.311 215.039
210.870 213.137 214.316
210.881 211.729 213.082
211.201 212.686 215.381
211.332 212.571 214.456
211.460 213.485 217.519
211.111 212.251 213.896
210.907 212.345 214.077
211.597 212.493 213.951
211.578 212.774 214.718
211.054 212.441 214.447
211.191 214.422 219.884
211.597 212.330 214.105
211.562 211.871 212.214
211.565 212.667 214.108
211.418 213.271 216.078
211.721 212.574 214.424
211.165 211.724 212.197
212.881 214.378 215.269
210.873 211.914 213.588
211.081 211.239 211.397
211.367 212.821 214.549
211.558 212.583 215.000
211.423 212.544 215.542
211.687 212.336 213.154
210.962 212.401 214.389
211.983 214.212 215.514
211.727 212.671 213.853
211.317 212.731 214.512
211.987 213.293 215.180
212.003 213.128 214.665
211.474 212.700 214.203
211.168 211.672 212.384
211.249 211.870 213.220
211.650 213.158 214.424
211.002 212.873 214.040
211.289 212.010 212.776
211.077 211.819 214.249
211.366 212.311 213.959
211.130 212.493 214.482
211.247 211.810 212.578
211.089 212.630 213.955
211.652 212.367 214.037
211.279 212.491 214.483
211.576 212.959 214.071
211.375 211.897 212.724
211.404 211.669 211.943
211.310 212.377 213.936
212.331 213.869 215.247
211.484 212.930 214.043
212.941 213.253 213.566
211.655 212.835 214.096
211.724 213.072 214.619
210.986 212.169 213.775
211.519 211.625 211.732
211.801 213.877 215.229
211.320 212.398 213.922
211.322 212.291 214.035
211.714 212.524 213.339
210.948 211.378 211.858
211.258 213.664 215.399
211.198 211.335 211.488
211.204 212.174 214.465
211.678 212.757 214.404
212.748 214.014 214.552
211.838 211.937 212.036
210.969 211.975 214.274
211.444 212.658 213.746
211.531 211.984 212.402
211.662 212.773 214.213
211.311 211.826 213.471
211.346 212.968 214.887
211.409 212.745 213.649
211.131 213.457 215.204
211.015 211.735 213.129
211.176 212.508 214.310
211.497 212.290 213.759
211.208 211.866 213.276
210.931 213.341 214.078
211.390 212.098 213.716
211.157 212.106 214.041
210.843 212.673 214.329
211.293 212.834 214.465
210.965 212.416 213.876
211.180 212.423 215.458
211.805 213.712 214.976
210.839 211.218 211.714
211.411 212.679 215.697
211.063 212.011 214.544
211.730 213.456 214.633
210.952 212.900 214.545
210.722 212.313 214.504
211.554 212.545 213.977
211.294 212.136 214.503
211.365 212.224 213.968
211.069 211.725 212.720
210.741 212.510 214.245
211.394 212.494 213.435
210.890 212.643 214.472
211.490 212.479 213.670
211.419 213.101 214.449
211.782 212.324 212.629
211.482 212.566 213.499
211.618 212.772 214.793
211.742 212.552 213.731
211.160 212.120 213.670
211.104 212.493 214.463
211.478 214.200 216.566
211.685 212.884 214.078
212.001 213.084 214.199
210.936 212.033 214.682
211.739 212.419 213.470
211.386 212.158 213.985
211.653 213.410 215.518
211.319 212.288 213.844
212.295 213.252 214.498
211.459 213.573 215.489
210.915 211.901 214.057
211.603 212.455 213.577
210.828 211.701 212.043
211.820 213.481 215.670
225.027 227.808 232.663
211.192 211.929 213.516
211.661 213.444 214.314
211.378 212.283 214.384
211.152 212.322 214.423
211.389 212.846 214.295
211.034 212.019 214.219
211.410 212.238 213.911
211.004 212.243 213.416
211.673 213.803 214.998
211.112 213.335 214.269
211.144 211.516 211.938
210.588 211.845 213.384
210.941 212.331 213.408
211.094 212.630 214.269
210.875 211.480 212.366
211.124 211.364 211.671
211.058 211.608 212.365
211.623 213.189 215.250
211.000 212.663 214.505
210.751 213.067 214.139
211.678 213.629 214.745
210.846 211.919 213.597
211.357 212.615 214.757
211.179 212.305 214.035
211.087 211.977 213.350
210.759 212.176 215.181
210.791 212.744 214.429
211.014 212.170 213.733
210.891 212.555 214.399
211.256 212.026 214.451
210.811 211.846 214.211
211.385 212.512 213.940
210.716 211.519 212.986
211.515 213.325 215.156
211.281 212.777 214.851
211.281 212.639 214.301
210.706 211.589 212.682
211.893 212.994 213.817
210.949 211.656 213.790
210.953 213.092 215.126
211.657 213.125 214.490
211.022 211.593 212.927
211.114 213.174 215.197
211.197 212.185 213.657
210.766 212.159 214.116
210.981 211.297 211.852
211.272 212.045 213.159
210.994 212.278 213.363
211.007 211.163 211.345
211.050 212.275 213.809
211.541 212.323 213.826
211.192 211.505 212.045
212.507 212.936 213.944
210.727 212.277 214.153
211.020 212.274 213.853
210.967 212.485 215.085
210.827 211.368 212.138
210.821 211.878 213.703
211.112 212.428 213.600
210.761 211.414 212.742
211.058 212.243 214.198
210.983 211.690 212.889
211.256 213.117 214.122
211.002 211.719 212.617
210.845 212.080 213.353
210.809 211.801 212.892
211.360 212.690 214.695
210.954 211.784 212.886
210.857 212.397 213.775
211.045 212.445 213.522
210.654 212.229 214.193
210.901 212.288 214.365
211.016 212.319 213.831
211.147 212.311 213.870
211.247 212.314 213.726
211.557 212.369 213.904
211.136 212.192 213.315
210.893 211.759 213.345
210.891 211.370 212.096
211.197 211.649 212.122
210.706 211.667 212.810
210.839 211.984 213.957
210.860 211.201 211.715
210.825 211.620 213.532
210.556 211.541 212.512
210.942 211.741 212.948
210.991 212.262 213.972
210.686 211.660 212.955
210.751 211.944 214.509
211.047 211.788 213.855
210.998 212.403 213.714
211.157 211.934 214.344
211.278 212.539 213.545
210.863 211.317 212.405
211.101 212.122 212.910
211.213 212.022 213.641
210.609 211.678 214.835
210.793 212.256 214.369
211.107 212.005 214.780
210.499 211.684 213.463
210.784 211.641 213.324
210.809 211.673 213.171
210.790 211.723 212.796
210.920 211.473 212.934
210.885 211.544 213.402
210.736 211.526 212.422
211.343 212.465 214.020
210.944 211.683 213.124
211.146 211.731 212.344
212.365 213.411 214.311
210.906 211.873 213.887
211.059 211.700 212.471
210.984 211.981 213.777
210.830 212.238 214.676
210.699 211.212 211.849
211.352 212.030 213.429
211.070 211.452 212.363
210.652 212.019 213.620
211.444 211.961 212.608
211.100 211.991 213.059
210.617 211.985 214.056
210.723 212.157 213.565
210.876 212.088 213.788
210.755 211.605 212.876
210.679 211.592 214.985
211.142 211.436 211.919
211.111 213.381 218.368
210.842 212.323 213.769
210.925 211.735 212.973
211.286 212.078 213.492
210.825 211.327 211.725
210.670 211.839 213.265
210.748 211.782 213.586
210.861 212.007 213.553
211.231 212.587 213.697
210.836 212.073 213.621
211.205 212.450 214.046
210.520 213.651 221.135
210.983 212.274 214.149
210.493 211.969 213.070
210.673 212.001 213.097
210.873 213.300 222.400
211.035 211.948 214.828
210.464 211.647 214.170
210.952 212.052 213.678
211.640 212.463 213.089
210.659 211.872 213.656
210.738 212.011 213.312
211.058 212.002 213.499
210.717 211.532 213.851
211.016 212.020 212.940
210.597 212.168 213.883
212.148 213.085 214.005
210.916 211.618 213.252
211.172 212.220 213.936
211.027 211.903 213.693
210.934 212.015 213.463
210.757 212.059 213.767
210.921 212.137 214.379
210.864 211.886 213.726
210.795 212.641 213.815
211.096 212.061 213.698
210.671 211.348 213.272
210.672 211.636 214.089
210.749 212.073 213.938
210.756 212.620 214.185
210.759 211.350 212.686
210.865 211.338 212.587
210.681 211.979 213.600
211.033 212.085 213.642
210.839 211.103 211.522
210.439 211.264 212.210
210.774 212.023 213.409
210.998 212.632 214.966
211.182 212.351 213.441
211.118 211.370 211.578
210.712 211.649 212.953
210.845 211.490 213.295
210.831 211.965 213.842
210.527 211.620 213.844
210.504 211.483 213.766
211.117 213.174 214.884
211.101 212.872 214.228
211.156 212.421 214.138
210.810 211.750 213.852
210.777 211.637 213.618
210.524 212.281 214.906
210.590 211.721 213.140
210.703 212.207 213.795
210.902 212.775 214.300
211.015 212.223 213.799
210.951 212.339 214.874
210.931 212.238 213.626
211.246 212.433 213.152
211.232 212.109 213.894
210.291 211.966 213.829
210.645 214.429 224.132
210.748 212.157 214.958
210.835 211.735 212.885
214.830 215.977 216.986
210.910 211.984 213.406
210.307 211.534 214.032
210.785 211.447 212.850
210.744 212.024 213.867
211.119 212.689 214.074
210.571 211.561 214.277
212.295 213.700 214.448
210.769 211.601 212.852
210.689 211.429 213.437
210.630 212.242 213.968
210.611 212.493 213.647
211.085 211.809 213.223
210.868 213.181 215.053
210.648 212.168 213.469
210.598 211.567 214.136
210.936 211.719 213.483
210.990 211.204 211.291
211.646 212.850 213.708
210.638 211.504 213.426
210.989 212.660 214.925
210.650 211.874 213.484
211.066 212.289 213.665
210.564 211.968 214.105
210.996 212.036 214.026
211.123 214.519 220.772
210.696 212.451 213.506
210.239 211.208 212.795
210.700 211.123 211.446
210.643 212.534 214.167
210.642 212.060 214.042
210.872 212.459 214.991
210.927 211.840 213.511
210.737 212.487 214.013
210.610 211.349 213.249
210.636 211.539 213.607
210.872 212.262 213.648
210.636 211.600 212.952
210.439 211.066 212.139
211.164 212.691 213.974
210.541 212.379 213.814
210.732 212.070 214.896
210.988 211.392 212.149
210.802 211.978 213.356
210.955 212.013 213.484
210.825 212.423 214.357
211.029 211.510 212.363
211.011 212.459 214.259
210.578 211.672 212.805
213.619 214.255 215.002
210.728 211.614 213.706
211.217 211.939 213.024
210.618 211.611 212.874
210.622 212.595 214.196
210.736 211.213 211.603
210.808 212.545 213.731
210.883 212.304 214.842
210.332 212.393 214.702
210.489 211.155 212.669
210.398 211.551 213.629
210.949 212.070 212.781
210.659 212.852 214.875
210.718 212.186 213.736
210.882 211.702 213.315
210.883 211.637 213.682
211.157 212.413 213.747
210.903 211.778 213.920
210.964 212.153 213.901
210.728 212.204 213.142
211.069 212.123 213.282
210.806 212.218 215.016
211.964 213.885 214.998
210.537 211.387 213.172
211.134 212.410 213.626
210.413 212.026 213.606
211.142 212.628 214.696
212.318 215.083 221.556
211.350 212.463 215.053
211.104 212.903 214.160
210.510 211.557 212.198
211.083 211.869 213.159
210.640 211.049 211.689
211.298 212.279 213.855
210.985 212.049 213.997
211.053 212.133 213.827
210.747 211.915 213.551
210.503 212.128 213.639
210.961 212.065 214.246
210.515 212.301 213.666
211.062 212.437 213.980
210.831 211.563 213.499
210.843 212.135 213.573
210.737 211.235 211.916
210.713 211.599 213.615
211.157 212.435 213.739
211.192 212.111 213.434
211.053 213.068 213.988
210.833 212.668 214.225
210.684 211.882 213.650
210.780 211.582 213.521
210.900 211.905 214.025
210.748 212.187 213.239
210.685 211.120 211.703
211.136 212.231 214.513
210.885 211.895 213.566
211.106 212.082 212.881
210.805 211.753 213.545
210.690 211.718 213.443
210.698 212.248 214.739
210.981 212.597 214.233
210.818 212.255 214.131
210.597 211.352 213.557
212.403 213.171 213.779
210.922 211.493 213.194
210.883 211.838 213.640
210.706 212.396 213.944
210.942 211.712 212.811
210.747 212.610 213.925
210.947 211.895 213.060
210.441 210.953 211.402
211.160 212.404 213.669
210.999 211.770 213.915
211.643 212.850 214.976
211.257 212.426 213.551
210.910 211.844 213.266
211.169 212.420 214.071
211.092 211.983 213.824
211.027 212.204 214.008
210.880 212.427 213.717
210.742 211.960 213.746
210.903 211.939 213.661
210.511 212.611 213.882
210.769 211.854 213.716
210.921 211.139 211.585
210.582 211.615 214.863
210.905 212.590 214.884
211.141 212.393 213.721
211.669 214.284 220.048
210.955 211.735 213.977
211.001 213.675 223.492
210.795 212.150 213.795
210.820 211.576 212.517
210.467 212.957 214.180
211.102 212.335 213.567
210.705 211.254 211.898
210.913 213.233 214.347
210.507 212.052 213.658
211.060 212.339 214.695
210.945 212.511 213.645
210.807 214.559 222.017
211.360 213.315 214.239
210.732 212.037 213.582
210.696 211.260 211.770
211.275 212.127 214.171
210.998 212.126 213.411
210.348 211.307 212.567
209.852 210.362 211.082
210.145 211.586 213.101
210.295 211.619 213.149
210.336 211.419 213.084
210.348 210.809 212.119
210.469 212.190 213.581
210.145 211.038 212.880
210.231 211.545 214.410
210.229 211.382 213.326
210.208 212.074 213.261
210.574 211.280 211.812
210.488 212.376 214.072
209.993 211.292 212.924
210.246 211.010 213.185
210.199 211.778 213.226
210.031 210.912 212.819
210.257 211.964 215.533
210.188 211.149 213.765
210.163 211.327 212.879
209.984 210.904 213.075
211.010 215.484 229.787
210.349 211.637 214.383
210.403 211.646 213.485
210.095 211.185 212.914
210.292 211.837 213.366
209.980 212.358 214.101
210.226 211.273 212.465
210.186 210.874 212.699
210.154 210.960 213.201
209.802 211.556 214.318
210.502 212.063 214.222
209.860 211.366 212.801
210.635 212.045 213.322
210.892 211.879 213.156
210.019 211.483 213.627
210.095 211.374 212.484
210.481 211.616 213.290
209.978 211.202 213.339
210.410 213.064 216.047
209.937 211.002 212.964
210.130 211.509 212.358
209.896 211.952 215.366
210.349 211.410 214.509
210.383 211.264 212.777
210.219 210.631 211.578
210.053 212.247 216.562
210.533 212.331 214.311
212.267 225.002 272.577
210.409 211.571 213.680
210.055 212.586 215.083
210.754 211.885 213.414
210.412 211.202 213.427
210.481 212.234 214.399
210.235 211.299 212.337
210.685 213.160 214.347
210.255 211.431 214.851
209.950 211.338 213.428
210.492 211.990 213.124
211.407 212.500 214.204
211.630 213.463 215.247
211.251 212.084 214.905
210.891 211.776 212.895
211.426 213.537 217.600
210.986 212.745 214.761
211.913 215.618 225.410
211.248 211.804 212.408
211.160 212.686 214.813
211.573 212.030 212.627
212.875 213.815 215.824
213.601 213.937 214.200
211.587 212.756 213.978
211.374 212.795 214.639
211.477 214.388 221.344
211.496 212.961 214.565
211.257 211.657 212.161
211.333 212.076 214.318
212.499 214.917 219.024
211.444 214.459 219.537
211.291 213.556 215.302
211.074 212.708 215.108
211.892 212.998 213.770
210.857 212.189 213.292
211.340 211.569 212.112
211.080 212.790 214.660
211.706 212.119 212.981
210.851 212.945 214.342
211.689 212.340 213.622
211.281 213.072 215.239
212.020 213.123 215.507
211.058 212.883 214.117
210.872 212.334 214.101
211.801 213.392 214.211
211.288 212.858 213.840
211.673 212.951 214.243
211.581 212.044 212.810
211.038 211.861 214.074
211.914 213.201 214.111
212.441 213.184 214.371
211.618 214.058 217.227
211.436 212.771 214.830
211.229 212.628 214.781
211.165 212.261 212.916
211.290 213.042 214.229
211.037 211.683 212.826
211.330 213.010 215.319
211.169 212.026 213.189
211.984 213.261 214.299
211.267 212.610 216.257
212.442 214.753 221.629
211.607 212.547 214.347
212.221 213.479 215.297
211.516 214.342 215.651
211.337 212.784 215.612
212.951 214.812 216.682
212.484 213.390 215.005
210.731 212.899 215.991
213.575 214.758 216.326
212.983 213.903 214.825
213.120 218.750 230.172
213.371 215.094 216.217
213.671 214.751 216.726
213.500 214.124 215.740
214.065 216.190 217.904
212.949 213.570 214.197
213.498 214.149 215.845
214.345 215.761 217.295
214.236 215.345 216.409
213.030 213.871 215.021
211.431 213.119 214.598
211.548 212.541 214.937
211.453 212.877 214.891
210.882 211.965 214.286
210.982 212.842 216.060
213.029 213.985 215.341
211.130 213.492 215.332
211.210 214.235 224.472
211.269 212.744 214.386
211.459 213.228 214.775
211.060 216.683 235.850
211.115 212.520 214.573
211.302 212.406 213.951
211.298 212.877 215.889
211.083 213.091 214.092
211.303 213.115 214.244
211.352 213.640 215.640
211.270 212.375 214.418
211.359 212.722 214.158
211.126 211.837 214.128
210.868 211.418 212.027
211.408 212.575 215.028
210.929 212.368 214.601
211.873 213.965 217.743
211.614 213.508 214.196
211.751 212.564 214.047
211.724 212.885 214.911
211.160 212.590 214.742
211.669 217.250 236.881
211.181 211.604 211.988
211.139 211.799 213.105
210.979 213.389 215.305
211.743 213.566 214.678
211.266 212.473 214.370
211.436 212.716 213.664
211.056 212.290 214.400
211.190 211.999 214.049
211.503 211.941 213.281
211.133 212.549 214.106
211.689 212.661 214.138
211.814 213.347 214.660
211.142 211.981 213.693
213.265 216.438 226.942
211.068 212.043 213.751
212.656 213.459 214.212
211.230 211.976 212.992
211.257 212.662 213.483
211.075 211.680 213.470
211.358 212.951 214.445
211.292 211.873 213.814
210.998 212.985 214.680
211.471 212.662 213.867
211.064 212.343 214.597
211.334 211.671 212.477
211.422 214.650 218.635
211.271 212.702 214.843
211.575 213.206 215.064
211.387 211.875 212.873
211.318 212.601 213.674
212.045 212.825 213.883
211.732 212.436 213.028
211.456 213.240 214.315
210.834 211.202 211.940
211.215 211.567 212.193
211.269 212.382 214.323
211.754 212.797 214.176
211.269 211.869 212.866
211.345 212.425 214.296
211.507 213.311 214.552
211.365 216.919 235.223
211.012 212.604 217.331
210.819 212.510 213.945
211.406 212.124 213.432
211.238 212.354 214.393
211.406 211.897 213.227
210.755 212.078 213.515
211.042 212.737 214.068
211.063 212.647 214.386
211.029 212.055 215.658
211.290 212.869 214.381
212.832 213.862 214.675
211.124 212.052 213.683
211.007 212.241 213.761
211.450 212.663 214.013
211.559 213.432 215.082
211.255 212.895 213.913
211.692 212.862 214.912
211.308 212.978 214.949
211.443 211.992 212.805
211.549 212.206 213.423
211.030 211.699 213.463
211.528 212.670 214.188
211.095 212.857 215.378
211.390 211.595 212.130
211.511 211.765 212.213
211.283 213.121 214.602
211.540 212.657 214.463
210.935 213.158 215.107
211.084 211.714 212.669
211.308 212.827 214.721
211.365 213.168 214.797
210.820 212.308 215.175
211.132 213.056 215.274
211.037 211.765 213.978
211.383 213.123 215.310
211.802 213.969 218.302
211.206 212.337 213.999
210.890 216.298 232.987
211.994 213.094 214.240
211.260 212.751 214.456
210.905 213.187 216.016
212.067 213.404 214.157
211.156 212.656 213.544
210.978 213.324 215.367
212.025 213.735 214.358
212.939 214.092 216.128
213.492 214.559 216.444
213.374 214.087 215.900
211.590 212.462 213.839
212.636 213.415 214.134
211.527 212.814 214.900
213.268 214.460 215.519
213.478 215.035 217.543
213.335 215.010 216.216
212.981 214.694 217.172
212.605 214.509 216.502
213.912 214.901 216.370
212.868 214.157 216.583
212.279 213.785 215.314
210.808 211.696 212.344
212.030 213.001 214.554
211.405 212.767 213.956
211.189 212.922 214.470
211.623 213.536 215.318
211.511 213.463 216.498
211.071 212.730 214.610
211.520 214.371 219.999
211.593 212.816 215.059
211.800 213.632 216.367
212.919 213.397 214.322
211.302 212.535 214.096
211.139 213.438 215.514
212.331 214.460 215.931
211.415 212.408 213.927
211.601 213.808 215.383
211.324 212.559 213.734
211.796 216.062 228.632
211.237 213.145 216.790
211.413 212.453 213.941
211.011 212.009 213.427
211.033 211.961 213.652
211.934 212.690 213.864
211.245 212.064 213.823
211.058 212.143 213.323
211.031 212.452 214.123
211.377 212.333 213.800
211.787 212.981 214.438
211.273 212.824 215.356
211.400 212.349 214.143
211.526 212.225 212.804
211.334 211.937 212.708
211.320 213.089 214.566
211.016 212.043 214.386
211.131 212.742 214.476
211.536 213.131 213.736
211.573 212.870 214.335
211.861 213.421 214.744
211.362 212.504 214.377
211.549 212.201 214.131
211.139 212.520 214.036
211.392 212.788 214.134
211.174 213.137 214.553
211.611 212.085 213.063
211.462 213.032 215.338
211.467 212.483 215.315
210.928 213.678 221.907
211.275 212.154 214.072
211.314 213.330 214.739
211.022 212.691 214.232
211.307 212.054 214.132
211.321 212.074 213.999
211.859 213.189 215.254
211.146 212.419 214.002
211.147 212.022 214.336
210.971 212.674 214.248
212.274 213.488 214.649
211.376 212.575 214.224
211.453 213.174 216.764
210.983 211.845 214.135
211.398 212.533 214.368
210.935 212.545 215.189
211.128 211.752 212.390
211.196 212.339 213.935
211.319 212.155 214.213
211.044 212.177 214.093
210.927 211.860 212.761
211.201 211.524 211.933
211.403 212.067 214.234
211.081 213.324 215.076
211.360 212.113 214.117
211.006 212.044 213.545
211.268 212.049 213.729
210.927 211.570 213.006
211.217 212.817 214.095
211.395 212.008 212.797
210.840 214.103 220.326
212.146 213.840 217.337
211.484 213.065 214.458
211.335 212.111 214.630
211.236 211.581 212.018
212.439 213.372 214.342
211.676 212.136 212.779
211.310 211.569 211.748
211.535 212.049 212.674
211.530 212.948 215.428
211.098 211.834 213.624
211.339 213.345 215.560
211.543 212.631 214.521
211.213 212.464 214.186
211.638 212.720 214.644
211.838 213.276 214.403
211.731 213.416 215.206
211.784 212.351 213.069
211.636 211.900 212.376
211.417 213.603 216.765
211.519 211.874 212.210
211.625 212.776 215.008
211.748 212.542 213.631
211.657 213.049 214.673
211.166 212.850 215.183
211.958 213.016 214.399
211.931 212.629 213.588
211.192 212.576 214.408
211.689 212.162 213.080
212.113 213.112 214.255
211.501 213.599 214.563
211.647 212.742 214.710
211.573 211.845 212.165
211.568 211.984 212.518
211.538 211.858 212.279
211.817 213.210 214.592
211.880 213.013 215.001
211.969 212.288 212.781
211.366 211.866 212.127
211.514 212.619 214.600
211.848 213.385 214.719
212.323 213.724 214.737
211.716 213.653 214.733
211.904 212.758 214.384
211.751 212.625 214.240
211.434 213.532 214.955
211.333 212.600 214.550
211.635 212.620 214.397
212.527 213.283 214.604
211.844 212.460 213.179
212.024 212.641 213.454
211.522 212.728 214.947
211.638 212.294 212.901
211.719 213.224 214.192
211.441 212.059 213.126
211.495 212.272 214.250
211.857 213.698 215.684
211.453 212.590 214.138
211.636 212.930 214.806
211.371 212.084 213.315
211.561 212.135 212.554
211.342 212.597 213.966
211.278 212.385 214.075
213.285 214.374 215.909
211.419 212.603 214.231
211.783 212.354 213.205
211.544 212.681 215.860
211.774 213.206 214.386
211.971 213.283 214.432
212.039 213.048 214.485
211.793 212.946 213.789
211.539 212.365 213.944
211.826 213.092 214.408
212.469 213.062 214.489
211.419 212.488 215.616
212.125 213.132 214.455
211.984 213.034 214.493
211.763 212.810 214.320
211.755 212.268 213.196
211.390 212.977 214.779
211.283 212.379 214.698
211.484 211.964 213.136
211.648 212.701 214.591
211.865 212.645 213.732
211.283 212.984 214.420
211.554 212.342 212.797
211.102 212.799 215.603
211.313 212.552 214.221
211.145 212.348 214.446
211.618 212.416 214.259
211.326 212.669 213.954
210.950 212.427 215.538
211.363 212.268 214.267
210.911 213.042 215.608
211.396 212.272 214.245
211.563 212.803 215.051
213.501 214.109 214.741
211.663 214.896 227.068
211.607 212.684 213.694
211.424 212.464 214.697
211.191 214.059 219.882
211.810 212.697 213.894
211.478 212.861 214.283
211.499 212.422 214.741
211.461 212.159 213.107
211.457 211.781 212.476
211.429 212.317 214.226
211.450 212.672 214.400
212.454 213.733 214.598
211.683 213.030 215.789
211.432 212.564 214.085
211.395 213.337 214.445
211.502 212.410 215.419
211.813 212.632 213.897
211.552 212.727 213.795
211.764 212.285 213.519
211.336 212.379 214.211
211.674 212.798 214.240
211.039 212.955 214.287
211.177 212.237 214.411
211.557 212.557 215.730
211.562 212.577 214.619
211.381 212.493 215.681
211.671 212.708 214.248
211.353 213.004 214.895
211.206 211.689 212.276
211.539 211.815 212.323
211.131 212.013 213.426
212.003 213.181 214.808
211.418 212.387 214.084
211.616 212.685 215.139
211.396 212.944 214.150
211.650 212.410 214.030
211.078 212.096 214.196
211.534 212.663 214.625
211.104 213.110 215.546
211.386 212.525 214.166
211.352 213.079 219.225
211.468 213.007 214.963
211.404 212.244 213.881
211.278 213.075 214.413
211.504 212.130 214.122
211.408 212.128 213.494
211.865 212.972 214.308
211.243 211.953 213.120
211.471 212.309 214.028
211.639 212.862 213.932
211.346 212.915 214.592
211.474 213.006 214.468
211.441 212.264 214.215
211.396 213.607 214.418
211.378 212.955 214.579
211.389 212.246 214.077
211.433 212.916 214.710
211.368 212.479 213.419
212.566 213.453 214.274
211.377 213.932 214.789
211.304 212.184 213.515
212.458 213.303 214.214
211.548 212.307 214.405
211.454 213.162 214.498
212.326 213.708 214.422
211.395 212.749 214.432
211.186 212.639 215.617
211.524 212.656 214.228
211.728 212.983 214.575
211.803 213.063 214.648
211.305 212.581 213.944
211.327 211.882 212.283
211.576 212.943 214.461
211.410 212.218 213.385
212.729 213.502 214.534
211.252 212.441 215.426
210.947 211.575 213.383
211.557 212.248 213.809
211.247 212.508 214.086
211.346 213.347 215.572
211.473 211.800 212.121
211.341 212.514 214.288
211.465 212.825 214.617
211.188 212.286 213.401
211.398 212.025 214.089
211.589 212.645 214.325
212.751 213.697 215.514
211.250 212.534 214.171
211.707 212.918 214.338
211.947 212.957 214.059
211.704 212.724 213.871
211.482 213.162 215.502
211.288 212.237 214.295
211.274 212.131 214.433
211.273 212.726 215.297
211.945 213.680 214.823
211.141 211.976 213.693
211.823 212.407 213.373
211.351 212.203 214.465
211.468 212.634 214.188
211.627 213.357 214.791
211.344 212.529 214.195
211.342 211.842 212.678
211.405 213.567 215.261
211.185 212.070 214.377
211.301 212.168 213.511
211.368 212.148 214.212
211.053 211.675 212.303
211.523 212.678 214.329
211.112 214.388 222.449
211.048 211.689 212.380
211.394 212.690 214.027
211.668 212.962 214.342
211.590 212.648 214.082
212.284 213.506 215.236
211.349 212.737 214.107
211.364 213.138 215.613
211.373 212.457 214.495
211.477 213.051 214.400
211.374 212.917 213.992
211.543 211.843 212.227
211.015 212.622 215.465
212.341 212.765 213.019
211.021 212.386 214.479
211.091 211.477 212.047
210.899 212.076 213.986
211.300 213.423 215.017
211.836 213.486 214.302
211.575 212.626 214.749
211.472 211.966 213.323
211.349 212.748 213.832
211.425 212.435 214.348
211.109 212.028 214.260
211.558 212.281 213.946
211.966 213.275 214.735
211.442 213.143 214.408
211.108 211.864 212.544
211.303 212.178 214.210
211.216 212.256 214.061
211.254 212.211 214.246
211.096 212.977 214.376
211.632 212.530 214.028
211.581 212.001 213.304
211.414 212.581 213.977
211.097 212.124 212.897
211.450 213.320 214.199
211.370 212.347 215.306
211.091 212.360 214.529
211.414 211.879 212.291
211.582 212.943 214.426
211.344 212.790 215.433
211.143 212.254 213.789
211.328 211.999 213.957
211.498 212.181 214.040
211.384 212.418 214.324
211.604 213.488 215.411
210.814 213.000 214.616
211.539 211.825 212.218
211.130 213.956 217.449
211.546 213.449 214.727
211.216 211.486 211.794
211.021 212.193 214.158
211.225 211.725 212.557
211.451 212.014 213.539
211.253 212.349 214.048
211.481 212.745 214.102
210.927 212.001 213.820
211.640 212.191 213.663
211.659 212.861 214.463
212.046 213.063 214.140
211.167 212.084 214.649
211.374 212.457 213.779
211.404 212.450 214.666
211.699 212.615 214.444
211.106 212.802 214.121
211.480 212.973 214.229
211.213 212.150 213.776
211.218 212.472 214.669
211.151 212.329 213.539
211.392 213.654 214.812
211.294 212.520 214.240
211.492 213.113 214.614
211.308 211.918 213.481
211.320 212.257 215.370
211.648 212.964 214.490
211.622 212.536 214.563
211.334 212.302 214.193
211.396 212.540 213.404
211.368 212.877 213.890
211.529 212.920 215.158
211.610 212.413 213.849
211.489 212.237 214.304
211.360 213.805 215.145
211.817 213.153 214.553
212.602 213.276 214.619
211.359 213.275 214.841
211.282 212.321 214.643
211.633 213.086 215.396
211.429 212.414 213.898
210.955 213.228 214.892
211.501 212.230 214.144
213.338 214.175 215.393
210.908 212.357 214.174
211.104 211.941 213.874
210.967 212.122 213.110
211.516 212.982 214.922
211.470 211.823 212.325
211.214 212.164 213.391
211.418 212.523 215.367
211.954 213.064 214.419
211.704 213.370 214.794
211.066 212.849 214.115
211.361 213.487 214.081
211.179 212.118 213.428
211.081 211.593 212.602
211.180 213.051 214.384
211.725 213.257 216.625
211.589 213.501 215.161
211.526 213.024 214.814
211.346 213.261 215.076
211.357 212.483 214.031
211.438 212.367 215.329
211.128 211.619 212.638
211.541 212.162 213.686
211.256 211.886 213.905
211.738 212.471 213.957
211.208 211.886 213.133
211.321 212.595 214.111
211.089 212.716 213.908
210.969 212.103 213.177
211.689 212.762 214.310
211.080 211.699 212.711
211.439 212.470 214.208
211.247 212.957 214.047
211.612 213.225 213.864
211.018 212.710 214.490
210.952 212.566 214.619
211.136 212.076 213.428
210.915 212.658 215.350
211.162 213.176 215.281
211.385 213.004 215.177
211.518 213.604 215.465
211.561 212.158 212.721
212.216 214.205 215.388
211.068 212.082 213.956
211.236 212.065 213.486
211.050 212.127 214.305
211.656 212.177 212.752
211.651 213.066 214.244
211.272 212.566 214.218
211.260 211.922 212.784
211.018 211.631 212.726
210.999 211.876 212.678
211.233 212.301 213.955
211.109 212.315 214.290
211.368 212.122 212.761
211.342 212.788 215.357
211.806 213.231 214.176
211.110 212.663 214.327
211.434 211.955 212.924
211.261 212.444 213.832
211.472 212.898 214.045
211.015 213.351 214.372
211.034 211.480 211.750
211.655 213.387 217.419
211.280 211.726 212.326
211.118 211.596 212.042
211.167 213.446 214.690
211.423 213.093 215.378
211.348 213.231 215.474
211.322 212.387 214.126
211.373 212.884 214.379
211.431 213.057 215.196
211.438 213.662 218.275
211.293 214.551 221.316
211.191 211.915 212.833
211.288 213.437 214.300
211.231 212.422 214.477
211.145 212.808 214.433
211.187 212.488 214.649
211.527 213.041 214.224
211.561 211.834 212.458
211.394 213.240 215.452
211.534 212.831 214.413
211.369 211.931 213.203
211.122 211.631 212.082
211.032 212.836 214.258
211.564 212.764 214.109
211.126 213.538 219.994
211.425 212.359 213.706
210.942 214.076 219.826
211.527 212.343 213.392
211.520 212.683 214.124
211.217 212.641 215.340
211.348 212.044 213.835
211.111 212.033 214.535
211.693 212.776 213.909
211.339 211.940 212.661
211.362 212.805 214.360
211.635 213.028 214.016
210.946 211.229 211.601
211.556 211.729 212.106
211.254 211.599 211.941
211.292 212.089 213.735
210.795 212.120 213.784
211.152 213.220 215.170
211.622 212.907 213.837
211.333 212.678 214.602
211.398 212.010 214.139
211.859 212.748 213.960
211.239 212.564 214.343
211.594 212.789 214.129
211.247 212.099 213.435
212.078 214.687 220.741
211.359 212.774 215.064
211.222 211.946 214.081
211.156 212.294 213.995
211.622 212.398 214.046
211.318 212.192 214.817
211.321 212.296 214.063
211.048 212.218 214.498
211.490 212.983 214.593
211.493 212.173 214.099
211.292 211.507 211.809
211.403 212.632 214.647
211.481 213.519 214.398
211.397 212.503 214.181
211.224 212.433 215.359
211.372 212.705 215.754
211.242 212.745 213.873
211.315 211.730 212.237
211.622 212.627 214.398
211.060 212.935 215.559
211.744 212.690 213.062
211.430 213.055 214.324
210.995 212.334 214.479
211.238 212.217 214.032
211.304 212.160 213.888
210.929 212.108 214.100
211.242 211.816 213.192
211.079 212.922 214.573
211.080 213.052 214.492
211.363 212.654 214.586
211.246 212.615 214.099
210.866 212.101 214.427
211.828 213.237 214.027
211.210 212.787 214.407
211.166 212.589 214.063
212.147 213.220 213.833
211.316 212.186 213.488
211.487 212.814 214.039
211.134 212.451 214.442
211.532 212.612 214.176
211.319 212.788 214.487
211.585 212.658 214.132
211.124 211.821 213.136
211.691 212.903 215.079
211.514 212.739 214.309
211.460 212.586 215.423
210.966 212.625 215.558
211.504 213.189 214.583
211.179 211.568 212.089
211.152 212.772 214.879
211.462 212.694 214.301
211.511 212.069 212.648
211.541 212.816 214.455
211.683 212.520 214.026
211.575 213.067 214.133
211.255 213.298 215.558
211.484 212.558 214.111
211.135 211.996 212.867
211.533 213.136 213.949
211.496 212.112 213.978
211.093 211.654 212.601
211.443 211.763 212.148
212.245 213.226 213.819
211.865 212.433 214.445
211.553 212.076 213.305
211.399 213.122 214.426
211.656 213.140 214.876
211.078 212.408 214.862
211.588 212.990 214.405
211.489 212.320 214.285
211.282 212.153 212.954
211.256 212.414 213.773
211.535 213.338 215.529
211.086 212.568 213.808
211.229 212.047 213.070
211.431 212.821 214.121
211.235 212.521 214.541
211.409 212.731 213.945
211.004 211.776 213.168
211.624 211.944 212.673
211.526 211.945 212.694
211.562 213.021 214.356
211.467 212.200 212.759
211.550 212.700 214.479
211.384 212.121 214.436
211.450 213.269 215.410
211.734 213.340 214.864
211.318 211.765 212.149
211.567 212.593 214.130
211.194 212.942 214.238
211.557 212.983 214.861
211.801 213.110 214.844
211.296 213.280 214.896
211.172 213.575 215.393
211.630 213.054 214.242
211.491 212.656 215.508
211.383 213.096 215.446
211.078 212.513 214.449
211.422 211.858 212.142
211.949 213.057 214.481
210.990 211.592 212.277
211.185 211.969 213.928
211.758 212.747 214.150
211.357 212.426 213.351
211.322 212.204 214.179
211.324 211.820 212.361
211.465 213.511 215.562
212.077 213.300 214.303
211.105 212.142 214.602
211.282 212.741 214.488
211.077 212.734 214.364
211.442 212.070 212.950
211.328 212.971 214.552
211.376 213.146 215.517
211.384 212.209 214.182
211.697 212.769 213.872
211.353 212.450 213.870
211.642 212.236 213.722
211.232 212.152 215.328
211.558 212.966 214.278
211.276 213.136 214.252
211.412 212.662 214.868
211.158 212.426 214.347
211.436 213.804 215.498
211.111 211.761 212.940
211.289 212.713 214.584
211.525 213.164 214.376
211.487 214.033 218.892
211.309 212.906 214.454
211.277 212.214 213.837
211.101 211.997 214.016
211.081 211.896 212.688
211.274 213.168 215.291
211.233 212.093 214.375
211.270 211.968 214.393
211.649 213.153 214.260
211.138 212.935 215.548
211.457 213.075 214.513
211.546 213.081 214.456
211.434 212.942 214.771
210.863 212.311 213.189
211.201 212.208 213.575
212.354 213.837 216.318
211.394 213.166 214.872
211.263 212.567 214.343
211.471 213.709 215.522
211.434 212.402 214.769
211.514 213.076 214.335
211.575 211.945 212.963
211.726 213.136 214.194
211.312 211.982 213.782
211.213 212.105 212.960
210.814 211.772 213.280
211.450 212.879 214.335
211.336 212.913 214.121
211.250 212.066 213.251
211.320 212.555 214.776
211.279 212.558 214.134
211.487 212.379 214.349
211.293 212.397 214.608
211.350 212.347 214.192
211.875 212.827 214.017
211.378 212.930 215.501
210.991 212.489 214.674
211.300 212.692 214.364
211.345 211.882 212.524
211.328 212.432 214.262
211.169 211.812 212.634
211.200 211.971 213.104
211.450 213.216 214.388
211.112 212.460 214.180
211.513 212.264 214.526
211.158 212.082 213.481
212.095 212.948 215.420
211.618 212.629 214.257
211.339 211.853 212.628
211.627 212.947 214.883
211.424 211.963 213.222
211.292 212.713 214.699
211.616 211.948 212.996
211.522 212.259 213.554
211.027 212.212 215.387
211.439 213.100 214.379
211.449 213.290 214.451
211.421 212.560 214.536
211.351 212.853 215.437
211.340 212.315 214.876
211.076 212.185 213.532
211.295 212.190 213.931
212.106 213.409 214.476
211.642 212.690 214.386
211.542 212.612 213.535
211.466 211.826 212.624
211.625 213.342 214.510
211.231 212.548 213.387
211.131 212.351 213.498
211.101 212.790 214.905
211.491 213.252 214.311
211.193 212.912 214.328
211.452 212.659 214.164
211.254 212.615 213.526
211.273 211.671 212.200
211.435 212.928 214.559
211.271 211.893 212.487
212.006 213.025 214.356
211.451 212.543 214.204
211.364 212.304 213.893
211.311 211.623 212.268
210.908 211.890 213.761
211.343 213.255 215.457
211.326 211.859 213.283
211.411 212.672 214.553
211.110 212.379 214.659
211.593 212.043 213.272
211.339 212.772 214.752
211.360 212.110 213.601
211.095 212.591 214.779
211.724 212.742 213.937
211.175 211.433 211.683
211.055 211.922 213.433
210.979 212.145 214.918
212.121 213.837 214.588
210.983 212.758 213.830
211.250 212.251 213.359
211.810 213.406 214.525
211.461 212.366 213.811
211.076 212.452 214.361
211.238 212.439 214.104
211.051 213.181 216.180
211.266 212.153 213.853
211.221 213.543 215.474
211.547 211.827 212.490
211.233 211.817 212.651
211.389 212.391 214.523
211.024 212.789 214.744
211.495 213.015 214.775
214.710 217.079 220.072
211.693 212.543 214.080
211.136 212.575 213.686
211.525 212.602 213.988
211.383 211.884 212.993
211.403 213.910 215.465
211.229 211.763 212.483
211.133 211.603 212.067
211.295 213.127 214.422
211.153 212.328 213.906
211.525 212.534 214.211
211.466 212.964 214.953
211.622 211.857 212.408
211.300 212.741 214.640
211.291 211.940 213.981
211.508 212.928 215.398
211.721 212.141 212.781
211.897 213.135 214.373
211.537 213.336 215.379
211.320 212.867 214.422
210.969 213.317 215.446
211.024 211.992 212.836
211.344 212.487 214.261
211.227 212.185 214.235
211.210 212.697 214.583
211.867 215.827 225.839
211.389 212.655 215.306
211.189 212.978 215.163
211.626 212.214 214.088
211.164 212.122 214.390
211.830 213.078 214.117
211.325 212.210 215.258
211.400 211.909 212.509
211.727 212.436 214.504
211.852 212.045 212.628
211.986 213.134 214.375
211.238 212.920 215.168
211.546 212.828 214.727
211.141 212.362 215.295
211.227 212.159 214.428
211.526 212.499 214.258
211.283 212.346 214.362
211.403 212.761 214.873
211.321 213.130 214.247
211.627 212.691 214.387
211.435 213.270 215.293
211.482 212.833 214.806
211.199 211.881 213.145
211.265 212.119 213.813
211.742 212.852 214.923
211.419 212.257 213.787
211.420 212.007 212.739
211.734 212.597 213.237
211.467 212.873 215.534
211.495 212.139 213.883
211.524 212.583 213.903
211.573 212.332 214.017
211.472 212.605 214.235
212.735 213.162 213.559
211.142 213.107 214.419
211.436 212.703 214.383
211.509 212.332 214.250
211.488 213.015 215.379
211.374 212.054 213.471
211.293 212.155 214.668
211.552 212.470 213.800
211.452 213.602 218.599
211.529 212.155 213.251
211.473 213.377 215.369
210.823 213.311 215.280
212.049 213.548 214.459
211.239 212.432 214.442
211.504 212.738 214.349
211.294 212.341 214.137
211.560 212.178 214.349
211.334 211.777 212.176
211.483 212.663 214.646
211.297 212.382 213.738
211.332 212.718 214.672
211.061 212.324 213.733
210.968 211.807 212.628
211.437 212.796 214.023
211.287 213.055 214.304
211.399 211.913 213.499
211.438 212.807 214.025
210.988 212.730 213.876
211.116 212.899 214.350
211.137 212.593 215.694
211.295 212.115 213.089
211.629 212.472 214.197
211.547 213.915 216.105
211.568 212.483 214.019
211.556 212.365 213.980
211.285 211.856 212.748
211.193 211.562 212.246
211.293 212.704 215.452
211.427 212.674 214.276
211.657 213.077 214.151
211.492 213.027 214.052
211.181 212.853 214.215
211.520 212.185 213.882
211.223 213.416 215.540
211.199 212.758 214.178
211.447 213.008 215.466
211.805 213.604 214.798
211.181 212.434 214.398
211.473 212.116 214.142
211.290 213.048 214.563
211.503 212.373 215.290
211.381 212.751 213.805
211.109 214.033 220.561
211.469 212.841 215.436
211.451 212.975 214.375
211.234 212.225 214.042
211.436 211.812 212.269
211.079 212.686 215.553
211.150 212.909 215.404
211.453 212.545 214.482
211.359 212.288 213.626
212.118 213.349 214.350
211.157 213.605 214.673
211.228 212.524 214.106
211.173 213.153 214.985
211.716 212.238 213.073
211.708 212.232 214.124
211.412 212.345 214.607
211.610 212.710 214.447
211.421 211.955 212.611
211.824 213.348 215.581
211.699 213.035 214.676
211.565 212.919 214.808
211.470 212.442 214.508
211.583 212.336 212.855
211.278 212.926 214.485
211.331 211.598 211.683
211.269 212.113 214.629
211.600 212.743 214.521
212.252 212.989 214.343
211.117 212.954 214.778
211.560 212.320 214.117
212.293 213.445 214.231
212.014 213.343 214.636
211.521 212.826 214.225
211.398 212.677 213.541
211.118 211.998 213.967
211.600 212.633 214.171
211.455 212.662 214.087
211.416 212.927 214.213
211.218 212.682 214.511
211.541 212.346 213.323
211.234 212.299 213.950
211.243 212.557 214.299
211.261 212.968 215.308
211.181 212.259 214.136
211.187 212.589 213.959
211.695 212.564 214.057
211.395 212.946 214.830
211.571 212.499 214.017
211.126 212.877 213.948
211.471 213.199 215.569
211.048 212.760 214.005
211.234 213.095 214.301
211.789 212.544 213.826
211.309 212.289 213.122
211.347 211.562 211.987
211.674 212.685 213.688
211.408 211.905 212.372
211.330 212.486 214.051
211.461 213.343 215.567
211.438 212.791 214.313
211.547 212.651 214.058
210.870 212.101 213.628
211.564 212.024 213.021
211.416 211.789 212.223
211.369 213.082 214.184
211.441 212.662 215.691
211.423 212.416 214.268
211.666 213.390 215.644
211.435 212.684 214.283
211.713 212.530 214.255
211.973 212.576 213.906
211.581 212.325 213.885
211.613 213.270 214.723
211.435 212.505 214.968
211.759 212.345 213.907
211.671 213.267 214.634
211.126 211.885 213.211
211.584 212.279 213.421
211.473 212.895 215.245
211.640 213.060 214.683
211.260 212.652 214.749
211.213 213.069 215.432
211.491 212.846 214.427
211.783 213.078 214.066
211.791 213.023 214.396
211.240 212.374 214.087
211.678 213.416 214.770
211.605 212.694 213.843
211.184 212.290 214.369
211.277 212.279 214.612
211.845 212.891 214.338
211.450 213.084 214.821
211.438 212.796 215.572
211.577 213.199 215.322
211.311 212.099 213.980
211.480 212.684 214.231
211.148 213.094 215.398
211.139 212.137 213.470
211.343 212.516 214.306
211.457 213.476 215.385
211.315 212.330 213.851
211.557 213.210 214.341
211.233 211.422 211.609
210.962 212.337 214.600
210.910 211.508 211.908
213.034 213.800 214.617
211.761 212.705 214.284
212.001 213.886 214.584
212.049 213.645 214.735
211.415 213.021 214.257
211.505 212.940 214.659
211.603 212.915 215.083
211.628 212.841 214.613
211.459 213.015 215.350
211.467 212.436 214.149
211.221 212.455 215.288
211.263 212.917 214.216
211.306 212.007 212.821
211.261 211.493 211.689
211.973 212.995 213.996
211.183 213.153 214.416
211.140 212.828 215.579
211.407 212.356 214.140
211.232 212.129 213.884
211.472 212.220 214.699
211.348 212.759 214.444
211.431 212.422 214.708
211.689 213.198 214.801
211.357 212.506 214.159
211.384 213.104 215.506
211.467 212.684 213.987
211.237 212.455 214.089
211.444 212.732 215.639
210.988 213.338 214.623
211.336 212.276 214.401
211.411 211.647 211.881
211.314 213.505 214.755
213.069 213.452 214.155
211.336 211.691 212.157
211.554 212.818 213.849
212.176 214.599 219.772
211.174 212.755 214.777
211.910 213.535 214.325
212.124 213.538 214.664
211.551 212.024 212.670
211.053 213.104 214.929
211.166 212.164 214.401
211.824 212.615 214.140
211.784 212.005 212.455
211.446 212.766 214.454
211.329 212.448 213.702
211.420 212.423 214.228
211.032 211.477 211.825
211.778 212.490 214.676
211.547 212.959 214.315
211.582 212.235 214.319
211.087 211.536 211.895
211.440 212.787 214.462
211.336 211.667 212.294
211.010 211.952 214.102
211.901 213.085 215.403
211.297 212.592 214.046
211.540 212.524 214.116
211.196 212.042 213.979
211.202 212.759 214.718
211.775 213.406 216.632
211.282 220.342 230.308
211.437 212.153 214.155
211.132 212.517 213.904
211.399 213.563 215.533
212.069 213.443 214.142
211.578 212.612 214.009
212.059 213.306 214.422
211.460 212.757 214.399
211.890 213.476 214.584
211.567 211.791 212.093
211.101 211.982 212.968
211.661 212.435 214.860
211.557 211.766 211.998
211.985 212.675 213.844
211.376 212.669 214.115
211.761 212.494 213.555
211.946 212.644 213.987
211.600 213.219 214.543
211.468 211.605 211.727
212.016 213.563 215.635
211.522 212.704 214.623
210.983 212.500 214.591
211.474 212.999 215.179
211.668 213.094 214.531
211.533 213.037 214.608
211.381 211.924 212.571
211.568 212.381 213.411
211.445 212.576 213.892
