228.859 229.116 229.321
228.772 229.024 229.195
228.965 229.196 229.696
229.128 229.412 229.653
228.953 229.785 231.783
228.839 229.838 231.555
228.947 229.137 229.230
228.846 230.069 231.663
229.011 230.208 231.585
228.772 229.613 231.546
228.835 229.133 229.606
228.743 229.132 229.368
228.805 229.513 231.486
229.153 230.184 231.426
228.841 229.474 231.593
228.995 229.649 231.551
229.018 230.109 231.506
228.847 230.099 231.592
228.937 229.874 231.432
228.906 229.131 229.295
229.208 229.387 229.501
228.865 230.163 231.896
228.866 229.701 231.642
229.325 229.793 231.378
228.872 229.504 231.430
228.884 228.986 229.092
228.994 229.784 231.635
228.875 229.150 229.461
229.108 229.399 229.590
228.853 229.104 229.556
228.886 229.606 231.420
228.825 229.610 231.647
228.758 229.843 232.101
229.156 229.885 231.612
228.856 228.976 229.132
229.024 230.056 231.450
228.820 230.088 231.538
228.791 229.193 229.741
228.961 229.761 231.564
228.871 229.119 229.360
228.935 229.750 231.671
228.885 229.043 229.412
229.048 229.697 231.498
228.783 230.042 231.593
228.772 228.999 229.186
228.951 229.178 229.658
228.862 229.752 231.515
228.911 229.658 231.521
228.848 229.458 231.404
228.901 229.064 229.165
228.827 229.999 231.659
228.815 229.159 229.433
228.768 229.166 229.414
228.899 230.268 231.802
228.990 229.735 231.411
229.022 229.689 231.473
228.881 229.170 229.542
228.828 229.709 232.225
228.842 229.117 229.439
228.845 229.600 231.741
228.749 230.146 231.683
228.778 229.444 231.467
229.126 230.680 231.576
229.093 229.837 231.705
228.799 229.021 229.245
228.926 229.260 229.847
228.975 229.211 229.404
228.825 229.153 229.575
228.880 229.524 231.398
228.876 229.726 231.861
228.738 229.982 231.836
228.864 229.706 231.684
228.938 229.195 229.617
228.886 229.608 231.483
228.877 229.184 229.483
228.937 230.076 231.669
228.781 229.078 229.334
228.865 229.646 231.506
229.113 231.099 231.704
228.806 230.075 231.654
229.033 229.701 231.896
229.028 229.652 231.530
228.936 229.554 231.637
228.919 229.290 229.890
228.746 229.590 231.506
228.872 229.004 229.397
229.029 229.194 229.519
228.934 229.271 229.800
228.895 229.071 229.380
228.853 229.714 231.646
229.388 230.265 231.505
228.812 230.124 231.550
229.011 230.150 231.654
228.991 229.239 229.439
228.855 229.647 231.588
229.038 229.808 231.504
228.906 229.521 231.528
228.844 229.377 229.584
228.814 229.149 229.627
228.956 229.769 231.634
228.755 229.004 229.317
228.961 229.581 231.545
229.048 230.237 231.612
228.900 228.980 229.128
229.022 229.526 229.930
228.798 229.631 231.451
228.774 229.198 229.689
229.165 229.879 232.095
228.995 230.085 232.340
229.047 229.145 229.453
228.826 229.658 231.591
228.963 229.581 231.460
228.877 229.071 229.234
228.833 229.119 229.355
229.032 229.766 231.997
228.893 230.210 231.450
228.891 229.247 229.591
228.785 229.211 229.907
228.970 229.641 231.467
228.901 229.248 229.582
228.887 230.146 231.565
229.055 230.185 231.643
229.030 229.406 229.834
228.946 229.525 231.431
228.798 230.153 231.837
228.849 229.166 229.508
229.120 230.648 231.867
228.996 229.771 231.569
228.807 229.113 229.435
228.919 229.505 231.460
228.988 229.305 230.012
228.894 229.550 231.520
228.911 229.801 231.872
228.821 229.934 231.526
228.802 229.635 231.968
228.771 229.047 229.281
228.909 229.749 231.915
229.081 229.355 229.586
228.868 229.240 229.831
228.908 229.636 231.407
228.802 229.601 232.407
228.835 229.104 229.779
229.294 229.921 231.795
228.822 229.474 231.514
228.867 229.182 229.604
228.831 229.662 231.450
228.931 229.049 229.356
228.916 229.195 229.757
228.782 229.653 232.018
229.010 229.645 231.652
228.896 229.571 231.396
229.012 229.206 229.419
228.873 229.446 231.428
228.902 229.631 231.482
228.956 229.237 229.427
228.834 229.164 229.447
229.046 229.728 231.338
229.232 230.238 231.615
228.855 229.415 229.977
229.110 229.640 231.410
228.905 229.732 231.448
229.015 230.088 231.697
228.832 229.223 229.692
228.945 229.945 231.397
228.810 230.870 232.214
228.910 230.236 234.172
228.790 229.081 229.263
229.069 229.298 229.733
228.871 229.134 229.381
228.993 230.121 231.522
228.864 229.211 229.452
228.896 229.903 231.731
228.962 229.676 231.986
228.788 229.126 229.452
228.811 229.117 229.404
229.083 229.271 229.486
228.799 229.608 231.685
228.802 229.605 231.650
228.977 229.390 229.694
229.052 229.662 231.612
229.044 229.197 229.391
229.236 229.387 229.677
229.022 229.781 231.603
228.960 229.231 229.561
228.874 229.152 229.381
229.392 230.314 231.498
228.915 229.560 231.521
228.783 230.057 231.593
228.910 229.206 229.526
228.852 229.059 229.263
229.051 230.229 231.689
228.851 231.047 231.704
228.939 229.053 229.154
228.923 229.860 231.482
228.929 229.123 229.644
229.007 229.200 229.472
228.825 229.127 229.564
229.158 229.980 231.721
228.896 229.040 229.366
228.790 229.208 229.826
228.967 229.224 229.552
229.069 229.757 231.395
228.950 229.792 231.573
228.812 229.082 229.402
228.913 229.756 231.586
228.874 229.584 231.565
228.901 229.644 231.570
228.876 229.211 229.575
228.842 229.163 229.766
228.876 229.671 231.768
228.945 229.658 231.533
229.216 230.334 231.711
229.269 231.492 237.251
228.975 230.254 231.703
229.216 230.432 231.753
228.922 229.122 229.376
228.978 229.443 230.037
229.024 229.846 231.470
229.045 229.854 231.553
228.837 229.091 229.457
228.799 229.482 231.506
229.158 229.895 231.572
232.830 245.840 254.658
228.979 229.255 229.664
228.995 229.285 229.621
228.860 230.280 235.203
228.975 229.497 229.995
229.000 229.247 229.664
228.981 229.726 231.565
229.179 230.239 231.658
229.092 229.420 230.054
228.923 230.148 231.886
228.994 229.803 231.779
228.836 229.215 229.495
228.963 229.416 229.941
228.842 230.696 232.381
228.861 229.259 229.677
229.670 233.206 237.491
228.936 229.189 229.494
236.155 243.750 259.468
229.146 233.610 239.837
230.487 234.109 241.754
228.757 230.050 231.761
229.371 239.153 248.938
245.098 252.788 259.051
229.245 234.137 241.703
230.304 248.733 259.450
235.299 247.254 261.728
233.921 240.027 249.509
229.244 236.417 244.915
229.013 229.571 230.718
229.241 229.450 229.687
229.062 230.370 233.621
229.071 230.226 231.926
228.782 233.269 238.086
239.539 248.342 262.162
246.261 255.734 273.992
240.682 248.463 261.073
262.157 267.577 273.303
252.082 261.656 274.981
229.594 235.404 241.132
231.715 243.286 255.828
229.128 230.239 232.920
229.131 230.950 233.814
230.977 246.822 259.045
229.050 242.642 248.659
229.406 235.948 250.333
228.778 229.329 230.110
228.751 229.279 229.608
229.073 231.100 235.048
228.988 229.318 229.614
228.899 229.274 230.311
229.016 229.315 229.531
229.081 232.479 241.269
228.826 229.503 230.411
228.995 229.256 229.430
228.980 229.391 229.824
229.202 229.948 231.597
228.954 229.041 229.263
229.050 229.954 231.550
228.807 229.039 229.238
228.936 229.105 229.395
228.895 230.115 231.701
228.834 229.180 229.368
228.854 229.337 229.606
228.855 229.341 229.839
229.086 229.360 229.572
228.800 229.225 229.854
229.164 229.302 229.528
228.884 229.593 231.446
228.904 229.938 232.064
228.916 229.613 231.512
229.234 230.244 231.750
229.190 230.253 231.794
228.966 229.335 229.824
229.085 229.708 231.492
228.837 229.571 231.460
229.226 230.020 231.976
229.223 229.902 231.647
229.191 230.350 231.771
229.086 229.676 231.519
228.772 229.444 231.551
228.990 229.751 231.727
228.795 229.296 230.494
228.862 230.148 231.802
228.848 229.111 229.475
228.894 229.061 229.402
228.856 229.582 231.461
228.989 229.086 229.201
228.965 230.161 231.733
228.785 229.205 229.961
229.034 229.303 229.562
228.823 229.374 229.808
229.009 229.792 231.723
229.059 229.155 229.398
228.974 229.733 231.709
229.074 230.108 231.385
228.912 229.068 229.209
228.978 229.670 231.801
228.930 229.818 231.424
228.942 229.604 231.452
228.915 230.035 231.646
228.741 229.596 231.713
229.036 229.684 231.784
229.134 230.137 231.480
229.003 230.235 231.625
228.990 229.371 229.752
228.922 229.656 231.809
228.910 229.298 229.832
228.726 229.512 231.545
228.887 229.237 229.829
229.092 230.312 232.140
229.131 229.694 231.490
229.137 230.150 231.699
229.050 229.808 231.535
228.809 229.562 231.434
229.052 229.702 231.365
229.023 229.177 229.584
229.006 229.818 231.963
229.010 229.283 229.909
229.109 229.336 229.579
229.129 229.377 229.953
228.966 229.754 231.847
228.967 229.699 231.516
228.867 229.098 229.438
228.801 229.998 231.611
228.913 229.634 231.412
228.822 229.489 231.700
229.046 229.651 231.569
228.842 229.653 231.649
228.938 229.154 229.436
228.945 229.614 231.418
228.831 229.555 231.495
228.793 229.121 229.486
228.849 230.214 231.738
229.100 229.426 229.867
228.889 229.600 231.773
229.032 229.333 229.834
229.036 229.703 231.643
229.151 230.156 231.426
228.852 229.853 232.117
228.928 230.077 231.572
228.817 229.332 229.931
228.936 229.118 229.256
228.770 229.207 229.490
228.944 230.123 231.964
228.797 229.615 231.385
228.780 229.618 231.838
228.811 230.351 231.891
228.822 229.247 229.577
228.869 230.107 231.679
228.860 229.199 229.500
229.010 229.207 229.330
229.105 229.838 231.883
229.089 229.638 231.689
228.924 229.875 231.785
229.065 230.163 231.691
228.833 230.555 231.765
228.999 229.721 231.392
228.892 229.686 231.349
228.867 230.053 231.549
228.751 229.498 231.662
228.902 229.030 229.224
229.056 229.709 231.562
229.075 229.291 229.721
229.039 229.317 229.610
228.824 229.215 229.559
229.115 229.683 231.445
228.793 229.732 231.447
228.839 229.056 229.265
229.023 229.755 231.569
229.073 229.327 229.630
229.033 229.369 229.758
228.839 229.463 229.860
228.864 229.680 231.735
229.136 230.266 231.635
228.786 229.370 231.448
228.928 229.740 231.581
229.207 230.196 231.593
228.767 229.627 231.591
229.001 229.894 231.867
228.835 229.758 231.791
228.977 230.189 231.867
228.983 229.253 229.659
229.091 229.683 231.466
229.155 229.741 231.586
229.053 229.671 231.532
228.864 230.592 231.740
229.136 229.421 230.131
229.200 230.315 231.919
228.869 230.231 231.588
228.971 229.347 229.807
228.897 229.196 229.444
228.877 229.697 231.469
228.923 229.123 229.293
228.949 229.813 232.082
228.872 229.570 231.535
228.787 230.055 231.752
228.903 229.819 231.653
228.943 229.204 229.503
228.998 229.351 229.851
229.146 229.734 231.407
228.979 229.258 229.617
228.739 229.191 229.482
228.804 229.185 229.826
229.342 229.449 229.677
228.726 229.457 231.590
229.082 229.158 229.235
228.949 229.295 229.622
228.925 229.553 231.374
229.089 229.320 229.531
229.000 229.846 231.540
228.909 229.399 229.888
229.265 229.830 231.457
228.887 229.324 229.853
229.109 229.819 231.889
228.808 229.121 229.724
228.882 229.654 231.647
228.822 230.136 231.753
229.027 229.217 229.438
228.977 229.703 231.674
228.735 229.005 229.217
228.767 229.254 229.885
228.702 229.729 231.863
228.895 229.046 229.373
228.855 229.463 231.512
229.095 229.232 229.458
229.124 229.672 231.502
229.189 230.732 231.811
229.002 230.138 231.696
228.831 229.520 231.643
228.871 229.531 231.454
228.775 230.026 231.683
228.994 230.204 231.852
229.023 230.274 231.844
228.978 230.191 231.808
228.810 229.499 231.456
228.797 229.289 229.952
228.778 229.679 231.853
228.864 230.665 231.880
228.796 229.036 229.381
229.126 230.648 231.711
229.147 229.463 229.643
228.799 229.447 231.392
228.952 229.643 231.629
229.062 230.333 231.905
228.831 229.515 231.395
228.793 229.559 231.363
228.754 229.719 231.857
229.131 229.289 229.472
228.893 229.194 229.513
228.719 229.257 229.831
228.987 229.642 232.102
229.125 229.859 231.721
229.054 229.350 229.778
228.875 229.133 229.880
229.083 229.379 229.868
229.247 230.699 231.829
228.895 229.757 231.324
228.789 230.097 231.682
228.823 229.105 229.329
228.779 228.933 229.127
229.112 229.873 231.768
228.710 229.639 231.757
228.856 229.006 229.339
228.856 230.058 231.928
228.795 230.070 231.853
228.993 229.677 231.499
228.887 229.467 231.422
228.937 229.506 231.394
228.863 229.585 231.634
229.093 229.716 231.719
228.952 229.154 229.807
229.031 229.743 231.470
229.036 229.807 231.444
228.829 229.836 231.538
228.773 229.112 229.709
228.726 229.035 229.399
228.904 229.755 231.357
228.869 230.122 231.847
228.980 230.131 231.880
229.086 231.130 232.056
228.952 230.070 231.813
228.845 229.108 229.239
228.915 229.391 229.805
229.013 229.618 231.455
228.732 228.917 229.142
229.002 229.259 229.430
228.841 229.574 231.489
228.957 229.370 229.818
228.802 229.212 229.573
229.112 229.775 231.441
228.891 229.501 231.399
228.937 229.094 229.421
228.960 230.597 231.432
228.746 228.985 229.238
229.337 230.269 231.573
228.721 229.100 229.313
229.065 230.153 231.443
228.832 229.630 231.509
228.850 230.510 231.455
228.715 229.263 229.537
228.840 229.471 231.427
228.985 229.174 229.426
228.961 229.251 229.472
229.144 229.758 231.618
228.756 230.035 231.740
229.110 229.261 229.719
228.976 229.616 231.490
228.752 229.662 231.614
229.217 230.314 231.735
228.926 229.693 231.465
228.892 229.016 229.153
228.929 230.122 231.507
228.770 229.279 229.781
228.797 229.024 229.615
228.736 229.388 231.607
228.791 229.622 231.467
228.793 229.430 231.399
228.973 229.558 231.385
228.890 229.498 231.518
229.107 229.846 231.457
229.055 229.167 229.269
228.939 229.041 229.116
228.748 230.065 231.615
229.013 229.192 229.441
228.822 230.039 231.570
228.786 229.160 229.701
229.136 229.850 231.810
228.883 230.736 231.718
228.740 228.875 229.025
228.930 230.239 231.622
228.963 229.070 229.193
228.898 229.189 229.640
228.831 229.908 231.378
228.781 229.016 229.370
228.933 230.117 231.528
228.798 229.208 229.647
228.899 229.597 231.691
228.825 229.149 229.447
228.939 229.634 231.407
229.035 229.752 231.452
228.971 230.258 234.387
228.768 229.663 231.461
228.884 229.055 229.360
229.110 229.823 231.508
228.826 229.525 231.517
228.821 229.935 231.439
228.820 229.135 229.454
228.706 230.015 231.432
228.954 230.115 231.567
228.984 229.708 231.489
228.864 229.033 229.527
228.867 229.253 229.837
229.003 229.216 229.506
228.773 229.555 231.427
229.094 229.746 231.457
228.824 229.116 229.470
229.222 230.229 231.632
228.993 229.260 229.549
228.780 228.993 229.434
228.844 229.566 231.640
228.847 229.155 229.462
229.508 230.495 231.780
228.922 230.050 231.546
229.093 230.177 231.550
228.801 229.836 231.817
228.801 228.983 229.139
228.931 229.621 231.602
228.877 228.969 229.037
228.840 229.597 231.486
228.880 229.658 231.523
228.990 229.325 229.709
228.872 229.569 232.108
228.702 229.905 231.591
228.865 229.517 231.480
228.868 229.341 229.634
228.758 229.521 231.420
228.848 230.129 231.627
228.957 229.190 229.638
228.855 229.676 231.555
228.975 229.856 231.472
228.731 229.154 229.419
228.884 229.154 229.525
229.121 229.457 229.656
228.801 230.358 231.563
228.942 229.769 231.417
228.708 229.418 231.457
229.030 230.157 231.740
228.979 230.069 231.498
229.024 229.563 231.387
228.936 229.545 231.750
229.103 230.651 231.543
228.942 229.107 229.420
228.792 229.056 229.501
228.831 229.291 229.617
228.867 229.107 229.439
228.846 229.611 231.654
228.835 229.292 229.657
228.898 229.561 231.396
228.862 229.039 229.397
228.827 229.589 231.430
228.902 229.528 231.466
228.827 229.918 231.642
228.735 229.247 229.698
228.854 229.050 229.185
229.020 230.947 231.514
229.005 229.857 231.800
228.826 229.581 231.479
228.848 229.552 231.590
228.990 229.149 229.679
229.156 229.384 229.848
228.822 229.092 229.436
228.789 228.990 229.421
228.767 229.479 231.569
228.965 229.230 229.507
228.927 229.599 231.314
228.910 229.134 229.553
228.830 229.153 229.571
228.922 229.011 229.112
228.837 229.551 231.516
228.884 229.247 229.437
229.061 229.666 231.218
228.998 230.047 231.468
228.807 230.935 233.036
228.757 229.467 231.440
228.831 229.172 229.810
228.854 229.196 229.758
228.789 229.158 229.541
228.837 229.165 229.525
228.915 229.799 231.373
228.738 228.995 229.228
228.958 229.706 231.391
228.992 229.199 229.576
229.209 230.347 231.705
228.835 229.031 229.210
228.984 229.862 232.139
228.994 229.190 229.529
228.938 229.924 231.450
228.925 229.143 229.383
229.030 230.102 231.606
228.838 230.057 231.858
228.767 229.968 231.608
228.789 229.181 229.987
228.789 228.998 229.141
228.886 229.264 230.132
228.821 229.129 229.655
228.974 230.072 231.970
228.985 230.041 231.633
228.756 230.502 231.653
228.813 229.141 229.502
228.858 229.500 231.480
229.265 230.237 231.696
228.878 229.963 233.241
228.761 229.120 229.391
228.751 228.962 229.128
228.960 230.569 231.866
229.027 229.140 229.212
228.827 229.114 229.869
228.938 230.086 231.584
228.834 229.110 229.443
228.894 229.511 231.445
228.821 229.060 229.245
228.877 229.578 231.639
228.721 229.474 231.685
228.842 229.078 229.241
228.828 229.091 229.464
228.960 229.163 229.334
228.714 229.924 231.711
228.802 229.225 229.548
228.928 229.567 231.484
228.966 229.320 229.437
229.070 230.228 231.553
229.023 230.101 231.460
228.931 229.218 229.642
228.906 229.662 231.477
228.789 229.069 229.650
228.895 229.488 231.567
229.208 230.241 231.559
228.753 229.059 229.466
228.987 230.263 232.296
228.921 229.628 231.587
229.216 230.858 231.614
228.997 229.131 229.283
228.851 229.534 231.378
229.030 229.569 231.413
229.005 229.177 229.565
228.930 229.154 229.525
228.768 229.101 229.348
228.805 229.507 231.616
229.146 229.696 231.502
228.851 229.238 229.570
228.882 229.333 229.822
228.776 230.137 231.574
228.744 229.065 229.355
229.087 230.314 231.571
228.888 229.255 229.431
228.865 229.501 231.633
228.822 229.042 229.315
228.732 228.966 229.355
229.020 229.117 229.335
229.141 229.414 229.741
228.694 229.448 231.615
228.662 228.984 229.178
228.754 229.131 229.609
229.414 230.281 231.611
229.073 229.616 231.583
228.783 229.650 231.538
229.003 229.213 229.485
229.019 230.225 231.543
229.078 229.198 229.428
228.805 229.721 232.512
229.108 230.159 231.618
229.024 230.631 231.471
228.800 228.990 229.448
228.853 230.020 231.578
228.742 229.046 229.685
228.747 229.164 229.557
229.008 229.614 231.536
228.834 229.060 229.311
229.057 230.123 231.553
228.850 229.558 231.498
228.996 229.690 231.541
228.961 229.347 229.553
229.173 229.917 231.630
228.947 229.829 231.562
228.766 228.998 229.514
228.901 229.587 231.521
228.802 229.371 229.916
228.906 229.205 229.533
228.771 229.526 231.577
228.989 230.162 231.917
228.833 229.437 231.441
228.868 232.939 248.342
277.112 292.784 298.344
280.886 288.803 295.938
228.850 229.096 229.398
229.323 230.827 232.020
228.861 230.056 231.661
228.822 229.029 229.229
228.871 228.914 228.953
233.497 236.559 241.802
229.094 229.701 231.531
228.766 229.386 231.484
228.911 229.285 229.526
228.967 229.137 229.519
228.765 228.980 229.318
228.813 229.409 231.496
228.970 229.742 231.607
228.754 229.098 229.506
288.753 290.388 292.307
289.371 290.136 291.380
289.058 290.510 292.431
279.198 287.624 291.409
276.521 288.147 293.989
276.695 288.430 292.355
276.495 284.816 291.423
289.470 290.970 291.777
288.770 290.071 291.864
276.796 287.333 290.129
289.159 290.424 292.431
276.699 286.754 290.038
288.991 289.357 290.007
289.741 291.123 292.352
277.011 288.944 294.285
277.115 287.145 291.672
288.944 290.482 291.636
276.603 287.342 291.891
276.508 284.422 289.911
276.788 287.255 291.707
289.090 290.393 292.354
289.178 289.779 290.374
289.026 290.751 292.437
279.113 283.738 291.224
277.451 287.268 291.295
277.080 287.392 291.619
288.726 289.699 291.585
276.516 287.119 291.182
289.460 290.960 292.387
277.185 287.431 291.834
290.282 291.071 291.959
289.599 289.852 290.303
289.087 290.141 291.527
276.555 287.494 291.875
288.646 291.186 294.009
288.992 289.658 291.846
276.980 285.403 292.482
276.697 286.987 290.150
276.875 286.756 289.346
288.705 289.828 291.786
276.495 286.911 290.348
289.144 290.280 291.618
289.102 289.882 291.539
289.429 289.635 289.811
276.572 287.551 291.620
277.106 288.148 291.573
289.231 290.728 292.586
276.770 288.508 293.872
276.640 282.642 291.223
276.656 288.336 291.950
289.027 289.297 289.688
276.941 287.542 292.020
276.635 283.627 293.915
288.893 289.476 290.095
276.852 284.508 290.034
291.340 291.711 292.469
288.800 290.041 291.605
279.172 288.905 294.009
276.738 287.358 291.314
276.738 285.686 293.993
289.001 290.607 292.064
278.411 287.656 291.975
276.637 285.313 291.766
276.622 282.812 291.922
276.669 285.282 291.914
276.604 284.536 291.409
289.036 289.935 291.413
289.263 289.927 291.926
277.323 287.023 290.053
276.807 287.232 290.477
276.698 285.163 292.198
277.521 287.693 291.499
277.683 287.886 291.720
276.684 283.164 292.373
289.071 289.340 290.101
276.906 287.484 291.840
277.219 287.252 291.415
289.726 290.931 291.752
276.560 285.203 291.565
289.108 290.342 294.213
288.922 289.575 290.180
277.303 288.457 293.851
289.300 289.828 290.902
289.614 290.583 294.128
289.088 290.920 293.939
289.311 290.201 292.320
276.904 287.243 291.470
289.198 289.551 290.123
276.819 284.955 291.549
276.566 285.320 291.927
289.204 291.298 292.384
277.183 285.613 291.911
289.363 289.987 291.747
289.240 289.898 290.376
279.118 288.060 291.807
276.614 285.294 291.556
276.737 286.501 293.977
288.915 290.357 292.339
279.221 287.688 291.340
279.097 288.157 294.071
288.803 289.672 291.458
288.695 289.921 291.911
288.817 290.770 292.599
289.053 290.067 291.672
276.676 288.348 293.825
289.171 290.897 292.477
289.034 289.433 290.286
276.731 284.188 289.281
277.098 288.339 292.647
289.402 290.497 291.866
277.228 287.328 291.991
289.087 290.316 292.123
289.131 290.636 291.928
276.851 287.310 291.807
276.970 287.283 291.487
276.578 284.754 289.990
289.091 289.297 289.655
277.385 287.440 291.831
276.630 286.728 289.472
279.264 286.490 291.692
277.072 288.875 292.616
289.202 290.035 291.776
276.702 286.715 289.411
288.900 289.711 291.683
276.586 287.427 292.496
289.602 290.883 291.660
276.515 285.307 291.881
279.458 288.412 292.009
288.976 289.750 291.397
276.560 285.232 291.340
288.992 289.752 291.499
288.714 290.298 293.892
279.170 288.234 291.294
276.483 287.546 291.602
288.981 290.259 291.842
277.485 288.034 292.542
288.784 290.220 291.892
277.207 285.440 291.746
289.150 291.443 293.968
289.082 289.950 291.701
279.192 287.288 289.943
289.183 290.239 291.900
289.114 290.845 292.023
288.908 289.680 291.323
277.308 287.149 289.860
276.959 287.382 291.505
289.036 289.691 291.338
277.073 287.444 291.611
289.375 291.063 292.384
276.913 286.824 289.424
289.212 290.329 291.421
277.229 287.446 291.845
277.084 285.589 292.879
276.897 287.739 292.039
289.074 290.293 292.540
277.496 288.553 294.092
276.855 284.764 291.356
276.626 287.599 291.598
276.894 287.874 292.734
276.528 284.724 289.587
289.307 290.256 291.808
289.161 289.863 291.452
288.999 289.909 291.731
288.957 289.631 291.192
277.279 287.036 289.813
289.155 290.150 292.481
276.858 287.050 289.989
289.186 289.993 291.850
276.725 286.859 289.727
276.858 284.750 289.376
276.794 287.039 289.844
288.693 290.492 294.068
276.880 287.059 290.246
289.033 290.331 291.644
289.648 289.923 290.423
289.035 289.382 290.382
279.097 287.551 291.306
276.927 285.298 291.675
289.134 289.198 289.302
277.009 288.219 291.669
276.450 285.344 291.922
276.536 287.799 291.696
276.594 287.397 291.737
277.219 285.819 291.860
289.161 290.422 292.009
288.927 289.380 289.709
276.643 287.312 292.005
277.114 284.954 291.804
276.863 287.756 292.102
276.546 287.936 292.649
276.942 288.137 291.677
276.924 284.341 289.318
289.070 290.308 292.095
276.866 287.383 291.351
276.582 284.718 291.632
276.694 287.914 291.725
276.533 282.428 292.401
289.256 290.516 291.669
276.554 288.310 292.439
276.950 285.213 291.635
276.677 288.245 291.887
288.871 290.416 291.796
288.972 289.316 289.779
276.541 284.640 289.941
276.687 287.970 292.529
289.271 289.974 291.911
288.804 290.144 291.909
276.834 287.360 291.585
289.124 290.780 291.764
279.300 287.947 291.453
276.583 286.618 289.396
288.914 290.986 293.916
276.627 288.389 293.958
289.121 290.019 291.635
289.093 289.870 291.544
289.428 290.618 292.346
276.592 287.774 291.682
277.150 287.514 292.315
289.168 289.665 290.375
276.889 287.597 292.063
289.167 290.067 291.986
276.761 285.248 291.756
289.420 290.381 291.654
277.267 287.945 291.578
289.124 290.622 292.113
288.915 289.721 291.705
289.317 290.805 292.063
276.726 285.218 291.449
277.063 287.860 291.485
289.490 290.863 291.949
289.266 289.905 291.675
276.706 285.290 291.681
279.336 288.201 291.793
288.934 291.238 291.936
289.110 289.983 291.700
289.315 291.343 291.974
289.798 292.224 293.860
277.990 287.856 291.879
276.751 287.619 291.585
289.565 291.194 291.946
276.908 287.074 289.812
279.386 288.251 291.413
288.750 290.473 291.689
276.598 287.768 291.903
276.736 287.318 291.485
289.078 289.781 291.603
289.077 290.388 292.313
276.940 284.413 289.378
289.138 290.688 291.939
288.829 290.614 293.933
276.809 286.756 289.580
276.502 287.738 291.533
289.366 290.453 291.658
289.015 290.585 291.422
276.867 287.466 291.990
289.122 290.378 292.265
289.121 291.007 291.684
290.122 291.745 293.860
276.798 287.154 291.404
276.748 285.103 290.281
289.184 289.772 291.279
276.868 287.825 292.432
289.239 290.352 293.946
276.889 287.846 291.608
279.305 287.375 290.300
276.877 287.432 291.421
229.103 229.738 231.543
228.790 229.772 231.641
228.910 230.130 232.162
228.929 229.802 231.158
228.738 228.980 229.200
228.787 229.639 231.608
228.855 229.668 231.723
228.805 229.161 229.522
228.977 229.551 231.391
228.775 229.775 231.732
228.794 229.530 230.382
228.898 229.710 231.412
228.767 230.678 232.413
228.901 229.127 229.578
228.752 229.312 230.485
229.451 229.939 231.494
229.098 229.749 231.602
229.050 230.559 231.790
228.917 229.059 229.372
228.763 229.610 231.475
229.121 230.211 231.484
228.993 229.256 229.571
229.039 230.033 231.589
228.890 229.177 229.398
228.952 229.847 232.106
228.758 229.148 229.535
228.803 229.139 229.445
228.847 229.050 229.591
228.683 229.062 229.647
228.824 229.838 231.427
228.821 229.154 229.497
228.873 230.172 232.464
228.890 229.125 229.421
228.905 229.669 231.498
228.928 229.569 231.482
288.900 290.273 291.989
288.977 289.975 291.728
276.861 288.334 293.827
276.789 286.625 289.486
276.752 286.606 289.337
276.966 286.715 289.410
277.256 287.927 291.827
276.634 284.627 290.047
288.954 290.400 291.831
289.090 289.400 289.841
276.684 285.481 291.646
289.354 290.291 291.660
289.303 290.163 291.357
289.196 290.723 291.672
276.915 287.994 293.474
289.057 290.484 292.262
276.753 286.895 289.565
276.847 287.404 291.329
279.333 288.085 291.446
277.188 288.388 291.899
288.951 290.469 291.923
276.621 284.601 290.262
279.495 288.105 291.753
289.054 289.842 291.667
276.887 285.151 291.455
288.944 289.620 291.393
280.256 288.268 291.727
276.508 286.840 290.076
277.039 286.727 289.362
277.497 287.987 291.677
277.559 288.376 293.995
279.238 287.909 291.551
289.075 289.947 291.680
289.049 290.657 292.733
289.055 289.830 291.901
277.411 287.435 291.886
276.557 284.292 289.682
277.567 287.200 290.065
277.364 285.622 291.718
289.267 290.360 291.946
277.177 288.370 292.590
288.861 289.364 290.438
288.972 290.055 291.591
288.976 290.192 293.965
288.987 290.613 291.639
289.232 290.787 291.788
288.852 290.058 291.978
288.932 290.438 292.543
289.346 291.773 293.978
288.854 289.656 291.547
289.113 290.290 292.057
289.141 289.814 291.379
289.329 290.278 291.449
288.760 289.694 291.809
288.976 289.817 291.724
289.148 289.841 291.879
288.971 289.545 289.943
289.091 289.440 289.832
288.938 289.691 291.825
288.988 289.361 289.675
289.045 290.689 291.896
289.047 289.816 292.104
289.280 290.264 291.604
289.043 290.181 291.813
289.204 290.707 291.654
288.891 289.767 291.843
289.551 291.002 294.112
289.148 289.859 291.978
289.044 290.198 294.048
289.279 291.261 291.919
288.793 289.219 289.643
289.097 290.753 292.115
288.968 290.693 294.065
289.413 290.566 291.931
289.061 289.349 289.710
287.080 287.619 288.341
287.195 288.306 289.727
287.184 287.966 289.991
287.201 287.445 287.912
287.201 288.024 289.696
287.093 288.055 289.951
287.279 287.556 287.859
287.033 287.326 287.451
287.097 287.767 289.739
287.426 288.919 289.980
287.209 287.523 287.915
287.322 287.427 287.553
287.496 287.636 287.879
287.521 288.128 289.888
287.141 287.665 287.828
287.142 287.729 288.157
287.190 287.345 287.665
288.001 289.346 289.740
287.343 288.396 290.079
287.113 287.465 287.908
287.056 288.177 289.728
287.744 288.555 289.761
287.378 288.496 289.962
287.145 287.663 288.053
287.070 287.753 289.731
287.191 287.383 287.745
287.125 287.798 289.738
287.030 288.089 290.034
287.446 289.305 289.984
287.284 287.845 289.767
287.174 289.708 294.190
287.197 287.488 288.088
287.055 287.815 290.118
277.008 285.648 290.740
277.052 285.167 292.079
276.702 283.216 292.763
276.818 287.615 291.435
277.069 288.497 294.080
277.156 286.657 294.197
276.744 288.239 292.311
276.727 287.820 291.707
276.757 279.984 291.868
277.261 288.422 292.953
289.366 291.217 291.933
289.505 290.445 291.905
289.648 290.875 292.169
309.450 310.241 312.012
309.321 310.070 312.301
309.577 310.328 312.033
309.652 309.886 310.342
309.527 310.605 312.243
309.616 310.281 312.285
309.479 310.205 312.250
309.477 310.168 312.182
309.493 309.723 310.114
309.583 310.833 312.097
309.365 309.565 309.671
309.555 310.058 311.953
309.537 310.649 312.180
309.396 310.157 312.031
309.794 310.802 312.141
309.864 310.909 312.413
309.586 309.775 310.007
309.560 310.465 312.425
309.400 309.530 309.729
309.702 309.951 310.254
309.582 309.864 310.248
309.443 309.592 309.745
309.381 309.630 309.883
309.725 311.303 312.621
309.346 309.729 310.314
309.516 310.720 312.218
309.654 310.256 312.097
309.686 310.277 312.231
309.560 310.178 312.185
309.674 310.727 312.234
309.739 310.314 312.072
276.856 288.801 292.114
279.523 288.462 292.013
276.721 287.475 292.764
276.768 288.703 293.959
289.380 291.217 291.800
276.743 285.845 293.981
289.094 290.421 291.671
289.724 291.405 292.173
276.469 285.010 291.531
276.817 282.000 289.634
276.712 284.315 289.804
276.680 286.991 289.920
289.368 290.096 291.598
277.051 284.906 290.407
289.482 289.808 290.193
277.412 287.254 290.167
276.858 287.813 291.690
289.219 289.735 290.273
289.167 289.831 291.617
276.533 284.634 289.437
289.669 291.189 292.802
289.153 290.058 291.369
289.066 289.953 292.248
277.306 286.377 293.874
289.053 289.856 291.630
277.233 285.911 292.100
288.982 290.382 292.448
289.342 289.620 289.909
276.952 285.202 294.260
289.090 289.981 291.394
276.927 287.458 291.764
229.161 229.713 231.468
229.054 229.261 229.620
228.815 229.669 231.807
228.928 229.613 231.512
228.711 230.446 231.595
228.891 229.788 231.595
228.940 229.309 229.646
228.890 229.643 231.682
228.798 229.121 229.458
228.683 229.966 231.662
228.892 229.744 231.622
228.887 229.560 231.423
228.994 229.175 229.397
228.837 229.530 231.452
228.863 229.427 231.433
228.914 229.328 229.699
228.843 229.253 229.864
228.960 229.578 231.557
228.874 229.611 231.697
228.715 229.816 231.847
229.019 229.219 229.338
228.785 230.100 231.683
228.991 229.225 229.371
228.811 229.810 231.642
228.871 229.107 229.375
228.972 229.112 229.396
228.967 229.635 231.624
229.127 230.551 231.566
228.877 229.789 231.443
228.899 230.131 231.656
228.971 230.115 231.574
228.762 228.997 229.263
229.013 229.652 231.721
228.999 229.738 231.837
228.947 230.098 231.612
228.922 229.828 231.502
228.872 229.124 229.489
228.875 230.042 231.969
228.841 229.058 229.395
228.679 229.446 231.679
228.904 229.032 229.237
228.970 229.237 229.562
228.826 229.213 229.516
228.820 230.259 231.735
229.127 229.365 229.785
228.928 229.677 231.531
229.100 229.751 231.639
228.841 229.028 229.236
228.792 229.133 229.467
228.798 229.505 231.442
228.925 230.117 231.620
228.796 230.088 231.889
228.884 229.206 229.547
228.838 229.547 231.510
228.711 230.017 231.625
228.748 229.445 231.375
228.932 229.569 231.408
228.881 229.551 231.455
228.879 229.028 229.523
228.760 229.168 229.483
228.732 229.054 229.440
229.147 229.428 229.793
228.818 229.674 231.386
228.760 229.675 231.726
229.128 229.703 231.703
229.316 230.300 231.918
229.003 230.201 231.712
229.189 229.292 229.393
228.740 229.987 231.680
228.883 229.606 231.513
228.990 229.378 229.680
228.904 229.734 231.830
228.722 229.627 231.465
228.855 230.020 231.603
229.077 229.796 231.601
228.791 229.285 229.565
228.788 230.025 231.514
228.768 228.988 229.217
228.822 229.214 229.733
228.836 229.463 231.411
228.888 229.075 229.401
229.019 229.604 231.426
229.354 229.961 231.593
228.958 230.512 231.678
228.974 230.147 231.741
228.747 229.032 229.330
228.934 229.122 229.522
228.815 229.502 231.535
228.805 230.057 231.481
228.853 229.490 231.451
228.849 229.419 231.358
228.807 230.461 231.621
228.748 230.502 231.652
228.831 230.066 231.594
228.699 230.049 231.887
228.815 230.175 231.975
228.885 229.541 231.513
229.075 229.636 231.347
228.909 229.251 229.541
229.116 230.962 232.217
228.932 229.264 229.686
229.252 229.777 231.437
228.856 229.065 229.508
228.831 229.429 231.418
228.819 228.913 229.071
228.891 229.695 231.706
228.834 229.057 229.271
228.847 229.231 229.462
228.789 229.235 229.899
228.878 229.583 231.621
228.941 229.634 231.460
228.841 229.138 229.534
228.772 229.199 229.600
228.896 230.055 231.450
228.747 229.034 229.352
228.762 229.495 231.578
229.022 230.094 231.640
228.957 230.194 231.460
228.821 229.053 229.319
228.797 229.156 229.450
228.818 230.032 231.682
229.021 230.159 231.692
228.773 229.136 229.650
228.810 229.526 231.608
228.832 229.466 231.406
228.841 229.629 231.407
228.927 230.088 231.690
228.914 229.308 229.702
228.795 229.558 231.522
228.885 229.977 231.441
228.874 229.615 231.447
228.884 229.152 229.615
228.812 229.968 231.420
228.831 229.598 231.433
228.859 230.497 231.645
228.864 229.085 229.399
228.773 229.591 231.540
228.911 229.025 229.222
228.936 230.510 231.460
228.970 229.801 231.730
228.840 229.046 229.572
229.212 229.456 229.807
228.759 229.551 231.410
229.056 229.735 231.641
229.013 229.985 231.491
228.850 229.215 229.426
228.750 229.797 231.393
228.789 229.186 229.405
228.942 229.066 229.237
228.727 229.072 229.649
228.857 229.232 229.576
228.926 229.138 229.435
228.725 229.119 229.674
228.856 229.674 231.675
228.825 229.196 229.643
228.868 229.181 229.519
228.914 229.612 231.589
228.745 229.486 231.637
228.829 229.667 231.480
228.844 229.026 229.390
228.739 229.009 229.410
228.960 229.153 229.529
229.003 229.600 231.518
229.233 230.772 232.274
228.795 229.543 231.479
229.113 230.216 231.737
228.796 229.632 231.517
228.979 229.802 231.475
228.774 229.584 231.442
228.750 229.456 231.607
228.820 229.130 229.600
229.029 229.732 231.409
228.804 229.056 229.408
228.883 229.492 231.492
228.713 229.691 232.047
228.911 229.725 231.335
228.780 229.969 231.796
229.030 229.260 229.508
229.012 229.614 231.490
228.835 229.937 231.589
228.905 229.601 231.520
228.858 229.595 231.485
228.979 229.574 231.421
228.924 229.695 231.498
229.136 229.714 231.670
228.860 229.864 231.740
228.943 229.095 229.217
228.753 229.466 231.383
228.960 230.198 232.019
228.806 230.118 231.631
229.046 229.286 229.452
228.772 229.926 231.714
228.841 230.008 231.528
228.836 230.256 231.851
228.820 229.476 231.452
228.981 229.877 231.877
228.840 230.009 231.514
228.907 229.638 231.643
228.816 229.180 229.519
228.867 229.194 229.538
228.971 230.068 231.467
228.857 229.988 231.501
228.884 229.511 231.481
228.900 229.239 229.586
228.900 229.038 229.164
228.813 229.586 232.337
229.044 229.674 231.401
228.845 228.930 229.042
228.830 229.660 231.518
228.876 229.149 229.475
228.891 229.806 231.391
228.884 229.615 231.604
229.011 230.062 231.637
228.737 229.645 231.500
228.860 229.112 229.284
228.850 229.043 229.295
228.717 229.598 231.607
228.898 229.701 231.500
228.851 229.467 231.348
228.814 229.153 229.483
228.698 229.063 229.428
228.962 230.198 231.448
228.693 229.023 229.224
228.987 230.091 231.524
228.763 229.067 229.550
228.872 229.507 231.558
228.794 229.528 231.658
228.784 229.494 231.377
228.889 229.134 229.527
228.806 229.116 229.428
228.756 229.201 229.564
228.808 229.169 229.614
228.701 230.272 231.558
228.748 229.584 231.488
228.811 229.474 231.389
228.832 228.976 229.117
228.780 229.549 231.812
228.875 229.122 229.621
228.945 229.081 229.217
228.836 230.156 231.797
228.840 229.598 231.429
228.785 229.586 231.476
228.815 229.688 231.637
229.156 230.170 231.643
228.857 229.755 231.385
228.785 228.977 229.160
228.926 229.568 231.543
228.840 228.971 229.149
228.781 229.697 231.541
228.986 229.613 231.350
228.989 229.756 231.412
228.917 228.974 229.045
229.118 230.195 231.469
228.835 229.154 229.468
228.708 229.326 231.489
228.762 229.505 231.870
229.043 229.233 229.568
228.816 229.594 231.523
228.919 230.114 231.620
228.837 229.042 229.485
228.854 229.657 231.441
229.061 229.775 231.573
229.257 229.800 231.355
228.822 229.120 229.409
228.880 230.012 231.467
228.920 229.213 229.398
228.865 229.836 231.473
228.890 229.107 229.264
228.861 229.638 231.390
229.054 229.180 229.532
228.928 229.609 231.376
228.741 229.142 229.470
228.855 229.019 229.216
228.968 229.578 231.454
228.767 229.608 231.358
228.856 230.051 231.515
228.786 230.127 231.626
228.825 229.573 231.429
228.796 230.073 231.493
228.843 230.123 231.690
228.912 229.252 229.713
228.830 229.136 229.453
228.911 229.608 231.506
228.766 228.967 229.203
229.121 229.434 229.591
228.981 230.344 232.828
228.785 230.084 231.397
228.896 230.169 231.506
228.875 229.330 229.775
228.983 229.806 231.829
228.887 229.248 229.594
229.328 229.781 231.376
229.008 230.083 231.536
228.815 229.225 229.485
228.988 229.592 231.434
228.929 229.272 229.585
228.896 229.630 231.458
228.920 229.555 231.555
228.847 229.970 231.456
228.682 229.067 229.586
228.952 229.702 231.546
229.106 229.528 230.344
228.901 229.682 231.483
228.855 229.958 231.476
228.907 229.091 229.208
229.205 230.292 231.647
228.970 229.273 229.527
228.795 229.706 231.709
228.879 229.146 229.382
229.031 229.107 229.220
228.787 229.456 231.507
228.995 230.080 231.729
228.800 229.120 229.482
229.246 230.178 231.482
228.801 229.171 229.499
229.083 229.384 229.868
229.006 229.599 231.517
229.055 229.648 231.426
229.384 230.203 231.371
229.114 229.630 230.667
229.109 229.778 231.362
228.998 230.118 231.547
229.070 229.210 229.513
228.799 229.093 229.422
229.132 229.896 231.358
228.935 229.232 229.780
228.769 229.435 231.462
228.815 229.564 231.636
228.782 229.686 231.479
228.835 229.625 231.774
228.843 229.166 229.446
228.796 229.191 229.691
228.821 228.985 229.137
229.098 229.334 229.758
228.782 229.550 231.408
228.813 229.081 229.544
228.747 229.568 231.465
228.801 229.531 231.784
228.957 229.259 229.741
228.807 230.078 231.707
228.761 229.461 231.574
228.992 229.681 231.731
228.917 230.548 232.148
228.885 229.718 231.694
229.129 230.120 231.601
228.941 230.011 231.505
228.995 229.751 231.470
228.936 229.137 229.633
228.823 228.934 229.088
228.740 229.101 229.589
228.993 229.624 231.659
229.075 229.745 231.674
228.937 229.671 231.535
228.807 229.525 231.534
228.903 229.215 229.452
229.059 229.734 231.436
228.901 229.146 229.605
228.864 229.250 229.575
228.882 230.085 231.934
228.984 229.226 229.515
228.811 230.479 231.520
228.826 229.265 229.809
228.844 229.072 229.473
228.816 229.447 231.414
228.875 229.513 231.587
228.748 230.060 231.492
228.832 229.600 231.465
228.759 230.189 231.936
228.968 229.454 230.732
229.023 229.741 231.642
228.896 229.034 229.193
228.872 229.129 229.535
228.896 229.608 231.616
229.190 230.133 231.478
228.846 229.003 229.184
229.005 229.753 231.448
228.924 229.932 231.548
228.804 229.591 231.430
228.729 229.161 229.784
228.821 229.020 229.136
228.880 229.088 229.336
229.017 229.756 231.702
229.004 231.056 231.699
229.096 229.830 231.564
228.821 230.049 231.777
228.765 229.219 229.714
229.085 230.825 236.583
228.853 229.073 229.670
228.895 229.322 229.937
228.786 229.936 231.701
229.164 229.774 231.399
228.976 229.775 231.533
229.182 230.512 232.219
228.853 229.064 229.490
228.975 230.541 231.532
229.172 230.975 231.501
228.961 229.538 230.234
228.950 230.166 231.591
228.903 229.551 231.390
228.905 229.236 229.508
229.022 230.538 231.615
228.778 229.615 231.403
228.817 229.189 229.404
228.908 229.128 229.340
228.741 229.604 231.696
228.901 229.104 229.321
228.902 229.545 231.524
228.963 229.042 229.139
228.851 229.239 229.660
228.746 229.139 229.559
228.839 229.166 229.295
228.836 229.513 231.384
228.861 229.588 231.494
228.761 229.959 231.652
228.970 229.997 231.394
228.949 229.698 231.400
228.869 230.102 231.464
228.897 229.781 232.027
228.941 229.187 229.475
228.816 228.943 229.366
229.196 229.750 231.536
228.849 229.651 231.433
228.822 229.493 231.378
228.804 229.798 231.499
228.768 229.033 229.244
228.841 230.481 231.621
229.093 229.208 229.471
228.940 229.143 229.427
228.744 229.619 231.408
228.877 230.513 231.657
229.052 229.831 231.386
229.163 231.535 233.989
228.921 230.040 231.656
228.904 230.103 231.661
229.003 229.225 229.534
228.785 229.030 229.308
228.825 229.075 229.456
229.342 230.652 231.648
228.848 229.203 229.536
228.799 229.515 231.508
228.934 229.255 229.645
228.842 228.966 229.237
228.824 229.176 229.524
229.435 230.704 231.711
229.010 229.612 231.609
229.033 229.393 230.311
228.933 229.090 229.304
228.970 229.619 231.417
228.909 229.600 231.530
228.713 230.058 231.584
228.734 229.588 231.396
229.090 229.734 231.667
228.963 229.261 229.464
228.755 229.577 231.329
228.965 230.107 231.535
228.832 229.180 229.550
228.974 229.991 231.504
228.833 229.718 232.559
228.993 229.692 231.473
228.850 229.248 229.583
228.846 229.600 231.758
228.881 229.846 232.919
228.857 229.106 229.462
228.980 229.594 231.412
229.121 230.222 231.561
228.782 229.087 229.484
228.987 229.750 231.916
228.875 229.544 231.433
228.954 229.274 229.632
228.991 229.216 229.700
228.785 230.117 231.818
228.837 229.093 229.532
228.972 229.139 229.397
229.199 229.382 229.454
229.175 229.815 231.430
228.791 229.514 231.511
229.214 229.825 231.568
229.000 229.755 231.476
228.990 229.769 231.653
228.865 229.130 229.474
229.111 229.372 229.573
229.018 229.198 229.362
229.113 229.792 231.452
228.871 229.130 229.465
229.419 230.846 231.688
228.992 230.044 231.576
229.006 230.134 232.000
229.223 229.476 229.587
229.031 229.683 231.502
228.685 230.149 231.913
228.838 229.163 229.628
228.936 230.010 231.605
228.844 230.114 231.738
228.860 229.468 231.454
228.734 229.565 231.517
228.940 229.606 231.371
228.832 229.195 229.417
228.766 229.408 231.375
229.058 229.250 229.448
228.900 229.454 231.400
229.005 229.190 229.536
228.884 229.748 231.482
229.026 229.882 231.475
228.912 232.858 245.374
228.936 229.791 232.323
228.807 229.218 229.562
228.864 229.753 231.436
228.992 230.052 231.453
229.077 229.559 230.835
228.991 229.673 231.653
228.887 230.131 231.587
228.849 229.574 231.527
228.971 229.669 231.948
228.896 229.111 229.329
228.825 229.025 229.317
228.855 229.256 229.560
228.945 229.597 231.365
228.862 229.141 229.412
228.842 229.230 229.758
228.967 229.224 229.647
229.037 229.386 229.741
229.144 229.323 229.470
229.000 230.173 231.543
229.244 230.306 231.841
228.972 229.267 229.737
228.923 229.720 231.836
228.756 229.077 229.640
228.794 228.982 229.136
228.948 229.630 231.405
228.883 229.314 229.865
228.893 228.959 229.059
229.017 229.629 231.539
228.789 229.745 231.701
228.829 229.297 229.675
228.941 230.073 231.651
228.952 231.054 231.750
228.832 229.099 229.386
229.106 230.144 231.561
228.859 229.274 229.715
228.814 229.714 231.553
228.797 229.474 231.646
228.961 229.027 229.075
228.818 229.554 231.452
228.887 229.106 229.214
228.792 229.683 231.582
228.974 229.286 229.483
228.870 229.573 231.418
228.935 229.543 231.401
229.017 229.396 229.921
228.761 229.085 229.458
228.899 229.599 231.423
228.896 229.283 229.650
228.913 230.047 231.585
228.840 229.069 229.264
228.864 229.571 231.443
228.765 229.238 229.601
228.772 228.927 229.157
228.931 229.161 229.522
228.828 229.524 231.384
228.986 229.800 231.538
229.458 229.884 231.422
228.824 230.224 231.782
228.901 229.089 229.379
228.968 229.221 229.651
228.798 229.222 229.505
229.171 229.864 231.609
228.911 229.124 229.462
228.955 230.216 231.441
229.055 229.296 229.583
229.164 229.780 231.338
228.766 229.515 231.808
228.887 229.575 231.477
228.902 229.768 231.384
228.992 230.075 231.497
228.857 229.115 229.476
229.145 229.714 231.365
229.223 229.865 231.497
228.960 230.229 231.544
228.917 229.213 229.576
228.817 229.215 229.559
228.754 229.477 231.478
228.897 229.131 229.503
228.782 228.986 229.175
228.814 229.693 232.150
228.922 229.239 229.502
228.823 229.724 231.466
229.274 230.652 231.666
228.772 229.276 229.583
228.811 229.086 229.665
228.983 230.159 231.451
270.765 273.196 274.521
228.778 229.201 229.568
228.876 229.844 231.721
229.032 230.130 231.811
228.795 229.425 231.395
228.910 229.534 231.399
229.040 230.148 231.708
229.300 230.245 231.579
228.812 229.128 229.348
228.790 228.939 229.155
228.846 228.964 229.119
228.847 230.628 231.760
228.870 229.013 229.443
229.232 230.231 231.613
228.833 229.110 229.403
228.890 229.195 229.654
228.839 229.691 231.391
228.853 229.053 229.559
229.062 230.288 231.863
228.801 229.653 231.446
229.197 230.199 231.583
229.205 230.173 231.786
229.085 229.706 231.566
228.895 229.512 231.600
229.114 229.870 231.502
228.988 229.876 231.785
228.901 229.142 229.566
229.164 229.403 229.568
228.981 230.167 231.575
228.909 229.068 229.159
228.822 229.108 229.563
229.052 229.314 229.951
228.937 229.189 229.387
228.792 228.906 229.036
229.344 229.822 231.401
228.854 229.144 229.485
228.937 230.147 231.710
229.099 229.752 231.660
229.083 230.168 232.010
229.028 229.118 229.270
228.989 229.252 229.528
228.910 230.216 232.035
228.828 229.333 229.685
228.822 229.676 231.706
228.911 229.763 231.638
229.192 229.776 231.355
228.809 229.241 229.645
228.823 229.708 231.624
228.928 229.090 229.330
228.858 229.488 231.486
228.858 229.614 231.465
228.728 229.214 229.773
228.823 229.614 231.550
228.983 229.759 231.721
228.851 229.655 231.510
228.921 229.670 231.611
229.056 229.697 231.474
228.772 229.572 231.439
228.823 230.091 231.733
228.791 230.364 232.394
228.842 229.559 231.910
228.933 229.239 229.555
228.846 229.051 229.235
228.843 230.127 231.783
228.928 229.122 229.503
228.759 229.516 231.505
229.167 229.744 231.321
228.822 229.404 231.373
228.847 229.038 229.521
228.753 229.575 231.922
228.837 229.260 229.711
229.064 229.887 231.937
228.894 228.980 229.183
228.850 229.642 231.365
228.828 229.732 231.600
228.894 229.572 231.482
228.822 229.612 231.714
229.135 229.297 229.717
228.807 229.700 231.523
229.111 229.714 231.883
228.757 229.029 229.320
229.025 229.159 229.481
228.734 229.460 231.395
228.817 230.002 231.461
229.021 229.804 231.680
229.142 230.139 231.691
229.074 229.297 229.494
228.973 230.058 231.495
228.894 229.184 229.386
229.370 230.344 231.446
229.154 229.726 231.482
228.852 229.580 231.453
228.956 229.180 229.774
228.840 229.197 229.549
228.806 229.011 229.217
228.865 229.261 229.968
228.805 229.057 229.465
228.827 229.194 229.473
228.758 230.117 231.800
228.843 229.284 229.584
229.408 230.004 231.795
228.834 229.081 229.451
229.157 229.771 231.878
228.909 229.613 231.748
229.028 229.674 231.652
228.911 229.206 229.684
228.811 230.176 231.897
228.725 229.008 229.569
229.291 230.216 231.535
228.910 229.117 229.502
228.823 229.023 229.279
228.918 229.132 229.408
229.184 229.362 229.865
228.795 229.122 229.548
228.832 230.166 231.685
228.862 230.083 231.705
228.946 229.703 231.692
228.739 229.954 231.523
228.875 229.153 229.523
229.048 229.828 231.766
229.282 229.820 231.673
228.899 229.608 231.465
228.851 229.644 231.376
228.845 229.003 229.215
228.992 229.248 229.647
229.091 229.205 229.431
228.942 229.162 229.401
229.189 229.522 229.844
228.783 230.476 231.650
229.074 230.386 231.860
228.773 229.453 231.490
229.004 229.752 231.490
229.075 229.725 231.394
228.791 229.054 229.387
229.031 230.610 231.757
228.850 229.228 229.530
229.142 229.403 229.813
228.833 229.575 231.634
228.774 229.510 231.460
228.863 229.502 231.463
228.939 229.340 229.725
228.816 229.929 231.462
228.972 229.191 229.516
228.833 229.186 229.472
228.926 229.684 231.630
229.025 229.231 229.482
228.940 230.124 231.639
228.859 229.714 231.405
228.837 229.245 229.803
228.916 229.747 231.765
228.768 228.960 229.170
228.823 229.522 231.839
228.714 230.083 231.842
228.853 229.701 231.756
229.065 229.729 231.847
229.203 230.232 231.555
229.025 230.120 231.535
228.997 229.691 231.633
229.131 229.314 229.503
228.970 229.729 231.407
228.924 231.002 231.665
229.301 229.866 231.763
229.094 229.239 229.456
228.842 230.033 231.647
228.743 229.137 229.428
228.758 230.008 231.532
228.760 229.595 231.576
229.094 230.772 231.970
228.903 229.393 229.806
228.944 230.144 231.718
229.152 230.233 232.070
229.039 229.840 231.800
228.713 229.638 231.522
228.890 229.694 231.594
228.981 229.112 229.244
229.158 229.778 231.513
228.739 229.659 231.357
228.891 229.259 229.707
228.802 230.574 231.792
228.911 229.131 229.309
229.148 229.667 231.322
228.712 229.640 231.701
228.692 229.994 231.527
228.834 229.613 231.345
228.817 229.025 229.448
228.871 229.297 229.731
229.059 229.324 229.579
229.153 229.849 231.591
228.936 229.103 229.437
228.828 229.683 231.454
238.647 247.837 253.854
277.159 286.829 289.274
228.762 229.072 229.407
228.994 229.145 229.317
228.959 230.142 231.991
229.135 229.265 229.420
228.886 229.658 231.454
228.945 229.042 229.178
228.755 229.892 231.445
229.092 229.836 231.585
228.943 229.117 229.281
228.903 230.081 231.686
228.741 229.544 231.491
228.810 229.146 229.677
228.914 229.651 231.324
229.068 229.348 229.781
228.722 229.077 229.523
229.195 229.747 231.678
228.885 229.114 229.309
229.055 229.739 231.668
228.851 229.647 231.686
228.764 229.046 229.369
228.858 229.234 229.513
228.737 229.076 229.414
228.780 229.730 231.516
228.951 229.219 229.664
229.143 229.273 229.376
228.835 229.905 231.661
229.046 230.762 231.890
228.767 229.053 229.563
229.404 229.868 231.387
228.778 229.293 229.789
228.937 229.100 229.425
229.056 229.331 229.554
229.586 231.260 231.743
228.845 229.500 231.635
228.857 229.070 229.564
228.775 229.046 229.199
228.822 229.077 229.376
228.818 229.174 229.577
228.982 229.662 231.895
228.907 229.613 231.617
228.804 230.674 231.908
228.815 229.168 229.478
228.857 229.248 229.648
229.032 229.881 231.685
228.763 229.534 231.400
229.023 229.156 229.316
228.851 229.596 231.935
228.860 229.500 231.647
228.941 229.253 229.600
228.985 230.132 231.549
229.038 229.828 231.484
228.976 230.231 231.718
228.812 229.125 229.663
229.020 229.689 231.592
229.191 229.344 229.632
229.050 229.692 231.566
229.021 229.274 229.591
228.840 229.132 229.389
228.995 229.837 231.776
228.804 229.158 229.897
228.732 229.927 231.577
228.846 230.134 231.864
228.771 229.629 231.546
228.851 229.569 231.610
228.750 229.641 231.721
228.962 229.814 232.142
228.855 229.091 229.358
228.913 229.297 229.534
228.921 228.998 229.099
229.034 229.192 229.427
228.804 229.786 232.253
228.960 229.770 231.546
228.709 229.213 229.535
229.031 229.349 229.628
228.815 229.283 229.525
228.804 229.221 229.870
229.128 230.257 231.399
229.008 229.661 231.450
228.759 228.992 229.158
228.956 230.024 231.440
228.843 229.179 229.432
228.830 229.167 229.666
228.898 229.249 229.693
228.733 229.310 229.818
228.826 229.747 231.714
228.789 229.079 229.548
228.935 229.669 231.673
228.936 229.489 231.559
228.903 229.145 229.324
228.917 229.534 231.360
228.707 229.512 231.756
228.818 229.543 231.460
228.739 229.127 229.852
228.900 229.637 231.530
228.934 230.183 231.743
229.246 230.347 231.747
228.844 229.043 229.303
228.916 229.104 229.455
228.847 229.488 231.472
229.041 230.147 231.574
228.868 229.553 231.458
228.830 229.180 229.542
228.812 228.965 229.222
228.758 229.491 231.501
228.695 229.635 231.576
228.805 229.738 231.471
228.810 229.178 229.460
228.745 229.363 231.527
228.784 230.183 231.861
228.764 230.077 231.858
228.711 230.140 231.750
228.828 229.465 229.969
228.767 229.555 231.644
228.832 229.116 229.540
228.907 230.502 231.647
228.855 229.507 231.617
229.118 230.197 231.722
228.895 229.666 231.842
228.814 229.968 231.527
228.870 229.631 231.659
228.745 229.555 231.384
228.822 229.167 229.617
229.160 230.224 231.604
228.983 229.784 231.577
228.763 228.986 229.313
228.753 229.058 229.622
228.756 228.981 229.211
228.908 229.525 231.419
229.097 230.123 231.509
228.722 229.547 231.505
237.856 239.769 241.683
228.740 229.178 229.610
228.840 229.117 229.316
228.697 229.612 231.428
228.796 229.481 231.612
228.760 229.059 229.423
228.783 229.024 229.430
229.009 229.720 231.740
228.715 229.099 229.531
228.820 229.441 231.495
228.808 229.509 231.535
228.810 229.145 229.715
229.226 229.788 231.497
228.987 230.170 231.580
228.843 230.089 231.448
228.837 229.793 231.618
228.900 230.452 231.558
228.826 229.265 229.562
229.044 230.239 231.898
229.005 229.173 229.400
228.717 229.633 231.478
228.909 229.083 229.243
228.788 229.186 229.514
228.847 229.155 229.463
228.779 229.044 229.455
228.920 229.649 231.618
228.789 229.325 230.385
228.750 229.171 229.617
228.819 229.019 229.217
228.850 229.728 231.517
228.693 229.000 229.334
228.779 229.687 231.524
228.965 229.720 231.454
228.763 229.693 231.333
228.757 230.007 231.417
228.895 229.111 229.304
229.096 230.514 231.503
228.952 229.549 231.507
228.913 229.052 229.197
228.797 230.041 231.439
229.078 229.224 229.538
228.822 229.930 231.449
229.176 230.154 231.507
228.787 229.442 231.412
229.039 229.718 231.528
228.873 229.947 231.489
228.875 230.057 231.547
229.069 229.246 229.464
228.978 229.169 229.553
228.738 229.546 231.496
228.978 229.654 231.431
228.828 229.971 231.641
228.726 230.065 231.815
228.990 229.202 229.479
228.856 229.084 229.477
229.047 229.666 231.377
228.912 229.644 231.576
228.987 229.660 231.457
228.898 229.552 231.426
229.214 230.664 231.645
229.205 230.245 231.496
228.843 229.552 231.403
228.829 229.635 231.786
228.835 229.173 229.517
228.953 229.725 231.494
229.149 230.565 231.625
228.731 229.788 231.529
229.333 229.939 231.539
228.789 229.153 229.491
228.852 229.059 229.286
228.845 229.048 229.291
228.844 229.280 229.557
228.895 229.637 231.549
228.807 229.027 229.230
229.113 229.859 232.343
276.882 287.941 294.151
289.046 290.150 291.400
277.051 287.996 291.669
277.230 287.443 291.493
289.195 289.313 289.517
288.998 290.703 291.592
276.811 287.922 291.955
288.837 290.012 292.278
276.600 284.756 291.446
289.187 291.460 294.056
289.057 290.719 293.952
289.068 290.092 291.694
276.694 286.235 294.120
276.930 287.161 290.226
289.480 290.510 291.798
279.277 287.159 289.298
289.828 290.941 291.917
288.948 290.902 292.484
288.841 290.531 291.629
277.228 288.032 291.671
289.166 290.686 292.722
276.718 287.209 291.401
289.071 290.429 292.344
276.683 287.361 291.709
289.267 289.851 291.442
277.147 288.879 291.945
276.569 283.398 291.541
289.093 289.359 289.635
276.734 287.080 291.293
276.546 285.161 292.020
276.818 284.538 290.254
276.908 286.798 289.830
277.043 287.419 291.764
279.429 287.931 291.807
289.130 291.215 293.894
279.275 287.666 291.767
279.159 287.872 292.006
288.766 290.129 291.970
277.183 287.885 292.032
277.401 287.354 290.387
289.103 289.897 291.565
276.875 284.989 291.530
276.726 287.316 291.326
276.684 288.302 294.180
276.937 284.956 291.637
289.087 289.850 291.393
277.016 285.542 292.314
276.572 285.318 292.256
276.996 286.930 289.811
276.767 286.971 289.908
276.757 287.190 291.424
289.164 290.378 291.748
276.844 284.798 291.675
302.578 304.598 311.637
290.069 291.411 293.412
277.752 285.850 292.597
290.098 290.460 291.309
290.006 291.125 292.422
290.606 291.948 292.987
289.977 290.753 292.551
277.178 287.157 291.637
279.183 288.472 291.897
289.083 290.216 293.846
277.644 288.572 292.793
278.177 289.269 292.512
290.073 291.209 292.348
289.760 291.164 292.932
277.696 288.378 292.522
277.158 285.024 289.760
276.765 287.040 289.778
289.366 290.069 291.730
288.970 289.942 291.557
288.887 289.978 291.821
289.498 290.920 292.127
288.865 289.415 289.966
276.779 284.832 289.655
277.176 284.897 289.498
289.088 290.276 291.567
289.111 290.212 291.562
288.979 289.619 291.517
289.182 290.601 292.495
276.763 287.100 291.441
276.800 286.757 289.993
289.262 290.346 291.687
288.837 290.784 293.965
276.763 287.689 291.525
277.111 287.494 291.329
276.801 287.270 291.467
276.820 287.334 292.395
279.177 287.256 289.515
277.144 287.807 291.788
276.568 284.345 289.737
289.435 290.784 294.177
289.009 290.282 292.345
276.895 284.239 289.539
277.144 285.716 291.657
289.218 290.211 291.558
289.549 290.423 291.554
288.818 289.705 291.500
289.220 290.186 291.569
276.850 287.734 291.786
229.062 229.638 231.387
228.951 229.577 231.375
228.897 229.629 231.385
228.733 230.010 231.520
229.392 230.884 232.188
228.774 228.905 229.064
228.904 229.137 229.308
228.808 229.131 229.491
228.857 229.187 229.553
228.816 230.524 231.623
229.000 229.645 231.404
229.030 229.648 231.393
228.722 229.061 229.511
229.097 229.772 231.675
228.879 229.725 231.795
228.974 229.504 231.416
228.853 229.122 229.466
228.797 229.691 231.466
229.439 229.898 231.458
229.038 230.553 231.555
228.806 228.990 229.196
228.862 229.974 231.432
229.060 230.269 231.737
229.068 230.616 231.760
229.117 230.156 231.494
228.744 229.147 229.488
228.783 229.618 231.777
228.782 229.573 231.475
228.855 230.109 231.715
228.906 229.645 231.672
228.781 229.910 231.942
228.859 229.034 229.489
228.896 229.942 231.926
228.874 229.533 231.479
228.992 229.096 229.252
229.069 229.645 231.403
228.879 229.301 230.092
228.799 229.275 229.752
228.896 229.153 229.539
228.797 229.946 231.456
229.202 230.190 231.539
228.853 229.055 229.254
229.005 229.325 229.760
228.776 229.569 231.483
228.782 229.564 231.543
229.035 230.108 231.465
228.910 229.516 231.392
228.969 229.231 229.497
228.817 229.990 231.488
228.841 229.276 229.628
228.903 229.464 231.397
228.930 229.713 231.747
228.833 230.128 231.471
228.731 229.525 231.684
228.931 229.095 229.487
229.010 230.094 231.561
228.985 229.680 231.482
230.245 230.529 230.944
230.267 230.360 230.405
230.252 230.566 231.069
230.476 231.914 234.309
230.362 230.999 232.792
230.227 231.985 232.949
230.318 230.532 230.829
230.214 230.451 230.567
230.169 230.354 230.738
230.195 230.942 232.964
230.196 230.457 230.919
230.212 230.550 230.768
230.241 230.533 231.338
230.157 231.358 232.768
230.284 231.303 232.836
230.571 231.645 233.070
230.253 231.031 232.895
230.087 230.830 232.916
230.210 230.445 230.661
230.140 231.074 232.923
230.228 230.489 230.853
230.212 230.390 230.836
230.408 231.126 232.926
230.147 230.587 231.012
230.255 230.609 230.767
230.480 230.820 230.986
230.241 231.873 233.144
230.163 230.867 232.846
230.188 230.308 230.397
230.155 230.987 232.853
230.144 230.833 232.854
230.291 230.609 230.839
230.203 230.411 230.535
230.258 230.963 232.875
230.054 230.458 230.834
230.267 230.453 230.998
230.088 231.054 232.693
230.158 231.476 233.163
230.349 231.381 232.943
230.279 230.533 230.805
230.399 231.049 232.826
230.366 230.494 230.630
230.434 231.592 232.992
230.343 231.019 232.744
230.136 230.385 230.862
230.303 230.546 230.879
230.571 232.001 233.095
230.205 230.552 230.920
230.129 230.778 232.751
230.308 230.463 230.569
230.239 230.427 230.809
230.316 230.542 230.941
230.190 230.870 232.923
230.373 231.077 233.601
230.116 231.033 232.839
230.166 230.819 232.776
230.309 230.674 231.084
230.266 230.495 231.257
230.126 231.054 232.937
230.203 231.056 233.506
230.181 231.053 233.016
230.253 230.491 230.782
230.190 230.367 230.545
230.136 231.270 232.830
230.132 230.400 230.725
230.117 230.866 232.652
230.390 231.253 232.778
230.162 231.362 232.934
230.404 231.094 232.950
230.213 231.381 232.866
230.312 230.628 231.328
230.287 231.057 232.746
230.112 231.341 232.855
230.189 231.057 232.973
230.321 230.895 232.771
230.089 230.430 230.696
230.436 231.519 232.916
230.157 230.807 232.799
230.235 230.403 230.508
230.317 230.635 230.841
230.170 230.987 233.074
230.128 230.478 230.788
230.215 230.681 230.997
230.142 230.517 230.756
230.223 230.322 230.620
230.102 230.482 231.106
230.278 230.590 231.312
230.129 230.295 230.612
230.185 230.929 232.817
230.223 230.937 232.768
230.228 231.044 232.945
230.242 230.942 232.782
230.307 230.946 232.772
230.202 230.722 231.872
230.121 230.984 232.785
230.243 231.007 233.010
230.279 230.824 232.753
230.314 230.920 232.847
230.122 230.519 230.876
230.215 231.418 232.768
230.288 230.876 232.779
230.198 230.574 230.972
230.343 230.962 232.751
230.251 231.312 232.894
230.172 230.841 232.825
230.346 230.636 230.891
230.098 231.322 232.784
230.227 232.348 232.945
230.284 230.429 230.510
230.379 231.384 232.955
230.176 230.845 232.743
230.258 230.506 230.764
230.798 231.410 232.905
230.299 230.500 230.932
230.555 231.120 232.852
230.239 231.021 232.822
230.331 231.008 232.866
230.312 231.263 233.907
230.158 230.864 232.798
230.229 230.890 232.779
230.292 231.146 233.213
230.383 230.558 230.781
230.135 230.296 230.471
230.085 230.481 231.043
230.324 231.058 232.950
230.215 230.573 231.128
230.176 231.016 232.933
230.498 232.419 233.116
230.181 231.114 232.797
230.252 230.877 232.695
230.144 230.697 230.966
230.230 231.374 232.848
230.040 230.297 230.773
230.275 231.852 232.983
230.203 231.004 233.077
230.321 230.975 232.772
230.282 230.407 230.556
230.118 231.419 233.079
230.175 230.710 231.317
230.151 230.478 230.805
230.302 231.373 232.858
230.323 231.133 232.925
230.305 231.018 232.851
230.275 231.409 232.929
230.253 230.764 231.175
230.360 231.116 232.773
230.298 230.920 232.799
230.267 231.410 232.943
230.234 230.606 231.237
230.242 230.986 233.053
230.348 231.164 232.750
230.058 230.274 230.386
230.314 230.955 232.836
230.120 230.476 230.832
230.307 230.914 232.811
230.164 230.542 230.841
230.208 230.944 232.740
230.253 230.939 232.799
230.351 230.908 232.799
230.405 230.660 230.913
230.489 231.592 232.819
230.363 230.558 231.031
230.176 230.696 231.551
230.305 230.980 232.956
230.445 231.129 232.763
230.758 231.745 233.276
230.190 230.478 230.811
230.180 230.998 232.933
230.109 231.381 233.092
230.233 230.552 230.962
230.192 230.653 230.973
230.200 230.853 232.813
230.216 230.574 231.184
230.103 231.267 232.788
230.275 231.049 232.946
230.287 230.490 230.809
230.223 230.921 232.862
230.147 231.362 232.903
230.196 230.381 230.706
230.365 230.626 230.849
230.412 230.969 232.717
230.094 231.369 233.033
230.247 231.522 233.019
230.357 231.692 233.127
230.261 230.394 230.491
230.162 230.372 230.571
230.303 231.496 233.000
230.385 230.495 230.585
230.274 231.343 232.848
230.195 230.524 230.819
230.113 231.533 233.469
230.169 230.601 230.878
230.150 230.910 232.962
230.218 231.379 232.893
230.147 230.443 230.884
230.292 231.129 233.043
230.174 230.461 230.805
230.173 230.830 232.844
230.413 231.372 232.796
230.411 231.087 232.898
230.123 231.875 233.096
230.425 230.973 232.786
230.231 230.309 230.492
230.313 231.002 231.942
230.772 232.506 233.061
230.158 231.422 233.146
230.409 230.963 232.818
230.126 230.406 230.581
230.344 231.091 232.783
230.192 230.403 230.781
230.292 232.124 233.489
230.320 231.048 232.958
230.087 231.246 232.819
230.206 231.021 232.915
230.365 231.974 233.038
230.119 230.804 232.891
230.291 230.900 232.745
230.214 230.789 231.345
230.237 231.114 233.021
230.124 230.417 230.964
230.345 230.755 231.201
230.327 231.039 232.714
230.427 230.766 231.235
230.258 230.511 231.152
230.395 231.490 232.994
230.113 230.536 230.722
230.396 232.000 232.940
230.271 230.565 231.132
230.143 230.439 231.024
230.348 230.569 230.638
230.088 230.676 231.233
230.277 231.074 233.274
230.212 231.050 233.283
230.107 231.134 233.003
230.444 230.571 230.770
230.299 230.372 230.499
230.329 230.973 232.948
230.709 231.566 232.793
230.321 231.487 232.919
230.107 230.961 232.768
230.400 231.067 232.746
230.598 232.227 233.780
230.470 231.128 232.917
230.146 230.765 232.868
230.055 231.034 233.041
230.356 232.062 233.468
230.215 230.934 232.958
230.158 231.030 233.008
230.183 231.528 232.827
230.225 230.526 230.812
230.137 230.974 232.793
230.180 230.853 233.085
230.263 230.961 232.937
230.234 231.300 233.267
230.438 230.523 230.630
230.201 231.406 232.847
230.396 231.698 233.046
230.176 231.250 232.869
230.297 230.556 230.851
230.418 230.613 231.091
230.211 230.518 231.268
230.203 230.896 232.742
230.335 230.622 231.183
230.314 230.501 230.604
230.400 230.779 231.265
230.266 230.525 230.833
230.343 231.620 232.926
230.124 231.435 233.161
230.251 231.875 232.998
230.298 230.481 230.676
230.137 230.827 232.804
230.403 231.075 232.979
230.331 230.873 232.783
230.167 230.984 232.773
230.230 230.693 231.232
230.460 230.745 230.839
230.193 230.522 230.888
230.310 230.963 232.833
230.216 230.371 230.499
230.419 230.697 231.050
230.432 230.624 230.878
230.241 231.107 232.826
230.172 230.457 230.781
230.129 231.482 233.067
230.089 230.459 230.762
230.270 230.536 231.116
230.384 231.512 232.833
230.407 230.640 231.068
230.155 230.425 230.957
230.267 231.070 232.985
230.185 231.532 233.128
230.244 230.923 233.007
230.176 230.498 230.836
230.143 230.818 232.823
230.291 230.625 231.039
230.305 231.007 233.072
230.603 231.172 232.700
230.368 230.978 233.018
230.568 231.248 233.113
230.206 230.602 230.984
230.549 230.733 230.858
230.281 231.122 233.030
230.109 230.819 232.864
230.429 230.660 230.866
230.235 231.014 233.201
230.218 230.618 231.045
230.060 230.519 230.812
230.394 231.532 233.108
230.262 230.654 230.983
230.351 231.030 233.141
230.130 231.195 232.779
230.180 230.896 233.008
230.336 231.096 232.365
230.294 230.546 230.976
230.170 230.421 230.712
230.184 230.508 230.887
230.143 230.357 230.530
230.341 231.064 232.762
230.153 230.464 231.036
230.418 230.672 230.920
230.270 230.561 231.065
230.134 231.581 233.092
230.438 231.031 232.789
230.245 230.374 230.537
230.125 230.489 230.965
230.216 230.635 230.993
230.106 230.512 230.731
230.867 231.754 233.015
230.223 230.654 231.102
230.103 230.929 233.033
230.326 231.421 233.015
230.343 231.118 233.036
230.190 230.924 233.126
230.489 231.150 232.953
230.109 230.421 230.820
230.447 230.825 231.230
230.163 230.946 232.799
230.303 230.561 230.872
230.387 230.628 231.194
230.316 230.916 233.050
230.223 230.516 230.770
230.477 230.799 231.185
230.161 231.623 233.219
230.171 231.026 232.992
230.166 230.348 230.605
230.418 231.119 233.142
230.481 231.073 233.050
230.236 230.950 232.818
230.277 230.672 231.174
230.444 231.184 233.018
230.156 231.111 233.083
230.252 231.013 232.766
230.442 230.655 230.773
230.192 231.111 233.347
230.189 230.434 230.627
230.210 230.573 230.951
230.157 231.435 233.171
230.401 230.950 232.801
230.151 230.897 233.093
230.397 230.666 231.023
230.335 231.145 232.910
230.378 231.177 233.251
230.155 230.995 233.190
230.214 231.121 232.801
230.264 230.443 230.848
230.527 231.176 233.131
230.304 230.759 231.060
230.377 231.881 233.060
230.149 231.296 232.885
230.247 230.706 231.104
230.185 231.540 233.318
230.100 230.698 232.835
230.581 231.646 233.061
230.399 231.237 233.600
230.154 231.760 232.915
230.374 231.033 232.843
230.109 231.388 233.172
230.327 230.732 231.195
230.496 231.108 232.880
230.216 231.141 233.007
230.270 230.662 231.003
230.463 231.143 232.809
230.349 231.267 233.352
230.053 230.624 230.985
230.406 230.673 231.391
230.352 231.072 232.886
230.105 231.029 233.056
230.302 230.500 230.821
230.191 231.563 233.148
230.269 230.422 230.670
230.208 231.123 232.780
230.267 230.461 230.666
230.269 230.555 230.872
230.248 230.536 230.726
230.090 231.009 232.844
230.678 231.704 233.154
230.346 230.466 230.576
230.407 231.324 232.997
230.365 231.507 233.143
230.217 230.871 232.841
230.240 230.378 230.575
230.620 231.149 232.750
230.108 230.360 230.699
230.052 230.862 232.754
230.273 230.971 232.944
230.146 230.409 230.862
230.246 230.432 230.825
230.215 230.458 230.686
230.342 231.141 232.828
230.110 230.911 233.081
230.198 230.643 231.231
230.266 230.374 230.464
230.253 230.917 232.952
230.169 231.506 232.943
230.296 231.082 232.940
230.405 231.482 232.846
230.085 230.947 232.948
230.191 231.466 233.008
230.360 231.493 232.838
230.337 231.048 232.766
230.226 231.013 232.988
230.283 230.499 230.775
230.196 231.018 233.002
230.307 231.025 232.899
230.216 231.055 232.991
230.459 231.561 232.724
230.661 231.213 233.061
230.197 231.063 232.803
230.327 231.222 232.991
230.120 230.796 232.916
230.108 230.464 231.167
230.631 231.194 232.802
230.245 230.819 232.759
230.047 230.956 232.867
230.360 230.590 231.025
230.122 230.688 231.141
230.224 231.178 232.927
230.402 231.131 232.937
230.194 230.877 232.719
230.262 230.456 230.754
230.078 230.812 232.812
230.195 230.958 233.215
230.210 231.094 232.939
230.080 230.434 230.856
230.674 231.647 233.200
230.117 230.997 233.264
230.700 230.905 231.098
230.851 232.171 233.157
230.285 231.035 232.957
230.366 231.672 233.309
230.431 231.165 232.762
230.231 231.001 233.080
230.365 230.606 230.879
230.113 230.337 230.899
230.398 231.013 232.822
230.223 230.530 230.739
230.322 230.968 232.879
230.457 231.554 233.167
230.185 230.436 230.657
230.399 230.726 231.194
230.095 231.443 232.984
230.343 231.183 233.012
230.306 231.055 232.877
230.401 230.563 230.705
230.144 230.510 230.953
230.396 230.637 230.843
230.266 231.120 233.206
230.087 230.383 230.782
230.161 231.277 232.816
230.513 231.533 232.820
230.438 230.642 231.232
230.272 230.451 230.763
230.418 231.099 232.877
230.142 230.600 230.845
230.179 231.447 233.211
230.496 231.100 232.692
230.448 230.764 230.878
230.227 231.430 233.155
230.251 230.927 232.689
230.214 231.261 234.188
230.100 230.315 230.419
230.253 230.633 231.171
230.177 231.538 233.078
230.247 230.907 233.074
230.415 230.624 230.897
230.164 230.874 232.811
230.146 231.407 233.090
230.107 230.525 231.002
230.333 230.663 230.997
230.259 230.478 230.723
230.449 231.106 232.818
230.313 231.665 233.323
230.132 230.508 231.028
230.381 230.622 230.832
230.213 230.413 230.656
230.143 231.079 232.983
230.375 230.996 233.136
230.403 231.629 233.078
230.391 230.593 230.976
230.116 231.000 233.107
230.275 230.927 232.805
230.452 231.538 232.912
230.544 231.179 233.022
230.320 231.051 233.076
230.189 231.333 232.950
230.259 230.621 231.083
230.275 231.110 232.902
230.186 231.460 233.120
230.386 230.716 231.265
230.334 230.453 230.559
230.172 230.904 232.777
230.428 231.432 232.795
230.112 230.987 232.960
230.365 230.943 232.790
230.395 232.804 234.730
230.443 230.895 231.676
230.155 231.406 233.207
230.412 231.020 232.939
230.182 230.330 230.417
230.430 230.958 232.716
230.260 231.090 233.100
230.143 231.152 233.522
230.096 231.268 232.913
230.364 231.555 233.000
230.377 230.922 232.966
230.428 230.668 230.955
230.294 231.051 232.895
230.208 230.372 230.537
230.154 231.466 232.929
230.251 230.562 230.848
230.116 230.461 230.920
230.153 230.861 232.871
230.180 230.610 230.825
230.095 230.892 232.770
230.121 231.121 233.419
230.429 231.552 232.942
230.414 230.652 230.962
230.169 230.951 232.897
230.500 231.627 232.968
230.166 231.088 233.239
230.156 230.596 230.875
230.335 231.553 233.119
230.257 230.884 232.958
230.205 231.033 232.847
230.271 230.934 232.754
230.121 231.448 232.945
230.776 231.350 232.839
230.234 230.395 230.644
230.527 231.246 233.134
230.526 231.088 232.810
230.130 230.454 230.848
230.152 230.791 232.897
230.530 231.149 233.369
230.076 230.880 232.823
230.130 231.061 233.588
230.245 230.554 230.834
230.401 231.589 233.208
230.218 230.710 231.057
230.303 231.605 232.936
230.189 231.650 233.886
230.079 230.728 231.182
230.307 231.207 233.353
230.193 231.375 233.164
230.228 230.924 232.751
230.360 230.959 232.823
230.173 231.318 233.064
230.213 230.558 230.827
230.142 230.881 232.795
230.110 231.831 232.913
230.190 231.290 232.856
230.311 230.471 230.879
230.149 230.734 232.885
230.146 230.373 230.556
230.489 231.989 232.916
230.343 230.948 232.734
230.320 231.039 232.948
230.155 230.839 232.790
230.184 230.328 230.718
230.258 230.376 230.442
230.136 231.456 233.078
230.600 231.203 233.164
230.295 230.537 230.835
230.073 231.408 232.874
230.229 231.400 233.175
230.126 231.489 233.170
230.138 230.959 232.817
230.330 230.876 232.818
230.301 231.024 233.163
230.279 230.853 232.685
230.140 230.790 232.721
230.210 230.939 232.841
230.263 230.593 231.026
230.157 230.382 230.765
230.251 230.889 232.762
230.184 231.423 232.952
230.318 230.580 230.900
230.196 230.548 230.947
230.109 230.946 233.385
230.378 231.045 232.910
230.443 231.130 233.033
230.297 231.088 233.592
230.229 231.087 233.206
230.260 230.508 230.833
230.254 231.613 233.216
230.282 231.013 232.775
230.416 231.500 232.738
237.869 238.409 238.950
230.080 231.058 233.314
230.275 231.173 233.031
230.199 230.540 230.814
230.345 230.974 232.833
230.412 231.144 233.105
230.163 230.466 230.843
230.263 230.752 231.561
230.128 231.332 233.040
230.297 230.387 230.483
230.118 230.978 232.881
230.260 231.109 233.031
230.348 231.090 232.932
230.249 231.028 232.886
230.780 231.370 232.832
230.214 230.584 231.113
230.111 231.290 232.743
230.435 230.511 230.682
230.152 230.449 230.997
230.321 230.529 230.780
230.427 231.638 233.634
230.288 230.680 231.153
230.112 230.912 233.114
230.102 230.552 230.762
230.596 231.210 233.387
230.444 230.597 230.763
230.322 230.547 231.044
230.120 230.612 231.439
230.239 230.524 230.783
230.275 230.925 233.061
230.035 230.284 230.765
230.116 231.048 232.888
230.373 231.892 232.780
230.237 230.972 232.916
230.287 230.851 232.748
230.269 230.534 230.794
230.101 230.935 232.757
230.152 231.361 233.045
230.348 230.777 231.119
230.374 230.666 230.975
230.102 230.946 232.923
230.167 230.521 230.863
230.212 231.853 232.885
230.238 230.919 232.902
230.246 230.839 232.798
230.120 230.402 230.865
230.143 230.859 233.107
230.386 231.073 232.822
230.107 230.462 230.904
230.153 230.424 230.693
230.230 230.965 232.753
230.389 230.562 230.801
230.324 230.619 230.955
230.234 230.908 232.865
230.294 235.375 252.636
230.601 230.817 230.986
230.501 231.916 232.799
230.231 231.000 232.977
230.252 230.950 232.921
230.122 230.424 230.718
230.389 231.103 232.820
230.202 230.897 232.879
230.109 230.451 230.904
230.259 230.863 232.960
230.196 230.754 232.687
230.279 230.908 232.815
230.384 230.615 230.988
230.183 233.420 245.314
230.537 231.198 232.840
230.176 231.454 234.325
230.291 231.901 233.028
230.432 231.185 232.896
230.155 230.497 230.913
230.195 231.011 232.835
230.205 230.906 232.789
230.386 231.009 232.892
230.098 230.812 232.821
230.237 231.028 232.740
230.202 231.028 232.681
230.173 230.262 230.375
230.145 231.276 232.857
230.321 230.551 230.829
230.319 230.608 231.395
230.254 231.069 232.915
230.193 230.436 230.877
230.501 231.132 232.835
230.266 230.670 231.055
230.212 230.459 231.037
230.378 231.451 232.873
230.430 231.039 232.837
230.233 230.334 230.443
230.138 230.287 230.424
230.251 230.667 230.898
230.181 230.466 230.743
230.116 230.525 231.265
230.394 231.534 232.896
230.181 231.038 232.706
230.188 230.385 230.773
230.300 230.585 231.062
230.367 231.176 232.739
230.120 230.444 230.902
230.216 230.451 230.945
230.335 230.924 232.794
230.302 231.124 232.908
230.286 230.967 232.775
230.355 231.086 232.963
230.246 230.918 232.699
230.101 231.723 237.902
230.125 230.777 232.666
230.265 230.307 230.422
230.071 231.067 233.657
230.228 230.567 230.799
230.559 231.973 232.856
230.529 231.069 232.883
230.194 231.030 232.991
230.053 230.421 230.933
230.232 230.520 230.983
230.332 231.029 233.110
230.209 230.909 232.794
230.157 231.008 232.881
230.162 231.346 233.027
230.191 230.882 233.112
230.446 231.494 233.033
230.431 231.089 232.802
230.157 230.459 230.744
230.367 231.133 232.819
230.142 230.994 232.751
230.301 230.467 230.732
230.087 230.877 232.735
230.044 230.883 232.943
230.159 230.849 232.878
230.099 231.005 232.678
230.319 230.430 230.795
230.225 231.012 233.038
230.169 230.925 232.879
230.291 231.217 232.888
230.159 230.504 230.783
230.184 230.818 232.802
230.147 230.418 230.723
230.104 230.902 232.781
230.523 231.251 233.077
230.163 231.408 232.845
230.106 230.338 230.655
230.280 230.647 231.155
230.181 230.346 230.765
230.659 231.589 232.784
230.242 230.498 231.097
230.429 230.711 231.035
230.321 230.859 232.800
230.166 230.414 230.793
230.251 230.856 233.032
230.275 231.952 233.131
230.279 230.497 230.740
230.227 231.389 232.825
230.207 230.526 231.093
230.334 231.471 232.897
230.442 230.645 231.038
230.172 230.942 232.765
230.469 231.192 232.885
230.122 230.644 230.997
230.208 230.361 230.669
230.217 231.912 233.072
230.314 230.945 232.769
230.455 231.466 232.900
230.341 230.623 230.961
230.344 231.439 232.971
230.111 230.774 232.821
230.186 230.935 232.706
230.153 230.386 230.819
230.347 230.591 230.914
230.329 230.669 230.948
230.394 230.976 232.796
230.519 231.614 232.916
230.310 231.129 232.767
230.160 230.813 232.821
230.305 230.970 232.745
230.231 230.345 230.465
230.424 230.961 232.702
230.230 231.044 232.859
230.276 231.166 232.819
230.179 231.363 232.778
230.193 230.442 230.606
230.170 230.473 230.689
230.224 230.955 232.749
230.191 230.443 230.826
230.130 230.396 230.690
230.211 231.985 233.370
230.604 231.526 232.870
230.133 230.854 233.133
230.159 230.417 230.806
230.648 231.593 232.853
230.280 230.541 230.784
230.240 231.135 233.003
230.513 231.555 232.938
230.144 230.888 232.827
230.091 230.313 230.455
230.137 230.382 231.122
230.333 230.610 230.859
230.201 230.856 233.039
230.293 230.594 231.273
230.209 230.504 230.791
230.334 232.117 233.483
230.142 230.364 230.787
230.231 230.988 232.876
230.231 230.952 232.869
230.383 230.967 232.932
230.313 230.466 230.765
230.249 231.018 232.729
230.683 231.222 232.861
230.412 231.079 232.791
230.308 230.641 230.891
230.239 230.793 232.767
230.343 230.979 233.102
230.222 231.488 232.928
230.191 230.470 230.766
230.160 231.487 233.372
230.304 231.333 232.851
230.128 231.329 232.815
230.535 231.165 233.216
230.572 231.147 232.851
230.188 230.956 232.917
230.093 230.291 230.470
230.334 230.884 232.733
230.137 230.897 232.812
230.384 230.721 230.901
230.425 231.169 232.882
230.167 231.468 233.121
230.182 230.414 230.801
230.136 231.285 232.916
230.162 231.267 232.730
230.639 231.548 232.837
230.235 230.928 232.813
230.283 231.498 233.000
230.212 230.480 230.800
230.230 230.369 230.601
230.188 230.855 232.877
230.554 230.784 230.957
230.111 231.014 233.080
230.354 230.644 230.856
230.052 230.542 230.974
230.261 230.552 230.826
230.104 230.309 230.662
230.329 231.127 233.107
230.188 231.033 232.896
230.358 231.144 232.880
230.333 230.996 232.908
230.174 230.862 232.856
230.508 230.655 230.866
230.131 230.280 230.413
230.259 230.953 232.953
230.149 230.875 232.959
230.142 231.028 232.751
230.362 231.208 233.198
230.184 230.535 231.146
230.376 231.150 232.818
230.683 231.573 232.834
230.121 230.964 232.889
230.270 230.956 232.828
230.224 231.351 232.937
230.279 230.587 231.181
230.325 231.054 232.825
230.257 230.960 232.831
230.173 230.571 231.048
230.133 230.316 230.464
230.952 232.155 232.973
230.516 231.085 232.797
230.334 230.913 232.843
230.493 231.115 232.927
230.341 240.971 282.952
230.237 230.910 232.829
230.363 231.002 233.117
230.273 230.961 232.981
230.113 230.929 232.714
230.124 231.043 232.854
230.194 231.022 232.883
230.144 230.414 230.722
230.091 230.898 232.842
230.435 232.086 233.193
230.322 230.912 232.820
230.322 231.027 233.348
230.274 232.010 233.168
230.260 230.631 230.945
230.127 230.367 230.794
230.257 231.052 232.926
230.309 230.451 230.629
230.267 230.410 230.707
230.186 230.534 231.115
230.250 230.953 232.882
230.306 231.907 233.111
230.195 230.498 230.833
230.374 231.610 233.065
230.311 230.520 230.846
230.057 230.324 230.605
230.188 230.351 230.488
230.229 230.884 233.050
230.120 231.280 232.834
230.378 231.098 232.995
230.331 231.390 232.927
230.250 230.388 230.488
230.336 231.000 232.743
230.331 230.543 230.812
230.203 231.004 232.986
230.359 231.431 232.882
230.188 230.519 230.871
230.177 230.855 232.745
230.054 231.959 233.039
230.136 230.950 232.830
230.356 230.986 232.907
230.337 230.730 231.003
230.209 230.379 230.819
230.110 230.850 232.892
230.173 230.554 230.948
230.079 230.469 230.815
230.331 231.076 232.781
230.260 231.044 233.169
230.283 230.536 231.071
230.181 230.484 230.774
230.180 230.968 232.864
230.149 230.775 232.974
230.404 231.182 232.772
230.501 230.689 230.874
230.256 230.989 233.324
230.102 230.817 233.008
230.340 230.893 232.834
230.196 230.373 230.598
230.232 231.017 232.859
230.156 230.463 230.852
230.135 230.838 232.918
230.178 231.464 232.915
230.201 230.498 230.854
230.224 230.898 232.804
230.241 231.055 233.409
230.199 230.995 233.067
230.371 231.251 233.478
230.264 231.290 232.898
230.378 231.499 232.796
230.166 230.886 232.899
230.138 230.537 231.258
230.668 231.649 233.166
230.278 231.020 232.940
230.219 230.497 230.750
230.139 230.892 232.892
230.201 231.114 232.849
230.262 231.545 233.054
230.343 230.552 230.826
230.140 230.933 232.994
230.349 231.039 232.943
230.616 232.074 233.432
230.504 230.657 231.026
230.185 230.904 232.864
230.256 230.890 232.773
230.238 230.430 230.980
230.396 231.493 232.950
230.110 230.949 232.759
230.212 230.899 232.343
230.114 231.042 233.008
230.279 231.567 232.974
230.194 230.871 232.854
230.235 230.623 231.022
230.226 231.048 233.183
230.281 231.632 233.003
230.177 231.621 232.837
230.212 230.449 230.851
230.158 230.415 230.832
230.151 230.587 230.913
230.309 230.861 232.932
230.177 230.935 232.760
230.205 230.384 230.496
230.255 231.283 232.760
230.335 232.257 234.498
230.144 231.166 232.754
230.363 230.851 231.907
230.244 231.021 232.757
230.299 230.632 230.839
230.381 231.577 233.061
230.242 231.006 232.853
230.318 231.455 232.929
230.514 231.587 232.907
230.470 231.102 232.848
230.416 231.236 232.855
230.349 230.767 231.108
230.428 231.481 232.754
230.344 231.136 233.095
230.148 231.487 233.275
230.212 230.811 232.747
230.164 230.326 230.513
230.203 231.138 232.865
230.200 230.464 230.744
230.163 230.988 233.031
230.331 231.014 232.748
230.200 230.489 230.898
230.183 230.892 232.767
230.112 230.355 230.596
230.403 231.425 232.803
230.281 230.572 230.939
230.137 230.847 233.228
230.534 231.228 232.780
230.197 230.365 230.673
230.213 230.934 232.788
230.415 231.102 233.008
230.084 231.424 232.916
230.127 231.887 233.134
230.198 231.031 232.865
230.367 231.021 233.116
230.239 230.563 230.791
230.229 231.008 233.121
230.474 231.104 233.153
230.108 230.858 232.885
230.299 231.537 233.151
230.452 231.076 232.750
230.213 230.908 232.825
230.549 231.256 232.998
230.301 231.430 233.007
230.163 230.486 230.672
230.189 231.413 233.193
230.729 231.684 233.009
230.159 231.392 232.832
230.309 230.450 230.574
230.088 230.557 230.896
230.355 230.695 230.975
230.262 230.402 230.553
230.263 230.909 232.812
230.236 230.703 231.217
230.205 231.320 232.929
230.214 230.692 231.281
230.378 230.582 230.784
230.214 230.522 230.836
230.234 231.401 232.847
230.342 230.954 232.880
230.100 230.770 233.057
230.156 231.106 232.967
230.175 231.571 233.169
230.350 230.472 230.669
230.230 230.899 232.897
230.252 231.051 233.000
230.130 231.420 232.871
230.306 231.115 232.936
230.116 231.385 232.932
230.302 230.998 232.795
230.417 231.574 232.932
230.105 231.417 233.043
230.073 230.885 233.004
230.458 231.216 232.836
230.335 231.449 233.100
230.070 231.074 232.917
230.185 231.160 233.388
230.109 230.402 230.884
230.413 230.774 231.182
230.291 230.500 230.727
230.287 231.067 233.017
230.186 230.401 230.766
230.156 230.306 230.455
230.062 230.557 230.946
230.215 231.310 232.886
230.325 231.533 233.651
230.322 230.475 230.721
230.352 230.541 230.772
230.419 231.060 232.738
230.249 231.471 232.865
230.136 230.470 230.739
230.160 230.940 232.970
230.179 231.002 232.852
230.318 230.506 230.735
230.276 230.920 232.795
230.337 231.250 232.768
230.330 231.010 232.922
230.248 230.539 230.886
230.198 232.001 233.504
230.153 231.435 232.980
230.143 230.377 230.765
230.172 231.613 233.210
230.200 230.280 230.361
230.473 231.490 232.911
230.780 231.828 232.927
230.494 231.067 232.974
230.123 230.397 230.764
230.288 230.626 230.778
230.282 231.465 232.955
230.112 231.022 232.985
230.171 230.916 232.859
230.131 230.995 233.051
230.161 231.033 232.800
230.142 230.662 231.082
230.099 230.765 232.876
230.370 231.050 232.943
230.203 230.963 233.113
230.175 231.468 232.928
230.269 230.966 232.716
230.197 231.004 233.092
230.435 231.194 233.138
230.136 231.395 232.976
230.208 230.310 230.454
230.483 231.571 233.051
230.339 230.957 232.823
230.195 230.381 230.559
230.279 231.101 232.908
230.225 230.925 232.746
230.424 231.027 232.976
230.299 230.559 230.805
230.222 231.389 232.759
230.310 231.391 232.961
230.191 230.545 230.864
230.191 231.127 232.920
230.095 230.427 230.846
230.147 231.452 233.184
230.256 230.594 230.846
230.106 230.890 233.151
230.242 230.550 230.758
230.197 231.110 232.762
230.142 230.987 232.790
230.082 230.578 231.324
230.356 230.645 230.862
230.499 231.093 232.786
230.227 230.502 230.697
230.229 230.608 230.976
230.301 231.009 232.854
230.395 231.617 232.994
230.536 231.107 232.870
230.181 230.690 231.241
230.322 231.547 233.171
230.201 231.009 232.977
230.575 231.699 233.129
231.038 232.211 233.244
230.312 230.677 231.282
230.158 230.607 231.197
230.188 230.591 230.891
230.542 231.152 232.744
230.284 230.651 231.181
230.526 230.722 231.136
230.277 231.108 232.985
230.434 232.035 233.114
230.263 231.085 233.215
230.218 230.679 231.100
230.307 231.058 233.175
230.286 230.848 232.821
230.448 231.627 233.172
230.399 231.524 233.115
230.162 231.437 233.013
230.632 232.659 233.288
230.572 231.561 233.031
230.518 231.108 232.671
230.387 231.579 233.160
230.286 230.620 230.772
230.276 231.130 233.294
230.445 231.059 233.050
230.352 230.524 230.790
230.301 230.891 232.844
230.341 231.228 233.379
230.359 230.700 231.171
230.322 230.610 231.158
230.202 230.354 230.603
230.148 231.292 232.778
230.146 230.739 232.813
230.341 230.933 231.719
230.201 231.070 233.217
230.251 230.604 230.917
230.536 231.188 232.783
230.375 231.087 233.170
230.141 231.280 232.969
230.220 231.097 232.945
230.489 230.800 230.972
230.149 231.502 233.062
230.195 230.377 230.569
230.432 230.831 231.080
230.203 231.258 233.299
230.190 230.513 230.933
230.357 230.977 232.712
230.397 231.141 233.117
230.485 231.078 232.813
230.169 231.428 233.170
230.390 231.451 233.000
230.301 231.082 232.905
230.500 230.738 231.180
230.257 230.572 230.835
230.579 230.711 230.906
230.267 231.017 232.844
230.166 230.500 230.968
230.488 231.591 233.222
230.174 230.577 230.900
230.218 231.108 233.156
230.481 230.600 230.658
230.135 230.514 230.886
230.901 232.149 232.996
230.347 231.084 233.290
230.151 230.407 230.993
230.450 230.791 230.986
230.331 230.980 233.151
230.423 230.653 230.998
230.159 231.416 232.776
230.085 231.937 233.019
230.419 231.105 232.994
230.102 230.863 232.941
230.650 231.571 232.891
230.261 230.891 233.195
230.507 230.806 231.240
230.128 231.037 232.904
230.412 231.226 233.157
230.224 231.389 232.994
230.457 232.137 233.185
230.373 231.212 233.134
230.460 231.206 233.126
230.194 230.992 233.070
230.311 231.038 233.088
230.242 231.538 232.858
230.097 230.705 230.995
230.200 232.043 233.318
230.376 230.632 230.917
230.218 231.038 233.104
230.109 230.886 233.005
230.345 231.054 233.310
230.462 231.518 233.161
230.257 230.935 232.954
230.516 230.822 231.186
230.252 230.676 231.017
230.459 230.582 230.780
230.333 230.782 231.227
230.506 231.172 232.753
230.200 230.565 231.086
230.379 231.101 232.806
230.127 230.954 233.150
230.499 231.478 232.858
230.327 230.479 230.688
230.200 231.003 232.877
230.159 230.488 230.932
230.588 231.625 233.197
230.150 231.062 232.921
230.330 231.042 233.014
230.189 230.327 230.450
230.126 230.425 230.692
230.124 230.620 231.144
230.163 230.303 230.594
230.228 230.873 232.893
230.338 230.491 230.725
230.351 231.067 232.784
230.521 232.441 233.039
230.365 231.588 233.076
230.068 230.492 230.864
230.497 230.790 230.978
230.312 231.557 233.144
230.218 231.063 232.955
230.314 230.699 231.169
230.313 230.885 232.792
230.390 231.059 232.881
230.341 230.584 230.917
230.076 230.768 232.888
230.121 230.886 232.790
230.671 231.718 232.982
230.096 230.482 231.219
230.659 231.643 232.892
230.321 231.129 232.835
230.250 230.603 230.920
230.397 231.409 232.913
230.742 231.357 232.954
230.416 231.384 234.627
230.326 230.636 230.935
230.246 230.470 230.853
230.281 230.942 233.046
230.480 231.162 232.896
230.190 231.090 232.695
230.406 230.552 230.843
230.141 230.776 232.814
230.147 230.391 230.746
230.327 230.726 231.473
230.097 231.013 232.717
230.193 230.449 230.690
230.159 230.450 230.761
230.610 231.699 232.841
230.123 230.527 230.966
230.162 230.825 232.793
230.358 230.638 230.780
230.282 231.912 233.227
230.160 230.614 231.158
230.312 231.197 232.904
230.173 231.458 232.923
230.297 231.466 233.050
230.225 230.861 232.811
230.360 231.054 232.939
230.053 230.890 233.188
230.286 230.525 230.803
230.210 231.485 232.827
230.272 231.335 232.891
230.165 231.451 232.840
230.335 231.849 233.042
230.276 230.594 231.025
230.172 231.006 232.937
230.213 230.572 230.981
230.361 231.040 232.950
230.200 230.789 232.759
230.274 230.990 233.179
230.229 230.988 232.953
230.246 230.781 231.379
231.121 231.932 233.795
231.149 231.484 231.683
231.157 231.491 232.192
231.165 231.850 233.764
231.127 231.942 234.184
231.146 231.765 233.720
230.165 230.607 230.901
230.089 230.379 230.784
230.159 230.821 232.858
230.295 231.552 233.330
230.433 231.197 232.818
230.234 231.426 232.918
230.260 230.928 232.879
230.435 231.043 232.800
230.130 230.261 230.463
230.491 230.640 230.964
230.428 230.745 231.218
230.429 230.628 230.937
230.163 230.938 232.892
230.161 230.475 230.597
230.325 231.455 233.000
230.185 231.138 232.944
230.121 230.376 230.555
230.219 230.983 232.932
230.185 230.812 232.736
230.140 230.953 232.833
230.247 230.984 232.729
230.207 230.420 230.890
230.401 230.544 230.861
230.243 230.639 230.942
230.163 230.814 232.784
230.304 230.637 231.282
230.164 230.435 230.751
230.212 230.561 230.970
230.719 231.781 233.129
230.106 230.905 232.813
230.145 230.571 231.000
230.612 231.584 232.902
230.163 230.405 230.860
230.179 230.566 230.922
230.514 231.866 234.630
230.329 230.841 232.780
230.069 230.583 231.001
230.163 230.982 232.726
230.260 231.079 232.912
230.193 231.926 233.128
230.361 230.511 230.776
230.227 230.350 230.440
230.272 230.731 231.627
230.132 230.402 230.804
230.274 230.525 230.744
230.144 230.233 230.416
230.384 231.075 233.105
230.290 231.462 232.810
230.080 230.430 231.165
230.136 231.352 233.033
230.119 230.467 231.084
230.118 230.412 230.865
230.177 230.478 230.768
230.365 230.631 230.890
230.345 230.986 232.806
230.075 230.365 231.218
230.227 231.585 233.126
230.216 230.555 231.072
230.157 230.343 230.735
230.072 230.556 230.918
230.251 230.843 232.778
230.319 230.965 232.840
230.181 230.406 230.708
230.320 231.159 232.986
230.217 230.884 232.895
230.253 230.642 230.957
230.234 230.896 232.778
230.239 232.333 232.884
230.064 230.690 231.168
230.201 230.529 230.850
230.214 230.477 230.734
230.276 231.031 232.813
230.301 230.945 232.897
230.238 230.468 230.688
230.368 230.668 231.200
230.320 230.610 230.833
230.138 230.319 230.543
230.127 231.046 232.946
230.116 230.835 232.680
230.153 230.356 230.813
230.202 230.313 230.477
230.262 230.934 232.904
230.183 230.919 232.771
230.391 230.583 230.888
230.328 231.432 233.280
230.131 230.402 230.840
230.368 231.055 232.998
230.246 231.066 233.056
230.230 230.544 230.841
230.163 230.477 230.866
230.311 231.075 232.860
230.485 230.745 230.992
230.160 230.437 230.727
230.448 231.988 234.230
230.169 230.592 231.149
230.168 230.861 232.758
230.536 231.524 233.014
230.161 230.413 231.108
230.442 231.534 232.982
230.239 230.599 231.031
230.164 230.954 233.224
230.227 230.988 232.841
230.192 230.882 232.711
230.267 230.931 232.815
230.216 231.534 232.939
230.230 231.047 232.735
230.209 231.922 232.999
230.209 230.889 232.850
230.403 232.414 234.995
230.163 231.318 232.817
230.362 230.960 232.582
230.316 230.486 230.827
230.184 230.415 230.899
230.063 230.807 232.708
230.112 230.910 232.759
230.311 231.511 232.792
230.213 230.784 232.750
230.358 230.795 231.972
230.222 230.951 233.093
230.079 231.516 233.077
230.272 230.924 232.876
230.204 230.517 230.880
230.084 231.378 233.025
230.141 230.987 232.924
230.361 231.099 232.833
230.218 231.019 232.906
230.252 230.475 230.969
230.739 231.713 233.224
230.229 230.544 230.821
230.184 230.762 232.696
230.232 231.462 232.928
230.087 230.377 230.784
230.362 231.015 232.684
230.593 231.581 233.086
