220.054 233.176 239.793
188.446 193.632 201.139
214.408 229.556 239.740
226.007 236.962 239.828
227.777 237.295 240.004
226.445 229.951 240.288
231.643 238.141 240.242
216.637 230.000 240.082
221.622 232.605 240.306
219.694 229.221 239.273
219.688 229.372 240.072
225.423 235.336 240.052
217.916 226.643 239.470
227.794 237.354 239.808
215.031 229.507 239.767
218.102 233.041 240.243
214.027 232.137 240.082
222.038 236.240 240.005
226.309 234.813 240.361
218.068 233.514 239.919
216.524 235.062 240.027
222.926 234.274 239.639
226.143 237.147 240.150
218.119 226.496 239.719
239.371 239.798 239.993
214.452 230.531 240.158
213.842 234.621 240.030
214.756 227.160 240.246
219.601 234.139 239.965
177.747 191.580 200.691
221.527 233.393 240.144
213.871 229.707 240.135
227.001 230.055 240.273
225.995 232.165 239.876
228.180 237.412 239.980
226.188 231.832 239.455
227.634 237.555 240.255
223.211 231.583 240.014
225.845 232.061 239.802
219.274 231.161 239.985
216.387 229.839 239.946
226.013 234.423 240.169
216.658 235.426 240.253
219.218 230.461 240.079
227.379 234.897 240.033
214.297 234.611 239.855
214.550 232.232 239.853
225.579 230.099 240.120
213.819 234.461 239.979
218.114 230.675 239.914
227.820 237.645 240.312
223.060 231.165 239.939
226.268 234.589 240.269
225.998 234.614 239.998
214.736 226.541 240.011
219.638 233.397 240.078
216.204 230.685 240.178
215.999 232.226 240.238
217.888 226.489 239.786
216.450 224.925 240.193
219.533 231.079 239.582
214.658 232.386 240.102
219.945 228.687 240.096
223.220 230.577 239.564
225.913 234.620 240.139
222.676 233.978 240.129
219.253 231.572 239.932
215.934 228.250 239.614
215.039 232.577 240.191
227.265 235.556 240.111
224.853 236.795 240.166
214.315 224.477 227.869
222.880 228.059 240.000
226.269 235.365 240.051
226.019 234.518 239.785
217.818 235.367 240.054
214.765 225.354 239.609
218.422 230.610 240.378
214.333 232.512 240.173
223.145 234.479 240.043
220.014 233.465 239.908
216.383 235.070 240.029
216.535 235.222 240.254
214.774 234.922 240.226
216.171 235.086 240.155
187.085 196.673 202.338
216.354 225.720 239.952
216.294 232.411 240.687
239.630 240.082 240.481
214.579 222.531 239.457
225.281 228.808 231.108
187.149 216.350 239.702
219.300 233.206 240.461
227.714 235.127 240.178
219.787 235.980 240.383
219.870 233.687 240.670
221.786 231.002 240.478
227.265 235.442 240.530
227.524 232.726 240.786
218.062 229.546 240.017
217.622 232.789 240.274
227.794 235.092 239.960
214.113 232.268 240.254
239.582 239.953 240.339
227.655 233.263 240.218
227.546 237.371 240.083
214.246 224.113 239.788
213.641 229.589 239.739
216.251 235.147 240.087
220.089 231.713 239.856
224.776 236.627 239.662
226.068 234.660 240.142
219.645 233.519 240.248
215.325 232.205 240.058
239.372 239.880 240.219
214.015 223.834 239.734
226.754 234.646 240.073
227.638 235.349 240.002
219.559 226.580 239.644
215.874 229.602 239.778
215.827 227.819 239.731
230.952 237.945 239.887
214.017 226.010 240.026
215.731 224.373 239.703
214.155 222.449 239.996
227.608 232.475 239.800
227.620 233.216 239.891
219.595 228.605 239.615
216.086 229.032 239.723
218.304 232.106 239.917
216.674 229.680 240.285
227.400 234.934 240.161
215.172 225.974 239.683
227.494 237.253 239.860
239.687 239.936 240.123
239.683 239.882 240.264
220.140 229.011 239.732
217.592 230.077 240.041
217.557 232.853 239.886
188.553 212.347 239.695
227.515 237.261 239.902
222.291 233.674 239.848
213.984 232.137 239.848
217.787 230.112 239.646
227.136 234.838 239.988
219.629 230.599 239.967
226.110 234.321 240.009
216.002 229.917 239.965
225.409 232.881 240.117
227.191 233.080 239.650
227.761 237.336 239.867
214.022 224.836 239.606
214.474 227.949 240.019
214.817 227.647 239.675
226.356 236.438 239.992
216.424 232.699 240.314
216.542 228.709 239.993
227.500 234.886 240.060
217.724 235.596 240.517
216.624 230.494 240.047
214.139 219.471 231.495
217.597 225.477 231.674
218.594 228.676 239.649
215.167 225.769 239.783
219.611 233.289 240.319
221.839 233.597 240.122
226.599 237.223 240.142
214.163 230.832 240.212
216.598 230.237 239.855
223.036 228.807 239.656
239.367 239.636 239.946
226.195 237.126 240.064
215.705 221.609 239.828
216.277 232.785 240.400
228.022 237.575 240.121
219.703 233.413 240.271
226.184 236.969 239.827
227.669 233.084 240.100
214.514 227.908 239.770
227.682 234.777 239.642
221.553 233.527 240.164
227.622 232.503 239.883
175.933 190.987 200.883
214.549 225.100 239.740
214.396 228.492 239.664
217.733 225.871 239.626
227.809 235.174 240.343
219.976 228.787 240.163
219.475 231.268 239.703
218.988 223.021 227.680
229.648 237.661 239.800
218.166 231.091 239.709
215.919 229.242 239.887
215.784 225.001 239.391
215.533 232.452 240.004
223.093 228.679 239.730
218.534 232.988 240.243
215.923 227.770 240.155
225.381 230.774 239.617
226.200 235.165 240.279
214.368 226.264 239.909
215.199 234.822 240.192
214.550 224.619 239.790
227.067 235.635 240.046
217.448 232.751 239.899
239.296 239.625 239.980
220.188 230.417 239.760
216.868 233.592 240.118
218.322 230.041 239.979
216.416 228.778 239.805
216.355 232.234 239.821
214.777 232.409 240.127
225.835 234.788 240.119
178.521 189.651 202.356
214.706 225.144 239.612
216.224 229.854 240.186
216.282 230.879 240.101
216.189 224.937 240.080
216.430 232.489 240.275
177.483 186.995 202.784
217.011 235.444 240.407
215.059 229.950 239.579
227.844 235.428 239.859
223.180 231.061 239.784
218.129 230.318 240.003
227.818 237.500 240.130
225.570 232.107 240.013
218.148 229.713 240.001
187.107 203.971 239.755
219.511 233.122 239.589
226.317 232.811 240.060
214.500 220.243 227.326
190.234 199.690 202.707
226.250 234.687 240.202
239.423 239.864 240.271
218.196 225.338 227.576
216.495 232.444 240.436
215.669 234.920 240.024
216.308 232.738 239.939
215.899 232.807 240.461
216.176 226.849 240.003
227.435 237.409 240.087
227.745 235.037 240.003
214.731 229.903 240.120
216.316 228.882 239.791
214.092 227.276 239.381
217.627 228.963 240.360
221.433 236.156 240.433
215.942 230.862 240.134
219.317 232.096 240.002
213.814 223.960 239.872
225.876 231.799 239.638
227.590 235.011 240.192
223.107 234.073 240.010
215.885 231.459 239.857
227.155 234.782 239.765
219.321 232.406 240.177
216.832 229.725 240.378
215.981 228.972 240.102
216.062 226.591 240.176
215.344 225.181 239.523
219.425 233.340 240.050
227.031 235.271 240.080
214.111 229.836 240.064
226.123 234.611 240.256
216.186 227.736 240.181
220.279 235.945 240.009
239.470 240.001 240.314
216.362 228.256 240.193
215.673 232.584 240.044
214.452 227.419 240.447
227.278 234.956 240.406
216.254 230.294 239.925
218.028 226.098 229.478
218.187 235.450 239.928
216.631 228.009 239.718
219.984 233.355 239.690
213.695 228.076 240.137
226.193 232.296 240.264
226.277 237.154 240.227
227.600 235.103 240.304
217.899 228.953 239.971
216.929 226.463 239.681
177.107 197.578 239.879
227.410 234.937 240.114
217.970 227.920 239.481
221.923 233.927 240.282
214.721 227.373 239.587
226.362 234.815 240.198
214.252 228.535 239.638
227.473 235.000 240.306
223.341 233.857 240.008
188.825 201.621 240.248
214.838 230.194 240.128
215.516 228.926 239.681
227.404 237.250 239.994
218.126 228.394 239.958
218.105 227.157 239.816
227.905 237.173 239.613
227.720 235.924 240.329
227.990 235.480 239.919
217.714 230.492 240.413
239.546 239.902 240.447
226.164 234.459 240.133
215.489 224.114 230.181
223.472 229.361 239.681
216.153 232.390 239.943
218.136 235.393 239.990
222.062 233.348 240.093
239.696 240.131 240.372
214.816 230.141 240.295
217.875 235.617 240.577
216.017 229.717 240.041
222.815 234.209 240.594
216.314 225.773 240.387
215.841 232.778 240.377
214.346 229.718 240.411
226.104 231.512 239.758
216.748 229.516 240.383
216.083 232.345 240.416
221.480 228.698 240.348
225.163 236.834 240.049
216.060 232.871 240.279
215.217 232.135 240.137
223.778 228.810 239.427
226.011 229.723 240.225
221.922 233.584 240.124
215.948 229.007 240.264
218.370 231.092 239.998
218.030 233.022 240.271
226.166 232.175 240.184
216.557 225.972 240.159
217.394 230.482 240.006
216.493 235.283 240.276
227.446 232.357 239.625
216.312 225.146 240.182
239.174 239.664 240.018
216.225 232.639 239.939
216.120 231.114 240.438
215.995 235.062 240.165
217.915 228.832 239.481
226.265 232.207 239.912
226.364 232.603 240.396
219.463 226.850 239.651
219.959 231.442 240.302
219.888 236.243 241.098
227.706 237.341 240.006
214.816 232.485 240.211
218.097 225.835 239.735
216.314 229.876 240.453
214.279 232.049 240.167
179.693 193.107 201.144
220.024 233.450 240.316
217.981 229.624 240.248
213.819 226.682 240.048
214.941 225.603 240.135
215.336 232.932 240.504
216.573 233.067 240.327
216.028 232.596 240.421
226.871 234.807 240.374
215.382 232.551 240.029
214.315 233.120 240.344
214.737 226.090 239.848
215.677 230.451 240.106
219.117 225.743 227.887
217.857 233.076 240.417
175.472 214.174 240.126
215.466 229.349 240.068
226.474 235.570 240.254
217.726 232.991 240.192
216.878 233.696 240.203
227.173 234.907 240.148
214.722 221.349 229.811
216.772 228.010 240.369
239.310 239.900 240.307
215.807 228.120 240.103
214.700 228.659 239.588
213.642 231.930 240.123
219.665 231.150 240.400
218.279 234.299 246.069
214.144 230.664 239.910
219.777 230.843 240.207
216.123 231.784 240.427
215.037 228.852 239.983
214.385 227.042 240.061
225.918 232.025 240.167
213.914 219.291 226.915
216.497 224.485 239.914
178.750 218.665 240.220
216.045 229.876 240.298
214.200 228.780 240.451
217.987 230.250 240.060
216.467 229.708 240.403
216.170 232.634 240.005
218.596 226.388 239.616
216.088 220.405 228.054
215.047 227.674 240.035
215.325 227.509 239.522
227.651 237.528 240.287
215.022 226.912 239.978
215.491 228.341 240.059
226.257 235.589 240.312
227.587 234.728 239.605
218.157 230.667 240.111
214.337 231.025 240.017
216.476 232.813 240.340
227.297 232.417 240.128
188.303 198.991 202.444
227.375 237.459 240.519
215.826 229.886 239.872
226.936 232.989 240.407
214.814 226.901 239.696
217.736 231.837 239.962
176.310 188.560 201.096
218.212 231.688 240.402
225.838 231.604 239.922
230.179 236.205 240.147
239.826 240.132 240.462
213.744 226.166 240.224
231.258 237.856 239.771
229.964 238.001 240.235
214.722 232.212 239.748
215.948 227.813 239.813
217.217 235.406 240.436
216.526 232.853 240.179
214.202 221.056 227.837
218.649 231.575 239.894
214.082 221.624 239.854
231.539 238.107 239.872
221.765 225.969 228.045
227.275 237.659 240.546
226.240 237.329 240.378
190.256 215.546 239.707
218.533 235.540 240.122
214.002 227.058 240.012
175.573 193.911 201.107
220.192 227.530 239.958
218.070 226.212 239.831
216.460 227.744 239.766
221.686 233.480 240.118
217.595 228.214 239.924
228.169 237.686 240.453
221.530 233.924 240.227
227.208 234.819 240.430
227.991 237.630 240.257
228.003 237.674 240.387
214.148 227.158 240.435
219.806 230.914 239.971
216.178 230.334 240.132
216.886 233.775 240.774
217.429 235.500 240.433
218.873 226.820 231.407
217.918 227.609 239.136
222.692 234.037 240.045
227.250 229.977 239.935
219.483 230.817 239.836
226.203 229.825 239.625
216.334 223.186 228.215
218.247 227.547 240.046
214.741 225.844 239.713
216.162 227.508 239.671
215.529 232.918 240.099
218.375 224.293 239.990
176.847 190.787 200.625
221.333 232.958 240.447
214.688 229.028 239.884
217.936 228.773 239.808
218.196 228.790 239.966
216.928 227.230 240.216
216.094 232.761 240.150
223.726 234.264 240.204
214.055 228.096 240.177
216.471 227.999 239.802
225.631 234.128 239.943
227.084 235.032 240.127
218.106 222.994 239.665
214.831 226.209 240.142
221.610 233.809 240.451
223.012 236.381 239.969
214.178 232.358 239.985
215.453 230.448 239.672
223.315 233.880 240.481
214.087 221.704 239.998
222.858 229.117 239.689
214.045 221.443 240.092
221.759 231.808 239.813
226.295 237.337 240.668
227.969 237.528 240.043
227.457 234.941 240.156
177.053 186.624 200.530
227.442 232.383 239.586
177.060 179.208 183.669
225.514 230.398 239.967
225.684 231.557 239.823
225.672 234.268 240.184
225.664 229.754 240.144
216.422 229.766 240.116
218.360 229.944 240.460
218.638 233.404 240.359
223.548 234.527 240.060
216.486 222.670 228.005
223.072 234.139 240.016
218.302 230.296 239.763
216.462 224.027 229.780
218.215 230.784 240.416
216.410 230.606 240.119
217.706 229.192 240.356
216.535 227.196 240.447
177.184 191.479 201.386
225.350 237.007 240.383
217.880 234.525 246.241
215.875 234.928 239.855
213.628 226.694 239.871
225.873 231.976 240.099
218.106 230.548 239.841
221.329 228.913 239.945
216.511 226.618 240.035
216.714 221.094 225.079
214.892 229.407 239.676
215.676 232.470 240.271
214.699 231.037 240.593
215.309 225.465 239.668
214.019 232.803 239.956
227.387 234.937 239.821
226.585 237.183 240.180
217.414 228.987 239.788
216.174 235.254 240.187
218.551 230.265 240.442
214.288 222.801 239.836
202.120 218.673 246.253
223.674 231.955 239.958
214.286 228.503 239.855
227.352 234.950 240.130
218.139 232.940 240.220
214.195 223.259 239.934
214.807 229.992 239.768
177.604 189.074 202.120
228.181 235.705 239.787
239.676 240.002 240.361
216.245 228.500 240.302
216.445 227.777 239.796
239.283 239.758 240.009
227.194 237.399 240.158
219.436 226.660 231.521
217.965 233.040 240.451
216.306 226.474 239.292
221.636 230.364 239.966
174.909 195.601 201.049
218.513 235.431 239.702
239.611 240.183 240.430
214.209 225.302 239.507
215.869 227.042 239.912
216.184 225.756 239.450
222.956 233.660 240.006
217.283 229.557 239.993
185.625 229.160 240.168
214.776 229.625 239.645
227.348 233.271 240.465
217.570 235.423 240.102
215.833 232.417 240.152
227.448 232.911 240.020
217.835 230.787 240.276
216.245 231.868 240.245
227.932 235.001 239.860
216.371 228.797 239.746
214.582 234.619 239.889
200.844 201.638 202.225
214.701 230.241 240.076
216.587 232.714 239.902
216.142 229.921 239.939
219.271 235.784 240.399
220.293 235.865 240.131
214.559 229.888 239.761
227.511 237.119 239.853
216.537 228.193 239.914
219.911 233.454 239.977
218.079 235.525 239.945
218.391 233.175 239.954
219.343 233.165 239.944
239.490 239.804 240.067
217.692 227.955 240.204
227.438 237.316 240.219
221.258 236.195 240.141
217.994 227.219 239.488
222.932 231.418 240.239
215.710 223.775 240.211
214.611 216.719 221.322
217.864 229.820 239.982
227.955 235.226 240.198
219.729 230.357 240.089
216.386 221.908 227.548
227.369 230.455 239.965
218.049 228.555 239.974
219.145 226.512 230.031
214.147 234.651 239.911
214.068 225.562 239.720
224.898 234.398 240.059
222.058 234.640 240.169
239.643 239.837 240.104
216.349 232.642 239.894
214.141 230.040 240.357
190.636 214.860 239.739
216.112 225.146 239.112
225.585 234.606 240.253
225.393 236.940 240.225
227.602 237.085 239.707
215.824 229.030 239.631
218.073 223.523 227.812
226.609 234.956 240.248
214.638 229.426 240.009
218.530 228.733 239.818
216.536 227.240 239.789
188.497 198.409 201.108
225.855 237.132 240.379
225.874 231.825 239.927
221.740 233.844 240.414
214.487 234.797 240.046
221.488 236.207 240.050
214.271 229.839 240.036
216.219 230.219 240.041
225.560 236.728 239.923
213.973 227.230 240.321
214.358 232.098 239.811
215.680 229.768 239.958
229.598 237.605 239.670
221.776 233.593 239.785
218.037 226.973 239.769
227.712 237.104 239.504
217.867 226.655 239.573
175.983 189.185 202.251
217.352 231.689 240.085
226.399 234.793 240.244
219.149 235.719 240.034
223.233 231.627 239.752
213.846 227.045 239.695
218.467 230.526 239.932
217.491 226.444 240.110
215.402 230.104 239.817
227.042 232.139 239.750
217.873 232.016 239.995
201.028 229.498 239.841
226.066 234.466 240.095
214.565 224.910 239.646
214.009 227.722 239.675
220.055 231.212 239.401
226.138 236.966 239.761
226.128 234.631 240.416
216.311 235.336 240.547
214.328 224.049 231.169
225.074 231.936 239.724
225.615 234.494 239.878
226.017 232.255 240.017
226.515 236.923 240.044
227.150 234.720 240.112
214.135 232.590 239.828
214.385 223.500 228.215
214.762 227.338 239.959
214.490 235.325 243.778
223.422 236.624 240.125
219.686 237.346 245.537
226.264 232.091 239.519
229.692 237.848 240.190
213.845 224.815 239.987
220.079 228.557 240.456
221.832 233.762 240.346
214.071 230.289 239.883
216.334 227.030 239.573
214.652 219.458 227.928
218.152 231.141 240.290
215.865 227.784 239.968
227.492 237.283 240.035
226.231 232.199 240.245
213.704 229.396 240.305
217.888 228.626 240.096
217.580 228.380 240.056
222.774 236.309 239.999
184.218 200.736 214.422
216.312 226.863 239.978
214.450 228.477 239.911
214.710 224.838 240.224
223.124 228.986 239.628
217.574 227.882 240.046
221.631 230.745 239.610
218.138 227.873 239.738
223.361 231.190 239.631
217.942 235.443 240.059
225.729 229.574 240.067
188.481 206.973 231.376
218.346 233.062 239.980
239.256 239.676 240.275
219.122 225.702 239.750
216.037 226.429 239.887
217.735 232.743 239.788
215.927 226.621 239.936
213.855 225.506 239.743
239.727 240.006 240.339
200.849 224.931 240.164
218.014 233.331 239.898
218.060 231.583 240.297
227.713 234.885 240.000
218.375 232.999 240.127
227.035 234.877 240.097
227.725 235.665 239.899
215.896 229.916 239.930
216.343 227.981 239.949
225.564 232.169 240.206
216.207 232.628 240.131
225.170 232.044 239.734
215.016 223.793 239.847
225.820 235.267 239.956
215.765 232.753 240.151
214.247 225.920 239.743
216.257 233.399 240.048
216.456 228.600 240.310
218.295 235.916 240.681
221.668 233.615 239.845
227.036 237.106 239.974
215.972 228.269 239.750
216.315 232.160 239.902
225.381 234.732 239.652
218.298 232.778 240.135
217.842 228.143 239.721
224.953 232.996 239.616
216.580 232.475 240.323
227.194 230.019 239.767
221.616 236.362 240.373
225.097 231.957 240.107
227.330 237.424 240.041
225.881 234.694 239.936
227.300 237.422 240.210
214.685 235.002 240.473
227.156 234.777 239.876
176.793 188.679 200.682
214.282 227.416 240.232
186.388 223.528 245.687
227.058 234.860 240.186
215.995 235.042 240.139
216.090 230.293 239.719
219.902 235.703 239.696
225.926 232.723 240.123
227.184 230.643 239.676
226.286 234.436 239.761
227.433 234.888 239.909
214.707 233.078 239.935
227.208 233.542 239.755
223.202 231.217 239.902
218.356 227.249 240.158
215.904 230.180 239.703
215.081 226.649 239.372
218.251 230.416 239.668
222.982 229.432 240.073
235.575 243.920 252.604
239.645 239.901 240.104
239.526 244.972 253.003
221.321 233.430 252.860
221.350 223.427 230.975
235.253 235.566 236.035
221.573 224.976 227.482
219.693 229.770 236.301
221.178 226.324 235.658
215.870 221.583 225.996
221.389 227.286 236.507
215.539 222.746 227.439
221.167 223.906 227.787
182.153 192.787 214.180
213.842 222.405 227.544
221.246 221.431 221.615
214.240 221.961 225.980
214.190 222.326 227.672
221.873 223.799 228.031
221.527 223.889 231.569
221.791 225.380 229.093
216.180 221.645 227.083
221.204 223.812 227.667
217.219 225.100 231.296
217.254 219.817 221.434
221.502 223.504 227.212
213.810 221.845 227.604
217.984 222.175 227.682
215.482 222.378 227.183
216.118 222.564 231.466
182.745 187.700 192.159
214.111 219.100 221.550
221.521 226.339 231.282
217.596 222.703 227.305
221.374 222.865 227.689
182.714 186.383 188.413
217.681 223.736 227.980
221.127 223.477 231.499
215.262 220.393 221.869
214.139 219.071 222.104
217.676 221.526 225.296
214.310 221.012 227.670
217.899 220.720 221.603
213.204 221.013 227.436
217.158 219.861 221.846
213.831 219.929 221.660
219.513 221.184 221.969
217.640 223.301 227.938
221.263 224.018 227.857
221.594 225.247 233.348
221.853 225.838 227.757
221.057 223.734 227.642
178.817 183.300 188.525
220.015 222.072 225.707
215.475 220.714 225.537
182.363 183.633 185.805
214.032 220.614 230.986
217.180 221.875 227.175
221.553 223.366 227.851
213.557 217.518 222.087
213.386 221.831 231.129
221.386 225.046 227.752
221.589 223.015 227.804
217.469 220.850 221.996
221.301 222.738 227.908
217.448 222.610 227.356
217.512 222.131 227.663
217.379 222.404 227.768
218.135 223.009 227.321
213.440 223.498 227.462
218.225 222.152 227.677
221.153 222.676 227.905
221.404 222.736 225.472
213.586 222.244 227.510
215.792 221.645 227.506
217.961 222.091 227.314
214.305 223.473 228.005
216.697 223.320 229.110
176.776 185.437 188.532
216.041 221.694 227.763
215.569 221.253 227.694
182.430 186.249 191.959
218.167 221.132 221.922
215.627 221.036 227.721
217.190 221.476 225.422
221.300 223.829 227.768
215.545 221.565 227.563
221.666 224.567 229.800
214.710 220.402 227.373
222.167 225.498 227.653
221.431 224.412 227.558
221.327 222.757 227.599
221.413 223.627 227.628
215.857 222.913 227.704
217.615 221.910 227.096
221.195 225.385 231.186
216.387 224.053 227.743
221.356 223.898 227.633
221.561 222.998 227.741
214.553 221.414 227.480
220.980 223.807 227.955
215.753 224.483 229.496
216.180 222.178 227.904
216.335 220.601 222.093
215.696 220.176 227.027
215.573 220.878 227.448
221.330 222.475 225.581
217.622 219.825 221.868
216.420 220.476 225.473
221.191 221.753 222.121
221.376 223.566 227.232
213.558 219.497 221.478
221.540 225.323 231.504
221.347 223.486 231.453
221.499 222.898 227.710
215.573 221.809 227.678
217.134 220.042 221.990
221.564 222.845 227.640
214.263 222.069 227.457
213.659 221.433 231.273
221.186 222.720 227.690
221.522 226.034 231.175
215.634 222.777 227.511
213.130 219.719 223.351
217.316 223.856 227.672
221.752 225.834 227.954
215.876 220.424 221.701
217.984 222.057 227.008
214.361 220.948 225.607
221.307 222.838 227.655
220.167 222.440 227.286
216.006 222.976 228.094
216.523 222.646 227.940
221.195 225.055 228.089
218.105 223.674 228.939
215.621 220.518 221.877
214.433 222.001 227.423
215.863 220.500 227.827
215.985 221.925 230.843
216.209 220.177 225.119
221.530 222.927 228.021
176.659 206.708 229.354
213.538 218.993 221.938
221.525 223.959 227.548
221.268 222.835 227.708
217.984 223.852 231.244
217.733 221.331 227.783
217.295 222.044 227.123
221.131 223.452 227.397
214.143 220.252 221.915
217.559 220.101 221.627
215.800 220.478 221.908
217.306 221.317 223.040
216.220 221.723 227.689
221.194 223.116 225.851
221.335 222.655 226.794
221.531 224.137 227.161
221.472 221.752 222.157
213.797 217.570 221.379
215.734 219.336 221.937
215.859 221.955 227.598
221.532 222.592 225.288
221.314 222.876 228.078
219.426 221.285 221.936
215.886 221.909 225.392
215.491 221.177 225.603
221.517 223.150 228.673
222.023 224.366 226.155
215.535 223.748 227.471
219.657 223.285 227.809
213.805 216.919 221.620
219.792 224.953 227.862
221.068 226.806 231.112
215.547 220.600 222.516
221.629 224.476 229.205
216.441 221.354 229.318
221.394 221.792 222.130
217.857 223.567 227.164
221.378 222.885 227.575
216.201 223.666 231.118
215.983 221.390 224.799
213.147 221.171 227.443
213.601 222.769 228.805
221.166 224.680 227.949
216.106 220.570 221.884
214.159 223.311 231.192
214.076 221.909 230.726
216.285 222.695 227.437
221.869 225.012 227.884
221.377 222.776 227.405
216.662 221.876 225.713
215.357 219.304 221.979
219.123 225.312 231.472
217.585 221.705 225.894
221.604 226.831 231.447
221.203 222.622 227.040
215.993 225.435 231.125
215.520 220.793 227.714
221.045 223.495 227.415
221.203 225.551 229.622
221.543 222.921 228.032
221.807 224.832 231.391
215.930 220.342 227.688
213.664 221.496 228.106
221.261 222.796 227.297
221.244 224.212 227.872
215.867 219.266 221.912
216.660 220.836 225.552
222.938 227.424 231.888
217.136 222.377 226.996
221.918 226.648 231.217
221.503 226.333 229.361
221.616 223.950 227.252
221.510 223.847 227.774
219.874 224.851 227.462
216.151 221.537 227.059
217.984 224.007 228.134
220.924 224.250 228.032
214.659 223.582 227.302
221.396 222.882 225.351
221.138 224.741 227.732
215.962 222.032 227.479
215.369 222.460 227.597
221.412 221.916 222.809
213.855 218.891 223.152
221.563 224.755 227.590
221.389 222.898 227.779
221.833 223.658 227.401
216.270 222.514 227.333
221.892 224.477 227.788
219.840 223.129 227.432
215.322 220.812 225.037
217.165 221.121 223.251
222.055 224.030 231.022
213.849 223.786 227.842
217.730 221.190 224.453
221.594 224.241 229.064
219.495 223.074 227.833
215.798 222.346 227.158
214.348 221.942 228.889
217.869 223.227 227.771
221.280 222.060 223.060
220.942 223.464 227.551
220.993 222.999 225.480
216.568 221.005 222.871
218.340 223.522 227.187
213.113 221.991 227.995
221.200 223.479 227.111
217.736 223.498 227.613
219.783 222.295 225.866
216.002 221.796 225.642
218.184 222.158 227.539
221.377 224.739 229.092
216.236 221.285 225.048
216.036 221.258 227.597
214.202 222.479 226.855
221.780 223.203 227.529
213.747 221.364 229.184
214.087 224.581 227.868
221.426 222.149 223.468
218.065 222.028 227.031
214.311 221.756 227.491
221.635 224.988 231.355
221.242 223.462 227.825
219.812 222.892 229.558
221.475 223.729 231.351
217.761 222.880 227.414
221.358 222.836 227.569
214.266 220.202 227.283
213.942 221.139 227.243
221.426 222.705 227.386
221.234 224.366 228.487
221.546 223.522 226.913
221.381 222.844 227.452
216.174 220.634 221.854
219.765 223.046 227.094
216.422 220.043 221.769
221.563 225.031 227.826
221.269 223.502 228.305
221.224 225.118 229.034
219.638 222.544 227.863
214.099 220.468 227.597
217.356 219.961 221.690
221.752 225.212 227.636
219.672 222.862 229.330
178.437 192.223 221.659
215.463 220.504 222.086
216.244 224.949 231.532
217.506 222.048 227.652
221.397 222.745 225.150
215.871 224.568 231.962
221.485 224.313 229.242
221.687 222.954 227.333
221.326 222.704 227.486
221.811 223.844 228.038
221.479 224.821 227.537
217.816 224.349 229.893
215.257 220.196 221.634
215.979 220.747 229.519
214.754 221.331 227.392
213.888 218.966 221.908
221.579 223.971 227.830
221.038 224.316 229.301
214.070 218.535 221.676
216.523 224.869 227.453
221.515 224.891 227.906
215.452 222.384 227.066
221.598 224.879 231.226
217.427 221.998 227.733
213.774 221.271 227.512
222.075 225.689 227.602
221.730 224.200 228.006
182.386 185.890 192.427
213.901 218.524 222.016
215.478 218.906 223.496
221.522 223.236 225.413
215.613 223.237 227.488
217.516 222.221 230.838
215.216 219.528 221.826
214.303 222.359 227.698
170.698 176.478 182.093
215.609 222.291 227.299
217.699 224.625 228.156
221.660 223.002 227.590
214.122 221.015 227.655
221.096 222.563 226.885
217.662 222.205 227.919
221.187 221.443 221.695
213.933 220.858 225.539
214.383 220.243 227.718
220.987 223.160 225.777
213.883 219.362 223.062
219.630 223.475 227.708
221.290 222.724 227.305
221.407 224.604 231.290
219.381 226.088 227.973
221.582 225.832 231.021
175.181 196.661 221.698
214.592 219.275 221.688
221.217 223.477 231.491
213.493 221.552 229.693
214.292 218.719 221.613
217.825 221.872 227.135
221.687 222.857 227.334
216.053 224.841 231.470
217.685 224.243 231.249
214.918 221.266 227.515
215.344 220.276 221.885
221.394 221.822 222.104
221.541 226.081 231.226
213.520 220.663 225.717
219.743 222.746 228.102
221.452 224.791 228.176
217.761 223.301 228.079
182.592 197.314 222.031
215.680 220.344 221.663
213.542 220.838 227.888
221.632 222.548 225.527
214.317 220.403 225.432
217.222 224.781 230.780
215.162 220.350 221.915
221.066 223.467 231.198
221.303 223.756 231.372
174.917 181.943 192.408
213.556 219.849 227.475
218.062 223.710 229.438
221.885 224.940 227.713
213.527 220.858 226.321
215.637 222.587 228.105
221.485 224.104 227.898
215.897 222.042 229.546
214.034 220.100 222.771
219.993 222.778 225.872
215.144 219.655 222.190
214.043 218.920 221.684
220.915 222.953 227.752
221.083 224.881 229.853
221.469 224.462 229.360
214.264 222.974 229.182
218.107 222.466 227.666
178.821 183.408 190.151
215.747 220.327 221.803
214.367 221.065 226.996
216.492 221.773 227.684
221.372 222.616 226.016
217.703 222.478 226.005
221.184 225.562 231.277
221.119 224.144 227.823
215.515 220.306 227.157
214.585 222.187 228.898
214.182 224.469 230.938
213.591 220.128 222.061
217.911 224.409 227.855
221.537 224.353 229.277
221.656 223.328 225.576
217.774 222.207 228.167
215.685 220.513 221.965
213.045 221.201 227.582
216.419 223.601 227.154
218.146 223.469 227.924
216.139 221.735 227.696
214.469 222.391 227.333
221.558 222.722 226.137
215.664 220.584 222.246
221.649 225.573 229.434
214.188 218.908 227.519
177.515 191.435 227.770
216.165 219.423 223.076
221.788 223.089 227.805
213.850 221.419 225.259
215.726 222.755 229.684
216.006 221.614 227.601
216.321 222.975 227.875
186.928 191.719 193.645
175.454 181.117 192.262
186.848 188.428 193.028
180.189 187.047 192.997
179.659 185.719 193.432
181.697 187.709 193.018
187.059 188.479 193.092
181.769 187.512 194.500
181.991 186.202 187.444
187.014 190.510 193.592
183.424 188.591 192.959
181.616 186.041 187.691
179.036 187.179 194.814
179.551 186.031 188.193
186.777 188.269 193.098
186.731 189.674 194.634
187.102 188.234 191.771
181.228 187.884 192.738
182.308 183.329 186.433
187.137 189.114 195.352
187.395 189.781 193.252
179.529 185.140 190.275
221.674 222.563 225.382
213.401 220.400 230.998
216.659 222.220 228.085
215.523 224.556 231.407
215.516 222.395 231.812
216.259 221.238 227.909
214.198 217.354 222.036
219.486 223.129 227.843
221.879 226.438 227.916
221.294 221.800 222.209
214.175 221.426 227.255
215.404 220.870 228.000
216.055 222.394 231.011
177.200 181.035 183.304
216.703 220.574 222.207
213.050 217.237 221.780
214.166 223.319 231.276
215.170 222.613 227.362
213.281 219.831 226.349
215.265 222.433 228.087
213.986 221.507 228.106
216.311 222.642 227.582
221.491 223.196 227.543
214.194 219.767 225.952
214.083 219.886 223.557
216.115 221.655 226.893
214.147 219.275 225.671
220.935 224.289 229.501
213.859 219.543 225.463
215.972 225.987 231.233
221.806 223.116 228.089
182.685 194.786 227.257
215.615 219.473 222.015
218.208 221.072 222.079
215.834 220.149 225.360
221.936 224.967 227.488
216.253 221.659 226.685
221.626 223.885 231.050
220.105 224.851 227.539
220.187 223.800 229.283
214.010 219.478 227.763
215.139 217.942 221.381
214.035 219.038 222.173
221.468 224.512 229.334
214.740 223.460 227.543
221.445 224.881 227.747
216.134 221.349 226.075
215.655 223.629 231.590
179.014 184.968 189.807
221.715 223.852 227.366
217.538 222.180 229.666
217.967 222.295 227.736
215.512 221.657 228.018
215.827 220.499 221.960
216.552 221.492 225.598
215.927 222.558 227.843
182.622 210.303 231.968
213.920 218.980 225.976
213.839 221.178 227.531
215.743 222.871 227.558
215.979 221.862 227.833
217.142 222.935 227.450
221.344 221.628 222.246
220.691 222.581 225.758
221.947 225.122 227.960
221.841 221.960 222.100
216.192 223.682 229.337
213.782 219.729 222.090
221.363 221.731 222.221
217.857 223.028 227.406
216.731 222.293 227.010
217.685 220.220 222.136
221.441 223.594 228.163
221.209 222.921 227.522
221.305 221.512 221.858
221.310 222.750 227.844
219.793 223.537 227.427
221.215 224.517 231.115
213.640 222.867 229.176
215.722 222.742 227.821
215.596 222.073 227.689
215.552 225.771 231.311
221.165 222.885 228.212
217.943 220.901 221.901
221.733 225.050 231.382
215.996 223.330 229.246
218.014 223.752 229.578
221.326 221.903 222.544
214.434 219.814 226.220
214.458 220.214 225.117
221.589 222.608 225.561
216.395 222.464 227.192
221.178 223.998 227.891
216.052 221.741 227.291
221.390 222.847 227.881
215.693 221.315 225.641
215.620 221.746 227.883
213.963 221.007 225.696
213.590 221.174 227.292
213.686 219.084 221.996
221.833 222.171 222.349
213.616 218.931 222.009
215.787 221.099 225.339
215.939 221.179 225.011
218.381 221.895 224.737
221.464 222.685 226.323
217.748 224.040 228.986
221.541 223.347 228.016
221.315 223.854 228.179
221.045 224.526 227.850
215.510 221.728 228.057
221.386 223.804 229.134
221.028 223.674 227.109
213.402 217.138 221.947
221.237 225.781 230.923
213.975 220.917 227.803
214.525 219.829 225.145
221.428 224.968 231.620
221.326 223.596 227.863
221.556 223.286 225.717
221.399 221.661 221.953
213.782 223.690 228.084
221.049 223.927 227.876
215.155 220.120 225.186
213.809 221.852 228.177
182.802 185.850 190.318
214.030 222.213 229.524
221.217 222.707 227.477
213.459 222.306 227.855
215.517 219.111 225.615
221.481 224.326 231.075
221.480 222.261 223.146
216.025 223.469 227.800
215.967 224.078 231.863
213.388 220.480 227.793
217.784 220.890 222.003
221.337 225.901 231.638
217.634 223.273 227.650
221.654 225.273 231.162
217.667 221.882 225.501
214.188 220.483 223.306
177.110 182.077 188.477
214.675 221.094 227.239
221.127 222.428 225.674
215.488 219.389 222.095
221.569 224.206 227.502
221.319 224.384 227.842
221.556 223.785 228.063
213.664 221.902 229.099
214.091 221.261 227.542
175.029 183.233 188.142
221.661 221.950 222.310
218.221 220.933 222.023
214.238 220.161 222.298
221.126 223.601 228.016
221.196 225.574 231.393
221.439 223.441 226.061
221.589 225.077 231.416
215.541 220.925 228.029
221.497 223.935 229.093
221.455 224.003 227.510
215.357 219.688 227.927
215.479 219.210 221.784
213.356 221.296 227.462
214.475 220.089 221.707
213.593 223.363 227.427
214.199 220.058 221.831
214.185 221.888 230.795
221.079 223.019 229.786
221.752 224.803 227.671
216.106 221.009 225.452
217.915 223.228 229.207
214.744 221.427 227.149
213.526 218.568 222.120
221.388 221.762 221.928
220.995 223.302 227.427
214.091 221.524 227.707
217.602 223.768 229.586
219.965 225.734 231.142
213.903 223.544 231.050
215.423 220.369 221.849
221.593 222.889 227.453
215.378 219.124 221.507
215.698 221.038 225.755
213.336 222.998 231.331
182.281 182.411 182.510
217.405 220.854 221.931
221.493 222.509 225.756
213.674 223.597 227.949
221.499 223.103 227.449
213.699 222.047 227.347
215.209 219.568 227.293
217.717 224.301 229.337
176.437 196.790 222.040
216.203 220.944 222.955
221.794 224.288 227.786
221.164 222.712 227.219
219.512 222.109 225.367
221.210 221.373 221.578
221.079 222.752 227.209
217.732 221.905 227.032
213.325 222.653 229.165
221.473 224.973 227.880
215.763 220.355 221.939
213.700 220.739 225.467
213.481 221.183 227.575
214.648 220.301 222.135
213.688 221.267 227.313
218.387 222.014 226.551
221.370 225.320 230.698
221.346 223.688 227.838
215.864 223.100 228.133
221.308 221.539 221.797
221.672 224.559 229.328
216.104 222.496 231.427
213.842 221.046 227.779
219.376 223.881 229.247
215.878 221.273 226.011
215.631 221.254 225.669
178.410 224.440 397.068
217.675 223.096 227.596
221.340 222.912 227.474
216.007 223.272 228.938
221.470 222.852 227.768
213.618 222.471 227.928
213.522 219.649 227.607
217.908 221.996 227.337
214.244 222.165 231.125
219.591 225.222 228.325
213.665 219.664 227.265
221.675 222.941 227.444
221.431 221.754 222.108
213.576 218.777 221.521
221.278 224.336 229.304
215.821 220.519 227.314
219.956 221.339 222.083
221.888 227.088 231.171
213.722 219.644 227.492
216.058 221.175 227.483
215.800 220.901 227.486
221.341 223.991 227.723
213.467 219.404 225.328
214.261 222.241 231.694
221.427 223.508 227.479
221.447 223.372 229.603
215.642 223.434 231.143
216.056 220.841 226.863
217.713 223.380 227.759
213.578 223.761 227.264
215.538 221.455 227.457
215.987 223.247 231.345
216.398 220.940 223.290
213.441 216.902 221.883
221.141 223.990 227.747
213.716 221.046 225.563
221.549 224.186 228.215
220.181 221.097 221.534
219.209 222.599 227.519
214.280 222.066 227.202
215.894 220.385 221.791
213.553 217.746 221.590
213.867 220.493 227.416
221.221 221.561 222.009
221.595 224.629 229.500
213.692 218.615 221.805
217.320 224.022 231.891
216.121 221.403 227.856
213.598 221.349 227.840
221.648 225.665 227.772
213.279 219.986 221.721
221.511 224.035 227.730
213.500 221.035 226.813
216.139 220.730 223.426
221.223 222.227 225.168
221.793 223.014 227.560
221.345 222.990 229.023
221.310 224.801 231.205
219.133 222.425 231.512
224.901 226.926 227.593
215.400 221.445 224.817
217.820 223.275 227.921
217.248 220.578 221.645
217.423 220.968 222.369
223.054 226.229 228.119
216.144 220.451 222.086
214.456 221.147 227.119
221.172 225.829 231.484
216.136 220.158 222.147
215.611 225.499 233.672
215.484 222.515 227.294
217.328 222.710 231.001
221.395 224.452 231.554
219.614 222.299 227.497
221.473 223.775 231.402
215.982 224.413 231.138
215.505 221.421 225.248
213.346 218.471 227.532
221.270 222.968 227.580
217.813 219.871 221.646
216.038 221.780 227.677
215.917 221.113 227.520
221.499 223.613 231.510
214.497 222.535 227.900
215.504 219.989 225.524
215.987 222.848 227.506
0 0 0
222.026 222.189 222.336
215.794 221.992 227.084
214.428 221.596 228.084
221.017 222.794 225.575
217.826 222.160 227.412
215.200 220.790 228.290
221.333 222.971 225.118
221.804 224.045 227.781
215.477 221.214 225.743
221.389 222.573 227.043
221.021 223.720 227.829
216.598 221.555 225.424
221.158 223.089 229.441
213.928 221.758 227.591
217.838 223.311 227.980
217.604 221.926 224.583
215.850 224.440 228.955
221.274 223.434 227.620
215.658 221.995 227.234
221.300 222.375 225.399
215.819 220.629 222.196
221.179 223.781 227.721
176.859 183.863 191.965
214.190 220.492 227.445
215.454 221.714 227.070
216.016 221.488 224.912
214.566 220.575 227.686
214.093 220.030 227.478
221.425 223.945 227.412
221.447 223.474 227.738
215.502 222.310 227.316
221.245 221.593 221.849
213.580 218.617 227.462
178.942 182.118 183.193
221.139 221.541 221.894
213.515 221.232 227.782
221.501 221.723 222.229
221.419 223.611 231.380
215.526 223.198 229.052
221.406 221.707 221.917
213.546 222.067 227.508
221.283 222.343 225.166
221.544 225.648 231.705
221.150 223.838 227.805
217.987 222.848 227.734
215.850 222.591 228.335
221.894 225.198 227.408
221.577 225.133 229.163
221.376 222.712 225.722
215.565 223.600 230.938
221.360 224.761 231.550
214.418 221.483 227.428
219.426 221.324 221.979
216.239 219.546 221.974
214.665 220.502 225.009
213.558 218.916 221.934
215.164 222.277 231.499
216.310 223.550 231.400
221.421 222.941 227.701
182.496 183.324 184.470
221.243 225.768 229.564
219.860 222.832 228.668
217.995 221.822 225.735
213.978 220.253 227.562
188.357 216.305 227.719
221.490 225.453 228.870
215.732 218.623 222.175
215.642 222.331 227.588
221.580 223.559 228.945
221.056 223.601 227.539
221.358 224.577 227.513
215.376 220.348 222.077
215.177 221.049 225.315
221.072 222.091 224.636
213.771 218.899 225.271
221.551 223.376 229.829
174.358 178.286 182.809
213.790 223.095 231.262
221.681 222.926 227.424
216.471 220.540 221.911
221.594 223.979 227.892
178.361 181.813 182.918
221.106 222.114 224.978
216.005 220.627 221.992
216.533 221.294 227.590
215.601 220.484 222.097
217.662 220.297 223.030
215.841 221.649 227.362
214.380 221.444 227.213
222.963 226.735 229.170
221.422 221.667 222.176
213.654 221.452 225.505
213.437 222.578 227.644
221.798 223.871 231.160
221.066 224.101 228.201
215.784 222.514 229.404
215.374 222.494 227.366
214.332 220.192 227.253
221.429 221.618 221.772
221.543 224.141 227.178
217.358 221.034 222.623
221.322 222.431 225.678
216.308 220.924 222.858
221.317 221.616 221.854
221.862 223.338 227.455
223.897 230.085 239.426
175.626 190.829 229.540
225.853 231.295 235.780
224.118 231.987 238.764
229.404 231.554 235.929
230.366 232.771 235.709
221.617 227.255 233.752
229.606 233.254 235.738
229.131 232.066 235.786
224.104 232.125 237.292
221.158 230.046 235.885
229.403 232.774 235.572
229.332 232.928 238.724
221.428 229.701 237.108
229.546 233.338 239.235
222.668 225.362 229.899
221.599 224.678 227.404
217.688 222.005 227.400
182.816 208.781 228.526
221.857 225.256 227.573
221.483 221.735 222.009
213.294 219.939 227.749
221.704 223.399 229.718
221.611 223.579 227.854
215.742 221.756 227.680
213.883 222.548 228.069
213.610 220.761 231.084
213.685 222.320 227.378
217.286 223.298 228.176
221.939 224.013 231.245
215.663 222.524 227.345
221.803 223.208 227.724
215.958 222.588 227.598
216.054 223.983 227.410
221.140 224.771 227.779
182.393 199.243 226.704
213.132 219.750 227.942
221.537 224.614 227.441
213.346 221.643 229.364
182.926 215.234 228.245
221.214 222.715 227.358
221.515 222.633 226.461
217.728 223.239 227.904
213.531 222.411 227.884
221.512 224.069 228.194
221.509 223.056 225.839
215.897 221.813 227.631
213.666 219.077 223.370
213.622 218.526 221.722
217.272 222.240 227.376
214.488 221.311 227.614
216.522 222.783 227.320
221.278 223.159 225.530
221.453 224.247 227.754
214.486 220.371 228.048
214.663 222.046 227.362
217.796 224.073 227.580
215.637 220.523 221.854
214.542 222.117 226.889
215.204 220.318 221.997
221.143 223.823 227.690
219.765 222.406 227.031
221.316 221.507 221.670
213.839 222.472 227.564
216.281 222.012 229.147
221.670 223.168 227.589
215.850 219.726 221.931
216.582 219.674 222.145
215.241 220.069 221.570
221.500 223.671 227.665
214.422 219.746 225.555
217.516 220.469 223.469
221.171 222.508 225.525
215.623 220.797 227.352
213.209 220.025 222.248
221.310 223.691 228.014
216.136 223.334 227.997
215.639 220.490 222.214
221.700 222.573 225.373
217.508 221.508 227.348
215.781 223.245 229.013
215.978 222.342 227.343
214.275 221.254 226.871
215.726 219.917 221.526
221.707 223.965 227.269
214.135 220.822 227.136
184.082 213.393 221.918
221.577 225.239 227.865
221.845 225.317 227.876
221.596 222.577 225.047
221.606 224.460 228.265
214.051 221.817 229.210
217.944 222.118 227.445
221.105 221.564 221.954
221.463 224.297 231.221
221.332 222.638 226.677
221.786 222.107 223.004
213.868 221.370 227.875
221.434 224.289 228.846
176.614 183.290 188.461
221.606 225.441 227.949
221.155 222.393 225.132
217.662 221.504 225.432
221.688 224.774 228.383
213.731 219.114 222.664
219.876 222.372 224.739
215.931 221.549 227.027
215.713 220.471 221.962
220.716 222.287 226.195
215.911 221.783 225.314
219.548 221.951 225.432
221.324 221.748 222.006
213.402 219.175 227.505
213.302 224.465 229.289
221.589 223.067 227.846
215.203 222.265 227.600
221.220 221.577 221.959
213.490 220.686 225.350
215.920 223.152 229.150
215.623 220.364 223.078
215.829 221.968 228.221
221.961 224.156 229.825
213.746 221.407 227.787
221.231 222.851 227.229
213.350 221.060 227.781
221.365 222.991 227.149
213.806 219.787 224.432
220.937 225.366 228.008
221.443 222.863 227.127
213.666 220.059 227.765
214.004 223.039 227.790
214.382 219.052 222.319
221.076 222.415 225.651
221.533 224.751 229.467
215.693 222.509 227.507
221.485 224.806 228.136
217.483 222.518 226.942
221.473 222.702 226.724
217.996 224.421 227.842
213.884 219.039 223.488
217.865 221.351 222.482
215.493 220.595 226.765
216.487 223.983 228.164
221.894 224.346 227.594
215.898 222.680 225.549
221.449 224.724 231.187
215.381 219.750 222.163
213.774 219.362 222.442
215.475 219.780 223.327
213.530 217.549 227.479
215.872 221.750 227.390
214.012 223.027 227.582
221.944 225.557 227.829
221.849 223.916 227.352
217.597 224.283 230.976
218.163 223.979 228.071
221.595 223.768 226.951
215.800 223.835 228.065
216.074 223.107 228.181
221.758 223.037 225.467
213.585 221.667 226.195
219.500 223.803 227.462
220.980 225.440 227.816
182.625 183.622 186.987
216.035 221.602 227.635
214.162 223.213 227.771
217.987 225.386 231.287
227.031 234.506 240.937
215.592 230.658 244.738
227.663 242.384 255.170
215.336 221.147 227.006
184.470 214.423 231.311
221.377 225.336 228.833
213.669 220.173 227.992
213.446 221.958 226.847
221.668 222.910 227.470
213.914 221.582 225.390
215.265 223.035 227.504
216.107 224.726 227.806
214.078 221.501 226.656
215.849 222.581 225.953
214.379 220.248 225.514
221.400 225.095 227.771
221.876 222.466 223.131
221.516 223.089 227.481
184.560 214.469 227.100
221.741 224.976 230.949
215.665 220.967 222.850
221.768 224.349 228.071
213.437 222.824 227.455
213.974 222.039 227.583
221.092 224.509 231.231
217.691 222.252 228.899
213.444 221.402 226.978
213.640 219.051 221.947
221.579 224.782 227.579
214.422 221.687 227.818
213.685 220.255 227.547
221.810 224.984 227.887
218.294 222.398 227.485
222.214 226.629 231.308
213.663 220.195 228.078
221.532 221.944 222.473
223.254 224.615 225.560
213.633 219.965 221.811
182.815 218.560 229.887
215.496 222.979 227.988
213.686 221.082 225.519
221.150 222.685 227.307
215.415 222.015 225.709
221.879 225.513 231.073
216.261 224.695 231.448
216.019 221.250 227.817
214.301 219.451 225.652
219.615 226.402 229.571
213.797 221.004 229.625
213.671 218.809 221.856
221.724 225.503 231.248
213.428 221.917 231.162
213.830 221.379 227.897
217.380 223.198 227.619
221.556 222.948 227.830
182.503 205.531 221.822
215.655 223.643 229.352
221.285 222.849 227.775
221.201 223.466 226.885
222.434 225.660 227.688
221.303 224.647 227.659
214.352 221.222 225.928
214.144 219.502 227.412
221.593 223.593 227.087
213.311 222.011 227.626
221.684 223.852 225.769
213.590 221.145 225.332
215.743 222.313 231.009
219.285 221.248 221.893
176.434 183.254 192.431
221.254 224.650 227.782
213.249 218.984 224.787
217.905 220.926 222.061
221.165 224.351 228.931
217.644 221.965 227.493
214.136 220.381 222.040
221.560 225.233 227.834
213.841 223.031 228.170
213.382 221.314 227.390
213.648 222.074 228.613
213.549 220.703 225.178
221.564 224.908 228.061
213.778 222.111 227.968
221.716 224.340 227.827
222.085 226.966 229.552
216.064 221.849 227.400
215.409 223.618 227.749
221.696 224.852 227.528
214.738 220.093 221.761
215.774 221.629 225.526
215.865 220.807 227.398
213.299 219.181 222.721
213.724 217.299 221.333
221.944 226.745 229.290
216.564 221.979 227.647
215.010 220.155 222.074
213.298 219.508 225.498
221.424 222.746 227.534
215.983 220.156 225.515
215.607 220.542 227.487
221.640 224.594 228.039
221.578 224.065 227.693
216.256 221.717 227.606
221.475 223.699 227.607
221.675 224.247 227.457
221.364 222.806 227.834
221.743 223.075 227.406
221.454 223.266 227.882
221.315 222.780 227.466
221.376 221.652 222.005
221.484 224.193 228.562
221.222 224.162 227.993
215.683 221.681 227.520
221.416 224.964 229.182
213.678 222.384 227.752
215.792 220.791 222.242
221.318 227.153 231.370
221.114 224.087 228.088
221.429 224.216 227.921
214.433 223.234 230.799
214.251 220.709 227.666
219.579 223.851 228.164
221.559 225.025 227.799
213.883 220.198 221.936
221.317 222.801 227.592
213.784 221.688 227.811
213.476 223.653 228.153
215.622 222.344 231.074
221.928 226.045 229.344
175.109 182.739 192.373
214.448 221.363 227.164
213.940 220.279 227.828
221.638 223.454 229.949
221.498 224.155 227.804
215.998 220.977 225.694
217.723 222.959 227.495
216.063 220.103 227.488
217.977 221.802 226.133
221.433 224.105 227.648
215.914 222.634 228.068
215.601 224.317 229.039
215.810 223.702 231.142
221.605 222.772 225.383
216.271 223.855 227.830
221.421 224.703 229.688
217.572 221.988 227.569
215.791 222.315 231.197
221.770 223.305 225.506
222.130 225.924 227.639
213.464 220.037 222.095
221.616 223.988 227.717
221.478 221.770 222.260
221.715 222.768 226.473
221.098 223.515 231.182
220.031 226.531 231.559
214.230 222.033 227.772
214.690 221.980 229.440
216.102 222.402 227.516
221.167 222.269 225.687
215.953 220.700 222.209
217.718 222.990 227.832
214.051 222.641 227.620
215.545 221.224 227.247
221.430 222.827 227.498
215.437 221.263 227.484
213.665 220.875 227.522
221.257 224.810 231.527
221.334 225.887 231.506
215.882 222.262 229.607
214.782 222.918 230.828
215.310 221.721 227.947
221.165 221.785 222.178
216.131 222.626 227.129
221.600 225.195 227.650
215.283 222.750 227.508
221.016 223.496 227.491
215.640 222.339 227.706
215.709 221.702 227.860
213.703 224.679 227.628
221.436 223.890 227.882
174.867 183.153 194.301
221.338 226.715 230.902
221.257 223.866 227.481
216.302 223.453 229.135
221.747 226.783 229.033
215.459 221.339 225.879
213.578 219.928 222.102
221.580 224.988 231.336
215.381 221.688 227.399
217.890 224.174 228.139
214.198 219.201 222.203
213.775 222.582 231.334
221.297 223.019 227.123
216.145 221.699 227.811
221.861 224.269 227.596
215.778 221.606 227.610
215.534 221.725 227.603
221.387 222.473 226.242
214.576 219.112 221.902
221.844 224.672 227.347
221.718 223.336 227.900
221.300 224.672 227.791
216.424 222.946 227.889
221.612 223.001 227.864
213.292 221.898 227.573
217.640 225.882 229.098
174.939 182.447 187.566
214.499 220.294 221.803
213.421 219.179 223.297
213.705 220.262 225.684
217.227 222.076 227.618
221.215 222.825 227.663
219.705 223.894 228.089
213.441 221.965 227.711
221.223 222.539 225.587
221.447 223.884 227.960
215.158 224.326 229.503
221.804 226.454 231.329
213.788 219.994 222.265
215.837 220.502 221.827
221.460 221.577 221.679
217.841 221.583 225.252
213.472 222.290 227.540
214.347 221.381 227.851
221.567 222.700 225.969
221.194 222.971 229.496
221.675 222.950 227.475
213.819 220.583 228.028
214.168 219.397 225.648
221.266 223.433 225.908
221.632 222.853 227.454
213.707 220.609 227.794
221.368 224.049 228.092
216.551 223.677 227.727
221.488 224.782 231.129
215.675 221.746 227.478
213.841 222.418 228.074
214.185 218.694 222.252
221.542 223.022 227.721
221.645 222.967 227.585
213.072 221.193 227.978
221.617 224.754 227.679
221.411 222.571 226.035
216.225 220.676 225.658
213.983 220.643 223.314
214.100 221.727 226.017
213.967 220.891 225.755
221.772 225.946 229.226
221.228 225.641 229.601
215.738 222.608 227.783
221.641 223.003 227.863
221.220 222.738 227.218
214.451 221.319 225.866
221.765 223.095 227.498
215.618 220.414 227.257
215.660 222.949 227.962
224.619 226.291 227.972
216.389 223.139 229.060
221.146 224.195 227.977
214.513 219.279 222.536
214.270 223.044 229.307
221.882 224.018 227.716
221.968 228.738 236.527
214.684 222.829 228.226
221.340 222.678 226.140
216.436 223.506 229.104
178.282 200.566 227.428
221.476 225.066 231.136
218.190 223.243 227.238
221.117 225.068 228.166
219.698 221.982 225.564
213.927 220.120 227.662
213.472 220.087 221.897
213.586 223.568 228.092
221.839 223.521 225.840
214.057 221.295 227.686
221.682 224.123 227.905
182.760 184.096 188.856
215.880 220.605 221.982
221.434 222.818 227.451
221.827 225.437 227.839
221.474 222.789 227.051
213.550 221.935 227.802
214.132 221.202 227.501
219.554 221.361 222.171
217.741 220.778 221.552
215.644 219.456 227.785
221.939 225.290 227.738
219.702 221.240 221.937
221.284 222.936 227.765
217.905 222.148 227.920
217.759 221.108 222.210
216.248 221.643 227.632
216.172 220.567 226.113
182.047 184.451 188.459
215.706 221.778 227.712
216.401 223.713 229.242
215.663 222.808 227.680
219.868 223.263 227.150
213.744 219.632 228.040
176.461 183.832 188.914
221.077 223.930 227.657
182.058 185.430 190.775
221.260 221.608 221.875
220.012 223.479 228.104
221.527 223.303 228.989
221.384 223.940 227.430
213.502 219.674 228.005
182.912 264.450 474.430
221.443 224.884 227.596
221.378 222.516 225.770
221.842 224.487 227.984
221.329 223.049 225.374
214.352 222.304 228.121
213.689 219.267 227.692
215.890 224.058 227.657
215.937 223.106 228.251
221.490 224.926 231.682
221.532 224.709 229.401
217.826 221.087 222.184
220.135 223.319 227.096
214.141 221.486 227.270
215.953 221.718 227.871
218.046 223.239 227.459
221.363 224.490 231.150
215.992 221.868 227.904
213.786 218.317 221.685
213.601 220.725 227.338
221.762 223.361 225.621
221.159 222.737 227.535
216.338 221.769 227.358
221.239 221.867 222.764
221.454 223.284 225.307
221.521 222.856 227.589
216.391 223.173 227.881
215.474 221.487 227.412
221.515 223.188 228.709
216.130 221.951 227.816
219.361 221.891 225.878
215.680 222.799 227.723
221.205 222.903 227.597
216.479 221.795 227.448
213.457 219.796 222.311
221.240 222.801 227.723
219.208 221.144 222.110
214.028 221.942 226.618
215.583 223.165 227.732
220.957 223.469 231.083
214.373 221.006 225.683
221.213 224.224 227.369
216.450 221.600 226.765
219.902 222.029 225.983
221.399 222.958 227.780
216.132 220.560 221.946
183.961 188.424 193.536
221.487 223.048 228.041
221.632 224.496 229.548
215.712 221.759 228.009
221.753 224.932 227.704
221.326 224.456 227.530
183.495 184.884 188.088
221.896 224.635 227.449
221.147 223.981 228.098
215.779 224.483 231.286
221.524 223.739 227.522
221.354 223.911 227.423
221.024 223.642 227.481
213.376 219.552 227.315
221.332 225.049 227.864
213.646 221.372 229.217
213.452 222.985 227.667
182.411 184.965 188.623
215.603 221.549 227.538
221.751 223.651 225.871
221.218 222.294 225.062
221.125 222.997 229.176
221.323 221.650 221.962
219.936 224.715 227.470
217.764 223.989 227.734
221.582 221.764 221.876
182.660 187.227 188.711
217.612 223.075 227.496
215.967 220.359 225.261
221.182 225.751 229.152
213.970 222.468 227.476
214.538 222.475 227.621
182.157 183.730 188.895
213.936 222.132 227.737
215.681 221.707 227.851
221.300 223.240 227.929
221.626 223.337 229.389
221.098 225.263 228.910
221.636 225.057 229.281
213.602 219.916 221.597
219.460 223.357 227.068
221.598 223.931 227.441
214.438 219.366 221.820
216.306 221.701 227.922
214.217 221.051 227.560
214.100 218.871 222.452
217.520 220.804 221.755
219.795 222.424 227.640
213.803 220.928 225.861
216.117 225.705 231.580
214.144 219.591 227.182
221.446 221.786 222.126
221.259 225.250 227.930
221.351 221.527 221.712
221.608 226.081 230.886
221.662 224.180 227.508
221.286 224.740 229.173
213.723 218.829 221.877
221.457 222.496 225.693
221.421 224.022 227.921
221.534 222.937 227.711
221.329 223.942 228.100
216.170 220.891 223.494
217.977 222.951 227.395
214.217 219.157 222.048
216.126 221.851 227.907
221.285 225.235 231.425
221.582 222.745 227.043
215.975 221.719 227.538
221.567 224.023 227.635
221.157 223.736 227.534
221.236 221.751 222.250
217.891 220.847 221.914
214.401 221.357 227.862
217.572 223.186 227.832
221.446 224.430 229.437
221.337 224.582 227.456
0 0 0
221.441 223.056 228.931
215.802 221.542 228.001
214.113 221.404 228.048
221.473 221.716 221.885
221.334 225.593 229.314
162.589 200.660 227.413
216.413 220.546 221.948
221.414 224.702 227.586
213.856 221.643 227.441
213.189 222.499 229.391
216.140 224.843 231.636
218.098 222.308 228.750
221.338 222.440 225.976
183.925 207.504 217.222
214.158 220.100 226.906
221.720 223.920 227.497
215.929 221.680 225.803
216.582 220.236 221.632
221.484 226.822 231.437
215.331 223.071 228.970
215.031 222.165 227.639
216.227 220.310 227.751
213.562 221.303 227.599
219.592 222.603 227.484
220.882 224.938 229.203
218.078 220.968 222.164
214.183 218.885 221.934
217.581 220.742 221.800
219.600 222.343 227.519
216.045 221.605 226.503
176.406 196.862 221.021
221.333 222.815 227.494
217.902 223.320 227.772
205.613 214.115 220.055
221.759 225.435 229.692
221.157 222.728 227.355
221.433 221.811 221.974
221.332 221.589 222.020
215.508 222.806 227.707
215.559 221.057 225.255
217.022 222.091 225.891
221.544 223.656 227.113
221.285 224.616 227.241
0 0 0
217.628 221.964 228.292
222.662 224.070 228.371
217.780 222.120 229.387
222.405 224.194 228.591
222.480 222.934 223.355
222.723 224.661 227.699
219.351 223.917 226.840
216.949 221.756 228.347
222.432 224.533 228.930
222.838 226.007 229.395
222.409 224.694 228.621
216.565 221.912 228.500
215.213 220.949 227.111
214.550 222.534 229.268
216.892 222.677 228.324
221.982 222.587 223.103
215.846 221.435 228.714
222.595 224.311 229.107
220.480 224.981 228.882
221.145 224.466 228.817
216.709 221.600 228.584
219.352 225.849 229.630
222.879 225.974 228.667
214.576 223.414 228.956
222.646 226.965 229.347
222.566 224.809 228.764
219.202 222.197 223.121
222.552 224.044 228.566
217.661 221.889 223.234
222.799 226.673 229.310
215.162 221.324 229.057
222.549 223.897 228.501
215.549 221.379 227.921
222.668 225.558 228.565
214.901 219.547 226.687
222.660 225.132 229.131
217.427 221.876 223.180
215.611 223.483 230.266
223.464 226.994 228.772
214.995 223.268 228.459
218.898 222.064 223.163
222.404 225.337 229.038
222.778 225.480 230.494
217.189 223.017 228.791
223.194 224.538 228.761
215.979 221.539 224.412
222.866 225.194 229.082
216.541 223.249 228.753
222.350 222.551 222.834
219.216 223.373 228.953
222.442 224.764 229.085
223.030 226.369 230.724
222.464 226.572 230.597
214.595 221.255 229.051
215.495 222.094 226.516
222.620 225.238 228.297
222.197 224.355 228.303
214.813 222.977 229.066
222.610 225.904 228.949
214.879 221.732 229.401
222.554 224.768 228.826
216.246 221.454 229.139
214.719 222.186 228.388
222.759 225.532 230.245
218.790 222.472 226.383
214.630 222.142 228.950
182.849 186.567 188.606
218.709 224.377 228.828
214.815 222.634 229.766
214.726 223.383 228.747
216.450 221.690 223.048
218.753 224.226 228.620
216.688 222.697 228.790
222.071 222.705 223.375
217.453 221.368 223.084
216.835 221.577 223.078
221.301 221.619 221.894
221.508 225.090 231.031
214.018 220.165 227.712
215.762 222.258 231.049
176.556 182.094 186.443
213.501 218.902 227.488
221.275 224.630 227.933
221.782 222.996 227.005
221.308 224.117 227.869
213.704 221.258 227.535
217.498 223.235 227.865
215.481 220.345 227.180
213.790 224.049 229.294
213.296 218.746 221.906
215.220 223.446 231.052
215.779 223.610 227.509
221.593 224.087 229.484
221.259 224.680 227.632
221.464 222.948 227.650
221.323 224.254 229.112
221.279 223.967 227.654
182.162 184.031 190.372
219.823 223.686 227.735
214.219 221.391 227.777
221.003 223.807 227.830
221.246 222.709 227.168
221.242 223.929 227.876
216.448 221.950 227.507
221.518 223.789 231.141
221.420 223.165 227.875
217.597 222.291 228.777
215.355 222.785 227.953
221.564 222.948 227.822
221.534 224.383 229.532
221.507 222.808 227.515
215.571 220.225 222.013
215.566 222.693 227.393
225.189 233.826 261.826
186.128 204.292 231.858
214.404 220.536 227.101
221.347 224.076 229.381
182.056 185.587 192.071
219.883 221.699 222.705
221.413 223.977 229.414
221.260 223.658 227.770
221.210 222.324 225.711
215.982 222.339 227.392
221.617 223.755 227.344
221.417 222.880 227.995
217.901 224.651 227.730
222.997 226.897 228.179
213.573 221.138 227.522
215.785 220.198 225.801
221.110 223.466 227.378
221.367 225.448 231.124
213.320 220.609 225.499
221.752 226.730 229.222
216.332 222.795 227.326
221.531 224.202 227.549
215.338 220.935 231.365
215.196 220.349 227.219
215.792 220.134 221.883
221.145 223.916 227.793
221.241 228.002 234.403
189.019 213.494 221.828
215.402 221.598 227.688
221.264 225.018 227.875
219.888 224.537 227.741
221.257 226.273 227.826
221.342 223.956 227.672
215.792 221.158 225.798
213.941 220.070 222.070
221.155 222.681 227.703
221.717 226.005 231.258
215.699 221.687 227.772
216.239 222.400 227.065
215.315 220.518 221.941
216.221 222.870 227.613
213.764 221.102 227.088
219.323 223.363 227.423
214.485 218.985 221.831
213.847 221.261 229.324
213.832 223.936 229.378
221.542 227.483 231.043
221.165 224.758 231.306
215.635 220.560 222.217
217.468 222.074 227.317
219.538 223.301 227.517
216.338 223.643 227.620
221.824 225.991 227.630
216.156 221.943 227.778
215.445 221.460 227.536
221.300 223.770 227.586
216.527 222.231 227.580
221.575 224.440 227.695
221.348 223.964 227.592
213.755 221.910 226.940
221.087 223.377 227.017
213.789 221.723 227.793
215.759 221.328 227.867
221.207 222.686 227.367
221.172 222.689 227.745
213.499 219.327 227.970
213.906 222.350 227.266
214.241 220.390 227.674
217.469 220.952 221.966
215.858 221.428 229.047
213.736 221.548 227.099
215.553 223.132 227.595
220.616 223.780 227.690
219.572 222.814 225.849
221.617 223.989 227.459
213.854 223.509 227.943
217.453 224.903 227.739
221.638 224.908 227.795
182.833 188.100 192.198
221.579 225.244 227.666
221.241 224.462 231.050
214.263 222.328 227.159
216.193 222.085 227.542
221.106 223.964 227.683
213.587 218.525 221.943
215.536 221.560 227.441
214.280 221.958 228.140
221.440 225.355 228.103
213.259 222.966 230.695
221.324 223.604 227.819
221.410 222.808 227.377
221.569 224.179 227.823
213.670 221.612 227.698
221.335 224.276 227.763
217.385 220.279 221.772
221.608 225.322 230.883
221.231 223.427 227.784
221.150 223.717 227.853
217.753 223.478 231.017
215.555 220.466 227.779
214.675 221.521 227.719
221.720 222.571 225.496
213.796 221.397 226.517
221.015 222.830 229.148
216.642 220.600 221.815
215.864 222.399 227.726
216.229 221.674 227.544
215.554 218.356 222.051
213.307 220.605 225.451
221.545 224.096 227.832
213.863 221.528 229.092
221.103 222.614 227.809
186.017 213.235 227.713
217.510 221.559 224.813
221.305 223.723 230.961
182.377 185.248 192.461
234.031 234.031 234.031
213.853 218.328 227.415
221.590 223.505 227.393
215.542 222.976 227.745
215.811 220.543 227.495
218.025 223.257 227.914
221.608 225.975 231.621
221.064 222.864 227.417
220.027 222.609 227.499
221.843 227.269 231.047
221.523 224.145 227.935
217.659 222.185 227.863
214.211 222.434 227.930
217.908 222.045 227.338
213.683 220.194 229.518
221.556 222.943 227.442
217.855 223.397 227.774
215.640 221.580 225.838
215.627 223.437 229.030
213.816 220.753 225.290
221.782 224.483 227.817
216.003 222.166 228.131
221.962 222.841 225.561
221.238 221.558 221.898
213.292 223.710 227.942
217.939 219.434 222.078
214.607 221.909 233.746
213.793 242.828 275.901
216.224 264.264 276.450
215.630 250.975 276.425
213.179 263.310 276.303
213.879 239.329 276.052
221.402 223.067 227.247
221.557 224.413 227.492
216.053 218.531 221.894
215.605 219.408 221.726
219.581 222.403 227.429
215.948 221.526 226.891
219.744 222.438 227.838
215.629 220.431 221.854
217.745 222.832 227.826
214.620 223.446 231.692
215.608 223.050 227.873
215.332 223.697 231.568
221.699 223.778 227.804
215.738 222.335 227.487
213.629 221.522 229.346
217.595 221.920 227.450
221.339 223.549 227.686
215.186 221.418 225.158
221.386 222.748 227.150
217.849 222.115 227.052
215.976 220.455 221.674
213.673 222.182 227.511
221.763 224.024 225.635
213.559 220.394 226.915
218.403 223.559 227.805
213.305 220.908 226.680
221.493 222.913 227.521
214.077 220.547 227.123
215.767 219.064 222.198
221.434 222.817 227.185
218.216 223.698 229.651
221.763 225.628 231.489
215.771 221.550 226.614
221.126 224.466 227.505
221.725 222.062 222.853
221.528 223.658 227.699
220.006 225.947 227.855
213.449 222.692 227.717
221.344 222.805 227.444
221.425 225.586 228.045
213.335 219.139 221.750
217.639 224.434 229.237
213.241 223.370 227.438
176.777 182.675 188.315
213.674 216.635 222.266
213.812 223.271 229.886
215.492 223.052 228.448
217.665 222.569 227.573
221.438 222.986 227.844
214.524 223.155 227.532
221.683 225.286 230.819
216.028 223.618 229.597
222.325 227.001 229.500
215.728 220.850 223.128
213.588 220.117 227.766
216.003 243.721 262.178
221.343 222.913 227.427
215.499 224.425 232.107
214.280 223.174 227.827
221.659 224.236 227.846
221.426 225.280 228.265
216.373 223.804 229.470
221.776 224.139 227.987
213.597 222.322 227.668
221.500 221.898 222.322
215.366 218.616 221.542
221.266 224.727 227.772
227.856 227.856 227.856
221.673 225.025 231.524
219.337 223.258 227.594
221.656 224.308 228.073
221.569 222.973 227.691
213.801 220.026 221.885
221.714 225.334 228.042
217.964 220.982 221.949
221.606 225.347 227.897
221.292 224.456 227.888
183.643 208.754 231.009
214.478 220.350 227.805
221.205 221.912 222.917
221.428 224.698 227.791
221.593 221.743 221.866
217.589 221.874 227.272
213.914 223.525 227.580
221.661 224.326 229.288
221.296 222.663 227.423
182.728 185.027 188.618
213.579 220.738 227.808
221.750 224.548 227.165
221.483 224.398 229.482
214.589 219.110 221.945
221.400 225.523 229.166
221.496 224.181 227.688
221.628 222.932 227.604
215.891 220.394 221.760
213.784 220.607 223.486
219.469 223.980 227.826
213.919 222.180 227.730
215.592 219.911 221.680
221.891 224.570 227.617
221.506 222.208 224.059
217.515 220.249 221.773
219.246 223.060 231.145
180.691 193.651 221.671
213.865 217.468 221.859
216.448 222.189 227.785
215.724 223.247 229.390
214.053 221.362 231.232
219.536 223.281 227.693
221.622 224.022 227.701
213.993 225.000 227.957
221.284 223.897 227.774
216.166 222.900 227.538
215.846 221.615 227.523
213.862 222.413 227.765
217.625 221.980 227.388
221.304 222.335 225.449
214.162 219.073 221.682
215.690 222.462 231.114
213.668 223.966 229.377
219.619 221.333 221.959
221.604 223.816 226.875
215.649 223.040 229.457
216.455 225.801 229.827
221.228 221.643 222.035
213.616 220.077 221.930
215.770 222.855 228.299
216.050 220.966 225.991
215.976 223.409 227.852
182.328 200.041 227.602
217.738 222.601 227.595
221.206 224.596 227.360
215.739 221.076 231.136
221.235 224.755 229.607
214.832 220.888 227.857
214.130 221.199 225.956
214.006 221.312 225.940
218.168 221.688 225.045
215.807 223.802 227.856
217.970 223.143 227.753
217.286 221.611 225.649
221.504 224.862 227.907
213.843 218.943 221.989
215.406 221.657 227.687
221.522 222.975 227.877
215.259 223.322 230.828
217.657 223.274 227.826
221.217 223.875 227.683
214.356 222.131 227.483
213.598 222.054 231.514
215.882 223.615 227.600
214.310 223.163 227.320
215.556 222.341 227.718
215.626 220.046 222.025
221.374 221.700 222.017
178.827 181.404 182.770
216.248 220.900 227.454
215.871 220.976 227.575
215.727 219.533 221.909
221.214 225.990 230.808
221.656 223.400 225.785
221.197 224.221 231.321
217.885 221.602 225.585
213.290 221.568 229.620
221.489 225.131 227.765
215.525 223.538 231.363
219.662 221.725 224.426
221.440 226.053 227.980
221.335 224.001 228.461
221.372 222.884 227.269
221.471 225.185 227.950
221.259 222.730 227.434
219.598 223.316 227.899
216.697 221.787 224.732
221.564 224.829 227.658
213.527 220.771 227.706
216.165 221.486 227.460
218.061 221.143 222.183
216.479 220.737 221.825
214.915 221.533 225.387
214.172 218.200 221.582
216.025 222.300 231.223
214.317 218.772 221.594
221.306 223.662 227.428
217.616 224.294 227.805
217.436 220.446 221.403
215.946 219.339 221.926
221.259 223.738 228.045
220.913 222.839 227.781
221.779 224.830 227.510
221.477 223.955 227.605
213.383 222.366 227.948
221.622 224.764 227.400
213.923 219.832 227.271
213.245 222.237 227.984
216.483 222.452 231.573
221.593 224.082 229.952
221.304 222.619 227.278
221.079 225.056 227.638
217.408 221.027 222.191
214.906 222.728 228.013
214.048 220.090 221.784
218.144 222.257 228.186
215.449 221.221 226.069
221.365 224.561 227.573
221.357 223.898 227.459
221.210 223.066 227.834
214.317 220.429 222.093
221.281 223.623 231.213
213.455 221.039 227.108
221.364 223.352 226.285
221.652 224.681 227.565
213.763 221.652 229.333
216.712 223.374 230.968
221.578 223.976 227.540
217.880 223.850 231.725
214.006 221.605 225.719
213.681 220.360 227.712
214.068 219.342 227.163
221.004 224.384 227.873
213.413 221.113 227.388
221.640 225.825 229.772
221.365 224.991 227.982
216.261 220.626 222.368
214.109 221.107 227.974
221.637 223.475 226.451
221.344 222.861 227.733
215.556 220.780 225.494
213.641 220.508 227.588
221.545 225.510 229.155
215.710 221.256 225.084
221.452 223.787 227.784
221.628 221.761 221.963
219.310 224.757 228.108
214.861 222.665 227.000
213.703 219.140 222.259
215.927 220.801 227.500
221.464 222.889 227.253
221.283 223.916 227.735
215.593 221.381 226.920
214.070 220.754 230.972
216.283 221.875 227.565
221.495 224.107 228.126
221.534 223.564 226.974
218.235 222.189 227.892
213.896 220.939 226.087
213.621 221.783 231.302
174.359 181.603 188.839
214.383 221.772 227.102
218.474 222.421 227.853
219.906 223.966 229.073
214.581 219.487 221.880
221.615 223.020 227.611
216.042 220.821 227.913
221.731 223.372 229.248
221.476 222.425 225.182
215.582 222.723 227.356
221.361 221.794 222.334
174.902 184.956 189.718
221.471 224.053 227.644
221.316 222.375 225.831
215.498 219.159 225.644
215.843 219.728 221.838
225.287 226.833 227.957
214.151 221.221 227.057
221.387 224.220 228.677
222.067 226.752 228.896
221.400 225.646 231.855
215.618 221.911 227.245
223.516 227.855 231.278
223.331 226.269 228.069
221.516 223.625 229.991
221.469 221.760 221.966
221.403 224.082 227.875
214.505 219.245 222.079
176.333 184.113 188.830
221.813 224.780 228.170
221.415 221.687 221.881
215.309 222.575 227.659
221.376 221.600 222.077
213.895 222.204 227.638
221.471 222.549 225.976
221.239 222.865 227.739
221.491 223.376 226.431
221.595 224.534 229.199
220.966 226.100 227.635
221.602 223.589 227.434
219.339 221.904 225.747
216.231 221.941 227.519
219.553 223.822 229.051
213.581 219.210 221.645
176.139 186.247 198.614
174.408 180.572 182.628
221.275 224.213 227.967
215.801 220.851 227.825
215.487 220.614 227.804
215.527 220.538 222.162
215.781 219.738 227.469
219.813 224.565 228.048
221.289 223.010 228.154
214.566 220.754 227.494
221.191 224.136 227.941
213.710 218.726 221.519
215.644 224.364 227.965
221.942 224.967 231.438
222.236 226.233 227.951
215.962 222.274 228.052
215.492 220.446 227.578
213.926 223.668 227.591
215.440 221.618 229.380
215.625 220.451 222.270
221.084 221.526 221.737
221.541 225.278 229.149
217.494 222.803 231.537
221.341 221.610 221.940
214.542 220.254 221.943
213.830 220.621 229.359
219.290 222.676 229.455
222.090 224.551 228.060
221.176 223.671 227.862
216.387 221.828 227.779
217.436 222.529 228.024
213.062 219.740 227.982
221.507 225.369 227.229
220.986 223.507 231.418
214.255 222.115 231.044
213.727 221.294 227.114
213.461 222.949 229.171
216.729 222.489 228.173
215.782 220.899 225.503
213.666 219.812 228.003
221.765 224.210 228.049
213.998 219.817 221.676
215.507 221.591 227.486
216.334 222.733 231.918
181.887 202.415 229.668
221.304 223.307 227.585
221.179 223.969 227.649
221.717 225.048 228.001
220.602 222.565 227.440
221.143 226.728 229.672
216.041 221.228 227.735
213.958 219.545 226.491
215.357 220.882 228.145
221.781 224.114 228.112
216.092 223.642 231.328
214.638 222.819 227.790
221.446 224.191 227.734
216.173 219.979 222.134
221.434 224.219 227.918
213.373 223.986 229.636
218.358 222.830 227.937
221.211 222.717 225.652
214.445 222.135 229.582
221.864 224.182 227.463
215.662 221.410 227.793
219.599 225.079 228.185
221.466 225.609 231.766
215.701 217.898 221.425
221.574 223.088 227.615
216.259 220.599 221.874
221.139 223.524 226.381
221.599 224.573 229.596
213.570 221.624 227.940
221.326 222.958 227.548
0 0 0
213.952 220.959 227.568
215.999 222.715 227.962
221.355 224.045 227.661
221.499 222.953 227.464
215.603 219.577 221.783
213.485 220.344 222.274
215.566 220.996 227.532
221.605 224.195 227.962
221.240 224.471 229.653
221.628 224.648 227.401
215.742 222.640 228.011
218.001 224.337 231.399
216.235 223.050 228.132
215.999 224.021 227.788
215.905 222.850 228.082
215.604 219.863 222.513
221.346 224.134 227.752
215.234 222.364 227.433
221.395 225.523 228.218
221.212 223.526 231.438
182.065 182.432 182.750
221.469 223.307 227.272
221.418 223.522 227.192
213.363 223.633 227.780
215.666 221.437 227.838
215.673 222.168 229.945
221.391 224.401 228.112
176.876 208.066 234.402
174.728 205.758 222.033
221.784 226.391 227.719
221.645 222.497 225.164
221.775 226.527 227.972
215.723 221.945 228.149
216.489 222.730 227.993
221.803 224.501 227.706
215.272 223.034 227.319
216.223 224.750 227.601
176.482 182.612 184.427
221.607 222.970 227.106
217.668 224.493 228.015
221.639 224.207 227.781
221.203 223.985 227.779
221.644 224.126 227.951
221.292 222.744 227.261
213.653 217.451 222.000
219.682 222.707 228.063
215.391 220.469 225.837
220.966 223.794 227.862
215.867 224.270 231.047
221.494 223.291 229.330
216.090 222.479 229.607
215.887 221.833 227.487
216.060 221.650 227.748
221.517 221.866 222.305
176.500 184.018 188.564
221.475 224.596 229.135
215.368 220.415 227.139
222.019 226.054 231.316
221.337 224.596 227.897
221.577 224.105 227.798
221.394 221.721 222.203
221.325 222.707 226.987
216.103 221.313 225.669
215.235 219.448 222.208
216.735 221.667 227.149
221.736 225.512 227.557
213.305 217.674 221.232
221.536 225.545 227.642
213.341 219.008 221.922
221.104 224.554 231.484
216.134 222.762 231.673
183.012 205.432 221.965
215.638 222.310 230.915
221.004 222.295 225.387
216.602 220.984 227.138
216.059 221.661 227.537
215.561 220.366 221.728
221.863 224.712 229.123
189.749 215.087 221.505
217.296 223.937 227.624
216.137 221.165 224.811
214.343 222.919 230.818
221.635 225.116 227.855
221.375 222.646 227.010
215.299 221.945 226.501
215.691 223.337 229.414
221.144 221.523 221.861
221.585 224.143 227.780
215.749 222.831 227.509
219.857 221.143 221.879
213.995 219.856 223.365
214.088 220.912 227.543
221.271 224.004 227.572
214.091 218.537 221.477
221.525 224.478 227.627
216.070 221.708 227.675
213.195 219.990 227.673
233.904 233.904 233.904
221.445 223.480 230.886
216.166 219.419 221.929
215.860 220.213 226.103
221.576 221.747 221.975
213.770 219.230 221.867
217.377 220.856 221.860
221.593 222.965 227.570
217.689 222.899 227.401
213.254 216.298 221.746
221.484 225.497 229.153
221.429 224.735 228.073
218.035 222.994 227.848
227.329 228.633 231.168
215.987 221.790 227.236
215.391 221.117 227.728
213.981 220.048 221.853
216.516 222.030 227.658
220.200 222.479 227.177
221.550 226.405 229.431
221.419 224.663 227.514
216.073 223.622 231.413
220.124 221.229 221.821
184.908 190.820 203.264
217.836 222.073 227.431
221.552 224.109 227.726
213.807 219.395 223.069
216.247 220.503 221.813
213.781 218.458 221.668
217.569 222.097 227.421
221.534 224.268 228.806
216.524 223.071 228.166
215.657 221.516 227.331
221.078 223.672 227.176
217.543 225.159 231.887
215.970 219.660 221.984
221.486 221.792 222.033
215.597 221.494 227.473
221.322 223.954 227.802
213.862 219.003 221.854
213.543 220.876 225.349
213.570 221.041 226.774
216.073 223.533 227.727
213.939 220.358 227.866
215.584 221.888 227.240
214.373 225.261 235.694
221.283 223.638 227.046
215.409 221.060 231.000
221.543 223.187 225.714
221.664 224.285 229.202
213.589 218.132 222.024
184.096 211.911 222.104
216.267 220.006 223.601
217.599 222.828 227.753
215.807 221.937 225.735
213.527 221.368 229.173
213.898 222.301 227.457
177.653 197.555 227.778
221.534 223.981 227.449
219.924 223.866 227.715
221.248 224.788 227.788
214.033 220.058 227.247
213.813 221.575 227.542
221.227 223.262 229.806
213.711 220.070 221.752
221.621 223.790 227.632
215.332 220.579 222.410
213.755 223.700 227.928
221.514 224.051 227.674
213.980 220.486 227.430
221.426 222.942 227.930
221.150 222.698 227.454
214.242 223.337 231.080
215.563 221.506 226.798
213.752 221.450 227.928
221.625 227.384 231.423
214.056 220.660 222.612
221.200 222.509 225.994
221.551 225.042 227.475
215.650 223.210 229.535
215.888 222.832 229.513
221.753 223.788 231.396
184.457 214.179 227.044
221.547 224.728 227.735
214.341 225.009 231.767
216.645 223.011 231.415
214.564 218.718 221.889
216.330 220.707 225.393
215.479 222.282 227.387
221.618 223.717 229.563
221.687 223.406 227.227
221.424 223.200 229.403
213.896 220.736 226.993
218.581 220.398 223.858
214.505 220.148 227.105
221.748 225.864 230.671
214.816 221.790 229.300
216.380 222.902 229.256
217.592 222.873 228.084
219.271 224.865 230.506
213.321 220.270 227.676
216.043 223.020 227.641
221.738 223.777 227.592
215.902 220.563 221.968
221.818 224.511 227.038
213.477 221.395 227.586
216.388 222.902 227.666
221.364 224.029 227.586
221.772 225.085 228.051
221.239 221.654 222.027
214.223 220.795 227.906
215.722 224.111 228.797
219.091 222.356 227.587
217.779 223.514 227.235
214.834 221.374 227.854
215.662 220.411 221.969
182.610 185.200 189.163
215.951 222.207 229.565
221.394 223.054 226.043
217.615 221.667 225.221
219.841 222.049 225.392
213.066 219.906 221.793
216.040 225.722 231.681
214.231 221.410 227.996
182.233 192.382 227.343
221.413 223.959 227.912
216.069 223.657 227.630
221.529 223.674 227.365
221.732 224.168 227.617
221.237 221.574 221.821
221.724 225.130 229.541
215.832 220.547 227.884
221.314 223.841 227.374
221.772 225.196 227.735
215.723 223.517 231.322
215.575 223.988 227.886
180.105 192.764 221.697
214.259 222.212 227.469
217.777 220.745 221.878
230.366 233.176 235.986
215.584 223.187 229.061
221.264 222.323 225.537
215.821 221.753 227.984
221.768 223.311 225.746
213.860 220.706 224.701
216.273 223.671 231.363
221.627 223.766 227.819
213.547 219.223 221.957
222.499 226.224 227.717
221.638 224.063 227.725
178.690 184.390 189.685
215.606 220.450 222.029
217.932 223.209 227.389
180.619 201.598 225.847
216.041 222.928 227.509
217.467 223.207 227.688
215.288 223.543 227.641
215.961 222.527 227.439
213.510 222.733 227.993
213.527 217.739 221.858
221.145 222.648 227.411
213.816 220.836 227.828
217.501 221.837 227.428
221.126 226.022 229.847
221.629 224.495 229.367
221.423 223.412 230.879
0 0 0
220.518 221.640 222.522
166.352 172.460 178.471
221.450 221.820 222.685
221.291 222.798 227.605
221.262 222.663 227.728
221.351 222.607 226.780
216.416 222.164 228.020
213.840 219.837 225.578
221.171 223.918 227.855
221.668 223.995 227.434
213.629 220.235 222.294
225.043 226.879 227.577
214.181 219.905 227.428
213.883 222.487 227.745
213.581 219.980 221.882
213.630 222.138 227.221
222.029 225.402 227.491
182.595 186.096 188.570
215.863 223.087 228.020
194.077 217.627 227.287
214.503 220.889 227.324
221.189 221.558 221.796
221.562 223.031 227.532
221.406 223.798 227.079
221.431 223.183 229.143
215.644 220.511 227.240
221.935 225.122 228.335
221.594 224.754 227.805
217.861 221.668 224.721
221.234 222.702 227.563
221.559 224.030 227.719
214.093 220.133 227.451
221.515 223.371 228.023
219.509 222.811 227.658
216.091 220.246 227.630
221.782 224.347 227.468
214.055 221.336 225.992
215.987 223.046 228.217
221.355 223.992 227.601
221.279 221.815 222.978
219.652 222.488 227.207
221.934 226.221 229.371
215.577 220.478 221.931
221.285 222.883 227.411
221.672 223.773 227.622
215.457 221.538 227.728
217.304 223.029 227.979
221.508 225.502 229.370
221.459 224.134 228.424
220.754 223.752 227.695
221.546 225.252 227.736
221.593 223.065 227.616
221.398 224.051 227.813
182.524 185.235 188.981
213.457 220.555 223.385
215.265 223.039 228.938
218.129 220.725 221.456
213.407 223.469 231.582
221.891 223.983 227.658
214.489 221.707 227.357
216.213 219.491 221.708
215.790 219.553 221.737
216.697 223.071 227.773
213.807 218.945 221.570
221.597 226.065 231.492
221.173 223.171 229.642
221.101 221.598 221.999
221.710 223.646 226.837
182.513 191.668 221.564
215.468 218.140 222.185
221.121 223.779 227.388
231.842 233.641 235.211
221.548 224.781 229.030
214.218 221.492 227.679
213.988 222.803 229.046
213.239 219.567 227.867
216.168 222.810 227.793
214.375 221.148 227.355
217.391 223.147 227.756
215.707 220.662 223.146
221.301 222.725 224.544
221.135 224.786 228.090
221.205 222.821 227.640
213.785 221.490 228.057
220.716 223.465 227.479
221.401 224.169 227.458
219.300 221.045 221.785
215.687 220.342 221.964
220.795 225.679 231.140
225.858 227.870 229.602
216.077 221.665 227.734
218.078 223.145 227.858
221.733 223.004 227.768
221.233 224.380 231.738
182.157 182.806 183.632
221.696 226.092 229.200
221.489 221.594 221.811
221.201 224.146 227.419
221.154 224.278 231.263
218.111 222.108 227.778
218.059 223.957 231.262
220.874 223.471 227.506
221.401 222.332 225.632
221.455 223.587 227.657
184.567 214.288 221.931
214.137 220.980 227.710
218.083 224.076 228.054
221.662 224.772 227.493
215.494 221.759 227.435
221.439 222.940 227.643
215.909 220.446 222.079
182.335 185.940 188.587
213.325 221.155 227.194
215.627 224.357 227.733
214.322 222.535 229.108
221.362 221.515 221.685
221.446 225.087 227.543
221.167 222.621 227.399
215.622 220.845 225.953
215.524 220.354 227.394
221.652 224.596 227.937
219.094 222.442 227.837
221.229 223.034 225.309
221.399 222.809 226.137
216.383 223.256 229.640
217.602 222.168 227.692
215.713 221.773 228.222
214.176 221.108 225.725
221.343 225.390 228.994
222.068 227.007 231.444
214.536 221.045 227.652
221.418 224.765 227.622
221.541 226.350 227.800
213.349 220.478 227.975
217.754 221.177 223.116
221.053 224.282 228.193
214.033 220.129 222.027
221.746 225.917 227.709
221.369 221.879 222.965
221.308 223.805 227.440
219.405 222.597 227.613
221.150 222.701 227.900
216.625 221.950 227.541
215.544 221.511 227.347
213.678 219.991 222.136
215.436 220.269 224.578
215.635 222.528 228.009
214.125 218.337 222.076
221.353 221.773 222.201
213.573 221.661 227.906
216.364 220.072 226.422
214.270 222.455 227.815
221.342 224.222 228.974
216.182 219.583 226.133
182.528 209.458 227.378
215.462 222.556 231.664
221.008 222.669 227.855
215.534 221.712 227.729
213.772 220.201 227.582
221.449 222.856 227.503
215.634 222.825 228.079
214.497 222.496 227.485
217.991 221.591 225.773
176.548 183.188 188.112
215.417 221.661 227.222
213.578 222.261 229.249
221.485 223.993 227.537
221.373 223.920 227.668
217.571 221.032 222.222
216.582 221.841 227.147
230.622 233.245 240.173
216.196 219.977 222.172
213.009 221.147 227.411
217.371 222.613 229.363
213.742 223.133 227.705
221.414 223.775 227.148
214.534 221.802 227.079
221.468 223.705 227.700
215.785 220.129 225.478
215.863 220.907 227.408
213.944 222.438 227.646
182.064 202.192 228.468
215.752 221.270 227.859
221.659 225.596 229.246
213.556 221.171 227.294
221.734 223.152 228.053
216.262 222.924 227.720
214.897 222.592 229.313
213.445 221.205 227.646
221.652 224.194 227.767
218.027 221.257 223.378
219.217 224.823 228.051
221.395 224.620 231.533
216.413 221.788 227.846
215.730 222.537 227.596
213.054 219.862 226.772
217.593 221.987 227.427
221.513 222.814 227.548
217.545 220.924 222.271
217.704 223.855 227.341
219.178 221.923 225.322
216.587 222.625 226.963
221.315 222.720 227.363
214.342 221.894 226.693
215.967 223.780 227.873
218.206 223.307 227.889
215.455 222.614 227.153
176.791 197.722 222.015
216.705 223.055 227.747
215.895 220.806 222.424
221.137 223.819 227.620
214.315 220.353 222.141
221.098 222.525 227.031
221.859 223.445 227.577
219.963 223.500 231.958
221.343 223.632 227.655
215.411 222.186 231.424
217.683 224.064 231.299
213.964 220.896 225.822
213.554 222.321 227.288
221.164 224.459 229.576
221.334 222.809 227.528
184.436 187.543 192.393
214.370 218.953 221.842
221.510 224.046 229.670
221.722 224.805 227.793
221.390 225.048 227.568
221.605 223.797 228.514
221.530 223.576 231.101
213.771 218.957 222.098
214.398 223.625 228.191
219.967 221.762 222.915
182.681 185.121 188.510
218.012 222.778 225.913
221.136 222.538 226.212
213.452 219.937 227.189
214.160 222.551 227.635
213.583 222.590 227.829
221.470 221.780 222.078
221.538 224.413 229.769
214.750 220.171 223.737
214.223 221.279 227.700
221.543 223.734 227.274
221.466 224.012 227.577
221.311 222.732 227.371
219.893 221.235 221.750
217.448 222.861 229.542
221.135 223.842 227.447
213.687 221.861 227.646
175.929 182.540 188.366
221.894 226.636 227.967
221.595 221.646 221.713
221.340 222.743 227.664
213.623 220.037 221.965
217.711 222.062 227.550
214.535 221.721 227.792
217.368 220.852 221.887
216.710 221.403 225.671
221.255 223.802 229.110
182.347 253.047 527.057
221.702 223.052 227.504
215.089 222.791 227.820
221.039 222.637 227.462
221.306 222.623 227.165
217.508 220.931 221.905
221.491 223.990 227.894
221.565 223.005 227.940
217.562 221.757 225.775
221.144 222.911 227.779
215.658 221.023 225.123
215.720 223.158 229.516
219.912 222.511 227.435
221.088 224.220 229.578
217.915 223.335 227.714
221.372 223.105 227.682
178.362 206.447 225.451
219.843 223.104 229.173
221.614 222.928 228.110
221.315 225.229 227.841
222.043 225.780 230.991
220.045 223.728 227.918
221.455 222.795 227.153
213.449 220.135 227.538
217.782 221.585 225.533
216.192 220.523 222.269
222.250 225.181 227.815
221.177 222.987 227.484
221.616 225.054 227.460
230.806 230.861 230.916
221.203 223.246 228.014
221.604 225.308 227.650
214.362 222.459 227.658
217.666 223.301 227.996
221.496 222.001 222.779
217.574 223.365 229.549
214.103 222.040 227.439
217.127 223.113 227.713
218.032 221.901 226.782
218.030 224.076 231.506
221.309 225.232 227.764
221.516 223.476 229.288
174.308 182.054 188.545
221.683 222.576 224.877
221.424 224.266 229.026
214.599 222.744 227.597
214.202 221.753 227.543
221.480 225.152 227.606
220.122 221.577 222.071
216.520 223.426 231.215
216.004 220.684 222.146
182.456 193.135 221.579
219.157 223.433 229.111
214.534 218.680 225.854
214.506 219.190 227.287
221.377 223.234 227.591
221.356 223.447 227.781
221.483 224.531 229.740
221.464 224.977 228.055
182.503 186.263 189.239
214.242 222.461 227.946
221.204 222.969 228.142
215.495 224.251 228.034
216.317 222.401 231.014
221.210 225.322 229.580
213.552 222.639 227.163
221.630 224.634 227.453
215.995 220.493 222.026
221.641 224.022 227.515
215.861 221.598 227.554
215.862 218.713 221.490
215.766 221.594 227.368
215.544 221.922 227.926
221.280 222.895 227.423
213.905 218.840 221.912
213.836 219.703 225.210
176.418 183.614 192.449
182.334 194.831 225.110
215.455 221.559 227.419
213.935 224.098 231.372
215.195 223.087 229.199
221.450 222.923 227.411
222.315 227.460 231.540
215.894 219.385 221.977
215.777 220.728 227.794
214.743 221.474 227.504
221.904 225.835 227.909
213.220 221.084 227.439
215.872 221.289 227.569
216.634 221.690 227.252
217.499 221.952 227.233
216.065 219.765 221.894
221.491 224.894 227.975
218.120 223.913 227.930
221.734 223.790 227.683
215.839 220.767 222.269
213.896 220.267 228.073
221.158 224.280 231.472
213.868 219.781 221.849
214.521 222.626 227.913
221.518 223.372 229.885
178.827 193.569 228.407
214.228 220.680 226.081
214.100 222.022 227.404
220.976 227.143 231.477
221.343 225.933 231.308
221.472 225.035 231.370
214.151 220.247 227.493
221.670 223.947 228.038
221.569 225.458 230.611
213.907 222.453 227.409
215.327 221.504 227.397
221.272 223.924 227.924
215.479 223.987 227.552
213.920 221.345 227.246
221.546 225.179 227.467
213.214 219.814 221.693
216.152 224.225 227.709
213.691 221.323 228.224
176.579 182.707 188.525
217.663 221.833 227.761
221.560 224.646 229.566
221.054 225.066 227.239
213.826 222.341 227.758
217.660 222.189 227.815
216.460 221.316 225.421
217.865 221.798 225.939
215.933 224.495 231.324
213.628 221.648 227.681
214.425 222.489 227.863
216.279 220.627 221.970
214.045 218.649 225.864
213.607 219.982 225.533
216.242 222.861 227.668
215.918 220.710 227.769
182.489 193.419 228.009
221.026 223.719 227.423
217.683 223.327 227.962
213.180 224.159 227.864
214.930 221.713 228.217
215.393 219.407 222.265
215.653 222.879 231.770
214.565 220.247 221.871
221.453 222.474 226.024
221.754 226.073 228.009
182.670 183.169 184.570
214.202 219.625 222.172
213.604 221.129 226.705
215.733 221.772 227.799
216.052 219.639 227.703
213.365 218.456 227.034
221.946 225.215 227.879
182.777 207.486 224.863
217.791 221.409 223.318
217.947 220.804 222.069
221.681 223.034 227.639
221.154 223.063 227.934
221.527 224.127 227.873
214.746 221.653 229.555
221.101 225.341 229.029
220.983 224.734 231.077
221.263 223.446 227.365
213.745 221.024 225.866
221.822 224.908 231.005
221.531 223.680 227.355
214.909 218.224 221.779
221.805 224.774 227.596
221.745 223.820 227.735
215.657 223.984 228.081
182.356 184.655 192.565
221.704 222.517 225.206
178.747 197.948 221.691
221.627 223.013 227.835
215.202 221.646 227.420
213.615 222.174 228.147
215.758 221.763 227.843
214.179 220.526 228.018
213.383 221.990 227.852
182.678 185.282 188.902
221.369 222.840 227.278
213.646 221.164 227.485
216.718 223.330 228.024
215.899 220.769 227.542
221.523 223.096 227.574
215.538 221.677 227.879
221.557 224.046 227.888
222.107 226.205 227.984
214.001 220.671 226.352
213.591 221.309 227.548
221.460 223.048 227.978
221.496 224.207 227.858
221.174 223.086 227.779
213.896 222.037 231.094
221.061 225.291 227.919
214.468 219.456 227.708
184.565 208.743 227.618
221.222 224.142 228.171
214.396 222.469 229.866
221.828 226.300 228.022
221.480 223.720 231.374
215.502 222.803 227.274
213.533 222.166 228.029
215.976 222.289 231.412
221.140 223.969 227.835
213.853 217.754 224.892
221.384 223.963 227.674
215.189 222.637 228.353
221.162 225.199 228.052
217.704 224.416 227.610
214.552 218.928 221.873
221.237 222.783 227.691
219.542 224.734 227.721
221.873 222.843 225.762
214.097 221.314 227.249
215.369 222.682 227.650
221.744 222.928 226.821
213.552 221.090 227.335
227.282 228.107 229.745
221.648 222.943 227.100
221.445 224.586 227.918
221.261 222.796 227.532
213.752 219.309 227.840
216.185 223.073 228.010
221.430 224.929 228.009
221.415 224.389 229.361
219.884 222.431 228.243
229.710 233.346 235.197
218.168 221.832 226.293
221.286 225.213 228.073
221.600 222.676 225.962
221.539 224.095 227.862
221.440 224.856 227.793
218.363 223.605 227.928
221.856 223.798 227.806
222.021 224.837 229.483
215.344 219.184 227.835
216.216 220.295 221.920
214.613 222.496 228.007
213.466 220.006 228.033
221.538 223.738 227.674
184.218 210.704 227.890
219.327 223.571 227.781
215.723 221.340 226.837
216.528 224.226 229.420
221.466 225.025 228.079
219.545 223.926 227.353
221.422 224.459 229.432
213.217 219.749 226.211
213.665 221.423 227.864
221.641 222.902 227.274
221.925 224.006 228.078
219.621 222.447 227.740
221.110 225.215 227.867
221.767 223.674 227.584
217.801 224.829 229.345
215.698 219.369 221.882
221.570 222.636 225.817
221.681 224.173 227.791
221.503 223.298 225.814
217.231 222.319 229.182
221.608 223.614 227.771
218.324 224.723 228.212
213.666 220.366 222.894
221.974 223.638 226.988
219.705 222.996 225.673
221.627 224.084 227.744
217.846 222.166 227.736
215.642 222.881 227.553
216.249 222.372 226.096
217.272 222.036 227.444
221.447 224.856 227.778
221.772 223.011 227.257
221.952 223.270 228.058
215.305 222.089 228.167
221.633 225.124 227.799
221.552 224.852 228.093
221.723 224.565 227.967
221.106 222.682 227.614
218.226 221.615 224.542
215.089 221.438 227.371
221.401 224.741 227.716
221.627 226.516 229.748
216.435 220.558 222.113
221.674 223.981 227.393
215.448 220.345 222.235
213.909 221.300 227.255
221.535 222.419 224.992
221.462 224.235 227.587
219.486 222.454 227.680
221.636 223.714 227.968
221.672 223.433 225.943
221.569 225.713 231.859
217.882 222.252 227.585
214.421 220.931 227.545
221.421 222.740 227.312
221.211 223.842 227.633
217.262 222.105 227.849
176.814 180.946 184.254
221.614 222.720 226.123
215.853 222.951 228.171
221.723 224.010 231.066
221.126 223.980 227.817
214.101 222.176 227.751
217.700 224.075 227.739
221.428 224.132 227.961
221.034 223.338 227.408
217.649 224.112 230.861
221.252 221.643 222.038
216.241 221.696 227.580
213.912 222.472 227.882
221.396 223.640 231.497
221.549 224.230 228.188
215.804 221.587 227.523
221.454 224.419 228.019
221.152 224.760 227.748
215.666 223.315 227.342
213.984 222.446 227.930
182.902 185.922 187.981
213.996 219.026 222.277
219.479 222.878 228.083
221.469 223.865 227.346
216.879 223.404 227.861
221.144 222.392 225.660
213.707 221.691 229.115
221.795 224.516 229.196
217.496 220.474 222.055
214.289 221.165 226.494
219.929 222.549 227.642
221.584 224.468 227.903
217.841 221.063 222.054
215.513 222.431 227.435
221.724 225.618 229.063
221.189 225.136 227.726
213.760 223.209 227.843
213.545 220.764 227.630
221.566 224.213 228.209
214.573 221.044 227.756
221.323 222.712 227.353
216.020 220.563 222.007
213.577 219.889 225.444
221.379 223.140 225.349
214.004 223.995 229.211
216.216 220.968 230.954
189.752 210.029 222.220
215.224 222.898 227.190
214.586 222.892 227.861
221.822 224.244 227.499
219.752 225.278 229.551
214.070 223.210 227.292
176.800 183.451 188.404
221.455 224.007 227.749
214.267 220.183 227.711
216.132 220.600 222.159
216.255 220.816 227.760
221.344 224.119 227.787
214.299 220.738 225.060
216.391 221.776 227.569
213.623 221.238 227.792
216.667 219.890 222.067
215.581 220.501 221.899
216.121 221.508 225.845
217.402 222.325 229.129
221.660 223.027 227.626
217.834 222.559 229.532
219.272 221.307 222.248
221.208 223.957 227.613
217.923 224.134 228.108
221.044 222.662 227.505
216.459 221.878 227.364
214.606 221.798 227.913
217.740 219.997 221.534
221.258 222.668 227.449
221.545 223.047 227.831
221.376 223.696 227.271
215.965 222.181 226.543
182.673 185.507 189.795
220.977 222.712 227.825
215.763 223.142 228.979
221.368 223.959 228.116
213.838 221.242 227.452
215.483 224.977 227.771
221.727 223.008 227.535
213.238 222.987 231.290
221.467 223.016 227.427
218.042 222.507 226.210
213.699 219.719 221.427
215.615 221.762 227.222
213.120 221.852 229.303
221.400 224.047 227.621
221.471 225.261 228.346
221.350 223.258 225.945
216.399 220.467 221.659
221.631 223.164 227.925
214.463 221.687 225.957
213.771 219.079 221.950
207.785 218.619 226.708
216.237 222.627 228.046
215.347 220.283 221.868
217.582 223.130 227.520
221.298 224.064 229.235
221.242 223.691 227.328
221.723 226.220 227.794
214.455 221.501 227.913
219.620 223.173 228.011
221.287 224.721 227.850
221.760 226.424 227.875
215.954 222.670 228.081
214.454 221.248 227.393
221.224 226.116 228.079
215.784 220.855 228.816
213.636 222.987 227.750
221.518 223.614 227.733
214.622 220.918 225.426
213.345 220.935 227.664
221.602 225.058 227.536
213.782 220.610 227.736
217.888 220.765 221.992
222.333 225.842 228.087
215.752 222.026 227.541
221.571 222.901 227.821
217.908 222.363 227.704
221.423 221.641 221.867
217.227 222.497 227.684
215.681 221.531 229.705
217.949 223.910 227.535
221.535 223.656 226.799
217.583 222.138 226.089
214.089 220.071 222.136
216.046 221.747 227.758
221.312 223.916 227.814
215.655 220.889 223.523
213.501 215.450 221.640
214.886 221.250 226.846
221.813 225.243 227.460
217.741 222.892 227.998
217.820 221.966 227.585
221.197 222.227 225.048
216.181 221.531 227.416
219.814 224.227 233.062
221.429 224.599 227.911
213.486 221.482 227.529
221.520 223.046 226.946
214.683 220.364 221.993
221.048 222.640 227.156
215.250 220.525 222.244
214.314 221.194 227.236
