171.533 171.642 171.772
171.565 171.643 171.766
171.614 171.668 171.768
171.538 171.641 171.809
171.543 171.799 172.569
171.556 171.624 171.682
171.577 171.639 171.726
171.542 171.678 171.911
171.586 171.675 171.875
171.585 172.186 173.595
171.587 171.650 171.755
171.550 171.605 171.684
171.546 171.612 171.695
171.531 171.614 171.670
171.546 171.610 171.721
171.584 172.144 174.070
171.601 171.652 171.734
171.516 171.658 171.749
171.585 171.630 171.721
171.538 171.652 171.745
171.569 171.647 171.700
171.514 171.638 171.784
171.510 171.690 171.814
171.527 171.609 171.696
171.534 171.745 172.402
172.129 172.742 173.639
171.583 171.638 171.701
171.621 171.697 171.769
171.518 172.032 173.516
171.622 172.689 176.592
171.589 171.647 171.692
171.539 171.775 172.372
171.559 171.777 172.167
171.559 171.641 171.762
171.562 171.745 172.175
171.604 171.650 171.735
171.545 171.646 171.704
171.569 171.615 171.686
171.664 172.074 173.505
171.533 171.676 171.856
171.564 171.626 171.777
171.515 171.628 171.852
171.514 171.577 171.650
171.550 171.596 171.623
171.543 171.708 171.958
171.511 172.751 174.456
171.556 171.654 171.763
171.601 171.676 171.805
171.564 171.612 171.729
171.572 171.632 171.716
171.551 171.872 172.285
171.677 171.833 172.335
171.584 171.653 171.751
171.524 171.705 171.994
171.552 171.610 171.684
171.581 172.153 174.069
171.582 171.658 171.729
171.567 171.848 172.870
171.570 171.717 172.100
171.588 171.650 171.717
171.643 171.839 172.350
171.518 171.593 171.658
171.661 171.749 171.794
171.571 171.698 171.908
171.535 171.611 171.723
171.551 171.827 172.570
171.590 171.700 171.839
171.656 172.097 173.512
171.581 171.652 171.692
171.625 172.087 173.745
171.567 171.632 171.706
171.544 171.646 171.786
171.557 171.627 171.718
171.600 171.661 171.760
171.603 171.641 171.686
171.586 171.650 171.769
171.583 171.645 171.739
171.668 172.274 173.471
171.716 171.810 171.931
171.656 171.800 172.265
171.659 171.750 171.852
171.711 171.828 171.976
171.633 172.016 173.054
171.636 171.790 171.854
171.703 171.771 171.844
171.678 171.735 171.801
171.717 172.104 172.538
171.655 171.795 172.019
171.623 171.770 171.858
171.824 171.917 172.208
171.659 171.745 171.860
171.688 171.784 171.880
171.666 171.822 171.899
171.635 171.789 171.991
171.658 171.752 171.872
171.675 171.749 171.844
171.659 171.828 172.256
171.666 171.806 171.970
171.622 171.806 171.976
171.651 172.708 175.570
171.662 171.741 171.881
171.739 171.787 171.896
171.709 171.837 171.969
171.739 171.957 172.109
171.667 171.873 172.392
171.675 171.791 171.896
171.759 171.833 171.896
171.713 171.781 171.858
171.654 171.747 171.808
171.757 172.197 173.695
171.685 171.723 171.748
171.693 171.780 171.915
171.667 171.727 171.775
171.722 171.775 171.873
171.850 171.896 171.939
171.755 171.852 171.970
171.847 172.075 172.463
171.606 171.715 171.853
171.676 171.835 171.988
171.712 171.847 172.029
171.714 172.141 173.411
171.855 171.889 171.936
171.734 171.840 171.930
171.723 171.967 172.250
171.653 171.761 171.844
171.666 171.771 171.924
171.735 171.801 171.881
171.751 171.855 172.100
171.721 171.764 171.802
171.806 171.891 172.062
171.693 172.034 172.990
171.869 172.876 173.911
171.676 171.877 171.996
171.708 171.798 171.854
171.780 172.156 173.389
171.701 172.178 173.874
171.732 171.983 172.553
171.698 172.001 172.427
171.751 171.836 171.986
171.707 171.791 171.881
171.685 173.126 175.349
171.736 171.884 172.048
171.699 171.847 172.237
171.645 171.770 171.814
171.671 171.834 172.095
171.660 171.835 172.029
171.722 171.807 171.916
171.708 171.781 171.865
171.671 171.731 171.782
171.635 171.767 171.963
171.700 171.805 171.899
171.664 172.191 173.809
171.679 171.838 172.000
171.683 172.165 172.766
171.620 171.701 171.799
171.657 171.745 171.850
171.638 171.748 171.898
171.607 171.679 171.773
171.659 171.808 172.019
171.696 171.869 172.084
171.729 171.795 171.922
171.712 171.812 171.955
171.644 171.764 171.960
171.675 171.776 171.908
171.738 171.812 171.963
171.735 171.805 171.836
171.659 171.782 171.885
171.657 171.873 172.447
171.713 171.837 171.943
171.694 171.775 172.019
171.653 172.157 173.812
171.725 171.786 171.849
171.716 171.847 171.999
171.614 171.753 171.860
171.724 171.820 171.909
171.729 171.800 171.879
171.796 171.870 171.958
171.701 172.240 173.762
171.676 171.771 171.856
171.668 171.766 171.834
171.672 171.719 171.784
171.759 171.825 171.960
171.742 171.864 172.168
171.726 171.977 172.708
171.642 171.749 171.860
171.771 171.867 171.978
171.753 171.855 171.945
171.656 171.760 171.882
171.766 171.828 171.898
171.756 172.587 173.808
171.832 172.294 173.668
171.713 171.948 172.438
171.808 171.867 171.981
171.665 171.790 171.895
171.757 171.800 171.840
171.657 171.754 171.982
171.681 171.802 171.920
171.810 172.268 173.348
171.726 171.807 171.880
171.709 171.775 171.908
171.697 171.805 171.885
171.731 172.572 175.511
171.769 172.217 173.928
171.781 172.554 174.699
171.625 171.656 171.716
171.727 171.811 171.929
171.792 171.866 172.001
171.664 171.776 171.900
171.790 171.833 171.880
171.697 172.365 173.552
171.733 171.790 171.902
171.718 172.160 173.694
171.727 171.849 172.090
171.657 171.771 171.917
171.719 171.918 172.454
171.659 171.763 171.912
171.753 171.836 172.041
171.732 171.799 171.936
171.716 172.079 173.144
171.673 171.824 172.035
171.736 171.932 172.411
171.679 171.770 171.869
171.672 172.059 172.947
171.971 172.691 173.626
171.802 171.913 172.043
171.825 172.076 172.776
171.803 171.939 172.215
171.768 171.876 171.973
171.887 171.955 172.035
171.860 172.009 172.243
171.842 172.173 173.172
171.867 173.374 175.872
171.815 171.921 172.097
171.909 172.200 173.248
171.806 171.909 171.956
171.841 171.911 172.020
171.834 171.991 172.291
171.816 171.892 171.952
171.864 171.921 172.113
171.846 171.911 171.991
171.762 171.933 172.098
172.443 172.862 173.621
171.831 171.936 172.142
171.865 171.920 172.024
171.863 171.996 172.082
171.851 171.893 171.945
171.803 171.905 172.006
171.799 172.107 172.770
171.771 171.887 172.006
171.814 171.905 172.007
171.812 172.062 172.973
171.800 171.961 172.086
171.801 171.900 172.027
171.894 171.971 172.030
171.768 171.856 171.982
171.852 172.022 172.175
171.827 171.873 171.914
171.824 171.983 172.226
171.804 171.993 172.132
171.839 171.892 171.962
171.837 171.933 172.054
171.821 171.965 172.266
171.845 171.939 172.063
171.875 171.943 172.140
171.803 172.522 173.840
171.913 172.041 172.266
171.739 171.953 172.064
171.808 171.943 172.017
171.857 172.244 173.333
171.837 171.924 172.062
171.815 172.016 172.284
171.882 172.050 172.425
171.783 171.922 172.061
171.757 171.876 171.970
171.814 171.937 172.015
171.927 171.975 172.012
171.793 171.852 171.909
171.899 171.997 172.119
171.748 172.007 172.153
171.792 172.093 172.615
171.821 171.958 172.179
172.012 173.036 174.349
171.847 172.874 174.738
171.807 171.995 172.257
171.797 171.957 172.076
171.859 171.922 172.006
171.811 172.334 173.978
171.847 171.941 172.173
171.880 171.926 172.087
171.811 171.957 172.090
171.849 171.939 172.049
171.871 171.900 171.971
171.827 171.918 171.964
171.844 171.945 172.067
171.878 171.956 172.088
171.799 171.911 172.051
172.432 173.279 173.822
171.813 171.885 172.005
171.916 172.121 172.326
171.787 171.849 171.904
171.800 171.889 172.039
171.765 171.945 172.089
171.768 171.964 172.493
171.824 171.938 172.199
171.907 173.052 174.787
171.881 172.123 172.914
171.800 171.893 171.933
171.839 171.900 172.004
171.834 171.973 172.233
171.887 171.988 172.195
171.888 172.013 172.192
171.884 171.953 172.025
171.805 171.911 172.017
171.910 172.053 172.253
171.805 171.926 172.136
171.764 171.922 172.134
171.798 171.968 172.444
171.773 171.942 172.066
171.868 171.970 172.075
172.720 172.989 173.518
171.787 171.916 172.140
171.793 171.922 172.128
171.886 172.270 173.668
171.810 171.991 172.175
171.866 172.032 172.446
171.987 172.359 173.564
171.829 171.881 171.950
171.920 172.014 172.060
171.777 171.897 172.067
171.830 172.084 172.495
171.804 171.839 171.927
171.832 171.961 172.076
171.930 172.064 172.387
171.929 172.240 172.702
171.799 171.933 172.078
171.857 171.944 172.049
171.803 172.080 172.627
171.835 172.975 177.086
171.828 171.935 172.104
171.789 171.981 172.106
171.815 172.638 175.542
171.837 171.992 172.160
171.936 172.069 172.291
171.830 171.955 172.039
171.924 171.974 172.047
171.882 171.933 172.053
171.799 171.877 171.970
171.885 171.992 172.088
171.878 171.962 172.052
171.812 171.903 171.963
171.866 171.963 172.087
172.588 172.858 173.224
171.870 171.916 171.965
171.787 171.893 172.113
171.865 172.019 172.545
171.801 171.982 172.500
171.771 171.827 171.903
171.817 172.099 172.857
171.879 172.055 172.370
171.841 172.132 172.562
171.854 172.692 174.424
171.824 171.944 172.112
171.832 171.930 172.074
171.805 171.905 172.062
171.803 171.839 171.923
171.848 172.023 172.277
171.947 172.371 173.749
171.840 172.392 173.226
171.856 171.932 172.051
171.870 171.953 172.011
171.843 171.907 171.957
171.865 172.226 173.289
171.783 171.904 172.054
171.909 172.406 173.177
171.903 171.943 171.994
171.881 171.926 172.017
171.822 171.938 172.022
171.800 171.927 172.084
171.873 172.118 172.628
171.795 171.928 172.053
171.816 171.916 171.983
171.840 171.941 171.994
171.838 171.954 172.014
171.837 171.942 172.061
171.840 171.906 171.993
171.815 171.910 172.102
171.881 171.993 172.190
171.844 172.323 173.768
172.094 172.553 173.291
171.825 171.896 171.999
171.802 171.854 171.954
171.831 171.945 172.057
172.081 172.958 174.705
171.778 171.929 172.036
171.729 172.093 172.402
171.867 171.913 171.966
171.788 171.878 171.936
171.799 171.935 172.063
171.931 172.077 172.429
171.856 171.933 172.026
171.881 171.972 172.177
171.821 171.943 172.185
171.871 172.112 172.689
171.777 171.833 171.976
171.848 171.914 172.065
171.815 171.913 172.014
171.850 172.717 175.646
171.796 171.869 172.031
171.804 171.928 172.040
171.853 171.898 172.024
171.790 171.911 171.998
171.824 171.901 172.031
171.850 172.057 172.488
171.752 171.830 171.905
171.836 171.914 172.010
171.785 171.871 171.998
171.943 172.017 172.105
171.785 171.947 172.194
171.751 171.877 171.987
171.772 171.856 171.900
171.852 171.958 172.159
171.821 171.913 172.065
171.805 171.923 172.072
171.783 171.886 172.070
171.768 171.927 172.118
171.825 171.878 171.944
171.810 171.933 172.083
171.792 172.239 173.602
171.963 172.826 173.899
172.412 173.723 174.723
171.870 172.023 172.219
171.960 172.096 172.402
171.831 172.567 174.478
171.801 171.919 172.073
171.841 172.259 172.993
171.874 172.029 172.293
171.798 171.885 172.005
171.814 171.893 172.068
171.798 171.891 171.984
171.808 171.846 171.870
171.807 171.874 171.940
171.799 171.874 171.969
171.786 172.043 172.837
172.011 173.100 174.646
171.781 171.918 172.043
171.783 171.883 171.976
171.849 171.952 172.172
171.809 171.935 172.041
171.818 171.886 172.029
171.799 172.304 173.996
171.857 172.064 172.213
171.857 171.973 172.078
171.944 171.979 172.085
171.855 171.935 172.131
171.860 171.909 171.980
171.840 171.965 172.037
171.817 171.986 172.280
171.764 171.964 172.048
171.866 171.919 171.970
171.777 171.890 172.117
171.803 171.867 171.968
171.859 171.950 172.053
171.821 171.921 172.043
171.801 171.909 172.034
171.771 172.293 174.202
171.766 171.894 172.010
171.852 172.247 173.282
171.838 171.980 172.156
171.814 171.873 171.942
171.856 172.014 172.211
171.838 171.957 172.296
171.866 172.143 172.905
171.799 171.971 172.137
171.878 171.996 172.084
171.804 171.871 171.943
171.808 172.057 172.340
171.784 172.107 172.642
171.846 171.942 172.119
171.786 171.895 172.021
171.863 171.915 172.035
171.794 171.904 171.998
171.792 172.297 173.793
171.844 172.087 172.593
171.746 172.298 173.074
171.836 171.911 171.992
171.784 172.345 174.293
171.791 172.689 173.536
171.837 171.973 172.192
172.033 174.184 175.910
171.952 172.302 172.771
171.856 171.898 171.939
171.942 172.061 172.142
171.769 171.921 172.043
171.898 171.938 171.991
171.777 171.871 171.936
171.797 171.877 171.934
171.852 171.918 171.955
171.839 171.973 172.229
172.059 172.779 173.831
171.794 172.322 173.781
171.759 171.856 171.996
171.864 172.128 172.710
171.915 172.056 172.345
171.847 171.951 172.054
171.860 171.934 172.130
171.789 171.898 172.044
171.842 171.909 171.972
171.770 171.858 171.990
171.978 172.039 172.108
171.819 171.930 172.051
171.870 172.358 174.106
171.843 172.011 172.191
171.893 171.967 172.055
171.814 172.184 172.963
171.861 171.955 172.045
171.905 171.953 172.111
171.748 171.848 171.951
171.876 171.927 171.974
171.860 171.949 172.151
171.882 171.966 172.231
171.821 171.913 171.999
172.800 174.150 175.102
171.750 171.923 172.112
171.825 171.952 172.209
171.812 171.874 171.966
171.933 172.041 172.263
171.863 171.948 172.033
171.838 171.923 172.026
171.873 171.983 172.229
171.847 171.938 172.016
171.821 171.945 171.995
171.815 171.898 172.003
171.817 171.923 171.987
171.779 171.953 172.089
171.892 172.282 173.102
171.865 171.932 172.015
171.854 172.288 173.621
171.852 171.995 172.095
171.956 173.017 173.923
171.898 171.945 172.000
171.889 172.065 172.374
171.748 172.272 172.679
171.812 172.471 173.792
172.018 172.893 173.736
171.783 171.994 172.191
171.849 171.946 172.051
171.807 172.026 172.319
171.875 171.963 172.150
171.885 172.027 172.173
171.857 171.975 172.081
171.850 171.971 172.080
171.832 171.989 172.346
171.794 171.947 172.093
171.836 171.908 172.055
171.807 172.304 174.062
171.819 172.102 172.576
171.844 172.036 172.440
171.847 171.972 172.134
171.811 171.913 171.976
171.789 171.975 172.285
171.862 171.996 172.201
171.867 171.982 172.228
171.791 171.928 172.028
171.787 171.934 172.001
171.874 172.020 172.312
171.775 171.995 172.259
171.820 171.920 172.103
171.953 171.989 172.081
171.778 171.885 172.049
171.860 171.949 172.034
171.755 172.118 172.769
171.873 172.850 173.834
171.834 172.417 173.758
171.824 171.893 171.948
171.824 171.862 171.976
171.850 171.935 172.021
171.912 171.992 172.102
171.875 171.965 172.094
171.830 171.894 172.017
171.822 172.130 172.950
171.835 172.229 173.130
171.780 172.451 174.771
171.818 171.933 172.114
171.850 171.999 172.197
171.773 171.928 172.082
171.773 171.909 172.029
171.866 171.972 172.088
171.907 171.975 172.029
171.897 171.977 172.052
171.802 171.859 171.910
171.822 171.910 172.010
171.833 171.920 171.979
171.807 171.919 172.090
171.797 171.855 171.923
171.842 173.290 175.607
171.857 172.649 175.233
171.778 171.838 171.886
171.809 171.930 172.173
171.784 172.050 172.789
171.778 171.825 171.884
171.783 171.881 172.000
171.957 172.015 172.094
171.780 171.889 172.123
171.824 171.941 172.124
171.755 171.898 172.076
171.864 171.911 172.016
171.771 171.861 171.974
171.808 171.869 172.013
171.762 172.820 173.778
171.823 172.019 172.642
171.795 171.953 172.338
171.780 172.186 173.331
171.830 172.482 173.628
171.742 171.795 171.817
171.798 172.705 175.906
171.765 171.875 172.016
171.770 171.878 172.074
171.839 171.865 171.910
171.744 171.850 171.987
171.835 171.874 171.922
171.773 171.818 171.867
171.781 172.052 172.759
171.785 171.844 171.913
171.765 171.814 171.888
171.774 171.852 171.916
171.812 171.865 171.999
171.838 171.901 171.996
171.734 172.491 173.716
171.757 171.871 171.998
171.774 171.963 172.402
171.761 172.215 173.652
171.756 171.806 171.878
171.785 171.858 171.969
171.773 171.805 171.823
171.793 171.835 171.933
171.771 171.814 171.858
171.785 171.858 171.955
171.752 171.844 171.982
171.824 171.911 171.967
171.780 171.836 171.970
171.837 172.098 173.032
171.781 171.958 172.423
171.788 171.998 172.423
171.732 171.805 171.915
171.750 171.867 171.968
171.767 171.975 172.648
171.821 171.890 172.009
171.777 171.886 171.976
171.800 172.121 173.122
171.758 171.828 171.908
171.754 171.814 171.895
171.749 171.822 171.889
171.800 171.861 171.903
171.755 171.899 172.175
171.768 171.884 171.991
171.744 172.074 173.060
171.777 171.875 171.981
171.765 171.831 171.910
171.742 171.832 171.892
171.840 172.391 173.774
171.773 172.328 173.380
171.736 172.064 172.980
171.806 172.163 172.944
171.737 171.820 171.956
171.745 171.805 171.922
171.791 172.397 173.713
171.764 172.009 172.394
171.782 171.887 172.131
171.723 171.810 171.991
171.802 171.882 172.037
171.837 171.932 172.071
171.737 171.818 171.871
171.748 171.822 171.930
171.762 171.830 171.874
171.782 171.859 172.012
171.753 171.812 171.928
171.759 171.869 172.006
171.746 171.820 171.918
171.813 171.857 171.904
171.777 171.798 171.826
171.789 171.836 171.936
171.813 172.244 172.983
171.772 171.852 171.884
171.785 171.885 172.232
171.751 171.782 171.811
171.744 171.808 171.875
171.784 171.876 171.959
171.777 171.873 172.090
171.726 171.774 171.826
171.757 171.823 171.859
171.741 172.351 174.474
171.802 171.877 171.927
171.757 171.860 172.034
171.766 171.828 171.879
171.753 171.806 171.884
171.754 171.855 172.048
171.775 171.811 171.843
171.776 172.227 173.666
171.730 171.785 171.838
171.764 172.208 173.658
171.764 171.836 171.970
171.725 171.783 171.849
171.767 171.812 171.878
171.717 171.775 171.862
171.758 173.335 174.793
171.742 171.796 171.868
171.757 172.001 172.810
171.811 172.001 172.673
171.745 171.837 172.073
171.757 171.829 171.907
171.805 172.051 172.901
171.800 171.856 171.977
171.793 172.202 172.558
171.761 171.818 171.902
171.744 171.780 171.830
171.753 171.920 172.399
171.796 171.865 171.987
171.770 171.814 171.940
171.859 172.711 173.713
171.751 171.821 171.927
171.763 171.807 171.855
171.717 172.172 173.752
171.806 171.893 172.004
171.763 171.827 172.012
171.751 171.910 172.241
171.793 171.919 172.303
171.803 171.881 171.979
171.760 172.171 172.649
171.750 171.894 172.128
171.752 171.869 171.988
171.744 171.796 171.854
171.800 171.844 171.976
171.735 171.773 171.837
171.784 171.830 171.878
171.795 171.847 171.914
171.784 171.921 172.128
171.756 171.823 171.980
171.748 171.839 172.031
171.777 172.230 173.070
171.784 171.813 171.887
171.767 171.947 172.350
171.761 171.814 171.870
171.752 171.815 171.860
171.745 171.795 171.846
171.733 171.804 171.884
171.761 171.836 171.871
171.755 171.936 172.445
171.772 171.985 172.700
171.771 171.877 172.017
171.767 171.862 172.040
171.766 171.805 171.853
171.756 172.333 173.660
171.708 171.791 171.897
171.758 173.003 175.643
171.716 171.771 171.838
171.796 171.822 171.857
171.733 171.790 171.923
171.768 172.612 173.720
171.751 171.789 171.830
171.733 171.801 171.911
171.774 171.811 171.866
171.767 171.816 171.902
171.752 172.380 173.912
171.757 171.814 171.876
171.777 171.829 171.919
171.769 171.854 171.916
171.732 171.787 171.829
171.749 171.817 171.981
171.768 171.791 171.829
171.748 172.044 172.862
171.776 171.813 171.837
171.750 171.817 171.862
171.747 171.802 171.922
171.749 172.222 173.668
171.720 172.440 173.593
171.788 172.778 175.369
171.773 171.891 172.064
171.765 171.883 172.099
171.768 172.761 175.270
171.774 171.853 171.964
171.846 171.935 172.080
171.771 171.832 171.941
171.801 171.900 172.002
171.765 171.815 171.922
171.736 171.797 171.917
171.812 172.265 173.829
171.761 171.802 171.892
171.764 172.224 173.746
171.787 171.868 171.934
171.776 171.821 171.897
171.714 171.980 172.727
171.767 171.819 171.910
171.788 171.854 171.991
171.747 171.842 172.016
171.744 171.791 171.823
171.774 173.193 174.956
171.717 171.818 171.864
171.751 171.864 171.941
171.749 171.841 171.932
171.785 171.812 171.843
171.805 172.320 174.180
171.776 172.194 173.770
171.767 171.919 172.439
171.721 171.859 172.003
171.736 171.814 171.932
171.758 171.840 171.962
171.713 171.811 171.961
171.783 172.301 173.673
171.756 171.825 171.906
171.800 171.921 172.059
171.796 172.121 173.139
171.753 171.825 171.917
171.856 171.896 171.955
171.767 171.801 171.839
171.757 171.902 172.204
171.806 171.942 172.165
171.703 171.781 171.870
171.777 171.822 171.931
171.802 171.827 171.858
171.706 171.823 171.913
171.759 171.843 171.944
171.819 171.852 171.903
171.809 172.207 172.786
171.749 171.792 171.863
171.776 172.656 173.824
171.723 171.751 171.792
171.747 171.822 172.050
171.795 171.958 172.484
171.753 172.361 174.695
171.760 172.460 175.023
171.747 171.820 171.990
171.767 171.792 171.850
171.810 171.845 171.938
171.767 171.830 171.880
171.746 171.838 171.953
171.833 171.896 171.945
171.742 171.802 171.848
171.742 171.931 172.354
171.953 173.282 174.912
171.759 171.926 172.356
171.765 171.787 171.856
171.766 172.181 173.290
171.728 171.812 171.925
171.770 171.822 171.873
171.776 171.846 171.921
171.773 171.815 171.880
171.751 171.982 172.700
171.741 171.833 171.932
171.736 171.776 171.805
171.755 171.803 171.828
171.773 171.824 171.865
171.759 172.038 172.897
171.757 171.836 171.943
171.775 171.790 171.813
171.754 171.829 171.942
171.723 171.830 171.961
171.769 172.113 172.997
171.731 171.842 172.057
171.778 171.798 171.826
171.796 172.330 173.445
171.763 171.791 171.841
171.817 171.897 172.018
171.783 171.990 172.597
171.756 171.810 171.865
171.812 171.881 171.979
171.788 171.861 172.036
171.779 171.808 171.828
171.814 172.120 173.234
171.793 172.377 174.281
171.758 171.812 171.859
171.780 171.843 171.996
171.755 171.890 171.961
171.797 172.279 173.682
171.757 171.841 172.014
171.843 171.931 172.051
171.802 171.860 171.922
171.803 171.882 172.020
171.750 172.040 172.752
171.767 171.861 171.932
171.734 171.825 171.934
171.777 171.908 172.178
171.784 171.812 171.889
171.799 171.916 172.143
171.726 171.836 171.922
171.719 171.824 171.877
171.741 171.849 171.911
171.798 171.899 171.953
171.743 171.830 171.975
171.739 171.823 171.906
171.832 171.938 172.078
171.762 172.056 173.099
171.802 173.648 175.321
173.332 174.289 176.035
171.832 171.883 171.961
171.728 171.790 171.854
171.780 171.814 171.848
171.753 171.814 171.901
171.725 171.808 171.857
171.749 171.850 172.160
171.820 171.868 171.995
171.807 171.901 172.003
171.790 171.965 172.114
171.704 171.786 171.819
171.743 171.982 172.603
171.749 171.802 171.842
171.764 171.893 171.982
171.869 172.728 173.696
171.814 171.877 171.976
171.833 171.908 172.002
171.802 171.896 172.040
171.836 171.998 172.200
171.813 171.854 171.926
171.819 171.968 172.092
171.782 171.865 171.956
171.804 171.897 172.000
171.799 171.894 172.082
171.806 171.894 172.032
171.820 171.918 172.025
171.807 171.861 171.901
171.735 171.777 171.820
171.793 171.852 171.950
171.771 171.937 172.052
171.830 171.898 171.963
171.788 171.909 171.999
171.924 171.946 171.992
171.770 171.859 172.046
171.785 171.928 172.179
171.776 172.007 172.227
171.791 171.884 171.986
171.855 171.979 172.059
171.762 171.886 172.059
171.777 171.846 171.931
171.785 171.918 172.159
171.786 171.856 171.921
171.790 171.853 171.954
171.779 171.931 172.101
171.781 172.014 172.719
171.843 171.905 171.978
171.912 172.773 173.748
171.800 171.838 171.885
171.804 171.885 171.996
171.778 171.912 172.123
171.889 172.033 172.283
171.804 171.934 172.197
171.822 171.890 172.016
171.807 171.888 172.035
171.797 171.851 171.902
171.746 171.904 172.081
171.824 171.906 172.047
171.769 172.204 173.080
171.789 171.979 172.345
171.769 171.820 171.890
171.841 171.928 171.985
171.809 171.861 171.932
171.819 171.895 171.982
171.769 171.887 171.958
171.811 171.858 171.977
171.781 171.839 171.895
171.837 172.262 173.484
171.873 171.919 172.022
171.785 171.914 172.048
171.780 171.868 172.017
171.793 171.859 171.941
171.808 172.197 173.233
171.803 171.882 171.944
171.787 171.894 172.036
171.802 171.911 172.023
171.894 172.163 172.755
171.840 172.038 172.445
171.840 171.914 171.945
171.851 171.922 171.986
171.924 173.046 173.883
171.771 172.098 173.226
171.933 172.114 172.443
171.755 171.870 171.973
171.803 172.221 173.365
171.785 171.958 172.103
171.830 172.093 172.439
171.851 171.904 171.997
171.798 171.850 171.908
171.809 171.856 171.920
171.782 171.928 172.188
171.792 171.899 172.061
171.840 171.914 172.003
171.797 171.854 171.917
171.772 171.911 172.061
171.805 171.870 171.964
171.796 171.925 172.081
171.812 171.918 172.065
171.756 171.893 172.023
171.819 171.912 172.096
171.836 172.334 173.786
171.975 172.055 172.104
171.778 171.850 171.925
171.779 171.894 172.045
171.754 171.855 171.938
171.816 172.386 174.209
171.814 171.864 171.936
171.794 171.879 172.050
171.782 171.913 172.060
171.796 172.217 173.505
171.871 172.008 172.369
171.849 171.912 172.069
171.871 172.312 173.679
171.784 171.886 172.031
171.820 172.424 173.703
171.866 172.413 174.313
171.922 172.755 173.801
171.790 171.855 171.954
171.788 171.960 172.052
171.912 172.320 173.545
171.820 172.152 173.215
171.857 172.530 174.642
171.809 171.899 172.092
171.815 172.014 172.162
171.799 171.954 172.099
171.854 171.922 172.053
171.829 171.895 171.987
171.834 171.882 171.999
171.781 171.943 172.184
171.866 172.000 172.168
171.843 171.967 172.224
171.788 171.898 172.094
171.863 171.903 171.941
171.837 172.468 173.725
171.849 173.013 174.284
171.799 172.015 172.209
171.778 172.610 175.515
171.796 171.900 172.022
171.840 172.095 172.345
171.737 171.902 171.953
171.791 172.178 173.133
171.842 171.944 172.062
171.824 171.995 172.127
171.782 171.877 171.968
171.804 171.997 172.241
171.882 171.959 172.044
171.832 171.967 172.024
171.846 171.917 172.063
171.804 171.962 172.164
171.856 171.992 172.115
171.790 172.330 173.865
171.809 171.961 172.133
171.815 171.994 172.173
171.784 171.870 171.950
171.953 172.900 174.734
171.782 171.930 172.065
171.864 171.948 172.094
171.879 172.050 172.513
171.778 171.873 172.044
171.869 171.978 172.035
171.799 172.435 174.335
171.898 171.924 171.958
171.942 172.013 172.084
171.810 171.965 172.091
171.801 171.961 172.053
171.812 172.015 172.465
171.836 171.911 172.081
171.829 171.941 172.079
171.762 172.274 173.724
171.865 171.931 171.990
171.853 171.899 171.994
171.843 171.926 172.105
171.836 171.942 172.091
171.875 171.922 171.953
171.841 171.952 172.093
171.834 171.918 172.011
171.911 172.056 172.521
171.739 172.287 173.772
171.960 172.022 172.100
171.823 171.885 172.000
171.990 172.979 173.897
171.936 172.720 174.083
171.824 171.895 171.946
171.854 172.011 172.411
171.867 171.967 172.083
171.816 171.914 172.075
171.879 172.672 175.239
171.861 171.970 172.079
199.285 199.367 199.423
199.218 199.350 199.452
199.295 199.394 199.641
199.194 199.295 199.388
199.209 199.464 199.953
199.176 199.283 199.431
199.352 199.640 200.256
199.252 199.509 199.773
199.252 199.392 199.539
199.314 200.163 201.431
199.193 199.870 201.617
199.271 199.455 199.816
199.365 200.663 202.916
199.336 199.820 200.564
199.216 200.024 202.343
199.394 199.481 199.598
199.209 199.461 199.745
199.293 199.367 199.437
199.407 199.737 200.176
199.190 199.314 199.433
199.186 199.433 200.022
199.243 199.615 200.495
199.286 199.466 199.828
199.306 199.433 199.580
199.295 199.340 199.414
199.230 199.331 199.407
199.275 199.388 199.525
199.324 200.126 201.075
199.213 199.472 200.046
199.414 199.855 200.747
199.246 199.407 199.614
199.271 199.331 199.411
199.202 199.893 201.577
199.178 199.320 199.478
199.182 199.764 200.568
199.235 199.360 199.482
199.225 199.300 199.416
199.247 199.400 199.643
199.310 199.692 200.906
199.246 199.700 201.135
199.214 199.360 199.535
199.195 199.292 199.405
199.333 199.981 201.195
199.336 199.527 199.997
199.176 199.284 199.457
199.236 199.421 199.645
199.294 199.768 200.869
199.238 199.399 199.582
199.420 199.648 200.151
199.148 199.304 199.442
199.332 199.401 199.531
199.262 199.547 199.776
199.266 199.526 200.346
199.262 199.550 199.873
199.229 199.307 199.383
199.247 199.346 199.520
199.187 199.368 199.524
199.330 199.423 199.525
199.323 199.392 199.461
199.277 199.542 199.875
199.297 199.436 199.693
199.274 199.369 199.543
199.175 199.347 199.566
199.316 200.509 202.405
199.197 199.408 199.912
199.225 199.356 199.427
199.227 199.697 201.264
199.333 199.778 200.502
199.247 199.667 200.740
199.363 199.460 199.523
199.296 199.435 199.617
199.210 199.315 199.522
199.169 199.239 199.288
199.238 199.437 199.677
199.204 199.385 199.695
199.300 199.485 200.164
199.211 199.473 200.163
199.296 199.396 199.463
199.265 199.680 201.256
199.424 200.114 202.033
199.278 199.635 200.587
199.196 199.323 199.436
199.206 199.261 199.310
199.273 200.073 201.122
199.278 199.448 199.583
199.276 199.425 199.523
199.286 199.400 199.528
199.223 199.310 199.407
199.333 199.395 199.492
199.261 199.434 199.620
199.236 199.343 199.496
199.400 199.548 199.914
199.204 199.339 199.472
199.205 199.326 199.548
199.306 199.387 199.489
199.311 199.848 201.098
199.183 199.386 199.900
199.271 199.354 199.436
199.190 199.293 199.382
199.256 199.342 199.422
199.182 199.312 199.531
199.248 199.553 200.560
199.253 199.535 200.394
199.191 199.243 199.310
199.205 199.370 199.550
199.353 199.715 200.908
199.210 199.786 201.321
199.193 199.264 199.370
199.221 199.334 199.514
199.200 199.380 199.649
199.300 199.421 199.514
199.270 199.356 199.417
199.209 199.301 199.435
201.157 202.111 203.586
199.277 199.679 201.080
199.225 199.337 199.427
199.304 199.697 200.535
199.250 199.417 199.628
199.199 199.707 201.191
199.203 199.294 199.418
199.285 199.368 199.415
199.189 199.276 199.334
199.228 199.307 199.364
199.138 199.399 200.042
199.221 199.340 199.419
199.261 199.659 200.473
199.204 199.513 200.399
199.221 199.308 199.357
199.233 199.761 200.712
230.592 234.140 237.178
265.023 265.223 265.612
264.447 264.741 264.954
264.909 265.713 266.785
265.368 265.392 265.416
205.878 221.307 239.779
199.237 199.296 199.429
199.177 199.255 199.327
199.238 199.338 199.583
199.203 199.273 199.418
199.196 199.273 199.394
199.166 199.276 199.418
199.176 199.296 199.454
199.184 199.259 199.313
199.151 199.264 199.447
199.197 199.262 199.342
199.452 200.250 201.357
199.220 199.269 199.339
199.240 199.283 199.323
199.179 199.297 199.373
199.266 199.394 199.469
199.213 199.427 200.022
199.158 199.294 199.376
199.195 199.455 200.202
199.199 199.315 199.445
171.386 171.464 171.539
171.472 171.577 171.738
171.431 171.588 171.786
171.557 172.018 173.450
171.475 171.557 171.674
171.664 172.557 173.382
171.394 171.516 171.633
171.430 171.783 172.197
171.495 171.962 173.082
171.431 172.757 175.124
171.371 171.526 171.615
171.392 171.505 171.619
171.411 171.547 171.773
171.419 171.530 171.718
171.432 171.572 171.919
171.431 171.520 171.716
171.329 171.426 171.515
171.492 171.576 171.666
171.421 172.121 174.595
171.418 172.150 173.187
171.380 171.483 171.522
171.376 171.502 171.662
171.885 172.594 173.469
171.420 171.485 171.567
171.388 171.664 172.371
171.358 171.504 171.624
171.431 171.604 171.821
171.541 171.612 171.651
171.490 171.550 171.632
171.514 172.122 173.057
171.422 171.496 171.581
171.364 171.542 171.665
171.427 171.508 171.611
171.421 171.541 171.671
171.375 171.564 171.630
171.395 171.797 173.045
171.472 171.700 172.143
171.438 171.599 171.847
171.395 171.531 171.850
171.432 171.521 171.642
171.378 171.439 171.529
171.474 171.926 173.533
171.373 171.555 171.628
171.558 171.615 171.735
171.515 171.668 171.916
171.483 171.748 172.496
171.513 171.632 171.794
171.439 171.563 171.646
171.390 171.522 171.674
171.428 171.460 171.519
171.473 171.607 171.894
171.487 172.140 173.037
171.398 171.485 171.603
171.490 171.765 172.519
171.480 171.600 171.725
171.412 171.798 172.455
171.496 171.581 171.685
171.428 171.592 171.910
171.375 172.070 174.308
171.384 171.473 171.570
171.375 171.596 171.785
171.380 171.510 171.605
171.349 171.532 171.675
171.384 171.835 172.914
171.476 171.563 171.738
171.398 171.606 171.920
171.485 171.576 171.708
171.336 171.476 171.669
171.424 171.487 171.536
171.423 171.571 171.797
171.408 171.531 171.628
171.441 171.556 171.741
171.405 171.480 171.569
171.467 171.915 173.483
171.388 171.530 171.713
171.402 171.557 171.740
171.437 172.329 173.856
171.388 171.457 171.559
171.410 171.522 171.584
171.370 171.444 171.542
171.467 171.546 171.673
171.400 171.467 171.564
171.461 171.508 171.553
171.443 171.518 171.677
171.509 171.628 171.761
171.368 171.525 171.878
171.341 171.457 171.654
171.352 171.598 172.088
171.465 171.609 171.861
171.422 171.567 171.715
171.501 171.625 171.791
171.473 171.552 171.600
171.378 171.445 171.601
171.419 171.501 171.645
171.425 171.605 171.725
171.422 171.498 171.551
171.444 171.875 173.329
171.447 171.523 171.591
171.507 171.682 172.016
171.363 171.503 171.607
171.427 171.514 171.632
171.400 171.787 173.070
171.413 171.532 171.670
171.504 171.603 171.700
171.492 171.641 172.085
171.806 171.906 172.035
171.779 171.889 172.065
171.934 172.067 172.258
171.772 172.923 173.823
171.817 172.130 172.701
171.770 171.946 172.188
171.812 172.495 174.758
171.790 172.092 172.919
171.835 172.616 175.045
171.874 172.008 172.150
171.924 172.007 172.099
171.826 171.919 171.997
171.818 171.901 172.039
171.782 172.075 172.438
171.778 171.873 171.945
171.857 171.897 171.979
171.873 171.982 172.081
171.870 172.132 172.560
171.872 172.334 173.685
171.863 172.008 172.142
171.977 172.129 172.423
171.925 172.049 172.243
171.847 172.115 172.640
171.854 173.080 177.369
171.855 172.286 173.095
171.867 172.208 173.280
171.758 171.950 172.102
171.834 172.108 172.878
171.914 172.019 172.143
171.823 171.946 172.019
171.943 172.064 172.262
171.959 172.060 172.240
171.773 172.339 174.256
171.773 171.891 172.120
171.796 171.985 172.285
171.806 171.920 172.241
171.953 172.836 173.631
171.796 171.876 171.932
171.846 171.934 172.135
171.908 171.999 172.126
171.769 172.350 174.248
171.801 172.286 173.818
171.804 171.935 172.120
171.786 171.948 172.055
171.920 172.024 172.104
171.882 172.227 173.087
171.785 171.923 172.023
171.797 171.905 171.989
171.799 171.906 172.065
171.843 171.937 172.057
171.813 171.951 172.094
171.822 171.940 172.131
171.787 171.910 172.032
171.976 172.641 173.161
171.852 171.925 172.010
171.830 171.983 172.168
171.792 171.900 171.998
172.022 172.139 172.329
171.823 171.883 172.060
171.879 171.948 172.100
171.886 171.992 172.213
171.789 171.897 172.046
171.818 171.921 171.992
171.804 171.859 171.894
171.866 171.938 172.000
171.775 171.861 172.004
171.844 171.907 172.014
171.820 171.935 172.088
171.831 171.952 172.102
171.779 171.879 172.009
171.815 171.961 172.146
171.789 172.025 172.221
171.905 172.625 173.785
171.797 171.981 172.233
171.918 173.383 175.400
171.824 172.680 175.326
171.797 171.862 171.985
171.793 171.835 171.918
171.776 171.850 171.945
171.783 171.943 172.048
171.814 171.864 171.919
171.885 171.943 172.000
171.774 171.926 172.037
171.816 171.935 172.007
171.847 171.892 171.951
171.795 171.909 172.137
171.764 171.790 171.849
171.791 171.898 172.056
171.783 171.885 172.025
171.803 171.903 172.048
171.903 171.958 172.027
171.860 171.927 171.990
171.824 171.907 171.998
171.775 171.803 171.828
171.773 171.837 171.989
171.730 171.825 171.922
171.766 171.864 171.954
171.809 171.909 172.055
171.823 171.904 171.976
171.762 171.808 171.882
171.742 171.810 171.857
171.807 172.095 172.592
171.779 171.887 171.947
171.789 172.092 173.117
171.749 171.853 172.027
171.789 171.889 171.932
171.785 171.937 172.104
171.775 171.858 171.947
171.819 172.598 174.908
171.815 172.809 174.744
171.789 171.877 171.968
171.818 171.845 171.874
171.764 172.289 174.067
171.759 171.880 172.053
171.780 171.887 171.955
171.812 171.867 171.955
171.748 171.856 171.999
172.324 173.150 173.813
171.766 171.833 171.959
171.739 171.789 171.845
171.746 171.809 171.917
171.849 172.505 173.600
171.753 171.782 171.822
171.771 171.854 172.008
171.791 171.839 171.907
171.779 171.850 171.965
171.745 171.840 171.955
171.759 171.801 171.851
171.737 171.820 171.979
171.787 171.883 171.979
171.751 171.903 172.086
171.768 171.839 171.930
171.793 171.831 171.899
171.754 171.837 171.898
171.785 171.967 172.498
171.751 172.356 174.191
171.748 172.071 172.960
171.788 172.685 176.124
171.808 171.865 171.917
171.779 172.152 173.413
171.835 171.886 172.040
171.742 171.956 172.380
171.741 171.900 172.379
171.824 171.880 171.956
171.795 171.872 172.088
171.757 171.796 171.829
171.775 171.813 171.841
171.778 171.864 171.950
171.790 172.238 173.787
171.820 171.893 172.005
172.443 173.341 173.758
171.763 172.226 173.747
171.717 171.829 171.964
171.776 171.919 172.116
171.794 172.770 173.669
171.764 171.798 171.819
171.791 171.854 172.034
171.744 171.788 171.846
172.278 173.716 175.768
171.768 171.863 172.034
171.764 171.946 172.480
171.768 171.866 172.099
171.772 171.906 171.974
171.731 171.799 171.968
171.789 171.902 172.052
171.766 172.032 172.883
171.817 171.861 171.939
171.757 172.888 173.795
171.814 172.020 172.813
171.786 171.808 171.866
171.823 171.903 171.975
171.854 172.464 174.607
171.768 171.860 172.031
171.767 171.809 171.872
171.805 171.914 172.063
171.768 171.845 171.974
171.791 171.811 171.848
171.752 171.824 171.911
171.770 171.837 171.924
171.745 171.807 171.857
171.734 171.946 172.625
171.745 171.840 171.947
171.753 172.086 173.306
171.747 171.826 172.062
171.751 171.845 172.009
171.742 171.781 171.803
171.756 171.990 172.814
171.731 171.791 171.937
171.737 171.778 171.869
171.756 172.004 172.790
171.746 171.798 171.846
171.776 171.839 171.925
171.722 171.826 171.947
171.743 171.830 171.930
171.749 171.815 171.916
171.760 171.832 171.943
171.732 171.809 171.889
171.748 172.363 174.691
171.768 172.193 173.498
171.744 171.807 171.867
171.719 171.847 171.920
171.734 171.914 172.284
171.771 171.839 171.956
171.736 171.844 171.981
171.777 171.842 171.889
171.810 172.182 173.550
171.728 171.761 171.794
171.768 171.830 172.011
171.739 172.079 172.992
171.784 171.865 171.966
171.746 172.133 173.429
171.745 171.822 171.970
171.762 171.972 172.560
171.744 171.831 171.969
171.754 171.847 171.980
171.756 171.835 172.049
171.760 171.887 172.076
172.019 172.999 173.762
171.764 171.836 171.906
171.718 172.039 173.098
171.758 171.855 171.993
171.834 171.846 171.858
171.742 171.839 172.140
171.762 171.838 171.896
171.734 171.761 171.807
171.817 172.112 173.146
171.732 171.830 171.912
171.751 171.809 171.925
171.775 172.056 172.814
171.751 171.826 171.902
171.749 172.129 173.388
171.733 171.847 171.972
171.714 171.821 171.972
171.755 172.091 173.237
171.753 171.782 171.834
171.781 172.151 173.606
171.694 171.930 172.624
171.825 172.079 172.518
171.745 171.966 172.602
171.739 171.797 171.824
171.748 171.811 171.903
171.742 172.460 174.077
171.726 171.765 171.848
171.732 171.758 171.784
171.767 171.840 171.920
171.779 171.818 171.876
171.756 171.796 171.888
171.708 171.785 171.870
171.777 171.814 171.868
171.739 171.847 171.947
171.707 171.793 171.901
171.727 171.804 171.936
171.791 171.871 171.988
171.746 171.853 171.942
171.759 171.800 171.892
171.784 172.246 173.875
171.753 171.942 172.573
171.761 171.823 171.990
171.840 171.895 172.000
171.810 171.920 172.172
171.757 171.832 171.934
171.786 171.839 171.978
171.773 171.816 171.890
171.765 171.873 172.025
171.714 171.884 172.051
171.788 171.817 171.850
171.759 171.796 171.834
171.727 172.205 173.807
171.723 171.804 171.863
171.783 171.830 171.940
171.764 171.998 172.829
171.779 171.966 172.540
171.761 171.835 171.938
171.773 171.813 171.860
171.777 172.098 173.088
171.745 171.818 171.895
171.794 171.905 172.085
171.755 171.815 171.871
171.755 171.793 171.875
171.766 171.797 171.853
171.767 171.827 171.926
171.774 171.843 171.897
171.774 171.857 171.916
171.760 172.098 173.255
171.755 171.836 171.937
171.915 172.536 173.659
171.752 171.811 171.882
171.791 171.876 171.961
171.766 171.851 172.014
171.760 172.172 173.557
171.731 171.828 171.926
171.725 171.827 171.966
171.819 171.841 171.865
171.833 171.922 172.089
171.752 171.877 172.044
171.767 171.819 171.908
171.782 171.825 171.884
171.770 172.178 173.551
171.763 173.280 175.327
171.815 171.872 171.971
171.751 171.843 171.965
171.716 171.786 171.890
171.738 171.853 171.933
171.756 171.906 172.238
171.757 171.820 171.857
171.794 172.258 174.028
171.768 173.145 175.561
171.762 171.797 171.822
171.785 171.811 171.833
171.746 171.842 172.111
171.754 171.835 171.871
171.773 171.888 171.972
171.775 171.865 171.922
171.797 171.847 171.875
171.724 172.331 173.107
171.755 171.809 171.844
171.775 171.893 172.042
171.763 172.280 173.864
171.743 171.854 172.063
171.789 172.326 173.456
171.754 172.881 173.820
171.898 173.702 175.635
171.784 171.835 171.887
171.878 172.207 173.447
171.752 171.902 172.025
171.818 171.913 172.071
171.863 172.027 172.440
171.785 171.901 171.989
171.812 171.847 171.899
171.747 171.852 171.938
171.826 171.907 171.970
171.765 171.813 171.872
171.779 171.836 171.889
171.736 171.785 171.832
171.719 171.795 171.961
171.765 172.141 173.343
171.807 172.273 174.007
171.730 171.801 171.892
171.801 171.847 171.933
171.760 172.784 174.808
171.763 171.919 172.073
171.798 171.898 172.122
171.756 171.832 171.907
171.782 172.094 172.746
171.824 171.871 171.942
171.771 171.853 171.903
171.778 171.808 171.844
171.741 171.858 172.102
171.779 172.359 173.523
171.775 171.930 172.129
171.748 171.831 171.937
171.765 171.842 171.996
171.786 171.863 172.002
172.632 173.100 174.039
171.767 171.897 172.052
171.815 171.904 172.039
171.814 171.909 172.142
171.834 172.264 173.809
171.806 171.906 171.977
171.784 171.925 172.047
171.756 171.842 171.984
171.730 171.859 172.003
171.828 171.927 172.083
171.816 171.842 171.885
171.798 171.888 172.039
171.741 171.789 171.874
171.749 171.861 172.023
171.941 172.493 173.806
171.862 172.491 173.611
171.801 171.933 172.201
171.784 171.863 171.970
171.776 171.904 172.078
171.814 171.936 172.040
171.826 171.879 171.961
171.811 171.894 171.961
171.850 171.951 172.051
171.831 171.883 171.972
171.783 171.842 171.918
171.761 171.837 171.933
171.796 171.927 172.034
171.761 171.943 172.067
171.766 172.231 173.804
171.742 171.796 171.883
171.775 171.830 171.895
171.950 172.980 173.745
171.744 171.829 171.968
171.753 171.831 171.869
171.742 171.818 171.933
171.780 172.091 172.850
171.783 171.863 171.976
171.756 172.478 175.092
171.756 171.839 171.956
171.757 171.872 172.028
171.796 171.852 171.939
171.772 171.894 171.994
171.783 171.826 171.910
171.768 171.875 171.935
171.770 171.866 171.956
171.801 172.337 173.938
171.784 171.847 171.925
171.756 172.295 173.878
171.794 171.909 171.960
171.750 171.897 171.991
171.800 171.873 171.959
171.776 171.850 171.944
171.762 171.933 172.061
171.750 171.863 172.043
171.759 171.864 171.943
171.820 171.856 171.893
171.783 171.949 172.134
171.783 171.897 172.091
255.046 255.974 256.889
255.056 255.637 256.806
254.768 254.868 254.969
252.896 253.503 253.811
252.352 253.774 254.239
252.675 253.506 254.665
253.735 254.831 256.480
253.236 253.988 255.160
252.121 253.715 255.156
253.321 253.710 254.282
252.437 253.377 254.757
252.712 253.520 254.361
252.470 253.474 254.411
252.538 253.149 254.075
252.337 253.352 254.781
252.562 253.605 254.429
252.288 252.921 253.372
252.555 253.529 254.219
251.806 252.640 253.573
251.958 252.928 254.259
252.477 253.312 254.279
253.216 253.527 253.891
251.809 252.161 252.513
252.070 252.668 253.827
251.393 252.427 253.330
250.316 251.074 251.976
251.219 251.791 252.406
251.424 251.569 251.819
249.870 251.153 251.726
251.171 251.798 252.434
250.958 252.894 256.650
250.431 251.488 253.209
251.805 252.354 253.874
250.922 251.555 252.601
250.911 251.599 252.320
251.671 252.461 253.176
251.034 251.553 252.580
251.194 252.355 252.897
250.907 251.421 251.829
250.019 250.673 251.425
249.939 250.797 251.512
250.633 251.459 252.320
250.861 251.474 252.161
250.755 253.359 256.121
250.656 250.957 251.464
250.040 251.076 251.564
249.889 250.961 251.541
249.643 250.358 251.039
249.977 250.404 250.765
249.015 250.104 251.101
250.055 251.631 254.509
250.629 251.427 252.585
249.266 249.900 250.368
251.445 252.149 253.360
250.536 251.261 251.993
249.995 250.656 251.373
251.000 251.319 251.661
250.533 251.038 251.699
249.576 250.643 252.669
250.581 251.140 252.709
250.419 251.239 251.851
249.860 250.661 251.253
250.077 250.790 251.716
249.444 250.207 250.722
250.386 250.818 251.386
249.622 251.141 253.317
250.583 250.887 251.237
250.255 250.741 251.385
249.362 250.413 251.699
249.140 250.517 251.490
251.141 251.283 251.466
250.201 250.495 250.878
249.848 250.918 251.799
249.333 249.794 250.069
249.086 250.734 252.636
249.529 250.481 251.314
249.542 251.151 253.540
248.797 250.173 251.599
250.298 250.701 251.363
250.347 250.633 251.188
249.876 250.339 250.599
250.380 251.122 252.640
249.498 249.920 250.563
249.003 249.953 250.609
249.756 250.314 251.134
249.476 249.793 250.236
249.899 250.509 250.852
250.161 250.419 250.668
248.530 249.767 250.636
248.270 249.386 249.853
248.649 249.453 250.486
250.289 250.670 251.188
250.038 250.407 250.851
249.400 249.987 250.511
171.944 172.430 174.120
171.781 171.884 172.075
171.824 172.053 172.770
171.856 172.088 172.663
171.877 172.019 172.134
171.820 171.957 172.015
251.350 251.796 252.093
250.362 251.052 251.546
249.595 250.434 251.360
249.775 250.272 251.011
249.006 249.986 250.818
249.981 250.530 251.212
249.460 250.224 250.894
249.866 250.653 251.703
248.403 250.137 252.124
248.640 249.330 249.732
249.504 250.379 251.607
248.940 249.865 251.874
248.939 249.762 251.332
248.777 249.713 250.266
248.165 250.176 251.500
249.154 250.923 253.522
171.842 171.915 172.001
171.796 171.817 171.829
171.827 171.950 172.024
171.865 172.068 172.424
171.791 171.844 171.893
171.806 171.874 171.934
171.957 172.623 173.804
171.960 172.021 172.093
171.820 171.915 172.043
171.904 171.980 172.100
171.944 171.964 172.027
171.793 172.119 172.781
171.818 171.968 172.200
171.880 171.952 172.044
171.783 171.917 172.047
171.803 171.886 171.951
171.812 171.903 172.012
171.828 171.894 172.075
171.857 171.915 171.980
171.829 171.928 172.167
171.801 171.923 172.110
171.823 171.898 172.054
171.864 171.934 172.073
171.736 171.879 171.981
171.863 171.887 171.956
171.798 171.896 171.986
171.805 171.940 172.056
171.832 172.081 172.762
171.881 171.986 172.059
171.892 172.003 172.326
171.862 171.940 172.045
171.847 171.947 172.189
171.842 171.925 172.062
171.788 171.900 172.078
171.870 171.906 171.953
171.873 171.948 172.088
171.830 171.939 172.081
171.835 171.868 171.907
171.817 171.943 172.074
171.971 172.736 173.767
171.846 171.908 171.991
171.865 171.948 172.028
171.797 171.969 172.212
171.840 171.970 172.134
171.810 172.257 173.867
171.846 171.915 171.955
171.855 172.287 173.649
171.815 171.889 172.039
171.830 171.924 172.086
171.874 171.977 172.148
171.860 171.970 172.086
171.901 171.962 171.998
171.811 171.945 172.075
171.906 171.993 172.068
171.759 171.831 171.898
171.816 171.893 172.128
171.929 172.004 172.053
171.781 171.978 172.193
171.781 172.388 173.267
171.841 171.885 171.932
171.855 172.019 172.537
171.894 172.930 175.052
171.835 171.947 172.115
171.944 173.416 175.646
171.871 172.071 172.568
171.787 171.926 172.091
171.828 171.901 171.980
171.773 171.887 172.028
171.850 171.919 171.980
171.837 171.931 172.068
171.826 171.959 172.076
171.854 171.932 172.052
171.842 171.911 171.986
171.829 172.025 172.312
171.810 172.027 172.658
171.776 171.875 172.010
171.796 172.116 172.806
171.885 172.332 173.859
171.800 172.055 172.825
171.865 172.060 172.614
171.827 171.913 172.034
171.757 171.940 172.071
171.793 171.932 172.071
171.925 171.962 172.067
171.888 171.971 172.038
171.795 171.861 171.962
171.817 172.119 172.890
171.776 171.943 172.114
171.813 171.890 171.932
171.858 171.913 171.994
171.827 171.880 171.927
171.813 171.896 171.980
171.792 171.906 172.084
171.834 172.198 173.554
171.814 171.980 172.197
171.828 171.979 172.322
171.811 172.521 175.040
171.930 172.043 172.245
171.838 171.882 171.917
171.823 171.956 172.051
171.762 171.900 172.071
171.900 171.977 172.150
171.876 172.137 172.966
171.780 171.864 171.960
171.810 171.946 172.261
171.919 172.000 172.108
171.838 171.916 172.030
171.842 171.879 171.906
171.804 171.902 172.002
171.766 171.905 172.084
171.802 171.844 171.908
171.798 172.698 175.916
171.835 171.930 172.060
171.809 171.989 172.333
171.775 172.050 172.787
171.814 171.884 171.985
171.768 171.830 171.947
171.767 171.894 172.071
171.844 171.908 171.965
171.969 172.112 172.579
171.813 171.923 172.150
171.919 171.971 172.085
171.853 171.905 171.967
171.854 171.935 171.992
171.849 171.909 171.989
171.858 171.924 172.068
171.940 172.591 172.983
171.867 171.997 172.143
171.897 173.226 175.682
171.807 171.915 172.063
171.840 171.943 172.133
171.816 171.871 171.949
171.793 171.854 171.935
171.831 171.872 171.923
171.837 171.958 172.256
171.787 171.947 172.026
171.795 171.954 172.359
171.781 171.895 171.981
171.755 172.218 173.857
171.906 171.966 171.995
171.823 171.877 171.912
171.772 171.878 172.101
171.847 171.976 172.098
171.763 171.940 172.050
171.901 171.937 171.978
171.782 171.819 171.868
171.856 171.890 171.932
171.753 171.865 172.032
171.850 171.990 172.156
171.847 171.925 172.026
171.806 171.880 171.972
171.819 171.851 171.907
171.785 171.923 172.159
171.850 171.923 172.031
171.793 172.073 172.886
171.861 171.932 172.028
171.800 171.942 172.070
171.819 172.338 173.833
171.911 172.605 174.085
171.859 172.235 173.519
171.901 172.115 172.223
171.826 171.885 171.924
171.813 171.842 171.927
171.813 171.924 171.977
171.818 172.100 172.854
171.798 171.916 172.083
171.746 171.826 171.893
171.861 171.900 171.964
171.803 171.905 172.063
171.840 171.910 172.072
171.866 171.941 172.093
171.950 172.058 172.211
172.403 173.207 173.790
171.759 172.461 173.577
171.786 171.893 172.074
171.809 171.896 172.017
173.093 174.093 175.686
171.813 172.169 172.890
171.815 172.510 174.825
171.911 172.023 172.351
171.791 172.252 173.636
171.774 171.894 172.091
171.827 171.921 172.078
171.812 171.892 171.957
171.815 171.883 172.058
171.866 171.893 171.919
171.870 171.922 171.997
171.776 171.939 172.081
172.065 172.201 172.525
171.965 173.144 173.917
171.836 171.902 172.008
171.827 171.885 171.940
171.879 172.358 173.997
171.805 172.668 173.756
171.775 171.926 172.107
171.800 172.004 172.255
171.804 171.836 171.875
171.806 172.163 173.064
171.843 171.902 171.995
171.775 171.948 172.085
171.871 171.965 172.086
171.827 171.901 171.999
171.811 171.887 172.039
171.779 171.963 172.192
171.807 172.165 172.869
171.803 171.898 172.111
171.807 171.935 172.090
171.905 171.978 172.020
171.796 171.976 172.139
171.797 172.337 173.817
171.833 171.941 171.998
171.847 171.965 172.077
171.872 171.988 172.135
171.847 171.956 172.133
171.946 172.013 172.073
171.896 172.020 172.108
171.843 171.926 172.049
171.824 171.892 172.062
171.902 171.986 172.167
171.916 172.100 172.441
171.894 172.002 172.071
171.827 171.936 172.046
171.839 171.906 172.032
171.761 171.896 172.037
171.838 172.187 173.260
171.811 171.896 172.017
171.785 171.881 172.023
171.839 171.929 172.063
171.955 172.024 172.092
171.792 172.042 172.397
171.922 172.272 173.181
171.874 171.959 172.037
171.895 172.014 172.144
171.840 171.917 172.009
171.775 171.899 172.035
171.860 171.966 172.146
171.822 171.903 172.007
171.907 172.025 172.136
171.844 172.017 172.135
171.896 171.947 172.012
171.776 171.888 172.067
171.841 173.234 173.907
171.888 172.422 173.814
171.821 171.970 172.094
171.794 171.943 172.079
171.869 172.004 172.144
171.905 172.279 173.533
171.849 171.917 172.083
171.830 171.886 171.926
171.799 171.911 172.013
171.964 172.291 173.308
171.911 171.992 172.132
171.799 172.207 173.244
171.862 171.939 172.138
171.866 171.929 172.064
171.811 171.926 172.092
171.828 171.940 172.053
171.809 172.514 174.667
171.900 171.995 172.201
171.879 172.006 172.319
171.799 171.976 172.056
171.775 171.861 171.988
171.897 171.988 172.077
171.933 172.101 172.305
171.836 171.929 172.047
171.872 171.968 172.088
171.834 172.075 172.730
171.895 171.997 172.085
171.904 172.027 172.142
171.859 171.981 172.112
171.899 172.520 174.009
171.787 171.957 172.101
171.851 172.001 172.066
171.860 171.941 172.061
171.811 171.910 172.054
171.914 172.003 172.104
171.963 172.224 172.959
171.875 171.959 172.092
171.884 172.556 174.219
171.765 171.902 172.078
171.856 171.926 172.058
171.914 171.974 172.006
171.866 171.970 172.230
171.818 171.860 171.900
171.814 171.924 172.042
171.907 172.031 172.174
171.789 172.397 174.003
171.806 171.936 172.057
171.869 171.989 172.091
171.891 172.095 172.698
171.856 171.975 172.110
171.856 171.935 172.041
171.890 172.342 173.712
171.794 172.094 172.691
171.782 171.903 171.987
171.847 171.961 172.076
171.916 172.009 172.091
171.852 171.948 172.068
171.891 172.291 173.458
171.840 171.925 172.056
171.826 171.935 172.080
171.891 171.986 172.140
171.751 172.042 172.511
171.839 171.896 172.018
171.883 172.021 172.234
171.907 172.051 172.175
171.794 171.890 172.042
171.893 171.981 172.128
171.893 172.797 173.964
171.946 172.032 172.117
171.805 171.872 171.939
171.855 171.888 171.910
171.770 171.889 172.005
171.902 172.202 172.919
171.851 171.949 172.081
171.878 172.041 172.205
171.836 171.897 171.965
171.924 172.219 173.247
171.818 171.925 172.072
171.823 171.895 171.932
171.985 172.074 172.163
171.818 172.033 172.241
171.910 173.219 174.048
171.798 172.056 172.354
171.861 172.100 172.677
171.847 171.979 172.272
172.158 172.581 173.265
171.783 172.780 175.959
171.840 171.951 172.154
171.862 171.948 172.098
171.868 171.902 171.935
171.810 171.944 172.057
171.863 171.987 172.219
171.821 171.919 172.097
171.821 171.889 171.977
171.799 172.113 173.146
171.892 171.999 172.165
171.925 172.017 172.171
171.964 171.984 172.004
171.897 171.940 172.009
171.831 171.936 172.210
171.754 172.275 173.864
171.995 172.622 174.461
171.921 171.984 172.035
171.779 171.882 171.986
171.813 171.905 172.118
171.914 172.585 174.003
171.912 172.118 172.585
171.866 172.950 175.408
171.859 171.973 172.061
171.859 172.257 173.748
171.832 171.965 172.187
171.906 172.023 172.297
171.839 172.197 173.163
171.923 171.963 172.048
171.917 171.964 172.061
171.379 171.522 171.651
171.407 171.600 171.799
171.463 171.826 172.995
171.382 171.503 171.620
171.409 171.559 171.849
171.422 171.597 171.788
171.375 171.502 171.635
171.499 171.557 171.628
171.397 171.838 173.255
171.396 171.483 171.650
171.369 171.485 171.762
171.486 171.577 171.684
171.403 171.488 171.610
171.387 172.275 175.213
171.407 171.500 171.551
171.493 171.540 171.613
171.418 171.491 171.645
171.393 171.583 171.796
171.391 171.455 171.498
171.404 171.458 171.541
171.466 171.676 172.212
171.382 171.596 171.821
171.407 171.923 173.452
171.457 171.538 171.585
171.456 171.581 171.709
171.400 171.971 174.027
171.562 171.630 171.708
171.440 171.531 171.629
171.386 171.500 171.574
171.455 171.598 171.925
171.379 171.489 171.626
171.406 171.516 171.645
171.386 171.469 171.586
171.660 172.249 173.406
171.508 171.548 171.634
171.390 171.591 172.073
171.406 171.664 172.265
171.416 171.569 171.651
171.345 171.527 171.670
171.468 171.617 171.759
171.468 171.539 171.678
171.436 171.806 173.143
171.433 171.523 171.568
171.476 171.593 171.712
171.370 171.454 171.622
171.401 171.498 171.666
171.421 171.532 171.598
171.329 171.445 171.565
171.352 171.529 171.644
171.442 171.520 171.578
171.446 171.550 171.674
171.478 171.903 173.248
171.384 171.519 171.709
171.382 171.458 171.537
171.448 171.549 171.744
171.383 171.606 171.947
171.388 171.529 171.677
171.436 171.557 171.822
171.357 171.432 171.483
171.424 171.515 171.678
171.342 171.506 171.650
171.437 171.484 171.534
171.376 171.460 171.512
171.374 171.703 172.625
171.336 171.378 171.472
171.387 171.569 171.738
171.367 171.471 171.577
171.422 171.533 171.606
171.334 171.454 171.617
171.720 171.800 171.873
171.745 171.837 171.916
171.748 171.822 171.940
171.694 172.154 173.486
171.732 172.047 172.632
171.767 171.836 171.927
171.724 171.804 171.902
171.662 172.269 174.512
171.700 171.792 171.868
171.698 171.794 171.897
171.774 171.905 172.125
171.739 171.879 171.998
171.723 171.770 171.823
171.756 171.855 171.902
171.908 172.433 173.070
171.729 171.822 171.991
171.719 171.932 172.126
171.750 171.871 171.988
171.703 173.087 174.513
171.693 171.768 171.851
171.702 171.810 171.884
171.688 171.796 171.919
171.717 172.871 174.766
171.650 171.995 172.669
171.674 171.785 171.866
171.764 171.834 171.884
171.687 171.722 171.755
171.759 171.904 172.071
171.705 172.464 175.236
171.688 171.859 172.126
171.715 171.798 171.912
171.703 171.791 171.908
171.729 171.779 171.823
171.681 171.800 171.924
171.740 171.773 171.870
171.742 171.848 171.947
171.712 171.958 172.466
171.675 171.924 172.735
171.691 171.787 171.860
171.681 171.757 171.887
171.711 171.819 171.895
171.689 171.822 171.939
171.684 171.763 171.844
171.732 171.862 172.022
171.701 171.743 171.796
171.702 171.886 172.098
171.800 171.861 171.926
171.735 171.866 171.974
171.726 171.844 172.033
171.785 171.802 171.817
171.679 171.912 172.270
171.683 171.971 172.285
171.753 171.846 171.951
171.706 172.047 172.949
171.700 172.255 174.114
171.681 171.796 171.955
171.674 171.770 171.888
171.661 171.712 171.749
171.665 171.802 172.145
171.672 171.714 171.752
171.700 171.762 171.910
171.678 171.847 172.017
171.664 171.694 171.714
171.689 171.799 171.894
171.673 171.723 171.822
171.704 171.732 171.794
171.717 171.748 171.775
171.701 171.706 171.713
171.671 172.572 173.851
171.724 171.773 171.850
171.702 171.772 172.004
171.722 171.932 172.687
171.667 171.693 171.754
171.666 171.706 171.732
171.678 171.722 171.765
171.692 171.758 171.830
171.660 171.766 171.888
171.717 171.767 171.821
171.685 171.750 171.828
171.692 172.025 173.258
171.666 171.742 171.805
171.643 172.510 174.416
171.661 171.718 171.784
171.647 171.715 171.795
171.667 171.741 171.823
171.717 171.760 171.812
171.685 171.725 171.761
171.678 171.714 171.768
171.673 171.764 171.968
171.700 171.759 171.828
171.643 171.929 172.587
171.662 171.815 172.247
171.715 171.750 171.803
171.648 171.846 172.489
171.650 172.123 173.674
171.712 171.762 171.826
171.636 171.712 171.812
171.675 171.717 171.765
171.639 171.714 171.806
171.673 171.754 171.837
171.672 172.019 173.194
171.668 171.701 171.761
171.682 172.148 173.482
171.665 171.784 172.133
171.691 171.711 171.750
171.695 172.067 173.528
171.673 171.757 171.849
171.663 171.730 171.846
171.649 171.721 171.834
171.692 171.754 171.809
171.653 171.863 172.502
171.684 171.744 171.844
171.711 171.788 171.929
171.716 171.738 171.754
171.694 171.760 171.856
171.666 172.049 172.546
171.759 172.014 172.657
171.682 172.113 173.697
171.673 171.750 171.942
171.695 171.741 171.772
171.676 171.693 171.723
171.668 171.708 171.785
171.691 172.103 173.130
171.655 171.717 171.809
171.696 172.129 173.688
171.638 171.692 171.735
171.678 171.722 171.757
171.731 171.790 171.887
171.659 171.701 171.748
171.666 171.740 171.917
171.676 171.776 171.962
171.660 171.689 171.755
171.661 171.698 171.737
171.667 171.873 172.569
171.742 171.764 171.777
171.680 171.706 171.734
171.654 171.709 171.764
171.695 171.725 171.776
171.672 171.752 171.862
171.692 171.747 171.819
171.701 171.823 172.024
171.693 171.727 171.750
171.712 171.763 171.817
171.662 171.683 171.695
171.725 171.817 171.957
171.649 171.752 171.859
171.733 171.875 172.306
171.667 171.751 171.879
171.664 172.130 173.030
171.691 171.769 171.855
171.662 171.754 171.857
171.689 171.878 172.172
171.755 173.061 174.140
171.736 171.799 171.882
171.701 171.772 171.938
171.727 171.883 172.452
171.679 172.124 173.471
171.650 171.777 171.866
171.703 171.830 171.923
171.656 171.744 171.874
171.689 171.809 171.857
171.667 171.938 172.674
171.703 171.743 171.865
171.649 171.728 171.811
171.694 171.741 171.787
171.653 171.714 171.775
171.692 171.749 171.840
171.670 172.065 173.372
171.655 171.750 171.871
171.686 171.750 171.903
171.719 171.790 171.831
171.687 172.202 172.952
171.714 171.780 171.858
171.663 171.900 172.614
171.703 171.789 171.904
171.713 171.883 172.315
171.695 171.779 171.893
171.682 171.717 171.781
171.661 171.697 171.745
171.692 171.855 172.334
171.700 171.811 172.016
171.664 171.716 171.803
171.718 171.758 171.818
171.652 172.075 173.550
171.663 171.741 171.778
171.643 171.942 172.606
171.686 171.736 171.867
171.671 171.779 171.919
171.640 171.718 171.746
171.725 171.753 171.820
171.779 172.158 173.055
171.715 171.790 171.838
171.712 171.738 171.782
171.648 171.760 171.836
171.699 171.806 171.942
171.713 171.748 171.805
171.667 171.757 171.893
171.670 171.748 171.833
171.685 171.743 171.844
171.715 171.735 171.760
171.705 171.895 172.109
171.710 171.773 171.817
171.675 171.737 171.823
171.646 172.153 173.823
171.646 171.717 171.880
171.667 171.714 171.761
171.703 171.794 171.893
171.615 171.874 172.685
171.697 171.761 171.936
171.718 172.000 172.975
171.695 172.335 173.404
171.674 171.784 171.874
171.709 172.086 173.230
171.709 172.247 174.082
171.796 172.736 174.521
171.700 171.759 171.842
171.693 171.786 171.869
171.655 171.761 171.841
171.693 171.811 171.982
171.711 171.857 171.956
171.682 171.731 171.768
171.691 171.788 171.892
171.685 171.735 171.797
171.720 171.767 171.845
171.718 171.827 172.077
171.703 171.765 171.833
171.703 171.720 171.736
171.684 171.808 171.903
171.797 172.040 172.548
171.706 171.720 171.731
171.678 171.717 171.759
171.689 171.797 171.872
171.662 171.747 171.794
171.714 172.143 172.662
171.706 171.759 171.851
171.690 172.042 173.183
171.669 171.691 171.742
171.688 171.812 172.023
171.676 171.804 172.116
171.762 171.855 171.931
171.722 171.774 171.870
171.691 171.722 171.782
171.713 171.792 171.953
171.735 171.801 171.853
171.690 171.770 171.926
171.695 171.755 171.842
171.695 171.825 171.974
171.670 171.709 171.759
171.758 171.820 171.899
171.759 172.233 173.111
171.703 171.842 171.976
171.724 171.812 171.997
171.731 171.853 171.962
171.670 171.744 171.807
171.728 171.756 171.781
171.657 171.783 171.873
171.745 171.872 171.956
171.707 172.091 173.360
171.715 171.760 171.823
171.688 171.777 171.870
171.752 171.812 171.881
171.727 171.774 171.832
171.695 172.031 173.020
171.736 171.829 171.911
171.694 171.828 172.156
171.713 171.808 172.028
171.680 171.729 171.779
171.658 171.855 172.550
171.847 171.886 171.962
171.691 171.801 171.887
171.672 172.001 172.602
171.752 171.877 171.987
171.706 171.740 171.763
171.809 171.926 172.226
171.713 171.826 171.979
171.737 171.845 171.972
171.704 171.880 172.151
171.709 171.775 171.841
171.753 172.040 172.913
171.716 171.829 171.924
171.784 171.823 171.868
171.726 171.846 172.014
171.822 171.867 171.931
171.740 171.889 172.224
171.702 171.834 171.939
171.765 171.834 171.921
171.735 172.018 172.768
171.776 171.843 171.968
171.717 171.782 171.839
171.769 172.279 173.917
171.755 171.837 171.918
171.735 172.304 173.992
171.760 171.836 171.920
171.736 172.053 172.839
172.147 172.191 172.245
172.196 172.923 174.375
172.188 172.305 172.425
172.188 172.275 172.337
172.321 173.032 173.933
172.281 172.393 172.582
172.239 172.740 174.492
172.192 172.261 172.314
172.258 172.788 174.120
172.185 172.400 172.747
172.210 172.471 173.102
200.002 200.062 200.129
200.034 200.113 200.341
200.053 200.458 201.118
199.986 200.122 200.233
199.988 200.126 200.297
200.012 200.212 200.532
199.996 200.054 200.158
200.039 200.088 200.178
200.035 200.106 200.153
199.990 200.324 201.524
200.048 200.463 201.932
200.053 200.204 200.313
200.012 200.185 200.400
200.004 200.361 201.492
200.080 201.116 202.718
199.995 200.096 200.228
199.992 200.092 200.161
200.144 200.174 200.240
200.068 200.578 202.369
200.032 200.335 200.575
199.982 200.077 200.145
199.977 200.060 200.190
200.044 200.200 200.355
200.011 200.076 200.132
200.041 200.179 200.317
199.985 200.065 200.204
200.014 200.073 200.133
200.059 200.127 200.231
199.991 200.179 200.456
200.021 200.071 200.149
200.663 202.268 203.698
199.948 200.045 200.124
200.004 200.103 200.188
199.977 200.345 200.904
199.996 200.062 200.119
200.029 200.142 200.302
200.010 200.149 200.229
200.022 200.106 200.202
199.980 200.063 200.218
199.999 200.087 200.225
200.000 200.321 200.806
200.011 200.075 200.211
200.173 201.004 202.953
200.019 200.120 200.187
200.052 200.089 200.107
199.980 200.189 200.314
200.035 200.147 200.223
200.004 200.093 200.238
200.064 200.160 200.324
200.035 200.183 200.444
200.006 200.117 200.247
200.139 200.687 201.941
200.003 200.142 200.624
200.077 200.215 200.463
200.013 200.146 200.197
199.965 200.071 200.122
200.031 200.103 200.161
200.060 201.241 203.683
200.042 200.080 200.163
200.015 200.105 200.295
200.006 200.094 200.283
200.037 200.069 200.159
200.063 200.159 200.280
200.074 200.165 200.220
200.025 200.080 200.179
199.960 200.022 200.059
200.040 200.142 200.270
200.022 200.069 200.131
200.071 200.182 200.299
200.041 200.283 200.969
200.042 200.101 200.204
200.014 200.119 200.247
200.060 200.136 200.208
200.043 200.244 200.849
200.017 200.143 200.302
200.040 200.096 200.178
200.057 200.530 201.251
199.960 200.098 200.255
200.175 200.421 200.586
200.121 200.269 200.442
199.973 200.096 200.184
200.143 200.200 200.256
199.999 200.092 200.167
199.998 200.159 200.255
200.065 200.145 200.394
200.003 200.059 200.150
199.988 200.118 200.232
200.000 200.176 200.359
199.983 200.103 200.218
200.082 200.117 200.177
199.985 200.082 200.222
199.994 200.082 200.187
200.010 200.353 200.825
200.123 201.645 202.872
199.985 200.373 201.323
200.091 200.397 201.429
200.047 200.085 200.115
200.072 200.163 200.326
200.092 200.142 200.181
200.008 200.157 200.633
200.050 200.124 200.196
200.109 200.168 200.243
199.965 200.167 200.359
200.084 200.198 200.362
200.050 200.132 200.211
200.095 200.140 200.260
200.058 200.234 200.381
200.041 200.593 202.534
200.088 200.138 200.210
199.978 200.047 200.113
200.943 201.454 202.082
200.024 200.122 200.161
199.992 200.414 201.613
199.994 200.050 200.116
200.006 200.116 200.290
199.992 200.126 200.524
200.047 200.114 200.217
199.995 200.175 200.489
199.975 200.062 200.180
200.025 200.118 200.180
199.996 200.071 200.257
200.116 200.154 200.249
199.993 200.074 200.147
200.004 200.148 200.343
200.034 200.120 200.208
200.083 200.136 200.213
200.017 200.076 200.120
200.001 200.172 200.359
200.107 200.157 200.210
199.978 200.376 201.399
200.054 200.138 200.234
200.120 200.207 200.406
200.118 200.195 200.328
200.069 200.123 200.217
199.998 200.270 200.754
200.023 200.106 200.245
200.061 200.122 200.245
199.996 200.175 200.459
200.244 200.296 200.375
199.982 200.066 200.135
200.049 200.186 200.496
199.972 200.076 200.158
200.056 200.131 200.264
200.623 201.526 202.094
200.049 200.116 200.150
200.058 200.240 200.579
199.987 200.075 200.197
200.121 200.392 201.234
200.008 200.090 200.141
200.022 200.130 200.296
200.035 200.161 200.323
200.007 200.105 200.192
200.093 200.184 200.275
199.955 200.066 200.164
200.054 200.152 200.298
200.010 200.105 200.188
200.043 200.093 200.137
200.073 200.135 200.181
200.009 200.112 200.162
200.136 200.151 200.170
200.008 200.041 200.082
200.009 200.093 200.254
200.017 200.515 201.944
200.068 200.132 200.220
199.991 200.077 200.200
200.046 200.107 200.213
200.032 200.163 200.369
200.001 200.061 200.154
200.027 200.191 200.335
200.013 200.131 200.303
200.007 200.073 200.214
200.060 200.130 200.212
200.001 200.069 200.174
199.990 200.766 201.925
200.086 200.337 201.112
200.048 200.133 200.231
200.400 200.671 201.620
200.003 200.066 200.212
200.012 200.100 200.155
199.981 200.130 200.215
199.961 200.018 200.085
199.997 200.058 200.143
200.073 201.208 202.112
200.000 200.061 200.124
200.017 200.077 200.164
199.980 200.123 200.313
200.060 200.147 200.225
200.096 200.169 200.334
199.964 200.802 202.598
200.061 200.216 200.534
200.024 200.177 200.414
200.058 200.297 201.092
199.980 200.368 201.395
201.244 201.908 202.138
199.974 200.087 200.191
172.180 172.368 172.773
172.225 172.263 172.306
172.185 172.238 172.315
172.282 191.861 200.565
172.206 172.311 172.434
172.180 172.328 172.452
172.254 172.375 172.518
172.181 172.353 172.525
172.207 172.240 172.288
172.230 172.350 172.567
172.182 172.351 172.590
172.246 172.304 172.365
172.189 172.268 172.392
172.245 172.319 172.441
172.211 172.320 172.448
172.202 172.259 172.375
172.279 172.313 172.364
172.216 172.272 172.355
172.188 172.264 172.309
172.190 172.245 172.333
172.208 172.295 172.397
172.157 172.206 172.296
172.195 172.246 172.347
172.171 172.294 172.522
172.231 172.390 172.690
172.183 172.235 172.268
172.197 172.336 172.448
172.153 172.230 172.332
172.204 172.267 172.324
172.174 172.598 174.062
172.188 172.296 172.485
172.153 172.264 172.356
172.259 172.333 172.435
172.268 172.821 174.644
172.155 172.462 173.267
172.184 172.307 172.456
172.253 172.305 172.363
172.239 172.594 173.591
172.191 172.315 172.504
172.214 172.300 172.389
172.206 172.325 172.399
172.287 172.361 172.429
172.176 172.251 172.401
172.226 172.386 172.720
172.212 172.645 174.285
172.208 172.345 172.511
172.344 172.403 172.515
172.319 172.393 172.460
172.159 172.207 172.249
172.170 172.241 172.317
172.207 172.270 172.392
172.176 173.007 174.173
173.505 174.490 175.707
172.231 172.334 172.478
172.334 172.366 172.426
172.211 172.328 172.543
172.208 172.263 172.315
172.189 172.321 172.468
172.225 172.293 172.406
172.173 172.304 172.460
172.168 172.299 172.423
172.215 172.680 174.236
172.279 172.333 172.419
172.193 172.526 173.298
172.167 172.329 172.677
172.240 172.295 172.336
172.158 172.267 172.388
172.159 172.272 172.421
172.211 172.471 172.796
172.220 172.287 172.450
172.168 172.242 172.326
172.261 172.346 172.471
172.179 172.708 174.172
172.187 172.273 172.387
172.140 172.259 172.367
172.211 172.339 172.483
172.236 173.049 174.256
172.230 172.753 174.096
172.222 172.322 172.458
172.246 172.328 172.402
172.275 172.311 172.343
172.199 172.799 174.172
172.259 172.374 172.515
172.213 172.296 172.369
172.204 172.617 174.057
172.168 172.268 172.368
172.237 172.328 172.389
172.213 172.304 172.458
172.172 172.269 172.467
172.248 172.675 173.219
172.188 172.265 172.329
172.246 172.268 172.296
172.270 172.375 172.468
172.250 172.353 172.519
172.250 172.503 172.938
172.246 172.312 172.374
172.157 172.253 172.381
172.224 172.331 172.556
172.270 173.473 174.185
172.225 172.271 172.322
172.182 172.257 172.322
172.189 173.016 175.604
172.199 172.577 173.657
172.178 172.303 172.451
172.219 172.277 172.299
172.167 172.248 172.360
172.187 172.844 175.200
172.235 172.365 172.471
172.280 172.362 172.432
172.256 172.305 172.416
172.203 172.283 172.404
172.258 172.733 174.177
172.244 172.502 173.302
172.288 172.344 172.381
172.154 172.262 172.337
172.747 173.605 174.308
172.264 172.887 175.124
172.217 172.356 172.524
172.211 172.272 172.398
172.223 172.370 172.563
172.168 172.322 172.509
172.252 172.571 173.402
172.224 172.272 172.354
172.186 172.311 172.476
172.121 172.249 172.463
172.290 172.780 173.548
172.183 172.275 172.404
172.198 172.309 172.475
172.248 172.290 172.335
172.210 172.315 172.403
172.244 172.275 172.319
172.173 172.504 173.298
172.215 172.363 172.449
172.327 172.367 172.451
172.194 172.317 172.561
172.187 172.502 173.234
172.225 172.298 172.437
172.255 172.337 172.425
172.232 172.300 172.464
172.259 172.581 172.984
172.305 172.411 172.568
172.325 172.376 172.428
172.207 172.288 172.346
172.239 172.693 174.096
172.210 172.292 172.357
172.205 172.261 172.387
172.175 172.379 172.544
172.204 172.272 172.414
172.184 172.261 172.343
172.206 172.351 172.617
172.302 172.364 172.537
172.249 172.340 172.457
172.241 173.335 174.410
172.175 172.307 172.424
172.188 172.383 172.530
172.199 172.311 172.380
172.245 173.153 175.352
172.348 172.427 172.572
172.182 172.279 172.411
172.222 172.300 172.410
172.286 172.398 172.531
172.256 172.355 172.628
172.266 172.339 172.396
172.163 172.703 173.954
172.270 172.384 172.592
172.800 173.328 174.024
172.210 172.341 172.440
172.199 172.309 172.411
172.179 172.280 172.480
172.195 172.322 172.424
172.183 172.331 172.523
172.271 172.380 172.720
172.245 172.439 172.629
172.236 172.399 172.946
172.254 172.346 172.410
172.227 172.310 172.438
172.208 172.289 172.353
172.220 172.467 173.036
172.252 172.414 172.648
172.246 172.441 173.060
172.284 172.348 172.505
172.225 172.279 172.365
172.176 172.311 172.395
172.231 172.400 172.596
172.215 172.245 172.297
173.102 174.039 174.735
172.226 172.310 172.426
172.279 172.751 173.746
172.204 172.378 172.809
172.265 172.356 172.618
172.259 172.743 174.238
172.276 172.356 172.550
172.245 172.335 172.386
172.211 172.315 172.383
172.231 172.283 172.377
172.293 172.369 172.542
172.208 172.346 172.731
172.233 172.286 172.402
172.229 172.266 172.324
172.163 172.323 172.828
172.268 172.361 172.432
172.241 172.335 172.474
172.410 173.690 176.346
172.182 172.324 172.414
172.173 172.267 172.392
172.227 172.299 172.355
172.193 172.332 172.428
172.209 172.391 172.691
172.264 172.308 172.366
172.225 172.317 172.438
172.197 172.383 172.824
172.234 172.423 173.012
172.224 172.435 173.139
172.215 173.293 174.691
172.206 172.339 172.545
172.218 173.180 174.248
172.259 172.463 173.098
172.221 172.589 173.840
172.226 172.384 172.797
172.177 172.322 172.471
172.190 172.321 172.486
172.233 172.346 172.555
172.301 173.137 175.032
172.185 172.352 172.575
172.328 172.519 173.182
172.272 172.406 172.714
172.198 172.259 172.368
172.180 172.311 172.465
172.211 172.340 172.649
172.183 172.266 172.313
172.179 172.304 172.440
172.229 172.288 172.318
172.332 173.321 174.430
172.169 172.273 172.523
172.275 172.591 173.500
172.236 172.308 172.381
172.160 172.250 172.403
172.201 172.281 172.330
172.239 172.631 173.916
172.168 172.299 172.594
172.186 172.291 172.406
172.194 172.252 172.326
172.178 172.690 173.648
172.247 172.304 172.358
172.169 172.274 172.434
172.187 172.266 172.366
172.247 172.404 172.794
172.167 172.311 172.533
172.168 172.590 174.179
172.189 172.224 172.244
172.320 174.203 177.772
172.195 172.249 172.326
172.174 172.472 173.399
172.216 172.308 172.463
172.137 172.184 172.271
172.172 172.251 172.322
172.239 172.274 172.357
172.215 172.346 172.617
172.175 172.328 172.732
172.245 172.312 172.427
172.155 172.226 172.400
172.201 172.219 172.233
172.292 173.940 175.707
172.168 172.233 172.330
172.189 172.234 172.273
172.234 172.345 172.642
172.183 172.232 172.274
172.149 172.230 172.307
172.187 172.284 172.457
172.156 172.267 172.404
172.127 172.211 172.289
172.155 172.195 172.232
172.177 172.332 172.473
172.220 172.426 173.157
172.181 172.385 172.951
172.212 172.289 172.372
172.188 173.244 175.941
172.182 172.244 172.378
172.167 172.206 172.277
172.182 172.226 172.339
172.191 172.238 172.303
172.167 172.243 172.427
172.181 172.240 172.375
172.181 172.284 172.413
172.165 172.240 172.334
172.174 172.617 174.134
172.239 172.312 172.434
172.162 172.220 172.331
172.171 172.242 172.367
172.199 172.298 172.473
172.195 172.287 172.429
172.184 172.254 172.348
172.143 172.193 172.243
172.157 172.224 172.349
172.199 172.321 172.550
172.176 172.270 172.356
172.150 172.476 173.513
172.169 172.228 172.393
172.503 173.707 174.256
172.186 172.653 174.460
172.189 172.284 172.455
172.149 172.204 172.246
172.220 172.515 173.498
172.189 172.252 172.355
172.202 172.221 172.262
172.167 172.221 172.271
172.159 172.618 173.286
172.118 172.185 172.256
172.184 172.231 172.266
172.178 172.332 172.475
172.179 172.224 172.283
172.172 172.321 172.526
172.165 172.470 172.860
172.169 172.181 172.195
172.169 172.261 172.367
172.166 172.241 172.305
172.217 172.888 175.085
172.178 172.199 172.238
172.178 172.239 172.338
172.176 172.231 172.277
172.149 172.210 172.340
172.152 172.204 172.269
172.192 172.240 172.282
172.129 172.191 172.271
172.177 172.255 172.364
172.158 172.233 172.340
172.189 172.253 172.294
172.159 172.230 172.303
172.175 172.207 172.244
172.131 172.206 172.299
172.253 172.325 172.498
172.154 172.229 172.318
172.148 172.211 172.265
172.188 172.240 172.275
172.146 172.180 172.204
173.448 174.011 175.418
172.150 172.268 172.517
172.202 172.260 172.408
172.206 172.245 172.294
172.195 172.250 172.308
172.205 172.260 172.316
172.147 172.209 172.268
172.139 172.184 172.235
172.192 172.213 172.241
172.205 172.645 174.304
172.166 172.203 172.250
172.137 172.222 172.383
172.140 172.284 172.461
172.180 172.254 172.367
172.177 172.253 172.397
172.142 172.182 172.217
172.133 172.373 173.149
172.160 172.329 172.763
172.157 172.231 172.347
172.129 172.223 172.332
172.158 172.200 172.259
172.156 172.351 172.977
172.186 172.216 172.282
172.135 172.235 172.302
172.144 172.217 172.282
172.158 172.298 172.671
172.150 172.355 172.805
172.148 172.208 172.328
172.196 172.208 172.240
172.140 172.220 172.326
172.165 172.235 172.438
172.181 172.251 172.390
172.147 172.192 172.288
172.128 173.434 174.942
172.152 172.225 172.308
172.164 172.198 172.247
172.173 172.246 172.329
172.165 172.220 172.249
172.178 172.208 172.277
172.194 172.253 172.288
172.154 172.227 172.340
172.161 172.255 172.373
172.186 172.212 172.241
172.151 172.223 172.383
172.147 172.174 172.253
172.153 172.202 172.270
172.126 172.261 172.513
172.150 172.783 175.051
172.172 172.250 172.400
172.197 172.269 172.346
172.163 172.215 172.310
172.154 172.225 172.337
172.166 172.291 172.451
172.152 172.219 172.335
172.128 172.263 172.464
172.139 172.251 172.431
172.186 172.277 172.439
172.152 172.208 172.254
172.133 172.262 172.418
172.206 172.404 172.679
172.135 172.210 172.241
172.139 172.186 172.292
172.121 172.232 172.348
172.136 172.256 172.381
172.138 172.202 172.277
172.194 172.354 172.603
172.206 172.233 172.305
172.175 172.292 172.591
172.166 172.224 172.303
172.190 172.203 172.220
172.228 172.279 172.355
172.180 172.221 172.237
172.151 172.201 172.276
172.155 172.206 172.274
172.178 172.241 172.391
172.123 172.324 172.843
172.156 172.212 172.338
172.158 172.192 172.235
172.194 172.446 173.063
172.128 172.179 172.236
172.154 172.240 172.423
172.165 172.229 172.342
172.185 172.791 174.557
172.157 172.188 172.243
172.157 172.206 172.281
172.111 172.232 172.304
172.163 172.252 172.341
172.174 172.200 172.252
172.163 172.254 172.395
172.187 172.270 172.376
172.162 172.208 172.262
172.145 172.178 172.219
172.164 172.187 172.216
172.143 172.549 174.073
172.180 172.221 172.320
172.179 172.309 172.626
172.830 173.502 174.028
172.141 172.219 172.346
172.189 172.254 172.337
172.154 172.230 172.297
172.196 172.264 172.355
172.195 172.357 172.929
172.193 172.226 172.315
172.188 172.279 172.359
172.141 172.225 172.311
172.136 172.180 172.216
172.147 172.170 172.220
172.170 172.205 172.247
172.150 172.226 172.379
172.155 172.186 172.211
172.132 172.485 173.474
172.106 172.382 173.072
172.152 172.202 172.259
172.128 172.211 172.453
172.190 172.261 172.318
172.195 172.476 173.030
172.139 172.227 172.284
172.154 172.219 172.340
172.134 172.247 172.356
172.171 172.645 173.766
172.160 172.280 172.402
172.180 172.219 172.259
172.151 172.239 172.346
172.175 172.279 172.368
172.203 173.152 174.240
172.145 172.192 172.298
172.161 172.585 174.077
172.219 172.300 172.557
172.190 172.221 172.261
172.144 172.265 172.364
172.170 172.476 173.324
172.153 172.233 172.324
172.195 172.854 174.198
172.135 172.167 172.227
172.192 172.410 172.983
172.166 172.255 172.375
172.161 172.225 172.302
172.167 172.782 174.192
172.172 172.232 172.347
172.178 172.260 172.353
172.160 172.189 172.223
172.144 172.290 172.645
172.198 172.281 172.422
172.167 172.195 172.232
172.206 172.268 172.374
172.195 172.215 172.273
172.506 173.127 173.871
172.162 172.195 172.246
172.160 172.303 172.698
172.127 172.310 172.517
172.160 172.232 172.323
172.183 172.298 172.437
172.132 172.240 172.301
172.152 172.254 172.469
172.154 172.331 172.894
172.161 172.245 172.323
172.201 172.269 172.362
172.146 172.464 173.508
172.102 172.226 172.299
172.165 172.259 172.360
172.189 172.521 173.430
172.162 172.212 172.256
172.196 172.240 172.291
172.215 172.377 172.748
172.163 172.229 172.389
172.156 173.239 175.373
172.186 172.280 172.352
172.188 172.241 172.282
172.177 172.231 172.297
172.201 172.241 172.275
172.204 172.340 172.505
172.159 172.230 172.322
172.108 172.222 172.318
172.156 172.206 172.232
172.145 172.302 172.707
172.220 172.753 174.797
172.168 172.272 172.338
172.150 172.300 172.478
172.194 172.291 172.378
172.132 172.328 172.739
172.184 172.254 172.338
172.174 172.826 175.324
172.181 172.271 172.417
172.155 172.227 172.294
172.189 172.224 172.296
172.180 172.261 172.447
172.155 172.374 173.006
172.220 172.237 172.288
172.175 172.319 172.504
172.215 172.246 172.288
172.175 172.409 173.190
172.187 172.256 172.342
172.209 172.264 172.344
172.129 173.079 176.268
172.141 172.200 172.295
172.208 172.283 172.392
172.193 172.288 172.496
172.169 172.347 172.506
172.282 173.443 174.325
172.215 172.310 172.480
172.167 172.200 172.228
172.217 172.307 172.372
172.208 172.246 172.363
172.182 172.253 172.324
172.184 172.618 173.906
172.210 172.371 172.834
172.179 172.280 172.478
172.172 172.246 172.309
172.195 172.408 172.695
172.175 172.318 172.572
172.183 172.282 172.376
172.168 172.242 172.395
172.157 172.396 173.114
172.172 172.233 172.314
172.189 172.298 172.476
172.241 172.307 172.449
172.166 172.276 172.453
172.199 172.265 172.312
172.171 172.223 172.298
172.163 172.268 172.359
172.196 172.288 172.339
172.208 172.338 172.572
172.192 172.307 172.524
172.204 172.246 172.375
172.184 172.243 172.367
172.209 172.237 172.289
172.162 172.378 172.927
172.150 172.231 172.295
172.172 172.232 172.261
172.201 172.559 173.738
172.254 172.325 172.421
172.228 172.492 173.013
172.186 172.266 172.331
172.190 172.292 172.454
172.173 172.236 172.303
172.205 172.313 172.410
172.163 172.283 172.370
172.217 172.293 172.490
172.204 172.269 172.345
172.204 172.322 172.486
172.163 172.930 174.340
172.189 172.282 172.457
172.313 172.611 173.342
172.117 172.205 172.297
172.217 172.365 172.520
172.211 172.334 172.445
172.183 173.044 174.188
172.212 172.333 172.502
172.161 172.701 174.396
172.228 172.270 172.301
172.146 172.266 172.383
172.211 172.265 172.345
172.177 172.259 172.323
172.235 172.329 172.493
172.229 172.325 172.401
172.181 172.228 172.284
172.238 172.502 173.224
172.188 172.275 172.340
172.190 172.310 172.355
172.179 172.379 172.565
172.152 173.242 175.931
172.201 172.323 172.464
172.251 172.290 172.387
172.195 172.225 172.270
172.235 172.399 172.645
172.191 172.488 173.260
172.149 172.252 172.396
172.171 172.364 172.876
172.213 172.278 172.354
172.224 172.302 172.435
172.271 172.357 172.423
172.180 172.265 172.384
172.163 172.264 172.374
172.204 172.250 172.324
172.186 172.264 172.357
172.206 172.293 172.498
172.170 172.686 174.283
172.170 172.266 172.384
172.334 172.385 172.426
172.182 172.200 172.233
172.205 172.316 172.428
172.182 172.528 173.350
172.192 172.287 172.404
172.205 172.259 172.311
172.243 172.332 172.496
172.190 172.299 172.469
172.171 172.314 172.426
172.166 172.308 172.578
172.213 172.311 172.459
172.276 172.588 173.566
172.166 172.339 172.739
172.188 172.272 172.407
172.215 172.320 172.398
172.207 172.274 172.337
172.200 172.283 172.435
172.257 172.306 172.410
172.206 172.247 172.286
172.294 173.128 175.152
172.191 172.361 172.588
172.216 172.297 172.416
172.236 172.279 172.376
172.188 172.291 172.412
172.164 172.261 172.337
172.163 172.255 172.420
172.235 172.828 175.100
172.174 172.204 172.229
172.160 172.260 172.376
172.259 172.305 172.373
172.167 172.276 172.361
172.229 172.488 173.187
172.218 172.277 172.309
172.188 172.310 172.534
173.208 173.520 174.160
172.196 172.292 172.467
172.209 172.617 174.231
172.186 172.254 172.292
172.216 172.306 172.499
172.193 172.291 172.410
172.155 172.283 172.383
172.296 172.389 172.604
172.181 172.288 172.381
172.177 172.239 172.338
172.223 172.275 172.360
172.196 172.324 172.528
172.250 172.304 172.374
172.215 172.678 174.192
172.203 172.449 172.795
172.156 172.240 172.394
172.232 172.305 172.396
172.178 172.645 174.127
172.265 172.301 172.378
172.218 172.387 172.737
172.208 172.501 173.339
172.244 172.304 172.388
172.220 172.347 172.459
172.270 172.388 172.540
172.189 172.333 172.450
172.234 172.373 172.562
172.226 172.331 172.473
172.273 172.351 172.438
172.223 172.325 172.564
172.218 172.252 172.306
172.197 172.325 172.392
172.227 172.370 172.552
172.192 172.379 173.027
172.201 172.298 172.419
172.171 172.244 172.382
172.184 172.298 172.407
172.200 172.494 173.456
172.185 172.295 172.444
172.253 172.338 172.447
172.179 172.245 172.291
172.224 172.302 172.390
172.249 172.354 172.536
172.240 172.362 172.517
172.144 172.303 172.491
172.202 172.295 172.393
172.325 172.849 174.503
172.176 172.290 172.473
172.227 172.314 172.413
172.195 172.373 172.574
172.214 172.255 172.271
172.199 172.386 172.577
172.699 173.515 174.189
172.225 172.314 172.404
172.262 172.380 172.526
172.179 172.243 172.361
172.224 172.303 172.417
172.181 172.298 172.474
172.576 173.546 174.245
172.198 172.365 172.599
172.196 172.240 172.274
172.230 172.528 173.435
172.250 172.344 172.462
172.301 172.347 172.384
172.174 172.241 172.277
172.162 172.261 172.324
172.278 172.350 172.447
172.152 172.399 172.824
172.565 173.237 174.270
172.215 172.318 172.446
172.249 172.375 172.701
172.199 172.295 172.440
172.279 172.345 172.535
172.286 173.202 174.739
172.215 172.320 172.400
172.218 172.292 172.397
172.244 172.340 172.443
172.208 172.288 172.410
172.177 172.290 172.425
172.180 172.318 172.538
172.190 172.334 172.535
172.222 172.294 172.354
172.275 172.391 172.485
172.310 172.362 172.494
172.266 172.347 172.438
172.178 172.275 172.386
172.245 172.323 172.496
172.328 173.059 175.349
172.185 172.289 172.443
172.234 172.280 172.325
172.253 172.333 172.427
172.208 172.334 172.529
172.212 172.285 172.379
172.216 172.345 172.477
172.235 172.332 172.421
172.216 172.283 172.326
172.214 172.343 172.429
172.263 172.778 174.608
172.230 172.326 172.492
172.186 173.827 180.217
172.196 172.334 172.440
172.257 172.301 172.378
172.193 172.379 172.599
172.211 172.255 172.304
172.298 172.358 172.446
172.189 172.273 172.379
172.222 172.287 172.363
172.205 172.262 172.315
172.199 172.249 172.335
172.212 172.411 172.996
172.216 172.350 172.482
172.265 172.353 172.445
172.239 172.409 172.597
172.172 172.277 172.441
172.186 172.301 172.418
172.213 172.365 172.517
172.206 172.718 174.272
172.217 172.348 172.591
172.152 172.273 172.395
172.275 172.325 172.365
172.219 172.682 174.222
172.217 172.410 172.983
172.318 172.823 174.635
172.208 172.265 172.329
172.175 172.284 172.454
172.174 172.280 172.372
172.209 172.381 172.793
172.326 172.815 174.101
172.206 172.274 172.392
172.280 172.431 172.560
172.198 172.355 172.543
172.263 172.658 173.264
172.211 172.283 172.343
172.239 172.333 172.467
172.206 172.309 172.392
172.177 172.638 174.136
172.233 172.858 175.162
172.197 172.323 172.539
172.166 172.254 172.345
172.158 172.313 172.523
172.194 172.322 172.447
172.206 172.743 174.265
172.194 172.446 173.012
172.230 172.318 172.416
172.177 172.255 172.334
172.213 172.429 172.945
172.198 172.319 172.573
172.189 172.341 172.515
172.219 172.333 172.553
172.195 172.252 172.323
172.188 173.744 176.109
172.143 172.273 172.359
172.188 172.504 173.538
172.207 172.314 172.465
172.222 172.396 172.798
172.689 174.158 175.647
172.177 172.272 172.316
172.289 172.743 174.288
172.246 172.296 172.411
172.221 172.648 174.199
172.222 172.328 172.440
172.253 172.389 172.550
172.267 172.305 172.350
172.208 172.349 172.497
172.218 172.347 172.520
172.153 172.238 172.294
172.191 172.736 174.361
172.152 172.470 173.499
172.239 172.650 174.082
172.222 172.278 172.324
172.184 172.242 172.425
172.200 172.346 172.598
172.861 174.331 176.251
172.245 172.380 172.578
172.244 172.362 172.537
172.548 173.540 174.203
172.224 172.504 173.145
172.218 172.290 172.384
172.217 172.263 172.365
172.235 172.326 172.491
172.211 172.322 172.547
172.218 172.298 172.366
172.179 172.344 172.481
172.315 172.476 172.876
172.260 172.321 172.394
172.992 173.660 174.197
172.194 172.342 172.439
172.190 172.347 172.487
172.255 172.279 172.320
172.240 172.325 172.368
172.223 172.280 172.359
172.196 172.277 172.373
172.142 172.274 172.428
172.159 172.288 172.384
172.173 172.542 173.809
172.242 172.311 172.505
172.182 172.399 172.904
172.139 172.519 173.255
172.228 172.451 173.234
172.252 172.407 172.660
172.211 172.259 172.324
172.170 172.307 172.503
172.203 172.264 172.341
172.213 172.342 172.566
172.212 172.228 172.270
172.205 173.041 175.988
172.158 172.241 172.400
172.201 172.283 172.384
172.172 172.223 172.271
172.195 172.701 173.520
172.126 172.286 172.387
172.172 172.215 172.323
172.187 172.245 172.342
172.268 172.354 172.477
172.263 172.293 172.325
172.238 172.603 173.846
172.256 172.477 173.031
172.337 173.232 174.232
172.192 172.543 173.648
172.205 172.351 172.708
172.189 172.291 172.375
172.147 172.279 172.367
172.210 172.270 172.312
172.197 172.307 172.484
172.183 172.368 172.459
172.233 172.292 172.340
172.234 172.672 174.099
172.263 172.408 172.734
172.143 172.306 172.400
172.224 172.475 173.243
172.247 172.354 172.477
172.194 172.679 174.273
172.188 172.264 172.328
172.225 172.681 174.205
172.223 172.357 172.461
172.169 172.323 172.438
172.164 172.299 172.431
172.226 172.261 172.331
172.203 172.304 172.533
172.227 172.305 172.384
172.260 172.332 172.473
172.223 172.327 172.456
172.180 172.207 172.283
172.184 172.303 172.545
172.192 172.307 172.523
172.164 172.307 172.468
172.213 172.294 172.416
172.223 172.282 172.421
172.207 172.369 172.583
172.237 172.287 172.365
172.187 172.290 172.417
172.221 172.296 172.359
172.204 172.283 172.368
172.268 172.330 172.405
172.208 172.591 173.984
172.177 172.279 172.457
172.221 172.338 172.486
172.255 172.305 172.374
172.190 172.280 172.418
172.252 172.387 172.470
172.218 173.004 175.509
172.229 172.291 172.368
172.252 172.355 172.450
172.202 172.291 172.350
172.285 172.360 172.417
172.262 172.364 172.434
172.178 172.300 172.379
172.213 172.293 172.397
172.191 172.286 172.362
172.236 172.326 172.400
172.216 172.344 172.502
172.201 172.285 172.445
172.207 172.247 172.330
172.189 172.260 172.327
172.187 172.344 172.602
172.196 172.244 172.344
172.200 172.353 172.774
172.252 172.320 172.362
172.232 172.299 172.370
172.198 172.261 172.373
172.226 172.269 172.349
172.243 172.568 173.323
172.200 172.268 172.339
172.222 172.333 172.446
172.240 172.300 172.373
172.192 172.257 172.331
172.251 172.321 172.411
172.162 172.686 174.207
172.283 172.365 172.490
172.187 172.293 172.471
172.248 172.327 172.423
172.290 172.380 172.463
172.222 172.305 172.384
172.154 172.288 172.476
172.218 172.312 172.422
172.256 172.569 173.230
172.185 172.241 172.328
172.230 172.496 173.120
172.116 172.310 172.439
172.220 172.348 172.626
172.189 172.260 172.415
172.204 172.279 172.315
172.303 173.084 174.377
172.285 172.541 173.219
172.188 172.298 172.416
172.199 172.525 173.355
172.204 172.310 172.463
172.171 172.217 172.277
172.226 173.175 175.581
172.239 172.711 174.450
172.215 172.307 172.395
172.302 172.372 172.474
172.227 172.291 172.389
172.236 172.335 172.494
172.219 172.283 172.347
172.165 172.423 172.900
172.201 172.330 172.479
172.191 172.250 172.311
172.146 172.335 172.576
172.238 172.319 172.415
172.201 172.254 172.299
172.190 172.761 174.170
172.494 173.261 174.731
172.220 172.353 172.472
172.160 172.445 173.268
172.206 172.490 173.300
172.215 172.630 174.159
172.235 172.313 172.364
172.172 172.258 172.359
172.190 172.240 172.288
172.178 172.264 172.316
172.232 172.712 174.322
172.248 172.337 172.460
172.214 172.392 172.675
172.217 172.296 172.358
172.200 172.338 172.418
172.226 172.331 172.477
172.236 172.286 172.352
172.263 172.328 172.396
172.228 172.282 172.336
172.257 172.328 172.402
172.194 172.263 172.317
172.251 172.320 172.384
172.198 172.286 172.377
172.169 172.325 172.540
172.219 172.339 172.457
172.191 172.278 172.391
172.194 172.562 173.084
172.180 172.327 172.479
172.141 172.244 172.353
172.193 172.244 172.391
172.172 172.345 172.520
172.234 172.313 172.354
172.192 172.308 172.503
172.182 172.328 172.491
172.170 173.005 176.090
172.189 172.284 172.378
172.202 172.302 172.437
172.241 172.435 172.955
172.284 172.338 172.402
172.253 172.339 172.561
172.315 172.338 172.371
172.236 172.297 172.395
172.165 172.783 174.880
172.192 172.243 172.354
172.201 172.266 172.359
172.180 172.317 172.471
172.190 172.287 172.423
172.159 172.266 172.333
172.219 172.326 172.433
172.183 172.310 172.480
172.241 172.302 172.417
172.282 172.310 172.360
172.214 172.278 172.344
172.237 172.368 172.473
172.209 172.291 172.410
172.207 172.307 172.447
172.226 172.307 172.482
172.164 172.284 172.399
172.175 172.294 172.389
172.235 172.368 172.444
172.236 172.376 172.497
172.225 172.299 172.434
172.191 172.338 172.790
172.307 172.373 172.421
172.233 172.305 172.369
172.166 172.375 172.634
172.235 172.270 172.287
172.241 172.381 172.874
172.265 172.308 172.351
172.211 172.291 172.446
172.185 172.235 172.287
172.191 172.282 172.373
172.226 172.274 172.377
172.222 172.299 172.451
172.204 172.316 172.393
172.226 172.319 172.418
172.198 172.222 172.244
172.211 172.326 172.550
172.214 172.650 173.493
