126.600 126.771 127.192
126.457 126.505 126.562
126.430 126.524 126.740
126.424 126.449 126.472
126.429 126.483 126.518
126.462 126.545 126.801
126.411 127.404 131.070
126.431 126.560 126.965
126.462 126.610 126.945
126.454 126.498 126.565
126.425 126.486 126.528
126.347 126.558 127.017
126.414 126.475 126.573
126.475 126.678 127.366
126.463 126.541 126.788
126.454 126.748 127.321
126.464 126.660 127.091
126.472 127.683 131.696
126.418 126.497 126.705
126.492 126.615 126.722
126.547 126.976 127.818
126.402 126.479 126.593
126.421 126.568 126.953
126.436 126.465 126.491
126.412 126.668 127.495
126.465 126.590 127.010
126.446 126.499 126.537
126.390 126.518 126.704
126.450 126.756 127.178
126.440 126.490 126.539
126.421 126.479 126.554
126.417 126.506 126.760
126.462 126.617 127.088
126.410 126.473 126.548
126.510 126.539 126.578
126.556 126.977 127.772
126.440 126.517 126.651
126.413 127.109 128.926
126.369 126.436 126.502
126.392 126.521 126.696
126.446 127.089 127.848
126.458 126.535 126.660
126.384 126.634 127.108
126.419 126.623 127.312
126.474 126.550 126.759
126.413 126.476 126.545
126.457 126.646 126.989
126.488 126.557 126.761
126.424 126.487 126.556
126.420 126.478 126.576
126.435 126.498 126.604
126.414 126.544 126.892
126.378 126.470 126.548
126.454 126.633 126.942
126.414 126.470 126.589
126.439 126.526 126.610
126.411 126.473 126.586
126.430 126.510 126.763
126.464 126.518 126.568
126.532 126.882 127.197
126.421 126.602 126.820
126.455 126.528 126.600
126.443 126.526 126.662
126.439 126.712 127.189
126.479 126.568 126.679
126.412 126.475 126.507
126.433 126.477 126.543
126.435 126.601 127.118
126.446 126.491 126.551
126.367 126.486 126.659
126.439 126.521 126.590
126.406 126.495 126.598
126.468 126.659 127.337
126.422 126.583 126.944
126.413 128.728 136.633
126.447 127.202 129.824
126.420 126.747 127.578
126.464 126.759 127.548
126.545 126.857 127.018
126.483 126.974 128.155
126.400 129.345 135.636
126.448 127.306 129.276
128.169 137.297 143.922
127.174 135.455 143.669
138.827 143.870 148.366
126.605 136.590 146.162
137.995 142.837 145.616
135.582 143.034 149.241
141.698 147.256 154.082
130.276 141.913 148.392
135.561 146.052 149.487
145.811 147.227 149.313
147.467 148.689 149.382
145.123 147.550 148.701
145.995 148.075 148.998
143.494 147.146 148.739
145.901 148.164 149.132
145.131 147.302 148.326
146.666 147.822 148.637
146.444 147.908 149.010
145.432 147.316 148.801
145.736 147.253 148.153
144.416 146.906 148.591
143.642 146.825 149.035
143.583 147.012 148.711
143.053 146.089 149.450
146.778 147.367 148.186
141.273 146.645 148.844
145.958 147.529 149.044
146.125 147.674 148.397
147.976 148.405 149.174
146.238 146.869 148.143
144.485 146.800 148.745
141.314 146.274 148.938
142.607 146.829 148.762
146.749 147.838 148.827
140.717 146.952 148.899
145.857 147.831 149.302
143.246 146.462 148.724
144.089 147.096 148.171
145.277 146.982 148.432
146.890 148.429 149.602
143.307 146.496 148.936
145.283 146.535 148.168
146.005 147.740 148.490
144.036 146.609 148.901
143.953 146.731 148.472
141.119 145.050 148.461
135.000 143.767 149.037
143.673 147.209 148.480
143.468 146.051 147.484
144.195 146.366 149.709
143.367 145.645 148.561
146.075 147.451 148.574
145.656 147.046 149.816
264.338 305.167 352.119
148.749 150.077 152.699
145.192 148.326 151.054
149.404 149.731 150.088
148.309 148.772 148.990
146.613 148.187 149.381
148.113 148.733 149.507
147.551 148.207 149.334
146.928 148.246 149.358
145.228 149.867 157.613
146.231 147.666 148.646
144.661 147.547 148.707
145.323 147.690 149.760
148.043 148.657 149.168
148.177 148.543 149.092
145.878 147.608 148.835
147.838 149.145 150.176
147.285 148.027 148.253
145.671 147.898 148.906
147.056 148.506 150.002
146.425 147.072 147.760
146.469 147.721 148.720
147.469 148.907 151.166
144.247 151.797 165.198
147.283 150.430 154.345
154.803 159.333 162.553
143.216 161.479 210.097
140.251 149.907 154.423
150.093 152.310 153.824
156.083 161.608 167.014
146.822 148.538 150.620
146.400 147.921 148.603
146.279 147.813 148.785
145.803 147.931 148.857
144.248 146.969 149.153
145.813 148.119 150.443
146.639 147.727 148.781
144.582 148.060 149.973
142.431 146.472 149.162
142.706 148.177 151.185
144.169 146.832 149.783
147.469 150.613 160.867
146.272 148.518 151.770
147.248 148.231 148.795
145.539 147.995 149.969
147.986 149.912 152.745
147.272 148.874 150.776
147.686 149.296 150.434
147.124 149.373 151.113
165.087 167.432 169.497
156.786 163.981 168.752
148.262 151.128 155.749
159.641 164.062 167.806
152.957 159.810 163.712
145.170 147.977 153.984
145.777 147.191 148.856
146.593 150.669 158.643
147.355 149.493 151.339
145.361 148.055 149.905
158.311 163.598 167.646
155.780 158.553 162.044
155.325 158.653 167.604
147.887 151.252 158.994
146.496 149.484 153.324
139.569 147.163 150.946
143.624 147.525 150.297
145.238 148.691 150.460
146.746 150.700 155.992
142.880 150.876 154.332
142.667 147.658 149.378
142.063 147.131 149.451
146.726 149.021 151.317
150.954 153.847 158.749
139.483 145.851 153.410
142.174 156.860 161.265
139.261 146.541 150.807
144.559 147.746 150.108
137.440 144.149 151.676
144.208 146.192 150.301
130.928 143.250 150.581
138.426 144.015 150.288
138.134 142.365 150.471
136.810 144.482 149.326
139.603 145.083 149.229
129.961 137.710 143.301
130.497 135.122 143.374
130.044 139.278 148.174
127.993 134.916 145.328
128.059 133.622 145.563
128.348 135.764 143.764
128.455 131.457 140.266
126.673 130.321 142.286
126.697 137.294 153.880
126.778 130.583 141.578
126.973 127.729 129.739
126.857 127.551 129.017
128.417 130.486 134.332
129.135 134.558 139.191
138.709 142.313 145.029
134.678 142.889 147.483
130.336 138.115 143.365
140.346 144.220 148.876
139.596 145.089 156.529
126.658 128.771 136.324
126.600 126.848 127.416
126.655 126.867 126.987
126.784 127.884 129.462
126.782 127.104 127.547
126.807 128.290 132.734
150.515 152.179 154.329
131.083 138.514 143.334
141.383 147.268 152.845
138.834 144.591 151.143
126.762 127.438 128.720
126.691 127.304 127.705
126.630 127.171 128.822
126.648 127.715 129.977
126.934 128.196 132.535
126.796 126.999 127.583
126.643 126.812 127.114
126.668 126.970 127.679
126.885 127.181 127.844
126.915 127.720 128.333
126.607 127.025 127.636
126.650 126.836 127.218
126.910 127.400 128.107
126.759 127.817 128.831
126.590 127.546 129.393
126.694 128.467 130.726
126.730 127.330 127.729
126.670 129.730 141.204
126.886 127.048 127.134
126.923 127.434 128.179
126.655 127.153 127.903
126.735 127.146 128.031
126.659 126.785 127.132
126.605 127.335 129.468
126.589 126.812 127.048
126.803 127.498 129.803
126.621 126.875 127.196
133.771 135.468 139.874
139.800 139.800 139.800
126.774 132.218 142.950
129.071 136.580 143.133
126.916 131.755 141.111
131.725 139.563 148.819
138.683 140.717 144.231
128.033 130.274 132.909
131.902 133.175 134.709
126.580 127.626 131.028
126.732 127.164 127.687
127.018 133.616 145.743
135.967 141.936 146.768
143.846 150.178 154.798
153.325 159.522 164.870
148.942 154.440 164.495
126.620 126.908 127.154
126.709 127.066 127.682
126.749 127.006 127.178
126.844 127.825 129.043
127.548 128.066 129.712
127.834 128.989 129.945
127.775 133.547 155.327
127.709 128.138 128.722
127.531 132.420 151.561
127.672 127.813 127.911
127.596 127.755 128.000
127.499 127.697 127.862
127.557 127.729 127.898
126.596 126.729 126.996
126.632 126.889 127.529
126.713 128.568 135.907
126.644 126.830 127.180
126.893 127.273 128.064
126.678 126.904 127.141
126.822 127.852 131.112
126.580 126.921 127.913
126.793 127.560 129.637
126.780 126.878 127.122
126.681 127.064 128.093
126.721 127.004 127.815
126.631 126.759 126.980
126.719 126.954 127.130
126.782 126.977 127.096
126.753 126.998 127.531
126.775 129.424 132.180
126.823 138.168 158.306
127.032 133.910 141.581
126.993 132.250 136.931
126.790 133.179 142.728
126.740 126.864 127.014
126.730 128.970 137.591
126.795 126.962 127.177
126.718 126.897 127.232
126.712 127.686 130.449
126.837 127.471 129.179
126.669 129.609 139.931
127.047 128.309 129.513
126.743 129.396 135.135
126.712 128.275 132.453
127.232 129.023 130.656
126.787 127.708 130.249
126.747 131.699 146.424
127.022 127.590 128.857
127.528 134.604 144.586
127.449 132.189 138.729
127.946 131.318 135.738
134.101 137.712 142.798
128.864 133.076 143.175
127.610 128.086 128.677
127.570 127.886 128.184
127.575 127.880 128.090
127.781 128.145 128.840
127.260 127.788 129.369
127.071 130.813 141.235
126.761 132.498 137.931
126.958 132.100 137.402
135.916 138.080 140.034
128.967 135.634 140.110
127.412 131.433 136.026
129.634 133.055 138.188
126.927 127.309 128.055
127.231 131.993 137.827
127.182 131.800 139.732
130.315 133.853 137.520
127.828 131.638 135.770
127.090 133.718 146.105
128.313 131.789 134.919
135.951 138.444 141.226
126.839 127.401 128.397
126.619 129.392 135.590
128.039 128.860 129.829
127.556 128.089 128.863
127.743 128.854 129.830
127.493 128.536 129.510
127.929 128.941 130.200
127.613 128.068 129.163
127.608 128.576 129.374
127.978 129.102 130.758
127.690 128.389 129.501
127.391 128.409 129.330
126.584 126.832 127.155
126.583 126.854 127.329
126.664 127.489 130.101
126.559 127.420 128.649
126.643 127.320 128.294
126.612 127.021 127.409
126.541 126.815 126.965
126.587 127.528 128.315
126.737 131.611 150.231
126.686 127.313 127.976
126.640 127.512 128.457
127.447 134.793 160.340
126.748 127.336 127.852
127.457 128.089 128.958
127.955 128.966 130.191
128.699 130.743 137.896
127.410 127.860 128.194
126.782 127.698 130.310
126.711 127.069 128.151
127.316 127.564 128.075
126.597 127.693 129.515
126.615 127.240 128.524
126.849 127.870 129.774
126.917 127.549 128.840
126.790 127.722 129.060
127.245 128.096 129.379
126.647 127.266 128.250
126.632 127.031 127.593
127.487 128.092 128.484
127.447 127.790 128.626
126.732 127.155 128.164
126.806 127.645 128.740
126.591 126.832 127.020
126.862 127.106 127.417
126.610 126.943 127.217
128.243 131.314 142.927
127.588 127.799 127.959
127.320 127.576 127.862
126.572 126.835 126.996
126.811 127.008 127.162
126.608 126.721 126.906
126.604 127.648 129.838
126.529 126.693 126.921
126.539 126.771 127.032
126.663 126.713 126.793
126.623 127.287 128.325
126.579 126.703 126.853
126.503 131.157 149.295
126.613 127.003 127.563
126.626 127.358 129.741
126.583 126.838 127.111
126.664 126.774 127.067
126.586 126.724 126.914
126.560 126.768 126.895
126.774 126.908 127.011
126.833 127.166 127.536
126.680 128.476 134.481
126.862 126.934 127.060
126.926 128.624 134.616
126.682 126.864 127.119
126.798 127.352 129.254
126.552 126.819 127.058
126.730 126.807 126.942
126.621 126.784 126.850
126.705 127.309 128.309
126.557 126.792 127.009
126.620 126.820 127.044
126.685 126.799 127.030
126.590 126.861 127.117
126.815 126.924 127.056
126.737 126.857 127.004
126.599 126.838 127.002
126.623 126.894 127.424
126.744 127.930 131.933
126.882 127.000 127.184
126.562 126.749 127.104
126.633 126.878 127.002
126.771 126.866 126.960
126.626 126.862 127.108
126.726 128.035 132.465
126.821 127.083 127.572
126.571 126.793 127.015
126.688 126.888 127.016
126.847 127.292 128.558
126.805 126.865 126.926
126.788 126.844 126.978
126.526 126.768 126.962
126.616 127.033 127.996
126.545 127.888 132.319
126.617 127.133 127.834
126.751 126.850 126.995
126.557 126.687 126.809
126.770 126.875 126.972
126.608 126.807 126.884
126.691 126.793 126.924
126.790 126.938 127.225
126.790 126.879 126.964
126.669 126.832 127.004
126.570 126.647 126.751
126.730 126.804 126.912
126.741 126.976 127.524
126.629 126.700 126.809
126.701 126.985 127.916
126.639 126.823 126.979
126.541 126.655 126.859
126.657 126.815 127.033
126.699 126.825 126.984
126.593 126.810 127.122
126.568 126.797 126.987
126.593 126.917 127.174
126.792 127.059 127.276
126.579 126.910 127.233
126.564 126.674 126.847
126.528 126.706 126.855
126.634 126.807 126.957
126.620 126.855 127.014
126.660 126.819 127.033
126.568 126.713 126.973
126.576 127.350 129.392
126.831 126.880 126.957
126.658 126.778 126.943
126.775 126.870 127.018
126.544 126.786 127.144
126.705 126.822 126.900
126.716 126.826 126.906
126.554 126.712 126.878
126.580 127.006 128.113
126.514 126.704 127.071
126.632 126.748 126.887
126.552 126.735 126.888
126.623 126.735 126.868
126.752 126.843 126.984
126.745 126.898 127.025
126.668 127.268 128.807
126.741 126.847 126.952
126.652 128.760 135.814
126.733 126.887 127.263
126.733 126.789 126.839
126.729 126.924 127.122
126.532 126.704 126.861
126.581 126.783 127.004
126.527 126.795 126.893
126.692 126.841 126.956
126.686 126.800 126.953
126.784 126.854 126.944
126.608 126.770 126.900
126.727 126.878 127.057
126.718 126.906 127.115
126.541 126.795 127.224
126.538 126.805 126.957
126.617 126.744 126.924
126.563 126.777 126.940
126.564 129.344 138.843
126.691 126.872 126.966
126.580 126.665 126.950
126.522 126.745 126.900
126.559 126.682 126.798
126.579 126.808 127.024
126.643 126.739 126.927
126.580 126.790 126.896
126.526 127.156 128.700
126.610 126.804 127.014
126.579 126.773 126.851
126.617 126.802 126.965
126.786 126.877 126.942
126.678 126.911 127.157
126.564 126.769 126.999
126.689 126.850 126.960
126.494 126.827 127.182
126.613 126.857 127.063
126.710 126.884 126.941
126.875 128.035 132.382
126.907 127.042 127.250
126.524 127.044 127.704
126.522 126.748 126.989
126.533 126.873 127.125
126.666 126.911 127.088
126.912 127.117 127.451
126.641 127.143 127.509
126.646 126.953 127.504
126.816 127.014 127.141
126.841 126.917 126.984
126.668 126.987 127.244
126.878 126.963 127.179
126.823 126.943 127.070
126.659 127.237 128.355
126.616 126.854 126.992
126.537 126.754 126.911
126.835 127.060 127.273
126.781 126.897 127.061
126.826 127.042 127.242
126.779 126.934 127.201
126.801 126.896 127.003
126.754 126.874 127.016
126.715 126.898 127.076
126.780 126.898 127.122
126.781 126.882 127.082
126.869 126.987 127.127
126.785 126.995 127.224
126.726 126.894 127.208
126.868 127.215 127.627
126.798 126.907 127.119
126.790 126.979 127.218
126.975 127.135 127.290
126.794 127.200 127.867
126.796 126.858 126.919
127.071 128.977 135.842
126.775 126.919 127.192
126.696 126.823 127.007
131.481 136.997 142.753
139.155 144.385 149.092
131.435 139.929 147.797
137.656 142.192 144.964
141.579 143.702 146.273
135.921 141.016 144.515
133.286 137.582 146.973
128.412 130.612 132.639
134.947 138.301 142.365
136.933 141.862 144.345
126.746 127.143 127.395
126.845 127.126 127.755
126.750 127.038 127.520
126.811 127.245 128.035
126.900 127.490 127.912
126.919 127.509 128.360
126.690 127.015 127.577
126.930 127.221 127.670
126.896 127.458 127.942
126.795 126.896 126.986
126.811 127.238 128.301
126.789 127.694 129.991
126.813 127.547 129.667
126.854 128.619 135.555
126.742 126.822 126.973
126.694 126.941 127.343
126.778 126.858 126.995
126.681 126.788 127.004
126.743 126.819 126.903
126.778 127.001 127.645
126.757 127.232 128.390
126.732 126.822 126.902
126.760 127.340 129.032
126.761 127.321 128.589
126.803 127.018 127.226
126.661 126.891 127.362
126.724 126.918 127.082
126.672 126.767 126.872
126.666 126.900 127.049
126.740 126.802 126.927
126.732 126.848 127.168
126.723 126.853 127.127
126.663 126.800 126.999
126.698 126.792 126.892
126.722 126.804 127.073
126.678 126.894 127.174
126.822 127.024 127.206
126.703 126.800 126.891
126.796 126.922 127.056
126.675 126.823 127.168
126.703 126.874 127.346
126.820 127.161 127.979
126.692 127.118 128.546
126.792 126.904 127.025
126.667 126.757 126.997
126.704 126.874 127.083
126.609 126.792 126.976
126.698 126.817 126.983
126.706 126.794 126.872
126.658 126.815 127.019
126.692 126.789 127.048
126.632 127.275 129.589
126.701 126.838 127.014
126.698 126.769 126.983
126.670 126.761 126.856
126.654 126.771 126.935
126.660 126.740 126.833
126.704 127.097 128.547
126.619 126.872 127.176
126.724 127.557 128.543
126.668 126.760 126.990
126.752 127.461 129.754
126.696 126.796 127.058
126.661 126.771 127.039
126.719 126.796 126.976
126.671 126.807 126.963
126.618 126.669 126.752
126.667 126.715 126.815
126.695 126.851 127.073
126.654 126.764 126.989
126.622 126.749 126.870
126.678 126.879 127.048
126.640 126.785 126.961
126.671 126.773 126.992
126.715 127.096 127.447
126.657 126.917 127.117
126.630 126.886 127.284
126.649 126.775 127.043
126.632 126.734 126.880
126.631 126.967 128.152
126.612 126.766 126.955
126.654 126.779 126.968
126.644 126.814 126.971
126.652 128.107 133.773
126.599 126.731 126.929
126.675 126.876 127.034
126.618 126.733 126.933
126.838 126.939 127.008
126.545 126.634 126.674
126.675 126.803 127.031
126.644 126.709 126.784
126.653 126.743 126.921
126.688 126.856 127.103
126.644 126.774 126.932
126.590 126.705 126.922
126.650 126.721 126.928
126.610 126.712 126.954
126.597 126.731 126.910
126.639 126.741 126.909
126.626 126.745 126.955
126.600 126.767 126.959
126.646 126.694 126.775
126.672 126.712 126.733
126.719 126.799 126.923
126.717 126.854 126.964
126.639 126.782 127.016
126.527 128.799 136.952
126.578 129.083 139.028
126.648 126.784 127.220
126.644 126.742 126.938
126.830 126.947 127.040
126.732 126.827 126.971
126.604 126.692 126.740
127.801 128.204 128.590
126.662 127.013 128.217
126.592 126.680 126.753
126.549 126.646 126.744
126.669 126.811 126.957
126.679 126.959 127.445
126.665 126.779 126.981
126.584 126.858 127.050
126.644 126.787 126.997
126.653 126.746 126.954
126.704 126.797 126.999
126.300 126.369 126.453
126.290 126.358 126.450
126.340 126.408 126.536
126.338 126.397 126.521
126.202 126.333 126.403
126.406 126.473 126.526
126.271 126.352 126.447
126.318 126.462 126.599
126.334 126.606 126.948
126.361 126.411 126.471
126.278 126.342 126.378
126.314 126.398 126.484
126.321 126.383 126.445
126.302 126.403 126.451
126.280 126.406 126.524
126.323 126.514 126.967
126.317 126.385 126.509
126.252 126.739 128.276
126.338 126.391 126.467
126.391 126.421 126.466
126.387 126.420 126.445
126.399 126.475 126.514
126.369 126.473 126.700
126.323 126.388 126.458
126.313 128.206 135.529
126.356 126.420 126.467
126.352 126.424 126.509
126.437 126.856 127.364
126.382 126.592 127.213
126.344 126.420 126.513
126.325 126.465 126.560
126.333 126.418 126.624
126.366 126.870 128.316
126.344 126.524 126.827
126.288 126.389 126.524
126.422 126.568 126.942
126.346 126.408 126.476
126.263 126.364 126.447
126.310 126.391 126.467
126.352 126.406 126.511
126.317 126.444 126.669
126.356 126.514 126.932
126.383 126.989 127.748
126.366 126.428 126.494
126.366 126.655 127.613
126.267 126.378 126.471
126.303 126.355 126.420
126.387 126.452 126.536
126.271 126.375 126.442
126.348 126.403 126.535
126.325 126.575 127.232
126.271 126.343 126.416
126.340 126.387 126.454
126.328 126.373 126.424
126.368 126.418 126.466
126.333 126.375 126.441
126.351 126.394 126.426
126.266 126.336 126.380
126.303 126.326 126.366
126.298 126.409 126.683
126.280 126.725 128.124
126.310 126.832 128.131
126.319 126.404 126.528
126.319 126.348 126.403
126.334 126.359 126.403
126.321 126.366 126.481
126.301 126.340 126.377
126.318 126.378 126.484
126.349 126.462 126.848
126.321 126.360 126.436
126.296 126.380 126.430
126.367 126.624 127.190
126.275 126.386 126.446
126.290 126.494 127.018
126.278 126.336 126.386
126.332 126.361 126.403
126.293 126.339 126.406
126.327 126.359 126.423
126.292 126.366 126.423
126.287 126.364 126.404
126.268 126.343 126.443
126.257 126.341 126.398
126.259 126.321 126.410
126.296 126.340 126.428
126.302 126.356 126.388
126.298 126.360 126.413
126.282 126.346 126.407
126.290 126.338 126.438
126.304 126.352 126.411
126.295 126.710 128.126
126.290 126.357 126.397
126.242 126.365 126.552
126.275 126.350 126.415
126.262 126.367 126.486
126.280 126.366 126.470
126.305 126.334 126.358
126.311 126.537 127.352
126.285 126.388 126.490
126.253 126.415 126.773
126.310 126.361 126.421
126.321 126.368 126.396
126.542 126.600 126.649
126.565 126.625 126.682
126.543 126.623 126.722
126.629 126.675 126.724
126.544 126.638 126.723
126.589 127.153 129.163
126.576 126.612 126.631
126.626 126.694 126.814
126.573 126.631 126.702
126.575 126.605 126.619
126.569 126.792 127.429
126.596 126.638 126.711
126.577 126.597 126.652
126.578 126.607 126.643
126.601 126.620 126.640
126.531 126.654 126.851
126.546 126.606 126.672
126.605 126.624 126.664
126.538 126.583 126.638
126.545 126.967 128.273
126.628 126.714 126.783
126.639 126.666 126.694
126.541 126.678 126.791
126.555 126.836 127.592
126.584 126.657 126.760
126.509 126.779 127.288
126.439 126.497 126.558
126.437 126.497 126.555
126.462 126.499 126.600
126.431 126.494 126.592
126.437 126.483 126.566
126.413 126.874 128.428
126.366 126.518 126.581
126.446 126.470 126.508
126.446 126.509 126.572
126.363 126.471 126.572
126.437 126.586 126.752
126.346 126.490 126.571
126.460 126.612 126.779
126.430 126.535 126.625
126.474 126.661 127.037
126.487 126.517 126.553
126.441 126.487 126.553
126.492 126.506 126.530
126.440 126.474 126.515
126.407 126.463 126.512
126.368 126.488 126.581
126.460 126.508 126.575
126.385 127.232 130.189
126.376 126.482 126.705
126.480 126.505 126.541
126.437 126.492 126.590
126.484 126.507 126.536
126.389 126.513 126.592
126.515 126.550 126.582
126.461 126.546 126.649
126.485 126.543 126.669
126.419 127.028 129.240
126.419 126.546 126.914
126.459 126.537 126.726
126.422 126.507 126.662
126.417 126.483 126.507
126.421 126.475 126.568
126.465 126.498 126.519
126.466 126.521 126.610
126.476 126.545 126.732
126.408 126.503 126.650
126.451 126.513 126.583
126.444 126.632 127.251
126.441 126.467 126.502
126.464 126.541 126.746
126.433 126.475 126.517
126.445 126.649 127.348
126.439 126.465 126.503
126.425 126.475 126.581
126.459 126.530 126.649
126.421 126.483 126.504
126.548 126.596 126.678
126.433 126.593 126.878
126.407 126.500 126.586
126.492 126.583 126.668
126.402 126.495 126.652
126.448 126.492 126.581
126.432 126.538 126.806
126.515 126.567 126.708
126.463 126.510 126.571
126.396 126.547 126.672
126.533 126.678 127.070
126.542 126.646 126.928
126.447 126.509 126.560
126.419 126.633 126.989
126.481 126.560 126.727
126.498 126.576 126.667
126.506 126.582 126.677
126.419 126.566 126.740
138.413 142.481 146.180
126.646 129.535 135.098
127.615 130.021 133.209
126.678 130.933 139.090
126.576 126.670 126.836
126.842 133.078 143.601
135.442 142.950 148.981
137.097 142.754 145.449
135.395 143.449 147.097
135.943 145.154 156.183
136.972 141.614 148.770
139.094 145.940 149.444
136.266 141.416 147.988
140.650 144.580 149.702
135.327 140.806 146.455
138.109 144.678 148.437
142.403 145.462 148.818
143.175 145.706 148.966
126.980 144.350 149.507
142.627 146.116 148.915
141.155 144.876 148.909
137.929 143.844 148.910
142.033 143.278 144.930
142.243 145.401 148.291
143.055 147.179 150.268
146.968 148.479 149.374
146.478 147.605 148.671
142.552 146.824 148.527
140.154 145.236 149.225
138.802 143.273 147.927
138.725 144.207 147.715
139.753 145.822 148.314
145.901 147.553 148.479
142.988 145.987 147.649
145.278 147.223 148.685
146.389 147.572 148.400
146.118 147.741 149.561
141.597 146.647 148.622
146.293 148.659 153.763
145.532 147.669 148.466
143.386 147.366 149.501
146.781 147.742 149.457
145.808 147.783 149.011
145.490 148.393 154.938
144.068 146.419 148.237
145.344 146.617 148.159
145.217 147.328 148.140
141.952 146.261 148.752
143.565 146.126 148.411
139.095 143.678 148.770
147.003 148.066 149.459
142.600 144.762 148.567
143.705 145.950 147.936
138.826 146.047 149.185
145.889 147.923 150.258
145.457 146.768 148.417
144.928 147.907 149.200
144.898 147.306 148.911
143.877 146.684 148.300
145.473 148.907 156.556
138.890 145.692 148.642
147.166 147.835 148.862
159.658 162.350 169.072
141.121 151.211 159.008
153.175 160.608 166.950
153.434 158.472 167.839
149.954 156.504 165.062
140.746 150.501 165.442
147.932 158.403 164.473
150.092 157.406 160.674
147.912 153.416 161.226
139.999 152.082 166.160
146.539 149.896 153.621
148.074 150.587 158.351
144.350 148.244 153.094
145.407 148.174 150.077
142.965 147.713 149.241
145.676 147.171 149.139
146.257 147.536 149.193
144.634 147.182 149.022
144.883 148.390 150.033
144.166 149.484 165.501
137.807 143.884 148.818
147.648 148.352 149.203
139.586 142.809 147.975
144.929 147.445 149.940
136.482 143.841 148.289
138.461 142.873 148.885
129.935 138.321 148.808
134.203 143.996 147.625
136.671 144.137 147.995
140.561 143.541 147.953
134.312 142.872 149.078
141.167 146.461 148.765
143.511 146.786 149.131
140.967 147.374 152.443
143.025 145.367 150.116
139.500 143.839 148.985
142.031 144.148 145.691
140.774 148.273 156.058
138.548 151.482 163.370
151.818 159.488 167.503
158.483 162.177 165.216
144.682 149.859 154.409
145.686 160.775 170.322
149.591 155.606 164.125
155.791 160.699 166.061
139.315 144.838 151.308
135.780 142.303 148.946
150.527 161.818 168.441
155.000 158.295 166.525
155.445 160.715 164.017
154.879 158.973 163.599
147.054 149.473 152.094
143.409 148.408 159.314
146.146 148.722 149.788
143.054 156.130 165.138
144.983 146.720 149.490
145.818 152.749 163.851
149.192 154.023 156.938
149.922 155.867 162.828
145.780 153.385 163.028
148.719 153.578 156.348
154.440 160.057 169.118
149.305 157.531 168.587
142.838 149.068 153.406
148.396 150.160 151.914
152.312 155.290 158.639
148.322 153.283 158.608
143.095 150.215 156.862
135.700 144.774 149.263
130.441 140.172 150.211
141.054 147.043 156.786
151.540 155.807 161.113
136.788 139.536 142.154
131.889 141.831 150.494
140.833 145.774 149.156
137.949 140.452 142.346
129.299 135.741 144.558
132.947 137.578 146.876
136.065 140.944 143.946
128.242 131.398 137.554
143.008 146.686 157.824
136.846 144.674 148.780
134.615 138.579 143.936
141.268 145.516 151.805
140.495 145.440 152.643
126.841 132.143 138.275
129.487 136.869 144.169
140.870 145.479 149.001
140.729 144.737 148.466
137.931 143.471 148.253
134.647 139.778 145.955
138.736 143.135 148.443
141.947 145.027 147.518
136.290 143.424 150.734
135.768 142.580 148.048
142.474 145.045 149.996
136.535 144.181 149.957
140.531 145.577 149.879
141.040 147.073 149.519
139.439 146.546 150.559
140.686 144.418 149.725
138.673 148.653 158.485
144.406 147.104 150.731
142.439 144.266 146.147
139.495 141.876 145.334
142.390 146.783 149.757
134.337 142.025 148.329
140.518 145.685 151.980
128.758 145.017 162.206
139.101 144.571 150.087
137.303 144.309 148.045
138.933 145.370 156.067
135.186 142.728 149.365
140.786 148.460 160.884
126.770 134.657 141.900
137.947 144.532 151.634
136.178 141.184 146.102
138.515 142.782 146.107
129.856 136.639 143.050
132.099 143.602 147.177
136.546 142.460 148.553
132.477 137.850 143.719
141.230 146.857 149.152
141.284 144.939 148.938
140.778 147.730 159.593
139.767 142.774 147.927
138.259 143.731 147.175
139.414 142.839 146.264
133.114 142.314 160.585
131.015 137.198 142.280
127.167 129.366 135.015
126.814 128.864 134.541
126.769 127.187 128.103
126.690 127.256 128.336
128.907 133.910 140.423
126.919 129.355 132.475
126.845 133.617 139.100
127.355 130.626 135.062
126.615 131.379 135.807
127.561 139.994 162.930
135.115 138.351 140.871
137.567 144.252 149.190
132.188 142.199 147.906
130.355 139.812 145.344
132.710 136.623 142.541
133.670 139.383 143.292
135.046 141.964 148.378
140.657 144.066 146.828
127.440 131.759 140.955
126.712 126.991 127.417
126.670 126.986 127.575
126.898 127.207 127.350
126.748 126.852 127.025
126.764 126.920 127.138
126.696 126.944 127.287
126.762 126.968 127.222
126.832 127.056 127.303
126.717 126.779 126.926
126.803 127.098 127.278
127.407 127.893 128.721
126.749 126.887 127.078
126.773 127.036 127.557
126.761 127.126 127.697
126.691 126.893 127.123
126.814 127.124 127.855
126.628 129.157 138.844
126.547 126.765 127.060
126.588 126.765 127.033
126.560 126.749 126.964
126.550 126.951 127.466
126.751 127.133 127.683
126.738 128.433 130.772
126.650 127.038 128.071
126.713 127.004 127.825
126.755 127.352 128.816
126.704 126.862 127.064
126.646 127.711 130.986
126.781 127.428 129.734
126.771 129.776 135.403
126.648 126.951 127.367
126.735 127.130 127.525
126.627 126.793 127.275
126.668 126.845 127.014
127.042 127.765 129.140
126.691 127.101 128.121
126.760 127.056 127.638
126.731 130.014 141.993
126.626 127.262 127.883
126.755 127.076 127.586
126.898 127.208 127.772
127.111 127.948 129.643
126.596 126.936 127.353
126.668 126.926 127.257
127.216 127.473 127.792
126.838 126.990 127.307
126.731 126.941 127.250
126.744 127.119 127.565
126.579 131.194 148.515
126.694 126.981 127.577
126.699 127.144 128.173
126.655 126.995 127.283
126.690 127.083 127.643
127.707 131.588 135.233
128.660 131.332 134.885
129.472 133.003 140.491
129.395 137.030 141.629
130.876 136.333 139.232
128.815 137.728 141.626
128.852 135.721 144.453
126.800 132.201 140.204
126.698 131.281 143.965
126.751 133.205 141.744
127.724 132.842 141.478
134.725 138.962 143.823
126.821 126.891 127.031
126.774 126.945 127.219
126.820 127.008 127.329
126.755 127.377 128.965
126.714 126.860 127.049
126.717 127.005 127.220
126.722 127.105 128.260
0 0 0
159.250 159.646 160.885
159.255 162.334 173.289
159.260 159.762 161.416
159.222 159.438 159.604
159.303 159.714 160.415
159.176 159.413 160.221
159.159 159.360 159.572
159.155 159.312 159.521
159.219 159.710 161.050
159.159 160.704 166.438
159.160 160.060 162.971
159.146 159.235 159.275
165.684 172.761 177.700
162.009 170.005 179.196
166.898 173.323 178.339
167.997 175.249 186.387
171.855 177.000 188.123
166.486 170.538 175.304
173.788 181.219 189.339
172.677 175.360 178.956
168.395 173.339 177.881
164.270 167.858 173.796
169.544 172.949 181.138
160.811 168.637 179.735
167.399 176.835 197.687
163.772 168.822 173.108
164.980 173.511 179.707
174.881 175.817 177.287
167.484 171.112 172.943
162.969 167.439 172.128
173.293 177.122 181.534
173.724 176.835 179.419
168.296 170.882 173.869
172.903 175.577 178.980
170.718 174.407 178.471
170.571 174.858 180.080
165.739 169.119 173.301
165.823 172.275 177.964
159.712 164.136 167.882
160.752 166.663 170.766
161.002 166.691 172.218
160.661 161.647 163.080
160.985 162.680 167.869
159.655 163.484 168.368
161.272 162.608 163.279
171.417 174.815 178.712
164.327 169.977 174.867
168.658 175.015 177.855
177.287 180.153 182.759
159.634 170.938 180.939
166.532 175.887 179.620
159.336 170.242 175.705
165.629 171.841 179.140
164.693 172.209 176.459
165.945 175.410 180.472
163.087 171.504 179.371
161.794 173.612 180.971
170.487 177.474 181.058
167.791 179.039 185.426
162.068 172.486 179.999
168.548 175.779 182.055
164.301 171.155 176.584
167.549 175.013 179.836
162.835 176.791 182.509
159.959 170.244 177.212
163.458 165.142 167.287
159.322 161.809 164.339
171.420 174.991 181.223
159.809 163.301 167.630
173.622 175.347 176.000
159.474 167.723 175.403
160.839 162.471 165.944
165.276 170.820 173.423
172.625 173.219 173.490
172.661 173.112 173.840
164.795 170.652 176.505
171.774 173.968 175.386
170.542 173.686 175.465
159.616 163.241 169.877
161.773 164.196 167.142
162.057 162.386 162.960
159.005 159.520 160.155
159.374 161.454 164.229
159.221 159.665 160.508
159.045 159.398 159.770
159.122 159.680 160.996
159.251 159.477 159.809
158.993 159.248 159.439
159.227 159.295 159.408
158.996 159.078 159.257
159.112 159.150 159.210
159.158 159.606 160.479
159.243 159.575 160.107
159.189 159.322 159.464
159.152 159.289 159.473
159.298 161.730 169.959
159.243 159.449 159.951
159.222 159.458 159.997
159.188 159.438 159.727
159.173 159.372 159.659
159.200 159.476 159.916
159.240 159.392 159.512
159.201 159.598 159.908
159.124 159.378 159.639
159.129 159.398 159.999
159.234 159.361 159.624
159.202 159.470 159.605
159.235 159.364 159.564
159.285 159.549 160.192
159.178 159.365 159.758
159.565 159.722 159.920
159.349 159.677 160.139
159.158 159.430 159.839
159.209 159.374 159.859
159.216 159.432 159.528
159.202 159.315 159.610
159.227 159.300 159.431
159.263 159.350 159.406
159.277 159.404 159.543
159.146 159.430 159.823
159.142 159.289 159.482
159.330 159.600 160.207
159.438 159.713 159.969
159.245 159.587 160.062
159.275 159.530 159.773
159.137 159.316 159.490
159.058 159.290 159.688
159.196 159.427 159.654
159.155 159.301 159.500
159.266 159.387 159.606
159.245 159.521 159.785
159.400 160.285 161.151
159.489 159.922 160.881
159.260 159.667 160.239
159.148 159.768 160.753
159.158 159.680 161.370
159.336 159.744 160.262
159.236 159.622 160.004
159.231 160.002 161.202
159.079 159.244 159.480
159.082 159.249 159.369
158.989 159.306 159.542
159.069 159.404 159.857
159.331 160.986 162.562
158.993 160.163 161.697
159.226 159.783 160.543
159.074 159.317 159.624
159.600 159.817 160.032
159.042 159.351 159.600
159.095 160.061 162.461
159.148 159.337 159.537
159.152 159.690 160.716
161.821 163.385 165.824
159.311 159.613 159.858
159.111 159.395 159.748
159.227 159.744 160.656
159.149 160.833 166.789
159.078 159.303 159.646
159.066 159.616 160.015
159.119 159.290 159.523
159.077 159.307 159.595
159.212 159.741 160.329
159.311 159.866 160.190
160.139 160.734 161.390
159.273 159.921 161.302
159.074 159.354 159.587
159.158 159.405 159.691
159.183 159.448 159.610
159.061 159.249 159.377
159.218 160.770 165.753
159.143 159.408 159.953
159.041 159.149 159.335
159.080 159.350 159.677
159.033 159.409 160.155
159.167 159.452 159.912
159.010 159.253 159.553
159.146 159.327 159.492
159.101 159.324 159.662
159.047 159.379 159.598
159.067 159.239 159.475
159.020 159.520 161.231
159.144 159.307 159.560
159.063 159.359 159.704
159.048 159.557 160.216
159.082 159.541 160.519
159.011 159.277 159.563
161.366 167.420 175.295
159.220 159.509 160.149
159.220 159.630 160.363
159.229 159.396 159.639
159.252 159.656 160.088
159.260 159.368 159.532
159.214 159.302 159.409
159.074 159.747 161.280
160.092 160.723 161.826
159.545 160.370 162.494
159.187 159.667 160.003
159.275 159.747 161.004
159.502 159.815 160.091
159.387 159.627 159.941
159.405 159.894 160.609
159.449 160.053 160.986
159.259 159.557 159.786
159.251 160.415 161.720
159.747 160.235 160.696
159.372 159.717 160.283
159.551 159.796 160.125
160.050 160.804 161.711
159.164 159.578 160.402
159.200 159.506 160.008
159.307 159.786 160.847
159.233 159.330 159.439
159.129 159.343 159.556
159.147 159.306 159.484
159.227 159.358 159.442
159.217 159.466 159.704
159.154 159.290 159.372
159.284 159.460 159.831
159.256 159.442 159.624
159.093 159.318 159.485
159.230 159.285 159.433
159.173 159.279 159.483
159.152 159.310 159.472
159.252 159.429 159.895
159.073 159.190 159.356
159.125 159.301 159.631
159.205 159.316 159.495
159.210 159.389 159.645
159.182 159.410 159.612
159.646 160.185 161.262
159.187 159.335 159.490
159.128 159.353 159.484
159.219 159.314 159.399
159.121 159.385 159.735
159.069 159.317 159.719
159.161 159.327 159.895
159.053 159.251 159.553
158.876 158.978 159.075
158.923 159.344 159.901
158.877 159.337 159.830
158.969 159.199 159.356
158.920 158.970 159.037
158.952 159.189 159.335
159.060 159.206 159.468
158.959 159.053 159.296
158.887 158.995 159.028
159.011 159.188 159.337
158.951 159.110 159.337
158.925 159.009 159.073
158.931 159.049 159.228
158.955 159.133 159.417
158.954 159.182 159.495
158.971 159.176 159.344
158.995 159.199 159.361
159.002 159.353 159.945
159.029 159.318 159.591
158.846 159.054 159.168
159.060 159.135 159.207
158.942 159.164 159.723
159.031 159.236 159.560
158.881 159.094 159.333
158.988 159.461 159.853
158.922 158.989 159.061
159.003 159.244 159.533
158.938 159.074 159.273
158.947 159.101 159.257
158.919 159.253 159.559
158.932 159.025 159.205
158.955 159.008 159.074
158.862 159.056 159.298
158.940 159.189 159.366
158.960 159.167 159.524
158.923 159.135 159.489
158.911 159.241 159.941
159.059 159.254 159.546
158.887 159.107 159.626
158.862 159.250 160.160
159.031 159.678 160.596
158.890 159.544 161.157
158.852 159.396 160.723
159.245 160.447 165.002
158.989 159.116 159.279
158.902 159.164 159.424
158.972 159.170 159.376
159.094 159.339 159.845
158.993 159.227 159.467
159.066 159.144 159.333
159.010 159.169 159.239
159.063 159.375 159.764
158.977 159.210 159.539
159.006 159.049 159.112
159.047 159.299 159.539
159.025 159.355 159.774
159.012 159.073 159.162
159.020 159.166 159.422
158.989 159.206 159.492
158.975 159.666 160.789
159.282 159.654 160.016
159.102 159.324 159.651
159.083 159.297 159.714
159.099 159.305 159.449
159.129 159.453 159.629
159.021 159.509 160.690
159.034 159.147 159.458
159.008 161.012 168.127
159.090 159.268 159.492
159.114 159.454 159.689
159.048 159.181 159.442
159.147 159.572 160.564
159.085 159.220 159.423
159.318 159.779 161.001
159.066 159.167 159.422
159.065 159.355 159.712
159.039 159.263 159.963
159.135 159.306 159.555
158.992 159.140 159.572
159.088 159.265 159.706
158.980 159.192 159.736
159.062 159.476 160.032
159.050 159.258 159.535
159.032 159.209 159.582
159.004 159.098 159.271
158.995 159.299 160.215
159.060 159.312 159.669
159.037 159.203 159.320
158.988 159.064 159.099
159.130 159.302 159.562
159.063 159.214 159.604
158.997 159.299 159.575
159.077 159.317 159.841
159.071 159.222 159.645
159.025 159.113 159.332
158.989 159.145 159.427
159.013 159.281 159.679
159.319 159.517 159.954
159.045 159.705 161.991
159.124 159.467 159.693
159.380 159.735 160.190
159.076 159.229 159.400
159.017 159.414 159.785
159.038 159.334 159.903
159.079 159.275 159.890
159.053 159.221 159.704
159.024 159.318 159.558
159.098 159.212 159.432
159.056 159.532 161.067
159.058 159.147 159.276
159.067 159.144 159.350
159.033 159.129 159.250
159.005 159.189 159.764
159.105 159.143 159.201
159.016 159.935 162.372
158.979 159.264 159.747
159.030 159.080 159.138
159.000 159.092 159.278
159.064 159.098 159.158
159.064 159.140 159.244
159.086 159.170 159.332
159.018 159.095 159.145
159.019 159.269 159.627
158.991 159.184 159.605
159.075 159.150 159.377
159.058 159.106 159.159
159.004 159.055 159.103
159.096 159.237 159.650
158.993 159.069 159.186
159.057 159.287 159.585
159.023 159.111 159.278
159.005 159.067 159.148
159.011 159.084 159.127
159.023 159.117 159.241
159.043 159.062 159.081
159.054 159.178 159.493
159.080 159.171 159.319
159.055 159.125 159.211
158.987 159.331 159.735
158.985 159.096 159.276
158.971 159.074 159.118
159.094 159.151 159.233
158.987 160.571 166.327
158.977 159.035 159.099
158.979 159.173 159.591
159.058 159.094 159.144
159.018 159.228 159.938
159.035 159.167 159.525
158.974 159.038 159.120
159.017 159.063 159.126
159.013 159.077 159.236
159.068 159.102 159.170
159.071 159.135 159.214
159.045 159.283 159.763
159.038 159.074 159.133
158.967 159.103 159.180
159.013 159.115 159.174
159.056 159.863 160.937
159.031 159.193 159.352
159.040 159.070 159.088
159.015 159.183 159.544
158.996 159.101 159.210
158.999 159.250 159.804
159.060 159.142 159.327
159.021 159.112 159.220
159.041 159.085 159.141
158.972 159.047 159.159
158.994 159.056 159.120
158.955 159.107 159.412
159.016 159.092 159.257
159.058 159.108 159.198
159.028 159.071 159.132
159.247 159.884 160.626
159.044 159.099 159.282
158.961 159.084 159.323
159.056 159.155 159.276
159.026 159.048 159.118
159.071 159.257 159.842
159.015 159.063 159.148
158.951 159.041 159.145
158.961 159.119 159.436
159.062 159.109 159.192
159.037 159.050 159.067
159.037 159.148 159.387
159.002 159.033 159.075
158.984 159.140 159.342
159.064 159.115 159.168
159.021 159.107 159.216
159.015 159.081 159.177
158.957 159.095 159.445
158.977 159.168 159.700
158.946 159.021 159.099
158.864 158.949 159.010
158.912 158.982 159.055
158.912 158.973 159.040
158.922 159.049 159.175
158.870 158.931 159.006
158.878 158.956 159.044
158.868 158.917 159.018
158.899 158.973 159.135
158.938 158.993 159.117
158.887 159.414 161.268
158.911 158.986 159.095
158.905 158.991 159.122
158.952 159.138 159.623
158.939 158.995 159.045
158.880 158.932 158.985
158.887 159.276 159.966
158.924 158.958 159.028
158.908 158.954 159.013
158.926 159.042 159.171
158.909 159.009 159.066
158.932 159.069 159.307
158.935 159.022 159.169
158.746 158.793 158.818
158.687 158.845 158.962
158.728 158.800 158.840
158.688 159.001 159.256
158.751 158.835 158.931
158.760 158.801 158.868
158.725 158.766 158.817
158.735 159.062 160.058
158.753 159.139 159.636
158.727 158.776 158.826
158.732 158.803 158.892
158.751 160.465 167.088
158.791 158.851 158.986
158.740 158.821 158.960
158.742 158.801 158.903
158.729 158.793 158.893
158.788 158.861 158.945
158.736 158.782 158.871
158.685 158.842 158.905
158.880 159.003 159.191
158.786 158.833 158.882
158.771 158.818 158.886
158.788 158.834 158.913
158.775 158.839 158.973
158.777 158.878 159.060
158.805 158.891 159.159
158.810 158.943 159.155
158.764 158.934 159.362
158.780 159.096 159.695
158.763 159.156 160.403
158.816 158.925 159.027
158.726 159.814 162.181
158.785 159.151 159.951
158.753 159.191 159.718
158.842 158.887 158.938
158.751 158.950 159.125
158.815 158.900 159.040
158.792 158.859 158.974
158.782 158.899 159.001
158.755 158.998 159.477
158.788 158.876 158.914
158.782 159.047 159.488
158.753 158.898 158.975
158.764 158.904 159.076
158.814 158.949 159.072
158.771 159.009 159.437
158.873 158.975 159.099
158.809 159.043 159.297
158.827 158.925 159.157
158.790 159.089 159.361
158.815 158.907 159.080
158.800 158.919 159.215
158.831 159.163 160.107
158.823 160.155 164.342
158.827 159.362 160.575
158.918 159.186 159.428
158.750 158.984 159.520
158.896 158.978 159.036
158.826 159.290 160.656
158.865 158.946 159.173
158.824 159.058 159.277
158.976 159.262 159.506
158.907 159.102 159.554
158.975 159.315 160.206
158.826 159.347 160.120
159.010 160.062 163.009
158.782 159.044 159.329
158.842 159.501 161.114
159.030 159.883 161.339
158.956 161.854 171.141
158.836 159.205 160.210
166.080 174.056 180.018
169.786 174.509 179.667
168.709 173.788 179.809
172.676 176.666 178.895
169.943 172.589 175.347
175.214 178.073 182.808
169.279 175.785 181.522
172.196 176.577 179.156
173.399 177.250 182.204
167.961 175.401 180.956
158.895 166.694 171.580
164.806 168.591 173.172
158.815 160.479 161.707
158.820 158.940 159.089
158.875 159.032 159.501
158.823 160.386 165.224
158.822 160.700 167.202
158.884 159.182 159.610
158.988 159.687 160.125
158.850 159.175 160.054
158.883 159.391 159.987
160.490 167.908 172.329
166.393 170.890 175.310
167.041 172.555 181.513
163.552 167.779 174.435
176.061 180.687 187.367
172.974 177.988 182.296
175.294 180.288 183.747
178.477 180.390 182.156
181.119 183.920 190.299
178.539 180.699 182.668
179.000 181.464 185.381
179.193 181.043 182.934
174.954 197.673 229.695
182.909 188.033 194.798
182.842 190.095 197.633
175.141 182.707 192.378
180.490 186.562 193.929
177.046 186.318 200.674
172.461 185.772 197.963
179.751 186.001 191.842
184.176 191.721 198.339
192.263 195.314 198.700
179.096 186.121 190.496
176.779 183.760 187.360
184.564 191.028 197.531
172.020 182.227 197.097
176.640 181.585 186.404
173.369 183.451 186.946
170.979 181.927 191.354
174.663 179.378 181.693
170.259 176.508 181.136
159.361 167.450 175.873
162.577 172.305 177.759
160.112 162.629 168.911
175.511 191.823 208.811
159.783 163.735 172.190
163.618 174.827 181.449
173.552 177.094 181.104
167.713 173.065 179.020
169.683 173.915 180.496
173.995 177.348 181.858
160.741 164.646 175.760
159.799 160.335 160.987
160.495 162.213 167.186
160.163 164.914 169.811
159.749 161.402 166.151
159.605 161.628 166.507
159.562 162.032 170.805
160.067 162.424 164.475
159.774 160.118 160.608
160.193 162.124 165.712
159.612 160.608 161.614
159.331 159.729 159.875
160.783 167.020 179.614
171.384 177.428 183.039
168.182 174.874 182.785
173.903 175.560 178.323
176.667 178.513 180.846
171.186 177.184 180.459
171.745 175.879 178.555
171.793 175.023 180.146
169.351 174.859 182.550
175.638 177.333 180.211
171.534 177.216 180.060
167.018 174.927 179.631
174.098 177.970 182.587
166.949 176.296 181.784
174.333 178.134 182.740
169.556 176.065 182.081
166.403 172.455 179.722
171.660 176.450 180.088
172.053 174.693 178.227
165.968 172.087 183.294
172.823 177.023 182.943
168.674 176.044 183.945
170.009 180.442 187.123
170.977 175.601 180.962
163.375 176.291 181.276
173.086 176.028 179.069
170.255 177.076 181.013
160.106 160.638 161.521
160.046 160.797 162.121
159.942 172.149 177.412
180.070 185.555 189.502
173.552 183.107 197.345
173.900 181.080 189.001
175.372 177.699 181.106
172.985 177.727 181.791
167.606 171.240 176.593
160.126 166.975 172.865
159.040 162.764 175.127
159.241 160.588 162.772
160.168 162.422 165.774
160.091 165.310 173.885
160.281 167.955 178.834
159.970 163.601 169.923
160.209 161.869 165.065
160.446 162.654 166.208
162.545 172.356 178.071
171.468 175.197 177.608
166.864 172.248 178.403
172.480 176.808 181.025
176.262 179.997 182.931
173.652 178.902 183.050
175.004 179.951 183.219
173.956 182.856 200.034
173.976 178.739 180.592
169.147 176.850 194.719
159.282 170.030 180.231
170.371 172.960 177.948
165.638 173.860 179.456
169.149 174.259 178.596
164.644 173.838 186.148
159.199 164.319 169.307
159.362 159.643 160.171
159.057 163.226 178.760
159.021 163.440 169.783
168.439 170.968 174.949
170.721 174.935 178.617
159.246 162.235 164.901
158.924 159.194 159.602
158.966 159.791 161.060
159.139 161.219 163.287
159.618 161.050 163.125
159.338 160.346 161.455
159.072 159.658 160.936
161.071 162.723 163.730
159.399 163.807 168.041
159.168 159.899 161.750
159.194 160.020 161.775
159.084 159.361 159.630
159.198 161.601 164.198
171.124 173.469 177.979
163.118 168.757 173.064
161.003 167.878 172.360
159.037 163.712 177.413
159.057 160.672 162.098
159.543 160.328 162.130
159.564 161.143 163.737
159.060 159.174 159.293
159.154 159.720 160.775
159.200 159.786 160.897
159.091 159.542 160.218
159.178 160.360 161.473
160.265 161.146 162.646
159.248 159.854 160.987
158.983 159.537 160.438
159.104 159.504 160.046
159.300 160.449 163.798
159.236 161.127 168.359
159.010 159.980 161.491
159.235 167.090 178.170
159.101 162.218 171.546
160.126 161.094 162.843
160.082 161.228 163.148
159.991 160.377 161.187
159.026 159.209 159.622
159.024 159.474 160.474
160.062 165.096 172.379
158.950 168.228 176.095
159.188 161.710 167.664
159.102 159.231 159.388
159.167 159.482 159.880
159.259 159.655 160.363
159.209 159.370 159.546
159.237 159.619 160.581
159.489 160.059 161.605
159.182 159.686 160.590
159.112 159.285 159.586
159.125 159.319 159.464
159.343 159.462 159.527
160.237 161.768 167.093
160.095 160.362 160.566
159.969 160.220 160.479
159.963 160.437 161.142
159.871 160.164 160.395
160.079 160.314 160.447
159.189 159.634 160.306
159.332 160.385 163.446
159.312 159.648 160.804
159.072 159.827 161.803
159.192 160.097 161.781
159.205 159.481 160.147
159.267 159.413 159.675
159.045 159.563 159.951
159.132 159.254 159.352
159.180 161.749 171.358
159.038 159.268 159.591
159.196 159.542 160.043
159.335 160.020 162.115
159.033 159.384 160.201
159.226 159.382 159.475
160.226 160.617 161.098
160.126 160.282 160.470
160.080 160.146 160.248
160.270 160.336 160.439
159.976 160.416 160.865
159.877 160.237 160.576
160.092 160.611 161.917
159.992 160.216 160.415
160.169 162.792 169.008
159.172 159.349 159.501
159.150 159.375 159.539
159.136 159.287 159.513
159.272 159.366 159.597
159.226 163.310 178.221
159.091 159.412 159.946
158.955 159.248 159.803
159.229 159.323 159.365
159.385 159.685 160.106
159.377 159.493 159.739
159.126 159.353 159.522
159.512 159.946 160.711
159.125 159.211 159.348
159.083 159.315 159.443
159.269 159.615 160.449
159.171 159.391 159.711
159.203 161.364 169.313
159.197 167.217 195.390
159.071 159.994 161.182
159.318 160.057 162.213
159.158 159.645 161.116
159.471 160.182 160.797
159.229 159.542 160.140
159.223 160.676 165.950
159.257 159.540 159.837
159.160 159.340 159.623
159.331 160.528 163.189
159.354 159.543 159.674
159.012 159.300 159.599
159.087 159.230 159.587
159.347 159.643 160.488
159.114 159.256 159.362
159.141 159.377 159.775
159.951 160.112 160.340
159.985 160.567 161.883
160.003 160.431 160.999
159.986 160.187 160.443
159.407 159.712 160.562
159.085 159.326 159.560
159.136 159.433 159.765
159.086 159.214 159.397
159.023 159.179 159.408
159.074 160.877 167.334
159.165 159.554 160.541
159.107 159.265 159.511
159.049 159.363 159.687
159.121 159.326 159.581
159.183 159.385 159.627
159.197 159.504 159.755
159.085 159.486 159.809
159.215 159.905 160.561
159.147 159.377 159.859
159.590 159.931 160.666
159.110 159.368 159.592
159.277 159.522 160.191
159.190 160.272 163.969
159.202 159.337 159.541
159.215 159.416 159.768
159.156 159.347 159.542
160.052 184.552 246.952
160.000 160.160 160.413
160.236 160.389 160.480
160.055 160.282 160.479
160.147 160.303 160.507
160.138 160.228 160.298
159.128 159.326 159.555
159.245 159.353 159.471
159.200 159.520 159.987
159.299 159.513 159.826
159.269 159.380 159.553
159.217 159.394 159.729
159.264 161.331 166.848
160.202 160.308 160.433
160.085 160.244 160.528
160.148 160.283 160.454
159.098 159.370 159.603
159.176 159.406 159.562
159.024 159.887 160.979
159.054 159.331 159.655
159.051 159.253 159.643
159.042 159.378 159.666
159.104 159.344 159.629
159.118 159.307 159.530
159.122 159.391 159.681
159.117 159.190 159.266
159.224 159.537 159.890
159.894 160.582 161.295
159.088 159.565 160.845
159.093 159.191 159.263
159.191 161.328 169.512
159.145 159.345 159.710
159.090 159.174 159.302
159.081 159.309 159.657
159.171 159.604 160.579
159.034 159.170 159.374
159.104 159.192 159.304
159.257 159.529 159.881
159.062 159.195 159.597
159.023 159.238 159.407
159.077 159.137 159.208
159.067 159.342 159.599
159.025 159.338 159.604
159.118 160.513 163.755
159.133 159.294 159.470
158.972 159.701 160.484
159.029 159.477 160.396
159.179 159.272 159.508
159.248 160.036 161.346
159.100 159.324 159.672
159.120 159.379 159.723
159.042 159.262 159.430
159.098 159.241 159.466
159.123 159.184 159.223
159.163 159.250 159.452
159.144 159.401 159.704
159.159 159.392 159.507
159.217 159.530 159.730
159.157 159.261 159.411
159.049 160.480 162.965
159.069 159.217 159.466
158.914 160.614 165.710
159.089 159.310 159.478
159.100 160.298 162.353
159.269 160.759 163.027
158.925 159.120 159.392
159.046 159.367 159.900
159.021 159.406 160.726
159.013 159.546 160.433
158.988 159.105 159.297
159.092 159.330 159.654
159.114 159.435 160.248
159.012 159.320 160.037
159.028 159.378 160.260
164.818 166.939 170.161
164.815 171.707 177.747
165.799 170.990 173.443
159.012 165.057 176.645
159.477 165.572 174.879
161.797 170.325 173.639
166.744 171.653 177.385
163.412 171.552 176.127
159.046 159.314 159.766
159.090 159.493 160.245
159.020 159.303 159.698
159.128 159.359 159.543
159.163 159.379 159.676
159.128 159.594 160.632
159.082 159.170 159.249
159.165 159.281 159.365
159.164 159.374 159.658
159.178 159.337 159.622
159.285 159.371 159.484
159.143 159.307 159.560
159.187 159.439 159.941
159.178 159.267 159.386
160.743 163.304 166.628
159.374 159.539 159.850
159.172 159.422 159.827
159.507 159.963 161.139
159.211 159.747 160.753
159.257 159.537 160.165
159.211 159.322 159.535
159.440 161.961 164.539
159.672 161.853 165.399
170.110 176.461 179.419
171.683 177.087 180.076
167.937 174.435 179.502
169.835 176.852 181.527
167.462 173.455 178.400
177.592 178.683 180.377
159.113 159.426 159.675
159.159 159.329 159.459
159.142 159.236 159.315
159.093 159.298 159.616
159.145 159.340 159.590
159.135 159.437 159.928
159.173 159.300 159.536
159.126 159.307 159.659
159.117 159.273 159.409
159.088 159.655 161.245
159.071 159.307 159.763
159.022 159.284 159.568
159.405 159.561 159.864
159.245 159.445 159.679
159.123 159.252 159.441
159.541 160.236 161.022
159.338 159.426 159.452
159.080 159.319 159.530
159.420 159.667 160.011
159.060 159.284 159.619
159.087 159.354 159.654
159.067 159.208 159.307
159.111 159.379 159.805
159.099 159.190 159.346
159.271 159.410 159.582
159.079 159.323 159.615
159.164 161.194 168.433
159.315 159.478 159.698
159.258 159.329 159.477
159.146 159.312 159.515
159.021 159.771 160.720
159.214 159.341 159.632
159.133 159.242 159.447
159.079 159.261 159.412
159.115 159.209 159.395
159.094 159.274 159.448
159.126 159.424 159.739
159.243 159.481 159.766
159.055 159.296 159.578
159.096 159.307 159.611
159.186 159.240 159.353
159.267 159.494 159.838
159.097 159.228 159.295
159.130 159.347 159.568
159.158 159.279 159.452
159.070 159.531 160.660
159.219 159.553 159.729
159.115 159.213 159.376
159.401 159.803 160.500
159.118 159.353 159.495
159.113 159.206 159.306
159.344 159.846 161.416
159.169 159.256 159.346
159.098 159.342 159.692
159.163 159.255 159.404
159.055 159.229 159.444
159.135 159.462 159.646
159.075 159.265 159.485
159.143 159.240 159.426
158.980 159.213 159.461
159.088 159.509 160.809
159.155 159.292 159.769
159.178 159.300 159.448
159.117 159.700 161.289
159.144 159.613 160.877
159.227 159.453 159.741
159.188 159.356 159.634
159.207 159.273 159.416
159.152 159.290 159.427
159.184 159.402 159.617
159.112 159.771 161.680
159.027 159.142 159.261
159.012 159.293 159.489
159.083 159.238 159.350
159.112 159.486 159.827
159.100 159.137 159.206
159.036 159.136 159.196
159.088 159.245 159.389
158.964 159.093 159.155
158.956 159.085 159.273
159.268 159.916 160.724
159.000 159.317 159.576
158.960 159.140 159.356
158.995 159.240 159.483
159.011 159.125 159.304
159.142 159.185 159.214
159.207 159.405 159.602
159.069 159.227 159.358
159.104 159.219 159.344
159.033 159.093 159.146
159.051 159.083 159.100
159.119 159.389 159.852
159.071 159.311 159.668
159.081 159.100 159.118
159.054 159.503 160.259
159.147 159.418 160.028
159.096 159.472 160.734
159.163 159.375 159.638
159.047 159.219 159.427
159.042 159.237 159.408
159.048 159.205 159.373
158.787 158.899 159.093
158.823 158.946 159.098
158.821 158.924 159.119
158.833 158.924 159.169
158.780 158.940 159.281
158.810 158.941 159.165
158.769 158.908 159.092
158.869 158.958 159.030
158.786 158.843 158.919
158.739 159.822 160.776
158.810 158.915 159.086
158.861 158.975 159.378
158.780 158.896 159.039
158.763 158.866 158.969
158.758 158.813 158.874
158.833 159.009 159.337
158.783 158.843 158.910
158.745 158.968 159.506
158.776 158.930 159.024
158.758 158.887 159.052
158.810 158.885 158.960
158.769 158.845 158.951
158.826 159.114 159.695
158.885 158.946 158.981
158.939 158.990 159.084
158.806 158.883 158.999
158.718 158.873 159.052
158.759 159.008 159.650
158.814 158.908 159.057
158.854 158.914 158.958
158.779 158.846 158.954
158.810 158.890 159.127
158.878 159.604 162.351
158.770 158.833 158.889
158.801 158.908 159.039
158.780 158.904 159.136
158.829 158.889 158.968
158.834 158.884 158.991
158.789 158.878 159.107
158.737 158.846 158.966
158.819 158.899 159.047
158.822 158.880 158.915
158.765 158.897 159.063
158.735 158.848 159.050
158.748 158.965 159.402
158.827 160.966 169.386
158.742 158.826 158.961
158.808 158.862 158.951
158.820 158.877 158.948
158.811 158.891 158.986
158.751 158.824 158.913
158.815 159.022 159.435
158.720 158.787 158.858
158.759 158.785 158.831
158.728 158.822 158.993
158.764 158.870 158.992
158.836 158.926 158.998
158.780 158.835 158.904
158.837 159.042 159.597
158.740 158.926 159.237
158.742 158.833 158.902
158.755 159.083 159.465
158.708 158.823 159.000
158.745 158.829 158.933
158.775 158.858 159.002
158.715 158.904 159.183
158.764 158.881 159.042
158.767 158.850 158.924
159.035 159.215 159.447
159.067 163.297 180.070
159.025 159.187 159.480
159.082 159.187 159.303
159.085 159.132 159.192
159.117 159.129 159.150
159.170 160.017 160.971
159.159 159.830 160.715
159.075 159.127 159.204
159.025 159.195 159.400
159.043 159.131 159.275
159.030 159.086 159.128
159.029 159.062 159.117
159.065 159.131 159.210
159.082 159.545 160.983
159.071 159.138 159.215
159.021 159.106 159.216
159.023 159.113 159.207
159.074 159.155 159.245
159.002 159.065 159.212
159.058 159.127 159.273
159.062 159.163 159.250
159.110 159.136 159.164
159.048 159.116 159.195
159.041 159.146 159.231
159.073 159.149 159.343
159.037 159.190 159.473
159.108 159.156 159.200
159.053 159.458 160.898
159.049 159.142 159.217
159.015 159.112 159.204
159.028 159.097 159.172
159.032 159.136 159.211
158.970 159.098 159.185
159.032 159.090 159.126
159.043 159.096 159.149
159.069 159.492 160.922
159.059 159.138 159.213
159.046 159.249 159.895
159.006 159.104 159.201
159.081 159.114 159.202
158.978 159.180 159.591
159.036 159.086 159.178
159.073 159.112 159.190
159.020 159.101 159.144
159.018 159.122 159.169
158.991 159.073 159.161
159.050 159.126 159.263
159.074 159.176 159.334
159.049 159.127 159.368
158.962 159.032 159.143
159.047 159.103 159.239
159.037 159.100 159.195
159.073 159.223 159.334
159.017 159.075 159.142
159.098 159.151 159.184
159.041 159.094 159.179
158.992 159.103 159.286
158.981 159.049 159.107
159.035 159.148 159.502
158.976 159.064 159.151
159.059 159.134 159.210
159.036 159.112 159.268
159.048 159.142 159.282
159.060 159.233 159.690
159.033 159.110 159.184
159.050 159.225 159.809
159.009 159.096 159.190
159.009 159.116 159.399
159.037 159.166 159.389
159.055 159.146 159.291
159.003 159.064 159.144
158.961 159.089 159.281
158.904 158.957 159.076
158.900 159.111 159.784
158.879 159.043 159.265
158.867 158.958 159.091
158.868 158.948 158.999
158.866 158.934 158.983
158.892 158.998 159.128
158.977 158.999 159.030
158.897 158.982 159.064
158.910 159.016 159.219
158.891 158.972 159.057
158.842 159.027 159.437
158.879 159.000 159.208
158.878 159.268 160.396
158.922 158.943 158.956
159.080 159.983 160.863
158.906 159.007 159.155
158.920 158.988 159.059
158.882 159.104 159.631
158.887 161.290 170.398
158.955 159.150 159.521
158.890 158.943 159.045
158.975 158.995 159.035
158.893 158.943 159.062
158.951 158.987 159.052
158.833 158.944 159.242
158.888 158.995 159.174
158.860 158.937 159.023
158.840 158.902 158.938
158.900 159.149 159.432
158.894 158.935 158.957
158.900 158.943 159.041
158.874 159.029 159.379
158.828 158.952 159.080
158.900 158.949 159.013
158.863 159.170 160.004
158.849 158.942 159.174
158.836 158.927 159.038
158.852 158.952 159.144
158.843 158.919 158.972
158.856 158.944 159.079
158.873 160.171 164.645
158.908 159.049 159.225
158.907 159.165 159.625
158.851 159.027 159.226
158.914 160.983 168.596
158.958 159.129 159.504
158.888 159.133 159.692
158.856 158.978 159.165
159.011 159.074 159.140
159.026 159.157 159.333
158.997 159.084 159.166
158.965 159.049 159.193
158.993 159.033 159.100
159.008 159.084 159.166
159.027 159.146 159.335
158.952 159.034 159.101
158.991 159.071 159.104
158.997 159.059 159.114
159.017 159.133 159.222
159.005 159.067 159.120
159.064 159.122 159.185
159.008 159.288 160.009
159.139 159.429 160.377
158.984 159.100 159.262
159.031 159.101 159.169
159.052 159.139 159.311
159.015 159.099 159.266
159.025 159.099 159.169
159.001 159.047 159.086
158.970 159.048 159.146
159.015 159.096 159.283
159.043 159.095 159.171
159.026 159.084 159.164
158.928 158.999 159.113
158.885 159.037 159.195
158.887 159.435 160.287
158.892 160.281 165.644
158.945 159.012 159.149
158.948 158.995 159.063
158.864 158.916 158.961
158.931 158.948 158.971
158.960 159.310 160.502
158.856 158.992 159.096
158.947 159.092 159.400
158.873 159.049 159.547
158.959 159.007 159.186
158.900 158.979 159.064
158.927 158.987 159.045
158.924 159.247 160.457
158.915 158.958 159.035
158.918 159.194 160.034
158.921 158.988 159.069
158.945 159.328 160.572
158.881 158.982 159.094
158.893 158.962 159.036
158.914 159.029 159.113
158.867 159.053 159.223
158.992 159.083 159.148
159.015 159.085 159.237
159.047 159.114 159.279
159.017 159.060 159.119
158.996 159.118 159.328
159.046 159.241 159.930
159.055 159.312 160.155
158.979 159.120 159.298
159.078 159.167 159.385
159.050 159.200 159.356
159.030 159.152 159.297
159.021 159.160 159.371
159.025 159.095 159.177
159.102 159.195 159.453
159.080 159.205 159.427
159.028 159.130 159.185
159.109 159.247 159.355
159.062 159.283 159.897
159.151 159.401 159.673
159.059 159.143 159.215
159.077 159.245 159.586
159.123 159.216 159.380
159.107 159.195 159.276
159.055 159.156 159.362
159.056 160.303 164.540
159.057 159.374 160.424
159.094 159.163 159.263
159.034 159.073 159.120
159.042 159.136 159.226
159.133 160.083 160.728
159.072 159.334 159.865
159.007 159.191 159.265
159.121 159.196 159.289
159.127 159.225 159.330
159.118 159.223 159.390
159.038 159.124 159.366
159.088 159.195 159.390
159.189 159.566 160.119
159.115 159.879 161.726
159.085 159.164 159.281
162.455 168.223 175.927
159.115 162.916 171.182
160.554 172.029 179.259
159.170 160.809 165.059
170.142 175.314 179.222
166.568 171.477 176.716
161.986 173.217 180.477
174.468 178.125 181.184
174.155 179.465 181.754
173.670 176.624 182.086
171.510 175.914 181.842
173.856 177.299 179.917
174.621 177.766 179.164
164.072 175.117 182.717
172.899 177.623 180.077
177.818 180.643 183.110
179.639 181.663 182.815
167.304 175.129 178.574
174.721 178.217 181.751
174.088 179.935 183.097
169.611 174.642 179.766
166.417 175.543 180.654
171.244 177.042 181.640
173.650 178.649 182.464
176.040 179.845 182.621
174.683 177.694 180.467
169.678 174.320 179.488
174.094 180.558 184.903
173.887 176.329 179.066
179.333 182.049 184.904
162.848 173.491 179.239
174.412 176.542 180.406
176.908 179.249 182.451
176.502 178.579 182.870
184.576 191.114 197.556
158.927 162.743 169.501
159.152 160.300 164.322
167.194 173.188 180.341
171.464 175.644 178.423
159.699 169.298 175.883
158.996 159.310 159.748
159.942 169.641 186.739
172.757 177.816 189.297
167.280 173.706 177.742
176.095 179.364 181.086
169.983 177.898 181.438
169.940 175.597 183.248
163.845 169.053 176.297
165.795 175.253 184.601
171.571 177.703 182.591
177.939 181.523 188.374
176.790 186.060 193.575
174.702 181.356 190.823
158.825 169.052 177.686
160.490 167.830 177.536
173.683 175.885 177.997
161.499 166.264 173.072
159.712 169.548 178.194
159.099 159.335 159.922
159.113 159.201 159.314
159.574 164.812 170.748
167.457 171.998 178.156
163.627 171.718 180.221
172.929 177.207 180.371
161.659 172.200 181.347
159.981 168.425 181.723
159.537 160.764 162.276
159.354 160.104 161.470
159.191 160.036 161.516
159.202 160.001 161.006
159.447 160.306 162.458
159.235 159.911 161.981
159.262 159.888 160.881
159.528 159.970 160.671
159.249 160.793 164.565
161.768 167.298 170.505
160.893 168.149 181.239
159.427 165.317 173.198
169.150 173.906 179.386
162.033 173.282 180.125
164.202 175.082 188.333
164.637 175.882 186.985
159.266 161.884 165.503
159.031 159.263 159.806
158.963 159.081 159.374
158.979 159.093 159.313
161.927 173.132 180.488
176.306 181.535 190.878
172.419 175.680 177.798
174.368 177.643 181.554
170.768 176.318 181.590
170.047 178.520 182.366
177.100 179.648 181.474
173.984 179.307 184.332
177.317 178.668 180.691
167.850 176.867 181.850
176.236 179.985 182.126
175.478 179.287 183.170
176.525 179.224 181.862
164.786 182.461 201.640
163.124 178.941 198.986
171.658 175.469 178.916
159.686 160.592 161.150
159.667 160.593 161.436
159.316 160.660 162.724
159.123 159.971 160.843
159.763 161.796 164.383
159.234 160.626 162.997
159.088 159.812 162.269
160.933 163.337 170.564
161.187 161.444 161.674
159.802 161.072 161.930
160.642 163.169 169.684
161.419 161.788 162.333
161.056 161.399 161.726
161.402 162.162 163.048
161.389 161.839 162.826
164.542 169.032 177.834
165.973 171.117 180.295
167.415 179.674 194.787
169.094 176.601 181.537
171.034 176.322 183.115
174.559 180.200 193.278
172.369 176.020 178.917
174.516 180.359 192.758
176.672 178.056 179.700
170.182 178.201 182.646
176.312 179.203 181.668
173.586 177.542 181.949
173.399 186.813 225.212
172.217 178.386 181.502
176.750 179.122 181.059
175.871 177.890 182.160
171.340 179.657 184.318
173.341 178.535 182.940
169.856 177.894 184.115
160.478 169.299 188.765
159.221 163.715 167.579
159.673 162.788 165.453
159.343 165.969 170.588
166.860 169.699 173.283
159.862 162.873 164.553
159.397 160.495 161.200
159.405 165.594 171.947
159.986 166.974 170.877
160.242 163.326 167.369
159.150 160.720 166.623
159.406 163.479 170.251
159.196 162.512 166.684
159.335 160.735 162.844
160.275 166.479 172.923
159.646 160.769 162.419
159.572 164.129 169.623
159.159 159.731 160.303
159.323 160.838 162.699
159.017 159.487 159.978
159.039 159.658 160.428
160.705 162.761 167.441
159.029 165.396 189.408
159.748 162.299 167.062
159.003 161.419 168.983
159.004 166.602 174.480
159.193 161.412 164.538
159.125 159.699 160.871
159.341 160.312 163.842
159.038 160.700 161.968
159.016 164.003 169.887
159.074 162.267 171.952
159.328 160.476 162.412
159.522 161.837 166.180
159.103 164.020 167.553
159.726 166.091 172.886
159.173 160.699 164.997
159.074 160.865 166.072
158.875 159.260 159.868
159.185 159.367 159.572
159.195 159.617 160.681
158.979 160.281 164.766
158.993 159.107 159.225
158.998 159.253 159.557
174.067 176.389 179.802
159.101 159.309 159.583
159.135 159.378 159.816
159.088 159.301 159.458
159.123 159.248 159.522
159.093 159.284 159.615
159.127 159.270 159.415
159.234 159.319 159.548
160.064 170.018 176.292
159.160 159.428 159.910
159.251 159.283 159.352
159.167 159.264 159.418
159.292 159.696 160.985
159.147 159.679 161.460
159.260 159.533 159.805
159.090 159.614 160.935
159.109 159.396 159.748
159.182 159.496 159.987
159.159 159.434 159.844
159.218 159.554 160.343
159.134 159.451 160.031
159.344 163.096 177.239
159.276 159.341 159.459
159.098 160.141 161.068
159.132 160.233 163.459
159.212 159.993 160.386
159.331 159.816 160.312
159.231 159.417 159.766
159.128 160.085 162.953
159.180 159.559 160.062
159.880 161.774 163.848
159.280 159.569 160.406
159.090 159.237 159.422
159.307 159.412 159.596
159.052 159.317 159.749
159.073 159.341 159.653
159.100 162.624 175.352
159.215 159.331 159.545
159.139 159.435 159.900
159.171 159.360 159.579
159.282 159.500 159.819
159.247 159.473 160.018
159.120 159.408 159.965
159.188 159.474 159.984
159.044 159.187 159.297
159.303 162.980 177.116
159.052 159.296 159.655
159.199 159.460 159.978
159.146 159.278 159.507
159.105 159.227 159.493
159.141 159.750 161.889
159.212 159.337 159.478
159.176 159.838 160.241
159.977 160.445 161.290
159.260 160.564 161.417
161.450 162.354 163.205
159.725 160.805 161.601
160.922 161.478 162.560
175.710 176.635 177.190
161.262 172.860 184.078
162.803 172.586 178.161
179.327 180.340 181.615
168.803 176.588 181.717
171.315 177.126 183.862
174.241 185.119 193.521
162.050 177.186 187.681
173.458 181.653 186.467
173.012 179.984 184.862
181.984 184.601 187.179
172.986 182.031 196.441
177.262 184.415 194.260
171.386 185.863 194.339
171.478 178.680 183.627
166.928 180.697 187.431
162.681 167.857 173.419
163.921 167.284 170.951
164.101 168.626 176.745
170.661 174.590 179.291
164.295 173.189 180.424
159.348 159.789 161.252
159.142 159.362 159.795
159.088 159.366 159.720
159.256 159.741 160.387
160.442 164.581 172.864
159.473 161.128 164.248
160.499 164.238 172.278
159.242 164.608 176.841
159.383 161.657 168.868
159.169 159.348 159.649
159.244 159.629 159.957
159.366 159.740 160.783
159.245 159.574 159.826
159.258 159.638 160.573
159.104 159.427 159.733
159.228 159.583 159.914
159.188 159.650 160.960
159.233 159.577 160.694
159.323 161.193 166.991
159.332 159.667 160.744
159.184 159.480 159.985
159.029 159.323 159.812
159.110 159.406 160.108
159.318 159.581 159.983
159.118 159.295 159.466
159.229 159.412 159.621
159.262 159.591 159.963
159.235 159.296 159.360
159.181 159.517 160.049
159.190 159.314 159.550
159.232 159.705 160.510
159.232 159.291 159.478
159.262 159.491 160.112
159.212 159.694 160.852
159.248 159.391 159.568
159.152 159.264 159.429
159.247 159.535 160.111
159.142 159.468 160.028
159.258 159.443 159.541
159.325 159.762 161.140
159.193 159.974 162.640
159.205 160.366 164.621
159.166 159.246 159.340
159.175 159.348 159.507
159.292 159.753 160.199
159.349 159.768 160.681
159.151 159.353 159.525
159.125 159.300 159.492
159.203 159.270 159.378
159.201 159.435 159.655
159.277 159.664 160.871
159.262 159.364 159.523
159.160 159.312 159.530
159.189 160.028 162.732
159.156 159.684 160.989
159.139 159.291 159.541
159.155 159.389 159.658
159.266 159.491 159.620
159.196 159.296 159.449
159.221 159.333 159.471
159.178 159.535 160.487
159.246 159.449 159.710
159.204 159.398 159.653
159.155 159.260 159.459
159.089 159.318 159.703
159.215 159.487 160.185
159.325 159.468 159.578
159.096 159.223 159.349
158.994 159.125 159.322
159.082 159.206 159.467
158.989 159.173 159.652
159.075 159.292 159.744
158.973 159.070 159.211
158.985 159.077 159.178
159.043 159.187 159.394
158.987 159.024 159.105
158.989 159.140 159.314
159.013 159.353 160.116
158.999 160.913 167.884
158.995 159.105 159.366
159.002 159.091 159.230
159.047 159.427 160.650
158.984 159.095 159.199
158.959 159.085 159.172
158.999 159.135 159.422
159.069 159.351 159.879
159.042 159.195 159.300
158.974 159.022 159.050
158.902 159.275 159.724
158.992 159.181 159.417
159.059 159.190 159.341
158.943 159.070 159.266
158.882 159.236 159.645
159.068 159.272 159.450
159.064 159.259 159.391
159.060 161.191 168.400
159.015 159.093 159.164
159.177 159.310 159.541
159.058 161.307 169.548
158.966 159.146 159.350
159.039 159.225 159.447
158.997 159.286 159.924
159.128 159.290 159.399
159.026 159.298 159.520
158.936 159.221 159.563
158.991 159.094 159.172
159.252 160.268 161.281
159.029 159.154 159.374
159.060 159.204 159.346
159.160 159.412 159.904
158.907 159.104 159.537
158.921 159.195 159.757
158.902 159.118 159.315
159.026 159.538 160.258
159.036 159.072 159.145
158.964 160.922 167.917
158.942 159.305 159.716
159.233 160.958 164.057
159.070 163.819 177.909
159.712 164.267 168.951
161.630 165.064 171.107
159.425 164.145 168.953
160.216 164.237 173.738
159.592 166.778 176.603
159.250 160.973 163.313
159.310 170.762 174.516
162.459 164.306 166.991
163.571 166.750 169.708
159.122 159.962 161.071
159.116 159.898 161.002
158.972 159.427 159.958
159.363 160.825 165.156
159.132 159.546 160.390
160.680 166.385 174.792
159.325 161.035 163.945
159.055 163.198 170.034
158.920 159.153 159.585
159.031 159.153 159.288
159.013 159.375 159.719
159.127 159.666 161.143
158.974 159.503 160.688
158.982 159.507 159.841
159.064 159.284 159.528
159.224 159.565 160.273
159.189 159.701 160.407
159.276 161.401 164.039
158.949 159.160 159.487
159.634 164.835 169.639
159.186 159.387 159.920
159.095 160.548 161.779
158.989 159.375 159.752
158.990 159.427 159.854
159.120 159.698 161.201
159.356 159.655 160.146
159.240 162.634 171.495
159.175 159.757 160.493
159.051 159.243 159.504
159.143 160.016 161.359
159.429 160.022 161.132
159.130 159.517 159.821
159.029 160.820 166.082
159.600 160.807 163.147
159.163 159.795 162.018
159.166 164.323 181.838
159.071 159.832 160.850
170.767 175.837 181.421
159.104 161.378 168.340
158.939 159.907 161.514
158.950 159.161 159.352
159.432 161.341 167.587
159.318 161.787 170.228
159.395 161.384 163.984
166.671 168.028 169.933
160.881 174.551 179.996
159.042 160.100 163.314
159.047 159.352 159.658
159.173 159.838 160.818
159.121 159.285 159.621
159.100 159.160 159.265
159.447 161.605 163.294
159.456 159.776 160.226
159.232 159.968 160.900
159.141 160.394 161.597
159.974 161.317 164.279
159.554 160.199 161.214
159.507 160.329 161.748
159.496 159.756 160.226
159.240 159.728 161.149
159.087 159.590 160.109
159.095 159.499 160.039
159.153 159.656 160.506
159.261 159.520 159.908
159.398 160.551 162.545
159.867 161.237 163.887
160.215 162.452 164.810
159.349 159.693 160.744
159.097 159.228 159.329
159.393 159.633 159.822
159.099 159.376 159.751
159.173 159.828 161.010
159.161 160.658 163.651
159.587 160.174 160.921
159.189 159.779 160.579
159.132 159.476 160.538
159.168 159.325 159.478
159.301 159.459 159.651
159.143 159.471 160.024
159.326 159.420 159.535
159.170 159.506 160.025
159.148 159.339 159.553
159.219 159.399 159.487
159.031 159.176 159.420
159.396 159.693 160.072
159.199 159.430 159.908
159.207 159.372 159.694
159.079 159.204 159.361
159.095 159.165 159.266
159.100 159.295 159.452
158.988 159.633 161.180
159.154 159.284 159.649
159.105 159.437 160.357
158.977 159.263 159.558
159.083 159.323 159.842
159.289 159.550 160.039
159.127 159.515 160.031
159.122 159.345 159.648
159.072 159.218 159.417
159.027 159.264 159.685
158.995 159.144 159.408
159.058 159.249 159.408
159.144 159.272 159.447
159.120 159.293 159.555
159.107 159.441 160.256
158.973 159.217 159.533
159.104 159.333 159.512
159.015 159.168 159.377
159.085 159.242 159.513
159.092 159.167 159.380
159.075 159.327 159.809
159.079 159.168 159.331
159.023 159.190 159.370
158.983 159.185 159.497
159.089 159.221 159.433
158.948 159.205 159.378
159.015 159.133 159.351
158.970 159.591 161.213
159.037 159.256 159.376
159.068 159.158 159.343
159.017 159.160 159.346
159.062 159.193 159.389
159.038 159.079 159.138
159.009 159.090 159.184
163.658 168.588 174.760
159.038 159.148 159.295
158.990 159.149 159.328
159.051 161.762 169.211
158.975 159.212 159.475
158.980 159.135 159.285
159.074 159.170 159.403
159.014 160.163 164.181
159.036 159.103 159.172
158.997 159.184 159.595
159.017 159.125 159.331
159.014 159.094 159.249
158.982 159.176 159.406
159.024 159.202 159.415
159.075 159.194 159.403
159.087 159.212 159.483
159.142 159.358 159.494
159.174 159.370 159.813
159.113 159.268 159.658
159.138 159.384 159.697
159.087 159.174 159.425
159.204 159.428 159.522
159.128 159.270 159.586
159.067 159.324 159.494
159.143 159.463 160.158
159.104 159.234 159.471
159.165 160.395 165.213
159.091 159.181 159.227
159.153 159.285 159.507
159.021 159.141 159.230
158.941 159.314 160.315
159.002 159.232 159.443
158.967 159.156 159.250
159.675 159.940 160.326
159.095 159.223 159.388
158.938 159.186 159.279
159.030 159.242 159.371
158.883 159.100 159.272
158.999 159.191 159.378
158.903 159.013 159.230
159.130 159.249 159.476
158.978 159.176 159.247
158.935 159.175 159.289
158.984 159.131 159.252
159.147 159.221 159.300
158.972 159.144 159.402
159.034 159.304 159.882
159.183 159.231 159.344
159.033 159.102 159.166
159.058 159.462 160.820
159.043 159.104 159.172
159.089 159.126 159.172
159.057 159.151 159.417
159.060 159.081 159.148
159.057 159.169 159.377
158.990 159.071 159.175
159.035 159.105 159.213
159.032 160.382 164.825
159.043 159.230 159.418
158.879 158.961 159.117
158.898 158.980 159.089
158.877 158.935 158.997
158.913 158.992 159.179
158.864 158.930 159.011
158.871 158.930 158.968
158.868 158.967 159.061
158.930 158.993 159.118
158.836 158.892 158.981
158.901 159.451 160.893
158.891 158.946 159.005
158.913 158.930 158.941
158.897 158.959 159.090
158.917 158.982 159.032
158.900 158.949 158.990
158.837 158.968 159.058
158.863 158.928 159.016
158.933 159.256 160.449
158.845 158.968 159.054
158.959 159.045 159.306
158.866 158.980 159.271
158.843 158.923 159.135
158.978 159.086 159.299
158.896 158.940 158.995
158.864 158.938 159.025
158.942 159.597 160.846
158.964 159.009 159.062
158.897 158.928 158.954
158.828 158.939 159.085
158.883 159.023 159.243
158.889 158.931 159.018
158.941 160.986 168.991
158.853 158.976 159.062
158.876 158.921 158.966
158.895 158.933 158.987
158.880 158.908 158.928
158.852 158.965 159.136
158.968 159.050 159.163
158.900 158.981 159.130
158.910 159.186 160.067
158.904 159.036 159.482
158.871 158.929 159.028
158.898 158.922 158.952
158.860 159.085 159.621
158.882 158.906 158.933
158.879 158.935 158.971
158.914 159.045 159.225
158.885 159.005 159.213
158.845 158.887 158.926
158.916 159.036 159.155
158.966 159.003 159.021
158.942 158.999 159.042
158.909 159.130 159.425
162.342 162.406 162.454
162.349 162.390 162.413
158.624 158.795 158.933
158.589 158.727 158.784
158.695 158.930 159.530
158.726 158.886 159.067
158.745 158.978 159.806
158.676 158.772 158.937
158.644 158.789 158.942
158.642 158.823 159.077
158.683 158.755 158.856
158.668 158.740 158.815
158.664 158.731 158.776
158.732 158.765 158.866
158.605 158.741 158.804
158.684 158.711 158.749
158.756 158.976 159.725
158.590 158.768 158.911
158.630 158.782 159.123
158.659 158.759 158.843
158.773 158.831 158.878
158.758 158.932 159.292
158.731 158.984 159.765
158.777 158.859 158.995
158.809 159.159 160.172
158.728 158.862 159.088
158.767 158.866 159.007
158.835 158.868 158.927
158.772 158.798 158.829
158.717 158.825 158.943
158.746 158.820 158.950
158.743 158.809 158.919
158.714 158.864 159.064
158.757 158.777 158.820
158.776 158.910 159.012
158.754 158.829 158.874
158.753 158.825 158.965
158.682 158.826 158.941
158.838 158.917 159.115
158.727 158.863 159.075
158.810 158.951 159.284
158.796 158.847 158.894
158.819 158.970 159.341
158.749 158.804 158.931
158.759 158.955 159.533
158.608 158.851 159.587
158.685 158.766 159.015
158.664 158.776 159.129
158.626 158.871 159.622
158.657 158.720 158.831
158.674 158.802 158.996
158.690 158.940 159.602
158.580 158.673 158.739
158.590 160.071 165.617
158.670 158.747 158.849
158.627 158.713 158.805
158.559 158.622 158.690
158.627 158.704 158.832
158.616 158.672 158.754
158.622 158.695 158.744
158.626 159.076 160.655
158.739 158.828 158.947
158.616 158.669 158.713
158.620 159.370 161.893
158.612 159.004 159.616
158.615 158.708 158.832
158.603 158.697 158.836
158.704 159.066 159.622
158.598 158.694 158.772
158.671 158.695 158.723
158.572 158.647 158.722
158.606 158.702 158.984
158.648 158.680 158.743
158.606 158.733 158.864
158.664 158.740 158.865
158.611 158.717 158.823
158.695 158.723 158.775
158.616 158.679 158.756
158.661 158.941 159.814
158.694 158.775 158.853
158.670 158.729 158.783
158.571 158.669 158.846
158.567 158.667 158.782
158.621 158.768 158.958
158.597 158.693 158.860
158.610 158.741 158.829
158.593 158.969 159.905
158.635 158.970 159.713
158.595 158.664 158.723
158.620 158.904 159.703
158.631 158.654 158.684
158.656 159.833 163.832
158.649 159.008 160.151
158.646 158.678 158.712
158.480 158.536 158.627
158.477 158.534 158.566
158.492 158.629 158.789
158.451 158.506 158.589
158.453 158.540 158.711
158.475 158.565 158.725
158.864 159.584 160.453
158.430 158.540 158.804
158.530 158.748 159.588
158.519 158.583 158.748
158.526 158.616 158.737
158.526 158.577 158.614
158.508 158.769 159.492
158.471 158.547 158.652
158.493 158.601 158.783
158.599 158.736 158.879
158.586 160.075 165.711
158.423 158.585 158.689
158.499 158.659 158.729
158.445 158.555 158.742
158.475 158.525 158.646
158.504 158.548 158.612
158.435 158.576 158.791
158.510 158.563 158.670
158.451 158.631 158.803
158.544 158.603 158.650
158.477 158.754 159.282
158.466 158.589 158.710
158.540 158.607 158.708
158.545 160.583 168.528
158.460 158.568 158.670
158.489 158.630 158.865
158.477 158.559 158.702
158.480 158.521 158.612
158.512 158.579 158.676
158.452 158.530 158.646
158.581 159.075 160.666
158.492 158.610 158.805
158.494 158.547 158.609
158.472 158.558 158.642
158.502 158.564 158.658
158.546 158.592 158.680
158.466 158.551 158.588
158.527 158.588 158.707
158.497 158.572 158.669
158.440 158.601 158.727
158.477 158.559 158.748
158.562 160.749 169.077
158.512 158.552 158.572
158.498 158.579 158.689
158.534 158.624 158.811
158.514 158.560 158.604
158.487 158.607 158.802
158.437 158.514 158.557
158.473 158.585 158.661
158.489 158.726 159.066
158.489 158.593 158.766
158.467 158.590 158.728
158.537 158.607 158.690
158.447 158.596 158.688
158.690 158.729 158.782
158.503 158.622 158.813
158.555 158.620 158.686
158.585 158.621 158.647
158.505 158.614 158.715
158.511 158.618 158.730
158.587 158.734 159.204
158.542 158.601 158.678
158.436 158.530 158.618
158.522 158.623 158.774
158.536 158.684 158.798
158.522 158.961 159.959
158.564 158.667 158.713
158.675 158.790 158.963
158.689 158.738 158.819
158.660 158.792 158.953
158.616 158.794 158.854
158.679 158.740 158.864
158.689 159.121 160.452
158.630 159.153 160.424
158.567 158.762 158.941
158.669 158.810 158.926
158.721 158.788 158.864
158.624 158.799 158.922
158.637 158.780 159.095
158.657 158.899 159.439
158.771 158.822 158.908
158.686 158.767 158.826
158.710 158.756 158.868
158.638 159.044 160.128
158.684 158.757 158.901
158.623 158.732 158.820
158.634 158.702 158.770
158.642 158.752 158.857
158.628 158.741 158.861
160.039 164.478 169.856
162.245 166.429 171.088
158.972 162.515 168.011
158.632 162.398 171.184
165.260 168.256 175.610
158.865 166.551 173.304
168.608 171.905 176.737
163.112 165.538 170.821
163.590 173.504 182.304
165.237 171.234 182.775
161.053 173.194 183.414
175.238 176.818 180.937
165.395 172.894 187.160
168.964 173.020 176.793
166.266 173.780 179.118
158.580 161.686 168.250
158.691 159.679 160.949
158.604 158.805 159.030
158.527 161.585 166.300
158.672 160.309 162.948
158.689 160.732 166.374
158.739 164.094 174.334
158.632 165.015 174.452
159.370 166.320 172.211
173.535 178.173 181.087
166.846 174.567 181.608
174.511 180.264 182.333
158.719 163.899 168.080
162.647 173.223 178.394
161.676 169.455 175.089
168.186 171.288 175.040
170.321 174.377 178.555
170.336 174.161 179.024
162.349 168.601 177.973
161.083 170.934 175.193
165.529 171.592 177.725
166.713 168.851 173.397
158.574 159.981 162.184
159.469 165.537 172.629
161.156 171.669 182.237
159.719 168.706 171.914
158.610 159.032 160.328
158.544 159.216 160.046
158.735 158.998 159.199
158.700 160.251 164.396
158.733 161.918 167.021
158.728 159.523 161.218
161.365 165.373 169.140
165.537 172.694 176.776
167.163 171.652 174.558
164.652 169.548 177.302
158.925 159.222 159.571
158.903 159.019 159.207
158.901 159.094 159.497
158.903 159.048 159.265
158.820 159.325 160.445
158.793 158.934 159.002
158.860 158.960 159.061
158.798 158.892 159.086
158.932 158.976 159.036
158.768 158.870 159.059
158.886 159.117 159.673
158.799 158.892 159.034
158.850 158.965 159.109
158.814 158.910 159.093
158.860 158.919 158.990
158.780 158.912 159.049
158.846 159.234 160.064
158.834 158.884 158.951
158.919 158.967 159.053
158.887 158.916 158.969
158.819 158.971 159.098
158.867 158.971 159.048
158.870 159.473 160.902
158.849 159.072 159.686
158.969 159.084 159.173
159.501 160.737 162.470
160.630 162.886 165.082
158.838 160.621 165.415
166.522 170.187 174.336
158.840 159.343 160.087
158.737 158.838 158.938
158.712 158.877 159.235
158.767 158.870 159.042
158.759 158.934 159.125
158.794 158.853 159.010
158.745 159.023 159.556
158.666 158.761 158.922
158.735 158.834 158.988
158.709 158.798 158.873
158.959 159.704 160.636
158.702 158.781 158.881
158.783 158.853 159.018
158.681 158.841 158.963
158.907 159.086 159.438
158.696 158.967 159.375
158.829 159.008 159.476
158.704 158.854 159.053
159.266 165.872 171.123
158.747 158.903 159.037
158.776 158.949 159.188
158.776 158.975 159.282
158.710 158.848 159.111
158.860 158.994 159.141
158.760 158.990 159.359
158.772 158.868 158.955
158.701 158.847 159.071
158.751 158.828 158.941
158.660 158.807 158.884
158.713 158.969 159.207
158.789 158.840 158.882
158.770 158.917 159.217
158.729 158.853 158.926
158.710 158.869 159.022
158.800 158.912 159.116
158.723 158.792 158.884
158.805 158.890 159.004
158.662 158.754 158.813
158.787 158.879 158.952
158.732 158.805 158.844
158.672 158.857 159.227
158.703 158.771 158.860
158.695 158.975 159.650
158.740 158.814 158.930
158.752 158.816 158.898
158.664 158.782 158.954
158.659 158.898 159.272
158.734 158.824 158.885
158.635 158.833 158.941
158.758 158.802 158.861
158.702 158.860 158.960
158.746 159.000 159.273
158.814 158.910 159.054
158.692 158.802 159.000
158.707 158.763 158.831
158.627 158.810 158.958
158.680 158.903 159.255
158.801 158.949 159.144
158.744 158.832 158.933
158.679 158.909 159.078
158.782 158.859 158.982
158.752 158.850 159.026
158.908 159.378 160.694
158.760 158.895 159.082
158.755 158.810 158.895
158.843 158.940 159.043
158.732 158.951 159.572
158.755 158.897 159.071
158.705 158.844 159.078
158.818 159.027 159.567
158.808 158.899 158.985
158.764 158.933 159.005
158.811 159.285 160.967
158.744 158.839 159.055
158.799 158.923 159.137
158.773 158.878 159.128
158.786 158.998 159.638
158.937 159.295 160.271
158.697 158.890 159.186
158.716 158.906 159.044
158.715 158.792 158.900
158.909 158.958 159.034
158.841 159.010 159.149
158.763 159.411 160.310
158.990 159.124 159.288
158.858 158.926 158.981
158.831 159.228 160.406
158.901 159.093 159.256
158.932 159.194 159.512
158.999 159.308 160.129
158.914 159.449 160.123
159.103 159.640 160.847
159.858 160.808 162.815
161.722 172.709 180.585
171.826 173.872 176.732
168.125 178.279 191.368
169.544 178.073 181.014
166.494 173.787 181.361
159.248 160.797 164.982
158.781 159.004 159.211
158.848 159.046 159.401
158.831 158.908 159.038
158.879 159.321 160.103
158.751 159.363 160.294
158.858 159.194 160.082
158.751 159.559 161.492
159.539 160.552 162.137
158.945 160.625 162.975
158.949 163.717 167.647
160.811 164.001 166.276
161.149 165.971 172.970
173.684 176.152 178.674
167.342 178.218 182.503
158.885 168.469 182.314
160.040 174.921 182.112
166.168 174.224 183.716
162.926 169.649 176.038
160.707 176.160 183.541
163.341 169.860 178.521
159.096 167.434 177.391
159.290 169.247 178.569
159.205 172.534 178.902
158.995 160.478 162.369
159.355 159.945 161.078
160.157 162.603 166.014
168.314 170.981 172.479
159.317 168.684 176.050
167.903 173.880 180.078
163.475 170.700 178.040
159.257 170.043 177.251
158.991 166.304 174.422
159.596 170.517 179.255
159.486 166.219 173.470
159.251 166.237 174.999
169.394 171.504 175.941
175.563 177.837 180.268
171.661 173.843 175.879
160.590 171.440 179.453
159.627 166.819 178.732
164.653 169.754 172.930
172.946 175.716 179.031
168.120 173.189 179.874
162.073 172.894 179.895
159.065 161.579 170.214
158.851 158.958 159.171
158.941 159.303 159.660
158.900 159.392 160.499
158.946 159.281 159.880
159.035 159.245 159.834
158.939 159.223 159.487
159.105 160.195 161.216
158.940 159.608 161.087
159.634 160.734 162.011
159.142 159.745 160.626
158.839 159.042 159.325
159.480 159.863 160.630
159.245 159.905 160.844
165.338 170.745 179.828
160.686 175.112 181.700
173.492 176.650 179.070
162.427 176.144 181.679
162.824 173.254 178.333
174.805 177.161 181.308
164.554 177.404 183.542
167.362 174.845 182.240
161.124 176.792 183.850
161.473 176.323 180.850
166.541 174.834 181.143
168.476 171.719 174.962
173.131 173.131 173.131
170.017 173.076 176.448
165.637 170.513 174.114
168.940 172.505 174.505
166.363 169.235 171.969
164.152 167.755 172.167
161.979 170.404 178.073
158.947 159.096 159.239
158.788 159.045 159.192
159.092 159.476 160.609
158.837 158.980 159.143
161.279 164.112 165.275
160.032 161.465 163.093
159.120 159.385 159.655
159.052 159.351 159.707
158.969 159.235 159.547
158.894 159.034 159.148
159.041 159.349 159.814
158.925 159.250 159.551
158.873 159.255 159.552
159.060 159.456 159.868
159.662 161.653 164.342
158.935 159.244 159.427
159.452 159.968 161.130
159.060 159.698 160.458
158.889 159.171 159.519
159.201 160.159 162.016
158.827 159.211 159.640
159.141 159.466 159.882
159.036 159.165 159.366
159.018 159.182 159.355
158.935 159.231 160.174
158.832 159.436 161.068
158.786 159.007 159.161
158.855 158.963 159.026
158.965 159.041 159.191
158.793 158.992 159.188
158.854 159.008 159.131
158.817 159.083 159.798
158.873 158.963 159.118
158.792 159.284 159.933
158.897 158.964 159.139
158.840 159.038 159.268
158.877 158.949 159.088
158.788 159.226 160.578
158.782 159.021 159.346
158.857 159.363 161.125
158.863 159.081 159.509
158.910 159.047 159.168
158.867 158.942 159.018
158.818 159.077 159.217
158.996 159.183 159.622
158.905 159.020 159.174
158.870 159.015 159.323
159.123 160.056 162.941
159.015 159.977 162.715
159.073 159.811 160.701
160.105 163.461 168.835
160.926 167.272 174.324
161.516 167.752 173.354
165.711 171.950 177.780
168.828 170.789 171.687
171.282 174.229 176.468
159.485 161.697 165.618
168.824 173.856 178.059
159.058 165.828 175.511
166.715 171.466 175.865
169.599 174.863 178.255
158.868 170.920 176.255
166.688 173.722 177.490
172.167 173.773 175.708
176.317 180.129 182.396
158.856 159.424 160.344
159.012 159.325 159.760
159.017 159.127 159.234
158.853 159.165 159.512
158.877 159.018 159.141
158.804 159.025 159.388
158.960 159.261 160.300
159.058 159.238 159.606
158.844 160.210 165.170
158.883 159.222 159.589
159.003 159.116 159.197
158.869 159.257 159.992
158.967 159.096 159.244
158.959 159.259 159.602
158.971 159.277 159.625
159.011 161.731 171.509
159.054 159.303 159.579
159.125 159.425 159.646
158.897 159.120 159.451
158.983 159.479 160.318
158.961 159.313 159.922
158.934 159.116 159.236
159.187 159.350 159.684
158.923 159.105 159.281
158.908 159.174 159.413
159.038 159.232 159.483
158.866 159.195 159.645
158.982 159.131 159.377
158.924 159.187 159.411
159.030 159.089 159.156
159.037 159.237 159.539
159.023 159.348 159.490
158.986 159.187 159.499
158.944 159.111 159.281
158.987 159.217 159.474
159.028 159.226 159.776
159.046 159.222 159.413
158.935 159.335 159.624
158.926 159.233 159.840
159.230 159.466 159.604
159.108 159.741 160.569
161.846 164.473 170.518
158.875 159.531 160.155
159.090 159.530 159.899
159.031 159.493 160.085
159.113 159.323 159.555
159.053 160.935 166.679
159.093 159.553 160.115
158.951 159.696 161.103
159.360 159.761 160.666
159.357 160.102 160.494
159.006 161.355 169.887
159.252 159.646 160.289
159.386 161.350 164.561
159.648 160.175 161.377
159.156 159.544 160.702
159.086 159.307 159.575
159.147 159.228 159.327
159.261 159.382 159.479
158.907 159.018 159.078
158.991 159.354 160.179
159.203 159.306 159.503
159.122 159.237 159.383
158.900 159.411 160.364
158.960 159.239 159.498
159.014 159.513 159.844
158.965 159.365 159.539
158.988 159.209 159.409
158.957 159.708 160.775
159.250 159.547 160.000
159.223 159.773 160.974
159.132 159.235 159.354
159.042 159.708 160.540
158.996 159.248 159.525
159.000 162.347 166.254
159.038 161.166 163.098
159.113 159.417 159.881
161.273 164.007 169.428
159.428 160.604 161.976
160.003 161.301 163.178
159.267 160.294 161.794
160.953 162.202 164.446
160.348 163.013 165.670
165.599 171.208 175.383
160.591 162.876 165.560
159.838 162.202 164.218
162.526 164.157 165.754
161.253 163.956 165.465
159.956 161.324 165.075
162.177 165.953 170.119
160.812 162.035 163.545
175.917 180.420 183.349
164.267 167.800 171.162
165.969 168.623 169.799
174.593 178.505 184.708
171.646 175.514 178.270
182.444 193.150 199.941
181.026 183.500 186.372
181.474 185.435 191.378
196.875 203.164 209.234
166.308 168.158 169.454
185.402 191.901 213.683
183.674 189.663 194.944
181.849 183.153 184.991
188.197 190.102 192.194
187.591 190.354 192.284
186.707 189.015 191.034
184.797 188.498 194.253
183.353 188.429 191.336
185.782 187.688 190.279
192.114 197.162 200.784
192.586 196.882 201.308
184.062 188.890 193.439
183.959 185.116 187.315
174.338 178.606 184.321
183.585 188.442 191.564
187.117 190.449 194.195
187.086 191.916 195.812
197.748 200.439 203.095
192.991 196.362 201.279
186.999 191.983 194.771
180.002 183.616 185.396
184.473 186.570 188.352
184.399 185.897 187.979
169.393 171.931 174.764
175.084 176.607 179.488
172.348 174.798 178.164
179.160 183.219 187.479
175.846 177.596 180.972
163.006 169.001 173.678
172.028 173.771 175.685
178.613 182.700 185.356
181.725 184.038 187.046
180.196 182.837 187.386
173.170 177.203 179.620
172.934 175.087 178.867
170.093 172.869 174.928
165.619 171.233 174.737
163.317 166.584 168.324
162.510 166.373 173.000
169.494 171.749 172.844
162.836 166.101 169.388
159.741 161.507 162.431
159.965 161.493 163.693
158.949 159.668 160.252
159.159 161.562 164.258
158.924 159.401 160.314
158.997 159.326 159.872
158.853 159.166 159.552
158.818 159.206 159.665
158.977 159.192 159.533
159.446 160.984 163.127
158.977 159.167 159.654
158.887 159.298 160.008
159.050 159.343 159.836
158.877 159.241 159.719
158.982 159.521 160.724
159.128 159.683 160.868
158.856 159.068 159.186
158.881 159.034 159.187
158.905 158.973 159.086
158.950 159.176 159.859
158.957 159.227 159.411
158.892 159.132 159.730
158.971 159.141 159.249
158.936 159.035 159.319
158.991 159.124 159.296
158.952 159.145 159.306
158.931 159.135 159.363
158.822 158.996 159.333
159.014 159.080 159.217
158.931 159.242 159.787
158.899 159.009 159.307
158.916 159.081 159.272
158.903 159.085 159.229
158.876 158.953 159.045
158.938 159.203 159.478
158.906 159.282 159.872
158.905 159.543 161.312
158.960 159.068 159.216
158.874 159.065 159.366
158.795 158.911 159.031
158.946 162.354 175.418
158.836 159.054 159.252
158.859 159.033 159.407
158.957 159.092 159.219
158.944 159.055 159.245
158.841 158.996 159.152
158.888 159.064 159.249
158.934 159.026 159.198
158.917 159.003 159.232
158.883 159.051 159.455
158.918 159.028 159.069
158.908 159.109 159.400
159.053 159.180 159.272
158.930 159.036 159.235
158.876 158.964 159.072
158.859 159.313 160.728
158.937 159.088 159.265
158.781 158.888 159.024
158.751 158.892 158.965
158.630 158.821 159.222
158.597 158.713 158.893
158.674 161.278 170.917
158.659 158.729 158.830
158.623 158.731 158.821
158.599 158.713 158.986
158.649 158.730 158.820
158.629 158.710 158.767
158.614 158.712 158.848
