208.066 208.171 208.273
208.134 208.232 208.315
208.168 208.230 208.264
208.216 208.259 208.306
208.180 208.209 208.260
208.150 208.207 208.277
208.158 208.217 208.260
208.168 208.220 208.293
208.124 208.189 208.232
208.105 208.210 208.257
208.072 208.208 208.276
208.114 208.161 208.217
208.081 208.152 208.181
208.200 208.254 208.302
208.069 208.170 208.241
208.139 208.192 208.320
208.147 208.224 208.284
208.171 208.207 208.233
208.161 208.242 208.293
208.163 208.213 208.313
208.101 208.178 208.287
208.148 208.205 208.299
208.223 208.253 208.271
208.256 208.289 208.330
208.144 208.224 208.286
208.106 208.162 208.222
208.079 208.174 208.253
208.139 208.270 208.405
208.178 208.219 208.244
208.174 208.245 208.303
208.182 208.231 208.267
208.147 208.190 208.281
208.207 208.252 208.275
208.096 208.204 208.344
208.106 208.230 208.272
208.085 208.151 208.217
208.187 208.238 208.286
208.145 208.239 208.430
209.608 210.278 210.917
208.205 208.243 208.319
208.122 208.219 208.272
208.180 208.201 208.244
208.202 208.264 208.382
208.182 208.278 208.363
208.199 208.242 208.282
208.111 208.209 208.273
208.143 208.273 208.363
208.147 208.206 208.267
208.052 208.211 208.313
208.209 208.252 208.272
208.188 208.261 208.342
208.028 208.168 208.304
208.148 208.214 208.258
208.234 208.277 208.303
208.189 208.234 208.309
208.044 208.129 208.230
208.202 208.272 208.331
208.201 208.264 208.300
208.140 208.194 208.249
208.135 208.252 208.329
208.178 208.199 208.239
208.109 208.190 208.275
208.203 208.256 208.283
208.127 208.248 208.320
208.168 208.244 208.378
208.091 208.188 208.286
208.129 208.227 208.293
208.168 208.200 208.241
208.188 208.258 208.314
208.177 208.236 208.292
208.139 208.202 208.299
208.201 208.252 208.303
208.225 208.281 208.356
208.171 208.215 208.297
208.203 208.275 208.307
208.080 208.205 208.300
208.124 208.196 208.297
208.166 208.197 208.261
208.210 208.290 208.330
208.222 208.263 208.338
208.165 208.218 208.274
208.201 208.241 208.289
208.069 208.093 208.130
208.172 208.219 208.273
208.231 208.279 208.361
208.179 208.206 208.243
208.169 208.270 208.319
208.118 208.166 208.206
208.146 208.241 208.306
208.203 208.265 208.331
208.212 208.275 208.333
208.196 208.253 208.290
208.174 208.245 208.315
208.209 208.248 208.281
208.179 208.240 208.296
208.033 208.170 208.231
208.166 208.227 208.269
208.162 208.199 208.243
208.130 208.217 208.258
208.245 208.318 208.501
208.132 208.241 208.362
208.133 208.218 208.292
208.126 208.214 208.314
208.147 208.211 208.273
208.123 208.193 208.266
208.168 208.239 208.270
208.215 208.270 208.354
208.221 208.264 208.304
208.215 208.452 208.574
208.238 208.282 208.323
208.199 208.233 208.277
208.145 208.262 208.319
208.099 208.184 208.249
208.233 208.269 208.344
208.125 208.332 208.826
208.157 208.211 208.249
208.140 208.202 208.251
208.126 208.199 208.293
208.238 208.278 208.317
208.265 208.312 208.352
208.078 208.183 208.313
208.210 208.238 208.283
208.176 208.234 208.262
208.160 208.242 208.295
208.247 208.278 208.353
208.192 208.240 208.293
208.191 208.230 208.273
208.144 208.205 208.260
208.098 208.240 208.297
208.146 208.214 208.306
208.140 208.166 208.190
208.140 208.199 208.317
208.211 208.274 208.354
208.167 208.228 208.280
208.198 208.243 208.287
208.182 208.226 208.267
208.233 208.267 208.305
208.091 208.201 208.275
208.181 208.236 208.271
208.226 208.259 208.310
208.177 208.250 208.391
208.182 208.281 208.340
208.125 208.256 208.325
208.249 208.281 208.312
208.168 208.224 208.281
208.110 208.222 208.342
208.200 208.251 208.314
208.238 208.269 208.332
208.213 208.244 208.269
208.185 208.231 208.348
208.158 208.220 208.283
208.261 208.287 208.300
208.111 208.189 208.245
208.248 208.300 208.436
208.170 208.255 208.339
208.192 208.257 208.292
208.049 208.211 208.368
208.130 208.277 208.376
208.159 208.249 208.329
208.117 208.256 208.383
208.218 208.259 208.335
208.174 208.230 208.275
208.182 208.226 208.306
208.141 208.282 208.458
208.223 208.267 208.325
208.193 208.247 208.301
208.051 208.130 208.187
208.164 208.191 208.231
208.038 208.204 208.307
208.042 208.243 208.332
208.178 208.267 208.301
208.194 208.239 208.308
208.148 208.225 208.292
208.145 208.265 208.404
208.237 208.277 208.328
208.046 208.132 208.227
208.208 208.255 208.291
208.131 208.258 208.351
208.031 208.167 208.241
208.168 208.236 208.317
208.190 208.238 208.293
208.173 208.234 208.338
208.241 208.278 208.333
208.175 208.210 208.248
208.115 208.183 208.266
208.126 208.227 208.288
208.266 208.305 208.344
208.252 208.279 208.311
208.211 208.260 208.296
208.260 208.297 208.378
208.169 208.254 208.348
208.201 208.271 208.335
208.210 208.252 208.282
208.186 208.225 208.265
208.262 208.272 208.301
208.234 208.281 208.313
208.139 208.239 208.275
208.243 208.272 208.317
208.229 208.266 208.323
208.229 208.264 208.327
208.149 208.233 208.307
208.121 208.202 208.257
208.145 208.244 208.357
208.197 208.250 208.298
208.239 208.296 208.345
208.118 208.273 208.421
208.206 208.278 208.315
208.047 208.233 208.339
208.185 208.234 208.279
208.129 208.190 208.244
208.192 208.269 208.387
208.160 208.246 208.316
208.226 208.256 208.289
208.264 208.298 208.332
208.203 208.267 208.312
208.152 208.211 208.246
208.183 208.242 208.302
208.176 208.271 208.422
208.158 208.271 208.340
208.174 208.264 208.384
208.143 208.173 208.193
208.133 208.237 208.354
208.020 208.209 208.309
208.207 208.250 208.315
208.228 208.263 208.305
208.130 208.224 208.306
208.150 208.218 208.281
208.228 208.299 208.390
208.166 208.249 208.367
208.093 208.193 208.393
208.187 208.270 208.355
208.182 208.233 208.314
208.181 208.228 208.288
208.253 208.273 208.294
208.068 208.173 208.231
208.188 208.252 208.288
208.187 208.294 208.342
208.164 208.280 208.420
208.223 208.273 208.331
208.187 208.260 208.301
208.181 208.265 208.385
208.158 208.287 208.576
208.266 208.327 208.426
208.213 208.329 208.408
208.283 208.327 208.376
208.274 208.337 208.401
208.199 208.246 208.276
208.219 208.284 208.366
208.185 208.341 208.527
208.165 208.221 208.287
208.202 208.540 209.220
208.186 208.328 208.609
208.184 208.322 208.564
208.221 208.296 208.399
208.186 208.272 208.351
208.195 208.257 208.350
208.110 208.194 208.229
208.152 208.267 208.334
208.128 208.207 208.312
208.183 208.229 208.319
208.313 208.374 208.473
208.149 208.225 208.258
208.198 208.250 208.316
208.105 208.212 208.301
208.194 208.240 208.294
208.189 208.506 209.650
208.166 208.232 208.333
208.104 208.211 208.281
208.081 208.232 208.307
208.263 208.299 208.328
208.169 208.291 208.395
208.156 208.261 208.300
208.254 208.278 208.315
208.226 208.287 208.336
208.186 208.248 208.319
208.158 208.242 208.351
208.205 208.263 208.307
208.134 208.228 208.313
208.177 208.244 208.332
208.188 208.246 208.336
208.144 208.287 208.493
208.223 208.277 208.304
208.150 208.273 208.332
208.292 208.337 208.391
208.243 208.296 208.350
208.231 208.294 208.357
208.298 208.331 208.411
208.218 208.270 208.325
208.151 208.220 208.248
208.130 208.224 208.293
208.198 208.267 208.344
208.147 208.226 208.282
208.201 208.228 208.285
208.222 208.273 208.337
208.215 208.238 208.262
208.226 208.293 208.410
208.262 208.303 208.358
208.162 208.244 208.335
208.119 208.242 208.293
208.173 208.281 208.356
208.132 208.244 208.334
208.145 208.255 208.310
208.186 208.272 208.324
208.149 208.252 208.305
208.236 208.293 208.332
208.147 208.263 208.331
208.199 208.222 208.252
208.199 208.314 208.464
208.273 208.296 208.350
208.027 208.239 208.475
208.280 208.312 208.341
208.203 208.268 208.315
208.172 208.212 208.295
208.244 208.272 208.333
208.214 208.245 208.275
208.088 208.168 208.241
208.184 208.223 208.285
208.189 208.236 208.298
208.152 208.244 208.288
208.261 208.318 208.358
208.148 208.269 208.322
208.205 208.245 208.298
208.186 208.258 208.284
208.222 208.283 208.408
208.160 208.225 208.302
208.239 208.277 208.359
208.227 208.296 208.393
208.249 208.309 208.376
208.183 208.264 208.333
208.204 208.264 208.323
208.117 208.245 208.365
208.191 208.287 208.355
208.195 208.281 208.349
208.114 208.187 208.266
208.195 208.234 208.276
208.215 208.281 208.331
208.130 208.242 208.294
208.060 208.222 208.291
208.075 208.211 208.308
208.210 208.264 208.325
208.215 208.255 208.300
208.264 208.324 208.367
208.193 208.285 208.431
208.082 208.276 208.353
208.233 208.294 208.323
208.217 208.270 208.291
208.125 208.235 208.288
207.988 208.094 208.182
208.176 208.235 208.272
208.236 208.270 208.323
208.093 208.211 208.298
208.193 208.255 208.363
208.226 208.310 208.404
208.202 208.266 208.326
208.128 208.254 208.320
208.249 208.289 208.321
208.226 208.279 208.335
208.141 208.252 208.340
208.115 208.237 208.348
208.184 208.270 208.349
208.201 208.250 208.355
208.178 208.248 208.299
208.044 208.195 208.290
208.071 208.222 208.284
208.130 208.250 208.372
208.151 208.259 208.378
208.118 208.219 208.269
208.140 208.244 208.300
208.202 208.277 208.342
208.200 208.228 208.274
208.178 208.223 208.270
208.143 208.237 208.315
208.171 208.241 208.290
208.164 208.254 208.318
208.157 208.224 208.293
208.127 208.202 208.313
208.262 208.323 208.406
208.227 208.304 208.355
208.163 208.247 208.303
208.220 208.271 208.371
208.235 208.340 208.449
208.223 208.286 208.360
208.215 208.270 208.361
208.235 208.302 208.373
208.186 208.239 208.296
208.181 208.286 208.370
208.159 208.262 208.320
208.264 208.292 208.308
208.139 208.240 208.327
208.104 208.225 208.334
208.134 208.214 208.252
208.064 208.214 208.307
208.245 208.284 208.363
208.172 208.236 208.273
208.178 208.267 208.354
208.138 208.273 208.385
208.124 208.263 208.332
208.248 208.288 208.338
208.171 208.272 208.369
208.214 208.255 208.307
208.113 208.214 208.304
208.102 208.177 208.218
208.190 208.258 208.359
208.218 208.268 208.352
208.181 208.248 208.299
208.115 208.222 208.297
208.079 208.162 208.274
208.188 208.280 208.361
208.195 208.256 208.315
208.220 208.274 208.333
208.089 208.183 208.298
208.163 208.283 208.489
208.213 208.272 208.322
208.267 208.324 208.456
208.181 208.248 208.314
208.241 208.290 208.337
208.143 208.246 208.330
208.055 208.165 208.292
208.227 208.280 208.344
208.120 208.174 208.258
208.131 208.229 208.370
208.266 208.294 208.356
208.186 208.291 208.348
208.165 208.247 208.340
208.120 208.184 208.238
208.128 208.213 208.311
208.239 208.326 208.471
208.155 208.244 208.302
208.095 208.223 208.343
208.226 208.307 208.350
208.189 208.231 208.262
208.189 208.264 208.320
208.175 208.223 208.292
208.186 208.273 208.323
208.179 208.260 208.341
208.282 208.309 208.331
208.229 208.288 208.348
208.233 208.278 208.344
208.131 208.199 208.229
208.240 208.279 208.308
207.961 208.161 208.256
208.122 208.256 208.449
207.976 208.076 208.144
208.248 208.289 208.310
208.197 208.273 208.351
208.236 208.253 208.278
208.045 208.406 209.273
208.096 208.245 208.310
208.213 208.256 208.361
208.117 208.214 208.273
208.182 208.218 208.266
208.194 208.240 208.289
208.068 208.270 208.441
208.144 208.237 208.316
208.216 208.292 208.344
208.172 208.220 208.281
208.126 208.226 208.329
208.235 208.305 208.457
208.222 208.255 208.293
208.207 208.260 208.343
207.962 208.096 208.146
208.180 208.294 208.468
208.103 208.284 208.505
208.215 208.293 208.352
208.171 208.235 208.277
208.169 208.216 208.330
208.179 208.240 208.339
208.122 208.231 208.300
208.148 208.214 208.263
208.166 208.237 208.351
208.227 208.262 208.303
208.210 208.244 208.308
208.198 208.276 208.364
208.199 208.262 208.313
208.201 208.254 208.398
208.196 208.294 208.405
208.225 208.274 208.296
208.154 208.234 208.289
208.112 208.180 208.236
208.150 208.258 208.428
208.227 208.278 208.391
208.180 208.266 208.370
208.232 208.287 208.332
208.161 208.261 208.312
208.090 208.234 208.415
208.131 208.212 208.374
208.128 208.222 208.299
208.249 208.280 208.311
208.133 208.217 208.274
208.245 208.286 208.344
208.166 208.275 208.401
208.170 208.231 208.334
208.081 208.229 208.385
208.086 208.166 208.229
208.115 208.211 208.274
208.267 208.305 208.342
208.155 208.207 208.310
208.170 208.229 208.340
208.147 208.223 208.311
208.036 208.177 208.237
208.110 208.241 208.381
208.129 208.238 208.277
208.257 208.286 208.299
208.148 208.260 208.320
208.132 208.465 209.597
208.072 208.248 208.411
208.159 208.245 208.285
208.169 208.290 208.396
208.216 208.289 208.349
208.226 208.276 208.324
208.231 208.291 208.361
208.198 208.258 208.316
208.190 208.258 208.309
208.157 208.259 208.308
208.097 208.181 208.286
208.174 208.241 208.282
208.283 208.378 208.466
208.084 208.187 208.251
208.060 208.266 208.372
208.243 208.274 208.331
208.273 208.303 208.378
208.145 208.254 208.322
208.186 208.308 208.475
208.265 208.313 208.442
208.248 208.305 208.360
208.237 208.295 208.332
208.137 208.235 208.329
208.185 208.275 208.377
208.138 208.237 208.378
208.128 208.181 208.239
208.238 208.306 208.465
208.143 208.249 208.316
208.237 208.262 208.288
208.268 208.297 208.325
208.101 208.218 208.389
208.161 208.263 208.330
208.216 208.262 208.300
208.212 208.302 208.413
208.127 208.253 208.343
208.184 208.285 208.405
208.283 208.299 208.339
208.187 208.241 208.330
208.183 208.243 208.341
208.268 208.341 208.386
208.135 208.261 208.367
208.260 208.299 208.383
208.269 208.298 208.322
208.214 208.261 208.322
208.176 208.279 208.362
208.258 208.304 208.437
208.217 208.370 208.790
208.153 208.250 208.373
208.169 208.262 208.338
208.088 208.204 208.384
208.160 208.319 208.409
208.211 208.288 208.363
208.226 208.259 208.296
208.256 208.319 208.377
208.207 208.296 208.463
208.269 208.319 208.375
208.252 208.326 208.356
208.193 208.279 208.382
208.194 208.311 208.354
208.151 208.260 208.356
208.252 208.320 208.383
208.138 208.268 208.409
208.265 208.450 208.794
208.307 208.374 208.455
208.239 208.312 208.421
208.196 208.233 208.265
208.227 208.286 208.374
208.088 208.346 208.730
208.086 208.292 208.653
208.036 208.359 208.580
208.172 208.264 208.311
208.233 208.290 208.360
208.233 208.342 208.455
208.236 208.290 208.383
208.264 208.294 208.321
208.195 208.348 208.516
208.308 208.350 208.405
208.228 208.360 208.447
208.166 208.256 208.317
208.221 208.284 208.356
208.225 208.311 208.401
208.166 208.357 208.633
208.046 208.237 208.447
208.231 208.344 208.630
208.146 208.232 208.286
208.257 208.299 208.344
208.204 208.283 208.377
208.242 208.276 208.344
208.208 208.340 208.444
208.313 208.389 208.540
208.279 208.331 208.452
208.179 208.239 208.288
208.140 208.334 208.850
208.161 208.330 208.562
208.269 208.399 208.742
208.110 208.302 208.499
208.128 208.208 208.321
208.109 208.239 208.322
208.275 208.333 208.391
208.272 208.409 208.869
208.186 208.234 208.362
208.238 208.378 208.606
208.196 208.373 208.608
208.163 208.264 208.306
208.222 208.398 208.511
207.993 208.116 208.267
208.206 208.252 208.312
208.117 208.262 208.330
208.268 208.470 209.101
208.131 208.378 208.619
208.328 208.390 208.461
208.198 208.413 208.909
208.096 208.313 208.464
208.159 208.213 208.272
208.177 208.377 208.787
208.254 208.420 208.930
208.249 208.314 208.405
208.316 208.485 208.940
208.049 208.640 210.016
208.193 208.291 208.368
208.158 208.262 208.356
208.114 208.160 208.200
208.256 208.320 208.401
208.282 208.362 208.445
208.285 208.332 208.418
208.167 208.227 208.304
208.360 208.451 208.666
208.138 208.331 208.395
208.177 208.271 208.414
208.195 208.310 208.366
208.135 208.219 208.293
208.108 208.245 208.463
208.179 208.277 208.373
208.125 208.223 208.275
208.135 208.230 208.295
208.283 208.409 208.607
208.158 208.267 208.415
208.161 208.268 208.355
208.191 208.349 208.491
208.290 208.332 208.358
208.074 208.233 208.354
208.197 208.317 208.463
208.093 208.216 208.323
208.042 208.132 208.243
208.238 208.292 208.360
208.169 208.212 208.281
208.278 208.378 208.610
208.197 208.298 208.457
208.190 208.250 208.323
208.227 208.256 208.286
208.206 208.389 208.671
208.207 208.230 208.258
208.153 208.295 208.501
208.124 208.196 208.327
208.099 208.217 208.334
208.168 208.248 208.298
208.090 208.226 208.349
208.001 208.182 208.285
208.149 208.269 208.403
208.257 208.366 208.548
208.177 208.220 208.252
208.155 208.244 208.295
208.179 208.297 208.405
208.124 208.252 208.375
208.228 208.269 208.295
208.060 208.196 208.276
208.185 208.333 208.456
208.197 208.279 208.336
208.093 208.194 208.275
208.144 208.226 208.305
208.216 208.261 208.334
208.217 208.274 208.331
208.162 208.220 208.274
208.161 208.225 208.301
208.177 208.240 208.279
208.211 208.305 208.507
208.216 208.253 208.269
208.182 208.269 208.360
208.130 208.179 208.277
208.203 208.283 208.371
208.100 208.215 208.271
208.030 208.228 208.471
208.235 208.443 209.085
208.230 208.303 208.484
208.127 208.264 208.420
208.136 208.277 208.387
208.159 208.215 208.281
208.063 208.352 208.583
208.215 208.320 208.481
208.135 208.213 208.280
208.072 208.243 208.387
208.255 208.274 208.307
208.185 208.266 208.322
208.207 208.255 208.297
208.042 208.216 208.326
208.143 208.229 208.365
208.227 208.279 208.314
208.209 208.270 208.334
208.057 208.107 208.164
208.159 208.193 208.225
208.157 208.347 208.653
208.179 208.283 208.579
208.185 208.229 208.270
208.127 208.190 208.287
208.070 208.217 208.324
208.208 208.245 208.306
208.204 208.291 208.369
208.298 208.399 208.638
208.149 208.242 208.322
208.213 208.263 208.314
208.211 208.253 208.288
208.162 208.216 208.333
208.183 208.264 208.308
207.992 208.185 208.368
208.116 208.217 208.328
208.167 208.251 208.342
208.215 208.289 208.439
208.132 208.211 208.300
208.048 208.220 208.310
208.192 208.231 208.289
208.185 208.228 208.304
208.126 208.229 208.322
208.063 208.134 208.214
208.188 208.212 208.228
208.194 208.226 208.303
208.143 208.237 208.352
208.251 208.286 208.321
208.190 208.243 208.301
208.093 208.231 208.308
208.219 208.271 208.306
208.125 208.162 208.229
208.143 208.259 208.325
208.182 208.241 208.321
208.042 208.142 208.225
208.288 208.294 208.300
208.135 208.208 208.298
208.142 208.224 208.295
208.153 208.205 208.293
208.240 208.266 208.293
208.127 208.200 208.337
208.118 208.196 208.283
208.180 208.254 208.327
208.125 208.232 208.295
208.171 208.218 208.273
208.188 208.249 208.282
208.022 208.173 208.318
208.204 208.257 208.317
208.136 208.221 208.319
208.152 208.195 208.223
208.128 208.172 208.276
208.183 208.245 208.362
208.204 208.264 208.370
208.150 208.252 208.332
208.135 208.234 208.327
208.093 208.211 208.313
208.260 208.284 208.313
208.242 208.272 208.301
208.113 208.163 208.288
208.138 208.180 208.269
207.962 208.166 208.332
208.184 208.251 208.396
208.153 208.225 208.296
208.123 208.205 208.270
208.080 208.160 208.201
208.145 208.210 208.271
208.144 208.218 208.284
208.177 208.252 208.335
208.079 208.188 208.277
208.181 208.253 208.350
208.237 208.329 208.575
208.150 208.220 208.300
208.077 208.233 208.451
208.151 208.218 208.275
208.148 208.254 208.323
208.206 208.263 208.329
208.144 208.177 208.222
208.220 208.244 208.270
208.198 208.251 208.339
208.159 208.212 208.262
208.142 208.262 208.301
208.179 208.304 208.538
208.139 208.211 208.285
208.220 208.276 208.305
208.128 208.210 208.281
208.184 208.237 208.291
208.158 208.231 208.287
208.155 208.226 208.290
208.193 208.228 208.302
208.078 208.189 208.265
208.183 208.249 208.294
208.221 208.293 208.366
208.188 208.247 208.291
208.188 208.224 208.292
208.126 208.223 208.301
208.165 208.228 208.276
208.086 208.237 208.305
208.214 208.258 208.327
208.119 208.177 208.225
208.160 208.199 208.259
208.063 208.217 208.332
208.180 208.234 208.270
208.197 208.244 208.290
208.151 208.223 208.271
208.196 208.259 208.333
208.189 208.228 208.255
208.052 208.148 208.255
208.109 208.180 208.252
208.222 208.266 208.301
208.182 208.245 208.362
208.140 208.188 208.249
208.144 208.223 208.442
208.111 208.215 208.286
208.066 208.106 208.145
208.215 208.244 208.265
208.186 208.254 208.318
208.207 208.249 208.298
208.041 208.158 208.291
208.172 208.230 208.334
208.140 208.222 208.333
208.197 208.226 208.304
208.138 208.247 208.315
208.139 208.213 208.262
208.132 208.204 208.269
208.218 208.260 208.307
208.154 208.210 208.301
208.094 208.182 208.274
208.121 208.219 208.336
208.203 208.244 208.323
208.213 208.255 208.314
208.115 208.179 208.257
208.223 208.245 208.258
208.168 208.241 208.292
208.184 208.257 208.334
208.191 208.273 208.462
208.069 208.190 208.300
208.082 208.154 208.217
208.145 208.223 208.268
208.188 208.221 208.255
208.120 208.213 208.276
208.170 208.242 208.293
208.088 208.164 208.226
208.195 208.242 208.305
208.102 208.143 208.178
208.153 208.208 208.260
208.240 208.315 208.370
208.195 208.269 208.326
208.064 208.193 208.285
208.182 208.210 208.247
208.166 208.222 208.299
208.170 208.230 208.311
208.191 208.257 208.352
208.106 208.205 208.283
208.135 208.210 208.284
208.102 208.124 208.154
208.157 208.218 208.274
208.190 208.252 208.303
208.102 208.230 208.401
208.109 208.171 208.235
208.149 208.193 208.227
208.112 208.180 208.290
208.227 208.266 208.290
208.212 208.267 208.362
208.144 208.232 208.309
208.249 208.335 208.590
208.149 208.230 208.347
208.208 208.258 208.294
208.169 208.273 208.479
208.158 208.265 208.332
208.177 208.248 208.333
208.104 208.203 208.286
208.169 208.227 208.284
208.182 208.258 208.310
208.204 208.268 208.332
208.137 208.233 208.310
208.141 208.228 208.267
208.158 208.228 208.317
208.205 208.239 208.267
208.181 208.242 208.285
208.140 208.256 208.309
208.205 208.335 208.699
208.231 208.346 208.533
208.147 208.215 208.292
208.143 208.233 208.303
208.181 208.235 208.291
208.197 208.277 208.403
208.008 208.169 208.248
208.250 208.300 208.391
208.278 208.405 208.864
208.088 208.228 208.334
208.194 208.237 208.307
208.086 208.122 208.176
208.202 208.262 208.303
208.105 208.209 208.268
208.178 208.306 208.574
208.213 208.256 208.271
208.250 208.274 208.310
208.151 208.199 208.232
208.248 208.278 208.333
208.097 208.220 208.316
208.146 208.218 208.268
208.224 208.266 208.332
208.075 208.247 208.389
208.124 208.240 208.322
208.191 208.382 208.653
208.234 208.337 208.581
208.237 208.275 208.334
208.125 208.180 208.265
208.126 208.294 208.643
208.024 208.186 208.300
208.151 208.241 208.316
208.195 208.256 208.398
208.041 208.120 208.181
208.166 208.326 208.517
208.097 208.188 208.263
208.223 208.254 208.311
208.222 208.253 208.296
208.236 208.256 208.273
208.108 208.209 208.243
208.210 208.273 208.370
208.160 208.219 208.279
208.103 208.222 208.293
208.205 208.276 208.352
208.192 208.273 208.315
208.103 208.133 208.177
208.077 208.180 208.254
208.243 208.294 208.325
208.024 208.353 208.938
208.189 208.232 208.260
208.179 208.221 208.259
208.188 208.273 208.463
208.192 208.256 208.318
208.242 208.496 209.285
208.218 208.330 208.554
208.220 208.320 208.432
208.082 208.225 208.308
208.256 208.297 208.355
208.243 208.275 208.323
208.151 208.209 208.283
208.111 208.201 208.282
208.229 208.385 208.870
208.120 208.149 208.176
208.117 208.215 208.276
208.130 208.195 208.330
208.162 208.208 208.229
208.126 208.202 208.287
208.075 208.224 208.297
208.155 208.238 208.298
208.167 208.235 208.464
208.081 208.156 208.246
208.183 208.231 208.287
208.149 208.231 208.274
208.187 208.268 208.328
208.129 208.189 208.297
208.134 208.213 208.328
208.119 208.165 208.216
208.140 208.235 208.342
208.156 208.256 208.317
208.190 208.278 208.364
208.019 208.139 208.235
208.150 208.243 208.304
208.112 208.137 208.157
208.137 208.186 208.229
208.250 208.285 208.329
208.157 208.231 208.347
208.190 208.254 208.315
208.139 208.167 208.219
208.121 208.165 208.210
208.260 208.288 208.328
208.253 208.289 208.334
208.124 208.204 208.297
208.245 208.276 208.338
208.131 208.212 208.267
208.141 208.218 208.315
208.174 208.197 208.224
208.141 208.276 208.341
208.147 208.241 208.346
208.116 208.216 208.336
208.169 208.276 208.420
208.198 208.312 208.575
208.088 208.204 208.297
208.131 208.240 208.311
208.166 208.234 208.288
208.126 208.204 208.301
208.069 208.162 208.268
208.175 208.267 208.344
208.109 208.241 208.327
208.135 208.221 208.319
208.155 208.236 208.313
208.127 208.259 208.327
208.108 208.231 208.282
208.124 208.262 208.351
208.117 208.184 208.264
208.175 208.219 208.288
208.279 208.307 208.347
208.224 208.299 208.357
208.141 208.243 208.317
208.232 208.261 208.276
208.254 208.273 208.301
208.190 208.324 208.567
208.132 208.170 208.212
208.253 208.298 208.334
208.201 208.235 208.311
208.153 208.266 208.324
208.078 208.284 208.394
208.226 208.246 208.268
208.107 208.170 208.218
208.123 208.213 208.305
208.245 208.277 208.296
208.199 208.249 208.278
208.145 208.236 208.324
208.250 208.289 208.320
208.204 208.258 208.359
208.054 208.185 208.269
208.182 208.232 208.264
208.117 208.179 208.253
208.226 208.238 208.258
208.197 208.269 208.310
208.193 208.236 208.287
208.175 208.248 208.301
208.064 208.168 208.227
208.193 208.263 208.324
208.121 208.229 208.296
208.203 208.274 208.373
208.191 208.236 208.289
208.186 208.225 208.284
208.222 208.281 208.332
208.193 208.244 208.305
208.168 208.237 208.309
208.195 208.249 208.292
208.058 208.218 208.298
208.114 208.193 208.248
208.284 208.322 208.362
208.059 208.193 208.310
208.266 208.283 208.315
208.154 208.226 208.297
208.170 208.293 208.357
208.195 208.252 208.292
208.154 208.241 208.338
208.240 208.283 208.319
208.082 208.226 208.351
208.037 208.179 208.257
208.226 208.269 208.312
208.102 208.229 208.299
208.168 208.241 208.356
208.238 208.280 208.333
208.150 208.219 208.386
208.080 208.203 208.263
208.236 208.272 208.353
208.229 208.334 208.559
208.050 208.252 208.375
208.163 208.217 208.248
208.113 208.271 208.433
208.161 208.232 208.291
208.227 208.292 208.327
208.165 208.224 208.258
208.190 208.255 208.296
208.214 208.328 208.599
208.235 208.272 208.324
208.199 208.273 208.318
208.049 208.172 208.371
208.180 208.222 208.308
208.162 208.298 208.473
208.207 208.297 208.346
208.094 208.231 208.305
208.162 208.227 208.320
208.194 208.270 208.402
208.232 208.280 208.299
208.193 208.381 209.032
208.241 208.276 208.305
208.143 208.238 208.352
208.162 208.248 208.300
208.108 208.203 208.334
208.086 208.908 211.769
208.142 208.230 208.339
208.179 208.240 208.287
208.136 208.239 208.297
208.191 208.275 208.339
208.218 208.283 208.339
208.026 208.262 208.411
208.182 208.246 208.333
208.139 208.284 208.377
208.111 208.244 208.313
208.027 208.203 208.300
208.102 208.226 208.389
208.156 208.297 208.392
208.179 208.253 208.385
208.166 208.230 208.289
208.178 208.223 208.259
208.149 208.199 208.281
208.235 208.288 208.315
208.226 208.278 208.329
208.138 208.210 208.235
208.060 208.127 208.201
208.192 208.268 208.318
208.190 208.911 211.430
208.097 208.238 208.340
208.177 208.239 208.320
208.090 208.154 208.234
208.249 208.301 208.354
208.310 208.351 208.423
208.202 208.316 208.576
208.250 208.282 208.308
208.219 208.270 208.326
208.172 208.214 208.271
208.138 208.191 208.230
208.161 208.266 208.328
208.309 208.365 208.406
208.165 208.210 208.278
208.192 208.297 208.362
208.227 208.270 208.309
208.149 208.214 208.261
208.098 208.227 208.298
208.214 208.270 208.314
208.107 208.317 208.545
208.261 208.326 208.380
208.183 208.255 208.288
208.213 208.276 208.326
208.092 208.307 208.447
208.182 208.291 208.447
208.251 208.301 208.348
208.200 208.432 208.908
208.219 208.263 208.299
208.164 208.260 208.366
208.244 208.297 208.338
208.217 208.274 208.374
208.145 208.212 208.317
208.098 208.235 208.282
208.232 208.297 208.361
208.197 208.251 208.325
208.206 208.253 208.285
208.292 208.335 208.382
208.128 208.228 208.335
208.217 208.267 208.349
208.255 208.309 208.360
208.151 208.255 208.329
208.208 208.292 208.349
208.217 208.269 208.366
208.078 208.153 208.205
208.063 208.271 208.353
208.132 208.282 208.345
208.233 208.324 208.443
208.075 208.151 208.207
208.153 208.277 208.355
208.203 208.251 208.316
208.175 208.222 208.280
208.177 208.234 208.332
208.173 208.240 208.336
208.176 208.278 208.365
208.139 208.362 208.585
208.230 208.241 208.265
208.208 208.282 208.345
208.209 208.276 208.335
208.174 208.309 208.432
208.091 208.151 208.317
208.255 208.316 208.365
208.135 208.220 208.351
208.211 208.310 208.604
208.190 208.337 208.469
208.253 208.315 208.436
208.223 208.264 208.333
208.224 208.270 208.315
208.197 208.262 208.337
208.158 208.273 208.323
208.119 208.227 208.375
208.162 208.237 208.313
208.248 208.288 208.329
208.296 208.362 208.435
208.199 208.231 208.305
208.224 208.296 208.397
208.156 208.290 208.334
208.253 208.271 208.295
208.099 208.148 208.219
208.193 208.273 208.372
208.227 208.298 208.333
208.223 208.283 208.334
208.086 208.244 208.403
208.157 208.243 208.314
208.224 208.261 208.303
208.231 208.301 208.406
208.152 208.265 208.359
208.212 208.243 208.286
208.259 208.294 208.359
208.201 208.288 208.399
208.145 208.584 209.935
208.145 208.254 208.367
208.144 208.251 208.318
208.152 208.195 208.244
208.108 208.224 208.319
208.236 208.290 208.363
208.177 208.225 208.266
208.209 208.276 208.358
208.187 208.245 208.332
208.240 208.303 208.412
208.213 208.274 208.382
208.233 208.262 208.281
208.196 208.243 208.272
208.152 208.214 208.272
208.265 208.273 208.300
208.189 208.285 208.348
208.189 208.258 208.359
208.191 208.232 208.258
208.158 208.281 208.368
208.240 208.280 208.323
208.153 208.259 208.425
208.064 208.208 208.348
208.105 208.164 208.229
208.147 208.243 208.281
208.073 208.129 208.168
208.245 208.271 208.294
208.160 208.240 208.307
208.214 208.264 208.306
208.174 208.245 208.331
208.141 208.216 208.324
208.206 208.307 208.394
208.230 208.275 208.323
208.169 208.261 208.310
208.201 208.258 208.335
208.194 208.264 208.335
208.163 208.287 208.467
208.238 208.294 208.328
208.211 208.279 208.333
208.091 208.214 208.339
208.277 208.298 208.335
207.980 208.113 208.188
208.189 208.286 208.321
208.138 208.202 208.280
208.202 208.288 208.336
208.178 208.222 208.301
208.176 208.233 208.283
208.160 208.257 208.302
208.130 208.227 208.332
208.136 208.200 208.289
208.242 208.307 208.479
208.279 208.313 208.396
208.145 208.213 208.270
208.192 208.293 208.533
208.195 208.247 208.362
208.190 208.243 208.319
208.226 208.285 208.331
208.110 208.180 208.270
208.117 208.200 208.261
208.209 208.238 208.280
208.127 208.213 208.285
208.164 208.233 208.309
208.172 208.262 208.298
208.203 208.268 208.322
208.114 208.188 208.307
208.207 208.298 208.444
208.155 208.248 208.307
208.209 208.264 208.310
208.247 208.290 208.359
208.213 208.247 208.286
208.169 208.258 208.341
208.243 208.276 208.308
208.184 208.252 208.396
208.189 208.241 208.291
208.118 208.242 208.335
208.113 208.220 208.273
208.178 208.275 208.413
208.194 208.294 208.372
208.301 208.358 208.424
208.201 208.459 209.348
208.159 208.219 208.282
208.232 208.298 208.455
208.208 208.299 208.424
208.087 208.228 208.299
208.219 208.267 208.316
208.180 208.229 208.322
208.130 208.227 208.297
208.093 208.220 208.270
208.191 208.253 208.351
208.050 208.177 208.265
208.191 208.289 208.407
208.225 208.278 208.382
208.149 208.223 208.373
208.193 208.264 208.313
208.159 208.344 208.479
208.139 208.287 208.367
208.223 208.344 208.570
208.231 208.357 208.724
208.229 208.470 209.175
208.204 208.317 208.446
208.085 208.171 208.277
208.276 208.372 208.463
208.196 208.319 208.451
208.184 208.251 208.345
208.148 208.271 208.475
208.236 208.284 208.328
208.217 208.382 208.600
208.131 208.211 208.275
208.194 208.296 208.434
208.222 208.352 208.477
208.213 208.329 208.593
208.138 208.236 208.283
208.240 208.299 208.424
208.172 208.255 208.333
208.164 208.246 208.298
208.068 208.240 208.397
208.200 208.271 208.383
208.157 208.237 208.307
208.113 208.257 208.391
208.145 208.266 208.314
208.196 208.252 208.317
208.228 208.325 208.480
208.229 208.293 208.342
208.215 208.258 208.352
208.255 208.324 208.406
208.342 208.366 208.425
208.102 208.202 208.294
208.266 208.336 208.451
208.171 208.272 208.478
208.250 208.292 208.338
208.156 208.336 208.662
208.270 208.312 208.357
208.160 208.247 208.346
208.245 208.300 208.415
208.242 208.349 208.499
208.183 208.243 208.397
208.165 208.277 208.374
208.234 208.270 208.304
208.173 208.258 208.374
208.193 208.382 208.581
208.241 208.297 208.375
208.166 208.262 208.414
208.234 208.341 208.539
208.079 208.212 208.268
208.236 208.274 208.318
208.151 208.280 208.444
208.193 208.268 208.364
208.251 208.325 208.476
208.153 208.348 208.561
208.069 208.200 208.293
208.238 208.307 208.375
208.181 208.328 208.537
208.114 208.270 208.326
208.170 208.257 208.307
208.113 208.248 208.375
208.218 208.282 208.328
208.135 208.144 208.163
208.146 208.232 208.379
208.257 208.291 208.336
208.250 208.355 208.599
208.148 208.321 208.585
208.173 208.289 208.400
208.209 208.291 208.414
208.239 208.314 208.382
208.220 208.353 208.433
208.168 208.342 208.625
208.203 208.336 208.423
208.141 208.237 208.428
208.169 208.253 208.344
208.183 208.269 208.346
208.305 208.349 208.429
208.109 208.238 208.313
208.277 208.354 208.467
208.196 208.236 208.281
208.251 208.292 208.330
208.212 208.262 208.321
208.289 208.324 208.401
208.189 208.247 208.322
208.294 208.350 208.445
208.283 208.357 208.479
208.169 208.313 208.409
208.151 208.287 208.426
208.290 208.440 208.769
208.158 208.237 208.280
208.199 208.517 208.927
208.210 208.285 208.329
208.013 208.155 208.293
208.173 208.239 208.381
208.281 208.331 208.378
208.025 208.118 208.247
208.165 208.270 208.372
208.089 208.348 208.811
208.218 208.300 208.391
208.286 208.391 208.619
208.164 208.254 208.342
208.208 208.252 208.279
208.099 208.248 208.457
208.259 208.359 208.545
208.204 208.297 208.353
208.260 208.328 208.386
208.216 208.322 208.527
208.041 208.189 208.240
208.286 208.327 208.374
208.203 208.301 208.407
208.177 208.340 208.561
208.296 208.387 208.551
208.114 208.292 208.515
208.216 208.330 208.423
208.146 208.242 208.323
208.211 208.350 208.561
208.189 208.255 208.351
208.256 208.297 208.411
208.241 208.314 208.473
208.154 208.253 208.384
208.252 208.288 208.315
208.243 208.318 208.558
208.256 208.411 208.574
208.230 208.324 208.410
208.223 208.373 208.652
208.247 208.367 208.478
208.156 208.258 208.309
208.235 208.332 208.532
208.170 208.299 208.395
208.333 208.397 208.443
208.185 208.273 208.406
208.304 208.400 208.490
208.116 208.277 208.416
208.325 208.541 208.995
208.249 208.391 208.613
208.238 208.293 208.419
208.169 208.273 208.305
208.196 208.430 209.031
208.111 208.307 208.388
208.191 208.336 208.501
208.152 208.324 208.500
208.121 208.358 208.491
208.060 208.341 208.788
208.152 208.331 208.648
208.170 208.262 208.365
208.270 208.317 208.383
208.259 208.351 208.452
208.283 208.322 208.394
208.199 208.282 208.354
208.124 208.252 208.313
208.175 208.321 208.542
208.137 208.308 208.553
208.240 208.278 208.338
208.240 208.354 208.466
208.131 208.317 208.626
208.243 208.552 209.250
208.220 208.321 208.495
208.215 208.295 208.467
208.021 208.158 208.279
208.166 208.281 208.386
208.238 208.312 208.386
208.139 208.275 208.371
208.245 208.372 208.577
208.172 208.275 208.318
208.120 208.241 208.326
208.233 208.336 208.439
208.124 208.301 208.497
208.309 208.356 208.396
208.232 208.247 208.264
208.217 208.335 208.548
208.138 208.361 208.614
208.184 208.288 208.373
208.298 208.501 208.733
208.176 208.198 208.252
208.121 208.235 208.389
208.278 208.380 208.553
208.221 208.312 208.442
208.196 208.395 208.753
208.161 208.253 208.316
208.295 208.470 208.742
208.230 208.265 208.299
208.144 208.228 208.276
208.186 208.322 208.630
208.277 208.326 208.365
208.289 208.319 208.367
208.167 208.252 208.357
208.137 208.251 208.360
208.210 208.281 208.350
208.250 208.287 208.324
208.146 208.194 208.244
208.068 208.285 208.601
208.285 208.328 208.379
208.192 208.250 208.343
208.253 208.276 208.307
208.229 208.284 208.356
208.186 208.247 208.302
208.113 208.247 208.330
208.231 208.273 208.356
208.077 208.205 208.323
208.288 208.345 208.429
208.248 208.296 208.365
208.216 208.344 208.478
208.257 208.285 208.329
208.233 208.292 208.323
208.246 208.324 208.527
208.198 208.368 208.717
208.219 208.285 208.343
208.226 208.256 208.323
208.243 208.368 208.746
208.239 208.283 208.367
208.178 208.229 208.311
208.210 208.303 208.468
208.132 208.199 208.248
208.129 208.241 208.406
208.207 208.251 208.296
208.209 208.279 208.433
208.258 208.296 208.350
208.235 208.270 208.326
208.221 208.274 208.307
208.103 208.168 208.239
208.178 208.267 208.311
208.176 208.240 208.309
208.219 208.283 208.343
208.143 208.209 208.253
208.203 208.268 208.371
208.152 208.301 208.446
208.247 208.298 208.406
208.134 208.226 208.272
208.231 208.289 208.334
208.172 208.278 208.329
208.191 208.252 208.315
208.184 208.260 208.328
208.125 208.237 208.347
208.267 208.294 208.320
207.954 208.141 208.248
208.191 208.267 208.336
208.039 208.167 208.247
208.217 208.490 208.631
208.195 208.233 208.304
208.141 208.209 208.271
208.270 208.307 208.373
208.193 208.269 208.337
208.192 208.244 208.280
208.038 208.101 208.147
208.202 208.228 208.282
208.202 208.263 208.340
208.105 208.243 208.301
208.134 208.230 208.286
208.109 208.191 208.250
208.143 208.243 208.298
208.137 208.230 208.334
208.083 208.223 208.292
208.206 208.273 208.304
208.122 208.236 208.279
208.142 208.220 208.254
208.118 208.228 208.298
208.108 208.152 208.186
208.214 208.250 208.302
208.239 208.274 208.297
208.100 208.163 208.262
208.228 208.254 208.285
208.091 208.214 208.295
208.105 208.204 208.325
208.236 208.284 208.325
208.223 208.259 208.310
208.188 208.237 208.259
208.226 208.320 208.573
208.110 208.202 208.263
208.145 208.218 208.280
208.196 208.207 208.219
208.053 208.212 208.320
208.163 208.221 208.292
208.137 208.214 208.259
208.147 208.190 208.228
208.012 208.151 208.255
208.099 210.110 217.714
208.170 208.219 208.284
208.219 208.252 208.282
208.277 208.328 208.376
208.218 208.234 208.251
208.137 208.189 208.207
208.096 208.198 208.249
208.238 208.260 208.301
208.207 208.259 208.320
208.220 208.249 208.299
208.165 208.243 208.301
208.168 208.208 208.262
208.210 208.222 208.232
208.137 208.196 208.271
208.174 208.243 208.283
208.149 208.247 208.284
208.196 208.247 208.316
208.127 208.204 208.267
208.087 208.225 208.327
208.140 208.210 208.284
208.153 208.222 208.266
208.267 208.317 208.361
208.191 208.261 208.347
208.130 208.190 208.253
208.224 208.274 208.298
208.093 208.151 208.178
208.811 209.666 210.182
208.248 208.281 208.342
208.213 208.269 208.358
207.988 208.134 208.224
208.067 208.168 208.232
208.145 208.209 208.252
208.148 208.239 208.303
208.139 208.195 208.299
208.124 208.222 208.293
208.190 208.241 208.288
208.189 208.247 208.320
208.199 208.241 208.322
208.140 208.223 208.334
208.180 208.250 208.306
208.145 208.200 208.253
208.124 208.159 208.184
208.214 208.251 208.297
208.206 208.252 208.322
208.197 208.237 208.299
208.147 208.221 208.282
208.150 208.223 208.267
208.073 208.111 208.140
208.005 208.170 208.313
215.765 215.838 215.913
215.758 215.866 215.921
215.849 215.889 215.944
215.779 215.824 215.903
215.734 215.860 215.926
215.770 215.858 215.960
215.816 215.882 215.929
215.843 215.885 215.916
215.756 215.842 215.904
215.794 215.840 215.898
215.818 215.868 215.932
215.803 215.839 215.877
215.823 215.877 215.919
215.735 215.795 215.920
215.704 215.794 215.887
214.660 215.634 215.885
208.025 208.195 208.308
208.153 208.222 208.284
208.058 208.206 208.266
208.181 208.234 208.323
208.132 208.223 208.260
208.055 208.180 208.244
208.227 208.244 208.301
208.248 208.264 208.279
208.038 208.821 211.366
208.065 208.226 208.282
208.116 208.198 208.310
208.161 208.264 208.368
208.163 208.190 208.225
208.216 208.267 208.341
208.210 208.233 208.266
208.188 208.233 208.273
208.103 208.184 208.273
208.163 208.215 208.265
208.121 208.208 208.288
208.140 208.191 208.266
208.169 208.233 208.321
208.174 208.225 208.267
208.201 208.220 208.245
208.158 208.207 208.246
208.165 208.185 208.228
208.169 208.240 208.291
208.055 208.223 208.295
208.240 208.395 208.807
208.177 208.223 208.294
208.192 208.255 208.298
208.103 208.232 208.417
208.169 208.259 208.334
208.143 208.210 208.283
208.099 208.230 208.309
208.125 208.188 208.259
208.178 208.212 208.238
208.207 208.259 208.292
208.183 208.212 208.229
208.161 208.228 208.291
208.209 208.239 208.274
208.014 208.206 208.298
208.221 208.249 208.279
208.151 208.210 208.268
207.987 208.181 208.278
208.131 208.196 208.247
208.076 208.182 208.342
208.145 208.229 208.309
208.169 208.221 208.293
208.147 208.241 208.329
208.149 208.215 208.263
208.137 208.254 208.330
208.179 208.229 208.288
208.149 208.227 208.316
208.027 208.186 208.366
208.185 208.230 208.306
208.130 208.173 208.210
208.182 208.222 208.282
208.215 208.274 208.313
208.116 208.171 208.211
208.117 208.161 208.210
208.144 208.215 208.256
208.116 208.190 208.276
208.110 208.180 208.238
208.172 208.253 208.302
208.100 208.189 208.274
208.125 208.170 208.223
208.163 208.234 208.282
208.130 208.170 208.218
208.150 208.221 208.333
208.127 208.236 208.293
208.169 208.254 208.350
208.176 208.253 208.298
208.163 208.226 208.351
208.183 208.222 208.276
208.179 208.257 208.331
208.211 208.246 208.295
208.148 208.229 208.302
208.152 208.211 208.269
208.137 208.201 208.234
208.148 208.204 208.247
208.045 208.135 208.229
208.127 208.203 208.273
208.172 208.214 208.290
208.086 208.187 208.251
208.205 208.255 208.323
208.225 208.268 208.327
208.220 208.396 208.983
208.014 208.198 208.274
208.201 208.265 208.361
208.025 208.092 208.149
208.199 208.234 208.291
208.104 208.208 208.286
208.100 208.164 208.214
208.205 208.275 208.342
208.199 208.274 208.343
208.197 208.242 208.309
208.140 208.250 208.492
208.250 208.282 208.311
208.115 208.193 208.283
208.121 208.215 208.269
208.140 208.206 208.262
208.216 208.266 208.298
208.144 208.198 208.255
208.190 208.239 208.290
208.204 208.230 208.255
208.163 208.234 208.333
208.115 208.195 208.256
208.166 208.239 208.342
208.052 208.222 208.295
208.174 208.232 208.300
208.145 208.237 208.292
208.246 208.283 208.314
208.145 208.183 208.271
208.169 208.195 208.225
208.207 208.263 208.303
208.167 208.217 208.287
208.161 208.215 208.264
208.109 208.213 208.271
208.185 208.212 208.270
208.258 208.288 208.335
208.174 208.228 208.259
208.190 208.245 208.312
208.154 208.221 208.259
208.150 208.226 208.319
208.191 208.238 208.272
208.193 208.231 208.283
208.186 208.230 208.257
208.066 208.171 208.204
208.126 208.180 208.240
208.097 208.230 208.349
208.059 208.214 208.345
208.217 208.276 208.322
208.183 208.250 208.285
208.111 208.188 208.273
208.199 208.242 208.274
208.119 208.263 208.352
208.057 208.179 208.252
208.173 208.233 208.296
208.185 208.238 208.292
208.175 208.199 208.258
208.141 208.224 208.279
208.168 208.250 208.312
208.136 208.220 208.329
208.125 208.227 208.279
208.175 208.218 208.307
208.141 208.227 208.336
208.020 208.142 208.254
208.237 208.317 208.419
208.142 208.422 209.184
208.095 208.187 208.306
208.177 208.218 208.269
208.074 208.212 208.275
208.205 208.289 208.375
208.251 208.277 208.317
208.126 208.182 208.271
208.194 208.271 208.335
208.112 208.152 208.187
208.158 208.278 208.485
208.138 208.244 208.415
208.201 208.241 208.290
208.231 208.248 208.290
208.174 208.222 208.276
208.075 208.157 208.233
208.177 208.232 208.290
208.135 208.272 208.339
208.084 208.146 208.193
208.144 208.199 208.239
208.190 208.247 208.300
208.139 208.213 208.299
208.212 208.261 208.318
208.187 208.280 208.337
208.198 208.383 208.939
208.148 208.221 208.264
208.266 208.304 208.401
208.214 208.260 208.329
208.194 208.246 208.272
208.138 208.211 208.303
208.186 208.248 208.293
208.221 208.294 208.360
208.241 208.301 208.361
208.161 208.232 208.361
208.128 208.222 208.279
208.171 208.225 208.255
208.245 208.254 208.268
208.168 208.264 208.380
208.227 208.287 208.326
208.144 208.281 208.359
208.205 208.268 208.331
208.156 208.254 208.325
208.165 208.185 208.218
208.264 208.284 208.310
208.019 208.186 208.291
208.154 208.211 208.267
208.240 208.293 208.357
208.197 208.269 208.367
208.183 208.289 208.421
208.212 208.272 208.336
208.124 208.220 208.288
208.162 208.254 208.322
208.227 208.315 208.368
208.216 208.242 208.303
208.256 208.319 208.375
208.195 208.259 208.309
208.252 208.312 208.443
208.169 208.215 208.276
208.208 208.276 208.356
208.106 208.217 208.281
208.192 208.283 208.341
208.154 208.217 208.244
208.175 208.287 208.479
208.107 208.226 208.306
208.156 208.206 208.243
208.120 208.265 208.375
208.108 208.264 208.362
208.118 208.214 208.262
208.180 208.224 208.261
208.218 208.268 208.361
208.143 208.286 208.440
208.261 208.306 208.385
208.226 208.276 208.317
208.203 208.278 208.360
208.191 208.254 208.332
208.241 208.252 208.277
208.118 208.172 208.257
208.199 208.268 208.485
208.234 208.282 208.330
208.151 208.228 208.317
208.167 208.333 208.579
208.199 208.326 208.390
208.268 208.317 208.389
208.243 208.283 208.320
208.226 208.273 208.345
208.135 208.251 208.354
208.074 208.234 208.303
208.218 208.285 208.393
208.089 208.199 208.271
208.183 208.249 208.309
208.237 208.303 208.339
208.164 208.238 208.287
208.214 208.234 208.279
208.238 208.270 208.316
208.223 208.292 208.347
208.222 208.263 208.292
208.254 208.303 208.378
208.113 208.226 208.376
208.127 208.217 208.290
208.199 208.240 208.296
208.183 208.272 208.320
208.270 208.303 208.327
208.202 208.344 208.640
208.133 208.255 208.316
208.092 208.266 208.408
208.072 208.214 208.329
208.225 208.250 208.284
208.236 208.273 208.331
208.213 208.258 208.292
208.172 208.268 208.342
208.109 208.180 208.222
208.166 208.268 208.332
208.224 208.272 208.320
208.203 208.277 208.343
208.108 208.170 208.225
208.107 208.224 208.334
208.188 208.236 208.300
208.204 208.259 208.335
208.196 208.269 208.430
188.074 190.044 197.552
198.792 198.824 198.870
198.711 198.819 198.882
198.702 198.766 198.840
198.781 198.831 198.880
198.758 198.839 198.905
208.190 208.245 208.322
208.194 208.312 208.377
208.143 208.266 208.303
208.273 208.310 208.384
208.145 208.255 208.336
208.225 208.288 208.336
208.129 208.217 208.287
208.194 208.262 208.324
208.222 208.284 208.360
208.072 208.164 208.301
208.227 208.695 210.465
198.893 198.941 198.985
208.029 208.158 208.297
208.201 208.284 208.326
208.174 208.250 208.360
208.080 208.244 208.334
208.254 208.288 208.325
208.138 208.179 208.262
208.273 208.302 208.324
208.151 208.211 208.311
208.242 208.292 208.320
208.208 208.274 208.347
208.185 208.243 208.311
208.070 208.141 208.198
208.225 208.296 208.379
208.148 208.235 208.321
208.225 208.307 208.490
208.126 208.194 208.283
208.221 208.260 208.359
208.140 208.221 208.299
208.246 208.277 208.313
208.160 208.244 208.286
208.248 208.284 208.335
208.196 208.264 208.325
208.159 208.275 208.330
208.217 208.305 208.564
208.129 208.223 208.320
208.044 208.198 208.304
208.260 208.321 208.499
208.093 208.143 208.178
208.161 208.248 208.292
208.207 208.269 208.338
208.114 208.216 208.399
208.190 208.252 208.324
208.194 208.247 208.278
208.175 208.311 208.413
208.104 208.220 208.264
208.239 208.338 208.471
208.267 208.299 208.340
208.250 208.285 208.324
208.233 208.286 208.357
208.108 208.148 208.209
208.091 208.160 208.281
208.033 208.204 208.324
208.226 208.265 208.335
208.153 208.221 208.283
208.246 208.279 208.304
208.140 208.266 208.328
208.155 208.252 208.374
208.109 208.192 208.368
208.164 208.300 208.664
208.099 208.166 208.230
208.123 208.222 208.326
208.283 208.301 208.317
208.039 208.184 208.271
208.241 208.285 208.316
208.263 208.317 208.363
208.147 208.267 208.341
208.216 208.272 208.355
208.096 208.215 208.291
208.171 208.279 208.358
208.205 208.254 208.287
208.298 208.319 208.352
208.274 208.307 208.336
207.972 208.137 208.287
208.216 208.278 208.437
208.186 208.363 208.550
208.173 208.227 208.288
208.140 208.229 208.334
208.137 208.230 208.339
208.111 208.189 208.280
208.065 208.264 208.383
208.211 208.268 208.309
208.214 208.291 208.398
208.244 208.287 208.327
208.137 208.240 208.371
208.192 208.238 208.277
208.053 208.207 208.290
208.186 208.282 208.327
208.118 208.210 208.284
208.207 208.252 208.313
208.195 208.238 208.275
208.164 208.278 208.394
208.241 208.295 208.382
208.230 208.355 208.445
208.230 208.278 208.348
208.182 208.212 208.231
208.200 208.257 208.349
208.218 208.276 208.328
208.170 208.266 208.369
208.260 208.304 208.379
208.227 208.284 208.341
207.996 208.174 208.265
208.244 208.310 208.382
208.222 208.265 208.331
208.242 208.305 208.340
208.181 208.232 208.289
208.182 208.224 208.300
208.096 208.254 208.304
208.058 208.180 208.284
208.106 208.196 208.241
208.278 208.309 208.346
208.134 208.190 208.298
208.170 208.239 208.301
208.259 208.295 208.370
208.208 208.244 208.318
208.119 208.170 208.223
208.170 208.237 208.333
208.195 208.269 208.332
208.233 208.279 208.331
208.131 208.209 208.341
208.207 208.261 208.371
208.121 208.231 208.303
208.121 208.234 208.352
208.163 208.217 208.249
208.234 208.299 208.359
208.208 208.254 208.291
208.175 208.239 208.291
208.179 208.204 208.221
208.154 208.222 208.302
208.234 208.271 208.295
208.217 208.270 208.300
208.183 208.240 208.274
208.225 208.275 208.319
208.156 208.213 208.245
208.272 208.301 208.330
208.154 208.252 208.365
208.171 208.245 208.330
208.208 208.239 208.278
208.217 208.308 208.366
208.148 208.222 208.333
208.051 208.181 208.300
208.205 208.271 208.350
208.238 208.293 208.338
208.098 208.193 208.316
208.239 208.293 208.375
208.224 208.283 208.320
208.211 208.281 208.338
208.107 208.221 208.332
208.280 208.307 208.325
208.185 208.227 208.280
208.200 208.269 208.337
208.235 208.289 208.381
208.192 208.242 208.325
208.058 208.135 208.191
208.167 208.243 208.293
208.070 208.239 208.305
208.157 208.262 208.347
208.130 208.276 208.330
208.282 208.298 208.313
208.184 208.213 208.273
208.160 208.247 208.312
208.160 208.235 208.334
208.215 208.285 208.485
208.228 208.285 208.363
208.086 208.221 208.383
208.067 208.258 208.437
208.209 208.309 208.378
208.157 208.224 208.268
208.217 208.259 208.320
208.175 208.254 208.310
208.158 208.243 208.325
208.145 208.240 208.306
208.109 208.250 208.309
208.129 208.234 208.280
208.218 208.286 208.390
208.216 208.270 208.323
208.084 208.203 208.282
208.058 208.225 208.306
208.052 208.202 208.261
208.232 208.300 208.390
208.176 208.249 208.335
208.131 208.223 208.304
208.157 208.214 208.318
208.105 208.203 208.299
208.188 208.279 208.374
208.260 208.310 208.363
208.058 208.108 208.206
208.243 208.273 208.306
208.171 208.247 208.281
208.208 208.254 208.313
208.154 208.267 208.340
208.050 208.189 208.279
208.226 208.253 208.288
208.218 208.236 208.267
208.172 208.244 208.340
208.236 208.269 208.304
208.145 208.284 208.456
208.117 208.166 208.202
208.145 208.269 208.389
208.076 208.122 208.147
207.986 208.185 208.369
208.124 208.208 208.283
208.199 208.302 208.487
208.224 208.282 208.365
208.195 208.283 208.496
208.225 208.291 208.386
208.208 208.321 208.480
208.193 208.221 208.268
208.210 208.239 208.280
208.228 208.288 208.383
208.207 208.352 208.772
208.169 208.244 208.307
208.230 208.289 208.334
208.118 208.223 208.319
208.156 208.272 208.340
208.169 208.224 208.297
208.144 208.267 208.334
208.164 208.215 208.264
208.232 208.281 208.329
208.063 208.134 208.167
208.125 208.235 208.357
208.124 208.177 208.248
208.177 208.250 208.298
208.204 208.267 208.336
208.220 209.606 210.639
208.269 209.936 211.281
208.098 209.906 211.464
208.239 209.418 211.070
208.217 208.284 208.394
208.216 208.259 208.333
208.086 208.198 208.298
208.205 208.270 208.327
208.104 208.232 208.309
208.005 208.232 208.332
208.115 208.233 208.297
208.199 208.226 208.256
208.176 208.263 208.326
208.161 208.244 208.321
208.133 208.224 208.294
208.287 208.316 208.363
208.197 208.303 208.412
208.117 208.183 208.286
208.090 208.213 208.334
208.199 208.292 208.342
208.262 208.296 208.332
208.269 208.523 209.451
208.161 208.260 208.345
208.010 208.111 208.231
208.114 208.206 208.272
208.206 208.253 208.292
208.235 208.268 208.303
208.189 208.266 208.308
208.182 208.224 208.257
208.191 208.282 208.408
208.070 208.169 208.388
208.193 208.259 208.346
208.190 208.302 208.410
208.270 208.293 208.311
208.206 208.247 208.291
208.220 208.239 208.257
208.195 208.266 208.312
208.238 208.275 208.308
208.117 208.206 208.260
208.151 208.249 208.298
208.212 208.263 208.343
208.125 208.235 208.310
208.133 208.211 208.385
208.150 208.283 208.401
208.200 208.251 208.303
208.239 208.284 208.341
208.107 208.206 208.283
208.242 208.275 208.314
208.168 208.210 208.268
208.018 208.167 208.253
208.226 208.262 208.337
208.216 209.821 211.157
208.290 209.633 211.126
208.241 209.656 211.336
208.226 208.680 210.429
208.301 208.358 208.470
208.150 208.211 208.349
208.180 208.257 208.321
208.228 208.282 208.314
208.243 208.324 208.399
208.156 208.237 208.301
208.287 209.226 210.673
208.327 209.802 211.025
208.120 208.215 208.315
208.164 208.257 208.319
208.343 209.784 210.860
208.218 208.636 210.040
208.271 209.651 211.264
208.162 208.240 208.332
208.193 208.316 208.490
208.127 208.221 208.266
208.226 208.277 208.334
208.149 208.247 208.365
208.134 208.238 208.359
208.224 208.268 208.341
208.243 208.296 208.352
208.273 208.283 208.307
208.215 208.234 208.281
208.225 208.334 208.434
208.198 208.273 208.365
208.215 208.273 208.316
208.134 208.237 208.316
208.120 208.290 208.448
208.216 208.260 208.278
208.163 208.330 208.563
208.169 208.328 208.522
208.246 208.297 208.410
208.201 208.264 208.354
208.188 208.274 208.355
208.234 208.302 208.372
208.202 208.298 208.371
208.223 208.366 208.624
208.106 208.303 208.526
208.142 208.249 208.333
208.119 208.305 208.612
208.071 208.201 208.291
208.142 208.251 208.355
208.102 208.217 208.327
208.190 208.280 208.346
208.176 208.302 208.455
208.217 208.247 208.281
208.304 208.352 208.534
208.108 208.229 208.340
208.144 208.192 208.239
208.156 208.255 208.344
208.139 208.183 208.259
208.076 208.224 208.324
208.249 208.326 208.383
208.112 208.229 208.295
208.246 208.332 208.508
208.202 208.278 208.318
208.184 208.315 208.448
208.216 208.277 208.354
208.063 208.176 208.279
208.295 208.380 208.512
208.217 208.347 208.552
208.072 208.258 208.361
208.174 208.226 208.291
208.037 208.226 208.342
208.233 208.375 208.692
208.146 208.254 208.378
208.264 208.286 208.327
208.157 208.221 208.258
208.159 208.320 208.692
208.158 208.252 208.397
208.147 208.199 208.277
208.317 208.340 208.358
208.233 208.278 208.320
208.233 208.292 208.387
208.151 208.225 208.372
208.187 208.263 208.321
208.144 208.236 208.393
208.198 208.271 208.349
208.234 208.268 208.334
208.231 208.252 208.292
208.119 208.198 208.269
208.164 208.245 208.327
208.180 208.229 208.270
208.254 208.334 208.441
208.106 208.260 208.333
208.216 208.307 208.397
208.115 208.265 208.344
208.173 208.266 208.322
208.179 208.282 208.347
208.264 208.320 208.371
208.146 208.268 208.405
208.200 208.270 208.313
208.152 208.211 208.294
208.251 208.292 208.342
208.085 208.184 208.255
208.154 208.426 208.610
208.257 208.294 208.332
208.216 208.266 208.312
208.134 208.214 208.292
208.167 208.250 208.406
208.092 208.210 208.297
208.231 208.258 208.298
208.183 208.274 208.437
208.220 208.240 208.278
208.185 208.247 208.382
208.041 208.208 208.275
208.166 208.212 208.268
208.243 208.281 208.336
208.006 208.183 208.252
208.180 208.248 208.316
208.039 208.146 208.215
208.252 208.323 208.400
208.106 208.178 208.254
208.176 208.283 208.392
208.161 208.223 208.308
208.141 208.225 208.323
208.241 208.258 208.284
208.147 208.249 208.401
208.067 208.124 208.167
208.137 208.229 208.337
208.098 208.191 208.260
208.150 208.210 208.313
208.135 208.235 208.267
208.222 208.261 208.319
208.085 208.208 208.341
208.201 208.264 208.322
208.123 208.263 208.359
208.195 208.284 208.369
208.105 208.167 208.291
207.984 208.214 208.305
208.180 208.267 208.358
208.133 208.180 208.223
208.106 208.226 208.290
208.164 208.251 208.326
208.072 208.175 208.265
208.148 208.234 208.296
208.192 208.242 208.283
208.126 208.232 208.296
208.188 208.231 208.273
208.170 208.248 208.345
208.215 208.272 208.332
208.119 208.209 208.248
208.108 208.134 208.206
208.141 208.227 208.300
208.188 208.239 208.288
208.149 208.214 208.291
208.022 208.142 208.229
208.173 208.241 208.292
208.144 208.208 208.261
208.173 208.229 208.317
208.151 208.228 208.303
208.062 208.206 208.290
208.188 208.228 208.281
208.200 208.241 208.265
208.169 208.250 208.339
208.183 208.229 208.276
208.097 208.172 208.249
208.008 208.215 208.325
208.155 208.239 208.290
208.161 208.229 208.283
208.029 208.202 208.269
208.156 208.432 209.301
208.174 208.219 208.263
208.226 208.276 208.333
208.116 208.276 208.353
208.148 208.246 208.344
208.178 208.233 208.276
208.113 208.215 208.262
208.175 208.240 208.352
208.153 208.202 208.291
208.202 208.236 208.298
208.135 208.161 208.209
208.059 208.206 208.297
208.279 208.298 208.366
208.220 208.265 208.304
208.219 208.279 208.330
208.196 208.221 208.244
208.167 208.237 208.416
208.052 208.199 208.314
208.201 208.270 208.325
208.156 208.236 208.278
208.195 208.244 208.296
208.168 208.233 208.297
208.008 208.144 208.222
208.245 208.343 208.478
208.180 208.248 208.434
208.190 208.251 208.279
208.142 208.275 208.451
208.117 208.191 208.259
208.061 208.205 208.306
208.190 208.206 208.221
208.152 208.211 208.266
208.171 208.258 208.322
208.156 208.383 208.990
208.055 208.140 208.203
208.198 208.220 208.266
208.129 208.196 208.249
208.159 208.217 208.271
208.088 208.205 208.362
208.129 208.217 208.266
208.057 208.172 208.251
208.107 208.188 208.283
208.162 208.274 208.522
208.231 208.267 208.284
208.170 208.228 208.295
208.112 208.210 208.320
208.134 208.217 208.283
208.150 208.253 208.299
208.196 208.223 208.250
208.153 208.192 208.237
208.059 208.208 208.290
208.181 208.234 208.295
208.132 208.215 208.325
208.105 208.212 208.301
208.029 208.154 208.251
208.155 208.185 208.245
208.147 208.189 208.228
208.085 208.194 208.233
208.197 208.236 208.304
208.198 208.267 208.326
208.206 208.253 208.293
208.034 208.175 208.257
208.105 208.192 208.322
208.272 208.315 208.368
208.163 208.283 208.354
208.193 208.215 208.236
208.211 208.224 208.248
208.124 208.223 208.271
208.213 208.250 208.271
208.164 208.228 208.256
208.117 208.175 208.197
208.208 208.229 208.268
208.158 208.182 208.228
208.127 208.169 208.209
208.112 208.219 208.320
208.223 208.269 208.317
208.166 208.244 208.325
208.183 208.230 208.286
208.122 208.200 208.296
208.073 208.219 208.289
208.205 208.242 208.270
208.156 208.228 208.274
208.117 208.199 208.291
208.124 208.241 208.314
208.152 208.219 208.372
208.188 208.229 208.274
208.140 208.198 208.294
208.109 208.270 208.424
208.158 208.193 208.241
208.108 208.222 208.288
208.244 208.298 208.373
208.111 208.212 208.302
208.015 208.085 208.162
208.221 208.270 208.310
208.029 208.134 208.187
208.211 208.245 208.274
208.123 208.197 208.265
208.139 208.191 208.272
208.179 208.238 208.282
208.168 208.229 208.259
208.105 208.274 208.507
208.176 208.239 208.340
208.086 208.188 208.292
208.196 208.213 208.239
208.207 208.244 208.266
208.096 208.195 208.281
208.167 208.216 208.255
208.215 208.255 208.272
208.128 208.198 208.292
208.171 208.226 208.313
208.045 208.179 208.290
208.191 208.241 208.278
208.196 208.249 208.324
208.105 208.184 208.270
208.057 208.226 208.324
208.115 208.183 208.287
208.201 208.258 208.302
208.224 208.275 208.321
208.141 208.223 208.303
208.132 208.185 208.278
208.212 208.255 208.289
208.204 208.251 208.306
208.066 208.203 208.271
208.159 208.262 208.339
208.030 208.156 208.265
208.247 208.281 208.323
208.235 208.284 208.361
208.128 208.255 208.321
208.159 208.223 208.278
208.139 208.179 208.216
208.125 208.168 208.252
208.177 208.231 208.293
208.178 208.214 208.249
208.244 208.282 208.310
208.160 208.223 208.295
208.183 208.281 208.451
208.184 208.250 208.315
208.166 208.951 211.955
208.012 208.084 208.185
208.087 208.189 208.270
208.188 208.242 208.296
208.111 208.202 208.303
208.151 208.257 208.306
208.160 208.231 208.325
208.073 208.109 208.167
208.151 208.217 208.266
208.195 208.308 208.644
208.198 208.243 208.283
208.203 208.240 208.275
208.212 208.263 208.319
208.224 208.285 208.315
208.223 208.254 208.273
208.087 208.213 208.299
208.142 208.219 208.275
208.098 208.165 208.232
208.222 208.258 208.283
208.115 208.281 208.620
208.173 208.210 208.257
208.149 208.223 208.297
208.160 208.195 208.246
208.055 208.201 208.272
208.152 208.194 208.274
208.110 208.213 208.319
208.160 208.256 208.314
208.151 208.223 208.319
208.118 208.211 208.288
208.254 208.285 208.320
208.168 208.233 208.286
208.173 208.255 208.326
208.117 208.191 208.254
208.066 208.142 208.199
208.019 208.229 208.306
208.184 208.230 208.262
208.159 208.211 208.269
208.223 208.246 208.262
208.211 208.255 208.311
208.167 208.204 208.286
208.020 208.191 208.301
208.184 208.241 208.314
208.151 208.209 208.240
208.131 208.212 208.278
208.123 208.255 208.323
208.171 208.228 208.322
208.085 208.150 208.249
208.161 208.221 208.330
208.163 208.224 208.280
208.112 208.237 208.386
208.116 208.164 208.266
208.151 208.240 208.331
208.178 208.197 208.238
208.210 208.247 208.269
208.217 208.268 208.361
208.236 208.275 208.299
208.133 208.193 208.250
208.153 208.223 208.289
208.173 208.246 208.286
208.159 208.211 208.287
208.082 208.197 208.280
208.166 208.237 208.298
208.033 208.195 208.297
208.205 208.245 208.298
208.223 208.238 208.263
208.133 208.247 208.411
208.094 208.138 208.264
208.126 208.254 208.344
208.200 208.255 208.350
208.235 208.281 208.354
208.127 208.196 208.306
208.143 208.246 208.327
208.014 208.163 208.301
208.166 208.240 208.315
208.181 208.242 208.292
208.194 208.234 208.332
208.159 208.232 208.307
208.174 208.232 208.299
208.155 208.212 208.255
208.196 208.249 208.288
208.136 208.211 208.299
208.136 208.280 208.377
208.121 208.208 208.273
208.236 208.279 208.344
208.001 208.115 208.210
208.191 208.233 208.311
208.167 208.223 208.270
208.146 208.227 208.288
208.087 208.169 208.266
208.244 208.289 208.332
208.148 208.198 208.273
208.171 208.231 208.289
208.157 208.230 208.339
208.133 208.231 208.361
208.114 208.196 208.249
208.164 208.247 208.284
208.157 208.231 208.297
208.081 208.177 208.234
208.203 208.267 208.307
208.094 208.164 208.227
208.030 208.163 208.222
208.167 208.251 208.327
208.189 208.246 208.307
208.195 208.239 208.309
208.163 208.250 208.322
208.125 208.234 208.304
208.159 208.236 208.288
208.212 208.229 208.256
208.099 208.192 208.272
208.166 208.265 208.351
208.180 208.245 208.350
208.033 208.201 208.317
208.221 208.264 208.300
208.095 208.235 208.374
208.166 208.249 208.327
208.261 208.304 208.353
208.158 208.197 208.229
208.092 208.197 208.286
208.255 208.284 208.324
208.194 208.282 208.335
208.193 208.253 208.302
208.238 208.268 208.321
208.057 208.210 208.280
208.202 208.254 208.283
208.185 208.250 208.331
208.204 208.232 208.255
208.132 208.224 208.322
208.162 208.232 208.296
208.097 208.213 208.291
208.197 208.248 208.296
208.062 208.229 208.320
208.184 208.259 208.301
208.144 208.231 208.297
208.208 208.234 208.278
208.077 208.220 208.285
208.059 208.167 208.248
208.078 208.208 208.351
208.177 208.242 208.293
208.180 208.249 208.332
208.081 208.245 208.307
208.277 208.305 208.374
208.150 208.246 208.305
208.125 208.251 208.442
208.210 208.272 208.343
208.221 208.304 208.346
208.136 208.245 208.322
208.109 208.228 208.272
208.221 208.293 208.355
208.092 208.141 208.206
208.227 208.294 208.400
208.137 208.224 208.343
208.216 208.267 208.330
208.150 208.223 208.321
208.291 208.315 208.323
208.164 208.252 208.409
208.101 208.222 208.290
208.131 208.218 208.305
208.229 208.284 208.328
208.198 208.282 208.369
208.170 208.229 208.300
208.187 208.293 208.361
208.236 208.285 208.337
208.105 208.204 208.276
208.184 208.259 208.354
208.157 208.201 208.277
208.221 208.265 208.351
208.169 208.222 208.307
208.230 208.260 208.293
208.159 208.231 208.272
208.048 208.226 208.327
208.220 208.283 208.338
208.226 208.251 208.273
208.136 208.226 208.286
208.219 208.249 208.292
208.215 208.306 208.568
208.198 208.277 208.309
208.192 208.251 208.335
208.242 208.296 208.358
208.167 208.520 209.521
208.093 208.233 208.397
208.147 208.245 208.283
208.136 208.247 208.373
208.221 208.270 208.303
208.135 208.215 208.291
208.124 208.242 208.338
208.072 208.106 208.179
208.203 208.247 208.293
208.166 208.263 208.334
208.190 208.227 208.298
208.219 208.276 208.313
208.159 208.212 208.283
208.110 208.191 208.248
208.253 208.294 208.386
208.174 208.261 208.338
208.226 208.276 208.323
208.205 208.266 208.295
208.146 208.224 208.316
208.138 208.234 208.347
208.063 208.188 208.288
208.110 208.221 208.388
208.119 208.204 208.262
208.219 208.258 208.297
208.211 208.256 208.305
208.177 208.293 208.497
208.145 208.240 208.339
208.182 208.223 208.256
208.240 208.276 208.303
208.117 208.260 208.389
208.225 208.270 208.300
208.211 208.273 208.350
208.183 208.286 208.535
208.244 208.319 208.428
208.184 208.241 208.303
208.109 208.233 208.316
208.155 208.216 208.271
208.120 208.299 208.482
208.172 208.232 208.306
208.255 208.290 208.327
208.180 208.203 208.226
208.220 208.298 208.379
208.198 208.290 208.332
208.085 208.274 208.483
208.149 208.205 208.278
208.134 208.216 208.253
208.106 208.228 208.333
208.221 208.254 208.266
208.268 208.346 208.451
208.016 208.184 208.310
208.201 208.242 208.323
208.211 208.264 208.319
208.233 208.272 208.296
208.141 208.222 208.314
208.294 208.488 209.194
208.291 208.315 208.336
208.114 208.169 208.250
208.239 208.273 208.314
208.180 208.245 208.283
208.136 208.252 208.307
208.245 208.290 208.374
208.228 208.254 208.288
208.188 208.252 208.311
208.119 208.222 208.327
208.178 208.218 208.278
208.184 208.221 208.270
208.249 208.294 208.325
208.156 208.268 208.335
208.142 208.217 208.287
208.139 208.213 208.276
208.201 208.242 208.285
208.193 208.260 208.343
208.184 208.260 208.337
208.139 208.217 208.289
208.128 208.214 208.305
208.130 208.222 208.366
208.190 208.285 208.343
208.187 208.329 208.588
208.158 208.263 208.311
208.168 208.250 208.303
208.037 208.181 208.235
208.256 208.295 208.327
208.087 208.308 208.553
208.106 208.229 208.311
208.113 208.239 208.349
208.175 208.234 208.289
208.062 208.200 208.268
208.179 208.229 208.282
208.245 208.298 208.357
208.252 208.288 208.319
208.207 208.234 208.263
208.186 208.298 208.366
208.153 208.207 208.251
208.167 208.253 208.312
208.179 208.234 208.333
208.156 208.275 208.335
208.161 208.234 208.354
208.261 208.300 208.355
208.278 208.293 208.329
208.220 208.254 208.332
208.236 208.243 208.252
208.197 208.257 208.313
208.127 208.242 208.346
208.074 208.239 208.317
208.159 208.218 208.268
208.178 208.249 208.391
208.175 208.265 208.343
208.191 208.264 208.319
208.144 208.207 208.274
208.160 208.225 208.258
208.157 208.223 208.315
208.185 208.262 208.380
208.145 208.236 208.279
208.230 208.279 208.313
208.203 208.253 208.307
208.120 208.251 208.328
208.203 208.292 208.485
208.257 208.280 208.298
208.204 208.246 208.332
208.188 208.221 208.250
208.188 208.266 208.355
208.139 208.229 208.306
208.259 208.298 208.349
208.099 208.164 208.252
208.202 208.236 208.271
208.050 208.180 208.244
208.159 208.244 208.327
208.183 208.249 208.307
208.204 208.276 208.337
208.209 208.286 208.341
208.121 208.178 208.244
208.184 208.315 208.712
208.188 208.294 208.368
208.239 208.259 208.278
208.116 208.184 208.242
208.139 208.199 208.280
208.213 208.268 208.344
208.148 208.227 208.315
208.105 208.202 208.307
208.100 208.198 208.311
208.166 208.239 208.304
208.203 208.323 208.558
208.196 208.262 208.351
208.254 208.283 208.316
208.208 208.223 208.254
208.142 208.259 208.316
208.219 208.243 208.265
208.136 208.211 208.256
208.121 208.265 208.349
208.196 208.322 208.592
208.176 208.233 208.355
208.133 208.208 208.323
208.064 208.224 208.325
208.223 208.256 208.307
208.286 208.325 208.368
208.059 208.130 208.196
208.112 208.204 208.241
208.071 208.143 208.266
208.140 208.213 208.270
208.216 208.263 208.356
208.253 208.278 208.312
208.206 208.269 208.340
208.227 208.280 208.307
208.064 208.126 208.200
208.158 208.230 208.310
208.161 208.251 208.302
208.269 208.293 208.329
208.173 208.272 208.394
208.180 208.235 208.323
208.185 208.248 208.306
208.256 208.278 208.311
208.108 208.185 208.255
208.240 208.264 208.312
208.198 208.254 208.292
208.040 208.163 208.239
208.145 208.223 208.341
208.144 208.277 208.347
208.221 208.251 208.324
208.185 208.244 208.291
208.199 208.215 208.249
208.002 208.118 208.189
208.182 208.237 208.307
208.153 208.225 208.325
208.171 208.252 208.330
208.194 208.213 208.233
208.180 208.290 208.377
208.208 208.252 208.278
208.142 208.211 208.278
208.164 208.246 208.325
208.151 208.230 208.293
208.173 208.262 208.312
208.166 208.262 208.373
208.248 208.287 208.350
208.151 208.249 208.328
208.172 208.255 208.328
208.161 208.229 208.299
208.174 208.229 208.299
208.080 208.233 208.296
208.163 208.203 208.263
208.144 208.225 208.266
208.066 208.191 208.359
208.208 208.290 208.340
208.148 208.226 208.290
208.202 208.243 208.298
208.057 208.193 208.255
208.197 208.233 208.314
208.064 208.179 208.315
208.184 208.255 208.295
208.123 208.209 208.262
208.118 208.210 208.272
208.224 208.251 208.283
208.197 208.217 208.241
208.143 208.235 208.300
208.212 208.268 208.311
208.166 208.231 208.280
208.213 208.258 208.318
208.130 208.148 208.192
208.171 208.203 208.260
208.249 208.303 208.356
207.968 208.141 208.240
208.210 208.223 208.237
208.177 208.260 208.354
208.146 208.228 208.287
208.086 208.246 208.394
208.207 208.256 208.297
208.172 208.248 208.338
208.080 208.230 208.378
208.119 208.211 208.346
208.207 208.278 208.369
208.231 208.267 208.317
208.135 208.168 208.211
208.214 208.256 208.310
208.179 208.218 208.263
208.172 208.245 208.281
208.056 208.228 208.311
208.189 208.245 208.298
208.229 208.262 208.316
208.155 208.259 208.343
208.172 208.253 208.320
208.224 208.254 208.319
208.218 208.259 208.287
208.172 208.221 208.274
208.151 208.246 208.336
208.149 208.219 208.282
208.143 208.212 208.255
208.161 208.205 208.253
208.147 208.254 208.380
208.156 208.245 208.364
208.105 208.236 208.385
208.002 208.211 208.401
208.076 208.158 208.195
208.219 208.269 208.298
208.186 208.264 208.333
208.156 208.202 208.286
208.155 208.245 208.285
208.139 208.219 208.384
208.112 208.191 208.258
208.105 208.193 208.265
208.140 208.255 208.315
208.199 208.297 208.375
208.134 208.245 208.338
208.164 208.252 208.306
208.064 208.214 208.308
208.173 208.221 208.280
208.081 208.215 208.322
208.201 208.242 208.310
208.236 208.271 208.324
207.992 208.160 208.226
208.193 208.264 208.339
208.179 208.208 208.268
208.024 208.126 208.222
208.201 208.239 208.289
208.168 208.261 208.342
208.157 208.247 208.307
208.184 208.233 208.258
208.202 208.260 208.301
208.120 208.250 208.410
208.141 208.246 208.320
208.114 208.188 208.268
208.025 208.213 208.338
208.152 208.258 208.322
208.177 208.247 208.350
208.212 208.287 208.356
208.113 208.185 208.232
208.170 208.300 208.420
208.018 208.202 208.289
208.205 208.305 208.506
208.224 208.282 208.316
208.129 208.229 208.301
208.071 208.178 208.223
208.141 208.269 208.317
208.213 208.279 208.339
208.188 208.277 208.431
208.042 208.154 208.231
208.020 208.194 208.269
208.237 208.264 208.336
208.154 208.254 208.340
208.120 208.216 208.315
208.169 208.246 208.293
208.155 208.232 208.293
208.084 208.165 208.305
208.176 208.229 208.273
208.150 208.250 208.306
208.187 208.269 208.351
208.179 208.261 208.360
208.205 208.243 208.310
208.147 208.240 208.292
208.106 208.194 208.251
208.262 208.307 208.360
208.111 208.239 208.345
208.165 208.272 208.384
208.222 208.248 208.292
208.284 208.329 208.387
208.172 208.249 208.326
208.189 208.248 208.302
208.234 208.266 208.311
208.195 208.333 208.639
208.212 208.275 208.478
208.244 208.309 208.370
208.107 208.232 208.329
208.056 208.243 208.380
208.168 208.246 208.334
208.049 208.185 208.289
208.225 208.266 208.290
208.109 208.193 208.297
208.229 208.368 208.619
208.073 208.296 208.649
208.119 208.199 208.287
208.083 208.280 208.479
208.058 208.187 208.306
208.147 208.249 208.324
208.112 208.207 208.388
208.225 208.258 208.306
208.187 208.236 208.343
208.173 208.357 208.785
208.230 208.272 208.352
208.174 208.223 208.313
208.172 208.256 208.356
208.095 208.210 208.344
208.166 208.257 208.305
208.146 208.217 208.312
208.210 208.264 208.327
208.129 208.226 208.296
208.185 208.265 208.387
207.977 208.252 208.477
208.208 208.263 208.320
208.186 208.268 208.328
208.212 208.317 208.406
208.164 208.234 208.294
208.202 208.259 208.455
208.175 208.251 208.309
208.052 208.257 208.548
208.145 208.231 208.328
208.229 208.276 208.325
208.176 208.210 208.251
208.259 208.305 208.394
208.164 208.215 208.297
208.120 208.166 208.240
208.258 208.286 208.338
208.235 208.329 208.401
207.991 208.174 208.344
208.202 208.291 208.500
208.214 208.271 208.317
208.197 208.250 208.330
208.104 208.249 208.488
208.186 208.285 208.350
208.223 208.311 208.411
208.304 208.352 208.428
208.177 208.314 208.449
208.132 208.238 208.309
208.181 208.274 208.315
208.114 208.304 208.506
208.807 210.285 212.589
210.791 211.360 211.899
210.680 211.179 211.885
209.613 210.940 211.841
208.198 208.302 208.440
208.272 208.464 208.756
208.133 208.243 208.357
208.227 208.393 208.701
208.132 208.290 208.402
208.201 208.246 208.293
208.020 208.224 208.320
208.222 208.337 208.542
208.201 208.259 208.332
208.121 208.235 208.309
208.148 208.213 208.318
208.269 208.283 208.338
208.281 208.353 208.489
214.237 214.449 214.838
213.210 213.679 214.332
213.828 214.516 215.333
213.741 214.152 214.509
0 0 0
209.400 209.452 209.511
209.353 209.470 209.571
209.406 209.461 209.571
209.419 209.500 209.536
209.201 209.415 209.525
209.454 209.490 209.526
209.378 209.428 209.512
209.474 209.563 209.640
209.463 209.494 209.539
209.435 209.496 209.529
209.391 209.443 209.574
209.429 209.505 209.557
209.359 209.486 209.590
209.385 209.482 209.611
209.384 209.480 209.586
209.401 209.465 209.511
209.403 209.521 209.706
209.395 209.571 209.830
209.373 209.471 209.520
209.299 209.370 209.409
209.413 209.469 209.594
209.392 209.498 209.558
209.437 209.500 209.597
209.399 209.446 209.494
209.429 209.470 209.521
209.474 209.492 209.518
209.388 209.431 209.462
209.304 209.418 209.574
209.428 209.490 209.529
209.409 209.487 209.559
209.373 209.461 209.504
209.323 209.455 209.527
209.432 209.460 209.499
209.358 209.489 209.567
209.385 209.464 209.554
209.391 209.488 209.545
209.445 209.479 209.554
209.369 209.388 209.403
209.409 209.487 209.575
209.356 209.442 209.552
209.394 209.474 209.558
209.441 209.495 209.546
209.390 209.464 209.527
209.408 209.457 209.496
209.486 209.526 209.595
209.428 209.479 209.536
209.413 209.442 209.478
209.365 209.452 209.553
209.292 209.471 209.603
209.354 209.464 209.531
209.474 209.512 209.598
209.469 209.522 209.571
209.394 209.461 209.507
209.326 209.520 209.654
209.446 209.523 209.562
209.430 209.520 209.598
209.413 209.469 209.529
209.455 209.503 209.574
209.439 209.508 209.602
209.364 209.502 209.563
209.401 209.464 209.517
209.390 209.432 209.495
209.410 209.492 209.556
209.418 209.470 209.528
209.377 209.484 209.554
209.386 209.452 209.494
209.397 209.494 209.538
209.407 209.462 209.533
209.476 209.511 209.534
209.416 209.499 209.567
209.433 209.512 209.709
209.451 209.509 209.582
209.428 209.496 209.561
209.401 209.437 209.527
209.373 209.459 209.490
209.422 209.488 209.574
209.441 209.518 209.602
209.493 209.516 209.531
209.383 209.466 209.531
209.387 209.485 209.534
209.301 209.439 209.555
209.418 209.465 209.527
209.442 209.485 209.529
209.266 209.367 209.467
209.377 209.493 209.555
209.353 209.455 209.528
209.428 209.457 209.498
209.284 209.382 209.544
209.391 209.433 209.516
209.416 209.478 209.514
209.383 209.458 209.583
209.336 209.410 209.470
209.442 209.478 209.504
209.331 209.410 209.501
209.393 209.469 209.534
209.417 209.464 209.519
209.419 209.470 209.530
209.288 209.420 209.546
209.468 209.515 209.555
209.482 209.767 210.800
209.447 209.497 209.556
209.387 209.445 209.514
209.347 209.435 209.535
209.453 209.465 209.488
209.352 209.461 209.550
209.398 209.490 209.537
209.431 209.501 209.606
209.375 209.457 209.537
209.397 209.454 209.511
209.368 209.432 209.528
209.470 209.507 209.537
209.376 209.398 209.453
209.427 209.497 209.560
209.397 209.436 209.481
209.350 209.463 209.526
209.326 209.455 209.673
209.444 209.523 209.559
209.349 209.462 209.527
209.283 209.437 209.536
209.378 209.470 209.529
209.348 209.440 209.536
210.400 210.496 210.600
209.275 209.415 209.489
209.392 209.502 209.683
209.448 209.490 209.527
209.297 209.388 209.438
209.364 209.468 209.535
209.313 209.441 209.514
209.404 209.487 209.563
209.331 209.497 209.561
209.372 209.443 209.558
209.276 209.451 209.590
209.480 209.523 209.566
209.489 209.504 209.518
209.282 209.368 209.439
209.352 209.476 209.543
209.388 209.472 209.527
209.472 209.493 209.509
209.438 209.485 209.524
209.342 209.422 209.469
209.421 209.465 209.518
209.409 209.487 209.562
209.397 209.440 209.487
209.393 209.466 209.504
209.422 209.509 209.602
209.289 209.382 209.524
209.295 209.418 209.475
209.347 209.418 209.495
209.302 209.470 209.562
209.429 209.485 209.538
209.430 209.468 209.479
209.272 209.403 209.469
209.392 209.460 209.535
209.271 209.489 209.642
209.411 209.468 209.551
209.415 209.441 209.472
209.393 209.450 209.485
209.300 209.405 209.511
209.338 209.413 209.477
209.339 209.470 209.554
209.320 209.453 209.519
209.407 209.468 209.516
209.362 209.476 209.536
209.175 209.371 209.544
209.419 209.492 209.549
209.385 209.506 209.558
209.322 209.459 209.529
209.416 209.458 209.527
209.427 209.502 209.573
209.354 209.477 209.520
209.402 209.470 209.540
209.337 209.397 209.500
209.447 209.473 209.516
209.386 209.442 209.505
209.348 209.462 209.514
209.326 209.443 209.487
209.415 209.453 209.490
209.400 209.463 209.515
209.495 209.538 209.653
209.269 209.367 209.452
209.285 209.449 209.530
209.402 209.464 209.501
209.434 209.506 209.569
209.431 209.495 209.551
209.371 209.486 209.595
209.394 209.452 209.524
209.447 209.511 209.585
209.320 209.380 209.421
209.345 209.448 209.523
209.379 209.454 209.513
209.406 209.470 209.529
209.388 209.442 209.504
209.454 209.478 209.493
209.347 209.420 209.519
209.478 209.501 209.538
209.426 209.469 209.555
209.454 209.513 209.543
209.406 209.430 209.450
209.374 209.454 209.505
209.406 209.462 209.538
209.422 209.449 209.495
209.333 209.420 209.468
209.433 209.465 209.515
209.443 209.461 209.497
209.336 209.406 209.499
209.369 209.449 209.524
209.462 209.518 209.585
209.318 209.409 209.532
209.336 209.455 209.510
209.370 209.454 209.556
209.354 209.434 209.501
209.366 209.452 209.530
209.390 209.442 209.492
209.349 209.404 209.489
209.449 209.496 209.538
209.303 209.416 209.463
209.366 209.454 209.523
209.372 209.466 209.511
209.235 209.396 209.474
209.444 209.501 209.535
209.309 209.433 209.521
209.386 209.467 209.519
209.397 209.456 209.520
209.397 209.495 209.572
209.449 209.509 209.545
209.445 209.488 209.535
209.452 209.472 209.505
209.349 209.445 209.496
209.365 209.433 209.497
209.302 209.410 209.538
209.446 209.494 209.523
209.377 209.487 209.606
209.428 209.497 209.546
209.378 209.446 209.532
209.366 209.433 209.557
209.295 209.413 209.550
209.438 209.507 209.592
209.493 209.530 209.548
209.423 209.490 209.538
209.295 209.411 209.506
209.450 209.488 209.506
209.254 209.427 209.524
209.474 209.552 209.637
209.360 209.480 209.597
209.346 209.766 211.166
209.323 209.419 209.512
209.369 209.392 209.407
209.444 209.506 209.571
209.479 209.512 209.534
209.466 209.518 209.545
209.344 209.419 209.494
209.374 209.474 209.573
209.358 209.417 209.474
209.424 209.486 209.534
209.470 209.500 209.525
209.411 209.476 209.584
209.435 209.478 209.539
209.381 209.465 209.549
209.401 209.446 209.510
209.377 209.426 209.512
209.341 209.447 209.523
209.432 209.489 209.558
209.383 209.474 209.544
209.450 209.471 209.485
209.344 209.428 209.500
209.397 209.465 209.548
209.378 209.485 209.545
209.322 209.416 209.472
209.429 209.489 209.551
209.406 209.467 209.532
209.428 209.454 209.489
209.288 209.455 209.537
209.467 209.514 209.589
209.444 209.519 209.567
209.437 209.561 209.804
209.404 209.523 209.695
209.436 209.489 209.551
209.387 209.443 209.510
209.432 209.486 209.547
209.241 209.410 209.496
209.494 209.529 209.568
209.496 209.534 209.561
209.332 209.435 209.507
209.412 209.460 209.509
209.427 209.510 209.547
209.369 209.446 209.516
209.290 209.402 209.471
209.513 209.547 209.603
209.391 209.454 209.515
209.436 209.481 209.518
209.411 209.461 209.515
209.419 209.446 209.492
209.458 209.525 209.610
209.384 209.461 209.525
209.443 209.486 209.521
209.425 209.478 209.498
209.512 209.570 209.620
209.420 209.584 209.753
209.355 209.464 209.545
209.341 209.439 209.558
209.417 209.472 209.513
209.472 209.491 209.512
209.383 209.509 209.556
209.421 209.495 209.643
209.415 209.444 209.498
209.388 209.499 209.562
209.396 209.477 209.551
209.401 209.484 209.542
209.510 209.531 209.559
209.393 209.459 209.525
209.335 209.454 209.518
209.389 209.475 209.542
209.460 209.498 209.546
209.344 209.468 209.544
209.468 209.516 209.565
209.419 209.497 209.571
209.454 209.491 209.530
209.271 209.426 209.587
209.494 209.522 209.552
209.308 209.476 209.576
209.457 209.526 209.659
209.413 209.490 209.558
209.348 209.463 209.514
209.384 209.469 209.528
209.436 209.503 209.558
209.415 209.526 209.714
209.410 209.500 209.574
209.427 209.489 209.585
209.398 209.442 209.565
209.435 209.523 209.590
209.446 209.498 209.586
209.384 209.460 209.550
209.428 209.460 209.489
209.388 209.481 209.603
209.415 209.463 209.504
209.406 209.499 209.542
209.350 209.421 209.508
209.450 209.504 209.545
209.455 209.484 209.523
209.439 209.466 209.560
209.443 209.492 209.553
209.526 209.570 209.638
209.429 209.488 209.583
209.414 209.532 209.600
209.430 209.574 209.706
209.489 209.503 209.528
209.434 209.489 209.558
209.446 209.496 209.541
209.446 209.496 209.591
209.471 209.538 209.632
209.404 209.465 209.539
209.396 209.466 209.539
209.424 209.450 209.473
209.384 209.436 209.510
209.376 209.465 209.548
209.461 209.523 209.615
209.451 209.508 209.580
209.428 209.485 209.519
209.451 209.495 209.559
209.472 209.513 209.540
209.424 209.503 209.557
209.367 209.453 209.548
209.472 209.529 209.592
209.417 209.477 209.543
209.329 209.444 209.578
209.423 209.491 209.566
209.424 209.506 209.595
209.456 209.512 209.549
209.403 209.491 209.567
209.407 209.499 209.561
209.400 209.497 209.538
209.355 209.472 209.546
209.338 209.452 209.589
209.396 209.465 209.544
209.324 209.485 209.592
209.484 209.615 209.766
209.321 209.473 209.568
209.365 209.470 209.504
209.450 209.507 209.562
209.415 209.476 209.540
209.498 209.530 209.598
209.438 209.497 209.526
209.480 209.665 210.123
209.375 209.475 209.689
209.387 209.507 209.728
209.435 209.603 209.993
209.380 209.435 209.570
209.286 209.432 209.508
209.488 209.518 209.545
209.413 209.497 209.542
209.409 209.454 209.533
209.481 209.537 209.578
209.412 209.474 209.535
209.387 209.410 209.443
209.480 209.560 209.680
209.439 209.497 209.574
209.387 209.458 209.568
209.294 209.462 209.656
209.387 209.464 209.577
209.450 209.524 209.609
209.465 209.502 209.547
209.432 209.508 209.624
209.499 209.518 209.566
209.380 209.484 209.545
209.408 209.457 209.513
209.414 209.507 209.585
209.369 209.451 209.555
209.471 209.487 209.498
209.412 209.492 209.608
209.489 209.519 209.586
209.395 209.528 209.634
209.408 209.505 209.589
209.493 209.524 209.581
209.329 209.490 209.884
209.414 209.483 209.563
209.454 209.558 209.621
209.460 209.595 209.946
209.443 209.474 209.527
209.437 209.540 209.645
209.395 209.473 209.537
209.429 209.470 209.493
209.312 209.446 209.558
209.434 209.481 209.526
209.531 209.692 210.234
209.414 209.549 209.896
209.384 209.471 209.569
209.405 209.460 209.552
209.421 209.498 209.598
209.418 209.498 209.589
209.486 209.557 209.677
209.425 209.494 209.580
209.386 209.469 209.533
209.238 209.398 209.543
209.419 209.623 209.824
209.366 209.400 209.449
209.454 209.472 209.501
209.394 209.438 209.503
209.331 209.470 209.530
209.417 209.443 209.520
209.444 209.515 209.542
209.365 209.464 209.534
209.436 209.544 209.685
209.383 209.440 209.551
209.364 209.438 209.490
209.492 209.651 210.123
209.520 209.551 209.589
209.400 209.417 209.436
209.361 209.425 209.537
209.437 209.512 209.546
209.318 209.410 209.522
209.435 209.519 209.578
209.479 209.514 209.547
209.466 209.570 209.838
209.432 209.489 209.635
209.432 209.498 209.603
209.420 209.480 209.546
209.461 209.494 209.522
209.379 209.439 209.527
209.455 209.540 209.587
209.495 209.538 209.670
209.390 209.488 209.546
209.368 209.512 209.594
209.382 209.502 209.602
209.407 209.481 209.549
209.341 209.425 209.523
209.457 209.551 209.596
209.462 209.552 209.645
209.428 209.523 209.669
209.432 209.471 209.528
209.517 209.564 209.602
209.476 209.526 209.559
209.462 209.507 209.542
209.487 209.574 209.658
209.408 209.479 209.554
209.404 209.451 209.542
209.291 209.443 209.558
209.442 209.535 209.620
209.415 209.489 209.571
209.475 209.514 209.568
209.431 209.485 209.540
209.450 209.489 209.565
209.337 209.440 209.513
209.458 209.505 209.566
209.361 209.411 209.439
209.403 209.488 209.620
209.501 209.535 209.586
209.393 209.634 210.386
209.346 209.483 209.562
209.478 209.524 209.590
209.448 209.487 209.516
209.440 209.515 209.615
209.522 209.588 209.712
209.240 209.402 209.539
209.439 209.526 209.561
209.438 209.527 209.716
209.474 209.500 209.527
209.420 209.516 209.649
209.398 209.465 209.603
209.272 209.481 209.651
209.377 209.514 209.609
209.417 209.497 209.554
209.389 209.461 209.548
209.417 209.468 209.549
209.406 209.478 209.562
209.414 209.483 209.534
209.330 209.493 209.642
209.372 209.553 209.642
209.340 209.453 209.518
209.508 209.561 209.621
209.460 209.497 209.551
209.476 209.594 209.709
209.513 209.556 209.612
209.425 209.501 209.570
209.269 209.326 209.405
209.430 209.497 209.563
209.427 209.512 209.569
209.305 209.394 209.552
209.400 209.498 209.589
209.532 209.553 209.573
209.486 209.508 209.562
209.445 209.517 209.671
209.446 209.515 209.591
209.411 209.460 209.504
209.400 209.526 209.665
209.259 209.354 209.442
209.411 209.490 209.548
209.455 209.541 209.586
209.444 209.484 209.504
209.388 209.465 209.550
209.437 209.517 209.573
209.444 209.479 209.531
209.446 209.543 209.728
209.395 209.467 209.514
209.402 209.471 209.565
209.498 209.539 209.589
209.446 209.492 209.536
209.432 209.547 209.660
209.369 209.436 209.485
209.424 209.529 209.583
209.484 209.538 209.607
209.460 209.560 209.732
209.339 209.465 209.557
209.526 209.594 209.629
209.417 209.465 209.490
209.368 209.482 209.548
209.377 209.506 209.617
209.361 209.474 209.620
209.456 209.513 209.565
209.406 209.513 209.640
209.340 209.483 209.628
209.461 209.531 209.682
209.366 209.429 209.511
209.332 209.461 209.613
209.478 209.526 209.553
209.451 209.539 209.593
209.452 209.509 209.582
209.388 209.468 209.559
209.309 209.422 209.493
209.533 209.557 209.585
209.445 209.496 209.527
209.403 209.460 209.530
209.475 209.527 209.573
209.434 209.464 209.520
209.399 209.504 209.551
209.467 209.499 209.532
209.425 209.453 209.482
209.409 209.477 209.554
209.455 209.537 209.655
209.294 209.437 209.533
209.343 209.472 209.571
209.463 209.510 209.561
209.452 209.517 209.586
209.485 209.528 209.555
209.368 209.406 209.436
209.447 209.480 209.517
209.429 209.468 209.546
209.440 209.519 209.591
209.413 209.482 209.586
209.330 209.416 209.502
209.406 209.479 209.562
209.320 209.428 209.511
209.439 209.475 209.519
209.461 209.514 209.567
209.443 209.496 209.586
209.326 209.487 209.561
209.421 209.501 209.582
209.502 209.538 209.560
209.390 209.476 209.599
209.408 209.462 209.577
209.456 209.490 209.542
209.338 209.422 209.482
209.395 209.472 209.563
209.356 209.486 209.535
209.397 209.454 209.517
209.336 209.425 209.574
209.364 209.463 209.568
209.470 209.515 209.554
209.335 209.520 209.647
209.342 209.480 209.576
209.424 209.476 209.532
209.449 209.544 209.666
209.338 209.455 209.588
209.461 209.512 209.584
209.464 209.500 209.548
209.460 209.482 209.509
209.468 209.523 209.583
209.262 209.518 209.703
209.375 209.428 209.512
209.476 209.506 209.578
209.456 209.486 209.529
209.353 209.447 209.530
209.409 209.482 209.545
209.412 209.457 209.548
209.448 209.748 210.673
209.517 209.561 209.617
209.473 209.546 209.629
209.503 209.532 209.563
209.445 209.527 209.637
209.299 209.392 209.469
209.405 209.483 209.585
209.381 209.480 209.543
209.429 210.039 212.253
209.477 209.566 209.703
209.411 209.477 209.575
209.415 209.516 209.583
209.373 209.475 209.536
209.439 209.482 209.567
209.420 209.469 209.543
209.416 209.540 209.683
209.311 209.420 209.495
209.519 209.559 209.582
209.392 209.469 209.512
209.381 209.422 209.452
209.419 209.495 209.608
209.364 209.462 209.528
209.417 209.478 209.554
209.475 209.528 209.619
209.448 209.811 211.053
209.393 209.492 209.539
209.417 209.458 209.516
209.356 209.467 209.658
209.380 209.613 210.274
209.348 209.451 209.535
209.471 209.501 209.564
209.468 209.548 209.659
209.484 209.517 209.533
209.424 209.467 209.513
209.430 209.468 209.568
209.408 209.484 209.587
209.479 209.526 209.561
209.370 209.461 209.576
209.483 209.528 209.625
209.461 209.583 209.872
209.427 209.498 209.550
209.473 209.526 209.599
209.433 209.549 209.700
209.395 209.474 209.548
209.384 209.473 209.583
209.463 209.508 209.594
209.382 209.515 209.630
209.392 209.436 209.507
209.312 209.430 209.571
209.522 209.594 209.660
209.394 209.457 209.500
209.426 209.485 209.534
209.466 209.499 209.561
209.416 209.551 209.687
209.466 209.516 209.620
209.406 209.480 209.545
209.391 209.453 209.518
209.375 209.533 209.649
209.330 209.561 209.846
209.397 209.452 209.528
209.434 209.504 209.572
209.415 209.476 209.550
209.443 209.590 209.783
209.425 209.536 209.717
209.378 209.440 209.484
209.401 209.504 209.539
209.439 209.712 210.301
209.462 209.497 209.530
209.452 209.488 209.554
209.424 209.543 209.677
209.439 209.553 209.749
209.478 209.562 209.725
209.436 209.542 209.831
209.418 209.532 209.618
209.535 209.704 210.070
209.437 209.705 210.137
209.472 210.204 211.058
209.496 209.546 209.616
209.440 209.531 209.613
209.478 209.514 209.553
209.387 209.607 209.979
209.414 209.591 209.946
209.358 209.555 209.845
209.483 209.560 209.672
209.372 209.596 209.975
209.642 209.895 210.056
209.409 209.449 209.506
209.539 209.642 209.784
209.392 209.485 209.652
209.481 209.568 209.681
209.387 209.511 209.565
209.370 209.497 209.558
209.504 209.549 209.583
209.500 209.562 209.627
209.392 209.471 209.630
209.358 209.520 209.617
209.371 209.451 209.579
209.517 209.717 210.297
209.421 209.505 209.545
209.428 209.560 209.639
209.401 209.462 209.517
209.508 209.634 210.009
209.355 209.488 209.584
209.404 209.586 209.698
209.270 209.494 209.650
209.493 209.682 209.946
209.412 209.559 209.825
209.389 209.554 209.702
209.360 209.506 209.593
209.410 209.560 209.839
209.301 209.674 210.683
209.397 209.482 209.546
209.398 209.469 209.529
209.579 209.868 210.625
209.361 209.583 209.831
209.423 209.611 209.987
209.412 209.481 209.556
209.467 209.619 209.851
209.428 209.536 209.641
209.342 209.486 209.728
209.506 209.626 209.775
209.484 209.819 210.538
209.518 209.840 210.711
209.496 209.745 210.368
209.430 209.698 210.159
209.363 209.548 209.674
209.450 209.526 209.589
209.468 209.597 209.838
209.482 209.588 209.907
209.466 209.610 209.758
209.342 209.464 209.573
209.439 209.514 209.562
209.404 209.627 209.917
209.408 209.487 209.544
209.508 209.624 209.707
209.316 209.508 209.794
209.422 209.550 209.713
209.537 209.995 211.402
209.467 209.576 209.691
209.419 209.722 209.939
209.458 209.513 209.599
209.436 209.583 209.829
209.458 209.933 210.244
209.523 209.677 209.825
209.359 209.737 210.513
209.502 209.720 210.081
209.450 209.746 210.746
209.456 209.552 209.672
209.435 209.583 209.683
209.508 209.573 209.716
209.285 209.433 209.698
209.570 209.702 210.052
209.586 209.800 210.165
209.500 209.619 209.841
209.389 209.528 209.626
209.397 209.499 209.662
209.384 209.531 209.624
209.392 209.537 209.730
209.396 209.564 209.744
209.456 209.553 209.626
209.424 209.516 209.609
209.518 209.576 209.695
209.489 209.554 209.708
209.401 209.539 209.713
209.426 209.537 209.707
209.514 209.563 209.600
209.457 211.888 221.440
209.452 209.520 209.713
209.409 209.522 209.598
209.449 209.623 210.158
209.456 209.493 209.514
209.388 209.489 209.605
209.373 209.508 209.652
209.419 209.503 209.554
209.301 209.480 209.573
209.383 209.508 209.598
209.380 209.539 209.637
209.442 209.551 209.730
209.524 209.657 210.095
209.405 209.514 209.643
209.459 209.542 209.705
209.504 209.537 209.605
