85.855 85.914 85.945
85.760 85.841 85.902
85.727 85.908 86.157
85.816 85.876 85.930
85.817 85.857 85.922
85.658 85.773 85.857
85.715 85.843 85.899
85.753 85.850 85.927
85.832 85.858 85.871
85.717 85.789 85.888
85.741 85.806 85.837
85.834 85.876 85.908
85.878 85.896 85.934
85.691 85.737 85.809
85.813 85.855 85.906
85.662 85.828 85.916
85.676 85.786 85.907
85.869 85.897 85.921
85.792 85.847 85.919
85.759 85.848 85.928
85.665 85.815 85.929
85.767 85.852 85.926
85.807 85.880 85.953
85.831 85.857 85.894
85.795 85.887 86.093
85.711 85.821 85.894
85.798 85.853 85.891
85.681 85.815 85.959
85.686 85.773 85.892
85.672 85.832 85.897
85.698 85.772 85.811
85.743 85.793 85.831
85.709 85.802 85.849
85.623 85.752 85.884
85.748 85.825 85.895
85.802 85.839 85.901
85.713 85.790 85.866
86.855 87.030 87.132
87.068 87.118 87.178
85.775 85.798 85.858
85.815 85.857 85.930
85.790 85.848 85.898
85.830 85.848 85.871
85.654 85.770 85.911
87.133 87.149 87.167
85.675 85.776 85.838
87.090 87.124 87.165
87.004 87.135 87.213
87.068 87.120 87.160
85.671 85.753 85.834
85.725 85.792 85.891
85.823 85.864 85.893
85.773 85.875 85.971
85.748 85.867 85.930
85.690 85.821 85.903
86.492 91.629 97.351
95.998 96.092 96.148
95.993 97.039 97.333
97.292 97.347 97.399
97.107 97.234 97.317
97.361 97.397 97.416
97.303 97.372 97.439
95.901 96.032 96.171
96.013 96.100 96.158
96.017 96.068 96.122
85.697 85.843 85.955
85.684 85.767 85.838
85.685 85.867 86.088
85.660 85.752 85.880
85.724 85.824 85.865
85.768 85.835 85.905
85.683 85.800 85.879
85.782 85.825 85.909
85.652 85.768 85.866
85.734 85.830 85.898
85.702 85.826 85.962
85.683 85.819 85.913
85.723 85.780 85.850
85.767 85.931 86.190
85.871 85.901 85.925
85.818 85.842 85.884
85.869 85.890 85.917
85.620 85.772 85.868
85.817 85.855 85.898
85.797 85.878 85.969
85.734 85.803 85.884
85.775 85.834 85.937
85.768 85.832 85.891
85.768 85.866 85.947
85.810 85.854 85.888
85.661 85.751 85.826
85.747 85.806 85.892
85.700 85.895 86.164
87.042 87.099 87.146
86.994 87.101 87.150
87.086 87.103 87.126
87.036 87.123 87.229
85.728 86.076 87.122
86.802 87.039 87.140
85.815 85.868 85.913
85.826 85.876 85.912
85.706 85.828 85.887
85.773 85.835 85.901
85.709 85.754 85.800
85.789 85.826 85.904
85.821 85.861 85.893
85.745 85.867 85.948
85.749 85.869 85.944
85.804 85.868 85.911
85.723 85.811 85.872
85.769 85.841 85.885
85.685 85.763 85.845
85.835 85.855 85.905
85.813 85.844 85.876
85.818 85.841 85.884
85.793 85.836 85.889
85.820 85.919 86.173
85.811 85.859 85.893
85.783 85.850 85.927
85.663 85.700 85.731
85.814 85.879 85.912
85.738 85.806 85.883
85.813 85.881 85.941
85.724 85.820 85.902
85.840 85.865 85.892
85.801 85.835 85.915
85.860 85.891 85.920
85.780 85.826 85.882
85.818 85.874 85.910
85.800 85.843 85.889
85.748 85.798 85.870
85.795 85.853 85.909
85.784 85.812 85.840
85.784 85.840 85.881
85.814 85.842 85.887
85.740 85.837 85.896
85.738 85.823 85.887
85.685 85.761 85.852
85.738 85.832 85.889
85.733 85.863 85.940
85.752 85.812 85.884
85.802 85.840 85.883
85.849 85.874 85.883
85.693 85.812 85.848
85.866 85.888 85.911
85.661 85.803 85.919
85.750 85.838 85.914
85.711 85.776 85.833
85.812 85.847 85.903
85.749 85.815 85.889
85.773 85.843 85.908
85.799 85.872 85.917
85.714 85.829 85.946
85.707 85.809 85.904
85.841 85.868 85.892
85.666 85.750 85.839
85.717 85.793 85.866
85.800 85.851 85.924
85.678 85.756 85.892
85.701 85.802 85.903
85.792 85.835 85.888
85.850 85.885 85.948
85.752 85.812 85.915
85.729 85.837 85.893
85.697 85.844 85.969
85.715 85.819 85.870
85.775 85.844 85.895
85.649 85.727 85.820
85.844 85.862 85.890
85.596 85.780 85.919
85.785 85.833 85.863
85.739 85.863 85.921
85.704 85.829 85.913
85.705 85.802 85.899
85.801 85.842 85.879
85.721 85.786 85.872
85.791 85.843 85.902
85.740 85.826 85.886
85.743 85.835 85.897
85.701 85.807 85.853
85.788 85.821 85.851
85.817 85.886 85.945
85.816 85.868 85.918
85.721 85.768 85.792
85.671 85.834 85.920
85.792 85.856 85.897
85.653 85.743 85.815
85.697 85.781 85.860
85.802 85.875 85.948
85.696 85.829 85.898
85.800 85.848 85.967
85.755 85.822 85.876
85.794 85.857 85.933
85.772 85.842 85.931
85.728 85.813 85.852
85.766 85.853 85.938
85.826 85.853 85.874
85.764 85.799 85.885
85.815 85.851 85.907
85.809 85.880 85.966
85.759 85.867 85.917
85.669 85.798 85.910
85.774 85.836 85.913
85.747 85.827 85.946
85.742 85.839 85.911
85.730 85.808 85.875
85.815 85.869 85.909
85.761 85.842 85.898
85.663 85.794 85.855
85.789 85.836 85.893
85.647 85.741 85.791
85.643 85.815 85.888
85.689 85.742 85.792
85.657 85.786 85.887
85.747 85.815 85.913
85.764 85.844 85.928
85.689 85.825 85.900
85.822 85.864 85.896
85.817 85.881 85.923
85.814 85.853 85.894
85.784 85.817 85.871
85.788 85.819 85.853
85.733 85.786 85.846
85.709 85.793 85.843
85.649 85.744 85.828
85.747 85.779 85.806
85.766 85.799 85.853
85.690 85.801 85.918
85.659 85.708 85.836
85.681 85.751 85.808
85.714 85.812 85.878
85.647 85.742 85.845
85.787 85.839 85.907
85.744 85.818 85.908
85.627 85.769 85.874
85.818 85.843 85.870
85.655 85.749 85.875
85.702 85.776 85.816
85.827 85.886 85.931
85.802 85.860 85.884
85.772 85.845 85.950
85.817 85.852 85.889
85.726 85.832 85.887
85.738 85.809 85.927
85.738 85.858 85.913
85.815 85.874 85.924
85.843 85.888 85.967
85.603 85.772 86.027
85.811 85.842 85.866
85.799 85.892 86.032
85.712 85.822 85.902
85.712 85.892 86.373
85.780 85.867 85.924
85.753 85.804 85.873
85.702 85.825 85.923
85.781 85.846 85.893
85.871 85.901 85.951
85.803 85.835 85.862
85.789 85.861 86.063
85.773 85.819 85.861
85.726 85.832 85.940
85.765 85.881 86.102
85.847 86.032 86.276
85.817 85.921 86.148
85.791 85.861 85.934
85.775 85.835 85.920
85.734 85.803 85.845
85.759 85.821 85.867
85.825 85.851 85.893
85.788 85.842 85.894
85.720 85.823 85.873
85.780 85.803 85.827
85.844 85.863 85.914
85.790 85.854 85.930
85.720 85.802 85.863
85.764 85.841 85.889
85.738 85.819 85.881
85.697 85.759 85.793
85.713 85.884 86.161
85.725 85.801 85.850
85.640 85.801 85.870
85.796 85.826 85.859
85.749 85.798 85.875
85.633 85.757 85.871
85.694 85.775 85.880
85.728 85.752 85.782
85.794 85.852 85.910
85.759 85.842 85.928
85.830 85.871 85.909
85.700 85.815 85.909
85.691 85.809 85.892
85.726 85.780 85.827
85.753 85.866 85.914
85.760 85.839 85.886
85.774 85.858 85.897
85.704 85.733 85.764
85.748 85.848 85.914
85.839 85.873 85.914
85.838 85.873 85.902
85.781 85.839 85.908
85.794 85.837 85.853
85.730 85.817 85.858
85.791 85.868 85.896
85.717 85.811 85.875
85.632 85.774 85.937
85.727 85.855 85.934
85.791 85.855 85.879
85.805 85.840 85.873
85.719 85.795 85.875
85.745 85.825 85.932
85.805 85.883 85.955
85.774 85.814 85.875
85.843 85.869 85.893
85.775 85.838 85.904
85.842 85.868 85.908
85.818 85.866 85.889
85.709 85.817 85.879
85.728 85.833 85.907
85.684 85.833 85.917
85.730 85.827 85.911
85.645 85.843 86.174
85.778 85.877 85.960
85.652 85.735 85.766
85.752 85.847 85.929
85.681 85.753 85.815
85.848 85.864 85.885
85.796 85.849 85.873
85.710 85.849 86.078
85.692 85.818 85.900
85.786 85.844 85.943
85.734 85.778 85.864
85.788 85.825 85.843
85.760 85.832 85.890
85.700 85.821 85.926
85.788 85.914 86.218
85.664 85.799 85.935
85.745 85.830 85.954
85.789 85.809 85.842
85.805 85.847 85.940
85.745 85.798 85.869
85.756 85.857 85.902
85.803 85.859 85.895
85.733 85.816 85.884
85.708 85.794 85.854
85.694 86.048 86.975
85.815 85.919 86.173
85.748 85.839 85.909
85.718 85.786 85.821
85.840 85.884 85.937
85.818 85.858 85.950
85.763 85.844 85.896
85.746 85.836 85.887
85.764 85.818 85.865
85.764 85.842 85.897
85.815 85.869 85.954
85.837 85.858 85.880
85.771 85.861 85.926
85.769 85.818 85.889
85.743 85.811 85.897
85.845 85.886 85.907
85.735 85.833 85.959
85.862 85.883 85.899
85.747 85.822 85.866
85.835 85.861 85.938
85.753 85.825 85.917
85.703 85.802 85.897
85.751 85.848 85.937
85.695 85.751 85.797
85.833 85.895 85.931
85.739 85.833 85.882
85.641 85.738 85.823
85.694 85.852 85.940
85.780 85.827 85.890
85.763 85.830 85.854
85.675 85.752 85.854
85.699 85.819 85.891
85.775 85.856 85.909
85.716 85.778 85.881
85.769 85.826 85.886
85.782 85.853 85.935
85.788 85.833 85.868
85.804 85.844 85.891
85.748 85.837 85.878
85.720 85.832 85.905
85.684 85.791 85.873
85.654 85.752 85.892
85.835 85.871 85.917
85.840 85.870 85.908
85.818 85.846 85.888
85.826 85.863 85.892
85.683 85.772 85.851
85.819 85.862 85.891
85.738 85.846 85.929
85.760 85.839 85.881
85.690 85.754 85.854
85.830 85.849 85.890
85.769 85.840 85.897
85.704 85.806 85.904
85.805 85.871 85.893
85.769 85.807 85.842
85.732 85.821 85.906
85.828 85.858 85.891
85.809 85.851 85.897
85.781 85.816 85.869
85.637 85.742 85.887
85.743 85.812 85.893
85.677 85.799 85.895
85.817 85.843 85.899
85.885 85.900 85.935
85.847 85.883 85.914
85.685 85.773 85.911
85.727 85.822 85.917
85.826 85.855 85.874
85.819 85.872 85.917
85.664 85.767 85.844
85.823 85.852 85.899
85.803 85.844 85.903
85.840 85.888 85.951
85.718 85.785 85.861
85.750 85.841 85.894
85.737 85.811 85.919
85.795 85.832 85.883
85.802 85.844 85.889
85.694 85.808 85.861
85.847 85.876 85.889
85.719 85.837 85.891
85.860 85.871 85.889
85.753 85.823 85.873
85.705 85.792 85.871
85.653 85.727 85.810
85.761 85.842 85.905
85.761 85.810 85.899
85.752 85.825 85.877
85.896 85.978 86.193
85.730 85.828 85.885
85.739 85.795 85.839
85.757 85.854 85.920
85.811 85.855 85.932
85.728 85.838 85.880
85.843 85.871 85.891
85.807 85.866 85.919
85.848 85.886 85.945
85.775 85.854 85.909
85.782 85.861 85.896
85.772 85.913 86.183
85.796 85.858 85.888
85.724 85.832 85.926
85.800 85.863 85.899
85.767 85.820 85.900
85.813 85.841 85.881
85.727 85.813 85.866
85.829 85.872 85.945
85.765 85.855 85.959
85.792 85.858 85.898
85.764 85.824 85.876
85.755 85.829 85.881
85.784 85.868 85.924
85.779 85.836 85.896
85.713 85.794 85.852
85.658 85.808 85.894
85.823 85.835 85.877
85.712 85.796 85.880
85.798 85.843 85.898
85.835 85.893 85.937
85.737 85.800 85.867
85.783 85.815 85.898
85.731 85.856 85.926
85.702 85.819 85.882
85.763 85.851 85.905
85.806 85.865 85.901
85.799 85.840 85.911
85.817 85.860 85.936
85.774 85.849 85.949
85.677 85.760 85.876
85.811 85.896 86.042
85.864 85.879 85.900
85.794 85.843 85.892
85.762 85.841 85.911
85.681 85.969 86.538
85.838 85.857 85.871
85.789 85.858 85.918
85.771 85.859 85.923
85.789 85.861 85.906
85.670 85.789 85.907
85.697 85.754 85.797
85.780 85.832 85.873
85.770 85.795 85.828
85.690 85.758 85.838
85.819 85.856 85.902
85.724 85.790 85.866
85.855 85.869 85.891
85.674 85.773 85.899
85.808 85.831 85.856
85.820 85.869 85.945
85.764 85.838 85.919
85.771 85.824 85.867
85.879 85.891 85.909
85.820 85.851 85.879
85.729 85.817 85.879
85.806 85.843 85.881
85.689 85.807 85.862
85.794 85.862 85.889
85.749 85.798 85.867
85.793 85.841 85.912
85.815 85.860 85.914
85.766 85.832 85.903
85.759 85.819 85.903
85.699 85.831 85.895
85.765 85.868 85.963
85.749 85.844 85.901
85.735 85.810 85.854
85.640 85.809 85.901
85.830 85.870 85.963
85.817 85.855 85.887
85.771 85.840 85.908
85.860 85.873 85.891
85.744 85.838 85.942
85.752 85.812 85.872
85.817 85.858 85.912
85.764 85.826 85.863
85.726 85.821 85.876
85.632 85.762 85.839
85.809 85.845 85.883
85.727 85.832 85.894
85.817 85.866 85.891
85.829 85.855 85.895
85.736 85.833 85.900
85.705 85.817 85.920
85.708 85.807 85.859
85.800 85.834 85.900
85.800 85.838 85.868
85.896 85.908 85.941
85.730 85.814 85.896
85.708 85.846 85.939
85.807 85.876 85.969
85.823 85.859 85.901
85.781 85.888 86.120
85.683 85.810 85.933
85.783 85.848 85.904
85.819 85.854 85.902
85.703 85.782 85.817
85.807 85.869 85.932
85.762 85.850 85.911
85.700 85.844 85.929
85.861 85.873 85.894
85.778 85.832 85.891
85.720 85.821 85.906
85.789 85.827 85.848
85.752 85.812 85.875
85.760 85.803 85.873
85.784 86.120 87.254
85.795 85.842 85.888
85.649 85.780 85.857
85.806 85.869 85.897
85.685 85.833 85.883
85.828 85.853 85.872
85.789 85.830 85.910
85.648 85.766 85.871
85.826 85.858 85.875
85.844 85.885 85.931
85.800 85.864 85.899
85.749 85.817 85.863
85.738 85.830 86.030
85.841 85.864 85.888
85.813 85.916 86.162
85.765 85.831 85.876
85.707 85.778 85.863
85.765 85.834 85.880
85.764 85.797 85.822
85.793 85.853 85.906
85.734 85.843 85.909
85.684 85.783 85.869
85.644 85.806 85.903
85.812 85.856 85.889
85.706 85.837 85.883
85.680 85.750 85.806
85.653 85.722 85.836
85.735 85.843 85.943
85.796 85.842 85.872
85.757 85.809 85.828
85.725 85.812 85.887
85.703 85.797 85.878
85.799 85.873 86.046
85.802 85.859 85.918
85.714 85.805 85.905
85.640 85.827 85.914
85.767 85.842 85.878
85.773 85.850 85.891
85.691 85.788 85.935
85.804 85.877 85.930
85.778 85.852 85.898
85.707 85.770 85.852
85.801 85.838 85.903
85.641 85.744 85.840
85.730 85.781 85.830
85.704 85.806 85.885
85.704 85.785 85.848
85.776 85.843 85.895
85.745 85.808 85.865
85.711 85.784 85.846
85.733 85.824 85.932
85.749 85.834 85.955
85.757 85.853 85.932
85.776 85.823 85.852
85.775 85.852 85.876
85.775 85.826 85.877
85.758 85.850 85.971
85.807 85.852 85.884
85.751 85.825 85.878
85.726 85.864 85.947
85.711 85.803 85.874
85.745 85.782 85.803
85.718 85.840 85.927
85.827 85.857 85.925
85.780 85.849 85.938
85.812 85.888 85.948
85.783 85.817 85.875
85.767 85.827 85.856
85.738 85.798 85.886
85.743 85.834 85.885
85.802 85.856 85.897
85.688 85.769 85.853
85.611 85.821 85.889
85.748 85.831 85.865
85.813 85.843 85.907
85.714 85.783 85.886
85.827 85.877 85.900
85.744 85.795 85.845
85.679 85.804 85.872
85.634 85.681 85.719
85.686 85.782 85.873
85.787 85.842 85.892
85.811 85.866 85.899
85.804 85.856 85.923
85.729 85.852 85.958
85.720 85.800 85.866
85.747 85.800 85.869
85.729 85.829 85.895
85.750 85.799 85.864
85.719 85.839 85.910
85.704 85.856 85.999
85.799 85.847 85.890
85.757 85.801 85.822
85.678 85.773 85.894
85.791 85.849 85.882
85.704 85.794 85.881
85.756 85.789 85.815
85.698 85.804 85.898
85.689 85.819 85.887
85.765 85.790 85.832
85.778 85.824 85.876
85.764 85.821 85.904
85.810 85.864 85.888
85.714 85.786 85.863
85.627 85.858 86.052
85.744 85.831 85.882
85.824 85.869 85.913
85.641 85.755 85.850
85.808 85.840 85.885
85.724 85.818 85.873
85.800 85.829 85.879
85.740 85.844 85.894
85.846 85.876 85.906
85.825 85.873 85.898
85.832 85.887 85.948
85.818 85.851 85.875
85.635 85.726 85.799
85.830 85.861 85.909
85.739 85.816 85.870
85.685 85.740 85.785
85.825 85.869 85.922
85.741 85.827 85.864
85.724 85.823 85.875
85.656 85.764 85.898
85.759 85.812 85.857
85.715 85.783 85.830
85.748 85.808 85.856
85.676 85.781 85.845
85.804 85.871 85.911
85.781 85.833 85.874
85.723 85.776 85.828
85.657 85.816 85.871
85.734 85.849 85.895
85.798 85.842 85.886
85.682 85.730 85.777
85.741 85.783 85.830
85.758 85.825 85.895
85.718 85.782 85.814
85.758 85.813 85.885
85.804 85.864 85.906
85.712 85.776 85.860
85.737 85.827 85.935
85.691 85.792 85.874
85.840 85.864 85.890
85.724 85.824 85.915
85.720 85.796 85.902
85.745 85.832 85.937
85.748 85.825 85.888
85.708 85.818 85.897
85.742 85.842 85.890
85.779 85.829 85.866
85.775 85.799 85.853
85.797 85.853 85.916
85.776 85.827 85.865
85.657 85.737 85.793
85.632 85.736 85.804
85.812 85.844 85.881
85.775 85.815 85.864
85.823 85.862 85.884
85.655 85.770 85.864
85.773 85.795 85.838
85.797 85.844 85.892
85.752 85.857 86.038
85.775 85.836 85.890
85.823 85.865 85.899
85.805 85.824 85.853
85.719 85.823 85.903
85.768 85.841 85.890
85.758 85.843 85.898
85.830 85.851 85.889
85.764 85.861 85.920
85.781 85.827 85.889
85.720 85.819 85.933
85.828 85.863 85.894
85.705 85.770 85.858
85.730 85.826 85.886
85.776 85.853 85.892
85.824 85.862 85.938
85.825 85.848 85.879
85.789 85.856 85.911
85.676 85.780 85.827
85.760 85.831 85.902
85.807 85.879 85.943
85.858 85.885 85.928
85.812 85.843 85.890
85.782 85.832 85.867
85.824 85.855 85.882
85.782 85.853 86.073
85.632 85.869 86.188
85.716 85.778 85.864
85.657 85.739 85.783
85.726 85.814 85.878
85.728 85.820 85.915
85.741 85.818 85.895
85.761 85.810 85.897
85.735 85.819 85.881
85.731 85.822 85.872
85.729 85.854 85.966
85.734 85.808 85.866
85.691 85.825 85.894
85.670 86.138 87.536
85.792 85.834 85.865
85.697 85.775 85.888
85.701 85.787 85.885
85.719 85.804 85.865
85.631 85.783 85.892
85.789 85.841 85.929
85.697 85.786 85.851
85.718 85.793 85.871
85.675 85.775 85.901
85.699 85.751 85.772
85.782 85.852 85.971
85.808 85.867 85.937
85.674 85.725 85.781
85.829 85.864 85.910
85.794 85.814 85.852
85.775 85.829 85.901
85.781 85.832 85.885
85.750 85.853 85.919
85.815 85.856 85.905
85.829 85.880 85.930
85.663 85.806 85.893
85.739 85.826 85.963
85.696 85.823 85.900
85.779 85.852 85.887
85.824 85.865 85.921
85.723 85.815 85.885
85.768 85.807 85.851
85.736 86.044 87.118
85.780 85.867 85.898
85.738 85.810 85.892
85.732 85.826 85.892
85.877 85.897 85.922
85.843 85.872 85.892
85.758 85.839 85.949
85.695 85.756 85.827
85.842 85.891 85.959
85.763 85.830 85.992
85.732 85.816 85.897
85.736 85.816 85.882
85.816 85.865 85.904
85.710 85.828 85.897
85.752 85.825 85.889
85.719 85.793 85.892
85.768 85.815 85.868
85.764 85.888 86.169
85.715 85.844 85.895
85.715 85.774 85.805
85.766 85.845 85.888
85.766 85.820 85.885
85.760 85.815 85.911
85.738 85.803 85.859
85.673 85.822 85.899
85.837 85.893 85.934
85.637 85.749 85.818
85.769 85.825 85.871
85.834 85.862 85.941
85.788 85.883 86.134
85.784 85.847 85.924
85.745 85.856 85.911
85.754 85.823 85.873
85.694 85.823 85.900
85.769 85.850 85.920
85.711 85.807 85.904
85.765 85.827 85.875
85.762 85.840 85.882
85.839 85.873 85.907
85.748 85.842 85.904
85.762 85.840 85.951
85.736 85.787 85.847
85.692 85.786 85.847
85.723 85.840 85.917
85.760 85.835 85.885
85.710 85.790 85.875
85.741 85.757 85.787
85.802 85.847 85.890
85.760 85.844 85.937
85.801 85.833 85.859
85.779 85.850 85.883
85.770 85.844 85.904
85.695 85.799 85.847
85.756 85.808 85.847
85.726 85.841 85.917
85.803 85.847 85.896
85.791 85.838 85.919
85.708 85.804 85.912
85.763 85.814 85.865
85.747 85.806 85.899
85.712 85.835 85.898
85.857 85.895 85.926
85.818 85.841 85.867
85.758 85.776 85.822
85.784 85.847 85.884
85.752 85.801 85.841
85.745 85.828 85.890
85.633 85.804 85.867
85.709 85.796 85.880
85.794 85.843 85.897
85.674 85.818 85.904
85.616 85.734 85.841
85.740 85.822 85.902
85.646 85.790 85.892
85.806 85.860 85.915
85.773 85.821 85.857
85.767 85.861 85.960
85.812 85.874 85.903
85.743 85.794 85.824
85.755 85.840 85.895
85.810 85.850 85.887
85.656 85.719 85.787
85.693 85.822 85.978
85.744 85.791 85.893
85.852 85.878 85.925
85.810 85.869 85.906
85.848 85.893 85.927
85.851 85.920 86.124
85.755 85.823 85.894
85.764 85.809 85.870
85.793 85.851 85.908
85.808 85.832 85.862
85.799 85.842 85.886
85.753 85.804 85.866
85.775 85.836 85.903
85.751 85.837 85.895
85.713 85.840 85.893
85.859 85.891 85.909
85.770 85.812 85.846
85.799 85.864 85.905
85.794 85.835 85.869
85.740 85.787 85.816
85.681 85.827 85.900
85.741 85.801 85.845
85.770 85.848 85.953
85.805 85.865 85.919
85.861 85.941 86.102
85.741 85.828 85.905
85.820 85.871 85.890
85.813 85.842 85.875
85.736 85.804 85.893
85.752 85.857 85.932
85.847 85.895 85.942
85.675 85.845 85.984
85.842 85.862 85.887
85.643 85.768 85.881
85.789 85.858 85.904
85.679 85.774 85.924
85.744 85.833 85.894
85.686 85.823 85.881
85.746 85.835 85.891
85.726 85.841 85.903
85.737 85.925 86.168
85.816 85.863 85.918
85.796 85.862 85.999
85.757 85.850 85.895
85.841 85.877 85.913
85.764 85.927 86.193
85.848 85.890 85.941
85.852 85.994 86.216
85.884 85.930 86.000
85.786 85.841 85.869
85.832 85.939 86.235
85.742 85.817 85.882
85.781 85.830 85.909
85.715 85.789 85.879
85.696 85.832 85.896
85.777 85.854 85.924
85.755 85.776 85.833
85.823 85.881 85.959
85.802 85.899 86.165
85.843 85.871 85.902
85.845 85.971 86.294
85.751 85.869 86.091
85.822 85.936 86.267
85.739 85.818 85.873
85.772 85.857 85.908
85.748 85.839 85.920
85.711 85.836 85.930
85.707 85.841 86.014
85.708 85.834 85.921
85.738 85.843 85.886
85.782 85.881 85.938
85.772 85.839 85.885
85.674 85.793 85.879
85.735 85.841 85.909
85.851 85.867 85.894
85.863 85.879 85.897
85.755 85.839 85.892
85.756 85.844 85.987
85.813 85.918 86.048
85.819 85.881 85.961
85.811 85.865 85.930
85.821 85.865 85.906
85.779 85.812 85.866
85.721 85.764 85.810
85.736 85.792 85.850
85.728 85.800 85.864
85.735 85.791 85.823
85.715 85.867 85.946
85.746 85.866 85.931
85.729 85.753 85.786
85.765 85.903 85.997
85.729 85.809 85.880
85.801 85.822 85.863
85.824 85.859 85.920
85.746 85.810 85.861
85.743 85.838 85.922
85.735 85.852 85.904
85.752 85.811 85.845
85.843 85.872 85.915
85.801 85.856 85.895
85.780 85.814 85.865
85.742 85.822 85.874
85.745 85.802 85.903
85.771 85.825 85.912
85.846 85.889 85.919
85.742 85.806 85.853
85.738 85.792 85.828
85.693 85.782 85.863
85.755 85.791 85.834
85.652 85.807 85.893
85.753 85.843 85.932
85.786 85.845 85.871
85.771 85.871 85.912
85.737 85.835 85.912
85.762 85.818 85.895
85.743 85.825 85.946
85.684 85.804 85.891
85.809 85.862 85.916
85.773 85.832 85.903
85.814 85.872 85.935
85.711 85.800 85.893
85.779 85.848 85.895
85.663 85.780 85.865
85.657 85.765 85.871
85.801 85.857 85.921
85.687 85.807 85.867
85.812 85.881 85.926
85.675 85.817 85.905
85.766 85.841 85.923
85.834 85.886 85.945
85.701 85.774 85.838
85.683 85.784 85.839
85.745 85.784 85.892
85.677 85.754 85.817
85.764 85.829 85.901
85.818 85.875 85.923
85.834 85.857 85.883
85.810 85.861 85.883
85.732 85.820 85.906
85.715 85.782 85.873
85.852 85.879 85.899
85.771 85.836 85.890
85.662 85.809 85.887
85.701 85.786 85.852
85.684 85.814 85.890
85.797 85.866 85.899
85.709 85.757 85.822
85.742 85.821 85.852
85.673 85.766 85.827
85.842 85.859 85.881
85.777 85.817 85.892
85.775 85.886 86.166
85.803 85.860 85.902
85.787 85.819 85.894
85.707 85.847 85.940
85.691 85.817 85.910
85.771 86.010 86.822
85.771 85.846 85.949
85.792 85.843 85.890
85.817 85.864 85.908
85.682 85.814 85.891
85.663 85.777 85.889
85.771 85.816 85.851
85.699 85.813 85.882
85.776 85.856 85.940
85.636 85.697 85.792
85.668 85.743 85.823
85.763 85.816 85.881
85.844 85.922 86.145
85.829 85.868 85.896
85.795 85.837 85.898
85.728 85.810 85.858
85.786 85.832 85.940
85.795 85.836 85.882
85.725 85.806 85.911
85.826 85.863 85.952
85.716 85.814 85.878
85.764 85.856 85.942
85.849 85.875 85.922
85.719 85.832 85.909
85.797 85.822 85.862
85.691 85.761 85.840
85.770 85.854 85.892
85.736 85.808 85.871
85.779 85.821 85.882
85.714 85.775 85.880
85.833 85.859 85.894
85.826 85.866 85.911
85.683 85.766 85.853
85.741 85.789 85.850
85.674 85.783 85.887
85.811 85.857 85.892
85.790 85.835 85.914
85.796 85.881 85.929
85.773 85.793 85.827
85.852 85.880 85.900
85.770 85.858 85.962
85.684 85.807 85.901
85.855 85.872 85.889
85.745 85.802 85.868
85.755 85.822 85.890
85.843 86.033 86.654
85.741 85.811 85.855
85.764 85.834 85.926
85.704 85.783 85.862
85.776 85.823 85.861
85.706 85.783 85.851
85.674 85.773 85.871
85.651 85.734 85.779
85.762 85.831 85.907
85.710 85.799 85.874
85.593 85.709 85.802
85.718 85.845 86.069
85.776 85.824 85.874
85.740 85.820 85.897
85.668 85.759 85.888
85.716 85.797 85.831
85.674 85.760 85.816
85.822 85.850 85.898
85.704 85.779 85.833
85.765 85.793 85.833
85.755 85.838 85.887
85.762 85.790 85.825
85.791 85.838 85.867
85.777 85.811 85.842
85.698 85.820 86.033
85.763 85.821 85.904
85.790 85.810 85.825
85.717 85.813 85.871
85.704 85.789 85.851
85.704 85.868 86.067
85.666 85.737 85.786
85.760 85.814 85.865
85.722 85.821 85.875
85.693 85.793 85.845
85.724 85.829 85.930
85.763 85.822 85.877
85.811 85.862 85.911
85.758 85.778 85.798
85.827 85.883 85.944
85.755 85.790 85.847
85.706 85.788 85.848
85.751 85.837 85.890
85.845 85.878 85.904
85.765 85.821 85.891
85.633 85.761 85.874
85.795 85.866 85.918
85.667 85.777 85.883
85.675 85.728 85.766
85.735 85.814 85.907
85.760 85.846 85.926
85.686 85.794 85.857
85.693 85.869 85.960
85.727 85.814 85.898
85.825 85.859 85.900
85.805 85.847 85.879
85.815 85.867 85.946
85.739 85.783 85.858
85.682 85.814 85.855
85.765 85.846 85.937
85.778 85.840 85.903
85.735 85.894 86.070
85.635 85.812 85.904
85.674 85.806 85.860
85.636 85.750 85.884
85.759 85.822 85.879
85.715 85.791 85.858
85.771 85.867 85.931
85.804 85.854 85.927
85.667 85.848 85.920
85.830 85.866 85.892
85.737 85.838 85.891
85.752 85.820 85.867
85.807 85.866 85.910
85.730 85.822 85.875
85.753 85.835 85.880
85.745 85.803 85.835
85.728 85.843 85.899
85.843 85.854 85.872
85.794 85.846 85.897
85.754 85.816 85.914
85.861 85.885 85.913
85.735 85.799 85.920
85.657 85.761 85.840
85.790 85.831 85.894
85.723 85.829 85.885
85.733 85.872 86.029
85.835 85.879 85.927
85.765 85.836 85.879
85.710 85.846 85.974
85.665 85.805 85.955
85.777 85.849 85.889
85.639 85.736 85.833
85.741 85.824 85.875
85.864 85.893 85.953
85.828 85.860 85.903
85.917 86.545 87.499
85.779 85.860 85.932
85.647 85.831 85.913
85.747 85.826 85.907
85.760 85.790 85.804
85.760 85.839 85.915
85.741 85.824 85.873
85.780 85.828 85.897
85.736 85.843 85.887
85.689 85.806 85.855
85.844 85.861 85.903
85.759 85.865 85.913
85.750 85.835 85.908
85.706 85.819 85.903
85.781 85.832 85.889
85.759 85.856 85.898
85.710 85.812 85.900
85.728 85.816 85.885
85.831 85.863 85.962
85.775 85.839 85.888
85.762 85.850 85.908
85.733 85.815 85.876
85.741 85.823 85.900
85.719 85.824 85.893
85.748 85.832 85.974
85.826 85.849 85.882
85.725 85.821 85.903
85.688 85.810 85.881
85.825 85.855 85.893
85.771 85.821 85.892
85.765 85.850 85.930
85.675 85.788 85.872
85.690 85.806 85.911
85.817 85.865 85.901
85.816 85.865 85.914
85.702 85.745 85.779
85.727 85.794 85.832
85.766 85.808 85.898
85.760 85.847 85.890
85.785 85.831 85.869
85.716 85.818 85.896
85.703 85.798 85.910
85.684 85.819 85.923
85.630 85.783 85.903
85.732 85.848 85.892
85.700 85.831 85.904
85.707 85.796 85.858
85.696 85.836 85.915
85.713 85.827 85.924
85.743 85.826 85.900
85.685 85.783 85.872
85.802 85.851 85.883
85.717 85.814 85.865
85.785 85.836 85.890
85.851 85.889 85.910
85.712 85.774 85.803
85.860 85.891 85.919
85.839 85.861 85.894
85.715 85.817 85.934
85.784 85.824 85.856
85.807 85.840 85.872
85.720 85.860 85.911
85.779 85.818 85.873
85.806 85.835 85.881
85.760 85.795 85.832
85.760 85.801 85.829
85.843 85.862 85.885
85.824 85.849 85.874
85.714 85.804 85.885
85.822 85.865 85.894
85.839 85.880 85.906
85.741 85.892 86.092
85.734 85.816 85.858
85.787 85.848 85.893
85.776 85.846 85.899
85.757 85.842 85.947
85.739 85.832 85.936
85.796 85.854 85.922
85.664 85.817 85.894
85.732 85.829 85.928
85.675 85.782 85.922
85.797 85.857 85.886
85.716 85.830 85.889
85.787 85.850 85.896
85.689 85.782 85.884
85.622 85.721 85.798
85.714 85.912 86.237
85.697 85.848 85.926
85.710 85.827 85.879
85.768 85.813 85.870
85.776 85.819 85.925
85.801 85.858 85.918
85.775 85.835 85.892
85.873 85.876 85.883
85.710 85.841 85.906
85.741 85.839 85.878
85.835 85.867 85.897
85.706 85.797 85.925
85.792 85.852 85.930
85.795 85.866 85.913
85.749 85.802 85.869
85.797 85.844 85.889
85.667 85.760 85.912
85.768 85.842 85.881
85.664 85.808 85.897
85.653 85.757 85.917
85.741 85.832 85.906
85.686 85.793 85.931
85.686 85.789 85.908
85.775 85.858 86.013
85.720 85.807 85.884
85.804 85.854 85.896
0 0 0
101.375 101.455 101.532
101.353 101.413 101.498
101.398 101.443 101.477
101.392 101.428 101.465
101.374 101.432 101.483
101.235 101.414 101.503
101.378 101.439 101.537
101.339 101.433 101.512
101.289 101.398 101.475
101.418 101.456 101.481
101.354 101.445 101.495
101.255 101.411 101.472
101.363 101.419 101.480
101.376 101.448 101.488
101.418 101.449 101.485
101.366 101.424 101.475
101.303 101.363 101.452
101.455 101.488 101.539
101.336 101.400 101.498
101.437 101.456 101.508
101.305 101.385 101.461
101.331 101.390 101.465
101.444 101.469 101.509
101.373 101.425 101.476
101.279 101.376 101.455
101.258 101.407 101.459
101.334 101.407 101.498
101.403 101.449 101.475
101.378 101.435 101.503
101.341 101.437 101.580
101.362 101.393 101.422
101.313 101.368 101.425
101.289 101.411 101.490
101.417 101.445 101.470
101.361 101.413 101.474
101.253 101.397 101.477
101.243 101.347 101.470
101.330 101.425 101.467
101.370 101.417 101.479
101.399 101.450 101.501
101.372 101.441 101.521
101.333 101.412 101.523
101.331 101.453 101.506
101.244 101.482 101.795
101.284 101.434 101.609
101.383 101.440 101.481
101.300 101.386 101.453
101.363 101.433 101.482
101.365 101.436 101.471
101.340 101.392 101.460
101.382 101.431 101.469
101.337 101.401 101.477
101.321 101.391 101.470
101.446 101.464 101.482
101.420 101.469 101.499
101.303 101.439 101.508
101.326 101.376 101.457
101.255 101.373 101.529
101.340 101.487 101.728
101.332 101.383 101.411
101.446 101.463 101.478
101.306 101.373 101.450
101.237 101.356 101.440
92.393 92.435 92.465
89.848 89.915 89.948
89.838 89.891 89.928
89.809 89.898 89.945
89.866 89.889 89.939
89.850 89.913 89.980
89.798 89.895 89.949
89.939 89.963 89.999
89.748 89.785 89.836
89.785 89.871 89.920
89.715 89.903 89.983
89.799 89.885 89.947
89.851 89.895 89.942
89.827 89.858 89.891
89.706 89.816 89.982
89.769 89.846 89.944
89.845 89.928 89.982
89.855 89.895 89.949
89.893 89.918 89.956
89.841 89.886 89.917
89.778 90.055 90.514
89.799 89.912 89.992
89.897 89.938 89.972
89.792 89.905 89.944
89.747 89.870 89.992
89.746 89.873 90.004
89.775 89.854 89.943
89.833 89.917 90.015
89.682 89.815 89.907
89.733 89.884 89.955
89.867 89.944 90.110
89.858 89.921 89.947
89.907 89.936 89.986
89.931 89.951 89.992
89.852 89.898 89.962
89.797 89.894 89.957
89.853 89.921 89.960
89.902 89.934 89.992
89.858 90.246 91.616
89.858 89.904 89.965
89.824 89.848 89.865
89.827 89.863 89.906
89.724 89.845 89.908
89.816 89.896 89.926
89.757 89.829 89.906
89.873 89.936 89.989
89.876 89.925 89.970
89.811 89.895 89.958
89.745 89.861 89.951
89.822 89.898 89.926
89.864 89.926 90.014
89.792 89.839 89.960
89.878 89.920 89.971
89.818 89.866 89.920
89.763 89.848 89.937
89.782 89.865 89.942
89.785 89.895 89.942
89.809 89.888 89.946
89.763 89.846 89.907
89.778 89.820 89.856
89.755 89.849 89.936
89.791 89.839 89.899
89.862 89.896 89.946
89.785 89.882 89.937
89.833 89.898 89.951
89.859 89.891 89.961
89.773 89.895 89.950
89.780 89.878 89.955
89.828 89.876 89.913
89.826 89.888 89.977
89.859 89.892 89.931
89.860 89.921 89.954
89.790 89.870 89.937
89.889 89.927 89.951
89.796 89.858 89.957
89.865 89.924 89.958
89.747 89.812 89.888
89.747 89.860 89.971
89.817 89.874 89.897
89.819 89.855 89.920
89.848 89.906 89.941
89.853 89.901 89.952
89.791 89.864 89.938
89.798 89.882 89.961
89.728 89.835 89.980
89.904 89.931 89.946
89.721 89.837 89.947
89.696 89.874 89.963
89.882 89.931 89.950
89.852 89.896 89.927
89.843 89.874 89.931
89.832 89.900 89.948
89.725 89.815 89.936
89.804 89.867 89.924
89.630 89.786 89.869
89.844 89.915 89.974
89.877 89.914 89.957
89.783 89.871 89.968
89.767 89.859 89.921
89.753 89.851 89.940
89.886 89.909 89.933
89.839 89.910 90.011
89.758 89.855 89.979
89.860 89.927 89.975
89.786 89.844 89.878
89.843 89.898 89.948
89.860 89.930 89.981
89.764 89.873 89.946
89.858 89.902 89.974
89.722 89.826 89.928
89.873 89.907 89.940
89.891 89.918 89.934
89.870 89.907 89.941
89.881 89.902 89.921
89.849 89.922 89.955
89.728 89.857 89.924
89.901 89.925 89.995
89.805 89.878 89.991
89.839 89.896 89.934
89.885 89.921 89.949
89.740 89.849 89.961
89.766 89.864 89.941
89.772 89.879 89.950
89.756 89.844 89.933
89.715 89.838 89.938
89.708 89.770 89.827
89.719 89.874 90.005
89.813 89.880 89.943
89.740 89.830 89.918
89.814 89.857 89.904
89.853 89.906 89.939
89.773 89.851 89.959
89.832 89.909 89.954
89.810 89.876 89.925
89.759 89.835 89.950
89.752 89.863 89.926
89.809 89.891 89.929
89.842 89.894 89.936
89.763 89.857 89.945
89.881 89.917 89.963
89.800 89.871 89.916
89.792 89.810 89.820
89.744 89.880 89.963
89.727 89.846 89.917
89.767 89.882 89.922
89.765 89.828 89.924
89.803 89.865 89.980
89.910 89.937 89.969
89.771 89.858 89.965
89.705 89.866 89.978
89.925 89.936 89.959
89.827 89.905 89.969
89.763 89.836 89.928
89.852 89.918 89.986
89.817 89.884 89.930
89.810 89.877 89.916
89.795 89.870 89.991
89.825 89.897 89.945
89.776 89.847 89.938
89.786 89.848 89.892
89.865 89.938 90.002
89.796 89.932 90.149
89.889 89.934 89.989
89.846 89.910 89.949
89.776 89.856 90.006
89.887 89.916 89.930
89.830 89.902 89.931
89.776 89.918 89.985
89.819 89.895 89.943
89.765 89.831 89.858
89.720 89.876 89.961
89.805 89.872 89.947
89.813 89.892 89.960
89.819 89.865 89.919
89.873 89.912 89.946
89.718 89.835 89.938
89.755 89.863 89.941
89.781 89.851 89.928
89.889 89.912 89.965
89.779 89.836 89.929
89.832 89.912 89.942
89.747 89.806 89.852
89.716 89.856 89.968
89.908 89.918 89.932
89.872 89.902 89.921
89.844 89.895 89.938
89.754 89.874 89.941
89.882 89.926 89.949
89.814 89.896 89.982
89.905 89.919 89.935
89.774 89.865 89.919
89.730 89.799 89.848
89.742 89.843 89.954
89.755 89.873 90.006
89.846 89.899 89.957
89.858 89.915 89.988
89.857 89.904 89.966
89.779 89.874 89.933
89.781 89.880 89.990
89.827 89.884 89.930
89.750 89.847 89.933
89.893 89.939 89.979
89.805 89.901 90.011
89.802 89.872 89.939
89.777 89.924 89.994
89.746 89.873 89.940
89.819 89.899 89.947
89.732 89.787 89.838
89.862 89.932 89.992
89.779 89.854 89.946
89.888 89.922 89.954
89.791 89.860 89.887
89.844 89.906 89.988
89.888 89.942 89.983
89.806 89.940 90.166
89.836 89.911 89.980
89.788 89.907 89.950
89.835 89.920 89.976
89.746 89.919 90.007
89.807 89.880 89.914
89.759 89.837 89.943
89.788 89.875 89.953
89.724 89.834 89.920
89.750 89.871 89.941
89.834 89.888 89.946
89.814 89.890 89.944
89.839 89.897 89.966
89.852 89.879 89.922
89.818 89.876 89.917
89.792 89.891 89.943
89.733 89.879 89.941
89.821 89.895 89.960
89.839 89.908 89.957
89.775 89.889 89.940
89.875 89.918 89.979
89.763 89.869 89.965
89.901 89.916 89.925
89.845 89.911 89.947
89.828 89.877 89.906
89.752 89.863 89.955
89.900 89.922 89.948
89.779 89.864 89.921
89.719 89.816 89.879
89.903 89.928 89.961
89.697 89.896 89.982
89.889 89.939 90.020
89.845 89.936 90.012
89.786 89.905 89.971
89.861 89.934 89.966
89.793 89.874 89.937
89.745 89.886 89.946
89.863 89.908 89.959
89.820 89.912 89.976
89.731 89.867 89.942
89.884 89.912 89.994
89.750 89.802 89.861
89.767 89.887 89.956
89.728 89.812 89.861
89.773 89.867 89.939
89.890 89.926 89.987
89.877 89.899 89.940
89.755 89.833 89.897
89.829 89.883 89.980
89.883 89.909 89.936
89.743 89.887 90.113
89.815 89.879 89.952
89.798 89.887 89.937
89.792 89.864 89.926
89.766 89.866 89.928
89.765 89.895 89.957
89.762 89.986 90.527
89.828 89.909 89.963
89.804 89.898 89.966
89.867 89.951 89.996
89.748 89.799 89.910
89.847 89.890 89.945
89.752 89.899 89.980
89.832 89.874 89.936
89.775 89.900 89.965
89.784 89.861 89.938
89.735 89.912 90.243
89.832 89.874 89.916
89.774 89.892 89.955
89.863 89.906 89.937
89.774 89.823 89.930
89.743 89.824 89.937
89.736 89.908 90.003
89.853 89.916 89.961
89.831 89.909 90.055
89.902 89.953 89.997
89.806 89.851 89.916
89.779 89.855 89.952
89.841 89.918 89.965
89.725 89.812 89.871
89.806 89.905 89.983
89.764 89.836 89.978
89.799 89.882 89.953
89.751 89.886 89.970
89.787 89.869 89.958
89.895 89.942 89.985
89.818 89.863 89.944
89.725 89.834 89.924
89.872 89.905 89.942
89.775 89.845 89.932
89.805 89.882 89.981
89.767 89.813 89.930
89.829 89.881 89.953
89.792 89.890 89.966
89.830 89.890 89.942
89.801 89.877 89.950
89.795 89.904 89.967
89.820 89.901 89.963
89.864 89.911 89.928
89.782 89.901 89.962
89.843 89.906 89.983
89.832 89.860 89.900
89.796 89.896 90.039
89.853 89.933 89.983
89.815 89.853 89.927
89.855 89.940 89.993
89.818 89.908 89.962
89.721 89.850 89.938
89.834 89.910 89.944
89.859 89.926 89.983
89.742 89.852 89.932
89.793 89.856 89.911
89.860 90.110 91.073
89.854 89.890 89.933
89.825 89.904 89.977
89.820 89.864 89.912
89.789 89.872 89.907
89.836 89.920 89.999
89.866 89.894 89.921
89.827 89.889 89.946
89.739 89.870 89.929
89.799 89.874 89.961
89.899 89.943 89.999
89.753 89.816 89.877
89.814 89.886 89.954
89.812 89.881 89.944
89.777 89.861 89.926
89.791 89.868 89.943
89.652 89.870 89.988
89.805 89.902 89.932
89.773 89.889 89.959
89.894 89.929 89.952
89.727 89.881 89.932
89.782 89.845 89.943
89.782 89.887 89.947
89.855 89.913 89.954
89.840 89.919 89.982
89.816 89.899 89.943
89.839 89.932 89.995
89.792 89.902 89.952
89.898 89.942 90.004
89.861 89.942 89.969
89.873 89.915 89.945
89.859 89.889 89.926
96.063 100.260 103.085
95.899 96.003 96.146
96.092 96.106 96.127
96.010 96.099 96.197
94.799 94.898 95.019
94.919 94.959 94.988
94.848 94.903 94.935
94.825 94.883 94.978
89.855 89.926 89.951
89.756 89.835 89.876
89.789 89.847 89.902
89.854 89.903 89.944
89.931 89.976 90.016
89.886 89.924 89.989
89.816 89.892 89.955
89.839 89.891 89.971
89.772 89.886 89.950
89.743 89.803 89.865
89.861 89.900 89.935
89.806 89.904 89.963
89.761 89.879 89.944
89.869 89.934 90.002
89.848 89.883 89.897
89.746 89.882 89.939
89.907 89.925 89.961
89.909 90.011 90.227
89.818 89.898 89.950
89.864 89.908 89.958
89.758 89.885 89.954
89.798 89.856 89.912
89.900 89.944 89.980
89.802 89.886 89.948
89.757 89.830 89.901
89.812 89.897 89.937
89.772 89.886 89.947
89.887 89.927 89.948
89.785 89.873 89.933
89.833 89.865 89.924
89.832 89.863 89.907
89.860 89.911 89.941
89.922 89.931 89.940
89.768 89.884 89.961
89.805 89.859 89.900
89.886 89.946 89.980
89.814 89.860 89.979
89.767 89.832 89.907
89.757 89.864 89.915
89.823 89.911 89.982
89.711 89.855 90.049
0 0 0
96.004 96.087 96.141
94.936 94.981 95.049
94.838 94.919 95.004
89.792 89.866 89.977
89.794 89.880 89.963
89.897 89.918 89.943
89.913 89.930 89.944
89.778 89.883 89.947
89.894 89.936 89.957
89.825 89.890 89.931
89.820 89.860 89.894
89.825 89.918 89.969
89.730 89.841 89.982
89.794 89.866 89.974
89.704 89.847 89.932
89.754 89.812 89.875
89.723 89.809 89.917
89.884 89.938 89.987
89.909 89.949 89.999
89.815 89.886 89.975
89.765 89.865 89.938
89.909 89.935 89.957
89.763 89.908 90.000
89.788 89.878 89.954
89.854 89.918 89.958
89.774 89.843 89.910
89.869 89.939 89.965
89.794 89.842 89.910
89.778 89.914 89.962
89.858 89.910 89.975
89.777 89.886 89.958
89.736 89.883 89.978
89.777 89.856 89.928
89.750 89.851 89.966
89.876 89.935 89.987
89.783 89.858 89.946
89.911 89.933 89.949
89.881 89.921 89.973
89.801 89.858 89.911
89.732 89.803 89.887
89.769 89.873 89.959
89.822 89.885 89.936
89.889 89.928 89.967
89.813 89.889 89.942
89.769 89.880 89.965
89.801 89.880 89.915
89.764 89.846 89.956
89.833 89.892 89.956
89.792 89.851 90.013
89.845 89.903 89.963
89.800 89.977 90.489
89.804 90.192 91.053
89.851 90.552 92.100
89.965 90.462 90.698
89.770 89.863 89.950
89.781 89.859 89.905
89.823 89.877 89.984
89.905 89.933 89.969
89.843 89.916 89.940
89.872 89.903 89.941
89.835 89.865 89.924
89.825 89.880 89.937
89.821 89.908 89.944
89.858 89.894 89.954
89.738 89.839 89.909
89.756 89.854 89.939
89.839 89.910 89.946
89.800 89.896 90.021
89.858 89.919 89.963
89.849 89.978 90.249
89.792 89.880 89.945
89.717 89.836 89.942
89.867 89.911 89.987
89.762 89.893 89.979
89.730 89.821 89.897
89.864 89.897 89.939
89.830 89.885 89.938
89.860 89.910 89.950
89.787 89.855 89.957
89.782 89.846 89.921
89.766 89.906 89.983
89.806 89.877 89.946
89.723 89.808 89.885
89.748 89.909 89.984
89.705 89.843 89.938
89.891 89.923 89.945
89.831 89.887 89.941
89.806 89.866 89.938
89.797 89.880 89.937
89.730 89.852 89.950
89.826 89.908 89.938
89.817 89.903 89.958
89.831 89.907 89.953
89.728 89.836 89.952
89.907 89.950 89.975
89.844 89.927 89.968
89.720 89.827 89.899
89.767 89.868 89.958
89.902 89.937 89.966
89.805 89.854 89.951
89.857 89.917 89.967
89.857 89.897 89.937
89.757 89.870 89.945
89.845 89.878 89.930
89.861 89.911 89.956
89.885 89.936 89.983
89.758 89.901 90.017
89.878 89.970 90.120
89.839 89.917 89.973
89.852 89.903 89.942
89.916 89.938 89.966
89.770 89.868 89.951
89.785 89.840 89.933
89.890 89.931 89.977
89.756 89.812 89.850
89.735 89.810 89.862
89.790 89.895 89.936
89.767 89.909 89.968
89.838 89.885 89.966
89.779 89.875 89.924
89.893 89.949 90.057
89.712 89.904 89.980
89.724 89.848 89.946
89.803 89.837 89.896
89.788 89.858 89.925
89.851 89.893 89.931
89.830 89.880 89.922
89.736 89.846 89.915
89.718 89.861 89.911
89.785 89.850 89.928
89.773 89.843 89.917
89.840 89.882 89.926
89.854 89.935 90.059
89.841 89.886 89.935
89.820 89.872 89.917
89.809 89.903 89.955
89.847 89.944 90.180
89.843 89.937 89.985
89.699 89.875 90.051
89.754 89.862 89.954
89.829 89.866 89.917
89.794 89.854 89.894
89.728 89.862 89.961
89.905 89.943 89.976
89.819 89.919 89.971
89.749 89.841 89.931
89.872 89.908 89.988
89.821 89.880 89.923
89.840 89.872 89.910
89.852 89.918 90.014
89.811 89.880 89.939
89.823 89.904 90.018
89.865 89.918 89.981
89.747 89.861 89.907
89.773 89.861 89.938
85.934 85.974 86.019
85.812 86.419 88.434
85.902 86.013 86.052
85.904 86.054 86.362
85.855 85.954 86.023
85.924 86.010 86.066
85.919 85.988 86.026
85.926 86.005 86.063
85.942 86.024 86.069
85.873 85.970 86.092
85.892 85.956 86.028
85.922 85.999 86.050
85.874 85.987 86.045
85.978 86.003 86.059
85.971 86.033 86.093
0 0 0
0 0 0
83.244 83.294 83.335
83.213 83.297 83.357
83.261 83.327 83.356
85.898 85.981 86.054
85.926 85.996 86.073
85.963 85.997 86.024
85.871 85.995 86.056
85.871 85.940 86.031
85.813 85.919 86.054
85.929 86.275 87.450
85.982 86.008 86.059
85.917 86.023 86.084
85.904 86.020 86.104
85.968 86.010 86.077
85.854 85.957 86.023
85.905 85.959 86.038
85.932 85.965 86.058
83.396 83.446 83.495
85.845 85.999 86.059
85.923 85.987 86.042
86.038 86.056 86.098
85.851 85.971 86.046
85.842 85.968 86.049
86.018 86.031 86.047
85.857 85.955 86.055
85.850 85.959 86.054
85.984 86.021 86.070
85.943 85.997 86.032
85.817 85.972 86.043
85.870 85.950 86.057
85.941 85.977 86.059
86.041 86.049 86.060
86.041 86.052 86.064
86.014 86.035 86.054
85.922 85.974 86.043
85.875 85.960 86.012
85.881 85.996 86.075
85.869 85.975 86.067
85.870 85.952 85.998
85.873 85.974 86.061
85.878 85.935 86.035
86.000 86.017 86.033
85.894 85.974 86.071
85.886 85.967 86.097
85.917 86.008 86.069
85.946 86.037 86.121
85.941 86.008 86.052
85.877 85.987 86.076
85.872 85.973 86.033
85.955 86.039 86.073
85.928 86.000 86.067
85.915 85.976 86.041
85.902 85.942 86.043
85.877 85.955 86.034
86.009 86.045 86.081
85.926 85.985 86.027
85.880 85.979 86.043
85.939 85.994 86.029
85.970 86.029 86.063
85.832 85.973 86.053
85.951 85.999 86.043
85.953 85.999 86.033
85.952 86.004 86.078
85.954 86.068 86.295
85.911 85.998 86.041
85.989 86.036 86.068
85.979 86.037 86.076
85.990 86.030 86.068
85.924 86.013 86.070
85.951 86.025 86.076
85.841 85.912 86.016
85.965 86.022 86.096
85.878 85.971 86.044
86.023 86.044 86.093
85.867 85.971 86.107
85.891 85.954 86.040
85.838 85.883 85.931
85.891 85.988 86.061
85.829 85.994 86.059
85.973 86.046 86.110
86.012 86.039 86.067
85.933 85.998 86.135
85.878 86.006 86.095
85.855 85.945 86.041
85.880 85.932 86.027
85.882 85.979 86.081
85.978 86.036 86.116
85.901 85.973 86.047
85.906 86.005 86.037
85.900 85.935 86.057
85.942 86.040 86.120
85.798 85.975 86.059
85.910 85.971 86.117
85.953 85.966 85.991
85.965 86.021 86.063
85.863 85.974 86.071
85.937 86.016 86.098
85.943 86.009 86.039
85.912 85.969 86.034
85.967 85.987 86.006
85.874 85.959 86.045
85.836 85.970 86.031
85.918 85.997 86.057
85.885 85.978 86.050
85.839 85.986 86.100
85.989 86.038 86.129
85.935 86.005 86.065
85.853 85.979 86.033
86.000 86.045 86.085
85.976 86.031 86.117
85.934 85.997 86.047
85.894 85.969 86.067
85.945 86.035 86.081
85.895 85.980 86.053
86.017 86.043 86.087
85.928 85.983 86.084
85.981 86.030 86.056
85.917 85.972 86.024
85.887 86.021 86.089
85.815 85.953 86.060
85.832 85.954 86.097
86.000 86.029 86.046
85.990 86.039 86.102
85.846 85.968 86.077
85.874 85.977 86.106
85.911 86.007 86.062
85.900 85.984 86.039
85.850 85.915 86.027
85.943 85.983 86.013
85.994 86.047 86.089
85.910 85.988 86.059
85.935 85.956 85.981
85.947 85.993 86.039
85.838 85.958 86.026
85.887 85.955 86.031
85.851 85.978 86.034
85.991 86.073 86.287
85.963 86.057 86.102
85.920 86.020 86.061
85.943 86.005 86.055
85.890 85.979 86.091
85.835 85.951 86.048
85.923 86.008 86.088
85.902 85.984 86.128
85.933 86.007 86.208
85.941 86.001 86.063
85.910 85.985 86.056
85.969 86.017 86.079
85.829 85.981 86.086
85.890 85.957 86.058
86.000 86.034 86.055
85.929 85.976 86.041
85.930 86.522 88.758
85.846 85.994 86.061
85.847 85.942 86.039
85.876 85.966 86.030
85.924 86.019 86.062
85.889 85.985 86.033
85.897 85.997 86.121
85.921 85.981 86.018
85.944 86.013 86.057
85.862 85.976 86.083
85.877 85.985 86.094
85.875 85.979 86.058
85.986 86.027 86.062
85.868 85.960 86.043
85.967 86.032 86.091
85.866 85.948 86.041
85.972 86.025 86.075
85.874 86.030 86.102
85.893 85.989 86.139
85.909 85.991 86.029
85.947 85.997 86.039
85.993 86.020 86.068
85.930 85.999 86.088
85.921 85.984 86.045
85.811 85.972 86.052
85.950 85.982 86.003
86.013 86.277 87.267
85.889 85.979 86.069
85.927 85.978 86.031
85.810 85.989 86.069
85.962 86.028 86.076
85.880 85.993 86.106
85.975 86.006 86.059
85.882 85.979 86.064
85.897 85.999 86.053
85.943 86.011 86.082
85.951 86.014 86.057
86.011 86.033 86.070
85.948 85.975 86.047
85.867 85.955 86.074
85.862 85.909 85.963
85.914 86.120 86.667
85.956 86.030 86.064
85.980 86.018 86.054
85.901 86.006 86.239
85.851 86.017 86.253
85.883 85.972 86.049
85.941 85.996 86.059
85.915 85.928 85.951
85.903 85.999 86.060
85.900 85.977 86.049
85.921 85.950 86.000
85.990 86.040 86.087
85.924 85.997 86.086
85.887 85.917 85.962
85.862 85.942 86.014
85.902 85.975 86.027
85.962 86.004 86.028
85.996 86.028 86.050
85.927 85.977 86.055
85.972 86.008 86.085
85.917 85.994 86.042
85.858 85.976 86.073
85.916 85.993 86.045
85.949 86.009 86.039
85.961 86.012 86.055
85.889 85.973 86.022
85.991 86.018 86.048
85.921 85.986 86.041
85.925 85.985 86.046
85.971 86.018 86.053
85.928 86.036 86.101
85.947 85.986 86.016
85.904 85.984 86.043
85.985 86.022 86.042
85.888 85.971 86.044
85.960 86.007 86.037
85.891 85.982 86.048
85.883 85.991 86.049
85.920 85.992 86.052
85.886 85.977 86.062
85.917 86.015 86.167
85.937 87.421 88.840
87.391 88.317 88.966
86.019 87.755 88.835
85.969 86.974 88.939
85.964 86.017 86.053
85.992 86.039 86.097
85.930 85.968 86.000
85.909 85.974 86.019
85.941 85.966 86.007
85.909 85.999 86.037
85.852 85.994 86.094
85.940 85.968 86.001
85.841 85.978 86.044
85.973 86.028 86.092
85.959 85.991 86.044
85.900 85.936 86.000
85.815 85.870 85.908
85.924 86.017 86.052
85.863 85.974 86.079
85.947 85.992 86.041
85.909 85.954 86.025
85.851 85.985 86.047
85.926 85.977 86.062
85.883 85.950 86.010
85.965 86.038 86.264
85.910 85.988 86.058
85.942 86.011 86.056
85.954 85.997 86.042
85.945 85.987 86.033
85.893 85.967 86.049
85.853 85.957 86.056
85.933 86.002 86.097
85.904 85.984 86.100
86.003 86.034 86.060
85.909 85.980 86.040
85.900 85.963 86.035
85.877 85.967 86.048
85.889 85.986 86.070
85.957 85.996 86.035
85.971 86.023 86.058
85.887 86.018 86.064
85.941 85.996 86.036
85.959 86.002 86.024
85.871 85.961 86.032
85.836 85.956 86.059
85.942 86.001 86.046
85.817 85.957 86.024
85.820 85.968 86.058
85.946 86.014 86.038
85.966 85.995 86.022
85.935 86.001 86.032
86.051 86.687 88.024
85.900 87.296 88.914
85.921 87.004 88.775
85.897 86.203 86.791
85.950 86.006 86.039
86.010 86.030 86.064
85.978 86.020 86.054
85.960 86.004 86.041
85.798 85.902 85.972
86.061 88.171 88.934
86.017 87.569 88.898
85.967 86.031 86.105
86.023 88.078 88.969
85.993 86.019 86.076
86.048 87.188 88.959
86.032 87.633 88.985
86.297 88.014 88.950
85.887 85.924 85.985
85.860 85.984 86.083
85.912 85.962 86.019
85.936 86.004 86.077
85.876 85.992 86.104
85.838 85.970 86.080
85.922 85.985 86.045
85.925 86.016 86.045
85.963 86.016 86.044
85.928 85.981 86.025
85.869 85.937 86.041
85.967 86.011 86.038
85.965 86.000 86.037
85.928 85.973 86.045
85.958 86.012 86.076
85.835 85.874 85.897
85.868 85.939 86.032
85.920 85.985 86.054
85.891 86.005 86.124
85.982 86.019 86.084
85.849 85.977 86.040
85.900 85.918 85.958
85.822 85.909 86.034
85.940 85.979 86.040
85.974 86.025 86.043
85.967 86.030 86.115
85.940 86.002 86.041
85.895 85.958 86.005
85.861 85.910 85.993
85.936 86.002 86.043
85.850 85.947 86.059
85.972 86.010 86.033
85.921 86.002 86.050
85.894 85.961 86.031
85.896 85.979 86.015
85.972 86.003 86.074
85.930 85.992 86.037
85.867 85.980 86.046
85.880 85.923 85.972
85.952 86.009 86.069
85.970 86.006 86.051
85.920 86.001 86.104
85.881 86.004 86.046
85.928 85.993 86.055
85.898 85.985 86.070
85.900 85.967 86.033
85.893 85.970 86.049
85.913 86.048 86.170
85.860 86.007 86.310
85.890 86.033 86.150
85.967 85.997 86.052
85.908 85.977 86.045
85.917 86.007 86.066
85.855 85.931 85.982
85.847 85.978 86.038
85.919 85.991 86.035
85.840 85.984 86.097
85.904 85.987 86.061
85.807 85.937 86.012
85.962 86.001 86.054
85.920 86.245 87.295
85.883 85.966 86.014
85.935 85.985 86.035
85.895 86.005 86.101
85.896 85.956 85.990
85.992 86.032 86.056
85.966 86.021 86.061
85.872 85.981 86.042
85.921 85.982 86.039
85.945 85.976 85.994
85.870 85.961 86.021
85.866 85.898 85.936
85.846 85.952 86.042
85.817 85.945 86.029
85.868 85.978 86.036
85.957 86.018 86.049
85.926 85.974 86.022
85.897 85.973 86.041
85.947 86.012 86.063
85.976 86.014 86.053
85.980 86.023 86.071
85.864 85.934 86.052
85.938 85.991 86.053
85.843 85.965 86.045
85.973 86.011 86.039
85.851 85.958 86.047
85.862 85.969 86.025
85.881 85.960 86.031
85.869 85.943 86.034
85.941 85.991 86.075
85.894 85.959 86.042
85.859 85.958 86.044
86.003 86.039 86.107
85.934 85.979 86.054
85.876 85.933 85.987
85.794 86.010 86.101
85.934 86.003 86.027
86.005 86.052 86.089
85.908 85.967 86.002
85.879 86.129 86.827
85.910 85.963 86.011
85.918 85.980 86.050
85.857 86.069 86.321
85.876 85.945 86.080
85.933 85.987 86.040
85.972 86.019 86.062
85.973 86.018 86.043
85.881 85.960 86.048
85.964 86.022 86.068
85.882 85.982 86.047
86.004 86.045 86.079
85.908 85.989 86.077
85.864 85.999 86.143
85.839 85.961 86.035
85.876 85.984 86.089
85.819 85.930 86.018
85.886 85.991 86.047
85.917 86.004 86.108
85.883 85.990 86.048
85.946 85.989 86.016
85.854 85.932 86.042
85.906 85.964 86.048
85.941 85.968 86.029
85.940 85.979 86.031
85.859 86.062 86.455
85.883 85.959 86.012
85.910 85.969 86.026
85.872 85.977 86.071
85.961 86.010 86.088
85.915 85.998 86.029
85.921 85.987 86.048
86.011 86.034 86.053
85.855 85.952 86.052
85.920 85.984 86.093
85.915 86.074 86.276
85.948 85.998 86.039
85.915 85.997 86.042
85.939 85.999 86.042
85.937 86.008 86.089
85.917 85.993 86.042
85.913 85.981 86.054
85.961 86.009 86.048
85.958 85.999 86.019
85.959 86.001 86.066
85.885 85.974 86.057
85.951 85.994 86.018
85.930 86.012 86.104
85.915 86.005 86.086
85.881 85.966 86.088
85.862 85.939 86.031
85.945 85.981 86.016
85.814 85.905 85.943
85.924 85.998 86.047
85.853 85.951 86.061
85.881 86.036 86.352
85.887 85.923 86.003
85.927 86.017 86.070
85.857 85.965 86.056
85.962 85.978 86.007
85.881 85.948 86.038
85.829 86.082 86.675
85.998 86.023 86.036
85.875 85.970 86.061
85.997 86.012 86.046
85.857 85.936 86.008
85.918 85.992 86.064
85.963 86.002 86.034
85.958 85.987 86.008
85.998 86.019 86.037
85.952 86.010 86.043
85.822 85.863 85.918
85.970 86.014 86.061
85.888 85.989 86.106
85.949 86.013 86.053
85.895 85.985 86.014
85.979 86.125 86.540
85.937 86.032 86.157
85.795 85.916 86.017
85.935 86.001 86.057
85.913 85.984 86.050
85.937 85.989 86.103
85.856 86.028 86.167
86.045 86.148 86.319
85.797 85.939 86.028
85.800 85.915 85.996
85.895 85.965 86.047
85.812 85.983 86.084
85.826 85.896 86.043
85.841 85.942 86.048
85.984 86.047 86.217
85.980 86.014 86.048
85.776 85.935 85.998
85.940 86.004 86.061
85.880 85.971 86.023
85.971 86.007 86.027
85.921 85.972 86.033
85.849 85.967 86.080
85.869 85.963 86.050
85.865 85.944 86.019
85.945 85.991 86.044
85.891 86.005 86.060
85.905 85.979 86.025
85.900 85.965 86.103
85.790 85.850 85.871
85.885 85.956 86.018
86.021 86.039 86.076
85.917 85.972 86.016
85.965 86.013 86.048
85.844 85.970 86.045
85.966 86.007 86.053
85.846 85.973 86.050
85.910 85.990 86.051
85.974 85.981 85.989
85.837 85.915 85.968
85.830 85.964 86.058
85.971 86.002 86.050
85.843 85.918 85.998
85.934 85.972 85.997
85.950 86.041 86.181
85.929 85.967 86.008
85.838 85.911 86.003
85.819 85.871 85.934
85.830 85.921 86.004
85.950 85.982 86.020
85.959 86.009 86.048
85.830 85.949 86.011
85.921 86.017 86.155
85.951 85.995 86.045
85.918 85.996 86.088
85.906 85.990 86.062
85.838 85.926 86.023
85.903 86.009 86.141
85.821 86.003 86.086
85.923 85.969 86.017
85.878 85.968 86.006
85.868 85.986 86.141
85.914 85.948 85.987
85.854 85.986 86.068
85.907 85.983 86.023
85.894 85.957 86.003
86.032 86.057 86.079
85.968 86.008 86.052
85.829 85.913 86.023
85.861 85.973 86.046
85.864 86.010 86.070
85.910 85.966 86.010
85.939 86.024 86.091
85.921 85.998 86.053
85.956 85.992 86.028
85.828 85.915 86.046
85.947 85.992 86.073
85.975 86.005 86.041
85.833 85.998 86.216
86.001 86.232 87.020
85.978 86.016 86.039
85.752 85.932 86.089
85.848 85.965 86.064
85.879 85.960 86.009
85.862 86.016 86.093
85.797 85.975 86.063
85.901 85.958 86.041
85.983 86.023 86.052
85.921 85.964 86.037
85.820 85.953 86.007
85.954 86.014 86.052
85.881 85.986 86.042
85.905 86.011 86.086
85.906 85.985 86.056
85.836 85.977 86.083
85.907 85.968 86.039
85.842 85.887 85.978
85.874 85.960 86.026
85.915 85.977 86.045
85.938 86.015 86.086
85.900 85.995 86.044
85.920 85.977 86.019
85.864 85.966 86.035
85.935 85.987 86.054
85.894 85.956 86.058
85.966 86.058 86.309
85.869 85.982 86.117
85.957 86.024 86.066
85.952 86.042 86.182
85.971 86.028 86.051
85.753 85.927 86.032
85.878 85.936 85.965
85.893 85.975 86.009
85.885 85.978 86.046
85.816 85.930 86.042
85.928 86.028 86.084
85.953 85.962 85.975
85.852 85.954 86.021
85.875 85.969 86.045
85.934 85.985 86.044
85.821 85.956 86.052
85.957 86.000 86.050
85.862 85.988 86.083
85.818 85.852 85.908
85.896 85.919 85.945
85.830 85.938 86.036
85.971 86.007 86.066
85.995 86.043 86.082
86.021 86.047 86.084
85.959 86.015 86.052
85.798 85.981 86.057
85.883 85.935 85.972
85.905 85.961 86.023
85.965 86.005 86.036
85.969 86.002 86.056
85.810 85.909 85.999
85.882 85.984 86.082
85.861 85.903 85.947
85.897 85.976 86.046
85.996 86.020 86.036
85.931 85.973 86.029
85.929 85.995 86.054
85.875 85.973 86.039
85.958 86.008 86.074
85.965 85.994 86.028
85.855 85.955 86.020
85.947 85.991 86.049
85.923 85.962 85.985
85.883 85.988 86.069
85.954 86.000 86.045
85.882 85.954 86.071
85.948 86.023 86.074
85.816 85.915 86.011
85.869 85.976 86.054
85.946 85.994 86.045
85.796 85.935 86.013
85.888 85.968 86.017
85.996 86.025 86.038
85.827 85.923 86.014
85.970 86.085 86.381
85.905 85.977 86.116
86.003 86.041 86.103
85.937 86.009 86.112
85.827 85.956 86.071
85.958 86.019 86.058
85.930 86.071 86.351
85.917 85.978 86.039
85.815 85.982 86.057
85.848 85.925 85.992
85.776 85.860 85.891
85.920 86.000 86.076
85.905 85.972 86.041
85.906 86.029 86.315
85.957 86.014 86.059
85.853 86.002 86.057
85.924 86.000 86.067
85.922 85.966 85.996
85.965 86.021 86.073
85.917 85.987 86.083
85.867 85.933 85.987
85.887 85.960 86.028
85.944 86.021 86.103
85.926 85.993 86.097
85.990 86.016 86.046
85.896 85.998 86.063
85.859 85.986 86.106
85.874 85.909 85.939
85.990 86.049 86.100
85.964 86.005 86.064
85.883 85.950 85.995
85.993 86.037 86.104
85.866 85.957 86.091
85.868 85.966 86.016
86.003 86.098 86.370
85.897 85.981 86.057
85.978 86.010 86.032
85.822 85.968 86.162
85.915 85.978 86.062
85.945 85.974 86.007
85.873 85.971 86.094
85.915 85.975 86.024
85.927 85.968 86.040
85.878 85.949 86.049
85.911 86.009 86.068
85.863 85.916 85.992
85.874 86.001 86.053
85.998 86.031 86.065
85.868 85.956 86.032
85.814 85.906 85.987
85.948 86.009 86.065
86.028 86.043 86.078
85.907 85.966 86.050
85.911 85.959 86.024
85.904 85.976 86.054
85.900 85.978 86.059
85.935 86.003 86.057
85.988 86.011 86.030
85.906 85.954 85.992
85.963 85.987 86.023
85.839 85.905 85.965
85.831 85.951 86.043
85.963 86.012 86.077
85.842 86.064 86.546
85.881 85.988 86.066
85.944 86.018 86.086
85.824 85.943 86.027
85.901 85.996 86.080
85.876 85.975 86.044
85.888 85.970 86.042
85.904 86.000 86.168
85.866 85.922 85.947
85.919 85.965 86.029
85.932 85.992 86.076
85.796 85.916 86.036
85.921 85.968 86.004
85.824 85.916 86.027
85.938 85.979 86.013
85.737 85.928 86.017
85.903 85.983 86.041
86.026 86.055 86.080
85.907 86.010 86.335
85.969 86.019 86.068
85.860 85.982 86.048
85.942 85.986 86.052
85.933 85.984 86.043
85.841 85.917 85.986
85.947 85.990 86.041
85.967 86.008 86.047
85.898 86.009 86.085
85.922 85.981 86.056
85.962 86.005 86.093
86.005 86.028 86.045
85.868 85.989 86.049
85.863 85.959 86.027
85.847 85.948 86.025
85.979 86.011 86.043
85.941 85.996 86.104
85.914 85.977 86.028
85.977 86.016 86.054
85.927 86.022 86.104
85.914 85.982 86.030
85.801 85.942 86.117
85.997 86.044 86.105
85.844 85.937 86.064
85.943 86.027 86.100
85.911 85.982 86.036
85.937 86.026 86.088
85.838 85.944 86.010
85.816 85.882 85.963
85.808 85.955 86.026
85.814 85.910 86.017
85.779 85.898 85.985
85.907 85.973 86.002
85.852 85.948 86.017
85.930 85.988 86.086
85.921 85.974 86.009
85.806 85.974 86.053
85.850 85.915 85.998
85.824 85.872 85.920
85.915 85.969 86.035
85.927 85.980 86.037
85.985 86.067 86.246
85.918 85.986 86.020
85.838 85.868 85.918
85.928 85.944 85.990
85.850 85.959 86.015
85.772 85.824 85.947
85.857 85.936 85.998
85.930 85.985 86.014
85.865 85.970 86.038
85.836 85.949 86.030
85.955 86.010 86.056
85.891 85.941 85.999
85.860 85.961 86.031
85.876 86.006 86.052
85.943 86.177 87.096
85.969 86.001 86.049
85.905 86.011 86.081
85.894 85.977 86.031
86.033 86.042 86.063
85.972 86.011 86.067
85.862 85.958 86.045
85.987 86.074 86.275
85.858 86.003 86.083
85.912 85.970 86.007
85.868 85.983 86.069
85.947 85.986 86.029
85.862 85.909 85.951
85.813 85.988 86.308
85.964 86.010 86.042
85.930 85.962 86.023
85.982 86.013 86.056
85.889 86.004 86.069
85.853 85.924 85.999
85.985 86.029 86.049
85.932 86.011 86.065
85.979 86.029 86.115
85.848 85.928 85.979
85.901 85.991 86.067
85.922 85.981 86.013
85.876 85.984 86.041
85.887 86.003 86.075
85.915 85.988 86.103
85.984 85.998 86.024
85.841 85.952 86.062
85.912 85.997 86.071
85.903 86.020 86.105
85.910 86.008 86.043
85.922 85.958 85.981
85.882 86.004 86.056
85.922 85.999 86.061
85.912 85.991 86.027
85.952 86.008 86.066
85.853 85.916 85.975
85.980 86.021 86.049
85.942 85.982 86.014
85.879 85.958 86.077
85.905 85.978 86.053
85.856 85.934 85.997
85.878 85.979 86.080
85.816 85.964 86.049
85.779 85.969 86.042
85.936 86.013 86.056
85.985 86.028 86.049
85.995 86.027 86.072
85.900 85.987 86.076
85.863 85.885 85.915
85.990 86.013 86.057
85.927 85.958 86.019
85.905 85.981 86.041
85.887 86.003 86.069
85.856 85.964 86.046
85.929 85.982 86.067
85.863 85.990 86.047
85.955 86.001 86.075
85.848 85.983 86.079
85.904 86.024 86.105
85.870 85.965 86.043
86.009 86.023 86.047
85.892 86.013 86.097
85.948 86.006 86.058
85.970 85.997 86.054
85.869 85.914 85.957
85.974 86.026 86.061
85.905 85.963 86.021
85.965 85.990 86.031
85.879 86.016 86.084
85.923 86.006 86.121
85.902 85.991 86.061
85.938 85.974 86.050
85.994 86.034 86.098
85.857 85.987 86.095
85.866 85.989 86.045
85.850 85.940 85.989
85.876 85.924 85.994
85.979 86.019 86.040
85.816 85.905 86.024
85.828 85.973 86.146
85.910 86.011 86.073
85.827 85.962 86.080
85.950 86.016 86.090
85.955 86.005 86.050
85.839 85.956 85.991
85.865 85.943 86.063
85.993 86.019 86.046
85.915 85.989 86.065
85.837 85.949 86.052
85.888 85.976 86.044
86.013 86.035 86.063
85.899 85.983 86.049
85.911 85.979 86.035
85.885 85.943 86.012
85.876 85.985 86.095
85.918 85.984 86.058
86.028 86.053 86.083
85.973 86.035 86.079
85.997 86.035 86.093
85.975 86.017 86.052
85.908 85.982 86.055
85.858 85.974 86.104
85.903 85.988 86.068
85.895 85.972 86.005
85.889 85.981 86.038
85.972 86.015 86.052
85.962 86.028 86.059
85.921 85.954 85.990
85.870 85.916 85.985
85.930 86.006 86.049
85.918 85.996 86.060
85.889 85.936 85.977
85.850 85.964 86.058
85.867 86.011 86.053
85.939 85.980 86.029
85.916 85.996 86.048
85.993 86.020 86.043
85.819 85.930 86.020
85.984 86.011 86.082
86.040 86.084 86.220
85.908 85.977 86.068
85.934 85.987 86.058
85.866 85.931 86.031
85.948 85.993 86.056
85.902 85.963 86.006
85.846 85.986 86.030
85.858 85.981 86.065
85.947 86.007 86.078
85.851 86.023 86.217
85.959 86.025 86.069
85.883 85.977 86.079
85.980 86.020 86.068
85.830 85.947 86.054
85.856 86.079 86.642
86.001 86.022 86.042
85.882 85.948 86.012
85.994 86.026 86.076
85.942 85.980 86.049
85.952 86.035 86.072
85.902 85.975 86.060
85.873 85.956 86.056
85.984 86.034 86.054
85.854 85.961 86.073
85.881 85.977 86.117
85.978 86.012 86.109
85.872 85.962 86.051
85.817 85.924 85.983
85.855 85.977 86.047
85.848 85.942 86.076
86.013 86.029 86.055
85.947 86.012 86.065
85.951 86.012 86.083
85.882 85.933 85.973
85.865 85.982 86.056
85.964 86.018 86.060
85.981 86.034 86.069
85.876 85.989 86.058
85.814 85.957 86.021
86.028 86.042 86.058
85.870 85.983 86.076
85.960 86.017 86.116
85.958 85.999 86.022
85.983 86.011 86.061
85.959 86.015 86.072
85.838 86.002 86.158
85.894 85.959 86.024
85.844 85.962 86.023
85.965 86.010 86.050
86.001 86.033 86.057
85.917 85.977 86.027
85.949 85.996 86.024
85.863 85.889 85.928
85.835 85.919 86.022
85.938 85.996 86.061
85.970 86.032 86.086
85.811 85.876 85.954
85.833 85.938 86.022
85.997 86.045 86.101
85.850 85.998 86.102
85.886 85.928 85.967
85.832 85.938 86.072
85.916 85.988 86.057
85.926 85.997 86.043
85.907 85.988 86.154
85.967 86.026 86.057
85.924 85.992 86.051
85.984 86.010 86.047
85.901 86.005 86.090
85.936 85.999 86.054
85.827 85.945 86.067
85.874 85.949 86.065
85.929 85.987 86.076
85.845 85.929 86.027
85.888 85.967 86.041
85.818 85.990 86.059
85.872 85.976 86.065
85.944 85.988 86.044
85.903 86.022 86.134
85.883 85.982 86.028
85.908 85.961 85.993
85.834 85.946 86.009
85.856 85.954 86.055
85.938 86.022 86.091
85.928 86.017 86.210
85.984 86.025 86.062
85.904 85.984 86.040
85.819 85.934 86.019
85.929 85.964 86.066
85.949 85.993 86.042
85.829 85.902 85.985
85.836 85.941 86.076
85.898 85.980 86.098
85.844 85.899 85.957
85.985 86.027 86.059
85.925 85.983 86.026
85.806 85.958 86.028
85.921 85.998 86.054
85.983 86.043 86.089
85.932 86.084 86.182
85.918 85.964 86.012
85.814 85.899 86.008
85.966 85.984 86.002
85.939 86.002 86.050
85.975 86.023 86.109
85.944 86.010 86.076
85.872 86.448 88.138
85.894 85.992 86.065
85.903 86.011 86.092
85.957 85.991 86.070
85.874 85.963 86.046
85.936 86.018 86.065
85.983 86.011 86.065
85.831 85.978 86.064
85.825 85.973 86.089
85.987 86.004 86.023
85.922 85.985 86.038
85.846 85.926 86.007
85.922 85.974 86.038
85.925 85.973 86.036
85.853 85.949 86.023
85.927 85.977 86.031
85.871 85.973 86.087
85.963 86.184 86.824
85.903 85.951 86.003
85.937 86.042 86.254
85.954 85.998 86.032
85.873 85.934 86.030
85.885 86.000 86.072
85.829 85.945 86.044
85.949 86.007 86.064
85.999 86.019 86.045
85.929 86.018 86.082
85.854 85.940 86.022
85.951 86.011 86.094
85.963 86.004 86.059
85.919 86.010 86.053
85.853 85.929 86.050
85.855 85.966 86.051
85.894 85.983 86.045
85.878 85.948 86.048
85.805 85.981 86.095
85.901 85.978 86.025
85.917 85.960 86.013
85.870 85.945 86.084
85.800 85.924 86.048
85.831 85.965 86.046
85.828 85.950 86.046
85.844 85.918 86.004
85.869 85.969 86.109
85.890 85.943 86.015
85.966 86.006 86.052
85.916 85.986 86.055
85.859 85.910 85.959
85.927 86.004 86.042
85.953 85.983 86.052
85.883 85.931 85.990
85.955 85.999 86.046
85.908 86.010 86.041
85.925 85.992 86.056
85.842 85.926 86.039
85.769 85.921 86.021
86.002 86.136 86.592
85.905 85.981 86.143
85.848 85.934 86.086
85.904 85.962 86.022
85.970 86.028 86.077
85.837 85.946 86.030
85.843 85.945 86.035
85.843 85.955 86.023
85.952 86.001 86.041
85.893 86.015 86.200
85.929 86.032 86.135
85.893 85.969 86.032
85.946 86.003 86.080
85.885 85.922 85.963
85.861 86.010 86.080
85.948 85.997 86.053
85.951 85.989 86.031
85.925 85.972 86.047
85.896 85.970 86.014
85.941 85.988 86.040
85.942 86.013 86.054
85.856 85.972 86.058
85.887 85.967 86.029
85.831 85.958 86.020
85.893 85.932 85.982
85.823 85.925 86.029
85.952 85.988 86.033
85.823 85.892 85.930
85.925 85.994 86.036
86.001 86.032 86.096
85.836 85.970 86.032
85.932 85.973 86.048
85.970 86.017 86.050
85.924 86.011 86.067
85.957 85.986 86.042
85.856 85.952 86.014
85.994 86.017 86.035
85.862 85.985 86.081
85.886 85.946 85.980
85.828 85.941 86.052
85.953 85.986 86.027
85.919 85.993 86.046
85.839 85.958 86.071
85.820 85.857 85.887
85.875 85.938 86.037
85.868 85.948 86.028
85.841 85.965 86.076
85.852 85.956 86.008
85.924 85.990 86.060
85.839 85.967 86.016
85.894 85.981 86.062
85.852 85.956 86.041
85.868 85.955 86.038
85.884 85.970 86.047
85.984 86.014 86.041
85.933 85.999 86.030
85.836 85.969 86.049
85.965 86.029 86.094
85.880 85.938 85.979
85.900 85.968 86.045
85.971 86.039 86.076
85.878 85.965 86.032
85.872 85.967 86.041
85.901 85.998 86.072
85.983 86.022 86.062
85.909 85.979 86.117
85.959 85.993 86.045
85.937 85.977 86.000
85.865 85.931 85.975
86.012 86.024 86.039
86.013 86.027 86.055
85.898 85.947 86.012
85.954 85.986 86.031
85.959 86.008 86.049
85.813 85.963 86.083
85.846 85.957 86.036
85.908 85.982 86.047
85.801 85.946 86.051
85.981 86.021 86.073
85.894 85.942 85.972
85.873 85.921 85.960
85.904 85.974 86.042
85.829 85.935 86.035
85.963 86.021 86.072
85.870 85.982 86.049
85.974 86.008 86.074
85.911 85.956 86.023
85.893 85.980 86.017
85.984 86.009 86.045
85.907 85.974 86.071
85.906 85.990 86.086
85.919 85.993 86.035
85.937 85.990 86.042
85.928 86.006 86.040
85.817 86.009 86.132
85.924 86.009 86.046
85.913 85.979 86.055
85.861 85.964 86.031
85.898 85.993 86.084
85.948 85.990 86.030
85.923 86.011 86.060
85.937 86.022 86.088
85.771 85.897 86.035
85.862 85.973 86.049
85.972 86.017 86.091
85.919 85.984 86.058
85.848 85.958 86.041
85.920 85.985 86.045
85.877 86.005 86.086
85.846 85.973 86.051
85.874 85.971 86.045
85.859 85.973 86.072
85.816 85.997 86.087
85.946 85.993 86.052
85.830 85.953 86.018
85.917 85.991 86.048
85.902 85.975 86.027
85.947 85.987 86.009
85.959 86.018 86.055
85.851 85.955 86.035
85.953 85.997 86.035
85.970 86.029 86.099
85.883 85.987 86.128
85.975 86.001 86.037
85.812 85.876 85.988
85.981 86.015 86.071
85.968 86.003 86.036
85.831 85.953 86.014
85.981 86.008 86.038
85.983 86.024 86.047
85.872 85.973 86.048
85.932 85.993 86.057
85.899 85.972 86.000
85.968 86.101 86.351
85.868 85.950 86.067
85.920 85.985 86.049
85.942 86.002 86.076
85.879 85.942 86.012
85.941 85.999 86.063
85.842 85.975 86.060
85.965 85.997 86.042
85.960 86.010 86.075
85.906 85.962 86.047
85.792 85.933 86.042
85.933 86.040 86.170
85.806 85.984 86.085
85.874 85.973 86.089
85.917 85.974 86.047
85.884 85.936 86.014
85.832 85.945 86.036
85.994 86.022 86.063
85.926 86.004 86.054
85.981 86.008 86.041
85.838 85.944 86.001
86.020 86.028 86.046
85.925 85.992 86.102
85.892 85.978 86.042
85.859 85.972 86.056
85.791 85.880 86.020
85.903 86.005 86.061
85.872 85.957 86.042
85.824 86.008 86.101
85.984 86.019 86.042
85.922 85.974 86.052
85.803 85.895 85.999
85.916 85.993 86.066
85.905 86.008 86.084
85.961 86.020 86.074
85.875 85.978 86.072
85.838 85.990 86.060
85.935 85.997 86.047
85.927 86.036 86.142
85.850 85.985 86.074
85.873 85.945 86.041
85.861 85.951 86.050
85.882 85.955 86.082
85.874 85.940 86.027
85.908 85.977 86.039
85.977 86.008 86.047
85.818 85.953 86.049
85.842 85.907 85.972
85.949 86.008 86.071
85.907 85.970 86.018
85.979 86.045 86.124
85.871 85.988 86.067
85.951 86.082 86.272
85.950 86.016 86.094
85.913 86.001 86.042
85.943 86.012 86.045
85.893 85.974 86.056
85.857 85.947 86.022
85.937 85.965 86.003
85.913 85.967 86.005
85.920 86.000 86.043
85.915 85.989 86.061
85.860 85.991 86.050
85.890 85.934 85.992
85.892 85.951 86.023
85.972 86.009 86.042
85.863 85.951 86.010
86.024 86.037 86.057
85.893 85.989 86.035
85.976 86.006 86.071
85.913 85.992 86.074
85.863 85.945 86.023
85.885 86.000 86.042
85.883 85.981 86.040
85.862 85.976 86.076
85.890 85.978 86.054
85.988 86.017 86.049
85.897 86.011 86.057
85.802 85.964 86.098
85.880 85.933 85.982
85.908 85.955 86.037
85.874 85.938 85.974
85.902 85.997 86.081
85.856 85.965 86.025
85.838 85.923 86.057
85.840 85.949 85.993
85.874 85.942 86.004
85.923 85.973 86.016
85.968 86.019 86.070
85.976 86.017 86.048
85.949 86.009 86.040
85.966 86.012 86.036
85.793 85.875 85.957
85.924 86.005 86.037
85.895 85.984 86.031
85.854 85.965 86.031
85.857 85.973 86.045
85.860 85.937 85.979
85.877 85.957 86.014
85.918 85.993 86.046
85.946 86.010 86.040
85.908 85.962 86.062
85.927 85.995 86.041
85.955 86.027 86.062
85.875 85.936 86.050
85.900 85.992 86.043
85.873 85.955 86.016
85.866 85.976 86.029
85.878 85.960 86.020
85.924 85.995 86.051
85.900 85.964 85.995
85.823 85.952 86.048
85.988 86.021 86.061
85.810 85.964 86.026
85.947 85.982 86.041
85.992 86.016 86.063
85.974 86.017 86.065
85.862 85.953 86.013
85.865 85.908 85.951
85.949 86.013 86.061
85.922 85.982 86.022
85.986 86.031 86.076
85.835 85.934 86.017
85.987 86.032 86.058
85.842 85.904 85.944
85.975 86.021 86.055
85.787 85.955 86.022
85.854 85.950 86.059
85.966 86.002 86.040
85.924 85.999 86.039
85.994 86.052 86.116
85.934 85.992 86.030
85.819 85.935 86.067
85.954 86.000 86.049
86.009 86.036 86.077
85.909 85.995 86.078
85.852 85.959 86.035
85.972 86.031 86.068
85.865 85.979 86.044
85.853 85.941 85.998
85.850 85.980 86.100
85.902 85.987 86.065
85.985 86.027 86.062
85.958 86.037 86.081
85.909 86.004 86.051
85.984 86.023 86.053
85.901 85.972 86.039
85.859 85.952 86.016
85.919 85.979 86.017
85.993 86.029 86.100
85.832 85.912 86.052
85.883 85.972 86.068
85.882 85.974 86.048
85.899 85.987 86.081
85.856 85.989 86.058
85.950 86.001 86.039
85.962 85.995 86.017
85.876 85.999 86.078
86.012 86.028 86.037
85.905 85.973 86.031
85.891 85.996 86.053
85.827 85.940 86.011
85.901 85.981 86.029
85.877 86.000 86.099
85.933 86.002 86.093
86.012 86.030 86.063
85.831 85.896 85.965
85.958 86.011 86.081
85.896 85.962 86.037
85.916 85.971 86.035
85.907 86.021 86.066
85.898 85.991 86.045
85.861 85.949 86.039
85.829 85.980 86.075
85.924 85.964 85.993
85.935 85.997 86.065
85.901 85.952 86.050
85.828 85.970 86.040
85.918 86.011 86.068
85.933 85.993 86.107
86.021 86.035 86.045
85.859 85.904 85.966
85.864 86.005 86.361
85.874 85.943 86.010
85.852 85.934 86.029
85.905 85.959 86.014
85.908 85.991 86.079
85.925 85.963 86.056
85.869 85.980 86.038
85.872 85.948 86.043
85.853 85.960 86.059
85.934 85.991 86.057
85.849 86.000 86.084
85.928 85.988 86.053
85.913 85.998 86.055
85.857 85.979 86.069
85.918 85.970 86.009
85.917 85.966 86.005
85.966 86.028 86.056
85.943 86.008 86.053
85.902 85.978 86.019
85.919 86.000 86.047
85.916 85.980 86.076
85.880 85.959 86.030
85.933 86.014 86.041
85.848 85.884 85.928
85.823 85.927 86.023
85.942 86.023 86.091
85.828 85.924 86.088
85.937 85.989 86.048
85.789 85.929 86.056
85.807 85.908 85.962
85.939 86.034 86.078
85.896 85.971 86.042
85.871 85.947 85.989
85.821 85.941 86.030
85.960 86.011 86.096
85.877 85.936 85.999
85.829 85.941 86.051
85.819 85.933 86.038
85.921 85.986 86.035
85.924 85.991 86.042
85.904 85.981 86.073
85.840 86.056 86.304
85.890 85.960 86.061
85.871 85.950 86.025
85.915 86.002 86.154
85.958 86.014 86.031
85.819 85.943 86.070
85.905 85.956 85.995
85.871 85.955 86.050
85.956 86.023 86.057
85.949 86.004 86.060
85.848 85.989 86.150
85.941 86.020 86.050
85.923 86.016 86.072
85.888 86.017 86.077
85.875 85.991 86.070
85.829 85.944 86.024
85.922 85.994 86.075
85.911 85.969 86.035
85.936 86.002 86.077
85.883 85.973 86.047
85.954 85.967 85.990
85.891 85.983 86.045
85.960 86.011 86.052
85.849 85.950 86.057
85.864 85.947 86.040
85.936 86.066 86.283
85.972 86.007 86.063
85.939 85.961 85.985
85.882 85.970 86.036
85.977 86.035 86.070
85.921 85.975 86.027
85.948 85.999 86.052
85.827 85.960 86.045
85.842 85.941 86.058
85.901 85.995 86.054
85.980 86.028 86.091
85.961 86.013 86.052
85.891 85.981 86.096
85.836 85.889 85.955
85.840 85.931 86.014
85.828 85.946 86.040
85.985 86.025 86.053
85.879 85.945 86.046
85.887 85.971 86.067
85.991 86.041 86.090
85.848 85.905 85.991
86.003 86.022 86.046
85.970 86.024 86.091
85.845 85.961 86.022
85.896 85.963 86.037
85.845 86.170 87.073
85.927 85.958 85.981
85.956 86.017 86.039
85.958 85.986 86.041
85.839 85.921 85.999
85.873 85.978 86.057
85.965 86.001 86.055
85.875 85.994 86.035
85.891 85.993 86.047
85.893 86.011 86.054
85.965 86.011 86.057
85.914 85.972 86.062
85.854 85.948 86.064
85.914 85.994 86.053
85.868 85.963 86.024
85.947 85.982 86.024
85.889 85.936 85.982
85.802 85.941 86.031
85.820 85.882 85.933
85.962 86.021 86.101
85.996 86.030 86.063
85.961 85.996 86.062
85.851 85.914 85.961
85.869 85.980 86.046
85.869 85.949 85.991
85.863 85.977 86.049
85.920 85.982 86.077
85.959 85.990 86.027
85.942 86.014 86.057
85.912 86.011 86.055
86.020 86.041 86.059
85.860 85.966 86.059
85.975 86.023 86.066
85.786 85.940 86.041
85.876 85.934 86.006
85.827 85.936 86.000
85.950 86.014 86.056
85.926 85.952 85.992
85.932 85.998 86.051
85.851 85.951 86.056
85.917 85.964 86.023
85.952 86.008 86.050
85.956 86.051 86.234
85.846 85.973 86.231
85.912 85.969 86.040
85.905 85.957 86.055
85.951 86.017 86.095
85.783 85.963 86.063
85.906 86.005 86.071
85.935 85.960 85.984
85.892 85.927 85.997
85.953 86.012 86.056
85.965 86.014 86.043
85.915 86.003 86.093
85.939 85.964 86.019
85.862 85.903 85.956
85.840 85.948 86.050
85.908 86.001 86.035
85.933 85.963 86.018
85.882 85.956 86.012
85.834 85.974 86.091
85.904 86.002 86.083
85.948 86.008 86.121
85.950 86.006 86.125
85.927 85.990 86.099
85.926 85.962 85.994
85.962 85.995 86.048
85.801 85.922 86.034
85.907 85.964 86.014
85.970 85.997 86.031
85.938 86.001 86.074
85.912 85.967 86.011
85.908 85.946 86.017
85.828 85.947 86.050
85.978 86.007 86.030
85.952 86.007 86.044
85.909 85.954 85.996
85.942 86.004 86.075
85.844 86.042 86.354
85.992 86.019 86.052
85.924 86.010 86.058
85.887 85.950 86.014
85.998 86.014 86.028
85.916 85.975 86.015
85.895 85.980 86.058
85.968 86.006 86.056
85.840 85.918 86.012
85.864 85.906 85.943
85.852 85.910 85.968
85.925 86.034 86.145
85.919 85.996 86.066
85.886 85.965 86.074
85.974 86.021 86.095
85.925 85.992 86.044
86.014 86.042 86.116
85.936 85.979 86.059
85.886 85.982 86.087
85.884 86.013 86.108
85.994 86.027 86.081
85.860 85.954 86.005
85.866 85.979 86.081
85.913 86.005 86.083
85.761 85.904 86.003
85.883 85.998 86.079
85.928 85.999 86.070
85.996 86.032 86.056
85.883 85.949 86.053
85.963 86.025 86.069
85.881 85.996 86.078
85.860 85.963 86.042
85.870 85.945 86.012
85.906 85.965 86.051
85.892 86.007 86.065
85.875 85.964 86.057
85.921 85.965 86.053
85.945 85.999 86.083
85.909 85.997 86.081
85.834 85.916 86.005
85.859 85.963 86.060
85.961 86.028 86.075
85.854 86.137 86.475
85.971 86.001 86.046
85.958 86.012 86.081
86.059 86.203 86.385
85.903 86.000 86.192
85.939 85.988 86.045
85.970 86.014 86.047
85.888 85.934 86.006
85.860 85.981 86.051
86.000 86.056 86.106
85.913 85.983 86.029
85.970 86.030 86.048
85.890 85.935 86.044
85.847 85.970 86.044
86.039 86.084 86.235
85.945 86.022 86.051
85.871 85.997 86.113
86.009 86.051 86.084
85.940 86.068 86.310
85.916 85.986 86.043
86.001 86.134 86.386
85.891 86.012 86.093
85.873 85.916 85.970
85.947 85.999 86.058
85.837 85.946 86.008
85.890 85.976 86.058
85.984 86.028 86.053
85.873 85.964 86.075
85.835 85.994 86.055
85.989 86.024 86.056
85.950 86.027 86.058
85.996 86.038 86.088
86.013 86.039 86.056
85.880 85.974 86.034
85.860 85.965 86.028
85.886 85.955 86.013
85.939 86.032 86.090
85.878 85.989 86.066
85.820 85.929 85.980
85.929 86.002 86.029
85.850 85.947 86.013
85.787 85.961 86.047
85.964 86.006 86.071
85.902 85.966 86.006
85.929 86.017 86.107
85.866 85.990 86.067
85.795 85.875 85.962
85.983 86.023 86.061
85.868 86.006 86.062
85.945 86.035 86.065
85.954 86.013 86.127
85.930 85.983 86.029
85.977 86.023 86.048
85.877 85.995 86.059
85.871 85.966 86.057
85.933 85.993 86.068
85.899 85.987 86.033
85.974 86.007 86.052
85.813 85.907 85.945
85.860 85.957 86.059
85.903 85.960 86.026
85.812 85.933 86.013
85.920 85.983 86.048
85.901 85.980 86.073
85.875 85.954 86.035
85.909 85.960 86.056
85.921 86.021 86.137
85.897 85.930 85.999
85.948 86.037 86.090
85.901 85.980 86.063
85.830 85.937 85.995
85.881 85.955 86.052
85.863 85.971 86.032
85.895 85.977 86.042
85.931 86.006 86.079
85.866 85.979 86.031
85.833 85.965 86.042
85.954 86.005 86.059
85.871 85.974 86.035
85.892 85.964 86.125
85.956 86.041 86.075
85.918 85.985 86.030
85.866 85.982 86.067
85.893 85.996 86.059
85.880 85.943 86.033
85.948 86.007 86.060
85.876 85.978 86.059
85.914 85.984 86.046
85.952 86.000 86.080
85.884 85.947 86.005
85.943 86.009 86.080
85.916 86.001 86.083
85.949 86.047 86.158
85.906 86.025 86.064
85.911 85.970 86.058
85.866 85.974 86.022
85.885 85.952 86.057
85.927 85.966 86.018
85.874 85.935 86.003
85.858 85.975 86.046
85.882 85.926 86.006
85.966 85.993 86.014
85.846 85.979 86.096
85.942 85.996 86.064
85.941 86.002 86.071
85.942 86.029 86.076
85.887 85.965 86.039
85.956 86.010 86.067
85.894 85.971 86.034
85.834 85.973 86.049
85.960 85.990 86.049
85.949 85.964 85.978
85.812 85.935 86.032
85.921 86.005 86.068
85.928 85.982 86.021
85.861 85.955 86.027
85.942 85.985 86.017
85.931 85.983 86.031
85.892 85.974 86.055
85.882 85.947 86.024
85.843 85.912 86.028
85.891 85.980 86.041
85.942 85.986 86.031
85.894 85.949 86.014
85.837 85.973 86.047
85.891 86.006 86.045
85.950 86.018 86.073
85.993 86.009 86.029
85.903 85.980 86.049
86.023 86.035 86.049
85.950 86.024 86.095
85.903 85.943 86.014
85.836 85.940 86.019
85.919 86.042 86.095
85.916 85.969 85.989
85.903 86.002 86.091
85.853 85.984 86.057
85.957 86.000 86.051
85.934 85.997 86.047
85.881 85.960 86.048
85.842 85.963 86.060
85.785 85.915 85.986
85.986 86.030 86.111
85.928 86.023 86.103
85.878 85.975 86.038
85.962 85.987 86.008
85.978 86.009 86.028
85.948 86.028 86.071
85.875 85.965 86.017
85.955 86.013 86.081
85.897 85.937 86.017
85.959 85.996 86.044
85.992 86.007 86.038
86.019 86.031 86.044
85.976 86.008 86.040
85.975 86.021 86.073
85.873 86.005 86.065
85.890 85.984 86.102
85.891 85.978 86.073
85.994 86.020 86.054
85.945 86.014 86.087
85.907 85.933 85.973
85.848 85.927 86.011
85.926 86.007 86.081
85.845 85.977 86.049
85.894 86.006 86.070
85.811 85.953 86.010
85.912 86.009 86.116
85.901 85.959 86.047
85.905 85.989 86.058
85.928 85.995 86.050
85.899 85.982 86.021
85.816 85.953 86.068
85.859 85.973 86.077
85.913 85.972 86.034
85.937 86.000 86.077
85.848 85.936 86.033
85.865 85.970 86.026
85.933 85.980 86.043
85.918 85.972 86.029
85.910 85.965 86.004
85.960 86.020 86.050
85.981 86.007 86.060
85.885 85.961 86.025
85.973 86.052 86.158
85.861 85.979 86.069
85.928 85.973 86.034
85.894 85.978 86.024
85.927 85.994 86.047
85.829 85.945 86.046
85.817 85.968 86.054
85.808 85.936 86.054
85.870 85.968 86.055
85.929 86.042 86.123
85.973 86.003 86.022
85.896 85.981 86.120
85.933 85.977 86.024
85.837 85.993 86.109
85.908 85.960 86.030
85.783 85.889 85.974
85.921 85.978 86.102
85.922 85.976 86.112
85.885 85.996 86.089
85.837 85.961 86.037
86.006 86.034 86.058
85.956 86.095 86.516
85.951 85.985 86.025
85.988 86.031 86.062
85.892 85.950 86.019
85.978 86.006 86.060
85.846 85.955 86.039
85.894 85.965 86.063
85.839 85.928 86.001
85.912 85.974 86.049
85.837 85.968 86.020
85.787 85.946 86.042
85.896 85.944 86.029
85.798 85.887 85.955
85.964 85.998 86.051
85.807 85.973 86.033
85.916 85.956 85.989
85.986 86.008 86.030
85.931 86.004 86.042
85.932 86.006 86.037
85.847 85.909 86.058
85.864 85.934 85.990
85.985 86.029 86.053
85.839 85.984 86.026
85.947 85.991 86.036
85.791 85.892 85.930
85.908 85.975 86.049
85.895 85.978 86.037
85.939 86.004 86.033
85.938 85.993 86.033
85.873 85.953 86.028
85.879 85.956 86.034
85.927 85.970 86.003
85.959 86.096 86.401
85.941 86.020 86.081
85.979 86.023 86.067
85.934 85.988 86.028
85.995 86.009 86.021
85.800 85.931 86.027
85.955 86.001 86.041
85.897 85.986 86.028
85.989 86.032 86.079
85.918 85.963 86.006
85.881 85.961 86.079
85.994 86.027 86.056
85.825 85.908 85.978
85.847 85.976 86.058
85.841 85.960 86.046
85.848 85.912 86.021
85.967 86.014 86.038
85.940 85.987 86.018
85.861 85.975 86.041
85.804 85.914 85.997
85.972 86.002 86.027
85.955 86.008 86.094
85.977 86.014 86.054
85.864 85.934 85.970
85.975 86.004 86.036
85.924 85.995 86.057
86.020 86.031 86.055
85.870 85.989 86.070
85.790 85.938 86.027
85.868 85.956 86.055
85.977 86.022 86.071
85.831 85.991 86.282
85.914 85.962 85.994
85.897 85.950 86.048
85.962 85.987 86.057
85.937 85.990 86.026
85.848 85.994 86.082
85.817 85.927 85.988
85.887 85.936 86.011
85.936 85.973 86.011
85.989 86.029 86.102
85.904 85.977 86.040
85.956 85.992 86.042
85.958 86.003 86.046
85.853 85.949 86.006
85.851 85.924 86.005
85.824 85.966 86.066
85.956 85.998 86.027
85.984 86.005 86.054
85.893 85.952 86.011
85.837 85.916 85.957
85.948 85.983 86.049
85.903 85.973 86.030
85.914 85.976 86.019
85.874 86.023 86.145
85.862 86.009 86.252
85.885 85.978 86.034
85.911 85.994 86.092
85.878 85.963 86.011
85.904 85.993 86.072
85.858 85.968 86.043
85.849 85.904 86.011
85.898 85.985 86.059
85.842 85.986 86.078
85.981 86.026 86.092
85.846 85.941 85.992
85.907 85.959 85.999
85.830 85.949 86.062
85.968 86.025 86.056
85.917 85.984 86.030
85.883 85.950 86.045
85.910 85.947 85.986
85.892 85.993 86.070
85.926 85.967 86.038
85.849 85.968 86.071
85.976 86.017 86.073
85.992 86.020 86.044
85.957 86.008 86.077
85.925 85.979 86.014
85.937 85.995 86.039
85.933 85.951 85.986
85.878 85.990 86.038
85.856 85.962 86.061
85.935 85.982 86.067
85.889 85.934 86.001
85.830 85.943 86.038
85.759 85.952 86.015
85.930 85.976 86.019
85.930 86.001 86.063
85.942 85.979 86.022
85.913 85.951 85.998
85.882 86.000 86.096
85.899 85.981 86.041
85.953 86.002 86.072
85.916 85.971 86.037
85.801 85.935 86.025
85.901 85.957 86.021
85.828 85.957 86.049
85.810 85.910 86.051
85.843 85.952 86.030
85.941 86.004 86.071
85.885 85.989 86.054
85.903 85.962 86.031
85.946 86.004 86.036
85.872 85.967 86.080
85.913 85.980 86.078
