194.504 194.634 195.051
194.585 194.732 194.971
194.642 194.875 195.482
194.549 194.724 195.010
194.684 194.799 194.988
194.470 194.760 194.979
194.499 194.755 194.957
194.560 194.709 194.982
194.625 194.756 194.898
194.607 194.846 195.015
194.684 194.835 195.146
194.558 194.858 195.157
194.741 195.075 195.482
194.605 194.781 195.160
194.684 194.768 194.826
194.684 194.970 195.330
194.655 194.818 194.938
194.911 195.060 195.378
194.673 194.944 195.226
194.709 194.922 195.200
194.586 194.798 195.222
194.554 194.736 194.956
194.579 194.856 195.302
194.573 194.876 195.142
194.629 194.827 195.160
194.475 194.688 195.160
194.671 194.784 195.022
194.561 194.766 195.124
194.716 195.048 195.478
194.514 194.674 194.764
194.578 194.718 194.904
194.548 194.727 195.144
194.824 195.018 195.228
194.546 194.747 194.951
194.615 194.787 195.082
194.800 194.884 194.983
194.504 194.949 195.331
194.700 194.874 195.198
194.477 194.741 195.112
194.670 194.914 195.217
194.705 194.818 194.935
194.569 195.018 195.921
194.521 194.788 194.987
194.725 194.824 194.959
194.631 195.006 195.257
194.614 194.842 195.179
194.642 194.964 195.293
194.637 195.002 195.436
194.701 194.994 195.294
194.588 194.889 195.207
194.530 194.857 195.415
194.666 194.882 195.138
194.719 195.100 195.844
194.604 195.030 195.335
194.563 194.884 195.078
194.663 195.129 195.778
194.616 194.825 195.221
194.791 195.113 195.252
194.641 194.800 194.964
194.620 194.938 195.468
194.867 195.081 195.234
194.608 194.819 195.096
194.676 194.943 195.205
194.639 194.989 195.215
194.701 194.934 195.071
194.804 195.182 195.611
194.818 194.989 195.192
194.677 194.994 195.330
194.546 195.154 195.739
194.712 195.039 195.434
194.602 194.850 195.127
194.659 195.011 195.640
194.782 195.089 195.452
194.783 195.133 195.648
194.653 195.087 195.522
194.531 195.014 195.414
194.655 195.020 195.409
194.708 194.911 195.141
194.771 195.368 197.018
194.690 195.090 195.674
194.783 195.108 195.661
194.903 195.140 195.327
195.048 195.165 195.357
194.584 194.923 195.114
194.629 194.912 195.121
194.910 195.315 195.621
194.709 195.126 195.962
195.030 195.274 195.599
195.043 195.640 196.306
194.764 195.014 195.288
194.672 195.051 195.672
195.022 195.235 195.490
194.668 194.925 195.132
194.775 194.959 195.182
194.789 195.090 195.814
194.715 195.068 195.275
195.167 195.227 195.339
194.580 195.231 195.911
194.900 195.433 195.928
194.891 195.171 195.659
194.719 195.171 195.501
194.945 195.201 195.969
194.773 195.089 195.657
194.875 195.219 195.534
194.973 195.379 196.230
195.206 195.316 195.599
194.928 195.319 196.308
194.894 195.170 195.354
194.781 195.186 195.638
194.791 195.455 197.266
194.687 195.074 195.383
194.746 195.083 195.819
194.679 195.078 195.675
194.934 195.437 196.097
194.793 194.928 195.065
194.814 195.003 195.372
194.864 195.384 196.645
194.990 195.246 195.769
194.979 195.128 195.266
195.085 195.363 195.783
194.853 195.153 195.341
194.746 195.538 196.420
194.768 195.116 195.500
194.958 195.262 195.589
194.699 195.143 195.439
195.146 195.371 195.816
194.844 195.354 196.493
194.758 195.363 195.813
194.752 195.000 195.315
194.697 195.135 195.687
194.874 194.956 195.050
194.728 195.169 195.427
194.947 195.304 195.457
195.026 195.279 195.500
195.184 195.315 195.471
194.871 195.168 195.948
195.163 195.211 195.303
194.857 195.184 195.555
194.818 195.197 195.485
195.114 195.328 195.701
194.800 195.180 195.438
194.765 195.104 195.550
194.940 195.324 195.779
194.880 195.329 195.609
195.103 195.303 195.585
194.844 194.967 195.083
194.656 195.497 196.235
195.173 195.413 195.854
194.909 195.180 195.629
194.931 195.196 195.408
194.814 195.281 196.008
194.949 195.394 195.618
194.678 195.321 196.181
195.020 195.536 196.519
194.822 195.276 196.119
194.891 195.092 195.233
194.719 195.201 195.457
195.002 195.534 196.453
194.916 195.327 196.107
194.719 195.171 195.380
194.668 195.182 196.185
194.883 195.670 197.244
194.891 195.210 195.542
194.726 195.129 195.616
194.973 195.225 195.848
195.146 195.445 196.022
194.897 195.107 195.531
194.865 195.317 196.160
194.959 195.137 195.527
195.005 195.284 195.725
194.639 195.210 195.525
195.057 195.366 195.660
194.870 195.027 195.231
194.805 195.637 196.619
194.690 195.050 195.363
195.026 195.594 196.228
195.120 195.328 195.853
194.842 195.125 195.308
195.144 195.488 195.841
194.887 195.179 195.472
195.309 195.500 195.750
194.938 195.238 195.824
195.001 195.292 195.651
194.780 195.195 195.498
194.661 195.224 195.525
195.184 195.342 195.879
194.838 195.314 196.130
194.900 195.392 195.893
194.737 195.124 195.335
195.258 195.402 195.663
194.732 195.251 195.952
194.982 195.259 195.597
194.956 195.237 195.659
194.860 194.980 195.318
194.741 195.039 195.388
194.948 195.089 195.218
194.975 195.379 195.610
195.079 195.509 195.750
194.983 195.275 195.638
195.095 195.374 195.600
194.592 194.954 195.376
194.984 195.360 196.050
195.110 195.367 195.868
195.091 195.261 195.564
194.806 195.260 195.644
194.793 195.294 195.648
194.956 195.699 196.889
195.052 195.362 195.877
194.783 195.081 195.355
194.945 195.346 195.800
194.768 194.964 195.109
194.926 195.330 196.023
194.791 195.292 195.919
194.929 195.294 195.767
194.804 195.024 195.420
194.937 195.264 195.592
194.887 195.168 195.638
194.839 195.146 195.833
194.788 195.290 195.784
194.735 195.179 196.144
194.979 195.601 196.208
194.907 195.181 195.524
194.944 195.475 196.024
194.641 195.232 195.766
194.998 195.147 195.349
194.806 195.226 195.531
194.949 195.558 196.305
194.807 195.113 195.491
195.171 196.990 202.750
195.010 195.464 196.035
195.015 195.439 195.967
195.183 195.565 196.191
194.978 195.434 196.121
194.707 195.196 195.824
195.251 195.735 196.474
195.138 195.347 195.947
194.922 195.411 195.760
195.492 195.980 196.436
194.972 195.284 195.645
194.943 195.482 195.825
194.721 195.485 196.102
194.642 195.197 195.584
194.874 195.241 195.487
195.260 195.633 196.570
195.251 195.724 196.315
194.889 195.471 196.287
195.314 195.516 195.759
195.110 195.427 195.938
195.194 195.950 196.829
195.115 195.481 195.998
195.068 195.450 195.938
195.167 195.465 195.869
195.566 195.887 196.213
194.936 195.388 195.748
195.099 195.413 196.090
194.755 195.275 196.181
194.702 197.047 203.369
195.001 195.733 196.846
195.120 195.499 196.324
195.108 195.414 195.940
195.205 195.912 196.280
194.772 197.138 203.812
195.069 195.540 196.097
195.099 195.331 195.607
195.091 195.527 195.981
194.992 195.274 195.966
194.918 195.184 195.472
194.794 195.088 195.310
194.785 195.173 195.775
195.250 195.558 196.393
194.792 195.262 196.001
194.985 195.245 195.817
194.796 195.454 196.486
195.203 195.612 196.066
194.922 195.504 196.264
195.164 195.581 196.239
195.180 195.435 195.857
194.916 195.315 196.148
195.276 195.501 195.803
195.745 196.062 196.501
195.169 195.465 195.756
194.989 195.557 196.398
194.991 195.443 195.982
194.896 195.367 196.051
194.934 195.597 196.296
195.001 195.393 195.907
194.899 195.476 195.949
195.079 195.464 195.807
195.021 195.165 195.364
195.049 195.260 195.677
194.850 195.261 195.518
194.804 195.348 195.899
194.957 195.673 196.570
195.134 195.668 196.379
194.957 195.668 196.209
195.091 195.368 195.833
195.403 195.692 196.132
195.172 195.702 196.031
195.010 195.987 196.635
195.064 195.629 196.191
194.798 195.230 195.748
194.968 195.232 195.675
194.960 195.307 195.683
195.196 195.854 196.247
195.293 195.447 195.724
194.602 195.124 195.352
195.104 195.384 195.810
195.015 195.386 195.616
195.105 195.635 196.436
194.571 195.392 195.680
195.096 195.736 197.621
195.005 195.305 195.957
195.084 195.624 196.125
194.632 195.318 195.645
195.171 195.628 196.919
194.792 195.292 196.229
194.953 195.259 195.405
194.572 194.999 195.237
195.233 195.569 195.998
195.124 195.509 196.012
195.109 195.245 195.462
194.820 195.143 195.338
194.988 195.528 196.028
195.050 195.707 196.904
195.195 195.520 195.927
195.088 195.886 196.625
194.899 195.355 195.873
194.932 195.403 196.106
194.879 195.234 195.699
194.667 195.342 196.200
195.180 196.229 199.882
194.845 195.190 195.457
195.177 195.287 195.449
195.086 195.337 195.591
194.897 195.348 195.634
195.214 195.554 196.393
194.871 195.212 195.807
195.247 195.437 195.633
195.097 195.510 196.060
195.008 195.360 195.604
194.781 195.667 197.109
195.154 195.344 195.695
194.850 195.307 195.615
195.129 195.382 195.695
195.148 195.553 196.494
195.012 195.502 195.868
194.767 195.394 195.978
194.803 195.322 196.320
194.982 195.420 195.868
194.911 195.460 196.072
195.240 196.011 196.612
195.001 195.314 195.616
195.113 195.412 195.944
194.889 195.134 195.504
195.192 195.493 195.810
195.075 195.521 196.082
195.219 195.904 197.043
194.777 195.357 195.765
195.276 195.788 196.337
194.922 195.273 196.451
195.098 195.532 196.082
194.840 195.287 195.914
195.359 195.667 196.029
195.172 195.416 195.627
194.628 195.478 196.340
195.139 195.655 196.502
195.130 195.427 195.648
194.996 195.601 197.414
195.044 195.771 196.018
195.211 195.422 195.655
195.069 195.833 196.960
195.017 195.632 195.934
194.696 195.298 196.139
194.876 195.465 196.035
194.751 195.559 196.207
194.981 195.688 196.723
195.410 195.538 195.725
195.025 195.672 196.295
194.953 195.238 195.817
195.549 195.625 195.690
194.696 195.305 196.671
195.065 195.486 196.047
194.934 195.263 196.342
195.009 195.564 196.577
194.945 195.408 195.882
194.944 195.629 196.373
195.103 195.528 195.856
196.001 196.078 196.192
194.924 195.378 196.115
195.038 195.500 196.193
194.963 195.501 196.260
195.070 195.304 195.509
195.041 195.492 196.094
194.992 195.718 197.352
194.773 195.256 196.051
195.046 195.277 195.570
194.938 195.963 198.787
194.886 195.144 195.467
194.645 195.437 196.057
194.635 195.293 196.122
195.357 195.544 196.043
194.634 195.055 195.688
194.641 194.953 195.479
195.003 195.048 195.076
195.024 195.181 195.445
194.848 195.546 196.397
194.933 195.175 195.412
194.855 195.022 195.138
194.754 195.563 196.325
195.016 195.384 195.934
194.651 195.164 195.574
194.809 195.369 196.318
195.080 195.356 196.214
194.870 195.346 196.304
194.738 195.412 196.058
194.718 195.309 195.917
195.296 195.654 196.065
194.731 195.216 195.815
194.996 195.392 196.273
194.895 195.752 196.784
194.505 194.961 195.650
194.922 195.081 195.505
194.938 195.389 196.273
194.938 195.253 195.818
194.862 195.021 195.191
194.980 195.427 196.358
194.961 195.207 195.857
194.847 195.279 195.796
194.755 195.148 195.431
194.943 195.173 195.326
194.726 195.366 196.289
194.675 195.072 195.503
195.050 195.445 196.011
194.963 195.288 195.931
195.033 195.227 195.534
194.759 195.181 195.643
195.059 195.219 195.555
194.695 195.097 196.037
194.752 195.271 195.821
195.310 195.468 195.618
195.088 195.226 195.518
194.829 195.292 195.854
194.736 195.246 195.612
195.115 195.528 195.912
195.105 195.379 195.841
194.640 195.505 196.853
194.613 194.990 195.416
194.671 195.082 195.321
195.001 195.520 196.518
194.854 195.209 195.492
195.111 195.652 196.076
194.854 195.281 196.071
195.204 195.385 195.535
194.944 195.410 196.574
194.927 195.169 195.504
194.660 195.226 195.964
194.827 195.302 196.235
194.687 195.211 195.509
195.030 195.190 195.351
194.870 195.211 195.859
194.894 195.185 195.469
194.917 195.029 195.245
194.840 195.053 195.271
194.984 195.283 195.576
194.799 195.099 195.542
194.801 195.008 195.239
195.162 195.260 195.414
194.907 195.266 195.589
194.900 195.227 195.665
194.805 195.093 195.388
195.242 195.517 195.907
194.525 195.411 196.308
194.730 195.283 195.909
194.748 195.036 195.386
194.735 195.011 195.180
194.735 195.211 195.976
194.728 195.296 195.926
195.153 195.194 195.276
194.918 195.318 196.202
194.673 195.489 196.199
194.690 195.083 195.436
194.768 195.005 195.146
195.285 195.548 196.253
194.924 195.246 195.611
194.865 195.191 195.837
194.876 195.152 195.483
194.656 195.067 195.453
194.909 195.248 195.824
195.275 195.628 195.928
194.779 195.152 195.591
194.772 195.118 195.360
194.829 195.212 195.620
194.951 195.288 195.831
194.690 194.943 195.179
194.754 194.994 195.276
194.648 195.516 196.932
194.953 195.253 195.456
194.867 195.208 195.518
195.007 195.499 195.904
194.827 195.011 195.277
194.955 195.416 196.247
194.859 195.339 195.925
194.870 195.298 196.094
195.068 195.223 195.561
195.217 195.460 195.901
194.668 195.015 195.259
194.700 195.253 195.925
194.902 195.370 196.294
194.820 195.011 195.159
194.807 195.112 195.365
194.959 195.552 197.066
194.896 195.054 195.309
194.884 195.120 195.368
194.990 195.230 195.700
194.906 195.714 196.664
194.647 195.105 195.757
194.979 195.478 196.181
195.036 195.335 195.750
195.074 195.318 195.781
194.934 195.263 195.830
194.860 195.110 195.227
194.906 195.283 195.576
195.074 195.329 195.640
194.774 195.002 195.377
194.940 195.429 196.654
195.022 195.469 195.835
194.674 195.089 195.408
195.053 195.385 196.159
195.318 195.574 195.928
194.917 195.244 195.431
194.753 195.362 196.614
194.896 195.337 195.639
194.815 195.069 195.378
194.867 195.452 196.063
194.862 195.456 196.260
195.159 195.454 195.959
195.043 195.277 195.779
194.920 195.201 195.608
194.948 195.600 196.684
194.987 195.136 195.440
194.833 195.185 195.671
194.757 195.126 195.458
195.023 195.271 195.494
194.811 195.322 195.810
194.770 195.133 195.992
194.654 194.979 195.515
194.899 195.039 195.184
194.633 196.261 198.816
194.885 195.244 196.212
194.941 195.452 195.754
194.853 195.719 196.938
194.752 195.569 196.269
194.867 195.454 196.323
194.874 195.232 195.903
194.821 195.318 195.882
194.452 195.469 197.274
194.855 195.100 195.570
194.897 195.503 195.987
194.655 194.945 195.443
194.688 195.019 195.427
194.987 195.223 195.580
194.622 195.558 196.341
195.165 195.463 195.638
195.151 195.386 195.706
194.791 195.286 196.265
194.875 195.525 195.761
194.895 195.148 195.616
194.797 195.198 196.007
195.080 195.287 195.620
194.801 195.131 195.537
194.778 195.497 196.927
194.669 195.116 195.931
194.843 195.415 196.176
195.061 195.422 195.778
194.804 195.111 195.330
195.015 195.347 195.853
194.768 195.188 195.841
195.147 195.693 196.363
194.898 195.436 196.367
194.803 195.300 196.068
194.644 195.526 197.075
0 0 0
0 0 0
0 0 0
0 0 0
0 0 0
0 0 0
0 0 0
194.619 194.938 195.169
194.659 194.892 195.176
194.662 195.135 195.569
194.665 194.974 195.246
194.652 195.145 196.188
194.642 194.952 195.297
194.498 194.939 195.452
194.871 195.161 195.597
194.495 194.684 195.032
194.726 194.907 195.110
195.287 195.584 196.225
194.694 195.026 195.296
194.567 195.056 196.026
194.718 195.101 195.276
194.874 195.307 196.180
194.661 195.050 195.545
194.884 195.231 195.882
194.642 195.164 195.805
194.775 195.129 195.989
194.714 195.591 196.709
194.414 194.867 195.415
194.607 194.885 195.151
194.620 195.258 196.607
194.601 195.149 196.235
194.841 195.072 195.250
194.888 195.255 195.651
194.685 195.200 196.130
194.703 195.050 195.502
195.044 195.311 195.577
194.841 195.114 195.371
194.630 195.015 195.419
194.488 194.824 195.295
194.698 195.103 195.809
194.836 195.178 195.628
194.687 194.885 195.061
194.901 195.187 195.358
194.772 195.125 195.761
194.876 195.441 196.425
194.732 195.147 195.435
194.569 194.886 195.260
194.996 195.429 196.061
194.554 194.810 194.983
194.478 195.367 196.541
194.794 194.991 195.452
194.600 194.764 194.878
195.038 195.296 195.461
194.592 194.832 195.028
194.518 195.172 196.233
194.658 194.994 195.290
194.616 194.738 195.067
194.785 194.945 195.212
194.706 195.193 195.810
194.619 195.029 195.302
194.706 195.144 195.850
194.756 194.928 195.099
194.770 195.047 195.478
194.704 194.948 195.157
194.642 194.977 195.360
194.654 194.947 195.399
194.607 194.942 195.265
194.610 194.901 195.163
194.699 195.074 195.937
194.790 195.013 195.391
194.855 195.238 195.709
194.579 194.929 195.219
194.761 195.125 196.091
194.493 195.835 198.127
194.534 195.182 195.848
194.710 194.971 195.557
194.750 195.261 196.294
194.555 195.106 195.468
194.808 194.878 195.056
194.734 195.054 195.332
194.826 195.151 195.457
194.809 195.103 195.456
194.802 195.072 195.549
194.703 195.312 197.382
194.621 195.138 195.579
194.726 195.054 195.549
194.686 194.873 195.391
194.664 194.958 195.244
194.939 195.126 195.243
194.566 194.896 195.186
194.832 194.956 195.121
194.560 194.880 195.141
194.652 194.846 195.070
194.548 194.998 195.601
194.978 195.080 195.172
194.743 195.015 195.334
194.638 195.012 195.332
194.599 194.944 195.989
194.576 194.791 194.944
194.599 194.922 195.393
194.656 194.973 195.295
194.720 195.055 195.331
194.806 195.101 195.561
194.731 194.949 195.123
194.758 194.872 195.186
194.643 195.407 197.211
194.681 194.859 195.005
194.619 194.874 195.150
194.498 194.783 195.026
194.644 194.809 194.991
194.788 194.873 194.931
194.634 195.160 196.159
194.556 194.749 195.055
194.648 194.939 195.330
194.839 194.975 195.326
194.652 195.087 195.448
194.515 195.004 196.025
194.619 194.784 195.117
194.662 194.761 194.971
194.651 195.293 196.501
194.588 194.825 194.990
194.514 194.735 194.943
194.825 194.875 194.922
194.583 194.973 195.384
194.624 194.844 195.185
194.732 195.047 195.250
194.584 194.797 195.003
194.810 194.982 195.300
194.459 194.786 195.087
194.560 194.905 195.343
194.455 194.940 195.599
194.718 194.873 195.178
194.681 195.465 198.151
194.800 195.189 195.712
194.565 194.995 195.429
194.651 194.778 194.918
194.745 194.971 195.119
194.589 194.950 195.520
194.689 194.904 195.342
194.604 194.912 195.160
194.774 194.927 195.293
194.655 195.131 196.169
194.733 194.875 195.037
194.564 194.650 194.738
194.767 195.028 195.223
194.646 194.918 195.213
194.629 194.760 194.930
194.588 194.915 195.108
194.618 194.867 195.495
194.560 194.807 195.330
194.785 194.990 195.129
194.581 194.821 195.064
194.638 194.781 195.198
194.673 194.971 195.274
194.557 194.699 194.862
194.497 194.692 194.960
194.597 194.815 195.017
194.601 194.874 195.174
194.654 194.769 194.881
194.498 194.918 195.073
194.619 194.751 194.817
194.687 194.984 195.291
194.613 194.677 194.745
194.811 195.023 195.177
194.798 195.102 195.464
194.634 194.767 194.882
194.596 194.693 194.932
194.500 194.736 195.082
194.452 194.753 195.409
194.714 194.869 194.957
194.613 194.729 194.899
194.803 195.299 196.943
194.721 194.920 195.155
194.786 194.874 194.953
194.722 195.162 195.937
194.480 194.864 195.081
194.872 194.920 194.991
194.622 194.866 195.047
194.698 195.002 195.547
194.682 194.890 195.399
194.558 194.941 195.272
194.604 194.745 195.093
194.641 194.737 194.941
194.524 195.294 197.286
194.505 194.851 195.571
194.662 194.961 195.284
194.514 194.767 195.370
194.527 194.769 194.950
194.557 194.728 195.069
194.555 195.948 201.024
194.599 194.826 195.048
194.668 194.929 195.513
194.778 194.968 195.496
194.679 194.801 195.034
194.678 195.048 196.062
194.640 194.713 194.812
194.549 194.763 194.916
194.690 194.828 194.928
194.508 194.814 195.139
194.683 194.830 194.900
194.592 194.784 195.000
194.621 194.931 195.826
194.610 194.865 195.173
194.654 194.851 195.092
194.577 195.090 195.474
194.575 194.820 195.220
194.633 194.864 195.122
194.680 194.850 195.113
194.660 194.890 195.270
194.560 194.960 195.543
194.678 194.790 194.948
194.513 194.623 194.925
194.612 194.819 195.091
194.496 194.709 194.837
194.482 194.826 195.170
194.524 194.650 194.782
194.463 194.643 194.875
194.699 194.838 195.066
194.590 194.810 195.045
194.600 194.813 195.159
194.578 194.744 195.109
194.714 194.862 195.010
194.538 194.771 195.237
194.520 194.772 195.116
194.545 194.812 195.094
194.517 194.975 195.775
194.467 194.709 194.979
194.552 196.807 205.045
194.594 194.843 195.129
194.776 195.013 195.434
194.619 194.745 194.983
194.531 194.818 195.288
194.634 194.734 194.889
194.541 194.791 195.018
194.529 194.737 194.884
194.616 194.755 194.835
194.613 194.848 195.047
194.690 194.922 195.114
194.554 194.767 195.012
194.571 194.787 195.007
194.517 194.651 194.806
194.799 194.912 195.025
194.738 194.968 195.340
194.574 194.805 195.137
194.786 194.978 195.211
194.575 194.815 195.131
194.471 194.959 196.135
194.600 194.841 195.053
194.640 194.831 195.082
194.555 194.764 195.194
194.482 194.794 194.965
194.565 194.704 194.884
194.624 194.849 195.064
194.779 194.951 195.128
194.625 194.690 194.821
194.614 194.762 194.903
194.675 194.848 195.064
194.534 194.756 195.107
194.522 194.700 194.862
194.588 194.954 195.354
194.565 194.758 194.922
194.569 194.744 194.938
194.645 194.747 194.870
194.587 194.805 195.030
194.546 194.691 195.062
194.641 194.798 194.992
194.720 194.867 195.009
194.655 194.848 195.044
194.537 194.844 195.205
194.608 194.823 195.152
194.593 194.817 195.165
194.628 194.905 195.144
194.634 194.881 195.406
194.704 194.827 195.141
194.616 194.788 195.135
194.593 194.794 195.148
194.552 194.704 194.993
194.628 194.833 195.153
194.571 194.639 194.838
194.619 194.772 194.830
194.529 194.689 194.797
194.467 194.700 194.923
194.650 194.821 195.263
194.540 194.740 194.990
194.607 194.931 195.174
194.550 194.841 195.228
194.614 194.802 195.117
194.524 194.789 195.323
194.543 194.717 194.877
194.533 194.724 195.004
194.519 194.654 194.791
194.543 194.644 194.794
194.535 194.757 195.094
194.662 194.727 194.845
194.640 194.671 194.693
194.547 194.900 195.318
194.516 194.915 195.277
194.564 194.760 195.101
194.456 194.805 195.000
194.708 194.797 194.970
194.667 194.838 195.169
194.578 194.926 195.259
194.790 195.065 195.307
194.554 194.871 195.250
194.722 195.171 195.739
194.614 194.887 195.222
194.617 194.856 195.180
194.551 194.963 195.426
194.526 194.734 194.943
194.602 194.896 195.334
194.627 194.715 194.794
194.588 194.853 195.204
194.785 194.827 194.931
194.529 195.097 195.605
194.710 194.934 195.316
194.612 194.861 195.270
194.786 195.019 195.447
194.823 194.985 195.204
194.768 194.947 195.141
194.648 194.859 195.022
194.797 194.930 195.073
194.648 194.818 195.017
194.817 194.944 195.132
194.689 194.894 195.050
194.677 194.868 195.517
194.561 194.782 195.110
194.937 195.131 195.249
194.614 194.967 196.031
194.781 195.266 196.513
194.645 194.834 195.038
194.819 194.878 194.988
194.675 194.846 195.078
194.661 194.913 195.153
194.606 194.994 195.605
194.598 195.202 195.998
194.555 194.901 195.397
194.887 195.183 195.819
194.626 194.896 195.328
194.903 195.131 195.274
194.721 194.985 195.235
194.652 194.991 195.194
194.692 194.897 195.189
194.940 195.269 195.613
194.938 195.270 196.017
194.642 194.891 195.120
194.733 195.064 195.400
194.679 195.154 195.653
194.726 195.092 195.456
194.828 195.301 196.018
194.845 195.029 195.230
194.655 194.936 195.227
194.860 195.110 195.456
194.658 195.213 196.116
194.785 194.945 195.204
194.670 195.184 195.715
194.622 195.090 195.472
194.794 194.974 195.180
194.906 195.228 195.575
194.718 194.939 195.104
194.724 195.108 195.397
194.917 195.175 195.597
194.735 194.981 195.273
194.641 194.880 195.228
194.733 195.101 195.548
195.004 195.297 195.746
194.699 195.064 195.384
194.892 195.304 195.922
194.841 195.066 195.381
194.810 195.382 196.102
194.741 195.089 195.365
194.816 195.413 196.547
194.802 194.964 195.112
194.778 195.238 195.771
194.586 194.946 195.387
194.559 194.980 195.602
194.787 195.228 195.860
194.966 195.201 195.414
194.509 195.090 195.649
194.685 195.058 195.265
194.807 195.084 195.406
195.094 195.286 195.499
194.701 195.132 195.395
194.783 195.269 196.086
194.659 195.092 195.975
195.057 195.341 195.469
194.679 195.038 195.345
194.886 195.283 196.259
194.626 195.305 196.487
194.931 195.089 195.297
194.580 195.089 196.052
194.946 195.078 195.284
194.795 195.265 195.636
194.873 195.276 195.658
194.612 194.968 195.292
195.031 195.647 197.447
195.143 195.284 195.529
194.650 195.114 195.792
194.946 195.180 195.433
194.560 195.175 195.540
194.842 195.077 195.435
194.982 195.208 195.520
194.641 195.572 196.861
194.787 195.207 195.655
194.930 195.207 195.426
194.949 195.350 195.777
194.707 195.175 195.424
194.808 195.233 195.548
194.834 195.232 196.203
194.825 195.102 195.560
194.839 195.371 196.174
195.004 195.454 196.312
194.728 195.213 195.654
195.095 195.359 195.587
194.820 195.177 195.809
194.864 195.144 195.538
194.838 195.132 195.480
194.843 195.074 195.368
194.923 195.202 195.573
194.936 195.140 195.451
194.746 195.254 195.906
194.640 195.150 195.651
194.702 195.156 195.665
194.849 194.997 195.357
195.008 195.304 195.547
194.745 195.238 195.847
195.086 195.363 195.936
195.095 195.297 195.521
194.763 195.099 195.579
194.737 195.248 196.014
194.801 195.002 195.232
194.795 195.185 196.129
194.628 195.065 195.275
194.731 195.164 195.598
194.809 195.129 195.293
194.733 195.075 195.433
194.905 195.170 195.726
194.861 195.171 195.411
194.963 195.210 195.384
194.843 195.236 195.815
195.136 195.407 195.711
194.791 195.126 195.587
194.833 195.160 195.639
194.988 195.451 196.514
194.947 195.375 195.900
194.806 195.128 195.668
195.115 195.416 196.002
194.929 195.772 196.631
194.821 194.973 195.095
194.708 196.182 199.745
194.859 195.287 195.696
194.775 195.159 195.349
194.685 195.168 195.828
194.904 195.134 195.458
194.733 195.356 196.160
194.820 195.149 195.461
194.911 195.094 195.236
194.885 195.165 195.343
194.861 195.278 195.807
194.850 195.252 195.819
194.784 195.162 195.636
194.997 195.356 195.919
194.791 195.232 196.093
194.771 195.110 195.477
194.897 195.110 195.234
194.899 195.348 195.875
194.625 195.197 195.490
194.589 195.082 195.437
194.816 195.132 195.470
194.612 195.023 195.542
194.876 195.394 196.452
195.075 195.551 196.186
194.988 195.411 196.623
195.278 195.741 196.184
195.109 195.394 195.581
194.777 195.159 195.686
195.051 195.812 196.466
194.894 195.300 195.776
194.877 195.301 195.625
194.968 196.416 199.190
195.276 195.523 195.858
194.996 195.180 195.474
194.947 195.533 196.144
195.208 195.493 195.932
195.045 195.337 195.541
195.038 195.336 195.637
194.698 195.327 196.065
194.615 195.136 195.573
195.083 195.224 195.441
194.938 195.559 196.631
194.850 195.494 196.571
194.785 195.284 196.114
195.028 195.367 195.979
194.770 195.182 195.544
195.259 195.688 196.419
194.887 195.432 195.842
194.948 195.250 195.408
194.916 195.530 196.863
195.001 195.240 195.519
194.939 195.486 195.727
195.186 195.475 195.737
194.999 195.314 195.688
194.993 195.357 195.627
195.027 195.679 196.683
195.227 195.501 196.271
195.049 195.425 195.938
194.792 195.303 196.137
194.982 195.489 196.034
194.782 195.379 196.046
195.164 195.742 196.816
194.904 195.489 196.128
195.269 195.922 196.468
194.639 195.010 195.435
195.059 195.494 196.091
194.829 195.572 196.359
194.905 195.287 195.730
194.658 195.361 196.199
194.968 195.469 196.217
195.004 195.675 196.624
195.078 195.165 195.366
195.120 195.678 196.939
195.098 195.614 196.000
194.938 195.171 195.788
194.661 195.555 196.211
195.139 195.518 196.128
194.776 195.090 195.355
194.928 195.402 196.083
195.024 195.574 196.362
194.826 195.411 196.101
194.873 195.582 196.331
195.340 196.375 198.506
195.189 195.258 195.362
194.936 195.621 196.405
195.030 195.298 195.746
195.205 195.586 195.905
194.980 195.235 195.540
194.957 195.501 196.288
195.589 196.061 196.521
194.881 195.149 195.481
194.883 195.145 195.367
195.153 195.355 195.630
195.138 195.481 195.853
195.193 195.524 195.915
195.017 195.292 195.966
195.034 195.605 196.259
194.741 195.087 195.459
194.736 195.342 195.873
194.858 195.519 196.183
195.140 195.413 195.725
195.010 195.335 195.572
194.935 195.472 196.253
195.052 195.393 196.011
194.951 195.259 195.428
195.035 195.178 195.270
194.808 195.364 195.852
194.886 195.107 195.233
195.029 195.362 195.875
194.894 195.237 195.681
194.887 195.408 196.107
195.165 195.506 195.779
194.569 195.220 196.209
195.403 195.807 196.341
195.201 195.468 195.794
195.220 195.685 196.085
195.187 195.439 195.818
194.972 195.155 195.270
195.188 195.505 195.778
195.210 195.424 195.696
194.865 195.249 196.172
194.909 195.526 197.775
195.232 195.691 196.045
194.919 195.493 196.267
194.959 195.302 196.036
194.970 195.433 196.296
194.806 195.422 195.985
195.017 195.772 196.638
195.065 195.609 195.998
194.771 195.128 195.458
194.961 195.310 195.879
194.818 195.362 195.768
194.864 195.135 195.696
194.897 195.317 195.739
195.130 195.520 196.229
194.632 195.332 195.807
194.841 195.317 195.829
194.956 195.679 196.775
194.731 195.170 196.001
195.303 195.843 196.243
195.154 195.635 196.159
194.866 195.530 196.173
194.904 195.601 196.448
194.881 195.231 196.029
195.196 195.443 195.697
194.752 195.075 195.443
195.157 195.555 195.991
194.800 195.479 196.162
195.167 195.542 196.161
195.273 195.575 195.925
194.739 195.799 196.370
194.788 195.124 195.295
194.803 195.688 196.919
194.825 195.631 196.277
194.842 195.269 195.570
194.969 195.237 195.537
195.123 195.516 196.000
195.045 195.437 195.771
195.078 195.362 195.917
195.268 195.360 195.449
195.277 195.461 195.957
194.901 195.971 197.293
194.746 195.438 196.247
195.064 195.344 195.676
195.282 195.554 196.106
195.216 195.404 195.969
195.039 195.421 195.882
195.010 195.580 196.394
195.063 195.600 196.354
195.031 195.533 195.859
195.124 195.511 196.193
194.842 195.303 195.601
194.919 195.613 196.086
194.723 195.012 195.231
195.245 195.685 196.594
194.818 195.578 196.057
194.857 195.068 195.203
195.097 195.507 196.357
195.178 195.271 195.422
194.800 195.442 196.508
194.762 195.275 195.973
194.896 195.431 196.425
194.912 195.257 195.457
194.939 195.343 195.633
194.816 195.270 195.464
194.935 195.249 195.445
194.918 195.278 195.809
194.741 195.186 195.710
195.274 195.731 196.288
195.006 195.214 195.669
194.983 195.268 195.588
195.339 195.704 196.230
194.956 195.519 196.064
195.072 195.471 196.176
194.701 195.327 196.197
194.596 195.188 196.234
194.989 195.510 195.923
194.954 195.140 195.335
194.991 195.097 195.186
195.026 195.338 196.217
194.919 195.338 195.928
194.962 195.426 195.929
194.767 195.025 195.182
194.800 195.157 195.431
194.883 195.117 195.470
194.965 195.111 195.259
194.938 195.400 196.057
194.935 195.507 196.135
195.125 195.388 195.823
194.801 195.148 195.721
194.714 194.957 195.315
195.091 196.187 199.535
194.778 195.221 195.760
194.696 195.279 195.804
194.841 195.113 195.403
194.779 195.077 195.474
195.027 195.320 195.969
195.007 195.286 195.633
194.907 195.155 195.460
194.900 195.278 195.686
194.697 195.256 195.772
195.002 195.306 195.814
194.542 194.966 195.436
195.024 195.383 195.981
194.897 195.250 195.416
194.991 195.546 196.718
194.725 194.997 195.389
194.966 195.263 195.591
194.897 195.254 195.480
194.615 194.938 195.211
194.728 195.421 196.051
194.850 195.365 195.864
194.790 195.192 195.904
194.887 195.151 195.357
194.796 195.173 195.698
194.960 195.313 196.098
195.066 195.396 195.699
194.722 195.061 195.302
194.736 195.047 195.315
194.819 195.487 196.102
194.769 195.181 195.741
195.150 195.353 195.700
194.857 195.114 195.384
194.981 195.260 195.940
195.068 195.547 196.114
194.866 195.330 195.523
194.673 194.980 195.314
194.951 195.279 195.785
195.008 195.284 195.970
194.966 195.203 195.394
194.877 196.396 201.298
194.800 195.030 195.234
194.925 195.230 195.511
194.853 195.095 195.596
194.918 195.224 195.762
194.954 195.644 196.517
194.748 195.306 196.365
195.061 195.352 195.613
195.117 195.383 195.837
194.896 195.194 195.330
195.013 195.165 195.524
194.850 195.059 195.301
194.744 195.209 196.194
194.619 195.042 195.304
194.972 195.103 195.293
195.022 195.352 195.631
195.241 195.628 196.790
195.027 195.453 195.888
194.789 194.919 195.132
194.958 195.338 195.769
194.762 195.363 196.216
194.758 195.213 195.899
194.749 195.294 195.876
194.626 195.439 195.902
194.761 195.046 195.650
194.744 195.097 195.327
194.712 194.943 195.118
194.841 194.946 195.091
194.809 195.375 196.216
194.954 195.357 196.206
194.832 195.111 195.656
194.765 195.431 196.349
194.681 194.906 195.233
194.993 195.415 195.921
194.988 195.434 195.898
194.833 195.524 196.601
194.695 194.953 195.220
195.037 195.218 195.624
194.933 195.407 195.791
194.940 195.373 196.050
194.543 195.085 195.693
195.138 195.255 195.483
195.038 195.410 195.792
194.850 195.208 196.033
194.890 195.122 195.263
194.809 195.133 195.438
194.899 195.597 196.194
195.024 195.394 195.884
194.912 195.343 195.644
195.111 195.587 196.571
195.159 195.319 195.517
194.925 195.533 196.017
194.862 195.479 197.033
194.939 195.409 196.048
194.905 195.345 195.995
194.699 195.375 195.819
194.935 195.342 195.614
194.973 195.409 196.369
194.994 195.545 195.968
195.260 195.546 196.194
195.017 195.477 196.209
194.973 195.312 195.740
194.787 194.976 195.203
194.694 195.307 195.844
195.012 195.342 195.656
194.785 195.208 196.044
195.030 195.232 195.655
194.915 195.413 196.242
194.726 194.990 195.252
194.889 195.307 196.041
195.326 195.738 196.043
194.928 195.836 198.280
194.948 195.457 196.056
194.995 195.310 195.881
195.402 195.902 196.368
194.604 195.303 195.890
194.971 195.655 196.345
194.993 195.454 196.531
195.012 195.637 196.243
195.069 195.367 195.665
194.716 195.722 197.499
195.013 195.494 196.293
194.800 195.586 196.902
195.083 195.376 195.917
194.882 195.423 196.105
194.973 195.280 195.789
194.938 195.277 196.180
194.864 195.350 195.682
194.865 195.147 195.728
195.028 195.316 195.726
195.444 195.984 196.699
194.927 195.464 195.906
194.860 195.329 195.767
194.959 195.698 197.053
194.716 195.233 195.527
194.988 195.292 195.783
194.878 195.479 196.567
195.396 196.135 196.850
194.941 195.692 196.415
194.615 195.579 196.335
195.439 195.714 196.288
195.004 195.860 196.828
195.048 195.632 196.906
195.110 195.693 196.204
195.188 195.840 196.751
195.282 195.571 196.012
194.733 195.330 195.763
194.799 195.511 196.081
195.133 195.618 196.102
195.183 195.469 196.093
195.087 195.412 195.688
195.630 195.803 196.013
195.084 195.456 196.054
195.142 195.432 195.696
194.981 195.376 195.642
195.289 195.606 196.133
195.433 195.937 196.282
195.060 195.831 196.968
195.160 195.594 196.028
194.883 195.419 196.501
195.118 195.553 196.323
194.740 195.122 195.338
194.735 195.342 195.790
195.069 195.667 196.446
194.861 195.363 195.877
195.281 195.768 196.183
194.954 195.253 195.860
194.939 195.712 196.671
194.889 195.323 195.831
195.151 195.600 196.290
195.370 195.584 195.796
195.330 195.957 196.467
194.831 196.438 197.729
195.109 195.589 196.508
194.536 195.277 195.613
194.960 195.293 195.767
195.075 195.381 195.905
194.960 195.438 196.170
195.261 199.380 214.835
195.107 195.541 196.352
195.113 195.430 195.823
194.927 195.327 195.776
194.585 195.053 195.569
194.939 195.328 196.068
194.937 195.344 196.712
195.059 195.310 195.755
194.855 195.525 196.361
194.799 195.416 196.214
194.932 195.215 195.590
195.051 195.315 195.537
195.017 195.499 196.071
194.806 195.291 196.072
194.956 195.341 195.803
194.880 195.481 196.336
194.587 195.181 196.369
195.118 195.266 195.484
194.765 195.049 195.321
194.997 195.228 195.577
194.754 195.180 195.681
194.744 195.284 195.891
194.724 195.011 195.316
194.777 194.864 194.955
195.008 195.214 195.361
194.903 195.017 195.396
194.685 194.977 195.306
194.743 194.858 195.024
194.850 195.045 195.165
195.040 195.275 195.482
194.604 195.661 197.868
194.740 195.298 195.846
194.944 195.330 195.840
195.079 195.383 195.793
194.834 195.380 196.103
194.799 195.146 195.392
194.852 195.141 195.641
194.714 194.981 195.088
194.651 195.126 195.734
194.990 195.180 195.408
194.806 195.446 196.472
194.894 195.048 195.239
194.933 195.309 195.989
194.739 194.941 195.093
195.012 195.882 198.649
194.632 194.994 195.483
194.937 195.384 195.914
194.770 195.108 195.429
194.883 195.282 195.583
195.209 195.603 196.133
195.129 195.195 195.351
194.845 195.121 195.353
194.944 195.097 195.270
194.886 195.140 195.396
194.769 194.900 195.235
194.856 195.261 195.656
194.814 195.404 196.414
195.017 195.537 196.252
194.881 195.703 196.869
194.888 195.157 195.384
194.802 195.069 195.234
194.782 195.145 195.681
194.846 195.248 195.479
194.667 195.068 195.244
194.903 195.079 195.192
194.939 195.121 195.262
194.704 195.113 195.547
194.809 195.020 195.287
194.727 194.988 195.235
194.776 195.690 197.300
194.751 195.159 195.746
194.766 195.149 195.830
194.619 194.786 194.912
194.581 195.035 195.525
194.734 195.154 195.778
194.833 195.001 195.231
194.643 194.907 195.438
194.765 195.072 195.580
194.871 195.151 195.526
194.832 195.004 195.311
194.494 195.052 195.622
194.731 194.968 195.230
194.834 195.159 195.596
194.520 194.739 194.908
194.715 194.872 195.097
194.731 195.060 195.433
194.666 195.249 195.695
194.713 195.061 195.921
194.751 195.144 195.941
194.802 194.992 195.247
194.574 194.916 195.133
195.038 195.101 195.159
194.689 195.041 195.409
194.455 194.739 195.260
194.863 195.161 196.119
194.669 195.117 195.678
194.579 194.925 195.249
194.895 195.208 195.569
194.629 194.886 195.029
194.669 194.915 195.097
194.656 194.880 195.321
194.685 194.871 195.174
194.771 195.016 195.614
194.560 194.756 195.067
194.656 195.074 195.799
194.574 194.971 195.307
194.672 195.213 196.007
194.693 194.993 195.126
194.607 194.922 195.300
194.815 195.125 195.659
194.824 195.051 195.547
194.687 195.081 195.490
194.695 195.013 195.509
194.705 194.894 195.183
194.697 194.785 194.978
194.415 195.047 195.761
194.599 195.035 195.381
194.885 195.094 195.324
194.698 194.895 195.158
194.633 194.926 195.359
194.654 194.884 195.058
194.723 194.988 195.514
194.887 195.175 195.367
194.769 194.981 195.271
194.758 195.485 196.312
194.628 194.905 195.247
194.807 194.956 195.116
194.646 194.905 195.204
194.725 194.884 195.153
194.563 194.816 195.204
194.660 194.910 195.297
194.728 195.099 195.559
194.681 194.987 195.216
194.598 195.012 195.940
194.568 195.311 197.423
194.561 195.283 196.867
194.497 194.913 195.380
194.602 194.846 195.174
194.561 194.617 194.675
194.469 194.814 195.185
194.719 194.910 195.166
194.670 194.973 195.133
194.708 195.223 196.321
194.750 195.272 196.573
194.568 194.692 194.753
194.506 194.730 194.931
194.759 194.976 195.533
194.584 195.025 195.281
194.779 194.917 195.048
194.641 194.898 195.595
194.828 195.015 195.259
194.600 194.812 195.129
194.716 195.043 195.507
194.767 195.714 198.784
194.606 194.758 195.034
194.586 194.721 194.897
194.651 194.835 195.080
194.565 194.938 195.509
194.671 194.925 195.260
194.709 194.931 195.138
194.576 194.804 194.973
194.563 194.897 195.202
194.581 195.061 195.465
194.592 194.833 195.439
194.458 194.889 195.289
194.689 194.905 195.115
194.635 194.978 195.332
194.584 194.688 194.787
194.543 194.761 195.204
194.528 194.901 195.345
194.585 194.855 195.059
194.708 194.963 195.233
194.749 194.924 195.157
194.514 194.697 194.863
194.591 194.808 195.205
194.595 194.794 195.053
194.629 194.728 194.900
194.543 194.832 195.241
194.612 194.885 195.369
194.634 194.922 195.145
194.569 194.787 195.132
194.634 194.730 194.927
194.773 194.968 195.221
194.723 194.916 195.052
194.476 194.729 194.954
194.681 194.900 195.228
194.560 194.691 194.845
194.666 194.883 195.110
194.649 194.761 194.952
194.544 194.835 195.198
194.441 194.879 195.139
194.616 194.877 195.105
194.544 194.840 195.469
194.594 194.899 195.289
194.650 194.789 195.140
194.714 194.847 195.024
194.616 194.765 195.032
194.526 194.917 195.333
194.642 194.901 195.155
194.642 194.863 195.026
194.687 194.932 195.144
194.470 194.820 195.532
194.565 194.718 194.971
194.631 194.792 195.148
194.639 194.779 195.026
194.574 194.763 195.105
194.632 194.792 194.924
194.715 194.863 195.051
194.712 194.990 195.162
194.577 194.905 195.254
194.500 194.687 194.856
194.694 194.789 194.876
194.632 195.009 196.265
194.551 194.687 194.866
194.555 195.005 195.395
194.548 194.888 195.476
194.649 194.767 194.870
194.642 194.937 195.252
194.530 194.693 194.899
194.569 195.141 195.611
194.609 194.807 194.952
194.690 195.041 195.782
194.511 194.761 194.989
194.556 194.779 194.905
194.568 194.814 195.002
194.741 194.968 195.130
194.582 194.687 194.838
194.629 194.985 195.330
194.623 194.805 195.112
194.524 194.824 195.140
194.529 195.011 195.901
194.563 194.992 196.394
194.514 194.692 195.006
194.699 194.941 195.369
194.564 194.775 195.136
194.528 194.631 194.818
194.582 194.833 195.233
194.557 194.802 195.037
194.571 194.900 195.230
194.530 194.972 195.259
194.587 194.804 195.019
194.573 194.877 195.447
194.628 194.765 195.008
194.694 194.998 195.288
194.908 195.388 196.473
194.587 194.825 195.322
194.675 194.941 195.179
194.612 194.717 194.849
194.636 194.727 194.941
194.642 194.818 195.137
194.580 194.784 195.103
194.634 194.940 195.289
194.649 194.853 195.122
194.713 194.995 195.473
194.556 194.747 195.144
194.444 194.617 194.799
194.665 194.824 194.992
194.666 194.872 195.172
194.578 195.015 195.265
194.658 194.816 195.007
194.533 194.778 195.090
194.817 194.980 195.329
194.637 194.943 195.179
194.564 194.972 195.377
194.850 195.241 195.712
194.664 194.935 195.149
194.773 195.028 195.286
194.679 194.862 195.077
194.606 194.844 194.944
194.639 194.772 194.839
194.693 194.873 195.105
194.895 195.007 195.131
194.860 195.243 195.791
194.597 194.757 195.118
194.513 194.808 195.186
194.674 194.877 195.114
194.796 195.033 195.180
194.580 194.916 195.125
194.609 195.074 196.297
194.691 194.807 194.966
194.687 194.956 195.146
194.704 195.111 195.532
194.761 195.003 195.428
194.734 195.116 195.590
194.723 194.996 195.198
194.564 195.068 195.327
195.175 195.732 197.375
194.647 195.013 195.365
194.630 194.979 195.295
194.514 194.794 195.264
194.705 194.902 195.134
194.774 195.373 196.534
194.824 195.105 195.368
194.847 195.145 195.861
194.673 194.926 195.081
194.842 195.100 195.584
194.911 195.276 195.601
194.722 194.989 195.145
194.921 195.116 195.415
194.607 194.847 195.093
194.740 195.216 195.662
194.645 195.045 195.338
194.743 195.081 195.747
194.834 195.139 195.493
194.704 194.944 195.196
194.802 194.964 195.179
194.711 196.496 201.843
195.146 195.300 195.427
194.494 194.898 195.351
194.566 195.170 195.553
194.896 195.140 195.378
194.814 194.974 195.335
195.093 195.410 196.015
194.672 195.067 195.505
194.492 194.931 195.278
194.527 195.010 195.429
194.735 195.033 195.289
194.795 195.083 195.843
194.753 195.050 195.323
194.900 195.674 196.244
194.959 195.269 195.943
194.724 195.039 195.220
195.060 195.420 195.785
194.922 195.245 195.943
194.613 195.136 195.730
195.084 195.328 195.659
194.866 195.330 195.715
194.610 194.881 195.035
194.637 194.987 195.386
194.768 195.420 196.498
194.801 195.068 195.377
194.735 195.374 196.121
194.742 194.973 195.323
195.001 195.269 195.390
194.741 195.153 195.569
194.831 195.251 195.763
195.142 195.489 196.053
194.946 195.336 195.605
194.879 195.356 195.892
194.793 195.264 195.706
194.809 195.081 195.681
194.784 195.016 195.258
194.997 195.430 195.867
195.205 195.466 195.808
194.909 195.516 196.235
195.098 195.262 195.417
195.012 195.267 195.597
194.807 195.340 195.635
194.927 195.154 195.416
194.898 195.033 195.131
194.807 195.406 196.257
194.833 195.401 196.245
195.070 195.346 195.716
195.352 195.744 196.012
194.840 195.090 195.456
194.863 195.331 195.790
194.638 195.266 195.692
194.943 195.035 195.110
194.620 195.190 196.276
194.869 195.072 195.342
194.856 195.151 195.604
194.992 195.395 196.096
194.947 195.354 196.126
194.653 195.187 195.703
194.982 195.204 195.653
194.948 195.822 198.805
194.888 195.219 195.535
194.962 195.342 196.111
195.349 195.567 196.029
194.861 195.250 195.829
194.817 195.297 195.558
195.079 195.300 195.396
195.015 195.468 196.054
195.118 195.648 196.493
194.704 195.263 195.889
195.058 195.084 195.122
194.779 194.991 195.166
194.811 195.033 195.221
194.667 195.185 195.904
195.119 195.434 195.795
194.914 195.436 196.228
194.995 195.301 195.504
194.829 195.511 196.633
194.620 195.074 195.324
194.992 195.260 195.673
195.071 195.275 195.469
194.972 195.232 195.532
194.990 195.458 195.818
194.850 195.216 196.033
194.999 195.283 195.868
194.822 195.727 196.852
194.934 195.034 195.225
194.912 195.226 195.736
194.978 195.268 195.701
195.309 195.459 195.790
195.171 195.321 195.597
195.000 195.498 196.643
194.916 195.209 195.423
194.678 195.037 195.550
194.861 195.215 195.379
194.850 195.191 195.644
194.897 195.108 195.386
195.003 195.194 195.423
194.749 194.955 195.192
195.007 195.161 195.582
194.894 195.317 195.965
194.965 195.216 195.487
194.935 195.200 195.381
194.789 195.300 196.016
194.771 195.303 196.118
195.211 195.450 195.774
194.917 195.278 195.821
194.791 195.267 195.769
194.896 195.040 195.240
194.933 195.310 195.686
194.738 195.176 195.399
194.961 195.142 195.597
194.667 195.326 196.392
195.106 195.360 195.847
194.939 195.417 195.980
195.110 195.467 195.723
195.020 195.134 195.307
195.026 195.718 196.470
194.758 195.132 195.361
194.995 195.243 195.550
194.840 195.274 195.827
194.972 195.179 195.527
194.672 195.343 195.954
194.979 195.436 195.984
195.061 195.710 197.129
194.896 195.389 196.472
195.086 195.329 195.793
194.970 195.383 196.387
194.973 195.393 195.955
194.897 195.155 195.308
195.137 195.381 195.880
194.931 195.172 195.426
195.423 195.479 195.541
195.043 195.575 196.035
195.079 195.482 196.035
194.890 195.059 195.307
194.792 195.092 195.384
194.891 195.240 195.765
195.176 195.337 195.621
194.896 195.339 195.872
194.675 194.997 195.270
194.903 195.100 195.364
194.618 195.045 195.498
194.733 195.222 196.070
194.902 195.422 195.879
195.111 195.306 195.689
194.717 195.316 195.957
194.873 195.143 195.340
195.109 195.497 196.260
194.851 195.265 195.539
194.904 195.523 196.002
195.049 195.510 195.863
195.125 195.332 195.530
194.805 195.024 195.132
194.983 195.147 195.553
194.780 195.086 195.579
194.855 195.203 195.449
194.612 195.279 195.743
194.794 195.041 195.223
194.812 195.545 196.694
195.092 195.172 195.235
194.857 195.185 195.688
194.641 195.269 195.652
194.791 195.364 195.671
194.849 195.278 196.074
0 0 0
185.597 186.126 186.698
185.391 185.884 186.527
185.586 185.910 186.846
185.365 186.165 186.961
185.462 185.574 185.716
194.850 195.285 196.268
194.815 195.232 195.962
195.081 195.492 196.135
195.270 195.580 195.865
195.051 195.332 195.644
195.023 195.409 196.162
194.834 195.134 195.416
195.023 195.229 195.455
194.937 195.426 195.923
195.098 195.349 195.608
194.918 195.309 195.560
185.774 186.126 186.619
195.107 195.385 195.861
194.979 195.461 195.753
195.050 195.502 196.432
195.367 195.702 196.252
195.014 195.359 195.623
194.678 195.303 196.038
195.134 195.441 195.819
194.820 195.227 195.584
195.049 195.652 196.446
194.698 195.525 196.172
194.665 195.168 195.914
194.891 195.166 195.377
194.899 195.393 195.791
195.113 195.274 195.482
194.911 195.177 195.610
195.137 195.316 195.662
194.654 195.161 195.324
194.770 195.349 196.358
195.085 195.414 195.843
194.744 195.089 195.289
194.749 195.389 196.158
195.010 195.208 195.537
194.861 195.474 196.285
195.031 195.549 196.238
194.734 195.188 195.844
195.238 195.424 195.720
195.042 195.490 197.073
195.226 195.594 196.136
194.872 195.846 197.357
194.985 195.169 195.398
194.887 195.389 195.763
195.161 195.400 195.764
194.992 195.216 195.587
195.144 195.416 196.128
194.758 195.054 195.176
194.940 195.289 195.703
194.445 195.255 195.719
194.722 195.039 195.484
195.005 195.453 196.100
194.664 195.536 196.039
194.885 195.076 195.413
194.951 195.321 195.675
194.879 195.109 195.276
194.702 195.142 195.575
194.986 195.396 195.934
194.701 195.135 196.011
194.903 195.260 195.885
194.918 195.535 196.382
194.978 195.355 196.613
195.039 195.460 196.103
194.741 195.575 196.214
194.784 195.193 195.570
195.306 195.662 196.016
194.961 195.277 195.728
194.990 195.397 195.937
194.724 195.235 195.719
194.942 195.532 195.916
194.689 195.717 197.167
195.065 195.447 196.319
195.235 195.573 196.016
195.382 196.757 199.537
194.984 195.676 196.429
195.232 195.432 195.776
194.950 195.368 195.874
195.353 195.420 195.621
195.114 195.585 196.108
195.165 195.727 196.508
195.124 195.428 195.888
195.011 195.610 196.041
194.872 195.578 196.426
195.330 195.402 195.499
194.582 195.168 195.879
195.357 195.414 195.492
194.873 195.391 196.169
194.662 195.188 195.651
195.038 195.383 195.971
194.821 195.250 196.280
194.837 195.347 195.890
195.370 195.738 196.394
194.924 195.546 196.148
194.874 195.152 195.304
195.046 196.008 197.019
194.702 195.337 196.014
194.852 195.422 196.199
194.968 195.110 195.301
195.050 195.375 196.276
194.969 195.266 195.660
194.998 195.163 195.562
194.873 195.167 195.496
194.945 195.069 195.134
194.679 195.002 195.202
195.061 195.372 196.181
194.674 195.202 195.793
195.102 195.490 195.873
194.995 195.294 195.429
194.803 195.000 195.236
195.034 195.333 196.153
195.036 195.393 196.104
195.082 195.655 195.884
194.990 195.212 195.531
194.973 195.623 196.430
194.784 196.286 199.781
194.676 195.017 195.633
195.098 195.386 195.750
195.254 195.401 195.494
194.724 194.834 194.959
195.133 195.584 196.844
194.537 194.951 195.314
194.743 195.156 195.614
194.888 195.532 196.754
194.845 195.256 195.533
194.862 195.244 195.754
194.667 195.025 195.382
194.686 195.201 195.792
194.686 195.487 196.762
195.358 195.603 195.759
194.839 195.347 196.439
194.989 195.386 195.682
195.064 195.438 196.155
194.891 195.134 195.355
194.873 195.043 195.307
195.002 195.419 195.581
194.865 195.010 195.178
195.253 195.598 196.163
194.858 195.301 195.658
195.091 195.273 195.669
194.718 195.198 195.558
194.908 195.367 196.305
194.642 194.957 195.138
194.814 195.349 196.701
194.959 196.523 201.216
194.726 195.028 195.389
194.809 195.137 195.900
195.102 195.369 195.754
194.688 194.893 195.329
194.920 195.230 195.486
194.738 195.222 195.871
194.692 195.212 195.566
195.086 195.222 195.586
194.772 195.183 195.592
194.658 195.014 195.301
194.854 195.295 195.866
195.010 195.145 195.264
194.700 194.895 195.106
194.892 195.253 195.579
194.710 195.262 195.531
194.501 195.101 195.605
194.804 195.167 195.455
194.777 195.272 195.615
194.680 195.067 195.366
194.955 195.088 195.275
194.701 194.910 195.430
194.742 195.380 196.809
194.711 195.206 195.737
194.816 195.175 195.719
194.683 195.063 195.399
194.742 195.053 195.347
194.815 195.200 195.711
194.651 195.572 196.694
194.915 195.486 195.938
194.865 195.224 196.068
195.111 195.591 196.182
194.673 195.028 195.635
194.679 195.108 195.305
194.727 195.509 196.003
194.591 195.295 195.554
194.805 195.199 195.540
194.924 195.114 195.269
194.849 195.050 195.334
195.030 195.240 195.608
194.747 195.047 195.648
194.929 195.019 195.147
194.900 195.333 196.132
194.797 195.252 195.615
194.647 195.076 195.343
194.765 194.985 195.313
194.874 195.310 196.104
195.137 195.464 196.031
194.855 196.028 198.548
194.880 195.228 195.845
194.701 195.783 197.655
195.084 195.693 196.622
194.817 194.944 195.056
194.799 195.194 196.230
194.714 195.117 195.421
194.696 195.226 195.538
194.793 195.118 195.537
194.669 194.972 195.341
194.619 194.782 194.986
195.013 195.192 195.428
194.702 195.032 195.599
194.949 195.067 195.274
194.973 195.143 195.274
194.705 195.198 195.703
194.943 195.471 196.258
194.882 195.095 195.409
195.147 195.383 195.726
194.689 195.259 196.229
194.735 195.241 195.619
194.996 195.277 195.678
194.859 195.091 195.393
194.591 195.191 195.507
194.696 195.077 195.444
194.809 195.094 195.377
195.119 195.215 195.429
194.947 195.396 196.265
195.035 195.342 195.729
194.881 195.084 195.489
194.858 195.248 196.113
194.668 194.964 195.223
194.717 195.216 195.540
194.950 195.253 195.892
195.058 195.389 195.729
195.129 196.809 198.507
195.198 197.032 198.667
194.882 196.191 198.174
195.202 196.904 198.390
194.956 195.287 195.812
194.850 195.152 195.423
194.820 195.347 195.925
194.850 195.026 195.230
194.750 195.435 196.694
194.862 195.147 195.543
195.126 195.455 196.081
195.160 195.408 195.759
194.974 195.297 195.581
194.885 195.408 196.409
194.947 195.361 196.248
194.759 195.276 195.484
194.717 195.147 195.560
194.958 195.152 195.610
194.920 195.396 195.833
195.122 195.572 196.022
195.146 195.527 196.133
194.913 195.058 195.303
194.985 195.873 198.437
194.840 195.176 195.745
194.899 195.235 195.546
194.569 194.911 195.284
194.850 195.155 195.566
194.867 195.432 195.794
195.163 195.443 195.804
195.571 195.984 196.612
194.976 195.430 196.006
194.801 195.346 196.213
194.665 195.322 195.877
194.812 195.248 195.734
194.831 195.423 195.846
194.838 196.078 198.634
194.574 195.041 195.406
194.747 195.105 195.458
194.892 195.605 196.156
194.712 195.286 195.877
194.883 195.306 195.716
194.779 195.393 196.239
194.978 195.253 195.479
194.809 195.227 195.943
194.997 195.800 197.701
195.292 195.608 196.094
194.885 195.413 196.006
194.939 195.477 196.117
194.893 195.292 195.680
194.847 195.431 196.571
195.446 195.870 196.801
195.784 197.162 199.236
195.313 196.408 197.587
195.076 196.189 198.030
195.443 197.450 198.252
194.998 195.464 196.411
194.917 194.957 195.007
194.944 195.272 195.717
194.742 195.111 195.617
194.885 195.202 195.524
194.935 196.066 198.205
194.950 196.024 198.164
194.951 195.736 196.820
195.140 196.193 199.260
194.794 195.723 196.862
194.964 195.305 195.536
195.092 196.353 198.263
194.817 196.181 199.250
195.212 195.402 195.695
194.901 195.337 195.551
194.887 195.578 196.014
194.622 195.258 195.677
195.047 195.465 196.054
194.977 195.291 195.951
195.227 195.711 196.403
195.031 195.405 196.088
194.920 195.338 195.669
195.091 195.431 195.636
194.655 195.119 196.062
194.919 195.174 195.491
195.127 195.519 195.674
194.826 195.315 195.961
194.815 195.670 196.769
194.886 195.035 195.346
194.767 195.158 195.676
194.823 195.414 195.836
194.854 195.290 196.414
194.826 195.352 195.692
194.929 195.095 195.409
194.859 195.319 196.137
194.781 195.329 195.581
194.637 195.093 195.365
194.857 195.199 195.569
194.840 195.357 195.790
194.790 195.111 195.327
194.902 195.112 195.446
194.645 195.207 195.550
194.832 195.087 195.265
194.759 195.131 195.534
194.707 195.273 195.738
195.170 195.581 195.803
195.043 195.500 196.301
194.839 195.439 196.288
194.945 195.214 195.584
194.760 195.257 195.777
194.702 195.039 195.396
194.803 195.345 196.008
194.908 195.318 195.823
194.860 195.258 195.971
194.618 195.508 196.814
194.965 195.102 195.236
194.858 195.232 195.384
194.690 195.157 196.004
194.753 195.078 195.348
194.665 194.853 195.176
194.728 195.523 196.687
194.964 195.324 195.874
195.340 195.632 196.533
194.851 195.457 196.284
194.835 195.346 195.930
194.856 195.298 195.859
194.744 195.212 195.516
194.726 195.620 196.599
195.041 195.233 195.419
195.016 195.317 195.580
194.572 195.177 195.863
194.913 195.050 195.249
194.959 195.232 195.744
194.997 195.565 196.507
194.834 195.097 195.354
194.677 195.619 197.122
194.673 195.223 195.719
194.905 195.068 195.494
194.493 194.899 195.270
194.817 195.245 195.605
195.039 195.275 195.510
194.790 195.058 195.288
194.764 195.281 196.284
194.676 195.033 195.321
194.524 194.903 195.306
194.789 194.979 195.214
194.804 195.240 195.514
194.736 195.179 195.641
194.840 195.118 195.315
194.693 194.956 195.292
194.838 195.231 195.822
194.628 195.041 195.324
194.713 195.480 196.248
194.943 195.252 195.493
194.850 194.978 195.098
194.592 195.009 195.352
194.706 195.263 196.299
194.547 195.049 195.757
194.857 195.022 195.154
194.710 194.992 195.437
194.632 194.948 195.505
194.596 195.006 195.260
194.670 195.020 195.230
194.704 195.569 196.433
194.873 195.268 196.205
194.767 195.082 195.350
194.759 194.900 195.100
194.701 195.335 196.661
194.623 195.388 197.397
194.591 195.003 195.309
194.821 195.074 195.289
194.863 195.419 196.638
194.516 194.934 195.325
194.635 195.159 196.077
194.794 195.123 195.403
194.899 195.113 195.593
194.689 195.028 195.423
194.500 194.801 195.262
194.740 195.015 195.157
194.716 194.938 195.228
194.766 195.283 195.718
194.643 195.101 195.944
194.678 195.107 195.481
194.881 195.118 195.218
194.961 195.832 197.797
194.699 195.088 195.395
194.914 195.023 195.157
194.583 194.870 195.084
194.593 194.915 195.201
194.631 195.266 196.380
194.558 194.888 195.150
194.701 194.950 195.259
194.605 194.871 195.234
194.639 195.186 196.443
194.507 194.889 195.096
194.798 195.136 195.372
194.635 195.004 195.244
194.479 195.088 197.008
194.742 194.942 195.338
194.642 195.021 195.500
194.593 194.837 195.204
194.671 194.996 195.300
194.682 195.028 195.701
194.638 194.767 194.900
194.621 194.872 195.074
194.694 195.026 195.740
194.566 195.045 195.456
194.614 194.951 195.354
194.663 194.883 195.171
194.492 194.776 194.971
194.706 194.860 195.050
194.637 195.052 195.469
194.505 194.766 195.105
194.593 194.942 195.356
194.799 195.162 195.884
194.695 194.829 195.030
194.860 195.012 195.298
194.574 194.957 195.255
194.704 195.056 195.337
194.699 194.933 195.395
194.637 194.845 195.068
194.802 194.959 195.458
194.617 194.867 195.180
194.768 194.915 195.054
194.820 195.038 195.459
194.649 195.014 195.378
194.582 195.523 198.678
194.462 194.743 195.485
194.692 195.030 195.738
194.637 194.979 195.383
194.688 194.953 195.215
194.632 194.737 194.889
194.565 194.823 195.018
194.666 194.852 195.168
194.651 195.910 198.905
194.696 194.880 195.129
194.797 194.920 195.042
194.863 195.196 195.635
194.620 194.814 195.167
194.735 194.905 195.156
194.765 195.013 195.260
194.789 195.039 195.219
194.728 195.020 195.461
194.593 194.911 195.427
194.568 194.994 195.433
194.763 194.922 195.265
194.715 194.927 195.114
194.584 194.991 195.696
194.672 194.958 195.222
194.607 195.011 195.167
194.862 195.030 195.171
194.703 194.959 195.186
194.695 194.877 194.977
194.664 194.823 195.024
194.659 195.303 197.094
194.600 194.863 195.315
194.614 195.099 196.155
194.522 195.185 196.303
194.733 194.878 195.057
194.590 194.897 195.134
194.632 194.997 195.246
194.609 194.759 195.261
194.637 195.142 196.146
194.585 194.846 195.181
194.571 194.753 194.964
194.486 194.790 195.168
194.593 195.206 195.830
194.566 194.724 194.953
194.411 194.653 195.019
194.608 194.779 194.953
194.693 194.921 195.279
194.560 194.873 195.301
194.561 194.955 195.326
194.560 194.772 195.084
194.553 194.761 195.096
194.609 194.803 195.192
194.612 194.725 194.831
194.639 194.968 195.367
194.677 195.069 195.322
194.890 195.361 196.802
194.597 194.836 195.235
194.831 194.986 195.208
194.626 194.770 194.998
194.602 195.001 195.552
194.696 194.950 195.205
194.629 195.054 195.349
194.548 194.720 194.973
194.534 194.763 195.086
194.794 195.084 195.259
194.830 195.724 198.863
194.666 194.899 195.119
194.557 194.736 194.859
194.585 194.770 195.047
194.550 195.063 196.753
194.614 194.835 195.166
194.561 194.797 194.941
194.640 194.817 194.922
194.573 194.720 194.916
194.598 194.791 195.000
194.585 194.907 195.308
194.643 195.427 198.184
194.687 194.804 194.909
194.607 194.683 194.792
194.635 197.471 207.881
194.744 194.876 195.015
194.539 194.801 195.080
194.603 194.830 195.195
194.598 194.777 195.023
194.580 194.788 195.117
194.475 194.612 194.836
194.600 195.021 195.231
194.656 194.934 195.316
194.569 194.746 194.953
194.703 194.827 195.081
194.644 194.739 194.792
194.694 194.829 194.997
194.489 194.749 194.995
194.611 194.789 195.016
194.606 194.701 194.839
194.705 194.837 195.029
194.631 194.680 194.753
194.604 194.791 194.871
194.642 194.885 195.372
194.602 194.899 195.199
194.610 194.825 195.074
194.482 194.784 195.157
194.532 194.828 195.063
194.728 194.957 195.195
194.658 194.928 195.168
194.544 194.746 194.962
194.844 195.004 195.170
194.612 194.877 195.149
194.611 194.757 194.933
194.624 194.843 195.177
194.756 194.893 195.015
194.634 194.781 195.126
194.517 195.029 195.553
194.639 194.839 195.230
194.584 194.822 195.104
194.560 194.753 194.891
194.573 194.799 195.055
194.713 194.943 195.344
194.573 194.799 195.073
195.024 195.177 195.269
194.639 194.853 195.194
194.639 194.982 195.519
194.679 194.930 195.442
194.588 194.832 195.176
194.476 195.139 196.733
194.632 194.799 195.009
194.531 194.809 195.111
194.686 194.900 195.219
194.539 194.984 195.345
194.923 196.737 202.864
195.027 195.360 196.228
194.757 195.001 195.441
194.591 194.984 195.350
194.737 195.107 195.386
194.611 195.010 195.262
194.490 194.819 195.092
194.593 194.963 195.292
194.619 194.985 195.215
194.633 194.771 195.038
194.699 194.899 195.336
194.658 194.999 195.352
194.661 195.172 196.292
194.533 195.285 195.918
194.618 194.946 195.348
194.989 195.077 195.273
194.603 194.850 195.008
194.828 194.956 195.149
194.864 194.977 195.155
195.069 195.245 195.578
194.626 195.363 196.250
194.520 194.736 195.047
194.645 194.861 195.120
194.674 194.981 195.239
194.830 194.932 195.168
194.668 194.913 195.162
194.727 195.128 195.789
194.579 194.820 195.045
194.545 194.787 195.099
194.592 194.734 195.029
194.792 194.909 195.047
194.645 194.872 195.272
194.749 194.954 195.113
194.564 194.882 195.156
194.672 195.101 195.530
195.062 195.269 195.663
194.684 194.848 195.049
194.966 195.069 195.197
194.597 194.888 195.137
194.736 194.922 195.152
194.775 194.853 194.975
194.676 194.923 195.098
194.612 194.987 195.441
194.645 194.862 195.189
194.653 195.314 196.159
194.703 195.050 195.565
194.931 195.212 195.440
194.686 195.251 195.897
195.040 195.250 195.632
194.873 195.071 195.294
195.042 195.364 195.911
194.845 195.190 195.973
194.705 194.889 195.099
194.902 195.185 195.762
194.736 194.942 195.158
194.739 195.026 195.375
194.589 195.025 195.266
194.697 195.078 195.381
194.859 196.648 203.129
194.796 195.527 196.228
194.777 195.189 195.938
195.017 195.240 195.424
194.869 194.988 195.081
194.672 195.058 195.270
194.657 195.017 195.175
194.741 195.133 195.621
194.706 194.965 195.231
194.814 195.148 195.627
194.779 194.967 195.576
195.049 195.175 195.328
194.916 195.154 195.291
194.630 195.076 195.355
194.763 195.152 195.858
194.830 196.757 203.683
194.667 194.993 195.334
194.757 195.020 195.285
194.810 195.259 195.708
194.910 195.118 195.293
194.664 194.999 195.168
194.772 195.107 195.512
194.871 195.075 195.244
194.873 195.427 196.621
194.827 195.141 195.879
194.633 194.952 195.128
194.757 195.001 195.212
195.219 196.360 198.370
195.042 195.295 195.542
194.532 200.807 224.285
194.642 195.043 195.376
194.854 195.157 195.581
194.881 195.100 195.336
194.793 194.905 195.044
194.757 194.971 195.257
194.995 195.221 195.848
194.680 195.054 195.484
194.955 195.215 195.945
194.982 195.108 195.254
195.051 195.291 195.738
194.842 195.172 195.687
194.939 195.110 195.264
194.603 194.898 195.041
194.942 195.370 195.991
194.744 195.104 195.278
194.753 195.250 196.104
194.910 195.213 195.573
194.931 195.210 195.522
194.778 195.392 196.150
195.052 195.322 196.203
194.955 195.161 195.462
194.994 195.207 195.373
194.607 195.019 195.370
194.880 195.238 195.691
194.879 195.094 195.496
194.621 194.921 195.094
194.840 195.217 195.768
195.175 195.387 195.982
194.791 195.060 195.361
195.136 195.247 195.476
194.881 195.343 196.336
194.968 195.618 196.119
194.583 194.959 195.546
194.793 195.055 195.494
194.703 194.943 195.098
194.740 195.598 196.207
194.774 195.276 196.118
194.993 195.225 195.613
194.920 195.893 198.280
194.729 196.097 200.567
194.572 194.809 194.992
194.862 195.297 196.027
194.797 195.174 195.488
194.577 195.135 195.708
194.769 195.084 195.368
194.693 195.457 196.702
194.537 195.170 195.765
194.792 195.083 195.429
195.069 195.430 196.027
194.701 195.034 195.309
194.739 195.258 195.932
194.991 195.363 195.724
194.927 195.375 196.157
194.789 195.044 195.267
194.722 195.412 197.252
194.581 194.822 195.030
194.678 194.947 195.171
194.975 195.119 195.341
194.525 195.054 195.850
194.822 195.116 195.763
194.672 195.063 195.385
194.618 195.089 196.310
194.793 195.009 195.444
194.717 195.053 195.394
194.661 195.372 196.474
194.667 195.012 195.475
194.580 195.181 196.153
194.773 195.161 195.553
194.885 195.183 195.442
194.734 195.097 196.102
194.715 194.896 195.137
194.869 195.167 195.764
194.582 194.955 195.337
194.695 195.062 195.387
194.794 195.189 195.423
194.869 195.141 195.571
195.011 195.154 195.231
194.963 195.338 196.364
194.735 195.211 195.555
194.723 195.202 195.989
195.054 195.356 195.873
194.662 195.185 195.805
194.660 194.824 195.044
194.539 194.958 195.260
194.680 195.229 196.335
194.778 194.983 195.338
194.810 194.982 195.295
194.656 195.061 195.608
194.857 195.279 196.249
194.840 194.992 195.157
194.767 194.954 195.142
195.090 195.213 195.404
194.792 194.966 195.452
194.903 195.166 195.263
194.980 195.210 195.600
194.687 195.194 195.725
194.751 195.237 196.025
194.936 195.226 195.792
194.960 195.034 195.145
194.792 195.321 195.739
194.804 194.939 195.211
194.817 195.059 195.419
194.997 195.075 195.144
194.847 195.062 195.187
194.863 195.138 195.291
194.964 195.248 195.785
194.694 195.007 195.399
195.015 195.199 195.305
194.721 194.892 195.068
194.699 194.973 195.142
194.756 195.054 195.181
195.140 195.356 195.818
195.077 195.304 195.574
194.835 195.129 195.413
194.690 195.177 196.015
195.009 195.398 195.690
194.917 195.403 195.732
194.909 195.079 195.453
194.699 195.074 195.528
194.836 195.277 195.699
194.850 195.208 195.673
194.586 194.958 195.300
194.905 195.152 195.538
194.661 195.031 195.918
194.788 195.059 195.604
195.113 195.337 195.840
194.991 195.327 195.846
194.731 195.136 195.392
194.605 194.967 195.412
194.575 195.034 195.487
194.815 195.075 195.372
194.809 195.052 195.522
194.759 195.045 195.528
194.678 194.894 195.170
194.772 194.876 195.027
194.790 195.098 195.393
194.800 195.141 195.523
195.007 195.357 195.811
194.757 194.977 195.196
194.738 195.282 195.915
194.681 194.840 195.026
194.932 195.250 195.647
194.850 195.314 195.742
194.892 195.035 195.272
194.835 195.356 195.530
194.817 195.024 195.257
194.846 195.386 196.020
194.781 195.131 195.408
194.725 195.213 195.464
194.686 195.012 195.463
194.741 195.180 195.470
194.929 195.172 195.402
194.733 194.970 195.328
194.882 195.068 195.383
195.009 195.279 195.813
194.532 194.727 194.951
194.703 195.092 195.546
194.885 194.943 194.994
194.650 194.943 195.221
195.081 195.477 196.389
195.101 195.353 195.776
194.625 194.885 195.053
194.893 195.422 196.464
194.979 195.166 195.516
194.741 195.048 195.366
194.873 195.072 195.254
194.594 195.220 195.927
194.873 195.202 195.329
194.628 195.125 195.949
194.769 195.047 195.507
194.801 194.995 195.228
194.889 195.055 195.374
194.942 195.099 195.362
194.964 196.666 201.633
194.590 195.318 196.087
194.612 195.156 195.611
194.993 195.182 195.347
194.743 194.960 195.162
194.729 194.982 195.336
194.866 195.261 195.912
194.835 195.045 195.213
194.841 195.174 196.159
194.795 195.409 195.828
194.725 195.073 195.284
194.803 195.273 196.192
194.879 196.036 199.336
194.577 195.024 195.705
195.196 195.434 195.690
194.950 195.240 195.641
195.033 195.353 195.742
194.991 195.122 195.307
194.910 195.320 195.569
194.565 194.806 195.252
194.959 195.112 195.285
195.135 195.330 195.776
194.787 195.113 195.357
194.851 195.156 195.966
194.860 194.991 195.168
194.770 194.989 195.495
194.904 195.108 195.227
194.761 195.045 195.159
194.727 195.261 196.349
194.973 195.135 195.338
194.608 195.039 195.347
195.073 195.186 195.384
194.856 195.028 195.169
194.683 195.335 196.021
194.822 195.413 196.822
194.953 195.130 195.290
194.625 195.017 195.245
194.868 195.050 195.251
195.020 195.475 196.328
194.905 195.283 196.002
194.935 195.319 196.163
194.880 195.172 195.761
194.839 195.433 196.305
194.837 195.304 195.684
194.758 195.365 196.015
194.908 195.331 195.662
194.814 195.335 195.773
194.835 195.085 195.303
194.598 194.832 195.073
194.747 195.034 195.289
194.894 195.404 196.188
195.241 195.309 195.402
194.903 195.068 195.217
195.016 195.597 196.010
194.895 195.152 195.871
195.162 195.432 196.143
194.920 195.237 195.789
194.786 195.011 195.464
194.960 195.550 196.061
195.131 195.383 196.189
194.838 195.125 195.427
195.082 195.500 195.800
195.019 195.204 195.408
194.948 195.431 195.907
195.015 195.423 196.311
194.787 195.117 195.418
194.893 195.895 198.665
195.209 195.487 195.767
195.114 195.295 195.654
194.805 195.170 195.778
194.780 195.192 195.811
194.859 195.174 195.471
194.612 195.246 195.827
194.985 195.361 195.749
195.068 195.413 196.261
194.920 195.405 196.124
195.131 195.385 195.858
195.085 195.284 195.642
194.824 195.042 195.303
194.966 195.126 195.549
194.865 195.431 196.147
194.823 195.318 195.848
194.807 195.417 196.118
194.856 195.188 195.514
195.105 195.453 195.818
195.164 195.461 195.854
194.801 195.099 195.319
194.634 195.129 195.328
194.805 195.082 195.315
194.627 195.134 195.581
194.682 195.244 195.899
194.790 195.036 195.483
195.310 195.815 196.268
195.043 195.317 195.737
194.832 195.358 196.077
194.956 195.140 195.366
194.871 195.429 196.002
194.636 194.906 195.258
195.147 195.351 195.683
195.021 195.287 195.877
195.252 195.478 195.865
194.986 195.368 195.762
194.590 194.806 194.981
194.880 195.119 195.465
194.606 194.914 195.287
194.982 195.319 196.109
195.283 195.434 195.815
194.894 195.399 195.830
194.637 195.100 196.057
194.989 195.173 195.467
194.807 195.209 195.537
194.666 194.974 195.469
194.901 195.070 195.456
194.650 195.319 196.287
195.084 195.478 196.107
194.770 195.078 195.481
194.967 195.277 195.545
194.891 195.032 195.337
194.861 195.069 195.244
194.761 195.138 195.881
194.915 195.460 196.074
194.932 195.306 195.572
194.782 195.000 195.222
194.836 195.158 195.447
195.028 195.716 196.653
194.986 195.102 195.223
194.926 195.501 195.965
195.027 195.260 195.508
194.765 195.019 195.295
194.951 195.254 195.519
194.822 195.204 195.917
194.790 195.038 195.301
194.846 195.496 196.270
194.781 195.267 196.391
194.835 195.295 195.939
194.599 195.099 195.426
194.897 195.274 195.830
194.939 195.572 196.412
194.735 195.051 195.570
194.747 195.088 195.321
195.001 195.137 195.286
194.998 195.238 195.720
194.739 195.359 196.128
194.956 195.089 195.309
194.815 195.180 195.685
194.888 195.184 195.603
194.686 195.069 195.360
195.223 195.619 196.075
194.742 195.258 195.822
194.717 195.035 195.275
194.687 195.195 195.715
194.710 195.200 195.707
194.717 195.543 196.216
194.888 195.270 196.317
194.852 195.401 196.090
194.856 195.373 196.130
195.116 195.295 195.687
194.948 195.662 196.661
194.884 195.343 195.753
194.936 195.426 195.848
194.985 195.203 195.498
195.301 195.665 196.068
194.889 195.602 196.784
194.809 195.305 195.663
195.107 195.284 195.599
194.841 195.555 196.428
194.727 195.198 196.384
195.152 195.336 195.628
194.816 195.776 196.937
195.091 195.273 195.807
195.114 195.621 195.972
194.965 195.123 195.222
195.251 195.756 196.897
195.014 195.415 195.950
195.305 195.947 197.040
195.161 195.407 196.184
194.792 194.919 195.086
195.064 195.383 195.752
194.952 195.226 195.641
194.664 195.152 195.504
195.093 195.250 195.468
194.878 195.511 196.167
194.696 194.955 195.500
194.861 195.321 196.146
194.669 195.204 195.623
194.911 195.498 195.950
194.930 195.236 195.680
194.815 195.169 195.526
194.806 195.002 195.163
194.941 195.131 195.409
194.856 195.251 195.485
195.060 195.405 195.750
194.713 194.905 195.179
194.841 195.143 195.368
194.939 195.076 195.138
194.976 195.237 195.568
195.063 195.229 195.414
194.884 195.450 196.058
194.921 195.153 195.517
194.949 195.196 195.430
194.734 195.336 196.171
194.876 195.242 195.508
194.819 195.093 195.210
194.987 195.620 196.703
194.785 195.186 195.743
195.228 195.605 195.911
195.145 195.277 195.448
195.083 195.670 196.869
194.763 195.347 195.727
194.981 195.198 195.448
195.011 195.354 195.852
195.173 195.273 195.436
195.088 195.362 195.841
195.130 195.453 195.825
195.162 195.521 195.921
194.962 195.207 195.588
195.080 195.558 196.078
195.190 195.606 196.211
194.953 195.161 195.481
195.045 195.513 196.311
194.988 195.294 195.779
194.780 195.104 195.265
194.836 195.062 195.187
194.810 195.544 196.491
195.107 195.497 196.024
194.779 195.296 195.947
194.928 195.488 196.339
195.191 195.608 196.698
194.688 195.386 195.925
194.920 195.361 196.032
195.024 195.189 195.582
194.881 195.412 196.131
194.911 195.263 195.445
194.840 195.100 195.347
194.856 195.220 195.503
195.017 195.300 195.831
194.819 195.773 197.444
194.827 195.087 195.395
195.162 195.640 196.113
195.143 195.667 196.479
194.879 195.526 196.184
195.068 195.259 195.550
195.148 195.574 196.229
194.906 195.293 196.115
195.271 195.587 196.365
194.988 195.298 195.900
195.068 195.330 195.737
195.014 195.328 195.862
195.148 195.342 195.717
195.246 195.747 196.487
194.977 195.359 195.864
194.913 195.618 196.630
195.086 195.940 196.784
195.754 196.087 196.454
194.873 195.434 196.636
195.162 195.526 195.997
195.337 195.598 195.912
194.753 195.446 196.250
194.816 195.654 196.641
195.153 195.294 195.547
195.171 195.863 196.856
194.889 195.517 196.166
195.450 195.783 196.361
194.861 195.042 195.332
195.004 195.507 196.106
195.184 195.621 196.271
194.943 195.256 195.513
194.810 195.429 196.501
194.690 195.096 195.361
194.920 195.298 196.516
194.783 195.281 195.893
194.930 195.286 195.874
194.830 195.417 196.113
195.100 195.343 195.588
195.069 195.309 195.737
194.744 195.266 195.807
194.850 195.208 195.556
194.819 195.096 195.295
195.018 195.175 195.460
194.962 195.706 196.450
194.782 195.037 195.315
195.148 195.517 196.165
195.033 195.556 196.206
194.849 195.301 195.639
194.784 195.223 196.172
194.721 195.187 195.360
194.983 195.334 195.782
194.931 195.222 195.584
195.091 195.411 195.951
195.014 195.285 195.689
194.918 195.273 195.616
194.704 195.451 196.118
195.170 195.626 196.438
195.484 196.834 198.023
230.158 231.145 232.132
230.460 231.329 232.875
226.637 228.171 229.785
203.852 218.343 225.770
194.678 195.307 196.442
194.792 195.244 195.581
194.792 195.152 195.875
195.233 195.595 196.154
194.935 197.016 198.298
195.604 196.448 198.969
195.482 196.146 196.686
195.811 197.819 199.596
195.225 196.212 197.298
0 0 0
195.230 195.403 195.518
194.960 195.189 195.549
196.099 196.252 196.557
195.742 196.031 196.280
195.801 196.386 196.670
196.103 196.815 198.088
195.975 196.431 197.062
194.709 195.078 195.608
194.720 195.061 195.223
194.751 195.081 195.539
195.237 195.782 197.559
194.820 195.336 196.169
194.923 195.182 195.658
194.957 195.428 196.056
194.954 195.248 195.475
194.764 195.077 195.248
194.864 195.130 195.432
194.657 195.291 196.485
194.839 195.281 196.160
194.611 195.215 195.671
194.890 195.151 195.614
194.889 195.529 196.857
194.835 195.129 195.404
194.824 195.293 196.008
194.626 194.841 195.271
194.829 195.138 195.734
194.729 195.093 195.520
194.833 195.931 199.514
194.878 195.093 195.344
194.866 195.099 195.266
194.770 195.147 195.958
194.855 195.347 195.818
194.942 195.276 195.677
194.800 195.085 195.605
194.957 195.384 195.739
194.913 195.174 195.548
194.813 195.811 198.882
194.899 194.983 195.106
194.888 195.383 195.689
194.860 195.060 195.489
194.685 194.933 195.114
194.706 195.004 195.624
194.921 195.098 195.301
194.883 195.070 195.273
194.588 194.885 195.111
194.883 195.185 195.573
194.697 195.035 195.735
194.801 195.007 195.167
194.985 195.569 196.513
194.663 194.979 195.312
194.974 195.178 195.559
194.716 194.923 195.105
194.796 195.313 196.092
194.673 194.809 194.944
194.912 195.327 196.081
194.777 195.029 195.356
194.702 195.124 195.608
194.812 195.012 195.649
194.617 194.967 195.353
194.706 194.910 195.131
194.621 194.941 195.652
194.659 195.319 196.374
194.612 194.808 195.002
194.895 195.193 195.547
194.746 194.978 195.173
194.823 195.261 195.488
194.690 194.931 195.411
194.662 195.650 199.333
194.755 194.939 195.053
194.673 194.924 195.282
194.664 195.049 195.961
194.578 194.977 195.846
194.670 194.918 195.315
194.609 194.854 195.083
194.563 194.895 195.178
194.740 195.334 196.069
194.696 194.970 195.262
194.686 194.913 195.371
194.790 194.995 195.269
194.771 194.927 195.163
194.693 194.864 195.377
194.654 194.931 195.338
194.636 194.847 194.989
194.549 194.874 195.364
194.837 194.986 195.366
194.761 195.038 195.349
194.649 194.975 195.353
194.667 194.756 194.879
194.907 195.042 195.334
194.696 195.092 195.565
194.818 195.020 195.306
194.661 195.587 196.498
194.636 194.815 195.137
194.683 195.130 195.956
194.653 194.930 195.213
194.760 194.909 195.001
194.823 195.256 196.107
194.572 194.734 194.951
194.655 195.080 195.501
194.679 194.888 195.085
194.725 195.055 195.304
194.876 195.155 195.469
194.664 195.228 195.510
194.707 194.983 195.391
194.700 194.818 194.993
194.612 194.856 195.025
194.718 194.956 195.096
194.658 194.994 195.316
194.716 194.937 195.201
194.654 195.030 195.187
194.613 194.834 195.104
194.706 195.002 195.306
194.711 195.233 195.689
194.611 194.814 195.394
194.927 195.010 195.169
194.683 194.908 195.227
194.600 194.906 195.622
194.721 195.135 195.742
194.750 194.808 194.900
194.651 194.942 195.151
194.728 194.998 195.257
194.631 194.868 195.254
194.760 195.067 195.304
194.549 194.773 195.499
194.762 194.919 195.238
194.618 194.813 195.024
194.623 194.910 195.109
194.657 195.102 195.328
194.834 195.053 195.151
194.624 194.853 195.016
194.746 194.980 195.636
194.623 194.948 195.213
194.711 194.894 195.235
194.677 195.076 195.557
194.730 195.045 195.321
194.691 195.022 195.485
194.731 194.867 195.093
194.652 194.961 195.482
194.839 195.122 195.618
194.618 195.006 195.231
194.564 194.824 194.994
194.634 195.030 195.242
194.696 194.882 195.179
194.517 194.894 195.320
194.683 194.920 195.037
194.857 195.238 195.917
194.685 194.789 194.860
194.760 194.887 195.071
194.826 195.154 195.484
194.648 194.960 195.141
194.669 194.962 195.375
194.718 194.815 195.015
194.648 194.951 195.344
194.701 194.838 195.057
194.751 194.956 195.142
194.710 194.900 195.197
194.730 195.093 195.327
194.706 194.868 195.034
194.558 194.699 194.865
194.578 194.702 194.868
194.708 194.935 195.403
194.684 194.955 195.286
194.843 195.493 196.334
194.575 195.288 196.771
194.761 194.886 195.263
194.648 194.810 195.061
194.622 194.683 194.768
194.587 194.974 195.325
194.678 194.977 195.233
194.632 194.711 194.908
194.764 194.960 195.124
194.697 194.781 194.949
194.720 195.041 195.490
194.803 195.089 195.561
194.713 194.849 194.957
194.571 194.966 195.538
194.524 194.675 194.945
194.531 194.696 194.885
194.624 194.856 195.346
194.589 194.760 195.312
194.596 194.765 194.922
194.589 194.790 194.897
194.826 194.947 195.309
194.684 194.819 195.196
194.628 194.861 195.192
194.658 194.875 195.120
194.668 194.752 194.848
194.654 194.806 194.986
194.711 194.892 195.288
194.693 194.877 195.154
194.668 194.851 195.117
194.579 194.809 195.272
194.566 195.145 195.431
194.670 194.874 195.004
194.911 195.127 195.452
194.703 194.849 194.953
194.697 194.845 194.990
194.739 194.826 194.892
194.598 194.941 195.540
194.680 194.893 195.227
194.668 194.874 195.270
194.843 195.128 195.441
194.694 194.810 194.953
194.692 195.053 195.298
194.741 194.859 195.012
194.663 194.917 195.081
194.706 194.906 195.138
194.727 195.018 195.509
194.697 194.901 195.381
194.663 194.850 195.048
194.735 194.963 195.325
194.706 195.139 195.669
194.866 195.087 195.203
194.652 194.998 195.385
194.692 195.014 195.212
194.672 194.881 195.251
194.620 194.808 194.887
194.848 194.951 195.190
194.623 194.861 195.243
194.656 194.919 195.486
194.698 195.043 195.462
194.578 194.762 194.924
194.578 194.795 195.262
194.904 195.122 195.320
194.953 195.037 195.291
194.848 194.995 195.298
194.716 195.126 195.465
194.632 194.884 195.115
194.650 194.940 195.358
194.812 195.353 197.076
194.521 194.983 195.572
194.728 195.075 195.967
194.654 194.976 195.257
194.548 194.919 195.301
194.741 195.237 195.857
194.534 195.083 196.079
194.672 194.856 195.244
194.628 194.901 195.266
194.663 195.143 195.481
194.606 194.927 195.171
194.794 194.997 195.306
194.994 195.163 195.351
194.751 194.913 195.076
194.791 195.055 195.289
194.794 195.072 195.356
194.639 194.949 195.491
194.681 194.962 195.166
194.669 195.966 199.127
194.569 194.921 195.249
194.664 194.857 194.989
194.658 194.868 195.136
194.658 194.927 195.135
194.814 195.121 195.492
194.676 194.994 195.347
195.032 195.135 195.369
194.896 195.109 195.615
194.653 194.923 195.146
194.695 195.139 195.478
194.805 195.156 195.402
195.049 195.182 195.331
194.964 195.263 195.621
195.007 195.176 195.309
194.806 195.021 195.143
194.586 195.113 195.717
194.895 195.146 195.385
194.675 195.096 195.360
194.961 195.080 195.195
194.782 195.215 195.479
194.931 195.252 195.615
194.739 195.124 195.482
194.797 195.016 195.162
194.806 195.179 195.966
194.675 194.907 195.177
195.070 195.290 195.681
195.037 195.201 195.315
195.108 195.298 195.560
195.038 195.235 195.685
194.778 195.252 195.590
194.849 195.275 195.543
194.961 195.362 195.658
194.588 194.873 195.256
195.020 195.193 195.345
194.700 195.216 195.838
195.193 195.416 195.595
194.892 195.122 195.453
194.722 195.067 195.379
194.894 195.240 195.889
194.754 195.111 195.433
194.825 195.068 195.217
195.032 195.326 195.689
194.986 195.265 195.592
194.785 195.121 196.157
194.778 195.122 195.837
194.774 195.001 195.266
194.805 195.108 195.394
194.728 195.089 195.249
194.852 195.175 195.751
194.927 195.062 195.281
194.610 195.088 195.704
194.996 195.322 195.948
194.733 195.119 195.365
194.810 195.146 195.339
194.754 194.891 195.025
194.780 195.047 195.391
194.911 195.195 195.687
194.800 195.126 195.396
194.682 195.332 195.811
195.088 195.209 195.397
194.820 195.096 195.477
194.985 195.192 195.405
195.348 195.604 196.248
194.786 195.444 195.988
194.987 195.276 195.738
194.772 195.296 195.681
194.770 195.464 196.073
194.891 195.035 195.287
194.804 195.112 195.904
194.706 195.241 195.948
194.862 195.250 195.631
195.247 195.525 196.056
195.042 197.043 204.776
194.746 195.133 195.791
194.908 195.392 195.875
194.894 195.222 195.497
195.054 195.271 195.708
194.748 195.243 195.598
194.760 195.114 195.383
195.057 195.375 195.765
195.006 195.342 195.971
195.261 195.462 195.813
195.602 195.883 196.315
194.891 195.149 195.353
195.231 195.517 196.226
194.737 195.178 195.632
194.983 195.421 195.899
194.711 195.153 196.111
195.323 195.672 196.010
194.884 195.182 195.459
194.621 195.250 195.520
195.118 195.459 196.071
194.732 195.173 195.970
194.637 195.092 195.321
194.832 195.087 195.269
194.978 195.180 195.447
194.869 195.483 196.176
194.741 195.050 195.299
194.772 195.293 195.801
194.890 195.275 195.518
195.036 195.791 197.419
194.856 195.076 195.417
194.961 195.396 195.855
195.002 195.278 195.687
194.900 195.520 196.291
194.847 195.317 196.376
195.334 197.524 203.012
194.970 195.155 195.626
195.078 195.267 195.490
195.011 195.410 195.840
194.826 195.321 195.921
194.680 194.887 195.216
194.656 194.952 195.486
194.913 195.405 196.104
194.940 195.597 197.091
194.990 195.401 196.003
194.760 195.069 195.736
194.867 195.138 195.642
194.710 195.109 195.427
194.797 195.195 195.509
194.858 195.396 196.453
194.989 195.121 195.194
194.833 195.260 195.706
195.186 195.517 195.973
194.952 195.350 196.161
194.648 195.054 195.398
194.896 195.277 195.668
194.807 195.219 195.669
194.736 195.105 195.464
194.837 195.084 195.353
194.765 195.014 195.160
194.642 195.431 195.923
194.762 195.194 195.452
194.996 195.297 195.696
194.748 195.048 195.344
194.817 195.189 195.979
194.777 195.042 195.330
195.033 195.408 195.832
194.723 195.141 195.924
195.062 195.247 195.668
194.891 195.128 195.365
194.869 195.329 195.919
194.818 194.990 195.126
194.678 195.216 196.546
194.860 195.145 195.528
194.663 195.307 195.888
194.585 195.421 196.590
194.643 195.021 195.352
194.884 195.227 195.468
194.758 195.327 195.974
194.601 195.116 195.484
194.691 195.043 195.352
194.651 194.941 195.276
194.839 195.240 195.748
194.765 195.010 195.417
194.701 195.052 195.477
194.949 195.202 195.352
195.053 195.301 195.787
194.871 195.246 195.815
194.835 195.044 195.347
194.898 195.223 195.698
194.896 195.314 195.831
194.794 195.218 195.616
194.699 195.069 195.522
194.541 195.134 195.848
194.845 195.193 195.592
194.841 195.054 195.266
194.764 194.984 195.215
194.978 195.248 195.542
194.722 195.196 195.751
194.676 194.972 195.249
195.036 195.291 195.773
194.797 195.098 195.640
194.839 195.326 196.040
195.022 195.445 196.157
195.090 195.833 196.419
194.833 195.256 195.920
195.004 195.233 195.443
194.822 195.314 196.260
195.098 195.504 196.055
195.102 195.375 195.593
194.962 195.205 195.342
195.042 195.566 196.279
194.968 195.518 196.765
195.033 195.359 195.744
195.023 195.549 195.910
194.852 195.600 196.635
194.905 195.112 195.312
194.702 195.418 196.888
194.597 194.961 195.324
194.851 195.087 195.406
194.679 195.031 195.573
195.019 195.220 195.403
194.977 195.234 195.404
194.890 195.449 196.707
194.634 195.221 196.481
194.621 195.132 195.884
194.704 195.077 195.538
194.858 195.286 195.907
195.113 195.428 195.839
194.795 195.028 195.289
195.082 195.357 195.819
194.905 195.354 195.758
195.021 195.952 197.910
195.061 195.411 195.887
194.820 195.408 196.026
194.971 195.283 195.412
194.547 194.976 195.136
195.309 195.605 195.850
194.779 195.500 196.458
194.819 195.018 195.191
194.908 195.149 195.547
194.578 195.166 196.375
194.571 195.112 195.693
194.822 195.102 195.593
194.787 195.252 195.718
194.739 195.070 195.266
194.589 195.345 196.248
195.119 195.373 195.705
194.565 195.236 196.484
194.927 195.335 195.782
194.966 195.290 195.667
194.888 195.056 195.228
194.840 195.082 195.267
194.828 195.337 195.904
194.902 195.375 196.001
195.118 195.649 196.235
194.673 195.190 195.922
194.583 194.859 195.265
194.917 195.122 195.465
194.770 195.196 196.155
195.066 195.137 195.202
194.705 194.964 195.178
194.900 195.009 195.337
194.948 195.145 195.248
194.630 195.054 195.593
195.017 195.514 196.008
195.147 195.368 195.798
195.191 195.843 197.562
194.825 195.361 196.214
194.968 195.269 195.842
194.738 195.250 195.874
194.753 195.047 195.369
195.046 195.920 196.962
195.109 195.358 195.582
194.853 195.235 195.695
194.734 195.256 196.337
195.089 195.447 196.251
195.030 195.266 195.413
194.776 195.481 196.202
194.888 195.259 195.764
194.847 195.214 195.576
194.869 195.193 195.601
194.880 195.232 195.451
194.695 195.426 196.195
194.730 195.073 195.217
194.783 195.077 195.234
195.089 195.403 195.823
195.049 195.406 195.924
194.805 195.577 196.682
195.035 195.395 196.106
195.050 195.626 196.565
194.861 195.284 195.718
194.708 195.340 196.112
194.867 195.197 195.538
194.949 195.305 195.975
194.976 195.492 196.245
195.004 195.352 196.322
195.151 195.671 196.864
195.221 195.610 196.032
194.743 195.368 196.158
194.919 195.167 195.629
195.033 195.270 195.698
194.748 195.116 195.405
195.041 195.752 196.775
195.103 195.525 195.781
195.144 195.590 196.462
194.854 195.344 195.766
195.132 195.319 195.446
194.938 195.337 195.871
195.037 195.360 195.794
195.054 195.547 196.420
194.835 195.333 195.909
194.945 195.561 196.073
194.672 195.150 195.467
194.974 195.440 196.002
194.816 195.182 195.377
194.904 195.181 195.530
194.922 195.535 196.196
195.035 195.142 195.207
195.043 195.312 195.681
194.720 195.379 195.953
194.872 195.533 197.174
194.897 195.402 195.830
194.960 195.208 195.458
195.172 195.737 196.380
194.669 195.080 195.424
195.192 195.320 195.455
195.174 195.413 195.884
195.029 195.425 196.053
194.775 195.125 195.469
194.863 195.327 195.845
195.061 195.318 195.727
195.193 195.632 196.102
194.891 195.291 196.055
194.866 195.191 195.495
194.630 195.288 195.781
195.063 196.021 197.157
195.130 195.244 195.340
195.274 195.533 195.693
195.004 195.366 195.874
195.041 195.945 197.109
194.627 195.071 195.691
194.930 195.416 195.876
195.070 195.265 195.462
194.718 195.468 196.130
194.830 195.184 195.489
194.791 195.282 196.108
194.613 195.142 195.619
195.427 195.785 196.146
194.974 195.179 195.539
195.185 195.382 195.588
194.979 195.185 195.377
194.823 195.710 196.754
195.361 195.901 196.395
194.521 194.918 195.208
195.197 195.369 195.553
195.263 195.803 196.635
194.963 195.470 196.173
196.217 197.015 198.215
195.214 196.039 197.109
195.304 195.527 196.204
194.851 195.469 196.103
194.984 195.274 195.893
194.901 195.393 196.122
195.056 195.254 195.528
194.972 195.112 195.262
195.055 195.617 196.752
195.080 195.360 195.733
194.743 195.626 196.277
195.204 195.378 195.645
194.856 195.473 196.571
195.202 195.673 196.083
194.951 195.202 195.385
194.686 195.028 195.389
195.027 195.406 195.538
195.390 195.510 195.751
194.760 195.235 195.490
194.978 195.472 196.003
194.747 195.073 195.346
194.893 195.271 195.613
194.957 195.465 196.107
194.726 195.178 195.481
194.765 195.101 195.614
195.077 195.378 195.898
194.769 195.262 195.940
194.893 195.202 195.567
195.084 195.522 196.191
194.916 195.369 196.079
194.904 195.264 195.893
194.909 195.401 196.245
195.141 195.502 196.096
195.147 195.365 195.545
195.256 195.598 196.123
194.945 195.250 195.512
194.943 195.217 195.433
194.898 195.124 195.367
194.898 195.885 196.978
195.023 195.346 196.092
195.735 196.705 198.412
194.883 195.295 196.209
194.806 195.286 196.303
194.839 195.147 195.411
195.025 195.407 195.769
195.320 195.867 196.524
195.111 195.517 195.912
194.771 195.493 195.968
194.953 195.224 195.551
195.128 195.451 195.748
194.877 195.244 195.676
194.876 195.410 196.450
195.204 195.522 196.119
194.814 195.192 195.636
195.027 195.265 195.552
195.017 195.566 196.126
194.751 195.096 195.494
194.995 195.256 195.489
195.096 195.324 195.572
194.993 195.413 196.325
195.209 195.552 195.958
194.552 195.372 195.748
195.023 195.709 196.218
195.063 195.248 195.613
194.700 195.136 195.569
194.687 195.813 196.850
194.714 195.361 196.219
194.676 195.532 196.076
194.998 195.381 195.816
194.839 195.304 195.803
194.946 195.441 196.443
195.076 195.473 196.101
194.832 195.069 195.382
195.278 195.380 195.473
194.826 195.479 196.019
195.337 195.862 197.242
194.961 195.622 196.683
195.187 195.402 195.835
194.864 195.625 197.071
195.171 195.578 196.446
195.164 195.406 195.569
195.173 195.453 195.789
194.780 195.622 196.337
194.874 195.047 195.223
194.998 195.555 196.358
195.377 195.734 196.332
195.213 195.621 196.068
195.229 195.695 196.137
195.007 195.370 196.023
195.073 195.481 196.144
194.749 195.463 196.535
195.583 195.702 195.857
194.790 195.263 195.821
194.832 195.128 195.461
195.465 195.812 196.292
194.987 195.278 195.509
194.960 195.146 195.344
194.835 195.481 196.720
194.745 195.347 195.875
195.315 195.588 196.048
195.014 195.595 195.978
194.807 195.081 195.423
194.849 195.062 195.469
194.988 195.426 195.986
195.018 195.258 195.595
194.838 195.466 196.270
194.897 195.396 196.242
194.834 195.389 195.999
194.829 195.572 196.178
195.006 195.401 195.693
194.751 195.352 195.951
195.050 195.665 196.098
194.934 195.406 195.783
194.970 195.220 195.629
195.177 195.461 195.735
194.953 195.437 195.771
194.964 195.148 195.252
195.115 195.465 195.775
194.722 195.218 195.772
195.041 195.451 196.195
195.117 195.452 195.785
194.791 195.381 196.152
194.873 195.271 195.742
194.866 195.069 195.346
195.245 195.507 195.884
194.785 195.176 195.418
194.987 195.453 196.083
194.702 195.263 195.891
195.082 195.620 196.552
194.982 195.291 195.662
194.993 195.632 196.506
195.485 195.868 196.934
195.113 195.301 195.427
194.794 195.392 196.115
194.894 195.708 197.016
194.845 195.486 196.135
195.149 195.473 195.826
194.830 195.390 196.178
195.237 195.956 197.372
194.870 195.993 197.079
195.304 195.991 196.391
195.096 195.793 196.634
195.123 195.509 196.141
195.033 195.499 196.127
195.128 195.345 195.572
194.899 195.175 195.462
195.165 195.743 196.269
195.079 195.540 196.050
195.233 195.673 196.476
194.760 195.605 196.151
194.614 195.125 195.382
194.937 195.457 196.174
195.122 195.514 196.208
195.424 196.040 196.613
194.981 195.411 195.756
195.138 195.523 196.017
194.883 195.408 196.334
194.687 195.418 195.952
195.236 195.463 195.806
194.789 195.166 195.738
195.044 196.059 196.709
195.189 195.548 196.037
195.202 195.766 196.375
194.955 195.466 196.241
194.991 195.382 196.177
195.056 195.344 195.846
195.046 195.643 196.215
194.989 195.374 195.659
195.130 195.542 196.031
194.907 195.573 196.187
194.825 195.286 195.938
194.965 195.222 195.586
194.997 195.547 196.161
195.160 195.689 196.212
194.980 195.706 196.426
194.940 195.102 195.239
195.670 196.123 196.684
195.227 195.699 196.262
194.891 196.055 197.203
195.143 195.580 196.313
194.904 195.747 196.575
194.943 195.328 195.611
195.098 195.905 196.578
194.830 195.476 196.082
195.916 196.189 196.529
194.840 195.189 195.696
194.875 195.292 195.962
194.703 195.584 195.996
195.111 195.336 195.865
195.308 195.693 196.598
195.115 195.544 196.096
195.139 195.549 195.875
194.733 195.538 196.993
194.746 195.101 195.434
195.064 195.341 196.137
195.181 195.421 195.612
194.678 195.292 196.252
195.202 195.501 195.923
194.653 195.017 195.909
194.869 195.380 195.662
195.012 195.243 195.589
195.077 196.048 197.652
194.942 195.436 196.086
194.967 195.269 195.520
195.252 195.388 195.627
195.101 195.499 195.912
194.985 195.477 196.364
195.335 195.481 195.610
194.832 195.252 195.817
194.752 195.170 195.756
194.849 195.303 195.901
194.927 195.448 195.933
194.920 196.045 196.998
195.007 195.263 195.529
194.856 195.383 196.340
194.798 195.026 195.304
194.824 195.185 195.371
195.176 195.547 196.276
194.781 195.138 195.672
194.767 195.162 196.242
194.824 195.224 195.727
194.885 195.538 196.396
194.832 195.419 196.360
194.684 195.305 196.069
194.805 195.172 195.631
