197.309 198.211 199.138
197.547 197.934 198.669
197.713 198.131 199.017
197.503 197.737 198.002
197.371 197.692 198.267
198.337 198.569 198.832
198.310 198.503 198.673
198.296 198.811 199.648
198.556 199.182 200.919
198.379 199.297 201.771
198.257 198.433 198.724
198.475 198.672 198.980
198.268 199.305 201.278
198.185 199.641 201.850
198.362 198.883 199.520
198.590 198.944 199.325
198.464 198.700 198.866
198.462 198.596 198.896
198.445 199.061 200.028
198.385 198.641 198.816
198.499 198.787 199.370
198.426 198.631 198.727
198.286 198.623 198.834
198.503 198.963 199.794
198.211 198.495 198.809
198.563 198.990 199.927
198.398 198.617 198.782
198.441 198.953 200.171
198.412 198.463 198.523
198.580 198.907 199.426
198.338 198.772 199.311
198.331 198.647 199.054
198.310 198.514 198.633
198.181 198.649 199.370
198.410 198.555 198.889
198.278 198.497 198.792
198.336 198.496 198.790
198.515 198.863 199.648
198.147 198.628 198.937
198.366 198.547 198.812
198.513 198.659 198.752
198.456 198.796 199.345
198.174 198.416 198.653
198.516 199.203 199.801
198.551 198.749 199.067
198.244 198.467 198.638
198.370 198.600 199.017
198.326 198.393 198.445
198.470 198.776 198.913
198.294 198.899 200.548
198.395 198.564 198.762
198.321 198.652 199.095
198.434 198.706 199.325
198.240 198.462 198.639
198.428 200.047 204.034
198.350 198.578 198.999
198.424 198.866 199.519
198.536 198.787 199.620
198.361 198.719 199.138
198.420 198.822 199.302
198.469 199.038 199.954
198.445 198.630 198.967
198.647 199.835 203.049
198.496 198.756 199.070
198.291 198.660 199.363
198.432 198.559 198.722
198.179 198.535 198.946
198.255 198.721 199.274
198.496 198.670 198.835
198.393 198.434 198.525
198.697 199.235 200.163
198.491 198.770 199.226
198.370 198.746 199.325
198.462 198.650 198.939
198.562 198.840 199.304
198.270 198.625 199.086
198.486 198.723 199.028
198.347 198.576 198.984
198.536 198.764 199.282
198.317 198.514 198.720
198.258 198.414 198.534
198.273 199.060 200.366
198.406 198.708 199.154
198.588 199.052 200.015
198.443 198.602 198.821
198.419 198.813 199.096
198.165 199.470 201.029
198.586 198.787 198.959
198.404 198.740 199.304
198.215 198.545 199.148
198.602 198.717 198.782
198.500 198.647 198.874
198.620 198.985 199.483
198.565 198.803 199.300
198.419 199.081 200.614
198.431 198.908 199.903
198.254 198.446 198.620
198.267 198.534 198.695
198.369 198.726 198.917
198.390 198.576 198.876
198.409 198.605 198.778
198.280 198.513 198.762
198.464 198.631 198.947
198.201 198.638 199.104
198.207 198.585 199.132
198.271 198.517 198.812
198.337 198.627 198.902
198.201 198.498 198.715
198.498 198.745 199.275
198.435 198.693 198.846
198.214 198.590 199.014
198.306 198.784 199.827
198.427 199.014 200.667
198.491 198.884 199.332
198.350 198.524 198.725
198.388 198.529 198.744
198.469 198.591 198.824
198.488 198.700 199.143
198.492 199.071 200.845
198.333 198.936 200.337
198.313 198.489 198.658
198.210 198.452 198.897
198.313 198.572 198.896
198.359 198.753 199.394
198.378 198.983 200.635
198.523 198.816 199.144
198.429 198.652 198.819
198.317 198.913 199.982
198.366 198.492 198.606
198.298 198.625 198.820
198.601 198.810 199.110
198.383 198.591 198.932
198.438 198.692 199.145
198.364 198.665 199.060
198.081 198.593 198.850
198.294 199.302 201.103
198.531 198.934 199.851
198.539 198.622 198.674
198.407 198.642 198.731
198.369 198.695 199.052
198.134 198.605 199.058
198.555 198.605 198.656
198.453 198.657 199.135
198.490 198.863 199.846
198.296 198.627 198.966
198.418 198.553 198.853
198.393 198.757 198.963
198.397 198.660 198.864
198.492 198.658 198.799
198.348 198.612 198.817
198.520 198.626 198.686
198.593 198.841 199.050
198.689 198.927 199.292
198.618 198.765 199.205
198.448 198.607 198.771
198.491 198.883 199.265
198.630 199.257 200.499
198.498 198.622 198.795
198.268 198.531 198.817
198.343 198.528 198.754
198.391 198.620 198.876
198.552 198.911 199.706
198.384 198.575 198.707
198.489 198.611 198.761
198.561 198.694 198.967
198.447 198.686 198.957
198.387 198.805 199.388
198.503 198.679 198.843
198.568 198.906 199.522
198.379 198.517 198.687
198.520 198.636 198.970
198.373 198.893 199.451
198.479 198.583 198.714
198.344 198.737 199.140
198.247 198.660 199.075
198.483 199.062 199.486
198.342 198.676 198.942
198.235 198.677 199.873
198.345 198.577 199.050
198.407 198.669 198.885
198.394 198.787 199.406
198.614 199.191 201.373
198.527 198.676 198.772
198.375 198.663 199.218
198.421 198.747 199.026
198.392 198.684 199.075
198.514 199.062 199.681
198.565 199.083 199.885
198.487 198.706 199.075
198.391 198.551 198.716
198.658 198.941 199.474
198.348 198.996 200.734
198.498 199.143 200.357
198.473 198.825 199.150
198.405 198.754 199.652
198.292 199.321 202.250
198.498 198.839 199.115
198.316 198.760 199.952
198.306 198.679 199.070
198.378 198.725 198.989
206.692 221.468 234.322
198.362 198.607 198.780
198.440 198.678 198.851
198.519 198.755 199.033
198.496 198.982 199.232
198.343 198.666 198.940
198.462 198.625 198.786
198.449 198.794 199.421
198.404 199.065 200.427
198.442 198.571 198.729
198.378 198.629 198.845
198.536 198.839 199.379
198.424 198.746 199.350
198.508 198.806 199.381
198.467 198.988 200.461
198.514 198.851 199.576
198.172 198.885 200.091
198.388 198.744 199.396
198.388 198.543 198.706
198.448 198.708 199.212
198.573 198.727 199.005
198.351 198.563 198.836
198.461 198.889 199.717
198.418 199.070 201.074
198.595 198.946 199.575
198.458 198.880 199.452
198.370 198.641 198.950
198.451 198.583 198.757
198.318 198.610 198.925
198.508 198.792 199.180
198.326 198.604 198.859
198.660 199.089 200.253
198.599 198.699 198.835
198.440 198.642 198.915
198.636 198.853 199.322
198.485 198.622 198.701
198.401 198.641 198.934
198.361 198.539 198.917
198.523 198.852 199.825
198.518 198.801 199.140
198.560 198.727 198.922
199.114 199.446 199.710
199.151 199.533 200.033
199.383 200.124 202.264
198.830 199.147 199.321
198.669 199.327 200.199
198.984 199.170 199.460
198.868 200.104 202.787
198.992 199.218 199.966
198.737 199.423 200.183
199.968 200.463 201.646
199.994 200.211 200.417
199.807 200.102 200.469
200.002 200.228 200.501
200.000 200.338 201.197
199.908 200.112 200.445
200.111 200.493 200.946
199.809 200.160 200.375
199.797 200.009 200.409
200.081 200.177 200.254
200.225 200.520 200.972
200.361 200.710 201.919
200.430 200.635 201.012
200.182 200.795 202.303
200.378 200.659 200.891
200.265 200.820 201.644
200.453 200.625 200.872
200.211 200.511 201.047
200.636 201.094 201.472
200.222 200.425 200.691
200.379 200.796 201.309
200.422 200.756 201.485
200.132 200.797 202.036
200.402 200.778 200.955
200.543 201.336 202.382
200.345 200.892 202.380
200.292 201.018 201.997
200.488 201.152 202.386
200.327 200.637 200.921
200.153 200.549 200.824
200.508 200.635 200.833
200.410 200.714 201.519
200.554 200.731 200.907
200.444 200.694 201.184
200.488 200.774 201.380
200.504 201.108 202.331
200.406 200.633 201.239
200.388 200.521 200.717
200.627 201.017 201.784
200.458 201.014 201.847
200.371 200.749 201.013
200.432 200.619 200.824
200.551 259.117 492.484
200.317 200.611 200.930
200.382 200.713 201.190
200.527 200.680 200.868
200.529 200.785 201.463
200.499 200.954 201.623
200.440 200.717 201.278
200.247 200.625 200.871
200.079 200.350 200.527
200.345 200.806 201.858
200.429 200.729 201.123
200.287 200.605 201.130
200.236 200.812 201.396
200.455 200.797 201.019
200.366 200.698 200.979
200.316 200.670 200.924
200.255 200.510 200.751
200.619 201.039 201.891
197.080 197.383 197.861
196.841 197.416 198.656
196.875 197.115 197.379
197.169 197.493 198.114
196.871 197.624 198.366
197.047 197.211 197.631
196.821 197.164 197.313
196.892 197.161 197.542
196.917 197.857 200.256
196.777 197.354 198.884
197.048 197.192 197.437
196.901 197.210 198.170
196.603 197.161 197.853
196.702 197.003 197.514
196.997 197.094 197.243
197.018 197.716 198.849
196.968 197.284 197.862
196.527 197.209 197.755
197.069 197.376 197.714
197.529 198.784 200.061
196.869 197.361 197.712
196.972 197.224 198.068
196.957 197.797 199.406
196.868 197.094 197.337
196.760 197.197 197.621
196.996 197.275 197.921
196.876 197.798 198.836
196.857 197.532 198.344
196.818 197.490 198.240
196.882 197.211 197.379
196.908 197.033 197.248
196.779 197.092 197.795
196.790 196.988 197.155
197.083 197.287 197.522
196.943 197.029 197.286
196.816 197.407 198.207
196.819 196.942 197.095
196.793 196.946 197.135
196.864 197.030 197.150
196.786 197.119 197.318
196.815 196.959 197.099
196.715 197.029 197.375
196.860 196.991 197.090
196.976 197.486 198.011
197.388 197.662 198.019
197.006 197.730 199.170
197.012 197.686 198.788
196.787 197.125 197.969
196.798 197.279 197.674
196.897 197.070 197.319
197.005 197.433 198.295
197.003 197.230 197.710
197.106 197.254 197.496
196.839 197.086 197.309
196.688 196.947 197.096
196.997 197.274 197.679
196.865 197.436 198.692
196.829 197.481 198.392
196.913 197.039 197.136
197.014 197.371 197.947
197.093 197.219 197.275
196.834 197.031 197.130
196.926 197.127 197.548
196.899 197.190 197.664
196.738 197.031 197.246
196.699 197.311 198.379
196.810 197.025 197.186
196.799 197.115 197.703
196.888 197.612 198.472
196.687 197.179 198.372
196.937 197.293 197.670
197.096 197.398 197.733
197.016 197.497 198.265
196.874 196.992 197.123
196.774 197.569 198.637
197.214 197.710 198.903
196.819 197.381 198.904
196.955 197.100 197.219
198.350 199.322 200.938
198.581 198.666 198.739
198.532 198.818 199.261
198.658 199.020 200.167
198.276 198.614 199.217
198.236 198.591 198.853
198.463 198.721 199.001
198.401 198.552 198.730
198.493 198.887 199.440
198.568 198.658 198.787
198.338 198.586 199.089
198.496 198.633 198.878
198.377 198.503 198.704
198.391 198.601 199.245
198.686 198.822 198.951
198.330 198.647 198.941
198.444 199.066 200.522
198.539 198.783 198.979
198.425 198.731 198.931
198.310 198.685 199.172
198.273 198.653 198.840
198.255 198.559 199.099
198.600 198.882 199.371
198.474 198.632 198.739
198.458 198.616 198.764
198.452 198.760 199.583
198.451 198.748 199.054
198.561 199.040 200.095
198.527 199.389 200.664
198.523 198.770 199.076
198.209 198.279 198.442
198.167 198.335 198.725
198.071 198.393 198.946
198.062 198.267 198.558
198.127 198.295 198.523
198.336 198.950 199.570
198.356 199.000 199.694
198.119 198.669 199.813
198.195 198.366 198.536
198.229 198.308 198.366
198.281 198.396 198.452
198.187 198.333 198.500
197.859 198.233 198.749
198.208 198.502 199.272
198.118 198.356 198.534
198.122 198.259 198.338
198.068 198.350 198.482
197.981 198.347 199.040
198.118 198.275 198.436
198.180 198.999 199.934
198.148 198.688 200.366
198.052 198.134 198.278
197.965 198.148 198.312
198.134 198.486 198.766
198.095 198.301 198.481
198.042 198.538 199.512
198.067 198.524 199.416
198.183 198.447 198.732
197.990 198.466 199.035
198.142 198.313 198.553
198.044 198.154 198.253
197.919 198.414 198.768
198.234 198.461 198.681
198.097 198.164 198.329
198.041 198.242 198.349
198.086 198.212 198.425
197.941 198.164 198.642
198.156 198.283 198.489
198.025 198.312 198.745
197.496 197.694 197.878
197.530 198.003 199.166
197.555 198.410 200.013
197.693 197.806 197.874
197.774 197.835 197.909
197.592 198.007 198.958
197.645 197.961 198.580
197.542 197.774 197.866
197.603 197.938 198.652
197.698 197.793 197.963
197.529 197.876 198.032
197.635 197.764 197.869
197.606 197.811 198.047
197.628 197.877 198.039
197.651 197.801 198.041
197.755 198.245 199.593
197.604 197.833 198.042
197.720 197.904 198.063
197.619 197.800 198.087
197.455 198.068 199.514
197.465 197.927 198.667
197.614 197.818 198.052
197.418 197.807 198.326
197.682 198.105 199.183
197.659 198.097 199.222
197.392 197.624 197.763
197.665 197.930 198.182
197.521 197.687 197.930
197.478 197.720 198.002
197.492 198.426 200.697
197.700 197.779 197.968
197.468 197.736 198.104
197.543 197.691 197.951
197.522 197.748 197.965
197.472 198.071 199.202
197.440 197.535 197.663
197.498 197.810 198.439
197.672 197.764 197.985
199.886 200.306 201.183
198.469 198.693 198.976
198.195 198.431 198.746
198.450 198.563 198.686
198.161 198.677 199.914
198.493 198.880 199.508
198.487 198.576 198.722
198.289 198.495 198.735
198.296 199.131 200.370
198.361 198.824 199.998
198.395 198.841 200.008
198.361 198.545 198.711
198.345 198.443 198.549
198.370 198.696 199.382
198.313 198.663 199.316
198.169 198.397 198.645
198.218 198.411 198.650
198.155 198.441 198.695
198.411 198.554 198.675
198.441 198.674 198.815
198.293 198.419 198.623
196.634 196.793 197.104
197.528 197.833 198.332
197.495 197.772 197.995
197.357 197.636 197.905
197.617 198.922 203.804
197.605 197.791 197.931
197.707 197.811 198.040
197.344 197.629 197.986
197.619 197.852 198.367
197.471 197.643 197.752
197.761 197.972 198.468
197.505 197.751 197.886
197.599 197.768 197.959
197.529 197.952 198.395
197.587 197.737 197.869
197.687 197.874 198.271
197.638 197.857 198.121
197.440 197.712 197.947
197.594 197.936 198.629
197.802 198.077 198.582
197.440 197.732 198.167
197.470 197.630 197.788
197.565 197.764 198.028
197.782 197.911 198.135
197.542 198.090 199.796
197.283 197.958 199.338
197.610 198.281 198.826
197.675 197.785 197.996
197.471 197.732 198.078
197.600 197.994 198.714
197.464 198.004 199.232
197.496 197.739 197.967
197.574 197.746 197.844
197.619 197.822 197.940
197.691 197.922 198.339
197.589 197.887 198.554
197.454 197.760 198.049
197.625 197.843 198.037
197.616 198.021 198.968
197.547 197.754 198.133
197.681 197.806 197.910
197.650 197.836 198.120
197.794 198.819 200.508
197.402 197.812 198.437
197.698 197.835 198.105
197.585 197.755 197.894
197.551 197.940 198.172
197.547 197.652 197.728
197.671 197.765 197.923
197.611 197.832 198.131
197.570 197.935 198.603
197.868 198.036 198.329
197.528 197.727 197.903
197.492 197.870 198.269
197.632 197.754 197.849
197.695 197.880 198.084
197.542 197.830 198.050
197.735 197.953 198.162
197.750 197.823 197.914
197.536 197.893 198.078
197.572 197.854 198.481
197.603 197.823 198.034
197.756 197.937 198.109
197.592 198.011 198.864
197.653 197.831 198.097
197.760 197.870 197.976
197.466 197.598 197.733
197.601 198.223 199.830
197.642 197.776 197.906
197.553 197.881 198.404
197.569 197.953 198.229
197.374 197.517 197.692
197.719 197.947 198.392
197.445 198.025 198.918
197.563 197.665 197.781
197.575 197.721 198.046
197.599 197.794 198.000
197.466 197.766 198.061
197.679 197.912 198.104
197.794 198.086 198.660
197.649 197.872 198.094
197.826 198.647 199.871
197.659 198.339 198.847
197.355 197.650 197.939
197.674 197.829 198.044
197.544 197.933 198.577
197.506 197.763 198.113
197.597 197.771 197.996
197.454 256.274 489.657
197.439 197.713 198.088
197.683 198.152 199.271
198.149 198.636 200.345
198.026 198.707 200.598
198.137 198.496 199.489
198.105 198.250 198.302
198.164 198.344 198.546
198.090 198.552 199.167
198.238 200.486 206.074
197.972 198.336 198.742
198.215 198.509 199.008
198.208 198.391 198.705
198.110 198.273 198.509
198.155 198.422 198.822
198.091 198.279 198.632
198.174 198.319 198.443
198.013 198.266 198.513
198.128 198.316 198.495
198.009 198.228 198.389
197.971 198.271 198.674
198.084 198.368 198.855
197.944 198.228 198.525
197.934 198.127 198.486
198.008 198.172 198.480
197.945 198.836 200.603
198.110 198.196 198.371
198.466 198.527 198.658
198.491 198.720 199.252
198.335 198.597 198.854
198.408 198.537 198.633
198.395 198.664 199.093
198.506 198.608 198.794
198.294 198.510 198.636
198.234 198.562 198.872
198.444 198.642 198.835
198.276 198.733 199.904
198.334 198.507 198.828
198.417 198.521 198.645
198.483 198.977 200.212
198.224 198.528 198.968
198.383 198.491 198.619
198.338 198.609 199.092
198.389 198.587 199.081
198.554 199.442 201.189
198.520 198.959 200.173
198.377 198.642 198.912
198.588 199.010 200.235
198.547 198.684 198.848
198.486 198.684 199.297
198.364 199.022 200.445
198.502 198.632 198.749
198.453 198.591 198.744
198.452 198.722 199.656
198.409 198.821 199.617
198.156 198.571 198.806
198.403 198.843 199.660
198.365 198.450 198.534
198.477 198.731 199.119
198.294 198.416 198.545
198.331 198.467 198.654
198.493 198.544 198.602
198.285 198.640 198.962
198.454 198.580 198.721
198.420 198.627 198.818
198.529 198.740 199.039
198.479 198.801 199.078
198.534 198.680 199.152
198.381 198.743 199.276
198.460 198.512 198.574
198.419 198.557 198.730
198.411 198.583 198.727
198.271 198.581 198.774
198.426 198.597 198.708
198.345 198.720 198.920
198.577 198.874 199.225
198.299 198.448 198.624
198.346 198.595 198.718
198.391 198.601 198.700
198.513 198.766 199.053
198.295 198.945 199.687
198.556 198.809 199.027
198.418 198.569 198.904
198.431 198.837 200.075
198.374 198.688 199.097
198.422 198.672 199.172
198.232 199.022 200.562
198.448 198.718 199.008
198.335 198.606 198.928
198.450 198.904 199.442
198.376 198.521 198.717
198.451 198.773 199.226
198.406 198.603 198.840
198.465 198.805 199.600
198.105 198.386 198.846
198.050 198.321 198.889
197.899 198.219 198.458
198.328 198.453 198.575
198.187 198.305 198.510
198.166 198.377 198.586
198.024 198.335 198.734
198.220 198.304 198.377
198.263 199.209 200.263
198.022 198.193 198.440
198.284 198.406 198.602
197.920 198.377 198.657
198.026 198.147 198.399
198.152 198.301 198.556
198.058 198.514 199.779
198.141 198.269 198.411
198.410 198.811 199.437
198.080 198.560 199.282
198.243 198.539 199.274
197.977 198.180 198.314
197.827 198.679 201.437
198.150 198.319 198.850
198.050 198.453 198.716
198.088 198.314 198.574
197.937 198.298 198.664
198.187 198.353 198.524
198.151 198.493 199.321
198.100 198.491 199.250
198.062 198.305 198.723
198.154 198.367 198.513
198.044 198.221 198.393
198.077 198.307 198.596
198.244 198.327 198.394
198.012 198.677 199.861
198.104 198.805 201.153
198.019 198.368 198.580
198.030 198.473 199.061
198.166 198.596 198.953
197.957 198.347 198.907
198.237 198.883 199.464
198.309 198.660 199.261
198.127 198.331 198.443
198.020 198.411 198.718
198.175 198.362 198.798
198.021 198.222 198.423
197.964 198.516 198.773
198.112 198.195 198.480
198.093 198.320 198.454
198.101 198.426 198.988
198.247 198.360 198.475
198.282 203.306 215.127
198.173 198.427 198.925
198.274 200.374 204.824
198.280 198.539 198.751
198.284 198.743 199.843
198.048 198.337 198.849
198.056 198.575 199.569
198.005 198.356 199.248
198.053 198.681 199.983
198.167 198.558 199.290
198.306 198.463 198.769
198.129 198.363 198.755
198.294 198.804 199.866
198.054 198.284 198.690
198.181 199.203 201.151
198.055 198.406 198.725
198.196 198.406 198.587
198.156 198.480 199.184
198.279 198.654 199.233
198.277 198.433 198.569
198.131 199.036 200.527
198.332 198.990 199.635
198.268 198.351 198.426
197.959 198.585 199.964
198.137 198.756 199.946
198.311 198.517 198.761
198.235 198.696 199.530
198.051 198.441 199.025
198.006 198.221 198.392
198.115 198.398 198.546
197.978 198.412 198.681
198.282 198.595 199.346
209.512 213.871 217.054
205.794 215.640 226.330
198.195 198.895 200.264
198.075 198.565 199.138
197.994 198.441 199.245
198.162 198.324 198.537
198.151 198.220 198.283
198.087 198.488 199.330
197.986 198.166 198.331
197.938 198.285 198.746
198.294 198.523 198.713
198.090 198.238 198.393
198.231 199.521 203.957
198.311 198.754 199.759
198.345 198.490 198.621
198.235 198.619 198.961
198.139 198.677 199.224
198.013 198.666 199.239
198.007 198.150 198.310
198.152 198.817 199.379
198.147 198.959 200.672
198.066 198.673 199.388
197.842 198.337 199.032
198.336 198.932 199.280
198.072 198.468 199.201
198.190 198.355 198.746
198.405 199.062 200.400
198.254 198.926 199.996
198.356 198.428 198.504
198.107 198.431 198.843
197.960 198.466 199.084
200.720 220.832 231.202
198.699 207.565 216.527
198.494 199.204 201.046
198.129 198.588 199.859
198.306 198.439 198.671
198.327 198.548 198.753
198.199 198.354 198.704
198.135 198.383 198.600
198.068 199.805 201.330
197.970 198.124 198.234
198.146 198.970 200.056
198.051 198.377 198.653
198.227 198.641 199.667
198.127 198.503 198.975
198.194 198.720 199.530
198.246 198.617 199.309
198.298 198.479 198.631
198.202 198.512 198.694
198.201 198.721 199.228
198.121 198.598 199.215
198.112 198.240 198.339
198.207 198.569 199.161
198.221 199.017 199.803
198.365 198.712 199.166
197.986 198.296 198.517
198.207 198.630 199.176
198.303 198.624 199.024
198.157 198.594 199.706
198.640 199.627 202.308
198.243 198.650 199.229
198.066 198.519 199.115
198.265 199.194 200.158
198.451 199.100 200.039
198.048 198.420 198.825
198.310 198.521 198.853
198.201 198.512 198.810
198.198 198.761 199.862
198.303 199.150 200.720
198.240 198.846 199.961
198.305 198.848 199.791
198.325 198.710 199.472
198.355 198.646 199.369
198.091 198.580 199.440
198.335 198.449 198.567
198.089 198.445 198.634
198.300 198.833 199.893
198.216 198.340 198.462
198.298 198.435 198.580
198.360 198.646 199.280
198.313 199.141 200.979
198.327 198.612 198.989
198.403 198.752 199.254
198.170 198.454 198.965
198.056 198.573 199.225
198.183 198.619 199.019
198.228 198.715 199.081
198.332 198.704 199.100
198.370 198.707 199.075
198.429 198.678 198.977
198.380 198.495 198.619
198.024 198.358 198.745
198.232 198.941 199.917
198.532 198.990 199.463
198.276 198.556 198.921
198.246 198.483 198.800
198.146 199.002 200.268
198.254 198.480 199.205
198.016 198.444 198.843
198.107 198.424 198.764
198.277 198.449 198.541
198.078 198.565 199.024
198.318 198.466 198.725
198.055 198.413 198.800
198.260 198.365 198.431
198.324 198.685 199.431
198.284 198.961 200.400
198.433 198.870 199.314
198.215 198.684 199.327
230.128 233.230 237.672
198.645 208.039 222.391
226.340 230.159 235.101
198.114 198.444 198.736
198.082 198.666 199.804
198.258 198.902 199.963
198.124 198.363 198.610
198.362 198.795 199.418
198.298 198.964 199.940
198.123 198.654 199.342
198.521 199.261 201.069
198.309 198.549 199.062
197.937 199.058 202.030
198.230 198.621 198.838
198.524 198.904 199.593
198.169 198.977 200.347
198.550 199.530 201.584
198.256 198.923 200.844
198.025 199.657 204.408
198.281 198.587 198.974
198.208 198.449 198.661
198.252 198.399 198.734
198.200 198.809 199.864
198.285 198.754 199.576
198.291 198.476 198.850
198.619 199.476 201.864
198.353 199.290 200.501
198.474 198.743 198.988
198.112 198.353 198.446
198.018 198.567 199.230
198.055 198.444 198.830
198.190 198.575 198.993
198.398 198.515 198.728
198.177 198.774 200.360
197.907 198.621 200.889
198.274 198.921 199.688
198.477 199.251 200.065
198.153 198.759 199.568
198.294 199.232 201.207
217.491 229.668 243.602
225.785 232.494 239.924
198.116 198.509 199.393
198.337 198.992 199.590
197.397 199.998 204.844
198.431 198.813 199.203
198.342 198.456 198.534
198.243 198.474 198.750
198.122 198.543 199.009
198.172 198.863 201.379
198.279 199.001 199.809
198.034 199.919 206.011
198.180 198.604 198.818
198.268 198.578 199.224
198.379 198.621 199.065
198.364 198.606 199.209
198.241 198.794 199.703
198.343 199.250 202.705
198.250 198.421 198.706
198.214 198.593 199.466
198.402 198.779 199.638
198.357 199.380 201.021
198.180 198.505 198.744
198.011 208.750 220.689
198.152 198.464 198.647
198.190 257.060 491.812
198.279 198.565 198.943
198.250 198.422 198.672
198.222 198.516 198.961
197.998 198.319 198.580
198.085 198.506 198.801
198.379 198.865 200.058
198.226 198.676 199.344
197.940 198.331 198.537
198.380 198.616 198.803
198.311 198.667 199.749
198.094 198.300 198.541
198.339 198.681 199.125
198.417 198.624 198.958
198.247 198.476 198.799
198.134 198.358 198.564
198.391 198.548 198.813
198.557 198.798 199.060
198.327 198.924 200.700
198.079 199.038 200.506
198.075 198.707 199.398
198.276 198.809 199.864
198.267 198.463 198.920
198.473 199.055 201.123
198.250 198.610 198.910
198.149 198.304 198.361
198.596 198.712 198.773
198.333 199.363 201.424
198.302 198.727 199.390
198.286 198.602 199.585
198.224 198.768 199.538
198.322 198.522 198.889
198.086 198.898 200.707
197.953 198.492 198.966
198.406 198.524 198.626
198.391 198.550 198.719
198.325 198.827 199.274
198.208 198.541 199.233
198.195 198.433 198.751
198.252 198.512 198.985
197.959 198.866 199.512
198.202 198.926 199.496
198.267 198.501 198.864
198.348 198.604 198.801
198.429 198.655 199.213
198.062 198.256 198.439
198.133 198.384 198.489
198.353 199.275 202.023
198.179 198.301 198.476
198.141 198.590 198.953
198.108 198.258 198.617
198.348 198.565 198.942
198.039 198.413 198.619
198.292 198.561 198.924
198.278 198.676 199.556
198.051 198.305 198.459
198.153 198.588 199.430
198.081 199.269 202.757
198.563 198.748 199.062
198.287 198.426 198.574
198.250 198.545 198.743
198.206 198.334 198.517
198.284 198.760 200.339
197.875 198.266 198.517
198.180 198.332 198.678
198.200 198.369 198.603
198.069 198.626 199.048
198.157 257.651 492.044
197.912 198.418 198.700
198.069 198.300 198.520
198.301 198.434 198.578
198.152 198.304 198.371
198.183 198.415 198.749
198.468 198.884 199.811
198.225 198.540 198.847
198.136 198.341 198.529
198.251 198.407 198.805
198.223 198.425 198.709
198.150 198.412 198.974
198.303 198.521 198.789
276.135 282.143 287.867
215.067 217.696 221.165
207.827 216.833 222.551
281.773 284.920 288.047
216.222 221.400 224.840
196.246 196.594 197.080
196.257 196.433 196.686
196.732 196.838 196.997
196.184 196.528 196.854
196.175 196.497 196.878
196.240 196.463 196.819
200.096 200.219 200.338
200.267 200.694 201.485
196.943 197.104 197.375
196.934 197.226 197.642
196.668 197.050 197.459
196.636 196.781 196.850
196.577 196.890 197.225
196.672 197.131 197.494
196.877 197.132 197.854
196.718 196.857 197.034
197.177 197.653 198.684
196.700 197.101 197.706
196.668 197.165 198.140
196.650 196.928 197.245
196.751 196.804 196.902
196.606 196.939 197.077
196.933 197.417 198.047
196.483 196.851 197.470
196.615 197.134 197.653
196.691 196.844 197.059
196.774 197.079 197.739
196.897 197.195 197.735
196.814 197.304 198.782
196.730 197.118 197.848
196.839 197.051 197.317
196.573 197.013 197.871
196.625 197.284 199.505
196.844 196.912 196.968
275.495 293.473 306.504
263.567 276.058 282.371
197.704 197.920 198.148
197.744 198.123 198.635
197.819 198.388 199.407
285.046 297.007 302.501
281.511 290.337 297.734
212.152 217.518 222.210
200.236 203.076 206.899
239.128 242.303 246.689
197.347 198.093 199.614
197.075 197.206 197.351
197.084 197.392 197.703
197.092 197.758 199.053
197.271 197.657 198.006
197.240 197.496 197.715
197.104 197.408 198.098
197.070 198.717 202.811
197.234 197.529 197.821
197.072 197.328 197.494
197.339 197.524 197.730
197.109 197.260 197.528
197.150 197.404 197.546
197.088 197.213 197.484
197.000 197.324 197.570
197.012 197.364 198.139
197.099 197.490 197.725
197.233 197.450 197.788
197.297 197.441 197.562
197.173 197.543 198.631
197.319 197.388 197.441
197.301 197.440 197.593
197.182 197.302 197.436
197.188 197.374 197.677
197.133 197.387 197.685
197.413 197.672 198.144
197.185 197.499 197.949
197.075 197.246 197.406
197.041 197.337 197.699
197.150 197.616 198.765
197.121 197.479 197.817
197.245 197.327 197.391
197.162 197.686 199.145
196.985 197.266 197.484
202.480 210.096 217.598
197.168 202.136 207.573
197.933 198.845 199.926
197.496 198.408 200.998
197.265 199.083 201.748
197.361 197.890 199.104
197.147 197.687 199.447
197.719 198.649 200.412
197.354 197.646 197.987
197.801 199.060 199.946
197.601 200.136 203.789
197.209 198.223 200.128
197.436 197.919 198.780
197.495 199.151 201.545
197.873 200.288 202.359
200.150 206.797 220.543
198.092 199.786 200.905
197.646 199.441 202.008
196.842 197.339 197.945
197.810 198.782 200.122
197.383 201.158 207.037
197.321 197.769 198.193
197.619 199.959 203.323
197.355 197.572 198.118
197.374 197.650 197.946
197.221 197.602 198.313
197.386 198.518 201.335
197.468 199.068 203.400
197.445 198.597 200.984
197.487 198.099 198.809
203.325 205.981 211.163
197.900 200.058 204.000
199.534 204.062 208.658
197.447 201.968 207.722
197.188 197.471 197.877
197.909 200.401 203.712
203.551 207.981 212.647
197.376 200.076 204.461
202.458 208.914 217.024
197.311 200.793 206.428
225.374 233.294 243.897
207.857 213.775 217.503
197.168 198.088 199.286
197.334 200.409 205.291
197.446 198.095 199.235
197.083 197.994 199.266
197.197 198.041 199.906
198.560 200.124 202.127
202.017 205.902 209.718
197.183 198.140 199.174
197.175 197.340 197.576
197.230 197.521 197.994
197.535 198.104 199.819
197.312 197.456 197.719
197.329 197.504 197.687
197.060 197.416 198.043
197.326 197.554 198.159
197.149 197.601 197.895
197.527 198.148 199.272
197.216 198.841 203.083
197.312 198.137 200.644
197.263 197.387 197.602
196.985 197.298 197.728
197.217 197.546 197.749
197.247 198.080 200.227
197.118 197.403 197.926
197.070 197.463 197.869
197.110 197.533 197.914
197.164 197.407 197.612
197.094 197.489 197.645
197.107 197.255 197.549
197.229 198.343 200.115
196.979 197.346 198.029
197.208 197.389 197.547
197.118 197.636 198.470
197.110 197.470 197.973
197.262 197.437 197.753
197.613 198.269 199.860
197.333 197.423 197.478
197.265 197.379 197.519
197.179 197.473 198.232
196.966 197.523 197.936
196.904 197.132 197.324
197.069 197.212 197.323
197.020 197.578 198.507
197.296 197.556 198.007
196.365 196.823 198.375
196.389 196.643 196.920
196.035 196.168 196.438
196.188 196.290 196.391
196.450 197.067 198.511
196.060 196.883 197.911
196.373 196.831 198.175
196.307 196.499 196.785
195.946 196.322 196.701
196.150 196.521 197.126
196.211 196.349 196.560
196.238 196.453 196.885
195.964 196.184 196.459
196.008 196.364 196.735
196.118 196.239 196.535
196.161 196.487 197.281
196.282 196.428 196.709
195.863 196.124 196.448
195.941 196.177 196.656
196.168 196.345 196.570
196.009 196.322 196.697
196.088 196.453 196.617
196.382 196.535 196.686
196.119 198.170 202.982
196.044 196.322 196.996
196.113 196.274 196.521
196.128 196.355 196.548
196.066 196.359 196.608
195.946 196.342 196.589
196.045 196.369 196.611
196.021 196.259 196.588
196.069 196.398 197.201
196.314 196.489 197.038
196.041 196.324 196.698
196.026 196.225 196.458
196.136 196.301 196.453
196.079 196.365 196.804
196.110 196.432 196.863
196.054 196.297 196.492
196.606 196.935 197.288
196.629 196.918 197.176
196.788 196.952 197.155
196.755 197.015 197.458
196.900 197.182 197.437
196.621 196.954 197.353
196.590 196.805 197.094
196.723 196.968 197.253
196.819 196.922 197.062
196.520 196.871 197.344
196.821 197.110 197.796
196.871 197.088 197.333
196.751 196.890 197.058
197.142 197.652 198.141
196.851 197.467 198.967
196.717 197.204 197.860
196.752 196.897 197.190
196.767 196.916 197.067
196.702 196.887 197.031
196.754 196.907 197.149
196.653 196.892 197.226
196.466 196.906 197.454
196.601 197.622 200.321
196.648 196.806 196.919
196.868 196.992 197.224
196.779 197.293 198.259
198.118 198.498 199.325
197.942 198.092 198.236
198.068 198.162 198.319
198.334 198.466 198.699
198.056 198.292 198.626
198.034 198.149 198.288
198.065 198.190 198.433
198.119 198.276 198.439
197.982 198.177 198.323
198.004 198.211 198.565
198.254 198.571 198.927
197.972 198.877 200.066
198.038 198.185 198.358
198.087 198.314 198.609
197.888 198.245 198.493
198.048 198.366 199.272
198.132 198.344 198.632
198.215 198.794 200.080
198.004 198.204 198.365
197.983 198.175 198.458
198.129 198.182 198.261
198.149 198.290 198.414
198.191 198.423 198.722
198.166 198.543 198.975
197.971 198.283 199.057
197.959 198.231 198.638
198.024 198.248 198.555
197.997 198.298 198.593
198.074 198.287 198.434
198.050 198.411 198.938
198.193 198.312 198.454
197.920 198.143 198.406
198.243 198.490 198.890
197.882 198.304 198.531
198.052 198.233 198.432
197.985 198.393 199.327
198.072 198.650 199.939
198.208 198.349 198.448
198.196 198.549 199.533
198.021 198.140 198.266
198.091 198.336 198.765
198.006 198.252 198.544
197.938 198.203 198.481
198.088 198.503 199.250
198.133 198.311 198.606
198.050 198.134 198.313
198.046 198.340 198.738
198.063 198.479 198.798
198.054 198.306 198.644
198.028 198.120 198.295
198.034 198.193 198.342
198.123 198.215 198.306
197.982 198.357 199.167
197.978 198.522 199.489
198.217 198.471 198.981
197.993 198.284 198.651
197.874 198.099 198.257
198.032 198.427 199.437
198.016 198.292 198.553
198.186 198.371 198.563
198.052 198.193 198.309
198.037 198.307 198.792
197.985 198.134 198.300
198.060 198.222 198.308
198.058 198.202 198.262
198.145 198.268 198.465
198.024 198.126 198.291
197.988 198.066 198.099
198.123 198.614 199.363
198.045 198.393 199.168
198.059 198.237 198.503
197.899 198.166 199.058
198.324 198.395 198.547
198.190 198.394 198.974
197.959 198.736 200.025
198.119 198.595 199.312
198.109 198.810 200.431
197.946 198.218 198.508
197.913 198.096 198.314
198.185 198.338 198.555
198.029 198.181 198.312
197.951 198.089 198.260
197.931 198.121 198.263
197.988 198.283 198.680
198.042 198.394 199.154
197.991 198.399 199.297
198.092 198.487 199.406
198.082 198.340 198.648
198.000 198.226 198.392
198.005 198.443 198.998
198.181 198.282 198.387
197.941 198.083 198.258
198.309 198.444 198.595
198.154 198.248 198.413
198.041 198.190 198.303
198.049 198.249 198.601
198.112 198.302 198.622
198.125 198.591 199.053
198.022 198.707 200.557
198.038 198.110 198.261
197.867 198.023 198.240
198.147 198.499 199.615
198.124 198.271 198.431
198.268 198.729 200.297
198.142 198.216 198.293
198.002 198.104 198.227
198.057 198.541 199.078
198.049 198.228 198.296
197.919 198.099 198.354
197.937 198.292 199.001
198.109 198.208 198.310
197.929 198.204 198.554
197.827 198.255 198.658
197.982 198.385 199.165
198.059 198.240 198.645
198.085 198.222 198.403
198.195 198.376 199.083
197.868 198.083 198.346
198.079 198.176 198.316
198.069 198.154 198.376
198.072 198.216 198.355
198.010 198.245 198.381
198.057 198.219 198.271
198.078 198.826 200.307
197.965 198.533 199.302
198.215 198.413 198.641
198.303 198.567 199.068
198.072 198.154 198.294
197.971 198.086 198.207
198.213 198.410 198.776
198.078 198.231 198.412
198.028 198.234 198.563
197.922 198.097 198.364
197.950 198.111 198.289
198.031 198.289 198.586
198.070 198.169 198.408
197.936 198.158 198.381
197.664 197.911 198.097
197.553 197.782 198.123
197.522 197.748 197.929
197.607 197.830 197.996
197.846 198.137 198.595
197.820 197.946 198.086
197.699 198.077 199.388
197.672 197.814 197.970
197.578 197.923 198.769
197.475 197.983 199.059
197.646 197.973 198.240
197.480 197.727 198.024
197.604 197.803 198.018
197.591 197.808 197.938
197.476 197.622 197.769
197.764 197.882 198.096
197.567 197.852 198.312
197.548 197.852 198.524
197.528 197.674 197.762
197.630 197.764 197.962
197.613 197.830 198.147
197.588 197.799 198.078
197.467 198.332 200.860
197.594 197.861 198.017
197.702 197.920 198.450
197.386 197.619 197.751
197.623 197.739 197.978
197.654 197.774 197.886
197.382 197.890 198.307
197.561 197.870 198.096
197.490 197.973 199.114
197.854 197.987 198.048
197.659 197.800 197.967
197.699 198.036 198.682
197.540 197.913 198.636
197.650 197.992 198.501
197.555 197.700 197.793
197.541 198.207 199.298
197.688 197.827 198.082
197.847 197.922 197.984
197.557 197.707 197.954
197.635 197.770 198.025
197.676 197.933 198.541
197.585 197.693 197.800
197.436 197.982 198.816
197.641 197.937 198.494
197.606 197.825 198.025
197.643 197.815 198.102
197.573 197.839 198.138
197.509 197.713 197.926
197.703 197.853 198.047
197.610 197.761 197.911
197.656 197.954 198.398
197.610 197.845 198.155
197.606 197.955 198.793
196.295 196.667 197.094
196.411 196.742 197.659
196.300 196.876 197.596
196.432 196.622 196.820
196.691 196.800 196.851
196.480 196.600 196.758
196.311 196.517 196.627
196.304 196.732 197.169
196.183 196.581 196.767
196.425 196.697 196.853
196.444 196.729 197.256
196.483 196.655 196.803
196.238 196.513 196.633
196.518 196.702 197.050
196.540 197.103 197.600
196.534 197.062 198.364
196.400 196.795 197.473
196.234 196.366 196.520
196.441 196.694 196.973
196.443 196.641 197.102
196.324 197.039 197.820
196.538 196.792 197.196
196.614 196.734 196.913
196.693 197.246 197.729
196.793 197.061 197.401
196.674 196.817 196.959
196.658 196.847 197.127
196.928 197.215 197.480
197.106 197.231 197.351
197.016 197.186 197.294
197.009 197.187 197.369
196.990 197.085 197.138
196.974 197.169 197.442
197.004 197.115 197.234
197.029 197.173 197.362
197.159 197.339 197.574
197.026 197.260 197.463
197.073 197.299 197.401
197.033 197.340 197.729
196.992 197.101 197.249
197.095 197.684 199.523
196.969 197.568 198.192
197.022 197.447 198.201
197.227 197.392 197.711
197.052 197.399 197.988
196.969 197.480 198.434
197.098 197.255 197.432
196.923 197.403 198.396
197.184 197.435 197.796
197.204 198.397 201.178
196.773 197.099 197.423
196.915 197.166 197.382
197.029 197.220 197.502
196.809 197.224 197.665
197.069 197.345 197.699
196.724 197.117 197.295
197.107 197.336 197.516
197.078 197.229 197.391
197.133 197.267 197.447
197.341 197.414 197.571
196.603 197.065 197.293
197.070 197.246 197.622
196.984 197.163 197.590
275.737 287.234 295.070
296.107 298.964 304.892
197.011 197.331 197.863
197.061 197.275 197.909
197.097 197.222 197.400
197.162 197.262 197.327
197.190 197.421 197.834
196.938 197.647 199.287
197.234 197.397 197.598
196.959 197.346 197.990
197.068 197.132 197.237
197.055 197.491 198.234
197.170 197.415 197.848
197.331 197.516 197.839
197.099 197.412 197.968
197.221 197.347 197.539
197.427 197.787 198.566
197.094 197.179 197.324
197.145 197.562 197.990
197.238 197.409 197.737
197.023 197.136 197.228
197.213 197.328 197.494
197.044 197.507 198.756
197.011 197.629 198.516
196.799 197.445 197.790
196.867 197.212 197.582
197.000 197.562 198.234
197.045 197.299 197.708
196.894 197.495 197.860
196.916 197.421 198.165
197.011 197.254 197.679
197.189 197.427 197.986
196.971 197.202 197.561
197.115 197.687 199.283
197.067 197.543 198.247
196.971 197.580 198.494
197.038 197.192 197.341
196.992 197.559 198.850
196.710 197.350 198.668
197.191 197.871 199.391
197.249 197.671 198.066
197.062 197.689 198.899
197.083 197.286 197.593
197.195 197.363 197.653
196.990 197.185 197.499
197.081 197.145 197.282
196.954 197.186 197.434
197.007 197.206 197.767
197.072 197.627 198.912
196.918 197.519 199.525
197.261 197.509 197.847
196.757 197.473 198.640
196.939 197.250 197.503
196.840 197.093 197.209
197.010 197.167 197.495
197.098 197.263 197.388
197.058 201.403 216.302
197.015 197.548 198.840
197.056 197.436 198.164
197.001 197.312 197.639
197.053 197.227 197.343
197.272 197.486 197.874
196.981 197.428 198.016
197.106 197.245 197.375
196.934 197.393 198.526
196.971 197.392 198.110
197.264 197.465 197.966
196.904 197.236 197.636
197.224 197.388 197.612
196.669 196.908 197.039
196.646 197.467 199.036
196.936 197.018 197.092
196.630 197.420 198.060
197.084 197.256 197.417
196.782 197.112 197.292
197.107 197.289 197.384
197.024 197.255 197.550
196.918 197.468 198.175
196.765 197.136 197.291
197.059 197.360 198.150
196.998 197.186 197.377
196.996 197.179 197.333
197.103 197.402 197.789
196.926 197.641 198.330
196.847 197.493 198.575
196.987 197.175 197.547
197.002 197.242 197.674
196.991 197.182 197.659
197.050 197.875 200.031
196.814 197.032 197.405
196.947 197.343 198.136
196.869 197.547 197.941
196.787 197.092 197.271
197.260 197.967 198.581
197.132 197.342 197.547
196.624 197.123 197.392
196.993 197.385 198.045
196.894 197.195 197.469
197.207 197.836 199.101
197.220 198.023 199.617
197.066 197.433 197.694
197.190 197.367 197.475
197.041 197.377 197.803
196.806 197.120 197.458
197.022 197.151 197.440
197.131 197.743 199.928
196.773 196.914 197.044
196.868 197.103 197.327
197.101 197.493 198.823
197.108 197.218 197.514
197.200 197.530 197.956
197.034 197.255 197.928
196.978 197.210 197.544
197.118 197.272 197.387
197.437 197.911 198.601
197.001 197.337 197.974
197.030 197.428 197.848
196.563 197.429 198.414
196.903 197.143 197.351
196.983 197.067 197.171
197.106 197.482 198.299
196.779 197.379 198.255
196.985 197.304 197.874
197.153 197.385 197.791
197.174 197.383 197.669
197.063 197.368 198.168
197.363 197.948 198.829
197.191 197.536 198.173
197.196 197.402 197.692
197.253 197.675 198.198
197.124 197.326 197.658
196.970 197.232 197.513
197.197 197.550 198.715
196.990 197.215 197.492
196.845 197.189 197.705
196.880 197.794 200.087
196.935 197.253 197.615
197.199 197.424 198.121
197.089 197.289 197.488
197.123 197.366 198.001
197.000 197.273 197.638
197.018 197.235 197.391
196.952 197.130 197.514
197.001 197.113 197.332
196.913 197.227 197.654
197.288 197.341 197.392
196.806 197.336 197.991
197.058 197.564 198.994
197.226 197.392 197.922
196.873 197.143 197.380
197.044 197.235 197.402
197.030 197.230 197.346
197.095 197.334 197.446
196.866 197.116 197.504
197.167 197.299 197.640
197.005 197.047 197.123
197.031 197.303 197.626
197.233 198.342 199.666
197.210 197.403 197.791
196.978 197.179 197.512
197.378 198.178 199.142
197.098 197.307 197.387
196.979 197.463 197.911
196.997 197.528 198.609
196.935 197.462 198.220
197.088 197.311 197.773
197.277 198.305 202.019
197.037 197.184 197.304
197.027 197.671 198.872
196.954 197.172 197.394
197.083 197.292 197.690
275.090 279.054 283.525
253.274 263.886 280.953
276.106 281.130 286.347
197.163 198.588 201.244
198.129 203.050 209.243
197.354 200.272 203.139
197.096 197.441 197.895
196.923 197.219 197.716
197.112 197.268 197.527
196.853 197.443 198.319
196.979 197.412 198.552
196.985 197.217 197.502
197.235 197.750 198.728
196.950 197.334 198.140
197.108 197.337 197.861
196.848 197.315 198.436
196.980 197.419 198.029
196.641 197.213 197.480
196.883 197.464 198.505
196.830 197.195 197.463
196.965 197.856 198.962
197.118 197.297 197.541
196.866 197.165 197.383
196.933 208.622 254.454
197.232 197.466 197.764
196.913 197.570 199.176
197.012 197.405 198.135
197.039 197.397 197.803
197.132 197.341 197.611
197.102 197.459 198.257
197.281 198.020 199.511
197.092 197.501 198.669
197.118 197.485 198.266
196.873 197.142 197.322
197.004 197.088 197.175
197.025 197.599 199.148
196.727 197.172 197.383
196.958 197.234 197.482
196.754 197.308 197.873
196.851 197.204 197.408
197.194 197.357 197.906
197.200 197.350 197.518
197.015 197.367 197.763
197.319 197.975 198.709
197.272 197.429 197.895
197.159 197.719 198.391
196.940 197.152 197.388
197.107 197.244 197.447
197.142 197.366 197.587
197.135 197.465 198.209
196.955 197.261 197.684
196.742 197.051 197.219
197.049 197.223 197.468
196.880 197.148 197.552
196.911 197.310 197.826
197.053 197.222 197.433
197.445 197.734 197.975
197.161 197.395 197.592
197.242 197.728 198.330
197.320 197.645 198.172
196.919 197.712 200.052
197.037 197.212 197.419
196.858 197.420 197.908
196.824 197.090 197.394
196.981 197.172 197.396
197.034 197.316 197.566
196.947 197.321 197.921
196.931 197.195 197.500
196.668 197.161 197.424
197.041 197.148 197.278
197.108 197.637 198.572
197.143 197.496 197.768
196.876 197.272 197.687
196.987 197.187 197.383
197.065 197.217 197.451
197.117 197.329 197.524
197.035 197.311 197.775
197.183 197.327 197.539
197.106 197.261 197.375
197.201 197.487 197.853
196.796 197.178 197.380
197.153 197.365 197.472
196.965 197.474 198.165
197.079 197.320 197.569
196.811 197.358 198.058
196.906 197.394 198.152
197.132 197.537 198.123
197.026 198.574 200.417
196.899 197.308 197.633
196.958 197.229 197.356
196.907 197.552 199.135
196.807 197.230 197.771
197.320 197.579 198.365
196.893 197.343 197.688
197.039 197.150 197.282
197.107 197.296 197.645
197.079 197.707 199.077
196.532 197.366 197.968
197.384 197.439 197.519
197.176 197.354 197.685
197.023 197.262 197.445
196.685 197.053 197.404
197.023 197.548 198.799
197.173 197.448 197.914
197.025 197.283 197.464
197.288 197.423 197.634
197.140 197.387 197.478
197.293 197.954 199.101
197.145 197.341 197.586
196.593 197.108 197.458
197.119 197.507 198.123
197.183 197.751 198.579
196.928 197.173 197.350
197.102 197.217 197.364
197.033 197.417 197.719
196.982 197.337 197.838
196.559 197.151 197.539
197.174 197.692 198.897
196.970 197.111 197.233
197.005 197.440 198.113
197.052 197.458 197.902
196.988 197.448 198.005
197.049 197.229 197.385
196.812 197.392 197.848
197.226 197.800 198.607
197.185 197.355 197.724
197.019 197.363 197.631
197.123 197.426 198.072
196.998 197.585 199.360
196.863 197.331 198.045
197.034 197.185 197.501
197.119 197.731 199.118
196.946 197.293 197.714
196.886 197.149 197.271
197.082 197.218 197.509
197.074 197.321 197.566
197.022 197.317 197.887
197.025 198.048 199.638
197.139 197.612 199.271
197.221 197.494 197.878
197.010 197.348 197.751
197.062 197.415 197.874
197.105 197.271 197.684
197.086 197.266 197.416
197.181 197.440 197.690
196.759 197.079 197.333
196.915 197.374 197.647
196.860 197.208 197.547
196.963 197.320 197.783
196.973 197.514 198.388
197.027 197.161 197.348
197.000 198.035 200.251
197.111 197.330 197.526
196.860 197.176 197.457
197.003 197.453 198.316
196.988 197.231 197.720
197.075 197.316 197.615
197.011 197.417 198.291
197.158 197.576 198.511
197.000 197.246 197.418
196.995 197.235 197.576
197.064 197.592 198.974
197.041 197.362 197.547
197.268 197.725 198.485
197.142 197.438 198.366
196.897 197.252 197.709
196.891 197.492 197.810
196.965 197.189 197.503
197.235 197.535 198.132
197.173 197.480 198.162
196.442 197.108 197.446
196.994 197.145 197.436
197.065 198.215 202.358
196.855 197.555 199.278
197.007 197.198 197.510
196.783 197.085 197.385
196.874 197.191 197.714
197.170 197.233 197.327
197.178 197.619 198.415
197.092 197.753 198.499
197.147 197.334 197.516
196.899 197.101 197.336
197.128 197.470 198.137
196.981 197.180 197.384
197.074 197.312 197.580
197.077 197.367 197.554
197.112 197.500 198.339
197.048 197.196 197.331
197.194 197.422 198.057
196.643 197.207 197.885
197.173 197.245 197.325
196.970 197.195 197.369
197.134 197.305 197.483
197.018 197.206 197.506
196.580 197.107 197.493
197.413 197.554 197.718
196.941 197.671 198.817
197.001 197.224 197.507
197.104 197.227 197.410
197.256 197.389 197.793
197.083 197.544 198.042
197.048 197.204 197.392
198.798 199.444 200.199
198.811 199.267 199.847
198.931 199.146 199.331
198.982 199.101 199.328
198.675 198.955 199.087
198.844 199.406 201.024
198.768 199.175 200.292
198.590 199.618 202.282
198.752 199.294 200.727
254.439 274.650 302.385
261.373 291.754 306.727
198.878 199.257 199.767
198.944 199.132 199.462
199.048 199.208 199.547
198.803 199.639 200.634
198.943 199.298 199.657
198.893 199.214 199.632
198.893 199.136 199.510
198.773 199.146 199.501
198.756 198.999 199.249
198.941 199.107 199.312
198.569 198.902 199.202
198.712 199.021 199.269
198.810 198.964 199.047
199.009 199.497 200.092
198.772 199.158 199.583
198.788 199.161 199.653
198.612 199.210 199.946
198.685 198.964 199.408
199.158 200.038 201.552
198.711 198.888 199.138
198.722 198.994 199.370
198.819 199.479 201.068
198.828 199.272 199.640
198.736 198.940 199.134
198.780 199.130 199.580
198.913 199.187 199.564
198.879 199.352 199.881
198.700 198.996 199.663
198.757 199.131 199.694
198.780 199.030 199.224
199.012 199.094 199.298
198.831 199.243 200.165
198.895 199.317 200.658
198.961 199.290 199.587
198.886 199.189 199.872
198.933 199.252 199.630
198.832 199.743 201.314
198.939 199.221 199.778
198.855 199.644 200.897
198.521 199.183 200.721
198.641 199.025 199.277
198.902 199.061 199.578
199.027 199.231 199.737
198.835 199.095 199.445
198.754 199.588 200.329
198.692 199.095 199.356
198.821 199.084 199.402
198.837 199.113 199.764
198.944 199.211 199.832
198.625 198.996 199.388
198.699 199.101 199.553
198.783 199.064 199.281
198.695 198.990 199.351
198.992 199.336 200.211
198.657 198.898 199.296
198.666 199.001 199.308
198.822 198.912 199.089
198.744 199.045 199.740
198.844 199.029 199.224
198.806 199.227 199.545
198.867 199.087 199.333
199.062 200.427 205.636
198.730 199.346 200.329
198.819 198.923 199.154
198.858 199.374 200.792
198.590 198.846 199.087
198.695 198.891 199.167
198.770 198.836 199.030
198.756 199.001 199.251
198.652 198.893 199.097
198.762 199.048 199.243
198.862 198.990 199.050
198.496 198.907 199.410
198.796 199.189 199.787
198.851 199.033 199.233
198.628 198.865 199.230
198.605 199.029 199.372
198.210 198.739 199.028
198.549 198.945 199.366
198.873 199.175 200.215
198.808 198.905 199.062
198.932 199.098 199.296
198.547 198.989 199.525
198.713 198.756 198.829
198.481 198.988 199.273
198.845 199.354 199.997
198.737 199.035 199.691
198.706 198.936 199.083
198.936 199.045 199.209
198.617 198.876 199.094
198.772 198.951 199.060
198.726 198.918 199.098
198.584 198.905 199.623
198.773 199.007 199.255
198.686 199.211 200.258
199.088 199.505 200.176
199.244 199.569 200.187
199.120 199.458 199.641
199.073 199.339 199.459
199.078 199.375 199.661
199.147 199.327 199.493
199.155 199.496 199.953
199.432 199.528 199.716
199.228 199.725 201.174
199.102 199.710 200.932
199.207 199.391 199.599
199.318 199.357 199.418
199.381 199.679 200.603
199.204 199.471 199.677
199.208 199.357 199.549
199.340 199.400 199.491
199.299 199.638 200.485
199.022 199.365 199.703
199.200 199.411 199.559
199.415 199.489 199.572
199.301 199.646 200.115
199.015 199.324 199.465
198.809 199.014 199.292
198.698 199.026 199.559
198.797 198.981 199.104
198.871 199.037 199.415
198.855 199.031 199.204
198.933 199.165 199.807
198.820 199.235 200.408
198.817 199.248 199.545
198.893 199.351 200.749
199.158 199.559 200.436
200.790 200.917 201.152
199.182 200.220 203.481
199.395 199.471 199.588
199.219 199.452 199.775
199.288 199.467 199.643
199.168 199.666 201.306
199.066 199.610 200.427
198.901 199.185 199.345
199.229 199.368 199.766
199.143 199.361 199.541
199.321 199.411 199.509
199.221 199.334 199.403
199.129 199.836 201.669
199.207 199.348 199.548
199.211 199.630 200.184
199.144 199.296 199.502
199.120 199.395 199.714
199.313 199.591 199.829
199.150 199.582 200.500
199.168 199.305 199.474
199.200 199.438 199.842
199.031 199.295 199.543
199.180 199.342 199.674
199.207 199.393 199.546
199.332 199.532 200.109
199.112 199.301 199.545
199.045 199.327 199.754
199.049 199.287 199.467
199.120 199.362 199.785
199.061 199.269 199.746
199.214 199.406 199.594
199.321 199.603 200.282
199.108 199.841 200.877
199.085 199.258 199.382
199.362 199.645 200.015
198.803 199.922 200.513
199.430 199.490 199.551
199.087 199.290 199.488
199.306 199.915 201.540
199.255 199.514 200.320
199.021 199.305 199.548
199.404 199.475 199.594
199.058 199.396 199.725
199.308 199.430 199.723
199.291 199.416 199.600
199.235 199.353 199.457
199.247 199.677 200.126
199.296 199.565 199.788
199.107 199.297 199.568
199.131 199.307 199.506
199.234 199.512 199.790
199.277 199.490 199.742
199.188 199.408 199.725
199.356 199.474 199.532
199.021 199.250 199.426
198.829 199.330 199.709
199.339 199.423 199.517
199.437 199.567 199.795
199.186 199.358 199.629
199.110 199.850 202.092
198.984 199.155 199.245
198.808 199.267 199.807
199.161 199.352 199.452
199.182 199.277 199.495
199.136 199.320 199.415
199.304 199.701 200.278
199.040 199.400 200.061
199.068 199.277 199.471
199.191 199.542 199.965
199.146 199.373 199.550
199.285 199.394 199.684
199.225 199.644 200.146
199.319 199.536 199.914
199.167 199.391 199.665
199.368 199.693 200.434
199.117 199.391 199.693
199.166 199.354 199.620
199.118 199.508 200.397
199.049 199.318 199.552
199.216 199.306 199.398
199.279 199.947 201.373
199.231 199.409 199.513
199.110 199.323 199.439
199.129 199.660 200.218
199.103 199.530 200.443
199.289 199.418 199.586
199.195 199.349 199.587
199.266 199.396 199.534
198.699 199.353 200.007
199.287 199.363 199.518
199.216 199.331 199.416
199.239 199.425 199.494
199.220 199.354 199.447
199.149 199.201 199.267
199.002 199.230 199.385
199.185 199.345 199.592
199.283 199.399 199.503
199.123 199.286 199.447
199.097 199.418 199.567
198.764 199.287 199.482
198.871 199.244 199.481
199.263 199.404 199.494
199.364 199.403 199.460
199.251 199.410 199.518
199.158 199.326 199.505
199.408 199.786 200.620
199.295 199.566 200.339
199.047 199.293 199.731
199.262 199.352 199.462
199.167 199.287 199.414
199.217 199.427 199.547
199.184 199.693 200.711
199.335 199.501 199.653
199.144 199.475 199.988
199.129 199.326 199.486
199.028 199.294 199.610
198.807 199.185 199.513
199.550 199.863 200.669
199.133 199.392 199.658
199.134 199.380 199.731
199.171 199.252 199.299
199.155 199.350 199.559
199.044 199.754 201.787
199.222 199.449 200.033
199.355 199.702 200.450
199.224 199.744 201.159
199.183 199.354 199.544
199.136 199.401 199.617
199.105 199.415 199.546
199.345 199.462 199.639
199.196 199.363 199.524
199.192 199.434 199.953
199.313 199.381 199.510
198.957 199.278 199.560
198.897 199.426 199.910
199.208 199.312 199.423
199.064 199.289 199.493
199.323 199.648 200.591
199.299 200.980 203.026
199.313 199.649 200.326
199.222 199.485 200.011
198.737 199.092 199.220
199.210 199.304 199.411
199.326 199.517 199.693
199.086 199.187 199.321
199.150 199.473 199.935
199.347 199.931 201.003
198.709 199.211 199.506
199.542 199.856 200.414
199.251 199.429 199.793
199.152 199.422 199.648
196.413 196.610 197.128
196.393 196.660 196.945
196.288 196.539 196.722
196.464 196.571 196.672
196.340 196.972 198.422
196.566 196.864 197.667
196.416 196.574 196.744
196.407 196.738 197.441
196.422 196.652 196.785
196.165 196.417 196.582
196.421 196.513 196.608
196.408 196.589 196.820
196.640 196.694 196.763
196.393 196.813 198.085
196.197 196.589 196.744
196.299 196.570 196.677
196.502 197.068 198.088
196.413 196.562 196.777
196.362 196.753 198.222
196.291 196.448 196.685
196.406 196.595 196.854
196.370 196.689 196.823
196.513 197.000 198.436
196.164 196.542 196.870
196.580 196.708 196.872
196.363 196.424 196.471
196.407 196.632 196.926
196.092 196.641 197.200
196.088 196.374 196.570
196.219 197.016 199.072
196.380 196.768 197.811
196.328 196.829 198.075
196.338 196.532 196.719
196.611 196.990 198.046
196.218 196.426 196.644
196.394 196.638 197.156
196.276 196.558 196.967
196.533 196.663 196.757
196.339 196.646 196.900
196.338 196.589 197.150
196.495 196.620 196.761
196.350 196.483 196.693
196.256 196.534 196.801
196.510 196.714 197.026
196.486 196.660 197.009
196.396 196.489 196.683
196.250 196.986 198.689
196.381 196.780 197.201
196.624 196.938 197.652
196.611 197.043 198.096
196.505 196.697 196.871
196.492 196.872 197.674
196.557 196.633 196.711
196.605 196.704 196.918
196.636 196.766 196.941
196.992 197.338 197.864
196.814 197.279 197.863
196.842 197.327 198.514
197.015 197.491 198.922
197.028 197.638 198.764
196.978 197.188 197.403
197.239 197.400 197.570
196.851 197.075 197.453
196.904 197.559 199.318
196.811 197.087 197.380
196.959 197.531 199.264
196.874 197.148 197.616
197.093 197.479 198.568
196.992 197.206 197.728
196.938 197.102 197.197
197.028 197.194 197.350
196.952 197.269 197.495
197.070 197.200 197.349
196.981 197.344 197.974
197.020 197.203 197.400
196.853 197.163 197.506
197.111 197.228 197.464
196.790 197.058 197.331
196.617 197.038 197.223
197.306 197.671 198.174
196.811 197.075 197.280
197.076 197.230 197.453
197.019 197.141 197.215
196.850 198.093 201.245
196.983 197.283 197.610
197.235 197.564 197.996
197.143 197.316 197.472
197.077 197.459 198.438
196.769 197.485 198.509
196.859 198.498 201.846
197.012 197.487 198.465
196.836 196.936 197.053
197.202 197.514 197.932
196.995 197.177 197.390
196.764 196.991 197.211
196.717 196.954 197.141
196.612 197.126 197.456
197.054 197.721 198.400
196.865 197.214 197.539
197.077 197.493 197.910
196.997 197.255 197.448
197.212 197.319 197.470
196.864 197.448 198.011
197.145 197.262 197.407
197.010 197.292 197.575
196.968 197.087 197.310
196.593 197.422 198.410
197.176 197.619 198.311
197.054 197.312 197.578
196.950 197.417 198.360
197.092 197.174 197.356
196.941 197.121 197.362
196.835 197.486 198.972
197.115 197.620 198.924
197.007 197.529 198.191
196.932 197.257 197.607
197.365 197.569 197.802
196.968 197.351 197.883
197.331 197.391 197.507
196.871 197.378 198.283
196.737 197.265 197.573
197.087 197.138 197.216
197.168 197.409 197.780
197.077 197.335 197.650
196.936 197.150 197.332
197.176 197.828 198.430
197.250 197.433 197.649
197.071 197.221 197.384
197.153 197.342 197.614
197.039 197.279 197.606
196.924 197.237 197.882
196.983 197.670 198.448
197.033 197.368 197.530
196.886 197.234 197.684
196.720 197.281 197.914
197.068 197.300 197.541
196.925 197.261 197.653
196.920 197.186 197.510
197.066 197.295 197.650
196.971 197.268 197.830
197.029 197.117 197.238
197.047 197.697 199.244
197.127 197.367 197.659
197.023 197.223 197.562
196.990 197.694 199.787
197.166 197.518 197.903
196.797 197.706 199.257
197.108 197.312 197.576
197.296 197.688 199.018
196.892 197.626 198.592
196.924 197.123 197.290
197.135 197.273 197.513
197.039 197.262 197.476
196.974 197.266 197.763
196.835 197.143 197.436
196.969 197.475 198.446
197.140 197.628 198.276
197.247 197.724 198.656
197.093 197.393 197.665
248.914 253.364 263.107
235.991 248.042 257.635
196.693 202.832 218.190
197.059 197.359 197.527
196.937 197.598 199.442
197.111 197.428 198.176
197.344 197.421 197.510
197.295 197.531 197.778
197.119 197.347 197.499
197.178 197.441 197.546
196.887 197.309 197.835
197.075 197.389 197.694
197.001 197.224 197.365
197.497 198.188 199.701
197.658 197.884 198.157
197.069 197.588 198.011
197.237 197.486 198.113
197.048 197.309 197.548
197.138 197.198 197.278
197.065 197.598 199.402
196.977 197.738 200.134
196.920 197.227 197.636
197.019 197.277 197.595
197.111 197.246 197.407
196.854 197.300 197.891
196.920 197.035 197.138
196.913 197.348 198.261
197.118 197.297 197.552
196.968 197.510 198.488
196.922 197.317 198.431
196.912 197.280 197.485
197.025 197.290 197.652
197.111 197.312 197.536
197.010 197.433 198.010
196.899 197.196 197.645
196.948 197.320 197.515
197.156 197.273 197.430
197.002 197.532 199.033
197.177 197.427 197.877
197.028 197.552 198.449
197.021 197.274 197.890
196.865 197.790 199.973
197.270 197.367 197.589
196.595 197.092 197.604
197.223 197.829 199.715
196.868 197.080 197.189
196.921 197.300 198.085
196.985 197.300 197.708
196.672 197.301 198.122
197.080 197.198 197.293
196.909 197.276 197.722
197.074 197.282 197.392
197.220 197.435 197.810
197.330 199.762 207.706
197.039 197.203 197.401
196.849 197.441 198.423
197.046 197.449 197.751
196.915 197.848 199.044
197.031 197.679 199.290
197.502 198.728 199.995
197.296 197.422 197.562
196.553 197.123 197.640
197.185 197.319 197.487
196.991 197.533 197.862
197.125 197.236 197.341
196.923 197.333 197.491
197.072 197.190 197.350
196.886 198.737 200.224
197.205 197.678 198.144
197.377 197.872 198.427
197.095 197.384 197.974
197.190 197.638 198.152
197.333 197.844 198.524
196.930 197.563 198.967
197.171 197.587 198.631
197.137 197.385 197.575
196.955 197.583 198.294
197.088 198.450 199.872
196.771 197.084 197.351
196.944 197.913 200.073
197.136 197.541 198.108
197.277 197.440 197.683
197.275 197.470 197.900
196.848 197.484 198.923
197.017 197.483 198.352
196.796 197.099 197.348
197.367 197.598 197.954
197.191 197.487 198.076
197.203 197.621 197.994
197.156 197.547 198.045
197.178 198.225 201.738
197.061 197.703 198.174
197.042 197.632 198.313
197.321 197.415 197.515
197.207 198.174 200.671
197.142 197.450 197.779
196.950 197.362 197.727
197.413 198.439 200.876
197.338 197.771 198.706
197.193 197.401 197.731
197.436 198.404 201.939
197.143 197.701 198.914
196.875 197.212 198.103
197.027 197.467 197.917
197.133 197.257 197.398
196.990 197.479 198.340
197.000 197.858 199.229
197.038 197.611 198.379
197.250 197.681 198.634
197.238 197.630 198.486
197.163 197.350 197.497
197.186 197.515 197.849
197.345 197.666 198.287
197.211 197.763 199.177
197.185 197.224 197.284
197.083 197.379 197.731
197.133 197.423 197.986
197.193 197.522 198.374
197.012 197.356 197.489
197.239 197.899 200.241
197.520 197.933 198.610
197.049 197.794 198.305
197.179 197.583 197.811
197.173 197.620 198.763
197.037 197.534 198.384
197.082 197.428 197.738
197.093 197.453 197.751
197.210 197.463 198.148
197.324 197.413 197.615
196.996 197.410 197.714
197.082 197.362 197.589
197.211 197.476 197.863
197.215 197.586 198.124
197.050 197.444 197.862
197.083 197.399 197.707
197.279 198.041 199.184
197.061 197.377 197.757
197.026 197.121 197.313
197.157 197.703 198.263
196.774 197.319 197.712
197.059 197.420 198.344
197.199 197.525 198.327
196.937 197.421 198.371
197.144 197.743 199.017
197.194 197.657 198.202
197.098 197.620 198.571
197.154 197.519 197.930
197.007 197.217 197.561
197.280 197.855 199.093
196.997 197.270 197.456
197.412 198.003 198.751
197.261 197.493 198.153
197.167 197.405 197.537
197.270 197.740 198.878
196.997 197.532 198.311
197.167 197.300 197.550
197.110 197.673 198.454
197.176 198.069 199.657
197.011 197.959 199.520
196.970 197.315 197.683
197.267 197.629 198.701
197.052 197.352 198.255
197.082 197.579 198.509
197.352 198.065 200.323
197.237 197.455 197.745
196.946 197.219 197.429
197.272 197.806 198.847
197.099 197.375 197.572
197.062 197.503 197.951
197.384 197.567 197.775
197.213 197.967 199.258
197.287 197.392 197.547
197.551 198.010 199.058
197.229 197.582 198.038
196.991 197.806 199.084
197.250 197.847 199.651
197.363 197.725 198.549
197.422 197.897 199.018
197.220 197.327 197.468
197.096 197.654 198.683
197.186 197.538 197.917
197.220 197.473 197.866
197.246 255.326 486.899
197.179 197.898 199.330
197.232 197.480 197.895
197.220 197.827 198.911
197.311 198.004 198.745
197.288 197.479 198.024
197.310 197.494 197.867
197.190 197.384 197.732
197.123 197.589 197.951
197.362 197.565 197.828
197.113 197.517 198.247
197.309 197.452 197.680
197.076 197.538 198.565
197.170 197.843 198.934
197.425 197.915 198.579
196.919 197.177 197.304
197.222 197.403 197.517
197.540 197.928 198.455
197.218 197.666 198.358
197.390 197.507 197.598
197.252 197.866 198.455
197.106 197.388 197.798
197.204 197.509 198.053
197.079 197.738 198.827
197.145 197.300 197.578
197.423 197.791 198.698
196.943 197.439 198.189
197.124 197.325 197.644
197.226 197.611 198.335
197.119 197.358 197.692
197.133 197.412 197.579
197.104 197.302 197.422
197.077 197.334 197.516
197.279 197.369 197.495
196.745 197.314 197.761
196.946 197.251 197.486
197.175 197.398 198.117
196.902 197.291 197.752
197.171 197.365 197.687
196.457 197.268 197.539
197.109 197.659 198.527
197.467 197.829 198.320
197.060 197.660 198.437
197.066 197.297 197.553
197.282 197.491 197.944
197.107 197.289 197.522
197.043 197.324 197.512
197.116 197.432 197.718
197.081 197.413 197.717
197.082 197.429 197.813
197.353 197.499 197.639
197.069 197.263 197.403
196.627 196.898 197.620
196.636 196.894 197.159
196.506 196.817 197.150
196.586 197.031 197.973
196.620 196.808 197.033
196.972 197.047 197.135
197.042 197.905 200.088
196.524 196.954 197.532
196.698 196.903 197.323
196.491 197.294 198.788
196.818 197.216 198.154
196.765 197.514 198.492
196.512 196.864 197.244
196.554 196.854 197.558
196.662 196.777 196.836
196.420 196.745 196.947
196.596 196.797 196.988
196.698 196.969 197.217
196.697 196.974 197.372
196.665 196.804 196.997
196.685 196.870 197.093
196.433 196.641 196.850
196.823 197.114 197.670
196.450 196.657 196.781
196.673 197.033 197.612
196.556 196.879 197.115
196.645 196.844 197.138
196.665 196.972 197.174
196.896 197.117 197.557
196.863 197.180 197.698
196.961 197.397 198.187
196.238 196.768 197.147
196.518 196.932 197.262
196.841 196.963 197.179
196.603 196.899 197.305
196.513 196.665 196.923
196.566 196.903 197.215
196.696 197.004 197.639
196.470 196.909 197.126
196.658 196.975 197.266
196.573 196.956 197.414
196.683 196.784 196.977
196.622 196.773 196.943
196.645 197.174 197.951
196.789 196.856 196.948
196.795 197.049 197.657
196.773 196.951 197.266
196.540 197.314 199.505
196.657 196.874 197.255
196.762 197.026 197.182
196.696 196.868 197.174
196.682 196.747 196.835
196.025 197.095 199.508
196.652 196.976 197.211
196.781 196.869 197.066
196.498 196.924 197.824
196.685 196.850 196.968
196.628 197.094 197.905
196.566 196.710 196.917
196.671 196.852 197.035
196.645 197.057 198.107
196.768 197.115 197.979
196.654 196.820 197.111
196.512 196.824 197.256
196.534 196.665 196.746
196.692 196.900 197.106
196.550 196.789 197.117
196.712 196.873 197.119
196.806 197.045 197.195
196.648 197.802 199.695
196.613 196.982 197.817
196.576 196.968 197.296
196.704 196.888 197.257
196.630 197.416 198.761
196.642 196.760 196.929
196.467 196.693 196.978
196.581 196.804 197.008
196.709 196.761 196.910
196.561 197.107 197.653
196.420 197.097 199.147
196.446 196.586 196.681
196.695 197.271 198.240
196.576 196.980 197.634
196.637 196.805 196.960
196.605 196.789 197.104
196.656 196.809 197.033
196.600 196.990 197.685
196.577 196.714 196.869
196.827 197.578 199.168
196.707 196.894 197.246
196.663 196.877 197.089
196.717 196.782 196.842
196.428 196.712 196.929
196.603 196.916 197.463
196.547 196.902 197.315
196.329 196.732 196.988
196.618 197.085 198.051
196.546 196.691 196.805
196.604 196.911 197.304
196.581 196.824 197.181
196.778 196.840 196.899
196.219 196.693 197.088
196.717 196.866 196.968
196.704 196.959 197.371
196.331 196.771 197.106
196.695 196.829 197.043
196.361 196.771 197.613
196.715 197.003 197.338
196.791 197.088 197.914
196.492 196.738 197.044
196.733 196.940 197.343
196.643 196.991 197.528
196.508 196.620 196.762
196.223 196.502 196.845
196.186 196.508 196.772
196.706 196.851 196.929
196.635 197.426 200.464
196.730 196.846 196.918
196.574 196.884 197.404
196.564 196.768 196.953
196.466 197.007 197.615
196.212 196.806 197.011
196.645 197.848 201.317
196.397 196.812 197.128
196.806 196.892 196.966
196.437 196.755 196.921
196.528 196.744 197.020
196.487 196.793 197.078
196.460 196.607 196.682
196.449 196.743 196.904
196.487 197.146 197.863
196.668 196.890 197.110
196.438 196.904 197.295
196.670 196.720 196.777
196.560 196.795 197.120
196.401 196.796 197.484
196.558 196.707 196.907
196.221 196.601 196.833
196.493 196.610 196.847
196.506 196.724 196.853
196.379 196.660 197.190
196.572 197.203 197.975
196.684 196.936 197.405
196.749 196.988 197.255
196.316 197.027 197.887
196.576 196.781 197.074
196.172 197.015 199.062
196.595 197.463 199.981
196.505 197.412 199.902
196.514 196.752 197.414
196.432 196.737 197.009
196.581 197.030 197.923
196.509 196.700 196.844
196.715 196.895 197.220
196.753 196.916 197.079
196.579 196.824 196.986
196.355 196.593 196.727
196.096 196.486 196.623
196.628 196.914 197.021
196.668 196.875 197.064
196.678 196.990 197.492
196.469 196.732 197.110
196.587 196.751 197.025
196.404 196.723 196.916
196.536 196.712 196.913
196.528 197.573 200.623
196.561 196.846 197.372
196.371 196.821 197.331
196.463 196.876 198.028
196.641 196.835 196.952
196.504 196.758 196.881
196.371 196.633 196.849
196.770 197.930 199.968
196.130 196.967 198.571
196.551 196.725 196.992
196.679 197.198 197.699
196.722 196.802 196.939
196.456 196.775 197.116
196.293 196.772 197.037
196.556 196.716 196.915
196.425 196.713 197.272
196.610 197.035 197.519
196.638 196.774 196.874
196.456 196.786 197.217
280.604 282.450 284.935
249.963 253.133 257.816
278.237 283.153 288.375
196.653 196.980 197.275
196.593 196.695 196.841
196.447 196.693 196.881
196.456 196.595 196.875
196.551 196.746 197.029
196.601 196.952 197.181
196.472 196.627 196.848
196.238 196.631 197.168
196.507 197.817 199.362
196.516 196.779 197.075
196.581 196.873 197.263
196.383 197.085 198.362
196.460 254.769 487.281
196.707 197.227 198.207
196.490 196.624 196.683
196.619 196.952 197.689
196.468 196.725 197.058
196.510 196.586 196.666
196.131 196.508 196.643
196.342 196.809 197.224
196.540 196.691 196.805
196.492 197.236 198.293
196.664 197.058 198.272
196.053 196.456 196.802
196.537 196.923 197.538
196.473 196.610 196.794
196.376 196.774 197.087
196.688 196.772 196.973
196.572 196.887 197.358
196.584 196.747 196.895
196.410 196.627 196.845
196.368 197.154 198.566
196.567 196.889 197.490
195.926 196.635 197.217
196.460 196.598 196.777
196.546 196.626 196.726
196.589 196.832 197.274
196.558 196.806 197.012
197.374 197.527 197.726
197.298 197.500 197.667
197.425 197.561 197.663
197.337 197.885 198.969
197.278 197.479 197.642
197.302 197.607 197.882
197.264 197.548 197.906
197.435 197.544 197.748
197.210 197.437 197.564
197.471 198.041 199.670
197.421 197.584 197.710
197.293 197.621 198.102
197.453 197.575 197.928
197.463 197.564 197.641
197.092 197.469 197.702
197.267 197.982 200.083
197.249 197.608 197.940
197.382 197.593 197.670
197.422 197.742 197.994
197.194 197.510 197.683
197.301 197.439 197.655
197.399 198.171 199.558
197.265 197.644 198.482
197.600 197.898 198.218
197.391 197.532 197.600
197.441 197.761 198.447
197.361 197.605 197.789
197.437 197.520 197.696
197.363 197.489 197.634
197.522 197.655 197.871
197.482 197.951 199.063
197.098 197.434 197.744
197.420 197.702 197.905
197.474 197.708 198.365
197.258 197.549 197.893
197.333 197.547 197.980
197.539 197.600 197.668
197.271 197.519 197.830
197.423 197.724 198.047
196.523 196.702 196.905
196.406 196.787 197.409
196.257 196.610 196.871
196.285 196.460 196.605
196.221 196.521 196.893
196.733 196.867 197.006
196.376 196.557 196.868
196.252 196.460 196.722
196.637 196.946 197.445
196.397 196.585 196.819
196.371 196.672 196.895
196.547 196.734 196.970
196.532 196.796 196.983
196.373 196.594 197.024
196.599 197.022 197.959
196.528 196.696 196.773
196.945 197.387 197.668
197.115 197.285 197.439
197.157 197.377 197.599
197.109 197.316 197.532
197.286 197.613 197.814
196.432 196.624 196.816
196.396 196.780 197.675
196.382 196.670 196.865
196.461 196.645 196.721
196.324 196.592 197.299
196.331 196.599 196.832
196.528 196.600 196.782
196.645 196.796 197.140
196.668 197.140 197.959
196.541 196.729 196.981
196.432 196.597 196.797
196.638 197.174 197.995
196.526 196.653 196.736
196.488 197.041 198.303
196.642 196.867 197.164
196.394 196.486 196.707
196.415 196.983 197.631
196.393 196.495 196.783
196.536 196.728 196.829
196.464 196.751 197.200
196.455 196.536 196.685
196.583 196.853 197.193
196.504 196.641 197.011
196.475 196.850 197.603
196.558 196.655 196.927
196.425 196.993 197.689
196.289 196.558 197.041
196.438 196.588 196.746
196.387 196.742 197.357
196.700 196.896 197.111
196.450 196.713 197.026
196.676 196.953 197.898
196.439 196.820 197.164
196.600 197.140 198.363
196.210 196.492 196.680
196.453 196.609 196.848
196.684 197.282 197.703
196.379 196.533 196.783
196.283 196.471 196.594
196.558 196.940 197.772
196.529 196.604 196.670
196.345 197.024 197.804
196.357 196.582 196.736
196.640 196.696 196.746
196.366 197.265 198.810
196.468 196.633 196.975
196.401 196.686 197.026
196.438 196.542 196.662
196.507 196.676 196.898
196.593 196.745 197.013
196.545 196.871 197.718
196.427 196.735 197.444
196.306 196.643 197.123
196.338 196.850 198.197
196.258 196.802 197.807
195.890 196.779 198.377
196.362 196.652 197.285
196.418 196.582 196.838
196.382 196.751 197.437
196.365 196.561 196.765
196.331 196.553 196.659
196.425 196.523 196.624
196.313 196.591 197.507
196.057 196.366 196.634
196.387 196.526 196.716
196.461 196.515 196.589
195.868 196.297 196.613
196.295 196.391 196.523
196.422 196.555 196.676
196.336 196.453 196.596
196.399 196.600 196.835
196.275 196.391 196.518
196.528 197.016 197.722
196.421 196.513 196.644
196.375 196.523 196.612
196.270 197.203 199.038
196.507 196.748 196.984
196.387 196.638 196.807
196.677 197.187 198.022
196.255 196.586 196.962
196.465 196.575 196.705
196.500 196.695 197.082
196.347 196.672 196.918
196.572 196.645 196.722
196.534 196.776 197.282
196.899 197.013 197.134
196.500 197.310 199.261
196.814 197.044 197.219
196.940 197.053 197.194
196.830 196.925 197.009
196.821 197.176 198.057
196.887 197.105 197.348
196.858 196.984 197.112
196.820 197.370 198.868
198.579 198.772 199.078
198.325 198.706 199.596
198.387 198.576 198.912
198.501 198.929 199.676
198.402 198.687 199.275
198.530 198.635 198.874
198.418 198.983 200.139
198.702 198.807 198.988
198.428 198.551 198.762
198.456 198.698 199.188
198.502 198.701 199.028
198.323 198.670 199.026
198.345 198.655 198.876
197.969 198.344 198.560
198.065 198.641 198.894
198.574 198.887 199.572
198.265 198.645 199.036
198.231 198.576 198.849
198.287 198.497 198.747
198.297 198.572 198.789
198.318 198.481 198.578
198.466 199.646 203.661
198.502 198.618 198.804
198.505 198.621 198.725
198.419 198.562 198.701
198.656 198.853 199.087
198.599 199.125 200.407
198.577 198.669 198.830
198.363 198.493 198.719
198.447 198.537 198.667
198.392 198.609 198.810
198.505 198.736 199.013
198.276 198.565 198.784
198.344 198.538 198.694
198.402 198.469 198.533
198.249 198.608 198.911
198.494 198.788 199.507
198.610 198.766 198.972
198.427 198.586 198.829
198.586 198.789 199.318
198.393 198.642 199.142
198.403 198.603 198.781
198.555 198.736 199.052
198.060 198.633 198.910
198.455 198.718 198.986
198.272 198.502 198.776
198.394 198.776 199.875
198.055 198.492 198.685
198.341 198.595 198.937
198.158 198.350 198.539
198.423 198.595 198.862
198.028 198.483 199.157
198.336 198.513 198.666
198.385 198.746 199.547
198.346 198.503 198.658
198.472 198.702 198.897
198.239 198.466 198.745
198.397 198.534 198.762
198.371 198.638 199.109
198.523 198.726 198.926
198.373 198.686 199.445
198.476 198.598 198.704
198.369 198.612 198.788
198.311 198.520 198.764
198.360 198.735 199.098
198.410 198.553 198.727
198.388 198.626 199.075
198.432 198.680 198.946
198.408 198.707 199.457
198.482 199.066 201.092
198.193 198.584 198.835
198.351 198.601 198.900
198.494 198.733 199.171
198.496 198.859 199.309
198.450 198.854 200.127
198.483 198.657 199.160
198.478 198.658 198.981
198.377 198.636 199.053
198.562 198.663 198.725
197.995 198.461 198.686
198.278 198.416 198.735
198.352 198.665 199.180
198.390 198.587 198.818
198.455 198.715 198.914
198.565 198.869 199.383
198.330 198.846 199.793
198.570 198.717 198.841
198.515 198.700 198.833
198.386 198.683 198.909
198.394 198.719 199.763
198.366 198.546 198.714
198.415 198.657 198.968
198.305 198.492 198.702
198.347 198.997 200.975
198.390 198.559 198.734
198.498 198.657 198.762
198.628 198.709 198.833
196.933 197.739 198.625
197.004 197.395 197.747
197.046 197.413 197.831
196.969 197.132 197.386
197.016 197.418 198.090
196.886 197.094 197.441
197.239 198.472 200.648
197.146 197.282 197.550
197.044 197.594 199.016
197.057 197.152 197.260
197.121 197.598 199.324
196.942 197.191 197.357
197.129 197.223 197.406
196.712 197.128 197.345
197.122 197.470 197.878
196.846 197.724 199.460
196.847 197.399 198.536
197.118 197.437 197.874
196.995 197.662 199.290
196.930 197.097 197.385
196.862 197.104 197.301
197.050 197.180 197.305
196.402 196.556 196.733
195.986 196.425 196.655
196.425 196.629 196.896
196.355 196.921 198.465
196.112 196.579 197.036
196.207 196.491 196.715
196.302 196.831 198.273
196.258 196.687 197.176
196.430 196.847 197.741
196.410 196.836 198.131
196.462 196.614 196.757
196.457 196.743 197.324
196.482 196.679 197.046
196.514 196.673 196.851
196.602 196.715 197.053
199.788 200.082 200.383
199.889 200.013 200.108
200.248 200.395 200.463
200.434 200.865 201.476
200.374 200.543 200.786
196.876 197.226 197.498
197.123 197.234 197.361
197.060 197.233 197.436
196.929 197.242 197.576
197.036 197.264 197.553
197.131 197.228 197.387
196.948 197.442 198.723
196.989 197.480 197.928
196.651 197.059 197.901
196.537 196.800 197.059
196.812 197.098 197.770
196.677 197.162 197.627
196.807 197.109 197.678
196.829 197.065 197.197
196.588 196.862 197.165
196.506 197.320 199.732
196.519 197.423 199.248
196.822 197.216 198.320
196.898 197.151 197.541
196.369 196.964 197.409
196.483 196.799 197.038
196.684 196.790 196.926
196.671 196.845 196.993
196.506 196.919 197.155
196.545 196.746 196.883
196.556 196.683 196.780
196.667 196.780 196.902
196.510 196.722 196.909
196.262 196.774 197.178
196.943 197.544 198.674
203.847 206.691 210.439
196.695 197.343 197.922
196.617 196.706 196.847
196.566 196.726 196.905
196.582 196.953 198.096
196.778 198.305 202.829
196.577 198.026 199.668
196.782 196.858 196.920
196.507 196.658 196.851
196.675 196.866 197.245
196.813 196.946 197.247
196.656 196.960 197.547
196.724 196.893 197.104
196.821 196.950 197.264
196.569 196.678 196.792
196.574 196.832 197.246
196.818 196.913 197.050
196.713 196.864 197.071
196.663 196.970 197.653
196.669 196.927 197.273
196.810 197.114 197.516
196.667 198.013 203.001
196.545 197.228 197.759
196.792 196.879 197.061
196.743 196.925 197.282
196.642 196.912 197.220
196.698 196.819 197.009
196.812 197.021 197.195
196.596 196.686 196.803
196.585 196.778 196.996
196.737 196.906 197.059
196.863 196.995 197.167
196.650 197.029 197.944
196.497 196.723 196.907
196.597 196.795 196.941
196.530 196.781 197.065
196.612 196.769 197.156
196.626 196.825 197.091
196.668 196.957 197.269
196.570 197.300 199.183
196.553 196.946 197.612
196.759 196.872 197.007
196.695 197.210 198.044
196.717 197.282 198.169
197.156 197.737 198.917
196.775 197.021 197.605
196.648 197.058 197.357
196.911 197.029 197.156
196.932 197.052 197.374
196.378 196.831 197.230
196.805 197.301 197.658
196.932 197.969 199.273
196.829 197.027 197.509
196.732 197.352 198.210
196.649 197.334 198.202
196.469 197.203 198.084
196.686 197.114 197.927
196.682 197.311 198.764
196.599 197.094 198.080
196.581 197.180 198.423
196.605 196.875 197.177
196.772 196.946 197.115
196.838 197.072 197.266
196.950 197.284 197.495
196.694 196.847 197.014
196.338 196.734 196.950
196.434 196.803 197.103
196.905 197.533 198.824
196.630 197.944 199.884
196.717 197.036 198.068
196.949 197.204 197.428
196.786 196.880 196.971
196.821 196.961 197.083
196.555 197.335 199.463
196.733 197.532 198.809
196.564 196.836 197.198
196.319 196.979 197.705
196.771 197.544 199.492
196.723 197.451 198.664
196.619 197.307 199.115
196.799 197.204 197.685
196.839 196.997 197.249
196.188 196.711 197.041
196.877 196.948 197.088
196.956 197.118 197.264
196.777 197.159 198.282
196.617 197.073 197.599
196.858 197.059 197.349
196.724 196.857 197.177
196.745 196.914 197.242
196.864 196.936 197.032
196.949 196.983 197.030
196.628 196.989 197.496
196.669 197.131 197.549
197.055 197.133 197.238
196.631 196.945 197.504
196.838 197.019 197.134
196.559 197.003 197.217
196.749 196.837 196.880
196.591 196.824 196.990
196.576 196.877 197.103
196.708 196.843 197.078
196.502 196.721 196.893
196.955 197.057 197.327
196.823 197.066 197.431
196.582 196.798 197.006
196.533 196.807 196.954
196.343 196.621 196.911
196.712 196.881 197.125
196.687 196.890 197.084
196.372 196.973 197.416
196.629 196.995 197.330
196.438 196.881 197.087
196.537 196.881 197.308
196.961 197.116 197.329
196.823 197.045 197.318
196.631 196.772 196.926
196.829 197.163 197.379
196.873 197.003 197.218
196.240 197.160 198.280
196.615 196.828 197.070
196.126 196.790 197.356
196.937 196.983 197.020
196.618 196.893 197.394
196.853 196.901 196.984
196.975 197.078 197.126
196.526 197.039 197.734
196.714 197.269 198.618
196.462 196.718 196.952
196.609 196.823 197.104
196.807 196.962 197.083
196.793 196.963 197.216
197.014 197.153 197.368
196.602 197.285 199.040
196.811 197.066 197.527
196.743 197.203 198.083
196.873 197.311 197.744
196.825 196.954 197.232
196.615 196.926 197.233
196.573 196.800 197.122
196.859 197.302 197.964
196.782 197.282 198.697
196.634 196.882 196.997
196.786 197.000 197.187
200.231 200.840 201.712
200.445 200.606 200.730
200.700 200.826 201.169
200.448 200.918 201.462
200.524 200.818 200.968
200.442 200.520 200.660
200.215 200.400 200.544
200.353 200.617 201.003
200.264 200.514 200.778
200.448 200.673 200.871
200.598 200.762 200.920
200.607 200.910 201.429
200.483 201.605 204.875
200.785 200.881 201.012
200.481 201.111 202.471
200.357 200.506 200.843
200.486 201.028 201.923
200.409 200.790 201.013
200.410 200.812 200.984
200.644 201.028 201.619
200.515 200.976 201.596
200.378 200.759 201.381
200.508 201.074 202.553
200.452 200.650 200.828
200.506 201.430 203.307
200.278 200.792 201.234
200.618 200.709 200.791
200.339 200.795 201.578
200.402 200.951 201.580
200.430 200.776 201.337
200.311 200.503 200.672
200.476 200.595 200.744
200.279 200.558 201.201
200.412 200.660 200.791
200.363 200.646 200.963
200.514 200.796 200.970
200.640 201.219 201.964
200.441 200.775 201.238
200.561 200.719 201.017
200.351 200.625 201.277
200.531 200.919 202.023
200.382 200.542 200.769
200.365 200.898 202.029
200.186 200.563 201.039
200.185 200.374 200.545
200.650 200.831 201.037
200.648 200.925 201.428
200.438 200.979 201.268
200.313 200.453 200.637
200.182 200.498 200.927
200.422 200.670 201.014
200.076 200.922 202.571
200.587 200.681 200.857
200.129 200.507 200.689
200.535 200.703 201.129
200.379 201.069 201.428
200.482 200.897 202.029
200.507 201.109 201.689
200.283 200.539 200.779
200.758 201.318 202.862
200.327 200.660 200.798
200.218 200.497 200.835
200.210 200.749 202.005
200.582 201.099 202.391
200.358 200.599 200.779
200.412 200.604 200.800
200.332 200.662 200.891
200.805 201.243 201.959
200.643 201.176 201.928
200.415 225.753 324.905
200.422 200.615 200.964
200.407 200.850 201.546
200.260 200.802 201.587
200.234 200.623 200.860
200.670 200.805 201.097
200.228 200.541 201.029
200.485 200.638 200.822
200.227 200.521 201.027
200.336 200.488 200.672
200.452 200.712 200.972
200.630 201.062 202.118
200.381 200.802 201.782
200.321 200.643 200.931
200.249 200.478 200.776
200.530 200.659 200.806
200.425 201.088 201.466
200.244 200.739 201.006
200.296 200.569 200.929
200.309 200.727 201.142
200.257 200.863 202.381
200.247 200.785 201.310
200.471 200.995 202.514
200.260 200.765 201.655
200.321 200.654 200.929
200.460 200.680 201.015
200.285 200.598 200.905
200.294 200.710 201.544
200.296 200.682 201.805
200.232 200.533 200.948
200.338 200.650 200.791
200.669 200.748 200.895
200.615 201.162 202.492
200.412 200.548 200.727
200.437 200.599 200.831
200.333 200.564 200.726
200.530 200.678 200.844
200.631 200.777 201.043
200.102 200.471 201.080
200.284 200.731 201.819
200.589 200.756 201.045
200.440 200.566 200.716
200.256 201.059 201.999
200.314 200.884 202.027
200.312 200.819 201.934
200.310 200.540 200.963
200.568 200.777 201.135
200.417 200.632 200.827
200.679 200.868 201.007
200.566 200.722 201.039
200.304 200.746 201.573
200.346 200.644 200.953
200.429 200.647 200.902
200.351 200.752 201.226
200.213 200.629 201.047
200.536 201.636 204.603
200.457 200.677 201.061
200.597 200.781 201.375
200.315 200.673 201.014
200.319 200.561 200.736
200.303 200.708 201.395
200.632 200.869 201.406
200.311 200.788 201.297
200.549 200.771 201.168
200.668 201.143 202.157
200.402 200.576 200.911
200.478 200.740 201.216
200.163 200.749 201.355
200.228 200.485 200.679
200.270 200.776 201.938
200.433 200.840 201.366
200.219 200.391 200.751
200.384 200.817 201.758
200.332 200.485 200.677
200.423 200.656 200.928
200.588 200.936 202.156
199.921 200.459 201.027
200.334 200.653 201.092
200.516 200.818 201.122
200.367 200.607 200.873
200.467 200.552 200.623
200.184 200.564 200.761
200.430 201.038 201.586
200.460 201.113 202.760
200.245 200.562 201.030
200.432 200.757 201.048
200.018 200.871 202.505
200.588 201.104 201.818
200.359 200.663 201.023
200.380 200.811 201.372
200.298 200.442 200.542
200.290 200.946 201.969
200.216 200.499 200.659
200.515 200.739 200.902
200.277 200.766 202.160
200.294 200.774 201.493
200.417 200.636 200.926
200.468 200.968 202.231
200.449 200.669 200.804
200.311 200.749 201.120
200.239 200.734 201.621
200.441 200.605 200.795
200.338 200.692 201.262
200.591 201.028 202.545
200.406 202.002 207.870
200.484 200.565 200.734
200.379 200.648 201.283
200.412 200.628 200.800
200.587 200.778 201.018
200.335 200.481 200.543
200.260 200.390 200.467
200.208 200.556 200.898
200.554 200.701 200.911
200.511 201.115 202.253
200.300 200.655 201.011
200.413 200.631 200.833
200.230 200.432 200.564
200.418 200.838 201.196
200.314 200.536 200.650
200.717 200.841 200.924
200.337 200.732 201.747
200.231 200.490 200.787
200.389 200.627 200.874
200.321 200.998 201.749
200.500 201.359 204.119
200.447 200.616 200.736
200.442 200.644 200.933
200.392 200.501 200.621
200.358 200.501 200.656
200.376 200.561 200.774
200.507 200.674 200.994
200.362 200.542 200.798
200.223 200.687 201.480
200.303 200.404 200.675
200.291 200.786 201.883
200.505 200.592 200.715
200.662 200.817 201.180
200.771 201.349 203.226
199.977 200.457 200.732
200.555 200.777 200.985
200.422 200.677 200.936
200.021 200.587 200.810
200.055 200.425 200.627
200.416 200.625 200.890
200.352 200.529 200.736
200.351 200.640 201.155
200.368 200.732 201.453
200.474 200.588 200.759
200.225 200.523 200.854
200.611 200.688 200.805
200.565 201.054 201.874
200.462 200.795 201.762
200.614 200.839 201.053
200.320 200.423 200.615
200.435 200.543 200.673
200.383 200.541 200.729
200.584 201.400 203.554
200.573 200.657 200.760
200.139 200.829 201.303
200.341 200.571 200.815
200.359 200.756 201.077
200.230 200.521 200.753
200.371 200.535 200.791
200.315 200.568 200.926
200.486 200.746 201.207
200.456 200.720 201.144
200.250 200.495 200.744
200.184 200.601 201.121
200.263 200.517 200.841
200.451 200.808 201.660
200.289 200.465 200.600
200.219 200.491 200.614
200.307 200.537 200.817
200.459 200.680 201.127
200.296 200.397 200.514
200.348 200.568 200.974
200.386 200.522 200.666
200.297 200.425 200.660
200.537 200.794 201.166
200.386 200.550 200.748
200.240 200.457 200.672
200.399 200.647 200.928
200.126 200.869 201.872
200.355 201.203 202.077
200.216 200.490 200.638
200.446 200.579 200.967
200.359 200.741 201.164
200.367 200.501 200.691
200.522 201.087 201.762
200.613 201.826 205.333
200.449 201.001 202.301
200.066 200.716 201.640
200.407 200.512 200.663
200.299 200.932 201.823
200.265 200.551 200.740
200.238 200.970 202.439
200.423 200.816 201.937
200.272 200.694 201.243
200.569 200.744 200.961
200.322 258.858 491.793
200.374 200.568 200.820
200.299 200.508 200.637
200.287 200.717 201.358
200.354 200.575 200.818
200.458 200.536 200.605
200.047 200.406 200.551
200.075 200.544 200.778
200.283 200.489 200.703
200.419 200.579 200.700
200.409 200.711 201.323
200.359 200.765 201.405
200.425 201.148 201.842
200.593 200.846 201.492
200.315 200.438 200.562
200.235 200.417 200.691
200.119 200.679 201.381
200.376 201.149 202.668
200.248 200.759 201.166
197.060 197.192 197.385
196.906 196.999 197.189
197.010 197.738 199.234
197.073 197.299 197.686
197.062 197.418 198.263
196.554 197.108 197.322
197.058 197.222 197.398
196.878 197.097 197.568
198.444 198.696 199.024
198.584 198.699 198.791
198.759 198.829 198.919
198.718 199.260 201.159
198.695 198.772 198.902
198.484 198.771 199.022
198.431 199.009 199.444
198.468 199.019 199.867
198.403 198.847 199.353
198.519 198.774 198.941
198.306 198.763 199.277
198.468 198.676 198.883
198.330 199.396 200.741
198.372 198.559 198.823
198.187 198.522 198.779
198.559 198.847 199.098
198.543 198.667 198.823
198.460 198.690 198.939
198.374 198.741 199.057
198.579 198.775 198.979
198.216 198.659 199.173
198.431 199.012 199.628
198.594 199.331 200.549
198.506 198.575 198.670
198.441 198.857 200.137
198.505 198.627 198.883
198.529 198.980 200.321
198.479 199.019 199.673
198.419 199.301 201.365
198.491 198.677 198.899
198.160 198.388 198.531
198.360 198.682 198.837
198.152 198.569 198.767
198.398 198.648 198.945
198.188 198.653 199.025
198.093 198.619 199.280
198.210 198.497 198.790
198.317 199.170 201.430
198.558 198.850 199.471
198.363 198.546 198.788
198.313 198.499 198.869
198.542 198.673 198.956
198.308 198.527 198.791
198.584 198.818 199.470
198.703 198.846 199.335
198.125 198.509 198.664
198.461 198.556 198.679
198.388 198.574 198.713
198.568 198.770 199.027
198.247 198.420 198.605
198.343 198.565 198.751
198.326 198.522 198.760
198.394 198.648 198.860
198.665 199.116 200.527
198.389 198.510 198.676
198.429 198.916 199.604
198.434 198.642 198.819
198.322 198.730 199.633
198.172 198.449 198.732
198.506 198.895 199.979
198.602 198.864 199.518
198.499 198.730 199.021
198.504 198.786 199.016
198.660 198.777 199.020
198.248 198.619 199.238
198.415 198.876 199.298
198.391 198.649 198.841
198.771 199.033 199.442
198.296 198.616 198.914
198.335 198.626 198.888
198.272 198.536 198.847
198.430 198.640 198.914
198.543 199.256 200.265
198.404 198.888 199.477
198.392 198.581 198.785
198.339 198.528 198.811
198.496 198.669 198.963
198.317 198.640 198.841
198.486 198.670 198.863
198.633 198.750 198.913
198.363 198.660 198.975
198.430 199.077 200.391
198.613 199.275 200.828
198.531 198.765 199.153
198.388 199.346 202.049
198.711 199.060 199.860
198.431 198.633 198.857
198.389 198.637 198.949
197.862 197.995 198.262
198.032 198.243 198.746
198.030 198.163 198.339
198.081 198.248 198.573
197.825 198.091 198.653
197.887 198.001 198.209
198.006 198.725 200.329
197.831 198.017 198.126
197.963 198.109 198.426
197.880 198.117 198.299
198.074 198.275 198.575
197.781 197.904 197.977
197.997 198.118 198.188
197.873 198.179 198.940
197.851 198.026 198.274
197.733 198.236 198.967
197.709 198.026 198.542
197.757 198.001 198.180
197.833 198.144 198.376
197.895 198.256 198.830
197.494 197.969 198.329
197.903 198.174 198.674
197.532 198.009 198.335
197.723 198.132 198.314
197.917 198.125 198.291
197.778 197.973 198.164
197.425 198.188 198.618
198.104 198.569 199.893
197.898 198.470 200.046
197.603 198.040 198.517
197.945 198.144 198.430
198.033 198.224 198.621
197.764 197.989 198.161
197.954 198.068 198.257
197.827 198.367 199.311
197.834 198.854 201.842
197.963 198.190 198.376
197.780 198.052 198.344
197.818 198.005 198.248
197.785 198.002 198.237
197.865 198.182 199.014
197.668 197.891 198.176
197.866 197.996 198.063
197.633 198.131 198.920
198.047 198.364 198.703
197.923 198.030 198.094
198.067 198.289 198.491
197.811 198.017 198.304
197.898 198.443 200.121
197.938 198.316 198.926
197.858 198.009 198.152
198.055 198.299 198.806
198.076 198.169 198.307
197.729 198.338 199.905
197.856 198.108 198.448
197.837 198.924 200.451
198.013 198.155 198.235
197.897 198.695 200.852
197.823 198.070 198.374
198.045 198.203 198.583
198.336 198.594 198.792
198.340 198.545 198.846
198.378 198.570 198.693
198.209 198.469 198.757
198.220 198.472 198.653
198.423 198.638 198.840
197.994 198.387 198.628
198.467 198.836 199.412
198.574 198.736 199.007
198.453 198.591 198.724
198.411 198.812 199.408
198.248 198.479 198.672
198.550 198.672 198.736
198.355 198.573 198.781
198.383 198.553 198.637
198.471 198.599 198.750
198.321 198.734 199.247
198.352 198.657 199.009
198.456 198.623 198.722
198.360 198.618 199.009
198.339 198.560 198.715
198.418 198.767 199.599
198.445 198.514 198.586
198.469 198.707 199.012
198.589 198.725 198.949
198.371 198.690 199.487
198.571 198.926 200.069
198.493 198.605 198.683
198.325 198.468 198.734
198.438 198.617 198.949
198.533 198.701 198.827
198.266 198.542 198.817
198.495 198.645 198.773
196.919 197.244 197.492
197.069 197.285 197.846
197.071 197.215 197.370
196.993 197.615 198.547
197.112 197.198 197.361
196.998 197.560 199.129
196.768 196.947 197.102
196.829 196.994 197.165
196.897 197.064 197.154
196.958 197.126 197.236
196.943 197.295 198.123
196.807 197.126 197.302
196.963 197.141 197.233
196.976 197.202 197.372
196.901 197.056 197.214
197.072 197.990 199.202
196.921 197.508 199.501
197.030 197.107 197.168
197.027 197.193 197.310
196.825 197.204 197.463
196.978 197.126 197.239
196.858 197.260 197.762
197.133 197.332 197.481
197.099 197.437 197.834
197.115 197.188 197.239
196.980 197.419 198.563
196.932 197.070 197.190
197.123 197.183 197.294
197.144 197.244 197.391
197.243 197.360 197.426
196.842 197.038 197.278
196.756 197.199 197.675
197.018 197.150 197.230
196.902 197.268 197.694
197.085 197.182 197.336
197.173 197.392 197.684
196.857 197.091 197.281
197.088 197.275 197.587
196.819 197.344 197.895
197.318 197.426 197.645
197.086 197.257 197.373
197.178 197.234 197.311
197.010 197.171 197.373
196.990 197.186 197.344
196.850 197.224 197.917
196.966 197.041 197.113
196.836 197.088 197.450
196.910 197.237 197.853
196.884 197.084 197.178
196.765 197.266 198.559
197.148 197.564 198.669
196.914 197.127 197.296
196.913 197.168 197.600
196.763 197.068 197.327
196.993 197.326 198.126
196.930 197.056 197.160
197.132 197.757 199.022
197.236 197.433 197.701
197.157 197.230 197.302
196.926 197.167 197.322
196.935 197.400 198.460
197.146 198.046 199.615
197.009 197.295 197.582
197.011 197.173 197.400
196.959 197.225 197.414
196.914 197.128 197.378
197.137 197.397 197.937
197.012 197.126 197.431
197.108 197.637 199.367
197.053 197.184 197.319
197.085 197.319 197.681
197.129 197.287 197.407
197.118 197.690 198.314
197.058 197.327 197.514
196.987 197.257 197.497
196.941 197.121 197.331
197.066 197.496 198.812
196.895 197.103 197.289
196.781 197.134 197.416
196.785 197.219 197.788
196.904 197.274 198.090
197.131 197.224 197.452
197.001 197.411 198.162
197.156 197.290 197.410
197.014 197.353 197.918
197.048 197.145 197.213
196.940 197.451 198.397
196.989 197.138 197.255
197.250 197.404 197.748
197.296 197.496 197.896
197.094 197.158 197.236
