35.165 35.208 35.267
35.063 35.149 35.244
35.026 35.193 35.269
35.160 35.202 35.247
35.083 35.144 35.178
35.117 35.193 35.269
35.062 35.136 35.199
35.039 35.135 35.241
35.115 35.179 35.222
35.266 35.328 35.417
35.230 35.562 35.853
35.079 35.210 35.350
35.155 35.197 35.252
35.198 35.235 35.274
35.046 35.181 35.586
35.128 35.190 35.262
35.137 35.190 35.279
35.060 35.138 35.233
35.109 35.318 35.988
35.086 35.259 35.694
35.099 35.188 35.421
35.119 35.194 35.232
35.242 35.410 36.011
35.066 35.131 35.159
35.093 35.320 35.891
35.026 35.150 35.219
35.070 35.186 35.354
35.216 35.288 35.374
35.056 35.129 35.260
35.095 35.168 35.329
35.153 35.260 35.386
35.120 35.202 35.314
35.039 35.115 35.261
35.191 35.257 35.337
34.999 35.177 35.291
35.120 35.178 35.214
35.182 35.216 35.276
35.153 35.237 35.478
35.101 35.199 35.293
35.070 35.187 35.287
35.101 35.150 35.217
35.172 35.233 35.296
35.174 35.296 35.645
35.091 35.157 35.251
35.105 35.177 35.228
35.218 35.267 35.324
35.094 35.195 35.275
35.146 35.183 35.231
35.084 35.180 35.350
35.067 35.147 35.202
35.133 35.180 35.266
35.119 35.167 35.269
35.061 35.170 35.254
35.104 35.212 35.408
35.132 35.203 35.251
35.150 35.219 35.288
35.204 35.253 35.295
35.184 35.224 35.259
35.052 35.169 35.275
35.097 35.181 35.276
35.074 35.323 35.891
35.082 35.198 35.297
35.090 35.204 35.378
35.117 35.202 35.316
35.111 35.165 35.250
35.148 35.196 35.226
35.120 35.163 35.204
35.127 35.246 35.313
35.119 35.169 35.216
35.092 35.192 35.336
35.044 35.186 35.264
35.061 35.157 35.327
35.123 35.185 35.297
35.101 35.158 35.265
35.175 35.249 35.316
35.126 35.209 35.297
35.133 35.196 35.300
35.074 35.162 35.343
35.160 35.219 35.293
35.109 35.172 35.257
35.078 35.149 35.213
35.097 35.186 35.322
35.159 35.187 35.238
35.057 35.210 35.476
35.057 35.173 35.315
35.178 35.524 35.960
35.131 35.302 35.807
35.175 35.227 35.253
35.167 35.328 35.735
35.085 35.147 35.201
35.146 35.249 35.341
35.041 35.185 35.281
35.175 35.620 35.912
35.197 35.354 35.674
35.058 35.141 35.232
35.053 35.209 35.316
35.074 35.175 35.356
35.113 35.147 35.232
35.115 35.188 35.236
35.094 35.218 35.414
35.124 35.212 35.352
35.057 35.172 35.235
35.196 35.216 35.233
35.141 35.217 35.326
35.137 35.199 35.319
35.060 35.169 35.265
35.078 35.144 35.239
35.064 35.302 35.739
35.095 35.152 35.208
35.152 35.205 35.266
35.081 35.200 35.279
35.056 35.144 35.205
35.118 35.174 35.259
35.139 35.156 35.186
35.105 35.169 35.233
35.055 35.164 35.241
35.156 35.233 35.331
35.114 35.200 35.294
35.239 35.298 35.355
35.122 35.195 35.297
35.196 35.244 35.312
35.060 35.206 35.301
35.229 35.282 35.316
35.091 35.210 35.367
35.111 35.176 35.281
35.173 35.282 35.353
35.082 35.223 35.440
35.226 35.269 35.312
35.172 35.240 35.330
35.054 35.190 35.287
35.188 35.269 35.381
35.194 35.237 35.284
35.152 35.213 35.326
35.202 35.235 35.304
35.168 35.221 35.303
35.116 35.180 35.247
35.140 35.194 35.233
35.098 35.180 35.261
35.181 35.226 35.275
35.090 35.169 35.218
35.113 35.205 35.268
35.076 35.172 35.247
35.090 35.188 35.331
35.095 35.176 35.260
35.083 35.172 35.218
35.072 35.146 35.200
35.131 35.181 35.288
35.081 35.099 35.137
35.080 35.189 35.263
35.158 35.207 35.240
35.077 35.184 35.254
35.118 35.164 35.230
35.097 35.183 35.224
35.170 35.212 35.263
35.145 35.255 35.331
35.216 35.234 35.281
35.161 35.202 35.251
35.133 35.200 35.314
35.123 35.156 35.194
35.106 35.182 35.228
35.129 35.212 35.271
35.040 35.121 35.227
35.172 35.204 35.250
35.096 35.172 35.283
35.142 35.191 35.266
35.019 35.163 35.223
35.090 35.212 35.417
35.113 35.179 35.233
35.047 35.159 35.245
35.089 35.154 35.239
35.127 35.188 35.237
35.143 35.236 35.422
35.112 35.159 35.186
35.067 35.157 35.230
35.155 35.222 35.253
35.050 35.095 35.174
35.262 35.314 35.421
35.156 35.209 35.248
35.089 35.169 35.275
35.159 35.193 35.241
35.032 35.119 35.192
35.139 35.195 35.262
35.121 35.183 35.274
35.174 35.237 35.286
35.083 35.115 35.162
35.122 35.163 35.223
35.157 35.196 35.286
35.025 35.146 35.249
35.183 35.205 35.267
35.030 35.151 35.225
35.139 35.179 35.219
35.174 35.226 35.279
35.115 35.228 35.308
35.171 35.241 35.311
35.160 35.227 35.323
35.077 35.192 35.242
35.089 35.154 35.206
35.145 35.202 35.255
35.124 35.167 35.203
35.149 35.203 35.277
35.093 35.176 35.259
35.091 35.206 35.339
35.098 35.121 35.153
35.136 35.194 35.272
35.146 35.331 35.894
35.125 35.159 35.223
35.135 35.205 35.286
35.174 35.238 35.289
35.131 35.169 35.223
35.185 35.229 35.308
35.094 35.144 35.188
35.093 35.172 35.250
35.095 35.174 35.265
35.117 35.172 35.280
35.167 35.202 35.247
35.168 35.237 35.314
35.069 35.180 35.301
35.135 35.197 35.278
35.103 35.153 35.216
35.176 35.184 35.203
35.170 35.199 35.247
35.119 35.185 35.227
35.168 35.198 35.253
35.090 35.143 35.184
35.093 35.184 35.328
35.116 35.163 35.231
35.152 35.236 35.294
35.113 35.161 35.215
35.075 35.150 35.218
35.106 35.203 35.274
35.153 35.188 35.290
35.087 35.163 35.338
35.099 35.190 35.243
35.110 35.186 35.270
35.050 35.181 35.321
35.185 35.215 35.233
35.198 35.238 35.315
35.118 35.192 35.265
35.153 35.195 35.229
35.155 35.211 35.257
35.107 35.175 35.219
35.071 35.125 35.205
35.092 35.174 35.238
35.100 35.192 35.289
35.127 35.211 35.262
35.045 35.146 35.237
35.045 35.134 35.223
35.162 35.202 35.235
35.045 35.083 35.143
35.097 35.169 35.220
35.110 35.237 35.473
35.053 35.137 35.239
35.098 35.142 35.224
35.100 35.131 35.168
35.086 35.187 35.275
35.066 35.129 35.227
35.083 35.172 35.284
35.041 35.111 35.201
35.066 35.135 35.156
35.122 35.187 35.312
35.061 35.117 35.165
35.165 35.228 35.297
35.118 35.187 35.275
35.117 35.197 35.280
35.117 35.189 35.258
35.080 35.148 35.193
35.092 35.206 35.296
35.116 35.187 35.280
35.139 35.184 35.222
35.146 35.183 35.227
35.160 35.209 35.250
35.145 35.182 35.232
35.149 35.178 35.230
35.119 35.144 35.205
35.125 35.185 35.249
35.024 35.095 35.139
35.048 35.118 35.169
35.086 35.151 35.209
35.131 35.191 35.323
35.078 35.190 35.243
35.140 35.189 35.281
35.138 35.164 35.194
35.114 35.169 35.226
35.160 35.203 35.281
35.116 35.179 35.242
35.139 35.176 35.221
35.156 35.235 35.403
35.180 35.221 35.282
35.157 35.210 35.258
35.104 35.195 35.276
35.098 35.147 35.200
35.164 35.204 35.283
35.148 35.216 35.258
35.135 35.190 35.232
35.092 35.153 35.223
35.068 35.147 35.227
71.168 96.575 146.946
35.202 35.259 35.303
35.157 35.207 35.326
35.104 35.208 35.251
35.130 35.206 35.345
35.133 35.176 35.230
35.118 35.190 35.239
35.155 35.200 35.334
35.090 35.140 35.210
35.068 35.159 35.261
35.103 35.204 35.362
35.163 35.192 35.237
35.179 35.277 35.380
35.043 35.193 35.250
35.084 35.161 35.273
35.113 35.192 35.237
35.125 35.204 35.268
35.105 35.230 35.419
35.122 35.314 35.677
35.195 35.369 35.801
35.055 35.135 35.231
35.160 35.201 35.243
35.144 35.189 35.285
35.099 35.186 35.279
35.151 35.217 35.273
35.206 35.245 35.277
35.166 35.220 35.294
35.123 35.166 35.184
35.052 35.179 35.291
35.123 35.155 35.208
35.101 35.164 35.294
35.156 35.251 35.337
35.179 35.242 35.291
35.088 35.151 35.217
35.074 35.151 35.205
35.146 35.214 35.273
35.061 35.161 35.280
35.043 35.190 35.321
35.219 35.278 35.351
35.174 35.237 35.293
35.004 35.073 35.147
35.140 35.226 35.311
35.124 35.217 35.406
35.070 35.162 35.304
35.116 35.214 35.414
35.107 35.188 35.279
35.066 35.131 35.243
35.125 35.194 35.301
35.096 35.148 35.187
35.062 35.110 35.159
35.147 35.195 35.268
35.123 35.230 35.279
35.036 35.124 35.214
35.205 35.232 35.261
35.137 35.179 35.219
35.167 35.231 35.341
35.115 35.188 35.231
35.135 35.182 35.248
35.076 35.256 35.659
35.117 35.219 35.268
35.079 35.183 35.244
35.053 35.278 35.644
35.157 35.265 35.417
35.154 35.206 35.253
35.119 35.176 35.211
35.132 35.166 35.217
35.164 35.204 35.288
35.077 35.179 35.251
35.146 35.167 35.217
35.097 35.144 35.216
35.149 35.200 35.257
35.000 35.113 35.169
35.116 35.171 35.225
35.215 35.267 35.348
35.059 35.188 35.259
35.103 35.184 35.291
35.150 35.216 35.255
35.235 35.263 35.317
35.117 35.195 35.265
35.107 35.175 35.251
35.119 35.174 35.216
35.146 35.177 35.240
35.118 35.206 35.320
35.145 35.204 35.272
35.110 35.202 35.281
35.150 35.367 35.732
35.183 35.227 35.260
35.201 35.236 35.290
35.153 35.205 35.263
35.155 35.218 35.259
35.140 35.225 35.256
35.094 35.175 35.233
35.121 35.207 35.287
35.117 35.212 35.323
35.054 35.163 35.268
35.092 35.141 35.193
35.132 35.173 35.227
35.195 35.228 35.270
35.156 35.207 35.267
35.072 35.162 35.248
35.168 35.234 35.288
35.175 35.216 35.244
35.172 35.210 35.231
35.162 35.209 35.283
35.165 35.207 35.305
35.230 35.245 35.266
35.105 35.145 35.287
35.147 35.203 35.249
35.186 35.467 36.400
35.095 35.588 37.051
35.190 35.221 35.265
35.158 35.202 35.261
35.111 35.199 35.276
35.040 35.132 35.215
35.120 35.191 35.254
35.088 35.153 35.251
35.018 35.076 35.161
35.054 35.158 35.238
35.143 35.187 35.258
35.073 35.229 35.529
35.115 35.194 35.284
35.065 35.204 35.414
35.050 35.152 35.322
35.139 35.207 35.295
35.143 35.223 35.266
35.051 35.114 35.280
35.071 35.148 35.197
35.039 35.127 35.186
35.003 35.103 35.209
35.147 35.203 35.256
35.111 35.176 35.331
35.061 35.167 35.296
35.141 35.198 35.242
35.172 35.196 35.227
35.131 35.210 35.252
35.096 35.163 35.214
35.126 35.176 35.215
35.064 35.157 35.220
35.114 35.199 35.295
35.124 35.214 35.280
35.120 35.172 35.216
35.103 35.206 35.499
35.085 35.204 35.251
35.068 35.160 35.234
35.147 35.185 35.263
35.059 35.133 35.238
35.157 35.184 35.219
35.145 35.227 35.343
35.121 35.183 35.222
35.108 35.184 35.281
35.104 35.184 35.252
35.100 35.142 35.214
35.171 35.234 35.287
35.085 35.140 35.267
35.094 35.189 35.262
35.054 35.086 35.136
35.155 35.205 35.258
35.135 35.167 35.215
35.054 35.151 35.192
35.037 35.115 35.179
35.085 35.169 35.320
35.096 35.157 35.289
35.072 35.275 35.451
35.086 35.174 35.358
35.123 35.167 35.238
35.158 35.249 35.356
35.117 35.228 35.364
35.090 35.152 35.202
35.081 35.150 35.235
35.075 35.380 36.386
35.222 35.274 35.367
35.132 35.234 35.367
35.067 35.137 35.248
35.162 35.204 35.279
35.186 35.222 35.293
35.082 35.194 35.284
35.110 35.178 35.265
35.182 35.219 35.269
35.077 35.136 35.245
35.091 35.164 35.228
35.133 35.170 35.214
35.137 35.194 35.228
35.082 35.156 35.230
35.114 35.189 35.243
35.118 35.166 35.236
35.067 35.138 35.171
35.092 35.139 35.210
35.152 35.197 35.267
35.033 35.124 35.215
35.043 35.146 35.227
35.135 35.189 35.277
35.094 35.176 35.278
35.058 35.116 35.171
35.131 35.170 35.186
35.028 35.087 35.136
35.038 35.132 35.234
35.109 35.167 35.285
35.122 35.169 35.207
35.030 35.097 35.160
35.121 35.174 35.273
35.038 35.076 35.108
35.053 35.117 35.269
35.117 35.174 35.231
35.053 35.107 35.157
35.089 35.142 35.244
35.055 35.158 35.222
35.060 35.165 35.301
35.037 35.134 35.186
35.015 35.088 35.164
35.109 35.218 35.307
35.076 35.119 35.184
35.063 35.149 35.199
35.116 35.163 35.194
35.069 35.087 35.126
35.099 35.156 35.228
35.059 35.123 35.186
35.092 35.155 35.184
35.086 35.151 35.285
35.080 35.133 35.178
35.145 35.178 35.226
35.173 35.217 35.265
35.075 35.162 35.234
35.090 35.187 35.316
35.105 35.182 35.280
35.068 35.124 35.179
35.104 35.163 35.270
35.034 35.131 35.245
35.039 35.089 35.179
35.059 35.109 35.158
35.114 35.185 35.215
35.104 35.170 35.222
35.107 35.133 35.146
35.088 35.164 35.219
35.043 35.084 35.116
35.079 35.108 35.154
35.100 35.179 35.290
35.074 35.129 35.225
35.153 35.217 35.291
35.124 35.194 35.280
35.066 35.179 35.316
35.093 35.165 35.248
35.109 35.172 35.305
35.014 35.154 35.211
35.083 35.137 35.204
35.070 35.149 35.208
35.062 35.149 35.251
35.101 35.136 35.176
35.110 35.146 35.230
35.129 35.167 35.215
35.096 35.137 35.174
35.040 35.178 35.272
35.169 35.229 35.317
35.005 35.186 35.406
35.086 35.141 35.186
35.022 35.140 35.214
35.144 35.540 37.045
35.115 35.168 35.206
35.102 35.159 35.226
35.086 35.169 35.286
35.077 35.159 35.208
35.088 35.181 35.218
35.060 35.146 35.272
35.066 35.189 35.368
35.093 35.144 35.192
35.126 35.176 35.275
35.047 35.107 35.210
35.078 35.156 35.214
35.050 35.123 35.236
35.051 35.087 35.115
35.067 35.141 35.283
35.023 35.142 35.206
34.955 35.099 35.248
35.093 35.155 35.203
35.062 35.104 35.130
34.979 35.062 35.218
34.997 35.146 35.257
35.036 35.155 35.243
35.028 35.085 35.209
35.132 35.199 35.276
35.033 35.151 35.221
35.084 35.132 35.182
35.057 35.179 35.265
35.059 35.121 35.165
34.989 35.078 35.142
35.108 35.180 35.281
35.113 35.191 35.300
35.046 35.134 35.227
35.082 35.140 35.199
35.074 35.174 35.259
34.995 35.077 35.159
35.103 35.174 35.287
35.131 35.180 35.267
35.134 35.175 35.205
35.056 35.148 35.211
35.169 35.200 35.235
35.044 35.156 35.240
35.077 35.155 35.252
35.091 35.141 35.190
35.128 35.179 35.245
35.051 35.108 35.183
35.109 35.177 35.222
35.007 35.091 35.208
35.121 35.206 35.262
35.112 35.193 35.294
35.008 35.167 35.257
35.076 35.211 35.368
35.040 35.151 35.246
35.020 35.128 35.225
35.123 35.175 35.207
35.090 35.166 35.259
34.992 35.068 35.231
35.146 35.165 35.181
35.070 35.126 35.183
35.002 35.078 35.187
35.106 35.127 35.148
35.069 35.100 35.192
35.042 35.127 35.245
35.100 35.157 35.196
35.082 35.116 35.185
35.042 35.093 35.167
35.136 35.160 35.213
34.985 35.120 35.224
35.026 35.157 35.259
35.110 35.136 35.188
35.069 35.117 35.165
35.136 35.181 35.234
35.048 35.133 35.190
35.135 35.182 35.208
35.042 35.109 35.175
35.108 35.198 35.242
35.046 35.198 35.335
35.055 35.141 35.226
35.136 35.167 35.199
35.100 35.168 35.224
35.053 35.111 35.176
35.113 35.175 35.254
35.037 35.115 35.203
35.107 35.144 35.217
35.104 35.142 35.181
35.118 35.254 35.576
35.102 35.158 35.194
35.050 35.155 35.277
35.056 35.117 35.220
35.105 35.133 35.207
35.058 35.167 35.231
35.109 35.150 35.252
35.100 35.159 35.201
35.075 35.169 35.261
35.089 35.157 35.242
35.075 35.154 35.211
35.149 35.215 35.262
35.129 35.158 35.202
35.127 35.174 35.244
35.063 35.130 35.204
35.029 35.122 35.234
35.065 35.159 35.228
35.094 35.151 35.179
35.074 35.170 35.264
35.086 35.177 35.322
35.085 35.126 35.168
35.033 35.172 35.252
35.067 35.156 35.272
35.157 35.174 35.214
35.046 35.126 35.184
35.070 35.122 35.228
35.144 35.181 35.247
35.032 35.132 35.220
34.995 35.108 35.162
35.120 35.394 36.322
35.047 35.129 35.193
35.049 35.181 35.259
35.037 35.117 35.184
35.074 35.136 35.196
35.068 35.127 35.234
35.124 35.455 36.389
35.041 35.096 35.123
35.037 35.147 35.239
35.017 35.129 35.181
35.094 35.149 35.236
35.065 35.162 35.215
35.057 35.129 35.193
35.073 35.114 35.156
35.027 35.128 35.187
35.001 35.019 35.038
35.098 35.175 35.242
35.112 35.157 35.238
35.098 35.116 35.137
35.006 35.169 35.292
35.017 35.093 35.195
35.082 35.163 35.306
35.105 35.165 35.202
35.000 35.124 35.252
35.050 35.096 35.128
35.166 35.195 35.252
35.090 35.173 35.248
35.035 35.142 35.222
35.098 35.168 35.226
35.099 35.177 35.237
35.094 35.112 35.140
35.115 35.190 35.281
35.076 35.146 35.195
35.130 35.165 35.195
35.037 35.099 35.165
35.153 35.184 35.222
35.137 35.175 35.204
35.088 35.168 35.252
35.071 35.112 35.172
35.085 35.170 35.229
35.116 35.172 35.231
35.018 35.174 35.260
35.024 35.260 35.603
35.011 35.126 35.262
35.079 35.157 35.278
35.125 35.183 35.348
35.116 35.191 35.251
35.140 35.189 35.271
35.106 35.148 35.192
35.059 35.130 35.216
35.048 35.127 35.164
35.009 35.116 35.197
35.121 35.191 35.252
35.093 35.157 35.241
35.088 35.140 35.201
35.125 35.168 35.202
35.045 35.145 35.215
35.061 35.129 35.234
35.043 35.134 35.226
35.097 35.162 35.229
35.083 35.171 35.215
35.145 35.199 35.262
34.981 35.146 35.328
35.065 35.190 35.281
35.077 35.180 35.272
35.041 35.097 35.171
35.129 35.173 35.213
35.084 35.199 35.308
35.097 35.124 35.195
35.045 35.204 35.292
35.058 35.151 35.213
35.101 35.143 35.189
35.129 35.219 35.274
35.133 35.184 35.252
35.085 35.174 35.275
35.092 35.170 35.205
35.051 35.139 35.256
35.062 35.159 35.203
35.035 35.145 35.282
35.065 35.123 35.191
35.082 35.152 35.228
35.015 35.171 35.332
35.035 35.127 35.241
34.991 35.121 35.226
35.055 35.166 35.231
35.003 35.132 35.286
35.102 35.141 35.196
35.052 35.103 35.131
35.086 35.161 35.234
35.192 35.229 35.290
35.032 35.124 35.231
35.093 35.166 35.308
35.176 35.195 35.233
35.139 35.171 35.213
35.084 35.185 35.300
35.140 35.252 35.390
35.061 35.157 35.237
35.013 35.108 35.164
35.087 35.154 35.260
35.079 35.159 35.282
35.103 35.151 35.200
35.087 35.145 35.247
35.099 35.169 35.239
35.011 35.097 35.220
35.095 35.141 35.236
35.122 35.190 35.274
35.083 35.166 35.240
35.091 35.171 35.330
35.129 35.223 35.314
35.171 35.196 35.259
35.070 35.146 35.193
35.121 35.164 35.191
35.114 35.165 35.214
35.118 35.188 35.347
35.121 35.170 35.237
35.122 35.170 35.227
35.081 35.164 35.332
35.108 35.211 35.283
35.084 35.306 35.748
35.045 35.179 35.265
35.081 35.171 35.228
35.109 35.181 35.224
35.056 35.143 35.214
35.114 35.174 35.268
35.200 35.279 35.379
35.147 35.227 35.322
35.141 35.205 35.267
35.113 35.131 35.152
35.162 35.189 35.211
35.099 35.189 35.243
35.107 35.186 35.265
35.106 35.165 35.251
35.033 35.162 35.225
35.021 35.198 35.312
35.113 35.136 35.160
35.032 35.079 35.146
35.064 35.181 35.322
35.098 35.157 35.230
35.173 35.232 35.310
35.163 35.184 35.213
35.138 35.206 35.264
35.173 35.212 35.262
35.113 35.190 35.288
35.108 35.210 35.283
35.064 35.151 35.212
35.046 35.159 35.250
35.055 35.124 35.208
35.122 35.190 35.264
35.112 35.158 35.203
35.090 35.177 35.300
35.153 35.231 35.308
35.160 35.348 35.902
35.154 35.198 35.242
35.125 35.176 35.205
35.128 35.208 35.293
35.148 35.209 35.317
35.071 35.201 35.395
35.018 35.085 35.157
35.032 35.139 35.242
35.162 35.255 35.392
35.028 35.152 35.252
35.106 35.193 35.260
35.090 35.145 35.231
34.995 35.134 35.188
35.099 35.154 35.247
35.113 35.190 35.261
35.136 35.346 36.016
35.125 35.228 35.274
35.087 35.193 35.318
35.108 35.187 35.260
35.124 35.147 35.181
35.083 35.132 35.187
35.104 35.228 35.404
35.087 35.175 35.228
35.142 35.218 35.283
35.127 35.229 35.362
35.082 35.113 35.150
35.074 35.139 35.180
35.063 35.111 35.138
35.089 35.153 35.237
35.064 35.147 35.217
35.167 35.249 35.308
35.035 35.112 35.180
35.191 35.240 35.312
35.104 35.171 35.263
35.134 35.273 35.429
35.157 35.211 35.256
35.111 35.183 35.231
35.079 35.147 35.261
35.175 35.242 35.300
35.110 35.191 35.274
35.250 35.313 35.454
35.109 35.199 35.295
35.048 35.139 35.194
35.083 35.196 35.253
35.097 35.191 35.286
35.102 35.207 35.288
35.170 35.226 35.265
35.118 35.163 35.204
35.151 35.192 35.230
35.034 35.104 35.171
35.096 35.219 35.310
35.076 35.156 35.208
35.065 35.145 35.185
35.047 35.177 35.329
35.112 35.156 35.189
35.156 35.178 35.200
35.119 35.294 35.672
35.074 35.455 36.738
35.128 35.190 35.258
35.111 35.195 35.309
35.129 35.206 35.290
35.072 35.182 35.330
35.099 35.215 35.272
35.088 35.161 35.217
35.171 35.237 35.324
35.117 35.164 35.219
35.029 35.142 35.200
35.136 35.163 35.205
35.140 35.183 35.262
35.138 35.203 35.277
35.137 35.192 35.254
35.131 35.172 35.246
35.146 35.195 35.237
35.086 35.589 37.312
35.120 35.173 35.233
35.079 35.121 35.156
35.165 35.188 35.233
35.052 35.124 35.185
35.070 35.102 35.152
35.111 35.200 35.286
35.178 35.243 35.360
35.091 35.214 35.315
35.171 35.214 35.244
35.122 35.205 35.241
35.144 35.216 35.282
35.056 35.198 35.291
35.115 35.328 35.787
35.087 35.166 35.207
35.091 35.163 35.261
35.084 35.166 35.283
35.084 35.192 35.257
35.212 35.648 36.549
35.134 35.169 35.235
35.151 35.178 35.226
35.131 35.175 35.227
35.132 35.201 35.299
35.115 35.194 35.283
35.152 35.205 35.279
35.129 35.199 35.273
35.163 35.208 35.241
35.118 35.157 35.224
35.076 35.169 35.244
35.152 35.169 35.190
35.027 35.184 35.253
35.105 35.213 35.359
35.139 35.232 35.370
35.144 35.230 35.391
35.111 35.153 35.249
35.204 35.256 35.355
35.167 35.198 35.231
35.143 35.205 35.246
35.068 35.180 35.332
35.053 35.121 35.174
35.115 35.181 35.258
35.103 35.171 35.250
35.105 35.205 35.296
35.103 35.182 35.222
35.060 35.160 35.247
35.137 35.173 35.215
35.033 35.135 35.255
35.144 35.203 35.261
35.069 35.129 35.202
35.150 35.223 35.300
35.105 35.151 35.200
35.129 35.162 35.184
35.041 35.096 35.154
35.096 35.160 35.244
35.161 35.236 35.314
35.163 35.273 35.446
35.072 35.221 35.373
35.136 35.241 35.293
35.098 35.183 35.244
35.128 35.195 35.224
35.153 35.194 35.238
35.078 35.184 35.331
35.097 35.190 35.271
35.108 35.286 35.686
35.175 35.232 35.262
35.062 35.153 35.266
35.119 35.181 35.224
35.120 35.141 35.170
35.955 35.986 36.037
35.166 35.225 35.268
35.145 35.222 35.301
35.184 35.206 35.224
35.191 35.226 35.256
35.158 35.239 35.340
35.061 35.142 35.263
35.108 35.232 35.311
35.113 35.154 35.193
35.108 35.238 35.369
35.216 35.273 35.337
35.153 35.209 35.272
35.164 35.220 35.273
35.200 35.262 35.307
35.165 35.238 35.286
35.203 35.245 35.333
35.089 35.321 35.908
35.080 35.161 35.255
35.195 35.247 35.303
35.192 35.267 35.361
35.209 35.280 35.372
35.139 35.215 35.319
35.172 35.239 35.268
35.109 35.192 35.281
35.249 38.235 43.627
35.132 35.285 35.417
35.126 35.637 37.427
35.066 35.225 35.470
35.050 35.112 35.220
35.098 35.234 35.324
35.119 35.194 35.363
35.049 35.251 35.500
35.117 35.216 35.275
35.169 35.261 35.401
35.168 35.239 35.298
35.158 35.425 36.159
35.227 35.277 35.329
35.132 35.216 35.311
35.142 35.238 35.448
35.243 35.249 35.262
35.176 35.244 35.293
35.159 35.220 35.324
35.100 35.200 35.243
35.202 35.244 35.349
35.131 35.192 35.256
35.042 35.197 35.386
35.146 35.203 35.258
35.122 35.210 35.350
35.218 35.313 35.376
35.168 35.273 35.385
35.079 35.137 35.228
35.166 35.231 35.354
35.137 35.153 35.178
35.121 35.165 35.274
35.142 35.258 35.362
35.199 35.269 35.302
35.110 35.226 35.336
35.213 35.262 35.334
35.146 35.244 35.330
35.106 35.209 35.310
35.113 35.208 35.306
35.127 35.222 35.316
35.109 35.183 35.250
35.228 35.287 35.416
35.078 35.157 35.215
35.206 35.234 35.269
35.166 35.205 35.330
35.144 35.229 35.347
35.132 35.203 35.316
35.166 35.222 35.290
35.136 35.225 35.390
35.072 35.176 35.332
35.130 35.237 35.307
35.213 35.260 35.323
35.132 35.203 35.259
35.085 35.214 35.527
35.194 35.268 35.340
35.109 35.213 35.392
35.151 35.331 35.881
35.138 35.186 35.267
35.159 35.394 35.974
35.256 35.295 35.332
35.193 35.237 35.292
35.212 35.270 35.352
35.168 35.213 35.318
35.152 35.219 35.292
35.181 35.223 35.250
35.084 35.193 35.269
35.188 35.239 35.304
35.147 35.192 35.292
35.162 35.245 35.316
35.170 35.216 35.291
35.105 35.146 35.192
35.239 35.265 35.298
35.146 35.241 35.310
35.110 35.201 35.282
35.229 35.262 35.279
35.158 35.238 35.297
35.109 35.186 35.246
35.184 35.261 35.375
35.051 35.082 35.146
35.171 35.224 35.322
35.212 35.262 35.367
35.128 35.213 35.252
35.181 35.251 35.309
35.178 35.229 35.359
35.141 35.181 35.264
35.122 35.414 35.695
35.089 35.165 35.203
35.159 35.287 35.376
35.091 35.269 35.409
35.101 35.198 35.487
35.126 35.203 35.270
35.103 35.302 35.905
35.180 35.286 35.383
35.227 35.246 35.271
35.112 35.193 35.223
35.199 35.224 35.255
35.199 35.250 35.345
35.162 35.246 35.344
35.124 35.230 35.351
35.157 35.230 35.352
35.176 35.197 35.250
35.134 35.211 35.259
35.127 35.239 35.330
35.130 35.263 35.392
35.172 35.270 35.438
35.115 35.203 35.338
35.153 35.167 35.184
35.165 35.235 35.333
35.157 35.206 35.251
35.022 35.188 35.348
35.142 35.202 35.246
35.188 35.241 35.299
35.104 35.158 35.246
35.240 35.271 35.304
35.082 35.154 35.189
35.163 35.189 35.220
35.113 35.205 35.365
35.077 35.226 35.481
35.154 35.232 35.275
35.139 35.226 35.286
35.138 35.501 36.687
35.081 35.201 35.291
35.111 35.194 35.263
35.173 35.226 35.285
35.146 35.206 35.257
35.140 35.193 35.272
35.169 35.249 35.444
35.162 35.220 35.313
35.119 35.685 35.846
35.108 35.234 35.307
35.103 35.182 35.299
35.124 35.165 35.204
35.124 35.196 35.328
35.085 35.158 35.224
35.191 35.273 35.485
35.111 35.337 35.707
35.119 35.140 35.181
35.178 35.240 35.297
35.158 35.194 35.245
35.078 35.143 35.188
35.227 35.257 35.346
35.144 35.276 35.456
35.145 35.277 35.390
35.061 35.242 35.306
35.115 35.176 35.231
35.157 35.265 35.440
35.141 35.186 35.243
35.129 35.196 35.244
35.048 35.223 35.366
35.145 35.201 35.240
35.184 35.232 35.325
35.214 35.322 35.508
35.141 35.212 35.280
35.188 35.246 35.308
35.118 35.174 35.219
35.113 35.148 35.205
35.179 35.227 35.301
35.158 35.244 35.306
35.058 35.139 35.220
35.230 35.263 35.304
35.227 35.257 35.287
35.193 35.246 35.338
35.158 35.196 35.261
35.110 35.202 35.246
35.168 35.684 36.031
35.121 35.384 35.819
35.137 35.198 35.268
35.172 35.268 35.366
35.120 35.210 35.327
35.103 35.210 35.298
35.136 35.215 35.270
35.199 35.258 35.296
35.151 35.217 35.308
35.091 35.166 35.223
35.166 35.246 35.316
35.112 35.211 35.307
35.115 35.231 35.350
35.215 35.266 35.342
35.181 35.235 35.307
35.132 35.372 35.845
35.108 35.195 35.265
35.238 35.272 35.298
35.222 35.299 35.347
35.123 35.160 35.195
35.142 35.207 35.284
35.164 35.224 35.357
35.167 35.262 35.358
35.144 35.229 35.316
35.138 35.208 35.260
35.168 35.247 35.322
35.151 35.190 35.286
35.090 35.149 35.245
35.168 35.235 35.308
35.086 35.260 35.455
35.116 35.199 35.378
35.199 35.319 35.655
35.123 35.199 35.286
35.189 35.234 35.280
35.155 35.251 35.327
35.175 35.226 35.262
35.212 35.314 35.455
35.127 35.229 35.279
35.126 35.213 35.295
35.173 35.244 35.305
35.113 35.240 35.347
35.128 35.180 35.265
35.164 35.227 35.265
35.151 35.239 35.361
35.193 35.322 35.389
35.209 35.237 35.270
35.131 35.220 35.306
35.138 35.250 35.314
35.146 35.170 35.218
35.135 35.250 35.334
35.188 35.205 35.239
35.182 35.215 35.238
35.097 35.164 35.240
35.139 35.208 35.296
35.206 35.283 35.389
35.225 35.268 35.337
35.166 35.214 35.301
35.188 35.220 35.240
35.173 35.279 35.557
35.223 35.271 35.340
35.115 35.168 35.275
35.175 35.304 35.569
35.093 35.215 35.325
35.157 35.212 35.267
35.138 35.200 35.235
35.109 35.207 35.308
35.172 35.244 35.307
35.230 35.240 35.269
35.198 35.228 35.290
35.117 35.197 35.307
35.206 35.238 35.287
35.244 35.499 35.748
35.166 35.225 35.306
35.111 35.213 35.308
35.093 35.200 35.262
35.155 35.246 35.318
35.101 35.165 35.265
35.081 35.210 35.392
35.173 35.257 35.339
35.139 35.223 35.313
35.159 35.254 35.296
35.118 35.203 35.315
35.126 35.255 35.315
35.187 35.274 35.369
35.180 35.257 35.347
35.209 35.241 35.321
35.138 35.334 35.791
35.148 35.177 35.206
35.065 35.265 35.653
35.105 35.186 35.287
35.107 35.181 35.260
35.121 35.179 35.259
35.109 35.197 35.281
35.114 35.252 35.301
35.097 35.219 35.333
35.232 35.338 35.570
35.148 35.219 35.314
35.127 35.173 35.231
35.135 35.165 35.200
35.056 35.145 35.271
35.132 35.194 35.319
35.137 35.202 35.316
35.217 35.258 35.296
35.190 35.251 35.297
35.197 35.272 35.358
35.151 35.196 35.270
35.155 35.236 35.380
35.165 35.205 35.242
35.069 35.139 35.199
35.139 35.237 35.296
35.101 35.194 35.249
35.094 35.168 35.215
35.144 35.199 35.291
35.124 35.201 35.256
35.238 35.250 35.277
35.188 35.262 35.321
35.151 35.181 35.244
35.172 35.196 35.227
35.164 35.201 35.239
35.183 35.249 35.417
35.182 35.212 35.247
35.129 35.190 35.306
35.183 35.240 35.274
35.174 35.207 35.247
35.097 35.246 35.323
35.140 35.309 35.719
35.185 35.653 37.176
35.241 35.310 35.385
35.184 35.257 35.327
35.142 35.211 35.279
35.093 35.152 35.190
35.184 35.233 35.314
35.166 35.262 35.377
35.146 35.183 35.219
35.174 35.208 35.252
35.158 35.246 35.340
35.072 35.189 35.248
35.101 35.232 35.356
35.084 35.164 35.230
35.197 35.253 35.333
35.086 35.314 35.920
35.085 35.183 35.330
35.162 35.234 35.300
35.125 35.213 35.289
35.142 35.667 37.298
35.158 35.249 35.330
36.357 50.096 64.789
35.193 35.237 35.366
35.188 35.253 35.369
35.141 35.216 35.291
35.158 35.241 35.336
35.195 35.282 35.414
35.127 35.196 35.256
35.130 35.232 35.301
35.131 35.169 35.250
35.136 35.231 35.356
35.137 35.216 35.264
35.141 35.186 35.270
35.111 35.186 35.281
35.072 35.163 35.240
35.074 35.160 35.201
35.059 35.158 35.263
35.195 35.242 35.319
35.188 35.280 35.446
35.095 35.188 35.243
35.137 35.223 35.320
35.156 35.216 35.307
35.134 35.170 35.206
35.051 35.122 35.164
35.071 35.231 35.325
35.128 35.238 35.333
35.106 35.189 35.267
35.043 35.189 35.288
35.105 35.149 35.224
35.098 35.198 35.246
35.131 35.249 35.317
35.152 35.227 35.262
35.173 35.210 35.273
35.137 35.270 35.585
35.138 35.195 35.261
35.160 35.373 35.954
35.130 35.197 35.246
35.124 35.206 35.347
35.203 35.233 35.273
35.166 35.230 35.365
35.082 35.155 35.224
35.154 35.199 35.271
35.182 35.234 35.269
35.200 35.212 35.222
35.165 35.241 35.309
35.093 35.190 35.245
35.092 35.153 35.241
35.113 35.159 35.223
35.106 35.157 35.191
35.109 35.152 35.201
35.166 35.216 35.336
35.137 35.179 35.248
35.171 35.227 35.273
35.169 35.214 35.285
35.200 35.233 35.259
35.106 35.147 35.212
35.149 35.225 35.468
35.137 35.344 35.906
35.144 35.313 35.676
35.073 35.154 35.199
35.147 35.195 35.275
35.110 35.146 35.179
35.089 35.187 35.315
35.105 35.162 35.250
35.133 35.224 35.303
35.163 35.253 35.300
35.084 35.192 35.308
35.109 35.176 35.228
35.107 35.185 35.247
35.052 35.136 35.185
35.092 35.121 35.162
35.129 35.276 35.565
35.109 35.174 35.211
35.186 35.209 35.238
35.115 35.190 35.271
35.176 35.279 35.588
35.184 35.368 35.864
35.066 35.577 36.002
35.682 36.037 36.614
35.095 35.168 35.351
35.121 35.183 35.246
35.030 35.288 35.749
35.167 35.373 35.870
35.187 35.227 35.254
35.223 35.740 37.622
35.106 35.200 35.281
35.169 35.217 35.308
35.209 35.726 36.075
35.128 35.189 35.239
35.217 35.426 36.155
35.130 35.309 35.717
35.132 35.190 35.253
35.278 35.610 35.899
35.143 35.443 35.717
35.149 35.325 35.718
35.191 35.426 35.707
35.119 35.178 35.311
35.114 35.197 35.238
35.040 35.160 35.303
35.142 35.187 35.250
35.136 35.149 35.163
35.129 35.184 35.224
35.170 35.249 35.322
35.112 35.177 35.215
35.102 35.176 35.217
35.174 35.213 35.242
35.069 35.132 35.179
35.088 35.182 35.287
35.083 35.183 35.345
35.162 35.211 35.263
35.065 35.136 35.215
35.081 35.159 35.292
35.113 35.203 35.369
35.087 35.170 35.273
35.057 35.153 35.273
35.055 35.209 35.335
35.095 35.192 35.255
35.082 35.136 35.196
35.176 35.204 35.262
35.130 35.227 35.393
35.117 35.160 35.184
35.167 35.230 35.294
35.098 35.155 35.241
35.108 35.148 35.206
35.080 35.168 35.234
35.164 35.221 35.268
35.208 35.659 37.182
35.140 35.185 35.222
35.020 35.092 35.182
35.177 35.234 35.321
35.074 35.122 35.196
35.200 35.229 35.281
35.135 35.172 35.225
35.153 35.323 35.835
35.154 35.192 35.215
35.052 35.108 35.196
35.162 35.187 35.213
35.104 35.169 35.205
35.134 35.166 35.197
35.067 35.113 35.153
35.134 35.201 35.296
35.145 35.245 35.433
35.177 35.313 35.799
35.083 35.159 35.278
35.167 35.257 35.355
35.140 35.194 35.288
35.089 35.187 35.305
35.098 35.198 35.307
35.084 35.203 35.314
35.137 35.211 35.302
35.074 35.186 35.289
35.041 35.112 35.188
35.149 35.216 35.290
35.021 35.109 35.184
35.126 35.176 35.261
35.176 35.247 35.458
35.051 35.251 35.764
35.153 35.203 35.239
35.076 35.161 35.326
35.024 35.535 35.887
35.123 35.362 36.124
35.113 35.204 35.310
35.065 35.168 35.228
35.092 35.174 35.294
35.040 35.179 35.496
35.310 35.756 35.981
35.074 35.157 35.206
35.097 35.167 35.263
35.100 35.204 35.364
35.102 35.175 35.310
35.082 35.134 35.233
35.095 35.162 35.267
35.127 35.167 35.221
35.160 35.231 35.295
35.060 35.126 35.197
35.130 35.180 35.233
35.097 35.163 35.224
35.054 35.126 35.171
35.124 35.206 35.261
35.108 35.210 35.312
35.301 35.876 36.827
35.484 35.826 36.114
35.488 35.709 35.990
35.417 35.724 35.980
35.092 35.187 35.295
35.141 35.170 35.248
35.045 35.099 35.216
35.166 35.197 35.252
35.104 35.144 35.174
35.038 35.115 35.249
35.161 35.221 35.286
35.148 35.174 35.207
35.096 35.126 35.197
35.108 35.149 35.221
35.077 35.158 35.290
35.172 35.442 36.377
35.061 35.129 35.200
35.044 35.101 35.155
35.165 35.225 35.267
35.152 35.213 35.344
35.117 35.179 35.249
35.090 35.208 35.278
35.051 35.171 35.282
35.049 35.139 35.210
35.155 35.255 35.355
35.087 35.180 35.247
35.181 35.226 35.266
35.120 35.190 35.233
35.029 35.117 35.291
35.107 35.192 35.298
35.166 35.227 35.278
35.066 35.169 35.249
35.063 35.136 35.213
35.190 35.246 35.360
35.112 35.205 35.294
35.146 35.179 35.217
35.042 35.138 35.236
35.151 35.208 35.254
35.191 35.242 35.310
35.230 35.265 35.331
35.133 35.182 35.255
35.109 35.173 35.230
35.101 35.161 35.206
35.204 35.231 35.245
35.067 35.165 35.257
35.123 35.268 35.581
35.107 35.204 35.338
35.088 35.143 35.168
34.991 35.076 35.148
35.120 35.232 35.352
35.098 35.197 35.278
35.198 35.249 35.321
35.175 35.240 35.317
35.132 35.211 35.240
35.115 35.143 35.171
35.140 35.205 35.256
35.060 35.143 35.210
35.142 35.224 35.335
34.997 35.109 35.209
35.060 35.154 35.247
35.137 35.181 35.205
35.165 35.255 35.360
35.142 35.216 35.314
35.144 35.205 35.299
35.125 35.288 35.658
35.152 35.206 35.300
35.164 35.216 35.264
35.060 35.194 35.308
35.092 35.194 35.284
35.120 35.301 35.526
35.111 35.160 35.259
35.155 35.232 35.386
35.079 35.298 35.664
35.156 35.225 35.329
35.195 35.209 35.234
35.158 35.224 35.337
35.214 35.270 35.322
35.140 35.241 35.290
35.208 35.255 35.329
35.134 35.258 35.331
35.174 35.237 35.325
35.169 35.220 35.269
35.102 35.175 35.219
35.104 35.183 35.330
35.191 35.320 35.444
35.138 35.215 35.320
35.215 35.244 35.305
35.159 35.215 35.263
35.143 35.245 35.339
35.214 35.239 35.262
35.122 35.212 35.275
35.207 35.282 35.542
35.201 35.220 35.274
35.088 35.153 35.209
35.076 35.200 35.335
35.220 35.261 35.328
35.204 35.239 35.320
35.151 35.244 35.303
35.244 35.317 35.442
35.037 35.189 35.291
35.222 35.265 35.361
35.133 35.227 35.316
35.149 35.231 35.284
35.119 35.205 35.296
35.147 35.260 35.384
35.079 35.193 35.250
35.067 35.142 35.299
35.195 35.240 35.344
35.256 35.309 35.388
35.211 35.257 35.292
35.178 35.228 35.293
35.143 35.225 35.308
35.190 35.220 35.254
35.237 35.250 35.285
35.166 35.257 35.398
35.112 35.205 35.336
35.146 35.223 35.318
35.250 35.300 35.356
35.127 35.186 35.333
35.077 35.114 35.176
35.159 35.258 35.377
35.076 35.196 35.269
35.165 35.278 35.382
35.144 35.256 35.338
35.056 35.167 35.286
35.249 35.447 35.971
35.121 35.218 35.339
35.147 35.231 35.282
35.231 35.271 35.345
35.179 35.239 35.347
35.072 35.137 35.217
35.191 35.272 35.399
35.140 35.233 35.534
35.253 35.312 35.342
35.096 35.225 35.348
35.102 35.213 35.368
35.163 35.185 35.208
35.123 35.222 35.253
35.134 35.189 35.240
35.182 35.225 35.312
35.198 35.242 35.306
35.048 35.124 35.205
35.207 35.271 35.357
35.157 35.258 35.332
35.176 35.251 35.330
35.165 35.252 35.325
35.220 35.250 35.266
35.138 35.211 35.274
35.176 35.451 36.029
35.219 35.277 35.335
35.167 35.307 35.484
35.136 35.213 35.310
35.205 35.278 35.357
35.158 35.219 35.316
35.197 35.409 35.893
35.116 35.262 35.378
35.102 35.203 35.261
35.161 35.223 35.250
35.040 35.147 35.211
35.146 35.213 35.256
35.129 35.295 35.623
35.147 35.224 35.292
35.133 35.198 35.242
35.077 35.192 35.259
35.179 35.228 35.299
35.119 35.147 35.179
35.065 35.152 35.228
35.155 35.234 35.381
35.101 35.230 35.302
35.202 35.268 35.310
35.142 35.210 35.274
35.178 35.260 35.335
35.141 35.265 35.342
35.159 35.233 35.320
35.104 35.231 35.346
35.197 35.252 35.305
35.157 35.233 35.368
35.104 35.255 35.481
35.134 35.271 35.359
35.092 35.199 35.274
35.148 35.219 35.313
35.118 35.204 35.331
35.091 35.173 35.242
35.216 35.269 35.396
35.171 35.230 35.280
35.147 35.276 35.336
35.231 35.289 35.401
35.154 35.247 35.312
35.054 35.201 35.359
35.136 35.206 35.296
35.135 35.199 35.273
35.188 35.264 35.311
35.172 35.259 35.384
35.150 35.216 35.281
35.088 35.221 35.345
35.118 35.216 35.279
35.107 35.164 35.211
35.150 35.211 35.285
35.217 35.268 35.335
35.140 35.241 35.405
35.163 35.215 35.275
35.176 35.252 35.302
35.079 35.257 35.915
35.149 35.238 35.315
35.179 35.204 35.245
35.210 35.249 35.312
35.172 35.239 35.316
35.154 35.257 35.320
35.148 35.206 35.267
35.103 35.245 35.323
35.129 35.234 35.290
35.037 35.221 35.337
35.186 35.314 35.466
35.109 35.153 35.201
35.084 35.162 35.220
35.108 35.175 35.243
35.151 35.218 35.379
35.169 35.222 35.302
35.167 35.219 35.259
35.192 35.225 35.271
35.161 35.212 35.272
35.171 35.214 35.270
35.181 35.242 35.281
35.203 35.296 35.600
35.087 35.194 35.266
35.187 35.250 35.314
35.096 35.202 35.265
35.090 35.360 35.936
35.212 35.245 35.290
35.208 35.228 35.253
35.141 35.210 35.360
35.123 35.171 35.219
35.229 35.263 35.306
35.178 35.240 35.294
35.180 35.231 35.290
35.132 35.188 35.226
35.172 35.240 35.300
35.166 35.227 35.312
35.181 35.254 35.356
35.083 35.189 35.275
35.144 35.211 35.306
35.147 35.251 35.340
35.243 35.269 35.317
35.098 35.167 35.216
35.105 35.199 35.268
35.182 35.224 35.259
35.146 35.204 35.274
35.116 35.192 35.265
35.153 35.214 35.308
35.105 35.141 35.179
35.177 35.253 35.338
35.154 35.211 35.279
35.092 35.220 35.334
35.198 35.264 35.371
35.123 35.201 35.262
35.078 35.212 35.258
35.119 35.188 35.295
35.110 35.213 35.251
35.194 35.243 35.327
35.152 35.210 35.304
35.097 35.151 35.244
35.108 35.189 35.279
35.116 35.224 35.336
35.136 35.247 35.351
35.182 35.241 35.309
35.170 35.266 35.334
35.189 35.273 35.340
35.188 35.242 35.293
35.161 35.215 35.257
35.099 35.202 35.271
35.110 35.195 35.281
35.176 35.247 35.317
35.198 35.293 35.557
35.150 35.275 35.420
35.212 35.263 35.332
35.199 35.293 35.346
35.170 35.232 35.341
35.193 35.261 35.322
35.124 35.182 35.213
35.176 35.260 35.318
35.071 35.166 35.227
35.139 35.286 35.667
35.240 35.281 35.354
35.113 35.276 35.420
35.123 35.190 35.239
35.129 35.260 35.306
35.151 35.361 35.978
35.191 35.242 35.297
35.179 35.262 35.353
35.162 35.233 35.273
35.180 35.288 35.417
35.159 35.401 36.040
35.259 35.327 35.474
35.151 35.348 35.959
35.182 35.216 35.239
35.144 35.267 35.371
35.067 35.107 35.179
35.199 35.278 35.333
35.153 35.228 35.314
35.165 35.237 35.299
35.197 35.229 35.289
35.218 35.248 35.285
35.258 35.277 35.303
35.122 35.219 35.334
35.089 35.170 35.245
35.121 35.195 35.342
35.179 35.233 35.321
35.095 35.186 35.299
35.175 35.214 35.277
35.109 35.203 35.297
35.127 35.275 35.388
35.243 35.326 35.544
35.156 35.238 35.262
35.188 35.236 35.289
35.114 35.165 35.250
35.125 35.239 35.346
35.114 35.301 35.450
35.176 35.208 35.228
35.130 35.224 35.287
35.138 35.180 35.219
35.181 35.217 35.244
35.144 35.188 35.225
35.194 35.280 35.469
35.173 35.222 35.279
35.135 35.220 35.278
35.199 35.262 35.340
35.123 35.225 35.292
35.152 35.245 35.365
35.143 35.207 35.255
35.147 35.254 35.322
35.121 35.200 35.266
35.141 35.254 35.362
35.159 35.249 35.290
35.128 35.225 35.302
35.207 35.231 35.268
35.151 35.239 35.332
35.150 35.171 35.195
35.133 35.190 35.251
35.155 35.198 35.251
35.170 35.214 35.239
35.175 35.242 35.367
35.167 35.271 35.511
35.136 35.181 35.228
35.084 35.196 35.309
35.240 35.311 35.391
35.112 35.226 35.307
35.092 35.152 35.251
35.164 35.189 35.254
35.228 35.251 35.281
35.245 35.315 35.509
35.179 35.249 35.323
35.152 35.212 35.303
35.167 35.239 35.308
35.140 35.202 35.240
35.045 35.144 35.216
35.144 35.233 35.322
35.077 35.199 35.270
35.138 35.225 35.266
35.156 35.191 35.247
35.121 35.246 35.497
35.195 35.277 35.340
35.147 35.290 35.602
35.149 35.217 35.340
35.108 35.220 35.311
35.091 35.212 35.413
35.105 35.160 35.233
35.118 35.216 35.458
35.142 35.216 35.299
35.160 35.242 35.317
35.156 35.219 35.311
35.146 35.238 35.312
35.135 35.223 35.285
35.101 35.137 35.181
35.205 35.271 35.331
35.190 35.249 35.336
35.122 35.184 35.255
35.138 35.180 35.220
35.105 35.211 35.286
35.063 35.175 35.270
35.105 35.195 35.339
35.138 35.216 35.296
35.140 35.197 35.241
35.217 35.322 35.449
35.138 35.211 35.272
35.159 35.254 35.324
35.146 35.220 35.334
35.129 35.203 35.299
35.149 35.222 35.302
35.137 35.212 35.303
35.177 35.238 35.370
35.134 35.199 35.274
35.183 35.209 35.225
35.137 35.232 35.362
35.101 35.204 35.312
35.188 35.256 35.361
35.131 35.234 35.288
35.148 35.604 37.237
35.120 35.234 35.283
35.093 35.214 35.366
35.165 35.240 35.404
35.111 35.210 35.305
35.092 35.197 35.333
35.168 35.265 35.341
35.190 35.231 35.349
35.158 35.234 35.302
35.192 35.221 35.259
35.115 35.208 35.357
35.171 35.226 35.267
35.189 35.240 35.298
35.109 35.222 35.267
35.106 35.216 35.273
35.247 35.321 35.555
35.087 35.143 35.175
35.126 35.216 35.269
35.122 35.190 35.264
35.188 35.246 35.324
35.109 35.152 35.210
35.142 35.231 35.363
35.146 35.213 35.263
35.082 35.195 35.278
35.131 35.229 35.317
35.137 35.241 35.329
35.093 35.181 35.231
35.092 35.116 35.144
35.137 35.239 35.324
35.119 35.179 35.231
35.141 35.195 35.318
35.119 35.236 35.357
35.145 35.203 35.303
35.128 35.183 35.251
35.140 35.184 35.244
35.102 35.216 35.275
35.172 35.231 35.326
35.142 35.225 35.304
35.153 35.204 35.335
35.106 35.161 35.231
35.256 35.334 35.485
35.161 35.227 35.328
35.255 35.307 35.375
35.146 35.235 35.357
35.117 35.195 35.235
35.084 35.214 35.312
35.174 35.224 35.281
35.114 35.185 35.247
35.181 35.235 35.289
35.182 35.232 35.339
35.188 35.240 35.298
35.112 35.213 35.293
35.136 35.213 35.351
35.163 35.235 35.312
35.162 35.207 35.247
35.168 35.234 35.287
35.147 35.236 35.297
35.142 35.217 35.270
35.136 35.172 35.217
35.153 35.235 35.317
35.110 35.164 35.207
35.146 35.177 35.212
35.155 35.225 35.262
35.206 35.259 35.313
35.116 35.219 35.277
35.165 35.224 35.265
35.156 35.207 35.247
35.149 35.222 35.267
35.147 35.278 35.375
35.110 35.238 35.350
35.110 35.209 35.306
35.074 35.128 35.174
35.168 35.217 35.269
35.206 35.243 35.304
35.088 35.206 35.298
35.144 35.269 35.369
35.209 35.277 35.325
35.218 35.271 35.350
35.181 35.220 35.288
35.095 35.181 35.311
35.182 35.231 35.302
35.113 35.184 35.275
35.049 35.145 35.198
35.068 35.218 35.318
35.195 35.254 35.333
35.154 35.197 35.253
35.135 35.375 35.976
35.118 35.171 35.230
35.116 35.184 35.265
35.213 35.301 35.397
35.185 35.260 35.352
35.176 35.237 35.294
35.172 35.271 35.384
35.065 35.121 35.213
35.173 35.258 35.327
35.198 35.272 35.314
35.203 35.235 35.266
35.218 35.251 35.349
35.203 35.255 35.287
35.134 35.235 35.307
35.148 35.180 35.247
35.137 35.192 35.284
35.158 35.291 35.408
35.151 35.230 35.297
35.107 35.184 35.252
35.095 35.246 35.346
35.121 35.222 35.396
35.160 35.220 35.357
35.130 35.253 35.318
35.151 35.209 35.251
35.161 35.206 35.255
35.216 35.265 35.356
35.182 35.234 35.272
35.094 35.237 35.348
35.194 35.256 35.326
35.163 35.206 35.250
35.082 35.162 35.240
35.086 35.178 35.268
35.138 35.169 35.239
35.115 35.197 35.305
35.239 35.279 35.332
35.212 35.291 35.424
35.169 35.251 35.378
35.177 35.240 35.313
35.206 35.261 35.304
35.159 35.225 35.334
35.145 35.188 35.285
35.230 35.273 35.345
35.097 35.143 35.175
35.097 35.162 35.287
35.004 35.155 35.254
35.094 35.155 35.265
35.158 35.223 35.292
35.177 35.240 35.327
35.196 35.216 35.247
35.215 35.353 35.748
35.179 35.241 35.374
35.223 35.264 35.342
35.220 35.266 35.379
35.157 35.224 35.275
35.103 35.186 35.287
35.152 35.210 35.297
35.162 35.268 35.335
35.102 35.200 35.294
35.158 35.230 35.323
35.182 35.250 35.392
35.105 35.262 35.327
35.107 35.235 35.314
35.194 35.265 35.367
35.125 35.199 35.300
35.146 35.264 35.344
35.211 35.362 35.781
35.189 35.242 35.336
35.167 35.232 35.314
35.113 35.176 35.276
35.098 35.257 35.379
35.175 35.195 35.236
35.122 35.217 35.352
35.115 35.236 35.317
35.132 35.202 35.255
35.169 35.234 35.354
35.147 35.227 35.297
35.097 35.223 35.318
35.146 35.204 35.266
35.165 35.235 35.303
35.089 35.133 35.207
35.092 35.186 35.315
35.163 35.199 35.225
35.165 35.245 35.289
35.079 35.182 35.226
35.193 35.260 35.304
35.084 35.202 35.377
35.133 35.281 35.588
35.213 35.282 35.379
35.059 35.197 35.316
35.185 35.231 35.280
35.074 35.205 35.373
35.144 35.205 35.343
35.081 35.148 35.202
35.159 35.275 35.388
35.189 35.226 35.258
35.165 35.224 35.302
35.183 35.265 35.320
35.008 35.134 35.222
35.025 35.165 35.346
35.205 35.275 35.342
35.107 35.244 35.334
35.115 35.176 35.310
35.168 35.238 35.289
35.167 35.232 35.360
35.081 35.179 35.249
35.192 35.252 35.316
35.115 35.258 35.311
35.119 35.252 35.376
35.141 35.209 35.267
35.148 35.215 35.284
35.155 35.243 35.412
35.164 35.307 35.588
35.119 35.189 35.315
35.160 35.204 35.272
35.110 35.182 35.245
35.062 35.145 35.326
35.069 35.183 35.250
35.123 35.200 35.283
35.190 35.232 35.320
35.132 35.239 35.322
35.048 35.181 35.255
35.154 35.206 35.268
35.154 35.215 35.323
35.091 35.182 35.297
35.134 35.224 35.364
35.133 35.190 35.306
35.075 35.120 35.176
35.094 35.329 36.060
35.069 35.107 35.176
35.154 35.211 35.271
35.091 35.182 35.297
35.133 35.168 35.228
35.166 35.221 35.271
35.061 35.194 35.245
35.183 35.210 35.288
35.113 35.208 35.303
35.172 35.212 35.276
35.087 35.135 35.230
35.142 35.211 35.251
35.164 35.216 35.297
35.030 35.178 35.291
35.122 35.201 35.238
35.161 35.487 36.595
35.139 35.200 35.316
35.123 35.172 35.235
35.063 35.162 35.278
35.068 35.156 35.212
35.054 35.086 35.120
35.072 35.166 35.244
35.164 35.198 35.221
35.100 35.152 35.206
35.104 35.142 35.249
35.101 35.192 35.248
35.160 35.217 35.277
35.130 35.250 35.351
35.120 35.193 35.242
35.077 35.134 35.186
35.065 35.146 35.205
35.105 35.138 35.176
35.067 35.120 35.228
35.155 35.233 35.303
35.092 35.165 35.212
35.054 35.141 35.264
35.079 35.199 35.254
35.109 35.157 35.243
35.194 35.275 35.353
35.181 35.269 35.376
35.166 35.213 35.252
35.097 35.196 35.236
35.084 35.134 35.217
35.069 35.118 35.233
35.241 35.290 35.337
35.175 35.220 35.277
35.154 35.247 35.365
35.176 35.213 35.273
35.066 35.164 35.216
35.070 35.224 35.403
35.093 35.180 35.359
35.102 35.201 35.290
35.113 35.167 35.272
35.089 35.131 35.198
35.129 35.149 35.184
35.143 35.225 35.295
35.154 35.224 35.294
35.104 35.193 35.239
35.108 35.254 35.587
35.103 35.185 35.259
35.128 35.206 35.278
35.078 35.191 35.256
35.089 35.193 35.295
35.114 35.172 35.240
35.187 35.220 35.263
35.073 35.162 35.258
35.118 35.171 35.281
35.126 35.206 35.289
35.055 35.134 35.205
35.196 35.230 35.302
35.111 35.216 35.279
35.048 35.077 35.112
35.082 35.199 35.370
35.084 35.127 35.188
35.178 35.222 35.295
35.104 35.170 35.308
35.121 35.186 35.240
35.137 35.201 35.318
35.098 35.134 35.189
35.054 35.088 35.116
35.064 35.176 35.225
35.120 35.210 35.301
35.147 35.166 35.193
35.169 35.219 35.274
35.098 35.205 35.279
35.119 35.169 35.210
35.129 35.196 35.322
35.104 35.141 35.187
35.154 35.236 35.282
35.185 35.245 35.274
35.061 35.088 35.130
35.106 35.170 35.239
35.137 35.236 35.439
35.115 35.180 35.234
35.068 35.197 35.249
35.157 35.194 35.253
35.051 35.170 35.259
35.170 35.220 35.297
35.122 35.224 35.352
35.160 35.217 35.286
35.114 35.154 35.218
35.073 35.158 35.283
35.136 35.188 35.220
35.066 35.149 35.297
35.171 35.224 35.331
35.152 35.247 35.333
35.135 35.192 35.246
35.117 35.166 35.207
35.109 35.194 35.328
35.176 35.224 35.305
35.100 35.173 35.258
35.130 35.161 35.214
35.060 35.105 35.158
35.144 35.174 35.227
35.109 35.158 35.220
35.061 35.165 35.354
35.174 35.256 35.305
35.085 35.168 35.228
35.106 35.172 35.273
35.081 35.146 35.184
35.124 35.169 35.208
35.112 35.232 35.360
35.121 35.164 35.263
35.082 35.114 35.168
35.065 35.161 35.208
35.055 35.101 35.149
35.189 35.228 35.268
35.185 35.229 35.285
35.087 35.220 35.332
35.094 35.184 35.264
35.134 35.158 35.190
35.139 35.203 35.338
35.101 35.208 35.283
35.107 35.217 35.299
35.105 35.180 35.249
35.089 35.136 35.221
35.117 35.191 35.226
35.142 35.216 35.320
35.090 35.179 35.350
35.125 35.188 35.293
35.102 35.160 35.206
35.092 35.124 35.182
35.136 35.236 35.353
35.073 35.161 35.259
35.117 35.134 35.169
35.150 35.218 35.300
35.096 35.222 35.284
35.158 35.219 35.296
35.070 35.123 35.191
35.034 35.188 35.293
35.121 35.190 35.311
35.113 35.160 35.200
35.178 35.401 35.928
35.094 35.169 35.220
35.105 35.215 35.336
35.002 35.143 35.215
35.092 35.146 35.171
35.198 35.240 35.323
35.116 35.149 35.184
35.057 35.115 35.195
35.062 35.154 35.218
35.109 35.147 35.211
35.126 35.158 35.199
35.095 35.195 35.360
35.144 35.169 35.220
35.072 35.168 35.257
35.126 35.179 35.214
35.080 35.102 35.141
35.084 35.126 35.199
34.988 35.092 35.230
35.051 35.114 35.210
35.141 35.214 35.297
34.994 35.120 35.195
35.144 35.217 35.332
35.123 35.184 35.290
35.148 35.203 35.261
35.157 35.179 35.209
35.108 35.179 35.252
35.113 35.170 35.227
35.116 35.169 35.229
35.136 35.189 35.275
35.047 35.173 35.264
35.169 35.187 35.222
35.150 35.174 35.216
35.136 35.354 35.952
35.054 35.143 35.228
35.144 35.214 35.278
35.235 35.307 35.372
35.127 35.231 35.410
35.159 35.193 35.217
35.151 35.201 35.254
35.084 35.157 35.214
35.084 35.127 35.155
35.065 35.162 35.319
35.078 35.128 35.170
35.066 35.162 35.271
35.077 35.119 35.144
35.084 35.163 35.248
35.117 35.154 35.200
35.062 35.188 35.273
35.132 35.175 35.228
35.089 35.162 35.301
35.185 35.219 35.261
35.062 35.201 35.306
35.161 35.255 35.321
35.106 35.167 35.230
35.059 35.115 35.188
35.099 35.194 35.276
35.086 35.151 35.201
35.156 35.190 35.217
35.127 35.215 35.303
35.122 35.191 35.332
35.169 35.219 35.262
35.134 35.216 35.252
35.107 35.190 35.320
35.106 35.174 35.242
35.144 35.232 35.340
35.052 35.141 35.211
35.184 35.205 35.249
35.119 35.190 35.287
35.138 35.210 35.276
35.156 35.239 35.289
35.141 35.176 35.220
35.162 35.202 35.236
35.139 35.191 35.291
35.101 35.201 35.292
35.081 35.166 35.324
35.139 35.174 35.206
35.123 35.209 35.321
35.105 35.199 35.263
35.167 35.237 35.295
35.100 35.193 35.274
35.137 35.240 35.395
35.146 35.194 35.231
35.041 35.110 35.164
35.079 35.200 35.337
35.160 35.234 35.312
35.162 35.184 35.233
35.077 35.208 35.342
35.165 35.219 35.284
35.080 35.192 35.282
35.147 35.181 35.210
35.060 35.143 35.220
35.105 35.192 35.255
35.120 35.199 35.287
35.128 35.196 35.274
35.083 35.182 35.258
35.144 35.206 35.298
35.155 35.281 35.521
35.155 35.214 35.405
35.052 35.206 35.366
35.134 35.188 35.262
35.098 35.163 35.248
35.034 35.112 35.200
35.154 35.252 35.313
35.078 35.178 35.319
35.108 35.209 35.279
35.163 35.217 35.312
35.083 35.171 35.236
35.130 35.188 35.289
35.095 35.176 35.265
35.143 35.241 35.352
35.153 35.220 35.453
35.137 35.165 35.192
35.109 35.189 35.247
35.148 35.189 35.230
35.183 35.227 35.303
35.036 35.201 35.334
35.093 35.160 35.247
35.166 35.194 35.225
35.187 35.322 35.381
35.127 35.161 35.206
35.119 35.167 35.217
35.132 35.174 35.212
35.194 35.275 35.351
35.124 35.166 35.253
35.104 35.157 35.207
35.118 35.172 35.217
35.103 35.156 35.251
35.097 35.216 35.283
35.155 35.247 35.346
35.053 35.157 35.261
35.055 35.195 35.350
35.153 35.260 35.343
35.170 35.237 35.297
35.158 35.200 35.251
35.133 35.213 35.279
35.085 35.153 35.245
35.171 35.237 35.314
35.077 35.161 35.294
35.155 35.213 35.274
35.108 35.191 35.238
35.148 35.218 35.283
35.120 35.227 35.278
35.050 35.171 35.254
35.152 35.209 35.307
35.146 35.202 35.258
35.184 35.240 35.319
35.116 35.168 35.239
35.196 35.275 35.361
35.084 35.168 35.309
35.194 35.225 35.262
35.132 35.178 35.238
35.101 35.135 35.181
35.106 35.224 35.308
35.098 35.193 35.285
35.208 35.248 35.295
35.078 35.183 35.340
35.209 35.252 35.321
35.222 35.329 35.601
35.055 35.150 35.306
35.128 35.211 35.289
35.091 35.229 35.357
35.193 35.230 35.325
35.156 35.276 35.572
35.111 35.192 35.254
35.089 35.141 35.216
35.091 35.166 35.226
35.099 35.149 35.231
35.165 35.243 35.322
35.271 35.336 35.402
35.112 35.192 35.329
35.117 35.153 35.214
35.042 35.134 35.249
35.078 35.159 35.204
35.120 35.200 35.267
35.203 35.249 35.388
35.158 35.224 35.265
35.027 35.123 35.208
35.069 35.232 35.455
35.199 35.265 35.348
35.117 35.230 35.362
35.129 35.232 35.307
35.078 35.203 35.267
35.182 35.216 35.267
35.131 35.207 35.255
35.111 35.154 35.216
35.176 35.230 35.328
35.177 35.260 35.309
35.056 35.173 35.225
35.108 35.185 35.263
35.215 35.261 35.317
35.142 35.206 35.258
35.164 35.229 35.376
35.100 35.207 35.242
35.221 35.242 35.279
35.111 35.151 35.174
35.112 35.157 35.238
35.194 35.218 35.245
35.107 35.197 35.338
35.087 35.169 35.303
35.177 35.270 35.398
35.135 35.214 35.263
35.185 35.273 35.354
35.172 35.213 35.317
35.172 35.202 35.232
35.158 35.232 35.291
35.079 35.205 35.302
35.152 35.265 35.368
35.081 35.188 35.257
35.099 35.173 35.207
35.254 35.296 35.321
35.163 35.228 35.272
35.128 35.216 35.332
35.163 35.174 35.188
35.214 35.259 35.302
35.097 35.190 35.303
35.217 35.260 35.336
35.125 35.231 35.307
35.211 35.275 35.342
35.179 35.226 35.269
35.129 35.253 35.375
35.079 35.157 35.291
35.161 35.235 35.365
35.101 35.165 35.188
35.116 35.198 35.334
35.104 35.174 35.252
35.162 35.230 35.312
35.170 35.212 35.281
35.166 35.204 35.234
35.096 35.199 35.300
35.200 35.236 35.311
35.241 35.338 35.652
35.053 35.142 35.198
35.081 35.166 35.202
35.069 35.166 35.271
35.162 35.213 35.284
35.155 35.194 35.220
35.144 35.193 35.249
35.088 35.186 35.262
35.132 35.191 35.252
35.140 35.237 35.329
35.200 35.262 35.324
35.184 35.261 35.342
35.100 35.170 35.278
35.184 35.291 35.486
35.173 35.196 35.244
35.086 35.138 35.227
35.135 35.220 35.273
35.123 35.205 35.311
35.124 35.200 35.244
35.094 35.194 35.377
35.170 35.220 35.256
35.141 35.189 35.246
35.151 35.257 35.329
35.188 35.218 35.306
35.120 35.174 35.245
35.165 35.191 35.226
35.083 35.199 35.313
35.132 35.203 35.322
35.181 35.237 35.319
35.137 35.181 35.230
35.091 35.192 35.404
35.104 35.206 35.347
35.154 35.192 35.227
35.188 35.402 36.085
35.156 35.203 35.245
35.151 35.239 35.295
35.076 35.118 35.178
35.113 35.187 35.255
35.064 35.220 35.313
35.126 35.255 35.398
35.046 35.124 35.274
35.045 35.146 35.223
35.143 35.249 35.360
35.157 35.261 35.323
35.162 35.225 35.294
35.181 35.246 35.326
35.176 35.232 35.319
35.121 35.178 35.246
35.117 35.163 35.287
35.152 35.214 35.279
35.137 35.190 35.290
35.170 35.256 35.332
35.135 35.258 35.318
35.067 35.191 35.309
35.083 35.165 35.295
35.138 35.207 35.279
35.168 35.229 35.293
35.170 35.237 35.304
35.129 35.202 35.255
35.037 35.103 35.156
35.132 35.225 35.307
35.142 35.175 35.195
35.180 35.264 35.293
35.242 35.276 35.344
35.267 35.299 35.362
35.125 35.188 35.333
35.183 35.203 35.230
35.140 35.277 35.557
35.207 35.263 35.318
35.188 35.256 35.326
35.100 35.220 35.318
35.126 35.221 35.298
35.217 35.268 35.380
35.174 35.226 35.300
35.185 35.255 35.338
35.118 35.204 35.339
35.031 35.157 35.264
35.123 35.197 35.303
35.142 35.220 35.318
35.192 35.262 35.346
35.105 35.218 35.316
35.099 35.218 35.342
35.104 35.223 35.405
35.143 35.244 35.366
35.114 35.159 35.310
35.130 35.239 35.340
35.174 35.252 35.370
35.169 35.205 35.238
35.124 35.214 35.320
35.125 35.245 35.299
35.146 35.213 35.267
35.142 35.282 35.487
35.096 35.173 35.232
35.137 35.173 35.216
35.092 35.226 35.325
35.051 35.121 35.243
35.157 35.254 35.295
35.104 35.199 35.315
35.178 35.207 35.266
35.211 35.244 35.278
35.206 35.240 35.288
35.124 35.167 35.240
35.119 35.195 35.307
35.073 35.220 35.314
35.191 35.272 35.349
35.096 35.189 35.235
35.059 35.165 35.301
35.092 35.199 35.320
35.193 35.225 35.292
35.172 35.222 35.250
35.079 35.200 35.276
35.183 35.216 35.255
35.145 35.239 35.289
35.215 35.241 35.280
35.187 35.294 35.353
35.154 35.209 35.322
35.154 35.253 35.342
35.231 35.263 35.290
35.115 35.164 35.236
35.095 35.173 35.278
35.123 35.211 35.322
35.152 35.185 35.258
35.140 35.202 35.319
35.118 35.273 35.522
35.133 35.213 35.259
35.187 35.262 35.298
35.192 35.239 35.293
35.209 35.306 35.519
35.100 35.179 35.251
35.208 35.257 35.323
35.197 35.228 35.262
35.164 35.221 35.320
35.104 35.223 35.273
35.208 35.237 35.260
35.186 35.236 35.263
35.142 35.205 35.272
35.089 35.214 35.258
35.235 35.260 35.283
35.146 35.264 35.311
35.199 35.258 35.340
35.174 35.211 35.252
35.165 35.208 35.248
35.099 35.148 35.192
35.211 35.243 35.282
35.200 35.245 35.312
35.149 35.267 35.452
35.118 35.215 35.277
35.133 35.295 35.406
35.188 35.312 35.487
35.064 35.134 35.211
35.174 35.191 35.207
35.119 35.220 35.348
35.153 35.215 35.334
35.154 35.270 35.383
35.139 35.212 35.257
35.210 35.266 35.406
35.178 35.270 35.322
35.172 35.234 35.287
35.131 35.203 35.281
35.117 35.191 35.423
35.123 35.172 35.219
35.121 35.217 35.287
35.142 35.223 35.293
35.209 35.266 35.310
35.232 35.274 35.354
35.158 35.206 35.264
35.103 35.202 35.244
35.089 35.144 35.227
35.122 35.250 35.417
35.051 35.179 35.291
35.131 35.239 35.387
35.133 35.218 35.389
35.093 35.226 35.338
35.132 35.183 35.267
35.188 35.242 35.304
35.099 35.175 35.311
35.189 35.242 35.289
35.257 35.295 35.327
35.098 35.144 35.180
35.187 35.251 35.309
35.196 35.263 35.361
35.112 35.167 35.247
35.096 35.220 35.316
35.157 35.223 35.282
35.151 35.253 35.323
35.203 35.245 35.311
35.178 35.229 35.292
35.113 35.230 35.478
35.185 35.248 35.306
35.081 35.176 35.295
35.218 35.242 35.282
35.124 35.165 35.207
35.206 35.269 35.323
35.099 35.229 35.328
35.067 35.237 35.330
35.127 35.193 35.314
35.137 35.234 35.307
35.109 35.240 35.333
35.162 35.224 35.276
35.112 35.256 35.344
35.164 35.185 35.225
35.105 35.168 35.210
35.179 35.248 35.279
35.154 35.223 35.349
35.198 35.251 35.311
35.103 35.198 35.299
35.121 35.210 35.310
35.181 35.220 35.244
35.266 35.316 35.375
35.216 35.270 35.328
35.196 35.249 35.329
35.153 35.192 35.234
35.113 35.151 35.217
35.193 35.244 35.281
35.090 35.178 35.256
35.149 35.234 35.339
35.132 35.177 35.202
35.132 35.157 35.223
35.197 35.259 35.333
35.085 35.171 35.277
35.140 35.213 35.287
35.184 35.223 35.267
35.179 35.194 35.214
35.124 35.176 35.227
35.098 35.141 35.195
35.090 35.177 35.254
35.118 35.179 35.252
35.133 35.199 35.249
35.153 35.222 35.324
35.063 35.105 35.135
35.107 35.211 35.339
35.091 35.190 35.287
35.122 35.211 35.293
35.145 35.219 35.257
35.109 35.195 35.349
35.108 35.162 35.204
35.080 35.137 35.266
35.133 35.180 35.247
35.126 35.163 35.255
35.139 35.191 35.226
35.136 35.198 35.234
35.212 35.251 35.295
35.135 35.207 35.298
35.083 35.176 35.292
35.213 35.235 35.278
35.159 35.204 35.250
35.109 35.227 35.326
35.125 35.247 35.520
35.122 35.176 35.283
35.121 35.217 35.315
35.126 35.185 35.260
35.067 35.197 35.272
35.116 35.146 35.201
35.147 35.189 35.271
35.184 35.223 35.285
35.191 35.233 35.333
35.168 35.241 35.347
35.123 35.184 35.241
35.147 35.179 35.210
35.075 35.209 35.304
35.129 35.192 35.279
35.084 35.132 35.231
35.146 35.206 35.305
35.214 35.233 35.259
35.168 35.222 35.317
35.172 35.211 35.258
35.128 35.277 35.424
35.158 35.342 36.000
35.079 35.189 35.285
35.153 35.236 35.277
35.141 35.180 35.207
35.116 35.183 35.262
35.105 35.167 35.198
35.179 35.221 35.333
35.121 35.174 35.263
35.141 35.240 35.331
35.184 35.242 35.284
35.081 35.186 35.234
35.210 35.448 36.024
35.044 35.258 35.550
35.155 35.210 35.292
35.162 35.256 35.420
35.110 35.200 35.294
35.060 35.175 35.332
35.137 35.220 35.296
35.092 35.193 35.294
35.148 35.191 35.265
35.176 35.248 35.339
35.175 35.203 35.226
35.193 35.246 35.304
35.131 35.260 35.423
35.079 35.174 35.274
35.147 35.234 35.279
35.204 35.279 35.347
37.073 41.077 44.315
35.126 35.203 35.329
35.126 35.198 35.275
35.067 35.188 35.289
35.126 35.218 35.362
35.177 35.286 35.382
35.223 35.286 35.331
35.164 35.243 35.303
35.179 35.243 35.427
35.147 35.180 35.214
35.158 35.234 35.306
35.099 35.185 35.260
35.151 35.214 35.275
35.263 35.279 35.317
35.115 35.145 35.173
35.103 35.168 35.211
35.147 35.234 35.338
35.064 35.157 35.296
35.219 35.256 35.355
35.126 35.205 35.290
35.128 35.258 35.479
35.145 35.302 35.505
35.150 35.233 35.401
35.091 35.192 35.279
35.128 35.192 35.246
35.064 35.142 35.194
35.187 35.256 35.342
35.125 35.190 35.280
35.123 35.170 35.219
35.163 35.439 36.213
35.083 35.193 35.357
35.198 35.261 35.370
35.119 35.166 35.215
35.162 35.236 35.355
35.179 35.218 35.285
35.157 35.194 35.234
35.079 35.146 35.188
35.164 35.232 35.301
35.097 35.173 35.258
35.168 35.287 35.624
35.163 35.232 35.342
35.178 35.266 35.326
35.180 35.269 35.414
35.120 35.241 35.310
35.069 35.198 35.254
35.120 35.269 35.515
35.161 35.200 35.270
35.139 35.239 35.337
35.136 35.250 35.302
35.152 35.291 35.347
35.172 35.215 35.254
35.208 35.242 35.271
35.078 35.162 35.247
35.187 35.243 35.302
35.087 35.180 35.267
35.107 35.211 35.258
35.083 35.170 35.212
35.103 35.212 35.347
35.126 35.233 35.314
35.128 35.166 35.217
35.186 35.224 35.247
35.088 35.211 35.263
35.130 35.201 35.269
35.164 35.220 35.291
35.143 35.217 35.338
35.191 35.253 35.294
35.111 35.206 35.308
35.117 35.228 35.296
35.138 35.232 35.299
35.163 35.226 35.283
35.124 35.289 35.562
35.181 35.247 35.300
35.106 35.172 35.302
35.166 35.186 35.199
35.100 35.181 35.260
35.131 35.183 35.243
35.119 35.192 35.289
35.193 35.226 35.276
35.110 35.204 35.311
35.145 35.210 35.252
35.113 35.206 35.331
35.159 35.247 35.280
35.215 35.271 35.301
35.046 35.155 35.268
35.152 35.258 35.344
35.098 35.159 35.213
35.125 35.195 35.269
35.171 35.243 35.323
35.126 35.226 35.306
35.088 35.152 35.189
35.152 35.180 35.221
35.152 35.237 35.297
35.176 35.218 35.255
35.138 35.212 35.268
35.142 35.206 35.313
35.142 35.662 37.534
35.188 35.221 35.279
35.198 35.253 35.291
35.167 35.371 35.784
35.164 35.210 35.289
35.196 35.256 35.367
35.122 35.208 35.282
35.172 35.221 35.261
35.203 35.260 35.350
35.130 35.204 35.294
35.115 35.203 35.340
35.136 35.191 35.321
35.153 35.240 35.323
35.061 35.138 35.246
35.217 35.248 35.284
35.140 35.240 35.342
35.119 35.187 35.219
35.148 35.227 35.308
35.161 35.209 35.249
35.169 35.232 35.319
35.112 35.174 35.309
35.052 35.132 35.244
35.125 35.209 35.334
35.115 35.157 35.221
35.073 35.390 36.271
35.214 35.287 35.401
35.059 35.181 35.310
35.180 35.191 35.223
35.091 35.188 35.258
35.162 35.240 35.318
35.204 35.268 35.326
35.188 35.267 35.308
35.178 35.217 35.254
35.071 35.176 35.302
35.031 35.162 35.231
35.086 35.108 35.158
35.178 35.244 35.281
35.145 35.183 35.227
35.153 35.230 35.373
35.196 35.405 36.090
35.204 35.244 35.285
35.168 35.215 35.281
35.125 35.163 35.195
35.185 35.218 35.281
35.088 35.157 35.314
35.074 35.179 35.390
35.148 35.232 35.319
35.187 35.298 35.364
35.096 35.221 35.330
35.159 35.195 35.222
35.136 35.255 35.300
35.158 35.212 35.264
35.096 35.188 35.279
35.090 35.160 35.225
35.141 35.223 35.382
35.217 35.252 35.343
35.131 35.260 35.399
35.126 35.211 35.257
35.084 35.164 35.245
35.135 35.199 35.285
35.174 35.255 35.400
35.118 35.206 35.284
35.148 35.221 35.283
35.123 35.185 35.207
35.136 35.200 35.259
35.202 35.298 35.541
35.107 35.240 35.330
35.050 35.145 35.267
35.101 35.166 35.229
35.157 35.197 35.236
35.165 35.190 35.255
35.153 35.219 35.325
35.100 35.194 35.234
35.112 35.181 35.269
35.146 35.182 35.229
35.096 35.353 35.906
35.116 35.189 35.265
35.157 35.219 35.270
35.130 35.346 35.887
35.206 35.232 35.285
35.102 35.194 35.282
35.155 35.199 35.240
35.097 35.176 35.274
35.113 35.170 35.217
35.237 35.287 35.403
35.106 35.178 35.336
35.139 35.175 35.236
35.126 35.192 35.254
35.133 35.209 35.334
35.190 35.246 35.289
35.084 35.170 35.256
35.077 35.188 35.319
35.152 35.185 35.253
35.036 35.093 35.130
35.122 35.185 35.281
35.093 35.200 35.303
35.130 35.157 35.199
35.083 35.199 35.248
35.114 35.252 35.332
35.175 35.212 35.249
35.104 35.163 35.247
35.189 35.247 35.303
35.153 35.256 35.328
35.156 35.200 35.310
35.044 35.135 35.231
35.099 35.193 35.294
35.084 35.171 35.262
35.151 35.270 35.570
35.140 35.241 35.303
35.147 35.401 36.123
35.107 35.625 36.120
35.149 35.190 35.274
35.140 35.172 35.207
35.198 35.258 35.337
35.150 35.192 35.237
35.194 35.215 35.254
35.111 35.221 35.567
35.168 35.220 35.302
35.052 35.297 35.878
35.159 35.235 35.318
35.135 35.283 35.744
35.052 35.127 35.219
35.179 35.395 35.805
35.016 35.094 35.177
35.101 35.197 35.289
35.117 35.205 35.244
35.068 35.175 35.245
35.105 35.170 35.250
35.155 35.207 35.335
34.993 35.113 35.246
35.132 35.247 35.353
35.118 35.165 35.225
35.144 35.207 35.306
35.097 35.196 35.265
35.118 35.212 35.265
35.122 35.190 35.255
35.135 35.207 35.271
35.068 35.152 35.288
35.251 35.735 36.060
35.227 35.275 35.359
35.086 35.636 36.594
35.323 35.601 36.527
35.077 35.167 35.261
35.109 35.195 35.319
34.991 35.131 35.219
714.845 723.236 731.628
35.147 35.191 35.249
36.539 41.871 45.280
35.211 35.538 36.006
35.075 35.208 35.272
35.055 35.132 35.238
36.774 42.475 46.890
270.751 286.693 316.489
35.932 41.493 46.446
35.027 35.116 35.214
44.262 65.537 85.012
301.623 336.718 354.271
35.013 35.210 35.290
35.124 35.156 35.202
90.710 521.965 643.287
35.126 35.167 35.212
495.370 553.585 609.789
35.137 35.576 37.105
35.121 35.268 35.351
547.437 644.560 731.943
35.216 36.216 39.010
515.299 652.767 731.848
37.279 42.562 45.973
35.193 35.218 35.229
35.063 35.156 35.211
35.716 40.375 42.877
43.127 45.369 46.887
35.490 39.737 45.201
35.214 38.132 44.024
35.201 37.926 42.249
35.259 38.710 46.491
38.580 40.447 42.327
723.484 726.352 729.262
35.117 35.212 35.294
702.718 721.548 729.605
35.194 455.325 732.617
35.069 35.157 35.336
35.151 38.299 45.677
156.252 199.594 243.741
35.347 39.368 45.411
35.106 37.475 41.488
35.189 35.282 35.541
37.536 42.267 45.135
35.504 42.868 47.904
36.214 38.715 44.924
35.202 35.459 36.174
39.973 41.783 43.746
35.940 40.319 42.320
37.052 40.143 44.604
38.100 39.559 40.098
37.285 42.471 47.660
37.768 42.096 45.789
35.551 39.722 43.199
36.086 39.721 45.163
35.584 38.903 44.354
35.085 35.134 35.254
35.213 36.502 40.625
35.205 35.682 36.396
35.665 42.404 45.854
35.950 39.636 45.293
724.813 728.530 732.899
35.047 50.854 113.622
35.111 35.221 35.326
35.185 37.303 42.371
35.143 35.196 35.265
35.164 35.243 35.327
35.111 35.151 35.202
35.094 35.188 35.255
35.158 35.206 35.302
35.142 35.206 35.259
35.081 35.203 35.296
35.146 35.529 35.886
35.193 35.745 36.047
35.211 35.767 36.182
35.813 36.049 36.431
35.105 35.191 35.262
35.036 35.140 35.228
35.080 35.150 35.225
35.058 35.235 35.355
35.120 35.169 35.240
35.103 35.239 35.324
35.128 35.184 35.223
35.145 35.239 35.293
35.114 35.192 35.312
35.985 39.480 45.735
35.116 35.171 35.234
35.167 35.529 36.796
36.227 37.627 40.516
35.136 35.194 35.256
35.020 35.101 35.211
35.081 35.186 35.293
35.065 35.148 35.188
35.141 35.171 35.219
35.072 35.139 35.256
35.099 35.240 35.314
35.157 35.219 35.296
35.075 35.300 35.866
35.139 35.191 35.237
35.152 35.201 35.286
35.183 35.262 35.312
35.173 35.215 35.286
35.065 35.137 35.203
35.114 35.169 35.260
35.115 35.173 35.235
35.065 35.113 35.176
36.350 39.597 42.391
35.130 35.190 35.244
35.229 40.695 45.284
35.097 35.201 35.315
35.172 37.049 44.288
35.168 35.202 35.259
316.379 527.837 719.125
194.271 361.184 526.263
35.202 135.325 293.899
115.131 280.046 418.982
35.113 37.650 43.346
723.627 727.482 733.242
35.235 39.064 45.821
35.154 35.213 35.324
35.130 35.174 35.242
37.017 41.219 44.806
35.114 35.196 35.330
35.061 35.135 35.217
35.751 39.662 42.600
35.089 35.170 35.247
35.082 35.131 35.169
35.709 40.662 44.134
35.044 35.156 35.278
35.130 35.160 35.203
35.129 35.205 35.266
35.118 36.248 39.997
35.226 39.381 45.413
35.988 39.409 44.181
35.120 35.215 35.274
319.112 427.862 522.901
35.116 35.155 35.242
35.163 35.219 35.269
35.093 35.163 35.248
35.110 35.126 35.142
35.647 37.487 43.243
35.309 39.308 43.342
37.203 43.818 46.631
35.148 35.187 35.211
35.114 39.025 42.617
37.465 41.190 42.781
35.129 35.176 35.255
35.180 35.431 35.938
40.027 42.971 45.078
35.210 35.288 35.351
36.902 41.178 45.331
596.764 685.226 721.377
723.835 725.864 727.236
35.219 285.175 723.969
35.163 35.215 35.305
35.094 35.198 35.245
35.125 35.181 35.233
35.198 39.432 45.780
35.191 35.502 36.530
725.128 728.671 732.395
41.484 44.366 45.827
40.876 44.145 46.407
40.415 43.872 46.794
35.144 35.574 36.917
35.734 41.394 45.803
35.046 35.166 35.238
35.084 35.165 35.283
35.070 35.190 35.276
35.098 35.203 35.333
35.123 35.174 35.236
35.090 35.317 35.955
35.134 35.174 35.227
35.057 35.187 35.275
35.137 35.186 35.233
35.132 35.206 35.314
35.063 35.160 35.250
604.771 648.804 701.943
35.948 38.584 40.281
36.969 39.670 43.834
35.356 40.423 45.246
35.119 35.202 35.286
35.062 348.898 675.015
35.167 35.257 35.364
35.171 35.210 35.250
35.092 35.213 35.340
35.078 35.169 35.240
35.929 41.046 46.771
42.259 43.703 44.733
35.191 41.707 50.988
36.209 41.901 45.877
38.237 40.498 42.003
40.184 41.547 43.629
35.457 37.370 39.054
597.195 654.406 711.017
433.389 627.454 713.670
35.231 109.687 259.180
340.060 444.545 517.480
585.457 619.954 632.103
35.073 35.170 35.259
35.113 35.166 35.243
35.199 35.245 35.285
35.121 35.163 35.209
35.139 35.174 35.211
35.136 35.208 35.293
35.166 122.211 313.982
39.368 41.801 45.756
38.290 42.330 47.086
36.157 38.775 43.322
35.649 41.170 46.708
39.382 44.400 50.471
35.617 41.628 45.286
35.147 35.775 38.091
37.498 41.188 43.417
36.846 40.179 42.715
35.332 40.670 44.550
38.084 42.005 44.748
35.222 36.449 41.242
37.578 40.103 45.489
35.736 40.307 46.640
44.107 44.932 45.799
37.617 42.010 46.096
35.069 35.136 35.235
35.343 40.220 46.449
35.120 38.335 43.012
37.781 42.774 45.373
35.121 35.174 35.218
35.417 41.823 46.745
35.348 38.640 42.186
36.156 38.410 41.386
37.361 42.834 46.905
39.112 42.610 46.046
35.218 41.218 45.862
35.183 37.354 41.095
35.069 35.166 35.282
35.131 37.275 41.126
35.143 37.579 43.170
35.147 226.258 432.381
35.159 38.905 46.268
37.110 41.660 46.185
40.359 43.735 47.051
634.976 669.210 711.523
40.640 42.569 44.347
36.856 39.953 42.686
37.217 40.132 45.708
35.054 35.124 35.173
35.095 40.826 46.089
35.051 35.175 35.297
35.079 37.518 42.086
278.714 424.939 520.428
37.501 41.180 46.339
36.568 42.018 45.447
35.307 38.662 40.755
36.333 39.917 42.029
35.180 232.497 589.546
35.059 38.399 45.532
35.148 37.048 44.470
36.108 39.617 45.758
35.883 41.191 46.841
40.761 42.803 45.860
37.584 41.336 46.379
38.819 43.074 45.448
706.533 712.158 720.177
35.282 40.897 46.341
42.874 45.131 46.186
36.065 40.930 46.512
498.187 542.927 581.542
35.149 35.236 35.391
35.101 35.270 35.669
35.434 40.343 46.035
36.913 40.209 44.771
37.320 41.145 46.604
36.340 39.297 46.621
42.127 44.055 47.181
35.134 41.616 46.392
35.171 35.224 35.308
35.153 35.456 36.080
35.133 35.202 35.303
35.383 41.153 45.014
35.132 35.192 35.272
710.925 716.547 719.547
35.061 35.122 35.241
35.157 35.216 35.261
35.188 35.342 35.834
35.221 38.386 41.973
37.453 42.250 45.904
35.133 35.336 35.915
35.723 41.461 43.141
701.315 706.871 711.781
35.183 35.235 35.306
37.245 40.957 44.751
35.142 35.242 35.355
35.095 35.135 35.237
35.415 39.668 42.682
35.041 35.132 35.181
35.174 35.239 35.338
35.202 35.262 35.330
35.084 35.144 35.242
35.159 35.236 35.325
35.113 35.183 35.260
294.370 435.760 580.448
35.124 35.234 35.294
35.169 35.199 35.261
681.543 706.755 716.674
35.143 35.202 35.280
35.158 35.179 35.200
36.766 42.736 46.658
42.382 43.628 46.513
76.850 144.203 288.118
35.158 35.219 35.304
35.105 35.180 35.271
36.264 40.365 46.119
35.122 35.219 35.342
36.996 41.318 45.955
274.176 377.125 433.426
622.209 649.054 677.297
40.376 44.127 46.777
35.166 35.357 35.845
35.125 71.457 174.763
35.094 36.710 39.543
300.341 418.788 547.717
35.189 35.289 35.368
35.103 35.196 35.247
35.116 36.133 39.045
38.046 40.465 43.552
35.164 35.216 35.265
35.543 40.858 44.762
35.265 40.209 46.792
35.057 35.167 35.265
36.150 40.878 45.404
38.585 42.473 46.210
35.332 35.707 35.886
36.383 42.156 46.718
38.436 43.909 46.977
35.886 40.733 43.012
37.828 40.272 43.066
35.133 37.079 44.571
36.301 38.332 40.185
35.104 39.359 44.645
35.126 95.249 230.138
35.305 38.196 42.177
38.140 41.159 44.060
693.274 697.944 706.751
35.170 39.531 45.264
693.496 697.818 704.222
42.269 43.515 45.778
0 0 0
36.626 42.805 46.848
35.246 39.624 44.681
35.789 39.833 46.689
35.663 39.409 45.672
38.762 41.014 42.960
35.185 35.219 35.274
35.098 36.650 42.508
38.170 40.113 42.239
77.546 105.892 144.728
35.469 37.777 42.342
35.981 42.083 47.221
35.254 353.261 675.399
507.644 587.016 654.729
37.855 40.503 46.575
38.021 41.966 46.909
35.145 35.204 35.296
35.203 65.794 188.034
36.014 39.956 45.488
603.443 654.442 689.265
38.593 41.580 44.683
36.937 42.320 47.098
40.630 43.510 47.559
35.062 35.169 35.232
35.097 37.307 45.064
35.254 39.951 46.946
441.767 568.283 692.857
36.255 38.280 41.083
682.493 699.133 708.664
35.899 38.279 42.662
35.258 37.374 45.213
35.322 36.605 38.604
35.635 193.792 398.765
704.822 711.187 717.777
36.128 41.872 46.898
35.196 35.291 35.375
35.183 35.394 35.569
35.107 39.713 45.068
35.185 38.740 44.854
37.764 43.588 46.711
38.959 42.414 43.803
36.937 40.834 46.107
697.418 697.418 697.418
712.864 717.056 720.720
35.206 41.502 46.314
36.266 41.886 46.383
35.213 35.267 35.325
35.052 35.158 35.263
37.592 41.474 44.306
35.146 35.191 35.267
35.610 40.903 46.673
35.173 37.546 46.735
35.729 38.885 44.815
35.228 38.194 40.240
41.985 45.064 46.976
35.131 38.187 43.276
41.592 42.993 44.369
35.244 40.690 44.758
35.095 35.191 35.236
36.198 43.100 46.818
35.168 88.565 301.986
35.161 35.230 35.340
38.601 42.897 45.780
35.077 36.523 41.144
35.257 40.196 45.819
38.397 41.988 44.190
35.316 39.376 44.602
35.155 35.235 35.258
35.324 41.293 44.712
37.140 40.330 43.017
37.312 41.780 45.363
38.425 41.201 44.725
35.215 51.103 98.669
35.107 35.128 35.150
35.520 39.051 42.570
35.173 38.738 42.947
35.116 35.180 35.253
35.129 35.211 35.279
35.128 35.195 35.248
35.160 35.231 35.342
35.138 35.202 35.241
35.121 35.204 35.295
35.108 35.184 35.269
35.124 35.217 35.362
35.079 35.195 35.293
35.076 35.151 35.290
35.144 35.175 35.198
35.079 35.137 35.233
35.164 35.253 35.373
35.182 35.241 35.295
35.099 35.183 35.250
35.112 35.184 35.269
35.084 35.134 35.197
35.208 35.272 35.343
35.132 35.206 35.313
35.173 35.250 35.306
35.120 35.178 35.245
35.087 35.144 35.186
35.058 35.170 35.317
35.041 35.124 35.201
35.176 35.211 35.245
35.068 35.194 35.274
35.113 35.219 35.336
35.129 35.198 35.301
35.105 35.237 35.284
35.075 35.158 35.269
35.107 35.207 35.284
35.135 35.222 35.339
35.143 35.192 35.281
35.069 35.159 35.261
35.161 35.250 35.329
35.143 35.238 35.312
35.146 35.210 35.325
35.107 35.160 35.223
35.164 35.212 35.260
35.110 35.282 35.338
35.208 35.242 35.311
35.071 35.174 35.269
35.066 35.229 35.412
35.136 35.203 35.236
35.113 35.219 35.325
35.126 35.173 35.200
35.101 35.164 35.200
35.067 35.156 35.242
35.107 35.194 35.291
35.174 35.227 35.282
35.137 35.233 35.347
35.171 35.240 35.384
35.124 35.200 35.265
35.096 35.175 35.230
35.176 35.213 35.256
35.181 35.249 35.391
35.093 35.209 35.297
35.113 35.191 35.250
35.057 35.086 35.123
35.168 35.222 35.281
35.118 35.187 35.273
35.129 35.161 35.194
35.093 35.177 35.372
35.116 35.208 35.290
35.108 35.210 35.285
35.085 35.158 35.251
35.091 35.156 35.240
35.232 35.323 35.405
35.146 35.198 35.267
35.112 35.194 35.268
35.119 35.192 35.295
35.144 35.214 35.347
35.174 35.240 35.331
35.168 35.205 35.246
35.101 35.176 35.272
35.106 35.176 35.217
35.094 35.196 35.316
35.152 35.213 35.276
35.136 35.224 35.314
35.149 35.218 35.321
35.145 35.193 35.265
35.128 35.172 35.223
35.187 35.230 35.263
35.119 35.193 35.224
35.132 35.195 35.256
35.149 35.213 35.274
35.168 35.242 35.432
35.206 35.238 35.296
35.148 35.245 35.357
35.169 35.217 35.336
35.145 35.226 35.337
35.095 35.198 35.269
35.183 35.234 35.274
35.135 35.199 35.271
35.085 35.144 35.207
35.115 35.166 35.231
35.189 35.240 35.279
35.086 35.130 35.213
35.204 35.272 35.353
35.153 35.208 35.282
35.148 35.212 35.289
35.179 35.249 35.300
35.170 35.268 35.328
35.175 35.232 35.294
35.140 35.188 35.245
35.014 35.105 35.206
35.122 35.150 35.175
35.103 35.182 35.245
35.207 35.259 35.338
35.132 35.211 35.295
35.083 35.176 35.262
35.201 35.255 35.370
35.182 35.216 35.271
35.123 35.167 35.233
35.128 35.245 35.337
35.162 35.224 35.361
35.074 35.120 35.220
35.182 35.218 35.263
35.132 35.181 35.252
35.109 35.207 35.311
35.163 35.278 35.368
35.120 35.159 35.227
35.100 35.175 35.265
35.130 35.210 35.302
35.093 35.273 35.425
35.183 35.214 35.254
35.115 35.156 35.232
35.100 35.199 35.266
35.117 35.174 35.235
35.130 35.183 35.215
35.151 35.326 35.553
35.143 35.259 35.393
35.098 35.215 35.272
35.073 35.192 35.256
35.168 35.263 35.324
35.101 35.243 35.326
35.197 35.259 35.317
35.144 35.216 35.352
35.170 35.205 35.277
35.089 35.188 35.262
35.197 35.273 35.374
35.100 35.256 35.443
35.087 35.206 35.274
35.198 35.307 35.525
35.128 35.202 35.268
35.155 35.194 35.237
35.156 35.203 35.301
35.137 35.243 35.374
35.152 35.210 35.269
35.150 35.201 35.247
35.162 35.198 35.230
35.199 35.228 35.259
35.096 35.172 35.288
35.146 35.226 35.324
35.147 35.258 35.410
35.116 35.202 35.312
35.204 35.257 35.385
35.117 35.169 35.230
35.110 35.186 35.236
35.199 35.229 35.268
35.126 35.208 35.269
35.161 35.205 35.266
35.154 35.262 35.376
35.073 35.135 35.209
35.120 35.237 35.296
35.171 35.369 35.827
35.235 35.328 35.458
35.075 35.234 35.357
35.160 35.195 35.242
35.150 35.192 35.261
35.127 35.181 35.236
35.133 35.204 35.270
35.080 35.348 36.127
35.198 35.225 35.252
35.063 35.153 35.255
35.120 35.239 35.290
35.116 35.316 35.775
35.125 35.198 35.286
35.153 35.272 35.346
35.202 35.224 35.250
35.162 35.217 35.338
35.073 35.162 35.387
35.113 35.168 35.230
35.197 35.240 35.295
35.099 35.220 35.297
35.211 35.254 35.303
35.156 35.215 35.274
35.192 35.271 35.334
35.097 35.189 35.320
35.152 35.221 35.307
35.141 35.234 35.286
35.140 35.189 35.265
35.246 35.282 35.313
35.183 35.225 35.282
35.130 35.218 35.287
35.188 35.252 35.340
35.134 35.239 35.359
35.121 35.203 35.263
35.187 35.238 35.291
35.105 35.173 35.245
35.190 35.294 35.423
35.208 35.247 35.343
35.072 35.163 35.252
35.212 35.287 35.378
35.188 35.321 35.536
35.100 35.169 35.290
35.115 35.160 35.200
35.104 35.199 35.289
35.208 35.242 35.302
35.139 35.254 35.328
35.075 35.136 35.250
35.130 35.202 35.283
35.114 35.185 35.248
35.165 35.220 35.244
35.181 35.219 35.258
35.176 35.243 35.330
35.228 35.277 35.329
35.172 35.212 35.304
35.080 35.211 35.374
35.136 35.215 35.305
35.129 35.201 35.354
35.091 35.161 35.256
35.177 35.252 35.351
35.133 35.212 35.259
35.167 35.209 35.245
35.155 35.219 35.276
35.120 35.199 35.239
35.150 35.226 35.328
35.101 35.183 35.250
35.122 35.377 36.241
35.082 35.155 35.209
35.107 35.183 35.271
35.072 35.124 35.191
35.085 35.183 35.279
35.140 35.190 35.245
35.189 35.273 35.391
35.198 35.228 35.258
35.123 35.208 35.353
35.111 35.225 35.326
35.166 35.634 37.454
35.160 35.235 35.439
35.160 35.200 35.237
35.173 35.221 35.358
35.132 35.237 35.420
35.111 35.226 35.388
35.177 35.235 35.304
35.054 35.171 35.265
35.211 35.263 35.301
35.096 35.233 35.331
35.071 35.215 35.291
35.132 35.214 35.304
35.180 35.236 35.315
35.198 35.248 35.302
35.139 35.198 35.229
35.154 35.203 35.271
35.124 35.191 35.293
35.186 35.287 35.399
35.138 35.192 35.244
35.122 35.177 35.238
35.159 35.214 35.276
35.107 35.144 35.194
35.146 35.187 35.230
35.193 35.270 35.302
35.110 35.244 35.393
35.115 35.213 35.321
35.189 35.229 35.257
35.142 35.188 35.239
35.151 35.200 35.244
35.062 35.118 35.171
35.174 35.221 35.282
35.117 35.174 35.251
35.129 35.199 35.257
35.093 35.209 35.278
35.167 35.216 35.303
35.190 35.264 35.316
35.173 35.262 35.354
35.076 35.164 35.249
35.168 35.197 35.224
35.060 35.188 35.289
35.062 35.313 36.011
35.136 35.244 35.362
35.154 35.168 35.190
35.153 35.259 35.330
35.191 35.246 35.388
35.145 35.214 35.294
35.130 35.195 35.246
35.077 35.171 35.306
35.106 35.169 35.327
35.159 35.215 35.274
35.063 35.147 35.263
35.181 35.223 35.295
35.107 35.138 35.173
35.117 35.195 35.255
35.223 35.269 35.325
35.166 35.212 35.252
35.049 35.436 36.492
35.116 35.204 35.264
35.142 35.216 35.284
35.145 35.205 35.257
35.072 35.215 35.370
35.133 35.215 35.291
35.126 35.196 35.244
35.062 35.120 35.212
35.183 35.219 35.280
35.089 35.151 35.218
35.189 35.263 35.377
35.085 35.173 35.229
35.145 35.194 35.308
35.224 35.231 35.241
35.106 35.188 35.267
35.103 35.169 35.259
35.208 35.527 35.994
35.088 35.160 35.216
35.139 35.191 35.272
35.093 35.166 35.228
35.005 35.080 35.136
35.108 35.167 35.239
35.091 35.364 36.056
35.147 35.228 35.294
35.163 35.229 35.317
35.107 35.157 35.228
35.135 35.243 35.439
35.083 35.556 36.254
35.092 35.259 35.758
35.189 35.526 36.088
35.122 35.153 35.231
35.077 35.250 35.777
35.192 35.234 35.319
35.151 35.224 35.351
35.106 35.321 35.651
35.150 35.449 35.933
35.111 35.179 35.344
35.200 35.240 35.300
35.125 35.227 35.347
35.182 35.298 35.632
35.121 35.265 35.644
35.091 35.258 35.832
35.094 35.264 35.709
35.130 35.648 36.367
35.166 35.330 35.483
35.176 35.390 35.492
35.254 35.437 35.697
35.148 35.445 35.827
35.103 35.180 35.273
35.123 35.153 35.174
35.031 35.134 35.238
35.771 37.402 42.559
47.066 47.066 47.066
39.078 39.240 39.445
0 0 0
35.042 35.096 35.195
35.095 35.224 35.284
35.115 35.161 35.209
35.085 35.174 35.331
35.145 35.193 35.252
35.209 35.238 35.274
35.111 35.173 35.209
35.142 35.208 35.238
35.075 35.199 35.289
35.169 35.225 35.281
35.087 35.206 35.256
35.094 35.306 35.846
35.082 35.219 35.300
35.108 35.155 35.207
35.120 35.169 35.224
35.123 35.200 35.273
35.123 35.180 35.305
35.114 35.220 35.287
35.121 35.167 35.224
35.176 35.222 35.281
35.058 35.191 35.236
35.187 35.256 35.350
35.082 35.139 35.267
35.138 35.190 35.231
35.183 35.245 35.310
35.135 35.168 35.229
35.075 35.175 35.240
35.104 35.176 35.226
35.153 35.222 35.298
35.153 35.215 35.251
35.119 35.195 35.250
35.089 35.217 35.313
35.086 35.181 35.224
34.995 35.132 35.189
35.119 35.186 35.267
35.143 35.191 35.228
35.141 35.953 36.521
35.183 35.429 36.111
35.063 35.140 35.248
35.091 35.188 35.332
35.096 35.164 35.293
35.193 35.238 35.293
35.143 35.318 35.792
35.082 35.138 35.185
35.119 35.174 35.254
35.125 35.225 35.294
35.079 35.155 35.210
35.095 35.146 35.251
35.063 35.153 35.227
35.103 35.139 35.200
35.160 35.235 35.331
35.137 35.221 35.288
35.149 35.311 35.841
35.073 35.276 35.798
35.099 35.167 35.217
35.074 35.188 35.262
35.136 35.188 35.270
35.134 35.201 35.293
35.031 35.055 35.091
35.092 35.208 35.271
35.044 35.126 35.241
35.038 35.683 37.931
35.139 35.210 35.305
35.420 35.802 36.157
35.560 35.901 36.268
35.213 35.439 35.744
35.208 35.636 36.021
35.259 35.788 36.312
35.045 35.118 35.200
35.082 35.110 35.135
35.093 35.176 35.235
35.133 35.228 35.290
35.095 35.146 35.228
35.053 35.117 35.259
