175.758 175.856 175.928
175.831 175.947 176.247
175.815 175.880 176.006
175.695 175.999 176.299
175.782 176.000 176.623
175.721 175.808 175.877
175.990 176.226 176.643
175.792 175.903 175.989
175.793 176.052 176.940
175.910 176.006 176.159
175.771 175.852 175.960
175.790 175.882 176.041
175.787 175.854 175.917
175.755 175.769 175.781
175.760 175.917 176.074
175.851 176.214 176.842
175.851 175.904 176.021
175.740 175.928 176.442
175.763 175.933 176.504
175.807 175.951 176.258
175.840 176.074 176.712
175.777 175.838 175.889
175.738 175.876 176.065
175.827 175.919 176.076
175.696 175.977 176.164
175.736 175.835 176.047
175.751 175.852 176.069
175.723 176.023 176.391
175.741 175.831 176.026
175.665 175.986 176.396
175.783 175.895 176.004
175.728 175.829 176.013
175.755 175.912 176.050
175.775 175.896 175.984
175.758 175.925 176.201
175.737 175.896 176.034
175.790 175.977 176.273
175.724 176.006 176.465
175.784 175.925 176.176
175.768 175.822 175.948
175.808 175.885 175.993
175.715 175.851 175.967
175.834 176.001 176.216
175.769 175.921 176.107
175.722 175.790 175.863
175.910 176.284 177.552
175.918 176.275 177.238
175.759 175.884 175.999
175.775 175.938 176.278
175.767 176.312 178.405
175.769 176.061 176.501
175.789 182.489 208.356
175.761 176.713 179.939
175.841 175.922 176.077
175.653 175.945 176.349
175.859 176.047 176.404
175.783 175.882 176.000
175.803 175.947 176.240
175.796 175.961 176.107
175.815 176.165 176.552
175.854 175.900 176.022
175.839 175.887 175.950
175.854 175.971 176.144
175.717 175.851 176.004
175.921 176.077 176.304
175.985 176.238 176.777
175.824 175.896 175.974
175.823 176.040 176.328
175.836 175.963 176.215
175.849 175.906 175.981
175.841 176.032 176.581
175.822 176.049 176.261
175.801 175.890 176.056
175.805 175.912 176.054
175.874 176.213 176.521
175.841 176.218 177.066
175.825 176.067 176.456
175.816 176.022 176.566
175.702 175.912 176.158
175.785 176.115 176.482
175.797 175.976 176.535
175.840 176.068 176.311
175.933 176.158 176.455
175.787 175.933 176.028
175.875 175.978 176.139
175.897 176.040 176.198
175.832 176.122 176.428
175.910 175.978 176.077
175.788 176.053 176.459
175.901 176.108 176.454
175.848 176.026 176.411
175.856 175.960 176.027
175.793 176.092 176.646
175.868 176.058 176.464
175.886 176.011 176.277
175.793 175.886 175.952
175.826 175.877 175.943
175.891 176.149 176.583
175.908 176.173 176.828
175.876 177.883 185.300
175.912 176.102 176.356
175.688 176.739 179.930
175.881 175.997 176.098
175.832 176.115 176.314
175.817 175.933 176.100
175.781 175.938 176.057
175.731 175.950 176.236
175.766 176.333 177.807
175.753 176.234 176.855
175.898 176.085 176.479
175.794 175.950 176.397
175.913 176.124 176.659
218.638 246.896 268.404
175.805 179.711 194.697
175.877 176.026 176.277
176.226 176.565 176.987
175.865 175.963 176.101
175.839 176.026 176.380
175.826 175.972 176.129
175.856 175.991 176.129
175.805 176.176 177.153
175.912 176.078 176.281
175.797 176.102 176.423
175.741 175.915 176.159
175.887 176.024 176.382
176.000 176.108 176.412
175.940 176.214 176.993
175.919 176.511 178.492
175.920 175.940 175.982
175.836 175.962 176.143
175.855 176.210 176.674
176.082 176.406 177.113
175.778 176.024 176.284
175.925 176.005 176.111
175.950 176.243 176.600
175.769 176.054 176.598
175.918 176.133 176.504
175.913 176.084 176.390
175.869 176.076 176.438
175.824 176.171 176.797
175.792 175.912 175.974
175.919 176.015 176.180
175.830 176.739 179.904
175.867 176.415 177.074
175.882 176.181 176.925
175.826 176.257 177.416
175.878 177.102 180.942
175.849 176.154 176.575
175.836 176.368 177.006
175.919 176.142 176.527
175.956 176.245 176.591
175.913 176.396 177.076
175.935 176.434 177.811
175.910 176.285 177.000
175.845 176.048 176.306
175.949 176.123 176.307
175.791 176.017 176.370
175.892 176.158 176.829
175.859 176.248 176.489
175.813 176.611 179.276
175.989 176.288 177.266
175.846 176.090 176.362
175.994 178.687 188.627
176.124 177.246 178.622
176.174 177.184 178.013
175.924 176.050 176.256
176.608 177.331 178.259
175.988 176.374 177.039
176.008 176.611 177.482
176.334 176.882 177.253
176.084 176.846 177.797
175.959 176.472 177.628
175.884 176.256 176.587
175.938 176.455 178.101
175.802 176.264 177.918
175.889 178.319 186.032
175.790 175.991 176.093
175.895 176.115 176.576
176.251 176.831 177.429
175.831 176.191 176.758
175.862 176.055 176.465
175.933 176.052 176.196
175.973 176.546 178.182
175.834 176.215 176.995
175.761 175.935 176.147
175.968 176.658 177.778
175.983 177.039 178.531
175.829 176.142 176.774
176.166 176.932 178.501
176.238 176.984 177.836
176.669 177.378 177.892
175.890 176.367 176.962
176.258 176.575 177.211
176.830 177.578 178.113
176.008 177.289 178.253
175.944 177.127 179.347
176.629 177.020 177.277
176.339 177.223 178.194
176.564 176.824 177.159
175.969 177.211 178.208
176.583 177.054 178.068
175.909 176.142 176.455
176.038 180.939 195.323
175.908 177.096 178.171
176.018 180.525 186.692
177.165 181.219 194.857
176.979 177.287 178.049
176.210 176.643 177.735
175.835 176.328 177.828
176.159 177.291 177.920
175.963 176.315 176.978
175.854 178.141 180.222
176.299 177.102 178.978
176.287 177.488 178.503
175.957 176.214 176.442
175.893 176.637 177.344
175.909 176.327 176.863
176.052 177.260 178.946
175.793 179.808 194.646
175.830 177.522 183.715
175.936 176.246 176.871
175.887 176.248 176.734
175.850 176.109 176.438
175.725 176.048 176.425
176.117 176.700 177.350
175.934 177.440 179.647
176.105 176.333 176.478
175.935 179.128 190.649
175.908 176.583 178.335
175.883 176.208 176.927
175.928 177.129 178.321
175.882 176.409 176.821
176.312 182.167 203.411
175.903 176.308 176.687
175.853 176.310 176.967
175.891 176.324 176.892
175.939 176.284 177.261
176.123 176.693 177.729
176.037 178.285 184.625
175.960 184.370 216.222
176.076 178.999 187.289
175.886 176.184 176.331
175.980 176.261 176.636
176.147 176.932 177.639
175.875 176.142 176.820
175.920 177.509 182.299
176.064 176.226 176.479
175.947 176.473 177.240
176.251 176.812 177.446
175.818 176.323 177.799
175.899 176.331 176.932
175.918 176.414 176.898
176.015 176.357 176.912
175.792 176.317 177.642
175.970 177.421 179.925
175.906 176.429 177.537
175.922 176.632 177.367
176.013 176.095 176.190
175.851 179.163 188.264
175.942 176.189 176.662
175.757 176.046 176.354
175.983 178.534 187.496
175.860 178.198 187.320
176.249 176.924 178.234
176.046 179.791 190.073
176.207 178.777 182.491
175.984 177.103 179.669
176.526 178.140 179.238
175.887 176.638 177.894
175.849 176.366 177.759
175.894 176.575 177.371
175.889 175.974 176.037
175.824 176.011 176.230
175.862 176.653 178.387
176.012 176.268 176.538
176.406 180.533 185.110
175.976 177.048 180.075
175.853 178.299 184.846
176.787 180.705 182.801
176.059 177.457 179.500
175.910 176.869 178.707
176.606 179.190 181.574
175.995 176.794 177.918
175.922 176.538 177.781
175.838 175.925 176.025
175.988 176.280 177.092
175.961 176.103 176.215
175.821 175.942 176.242
175.810 176.016 176.191
175.905 175.984 176.125
175.883 176.238 176.832
175.917 176.066 176.281
175.938 176.085 176.309
175.941 176.142 176.549
175.993 180.568 197.869
175.895 175.997 176.161
175.962 176.062 176.165
175.870 175.940 176.024
175.855 179.345 192.406
175.837 175.981 176.166
175.935 176.172 176.603
175.909 179.999 194.232
176.054 176.517 177.957
175.878 176.092 176.618
176.414 182.684 189.029
175.966 180.356 185.264
177.171 181.264 190.627
175.864 183.818 188.977
177.673 185.687 195.744
175.808 176.115 176.958
175.996 176.088 176.193
175.775 176.048 176.543
175.886 175.987 176.135
175.738 179.225 189.771
175.851 176.566 178.169
175.891 176.171 176.352
175.886 176.041 176.230
175.997 176.122 176.271
175.911 176.013 176.093
175.803 176.202 176.704
175.880 176.610 179.232
176.004 176.055 176.175
175.926 176.952 179.227
176.056 176.541 177.537
175.913 176.118 176.455
175.880 175.995 176.200
175.923 176.807 179.431
175.986 176.274 176.518
175.765 176.297 177.309
175.913 176.201 176.420
175.925 176.151 176.772
176.085 178.941 187.936
175.985 176.626 177.312
175.871 176.654 178.900
175.907 176.268 176.842
175.988 176.534 177.275
175.921 177.014 178.642
175.807 176.311 176.728
175.842 176.353 177.579
175.901 177.510 183.546
175.875 176.744 178.230
176.096 176.793 177.885
175.963 177.215 178.304
176.053 176.139 176.414
175.858 176.389 177.661
176.003 176.322 177.019
175.974 176.792 179.537
176.148 176.648 176.905
175.797 177.980 185.147
176.025 176.552 177.268
175.861 176.964 177.962
176.228 178.598 185.495
175.885 176.355 177.239
176.224 177.948 179.255
175.926 177.153 178.576
176.064 178.298 180.800
176.356 177.170 178.134
176.115 178.041 178.886
175.956 177.682 178.817
175.897 176.793 179.182
176.791 177.598 178.057
175.951 178.031 179.141
176.055 176.402 177.339
175.902 177.100 177.966
176.128 177.031 178.305
176.195 177.702 180.053
176.612 178.413 179.914
176.222 179.305 186.333
176.338 180.014 191.744
176.046 176.603 177.305
176.015 176.432 177.554
176.142 178.224 185.845
176.133 176.862 177.361
175.830 176.122 176.908
176.035 176.712 177.223
175.837 176.830 178.318
176.295 176.764 177.378
176.331 178.818 185.176
176.241 177.842 180.624
176.216 178.450 181.430
176.108 177.719 178.754
176.140 178.313 184.337
176.970 182.862 191.086
176.799 178.596 181.162
176.179 178.536 181.975
176.130 178.931 182.391
176.735 179.921 185.508
177.376 179.768 184.303
176.483 178.701 182.892
176.464 179.641 183.268
176.501 181.735 186.717
176.174 178.578 181.282
178.428 180.476 183.412
176.863 179.299 183.739
175.862 181.169 184.928
176.795 179.590 182.060
176.023 180.457 184.220
175.931 178.682 183.117
176.356 177.007 177.873
175.954 177.010 179.788
175.997 194.332 263.116
175.923 177.717 180.435
178.610 182.799 189.511
176.050 177.651 179.992
176.058 177.846 181.721
176.063 177.316 181.245
176.344 177.555 178.909
178.106 179.766 182.319
175.928 176.851 179.755
177.956 180.734 188.093
175.867 177.215 180.826
175.956 177.472 180.084
176.016 176.706 177.671
176.531 178.037 180.193
175.871 178.865 184.990
175.827 176.066 176.691
175.903 176.323 177.818
175.810 176.318 177.202
175.829 175.984 176.082
175.986 179.195 189.558
175.926 176.041 176.255
175.702 176.215 177.227
175.839 176.094 176.283
175.762 176.063 176.301
175.841 177.865 185.315
176.039 176.922 179.437
175.798 178.016 182.656
175.897 176.004 176.126
175.910 175.962 176.057
175.766 175.939 176.053
175.797 176.373 177.524
175.818 175.960 176.055
175.839 176.321 177.434
175.820 176.027 176.206
175.723 175.925 176.115
175.856 175.966 176.119
175.830 176.009 176.183
196.358 202.408 205.783
201.531 216.219 272.709
200.733 202.699 204.909
198.243 201.498 204.855
175.883 176.131 177.035
175.903 175.987 176.178
175.784 176.397 177.925
182.491 197.009 204.972
175.891 175.973 176.065
175.870 175.908 175.935
175.839 176.032 176.110
175.771 175.999 176.152
175.786 175.884 176.000
175.864 176.067 176.204
175.876 175.940 176.081
175.807 175.932 176.103
175.855 175.942 176.038
175.793 175.946 176.104
175.835 176.101 176.588
175.871 176.006 176.242
175.865 176.014 176.058
175.842 176.003 176.333
175.874 175.933 175.999
176.138 176.228 176.401
175.946 177.965 184.337
175.886 175.961 176.088
175.870 176.013 176.242
175.968 176.074 176.213
175.839 175.893 175.996
175.862 175.996 176.169
175.790 175.955 176.163
175.831 175.959 176.132
175.882 176.050 176.295
175.841 176.064 176.470
175.744 175.942 176.206
176.097 176.174 176.254
175.878 176.860 178.481
175.781 176.028 176.294
175.807 176.051 176.249
175.887 176.030 176.134
175.788 175.951 176.294
175.799 176.015 176.226
175.896 176.046 176.231
175.848 176.152 176.564
175.818 176.020 176.233
175.856 175.943 176.103
175.756 175.878 176.084
175.869 175.905 175.954
175.812 175.982 176.216
175.902 175.999 176.098
175.850 175.971 176.127
175.868 175.996 176.178
175.774 177.060 181.668
175.861 175.904 175.950
175.909 176.046 176.170
175.820 176.092 176.848
175.867 176.009 176.288
175.877 175.970 176.150
175.773 175.866 175.980
175.763 175.883 176.042
175.849 175.996 176.282
175.838 175.888 175.936
175.863 178.441 188.452
175.920 175.991 176.107
175.947 176.047 176.179
175.753 175.894 176.081
175.844 175.955 176.163
175.875 176.078 176.253
175.824 175.897 175.994
175.795 175.955 176.104
175.913 176.052 176.187
175.816 175.981 176.256
175.850 175.933 176.119
175.820 175.898 176.069
175.853 176.033 176.256
175.850 175.964 176.368
175.886 176.017 176.144
175.835 175.933 176.145
175.853 176.031 176.148
175.833 175.923 176.013
175.844 176.648 178.299
175.925 176.014 176.120
175.845 176.027 176.205
175.894 175.993 176.187
175.947 176.280 177.249
176.049 176.219 176.375
175.856 175.984 176.140
175.851 176.050 176.610
175.828 175.907 175.959
175.818 176.030 176.282
175.858 176.048 176.335
175.903 176.006 176.151
176.025 176.255 176.439
175.926 176.010 176.148
175.904 176.041 176.189
175.820 176.034 176.387
175.848 175.985 176.050
176.093 176.256 176.466
175.777 176.139 176.548
175.881 176.108 176.205
175.880 176.019 176.294
175.734 175.887 176.122
175.868 175.972 176.087
175.854 176.038 176.267
176.035 176.231 176.377
175.860 176.077 176.362
176.011 176.152 176.238
175.882 176.205 176.778
175.838 176.233 177.247
176.179 183.940 192.891
175.861 176.563 178.522
176.086 177.163 181.284
175.829 176.034 176.249
175.808 175.911 176.013
175.908 176.001 176.107
175.846 176.043 176.361
175.788 176.018 176.315
175.835 176.006 176.118
175.898 175.958 176.007
175.871 176.030 176.203
175.976 176.130 176.238
175.868 175.992 176.176
175.760 175.952 176.211
175.829 176.024 176.282
175.770 175.992 176.415
175.860 175.971 176.093
175.808 175.854 175.915
175.819 175.977 176.177
175.906 176.112 176.404
175.796 176.081 176.410
175.818 176.011 176.190
175.922 176.017 176.065
175.886 175.978 176.064
175.814 175.936 176.154
175.883 176.105 176.519
175.834 176.000 176.155
175.868 175.951 176.069
175.901 176.029 176.129
175.865 175.921 176.003
175.760 175.905 176.063
175.820 175.932 176.064
175.772 176.015 176.180
175.949 176.040 176.099
175.819 175.963 176.147
175.738 175.976 176.308
175.861 175.947 176.119
175.806 175.944 176.041
175.842 175.855 175.874
175.801 176.072 176.452
175.852 175.962 176.164
175.932 176.094 176.325
175.771 175.912 176.054
175.853 176.077 176.535
175.818 178.380 188.010
175.798 176.190 177.114
175.851 175.948 176.148
175.927 175.994 176.072
175.931 176.011 176.148
175.890 176.013 176.133
175.894 175.966 176.028
175.726 175.936 176.234
175.953 176.060 176.175
175.796 175.966 176.031
175.783 175.896 176.036
175.791 175.931 176.101
175.735 175.818 175.935
175.770 176.140 177.077
175.817 175.961 176.044
175.843 175.983 176.144
175.877 177.013 180.757
175.907 179.508 190.958
175.787 175.816 175.896
175.828 175.902 176.009
175.810 175.958 176.138
175.709 175.849 175.951
175.808 175.959 176.153
175.763 175.805 175.860
175.700 175.899 176.047
175.821 175.908 176.000
175.860 175.916 175.994
175.861 177.358 183.304
175.758 179.079 187.732
175.742 175.939 176.127
175.804 175.892 176.001
175.788 175.897 176.040
175.777 175.894 176.035
175.768 175.855 176.073
175.859 175.877 175.901
175.783 175.867 175.986
175.794 175.876 175.999
175.719 176.086 176.918
175.795 175.840 175.900
175.737 175.815 175.995
175.808 175.899 175.981
175.775 175.873 176.058
175.762 175.882 176.048
175.742 175.809 175.886
175.785 175.988 176.329
175.711 175.855 175.962
175.775 176.013 176.341
175.806 175.874 175.986
175.791 175.965 176.378
175.798 175.864 175.980
175.760 175.941 176.229
175.726 175.812 175.907
175.695 175.867 176.009
175.712 175.881 175.996
175.837 175.961 176.177
175.806 175.870 175.922
175.747 175.856 175.974
175.712 175.777 175.807
175.755 175.896 175.989
175.799 175.878 176.041
175.822 175.878 175.981
175.756 175.875 176.009
175.786 175.936 176.069
175.742 175.804 175.936
175.753 175.830 175.874
175.790 175.870 175.965
175.757 175.833 175.980
175.895 175.909 175.925
175.848 175.887 175.917
175.692 175.903 176.032
175.790 175.894 175.977
175.770 175.840 175.903
175.720 175.842 175.975
175.837 175.966 176.157
175.787 175.871 175.915
172.711 172.773 172.925
172.717 172.872 173.187
172.833 172.953 173.199
172.708 172.813 172.911
172.700 172.776 172.888
172.608 172.736 172.876
172.678 172.787 172.909
172.651 172.806 172.936
172.697 172.734 172.791
172.704 172.809 172.937
172.652 172.729 172.779
172.711 172.857 172.962
172.727 172.843 173.212
172.642 172.795 173.041
172.719 172.768 172.827
172.618 172.800 173.099
172.630 172.762 172.905
172.726 172.962 173.506
172.546 172.766 172.960
172.699 172.808 172.938
172.680 172.766 172.876
172.641 172.697 172.733
172.622 172.675 172.743
172.680 172.831 173.107
172.694 172.788 172.947
172.632 172.786 172.880
172.681 172.761 172.840
172.651 172.735 172.813
172.682 172.738 172.796
172.603 172.769 172.939
172.667 172.746 172.881
172.741 172.798 172.858
174.912 175.027 175.188
174.876 175.002 175.210
174.745 174.890 175.072
174.834 174.986 175.252
174.711 174.949 175.190
174.874 174.979 175.183
174.969 175.065 175.243
174.786 174.872 174.921
174.850 174.881 174.936
174.782 174.898 174.934
174.836 174.967 175.109
174.754 174.864 174.987
174.763 174.817 174.902
174.793 174.872 174.937
174.825 174.998 175.186
174.817 174.867 174.914
174.801 174.894 175.006
174.757 177.031 185.486
174.846 175.074 175.699
174.796 174.964 175.096
174.794 175.022 175.209
174.812 174.885 174.971
174.749 174.863 174.955
174.803 174.890 175.020
174.835 174.876 174.929
174.944 174.990 175.076
174.762 174.913 175.000
174.746 174.857 174.919
174.794 174.846 174.939
174.805 174.932 175.113
174.796 174.850 174.937
174.818 174.885 174.963
174.784 174.863 174.944
174.898 174.979 175.075
174.852 174.967 175.158
174.839 174.884 174.972
174.871 174.999 175.159
174.758 174.853 174.958
174.879 174.948 175.037
174.720 174.907 175.164
174.868 174.915 174.956
174.793 174.895 175.017
174.808 174.880 174.937
174.904 174.972 175.022
174.781 174.913 175.104
174.786 174.917 175.167
174.705 174.863 175.016
174.759 174.887 175.066
174.781 174.899 174.991
174.880 174.975 175.108
174.896 175.037 175.266
174.743 174.878 175.015
174.899 174.942 175.023
174.810 174.949 175.029
174.838 174.955 175.124
174.844 174.945 175.069
174.856 174.968 175.111
174.791 174.943 175.069
174.828 175.032 175.595
174.806 174.862 174.900
174.854 174.939 175.066
174.772 174.914 175.097
174.799 175.982 180.674
174.779 174.992 175.164
174.825 174.954 175.200
174.805 174.889 174.977
174.801 174.871 175.021
174.833 174.965 175.159
174.839 174.934 175.174
174.833 174.942 175.108
174.786 174.965 175.080
174.870 174.919 175.008
174.805 174.885 175.006
174.766 174.963 175.271
174.858 174.934 175.078
174.781 174.898 175.049
174.898 174.991 175.069
174.837 174.951 175.105
174.827 174.939 175.055
174.774 174.843 174.892
174.818 174.889 175.000
174.854 174.953 175.094
174.730 174.831 174.886
174.791 174.917 175.187
174.732 174.857 174.958
174.705 174.813 174.946
174.815 174.885 174.948
174.832 174.946 175.049
174.837 174.898 175.000
174.810 174.889 174.993
174.796 174.989 175.174
174.833 174.912 175.030
174.738 174.850 174.942
174.818 174.871 174.945
174.818 174.939 175.045
174.835 174.884 174.971
174.815 174.934 175.176
174.833 174.859 174.954
174.743 174.964 175.116
174.848 174.931 175.036
174.763 174.843 174.894
174.866 174.984 175.060
174.716 174.955 175.058
174.776 174.858 174.904
174.792 174.880 175.025
174.871 174.938 175.034
174.842 174.877 174.918
174.817 174.897 174.972
174.746 174.884 175.016
174.843 175.107 175.982
174.791 174.915 174.997
174.858 174.940 175.108
174.812 174.874 174.989
174.801 174.886 174.963
174.811 175.037 175.138
174.825 174.916 175.062
174.766 174.832 174.925
174.772 174.889 174.939
174.701 174.815 174.945
174.756 174.869 174.972
174.798 176.056 180.610
174.798 175.006 175.415
174.834 174.913 174.990
174.851 174.935 174.990
174.875 174.955 175.082
174.806 174.886 174.938
174.795 174.878 174.926
174.850 174.916 175.034
174.814 174.853 174.908
174.892 174.979 175.054
174.708 174.884 175.153
174.793 174.918 175.123
174.809 174.916 175.040
174.819 174.881 174.962
174.753 174.788 174.844
174.807 174.893 175.012
174.801 174.957 175.087
174.805 174.948 175.098
174.783 174.966 175.423
174.880 174.963 175.110
174.862 174.890 174.947
174.815 174.951 175.160
174.777 174.914 175.104
174.803 174.894 175.049
174.781 174.831 174.908
174.826 174.955 175.229
174.887 174.936 175.006
174.761 174.897 175.019
174.850 174.907 174.958
174.824 175.080 175.517
174.831 174.948 175.158
174.797 174.895 175.102
174.837 174.883 174.947
174.842 174.928 175.078
174.798 174.903 174.948
174.895 175.002 175.129
174.926 174.964 175.021
174.800 174.913 175.062
174.830 174.891 174.973
174.738 174.920 175.182
174.862 174.963 175.077
174.787 174.889 174.983
174.807 174.926 175.231
174.799 174.922 175.066
174.778 176.097 181.172
174.855 174.922 174.996
174.782 174.832 174.954
174.865 174.927 174.982
174.773 174.862 174.937
174.767 174.830 174.924
174.846 174.977 175.207
174.818 175.026 175.164
174.863 174.984 175.104
174.918 174.953 174.989
174.815 174.914 175.020
174.802 174.909 175.004
174.874 174.936 175.010
174.788 174.849 174.884
174.860 174.890 174.966
174.836 174.876 174.963
174.828 174.890 175.023
174.870 177.057 185.382
174.822 174.965 175.137
174.954 175.053 175.414
174.877 174.945 175.099
174.838 174.943 175.174
174.847 174.969 175.101
174.906 175.027 175.195
174.824 174.962 175.178
174.776 174.977 175.166
174.865 175.124 175.913
174.841 174.972 175.090
174.880 174.920 174.974
174.801 174.893 175.075
174.825 174.981 175.148
174.887 175.030 175.115
174.771 174.832 174.918
174.851 174.907 174.962
174.834 174.902 175.058
174.834 174.920 175.114
174.827 174.984 175.300
174.850 177.150 185.906
174.934 175.020 175.081
174.835 174.929 175.035
174.782 174.835 174.900
174.831 174.866 174.934
174.847 174.978 175.164
174.784 175.017 175.281
174.763 175.019 175.239
174.875 175.081 175.590
174.806 175.300 176.777
174.861 174.947 175.076
174.931 175.027 175.211
174.871 174.933 175.059
174.861 174.910 174.957
174.838 174.976 175.202
174.811 174.945 175.203
174.909 175.001 175.146
174.823 174.892 174.950
174.790 174.977 175.124
174.832 175.014 175.472
174.897 174.960 175.069
174.880 177.438 187.101
174.898 175.016 175.143
174.765 174.915 175.021
174.902 175.041 175.281
174.873 175.170 176.115
174.844 174.966 175.037
174.910 174.968 175.009
174.881 174.925 174.984
174.863 174.972 175.122
174.847 175.045 175.380
174.874 174.977 175.078
174.826 174.980 175.179
174.842 175.012 175.263
174.927 175.155 175.301
174.844 175.032 175.657
174.844 175.034 175.304
174.846 174.926 174.990
174.889 174.946 174.983
174.832 174.906 175.006
174.816 175.161 176.162
174.972 175.407 176.309
174.976 175.263 176.040
174.901 175.096 175.227
174.902 175.209 176.063
175.074 175.184 175.305
174.918 174.965 175.087
174.847 175.766 178.813
174.795 174.994 175.120
174.893 175.188 175.857
174.901 175.103 175.330
174.882 175.118 175.530
174.878 174.975 175.138
174.880 175.047 175.305
174.866 174.960 175.077
174.904 174.979 175.146
174.903 174.965 175.035
174.892 175.005 175.220
174.910 177.071 184.925
174.833 175.080 175.347
174.770 175.079 175.619
175.003 175.478 176.404
174.939 175.122 175.327
174.971 175.100 175.201
174.925 175.368 176.490
175.055 176.070 178.619
174.930 175.032 175.116
174.854 179.807 199.248
174.894 174.998 175.183
175.019 175.396 176.698
174.932 175.071 175.396
174.826 175.096 175.451
174.965 179.881 198.759
174.997 175.171 175.516
174.941 175.046 175.320
174.926 182.707 212.991
174.920 175.144 175.458
174.937 174.995 175.038
174.893 175.034 175.174
174.917 175.113 175.378
174.915 175.042 175.239
174.858 175.060 175.438
174.917 174.985 175.102
174.906 175.018 175.228
174.920 175.114 175.272
175.012 175.153 175.523
174.843 174.988 175.051
174.957 175.175 175.493
174.923 175.200 176.012
174.958 175.085 175.199
175.078 175.517 176.484
174.944 175.542 177.383
174.784 174.980 175.165
174.931 175.163 175.585
175.037 175.245 175.612
174.992 175.138 175.316
175.030 175.454 176.411
175.161 179.836 190.208
174.990 175.144 175.277
174.887 175.002 175.264
174.936 175.151 175.345
174.962 175.345 176.507
174.994 175.992 179.490
174.855 175.227 175.904
174.836 175.628 177.020
174.841 175.252 175.857
174.864 176.970 184.822
174.970 175.468 176.804
174.794 175.245 176.210
174.883 175.530 177.013
175.536 189.789 246.037
175.759 180.288 197.395
174.979 175.789 178.121
174.887 175.444 176.324
175.106 175.486 176.017
174.890 175.753 177.178
175.002 175.317 175.887
175.259 177.204 180.466
174.938 175.233 175.486
175.153 175.427 175.959
175.079 179.101 194.501
175.007 175.742 176.357
175.012 175.643 176.326
174.942 175.217 175.737
174.954 175.590 177.113
174.915 176.284 180.679
174.945 175.374 175.742
174.846 175.388 175.715
174.956 175.125 175.351
174.803 175.386 176.344
174.865 176.096 180.054
175.044 175.372 175.812
175.061 175.124 175.234
174.912 175.172 175.589
175.171 175.440 175.949
174.913 175.217 176.186
174.993 175.421 175.710
174.912 175.825 177.526
175.120 175.300 175.720
174.921 175.023 175.253
175.056 175.230 175.557
174.924 175.159 175.522
174.906 175.304 175.639
174.881 175.021 175.115
174.902 174.980 175.160
175.001 175.271 175.766
174.918 175.392 176.347
174.905 174.997 175.115
175.109 175.176 175.298
175.000 175.214 175.530
174.852 179.649 197.824
174.956 175.046 175.131
174.872 175.107 175.501
174.889 178.400 191.892
174.963 175.114 175.486
174.959 175.406 176.264
174.908 175.049 175.323
174.960 175.015 175.071
175.043 175.210 175.392
174.893 175.136 175.552
174.915 175.073 175.368
174.917 174.980 175.139
174.901 175.085 175.425
174.895 175.028 175.197
174.969 175.271 175.886
174.995 175.512 176.710
175.042 176.127 178.245
174.881 175.045 175.237
175.058 175.409 176.497
174.904 175.738 177.859
174.984 175.156 175.581
175.074 175.510 176.392
174.921 175.531 176.917
174.940 175.164 175.529
175.028 175.458 175.824
174.928 177.484 185.431
174.860 179.390 196.842
174.929 175.074 175.285
175.021 175.265 175.738
174.931 177.953 188.285
174.912 175.031 175.186
174.937 177.676 187.506
174.959 197.535 267.247
174.973 175.103 175.237
174.881 175.123 175.316
175.135 175.221 175.334
174.848 175.046 175.258
174.889 175.126 175.539
175.031 175.295 175.741
174.901 175.094 175.207
174.911 175.044 175.175
174.938 175.166 175.538
174.953 175.175 175.740
174.891 175.109 175.550
174.952 175.312 176.088
174.872 175.364 175.660
174.972 175.200 175.823
174.842 178.450 184.083
174.951 175.063 175.311
174.939 175.127 175.450
174.927 175.009 175.060
174.956 175.166 175.256
174.870 175.147 175.971
174.902 175.041 175.133
175.049 175.362 176.435
174.917 175.384 176.839
175.008 175.173 175.640
174.859 174.987 175.145
174.936 176.926 184.454
174.996 180.450 201.538
174.775 175.107 175.564
174.829 176.543 182.556
174.836 175.386 176.298
174.862 175.044 175.300
174.937 175.037 175.324
174.956 175.056 175.206
174.795 174.992 175.154
174.995 175.081 175.190
174.915 175.025 175.175
174.910 175.163 175.931
174.888 175.039 175.207
174.907 175.052 175.280
175.019 176.231 179.397
174.931 175.199 175.555
174.967 175.105 175.313
174.930 175.077 175.185
175.135 178.515 188.124
174.972 175.783 177.305
174.851 175.197 175.851
174.890 175.564 176.035
174.970 175.263 175.531
174.924 175.282 175.836
174.908 175.225 175.579
174.919 175.659 178.223
175.016 175.202 175.504
174.926 175.099 175.382
174.941 175.118 175.425
175.052 175.378 175.584
175.048 175.200 175.436
174.949 175.110 175.305
174.957 175.196 175.441
174.980 175.060 175.151
174.918 175.094 175.317
174.887 175.234 176.067
174.973 175.176 175.338
174.844 175.077 175.437
175.065 176.153 178.945
174.926 175.074 175.185
175.068 175.478 176.234
174.888 175.121 175.517
174.906 175.274 175.888
174.997 175.163 175.468
174.950 178.940 193.222
175.003 175.165 175.424
174.973 176.314 181.103
174.938 175.035 175.226
174.887 175.227 175.667
175.074 175.304 175.772
174.997 175.095 175.226
175.546 177.548 179.265
175.104 175.240 175.577
174.926 175.176 175.670
174.898 174.984 175.249
174.954 175.308 176.107
174.943 175.337 176.275
175.043 175.910 177.940
174.918 175.758 177.639
174.905 175.074 175.310
174.929 175.329 175.796
175.260 176.169 177.694
174.899 175.052 175.244
174.942 175.793 178.823
174.981 175.310 175.794
174.968 175.573 176.594
175.072 175.905 177.383
175.062 175.112 175.247
174.946 175.619 177.308
174.820 176.083 180.313
174.979 179.210 195.651
174.981 175.299 175.942
174.997 175.319 175.694
174.807 175.124 175.530
174.969 175.185 175.824
174.911 175.092 175.248
174.967 175.185 175.585
175.119 175.241 175.502
174.871 175.126 175.464
174.894 175.048 175.225
174.903 175.169 175.723
174.900 175.002 175.070
174.926 175.132 175.369
174.873 174.998 175.076
174.924 175.471 177.347
174.979 175.230 175.558
174.920 175.029 175.270
174.945 175.636 177.286
175.191 175.312 175.422
175.003 175.218 175.739
174.932 175.065 175.191
175.012 175.183 175.483
175.009 175.378 175.727
174.940 175.260 175.945
174.889 175.118 175.537
174.926 175.067 175.270
175.064 175.422 176.272
146.734 148.959 156.876
146.729 148.759 156.221
146.620 146.978 147.564
146.702 147.242 148.610
175.060 175.229 175.477
175.089 175.144 175.199
174.946 174.995 175.038
175.040 175.164 175.327
174.867 174.973 175.087
174.946 175.094 175.151
174.929 175.035 175.231
174.846 174.990 175.068
174.872 175.048 175.341
174.938 175.148 175.529
175.644 176.332 178.886
175.408 177.548 185.471
175.323 176.523 178.840
175.364 176.118 178.585
175.716 195.599 253.108
175.522 194.407 268.471
174.910 177.180 184.957
174.895 177.414 181.812
175.559 176.041 177.086
175.125 176.949 182.929
175.071 175.512 176.160
175.118 176.029 177.149
175.030 175.173 175.351
175.026 175.276 175.635
174.953 175.181 175.706
174.992 175.326 175.944
175.153 176.364 180.217
174.858 180.376 200.258
175.000 175.804 176.780
174.916 175.056 175.168
175.067 175.308 175.622
175.005 175.130 175.209
174.859 175.135 175.634
174.939 175.420 176.993
174.909 175.036 175.208
175.019 175.255 175.625
174.965 175.102 175.400
174.946 175.157 175.748
174.836 175.091 175.544
174.859 174.953 175.109
174.940 175.039 175.200
174.949 175.547 176.283
174.863 175.015 175.101
174.932 175.024 175.171
174.976 175.110 175.251
174.935 175.162 175.456
174.904 174.973 175.051
174.955 175.165 175.424
175.004 175.988 179.807
174.980 175.235 176.013
174.814 175.098 175.265
174.944 175.067 175.143
175.043 175.090 175.189
174.967 177.033 179.893
174.933 176.946 184.490
175.056 175.171 175.347
174.960 175.257 176.032
174.938 176.164 180.668
175.020 175.047 175.131
174.875 175.022 175.168
174.843 175.228 176.382
174.786 174.985 175.108
174.810 175.172 175.586
174.899 175.101 175.231
175.249 175.582 175.940
174.863 175.431 176.703
174.926 175.042 175.224
174.838 174.983 175.164
174.902 175.084 175.298
174.986 175.081 175.314
174.868 174.997 175.222
174.928 175.068 175.470
174.887 174.958 175.013
174.853 175.035 175.203
174.923 174.960 175.031
174.897 174.956 174.999
175.030 175.237 175.402
174.995 175.068 175.131
175.027 175.164 175.308
174.981 175.198 175.537
175.068 175.267 175.578
174.916 175.037 175.181
174.923 175.069 175.207
175.003 175.065 175.120
174.878 175.034 175.293
174.997 175.129 175.259
175.010 175.282 175.649
174.911 175.019 175.364
174.910 175.022 175.175
174.842 175.175 175.864
175.030 175.289 175.828
175.710 177.385 180.018
174.851 175.184 175.596
174.876 175.020 175.209
174.827 176.181 181.100
174.952 175.305 175.971
174.984 175.174 175.376
174.906 174.970 175.077
174.949 175.419 176.802
174.938 175.222 175.799
175.000 175.230 175.598
174.811 175.097 175.727
174.966 175.084 175.335
175.001 175.146 175.387
174.914 175.000 175.195
174.906 174.977 175.024
174.886 175.118 175.436
174.907 175.118 175.493
174.941 175.123 175.530
175.024 175.358 175.805
174.900 175.250 176.089
174.982 175.341 176.057
174.901 175.250 175.670
174.994 175.222 175.755
174.875 175.118 175.272
174.829 175.107 175.622
174.917 175.125 175.594
174.942 175.027 175.114
174.887 175.116 175.814
175.086 175.878 178.769
174.952 175.073 175.183
174.895 175.070 175.358
174.930 207.816 337.907
174.871 175.617 177.454
174.896 175.569 177.488
174.888 175.166 175.444
174.956 175.075 175.167
175.019 175.181 175.280
174.863 175.229 176.241
174.954 175.096 175.302
174.986 175.184 175.401
174.939 175.158 175.462
174.887 175.042 175.214
174.897 174.997 175.178
174.944 175.099 175.191
174.867 175.036 175.289
174.932 175.017 175.132
174.870 174.984 175.144
174.948 175.067 175.284
175.086 175.197 175.364
174.975 175.182 175.389
174.795 175.137 175.543
174.869 174.968 175.094
174.991 175.069 175.196
174.913 175.176 175.537
174.972 175.059 175.241
174.888 175.134 175.577
175.003 175.067 175.249
174.934 175.429 176.164
175.139 175.244 175.440
174.934 175.150 175.287
174.894 175.454 176.302
174.948 175.032 175.153
175.057 175.267 175.587
174.947 176.320 181.056
174.846 175.073 175.317
174.967 175.032 175.140
175.031 175.093 175.178
174.935 175.014 175.118
174.920 175.086 175.369
175.001 175.227 175.384
174.911 175.190 175.408
175.028 175.105 175.241
174.918 175.014 175.166
174.928 175.089 175.275
174.977 175.145 175.350
174.943 175.178 175.715
174.974 175.072 175.331
174.911 175.103 175.212
174.933 175.483 176.998
174.956 175.061 175.123
174.997 175.122 175.270
174.979 175.076 175.186
174.971 175.054 175.159
174.887 175.172 175.507
174.878 175.064 175.228
174.905 174.987 175.065
174.893 175.133 175.310
174.908 175.111 175.407
174.915 175.106 175.204
174.909 175.030 175.240
174.915 175.046 175.206
174.902 175.139 175.325
175.004 175.162 175.326
174.872 174.911 174.961
174.884 175.065 175.249
174.830 174.970 175.152
174.814 175.062 175.433
174.932 175.078 175.369
174.988 175.459 176.812
174.914 175.039 175.188
175.027 175.084 175.200
174.955 175.033 175.125
174.896 174.944 175.051
174.907 174.977 175.090
174.851 175.090 175.300
174.917 175.211 175.812
174.902 174.980 175.090
174.820 175.119 175.427
174.842 175.012 175.182
174.982 175.212 175.688
174.963 175.172 175.492
174.867 175.074 175.372
174.990 175.099 175.164
174.939 175.240 175.653
174.866 175.057 175.507
174.844 174.968 175.156
174.789 175.038 175.322
174.848 175.028 175.183
174.798 175.049 175.305
174.870 174.978 175.282
174.865 174.976 175.209
174.888 175.022 175.144
174.851 175.200 176.216
174.870 174.966 175.236
174.925 175.153 175.848
174.913 175.101 175.391
174.906 175.017 175.209
174.887 175.111 175.382
174.911 175.040 175.132
174.821 174.907 175.068
174.827 174.932 175.033
174.871 174.928 175.086
174.904 175.049 175.375
174.909 175.032 175.203
174.841 174.883 174.991
174.954 174.998 175.082
174.876 175.082 175.483
174.848 174.977 175.162
174.878 174.957 175.073
174.907 174.956 175.020
175.019 175.095 175.285
174.859 176.699 183.729
174.790 176.059 180.615
174.826 175.038 175.388
174.938 175.045 175.209
174.869 174.991 175.116
174.820 174.900 175.020
174.952 175.069 175.461
174.807 174.947 175.091
174.898 175.050 175.465
174.840 174.953 175.009
174.824 175.092 175.569
174.880 174.945 175.002
174.855 175.067 175.400
174.883 176.961 184.720
174.843 175.096 175.712
174.904 174.948 175.000
174.883 175.031 175.243
174.834 174.958 175.108
174.869 174.980 175.266
174.855 174.972 175.199
174.824 174.897 175.043
174.851 174.958 175.045
174.859 174.923 174.991
175.032 178.748 189.466
174.891 174.956 175.110
174.912 174.989 175.114
174.879 177.118 185.877
174.842 175.038 175.225
174.820 175.054 175.576
174.884 176.902 184.554
174.760 174.943 175.149
174.928 175.877 179.486
174.916 175.025 175.191
174.853 175.048 175.261
174.766 174.943 175.166
174.749 174.982 175.195
174.782 174.967 175.186
174.793 174.923 175.005
174.784 175.010 175.242
174.803 174.948 175.121
174.758 175.004 175.390
174.807 174.982 175.136
175.010 175.177 175.574
174.838 176.386 181.979
174.981 175.078 175.185
174.806 174.945 175.055
174.879 174.992 175.151
174.839 175.003 175.261
174.756 174.945 175.284
174.844 175.003 175.238
174.775 174.941 175.116
174.801 174.913 175.041
174.830 174.959 175.344
174.865 174.941 175.052
174.822 174.852 174.933
174.844 174.917 175.059
174.826 174.876 174.992
174.806 174.867 174.946
174.804 174.992 175.202
174.835 174.897 174.975
174.851 175.091 175.399
174.847 174.980 175.088
174.851 175.075 175.372
174.901 174.983 175.072
174.819 174.918 175.034
174.859 175.653 178.482
174.812 174.956 175.418
174.754 174.898 175.014
174.863 174.966 175.064
174.759 174.970 175.257
174.788 175.054 175.438
174.741 174.881 174.978
174.775 174.999 175.527
174.811 176.852 184.282
174.846 175.019 175.188
174.862 175.167 175.756
174.798 175.013 175.221
174.858 175.046 175.197
174.773 174.985 175.496
174.860 175.015 175.316
174.901 175.044 175.406
174.811 175.060 175.677
174.835 175.067 175.664
174.832 175.115 175.446
174.817 175.003 175.144
174.911 175.055 175.439
174.780 174.976 175.330
174.811 175.049 175.617
174.887 175.021 175.257
174.829 174.881 174.926
174.927 175.106 175.600
174.808 174.887 174.994
174.874 175.123 175.472
174.942 175.276 175.801
174.731 174.936 175.163
174.783 174.944 175.206
174.795 174.901 175.052
174.844 174.965 175.263
174.796 174.865 174.991
174.788 174.882 174.914
174.835 174.930 175.018
174.780 174.937 175.350
174.746 175.527 175.993
174.855 175.092 175.747
174.815 175.083 175.401
174.824 174.897 175.013
174.827 174.911 175.018
174.850 175.108 175.408
174.706 174.879 175.061
174.814 175.082 175.615
174.792 174.973 175.131
174.772 174.908 175.068
174.778 174.881 174.992
174.817 175.023 175.402
174.761 174.973 175.376
174.940 175.098 175.352
174.807 175.068 175.561
174.763 174.927 175.242
174.747 175.042 175.413
174.953 175.221 175.663
174.820 175.070 175.517
175.038 175.218 175.598
174.850 174.954 175.133
174.764 174.870 175.013
174.746 174.842 175.006
174.831 174.898 175.008
174.824 175.006 175.153
174.864 174.926 175.000
174.840 174.933 175.137
174.811 174.880 174.949
174.860 174.917 175.093
174.831 174.980 175.114
174.707 174.958 175.170
174.757 174.925 175.093
174.804 174.887 174.959
174.881 174.993 175.145
174.810 174.890 174.977
174.799 174.935 175.068
174.807 174.974 175.182
174.812 174.886 174.959
174.808 174.848 174.904
174.902 175.054 175.417
174.814 174.916 174.992
174.852 174.938 175.061
174.673 174.831 174.923
174.775 174.923 175.099
174.864 174.939 175.112
174.822 174.909 175.071
174.788 174.898 175.051
174.801 174.905 175.152
174.836 174.893 174.960
174.676 174.800 175.030
174.884 174.943 175.077
174.734 174.804 174.894
174.810 174.889 174.930
174.822 175.007 175.142
174.792 174.861 174.923
174.827 174.861 174.902
174.734 174.874 175.099
174.806 174.906 174.995
174.768 174.900 175.047
174.891 175.133 175.838
174.804 174.862 174.938
174.787 174.916 175.071
174.801 174.943 175.149
174.758 174.887 175.067
174.741 174.824 174.947
174.875 175.220 176.199
174.825 175.021 175.248
174.812 174.891 175.019
174.800 174.883 175.119
174.796 174.864 175.021
174.863 175.051 175.315
174.761 174.894 174.999
174.713 174.856 174.939
174.836 175.544 178.077
174.758 174.936 175.163
174.784 174.869 175.069
174.872 174.925 174.999
174.755 174.915 175.137
174.780 174.936 175.124
174.798 174.942 175.065
174.826 174.874 174.898
174.839 174.969 175.178
174.769 174.824 174.862
174.765 174.884 175.146
174.854 174.989 175.175
174.799 174.877 174.925
174.828 174.943 175.040
174.808 174.875 174.949
174.752 174.930 175.067
174.785 176.650 183.850
174.819 174.885 175.033
174.845 174.942 175.037
174.877 175.001 175.151
174.695 174.859 174.932
174.851 174.955 175.054
174.817 175.002 175.302
174.841 174.948 175.068
174.823 174.945 175.161
174.914 175.136 175.685
174.884 174.977 175.168
174.874 174.959 175.138
174.757 174.948 175.236
174.812 174.892 175.043
174.840 174.931 175.060
174.836 174.901 174.979
174.788 176.671 183.952
174.759 174.886 175.012
174.831 175.004 175.478
174.744 174.866 174.937
174.882 175.604 178.229
174.815 174.844 174.863
174.788 174.860 174.896
174.814 174.994 175.167
174.814 175.024 175.561
174.826 174.925 175.028
174.836 176.387 181.755
174.784 174.942 175.111
174.900 175.054 175.494
174.778 174.947 175.392
174.842 174.975 175.256
174.738 174.990 175.285
174.704 174.923 175.105
174.821 174.931 175.084
174.836 174.894 174.991
174.812 174.881 175.022
174.894 174.972 175.062
174.809 174.848 174.884
174.811 174.949 175.110
174.786 174.999 175.180
174.845 175.358 177.182
174.869 174.989 175.157
174.835 174.896 175.019
174.730 174.829 174.906
174.889 174.997 175.158
174.869 174.966 175.096
174.878 174.935 175.117
174.812 174.911 175.155
174.817 174.910 174.972
174.897 178.630 193.362
174.793 174.870 174.918
174.817 174.863 174.931
174.836 174.907 174.970
174.754 174.930 175.139
174.816 175.889 179.816
174.825 174.884 174.965
174.837 174.924 175.072
174.988 175.084 175.204
174.789 174.925 175.059
174.789 174.914 175.036
174.851 174.909 174.962
174.882 174.918 174.972
174.873 174.916 175.022
174.860 174.980 175.177
174.702 174.898 175.169
174.842 174.918 174.997
174.852 175.009 175.118
174.829 175.014 175.213
174.810 174.903 174.936
174.786 174.877 174.954
174.809 174.918 175.076
174.858 174.924 175.000
174.811 174.958 175.151
174.884 175.022 175.200
174.776 174.878 175.049
174.932 175.917 179.066
174.910 175.028 175.163
174.743 174.875 174.988
174.835 174.873 174.921
174.801 174.935 175.051
174.838 174.949 175.059
174.872 175.010 175.238
174.791 174.949 175.108
174.895 174.959 175.064
174.883 174.935 175.069
174.752 174.929 175.085
174.804 175.079 175.209
174.917 175.013 175.122
174.901 174.969 175.085
174.824 174.931 175.036
174.805 174.964 175.188
174.832 175.002 175.174
174.828 174.937 175.158
174.870 175.045 175.197
174.848 174.937 175.012
174.830 174.967 175.138
174.841 174.986 175.060
174.818 174.912 174.954
174.872 176.393 181.843
174.855 174.991 175.099
174.850 174.900 175.002
174.854 175.010 175.093
174.785 174.979 175.258
174.865 175.006 175.083
174.832 174.957 175.120
174.908 175.228 175.376
174.777 174.983 175.141
174.851 174.970 175.148
174.884 174.993 175.075
174.947 175.057 175.206
174.904 175.082 175.416
174.994 175.165 175.423
174.851 174.934 175.095
174.982 176.102 180.236
174.921 175.347 176.184
174.940 175.080 175.251
174.885 174.983 175.224
174.893 174.996 175.219
174.798 174.990 175.316
174.808 175.283 175.941
174.859 175.050 175.301
174.946 175.113 175.249
174.994 175.162 175.628
174.941 175.064 175.109
174.864 175.043 175.225
174.846 175.055 175.274
174.958 175.478 175.966
174.788 174.866 174.937
174.878 175.066 175.222
174.903 175.241 176.287
174.995 175.082 175.205
174.912 175.187 175.766
175.037 175.091 175.185
175.045 176.400 181.264
175.004 178.546 192.559
174.898 175.085 175.277
174.837 176.542 182.685
174.843 175.811 178.265
174.889 175.129 175.544
174.990 175.004 175.030
174.875 174.936 175.043
174.936 175.009 175.076
174.948 175.031 175.071
174.993 175.050 175.103
174.944 176.152 180.502
174.973 175.041 175.128
174.822 175.954 179.604
174.914 174.955 175.000
174.917 175.933 179.665
174.835 175.148 175.579
174.918 175.068 175.513
174.906 175.000 175.192
175.060 175.854 178.455
174.974 175.070 175.228
174.912 175.203 175.857
174.937 175.122 175.534
174.939 175.400 176.282
174.971 175.180 175.728
174.977 175.125 175.391
174.934 174.960 174.989
174.887 175.163 175.508
174.959 175.123 175.216
174.909 175.080 175.329
174.984 175.287 176.278
174.907 176.236 180.679
174.919 179.971 190.356
175.050 176.261 180.252
175.512 182.529 200.944
175.264 175.851 177.306
174.894 175.015 175.205
174.986 175.183 175.548
174.881 175.335 175.818
175.201 175.956 177.600
175.101 175.422 175.718
175.183 175.469 175.771
175.003 175.264 175.599
175.228 175.474 175.690
174.977 175.374 175.704
175.195 175.695 176.290
174.895 175.058 175.272
174.860 175.027 175.190
174.996 175.112 175.264
175.013 175.211 175.788
174.906 175.151 175.387
174.863 198.358 291.590
174.859 175.170 175.778
174.978 178.121 189.910
175.082 175.185 175.309
174.858 174.980 175.139
174.907 175.040 175.271
174.948 175.598 176.582
174.959 175.160 175.581
175.000 175.131 175.281
174.964 175.047 175.265
175.025 175.115 175.207
174.826 175.138 175.794
174.885 174.994 175.133
174.787 181.005 200.873
174.889 175.172 175.517
174.838 175.147 175.585
174.981 175.088 175.238
174.845 175.421 176.995
175.041 176.073 179.461
174.867 175.888 179.345
174.847 175.072 175.282
175.056 175.334 175.715
175.020 175.206 175.510
174.916 175.137 175.591
174.878 175.035 175.396
175.059 175.113 175.199
174.892 175.296 176.365
174.918 175.110 175.322
174.914 175.065 175.163
174.854 175.042 175.216
174.927 175.419 177.065
174.912 176.924 184.498
174.907 174.962 175.047
174.883 176.038 180.166
175.128 175.254 175.440
174.885 177.498 187.466
174.998 175.378 176.620
174.891 176.625 181.848
175.109 177.529 185.985
174.994 175.557 176.926
174.969 175.254 175.503
174.916 175.133 175.389
174.992 175.202 175.539
174.800 176.418 181.767
175.001 175.211 175.750
174.883 174.959 175.051
174.881 175.013 175.209
174.884 174.988 175.084
174.968 175.329 175.679
175.020 175.082 175.196
174.933 175.206 175.698
174.924 175.694 177.982
174.805 175.025 175.128
174.869 175.005 175.136
175.012 175.180 175.351
174.888 175.123 175.307
174.930 175.110 175.514
174.837 174.981 175.277
175.016 175.426 176.170
174.895 175.624 176.996
174.923 175.112 175.329
174.865 175.129 175.523
174.978 175.200 175.711
174.908 175.110 175.324
174.936 175.110 175.354
174.916 175.075 175.393
174.917 175.575 177.285
174.933 175.765 178.808
174.995 175.281 175.838
175.195 175.604 176.460
174.962 175.081 175.253
174.951 175.053 175.154
174.942 175.066 175.249
174.924 180.305 199.996
174.914 175.010 175.065
174.938 175.162 175.410
174.978 175.370 176.690
174.937 175.375 176.454
175.009 175.195 175.331
174.936 174.976 175.030
175.433 177.499 178.655
174.980 175.206 175.508
174.915 175.083 175.343
174.879 175.115 175.321
174.923 175.084 175.237
174.964 175.195 175.547
174.936 175.130 175.222
174.945 176.027 178.452
175.116 175.359 175.708
175.041 175.149 175.250
175.015 175.657 176.688
174.961 175.436 175.770
174.998 175.168 175.452
174.938 175.336 176.008
174.923 175.312 175.760
175.071 176.080 177.901
174.943 175.223 176.053
174.894 175.262 175.601
175.047 175.217 175.359
174.887 177.480 187.381
174.975 175.084 175.260
175.055 175.326 175.511
175.002 178.265 191.024
175.032 175.361 175.599
174.987 175.596 176.017
174.952 175.117 175.353
174.991 175.515 176.495
174.889 175.109 175.417
175.033 175.305 175.514
174.904 175.119 175.490
175.044 175.582 176.792
175.140 175.361 175.758
174.804 174.990 175.233
174.913 175.181 175.692
174.962 177.591 186.695
174.850 175.423 176.868
174.913 175.190 175.414
174.984 175.180 175.430
174.923 175.112 175.215
174.920 176.652 182.805
174.956 176.602 182.749
174.961 175.159 175.297
174.902 174.958 175.056
174.837 175.160 175.841
174.957 175.279 175.666
174.893 174.979 175.085
175.100 175.371 175.907
175.024 175.542 177.003
174.848 175.209 175.883
174.801 175.332 176.405
174.868 175.135 175.850
175.149 175.381 176.069
174.991 176.590 182.594
174.912 175.114 175.407
174.959 177.931 187.894
174.972 176.478 179.530
175.322 175.830 176.414
174.948 175.136 175.307
174.924 175.145 175.282
175.145 175.521 176.534
174.967 175.230 175.675
175.044 175.247 175.485
174.881 175.213 175.948
175.003 175.565 176.770
129.522 129.736 129.851
174.913 175.891 179.230
174.976 177.083 184.856
175.178 175.617 175.976
174.888 175.105 175.508
174.908 175.382 176.115
174.917 175.562 176.713
175.100 175.233 175.449
174.970 175.632 177.515
174.980 175.417 176.408
174.943 175.161 175.604
174.900 175.064 175.295
175.094 175.207 175.365
174.982 175.120 175.256
174.961 175.112 175.475
174.912 175.127 175.446
174.840 175.060 175.522
174.864 175.035 175.252
175.055 175.176 175.365
174.890 175.021 175.307
175.052 175.620 177.012
174.976 175.644 177.682
174.886 175.021 175.168
175.030 180.855 203.880
174.972 175.036 175.087
175.056 175.451 176.846
175.098 178.671 192.254
175.006 175.386 176.636
174.892 179.451 196.893
175.024 175.127 175.312
174.939 175.530 176.286
174.991 182.342 210.011
174.957 175.462 176.820
174.909 175.260 175.923
174.980 175.148 175.474
174.959 175.069 175.303
174.889 175.064 175.329
175.004 177.057 184.612
175.056 175.433 176.627
174.825 175.071 175.546
174.813 176.686 179.901
174.931 175.940 177.116
174.985 175.324 176.198
174.933 175.116 175.321
175.020 175.186 175.543
175.012 175.275 176.202
174.863 175.051 175.310
175.024 175.202 175.540
175.030 175.156 175.280
174.908 175.207 175.646
174.880 174.986 175.221
174.989 175.387 176.682
174.945 175.154 175.488
174.929 175.023 175.129
175.133 178.916 186.844
174.851 175.025 175.175
175.061 175.529 176.337
174.931 175.495 176.903
174.776 175.039 175.167
174.942 175.258 175.881
175.083 175.538 176.241
174.977 175.973 179.748
174.924 175.428 175.958
174.887 175.059 175.266
174.920 175.105 175.424
174.951 175.141 175.736
175.004 175.084 175.270
174.957 175.103 175.210
174.885 175.096 175.318
174.856 175.117 175.299
174.886 175.031 175.285
175.099 185.405 215.981
174.859 175.045 175.255
174.954 175.823 178.123
174.882 174.969 175.039
175.072 175.156 175.216
174.948 175.019 175.106
174.902 175.203 175.636
174.916 175.048 175.332
175.034 175.184 175.387
174.918 175.053 175.271
174.947 175.042 175.107
174.863 175.864 179.308
175.073 176.289 180.690
174.967 175.027 175.162
174.868 174.991 175.061
174.880 175.013 175.289
174.942 193.434 253.084
174.836 174.966 175.116
174.846 175.112 175.824
174.995 175.081 175.205
174.878 174.955 175.087
174.870 175.075 175.229
174.876 175.054 175.153
174.930 175.047 175.335
174.957 175.043 175.185
174.947 175.186 175.447
174.913 175.095 175.222
174.965 175.431 176.667
174.995 175.170 175.526
175.091 175.161 175.281
175.106 175.617 177.374
175.111 175.226 175.362
175.201 175.402 175.600
175.313 175.488 175.699
174.956 175.389 176.314
175.177 175.287 175.446
175.143 175.355 175.643
175.258 175.388 175.604
175.132 175.344 175.899
175.334 175.433 175.518
175.461 177.846 181.302
175.213 175.381 175.559
175.167 175.300 175.537
175.194 175.254 175.294
175.284 175.375 175.517
175.246 175.273 175.299
175.293 175.409 175.613
175.131 175.189 175.267
175.181 175.386 175.538
175.286 175.452 175.854
175.192 175.365 175.540
175.149 182.991 206.003
175.203 175.374 175.601
175.259 175.356 175.498
175.168 175.304 175.421
175.082 175.253 175.375
175.351 175.503 175.746
175.263 175.307 175.376
175.276 175.337 175.447
175.211 175.370 175.654
175.302 175.535 175.803
175.291 175.304 175.318
175.243 175.400 175.527
175.280 175.449 175.697
175.226 175.333 175.416
175.103 175.233 175.409
175.291 175.409 175.581
175.241 175.377 175.520
175.211 175.373 175.658
175.210 175.261 175.325
175.129 175.314 175.579
175.257 175.379 175.551
175.173 175.266 175.409
175.217 175.345 175.489
175.287 175.328 175.366
175.255 175.430 175.554
175.219 175.286 175.392
175.193 175.536 175.879
175.173 175.249 175.330
175.252 175.430 175.624
175.252 175.372 175.576
175.137 175.216 175.288
175.322 175.471 175.630
175.306 175.410 175.554
175.207 175.356 175.473
175.200 175.338 175.605
175.153 175.327 175.444
175.292 175.360 175.467
175.287 175.374 175.620
175.241 175.389 175.559
174.987 175.300 175.532
175.063 177.575 187.172
175.212 175.475 175.986
175.023 175.138 175.230
174.969 175.238 175.617
175.008 175.111 175.178
174.916 175.084 175.286
175.033 178.415 182.547
174.917 175.097 175.419
174.945 175.060 175.291
174.916 175.032 175.149
174.895 175.520 177.284
174.891 174.973 175.092
174.945 175.108 175.281
174.836 175.174 175.704
174.925 175.053 175.168
174.935 175.061 175.251
174.906 175.013 175.171
174.902 175.132 175.329
175.047 175.176 175.340
174.901 175.119 175.320
175.004 175.248 175.489
174.822 175.032 175.202
174.966 175.093 175.466
174.850 175.021 175.119
174.863 175.022 175.179
174.999 175.152 175.258
174.971 175.061 175.282
174.951 175.080 175.394
174.956 177.239 185.859
174.829 174.933 175.143
174.901 175.091 175.496
174.874 175.059 175.222
174.927 175.072 175.185
174.867 174.964 175.117
174.887 175.023 175.108
174.872 175.035 175.268
175.165 175.215 175.266
174.881 175.023 175.148
174.778 174.930 175.010
174.918 175.004 175.124
175.107 175.253 175.361
174.931 175.176 175.628
174.948 175.030 175.188
174.967 175.083 175.196
174.879 175.011 175.198
174.949 175.141 175.696
174.856 175.006 175.093
174.940 175.036 175.225
174.898 175.067 175.496
175.015 186.029 209.440
174.940 175.044 175.227
174.901 175.150 175.471
174.966 175.074 175.200
174.989 175.023 175.090
174.953 175.069 175.256
174.975 175.059 175.142
174.987 175.109 175.234
175.057 175.154 175.228
174.945 175.071 175.211
174.855 174.957 175.028
174.931 175.414 176.545
174.918 175.020 175.149
175.068 175.694 177.914
174.986 175.116 175.223
174.912 175.028 175.331
174.885 174.991 175.137
174.785 175.053 175.530
174.884 175.007 175.214
174.892 175.020 175.166
174.840 175.024 175.119
174.920 174.970 175.073
174.917 175.065 175.273
174.922 175.068 175.146
174.917 174.998 175.103
174.986 175.070 175.187
174.870 175.022 175.214
174.865 175.023 175.122
174.856 174.947 175.022
174.796 174.946 175.153
174.889 175.000 175.085
174.910 175.044 175.206
174.842 174.999 175.253
174.799 174.988 175.196
174.898 175.382 176.764
174.914 175.122 175.312
174.997 175.202 175.925
174.903 175.013 175.149
174.905 174.974 175.064
174.926 175.039 175.106
174.955 176.410 181.646
175.038 175.237 175.500
174.969 174.991 175.053
174.971 175.066 175.148
174.870 175.400 176.446
174.897 175.111 175.732
174.867 175.009 175.102
174.845 174.937 175.094
174.891 174.977 175.091
174.838 174.908 174.973
174.890 175.020 175.244
174.893 174.967 175.108
174.836 174.965 175.110
174.895 175.030 175.165
174.859 174.928 174.984
174.886 174.987 175.154
174.896 175.041 175.318
174.847 175.010 175.225
174.785 174.962 175.120
174.815 174.965 175.171
174.858 174.897 174.937
174.794 175.015 175.185
174.898 175.128 175.342
174.952 175.039 175.144
174.896 175.058 175.192
174.884 175.076 175.452
174.886 174.971 175.101
174.851 174.964 175.148
174.854 174.918 175.013
174.902 174.991 175.066
174.971 175.356 176.714
174.764 174.936 175.272
174.725 174.910 175.092
174.840 174.914 174.975
174.767 175.011 175.119
174.962 175.032 175.103
174.856 174.927 174.987
174.817 174.977 175.099
174.869 174.942 175.018
174.859 174.928 174.988
174.814 174.867 174.908
174.963 175.115 175.266
174.926 174.989 175.141
174.843 174.950 175.112
174.939 174.959 174.988
174.888 175.085 175.362
174.805 174.906 174.976
174.917 175.000 175.087
174.729 174.853 174.995
174.871 174.936 175.098
174.848 174.907 175.003
174.774 177.190 186.424
174.837 174.970 175.119
174.938 175.077 175.251
174.850 176.648 183.087
174.829 174.898 174.943
174.855 174.921 174.983
174.818 174.897 174.953
174.815 174.875 175.035
174.749 174.965 175.150
174.773 174.859 174.962
174.817 174.909 174.997
174.854 174.886 174.951
174.901 174.925 174.995
174.785 174.890 174.967
174.847 174.938 175.181
174.794 174.878 174.942
174.835 174.908 174.945
174.807 174.880 174.933
174.792 174.933 175.105
174.840 174.903 175.081
174.911 174.975 175.146
174.813 174.910 175.081
174.711 174.809 174.944
174.824 175.026 175.263
174.843 174.877 174.908
174.847 174.971 175.218
174.834 175.000 175.149
174.810 174.878 174.938
174.854 174.951 175.108
174.740 174.830 174.905
174.823 174.981 175.141
174.896 174.985 175.263
174.802 174.950 175.032
174.777 175.008 175.242
174.817 175.005 175.087
174.845 174.872 174.889
174.810 174.951 175.072
174.847 174.882 174.933
174.813 174.931 175.029
174.847 174.912 175.079
174.847 174.930 175.031
174.855 175.016 175.255
174.807 174.946 175.061
174.772 174.957 175.106
174.767 174.959 175.197
174.822 174.920 174.992
174.865 174.936 175.084
174.817 174.879 174.974
174.845 174.928 175.149
174.866 174.956 175.145
174.883 175.019 175.251
174.835 174.891 174.979
174.777 174.862 174.909
174.690 174.872 175.050
174.881 174.980 175.088
174.803 174.903 174.988
174.901 174.966 175.055
174.811 174.863 174.889
174.833 174.855 174.901
174.834 174.928 174.997
174.869 174.899 174.963
174.773 174.880 175.012
174.799 174.867 175.090
174.850 174.930 175.030
174.826 174.917 175.066
174.883 174.928 174.999
174.853 174.909 175.000
174.778 174.847 174.908
174.812 174.881 174.949
174.892 174.956 175.049
174.875 174.979 175.127
174.770 174.859 174.962
174.791 174.975 175.234
174.783 174.826 174.891
174.801 175.025 175.399
174.790 174.892 174.987
174.867 175.100 175.416
174.742 174.811 174.884
174.831 174.910 175.104
174.720 174.846 174.955
174.774 174.884 174.976
174.807 174.881 175.041
174.764 174.940 175.105
174.778 174.935 175.297
174.868 174.958 175.145
174.781 174.944 175.027
174.835 174.940 175.097
174.703 174.842 174.954
174.764 174.982 175.234
174.773 174.843 174.921
174.798 174.870 174.947
174.775 174.915 175.220
174.796 174.907 175.052
174.801 174.946 175.179
174.870 174.956 175.053
174.863 174.893 174.913
174.792 174.987 175.309
174.815 174.954 175.345
174.805 174.914 175.003
174.762 174.869 174.996
174.791 174.925 175.061
174.799 174.942 174.997
174.917 175.017 175.091
174.774 174.939 175.078
174.867 174.944 175.058
174.736 174.825 174.884
174.786 174.924 175.054
174.781 174.890 175.046
174.741 174.876 175.028
174.816 174.878 175.010
178.021 178.513 178.959
174.729 174.885 174.999
175.009 175.096 175.276
174.901 175.015 175.201
174.837 174.903 175.009
174.810 174.941 175.055
174.844 174.882 174.919
174.840 174.878 174.899
174.925 174.997 175.042
174.776 174.950 175.036
174.914 174.950 174.991
174.759 175.035 175.825
174.802 174.861 174.901
174.802 174.890 175.027
174.828 174.944 175.010
174.784 174.854 175.016
174.773 174.868 174.951
174.845 174.997 175.065
174.841 174.904 175.062
174.807 174.892 175.005
174.868 174.906 174.938
174.877 174.961 175.137
174.827 174.888 174.945
174.777 174.860 174.889
174.828 174.885 174.957
174.872 174.951 175.107
174.814 174.908 175.014
174.778 174.829 174.859
174.760 174.820 174.953
174.826 174.896 174.995
174.762 174.875 175.062
174.781 174.887 174.990
174.800 174.851 174.891
174.743 174.898 175.062
174.836 174.952 175.084
174.844 174.966 175.160
174.765 174.859 174.960
174.776 174.897 175.061
174.738 174.801 174.887
174.779 174.875 175.063
174.788 175.011 175.716
174.773 174.835 174.895
174.852 174.873 174.893
174.702 174.815 174.972
174.770 174.935 175.095
174.815 174.896 175.018
174.788 174.831 174.923
174.849 174.871 174.898
174.823 174.877 174.925
174.806 174.921 175.036
174.748 174.895 175.087
174.807 174.943 175.194
174.826 174.876 174.925
174.845 175.169 176.068
174.786 174.918 175.111
174.726 174.835 174.965
174.745 174.828 174.916
174.841 174.932 175.027
174.768 174.956 175.175
174.760 174.845 175.035
174.832 174.937 175.123
174.809 174.985 175.093
174.773 175.106 175.867
174.814 174.956 175.055
174.757 174.916 175.059
174.872 174.958 175.146
174.801 175.268 176.976
174.813 174.888 174.997
174.795 174.865 174.928
174.819 174.925 175.057
174.865 174.919 175.039
174.773 174.824 174.904
174.775 174.911 175.018
174.808 174.906 175.035
174.827 174.851 174.888
174.811 174.889 175.052
174.820 174.954 175.084
174.837 174.864 174.894
174.820 174.921 175.034
174.829 174.980 175.076
174.831 174.887 174.977
174.786 174.907 175.131
174.851 176.523 182.539
174.830 174.930 175.069
174.816 175.901 179.910
174.724 174.873 175.039
174.824 174.912 174.958
174.891 174.984 175.210
174.782 175.000 175.418
174.771 174.854 174.929
174.820 175.963 180.264
174.804 174.927 175.019
174.835 174.941 175.113
174.791 174.867 174.954
174.810 174.877 174.923
174.838 174.951 175.051
174.826 174.934 175.095
174.961 175.036 175.194
174.815 174.880 174.916
174.800 174.928 175.125
174.858 174.974 175.077
174.781 174.884 175.098
174.862 175.048 175.631
174.854 174.912 174.961
174.862 174.917 174.996
174.788 174.884 174.985
174.845 174.932 175.114
174.810 174.974 175.132
174.834 174.865 174.938
174.849 174.916 174.984
174.786 174.908 175.063
174.782 174.952 175.046
174.825 174.908 175.016
174.939 175.032 175.172
174.877 174.931 174.985
174.927 174.966 175.013
174.816 174.920 175.010
174.950 175.059 175.225
174.867 174.959 175.046
174.906 174.997 175.074
174.834 174.864 174.898
174.807 174.863 174.947
174.786 174.952 175.081
174.832 174.953 175.069
174.894 174.999 175.101
174.858 175.268 176.717
174.968 175.112 175.420
174.885 174.969 175.122
174.797 174.905 175.067
174.872 174.949 175.051
174.842 174.925 175.019
174.871 174.942 175.082
174.851 174.944 175.202
174.763 174.877 174.977
174.849 174.977 175.177
174.800 174.903 174.980
174.824 174.994 175.189
174.794 174.966 175.272
174.753 174.871 175.032
174.820 175.282 176.583
174.845 174.942 175.094
174.837 174.893 174.996
174.862 174.910 174.949
174.850 174.924 174.998
174.851 174.967 175.220
174.732 174.937 175.100
174.818 174.882 174.987
174.751 174.967 175.266
174.818 176.866 184.835
174.883 174.979 175.123
174.846 174.976 175.145
174.740 174.920 175.145
174.846 175.260 175.933
174.902 175.062 175.278
174.822 174.900 174.994
175.453 175.529 175.709
175.331 176.407 180.126
175.535 175.912 176.834
175.628 175.692 175.842
175.669 175.835 176.043
175.590 175.750 175.871
175.575 175.723 175.890
175.588 175.682 175.906
175.656 175.715 175.776
175.500 175.645 175.893
175.709 175.854 176.057
175.558 175.587 175.633
175.600 175.895 176.626
175.598 175.645 175.677
175.613 175.719 175.856
175.542 175.678 175.764
175.628 175.702 175.755
175.648 175.703 175.753
175.556 176.298 178.755
175.580 175.916 176.587
175.638 175.754 175.932
175.633 175.780 176.065
175.633 179.309 193.132
175.532 175.647 175.774
175.577 175.729 176.049
175.627 175.734 175.819
175.766 176.019 176.421
175.625 175.836 176.102
175.624 175.818 176.364
175.606 175.924 176.644
175.635 175.807 176.090
175.661 175.862 176.214
175.615 175.756 176.020
175.520 176.033 176.442
175.622 175.925 176.977
175.680 177.633 185.221
175.636 175.996 176.739
175.631 175.873 176.535
175.595 175.785 176.194
175.607 175.815 175.951
175.579 175.729 175.864
175.618 175.725 175.883
175.558 176.219 177.215
175.640 175.680 175.743
175.682 176.898 181.722
175.545 177.259 183.104
175.537 175.659 175.941
175.585 175.657 175.766
175.669 184.546 194.566
175.497 175.831 176.306
175.596 175.753 176.015
175.737 176.143 177.346
175.671 176.040 176.565
175.667 175.803 176.028
175.704 176.048 176.564
175.569 175.961 176.657
175.575 175.777 176.258
199.716 218.302 244.003
175.581 175.780 176.052
175.694 175.959 176.517
176.021 176.213 176.674
176.076 176.171 176.266
176.068 176.110 176.152
175.969 180.755 198.698
175.966 179.700 193.548
176.066 176.534 177.679
176.034 176.131 176.221
176.043 176.188 176.431
176.118 176.527 177.772
176.183 176.525 177.276
175.990 176.521 176.823
176.043 176.161 176.398
176.243 176.765 177.881
176.066 176.276 176.512
175.934 176.237 176.835
176.026 176.126 176.245
176.029 176.190 176.365
176.058 176.312 176.743
176.010 176.236 176.371
176.108 176.534 177.082
176.105 179.688 192.561
176.136 176.226 176.350
176.188 176.636 177.646
176.120 176.256 176.559
176.102 176.390 176.723
176.106 176.290 176.445
176.148 176.892 178.987
176.168 176.273 176.397
176.055 176.193 176.421
176.170 176.472 176.695
176.191 177.677 181.980
176.004 176.307 176.652
176.110 179.674 193.661
176.094 176.516 177.142
176.083 176.167 176.323
176.028 176.206 176.546
176.058 177.600 183.300
176.169 176.649 177.276
176.131 176.347 176.509
176.108 178.562 186.815
176.001 214.845 368.678
176.153 176.808 177.433
176.102 177.107 178.283
176.120 176.228 176.355
176.049 176.848 177.732
176.326 176.954 177.710
176.117 176.619 177.949
176.134 176.670 177.300
176.141 176.353 176.826
176.093 176.212 176.350
176.230 176.395 176.733
176.144 177.431 178.740
176.120 176.536 177.212
176.410 182.722 202.409
176.097 176.460 177.329
176.075 176.505 177.496
176.157 177.552 179.082
176.178 177.504 178.595
176.077 176.895 178.776
177.635 178.725 180.064
177.922 179.811 186.706
178.389 178.846 179.359
178.148 178.856 179.290
178.348 178.616 179.080
177.842 178.520 179.707
178.504 179.397 181.495
178.554 178.750 179.264
178.712 179.123 179.864
178.394 178.613 178.720
176.791 177.389 178.095
176.244 176.899 178.055
176.101 177.517 178.818
176.221 176.472 176.887
176.101 176.394 177.068
176.051 196.771 276.938
176.174 176.939 178.419
176.644 177.297 178.106
176.172 176.419 176.626
176.099 176.300 176.638
176.426 176.801 177.264
176.067 182.275 206.458
176.179 188.111 235.233
176.114 176.218 176.292
176.048 176.510 177.107
176.142 176.727 177.787
176.214 176.631 177.218
176.094 176.475 177.244
176.149 176.228 176.334
176.129 176.653 177.450
176.212 176.543 177.303
176.046 176.481 177.788
176.166 178.058 183.706
176.057 176.109 176.163
176.059 176.660 178.043
176.110 176.364 176.657
176.145 176.523 177.148
176.122 176.749 178.141
176.220 176.346 176.721
176.115 176.244 176.391
176.056 176.208 176.517
176.018 176.170 176.491
176.091 181.559 202.533
176.236 176.647 177.093
176.298 176.782 177.151
176.228 176.378 176.653
176.164 176.490 177.272
176.085 176.524 177.638
176.136 176.267 176.436
176.058 176.871 179.487
176.113 176.215 176.376
176.008 177.065 180.987
176.164 176.287 176.410
176.018 176.191 176.419
176.250 177.761 182.764
176.026 176.226 176.376
176.141 176.178 176.228
176.101 176.708 177.964
176.143 176.668 178.087
176.230 176.644 177.196
176.009 176.198 176.394
176.118 176.387 177.012
176.248 176.614 177.602
176.099 176.208 176.400
176.075 176.177 176.311
176.101 178.093 184.651
176.252 176.489 176.688
176.171 176.666 177.436
176.101 176.465 177.355
176.035 176.173 176.361
176.102 180.671 197.367
176.048 180.208 196.508
176.016 176.102 176.194
176.005 179.905 194.861
175.959 176.341 177.221
176.161 176.302 176.468
176.077 176.368 176.804
176.278 176.637 177.512
176.124 176.313 176.524
176.364 176.563 176.791
175.971 176.457 177.040
176.060 176.816 179.018
176.063 176.269 176.455
176.093 176.563 177.873
176.032 179.038 186.996
176.115 176.606 177.977
176.078 176.175 176.302
176.145 176.378 176.609
176.148 176.769 179.016
176.160 176.291 176.485
176.139 176.266 176.423
176.102 176.334 176.788
176.191 176.324 176.446
176.134 176.267 176.442
176.152 176.271 176.452
176.135 176.391 176.548
176.155 176.806 179.282
176.191 176.350 176.624
176.162 176.464 176.891
176.293 176.403 176.533
176.163 176.319 176.421
176.056 177.217 181.447
176.127 176.284 176.514
176.044 176.237 176.476
175.960 176.181 176.265
176.081 176.203 176.280
176.045 176.179 176.323
175.979 176.295 176.724
176.154 176.412 176.715
176.021 176.282 176.547
176.043 176.406 177.001
176.174 177.628 182.799
176.092 176.260 176.596
176.069 177.744 182.799
176.010 176.271 176.701
176.166 176.598 177.069
176.055 176.316 176.461
176.156 176.363 176.782
176.070 176.294 176.479
176.091 176.344 176.985
176.094 176.286 176.385
176.207 176.537 176.931
176.173 176.734 178.457
176.169 176.707 178.391
176.141 178.623 185.034
177.386 177.581 177.866
176.144 176.586 176.914
176.079 177.751 178.864
177.892 179.266 182.463
177.316 178.124 179.415
177.125 178.005 178.801
176.067 176.840 178.153
176.300 177.500 178.802
177.761 178.072 178.632
178.407 178.875 180.058
177.912 178.313 178.977
177.208 178.002 178.420
178.345 178.637 179.230
176.438 177.663 178.757
176.469 177.099 178.089
176.102 176.619 178.097
176.384 177.459 179.064
176.130 177.656 182.739
176.176 176.748 177.870
176.140 178.695 185.690
176.180 176.399 176.701
176.067 176.211 176.358
176.146 176.723 178.053
176.291 177.998 179.496
176.166 176.711 178.033
176.797 177.430 177.949
176.179 178.375 183.828
176.113 182.434 205.315
176.129 177.045 179.144
176.134 176.554 177.012
176.263 176.832 177.481
175.993 176.251 176.563
176.187 176.338 176.672
176.057 176.792 177.979
176.106 177.427 178.364
176.199 176.892 178.512
176.328 176.460 176.600
176.038 176.412 177.074
176.110 176.205 176.345
176.055 176.187 176.294
176.148 176.926 179.379
176.052 176.612 178.284
176.049 176.176 176.395
176.011 176.203 176.585
176.104 176.544 177.281
175.991 176.236 176.479
176.037 176.217 176.553
176.181 176.314 176.439
176.095 176.389 176.966
176.199 176.462 176.961
175.951 176.190 176.463
176.172 176.307 176.677
176.077 176.336 176.902
176.105 180.369 196.861
176.116 176.418 176.735
176.024 176.288 176.455
176.046 176.096 176.148
176.183 176.278 176.435
176.085 176.319 176.928
176.060 176.381 177.113
176.045 176.167 176.289
175.956 176.348 177.144
176.054 176.175 176.295
176.026 176.478 177.667
176.033 176.151 176.285
176.045 177.712 182.758
175.983 176.213 176.425
175.959 176.244 176.394
176.111 176.262 176.438
176.134 176.628 177.470
176.068 176.476 176.644
176.255 176.904 177.885
176.226 176.584 176.810
176.477 176.617 176.847
176.453 176.583 176.677
176.364 176.503 176.658
176.502 176.559 176.647
176.607 176.729 176.878
176.532 176.627 176.773
176.629 176.706 176.764
176.415 176.587 176.710
176.449 176.712 176.878
176.307 176.527 176.804
176.719 177.091 178.072
176.195 177.548 182.032
176.140 176.327 176.621
176.220 176.468 176.656
176.009 176.327 176.888
176.146 176.490 176.970
176.028 176.369 176.522
176.329 176.460 176.596
176.307 176.458 176.714
176.335 176.429 176.701
176.073 176.259 176.543
176.137 176.326 176.520
176.235 176.998 179.630
176.367 176.663 177.234
176.624 176.739 176.886
176.422 176.523 176.657
176.452 176.643 177.202
176.484 176.594 176.671
176.255 176.419 176.610
176.231 176.406 176.608
176.361 176.508 176.721
176.360 176.620 176.745
176.021 176.182 176.367
176.049 176.196 176.294
176.019 176.115 176.201
176.062 176.305 176.542
176.107 176.161 176.241
176.100 176.111 176.129
176.173 176.207 176.260
176.051 176.212 176.390
176.059 176.145 176.189
176.038 176.225 176.416
176.072 176.519 177.781
176.066 176.119 176.170
176.204 176.517 177.227
176.135 176.207 176.304
176.122 176.311 176.760
176.015 176.070 176.102
176.152 176.274 176.476
176.145 176.357 176.750
176.112 176.279 176.399
176.096 176.168 176.308
175.982 176.107 176.225
176.045 176.123 176.176
176.024 176.217 176.463
176.073 176.135 176.280
176.132 176.183 176.256
175.931 176.305 176.711
175.987 176.183 176.486
176.015 176.154 176.261
175.968 176.173 176.470
175.975 176.088 176.211
176.044 176.166 176.305
176.007 176.135 176.211
176.014 176.139 176.340
175.984 176.082 176.179
175.988 176.080 176.231
176.108 176.225 176.426
175.957 176.062 176.277
175.801 176.078 176.201
175.924 176.050 176.182
176.026 176.092 176.257
176.037 176.056 176.070
175.875 175.982 176.143
175.724 175.851 175.941
175.873 175.939 176.058
175.897 176.025 176.283
175.746 175.901 176.092
175.709 175.799 175.881
175.770 175.908 176.073
175.725 175.823 175.977
175.765 175.873 175.945
175.739 183.238 212.533
175.839 175.946 176.130
175.816 175.966 176.204
175.831 175.977 176.036
175.867 175.959 176.087
175.844 176.198 176.859
175.779 175.976 176.244
176.130 176.202 176.303
175.736 175.959 176.082
175.860 175.959 176.083
176.038 176.215 176.483
175.808 176.020 176.166
175.992 176.157 176.506
175.565 175.972 176.174
175.739 175.970 176.125
175.787 175.807 175.837
175.795 175.933 176.226
175.755 175.962 176.193
175.736 175.852 176.082
175.849 175.924 176.049
175.735 175.825 176.003
175.745 175.882 176.140
175.782 177.848 185.608
175.755 175.887 175.973
175.742 175.799 175.845
175.816 175.942 176.215
175.814 175.893 175.978
175.694 175.890 176.136
175.747 175.877 176.106
175.739 175.794 175.867
175.835 175.902 176.043
175.740 175.779 175.820
175.792 175.905 176.017
175.861 175.987 176.115
175.736 175.803 175.871
175.767 175.881 176.045
175.915 175.925 175.946
175.818 175.924 175.998
175.778 175.924 176.151
175.633 175.889 176.032
175.658 175.916 176.174
175.747 175.888 176.091
175.756 175.929 176.025
175.880 175.937 176.030
175.716 175.822 176.024
175.736 175.966 176.152
175.726 175.892 176.059
175.753 175.858 176.007
175.751 175.866 175.976
175.736 175.988 176.247
175.706 175.804 175.990
175.802 175.931 176.094
175.780 176.030 176.465
175.726 175.834 175.898
175.831 175.921 176.057
175.798 175.928 176.113
175.775 175.843 175.907
175.729 175.811 175.904
175.683 175.859 176.015
175.767 175.826 175.871
175.867 176.063 176.301
175.747 175.831 175.880
175.769 175.850 175.973
175.772 175.951 176.079
175.765 175.808 175.859
175.699 175.838 175.993
175.806 175.990 176.131
175.731 175.846 176.002
175.729 175.824 175.971
175.778 175.909 176.311
175.723 175.816 175.963
175.798 175.847 175.916
175.766 175.835 175.961
175.798 175.826 175.853
175.787 175.838 175.876
175.660 175.788 175.834
175.655 175.752 175.865
175.700 175.817 175.895
175.736 175.811 175.890
175.798 176.017 176.425
175.813 175.941 176.029
175.863 175.974 176.180
175.824 175.875 175.952
175.752 175.837 175.924
175.790 175.808 175.842
175.796 176.086 176.703
175.823 176.026 176.234
175.939 176.133 176.526
175.760 175.971 176.409
175.774 175.822 175.873
175.782 175.922 176.088
175.774 175.851 175.986
175.720 175.871 176.128
175.724 175.919 176.159
175.790 177.589 184.386
175.699 175.759 175.830
175.723 175.770 175.834
175.761 175.906 176.053
175.696 175.876 176.152
175.784 175.881 176.015
175.648 175.811 175.961
175.830 175.912 175.965
175.773 175.872 175.938
175.748 175.834 175.973
175.702 175.849 176.005
175.746 175.883 175.992
175.802 175.873 175.979
175.828 175.901 175.973
175.717 175.808 175.886
175.800 176.006 176.666
175.750 175.878 176.163
175.730 175.854 175.983
175.742 175.854 175.941
175.818 175.941 176.014
175.760 175.862 176.086
175.730 175.861 175.934
175.745 176.027 176.754
175.732 175.833 176.030
175.750 175.759 175.766
175.807 175.934 176.339
175.830 175.866 175.919
175.692 175.775 175.883
175.704 175.789 175.888
175.677 175.786 175.850
175.756 175.883 176.084
175.719 175.887 176.147
175.797 175.909 176.012
175.779 175.836 175.940
175.786 175.909 176.043
175.814 175.928 176.122
175.805 175.976 176.133
175.725 175.881 176.049
175.725 175.799 175.864
175.699 175.812 175.920
175.750 175.884 176.052
175.806 175.922 176.036
175.688 175.827 175.959
175.771 175.854 175.990
175.796 175.821 175.894
175.764 175.893 176.067
175.775 175.908 175.966
175.778 175.858 175.989
175.733 175.789 175.828
175.755 175.809 175.876
175.743 175.891 176.006
175.728 175.881 176.055
175.806 175.882 175.938
175.717 175.747 175.770
175.686 175.841 176.027
175.751 175.896 175.964
175.680 175.821 175.921
175.739 175.870 176.116
175.728 175.938 176.396
175.733 175.819 175.888
175.723 175.811 175.911
175.749 175.809 175.983
175.734 175.841 175.984
175.712 175.910 176.123
175.826 175.897 176.010
175.714 175.818 176.170
175.625 175.785 175.931
175.708 175.795 175.927
175.748 175.842 175.942
175.695 175.815 175.995
175.825 175.889 175.966
175.769 175.860 175.964
175.783 175.906 176.107
175.725 175.769 175.852
175.836 175.918 175.961
175.781 175.840 175.952
175.706 175.826 175.956
175.727 175.781 175.874
175.668 176.979 181.602
175.695 175.805 175.924
175.745 175.813 175.998
175.770 175.829 175.925
175.626 175.809 175.949
175.732 175.779 175.862
175.805 175.855 175.916
175.732 175.800 175.879
175.821 175.874 175.947
175.712 175.828 175.913
175.746 175.939 176.324
175.715 175.787 175.881
175.761 175.866 176.063
175.761 175.882 176.254
175.717 175.806 175.936
175.717 175.855 176.132
175.791 175.825 175.875
175.784 175.902 176.127
175.747 175.960 176.462
175.706 175.795 175.889
175.727 175.783 175.909
175.696 175.749 175.791
175.693 175.764 175.841
175.752 175.877 175.991
175.754 175.845 176.026
175.677 175.735 175.790
175.725 175.746 175.798
175.656 175.860 176.181
175.660 175.765 175.845
175.667 175.721 175.778
175.689 175.772 175.927
175.726 176.698 179.994
175.698 175.902 176.080
175.679 175.712 175.755
175.689 175.800 175.959
175.709 175.841 175.946
175.666 175.867 175.988
175.718 175.763 175.845
175.771 175.872 175.983
175.678 175.783 175.920
175.788 175.877 176.063
175.792 175.876 175.915
175.796 175.880 175.930
175.684 175.855 176.258
175.742 175.776 175.870
175.626 175.741 175.821
175.714 175.752 175.803
175.713 175.797 175.933
175.770 175.837 175.938
175.694 175.850 176.289
175.781 175.832 175.923
175.631 175.782 176.130
175.606 175.792 176.070
175.666 175.732 175.807
175.697 175.758 175.837
175.722 175.848 176.044
175.670 175.765 175.847
175.698 175.846 176.061
175.637 175.751 175.961
175.626 175.712 175.779
175.639 175.775 175.864
175.643 175.741 175.851
175.722 175.813 176.059
175.699 175.847 175.929
175.777 175.861 176.036
175.676 175.732 175.794
175.677 176.321 178.456
175.691 175.793 175.852
175.668 175.784 175.919
175.659 175.814 175.904
175.661 175.730 175.798
175.662 175.814 175.906
175.697 175.728 175.798
175.668 175.765 175.827
175.824 175.888 175.946
175.818 175.877 175.943
175.663 175.803 176.007
175.589 175.758 175.927
175.687 175.801 175.880
175.687 175.817 175.954
175.646 175.710 175.816
175.667 175.786 175.915
175.570 175.745 175.935
175.661 175.765 175.931
175.710 175.820 176.017
175.672 175.777 175.915
175.797 175.908 176.173
175.696 175.794 175.892
175.712 175.785 175.954
175.667 175.784 176.054
175.646 175.773 175.967
175.685 175.773 175.832
175.698 175.725 175.746
175.661 175.808 175.915
175.656 175.760 175.989
175.644 175.815 175.999
175.717 175.831 175.916
175.597 175.856 176.161
175.723 175.806 175.919
175.592 175.682 175.741
175.648 175.754 175.891
175.711 175.826 175.916
175.685 175.783 176.007
175.657 175.841 175.957
175.598 175.743 175.852
175.675 175.778 175.852
175.788 175.852 175.928
175.642 175.741 175.854
175.668 177.145 182.853
175.694 175.786 175.897
175.702 175.755 175.800
175.761 175.853 175.910
175.656 175.792 175.975
175.759 175.866 175.947
175.657 175.785 175.944
175.689 175.762 175.902
175.762 175.836 175.949
175.702 175.788 175.889
175.677 175.828 175.911
175.638 175.752 175.869
175.752 175.841 175.973
175.681 175.754 175.886
175.804 175.876 175.988
175.650 175.704 175.765
175.779 175.895 175.947
175.709 175.752 175.782
175.671 175.764 175.928
175.686 175.752 175.814
175.706 175.818 175.911
175.627 175.784 175.995
175.737 175.837 175.935
175.705 175.827 175.931
175.681 175.718 175.784
175.710 175.834 176.039
175.684 175.810 175.928
175.637 175.728 175.763
175.611 175.780 175.996
175.731 175.801 175.976
175.662 175.758 175.822
175.658 175.728 175.789
175.697 175.761 175.865
175.622 176.474 179.245
175.750 175.802 175.885
175.696 179.282 187.515
175.774 175.978 176.566
175.578 177.032 182.334
175.694 175.831 176.074
175.770 175.861 175.979
175.713 175.818 175.972
175.649 175.767 176.001
175.736 175.765 175.856
175.679 175.740 175.771
175.807 175.890 175.948
175.738 175.805 176.039
175.730 175.798 175.903
175.711 175.811 175.889
175.783 176.667 179.874
175.820 175.910 176.003
175.740 175.811 175.870
175.688 175.834 175.986
175.623 175.713 175.794
175.653 175.753 175.906
175.703 175.835 176.043
175.740 175.855 176.001
175.699 175.791 175.928
175.654 175.756 175.844
175.767 175.790 175.813
175.697 175.769 175.898
175.652 175.802 175.951
175.623 175.756 175.867
175.726 177.484 184.382
175.749 175.773 175.813
175.761 175.830 175.979
175.742 175.789 175.854
175.693 175.802 176.057
175.710 175.819 175.975
175.766 175.844 176.016
175.649 175.788 175.936
175.745 175.789 175.857
175.704 175.807 175.991
175.711 175.788 175.898
175.653 175.756 175.997
175.702 175.826 175.991
175.716 175.827 176.064
175.742 175.907 176.234
175.635 175.855 176.450
175.744 175.802 175.883
175.711 175.731 175.786
175.698 175.749 175.823
175.747 175.828 175.938
175.638 175.754 175.878
175.673 175.771 175.852
175.759 175.843 176.064
175.658 175.797 175.896
175.740 175.796 175.829
175.673 175.813 176.019
175.721 175.785 175.891
175.700 175.801 175.849
175.823 175.900 175.995
175.713 175.806 175.880
175.761 175.935 176.097
175.731 175.875 176.108
175.697 175.817 176.082
175.663 175.785 175.927
175.729 175.836 176.019
175.701 175.797 175.942
175.682 175.781 175.853
175.791 175.885 175.942
175.696 175.803 175.944
175.731 175.768 175.810
175.716 175.811 175.896
175.752 175.807 175.869
175.787 175.890 175.988
175.826 175.923 176.026
175.651 175.840 175.941
175.707 175.847 176.015
175.807 175.939 176.091
175.815 175.887 175.981
175.736 175.837 175.943
175.739 175.851 175.939
175.790 175.808 175.831
175.744 175.878 176.092
175.752 175.905 176.094
175.846 175.935 176.019
175.803 175.907 176.044
175.853 175.985 176.117
175.780 175.873 175.983
175.736 175.883 176.047
175.928 176.047 176.175
175.805 175.910 176.002
175.854 176.062 176.477
175.744 175.904 176.095
175.867 175.988 176.291
175.757 176.101 176.294
175.819 175.998 176.247
175.822 175.906 176.057
175.746 176.021 176.225
175.846 176.090 176.345
175.791 175.894 176.040
175.792 176.050 176.288
175.793 175.887 176.020
175.765 175.882 175.982
175.839 178.222 187.423
175.916 176.156 176.894
175.748 175.893 175.988
175.816 175.932 176.052
175.728 175.873 176.104
175.797 175.852 175.922
175.796 175.969 176.233
175.650 175.834 175.958
175.797 175.917 176.021
175.696 175.833 175.962
175.785 175.926 175.973
175.713 175.864 175.987
175.743 175.885 176.017
175.790 175.822 175.845
175.766 175.839 175.925
175.855 175.944 176.115
175.899 176.032 176.341
175.757 175.924 176.162
175.840 175.899 176.034
175.789 175.838 175.870
175.775 175.860 175.960
175.825 175.926 176.082
175.762 177.455 182.316
175.697 176.002 176.160
175.775 175.869 175.956
175.806 175.887 175.951
175.748 176.209 177.266
175.774 175.895 176.036
175.772 175.897 176.069
175.754 175.909 176.095
175.827 175.854 175.948
175.899 175.966 176.016
175.769 175.859 176.000
175.774 175.888 175.936
175.820 175.960 176.182
175.724 175.817 175.917
175.682 175.857 176.160
175.791 175.878 176.106
175.824 175.872 175.940
175.715 175.805 175.861
175.709 175.838 175.897
175.878 176.005 176.201
175.832 175.957 176.188
175.770 175.842 175.924
175.696 175.800 175.903
175.763 175.855 176.070
175.795 175.932 176.053
175.799 176.023 176.172
175.847 175.985 176.213
175.831 176.016 176.202
175.815 175.882 175.974
175.778 175.901 175.961
175.850 175.941 176.118
175.756 175.817 175.897
175.684 175.818 175.998
175.823 175.935 176.034
175.819 176.351 178.053
175.819 175.922 176.165
175.831 176.216 177.082
175.771 175.894 175.987
175.800 175.886 175.931
175.816 175.955 176.065
175.810 175.882 175.925
175.780 175.915 176.020
175.786 175.916 176.060
175.810 175.956 176.145
175.760 175.983 176.157
175.816 175.884 175.951
175.818 175.941 176.119
175.669 175.888 176.052
175.771 175.976 176.323
175.767 175.876 176.033
175.802 175.906 176.043
175.786 175.955 176.160
175.763 175.885 176.090
175.828 175.961 176.073
175.730 175.932 176.145
175.818 176.019 176.322
175.869 175.947 176.165
175.829 176.003 176.259
175.861 176.085 176.589
175.761 175.924 176.252
175.769 175.895 176.024
175.817 175.887 175.978
175.875 175.971 176.042
175.825 175.923 176.097
175.916 175.988 176.068
175.816 177.664 184.533
175.832 175.936 176.005
175.679 175.809 176.004
175.795 175.834 175.902
175.790 175.968 176.066
175.773 175.969 176.452
175.783 175.963 176.084
175.795 175.845 175.902
175.847 175.932 175.991
175.835 175.895 176.024
175.854 175.989 176.167
175.745 175.863 175.995
175.905 175.956 176.009
175.763 175.901 176.024
175.939 176.016 176.178
175.858 175.918 175.992
175.720 175.908 175.983
175.830 175.891 176.048
175.787 175.845 175.929
175.782 175.867 176.073
175.796 175.901 176.013
175.839 175.899 175.960
175.745 175.894 175.994
175.801 175.912 176.076
175.830 175.904 175.959
175.748 175.881 175.968
175.793 175.890 176.128
175.741 175.874 176.046
175.807 175.893 176.061
175.792 175.832 175.867
175.798 175.933 176.037
175.834 175.929 176.091
175.770 175.921 176.081
175.736 175.835 175.896
175.765 175.874 175.932
175.826 175.949 176.084
175.785 177.855 185.794
175.710 175.829 175.947
175.827 176.619 179.619
175.763 175.830 175.863
175.805 175.853 175.927
175.826 175.883 175.930
175.830 176.035 176.157
175.807 175.845 175.921
175.746 175.850 176.009
175.843 177.261 182.611
175.761 175.914 176.095
175.824 175.897 176.026
175.857 175.948 176.076
175.775 175.834 175.898
175.818 175.938 176.105
175.728 175.872 175.966
175.807 175.888 175.992
175.794 175.872 175.965
175.759 175.891 175.982
175.800 175.828 175.859
175.671 175.796 175.946
175.782 175.912 176.075
175.757 175.928 176.144
175.848 175.955 176.079
175.784 175.918 175.999
175.804 175.920 176.096
175.814 175.990 176.331
175.759 175.838 175.939
175.842 175.890 175.934
175.788 175.922 176.100
175.802 175.909 176.044
175.741 175.821 175.864
175.773 175.879 176.018
175.843 175.880 175.904
175.834 175.901 175.977
175.782 175.867 175.934
175.772 175.844 175.874
175.798 175.889 175.984
175.817 175.991 176.363
175.806 175.865 176.024
175.857 175.993 176.373
175.780 175.862 175.903
175.924 176.010 176.094
175.853 175.995 176.185
175.829 176.000 176.151
175.895 175.955 176.007
175.798 175.863 175.917
175.790 175.861 175.931
175.782 175.898 176.124
175.767 175.868 175.967
175.847 175.898 175.968
175.792 175.948 176.215
175.703 175.838 175.979
175.830 175.905 175.972
175.812 175.903 175.970
175.757 175.858 175.949
175.766 175.918 176.049
175.886 176.085 176.573
175.842 175.912 176.036
175.884 175.932 175.990
175.798 175.905 176.063
175.709 175.840 175.894
175.842 175.918 176.049
175.775 175.860 175.912
175.822 175.875 175.951
175.852 176.066 176.446
175.783 175.844 175.915
175.775 175.865 175.936
175.879 175.925 176.026
175.788 175.968 176.209
175.808 176.026 176.250
175.877 175.941 175.985
175.810 175.938 176.164
175.908 176.057 176.360
175.885 175.965 176.145
175.848 175.968 176.218
175.881 176.046 176.296
175.730 175.897 176.103
175.834 175.898 175.975
175.796 175.882 176.058
175.773 175.906 176.134
175.846 175.900 175.979
175.838 175.869 175.890
175.813 175.981 176.191
175.815 175.858 175.903
175.827 177.145 181.895
175.783 175.855 175.932
175.831 176.165 176.676
175.777 175.944 176.084
175.903 176.004 176.122
175.748 175.845 176.031
175.749 175.917 176.183
175.771 175.896 176.023
175.837 175.862 175.903
175.821 175.909 176.138
175.779 175.832 175.912
175.795 177.936 185.764
175.766 175.862 175.928
175.782 175.919 176.087
175.933 176.007 176.230
175.810 175.848 175.893
175.876 175.947 175.998
175.831 175.937 176.047
175.801 175.914 176.058
175.832 175.950 176.096
175.787 175.875 175.968
175.834 176.638 179.373
175.796 175.928 176.016
175.707 175.861 176.011
175.903 176.034 176.168
175.733 175.879 175.963
175.856 175.903 176.065
175.872 175.931 175.995
175.775 175.910 176.037
175.822 175.985 176.170
175.798 175.918 176.044
175.798 175.887 175.958
175.855 175.984 176.056
175.777 175.909 176.122
175.786 175.908 176.067
175.766 175.876 175.964
175.730 175.826 175.944
175.805 175.871 175.971
175.752 175.943 176.165
175.813 175.851 175.875
175.807 175.922 176.078
175.707 175.980 176.228
175.833 175.961 176.044
175.812 175.894 175.946
175.795 175.822 175.839
175.803 175.906 176.012
175.747 175.813 175.855
175.815 175.942 176.075
175.861 175.920 176.015
175.799 175.906 175.975
175.752 175.918 176.033
175.722 175.824 175.905
175.835 175.909 176.053
175.819 175.873 175.989
175.999 176.041 176.112
175.862 175.891 175.935
175.843 176.021 176.171
175.865 176.206 177.215
175.799 176.080 176.515
175.805 176.031 176.273
175.831 175.874 175.960
175.831 176.169 177.219
175.842 175.906 175.951
175.740 175.887 176.084
175.731 175.809 175.971
175.803 175.905 176.139
175.831 175.944 176.085
175.799 175.986 176.074
175.875 175.914 175.959
175.808 175.886 175.954
175.809 175.872 175.950
175.814 175.955 176.075
175.781 175.914 176.030
175.834 175.933 176.103
175.845 175.989 176.034
175.768 175.904 176.087
175.767 176.025 176.181
175.801 175.882 175.974
175.782 175.884 176.033
175.778 175.981 176.587
175.806 175.909 176.022
175.828 175.932 176.072
175.781 176.217 177.567
175.856 176.012 176.210
175.886 175.984 176.062
175.787 176.239 177.389
175.780 175.893 176.077
175.900 176.028 176.238
175.921 177.187 182.046
175.832 175.943 176.068
175.808 176.083 176.472
175.804 175.948 176.141
175.847 176.023 176.437
175.830 176.571 178.911
175.791 175.871 175.944
175.853 175.897 175.938
175.862 175.952 176.015
175.826 175.893 175.952
175.833 175.890 175.959
175.868 175.977 176.131
175.788 176.025 176.560
175.849 175.896 175.919
175.849 175.929 176.035
175.748 175.946 176.121
175.786 175.913 176.217
175.822 175.910 176.025
175.796 175.981 176.242
175.860 175.993 176.144
175.741 176.074 176.810
175.738 176.208 176.888
175.793 176.730 179.802
175.815 176.184 177.233
175.820 175.908 176.157
175.869 175.911 175.948
175.784 175.913 176.197
175.849 175.987 176.082
175.840 176.064 176.439
175.752 176.067 176.294
175.854 175.983 176.172
175.826 175.994 176.205
175.813 175.881 175.961
175.844 175.999 176.178
175.822 175.954 176.181
175.780 175.922 176.094
175.764 175.979 176.197
175.805 175.916 176.067
175.852 176.035 176.613
175.863 175.940 176.129
175.877 175.984 176.195
175.817 175.940 176.136
175.831 175.960 176.226
175.828 175.877 175.926
175.796 175.882 175.991
175.851 175.947 176.112
175.836 175.906 175.948
175.879 175.937 176.025
175.832 175.941 176.083
175.792 175.886 176.032
175.911 176.088 176.677
175.797 175.889 176.043
175.798 175.966 176.082
175.850 176.038 176.349
175.879 175.979 176.160
175.859 175.973 176.110
175.860 176.038 176.301
175.747 175.853 176.066
175.825 176.050 176.300
175.953 176.112 176.227
175.842 175.940 176.036
175.783 176.020 176.341
175.760 175.859 176.094
175.862 176.017 176.267
175.777 175.856 175.923
176.017 176.098 176.249
175.858 175.941 176.152
175.785 175.980 176.145
175.784 175.910 176.118
175.832 175.909 176.081
175.857 175.904 175.951
175.897 176.287 177.509
175.890 175.939 175.979
175.798 175.901 176.004
175.782 175.905 176.144
175.876 176.068 176.171
175.739 175.965 176.537
175.785 175.879 176.051
175.816 175.871 175.912
175.805 175.943 176.056
175.819 175.881 175.936
175.832 175.890 175.948
175.782 175.841 175.924
175.786 176.117 176.734
176.032 176.390 177.064
175.792 176.038 176.361
175.722 175.913 176.253
175.917 176.175 176.881
175.884 176.238 176.776
175.822 175.975 176.189
175.861 175.971 176.110
175.975 176.175 176.275
175.824 175.905 176.113
175.849 176.158 176.567
175.782 177.981 186.025
175.890 175.926 175.967
175.845 175.979 176.138
175.848 175.929 176.020
175.977 176.224 176.544
175.794 176.014 176.270
175.915 176.040 176.161
175.861 176.027 176.575
175.832 176.010 176.312
176.922 179.361 182.494
175.864 175.953 176.038
175.871 175.989 176.075
175.727 175.918 176.241
175.801 175.987 176.163
175.820 175.877 175.934
175.691 175.999 176.398
175.770 175.957 176.156
175.761 175.817 175.866
175.821 175.912 176.026
175.886 175.969 176.190
175.742 175.895 176.026
175.920 175.970 176.047
175.814 177.240 182.520
175.866 176.000 176.340
175.921 175.949 175.989
175.831 175.917 176.014
175.819 175.976 176.127
175.861 175.996 176.087
175.801 175.876 175.961
175.761 175.850 175.939
175.912 175.969 176.099
175.848 175.923 176.002
175.795 176.002 176.228
175.841 175.882 175.937
175.871 176.031 176.391
175.828 175.886 175.925
175.848 175.987 176.132
175.781 175.912 176.028
175.791 175.898 175.988
175.762 175.974 176.162
175.918 176.040 176.242
175.817 175.860 175.976
175.818 175.867 175.934
175.844 175.972 176.228
175.870 175.994 176.039
175.795 175.881 175.940
175.811 175.922 176.039
175.872 175.934 176.070
175.749 175.978 176.212
175.842 175.928 176.014
175.752 176.130 177.034
175.827 175.933 176.092
175.844 175.969 176.065
175.838 175.914 176.097
175.805 175.928 176.051
175.861 176.154 176.883
175.780 175.882 176.046
175.804 178.422 182.137
175.837 176.228 176.708
175.728 175.908 176.136
175.778 175.818 175.887
175.895 175.988 176.166
175.892 187.874 235.412
175.824 175.863 175.904
175.848 175.931 176.102
175.904 175.959 175.986
175.809 175.869 175.932
175.782 175.881 175.968
175.824 175.972 176.151
175.894 175.926 176.026
175.831 175.867 175.930
175.732 175.853 175.964
175.765 175.904 176.071
175.785 175.901 176.048
175.831 175.913 175.956
175.819 176.061 176.380
175.807 175.856 175.890
175.801 175.852 175.957
175.822 175.896 176.063
175.863 175.954 176.075
175.786 175.959 176.148
175.867 176.004 176.121
175.933 176.068 176.308
175.863 175.968 176.227
175.988 176.011 176.042
175.803 175.991 176.290
175.798 175.978 176.110
175.813 175.892 175.938
175.712 175.934 176.091
175.680 175.840 175.925
175.850 175.969 176.130
175.757 175.900 176.048
175.758 176.169 177.264
175.780 175.832 175.885
175.726 175.972 176.186
175.703 175.877 176.057
175.770 175.906 176.046
175.804 175.910 176.027
175.863 175.978 176.105
175.755 175.894 176.085
175.749 175.871 176.008
175.766 175.941 176.115
175.888 175.994 176.106
175.792 175.816 175.871
175.992 176.519 178.574
175.892 175.979 176.036
175.884 176.430 178.387
175.861 175.954 176.114
