215.886 216.404 218.213
215.740 216.300 218.131
215.958 216.502 218.248
216.006 217.366 218.293
214.034 215.852 217.943
215.821 216.416 218.110
215.853 216.961 218.379
208.315 215.293 218.387
215.960 216.874 218.149
216.002 216.896 218.385
213.757 215.514 216.078
216.054 217.272 219.435
215.871 216.916 218.368
215.804 216.473 218.355
215.790 216.864 218.236
215.952 216.559 218.376
215.914 217.292 218.319
215.927 217.287 218.203
215.859 217.250 218.292
217.916 218.050 218.298
214.825 217.135 218.491
215.805 217.707 218.310
216.056 217.309 218.162
214.221 216.667 218.366
216.003 217.365 218.427
215.926 216.901 218.307
215.999 217.352 218.269
213.667 216.313 218.160
215.668 217.180 218.164
216.028 218.000 219.675
215.852 216.521 218.112
216.149 217.741 218.235
216.053 217.391 218.350
214.350 216.958 218.236
212.031 215.364 218.219
216.006 217.415 218.587
213.967 216.426 218.252
215.846 217.017 218.408
215.857 217.450 218.267
215.732 216.780 218.299
215.849 217.248 218.253
215.846 216.863 218.192
215.728 217.193 218.278
215.922 217.297 218.302
215.824 216.480 218.340
216.017 217.335 218.330
215.942 216.929 218.200
215.922 217.042 218.462
215.895 216.502 218.420
215.879 217.702 218.276
215.939 217.330 218.362
207.758 214.963 218.320
214.935 216.641 218.258
211.675 215.948 218.209
215.713 217.182 218.251
215.809 217.288 218.210
215.728 217.252 218.272
216.104 217.492 218.414
215.904 217.323 218.378
216.008 217.362 218.329
215.912 216.486 218.357
215.897 216.979 218.281
215.914 217.656 218.190
215.758 216.574 217.961
215.772 217.257 218.288
203.787 213.962 218.207
210.035 215.760 218.367
216.141 217.426 218.346
215.926 217.227 218.182
214.316 216.598 218.270
215.852 216.898 218.319
215.954 217.447 218.404
215.978 216.939 218.379
215.947 216.991 218.476
213.896 215.573 216.071
212.018 216.454 218.152
215.871 216.266 217.045
216.073 216.726 218.150
214.334 216.218 218.172
215.894 216.499 218.294
215.956 217.835 218.945
215.780 216.809 218.242
213.639 217.277 218.222
215.858 217.748 218.380
216.009 217.298 218.200
215.937 217.308 218.295
215.851 216.870 218.211
216.095 217.355 218.218
215.786 217.214 218.207
215.893 216.503 218.058
204.048 214.415 218.192
216.124 217.014 218.418
215.741 217.200 218.151
215.718 216.848 218.222
215.720 216.863 218.250
213.685 216.875 218.317
215.722 216.820 218.214
215.851 217.277 218.239
213.596 216.068 218.234
215.971 217.617 219.890
215.825 215.974 216.154
215.891 216.845 218.268
215.864 217.308 218.257
215.766 217.672 218.271
215.816 216.366 218.018
215.964 216.888 218.124
215.794 216.875 218.309
215.647 217.178 218.125
213.696 215.609 216.332
216.096 217.307 218.190
215.992 216.998 218.335
215.831 216.839 218.230
215.852 217.208 218.169
215.997 216.829 218.073
213.910 216.812 219.866
215.785 216.821 218.231
215.824 216.525 218.328
215.866 217.170 218.200
215.828 216.916 218.339
216.052 217.790 218.429
215.996 216.602 218.250
216.072 217.077 218.375
214.061 216.933 218.301
215.950 216.940 218.201
215.855 216.543 218.244
215.710 217.022 219.241
215.745 216.943 218.992
215.963 216.871 218.179
215.826 216.759 217.996
213.787 217.402 218.434
208.870 215.541 218.374
216.070 216.598 218.282
215.832 217.856 219.287
216.149 217.017 218.316
215.901 216.474 218.147
216.090 217.307 218.251
215.818 216.442 218.253
215.894 217.332 218.423
215.874 216.888 218.307
215.805 216.906 218.274
215.967 217.044 218.290
215.751 216.814 218.175
215.863 216.831 218.051
215.861 217.745 218.336
215.711 216.729 218.254
215.793 217.246 218.141
201.338 213.678 218.170
218.013 218.840 221.812
215.874 216.866 218.223
215.667 217.605 218.173
215.996 217.384 218.261
214.148 216.946 218.231
211.740 215.660 218.317
216.051 217.023 218.327
213.682 215.780 217.153
215.947 217.710 218.297
216.244 217.808 218.350
215.809 216.515 218.143
215.857 216.072 216.417
215.879 216.918 218.345
204.733 215.141 218.338
215.765 217.265 218.391
215.852 216.438 218.113
215.233 216.810 218.357
215.863 216.864 218.407
215.877 216.925 218.385
216.063 216.963 218.293
213.823 216.111 218.496
215.976 217.321 218.223
216.056 216.981 218.360
215.815 216.425 218.072
215.845 216.807 218.140
215.980 217.643 218.235
215.773 217.262 218.221
215.919 216.897 218.395
216.219 217.786 218.263
214.446 217.098 218.331
212.649 216.566 218.380
215.689 217.891 221.978
215.897 216.445 218.156
215.964 217.773 218.303
209.772 215.211 218.323
217.949 218.089 218.181
216.052 216.497 218.119
215.127 217.691 218.462
209.516 215.962 218.234
209.677 215.664 218.287
216.020 217.383 218.312
214.291 216.641 218.299
206.777 214.645 218.280
213.957 216.003 218.138
215.996 217.337 218.257
215.811 216.800 218.046
216.129 217.755 218.338
213.712 216.880 218.279
215.860 217.277 218.266
214.286 216.622 218.301
216.086 217.482 218.505
215.930 217.289 218.184
215.781 217.603 222.254
215.752 215.915 216.053
216.038 217.342 218.347
215.930 216.828 218.196
215.910 217.414 218.365
215.917 216.459 218.090
215.939 217.334 218.221
215.821 216.431 218.100
215.824 216.458 218.070
203.993 213.973 218.089
215.894 216.994 218.547
216.027 217.029 218.417
211.796 216.228 218.445
215.794 217.267 218.368
215.977 216.081 216.153
215.905 217.812 218.378
215.859 217.391 218.491
215.822 216.888 218.373
214.163 216.897 218.245
215.982 217.700 218.225
215.975 217.361 218.271
215.680 216.823 218.369
215.826 216.611 218.346
216.274 217.833 218.334
215.861 216.507 218.418
216.085 217.319 219.790
215.864 216.887 218.175
215.905 216.862 218.233
215.812 216.397 218.069
215.803 217.277 218.294
215.924 216.898 218.277
215.891 216.871 218.399
215.936 217.398 218.313
216.137 217.820 218.436
215.775 216.083 216.276
215.899 218.110 221.971
199.797 213.716 218.226
215.816 217.263 218.235
213.892 216.419 218.226
215.826 216.853 218.187
216.307 217.878 218.438
215.753 216.761 218.168
215.629 216.822 218.393
215.881 216.708 218.312
215.767 217.436 218.402
204.953 215.364 221.908
215.829 217.296 218.277
216.329 217.934 218.384
216.365 217.524 218.522
215.824 216.436 218.023
215.930 216.502 218.227
216.071 217.511 218.421
216.022 217.452 218.483
209.990 215.368 218.485
215.947 216.504 218.340
216.265 218.098 219.231
213.890 215.611 216.227
215.820 216.776 218.218
216.110 217.383 218.300
216.190 217.810 218.307
214.087 216.780 218.490
215.872 217.282 218.307
209.454 216.113 218.519
216.313 218.002 218.777
215.760 218.008 219.643
216.115 217.007 218.178
215.753 216.485 218.190
215.795 216.964 218.380
216.052 217.374 218.262
213.884 216.465 218.450
213.769 216.027 218.401
216.098 217.347 218.321
215.792 217.250 218.370
215.882 217.414 218.292
215.985 217.830 218.436
214.861 217.075 218.252
215.813 217.252 218.299
216.022 217.370 218.349
215.810 216.807 218.187
211.954 216.066 218.275
216.123 217.373 218.227
214.455 216.167 218.169
215.799 217.302 218.418
215.905 216.536 218.247
216.184 217.382 218.406
215.678 217.299 218.268
215.942 217.384 218.392
215.955 216.507 218.110
203.676 213.655 216.236
215.960 217.783 218.421
215.926 216.856 218.310
213.769 216.543 218.401
216.164 217.438 218.298
213.686 216.486 218.328
216.378 217.972 218.531
216.049 217.862 218.455
215.913 216.539 218.484
207.545 213.500 216.238
212.457 215.299 216.245
215.976 216.958 218.307
214.384 216.592 218.304
216.089 217.824 218.353
215.850 216.504 218.259
215.879 217.047 218.396
216.309 217.935 218.441
215.965 216.978 218.373
216.352 217.635 218.494
215.958 217.696 222.040
215.826 216.905 218.197
214.257 216.608 218.382
216.090 216.635 218.283
215.862 217.415 218.518
215.843 216.892 218.229
216.204 217.837 218.341
215.959 216.030 216.180
216.215 217.826 218.384
215.886 217.357 218.423
215.883 216.054 216.327
215.843 216.888 218.363
215.988 217.417 218.414
215.991 217.787 220.182
216.263 217.924 218.464
216.008 217.378 218.363
215.835 216.825 218.232
216.035 217.738 218.226
215.655 215.874 216.040
215.640 216.779 218.093
215.937 217.327 218.183
216.010 216.983 218.446
215.842 217.742 218.281
216.028 217.023 218.438
211.963 216.949 218.391
216.186 217.868 218.491
215.939 217.354 218.322
215.896 217.401 218.339
216.042 216.566 218.112
215.940 216.590 218.415
215.718 216.377 218.103
216.221 217.813 218.326
215.778 216.494 218.273
215.916 217.239 218.066
214.780 216.326 218.262
215.984 216.495 218.240
215.952 216.511 218.495
215.831 216.859 218.290
200.271 214.186 218.347
213.731 215.971 218.321
215.828 217.233 218.142
216.205 217.002 218.122
215.892 217.394 218.348
209.570 215.705 218.341
216.012 217.374 218.280
214.607 216.121 218.085
215.936 217.297 218.212
215.799 216.484 218.294
215.863 216.903 218.240
216.051 217.017 218.255
216.306 217.892 218.416
213.927 216.226 218.286
216.111 216.975 218.250
215.320 216.735 218.187
213.875 215.512 216.149
213.903 216.260 218.319
215.851 217.452 218.804
216.036 216.633 218.425
216.067 217.394 218.363
215.827 216.858 218.192
218.064 218.204 218.392
209.566 216.028 218.371
215.797 216.396 218.185
215.795 217.287 218.411
216.116 217.055 218.482
215.871 217.275 218.331
215.722 216.427 218.200
216.046 216.940 218.298
216.113 216.990 218.325
218.140 218.355 218.529
216.021 217.020 218.275
216.019 217.363 218.284
215.988 217.420 218.366
215.825 216.970 218.373
211.746 215.220 216.225
215.826 216.550 218.303
215.838 216.769 218.182
213.925 216.481 218.245
215.885 217.466 218.296
216.017 216.681 218.027
214.976 217.315 218.547
213.934 216.043 218.346
214.054 216.113 218.194
213.885 216.393 218.054
215.038 216.669 218.271
215.794 216.923 218.389
215.946 217.609 219.418
216.039 217.097 218.575
216.261 217.550 218.486
216.207 217.469 218.428
215.975 217.384 218.384
216.044 216.935 218.346
216.072 217.239 218.347
216.219 217.626 218.443
215.757 217.278 218.259
211.859 216.165 218.382
215.809 217.736 218.415
218.059 218.185 218.273
212.349 215.593 217.995
216.091 217.067 218.442
216.194 217.457 218.270
215.897 217.309 218.314
216.106 218.027 219.766
215.982 217.437 218.431
215.763 216.800 218.261
216.154 217.433 218.321
215.973 217.082 218.471
215.953 216.872 218.214
215.897 216.938 218.263
216.006 217.386 218.304
215.685 217.807 218.351
213.764 216.377 218.301
215.951 217.317 218.193
216.048 217.035 218.407
216.285 217.846 218.360
216.126 217.043 218.277
211.780 215.499 218.183
216.036 216.577 218.396
215.796 216.364 218.129
215.881 217.006 218.266
212.068 214.858 218.176
212.637 216.740 218.374
216.050 217.348 218.231
216.201 218.496 222.039
218.030 218.468 219.889
216.076 216.274 216.646
214.151 217.033 218.351
215.618 217.312 218.428
216.033 217.434 218.459
200.074 214.215 218.458
215.852 217.395 218.304
215.934 217.199 219.408
215.829 216.006 216.281
215.822 216.526 218.364
215.749 216.412 218.309
216.197 217.429 218.251
207.199 215.926 218.172
215.844 217.632 219.732
215.923 216.525 218.294
215.779 217.321 218.373
216.150 217.507 218.412
215.984 216.568 218.206
215.914 217.961 219.148
215.737 216.779 218.345
215.915 216.018 216.157
215.881 216.530 218.537
216.005 217.409 218.438
215.697 216.940 218.372
215.978 216.916 218.339
215.691 216.752 218.246
202.492 211.549 218.130
215.832 216.922 218.250
216.036 217.215 218.410
216.130 217.490 218.474
216.059 217.385 218.314
215.925 216.533 218.203
215.883 217.492 218.545
215.810 217.300 218.416
215.853 216.875 218.319
215.698 216.457 218.263
216.004 216.567 218.352
215.870 217.024 218.445
215.971 217.793 218.322
215.296 216.817 218.439
216.203 217.058 218.251
216.197 218.217 222.190
216.053 216.991 218.364
215.857 217.272 218.223
212.160 216.651 218.406
216.079 217.506 218.107
215.881 216.835 218.217
215.703 216.862 218.381
216.100 216.940 218.128
215.888 217.228 218.290
216.197 217.416 218.350
215.873 217.348 218.326
216.032 216.932 218.328
215.912 216.919 218.394
215.933 216.902 218.404
215.920 217.713 218.205
215.970 216.480 218.103
215.882 217.421 218.506
209.774 215.160 218.191
216.008 217.400 218.587
213.852 215.621 216.351
216.026 217.388 218.362
215.871 216.936 218.470
216.011 216.152 216.311
215.998 216.970 218.431
216.094 216.987 218.396
215.911 217.364 218.373
213.823 216.464 218.238
210.000 215.280 218.196
215.917 217.428 218.441
215.962 216.300 217.216
216.009 217.022 218.454
215.644 216.746 218.315
216.033 217.005 218.381
216.302 217.479 218.282
216.067 217.429 218.412
215.726 216.859 218.286
218.274 218.381 218.536
215.982 217.424 218.397
203.833 214.392 218.348
215.928 216.483 218.294
216.108 216.716 218.192
215.732 217.240 218.227
215.832 216.457 218.177
215.843 216.471 218.280
215.762 217.278 218.409
209.586 215.630 218.221
215.836 216.444 218.307
216.096 217.104 218.437
215.930 217.735 218.297
213.786 216.039 218.226
216.198 217.844 218.389
216.033 216.581 218.412
216.036 217.663 219.733
214.134 216.654 218.442
203.017 214.096 218.358
215.886 216.925 218.286
216.385 217.944 218.381
216.070 217.445 218.412
212.323 216.104 218.278
216.048 217.052 218.308
214.123 216.946 218.281
214.286 217.081 218.665
216.179 217.773 218.309
215.842 217.853 218.427
213.712 216.453 218.330
214.438 216.119 218.158
215.847 217.106 218.178
215.996 218.107 221.989
215.810 216.403 218.251
215.791 217.402 218.492
207.026 214.878 218.391
215.772 216.775 218.245
215.921 216.945 218.385
215.995 216.079 216.162
218.197 218.293 218.361
211.935 215.665 218.107
215.827 216.948 218.464
216.059 217.087 218.379
215.798 216.915 218.314
216.029 217.814 218.376
218.060 218.176 218.308
218.145 218.282 218.445
218.089 218.207 218.367
213.852 216.950 218.336
216.149 217.368 218.206
216.017 217.773 218.250
215.824 217.274 218.190
215.715 216.365 218.230
214.802 217.106 220.005
211.504 211.653 211.824
211.681 211.781 211.895
210.241 212.152 212.750
211.607 212.272 212.823
212.477 212.654 212.828
212.649 212.693 212.760
210.421 212.192 212.720
212.510 212.675 212.879
211.422 212.331 212.625
209.965 211.254 211.794
211.583 211.719 211.876
211.723 211.764 211.812
210.015 211.389 211.923
211.385 211.543 211.661
211.633 211.729 211.865
211.534 211.606 211.733
211.421 211.585 211.703
211.535 212.455 215.608
211.419 211.558 211.754
209.678 211.182 211.628
211.593 211.945 212.846
211.565 211.662 211.830
211.521 211.619 211.674
211.314 211.499 211.733
211.492 211.721 211.838
211.394 211.622 212.127
207.974 210.961 211.835
211.639 211.685 211.780
211.576 212.199 214.385
211.494 211.674 211.874
211.487 211.686 211.774
209.637 211.268 211.769
211.646 211.727 211.833
211.429 211.620 211.830
211.434 211.551 211.679
211.721 211.765 211.821
211.466 211.562 211.663
209.830 211.385 211.838
207.643 210.831 211.778
209.388 211.152 211.738
211.349 211.451 211.619
209.358 211.179 211.774
211.656 219.685 247.592
211.455 220.109 238.327
211.601 216.745 236.972
211.739 230.524 241.028
211.573 222.997 245.262
211.546 211.701 211.848
211.738 222.262 234.379
209.352 210.675 211.673
209.159 209.382 209.639
209.153 210.292 211.666
209.180 210.252 211.679
209.266 209.444 209.610
210.223 211.278 212.695
210.252 211.753 212.790
210.299 210.915 212.903
210.384 210.931 212.666
206.405 210.118 212.722
208.747 210.989 212.509
210.692 212.270 212.873
210.363 211.378 212.692
210.256 211.232 212.617
210.327 210.818 212.431
208.713 210.678 212.725
210.236 211.300 212.784
210.350 211.254 212.582
210.339 210.548 210.744
206.125 209.874 212.591
210.467 211.446 212.711
202.849 209.532 211.877
209.651 211.295 211.823
209.188 209.430 209.620
209.275 211.042 213.343
209.331 210.776 211.741
203.614 209.151 211.737
210.510 211.752 212.728
203.946 210.920 212.730
210.053 212.092 212.666
210.304 211.270 212.642
210.206 211.728 212.816
210.512 211.824 212.805
210.154 210.767 212.343
210.410 211.016 212.887
210.181 212.094 212.657
210.323 211.401 212.816
210.341 211.332 212.696
210.328 211.840 212.741
210.204 210.699 212.564
210.655 211.919 212.886
207.122 211.336 213.534
210.489 210.963 212.642
210.306 211.348 212.686
210.255 212.238 212.843
210.207 210.938 212.700
210.499 211.888 212.783
206.270 210.881 212.553
210.339 211.766 212.732
210.357 211.021 212.687
210.169 211.664 212.628
210.285 210.878 212.811
210.283 210.902 212.533
211.524 211.672 211.841
211.499 211.601 211.666
211.450 211.614 211.816
211.686 211.746 211.823
209.508 225.505 247.325
209.494 210.460 211.700
207.282 209.162 211.462
211.587 211.792 211.899
210.324 211.785 212.676
210.191 210.745 212.455
216.037 216.924 218.278
215.830 216.542 218.125
215.831 216.754 218.118
215.955 216.484 218.092
216.113 217.521 218.432
215.835 216.877 218.363
216.007 217.342 218.273
215.796 217.267 218.276
218.195 218.445 219.130
216.033 217.033 218.278
215.028 217.197 218.416
215.968 216.869 218.173
215.918 216.508 218.348
213.883 216.574 218.486
209.997 215.769 218.341
216.262 217.131 218.341
215.923 217.390 218.410
215.864 216.381 218.263
215.990 217.429 218.419
215.989 216.410 217.543
215.951 216.485 218.162
216.033 217.718 218.228
210.284 211.315 212.590
208.370 210.132 210.737
210.391 211.437 212.940
215.942 216.976 218.361
215.926 216.917 218.417
215.752 217.250 218.204
215.837 216.907 218.274
210.493 211.505 212.930
204.088 210.659 212.856
210.303 211.743 212.703
206.219 210.538 212.616
210.464 211.851 212.879
210.509 211.864 212.793
204.120 210.643 212.968
210.699 212.354 212.891
210.328 211.241 212.564
210.415 211.413 212.945
210.762 212.331 212.770
209.553 211.015 211.562
205.342 210.385 211.754
211.414 211.610 211.693
211.481 211.637 211.813
211.438 211.518 211.581
211.495 211.638 211.802
211.528 211.642 211.715
209.342 211.044 212.652
209.535 210.821 211.782
202.047 208.810 211.628
210.086 211.942 216.188
210.241 211.316 212.747
210.378 210.662 211.042
215.801 216.343 218.190
216.278 217.403 218.192
215.814 217.035 218.423
215.814 216.862 218.164
212.215 216.023 218.129
215.815 216.482 218.276
216.152 217.746 218.267
212.372 216.967 218.322
215.761 216.112 216.259
216.135 218.156 222.003
215.849 216.855 218.206
207.322 215.207 218.262
215.860 216.837 218.222
216.006 217.423 218.335
215.983 216.900 218.207
215.832 216.025 216.308
215.776 216.838 218.354
216.013 217.287 218.315
216.204 217.797 218.279
215.920 216.444 218.199
215.998 217.321 218.289
215.817 216.009 216.115
218.002 218.197 218.267
215.722 217.159 218.071
209.783 215.760 218.421
216.134 217.317 218.117
216.090 217.422 218.375
211.788 215.883 218.884
215.958 216.926 218.254
215.862 217.305 218.292
215.753 217.251 218.390
213.734 216.014 218.303
216.155 217.067 218.322
215.882 217.267 218.294
215.823 216.563 218.302
216.084 217.786 218.297
215.692 216.794 218.253
214.316 216.630 218.416
216.242 217.998 218.603
215.820 217.255 218.215
215.785 217.221 218.179
216.036 217.347 218.288
204.780 214.721 218.370
218.063 218.214 218.393
214.193 216.936 218.266
204.669 205.780 207.515
205.607 206.939 207.929
205.357 206.719 207.619
205.217 206.742 207.740
203.533 205.535 207.601
205.445 207.032 207.810
205.246 206.669 207.567
205.326 205.503 205.629
205.524 207.166 207.741
205.140 205.756 207.420
205.243 206.201 207.532
205.283 206.667 207.580
205.644 207.332 207.852
205.316 206.324 207.752
205.191 206.723 207.693
205.091 205.741 207.674
205.692 206.994 207.796
205.467 206.383 207.686
205.294 205.843 207.613
205.311 206.841 207.786
201.477 205.150 207.718
201.557 205.937 207.873
205.390 205.945 207.668
203.872 205.481 207.518
205.249 206.733 207.728
205.449 206.927 207.620
205.241 205.807 207.540
205.363 205.991 207.781
205.369 206.766 207.776
205.176 206.303 207.765
205.240 207.111 207.613
202.262 206.185 207.845
205.430 206.000 207.742
205.249 206.333 207.728
205.358 206.743 207.679
205.250 205.749 207.531
203.550 206.266 207.568
205.283 206.729 207.699
205.096 205.246 205.415
205.308 206.686 207.717
205.577 207.203 207.670
205.548 206.905 207.866
205.449 206.723 207.628
205.344 207.252 207.795
203.682 206.047 207.913
205.268 205.834 207.593
202.152 205.694 207.797
205.374 206.846 207.830
205.533 207.303 207.863
205.553 206.985 207.556
205.286 206.375 207.701
205.390 206.754 207.716
201.053 205.172 207.697
205.587 206.500 207.982
205.238 207.091 207.677
205.488 206.640 208.663
205.310 205.477 205.681
203.224 207.281 214.141
205.725 206.942 207.764
202.414 204.770 206.583
199.998 203.674 206.343
204.126 204.269 204.507
204.192 205.531 206.417
203.994 205.142 206.550
204.115 204.730 206.296
204.145 205.437 206.517
200.107 203.839 206.294
204.049 204.629 206.386
204.209 205.116 206.377
203.997 205.033 206.435
203.943 205.421 206.383
204.252 205.864 208.122
204.618 206.287 207.507
202.698 204.348 206.247
203.865 205.806 206.394
204.004 204.588 206.290
203.878 205.940 206.527
204.302 205.278 206.567
204.145 205.105 206.646
204.312 205.588 206.501
203.647 204.644 206.518
204.342 205.145 206.389
204.197 205.957 206.491
202.391 203.910 204.515
204.215 206.256 207.954
204.040 205.077 206.432
203.875 204.644 206.567
204.099 205.129 206.466
203.914 204.689 206.406
201.855 204.579 206.292
204.276 205.217 206.571
204.044 205.086 206.430
204.094 205.214 206.579
204.206 205.213 206.550
204.342 204.830 206.313
203.943 205.504 206.427
204.015 205.107 206.456
204.321 206.070 206.628
202.287 204.829 206.563
204.131 205.505 206.585
197.666 204.197 206.431
204.238 205.243 206.619
203.930 205.054 206.587
204.295 205.606 206.514
202.817 205.802 206.605
204.152 206.288 210.082
204.051 205.115 206.459
204.308 205.633 206.501
203.962 205.417 206.419
204.281 205.275 206.790
204.264 205.919 206.436
204.163 205.529 206.450
202.284 205.153 206.571
204.129 205.555 206.639
203.268 204.971 206.448
204.178 204.708 206.454
204.020 205.109 206.458
204.224 205.466 206.635
204.254 206.193 207.748
198.996 205.550 207.899
205.507 207.102 207.758
203.963 206.024 207.576
205.434 206.458 207.895
205.435 206.300 207.602
205.642 207.077 207.931
201.711 205.432 207.610
205.275 206.688 207.584
205.630 206.886 207.804
205.358 206.432 207.920
205.374 206.660 207.521
205.391 206.430 207.771
205.415 205.919 207.556
204.086 204.986 206.293
203.243 205.696 207.465
204.470 205.904 206.296
204.104 204.234 204.363
204.083 205.506 206.456
204.007 205.014 206.377
204.500 207.267 212.171
204.242 205.381 206.581
204.116 204.682 206.384
203.861 204.501 206.438
203.937 204.533 206.316
203.910 205.455 206.427
199.160 205.289 207.924
205.489 206.172 207.879
205.336 205.426 205.507
205.376 205.986 207.525
205.350 206.687 207.593
204.047 204.772 206.405
200.138 203.341 204.282
204.118 204.723 206.783
204.021 205.111 206.551
204.063 204.685 206.738
204.240 204.339 204.437
205.477 206.198 207.875
201.638 205.517 207.560
203.336 205.558 207.711
205.420 207.265 207.894
205.383 206.417 207.782
205.265 206.736 207.889
203.179 205.751 207.536
205.480 206.829 207.963
205.375 206.350 207.782
205.323 205.401 205.475
199.139 205.200 207.686
205.683 207.016 207.639
205.301 207.158 207.738
205.454 207.073 207.628
205.336 207.125 207.617
205.249 206.687 207.583
203.017 205.754 207.610
205.073 206.311 207.820
205.537 207.237 207.709
204.905 206.570 207.688
205.247 206.259 207.703
205.393 206.244 207.531
205.235 206.298 207.632
205.296 206.226 207.574
205.242 206.190 207.439
205.324 206.965 207.673
205.188 206.226 207.659
205.269 207.158 209.429
205.525 206.796 207.738
203.922 205.300 205.805
201.167 205.473 207.549
207.374 207.517 207.613
205.650 207.236 208.060
205.451 206.039 207.840
205.314 206.332 207.777
205.229 205.823 207.496
205.518 207.348 207.921
201.276 206.038 207.837
204.062 205.719 207.751
205.440 206.545 207.943
201.442 206.061 207.853
205.454 206.441 207.762
200.799 204.467 205.547
205.210 205.784 207.682
205.329 206.658 207.588
203.558 205.501 207.622
205.385 205.930 207.689
205.477 206.444 207.831
205.261 205.897 207.656
203.372 205.972 207.749
203.691 205.610 207.720
203.561 205.992 207.766
205.406 208.016 211.584
205.309 205.465 205.639
203.277 205.978 207.781
205.498 206.824 207.665
205.331 206.722 207.734
205.390 206.840 207.865
205.372 206.302 207.603
205.429 206.340 207.727
205.175 206.654 207.685
203.578 206.063 207.761
205.232 205.757 207.505
205.349 207.189 207.747
201.590 205.597 207.929
205.209 206.279 207.666
203.664 205.712 207.566
205.391 206.415 207.775
205.314 205.864 207.404
205.271 205.845 207.549
205.587 206.898 207.766
205.348 206.727 207.659
203.377 205.792 208.718
205.158 205.423 205.719
205.862 207.303 207.698
205.213 206.403 207.800
205.604 206.335 207.912
205.312 206.760 207.728
205.487 207.049 207.986
203.786 206.089 207.946
198.751 205.820 207.624
205.431 206.769 207.657
205.378 206.789 207.747
205.511 207.252 207.763
205.426 206.050 207.568
205.422 206.769 207.822
205.344 206.766 207.843
205.648 206.871 207.830
205.371 205.542 205.656
205.461 206.892 207.821
205.375 205.936 207.692
205.185 205.867 207.626
205.609 206.452 207.675
205.699 207.357 207.974
205.502 206.020 207.826
205.391 206.327 207.737
205.256 205.810 207.497
205.626 206.852 207.719
205.254 205.837 207.591
200.108 204.510 207.807
205.271 206.097 208.676
205.184 205.806 207.457
205.177 206.654 207.716
203.520 205.731 207.672
205.721 206.671 207.663
205.361 207.162 207.697
205.621 207.092 207.818
205.175 206.165 207.635
205.443 206.899 208.152
205.298 206.319 207.749
204.342 205.117 205.557
205.607 206.491 207.721
205.464 205.929 207.732
201.505 205.250 207.711
205.216 205.932 207.475
205.548 206.437 207.728
205.214 206.362 207.960
205.607 206.692 207.743
203.704 205.463 207.883
203.422 205.587 207.876
205.043 206.598 207.632
205.421 206.849 207.808
205.286 205.966 207.629
203.742 205.754 207.764
205.681 207.323 207.921
201.706 204.741 205.610
205.508 206.476 207.848
205.291 205.608 206.491
205.575 207.277 207.875
205.297 206.300 207.730
205.237 206.365 207.743
199.147 204.777 207.916
203.206 205.423 207.523
205.339 206.134 207.574
201.371 205.124 207.501
203.827 205.303 207.713
201.348 205.140 207.666
205.308 206.370 207.867
205.596 206.816 207.704
205.212 206.233 207.627
205.504 206.055 207.756
205.205 206.248 207.741
205.367 205.930 207.738
205.265 205.431 205.582
201.804 205.376 207.949
205.218 206.293 207.733
205.385 206.700 207.715
203.195 205.915 207.703
205.285 206.328 207.759
205.336 206.443 207.683
205.390 206.292 207.659
203.824 205.570 207.787
205.301 205.898 207.742
205.422 205.929 207.546
205.329 206.361 207.837
205.143 205.767 207.495
205.467 206.338 207.547
205.487 207.476 211.111
203.483 206.804 207.711
203.604 205.950 207.750
205.323 206.460 207.785
205.311 206.349 207.681
205.456 206.081 207.791
203.387 206.390 207.816
205.420 206.627 207.795
205.556 206.487 207.947
205.384 205.888 207.486
201.436 205.609 207.740
203.300 206.241 207.598
205.346 206.708 207.671
205.486 206.462 207.672
205.317 206.390 207.800
205.760 206.983 207.857
205.462 207.310 207.871
203.669 206.340 209.110
205.435 206.015 207.801
205.327 206.787 207.846
205.440 206.583 207.897
204.132 205.409 205.983
201.433 204.774 205.729
205.450 205.992 207.514
205.618 207.196 209.410
205.506 205.902 207.357
205.415 206.386 207.776
205.255 206.404 207.845
204.041 204.656 206.620
205.773 207.335 207.800
201.388 204.503 206.806
205.322 207.102 207.588
205.524 205.636 205.752
203.473 205.150 205.761
204.862 206.787 210.448
205.562 206.823 207.708
204.192 205.543 206.534
201.257 206.430 209.648
204.051 204.688 206.459
205.399 206.030 207.773
205.263 205.890 207.795
205.239 206.243 207.496
205.385 206.827 207.684
205.442 207.680 211.685
200.100 203.887 206.520
205.233 205.951 207.675
205.377 206.093 207.841
203.398 206.867 207.867
197.842 203.875 206.660
202.202 205.154 206.632
204.261 205.693 206.602
204.013 205.635 206.695
203.960 204.684 206.509
204.101 205.106 206.543
204.167 205.134 206.500
199.943 203.955 207.201
204.092 205.264 207.034
204.047 205.409 206.446
204.195 204.603 205.531
204.312 204.817 206.505
203.952 205.119 206.543
204.333 204.827 206.385
204.231 205.710 206.817
204.040 205.040 206.469
204.229 205.658 206.682
204.057 205.667 206.767
204.009 204.743 206.723
204.778 206.118 206.603
202.379 204.460 206.594
204.187 205.202 208.463
204.104 204.699 206.526
202.046 205.281 206.613
204.075 204.729 206.452
204.477 206.064 206.582
204.429 205.757 206.722
204.151 206.281 207.556
204.127 205.958 207.453
204.201 204.299 204.544
203.700 205.516 206.488
204.088 204.626 206.542
202.287 204.717 206.429
204.293 205.274 206.653
204.124 204.701 206.420
204.171 205.190 206.580
204.057 205.473 206.382
204.082 204.646 206.470
204.327 204.889 206.734
204.157 205.160 206.523
204.103 204.250 204.483
204.081 204.397 204.556
204.312 204.845 206.382
204.441 205.705 206.559
203.093 205.430 206.714
202.057 204.799 206.544
206.327 206.436 206.539
204.285 205.582 206.485
204.222 205.108 206.368
204.267 204.707 206.403
204.087 205.207 206.590
202.800 204.438 206.413
204.420 205.338 206.646
204.328 205.226 206.533
204.277 204.531 205.174
204.063 206.719 210.240
204.199 204.737 206.240
202.406 204.287 206.490
204.065 205.530 206.638
201.987 203.371 204.318
202.144 202.664 204.446
202.013 203.418 204.398
202.110 203.836 204.374
202.111 202.770 204.355
202.243 203.153 204.343
202.079 203.354 204.250
201.995 203.019 204.510
202.070 202.184 202.344
201.956 202.729 204.395
202.040 203.406 204.475
202.006 202.466 204.093
197.756 201.540 204.256
201.999 204.957 209.337
202.042 202.609 204.235
201.715 202.335 204.375
202.145 203.527 204.514
202.070 202.656 204.396
203.097 205.862 209.452
203.147 203.723 205.352
203.384 204.696 205.663
203.189 204.643 207.409
203.006 204.625 205.559
205.340 205.915 207.591
205.462 206.440 207.719
205.464 206.544 208.061
203.656 206.391 207.695
205.449 206.863 207.901
205.398 205.471 205.521
205.314 207.276 207.977
205.313 205.984 207.803
205.449 207.383 208.226
205.488 206.379 207.821
201.168 205.181 207.721
205.499 207.436 212.913
205.308 207.116 208.930
205.342 205.894 207.485
205.306 207.169 207.879
205.286 205.827 207.486
205.164 205.912 207.865
205.239 206.766 207.791
205.374 206.002 207.917
203.142 206.307 207.775
205.316 206.926 208.671
205.256 205.852 207.472
205.504 206.964 207.933
205.351 205.974 207.566
205.351 206.430 207.892
203.685 205.583 207.908
205.105 205.779 207.634
205.284 205.459 205.670
203.662 206.051 207.868
205.167 206.715 207.713
205.378 206.022 207.662
205.344 206.445 207.923
205.346 205.505 205.654
205.464 207.256 207.917
205.716 207.261 207.723
204.628 205.301 205.650
205.498 206.421 207.855
205.667 207.260 207.744
205.347 206.381 207.775
205.280 205.957 207.656
205.375 205.756 206.750
205.332 206.710 207.653
205.397 207.216 207.830
205.241 207.209 207.800
205.100 205.427 205.768
201.400 205.117 207.614
205.236 206.379 207.962
199.059 204.161 205.554
203.487 205.643 207.794
205.274 205.796 207.496
201.205 205.905 207.769
205.125 205.778 207.507
204.262 205.248 206.521
204.059 205.845 210.127
204.253 205.194 206.607
204.420 205.676 206.609
204.360 204.896 206.610
204.368 204.912 206.688
204.191 205.113 206.412
200.300 205.087 210.393
204.382 204.916 206.812
204.084 205.108 206.549
204.160 205.186 206.581
204.387 206.041 206.705
204.117 205.166 206.547
204.184 205.252 206.726
204.243 204.794 206.425
204.305 205.694 206.632
204.268 205.135 206.428
204.094 204.691 206.392
202.099 203.935 204.719
204.045 204.603 206.250
204.346 205.250 206.499
204.263 205.223 206.535
204.106 205.211 207.009
204.275 206.062 206.567
204.082 204.787 206.551
202.013 205.641 206.687
204.006 205.073 206.322
204.287 204.904 206.622
202.069 204.882 206.474
201.921 204.589 206.385
203.809 204.981 206.449
204.045 204.603 206.486
204.034 205.105 206.609
204.088 204.930 206.473
201.938 205.092 210.333
201.810 204.124 206.381
204.104 204.222 204.356
203.118 204.568 206.638
204.105 204.224 204.343
204.093 205.872 212.097
204.097 204.270 204.396
204.055 204.177 204.359
204.323 204.413 204.629
204.151 204.286 204.470
204.023 204.223 204.568
203.928 204.393 205.577
204.165 204.311 204.437
204.280 204.420 204.596
204.139 204.186 204.256
204.223 204.575 205.517
204.127 204.185 204.283
202.057 203.959 204.776
204.085 204.964 207.898
204.041 204.198 204.379
204.253 204.340 204.464
204.075 204.164 204.279
202.202 203.792 204.451
204.114 204.388 204.577
204.296 204.401 204.487
203.871 204.125 204.357
200.743 203.683 204.557
204.244 204.358 204.477
204.059 204.198 204.324
204.156 205.092 208.281
203.953 204.120 204.437
202.053 203.794 204.459
198.844 203.268 204.515
204.032 204.180 204.342
203.909 204.298 204.988
202.120 203.786 204.373
202.040 203.842 204.623
203.217 204.207 204.576
204.097 204.372 204.791
204.171 204.324 204.487
204.241 204.358 204.502
204.167 204.366 204.510
204.045 204.326 204.671
204.024 204.256 204.462
201.999 203.870 204.436
204.011 204.257 204.581
203.947 204.153 204.446
202.526 203.983 204.574
204.196 204.328 204.528
201.975 203.936 204.783
202.286 203.982 204.532
197.897 203.137 204.621
203.996 204.188 204.600
204.003 204.202 204.357
202.079 203.879 204.515
204.116 204.333 204.584
202.152 203.993 204.609
204.103 204.326 204.460
204.201 204.309 204.452
202.371 204.033 204.586
204.187 204.330 204.415
204.233 204.401 204.492
204.154 204.256 204.555
204.126 204.290 204.511
200.040 203.457 204.463
204.115 204.413 204.722
202.026 203.922 204.603
202.317 203.814 204.242
203.987 204.266 204.498
203.969 204.208 204.329
204.205 204.404 204.550
202.406 203.964 204.540
202.288 203.949 204.590
204.234 204.384 204.525
204.178 204.254 204.387
204.224 204.358 204.470
204.203 204.325 204.533
203.978 204.110 204.225
204.137 205.260 208.348
202.174 204.151 206.209
202.113 205.734 209.314
203.939 204.612 206.356
204.065 205.155 206.476
204.034 204.220 204.404
203.955 204.182 204.492
206.314 206.411 206.472
204.081 205.580 206.591
204.281 204.848 206.574
204.239 204.717 206.249
202.169 204.012 206.329
202.209 205.189 206.589
203.885 205.016 206.395
204.118 204.746 206.481
204.214 205.361 206.533
200.299 203.808 206.411
203.887 204.494 206.344
204.061 205.550 206.537
202.260 204.265 206.551
204.228 205.632 206.653
206.138 207.512 208.400
206.057 206.112 206.181
204.273 205.785 206.268
199.603 205.233 208.222
206.200 206.607 208.096
205.960 207.419 208.352
205.918 206.068 206.243
206.130 207.263 209.304
203.994 205.700 206.300
205.809 206.936 208.298
204.265 206.579 208.149
201.737 205.654 208.085
205.997 207.022 208.451
205.983 207.607 209.265
206.011 207.345 208.348
206.011 207.480 208.493
205.912 206.654 208.560
205.813 206.852 208.393
205.915 206.920 208.297
204.025 206.237 208.190
205.776 205.973 206.143
206.083 207.098 208.564
203.843 206.565 208.370
205.940 207.354 208.270
206.008 207.027 208.312
204.001 206.896 208.277
205.936 206.988 208.304
205.989 206.580 208.263
206.166 206.995 208.151
206.077 207.891 208.454
206.049 206.991 208.421
205.854 206.902 208.253
206.028 206.984 208.356
205.780 206.959 208.434
205.758 206.420 208.452
202.594 206.198 208.342
206.095 207.066 208.344
206.145 207.870 208.393
204.334 204.828 206.514
204.225 205.194 206.640
204.404 205.833 206.642
201.945 205.835 208.377
202.139 204.392 206.633
203.901 205.056 206.498
205.889 207.655 212.114
205.876 206.827 208.163
204.521 205.702 206.458
198.025 202.769 204.532
200.395 204.344 206.611
202.060 205.182 206.500
204.134 204.734 206.492
204.099 204.240 204.364
203.570 204.473 206.229
204.208 205.394 206.703
204.103 205.608 206.711
204.080 204.692 206.629
204.213 205.143 206.506
202.411 204.712 206.535
204.004 204.647 206.504
204.049 204.987 206.357
204.142 205.172 206.517
204.116 205.198 206.458
204.062 205.076 206.448
202.087 204.226 206.314
204.035 205.206 206.521
202.222 204.254 206.310
204.069 205.951 206.614
204.099 205.101 206.407
204.252 205.595 206.539
204.276 205.962 206.532
204.109 204.723 206.502
204.028 205.440 206.539
202.562 204.188 206.312
202.176 203.940 204.511
206.046 206.675 208.531
205.956 207.405 208.356
206.000 206.900 208.282
205.996 207.366 208.353
205.759 206.363 208.086
205.899 206.942 208.482
206.059 206.545 208.125
201.723 206.402 208.246
205.814 206.944 208.249
206.110 207.149 208.436
201.889 205.714 208.268
206.155 207.396 208.265
206.163 207.253 208.417
204.887 207.145 208.442
205.722 206.440 208.240
205.873 206.865 208.236
205.849 207.828 208.406
203.939 206.520 208.176
204.018 207.587 211.865
205.755 206.909 208.397
206.069 206.120 206.162
200.717 205.425 208.231
203.827 206.483 208.320
205.852 206.764 208.352
205.902 207.377 208.290
206.115 207.536 208.476
206.221 207.220 208.547
204.105 205.148 206.586
204.022 204.759 206.491
204.093 205.087 206.353
205.897 207.049 208.506
206.022 206.957 208.340
206.059 206.608 208.411
205.814 207.269 208.270
205.813 205.998 206.181
203.842 204.908 206.072
206.019 206.639 208.421
205.893 207.398 208.509
205.051 206.378 208.473
206.024 206.114 206.235
202.136 206.072 208.371
205.893 207.361 208.378
203.703 206.495 208.299
205.218 206.135 206.504
199.644 206.176 208.352
206.026 207.034 208.393
204.271 205.662 206.653
204.151 204.658 206.462
202.097 203.872 206.264
204.225 204.759 206.694
204.490 205.986 206.499
204.300 205.511 206.298
203.946 204.593 206.461
204.066 205.079 206.527
204.106 204.655 206.483
204.003 205.021 206.405
201.948 205.159 206.696
204.238 205.564 206.461
204.443 206.114 210.504
201.889 203.907 204.546
205.996 207.714 208.259
205.818 206.831 208.369
202.086 205.831 208.248
205.894 206.996 208.440
205.924 206.449 208.301
204.556 206.641 208.332
206.083 207.405 208.267
206.132 206.232 206.408
205.917 207.391 208.459
205.845 206.418 208.318
206.078 207.456 208.452
205.936 207.158 209.658
205.853 206.136 206.282
205.748 206.436 208.042
205.849 205.981 206.200
204.028 206.051 208.385
205.968 207.501 208.411
206.054 206.566 208.233
202.422 206.297 208.365
205.839 206.873 208.120
206.039 206.943 208.560
205.834 206.620 208.229
206.035 207.430 208.417
206.047 207.510 208.517
199.541 206.049 208.283
204.158 206.546 208.273
206.165 207.399 208.351
205.650 206.725 208.043
205.891 206.501 208.195
205.802 206.468 208.168
205.897 206.066 206.187
205.944 206.141 206.351
205.691 206.796 208.128
205.873 207.239 209.828
208.026 208.186 208.321
206.032 206.551 208.105
205.912 207.334 208.251
206.000 206.607 208.337
205.839 208.192 212.813
206.016 206.867 208.067
205.647 207.277 208.360
205.894 207.379 208.400
205.780 205.991 206.332
205.865 207.562 209.746
204.083 205.626 206.071
205.814 206.494 208.223
203.823 205.098 206.062
205.956 207.353 208.300
206.056 207.462 208.489
205.849 207.799 208.484
205.969 207.813 208.429
205.937 207.804 209.878
205.320 206.687 207.569
203.554 205.898 207.598
205.213 206.481 208.593
205.365 207.151 207.683
204.986 206.621 207.776
205.374 206.731 207.676
203.260 205.798 209.546
205.317 206.248 207.642
205.385 206.672 207.624
205.547 207.586 211.633
204.572 205.621 207.573
205.242 205.438 205.620
205.515 206.836 207.738
205.284 205.493 205.760
205.159 205.833 207.420
205.261 206.309 207.704
205.251 206.224 207.565
205.495 207.283 207.889
205.336 206.051 207.893
205.211 206.331 207.844
205.091 207.014 209.043
205.417 207.625 211.718
199.088 203.624 207.659
205.421 206.367 207.773
205.307 206.378 207.719
205.274 206.333 207.726
205.434 206.774 207.719
205.585 206.451 207.764
205.294 205.418 205.576
205.087 205.812 207.599
203.887 206.522 207.882
205.526 206.517 207.828
205.629 207.212 207.729
205.313 206.822 207.820
205.445 205.539 205.628
203.328 205.528 207.624
205.430 206.343 207.553
205.177 205.986 208.520
205.471 206.365 207.700
205.345 206.282 207.534
203.175 205.868 207.614
205.378 205.575 205.760
205.360 206.764 207.808
205.383 205.892 207.577
205.472 206.846 207.857
205.263 206.306 207.689
203.564 206.157 208.041
205.140 205.468 205.694
205.531 207.451 210.512
205.118 205.312 205.474
205.301 206.247 207.649
205.693 206.622 207.799
205.240 205.892 207.731
205.363 206.065 207.709
205.144 205.930 207.874
205.572 207.247 207.817
201.292 204.955 207.402
205.343 206.292 207.561
199.199 204.635 207.618
205.296 205.813 207.397
204.730 206.159 207.784
205.315 205.451 205.598
205.245 205.909 207.746
205.369 205.499 205.566
205.350 205.939 207.620
205.240 205.320 205.472
205.297 206.780 207.752
205.189 205.560 206.271
205.422 205.534 205.811
205.434 206.319 207.638
205.204 206.296 207.788
203.592 205.338 207.764
205.213 205.944 207.790
203.739 205.067 205.528
205.407 206.252 207.897
205.354 206.695 207.626
204.144 205.526 206.493
204.337 206.079 206.651
203.402 204.560 206.533
204.038 205.143 206.722
204.298 205.879 206.372
204.335 204.942 206.361
204.320 204.891 206.537
204.056 205.123 206.589
197.828 203.452 206.333
203.907 204.605 206.445
203.902 205.041 206.389
205.345 206.863 207.816
205.392 206.424 207.803
205.274 205.598 205.890
203.501 205.490 207.843
205.289 205.976 207.679
205.633 206.961 207.867
203.247 204.969 205.542
205.432 207.332 207.964
203.023 206.312 207.740
204.215 206.030 207.634
203.316 205.396 207.734
203.251 205.445 207.598
205.292 206.800 207.730
205.260 206.829 207.896
199.386 204.311 207.676
204.279 205.480 206.351
204.212 204.716 206.423
204.044 205.205 206.758
205.421 206.464 207.908
202.052 204.311 206.498
204.066 206.634 211.971
201.810 204.674 206.378
204.270 205.603 206.553
204.282 205.634 206.648
204.089 206.006 206.568
200.593 204.141 206.598
204.389 206.411 210.413
200.277 204.286 206.455
201.856 204.591 206.469
203.999 205.010 206.322
204.506 206.066 206.637
204.331 206.090 206.676
201.890 204.653 206.469
204.157 205.178 206.510
203.876 205.062 206.603
204.128 205.576 206.529
202.155 204.827 206.669
202.140 204.728 206.487
204.147 205.529 206.449
204.262 204.374 204.478
204.345 205.175 206.518
202.389 204.884 206.661
204.229 204.806 206.510
201.934 204.656 206.444
204.218 205.546 206.425
204.442 205.715 206.588
204.219 204.897 206.280
204.314 205.946 206.483
202.149 204.681 206.370
204.213 205.202 206.757
203.946 205.096 206.571
204.104 204.666 206.512
204.054 205.171 206.603
204.065 205.089 206.507
204.156 204.670 206.472
203.915 204.144 204.314
204.055 205.164 206.635
204.154 204.736 206.573
203.995 204.633 206.295
204.317 205.281 206.515
204.267 206.120 206.663
204.108 205.610 206.696
200.164 204.394 206.587
204.099 205.538 206.471
204.154 205.943 206.474
204.246 205.133 206.407
204.399 205.749 206.678
204.219 204.873 206.385
205.284 206.048 207.725
205.201 206.024 207.804
205.446 206.074 207.901
205.621 206.518 207.737
205.535 206.532 207.744
205.374 206.527 208.791
205.418 207.228 207.816
204.535 205.259 205.552
205.567 206.510 207.795
205.471 206.432 207.774
203.856 205.675 207.670
205.457 206.800 207.724
205.391 206.905 207.884
205.319 205.932 207.848
201.456 205.872 207.629
205.243 205.886 207.813
201.378 205.621 207.897
205.515 206.041 207.892
205.242 206.807 207.928
205.336 205.481 205.647
205.340 205.925 207.513
203.670 205.766 207.677
205.461 206.382 207.702
205.315 205.972 207.882
205.673 206.998 207.923
205.217 205.861 207.867
205.212 206.523 208.450
201.450 206.012 207.823
205.527 206.453 207.766
205.276 206.250 207.676
205.155 205.826 207.596
205.448 205.994 207.722
205.648 206.106 207.724
205.339 206.291 207.664
205.384 205.979 207.682
198.953 204.955 207.763
205.200 205.869 207.573
205.385 206.357 207.793
205.190 207.569 209.482
205.372 206.772 207.711
205.441 206.027 207.795
205.138 205.804 207.662
203.386 205.906 207.782
205.262 206.754 207.741
201.732 204.737 205.598
203.642 206.450 207.819
205.316 206.345 207.771
205.269 206.359 207.876
205.534 205.950 207.509
205.136 205.803 207.628
205.535 206.446 207.730
205.436 206.797 207.849
205.176 206.809 207.839
205.209 206.300 207.678
205.434 207.679 211.812
205.532 208.696 217.039
205.312 205.962 207.635
205.402 206.389 207.770
203.115 205.832 207.795
205.471 206.369 207.720
205.506 206.389 207.677
205.409 206.046 207.642
205.407 205.530 205.752
205.427 206.466 207.920
203.619 206.862 207.748
205.419 205.906 207.482
205.234 205.644 206.535
203.961 205.619 207.624
205.429 206.421 207.818
205.222 205.423 205.582
205.318 206.679 207.661
205.207 206.246 207.658
205.287 206.386 207.760
205.292 206.462 207.911
203.683 205.924 207.462
205.546 207.322 207.811
201.538 205.096 207.699
205.383 205.954 207.879
205.252 206.416 207.763
205.379 205.986 207.849
205.571 206.952 207.907
205.152 205.789 207.795
201.489 204.712 207.556
205.300 206.311 207.776
204.432 206.019 207.628
205.248 206.686 207.687
205.376 206.422 207.766
205.286 205.849 207.549
205.707 206.964 207.822
199.047 205.703 207.945
205.657 206.980 207.897
203.332 205.108 205.692
205.550 206.673 207.730
205.476 206.047 207.742
205.601 206.106 207.839
205.409 205.551 205.824
205.412 206.352 207.740
203.426 205.501 207.635
205.512 206.495 208.111
205.248 207.146 207.792
204.735 205.310 205.539
205.182 206.328 207.643
204.006 205.645 207.745
205.569 206.506 207.743
207.542 207.639 207.761
205.493 206.508 207.844
205.426 206.458 207.773
205.128 208.032 211.634
201.387 204.670 207.620
205.155 205.960 207.592
205.259 206.656 207.656
205.235 205.888 207.463
201.508 204.253 205.516
205.343 206.771 207.828
203.337 205.970 207.773
203.882 205.586 207.685
205.711 206.970 207.981
205.524 206.830 207.930
205.469 206.007 207.573
205.398 207.238 207.855
205.514 206.915 207.854
205.457 206.047 207.763
205.344 205.892 207.623
205.410 206.881 207.914
199.692 204.229 207.683
205.311 206.693 209.297
205.460 206.027 207.669
205.330 205.931 207.816
205.322 206.314 207.631
205.492 206.425 207.783
205.223 205.876 207.725
203.086 205.224 205.936
201.310 205.051 207.611
205.196 206.809 207.726
205.260 205.888 207.540
205.601 207.250 209.365
205.321 206.772 207.811
205.677 206.969 207.822
205.451 206.853 207.769
203.377 205.845 207.864
201.581 205.245 207.873
205.383 206.017 207.762
205.444 206.060 207.930
205.418 206.000 207.812
205.441 207.365 211.587
205.359 206.051 207.845
199.042 204.805 207.759
205.147 206.396 207.824
205.486 205.895 207.403
205.415 206.353 207.608
205.268 205.907 207.796
205.493 207.156 209.481
205.372 205.966 207.923
205.551 206.853 207.833
205.371 206.357 207.793
205.462 206.039 207.752
205.468 206.847 207.782
205.467 206.503 207.887
203.406 205.777 207.818
205.264 205.410 205.585
201.296 205.787 211.351
205.344 205.915 207.773
205.182 205.952 207.896
203.763 205.592 207.757
205.117 206.130 209.217
205.358 205.943 207.525
201.298 205.049 207.631
205.546 207.356 207.882
205.605 207.494 208.731
205.320 207.210 209.543
205.378 206.000 207.743
205.416 206.381 207.781
205.359 206.824 207.784
205.495 206.750 207.685
205.407 206.695 207.631
205.480 206.011 207.734
205.536 206.501 207.999
205.304 206.692 207.647
205.333 206.666 207.561
205.222 206.678 207.658
203.537 205.568 207.653
205.608 207.238 211.648
205.384 205.964 207.602
205.346 206.406 207.857
205.197 205.932 207.757
205.382 206.372 207.595
205.379 206.378 207.884
205.527 206.037 207.783
205.393 207.167 207.643
205.260 206.677 207.673
205.289 206.274 207.671
205.395 206.933 207.756
203.167 205.793 207.577
205.314 205.559 205.860
205.254 206.738 207.771
205.356 205.897 207.459
205.282 206.846 207.892
203.348 205.599 207.890
205.160 206.585 207.516
203.414 205.371 207.451
203.595 205.645 207.926
201.277 204.484 205.485
205.288 206.660 207.710
205.238 205.894 207.752
205.195 205.852 207.522
205.391 206.673 207.586
205.312 206.951 207.841
203.208 205.560 207.643
205.487 206.921 207.879
205.142 205.833 207.504
205.271 205.421 205.480
205.445 206.465 207.888
205.404 206.079 207.693
205.463 207.301 208.528
205.310 206.417 207.795
205.319 206.430 207.965
205.265 205.963 207.692
205.519 206.493 207.686
205.380 206.243 209.054
205.208 205.449 205.684
205.275 205.502 205.693
199.019 205.089 207.904
205.250 205.895 207.723
205.117 206.642 207.704
201.520 205.480 207.724
205.662 207.016 207.811
205.305 206.491 208.652
205.413 206.454 207.798
205.370 206.413 207.858
205.538 206.374 207.658
205.253 206.674 207.665
205.309 208.049 212.077
205.454 206.451 207.729
205.221 205.512 205.634
205.254 206.408 207.950
205.386 206.013 207.741
205.386 206.782 207.793
203.350 205.541 207.730
205.312 205.865 207.556
205.409 206.797 207.795
198.727 205.051 207.721
203.393 205.048 205.598
205.146 205.892 207.632
205.705 207.057 207.778
205.491 206.049 207.699
205.181 205.873 207.666
205.309 205.475 205.673
205.355 206.853 207.798
205.486 206.503 207.978
205.484 205.567 205.699
205.293 206.448 207.921
205.512 206.423 207.692
205.440 206.105 207.877
205.398 206.353 207.703
205.338 205.914 207.605
205.604 207.032 207.925
205.487 207.006 208.046
202.020 205.814 208.150
205.428 206.483 207.656
205.302 206.737 207.641
205.179 205.422 205.577
205.456 206.776 207.629
205.589 206.808 207.810
205.613 206.524 207.805
203.518 205.523 207.654
205.289 206.247 207.522
205.475 206.468 207.865
205.369 205.477 205.679
203.367 206.724 211.582
205.302 205.924 207.729
201.369 204.944 207.713
205.322 206.328 207.766
203.639 205.582 207.835
205.354 206.029 207.850
205.390 206.524 207.948
203.291 207.049 211.401
205.285 206.720 207.718
205.363 206.778 207.720
205.463 205.720 205.897
205.642 206.192 207.707
203.435 205.909 207.637
205.367 206.716 207.646
205.219 205.844 207.537
205.214 205.453 205.585
205.287 206.423 207.723
203.108 205.111 205.804
201.398 205.626 207.864
203.958 205.586 207.662
205.408 205.981 207.942
205.597 206.502 207.917
205.314 206.371 207.760
205.313 206.643 207.551
205.520 206.934 207.793
205.353 205.979 207.910
205.569 206.484 207.894
205.482 206.932 207.784
205.320 206.277 207.599
205.608 207.224 207.844
205.211 206.364 207.997
205.273 206.291 207.581
205.375 206.734 209.261
204.312 205.701 207.587
205.135 206.146 207.555
205.570 205.994 207.564
203.497 205.510 207.689
205.522 206.827 207.786
207.747 207.847 208.023
205.375 205.976 207.790
205.363 206.364 207.603
205.350 206.834 207.770
205.379 206.859 207.846
205.197 205.908 207.809
205.418 205.964 207.651
201.352 205.550 207.800
205.496 206.929 207.830
205.394 206.338 207.616
205.414 206.345 207.560
205.358 206.332 207.702
203.247 205.000 205.670
205.277 205.968 207.698
205.444 207.264 207.841
199.184 204.231 205.714
205.484 206.395 207.748
205.413 205.948 207.499
203.307 205.514 207.814
205.193 206.700 207.698
205.360 206.826 207.830
205.253 206.729 207.730
205.324 206.262 209.159
205.477 206.392 207.646
201.251 205.489 207.558
205.273 206.264 207.772
205.314 205.505 205.703
205.407 206.313 207.542
205.396 206.704 207.629
205.422 206.453 207.914
205.225 206.204 207.558
203.043 204.989 205.608
205.306 206.799 207.844
205.537 206.194 207.875
205.505 206.427 207.722
205.299 206.448 207.855
205.352 205.966 207.586
205.469 206.331 207.655
205.289 206.437 207.830
205.548 206.573 207.958
205.490 206.411 207.829
205.605 206.889 207.799
205.563 206.820 207.675
205.508 206.392 207.694
203.388 204.663 205.594
205.273 205.925 207.842
205.147 206.248 207.663
205.081 206.212 207.719
203.545 205.610 207.928
205.428 206.868 207.889
205.357 205.907 207.601
205.461 207.188 207.717
201.726 205.634 207.702
205.243 205.544 205.725
205.350 206.274 207.571
205.289 205.833 206.560
205.526 206.885 207.822
205.282 205.840 207.446
199.040 204.147 205.629
205.439 206.411 207.848
205.348 206.027 207.795
203.344 205.521 207.685
205.426 206.448 207.791
205.553 206.107 207.950
205.312 205.930 207.617
201.335 205.997 207.717
205.381 206.307 207.676
205.321 205.889 207.608
205.472 206.419 207.706
205.668 206.900 207.897
205.374 206.762 207.721
205.392 205.584 205.769
205.288 206.411 207.848
205.204 205.864 207.696
205.326 206.319 207.673
205.369 205.979 207.843
203.181 205.436 207.632
203.551 205.115 205.581
205.480 206.428 207.861
205.681 207.342 207.865
205.347 206.705 207.716
205.448 206.040 207.964
205.249 205.819 207.625
205.533 206.847 207.760
200.179 204.538 206.044
205.266 206.387 207.794
205.314 205.913 207.705
205.381 206.479 207.582
205.370 206.745 207.644
205.350 205.964 207.710
205.511 205.738 205.873
205.245 206.321 207.627
205.405 207.269 207.849
201.509 205.278 207.805
205.595 207.336 207.848
205.476 205.976 207.715
205.466 206.411 207.735
205.465 206.721 207.612
205.523 206.893 207.880
205.400 206.380 207.729
205.523 206.497 207.936
205.346 205.885 207.568
205.251 205.861 207.566
205.414 206.454 207.877
205.420 206.216 208.793
205.284 206.419 207.782
205.115 206.253 207.684
205.248 205.822 207.615
205.276 205.526 205.864
205.230 206.722 207.810
205.526 206.442 207.713
202.872 205.897 207.823
205.478 207.148 209.270
205.327 207.122 209.427
205.369 205.902 207.507
205.348 205.867 207.583
205.362 205.496 205.795
202.711 205.367 207.762
203.718 205.645 207.501
205.463 206.764 207.713
205.111 205.784 207.734
205.330 205.924 207.618
205.335 206.782 207.811
205.444 206.422 207.892
205.553 207.941 211.321
205.055 206.201 207.584
205.274 207.260 212.600
203.197 206.436 207.932
205.507 206.538 207.839
205.348 206.349 207.687
205.440 207.804 210.814
205.317 206.770 207.713
205.153 206.648 207.596
205.278 206.382 207.789
205.214 205.798 207.543
205.355 206.370 207.799
205.328 206.326 207.727
199.035 205.078 207.745
205.134 205.419 205.717
205.098 206.243 207.609
205.329 206.339 207.687
205.186 205.894 207.658
205.224 207.113 207.720
201.172 204.524 205.478
205.397 205.516 205.659
201.310 204.690 207.715
205.293 206.256 207.718
205.364 205.557 205.845
199.034 204.134 207.562
205.596 206.411 207.626
205.222 205.518 206.148
205.193 205.422 205.535
204.447 206.525 207.535
205.353 206.330 207.731
205.336 206.734 207.698
205.321 206.791 207.810
205.374 206.027 207.699
205.273 205.955 207.735
205.412 206.369 207.715
205.114 206.205 207.559
205.569 206.915 207.844
205.323 206.700 207.637
205.380 206.730 207.736
205.335 205.963 207.690
204.235 206.740 207.866
203.176 205.568 207.670
205.435 207.292 207.836
204.781 207.077 207.874
205.402 206.577 208.610
205.303 206.629 207.527
205.485 207.276 207.904
205.461 207.013 208.767
204.652 207.131 207.883
205.293 207.126 207.696
205.293 205.618 205.990
205.554 206.065 207.789
203.515 205.207 206.335
205.534 206.489 207.835
205.506 206.848 207.735
205.695 207.212 207.663
205.067 206.529 209.261
203.704 205.989 207.821
205.337 206.712 207.714
201.628 205.557 207.683
205.338 206.429 207.600
205.520 206.583 207.691
205.243 206.283 207.670
201.340 204.157 205.724
205.291 206.415 208.647
205.149 205.843 207.575
205.274 206.496 207.559
205.283 205.904 207.476
205.357 206.144 207.782
205.612 206.495 207.717
205.533 206.862 207.732
205.354 206.304 207.728
205.256 206.304 207.664
205.551 206.458 207.758
205.280 205.973 207.981
205.378 206.756 207.778
205.314 206.375 207.592
205.280 206.363 207.711
205.345 206.331 207.663
205.286 206.293 207.582
205.323 205.398 205.467
203.449 206.860 207.799
205.346 206.229 207.642
205.311 205.898 207.540
203.598 205.226 206.676
205.327 207.241 207.814
203.247 206.039 207.803
205.401 206.324 207.685
205.259 205.878 207.537
205.364 206.254 207.623
205.210 205.886 207.599
205.435 206.421 207.784
205.286 205.593 205.859
204.993 205.824 207.751
201.311 205.058 207.523
205.709 206.483 207.643
205.537 206.458 207.669
205.374 206.343 207.653
205.334 205.948 207.794
205.390 206.312 207.671
205.413 206.011 207.782
205.383 206.434 207.595
203.705 205.768 208.813
205.614 206.545 207.901
205.207 205.646 205.872
205.349 205.945 207.641
205.450 206.297 207.606
205.167 206.369 207.512
205.362 206.316 207.817
205.377 206.364 207.739
205.169 205.434 205.650
205.435 205.950 207.581
201.376 205.515 207.588
207.494 207.581 207.664
205.447 206.513 207.673
205.544 207.269 207.828
205.365 206.634 207.562
203.527 205.525 207.542
203.626 205.506 207.543
203.156 206.411 207.921
205.358 206.441 207.768
205.577 206.543 207.897
205.269 206.451 207.930
205.572 206.510 207.854
203.222 205.262 206.218
205.222 206.372 207.682
205.186 205.344 205.476
205.322 207.124 209.380
205.474 206.851 207.863
205.560 206.501 207.843
203.266 206.022 207.874
199.332 205.147 207.775
205.481 206.018 207.676
204.865 206.082 207.511
199.006 205.483 208.697
205.292 206.954 208.716
205.367 205.551 205.723
205.330 206.224 207.610
205.540 206.488 207.835
205.226 205.900 207.759
205.635 206.917 207.891
205.590 206.912 207.828
203.421 206.065 207.956
205.422 206.340 207.621
205.290 206.418 207.798
205.494 206.062 207.863
205.427 206.466 207.906
205.542 206.527 207.860
203.733 205.858 207.669
205.239 207.073 207.644
204.636 205.753 207.784
205.461 206.474 207.947
205.451 207.151 207.691
205.345 205.973 207.723
205.274 205.412 205.518
205.068 207.037 209.467
203.628 205.031 205.691
205.297 206.078 207.732
205.511 205.572 205.631
205.240 206.665 207.590
205.118 205.722 207.422
205.230 206.093 207.523
203.668 205.206 205.806
205.244 206.714 207.738
205.373 206.791 212.049
205.341 205.905 207.569
201.747 205.082 207.591
203.758 204.983 205.525
205.517 206.670 208.666
199.042 205.119 207.742
205.257 205.864 207.614
205.194 206.315 207.580
205.304 206.682 207.630
203.432 205.607 207.665
204.465 206.094 207.695
203.243 205.913 207.766
205.206 206.262 207.739
203.071 205.920 207.738
204.567 206.188 207.776
205.291 206.340 207.779
205.309 206.425 207.837
200.326 205.401 207.764
205.386 206.388 207.848
202.603 205.353 207.688
205.254 205.405 205.508
205.449 206.776 207.747
205.169 206.210 207.747
205.396 205.871 207.482
201.320 205.285 208.710
205.256 206.260 207.649
205.341 206.732 207.795
205.289 206.362 207.646
205.501 205.619 205.735
205.233 205.856 207.600
205.565 205.615 205.696
205.200 205.782 207.539
205.061 205.425 205.692
205.287 205.989 207.776
205.376 206.040 207.678
205.512 206.388 207.522
199.090 204.138 205.548
205.362 206.368 207.668
205.483 205.809 206.537
205.297 205.938 207.654
205.356 206.427 207.859
203.469 206.339 207.682
205.409 206.796 207.759
201.428 206.061 207.978
205.329 206.889 207.896
205.370 206.759 207.666
205.454 207.738 212.541
205.548 206.554 208.071
202.715 205.517 208.096
205.405 206.825 207.767
203.972 205.587 207.782
205.327 206.741 207.738
203.160 205.398 207.635
203.790 205.554 207.378
203.427 205.874 207.677
205.417 206.451 207.725
205.261 205.393 205.627
205.359 206.821 207.956
205.401 205.526 205.721
205.383 206.360 207.584
205.567 206.127 207.909
203.247 206.803 207.827
205.288 206.329 207.736
205.308 205.935 207.489
205.295 205.858 207.598
205.231 206.565 207.772
205.320 205.975 207.727
205.144 206.781 207.867
205.184 206.261 207.588
203.147 204.913 205.525
205.245 205.426 205.725
207.474 207.676 207.872
205.463 206.523 207.922
205.362 206.379 207.824
205.340 205.952 207.660
205.433 206.366 207.728
203.304 205.023 205.546
205.290 206.354 207.674
205.447 205.971 207.780
205.271 206.337 207.691
199.167 204.220 205.869
205.332 206.786 207.731
205.243 205.809 207.464
205.279 206.743 207.814
201.150 204.678 207.784
205.181 205.478 205.657
205.331 206.256 209.464
203.443 205.108 205.667
205.271 206.808 207.816
205.435 206.495 207.899
205.457 206.794 207.836
205.272 206.337 207.702
203.179 205.089 205.727
201.024 205.007 207.511
205.424 205.957 207.613
205.337 206.309 207.693
205.532 206.764 207.612
205.322 206.393 207.695
205.311 207.574 211.535
205.272 205.833 207.553
205.342 207.150 209.424
205.260 205.860 207.744
205.276 207.152 207.726
205.386 206.351 207.721
203.465 205.536 207.651
205.599 207.255 207.742
205.314 205.910 207.492
205.215 206.318 207.925
205.518 206.371 209.499
205.457 205.524 205.594
205.228 205.406 205.583
205.212 206.271 207.725
205.431 205.950 207.701
205.268 206.301 207.740
205.257 205.964 207.499
205.394 205.965 207.585
205.330 205.505 205.663
205.386 206.278 207.495
205.438 205.532 205.684
205.416 206.336 207.736
205.289 205.957 207.646
205.287 205.988 207.717
205.319 206.413 207.501
205.372 206.801 207.728
201.156 204.973 207.509
205.220 206.416 207.915
202.534 205.726 207.612
205.566 207.954 210.728
205.363 205.605 205.843
205.416 206.711 207.676
205.401 206.772 207.748
205.431 206.066 207.798
205.323 205.851 207.701
205.381 206.347 207.706
205.485 206.143 207.901
205.148 205.845 207.757
205.404 206.410 207.806
205.336 206.302 207.565
205.472 206.462 207.783
205.156 206.399 207.868
205.493 206.523 208.083
205.290 206.348 207.717
205.331 205.445 205.530
205.346 206.424 207.707
205.542 207.001 207.972
205.438 206.455 207.952
203.153 205.504 207.751
205.222 206.294 207.854
205.530 206.017 207.711
203.897 206.008 207.681
205.492 206.778 209.137
205.205 206.268 207.703
205.321 206.175 207.842
203.574 204.963 205.773
205.468 206.041 207.655
205.180 205.381 205.598
205.495 206.028 207.731
205.288 206.906 208.038
205.160 206.126 209.320
205.247 206.680 207.701
205.646 206.170 207.869
205.457 206.360 207.648
205.198 206.878 207.887
205.443 206.417 207.832
205.382 205.512 205.820
205.218 206.362 207.734
201.334 205.184 207.910
205.604 206.822 207.637
205.448 205.960 207.659
205.338 205.986 207.934
205.056 205.787 207.621
205.538 206.440 207.660
203.868 205.634 207.702
205.505 206.369 207.621
203.161 205.406 207.590
205.418 207.293 207.902
205.457 206.328 207.625
205.291 205.872 207.749
205.717 206.571 207.732
203.554 206.025 207.773
199.069 204.692 207.934
201.373 205.553 207.762
203.512 206.571 207.878
203.457 205.513 207.553
205.345 205.879 207.608
205.315 205.827 207.491
205.056 206.244 207.566
205.152 206.235 207.446
205.451 206.806 207.684
205.223 205.430 205.663
201.504 205.546 207.664
205.452 206.745 207.780
201.530 205.500 207.695
203.757 206.302 208.854
205.616 206.871 207.726
205.642 206.976 207.698
201.109 205.873 207.652
205.252 206.329 207.798
205.402 206.805 207.797
205.530 206.071 207.928
205.567 206.115 207.921
205.179 205.783 207.529
205.503 206.391 207.725
205.235 205.923 207.871
203.337 205.962 207.740
204.714 205.245 205.561
205.286 205.895 207.853
205.218 206.719 208.743
205.227 206.269 207.685
205.391 205.486 205.585
205.397 206.467 207.816
205.394 205.926 207.709
205.142 206.255 207.622
205.270 206.253 207.708
205.475 206.012 207.473
205.380 205.472 205.617
205.314 206.398 207.909
205.310 206.320 207.546
205.163 206.761 208.196
205.175 205.765 207.530
205.394 206.777 207.736
205.584 206.527 207.976
203.590 205.133 205.828
205.151 205.395 205.554
205.273 206.317 208.110
205.337 205.905 207.592
205.562 206.062 207.732
205.197 205.840 207.739
205.104 205.784 207.571
203.752 206.457 207.871
205.248 206.324 207.691
205.475 205.986 207.678
205.271 205.867 207.614
205.221 206.281 207.729
205.399 207.495 211.409
205.475 206.361 207.720
203.441 205.950 207.800
205.415 206.015 207.592
205.492 206.155 207.730
205.392 206.600 207.844
203.177 205.032 205.545
205.382 206.019 207.747
205.355 205.656 205.893
205.416 205.992 207.959
203.030 205.840 207.787
205.387 206.349 207.637
205.181 206.465 208.795
203.238 205.978 207.906
207.646 207.734 207.827
205.528 206.484 207.767
205.410 206.345 207.741
205.331 205.934 207.680
205.176 205.806 207.447
205.485 206.826 207.731
205.494 206.462 207.866
205.292 205.843 207.621
205.442 206.096 207.652
205.350 207.281 207.951
205.462 206.448 207.897
203.529 205.578 207.806
205.384 206.396 207.758
205.641 206.961 207.864
203.195 205.322 207.512
205.628 206.051 207.630
205.311 205.909 207.966
205.282 206.672 207.651
203.293 205.899 207.682
205.313 205.903 207.865
205.326 206.402 207.774
205.260 207.006 211.358
205.276 206.101 207.484
205.306 206.438 207.960
205.467 206.052 207.705
205.270 206.244 207.619
203.503 206.060 208.599
205.453 206.622 208.947
207.767 207.813 207.914
205.480 207.309 212.032
203.995 205.294 207.504
205.336 206.307 207.862
202.171 205.798 207.731
205.481 206.427 207.702
205.365 207.222 207.777
205.332 205.975 207.762
205.357 205.901 207.583
205.593 206.763 207.738
203.244 205.892 207.805
205.423 205.914 207.639
205.433 206.147 207.608
205.064 205.402 205.641
205.432 205.961 207.675
205.509 206.445 207.677
205.527 206.819 207.681
205.523 206.804 207.687
198.701 204.217 205.694
205.307 206.267 207.676
203.811 206.118 207.911
203.761 205.308 206.643
205.425 206.449 207.831
205.371 206.943 207.985
205.425 206.444 207.862
205.249 205.417 205.568
205.243 206.731 207.703
199.036 205.596 207.735
203.336 205.220 207.570
205.212 207.214 207.813
205.469 206.016 207.808
205.398 205.935 207.488
205.279 205.956 207.703
205.371 206.410 207.842
205.446 206.484 207.750
203.460 206.392 207.785
205.406 206.565 208.643
204.341 205.677 207.674
205.285 206.323 207.688
205.156 205.967 207.874
205.416 206.806 207.841
205.295 206.312 207.693
205.406 205.483 205.563
205.439 207.156 207.643
205.398 205.947 207.687
205.417 206.443 207.844
205.588 207.277 207.823
205.353 207.329 207.938
205.683 207.079 208.591
203.640 205.915 207.803
203.403 205.580 207.651
205.277 206.359 207.763
202.520 204.526 205.596
205.370 206.426 207.776
205.426 206.525 207.748
201.355 205.265 207.865
207.598 207.730 207.956
205.561 206.611 207.939
205.628 207.354 207.953
205.482 206.052 207.805
203.937 206.493 207.760
205.509 206.445 207.763
205.441 206.764 207.643
205.700 206.525 207.784
205.317 206.822 208.041
202.593 204.868 205.683
205.247 205.976 207.758
205.289 206.364 207.811
204.598 205.849 207.773
203.601 205.921 207.766
203.742 206.086 207.832
205.213 205.349 205.482
205.321 206.180 207.671
201.302 204.918 206.242
205.511 206.525 207.935
205.584 206.543 207.771
205.321 206.037 207.844
205.306 206.893 207.857
205.620 206.583 207.867
205.553 206.418 207.754
205.530 206.904 207.871
201.416 206.721 209.453
198.920 203.801 205.832
205.203 206.748 207.887
203.725 205.614 207.709
205.199 205.800 207.669
205.340 206.032 207.636
205.490 206.810 209.401
205.414 206.866 207.772
205.358 206.290 207.668
205.150 206.661 207.734
205.574 205.767 205.888
199.309 205.159 207.853
205.279 206.172 207.579
205.386 206.683 211.121
205.341 205.609 205.742
205.601 207.264 207.745
205.413 206.156 207.793
205.365 206.345 207.777
203.600 206.422 207.824
205.139 206.281 207.723
198.993 204.370 205.900
205.234 205.307 205.403
199.174 204.009 208.712
205.549 206.077 207.892
205.474 206.925 207.994
203.938 205.380 205.903
205.445 206.043 207.638
205.350 205.883 207.469
205.332 205.852 207.611
205.511 206.829 207.702
205.754 207.283 209.462
205.529 207.310 207.851
205.228 205.335 205.587
205.396 205.509 205.778
204.071 205.683 207.658
205.477 206.750 207.547
205.207 205.862 207.599
205.279 206.668 207.635
205.249 206.669 207.729
205.472 206.344 207.640
199.513 205.195 207.859
205.471 206.121 207.935
205.192 205.899 207.738
203.943 206.498 207.778
205.679 207.243 207.738
205.268 205.688 206.461
205.353 205.944 207.605
205.459 206.453 207.865
205.456 206.405 207.699
205.574 207.278 207.802
202.673 204.963 205.854
205.512 206.803 207.761
203.330 206.443 209.763
205.435 206.092 207.761
205.335 206.416 207.797
205.225 206.192 207.685
205.257 206.257 207.682
203.273 205.843 207.808
205.354 205.972 207.837
205.460 205.702 206.139
205.384 206.316 207.684
203.119 204.952 205.689
205.403 206.324 207.771
203.948 205.530 206.799
205.351 206.384 207.836
203.315 205.915 207.599
205.278 205.988 207.853
205.376 205.665 206.372
205.583 206.452 207.790
205.352 206.482 207.950
205.297 206.356 207.737
205.392 206.332 207.606
205.511 206.790 207.680
205.474 206.395 207.614
205.382 206.669 207.549
205.284 207.104 207.917
204.756 205.227 205.493
205.281 205.889 207.667
205.325 205.878 207.430
205.628 207.187 207.746
205.355 205.479 205.655
205.183 205.522 205.762
205.502 207.286 207.801
205.382 206.327 207.721
205.287 206.278 207.680
205.259 206.245 207.608
205.183 205.804 207.537
205.405 206.019 207.609
203.200 206.803 207.799
205.499 206.854 207.679
205.382 206.888 207.877
205.617 207.300 207.839
205.613 206.211 207.775
205.203 205.828 207.680
205.251 206.337 207.688
205.360 205.920 207.711
205.388 206.970 207.993
205.660 207.365 207.925
207.470 207.642 207.809
205.358 206.376 207.588
205.305 205.909 207.865
205.477 206.021 207.649
205.632 207.307 207.913
205.237 205.405 205.716
203.590 205.623 207.645
205.213 206.289 207.693
205.167 206.408 207.882
203.329 205.961 207.863
205.506 206.005 207.736
203.874 206.456 207.743
205.300 205.870 207.554
205.525 206.260 207.625
205.226 206.269 207.606
205.462 205.563 205.749
205.377 207.209 207.845
199.263 204.830 208.555
205.486 206.558 207.755
200.139 204.816 207.481
203.104 205.880 207.750
205.237 206.356 207.732
205.499 206.075 207.765
205.136 207.151 207.941
205.174 205.336 205.459
205.341 205.879 207.638
205.345 206.731 207.738
204.046 205.724 207.662
205.439 206.853 207.780
203.061 204.949 205.564
205.324 206.287 207.642
205.447 206.705 207.665
201.630 204.696 205.723
205.298 206.734 207.667
205.345 205.528 205.683
205.349 205.687 205.876
203.545 206.399 207.753
201.129 205.139 207.732
205.303 206.527 208.761
205.361 205.926 207.642
205.317 206.335 207.715
205.483 207.324 207.900
205.435 205.599 205.912
205.308 206.383 207.830
205.585 206.479 207.791
205.519 206.935 207.977
201.233 204.614 205.647
205.448 205.966 207.755
205.586 206.978 208.005
205.459 205.984 207.720
205.296 206.321 207.722
205.528 206.446 207.837
199.350 205.216 207.871
203.295 206.492 207.786
205.302 207.024 211.463
205.170 206.278 207.868
205.408 206.383 207.727
205.363 206.283 207.537
205.310 206.341 207.641
205.358 206.989 208.659
205.318 205.625 205.818
205.493 206.880 207.910
205.356 205.435 205.615
205.273 205.836 207.660
205.422 205.957 207.617
205.523 206.799 209.300
205.484 205.976 207.590
205.407 205.523 205.635
205.208 205.779 207.602
205.481 207.169 209.463
205.405 207.233 207.755
205.516 206.857 207.812
205.351 205.526 205.791
205.226 206.238 207.681
205.279 205.933 207.719
205.255 206.245 208.553
205.638 207.216 207.749
205.292 206.802 207.936
201.146 204.765 207.775
205.371 206.076 207.700
205.333 206.426 207.855
205.334 206.340 207.872
205.279 207.482 209.120
205.177 205.442 205.784
205.382 205.970 207.653
205.230 206.237 207.670
205.370 206.456 207.879
205.196 205.882 207.495
205.217 205.831 207.680
201.329 205.465 207.493
205.458 206.438 207.874
203.417 205.479 207.800
205.290 205.918 207.835
199.071 204.301 205.834
205.478 206.418 207.847
205.433 205.971 207.754
205.227 207.131 211.558
205.463 205.619 205.996
205.363 207.185 207.849
205.324 205.913 207.705
205.432 207.227 211.608
205.137 205.770 207.587
205.328 206.364 207.732
205.358 205.467 205.584
205.331 205.563 205.910
205.365 205.562 205.740
205.192 205.936 207.789
205.491 207.759 212.010
205.414 206.369 207.791
205.646 206.965 207.947
205.444 206.470 207.875
205.577 206.949 208.007
205.408 206.414 207.740
205.781 206.640 207.968
205.320 205.612 205.958
205.415 207.286 207.784
205.240 206.000 207.817
205.276 205.931 207.730
203.597 205.961 207.756
203.587 205.951 207.775
205.701 207.393 207.927
203.317 206.524 208.746
205.424 207.145 207.634
204.162 205.596 207.513
205.609 206.456 207.603
205.449 206.492 207.882
205.346 206.313 207.691
205.470 206.446 207.794
205.478 206.060 207.812
205.524 206.574 207.738
205.321 205.433 205.654
205.593 206.493 207.673
205.302 206.768 207.698
205.327 206.304 207.734
205.242 206.345 207.822
205.469 206.907 207.844
205.388 206.801 207.798
205.378 207.509 211.618
207.426 207.599 207.795
205.377 206.725 207.638
205.421 206.345 207.744
205.424 205.992 207.871
205.462 206.500 207.963
205.393 206.569 207.698
205.470 206.880 207.869
201.281 205.391 207.659
205.154 205.337 205.524
205.215 207.059 207.710
204.097 205.567 207.572
205.300 206.349 207.788
205.125 206.370 207.744
205.690 207.349 207.983
205.144 206.743 207.716
205.546 206.415 207.813
205.533 207.375 210.260
203.316 205.517 207.678
207.578 207.651 207.910
205.439 205.510 205.620
205.125 205.320 205.593
203.656 205.497 207.757
201.367 204.484 205.325
205.300 207.555 214.035
205.257 206.282 207.873
203.238 205.051 205.663
200.227 204.325 205.575
205.427 206.269 207.462
205.633 206.878 207.763
205.225 205.399 205.661
205.245 207.565 211.928
198.969 204.154 205.579
205.314 206.693 207.587
205.425 206.910 207.801
205.241 206.842 207.868
205.361 205.943 207.717
203.247 205.904 207.739
205.262 206.357 207.660
205.374 206.502 207.776
205.469 207.158 209.407
205.180 206.937 208.604
205.216 206.905 208.380
205.312 206.266 207.573
205.507 206.803 207.675
205.441 206.052 207.957
205.289 205.911 207.614
205.220 206.661 207.656
205.207 206.538 208.944
205.001 205.822 207.830
205.539 206.825 207.712
203.189 204.508 205.501
205.510 206.778 207.603
205.276 205.870 207.572
205.283 205.924 207.711
205.414 206.340 207.586
205.216 207.171 207.745
205.129 206.347 207.700
204.271 206.006 207.645
205.374 206.391 207.733
205.397 206.380 207.762
204.349 206.153 207.792
205.326 205.878 207.582
201.575 205.235 207.744
205.511 206.625 207.814
205.046 206.578 207.680
205.592 206.872 207.842
203.340 205.584 207.670
205.333 205.929 206.974
205.370 206.718 207.616
205.200 205.310 205.458
204.552 206.135 207.687
204.634 206.970 207.620
205.294 207.271 212.094
205.206 205.923 207.775
205.290 206.807 207.797
205.357 206.375 207.711
205.609 206.055 207.698
205.229 205.821 207.542
205.876 207.367 208.419
205.498 206.206 207.631
199.061 206.608 212.937
203.176 205.846 207.737
205.078 206.634 207.670
205.495 205.998 207.713
205.356 206.744 207.833
205.492 206.955 208.426
205.374 206.327 207.670
205.472 205.606 205.770
205.529 206.531 207.867
205.325 205.446 205.520
205.576 206.448 207.715
205.140 205.756 207.517
205.461 206.021 207.659
205.226 205.775 207.477
205.233 205.904 207.597
205.322 205.831 207.678
205.354 206.155 207.649
205.275 206.791 207.682
205.560 207.329 207.857
201.389 205.661 207.942
205.310 205.892 207.475
205.399 206.858 207.749
205.325 207.221 207.849
205.485 206.842 207.852
205.383 207.547 209.405
205.251 206.248 207.648
205.524 206.460 207.736
205.275 205.828 207.464
205.116 206.654 207.640
205.098 206.658 207.712
205.416 205.957 207.725
205.492 207.279 207.831
205.498 206.564 207.825
205.376 205.966 207.596
205.288 206.789 207.825
203.881 206.269 209.163
201.336 205.460 207.669
205.168 206.647 212.251
204.395 206.564 207.797
205.392 205.952 207.549
205.331 205.862 207.559
205.278 205.515 205.741
202.188 205.409 207.865
205.180 205.804 207.768
205.284 205.457 205.616
205.363 206.370 207.774
205.332 206.382 207.686
205.391 206.851 207.882
205.254 206.694 207.671
205.326 205.920 207.804
205.229 205.809 207.719
203.650 205.507 207.497
203.074 204.357 205.370
205.453 206.445 207.874
205.298 206.720 207.726
205.524 207.294 207.848
205.329 206.314 207.656
205.507 206.461 207.753
205.701 206.893 207.689
205.193 206.649 207.577
202.586 204.732 205.715
205.233 206.290 207.772
205.338 207.034 208.749
205.651 206.293 207.821
205.401 206.085 207.838
205.454 206.774 207.811
205.340 205.479 205.660
205.409 206.746 207.736
205.923 207.406 207.968
205.415 206.830 207.819
205.274 205.832 207.686
201.241 204.674 205.693
205.412 206.781 207.800
205.218 207.099 211.531
205.409 205.989 207.777
205.204 205.836 207.584
205.258 205.778 207.427
205.390 206.369 207.830
205.784 206.952 207.808
203.613 205.675 207.967
205.506 207.524 208.867
205.532 207.026 207.750
205.469 207.181 209.304
200.992 206.712 211.677
205.399 206.452 207.973
205.466 206.514 207.825
205.157 205.457 205.741
204.443 206.700 207.850
205.331 206.326 207.686
205.334 206.687 207.665
205.479 205.691 205.800
205.505 206.537 207.923
205.303 206.047 207.676
204.472 206.137 207.653
205.271 205.850 207.671
201.503 204.964 207.383
205.350 205.673 206.514
205.225 205.855 207.619
203.108 205.570 207.515
205.294 206.807 207.689
205.268 205.755 207.388
205.559 207.247 207.766
205.414 205.950 207.699
205.471 206.485 207.829
205.175 206.170 207.444
205.509 207.008 207.699
205.372 206.778 207.839
205.252 206.641 207.613
205.254 205.459 205.727
203.104 205.217 206.465
205.330 205.873 207.670
205.223 206.158 207.572
205.077 205.684 207.675
205.314 206.761 207.714
205.428 207.194 207.801
205.077 205.327 205.531
205.278 206.221 207.675
205.427 206.673 207.550
205.286 205.905 207.657
205.503 206.931 207.923
205.364 205.978 207.689
205.400 206.719 207.708
205.343 207.236 207.773
204.139 205.682 207.624
205.215 206.346 207.800
205.108 205.839 207.798
205.412 206.857 212.195
204.606 206.447 209.123
203.097 205.374 207.416
205.526 206.031 207.600
205.393 206.403 207.731
205.428 207.403 208.706
203.651 205.987 207.755
205.452 206.392 207.835
205.331 206.819 207.831
198.871 204.593 207.649
205.371 206.039 207.730
205.245 206.865 207.912
205.359 206.338 207.794
204.238 206.503 207.664
205.241 206.382 207.775
205.564 206.651 207.868
205.667 206.886 207.726
205.313 206.694 207.874
205.294 206.336 207.843
203.229 206.385 207.867
205.313 205.959 207.674
205.461 206.067 207.736
205.343 205.530 205.742
205.438 205.937 207.511
200.652 205.854 207.957
205.453 205.593 205.785
205.457 205.625 205.937
201.576 205.122 207.738
205.290 205.445 205.735
205.171 206.236 207.778
203.128 205.862 207.813
205.418 206.896 208.009
205.419 206.836 207.769
205.339 205.833 207.609
205.482 205.538 205.581
205.290 205.539 205.733
205.500 206.022 207.762
205.397 205.979 207.820
205.292 207.198 207.716
205.140 206.673 207.668
205.515 206.892 207.879
205.268 206.351 207.720
205.482 206.454 207.717
205.423 206.894 207.935
199.179 205.454 207.686
205.173 206.196 207.680
205.384 207.059 211.328
205.307 205.994 207.732
205.148 211.628 232.311
205.150 205.792 207.492
205.380 206.304 207.688
205.406 205.607 205.816
203.457 205.976 207.648
205.385 206.461 207.910
205.203 206.669 207.701
203.668 206.099 207.816
199.365 203.664 207.743
204.500 206.889 208.791
205.433 206.799 207.763
205.267 205.440 205.755
205.359 206.522 207.857
205.310 205.527 205.826
205.386 205.893 207.449
205.538 206.950 207.876
205.324 206.252 207.633
201.171 205.462 207.688
205.434 206.333 207.636
205.264 206.316 207.612
205.373 206.128 207.878
205.651 206.891 207.791
205.415 205.918 207.644
205.392 206.676 207.864
205.345 205.980 207.795
203.515 206.034 207.723
205.329 206.831 209.893
205.575 207.263 207.792
205.387 205.901 207.676
205.353 206.218 207.500
205.658 207.287 207.784
205.314 205.449 205.749
205.360 206.722 207.662
205.471 206.744 207.624
205.312 205.897 207.616
205.604 206.300 207.806
205.255 205.824 207.634
205.247 205.769 207.643
205.331 206.345 207.583
205.732 206.956 207.885
205.240 206.329 207.790
205.276 206.781 207.738
205.622 207.215 207.691
205.479 206.571 207.973
205.459 206.551 208.032
205.457 206.471 207.849
207.606 208.512 211.812
205.263 206.317 207.636
205.396 206.059 207.879
203.235 205.546 207.611
204.390 206.146 207.877
205.349 206.839 207.890
205.319 205.871 207.548
205.265 207.151 207.770
199.114 205.069 207.676
205.213 205.846 207.548
205.473 206.108 207.598
200.062 205.840 207.926
205.521 206.807 207.731
203.351 206.450 207.803
205.511 206.570 207.780
205.424 206.756 207.766
203.404 205.774 207.809
205.428 206.462 207.746
207.720 208.580 211.954
203.213 205.001 205.632
205.359 205.833 207.589
205.412 206.773 207.700
205.375 205.581 205.782
205.398 206.375 207.966
205.249 205.987 207.426
198.820 205.453 207.634
201.533 205.491 207.835
205.349 206.806 207.909
201.289 204.595 205.554
205.399 206.883 207.877
205.409 206.416 207.881
205.330 206.284 207.653
205.302 205.448 205.770
205.214 206.216 207.658
200.333 205.158 207.563
205.375 206.391 207.746
205.339 205.913 207.747
205.366 206.413 207.826
205.486 206.031 207.764
205.144 206.224 207.579
205.259 206.267 207.638
205.557 206.863 207.801
205.232 206.323 207.909
204.049 205.286 205.710
205.307 205.995 207.957
205.275 206.733 207.818
201.347 204.600 205.569
205.360 206.776 207.733
205.299 205.927 207.805
205.364 206.300 207.647
205.398 206.396 207.608
205.357 206.277 207.539
205.778 207.286 207.815
202.280 204.943 205.680
205.210 205.950 207.709
205.484 206.441 207.692
205.483 206.447 207.865
205.234 205.835 207.559
205.416 206.743 207.674
203.975 206.869 209.470
205.228 205.391 205.495
205.294 206.304 207.583
205.512 206.084 207.867
205.421 206.338 207.564
205.346 206.813 207.853
205.609 206.555 207.966
199.042 204.712 207.649
205.408 206.222 207.525
202.749 206.279 207.818
205.399 206.467 207.903
205.147 206.690 207.711
205.424 205.956 207.731
205.186 205.860 207.558
205.290 206.804 207.846
205.314 206.426 207.947
205.540 206.847 207.717
203.378 205.213 207.787
205.225 206.356 207.842
205.165 206.679 207.761
205.482 205.967 207.823
205.358 206.491 207.818
205.261 206.245 207.657
205.511 206.467 207.770
205.454 206.861 207.814
205.276 207.419 208.991
205.421 207.155 207.690
205.287 206.046 207.955
201.212 204.676 207.594
201.567 206.036 207.783
205.350 205.628 205.820
205.350 206.774 207.650
205.237 206.763 207.752
205.537 206.024 207.808
205.440 206.060 207.730
204.673 206.109 207.695
205.410 206.427 207.747
205.329 205.880 207.659
205.459 206.423 207.845
205.451 206.395 207.789
205.493 213.787 244.519
205.512 206.872 207.849
205.335 206.136 207.611
199.382 204.811 207.893
205.431 207.077 212.911
203.767 206.043 207.904
205.547 206.912 207.737
203.806 206.095 207.880
205.395 206.445 207.803
205.452 206.904 207.865
205.263 206.214 209.720
205.563 206.474 207.839
205.483 206.036 207.720
203.714 206.026 207.759
205.235 206.305 207.744
205.453 206.714 209.462
205.342 206.637 209.076
200.617 204.974 207.817
205.094 205.849 207.558
205.314 206.047 207.559
205.351 206.337 207.736
205.434 205.974 207.638
205.466 206.408 207.916
205.237 205.866 207.686
205.433 206.041 207.897
205.593 206.430 207.600
201.441 205.054 207.622
205.634 206.947 208.046
205.198 206.204 207.742
205.220 205.943 207.786
205.264 206.312 207.735
205.504 206.393 207.785
205.424 205.718 205.914
205.276 206.836 207.897
205.290 206.786 207.787
203.825 206.007 207.775
205.399 206.390 207.950
205.546 206.601 207.987
205.628 207.417 207.934
205.383 206.352 207.687
202.916 205.824 207.545
205.157 206.645 207.603
205.343 205.966 207.653
205.585 206.546 207.803
205.300 206.750 207.702
205.283 206.270 207.689
203.346 206.516 210.818
203.287 205.930 207.636
205.616 206.506 207.761
203.235 205.543 207.950
205.222 205.906 207.566
200.253 204.890 207.647
205.365 206.475 208.199
205.603 206.981 207.618
205.321 206.046 207.880
203.364 204.730 205.820
205.449 207.269 207.927
205.241 206.717 207.669
205.150 206.309 207.607
205.443 206.829 207.729
201.726 206.141 207.892
205.491 206.511 207.596
205.308 205.957 207.556
205.486 206.452 207.813
205.308 206.749 207.828
205.399 205.566 205.811
203.279 205.561 207.869
205.291 207.042 211.625
205.372 206.537 208.529
203.449 205.853 207.632
205.301 213.325 243.133
204.435 205.688 207.589
205.482 213.123 241.079
205.141 206.044 207.512
203.494 205.571 207.693
205.273 206.313 207.670
202.192 205.237 207.685
205.321 206.276 207.562
205.266 205.868 206.601
205.259 206.616 209.269
203.271 206.397 207.792
203.384 205.608 207.862
205.331 206.434 207.885
205.345 205.897 207.568
205.354 207.085 207.660
201.206 205.902 207.726
205.434 206.403 207.758
205.477 206.028 207.696
202.421 206.175 207.680
205.395 206.734 207.640
201.285 204.917 207.370
205.218 206.245 207.630
205.071 205.474 205.770
205.364 205.982 207.637
205.229 206.198 207.610
203.503 205.969 207.806
198.886 205.026 207.811
205.386 205.912 207.566
205.485 206.406 207.831
203.784 205.670 207.708
205.427 206.825 207.869
205.526 205.953 207.549
203.784 206.044 207.853
205.400 205.978 207.647
205.399 205.594 205.848
203.954 206.093 207.728
203.502 205.650 207.674
205.178 205.851 207.666
205.415 207.140 207.731
205.464 206.571 207.906
205.448 206.410 207.730
205.345 206.296 207.553
205.176 205.986 207.704
201.261 204.715 207.585
203.284 205.127 205.655
205.466 206.054 207.833
199.117 205.259 208.946
205.231 206.314 207.650
205.349 206.343 207.791
205.283 206.309 207.555
205.434 207.164 207.667
205.464 206.002 207.832
203.218 205.274 207.723
205.282 206.276 207.632
205.287 206.376 207.816
205.493 206.746 207.611
205.314 206.595 207.941
205.437 206.778 207.748
203.429 205.809 209.238
205.296 206.003 207.705
205.408 206.396 207.854
203.328 205.982 207.934
205.514 208.179 214.193
203.262 205.831 207.672
205.807 207.337 207.775
205.185 206.420 207.839
205.287 206.733 207.769
205.511 206.052 207.687
205.341 207.249 207.925
205.233 206.774 207.937
205.448 206.504 207.867
203.247 206.019 207.862
205.228 205.874 207.688
201.270 205.548 207.745
205.326 206.265 207.600
205.402 207.232 207.902
205.409 206.403 207.763
205.498 207.185 207.697
205.314 208.056 214.092
205.337 205.888 207.640
198.949 204.529 207.789
205.393 207.047 209.031
203.220 205.932 207.954
205.647 206.972 208.002
205.618 206.469 207.719
205.381 206.296 207.671
205.465 206.345 207.656
205.180 206.709 207.617
205.515 206.535 207.870
203.324 205.602 207.907
205.362 205.494 205.610
201.408 205.996 207.688
205.398 206.366 207.682
205.512 207.066 208.719
199.405 204.290 205.874
205.437 207.026 207.842
205.350 205.487 205.585
205.223 205.409 205.525
205.217 206.262 207.601
204.505 205.669 207.777
205.236 205.905 207.816
205.325 207.250 207.854
201.598 205.167 207.583
204.420 206.485 207.569
205.393 206.225 208.827
205.521 206.817 207.788
205.352 205.992 207.740
205.242 206.681 207.659
205.294 206.506 207.778
201.614 205.986 207.732
205.234 205.911 207.639
203.696 205.095 205.664
205.500 206.865 207.891
205.140 205.855 207.755
205.457 206.001 207.496
205.317 206.738 207.714
205.261 206.453 207.897
205.223 205.942 207.798
205.251 206.858 208.623
205.490 206.477 207.760
205.217 206.367 207.711
205.615 207.196 207.710
202.101 205.206 207.573
205.306 205.642 205.935
205.302 205.889 207.725
205.324 205.902 207.490
205.194 205.328 205.519
205.188 205.801 207.520
205.477 206.467 207.820
205.309 205.965 207.634
205.258 205.848 207.685
205.348 205.472 205.571
205.359 205.601 205.819
205.545 206.880 207.735
205.407 206.456 207.899
205.511 206.805 207.769
205.179 206.217 207.645
204.672 205.671 207.725
205.099 206.148 207.460
205.339 206.330 207.695
205.213 206.528 207.695
203.682 205.958 207.776
205.281 206.803 207.871
205.506 206.769 207.624
205.365 206.308 207.640
205.486 206.434 207.764
203.928 206.080 207.783
205.275 206.244 207.480
205.282 206.286 207.763
205.390 206.308 207.611
203.506 205.908 207.610
205.212 205.860 207.658
205.209 206.316 207.832
205.201 206.248 207.702
203.607 206.011 207.695
201.473 205.476 207.531
205.519 205.957 207.522
205.467 206.815 207.805
205.365 207.071 211.416
205.322 206.318 207.596
205.274 205.839 207.468
205.421 206.361 207.704
205.607 207.238 207.805
203.069 205.293 206.394
205.283 205.462 205.744
205.161 206.299 207.726
199.055 204.669 207.715
205.169 206.689 207.673
201.294 205.366 207.690
205.323 206.881 208.543
203.261 205.546 207.429
201.411 204.845 206.611
205.414 206.410 207.703
205.512 207.169 207.632
205.290 205.384 205.570
205.576 207.268 207.716
205.576 206.487 207.754
205.479 206.907 207.887
203.780 206.349 211.518
203.409 206.002 207.854
205.252 206.404 207.921
205.461 206.435 207.862
205.423 206.880 207.989
205.367 205.879 207.572
205.384 206.370 207.819
205.158 205.762 207.492
205.281 207.125 207.697
200.687 204.888 207.419
205.258 205.579 205.826
205.410 206.811 207.755
205.320 206.720 207.737
205.304 206.640 207.643
205.377 205.467 205.548
205.506 206.829 207.663
205.257 206.353 207.819
205.373 206.378 207.802
205.265 206.756 207.637
205.479 206.768 207.622
205.165 205.844 207.751
205.492 206.458 207.901
205.434 206.092 207.910
200.724 205.342 207.669
203.869 205.597 207.646
205.510 206.048 207.829
205.483 206.435 207.964
205.438 206.457 207.702
205.260 205.984 208.004
205.384 206.323 207.687
205.157 206.708 207.782
205.243 206.398 207.860
205.425 206.400 207.746
205.264 205.423 205.522
205.400 206.288 207.575
205.461 206.778 207.585
204.475 205.939 208.755
205.354 206.366 207.814
205.298 206.734 207.631
205.348 206.260 207.516
205.184 205.842 207.593
205.198 205.752 207.428
205.255 205.915 207.670
201.652 205.544 207.573
205.186 206.317 207.703
203.201 205.584 207.713
205.369 206.744 207.722
201.378 204.031 207.801
205.139 205.838 207.641
205.435 206.091 207.980
203.573 205.570 207.756
205.502 206.422 207.766
204.598 205.880 207.855
205.208 206.781 207.728
205.273 206.724 207.920
205.401 205.567 205.685
205.340 206.819 207.812
205.220 206.380 207.624
200.800 204.482 207.524
205.210 206.345 207.869
205.553 206.149 207.953
205.546 207.269 207.832
201.478 205.992 209.258
205.328 206.024 207.715
205.286 205.893 207.684
205.632 206.868 207.755
205.352 206.711 207.743
205.339 206.831 207.739
205.317 206.273 207.685
201.322 204.583 205.566
205.455 205.979 207.827
205.289 206.238 207.642
202.071 204.834 205.729
205.223 207.173 207.722
204.286 206.065 207.809
205.399 206.384 207.630
205.358 206.871 207.926
205.249 205.549 205.817
205.478 205.660 205.823
205.462 207.008 207.756
205.327 205.991 207.826
198.891 204.594 207.595
205.430 206.737 207.687
205.809 207.379 207.880
205.402 205.585 205.745
203.275 206.431 207.796
201.723 205.287 207.699
205.191 206.761 207.880
205.457 206.910 207.953
205.388 206.306 207.612
205.341 206.783 207.759
205.070 206.200 207.655
205.280 206.774 207.839
205.226 206.338 207.763
203.677 205.485 207.615
203.221 205.469 207.328
205.365 206.284 207.658
205.244 206.692 207.599
203.327 205.381 207.550
205.317 206.325 207.644
205.395 206.332 207.709
205.141 205.861 207.529
205.269 205.869 207.677
205.435 205.556 205.775
205.347 206.333 207.798
205.694 207.456 207.980
205.520 206.066 207.932
201.966 205.599 207.712
205.440 206.027 207.976
205.516 205.637 205.871
203.169 206.641 209.325
205.506 206.489 207.865
205.466 206.843 207.753
205.293 206.334 207.670
205.305 207.108 207.567
205.332 206.786 209.304
205.305 206.830 207.958
205.384 206.560 208.830
205.408 206.421 207.845
205.139 205.892 207.619
205.260 205.975 207.740
205.546 206.894 207.851
205.545 206.178 207.873
205.390 206.393 207.685
205.556 206.454 207.876
205.357 206.368 207.864
205.357 206.550 208.481
205.533 206.864 207.763
205.156 205.838 207.759
205.206 206.303 207.616
205.437 206.418 207.705
205.250 205.801 207.616
205.371 206.052 207.863
205.297 205.791 207.579
205.557 206.823 207.687
201.317 205.043 207.806
205.126 205.595 206.478
205.403 206.328 207.669
205.133 206.358 207.711
203.161 205.939 208.217
205.422 205.937 207.568
205.543 206.766 207.630
205.168 205.883 207.686
205.201 205.869 207.868
205.329 205.451 205.648
205.199 205.372 205.563
205.344 206.374 207.871
205.639 206.159 207.940
203.185 205.884 207.722
205.603 206.887 207.805
205.320 206.763 207.768
205.388 207.254 207.807
203.262 205.841 207.578
205.304 206.367 207.589
205.477 206.464 207.827
205.460 207.206 207.769
205.416 206.292 207.648
205.303 205.783 207.458
205.530 206.881 207.754
205.082 206.176 207.657
205.436 205.963 207.591
203.628 206.040 207.835
205.216 206.238 207.624
199.087 205.172 207.901
205.383 205.538 205.820
205.152 206.347 207.724
205.344 205.974 207.904
205.363 205.980 207.833
205.211 205.801 207.622
205.192 206.233 207.703
205.435 207.148 207.707
205.338 206.832 207.738
205.358 205.539 205.850
204.192 206.276 207.859
205.287 206.297 207.752
205.350 206.433 207.872
205.279 205.508 205.652
205.296 205.459 205.836
203.706 205.510 207.639
205.496 206.041 207.563
205.220 206.292 207.743
201.442 206.376 207.647
205.528 206.690 208.675
199.055 204.138 205.705
205.272 206.261 207.620
205.014 206.405 208.779
205.282 207.213 207.850
205.454 207.027 207.806
205.338 205.979 207.777
201.207 205.628 207.822
205.316 206.296 207.615
205.143 206.271 207.787
205.383 206.378 207.690
205.536 206.085 207.864
205.625 207.260 209.375
205.467 206.835 207.817
205.711 207.311 207.865
205.717 207.208 207.629
198.983 205.094 207.812
205.160 206.706 207.710
205.317 206.807 207.767
205.285 205.342 205.415
205.557 207.439 208.590
205.177 205.380 205.531
201.555 204.779 207.665
205.475 205.934 207.484
205.263 205.810 207.599
205.415 206.796 207.752
205.242 206.005 207.583
205.536 206.032 207.646
205.192 206.324 207.779
205.340 206.382 207.819
205.233 205.294 205.451
203.376 206.380 207.846
203.212 204.892 205.396
205.451 206.993 208.498
203.997 205.631 207.608
205.392 206.751 207.821
203.856 205.448 207.551
205.274 205.856 207.683
203.789 206.560 207.829
203.590 206.314 207.664
203.382 205.026 205.638
205.438 206.853 207.781
205.431 206.794 207.773
205.628 206.522 207.842
205.216 205.981 207.635
205.278 206.293 207.793
205.490 206.441 207.678
205.446 206.344 207.538
203.269 205.538 207.702
205.431 205.953 207.730
205.580 206.073 207.880
203.200 205.486 207.606
205.480 206.872 207.799
201.644 206.037 207.693
205.279 205.408 205.550
205.153 205.450 205.750
205.553 206.838 207.808
205.315 205.988 207.759
205.250 205.637 206.372
205.570 206.895 207.825
205.230 205.942 207.702
205.435 207.317 207.819
205.390 206.378 207.808
205.354 206.477 207.843
205.469 206.423 207.653
205.370 207.144 209.417
205.431 206.482 207.845
205.294 206.358 207.841
205.131 206.715 207.707
205.328 205.787 207.477
203.147 205.538 207.623
205.277 206.697 207.632
205.280 205.375 205.538
205.319 205.846 207.678
205.247 205.356 205.553
205.292 205.928 207.645
205.388 205.924 207.502
205.077 206.272 207.749
205.524 206.813 207.707
203.444 205.468 206.698
205.358 206.366 207.737
205.496 206.067 207.601
