171.057 171.145 171.249
171.135 171.233 171.384
171.085 171.157 171.256
171.044 171.080 171.126
171.019 171.074 171.195
171.159 171.206 171.273
170.995 171.054 171.099
171.101 171.128 171.150
171.035 171.090 171.161
171.077 171.521 173.180
171.050 171.887 175.074
171.088 171.142 171.205
171.040 172.329 177.240
171.146 171.215 171.298
171.057 171.227 171.786
171.043 171.078 171.140
170.987 171.042 171.099
171.051 171.102 171.145
171.069 171.201 171.388
171.044 171.107 171.154
171.037 171.499 173.017
171.056 171.534 173.222
170.890 171.641 173.944
171.091 171.185 171.388
171.025 171.332 172.267
171.032 171.908 172.732
171.020 171.126 171.227
171.014 171.106 171.211
170.975 171.397 172.515
171.284 171.806 172.327
171.048 171.139 171.266
170.995 172.480 174.992
171.038 171.130 171.185
171.073 171.106 171.183
170.979 171.817 174.390
171.129 171.167 171.299
171.036 171.080 171.144
171.065 171.138 171.270
171.095 171.192 171.384
171.042 171.271 171.984
171.093 171.230 171.734
171.041 171.571 173.323
171.018 171.059 171.107
171.081 171.312 172.023
171.066 171.119 171.204
170.931 171.521 171.916
171.043 171.442 172.897
171.086 171.149 171.184
171.063 171.109 171.152
171.055 171.089 171.148
171.018 171.100 171.146
171.067 171.721 173.898
170.998 171.061 171.139
171.064 171.093 171.150
171.049 171.138 171.271
171.025 171.181 171.384
171.050 171.506 172.249
170.997 171.295 172.322
171.051 171.103 171.164
171.075 171.127 171.185
171.064 171.146 171.315
171.056 171.122 171.224
171.111 171.880 173.029
171.085 171.156 171.309
171.733 173.437 177.009
170.925 171.715 173.477
171.058 171.129 171.178
171.043 171.185 171.316
170.913 171.072 171.291
171.015 171.066 171.151
171.038 171.074 171.142
171.035 171.103 171.154
171.107 171.167 171.304
171.055 171.120 171.277
171.089 171.179 171.265
171.105 171.161 171.233
171.054 171.142 171.228
171.056 171.102 171.123
171.067 171.113 171.164
171.057 171.195 171.339
171.017 171.715 173.406
171.276 172.646 174.845
171.074 171.171 171.315
171.115 171.167 171.226
171.046 171.448 172.790
171.128 171.148 171.199
171.004 171.082 171.155
170.926 171.079 171.148
170.951 171.241 172.019
171.050 171.125 171.222
171.105 171.177 171.297
171.066 171.362 172.448
171.039 171.098 171.161
171.042 172.137 173.739
171.074 171.426 172.649
171.031 171.128 171.230
171.073 171.715 173.246
171.097 171.315 171.952
171.066 171.379 172.347
171.273 172.884 174.817
171.045 171.155 171.315
171.088 172.116 175.848
171.067 171.223 171.564
171.028 171.075 171.102
171.020 171.141 171.310
171.003 171.091 171.160
171.053 171.105 171.158
170.990 171.081 171.174
171.050 171.203 171.413
171.120 172.011 175.491
171.059 171.108 171.137
171.063 171.135 171.205
171.091 171.142 171.250
171.046 171.540 173.186
171.057 171.140 171.224
171.082 171.185 171.478
171.075 171.441 172.192
171.107 171.196 171.352
171.025 171.099 171.157
171.034 171.212 171.665
171.094 171.132 171.177
171.243 172.245 173.514
170.937 171.329 172.398
171.023 171.228 171.843
171.125 171.194 171.273
171.105 171.352 171.903
170.972 171.102 171.178
171.044 171.639 172.926
171.072 171.132 171.204
171.019 171.060 171.160
171.094 171.192 171.315
172.524 172.887 173.073
171.069 171.638 173.030
171.099 171.425 172.674
171.292 171.946 173.117
171.014 171.101 171.228
171.055 171.106 171.192
171.091 171.377 171.971
171.087 171.128 171.191
171.091 171.117 171.138
171.063 171.138 171.212
171.133 171.163 171.198
171.084 171.122 171.184
170.984 171.109 171.210
171.073 171.119 171.189
171.060 171.129 171.259
171.089 171.450 172.753
170.972 171.358 172.333
171.067 171.119 171.209
171.102 171.160 171.234
171.032 171.156 171.236
171.098 171.198 171.426
171.084 171.105 171.130
171.053 171.111 171.192
171.070 171.566 173.188
171.040 171.140 171.239
171.089 171.317 172.058
171.042 171.146 171.261
171.025 171.083 171.130
170.996 171.175 171.613
171.100 171.398 172.372
171.012 171.131 171.174
171.032 171.155 171.305
170.994 171.075 171.140
171.067 171.834 173.612
171.064 171.177 171.246
171.061 171.154 171.244
171.068 171.328 171.920
171.034 171.547 172.557
171.078 171.124 171.196
171.084 171.161 171.248
170.959 171.740 172.853
170.814 171.106 171.259
171.094 171.283 171.888
171.025 171.170 171.403
171.048 171.131 171.188
171.056 172.093 174.791
171.032 171.105 171.218
171.069 171.155 171.275
171.065 171.097 171.157
171.001 171.116 171.175
171.026 171.155 171.310
171.033 171.088 171.120
171.031 172.143 174.292
171.000 171.229 171.690
171.021 171.123 171.276
171.056 171.123 171.214
171.074 171.154 171.234
170.981 171.087 171.228
171.050 171.236 171.753
170.980 171.135 171.252
171.131 171.957 172.933
171.050 171.137 171.291
171.049 171.118 171.154
171.025 171.084 171.160
171.027 171.100 171.186
171.109 171.186 171.329
171.040 171.109 171.214
171.061 171.096 171.153
171.057 171.119 171.270
171.066 171.101 171.142
171.088 171.437 172.541
171.014 171.448 172.850
171.026 171.103 171.201
170.861 171.048 171.249
171.092 171.137 171.173
171.020 171.079 171.237
171.063 171.150 171.324
171.111 171.494 172.453
171.446 172.209 174.352
171.068 171.095 171.126
171.084 171.278 171.532
171.079 171.128 171.165
171.074 171.248 171.664
171.100 171.183 171.286
171.086 171.141 171.196
170.949 171.077 171.138
171.061 171.130 171.185
171.096 171.196 171.289
171.055 171.334 172.326
171.045 171.133 171.215
171.042 171.102 171.204
171.112 171.183 171.312
171.012 171.135 171.413
171.104 171.148 171.215
171.008 171.096 171.226
171.061 171.094 171.137
171.016 171.093 171.153
170.929 171.082 171.317
171.275 171.869 172.399
170.914 171.152 171.419
171.093 171.347 172.119
170.958 171.081 171.172
171.060 171.144 171.218
171.054 171.139 171.245
171.053 171.154 171.266
171.057 171.142 171.213
171.064 171.114 171.181
171.107 171.246 171.352
171.044 171.191 171.289
171.134 171.220 171.457
171.047 171.111 171.176
170.911 171.065 171.171
171.075 171.152 171.240
171.204 171.794 172.806
171.045 171.158 171.287
170.986 171.138 171.314
171.081 171.215 171.663
171.019 171.130 171.244
171.090 171.203 171.406
171.031 171.141 171.265
171.000 171.311 172.374
171.032 171.095 171.182
171.093 171.124 171.157
171.035 171.471 172.732
171.090 171.204 171.293
171.069 171.135 171.239
171.032 171.129 171.329
171.094 171.178 171.295
171.039 171.087 171.115
171.069 171.114 171.160
171.058 171.161 171.263
171.075 171.245 171.576
171.039 171.135 171.247
171.414 171.879 172.304
171.055 171.194 171.315
171.063 171.163 171.335
170.915 171.131 171.434
171.072 171.190 171.274
171.089 171.194 171.310
171.063 171.402 172.656
171.085 171.138 171.210
171.081 171.245 171.794
171.082 171.282 171.833
171.098 171.156 171.320
171.042 171.102 171.158
171.082 171.130 171.189
171.053 171.303 172.060
171.027 171.927 172.981
171.057 171.136 171.217
171.014 171.919 174.814
171.035 172.099 173.055
170.927 171.274 171.860
171.110 171.284 171.608
171.076 171.124 171.172
171.088 171.220 171.351
171.070 172.121 174.836
171.103 171.143 171.230
171.090 171.158 171.276
170.990 171.078 171.187
171.112 171.153 171.241
170.990 171.171 171.522
171.089 171.198 171.366
171.098 171.175 171.375
171.047 171.140 171.194
170.992 171.171 171.343
171.240 172.263 173.001
171.078 171.894 172.980
171.102 171.189 171.288
171.055 171.891 174.913
171.036 171.883 175.006
171.032 171.098 171.158
171.081 171.249 171.608
171.086 171.142 171.283
171.047 171.079 171.118
171.082 171.397 171.960
171.026 171.089 171.195
171.092 171.136 171.221
171.037 171.120 171.237
171.131 171.196 171.288
170.985 171.250 171.620
171.093 171.290 171.856
171.064 172.477 175.949
171.060 171.095 171.117
171.078 171.175 171.424
171.117 171.182 171.203
171.007 171.831 173.232
171.087 171.371 172.146
170.857 171.308 172.219
171.163 172.185 173.773
171.054 171.105 171.128
171.058 171.160 171.270
170.909 171.419 172.550
171.060 171.095 171.129
171.139 172.109 173.143
171.095 171.146 171.224
170.949 171.104 171.207
171.068 171.129 171.264
171.119 171.345 172.061
171.077 171.671 173.793
171.070 171.247 171.727
171.071 171.766 174.046
171.077 171.105 171.151
171.010 171.596 172.606
171.023 171.094 171.190
170.978 171.118 171.212
171.605 172.486 173.029
171.074 171.147 171.211
171.089 171.126 171.176
171.072 171.204 171.397
171.026 171.125 171.204
171.037 171.233 171.739
171.076 171.173 171.345
171.008 171.187 171.451
170.963 171.108 171.172
171.065 171.096 171.132
171.063 171.135 171.229
171.015 171.103 171.159
171.037 171.314 171.983
171.110 171.201 171.302
171.111 171.170 171.338
171.079 171.587 173.094
170.975 171.082 171.146
171.059 171.123 171.147
171.039 171.523 172.832
170.929 171.455 172.217
171.106 171.883 173.703
170.999 171.152 171.341
171.072 171.157 171.264
171.080 172.139 174.342
171.108 171.174 171.267
171.060 171.159 171.282
171.133 171.178 171.244
170.891 171.075 171.187
171.074 171.147 171.258
171.080 171.119 171.154
171.109 171.143 171.178
171.173 171.720 172.543
171.083 171.503 172.642
171.127 171.173 171.214
171.072 171.150 171.202
171.115 172.229 176.527
171.048 171.322 172.194
171.076 172.437 173.320
171.499 172.412 172.784
171.083 171.155 171.290
171.079 171.193 171.303
171.154 171.175 171.193
171.030 171.718 172.806
171.020 171.096 171.265
171.074 171.184 171.404
171.038 171.087 171.136
170.943 171.287 172.157
171.046 171.164 171.405
171.042 171.125 171.172
170.910 171.118 171.283
171.101 171.133 171.167
171.053 171.420 172.036
171.639 172.690 173.296
171.074 171.085 171.101
171.051 171.132 171.306
170.980 171.053 171.194
170.950 171.480 172.990
170.884 171.078 171.205
171.078 171.209 171.524
171.064 171.205 171.375
171.684 172.229 172.790
170.856 171.064 171.168
170.944 171.235 172.014
171.002 171.155 171.282
171.086 171.187 171.301
170.985 171.032 171.064
171.096 171.165 171.277
171.048 171.168 171.392
171.026 171.444 172.742
171.087 171.130 171.165
171.005 171.073 171.134
171.021 171.253 171.680
171.040 171.188 171.406
171.106 171.567 173.064
171.197 171.371 172.017
171.117 171.223 171.425
171.074 171.141 171.175
171.011 171.291 171.553
171.007 171.100 171.182
171.115 172.162 173.472
171.096 171.560 172.718
171.049 171.118 171.191
171.009 171.055 171.104
171.044 171.084 171.132
171.067 171.118 171.270
171.075 171.144 171.253
171.048 171.104 171.184
170.957 171.102 171.242
170.966 171.130 171.265
171.065 171.199 171.624
171.031 171.070 171.112
171.102 171.428 172.382
170.854 171.741 172.884
171.259 171.457 171.621
171.073 171.122 171.284
171.068 171.665 173.412
171.040 171.080 171.129
171.432 171.950 172.634
171.045 171.617 173.536
171.036 171.118 171.267
171.061 171.743 174.317
171.030 171.058 171.106
171.042 171.092 171.176
170.930 171.061 171.116
171.057 171.115 171.220
171.087 171.167 171.338
171.022 171.111 171.238
171.112 172.338 173.144
171.020 171.058 171.083
171.034 171.102 171.149
171.066 172.215 176.584
171.031 171.110 171.280
171.085 171.125 171.185
171.088 171.320 172.120
171.036 171.142 171.367
171.105 173.218 174.753
171.032 171.142 171.280
171.066 171.220 171.686
171.036 171.159 171.249
170.984 171.072 171.194
171.077 171.097 171.124
171.002 171.097 171.155
171.064 171.235 171.643
171.013 171.056 171.121
171.155 171.279 171.663
171.059 171.100 171.177
171.084 171.131 171.210
170.962 171.394 172.258
171.005 171.202 171.472
171.091 171.297 171.974
171.278 172.256 174.209
171.070 171.239 171.771
171.036 171.645 173.482
171.095 171.402 172.331
171.024 171.130 171.250
170.923 171.074 171.137
171.046 171.509 173.111
171.038 171.088 171.190
171.008 171.659 173.449
171.036 171.113 171.173
171.031 171.074 171.123
170.929 171.524 173.025
170.990 171.157 171.340
170.999 171.519 173.273
171.005 171.094 171.227
171.023 171.780 174.305
171.026 171.091 171.168
171.039 171.257 171.817
171.107 171.641 173.702
171.044 171.094 171.150
171.078 172.423 176.036
171.004 171.230 171.522
171.106 171.564 173.038
171.088 171.200 171.502
171.040 171.107 171.255
171.032 171.100 171.185
171.108 171.156 171.196
171.063 171.159 171.331
171.095 171.112 171.127
171.074 172.473 175.097
171.071 171.096 171.114
171.090 171.162 171.227
171.077 171.179 171.297
171.017 171.799 174.599
171.119 171.168 171.261
171.280 171.903 172.825
171.036 171.225 171.606
171.084 171.130 171.168
171.112 172.010 173.787
171.053 171.109 171.179
171.095 171.276 171.500
171.022 171.531 173.250
171.074 171.283 172.008
171.083 171.203 171.332
171.083 171.304 172.066
171.049 171.119 171.232
171.051 171.095 171.146
171.066 171.207 171.464
171.044 171.809 173.820
171.024 171.560 173.493
170.963 171.127 171.347
171.051 171.199 171.284
171.112 171.269 171.523
171.053 171.122 171.203
171.006 171.390 172.299
171.013 173.029 175.256
171.023 171.310 172.077
171.092 171.151 171.329
171.060 171.216 171.430
171.049 171.229 171.571
171.048 171.428 172.576
171.093 171.135 171.181
171.058 171.152 171.289
170.985 171.138 171.220
171.127 171.393 172.120
171.077 171.127 171.172
171.051 172.296 174.206
171.055 171.951 175.015
171.106 171.181 171.256
171.082 171.229 171.371
171.093 171.196 171.415
171.049 171.199 171.512
171.071 171.267 171.681
171.037 171.083 171.125
171.058 171.473 172.937
170.862 171.096 171.350
171.059 171.232 171.675
171.076 172.234 174.322
171.103 171.140 171.254
171.045 171.120 171.251
171.112 171.191 171.237
171.074 171.135 171.257
171.046 171.899 174.924
171.076 171.140 171.245
171.097 171.488 172.869
171.135 171.441 172.283
171.096 171.138 171.198
171.064 171.250 171.615
171.097 171.129 171.165
171.066 171.101 171.126
171.154 171.709 173.169
171.055 171.114 171.200
171.150 171.987 174.734
171.100 171.935 174.590
171.092 171.166 171.227
171.110 171.401 172.408
171.070 171.150 171.358
171.095 171.307 171.565
171.072 171.193 171.315
171.073 171.171 171.364
171.063 171.458 172.779
171.078 171.157 171.252
171.068 171.101 171.136
171.067 171.144 171.219
171.085 171.126 171.163
171.112 171.167 171.281
171.039 171.171 171.440
171.010 171.062 171.111
171.044 171.109 171.177
171.052 171.143 171.244
171.033 171.118 171.231
171.025 171.116 171.334
171.062 171.593 172.213
171.038 171.100 171.234
171.065 171.422 172.707
171.027 171.133 171.341
171.088 171.136 171.162
171.055 171.091 171.114
171.106 171.155 171.223
171.057 171.101 171.131
171.044 171.118 171.188
171.041 171.125 171.183
171.081 171.158 171.270
171.098 171.149 171.307
171.032 171.145 171.309
171.066 171.221 171.514
171.102 171.205 171.340
171.054 171.374 172.548
171.060 171.140 171.210
171.034 171.117 171.280
171.059 171.421 172.244
170.950 171.091 171.168
171.047 171.952 175.144
171.086 171.098 171.107
171.105 171.150 171.215
170.963 171.064 171.115
171.058 171.164 171.376
171.029 171.126 171.344
171.001 171.057 171.108
171.039 171.065 171.098
171.050 171.101 171.179
171.058 171.189 171.499
171.079 171.435 172.698
171.074 171.183 171.329
171.101 171.431 172.649
171.078 171.124 171.251
171.039 171.555 173.483
171.043 171.282 171.997
171.078 171.169 171.322
171.069 171.168 171.255
171.092 171.535 173.218
170.924 171.406 172.789
171.003 171.294 172.188
171.029 171.104 171.163
171.055 171.107 171.204
171.077 171.140 171.200
171.061 171.157 171.236
170.967 171.056 171.106
171.065 171.101 171.137
170.933 171.065 171.166
171.062 171.151 171.221
171.007 177.413 202.842
171.040 171.174 171.486
170.954 171.099 171.178
170.899 171.344 172.644
171.082 171.126 171.180
171.034 171.109 171.186
171.039 171.095 171.201
171.086 171.137 171.204
170.978 171.095 171.241
170.984 171.168 171.246
171.091 171.120 171.174
171.128 171.150 171.196
171.024 171.107 171.273
171.045 171.123 171.304
171.023 171.357 172.292
170.996 171.058 171.141
171.115 171.381 171.750
171.057 171.101 171.240
171.088 171.729 172.671
171.048 171.098 171.151
171.055 171.083 171.158
171.121 172.551 175.022
171.241 172.072 173.538
170.963 171.089 171.227
171.019 172.214 174.533
171.013 171.094 171.237
170.884 171.185 171.510
171.027 171.110 171.249
171.066 171.089 171.109
171.036 171.262 171.780
171.015 171.470 172.985
171.065 171.139 171.191
171.023 171.146 171.378
171.049 171.182 171.478
171.015 171.269 172.089
171.065 171.085 171.113
171.076 171.426 172.027
171.060 171.101 171.127
171.051 171.553 173.304
171.042 171.109 171.184
171.076 171.149 171.259
171.067 171.524 173.212
171.032 171.083 171.195
171.079 171.652 173.461
171.081 171.918 173.876
171.053 171.560 173.261
171.034 171.090 171.115
170.926 171.030 171.104
171.059 171.162 171.312
171.045 171.098 171.210
170.962 171.058 171.096
171.060 171.168 171.489
170.885 171.083 171.360
171.059 171.354 172.325
171.041 171.115 171.169
171.067 171.135 171.217
171.087 171.122 171.176
170.990 171.068 171.115
170.949 171.082 171.188
172.595 173.735 174.604
170.921 171.031 171.094
171.051 171.073 171.096
171.017 171.083 171.154
171.072 171.276 171.669
171.068 171.571 172.649
171.093 171.472 172.811
170.979 171.093 171.229
171.028 171.089 171.197
170.998 171.084 171.204
171.078 171.129 171.227
171.060 171.078 171.111
171.043 171.115 171.199
170.872 171.080 171.245
170.993 171.063 171.156
171.046 171.327 172.014
171.075 171.364 172.284
171.079 171.805 172.981
171.098 173.954 176.073
171.039 171.640 173.807
171.076 171.434 172.373
170.949 171.066 171.185
171.053 171.123 171.302
171.153 171.321 171.632
171.067 171.286 171.836
171.008 171.055 171.096
171.031 171.113 171.248
171.046 171.089 171.126
170.956 171.084 171.182
171.016 171.696 172.503
171.001 171.279 172.220
171.043 171.259 171.966
171.339 172.406 173.120
171.051 171.081 171.092
171.006 171.070 171.121
171.062 171.177 171.381
171.053 171.801 172.986
171.051 171.114 171.205
171.060 171.116 171.189
171.011 171.084 171.163
171.044 171.084 171.186
171.129 171.360 171.603
171.046 171.118 171.195
171.061 171.136 171.242
171.071 171.090 171.126
171.097 171.115 171.127
170.923 171.091 171.207
170.965 171.078 171.252
171.004 171.072 171.134
171.018 171.143 171.328
171.040 171.166 171.335
171.064 171.105 171.183
171.016 171.053 171.090
171.066 171.148 171.365
171.069 171.388 172.187
171.223 172.461 173.533
171.085 171.104 171.154
171.046 171.834 174.449
171.046 171.086 171.145
171.085 171.135 171.152
171.764 173.125 174.784
171.034 171.103 171.157
171.072 171.119 171.181
171.100 171.497 173.023
171.035 171.141 171.254
171.087 171.152 171.314
171.058 171.494 172.982
171.014 171.284 171.953
171.084 171.129 171.283
171.042 171.113 171.210
171.041 171.096 171.175
171.097 171.235 171.635
171.026 171.110 171.205
171.040 171.110 171.212
171.073 171.767 173.424
170.965 171.125 171.230
171.101 171.808 173.529
171.076 171.260 171.668
171.077 171.380 172.019
171.027 171.069 171.154
171.081 171.093 171.113
171.063 171.122 171.228
171.051 171.085 171.109
171.050 171.333 172.331
171.049 171.307 171.912
171.061 171.174 171.322
170.888 171.061 171.147
171.058 171.118 171.315
171.070 171.730 172.921
171.640 172.277 173.769
171.095 171.141 171.214
171.051 171.217 171.737
171.200 172.170 173.470
171.137 171.189 171.264
171.038 171.089 171.140
171.055 171.095 171.148
171.085 171.115 171.152
171.002 171.132 171.227
171.036 171.480 173.007
171.020 171.125 171.285
171.095 171.328 171.913
171.067 171.102 171.131
171.847 172.480 173.047
171.025 171.157 171.486
171.032 171.096 171.174
171.124 171.671 173.541
171.078 171.440 172.314
171.006 171.462 172.884
171.072 171.191 171.524
170.951 171.654 173.279
171.045 171.125 171.228
171.050 171.084 171.123
171.057 171.111 171.154
171.089 171.159 171.309
171.081 171.122 171.179
171.185 171.253 171.329
170.912 171.069 171.179
171.083 171.521 173.156
171.054 171.100 171.179
171.052 171.088 171.161
171.070 171.100 171.168
171.076 171.171 171.288
171.067 171.168 171.403
171.118 171.619 173.228
171.018 171.155 171.226
171.046 171.096 171.139
171.039 171.118 171.280
171.004 171.045 171.104
171.066 171.074 171.086
170.935 171.079 171.206
171.049 171.091 171.175
171.063 171.168 171.282
171.052 171.099 171.175
171.055 171.100 171.176
171.079 171.541 173.249
171.075 171.126 171.184
171.060 171.257 171.752
171.069 171.106 171.201
171.150 172.492 173.542
171.048 171.104 171.215
170.920 172.012 174.776
170.953 171.298 171.832
171.084 172.125 174.027
171.056 171.450 172.906
171.056 171.153 171.220
171.075 171.136 171.201
171.047 171.446 172.702
171.003 171.065 171.148
171.034 171.149 171.238
171.085 171.108 171.145
170.951 171.080 171.146
171.038 171.092 171.168
171.167 171.500 171.923
170.987 171.811 173.294
171.004 171.116 171.225
171.045 171.897 172.604
171.102 172.236 173.071
170.896 171.077 171.184
171.069 171.108 171.160
171.058 171.144 171.201
170.937 171.283 172.183
171.064 171.119 171.193
171.077 171.118 171.172
170.862 171.345 172.536
171.031 171.125 171.298
171.077 171.129 171.154
171.030 171.192 171.532
170.990 171.075 171.131
170.969 171.090 171.243
170.947 171.097 171.179
171.038 171.086 171.123
171.004 171.082 171.136
171.082 171.537 173.051
171.095 171.208 171.489
171.055 171.113 171.191
171.074 171.321 172.117
171.044 171.102 171.140
171.054 171.470 172.813
171.053 171.109 171.139
171.038 171.066 171.084
171.075 171.166 171.288
171.083 171.123 171.170
171.053 171.533 172.908
171.104 171.557 173.162
171.116 171.188 171.298
171.030 171.103 171.161
171.005 171.273 171.783
171.023 171.479 173.024
171.015 171.196 171.597
171.057 171.245 171.580
171.068 171.143 171.186
171.118 171.466 171.988
171.093 171.164 171.290
171.071 171.123 171.179
171.091 171.351 172.145
171.084 172.061 173.902
171.057 171.158 171.253
171.058 171.122 171.186
171.098 171.139 171.227
171.088 172.272 176.426
171.051 171.096 171.197
171.097 171.156 171.212
171.077 171.544 173.005
171.029 171.122 171.215
171.078 171.152 171.225
171.077 171.152 171.329
171.218 172.831 174.662
171.032 171.200 171.558
171.083 171.141 171.291
171.094 171.660 172.547
171.071 171.214 171.663
171.069 171.256 171.509
171.115 171.146 171.191
171.088 171.193 171.335
171.063 171.082 171.118
171.049 171.095 171.212
171.129 171.536 172.691
171.019 171.068 171.109
171.045 171.508 173.083
171.070 171.315 172.041
171.034 171.367 172.580
170.887 171.042 171.233
171.046 171.475 173.027
171.067 171.458 172.884
171.065 171.467 172.845
171.018 171.119 171.231
171.087 171.121 171.189
171.062 171.121 171.150
171.032 171.098 171.166
170.997 171.095 171.227
170.898 171.073 171.200
171.126 171.293 171.754
170.950 171.260 172.001
171.016 171.462 173.048
171.034 171.102 171.151
170.964 171.167 171.474
171.060 171.372 172.414
171.034 171.099 171.132
171.028 171.107 171.269
170.898 171.049 171.148
171.035 171.116 171.142
171.055 172.818 176.221
171.032 171.115 171.252
171.086 171.162 171.258
171.110 171.270 171.668
171.045 171.099 171.212
171.118 171.156 171.188
171.069 171.084 171.107
171.067 171.277 172.007
171.018 171.524 173.352
171.066 171.155 171.287
171.045 171.083 171.120
171.153 171.535 172.151
171.018 171.079 171.123
171.076 171.287 172.044
171.278 173.086 175.629
171.131 172.146 174.369
170.992 171.156 171.316
171.097 171.146 171.235
171.068 171.357 171.767
171.208 172.042 174.428
171.081 171.522 173.189
171.087 171.126 171.192
171.079 171.121 171.171
171.128 171.181 171.248
171.015 171.190 171.563
171.071 171.108 171.152
171.055 171.101 171.160
171.070 171.128 171.278
171.016 171.053 171.112
171.051 171.101 171.218
171.037 171.119 171.238
171.079 171.114 171.148
171.093 171.173 171.242
171.035 171.198 171.349
171.077 172.160 174.430
171.016 171.183 171.514
171.003 171.355 172.437
171.107 171.174 171.340
171.018 171.056 171.139
171.163 171.221 171.271
171.036 171.117 171.192
171.073 171.538 172.886
171.047 171.093 171.154
171.085 171.140 171.237
172.171 172.816 173.038
170.947 171.834 172.855
171.028 171.125 171.231
171.101 171.212 171.356
170.985 171.862 172.701
171.081 171.116 171.159
171.087 171.199 171.245
171.078 171.131 171.165
171.163 171.233 171.340
171.120 171.753 172.652
171.085 171.142 171.199
171.100 171.136 171.184
171.081 171.214 171.428
171.001 171.125 171.284
171.090 171.170 171.212
171.097 171.274 171.699
170.910 171.097 171.215
171.063 171.143 171.203
171.075 171.133 171.216
171.085 171.452 172.460
171.100 171.828 174.377
171.319 171.927 172.914
171.078 171.130 171.198
171.097 171.130 171.205
171.050 171.152 171.257
171.062 171.111 171.176
170.964 171.109 171.225
171.120 171.159 171.192
171.031 171.084 171.126
171.099 171.162 171.283
171.015 171.247 171.934
171.101 171.143 171.188
171.045 171.081 171.117
171.094 171.132 171.168
171.032 171.116 171.244
171.129 171.215 171.417
171.030 171.114 171.156
171.032 171.153 171.346
171.113 171.134 171.161
171.103 171.365 172.214
171.086 171.478 172.035
171.063 171.518 171.923
171.107 171.371 172.192
171.055 171.098 171.168
170.835 171.027 171.143
171.071 171.235 171.610
171.109 171.148 171.246
171.021 171.537 172.680
171.033 171.106 171.194
171.055 171.103 171.165
171.055 171.147 171.252
171.059 171.107 171.148
171.058 171.127 171.207
171.055 171.614 172.985
171.108 171.871 173.762
171.102 171.244 171.367
171.133 171.616 173.011
171.099 171.546 173.011
171.076 171.303 171.978
171.114 171.265 171.644
170.965 171.106 171.197
171.063 171.226 171.680
171.001 171.087 171.169
171.088 171.160 171.306
171.110 171.173 171.243
171.098 171.244 171.418
171.050 171.153 171.278
171.066 171.671 173.676
171.058 171.103 171.182
171.045 171.104 171.260
171.142 172.171 173.786
171.615 172.515 173.471
171.052 171.091 171.149
171.065 171.140 171.185
171.089 171.167 171.254
171.191 171.972 173.037
171.122 171.174 171.299
171.025 171.123 171.219
171.120 171.180 171.263
170.950 171.158 171.506
170.921 171.102 171.216
171.018 171.246 171.754
171.077 171.142 171.242
171.079 171.157 171.283
171.052 171.115 171.251
171.044 171.192 171.347
170.997 171.038 171.076
171.049 171.108 171.165
171.098 171.138 171.178
171.049 171.898 173.415
171.043 171.105 171.189
171.109 171.471 172.746
171.091 171.520 173.014
171.026 171.132 171.327
171.037 171.137 171.269
170.964 171.117 171.313
171.100 171.354 172.234
171.050 171.897 174.919
170.987 171.087 171.220
171.051 171.126 171.197
171.145 172.213 173.187
171.076 171.173 171.382
171.074 171.131 171.205
171.003 171.106 171.172
171.066 171.117 171.169
170.998 171.364 172.295
171.085 171.188 171.305
171.086 171.165 171.224
171.063 171.116 171.209
171.069 171.639 173.609
171.067 171.167 171.247
171.044 171.216 171.505
171.041 171.139 171.233
171.083 171.374 172.116
170.981 171.496 172.988
171.049 171.142 171.257
171.079 171.623 173.632
171.067 171.792 172.962
171.058 171.129 171.186
171.000 171.514 172.717
171.074 171.119 171.193
171.280 172.317 173.498
171.064 171.098 171.158
170.976 171.128 171.273
171.116 171.475 172.690
171.024 171.086 171.143
171.069 171.623 173.620
171.078 171.131 171.191
171.089 171.150 171.211
171.038 171.100 171.254
171.060 171.097 171.176
171.080 171.912 173.582
171.032 171.108 171.192
171.010 171.151 171.241
171.060 171.401 172.649
171.033 171.167 171.270
171.124 171.523 172.467
170.979 171.067 171.146
171.074 173.249 181.775
171.082 171.514 173.074
170.988 171.087 171.178
171.037 171.563 172.786
171.116 171.279 171.742
170.970 171.337 172.351
171.047 171.092 171.150
171.039 171.137 171.235
171.091 171.162 171.225
171.015 171.479 172.985
170.997 171.597 172.759
171.082 171.123 171.195
171.050 171.494 173.020
171.058 171.201 171.420
170.959 171.169 171.262
171.013 172.055 173.153
171.108 171.184 171.230
170.970 171.089 171.156
171.051 172.188 173.442
171.035 171.511 172.224
171.121 171.181 171.253
171.035 171.106 171.230
171.116 171.216 171.281
171.004 171.102 171.285
171.106 171.148 171.254
171.088 171.145 171.207
171.131 171.697 173.105
171.060 171.123 171.220
171.100 171.139 171.237
170.985 171.040 171.117
171.034 171.532 172.989
170.977 171.553 172.662
171.061 171.111 171.220
171.159 172.007 173.385
171.095 171.173 171.233
171.062 171.111 171.187
171.096 171.178 171.342
171.039 171.202 171.515
171.102 171.186 171.340
171.157 171.279 171.511
171.013 171.078 171.129
171.008 171.123 171.266
171.041 171.136 171.344
171.040 171.759 172.977
171.059 171.395 172.463
170.955 171.075 171.153
171.089 171.146 171.262
171.015 171.201 171.570
170.994 171.101 171.156
171.053 171.117 171.244
171.026 171.093 171.154
171.051 171.565 172.386
171.056 171.386 172.484
171.114 171.491 172.311
170.847 171.124 171.275
171.038 171.464 172.905
171.044 171.142 171.275
171.094 171.328 171.805
170.984 171.309 172.199
171.069 171.429 172.571
171.007 171.544 172.839
171.087 171.173 171.293
171.024 171.087 171.179
170.972 171.094 171.211
171.054 171.120 171.205
171.119 172.056 174.822
171.039 171.157 171.260
171.086 171.837 173.040
171.023 171.616 172.512
171.125 171.183 171.311
171.032 171.106 171.218
171.087 171.116 171.189
171.036 171.076 171.152
170.869 171.052 171.162
170.986 171.490 173.191
171.119 171.143 171.195
171.046 171.179 171.305
171.119 171.596 172.747
171.031 171.129 171.246
171.094 172.187 173.177
171.087 171.260 171.770
171.010 171.476 173.037
171.058 171.157 171.228
170.833 171.649 173.811
171.066 171.106 171.139
170.992 171.066 171.115
171.003 171.623 173.312
170.939 171.104 171.226
171.065 171.154 171.274
171.059 171.308 172.179
171.100 171.162 171.214
171.060 171.098 171.144
171.068 171.125 171.168
171.098 171.184 171.309
171.039 171.464 172.438
171.084 171.172 171.377
171.075 171.379 172.329
171.025 171.211 171.487
171.085 171.541 172.981
171.027 171.115 171.219
171.015 171.060 171.084
170.943 172.345 174.292
171.042 171.250 171.774
171.063 171.112 171.184
171.025 171.068 171.135
171.096 171.496 173.014
171.060 171.095 171.159
171.070 171.132 171.203
171.110 171.193 171.395
171.042 171.466 172.970
171.040 171.587 172.400
170.995 171.064 171.205
171.043 171.091 171.195
171.069 171.201 171.547
170.923 171.041 171.087
171.031 171.630 172.962
170.975 171.084 171.195
171.112 172.240 174.472
171.053 171.130 171.202
171.034 171.154 171.315
171.034 171.455 172.684
171.039 171.132 171.234
171.010 171.117 171.279
170.931 171.084 171.143
171.061 171.142 171.243
170.992 171.085 171.272
171.027 171.119 171.288
171.090 171.514 172.704
171.065 171.128 171.181
171.011 171.075 171.118
171.031 171.248 171.728
171.029 171.164 171.330
171.058 171.710 174.136
171.799 173.036 174.951
171.021 171.079 171.154
171.076 171.124 171.189
171.052 171.448 172.086
171.065 171.191 171.294
171.045 171.141 171.276
171.065 171.486 172.975
171.093 171.125 171.156
171.052 171.102 171.154
171.019 171.057 171.084
171.119 171.159 171.237
170.991 171.140 171.448
171.013 171.083 171.180
171.054 171.332 172.128
171.100 171.164 171.308
171.023 171.165 171.583
171.007 171.486 172.966
171.398 172.150 174.198
171.003 171.061 171.116
171.029 171.119 171.288
170.955 171.071 171.188
171.068 171.128 171.201
171.093 171.150 171.211
171.087 171.148 171.249
171.053 172.073 173.979
171.052 171.120 171.206
171.111 171.270 171.602
171.074 171.144 171.251
171.058 171.104 171.197
171.019 171.178 171.513
171.000 171.254 171.834
171.047 171.832 174.190
170.863 171.065 171.156
171.082 171.143 171.231
171.057 171.514 172.149
171.059 171.430 172.848
170.964 171.074 171.122
171.076 171.160 171.247
171.048 171.372 172.377
171.038 171.495 173.060
171.017 171.106 171.201
171.080 171.105 171.118
171.013 171.101 171.286
171.025 171.170 171.606
171.081 171.167 171.293
171.022 171.288 172.132
171.179 172.032 173.017
171.050 171.296 171.682
170.985 171.070 171.110
171.080 171.263 171.780
171.090 171.854 173.840
171.063 171.093 171.129
171.068 171.113 171.254
171.053 171.080 171.118
171.151 171.817 173.164
171.056 171.143 171.196
171.019 171.416 172.127
171.036 171.125 171.338
171.023 171.073 171.165
171.050 171.081 171.121
171.023 171.092 171.149
171.086 171.149 171.320
171.047 171.388 172.620
171.088 171.574 172.455
171.047 171.466 172.978
171.062 171.119 171.184
170.965 172.125 174.699
171.156 172.472 174.124
171.087 171.846 173.369
171.063 171.197 171.314
171.090 171.344 171.922
171.030 171.837 173.808
171.067 171.530 172.585
171.249 171.627 172.166
171.053 171.339 172.175
171.174 171.223 171.295
171.070 171.472 172.852
171.064 171.147 171.245
171.082 171.391 172.130
170.984 171.144 171.412
171.053 171.107 171.165
171.036 171.185 171.322
171.079 171.217 171.627
171.126 171.197 171.403
171.045 171.191 171.423
170.998 171.399 172.472
171.029 171.526 173.117
171.196 171.705 173.475
171.049 171.171 171.253
171.049 171.073 171.100
171.035 171.201 171.663
170.866 171.039 171.084
171.004 171.478 172.742
171.081 171.126 171.254
171.068 171.136 171.193
171.084 171.218 171.586
171.110 171.150 171.183
170.999 171.139 171.300
171.066 171.125 171.188
171.067 171.108 171.174
171.241 172.166 173.638
170.990 171.086 171.141
171.070 171.813 173.631
171.033 171.115 171.176
171.064 171.126 171.259
171.084 171.172 171.229
171.071 171.498 172.877
171.092 171.187 171.518
171.089 172.270 176.012
171.025 171.277 171.999
171.107 171.209 171.505
171.111 171.531 173.030
171.057 171.367 172.373
171.061 171.659 173.018
171.063 171.143 171.195
171.097 171.216 171.552
171.066 171.170 171.311
171.064 171.113 171.176
171.086 172.106 173.815
171.027 171.140 171.217
171.049 171.367 172.314
171.121 171.439 172.517
171.053 171.209 171.331
171.085 171.146 171.266
171.068 171.153 171.323
171.169 171.212 171.249
171.021 171.645 173.881
170.996 171.150 171.372
171.060 171.088 171.141
170.994 171.085 171.160
171.071 171.097 171.174
171.052 171.162 171.337
171.068 171.890 173.050
171.163 172.123 174.290
171.085 171.355 172.191
171.054 171.128 171.181
170.982 171.179 171.620
171.033 171.064 171.109
171.098 172.981 176.771
171.093 171.162 171.222
171.134 171.395 172.195
171.060 171.171 171.245
171.062 171.183 171.391
171.023 171.095 171.202
171.052 171.128 171.208
171.064 171.521 173.226
171.095 171.151 171.280
171.086 171.171 171.293
170.921 171.127 171.279
171.033 172.644 178.889
171.038 171.446 172.635
171.016 171.101 171.202
171.106 171.869 172.993
171.056 171.107 171.148
171.107 171.475 172.933
171.043 171.058 171.076
171.003 171.145 171.226
171.022 171.156 171.398
171.102 171.356 172.293
171.050 171.107 171.175
171.080 171.349 172.351
171.096 171.161 171.245
170.968 171.063 171.176
171.024 171.539 172.243
171.063 171.081 171.118
171.092 171.854 173.057
171.157 173.308 174.788
171.220 172.455 174.792
171.128 171.190 171.388
171.042 171.129 171.157
171.076 171.461 172.843
171.100 172.139 176.217
171.035 171.154 171.524
171.088 171.136 171.193
171.072 171.247 171.800
171.081 171.109 171.188
171.050 171.609 173.259
170.913 171.115 171.353
171.040 171.112 171.208
170.984 171.049 171.189
170.962 171.066 171.206
171.043 171.127 171.281
170.960 171.090 171.170
171.067 171.435 172.525
171.037 171.087 171.120
171.046 171.090 171.133
171.106 171.168 171.330
171.754 172.658 174.576
171.130 172.762 174.278
171.030 171.079 171.137
171.064 171.080 171.117
171.028 171.072 171.172
171.064 171.714 174.137
171.045 171.088 171.111
171.084 171.115 171.147
171.086 171.128 171.165
171.050 171.145 171.401
171.066 171.099 171.141
171.059 171.089 171.114
171.080 171.112 171.127
171.001 171.379 172.284
170.945 171.160 171.464
171.057 171.844 173.334
171.027 171.122 171.255
170.970 171.182 171.361
171.003 171.298 171.852
170.921 171.188 171.897
171.065 171.156 171.272
171.088 171.133 171.209
171.045 171.172 171.477
171.030 171.093 171.145
171.062 171.695 174.085
171.044 171.142 171.256
171.847 172.185 172.608
171.089 171.114 171.151
171.019 171.057 171.086
170.962 171.078 171.137
172.319 173.030 173.731
171.038 171.075 171.134
171.041 171.097 171.172
171.040 171.334 172.175
171.035 171.112 171.231
171.067 171.171 171.375
171.038 171.096 171.153
170.972 171.063 171.135
170.812 171.013 171.109
171.051 172.001 173.477
171.049 171.182 171.301
171.042 171.096 171.148
171.031 171.072 171.114
170.970 171.067 171.136
171.095 171.144 171.301
171.301 171.770 172.481
171.090 171.119 171.188
171.051 171.076 171.094
171.040 171.144 171.480
171.043 171.167 171.480
171.077 171.100 171.134
170.942 171.107 171.391
171.050 171.087 171.138
171.085 171.167 171.264
171.000 171.028 171.051
170.968 171.118 171.571
170.992 171.344 171.987
170.978 171.042 171.098
171.000 171.024 171.079
171.060 171.637 172.958
170.989 171.404 172.910
170.907 171.000 171.087
171.096 171.994 172.992
171.012 171.032 171.053
170.952 171.098 171.549
170.973 171.069 171.161
170.915 171.105 171.316
170.937 171.002 171.147
171.001 171.035 171.076
170.911 171.005 171.046
171.009 171.038 171.066
170.991 171.085 171.177
170.969 170.998 171.030
170.967 171.020 171.057
171.002 171.032 171.050
170.899 171.258 172.287
171.006 171.042 171.119
170.949 171.009 171.107
170.977 171.047 171.207
170.980 171.523 172.601
171.528 172.187 173.270
170.794 171.362 172.513
171.015 171.053 171.172
170.977 171.028 171.100
171.009 171.077 171.201
170.963 171.050 171.293
170.989 171.005 171.017
170.964 171.146 171.639
171.048 171.073 171.107
170.974 171.053 171.137
170.992 171.316 172.508
170.980 171.004 171.051
170.934 171.039 171.173
170.954 171.036 171.139
170.899 171.199 171.969
170.815 171.324 171.753
170.985 171.477 172.472
170.986 171.059 171.186
170.979 171.023 171.058
171.028 171.049 171.106
170.939 171.456 171.912
170.927 171.556 172.887
170.924 170.982 171.042
170.956 171.046 171.204
171.019 171.209 171.756
170.951 171.024 171.102
171.014 171.541 173.089
170.999 171.033 171.079
170.980 171.052 171.111
170.984 171.046 171.100
170.921 171.026 171.126
170.996 171.029 171.068
170.892 170.959 171.029
171.050 171.419 171.901
170.999 171.033 171.083
170.950 172.352 174.590
171.023 171.200 171.833
171.022 171.328 172.358
170.978 171.651 173.099
170.995 171.055 171.135
170.991 171.055 171.132
170.960 170.998 171.073
170.967 171.001 171.054
171.009 171.310 171.646
170.981 171.072 171.168
170.944 171.035 171.153
171.793 172.554 172.968
170.999 171.074 171.191
170.976 170.998 171.039
170.948 171.451 172.258
171.143 171.814 173.805
171.004 171.109 171.396
170.971 171.027 171.098
170.985 171.063 171.119
170.874 171.011 171.083
170.993 171.050 171.110
170.965 171.012 171.084
170.987 171.013 171.042
170.963 171.048 171.223
171.008 171.540 173.589
170.982 171.347 172.665
170.974 170.996 171.025
170.991 171.044 171.151
170.925 171.020 171.144
170.966 171.273 172.079
170.962 171.015 171.034
170.970 171.034 171.100
171.018 171.026 171.044
170.951 171.007 171.074
171.034 171.087 171.183
170.952 171.593 172.324
170.892 171.135 171.622
170.960 170.988 171.025
171.000 171.048 171.129
170.985 171.021 171.050
170.974 171.032 171.180
171.024 171.610 172.705
170.952 171.024 171.104
170.953 171.030 171.060
170.856 171.019 171.111
170.867 170.986 171.137
170.966 171.044 171.146
170.970 171.007 171.062
170.970 171.026 171.111
170.948 171.585 173.929
173.887 175.283 176.816
171.060 171.089 171.110
170.983 171.412 172.955
171.005 171.370 172.625
170.966 171.012 171.070
170.974 171.046 171.110
170.959 171.010 171.092
171.008 171.018 171.040
171.097 171.147 171.190
170.925 171.016 171.061
170.917 171.118 171.545
170.987 171.876 172.914
170.972 171.033 171.094
171.000 171.350 172.468
170.880 171.010 171.063
171.076 172.483 174.469
170.939 170.998 171.056
171.151 172.657 173.903
170.998 171.594 173.920
171.026 171.536 173.355
171.030 171.219 171.736
170.991 171.031 171.114
170.976 171.018 171.080
170.963 171.015 171.053
170.921 170.991 171.061
171.001 171.557 173.246
171.007 171.092 171.162
170.966 171.006 171.055
171.014 171.378 172.585
170.994 171.334 172.459
170.978 171.543 172.402
170.965 171.314 172.288
171.036 171.077 171.169
170.997 171.047 171.091
170.966 171.010 171.049
171.032 172.468 174.718
170.887 170.993 171.069
170.980 171.227 172.111
170.979 171.146 171.600
170.993 171.354 172.579
170.987 171.425 172.438
171.013 171.049 171.069
171.035 171.200 171.574
170.992 171.217 171.877
170.992 171.056 171.213
170.960 171.400 172.904
170.877 171.008 171.118
170.958 171.016 171.087
170.915 170.966 171.003
170.934 171.022 171.136
170.963 171.055 171.203
171.013 171.335 172.224
170.931 171.553 172.461
170.770 170.973 171.103
170.996 171.928 173.781
170.956 170.989 171.007
170.826 171.134 171.433
171.031 171.317 171.942
170.983 171.052 171.148
171.012 171.059 171.173
170.992 171.038 171.127
170.945 171.003 171.038
170.990 171.003 171.018
170.925 171.059 171.189
171.011 171.529 172.492
171.038 171.925 172.670
170.990 171.037 171.093
170.951 171.036 171.110
170.945 171.008 171.065
171.025 171.075 171.235
170.982 171.031 171.150
170.985 171.029 171.105
171.006 171.048 171.116
170.974 171.030 171.122
170.975 171.019 171.085
170.956 171.243 171.889
170.956 171.012 171.055
171.001 171.037 171.096
170.892 171.077 171.480
171.030 171.079 171.180
171.011 171.039 171.061
170.989 171.128 171.406
171.012 171.723 173.518
171.016 171.280 171.631
170.983 171.119 171.523
170.881 170.959 171.007
170.956 171.226 172.159
170.977 171.151 171.710
170.992 171.025 171.080
171.017 171.592 173.456
171.032 171.201 171.749
171.014 171.616 173.936
171.000 171.369 172.699
170.958 170.985 171.015
170.993 171.023 171.110
170.981 171.431 172.964
170.995 171.043 171.100
171.043 172.012 172.995
170.995 171.034 171.072
170.909 171.019 171.077
171.028 171.361 172.394
170.944 171.000 171.023
171.037 171.098 171.251
170.857 170.958 171.036
171.002 171.310 172.356
170.985 171.024 171.047
170.785 170.999 171.100
170.922 171.379 172.786
170.983 171.035 171.071
171.008 171.978 173.920
170.988 171.007 171.035
171.162 172.008 173.001
170.948 171.265 172.329
170.856 171.192 172.018
171.009 171.033 171.099
171.629 172.687 174.858
170.975 171.026 171.097
171.007 171.129 171.471
170.959 171.055 171.156
170.987 171.083 171.195
171.025 171.052 171.085
170.976 171.012 171.038
170.997 171.047 171.112
171.006 171.073 171.108
170.925 171.223 172.063
170.956 171.018 171.092
171.030 171.800 173.664
170.999 171.044 171.171
172.003 172.712 173.124
170.969 171.185 171.540
171.016 171.907 173.314
170.989 171.049 171.160
171.021 171.132 171.439
171.129 172.126 174.317
170.995 171.359 172.529
170.964 171.018 171.061
171.012 171.113 171.225
170.950 171.149 171.794
171.002 171.061 171.221
170.858 170.988 171.052
170.904 170.989 171.112
170.986 171.047 171.171
171.002 171.046 171.100
170.966 171.080 171.410
170.988 171.373 172.491
170.956 171.043 171.213
170.997 171.074 171.149
171.001 171.131 171.204
171.062 171.112 171.189
171.019 171.085 171.213
171.037 171.070 171.110
171.000 171.060 171.171
171.017 171.071 171.179
171.030 171.061 171.134
170.994 172.083 174.893
170.991 171.055 171.101
170.960 171.028 171.096
171.010 171.063 171.107
171.002 171.465 172.908
171.012 171.097 171.227
170.977 171.049 171.250
171.166 172.095 172.982
170.986 171.093 171.176
171.004 171.075 171.168
171.022 171.222 171.784
171.149 172.363 174.718
170.942 171.027 171.116
170.974 171.066 171.156
170.985 171.044 171.112
171.034 172.196 174.165
171.026 171.097 171.217
171.015 171.455 173.005
171.061 171.582 172.962
171.004 171.102 171.170
171.022 171.380 172.101
170.992 171.059 171.118
171.000 171.060 171.228
170.933 171.042 171.113
170.961 171.087 171.229
171.010 171.063 171.110
171.009 171.317 171.820
170.950 171.037 171.113
171.033 171.067 171.113
170.991 171.035 171.118
171.082 171.226 171.361
171.051 172.723 174.863
171.012 171.076 171.170
170.982 171.017 171.078
171.003 171.059 171.152
170.984 171.075 171.174
171.024 171.064 171.102
170.968 171.009 171.096
170.992 171.153 171.434
170.995 171.081 171.159
170.962 171.066 171.179
170.978 171.054 171.148
171.006 171.247 171.861
171.007 171.949 172.841
170.938 171.028 171.088
171.078 171.185 171.544
170.965 171.046 171.214
170.988 171.070 171.146
171.010 171.122 171.280
170.895 171.084 171.198
170.912 170.991 171.068
171.017 171.128 171.224
171.089 171.180 171.381
170.925 171.047 171.164
170.880 171.313 172.005
171.026 171.064 171.114
170.979 171.065 171.150
171.035 171.110 171.173
171.016 171.073 171.140
170.961 171.878 173.164
171.072 171.377 172.407
171.005 171.149 171.344
170.987 171.064 171.164
171.031 171.417 172.651
171.006 171.880 174.913
170.911 171.051 171.258
170.985 171.496 173.379
171.016 171.093 171.290
171.060 171.085 171.148
171.007 171.076 171.133
170.990 171.054 171.104
171.021 171.439 172.891
171.020 171.110 171.190
171.216 172.063 172.803
170.902 171.057 171.298
170.980 171.075 171.215
170.997 171.086 171.166
171.343 172.100 173.813
170.985 171.085 171.228
171.084 171.122 171.169
171.009 171.052 171.070
170.831 171.463 173.090
170.842 171.021 171.194
171.026 171.066 171.200
170.938 171.074 171.206
171.021 171.102 171.325
170.982 171.135 171.661
171.016 171.268 171.633
170.984 171.048 171.156
170.891 171.409 172.971
170.956 171.106 171.306
170.996 171.041 171.082
170.889 171.446 172.951
170.995 171.064 171.148
171.007 171.116 171.246
171.022 171.331 172.405
170.952 171.584 172.808
171.221 172.347 173.556
170.990 171.060 171.162
170.997 171.022 171.061
171.076 171.112 171.140
170.995 171.075 171.144
171.007 171.037 171.076
171.000 171.467 173.131
170.965 171.169 171.813
171.009 171.044 171.118
170.981 171.120 171.217
170.970 171.412 172.891
170.857 171.368 172.833
170.998 171.692 172.935
170.969 171.274 172.329
170.994 171.481 172.244
170.974 171.132 171.639
171.022 171.045 171.066
171.007 171.096 171.291
171.015 171.083 171.152
170.994 171.011 171.026
171.020 171.050 171.094
170.975 171.101 171.533
170.994 171.046 171.086
171.011 171.066 171.170
170.955 171.036 171.121
171.055 171.456 172.979
171.351 172.380 173.165
171.050 171.163 171.226
170.983 171.081 171.345
170.914 171.254 171.856
171.472 172.492 173.887
171.842 172.494 173.195
170.904 170.971 171.024
170.947 171.367 172.703
171.018 171.158 171.577
171.029 171.116 171.217
170.988 171.040 171.082
170.999 171.419 172.492
171.012 171.128 171.422
170.802 171.025 171.172
170.965 171.387 172.765
170.869 171.044 171.161
171.045 171.130 171.242
170.980 171.265 172.158
170.994 171.048 171.150
171.012 171.081 171.223
171.041 171.132 171.227
170.965 171.026 171.098
170.957 171.100 171.274
171.007 171.501 173.220
170.999 171.037 171.064
170.895 171.006 171.081
170.996 171.016 171.051
170.986 171.059 171.155
170.976 171.065 171.172
170.969 171.418 172.914
170.877 170.969 171.026
170.932 171.084 171.221
170.982 171.060 171.119
171.019 171.952 172.920
171.004 171.122 171.290
170.910 170.981 171.038
171.030 171.821 173.450
171.158 172.105 173.669
171.020 171.109 171.242
170.962 171.072 171.201
171.000 171.010 171.036
171.054 171.151 171.207
171.045 171.106 171.196
170.975 171.035 171.070
171.069 171.102 171.152
170.909 170.963 171.021
171.049 172.386 174.780
170.999 171.149 171.277
171.060 171.131 171.232
170.970 171.029 171.119
170.909 171.061 171.322
171.006 171.167 171.516
170.930 171.392 172.885
171.003 171.067 171.149
171.013 171.099 171.269
171.025 171.259 171.647
171.020 171.213 171.522
170.960 171.537 172.827
170.999 171.786 173.461
171.017 171.073 171.129
170.969 171.052 171.144
170.983 171.088 171.255
170.988 171.056 171.171
170.950 171.065 171.139
170.969 171.495 173.193
170.903 171.033 171.154
171.022 171.122 171.239
171.013 171.034 171.060
170.978 171.037 171.089
170.980 171.043 171.126
171.015 171.228 171.517
170.995 171.266 171.891
170.859 172.206 174.499
170.930 171.068 171.133
170.979 171.006 171.043
170.983 171.054 171.199
171.017 172.006 173.429
171.019 171.055 171.104
171.123 171.190 171.288
170.962 171.078 171.309
170.962 171.321 172.438
170.717 171.049 171.202
170.977 171.130 171.328
171.012 171.445 172.766
170.985 171.154 171.661
170.994 171.708 172.895
170.991 171.384 172.079
171.161 171.893 172.609
171.017 171.091 171.194
171.000 171.083 171.181
171.021 171.255 172.011
171.108 171.326 171.882
170.976 171.071 171.134
170.951 171.028 171.125
170.965 171.707 174.372
171.038 171.156 171.402
170.979 171.074 171.235
171.016 171.278 172.069
170.956 171.012 171.040
171.020 171.113 171.198
171.006 171.088 171.163
170.996 171.121 171.288
171.026 171.081 171.172
170.999 171.099 171.224
170.952 171.021 171.068
170.968 171.028 171.123
171.016 171.269 172.047
171.023 172.010 173.491
170.982 171.128 171.317
170.967 171.016 171.059
171.034 171.119 171.184
171.004 171.237 171.841
170.986 171.106 171.347
170.955 171.405 172.902
170.975 171.045 171.147
171.019 171.054 171.084
171.009 171.061 171.100
170.978 171.075 171.189
170.969 171.012 171.074
170.965 171.381 172.254
171.129 172.654 174.021
170.992 171.166 171.538
171.174 171.826 172.445
171.049 171.071 171.087
171.007 171.066 171.160
171.012 171.170 171.404
171.003 171.131 171.398
170.971 171.042 171.180
170.960 171.072 171.207
171.090 171.138 171.207
170.985 171.111 171.200
170.995 171.099 171.159
170.972 171.087 171.197
171.030 171.069 171.118
170.993 171.017 171.097
170.994 171.300 172.340
170.976 171.088 171.227
171.096 171.554 171.925
171.104 171.144 171.172
170.926 171.077 171.139
170.944 172.796 175.471
170.979 171.177 171.546
170.987 171.021 171.055
170.954 171.352 172.463
170.942 171.413 173.004
171.000 171.074 171.242
171.011 171.082 171.332
170.999 171.215 171.719
170.994 171.047 171.156
171.026 171.065 171.116
171.020 171.043 171.063
171.075 172.315 173.165
170.969 171.088 171.347
170.999 171.159 171.461
171.085 171.447 172.499
170.987 171.079 171.194
171.023 171.194 171.822
171.007 171.110 171.205
171.008 171.370 172.491
171.023 171.115 171.248
170.991 171.030 171.059
170.988 171.078 171.339
170.735 171.294 172.541
170.648 171.721 174.215
170.955 171.072 171.251
171.031 171.129 171.265
171.103 172.000 172.786
170.959 171.378 172.811
170.914 171.053 171.216
171.045 171.111 171.172
171.001 171.308 171.951
170.992 171.061 171.136
170.972 171.231 171.756
170.936 171.062 171.107
171.036 171.099 171.192
171.019 171.133 171.304
171.018 171.108 171.235
170.994 171.081 171.283
170.963 171.199 171.547
170.970 171.020 171.082
171.019 171.418 172.903
170.972 171.039 171.132
170.983 171.040 171.089
171.524 172.535 173.080
170.977 171.022 171.056
170.969 171.115 171.212
171.005 171.624 173.958
170.976 172.634 174.062
170.917 171.043 171.199
170.975 171.033 171.110
171.051 171.083 171.131
171.007 171.374 172.379
170.936 171.309 172.571
171.009 171.069 171.242
171.031 171.294 171.801
170.975 171.103 171.240
171.018 171.197 171.639
170.965 171.047 171.103
170.987 171.053 171.135
170.948 171.051 171.223
171.065 171.097 171.152
171.018 171.111 171.262
171.035 171.164 171.572
171.039 171.098 171.241
171.028 171.091 171.184
171.005 171.099 171.198
171.000 171.341 172.303
170.965 171.889 172.895
170.906 171.747 173.890
170.882 171.302 172.336
171.060 171.163 171.319
170.803 170.990 171.160
170.991 171.059 171.229
171.057 171.401 172.588
171.004 171.051 171.088
170.906 171.084 171.302
170.987 171.022 171.056
170.948 170.993 171.047
170.931 171.178 171.906
170.946 171.033 171.138
170.771 170.997 171.096
171.000 171.399 172.119
171.038 171.934 172.407
170.989 171.064 171.154
171.004 171.259 172.026
171.006 171.232 172.062
170.995 171.083 171.187
170.999 171.038 171.106
170.976 171.002 171.023
170.967 171.030 171.142
171.012 171.319 172.355
170.966 171.111 171.246
171.009 171.078 171.170
170.956 171.217 171.661
170.961 171.076 171.256
170.961 171.173 171.626
170.918 171.263 172.037
171.292 172.127 174.339
170.835 171.003 171.101
170.978 171.214 171.998
170.924 171.234 171.797
170.999 171.052 171.080
171.136 171.831 172.848
171.024 171.072 171.122
171.010 171.085 171.184
170.985 171.030 171.094
171.020 171.067 171.117
170.976 171.280 172.299
170.958 171.008 171.035
170.906 171.012 171.072
171.001 171.036 171.071
171.052 171.406 172.068
170.987 171.046 171.102
171.022 171.054 171.092
170.928 171.205 172.093
170.983 171.402 172.177
170.998 171.091 171.326
170.876 170.995 171.150
170.987 171.425 173.039
171.009 171.075 171.115
170.972 171.034 171.126
170.879 171.014 171.129
170.992 171.063 171.116
171.006 171.043 171.089
170.987 171.041 171.079
170.987 171.092 171.179
170.989 171.083 171.221
170.981 180.914 220.531
170.969 171.087 171.336
170.942 171.010 171.095
170.987 171.191 171.743
170.959 171.090 171.274
170.918 171.122 171.429
170.932 171.080 171.270
170.994 171.055 171.130
170.988 171.360 171.866
170.966 171.062 171.285
171.047 171.228 171.659
170.875 171.008 171.140
171.005 171.078 171.276
171.084 171.302 172.057
170.930 171.006 171.089
171.056 171.125 171.160
170.993 171.378 171.983
170.905 171.026 171.247
171.100 172.168 174.797
171.007 171.081 171.216
171.142 171.963 173.598
170.874 171.056 171.342
170.970 171.069 171.119
170.997 171.092 171.150
171.077 171.381 171.962
171.088 172.804 176.427
170.963 171.117 171.258
170.992 171.067 171.171
170.985 171.031 171.135
170.996 171.050 171.179
170.904 171.156 171.443
171.086 171.517 172.559
170.993 171.035 171.073
170.985 171.060 171.141
170.970 171.030 171.105
170.990 172.237 173.041
170.963 171.023 171.058
171.030 171.336 172.403
171.013 171.781 173.967
170.992 171.650 173.348
171.026 172.015 173.611
170.997 171.387 172.064
171.016 171.053 171.125
170.954 171.061 171.234
171.028 171.056 171.070
171.003 171.049 171.137
170.994 171.249 172.141
171.006 171.065 171.155
171.023 171.161 171.524
171.614 172.491 173.530
171.006 171.074 171.226
170.992 171.075 171.165
170.962 171.063 171.324
170.992 171.071 171.242
170.981 171.018 171.057
170.994 171.478 173.046
170.918 171.000 171.045
170.826 170.987 171.052
171.027 171.996 175.127
170.961 171.044 171.126
170.991 171.066 171.200
170.848 171.024 171.118
171.011 171.074 171.172
170.966 171.062 171.267
171.052 171.164 171.318
170.984 171.037 171.096
171.006 172.333 173.078
170.986 171.046 171.139
170.918 171.388 172.892
170.934 171.465 172.283
171.475 172.224 172.664
170.816 172.244 173.149
171.001 171.051 171.180
171.029 171.402 172.148
170.961 171.000 171.027
171.010 171.023 171.038
171.017 171.090 171.217
171.017 171.174 171.502
170.966 171.446 172.980
171.029 171.462 172.101
170.971 171.148 171.397
170.928 171.049 171.130
170.982 171.036 171.116
170.944 170.976 171.001
170.930 171.019 171.100
170.952 171.240 172.136
170.968 171.046 171.100
171.033 171.730 172.864
171.030 171.275 172.113
171.000 171.198 171.657
171.013 171.684 173.621
171.006 171.092 171.162
170.987 171.086 171.191
170.967 170.995 171.024
170.968 171.103 171.423
170.981 171.015 171.062
170.977 171.022 171.073
171.057 171.116 171.255
170.925 171.030 171.139
170.989 171.021 171.043
170.992 171.020 171.039
170.938 170.995 171.048
170.970 171.002 171.060
170.984 171.524 173.543
170.886 171.049 171.138
171.046 171.524 172.541
171.009 171.046 171.106
170.843 171.698 173.622
170.991 171.670 174.245
170.988 171.379 172.757
170.982 171.036 171.119
170.936 170.988 171.064
170.979 171.025 171.048
171.015 171.306 172.174
170.981 171.060 171.139
171.000 171.061 171.167
172.041 172.384 172.817
170.967 171.017 171.045
170.918 171.004 171.049
171.024 171.063 171.178
171.060 172.708 175.043
170.902 171.015 171.061
170.986 171.058 171.149
170.982 171.198 171.648
171.031 171.946 174.956
170.975 171.161 171.553
170.981 171.056 171.127
171.025 171.658 172.819
171.030 171.071 171.163
170.938 171.025 171.109
170.936 171.533 173.570
170.994 171.043 171.085
170.996 171.052 171.219
170.988 171.073 171.169
170.965 171.704 172.911
170.987 171.018 171.055
170.974 171.079 171.171
170.974 171.034 171.072
171.043 171.837 174.947
170.974 171.166 171.667
171.060 171.551 172.681
170.986 171.052 171.146
171.026 172.823 174.548
170.947 171.006 171.088
170.999 171.038 171.130
170.863 170.981 171.061
170.981 171.015 171.061
170.985 171.571 172.712
170.990 171.063 171.232
170.959 171.048 171.228
170.998 171.321 172.279
170.986 171.023 171.102
171.050 171.304 172.232
170.818 171.026 171.176
170.978 171.071 171.182
170.977 171.764 173.520
170.988 171.220 171.789
170.909 171.050 171.217
171.034 171.079 171.131
171.029 171.562 173.522
171.022 171.066 171.199
170.989 171.106 171.317
170.999 171.095 171.232
171.011 171.048 171.101
170.929 171.063 171.301
170.989 171.023 171.077
171.360 172.544 173.084
170.988 171.014 171.034
170.999 171.074 171.175
170.904 172.382 175.648
171.132 171.707 172.148
171.001 171.116 171.301
170.997 171.086 171.277
170.970 171.152 171.591
171.028 172.259 173.696
170.878 170.976 171.017
170.970 171.044 171.105
170.958 171.004 171.080
171.052 171.117 171.230
171.008 171.097 171.187
170.883 171.008 171.174
170.971 171.001 171.045
171.025 171.101 171.173
170.999 171.042 171.148
170.922 171.012 171.057
170.996 171.327 172.379
171.063 171.306 171.737
170.964 171.073 171.125
171.006 171.044 171.088
170.970 171.012 171.111
170.991 171.605 173.469
171.004 171.019 171.042
170.936 171.028 171.156
170.937 171.011 171.081
171.004 171.028 171.054
170.982 171.006 171.045
170.982 171.215 172.011
170.881 171.024 171.109
170.916 171.486 172.375
170.971 171.076 171.306
170.971 171.030 171.088
170.983 171.037 171.145
170.913 171.770 174.945
170.979 171.035 171.160
170.991 171.055 171.168
170.992 171.160 171.734
171.010 171.447 171.933
171.003 171.161 171.501
171.012 171.236 171.998
170.896 171.191 171.830
170.985 171.167 171.510
170.953 170.988 171.006
170.957 171.001 171.037
171.002 171.136 171.467
170.998 171.053 171.243
170.982 171.045 171.122
171.008 171.383 172.783
171.011 171.480 172.731
170.961 170.997 171.072
171.046 172.156 173.159
171.033 171.080 171.194
171.019 171.076 171.224
170.997 171.608 173.644
170.998 171.027 171.057
171.213 172.460 174.200
171.023 171.041 171.073
171.003 171.038 171.066
171.012 171.204 171.669
170.960 171.130 171.522
170.970 171.793 174.858
170.992 171.092 171.201
170.996 171.020 171.054
170.998 171.149 171.554
171.023 171.131 171.378
170.918 171.286 172.254
171.001 171.020 171.056
170.984 171.601 172.946
171.122 172.504 174.750
170.949 171.013 171.125
170.938 171.056 171.151
170.956 171.147 171.559
171.059 171.555 172.174
171.018 171.067 171.130
170.988 171.017 171.056
170.989 171.276 172.260
171.008 171.403 172.686
170.956 171.169 171.857
170.992 171.046 171.082
171.033 171.802 174.762
170.961 171.007 171.068
170.939 171.032 171.122
170.975 171.031 171.077
171.015 171.766 173.755
171.011 171.589 173.049
170.986 171.134 171.594
171.014 171.429 172.865
170.975 171.036 171.139
171.006 171.038 171.079
170.947 171.089 171.329
170.890 170.988 171.062
170.937 170.993 171.059
170.967 171.045 171.192
170.953 171.310 172.447
170.967 171.562 173.783
170.939 170.990 171.035
171.020 171.041 171.080
170.989 171.040 171.095
171.000 171.092 171.245
171.014 171.037 171.097
170.967 171.393 172.965
171.015 171.168 171.526
170.911 171.060 171.112
170.804 171.009 171.138
171.007 171.032 171.066
170.971 171.943 174.562
171.003 171.324 172.441
171.009 176.910 200.121
170.962 171.431 173.183
170.991 171.036 171.103
170.934 171.000 171.085
170.966 171.006 171.052
170.986 171.038 171.102
170.991 171.038 171.081
170.986 171.056 171.099
170.916 171.266 171.903
170.978 171.008 171.050
170.874 171.015 171.137
170.896 171.483 173.343
170.953 171.040 171.126
170.985 171.010 171.044
170.997 171.042 171.100
171.014 171.150 171.550
170.917 171.008 171.105
170.993 171.018 171.082
170.980 171.285 172.256
171.005 171.196 171.807
171.012 171.437 172.909
170.955 171.101 171.334
170.979 171.034 171.104
170.881 171.000 171.067
171.757 172.443 172.955
170.965 171.065 171.177
170.986 171.011 171.028
171.017 171.056 171.160
171.004 171.252 172.060
170.935 171.001 171.040
170.934 171.045 171.115
170.947 170.998 171.024
170.998 171.145 171.698
171.001 171.048 171.083
170.967 171.056 171.242
170.959 171.761 174.501
171.058 171.650 172.650
170.989 171.222 171.576
170.974 171.031 171.161
170.994 171.056 171.169
171.012 171.071 171.169
171.022 171.053 171.079
171.031 171.230 171.754
170.955 171.114 171.699
170.981 171.049 171.094
170.728 170.972 171.150
171.012 171.286 172.338
171.143 172.100 172.918
170.958 171.189 171.750
170.994 171.394 172.839
170.980 171.172 171.662
170.978 171.087 171.142
170.958 171.013 171.063
170.989 171.002 171.024
170.958 171.219 171.892
170.971 171.044 171.102
171.260 172.302 173.523
170.996 171.162 171.448
171.014 171.628 173.141
171.008 171.172 171.482
170.885 171.053 171.222
171.032 171.408 172.243
170.732 170.999 171.131
171.031 171.257 171.886
170.937 170.996 171.068
170.978 171.032 171.077
170.994 171.032 171.066
170.914 171.043 171.127
170.947 171.021 171.084
170.997 171.066 171.241
171.000 171.066 171.143
170.968 171.797 173.022
170.912 170.995 171.076
170.859 171.014 171.133
170.986 171.064 171.143
170.995 171.120 171.307
171.039 172.036 174.709
170.808 171.030 171.192
170.905 171.000 171.069
170.977 171.046 171.090
170.958 171.209 172.069
171.021 171.198 171.801
170.913 171.102 171.304
170.948 171.713 174.351
170.988 171.088 171.172
171.012 171.226 171.849
170.975 171.034 171.092
170.927 171.031 171.115
170.983 171.055 171.194
170.971 171.021 171.101
170.972 171.016 171.116
170.969 171.002 171.024
171.119 171.987 173.108
170.873 171.743 174.879
170.826 171.053 171.286
170.989 171.035 171.114
171.000 171.334 172.094
171.017 171.118 171.355
170.987 171.044 171.101
170.993 171.046 171.163
171.003 171.768 172.958
170.980 171.003 171.075
170.984 171.035 171.079
171.029 171.063 171.115
171.021 171.089 171.161
171.038 171.364 172.281
170.935 171.053 171.221
171.033 171.156 171.438
170.907 171.030 171.117
171.001 171.343 172.365
171.002 171.496 172.682
170.945 171.582 173.172
171.029 171.056 171.107
170.906 171.028 171.131
171.000 171.043 171.093
170.978 171.148 171.646
170.898 170.997 171.070
170.886 170.980 171.014
171.025 171.092 171.199
170.988 171.091 171.236
170.972 171.038 171.180
170.976 171.411 172.901
171.032 171.080 171.153
170.947 171.175 171.787
170.986 171.053 171.110
171.012 171.159 171.273
171.056 171.166 171.444
171.037 171.148 171.430
170.885 171.061 171.182
171.004 171.022 171.073
170.984 171.053 171.118
170.995 171.158 171.420
170.999 171.301 172.246
170.785 171.478 172.926
170.994 171.109 171.211
171.026 171.357 172.615
171.015 171.132 171.325
170.982 171.067 171.158
171.012 171.308 172.027
171.049 171.095 171.135
170.951 171.051 171.127
170.992 171.201 171.401
171.065 171.095 171.151
170.959 171.196 171.741
170.934 171.161 171.592
171.005 171.072 171.174
171.022 171.048 171.079
170.949 171.045 171.092
170.910 171.051 171.224
171.049 171.750 173.613
170.981 171.257 172.021
170.915 171.076 171.182
170.976 171.043 171.127
171.042 171.062 171.098
171.021 171.092 171.204
170.989 171.695 173.514
170.993 171.069 171.175
170.910 171.020 171.136
171.030 171.097 171.186
170.992 171.047 171.090
170.952 171.084 171.223
170.982 171.005 171.028
170.953 171.064 171.167
170.985 171.291 171.975
170.997 171.040 171.180
170.972 171.274 171.635
171.049 171.250 171.748
171.066 171.451 172.419
170.982 171.025 171.099
170.982 171.018 171.050
171.052 171.094 171.188
170.989 171.158 171.651
171.068 171.866 173.419
170.993 171.168 171.594
171.001 171.065 171.279
170.947 171.384 172.813
170.904 171.042 171.181
170.983 171.093 171.207
171.018 171.054 171.095
171.056 171.175 171.349
171.046 171.251 171.449
170.992 171.029 171.064
171.002 171.067 171.185
170.982 171.043 171.138
171.038 171.537 172.733
170.916 171.023 171.155
171.024 171.084 171.149
170.997 171.015 171.034
170.938 171.078 171.230
170.998 171.044 171.082
171.014 171.117 171.247
170.977 171.078 171.319
171.023 171.059 171.138
171.044 171.612 173.388
170.959 171.416 172.945
171.038 171.761 173.163
170.995 171.046 171.150
170.999 171.065 171.171
171.054 171.139 171.279
170.989 171.113 171.387
170.947 171.816 172.970
170.933 171.051 171.147
170.958 171.064 171.159
170.997 171.030 171.066
170.831 171.706 172.757
170.998 171.391 172.043
170.990 171.037 171.088
170.927 171.061 171.177
170.987 171.523 172.774
171.012 171.157 171.644
171.100 171.910 175.053
170.976 171.051 171.129
170.982 171.532 173.572
171.078 173.204 175.114
171.060 171.190 171.399
170.945 171.070 171.231
171.007 171.223 171.914
170.997 171.067 171.125
170.972 171.051 171.272
171.002 171.044 171.109
171.019 171.312 171.863
170.806 171.011 171.165
171.018 171.077 171.141
171.038 171.133 171.245
170.983 171.034 171.093
171.025 171.319 172.282
170.940 171.411 172.935
170.912 171.043 171.119
170.729 171.076 171.402
170.983 171.047 171.090
170.946 170.979 171.034
170.987 171.026 171.136
171.007 171.080 171.178
170.973 171.027 171.096
171.003 171.047 171.087
171.064 171.132 171.227
171.035 171.230 171.926
171.034 171.142 171.240
171.087 171.461 172.805
170.967 171.051 171.159
170.967 171.070 171.193
170.901 171.001 171.113
170.820 171.005 171.116
170.958 171.435 173.102
170.998 171.058 171.137
171.889 172.544 173.051
170.962 171.043 171.118
171.024 171.159 171.544
170.956 171.160 171.742
171.046 171.175 171.401
170.982 171.421 173.027
171.053 171.085 171.142
170.976 171.059 171.143
170.997 171.109 171.266
170.966 171.050 171.152
171.021 171.649 173.851
171.029 171.057 171.103
171.002 171.622 172.768
170.961 171.088 171.258
170.980 171.124 171.251
170.971 171.575 172.723
170.925 171.048 171.158
170.952 171.001 171.030
170.939 171.038 171.089
170.977 171.099 171.216
170.974 172.327 177.413
170.963 171.045 171.115
170.962 171.025 171.080
171.030 171.069 171.118
170.944 171.054 171.162
171.015 171.076 171.123
170.952 171.037 171.155
170.915 171.007 171.100
170.919 171.099 171.494
170.931 171.033 171.071
171.026 171.069 171.150
171.022 171.096 171.153
171.018 171.067 171.184
170.808 171.072 171.369
170.888 171.056 171.145
171.013 171.040 171.108
170.984 171.001 171.025
171.011 171.051 171.110
171.005 171.049 171.083
170.949 171.012 171.078
170.950 171.200 171.789
170.976 171.051 171.091
170.997 171.043 171.105
170.986 171.040 171.135
170.993 171.041 171.189
170.981 171.090 171.326
171.683 172.051 172.504
170.997 171.057 171.120
171.007 171.823 174.767
171.017 171.900 173.446
171.028 171.278 172.078
171.075 171.656 173.447
170.904 171.328 172.664
171.004 171.643 173.322
171.038 171.332 172.337
171.073 171.535 173.200
170.962 171.043 171.197
171.012 171.106 171.196
171.033 171.106 171.270
171.014 171.091 171.149
171.003 171.124 171.335
170.992 171.092 171.187
170.895 171.025 171.089
170.937 171.087 171.162
170.998 171.030 171.087
171.034 171.310 172.127
170.981 171.050 171.132
171.105 171.400 171.818
170.982 171.124 171.440
170.965 171.063 171.167
171.032 171.738 172.899
171.003 171.095 171.176
170.902 171.011 171.110
171.055 171.123 171.252
170.983 171.055 171.154
171.014 171.069 171.218
171.065 171.316 172.179
170.920 171.636 173.247
171.050 171.191 171.504
171.028 172.748 175.926
171.029 171.062 171.116
170.899 170.997 171.080
170.975 171.457 172.255
171.290 173.237 176.939
170.992 171.062 171.146
171.059 171.080 171.146
171.032 171.091 171.170
171.031 171.175 171.541
170.988 171.047 171.119
171.011 171.071 171.164
171.033 171.410 172.303
171.063 171.105 171.134
171.002 171.438 172.897
171.088 171.403 171.619
171.013 171.212 171.683
170.979 171.079 171.204
170.966 171.413 172.843
170.954 171.026 171.128
170.997 171.078 171.232
171.470 172.906 174.676
171.069 171.206 171.485
171.034 171.302 172.048
170.953 171.039 171.136
171.005 171.120 171.203
171.024 171.158 171.625
171.008 171.053 171.166
171.018 171.074 171.106
171.014 171.132 171.340
171.058 171.269 171.782
171.015 171.164 171.269
170.975 171.049 171.149
170.834 171.017 171.097
171.017 171.128 171.419
170.976 171.123 171.329
171.028 171.253 171.958
170.985 171.483 172.261
171.014 171.075 171.166
171.020 171.099 171.220
170.999 171.342 172.453
170.993 171.091 171.228
171.059 171.269 171.895
170.988 171.058 171.156
170.966 171.037 171.117
171.011 171.045 171.092
170.977 171.201 171.853
170.954 171.106 171.248
171.000 171.084 171.262
170.980 171.199 171.865
171.006 171.050 171.110
171.719 172.506 173.060
171.022 171.574 172.836
170.971 171.633 173.836
170.974 171.087 171.398
170.980 171.432 172.910
170.867 171.010 171.129
170.996 171.059 171.117
170.941 171.006 171.040
170.985 171.037 171.092
170.995 171.044 171.119
171.127 171.158 171.206
170.996 171.414 172.379
171.051 171.115 171.188
170.980 171.126 171.291
171.061 171.102 171.166
170.970 171.081 171.185
171.061 171.098 171.134
171.000 171.073 171.151
171.000 171.298 172.158
171.018 171.068 171.138
170.988 171.085 171.327
170.894 171.010 171.071
171.001 171.406 172.953
170.963 171.077 171.245
171.003 171.091 171.281
171.018 171.449 172.922
171.050 171.093 171.171
170.943 171.047 171.158
171.008 171.090 171.188
170.969 171.046 171.110
170.936 171.000 171.051
170.944 171.100 171.280
170.887 171.003 171.055
170.915 171.048 171.094
170.992 171.052 171.158
170.994 171.052 171.155
170.985 171.102 171.478
171.271 173.271 174.836
170.933 171.029 171.112
170.981 171.087 171.333
170.971 171.052 171.163
170.979 171.109 171.264
171.071 171.108 171.156
170.969 171.022 171.116
170.959 171.008 171.119
171.051 171.099 171.165
170.983 171.102 171.201
171.030 171.108 171.253
171.024 171.262 172.069
171.018 171.140 171.445
170.971 171.050 171.107
170.871 171.048 171.211
170.967 171.034 171.121
170.748 170.984 171.104
170.924 171.023 171.097
171.009 171.034 171.095
171.036 171.104 171.202
170.904 171.037 171.131
170.959 171.322 172.124
171.037 171.250 171.937
170.983 171.031 171.089
170.963 171.003 171.118
171.024 171.124 171.287
170.992 171.045 171.091
171.066 171.224 171.546
171.010 171.047 171.118
170.990 171.228 171.791
171.021 171.104 171.298
171.014 171.060 171.129
170.981 171.374 172.783
170.981 171.050 171.170
171.021 171.050 171.121
170.959 171.140 171.773
170.930 171.012 171.065
170.984 171.036 171.126
170.912 171.087 171.372
170.995 171.063 171.117
171.048 171.961 175.020
171.042 171.199 171.726
171.018 171.222 171.899
171.081 171.598 173.467
170.988 171.077 171.193
170.960 171.061 171.232
171.006 171.063 171.212
170.947 171.011 171.056
170.988 171.025 171.058
171.001 171.072 171.243
171.061 171.733 173.671
171.003 171.057 171.199
170.818 171.054 171.163
171.000 171.158 171.299
170.949 171.198 171.782
171.042 171.087 171.134
171.029 171.053 171.077
171.027 171.133 171.242
170.989 171.059 171.161
171.007 171.106 171.179
171.067 171.584 172.892
170.992 171.109 171.180
170.964 171.167 171.759
171.762 172.450 173.064
171.093 171.321 172.140
170.947 171.579 172.135
170.976 171.065 171.213
171.280 171.947 172.891
170.957 171.057 171.136
170.954 171.065 171.153
170.987 171.053 171.206
171.059 171.849 174.611
170.989 171.116 171.314
171.014 171.069 171.199
170.967 171.039 171.123
170.967 171.189 171.459
170.984 171.235 171.884
170.986 171.055 171.118
170.998 171.102 171.230
170.984 171.045 171.067
171.157 172.311 173.028
171.055 171.519 173.207
170.994 171.078 171.161
171.009 171.309 171.658
170.954 171.015 171.090
170.987 171.043 171.137
171.040 171.151 171.335
171.003 171.134 171.281
170.977 171.736 172.544
171.053 171.108 171.187
171.019 171.522 172.959
171.005 171.061 171.133
170.998 171.064 171.165
171.008 171.063 171.117
170.991 171.024 171.052
171.019 171.069 171.135
170.967 171.074 171.315
171.017 171.142 171.370
170.945 171.211 171.928
170.997 171.967 174.391
171.238 173.115 174.656
171.026 171.076 171.150
170.957 171.056 171.167
170.952 171.386 172.874
171.015 171.360 172.041
171.059 171.375 172.459
170.999 171.158 171.520
170.993 171.107 171.366
170.984 171.059 171.246
171.003 171.044 171.082
171.026 172.218 174.463
171.015 171.079 171.153
170.987 171.083 171.184
171.025 171.071 171.144
170.992 171.092 171.164
171.033 171.047 171.070
171.017 171.095 171.322
171.003 171.074 171.190
170.965 171.002 171.076
171.026 171.140 171.252
171.038 171.138 171.319
171.078 171.131 171.292
170.983 171.087 171.216
170.993 171.048 171.108
170.963 171.042 171.121
171.004 171.058 171.176
171.062 171.510 172.656
170.993 171.063 171.112
171.018 171.492 173.177
170.985 171.059 171.144
171.573 172.261 173.021
171.006 171.082 171.212
171.024 171.045 171.084
171.035 171.176 171.574
170.997 171.097 171.198
171.052 171.878 173.240
170.994 171.026 171.078
171.094 171.510 173.006
170.985 171.150 171.480
170.994 171.075 171.154
171.002 171.213 171.664
171.023 171.079 171.155
170.937 171.082 171.217
170.885 171.039 171.117
170.989 171.048 171.137
171.019 171.590 173.577
171.045 171.124 171.188
170.967 173.756 184.565
170.980 171.064 171.158
170.963 171.334 172.597
170.979 171.484 173.105
171.544 172.549 173.413
171.016 171.247 171.688
170.825 171.014 171.149
171.248 171.741 173.095
171.029 171.433 172.828
171.057 171.152 171.307
170.993 171.044 171.076
170.990 171.074 171.157
170.989 171.070 171.182
170.975 171.394 172.238
170.980 171.076 171.146
170.950 171.008 171.054
170.975 171.627 173.116
171.011 171.083 171.132
170.992 171.053 171.119
171.011 171.695 174.026
170.900 171.211 172.032
170.972 171.061 171.171
170.992 171.056 171.131
170.890 170.996 171.056
171.043 171.560 173.517
170.940 171.094 171.320
171.054 171.164 171.300
170.903 170.999 171.109
171.040 171.119 171.234
171.006 171.108 171.375
170.972 171.058 171.193
170.929 171.011 171.114
171.001 171.134 171.327
171.025 171.717 173.009
171.018 171.153 171.291
171.002 171.021 171.063
170.786 171.031 171.209
171.010 171.264 172.232
171.015 171.167 171.615
171.013 171.056 171.132
170.947 171.197 171.511
170.978 171.142 171.330
170.984 171.044 171.118
170.984 171.130 171.388
170.979 171.044 171.180
170.994 171.026 171.066
171.056 171.108 171.206
170.997 171.045 171.090
171.010 171.050 171.124
170.985 171.050 171.169
170.984 171.085 171.180
170.992 171.080 171.215
171.078 171.508 172.373
171.019 171.102 171.302
171.015 171.063 171.145
170.994 171.042 171.108
170.974 171.149 171.802
171.000 171.053 171.171
171.022 171.062 171.098
171.015 171.225 172.054
170.992 171.427 173.034
171.020 171.086 171.191
170.969 171.035 171.235
171.021 171.076 171.130
171.022 171.161 171.657
171.006 171.064 171.106
170.980 171.116 171.199
170.991 171.063 171.158
170.870 171.005 171.112
170.987 171.761 174.754
170.996 171.116 171.358
170.950 170.999 171.078
170.923 171.002 171.078
170.953 170.997 171.014
171.021 171.321 172.033
170.903 171.170 171.756
171.000 171.040 171.078
171.002 171.370 171.648
170.995 171.024 171.051
170.826 171.020 171.155
170.963 170.997 171.024
171.043 171.087 171.177
170.916 171.042 171.114
170.932 171.002 171.083
170.909 171.054 171.097
170.907 170.973 171.009
171.132 171.616 172.746
170.911 171.045 171.144
171.010 171.036 171.071
171.010 171.026 171.041
171.007 171.074 171.245
171.008 171.124 171.266
171.014 171.095 171.257
170.991 171.066 171.166
170.969 171.053 171.163
170.975 171.024 171.088
170.961 171.329 172.396
170.981 171.117 171.582
170.994 171.030 171.087
171.016 171.135 171.512
171.024 171.654 174.088
171.037 171.365 172.123
171.003 171.992 175.114
171.017 171.517 173.376
171.148 171.816 172.743
170.988 171.039 171.176
170.964 171.022 171.120
170.987 171.290 172.283
170.979 171.061 171.122
171.036 171.063 171.117
170.876 171.004 171.095
170.979 171.047 171.202
170.987 171.266 172.286
171.015 171.097 171.356
170.987 171.050 171.211
170.955 171.008 171.060
171.272 171.985 172.301
170.964 171.057 171.145
171.000 171.131 171.268
170.998 171.631 173.936
171.016 171.063 171.105
170.983 171.024 171.088
170.985 171.056 171.117
170.977 171.034 171.075
170.865 171.353 172.748
170.946 171.135 171.644
170.878 170.997 171.071
170.986 171.425 173.004
170.929 171.077 171.221
170.964 171.825 174.503
171.054 171.089 171.145
170.925 170.988 171.016
170.972 171.034 171.201
171.006 171.058 171.227
170.858 171.001 171.057
170.981 171.043 171.175
170.964 171.409 172.868
170.974 170.996 171.008
170.981 171.767 172.933
171.001 171.069 171.120
170.831 171.196 171.920
170.939 171.252 172.340
171.012 171.263 171.811
171.002 171.031 171.056
171.017 171.061 171.163
171.032 171.076 171.154
170.990 171.107 171.312
171.008 171.081 171.175
171.002 171.114 171.204
170.954 171.018 171.090
170.963 171.021 171.050
171.016 171.528 172.448
171.033 171.916 173.737
170.998 171.810 174.851
170.982 171.011 171.096
170.888 171.000 171.187
171.005 171.047 171.098
170.844 171.511 173.030
170.966 171.074 171.218
170.925 171.965 172.929
171.012 171.232 171.903
170.985 171.046 171.106
170.964 171.414 173.104
170.998 171.020 171.055
170.993 171.068 171.279
170.956 171.011 171.077
170.983 171.153 171.658
170.936 171.007 171.054
170.925 171.032 171.179
170.973 171.050 171.311
170.966 171.253 171.661
170.921 171.003 171.080
171.016 171.090 171.220
171.018 171.266 172.111
170.992 171.238 172.148
170.980 171.046 171.221
170.997 171.034 171.078
170.994 171.047 171.142
170.978 171.004 171.070
171.000 171.274 172.286
170.994 171.069 171.225
170.960 171.031 171.189
170.925 171.349 172.784
171.000 171.046 171.070
170.991 171.034 171.090
170.948 171.040 171.157
170.841 171.084 171.510
171.007 171.412 172.794
171.001 171.420 172.959
170.995 171.164 171.575
170.991 171.033 171.089
170.960 171.410 172.724
170.901 170.983 171.033
170.967 171.010 171.043
170.989 171.040 171.107
170.919 171.016 171.136
170.980 171.027 171.159
170.986 171.040 171.099
170.972 171.034 171.106
170.990 171.031 171.072
170.915 171.071 171.386
170.989 171.121 171.416
170.892 171.001 171.105
171.017 171.083 171.202
170.962 171.855 173.059
170.964 171.019 171.083
170.988 171.558 172.866
170.902 171.158 171.881
170.974 171.029 171.082
170.953 171.023 171.154
170.920 171.029 171.164
170.969 171.002 171.039
170.974 171.341 172.675
171.012 171.136 171.524
170.978 171.008 171.061
170.984 171.031 171.068
170.935 171.066 171.298
171.001 171.031 171.099
170.964 171.019 171.125
170.982 171.091 171.144
170.952 171.030 171.124
170.987 171.062 171.149
170.966 171.011 171.053
170.960 170.997 171.025
170.984 171.221 171.819
171.018 171.066 171.192
171.025 171.055 171.093
170.987 171.252 172.085
170.910 170.993 171.087
170.985 171.049 171.127
170.988 171.029 171.080
170.998 171.028 171.071
170.981 171.026 171.102
170.985 171.009 171.050
170.993 171.307 172.477
170.997 171.344 172.630
171.707 172.528 173.332
170.987 171.452 172.897
171.006 171.076 171.177
170.989 171.081 171.221
170.996 171.024 171.066
170.966 171.017 171.062
170.929 171.031 171.177
171.029 171.095 171.261
171.000 171.120 171.364
170.890 171.113 171.227
170.849 170.971 171.043
170.970 171.091 171.424
171.032 171.086 171.170
171.493 172.373 173.345
170.870 171.011 171.139
171.011 171.071 171.129
170.953 171.645 173.490
170.961 170.991 171.039
170.957 171.047 171.221
170.980 170.999 171.021
170.988 171.027 171.052
170.981 171.183 171.902
170.959 171.047 171.141
170.975 171.013 171.054
170.919 170.977 171.036
170.993 171.054 171.256
171.056 171.394 172.556
170.973 171.841 172.855
170.930 171.024 171.091
170.947 171.003 171.053
171.023 171.097 171.178
170.913 171.024 171.135
171.005 171.062 171.145
170.921 171.755 173.067
170.843 171.011 171.125
171.027 171.689 172.854
171.021 171.061 171.087
170.966 171.120 171.396
170.997 171.035 171.092
170.982 171.392 172.667
171.006 171.069 171.218
170.974 171.110 171.387
171.004 171.059 171.128
170.980 171.020 171.057
170.970 171.022 171.083
170.968 171.031 171.105
170.968 171.013 171.051
171.012 171.118 171.369
170.885 171.019 171.086
170.940 171.319 172.347
171.039 171.369 172.578
170.970 171.005 171.048
171.020 171.062 171.141
170.923 171.414 172.996
170.988 171.122 171.493
170.951 171.032 171.146
170.991 171.072 171.164
170.697 170.932 171.096
170.999 171.048 171.110
171.002 171.190 171.882
170.927 171.078 171.234
171.075 171.541 173.163
170.993 171.037 171.085
170.970 171.019 171.065
170.973 171.037 171.093
170.998 171.070 171.188
171.055 171.107 171.201
171.316 172.455 173.785
170.970 171.030 171.076
170.978 171.020 171.055
170.822 171.407 173.175
171.008 171.032 171.074
171.009 171.084 171.173
170.965 171.020 171.065
170.976 171.223 172.129
170.961 171.011 171.061
171.007 171.324 172.027
170.976 171.060 171.166
170.992 171.434 173.037
170.929 171.044 171.296
170.993 171.041 171.106
170.984 171.055 171.200
170.995 171.420 172.932
171.007 171.032 171.040
170.996 171.146 171.661
170.969 171.048 171.176
170.922 171.219 171.690
170.979 171.585 173.698
170.930 171.031 171.257
171.006 171.175 171.688
171.010 171.082 171.165
170.983 171.014 171.091
171.009 171.056 171.107
171.036 171.211 171.720
170.948 171.235 172.159
170.995 171.028 171.083
170.957 171.022 171.164
170.992 171.080 171.149
170.986 171.264 172.118
170.991 171.661 172.932
171.033 171.187 171.441
171.030 171.092 171.216
170.967 171.008 171.059
170.962 171.034 171.098
170.988 171.029 171.103
170.997 171.065 171.244
171.058 171.645 172.939
170.996 171.449 173.134
170.913 171.043 171.138
170.994 171.042 171.157
171.070 171.540 172.959
170.929 171.040 171.128
171.021 171.496 173.237
171.025 171.509 173.167
171.009 171.034 171.111
171.021 172.108 173.961
170.950 171.121 171.299
171.003 171.066 171.122
170.930 171.489 173.148
171.024 171.517 173.009
171.015 171.070 171.153
171.000 171.055 171.172
170.985 171.523 173.500
170.922 171.031 171.093
171.021 171.090 171.180
171.032 171.112 171.301
171.021 171.227 171.654
170.999 171.089 171.225
170.931 171.041 171.124
170.947 171.046 171.169
170.987 171.049 171.147
170.914 171.000 171.088
170.879 171.188 171.857
171.052 171.376 172.407
170.965 171.034 171.150
170.967 171.018 171.120
170.986 171.032 171.090
171.047 171.085 171.126
170.672 171.536 173.322
171.030 171.137 171.226
170.984 171.044 171.188
170.935 171.157 171.798
170.951 171.045 171.275
171.012 171.246 172.054
170.970 171.014 171.074
170.898 171.026 171.159
170.998 171.086 171.275
171.003 172.299 173.939
170.983 171.175 171.845
171.093 171.694 173.372
171.132 171.575 172.466
170.979 172.531 174.756
170.969 171.191 171.937
170.988 171.041 171.126
170.911 171.043 171.135
170.980 171.078 171.166
171.019 171.052 171.100
170.984 171.072 171.317
171.006 171.112 171.223
171.034 171.606 173.676
170.968 171.209 171.870
170.986 171.018 171.051
170.979 171.046 171.134
171.028 171.539 172.962
170.997 171.061 171.153
170.990 171.028 171.061
170.996 171.015 171.055
171.266 172.093 173.210
170.898 171.009 171.061
170.978 171.026 171.053
171.030 171.996 173.842
171.081 172.003 174.526
170.970 171.214 172.005
171.032 171.143 171.397
171.004 171.040 171.125
171.007 171.087 171.194
171.068 171.203 171.406
170.984 171.570 172.833
170.973 171.060 171.174
170.997 171.056 171.140
170.976 171.041 171.118
171.027 171.208 171.356
170.972 171.140 171.681
171.000 171.062 171.175
170.980 171.042 171.082
171.005 171.397 172.622
170.973 171.021 171.063
170.966 171.066 171.248
170.961 171.070 171.144
171.000 171.064 171.184
170.989 171.077 171.158
171.033 171.109 171.197
170.957 171.716 173.304
170.994 171.324 171.893
171.029 171.069 171.139
170.913 171.002 171.063
170.984 171.047 171.088
170.981 171.065 171.167
170.948 171.108 171.395
170.986 171.022 171.077
171.128 171.612 172.170
171.046 171.121 171.217
171.045 171.443 172.655
171.014 171.361 172.648
171.100 171.729 172.981
171.011 171.070 171.223
171.042 171.766 173.193
170.864 171.000 171.097
170.987 171.019 171.046
171.010 171.213 171.548
171.051 171.168 171.223
170.953 171.037 171.175
170.915 171.010 171.151
170.968 171.054 171.174
170.960 171.016 171.076
170.997 171.442 172.847
171.008 171.077 171.146
171.001 171.074 171.165
171.011 171.080 171.223
170.985 171.015 171.068
170.981 171.021 171.062
171.034 171.084 171.126
170.987 171.426 172.973
171.011 171.068 171.186
171.029 171.209 171.843
170.984 171.069 171.135
171.035 171.065 171.129
171.018 171.529 173.164
171.103 171.270 171.496
171.110 171.623 173.013
170.995 171.012 171.050
170.976 171.145 171.707
170.995 171.349 171.966
171.020 171.105 171.225
170.988 171.010 171.038
170.997 171.099 171.167
170.924 171.051 171.157
171.039 171.211 171.617
170.959 171.036 171.097
171.020 171.143 171.362
171.037 171.087 171.201
171.024 171.071 171.196
170.955 171.031 171.105
170.999 171.048 171.115
170.994 171.496 173.049
170.881 170.952 170.998
170.999 171.731 172.784
171.003 171.081 171.246
171.027 171.646 173.931
170.925 171.016 171.102
171.081 171.719 172.682
170.972 171.031 171.178
170.994 171.059 171.180
170.983 171.067 171.140
170.966 171.213 171.575
170.957 171.005 171.026
171.011 171.228 171.822
170.992 171.152 171.705
171.025 171.060 171.090
170.999 171.235 171.937
171.072 171.179 171.359
171.079 171.088 171.100
170.966 171.046 171.133
170.889 171.039 171.255
171.015 171.064 171.093
170.963 171.046 171.157
170.973 171.133 171.535
171.007 171.115 171.491
171.068 171.100 171.158
170.961 171.372 172.846
171.028 171.857 174.827
170.981 171.001 171.016
170.990 171.114 171.492
170.976 171.023 171.084
170.972 171.393 172.762
171.037 171.079 171.153
171.050 171.083 171.133
171.023 171.109 171.360
171.018 171.054 171.108
170.946 171.064 171.283
171.383 171.940 173.028
170.954 171.097 171.238
170.983 171.039 171.094
170.962 171.019 171.110
170.972 171.023 171.091
171.000 171.041 171.127
171.018 171.126 171.254
170.991 171.074 171.229
171.040 171.082 171.145
171.024 171.118 171.230
170.800 170.958 171.105
171.013 171.071 171.220
171.013 171.084 171.205
170.914 171.028 171.222
170.994 171.068 171.133
170.995 171.110 171.256
170.967 171.149 171.712
170.891 171.028 171.188
171.030 172.204 173.990
170.987 171.108 171.364
171.025 171.274 171.573
171.013 171.273 171.759
170.977 171.050 171.145
171.007 171.123 171.425
170.947 171.062 171.187
171.009 171.080 171.210
170.965 171.002 171.033
171.012 171.062 171.148
171.002 171.050 171.111
171.004 171.138 171.435
171.003 171.159 171.632
170.900 171.393 172.698
171.051 172.261 175.009
171.050 171.092 171.171
171.002 171.039 171.121
170.987 171.027 171.057
170.959 171.374 172.912
170.982 171.054 171.101
170.995 171.071 171.191
171.039 171.101 171.222
170.981 171.436 173.141
171.019 171.096 171.266
171.012 171.053 171.103
170.920 171.013 171.114
170.938 171.001 171.076
170.985 171.027 171.148
171.026 171.217 171.928
170.990 171.062 171.126
171.027 171.079 171.129
171.056 171.111 171.166
171.009 171.750 173.029
170.991 171.065 171.137
171.009 171.998 173.016
171.229 172.351 173.475
171.013 171.067 171.136
171.012 171.065 171.155
171.019 171.047 171.083
171.020 171.814 174.706
170.832 170.969 171.060
170.997 171.102 171.207
171.024 171.071 171.175
170.939 171.075 171.190
171.013 171.065 171.118
170.991 171.053 171.130
170.952 171.061 171.288
171.023 171.108 171.353
171.011 171.059 171.165
170.961 171.088 171.267
171.043 171.370 172.337
170.961 171.959 175.562
171.015 172.283 173.734
171.022 171.189 171.624
171.009 171.090 171.164
170.992 171.082 171.199
171.029 171.085 171.141
170.999 171.166 171.642
171.004 171.673 173.307
171.003 171.495 173.352
170.921 171.109 171.429
170.990 171.427 172.965
171.013 171.179 171.688
171.025 171.344 172.100
170.762 170.999 171.125
170.996 171.049 171.159
170.837 171.964 173.743
171.016 171.237 172.053
170.959 171.320 172.298
171.000 171.060 171.226
171.015 171.096 171.222
171.012 171.363 172.573
170.988 171.042 171.151
171.045 171.174 171.470
171.014 171.042 171.108
171.004 171.062 171.147
170.927 170.990 171.083
171.000 171.082 171.203
170.986 170.998 171.018
171.002 171.175 171.667
170.977 171.018 171.098
170.850 170.984 171.061
170.975 171.037 171.225
170.960 171.015 171.090
170.831 171.012 171.126
171.037 171.130 171.354
170.968 171.016 171.064
170.916 171.019 171.135
171.001 171.045 171.121
170.992 171.869 173.875
170.986 171.049 171.088
170.932 171.478 172.963
170.994 171.067 171.126
171.049 171.259 171.738
170.885 171.029 171.110
170.894 171.036 171.144
171.004 171.078 171.180
170.991 171.063 171.199
170.977 171.139 171.471
170.999 171.047 171.100
170.979 171.094 171.203
171.097 172.692 174.954
170.917 171.697 173.810
170.985 171.072 171.152
171.015 171.093 171.203
170.991 171.024 171.079
171.020 172.211 174.427
170.988 171.040 171.089
170.990 171.033 171.092
170.860 171.347 172.238
170.995 171.353 172.690
171.037 171.106 171.197
171.016 172.487 177.500
170.992 171.063 171.176
171.036 171.077 171.133
172.279 172.767 173.013
171.064 172.482 174.047
170.877 171.834 175.184
171.052 171.575 173.359
171.012 171.030 171.043
171.040 171.058 171.078
171.010 171.084 171.198
170.949 171.283 172.337
170.999 171.406 172.963
171.001 171.082 171.192
171.023 171.209 171.713
171.018 171.099 171.274
171.004 171.619 172.728
171.201 172.264 173.508
170.988 171.482 172.571
170.939 170.995 171.057
170.946 171.239 172.081
170.936 171.031 171.165
170.973 171.038 171.161
171.007 171.087 171.232
170.948 171.012 171.078
171.008 171.105 171.433
170.991 171.031 171.093
170.932 171.155 171.668
171.015 171.066 171.159
170.955 171.034 171.133
171.007 171.023 171.039
171.024 171.073 171.145
170.952 171.003 171.102
170.992 171.063 171.182
170.961 171.063 171.179
171.026 171.096 171.141
170.988 171.002 171.017
170.991 171.021 171.067
170.968 171.021 171.069
171.012 171.065 171.150
171.022 171.653 173.726
170.987 171.279 171.822
170.803 170.970 171.037
170.927 170.990 171.051
170.983 171.061 171.217
170.987 171.107 171.388
170.963 171.032 171.179
170.957 171.079 171.181
171.010 171.258 172.178
170.990 171.006 171.043
171.006 171.353 172.573
170.970 171.855 174.349
170.976 171.005 171.053
170.920 171.024 171.087
170.902 171.024 171.082
171.043 171.108 171.228
170.933 171.141 171.466
171.030 171.473 173.104
171.029 171.086 171.153
170.976 171.100 171.310
171.064 171.139 171.236
171.073 171.402 172.454
170.998 171.257 171.930
170.959 171.044 171.100
170.978 171.026 171.094
171.012 171.064 171.164
170.974 171.015 171.046
170.999 171.397 172.961
171.009 171.161 171.658
170.936 171.071 171.157
170.786 171.022 171.189
170.985 171.411 172.943
171.025 171.052 171.093
171.032 171.086 171.153
171.151 173.968 175.482
170.963 171.020 171.085
170.878 171.386 172.897
171.016 171.315 172.163
170.984 171.038 171.085
171.176 171.945 174.488
170.970 171.044 171.091
171.084 171.126 171.243
170.988 171.051 171.143
171.006 171.060 171.156
171.005 171.421 172.921
171.005 171.024 171.041
171.011 171.063 171.200
170.993 171.088 171.243
170.993 171.132 171.505
171.032 171.360 172.306
170.968 171.056 171.133
170.983 171.039 171.109
170.979 171.054 171.264
170.947 171.131 171.555
171.040 171.198 171.639
170.992 171.035 171.118
170.999 171.065 171.165
170.990 171.030 171.074
170.990 171.081 171.219
171.052 171.081 171.115
171.037 171.588 173.702
170.982 171.059 171.241
170.962 171.028 171.101
171.001 171.079 171.166
170.877 171.005 171.100
170.983 171.054 171.152
170.882 171.028 171.132
170.979 171.066 171.180
170.996 171.128 171.394
170.980 171.128 171.560
171.005 171.035 171.081
170.901 171.020 171.070
171.044 171.463 172.603
171.033 171.141 171.332
171.008 172.009 175.821
170.975 171.027 171.082
171.023 171.064 171.108
170.994 171.427 172.947
170.999 171.157 171.598
171.002 171.070 171.190
171.007 171.061 171.151
171.004 171.298 172.060
171.021 171.086 171.145
170.975 171.471 172.722
171.021 171.107 171.275
171.196 171.648 172.157
170.986 171.802 172.666
170.868 170.999 171.151
170.882 171.040 171.156
170.831 171.487 173.192
171.001 171.072 171.155
170.983 171.040 171.074
170.949 171.041 171.201
171.017 171.082 171.186
170.947 171.010 171.066
170.953 171.070 171.172
170.922 171.029 171.097
170.985 171.014 171.044
171.022 171.088 171.167
170.999 171.058 171.128
170.993 171.107 171.212
171.080 171.111 171.160
171.002 171.086 171.182
171.010 171.033 171.066
170.977 171.239 172.140
170.945 171.506 173.516
170.989 171.033 171.068
170.895 171.050 171.170
170.905 171.122 171.342
171.003 171.076 171.180
171.037 171.394 172.666
170.969 171.074 171.384
170.989 171.043 171.105
171.012 171.133 171.542
170.955 171.054 171.107
170.938 171.027 171.133
170.997 171.049 171.199
170.998 171.916 173.711
170.978 171.155 171.489
170.941 171.027 171.082
171.048 171.091 171.149
170.815 171.174 171.891
170.976 171.072 171.369
171.009 171.070 171.233
170.971 171.047 171.192
171.018 171.132 171.237
171.004 171.052 171.185
170.967 171.487 172.330
170.989 171.138 171.451
170.993 171.146 171.622
171.002 171.435 173.036
170.948 171.012 171.087
170.987 171.061 171.127
170.982 171.024 171.076
171.092 171.387 172.112
171.001 171.065 171.197
170.951 171.022 171.095
170.925 171.065 171.277
171.068 171.103 171.158
171.036 171.192 171.550
171.018 171.055 171.117
171.031 171.104 171.261
171.034 171.237 171.808
170.988 171.028 171.129
170.983 171.250 171.718
170.968 171.278 172.280
171.032 171.150 171.273
171.025 171.596 172.086
171.030 171.160 171.458
171.002 171.136 171.542
171.070 171.149 171.260
171.035 171.319 172.401
170.986 171.028 171.066
170.976 171.019 171.046
170.987 171.063 171.133
170.957 171.074 171.353
170.969 171.025 171.100
170.994 171.332 172.609
170.966 171.377 172.916
171.057 171.141 171.209
170.958 171.546 172.169
171.032 171.847 173.775
171.031 171.111 171.243
170.976 171.117 171.271
170.819 170.999 171.094
170.992 171.059 171.192
170.992 171.071 171.216
171.077 171.279 171.467
171.287 173.223 174.779
170.974 171.043 171.101
171.053 171.111 171.184
170.995 171.040 171.067
171.042 171.553 173.021
171.015 171.064 171.197
171.015 171.063 171.179
170.975 171.045 171.101
170.837 171.012 171.083
170.988 171.083 171.277
170.914 171.138 171.718
