193.627 193.736 193.847
193.549 193.643 193.733
193.598 193.658 193.774
192.168 193.344 193.675
193.568 193.687 193.962
193.608 193.685 193.757
193.638 193.722 193.872
193.578 193.656 193.893
193.609 193.705 193.755
193.495 193.631 193.709
193.559 193.646 193.772
193.575 193.607 193.655
193.444 193.568 193.628
193.430 193.577 193.688
192.213 193.361 193.690
193.503 193.665 193.843
193.540 193.675 193.823
193.261 193.485 193.601
193.471 193.618 193.740
193.541 193.754 193.962
193.549 193.635 193.731
193.551 193.680 193.803
193.504 193.641 193.732
193.478 193.644 193.789
193.606 193.712 193.803
193.574 193.648 193.729
193.650 193.709 193.811
193.628 193.777 194.022
193.554 193.651 193.732
193.480 193.594 193.752
193.554 193.665 193.796
193.597 193.712 193.790
193.552 193.602 193.652
193.422 193.573 193.698
192.131 193.289 193.715
193.557 193.641 193.730
193.581 193.906 195.086
193.583 193.716 193.815
193.492 193.564 193.646
193.072 193.481 193.680
193.728 193.818 193.938
193.539 193.651 193.708
193.583 193.706 193.837
193.552 193.598 193.680
193.609 193.955 195.150
193.605 193.625 193.637
193.464 193.587 193.665
192.147 193.369 193.699
193.551 193.692 193.847
193.435 193.623 193.740
192.137 193.350 193.732
193.548 193.614 193.649
193.507 193.561 193.638
193.568 193.645 193.729
193.567 193.697 193.786
193.568 193.646 193.731
193.486 193.691 193.910
193.519 193.673 193.818
193.512 193.715 194.231
193.517 193.706 193.878
193.640 193.705 193.862
193.554 193.628 193.793
193.563 193.682 193.746
193.399 193.654 193.838
193.411 193.649 193.883
193.682 193.769 193.871
193.472 193.672 193.820
193.466 193.644 193.790
193.659 193.763 193.850
193.524 193.637 193.756
193.547 193.710 193.798
193.617 193.719 193.807
193.532 193.663 193.784
192.184 193.375 193.754
193.588 193.691 193.778
193.682 193.714 193.762
192.362 193.448 193.787
193.648 193.724 193.793
193.664 193.726 193.827
193.527 193.649 193.883
193.542 193.632 193.766
193.652 193.688 193.750
193.432 193.610 193.750
193.287 193.568 193.653
193.352 193.701 193.933
193.561 193.644 193.803
193.414 193.649 193.860
193.568 193.656 193.797
193.732 193.764 193.782
193.675 193.742 193.762
193.494 193.663 193.760
193.511 193.711 193.947
193.455 193.640 193.760
192.148 193.427 193.964
193.514 193.662 193.817
193.624 193.672 193.748
193.572 193.727 193.893
193.566 193.670 193.729
193.504 193.634 193.758
193.609 193.677 193.809
193.625 193.688 193.791
193.544 193.708 193.849
193.576 193.702 193.785
193.548 193.694 193.872
193.573 193.688 193.881
193.306 193.613 193.869
193.474 193.692 193.826
193.448 193.644 193.736
193.544 193.639 193.721
193.600 193.725 193.831
192.191 193.420 193.936
193.200 193.536 193.760
193.655 193.684 193.761
193.529 193.623 193.686
192.198 193.394 193.775
193.601 193.665 193.711
193.637 193.860 194.327
193.475 193.671 193.839
193.637 193.667 193.718
192.172 193.301 193.685
193.359 193.552 193.753
193.529 193.683 193.924
193.508 193.642 193.773
193.490 193.617 193.718
193.540 193.757 193.922
192.260 193.323 193.688
193.574 193.683 193.788
193.298 193.571 193.673
193.470 193.607 193.773
192.328 193.429 193.801
192.160 193.398 193.783
193.552 193.630 193.739
193.635 193.799 193.953
193.620 193.659 193.709
193.623 193.758 193.821
193.640 193.719 193.831
193.430 193.711 193.847
193.658 193.736 193.895
192.277 193.353 193.839
193.463 193.592 193.642
193.641 193.701 193.761
193.432 193.548 193.750
193.315 193.523 193.621
193.399 193.570 193.667
193.594 193.711 193.835
192.307 193.448 193.848
192.314 193.401 193.781
193.630 193.697 193.857
193.498 193.742 193.910
193.501 193.702 193.774
193.644 193.753 193.860
193.599 193.737 193.830
193.686 193.771 193.912
193.638 193.714 193.800
193.379 193.631 193.801
193.435 193.582 193.789
193.617 193.723 193.825
193.448 193.733 193.977
193.611 193.731 193.976
193.318 193.598 193.884
193.596 193.667 193.717
193.519 193.593 193.670
193.643 193.825 194.339
193.569 193.658 193.822
193.664 193.732 193.829
193.525 193.686 193.839
193.392 193.619 193.771
193.505 193.698 193.884
193.570 193.639 193.684
192.244 193.389 193.705
193.543 193.680 193.830
193.395 193.656 193.753
193.484 193.623 193.745
193.633 193.714 193.786
193.413 193.777 194.073
193.676 194.013 194.440
193.519 193.701 193.877
193.512 193.629 193.791
193.624 193.915 194.455
193.436 193.652 193.804
192.107 193.492 193.932
193.599 193.732 193.917
192.319 193.353 193.743
193.503 193.726 193.984
192.164 193.425 193.794
193.501 193.709 193.914
193.587 193.674 193.786
193.716 193.808 193.900
193.432 193.636 193.726
193.532 193.676 193.767
193.595 194.198 195.597
193.734 193.856 193.924
193.651 193.775 193.960
193.608 193.756 193.884
192.512 194.057 196.964
193.622 193.740 193.843
192.238 193.429 193.901
193.627 193.755 193.905
193.547 193.650 193.731
193.738 193.819 193.923
193.355 193.644 193.799
193.456 193.676 193.877
193.598 193.782 194.138
192.194 193.354 193.817
193.658 193.757 193.914
193.608 194.985 200.015
193.551 193.935 195.074
193.349 193.959 194.945
193.524 193.687 193.806
193.549 193.935 194.632
193.554 193.715 193.890
193.628 193.810 194.132
193.620 193.730 193.840
193.603 193.764 194.070
193.382 193.625 193.809
192.201 193.398 193.722
193.562 193.748 193.872
193.542 193.680 193.774
193.530 193.645 193.801
193.682 193.749 193.854
193.805 193.920 194.197
193.654 193.771 193.857
192.656 193.693 194.172
193.599 194.425 194.953
193.796 195.852 199.654
192.305 193.569 194.346
193.459 193.755 194.244
192.157 193.440 193.940
192.207 193.457 193.825
193.622 193.759 194.031
193.540 193.755 193.926
193.472 193.621 193.724
193.637 193.833 193.975
193.496 193.668 193.810
193.549 193.675 193.815
193.573 193.722 193.843
193.540 193.643 193.779
193.611 193.678 193.776
193.556 193.613 193.677
193.412 193.660 193.782
193.436 193.654 193.850
192.300 193.475 193.818
193.626 193.705 193.778
193.579 193.697 193.820
193.528 193.683 193.821
193.580 193.642 193.714
192.042 193.382 193.765
193.585 193.657 193.778
193.645 193.776 193.906
193.613 193.758 193.917
193.486 193.669 193.841
193.490 193.656 193.728
193.603 193.676 193.760
193.603 193.632 193.663
193.585 193.672 193.748
192.343 193.336 193.755
193.658 193.716 193.750
193.556 193.718 194.053
192.292 193.422 193.843
193.435 193.620 193.761
193.260 194.461 195.599
193.588 193.654 193.750
192.321 193.411 193.832
193.612 193.908 194.623
192.266 193.416 193.811
193.612 193.664 193.711
193.481 193.552 193.700
193.579 193.704 193.922
193.495 193.622 193.745
193.404 193.638 193.794
193.563 193.724 193.789
193.370 193.717 194.000
193.487 193.630 193.719
193.293 193.638 193.840
193.628 193.690 193.751
193.404 193.690 193.879
193.626 193.704 193.805
193.414 193.620 193.763
193.418 193.657 193.756
192.191 193.469 193.877
193.393 193.622 193.749
193.440 193.627 193.734
193.575 193.684 193.780
193.604 193.697 193.900
193.554 193.712 193.927
193.603 193.705 193.803
193.695 193.766 193.893
193.497 193.656 193.856
191.993 193.238 193.693
193.646 193.743 193.822
193.242 193.587 193.686
193.646 193.755 193.842
193.409 193.639 193.807
193.514 193.677 193.832
192.100 193.318 193.721
193.550 193.652 193.790
192.147 193.316 193.722
193.689 193.796 193.869
193.548 193.636 193.749
193.456 193.669 193.792
193.566 193.697 193.907
193.595 193.696 193.846
193.536 193.708 193.896
193.582 193.668 193.852
193.497 193.655 193.813
193.363 193.623 193.825
193.608 193.708 193.855
193.390 193.638 193.869
193.574 193.718 193.884
193.605 193.688 193.876
193.594 193.720 193.901
193.385 193.597 193.759
193.486 193.612 193.719
193.538 193.802 193.926
193.675 193.713 193.772
193.603 193.738 193.897
193.590 193.812 194.089
193.475 193.717 193.942
193.451 193.692 193.840
193.501 193.649 193.863
193.584 193.811 193.992
193.473 193.690 193.939
192.178 193.433 193.803
193.495 193.656 193.799
193.632 193.688 193.803
193.480 193.604 193.704
193.629 193.764 193.914
192.122 193.396 193.837
193.569 193.709 193.839
193.515 193.710 193.915
193.640 193.701 193.836
193.603 193.693 193.770
193.594 193.699 193.771
193.518 193.680 193.841
193.611 193.770 193.897
193.614 193.707 193.774
193.614 193.682 193.824
193.568 193.688 193.765
192.176 193.378 193.764
193.598 193.678 193.730
192.159 193.368 193.748
193.509 193.567 193.656
193.640 193.709 193.799
192.386 193.373 193.751
193.603 193.716 193.834
193.571 193.645 193.746
192.163 193.358 193.793
193.600 193.766 194.010
193.607 193.722 193.881
193.535 193.630 193.731
193.599 193.708 193.791
193.558 193.675 193.786
193.531 193.702 193.926
193.508 193.749 193.964
193.563 193.720 193.946
193.586 193.769 193.948
193.697 193.753 193.813
192.263 193.439 193.903
193.333 193.613 193.763
193.647 193.712 193.778
193.701 193.781 193.842
193.590 193.675 193.737
193.543 193.694 193.842
193.458 193.641 193.762
193.486 193.627 193.726
193.577 193.733 193.905
193.445 193.878 194.741
192.188 193.384 193.742
193.533 193.661 193.788
193.525 194.252 196.565
193.659 194.085 195.182
193.589 193.678 193.780
192.221 193.334 193.676
193.619 193.671 193.730
193.548 193.649 193.728
193.333 193.566 193.752
193.542 193.903 194.557
192.170 193.346 193.754
193.524 193.714 194.013
193.546 193.604 193.650
193.399 193.646 193.856
193.601 193.700 193.875
193.473 193.590 193.737
193.779 193.819 193.899
193.729 193.838 194.005
193.566 193.643 193.712
193.515 193.572 193.687
193.610 193.708 193.789
193.638 193.719 193.901
193.683 193.711 193.773
193.574 193.701 193.851
193.624 193.740 193.854
193.515 193.723 193.971
193.510 193.677 193.846
193.637 193.695 193.766
193.570 193.647 193.719
193.632 193.725 193.834
193.541 193.634 193.707
193.659 193.715 193.792
193.518 193.661 193.801
193.627 193.740 193.901
193.596 193.641 193.699
193.708 193.852 194.177
193.469 193.585 193.822
192.364 193.299 193.593
193.614 193.814 194.404
193.952 194.179 194.385
193.638 193.701 193.738
193.629 193.799 193.897
193.588 193.662 193.761
193.423 193.644 193.911
193.469 193.630 193.792
192.096 193.301 193.810
193.509 193.605 193.770
193.652 193.696 193.745
193.434 193.660 193.794
193.495 193.579 193.619
193.218 193.521 193.810
193.446 193.571 193.689
193.527 193.648 193.876
193.496 193.586 193.776
192.166 193.308 193.666
193.640 193.696 193.830
193.399 193.608 193.795
193.572 193.678 193.785
193.703 193.768 193.880
193.319 193.633 193.820
193.557 193.669 193.748
193.618 193.688 193.826
193.480 193.641 193.717
192.052 193.309 193.691
193.398 193.582 193.782
193.379 193.613 193.747
193.571 193.735 193.951
192.167 193.313 193.698
193.515 193.622 193.779
191.944 193.644 194.876
193.608 193.688 193.859
193.417 193.577 193.698
192.147 193.305 193.766
193.522 193.638 193.710
193.511 193.709 194.089
193.624 193.709 193.804
193.486 193.661 193.877
193.437 193.598 193.728
193.543 193.652 193.719
193.261 193.593 193.881
193.187 193.466 193.619
193.512 193.599 193.799
192.360 193.345 193.673
193.571 193.627 193.698
193.449 193.542 193.625
193.553 193.676 193.875
193.566 193.618 193.696
193.555 193.661 193.771
193.499 193.595 193.680
193.631 193.700 193.822
193.619 193.661 193.685
193.504 193.674 193.844
193.555 193.693 193.809
192.284 193.400 193.780
192.228 193.411 193.794
193.501 193.626 193.675
193.528 193.636 193.733
193.442 193.647 193.766
193.591 193.666 193.826
193.529 193.733 193.951
193.777 193.809 193.829
193.405 193.620 193.784
193.604 193.647 193.717
192.217 193.314 193.688
193.592 193.695 193.803
193.612 193.636 193.666
193.506 193.628 193.722
193.647 193.734 193.887
193.645 193.689 193.823
193.624 193.678 193.720
193.416 193.630 193.772
193.541 193.692 193.812
193.725 193.770 193.816
192.268 193.365 193.839
193.493 193.662 193.810
193.549 193.708 193.810
192.061 193.023 193.713
193.503 193.621 193.719
193.649 193.708 193.784
193.649 193.736 193.883
193.687 193.771 193.907
193.442 193.593 193.658
193.527 193.686 193.790
192.173 193.335 193.761
193.267 193.529 193.798
193.373 193.622 193.848
193.532 193.618 193.686
193.604 193.657 193.723
192.186 193.334 193.655
193.614 193.687 193.773
193.542 193.617 193.693
193.443 193.677 193.883
193.582 193.685 193.782
193.575 193.678 193.733
193.533 193.646 193.707
193.367 193.604 193.728
193.557 193.708 193.827
193.346 193.514 193.683
193.513 193.621 193.692
193.513 193.637 193.794
193.605 193.624 193.657
193.468 193.558 193.662
192.138 193.258 193.601
193.568 193.620 193.667
193.468 193.581 193.666
193.518 193.669 193.745
193.486 193.621 193.808
193.622 193.727 193.808
193.549 193.601 193.631
193.640 193.799 193.941
193.671 193.780 193.946
193.654 193.706 193.740
193.502 193.649 193.837
193.618 193.703 193.790
193.560 193.635 193.752
192.145 193.331 193.776
193.479 193.634 193.786
193.499 193.622 193.695
193.562 193.587 193.626
193.649 193.685 193.769
193.569 193.651 193.762
192.125 193.302 193.747
193.423 193.584 193.746
193.459 193.581 193.686
193.467 193.641 193.760
193.598 193.683 193.778
193.479 193.612 193.663
192.208 193.390 193.808
193.521 193.582 193.661
193.617 193.648 193.676
193.495 193.637 193.753
193.515 193.652 193.766
193.602 193.710 193.927
193.521 193.693 193.856
193.503 193.677 193.888
193.620 193.710 193.814
193.684 193.783 193.892
193.475 193.734 193.948
193.379 193.561 193.704
193.556 193.694 193.873
192.161 193.286 193.627
193.515 193.659 193.894
193.645 193.770 193.885
193.465 193.595 193.723
192.091 193.346 193.765
193.548 193.601 193.665
192.297 193.392 193.717
193.557 193.737 193.915
193.630 193.660 193.687
193.412 193.599 193.786
192.044 193.378 193.812
193.347 193.555 193.832
193.573 193.643 193.730
193.574 194.037 195.703
193.607 193.655 193.705
192.109 193.243 193.606
193.446 193.574 193.733
193.554 193.770 193.960
193.582 193.686 193.753
193.583 193.668 193.731
193.564 193.663 193.740
193.471 193.746 193.974
193.369 193.568 193.927
193.482 193.622 193.712
193.567 193.619 193.695
193.554 193.669 193.886
193.607 193.734 193.954
193.491 193.606 193.714
193.472 193.563 193.610
193.437 193.678 193.890
193.590 193.653 193.740
193.505 193.653 193.765
193.542 193.664 193.934
193.345 193.558 193.647
193.486 193.598 193.740
193.343 193.664 193.813
193.482 193.553 193.617
193.473 193.640 193.793
193.510 193.658 193.726
193.628 193.654 193.685
193.449 193.541 193.601
192.348 193.806 195.199
193.508 193.593 193.726
193.502 193.643 193.778
193.552 193.656 193.803
193.551 193.590 193.625
193.537 193.610 193.677
193.421 193.559 193.660
193.573 193.639 193.697
193.315 193.525 193.640
192.178 193.346 193.708
193.473 193.635 193.757
193.532 193.607 193.691
193.474 193.672 193.797
193.606 193.652 193.716
193.566 193.648 193.734
193.499 193.555 193.636
193.373 193.526 193.712
193.412 193.640 193.860
193.645 193.700 193.772
192.193 193.285 193.700
193.505 193.656 193.777
193.466 193.569 193.683
193.399 193.586 193.709
193.478 193.549 193.634
193.489 193.550 193.599
193.581 193.667 193.749
193.380 193.576 193.797
193.409 193.506 193.628
193.279 193.566 193.687
192.181 193.329 193.717
193.491 193.613 193.744
193.611 193.683 193.791
193.445 193.646 193.911
193.473 193.693 193.817
193.485 193.607 193.820
193.623 193.735 193.881
193.562 193.594 193.630
193.389 193.592 193.730
193.514 193.708 193.867
193.519 193.679 193.759
193.528 193.644 193.765
193.420 193.708 193.864
193.462 193.570 193.688
193.599 193.679 193.845
193.605 193.683 193.740
193.588 193.614 193.678
193.562 193.644 193.767
193.381 193.494 193.663
193.494 193.601 193.647
193.563 193.691 193.837
193.461 193.594 193.648
193.631 193.686 193.795
193.617 193.665 193.833
193.541 193.724 193.828
193.484 193.607 193.769
193.513 193.639 193.720
193.488 193.618 193.812
193.586 193.717 193.953
193.519 193.619 193.682
193.562 193.616 193.680
193.626 193.718 193.800
193.676 193.735 193.778
193.622 193.740 193.905
193.293 193.550 193.705
193.544 193.617 193.690
193.370 193.564 193.732
193.426 205.030 239.302
192.006 193.297 193.698
193.615 193.689 193.803
193.518 193.614 193.745
193.484 193.581 193.709
193.535 193.592 193.662
193.582 193.638 193.703
193.295 193.574 193.683
193.566 193.634 193.735
193.410 193.531 193.647
193.480 193.621 193.758
193.586 193.697 193.757
193.433 193.537 193.654
193.488 193.600 193.795
193.322 193.544 193.667
193.542 193.634 193.836
192.169 193.253 193.633
193.436 193.607 193.723
193.524 193.606 193.669
193.112 193.415 193.609
193.562 193.641 193.787
193.466 193.601 193.705
193.499 193.586 193.704
193.590 193.670 193.815
193.462 193.610 193.679
193.402 193.536 193.662
193.498 193.577 193.650
193.441 193.541 193.689
193.404 193.589 193.666
193.511 193.653 193.878
193.413 193.503 193.608
193.593 193.706 193.814
193.552 193.676 193.790
193.528 193.670 193.873
193.620 193.714 193.934
193.538 193.663 193.790
192.125 193.279 193.639
193.639 193.697 193.822
193.545 193.656 193.760
193.487 193.574 193.657
193.544 193.631 193.692
193.328 193.621 193.810
193.574 193.616 193.658
193.305 193.518 193.709
193.508 193.612 193.725
193.273 193.542 193.796
193.528 193.600 193.690
192.064 193.055 193.680
193.460 193.712 194.193
193.602 193.633 193.677
193.547 193.592 193.665
193.507 193.606 193.647
193.524 193.581 193.636
193.604 193.656 193.723
193.341 193.494 193.579
193.420 193.512 193.644
193.553 193.614 193.683
193.560 193.626 193.762
193.431 193.535 193.623
193.495 193.571 193.641
193.475 193.539 193.607
193.410 193.521 193.595
193.501 193.550 193.637
193.491 193.624 193.762
193.384 193.628 193.832
193.471 193.643 193.758
193.538 193.644 193.803
193.280 193.487 193.847
193.559 193.574 193.610
193.321 193.570 193.673
193.380 193.570 193.720
193.489 193.590 193.662
193.627 193.671 193.726
193.432 193.574 193.686
193.623 193.676 193.742
193.497 193.575 193.622
193.587 193.715 193.984
193.512 193.632 193.740
193.586 193.652 193.714
193.561 193.650 193.834
193.515 193.614 193.675
193.525 193.600 193.653
193.522 193.585 193.622
193.633 193.650 193.665
193.532 193.603 193.662
193.459 193.612 193.825
193.436 193.664 193.849
192.198 193.325 193.700
193.436 193.533 193.682
193.636 193.688 193.722
193.393 193.614 193.768
193.604 193.649 193.680
193.349 193.613 193.781
193.498 193.636 193.712
193.509 193.762 193.885
193.499 193.619 193.705
193.458 193.564 193.635
193.517 193.599 193.633
193.737 193.772 193.818
193.464 193.593 193.669
193.531 193.631 193.811
192.266 193.326 193.648
193.543 193.659 193.720
193.400 193.554 193.640
193.565 193.689 193.811
193.505 193.642 193.773
193.630 193.688 193.740
193.420 193.554 193.630
193.458 193.692 193.865
193.527 193.661 193.786
193.484 193.574 193.658
193.475 193.538 193.603
193.636 193.693 193.786
193.346 193.515 193.617
193.662 193.745 193.798
193.472 193.574 193.721
193.555 193.651 193.746
193.584 193.676 193.775
193.454 193.562 193.678
193.605 193.667 193.704
193.506 193.626 193.766
193.493 193.575 193.704
193.561 193.675 193.856
193.493 193.756 193.873
193.618 193.691 193.820
193.522 193.590 193.625
192.029 193.031 193.686
193.611 193.693 193.841
193.632 193.761 193.928
193.647 193.746 193.884
193.558 193.632 193.755
193.528 193.644 193.837
193.607 193.712 193.821
193.522 193.659 193.792
193.564 193.652 193.796
193.611 193.683 193.744
193.439 193.595 193.786
192.102 193.259 193.694
193.473 193.660 193.776
193.478 193.614 193.861
193.410 193.571 193.640
193.658 193.720 193.805
193.546 193.631 193.715
193.314 193.512 193.732
193.528 193.636 193.736
193.549 193.595 193.643
193.607 193.658 193.703
193.620 193.682 193.808
193.592 193.688 193.767
193.495 193.681 193.800
193.457 193.605 193.742
193.550 193.618 193.698
193.579 193.682 193.764
193.445 193.547 193.628
193.553 193.706 193.813
192.309 193.396 193.784
193.598 193.683 193.791
193.394 193.502 193.561
193.434 193.582 193.705
193.560 193.704 193.903
193.494 193.645 193.766
193.390 193.573 193.682
193.579 193.634 193.654
193.518 193.671 193.729
193.607 193.713 193.840
193.508 193.666 193.839
193.441 193.607 193.759
193.652 193.717 193.835
193.353 193.619 193.762
193.626 193.709 193.797
192.171 193.350 193.696
193.453 193.689 193.956
193.591 193.703 193.784
193.624 193.678 193.746
193.553 193.659 193.957
193.570 193.673 193.794
193.587 193.748 193.851
193.610 193.738 193.917
193.571 193.707 194.002
192.126 193.386 193.858
193.598 193.655 193.742
193.660 193.742 193.803
193.607 193.698 193.774
193.508 193.711 193.829
193.478 193.585 193.690
193.598 193.692 193.824
193.564 193.622 193.677
193.576 193.620 193.665
193.503 193.589 193.653
193.606 193.656 193.747
193.451 193.564 193.629
193.571 193.651 193.738
193.499 193.598 193.749
193.539 193.612 193.826
193.529 193.696 193.906
193.602 193.686 193.870
192.153 193.358 193.847
193.644 193.665 193.699
193.525 193.634 193.709
193.571 193.649 193.755
192.220 193.374 193.734
192.151 193.340 193.718
193.386 193.538 193.621
193.578 193.683 193.839
193.508 193.643 193.765
193.541 193.684 193.812
193.637 193.733 193.907
193.319 193.606 193.714
193.535 193.681 193.831
193.405 193.582 193.749
193.460 193.627 193.788
193.530 193.584 193.715
193.510 193.629 193.679
193.607 193.680 193.797
193.854 194.006 194.549
193.573 193.643 193.723
193.603 193.882 194.110
193.332 193.660 193.803
193.671 193.737 193.798
193.523 193.653 193.840
193.546 193.991 195.045
193.655 194.798 197.363
193.700 193.902 194.179
193.710 193.956 194.503
193.724 213.956 257.603
193.552 194.337 195.898
193.614 193.748 193.868
193.622 196.087 204.200
193.903 196.832 200.763
193.439 193.613 193.753
193.535 193.737 193.875
193.600 193.691 193.825
193.484 193.610 193.692
192.183 193.407 193.865
193.604 193.658 193.728
193.518 193.569 193.630
193.508 193.729 193.852
193.641 193.828 194.094
192.340 193.462 193.888
193.498 193.667 193.862
193.481 193.611 193.711
193.530 193.737 194.151
193.531 193.614 193.761
193.528 193.678 193.856
192.112 193.404 193.800
193.574 193.636 193.718
193.473 193.566 193.676
193.368 193.573 193.855
193.612 193.681 193.731
193.488 193.707 193.866
193.441 193.695 193.818
193.590 193.683 193.788
193.562 193.649 193.719
193.578 193.632 193.693
193.542 193.670 193.787
193.634 193.727 193.861
193.566 193.637 193.716
193.481 193.877 194.998
193.647 193.694 193.780
193.209 193.502 193.630
193.641 201.813 213.227
193.652 193.759 193.857
191.997 193.325 193.857
193.530 193.647 193.903
193.502 193.705 193.875
193.598 193.753 194.075
193.500 193.667 193.804
193.461 193.608 193.689
193.518 193.693 193.844
192.152 193.409 193.798
193.477 193.629 193.770
193.541 193.697 193.800
192.152 193.251 193.709
192.302 193.357 193.644
193.535 193.607 193.744
193.558 193.706 193.784
193.472 193.657 193.919
193.517 193.724 193.846
193.373 193.653 193.771
193.636 193.692 193.755
193.369 193.691 193.892
193.479 193.634 193.799
193.538 193.694 193.820
193.615 193.668 193.731
193.468 193.592 193.724
193.454 193.609 193.825
193.411 193.604 193.718
192.166 193.390 193.753
193.485 193.614 193.724
193.519 193.628 193.768
193.428 193.595 193.702
192.014 193.357 193.805
193.591 193.719 193.909
193.498 193.649 193.926
193.594 193.744 193.923
193.640 193.708 193.889
193.531 193.681 193.811
193.545 193.704 193.790
193.504 193.688 193.847
192.196 193.318 193.693
193.545 193.742 193.849
193.612 193.754 193.919
193.555 193.699 193.848
193.395 193.644 193.911
193.274 193.575 193.721
193.427 193.560 193.629
193.558 193.633 193.810
193.699 193.769 193.832
191.991 193.223 193.603
191.961 193.228 193.706
193.482 193.709 193.882
193.399 193.601 193.850
193.445 193.603 193.787
192.095 193.331 193.732
192.349 193.396 193.844
193.583 193.664 193.717
193.361 193.611 193.824
193.460 193.601 193.695
192.693 193.475 193.700
193.650 193.745 193.779
193.272 193.621 193.777
193.543 193.621 193.672
192.095 193.428 193.802
193.627 193.808 194.003
193.539 193.638 193.749
193.556 193.691 193.808
193.470 193.643 193.743
193.492 193.707 193.929
193.658 193.771 193.940
193.547 193.686 193.933
192.200 193.102 193.820
193.387 193.611 193.734
193.401 193.563 193.693
193.635 193.731 193.845
192.061 193.362 193.786
193.357 193.648 193.924
193.495 193.793 194.066
193.644 193.716 193.841
192.102 193.328 193.703
193.588 193.649 193.751
193.623 193.752 193.940
193.556 193.806 194.025
193.582 193.705 193.866
193.693 193.756 193.795
193.635 193.685 193.733
193.508 193.747 193.896
193.578 193.762 193.878
192.398 193.367 193.697
193.492 193.701 193.815
193.591 193.880 194.550
193.751 194.368 195.425
192.244 193.368 193.738
193.594 193.655 193.741
193.456 193.620 193.761
192.133 193.342 193.777
193.648 193.724 193.847
193.634 193.665 193.741
193.635 193.706 193.792
193.546 193.653 193.826
192.233 193.404 193.901
192.155 193.452 193.843
193.507 193.624 193.707
193.475 193.575 193.643
192.198 193.347 193.641
193.682 193.726 193.795
193.506 193.639 193.710
193.488 193.584 193.685
193.551 193.720 193.802
193.593 193.818 194.063
192.205 193.363 193.734
193.601 193.712 193.840
193.459 193.630 193.775
192.279 193.364 193.757
193.580 193.630 193.659
193.493 193.663 193.776
193.313 193.484 193.681
193.505 193.654 193.765
193.673 193.749 193.871
193.447 193.591 193.710
193.487 193.632 193.862
191.955 193.291 193.664
193.649 193.735 193.840
193.551 193.696 193.829
192.294 193.457 193.764
192.294 193.494 193.970
193.536 193.731 194.035
193.419 193.574 193.672
193.500 193.666 193.894
193.526 193.761 193.947
193.625 193.719 193.809
193.655 193.691 193.752
193.353 193.682 193.922
192.300 193.295 193.668
193.655 193.730 193.862
193.591 193.811 194.320
193.678 193.736 193.793
192.384 193.374 193.714
193.579 193.633 193.705
193.606 193.710 193.807
193.615 193.765 193.834
193.335 193.574 193.782
193.630 193.715 193.789
193.669 193.728 193.796
193.489 193.613 193.741
193.466 193.601 193.796
193.658 193.796 194.018
193.595 193.696 193.861
193.579 193.694 193.864
192.048 193.351 193.749
193.454 193.624 193.713
193.501 193.729 193.825
192.257 193.416 193.742
193.542 193.622 193.707
193.636 193.713 193.802
193.635 193.683 193.732
193.564 193.642 193.805
192.190 193.352 193.738
193.678 193.750 193.794
193.595 194.085 195.312
193.606 193.685 193.741
193.592 193.746 193.846
193.438 193.575 193.652
193.574 193.721 193.839
193.339 193.614 193.775
192.318 193.467 193.862
193.530 193.664 193.768
193.516 193.648 193.810
193.516 193.674 193.799
192.357 193.478 193.792
193.555 193.642 193.693
192.195 193.407 193.773
193.541 193.686 193.845
193.474 193.661 193.924
193.480 193.636 193.713
193.244 193.665 193.784
193.569 193.631 193.745
193.681 193.776 193.953
193.658 193.765 193.823
193.538 193.720 193.823
193.546 193.675 193.807
193.549 193.709 193.948
193.581 193.602 193.646
193.317 194.015 195.923
192.189 193.344 193.710
192.324 193.448 193.867
192.073 193.360 193.747
193.364 193.637 193.805
193.598 193.666 193.716
193.512 193.669 193.869
193.283 193.600 193.854
193.542 193.663 193.838
193.475 193.696 193.818
193.580 193.636 193.671
193.543 193.691 193.778
193.561 193.617 193.640
192.369 193.397 193.719
192.199 193.422 193.873
192.134 193.022 193.698
193.456 193.580 193.663
193.457 193.639 193.849
193.624 193.691 193.910
193.535 193.657 193.833
192.139 193.198 193.635
192.142 193.358 193.741
193.713 193.781 193.849
193.296 193.628 193.814
193.519 193.590 193.654
193.641 193.672 193.710
193.577 193.743 193.849
193.625 193.642 193.664
193.544 193.733 193.881
193.596 193.704 193.899
192.252 193.435 193.937
193.491 193.616 193.727
192.327 193.500 194.014
193.584 193.660 193.716
193.537 193.599 193.698
193.552 193.668 193.763
193.482 193.614 193.702
193.349 193.766 194.000
193.632 193.761 193.864
193.527 193.592 193.641
193.597 193.725 193.830
193.620 193.649 193.711
192.232 193.380 193.717
192.273 193.397 193.943
193.667 193.758 193.890
193.516 193.625 193.765
193.512 193.629 193.740
193.484 193.606 193.713
193.646 193.720 193.856
193.453 193.531 193.606
193.580 193.756 193.916
193.595 193.653 193.703
193.611 193.679 193.752
193.598 193.663 193.739
193.490 193.699 193.923
192.133 193.318 193.757
193.638 193.781 194.031
193.569 193.693 193.845
193.581 193.745 193.859
193.443 193.634 193.746
193.755 193.811 193.919
193.494 193.662 193.780
193.418 193.675 193.877
193.387 193.596 193.705
193.426 193.688 193.873
193.649 193.713 193.811
193.435 193.698 193.804
193.456 193.631 193.836
193.632 193.711 193.805
193.599 193.644 193.712
193.560 193.674 193.766
193.462 193.617 193.736
193.436 193.636 193.927
193.596 193.699 193.817
193.559 193.655 193.757
193.553 193.604 193.626
193.567 193.633 193.803
193.438 193.604 193.807
193.575 193.654 193.799
193.619 193.670 193.813
193.571 193.681 193.820
193.566 193.700 193.760
193.578 193.708 193.884
193.621 193.735 193.850
193.356 193.651 193.892
193.613 193.728 193.856
193.632 193.817 193.908
193.529 193.680 193.824
193.572 193.639 193.687
193.600 193.731 193.866
193.310 193.617 194.011
193.309 193.653 193.866
193.247 193.576 193.798
193.467 193.659 193.824
193.512 193.615 193.714
193.313 193.588 193.835
193.586 193.680 193.816
193.559 193.627 193.724
193.698 193.744 193.887
193.591 193.661 193.740
193.615 193.725 193.803
193.422 193.577 193.801
193.515 193.578 193.636
193.563 193.687 193.769
193.584 193.684 193.831
193.277 193.406 193.564
193.288 193.477 193.621
193.346 193.555 193.748
193.285 193.382 193.485
193.365 193.399 193.488
193.409 193.480 193.546
193.278 193.336 193.410
192.062 193.132 193.534
193.438 193.568 193.667
193.222 193.300 193.355
192.134 193.112 193.501
193.240 193.321 193.394
192.167 193.187 193.526
193.403 193.451 193.511
193.240 193.480 193.663
193.329 193.451 193.642
193.393 193.547 193.640
193.274 193.398 193.608
193.335 193.350 193.371
192.102 193.092 193.504
193.257 193.438 193.616
193.389 193.412 193.465
193.412 193.522 193.580
193.195 193.385 193.514
193.327 193.575 193.832
193.318 193.444 193.559
193.362 193.468 193.570
193.409 193.537 193.707
192.195 193.233 193.678
193.302 193.424 193.545
193.228 193.373 193.687
193.439 193.472 193.538
193.338 193.417 193.579
193.331 193.431 193.508
192.202 193.141 193.424
193.249 193.385 193.537
193.237 193.419 193.536
193.379 193.564 193.711
193.219 193.401 193.495
193.206 193.412 193.545
193.176 193.362 193.487
192.086 193.102 193.398
193.272 193.443 193.609
193.435 193.473 193.517
193.237 193.326 193.423
193.228 193.396 193.504
193.312 193.437 193.584
193.335 193.420 193.520
193.272 193.466 193.561
193.305 193.449 193.503
193.210 193.440 193.593
193.260 193.403 193.557
193.326 193.450 193.620
193.209 193.314 193.476
193.366 193.444 193.504
193.363 193.439 193.523
193.316 193.398 193.534
193.252 193.401 193.607
193.325 193.391 193.439
193.206 193.363 193.452
193.313 193.412 193.510
193.140 193.206 193.312
192.202 193.251 193.605
193.245 193.344 193.467
193.343 193.419 193.465
193.235 193.556 194.295
193.283 193.494 193.687
193.213 193.338 193.563
193.320 193.380 193.442
193.327 193.415 193.541
192.335 193.210 193.517
193.278 193.404 193.573
193.272 193.376 193.467
193.343 193.408 193.478
192.062 193.113 193.506
193.401 193.485 193.610
192.271 193.131 193.445
193.430 193.493 193.644
193.413 193.514 193.759
193.232 193.336 193.493
193.128 193.497 193.730
193.280 193.361 193.494
192.287 193.238 193.587
193.178 193.494 193.641
193.291 193.405 193.508
193.304 193.371 193.450
193.372 193.442 193.591
193.399 193.494 193.599
193.362 193.438 193.550
193.339 193.453 193.545
193.261 193.369 193.474
193.186 193.304 193.417
193.277 193.361 193.553
193.330 193.457 193.622
193.138 193.292 193.443
193.223 193.378 193.598
192.103 193.157 193.571
193.158 193.286 193.391
193.206 193.385 193.576
193.260 193.411 193.507
193.357 193.426 193.527
193.319 193.371 193.449
193.243 193.373 193.473
192.030 193.116 193.418
193.231 193.395 193.699
192.046 193.107 193.408
193.150 193.320 193.475
193.407 193.547 193.983
191.981 193.225 193.611
193.314 193.373 193.436
193.272 193.390 193.618
192.318 193.251 193.555
193.303 193.438 193.624
193.199 216.660 309.984
193.349 193.419 193.548
192.158 193.154 193.490
193.186 193.352 193.504
193.353 193.406 193.474
192.007 193.079 193.436
193.424 193.519 193.637
193.311 193.418 193.574
193.303 193.411 193.541
193.294 193.332 193.348
193.280 193.368 193.460
191.885 193.030 193.356
193.311 193.357 193.412
193.302 193.412 193.528
193.428 193.470 193.522
193.296 193.369 193.455
193.299 193.376 193.556
193.246 193.381 193.605
193.306 193.392 193.470
193.353 193.468 193.574
193.280 193.366 193.463
192.146 193.178 193.568
193.309 193.385 193.413
193.357 193.406 193.504
193.279 193.463 193.602
193.305 193.348 193.492
193.138 193.231 193.300
193.346 193.488 193.807
193.280 193.414 193.560
193.288 193.377 193.495
193.285 193.319 193.362
193.230 193.351 193.545
193.275 193.340 193.515
193.314 193.383 193.459
193.268 193.310 193.366
193.274 193.375 193.494
193.191 193.260 193.342
193.322 193.389 193.435
193.205 193.416 193.594
193.296 193.370 193.529
193.251 193.378 193.452
193.286 193.389 193.533
193.294 193.389 193.431
193.339 193.455 193.550
193.327 193.351 193.379
192.210 193.157 193.537
193.422 193.494 193.572
192.200 193.088 193.326
193.212 222.598 339.449
192.148 193.113 193.450
193.277 193.398 193.486
191.946 193.081 193.438
193.293 193.436 193.584
193.346 193.396 193.442
193.338 193.413 193.471
193.166 193.311 193.454
193.206 193.320 193.474
193.317 193.395 193.551
193.193 193.344 193.406
193.310 193.361 193.538
193.271 193.375 193.458
193.200 193.263 193.410
193.275 193.400 193.629
193.271 193.379 193.614
193.385 193.494 193.732
192.055 193.164 193.554
193.200 193.370 193.496
193.224 193.342 193.405
193.270 193.408 193.482
193.358 193.421 193.513
193.187 193.359 193.448
193.217 193.347 193.434
193.458 193.677 194.496
193.257 193.350 193.489
193.220 193.334 193.475
192.191 193.201 193.571
193.156 193.353 193.618
193.250 193.364 193.472
193.300 193.390 193.546
192.257 193.169 193.475
193.362 193.407 193.464
193.293 193.377 193.471
192.101 193.073 193.355
193.278 193.382 193.582
193.279 193.368 193.466
193.333 193.430 193.510
193.327 193.409 193.532
193.252 193.344 193.394
193.200 193.326 193.409
193.271 193.389 193.479
193.227 193.348 193.500
193.267 193.342 193.430
193.246 193.415 193.630
193.236 193.308 193.372
192.137 193.139 193.414
192.095 193.095 193.405
193.360 193.481 193.541
193.249 193.386 193.512
192.198 193.050 193.322
191.967 193.167 193.556
193.352 193.472 193.661
193.249 193.378 193.622
193.277 193.407 193.498
193.151 193.344 193.447
193.221 193.316 193.508
193.288 193.440 193.643
192.224 193.095 193.366
193.323 193.354 193.387
192.194 193.123 193.474
193.185 193.341 193.454
193.178 193.351 193.607
193.189 193.343 193.453
193.328 193.403 193.540
193.318 193.380 193.444
193.330 193.365 193.382
193.237 193.339 193.447
193.199 193.401 193.536
193.203 193.299 193.410
193.380 193.527 193.627
193.221 193.312 193.396
192.279 193.211 193.528
193.282 193.389 193.575
192.076 193.135 193.505
193.244 193.357 193.473
193.119 193.315 193.453
193.334 193.443 193.604
193.286 193.482 193.874
193.350 193.385 193.459
192.240 193.179 193.475
193.206 193.249 193.312
193.225 193.367 193.568
193.285 193.413 193.521
193.277 193.376 193.490
193.325 193.402 193.503
193.216 193.339 193.459
193.273 193.356 193.444
193.230 193.363 193.490
192.008 193.103 193.400
192.068 192.827 193.468
193.276 193.362 193.455
193.264 193.481 193.805
193.171 193.490 194.124
193.346 193.444 193.520
193.193 193.300 193.414
193.238 193.384 193.503
193.209 193.363 193.555
193.319 193.453 193.622
193.267 193.397 193.451
193.280 193.370 193.453
193.261 193.387 193.493
193.131 193.398 193.516
193.232 193.354 193.434
193.249 193.376 193.472
193.304 193.465 193.632
193.245 193.340 193.413
193.263 193.336 193.429
193.286 193.360 193.424
193.171 193.317 193.440
193.405 193.493 193.614
193.378 193.448 193.501
193.335 193.379 193.466
193.285 193.359 193.532
193.297 193.372 193.474
192.038 193.090 193.409
193.268 193.383 193.467
193.284 193.347 193.458
193.144 193.338 193.463
191.965 193.036 193.364
193.356 193.429 193.567
193.367 193.410 193.485
193.334 193.425 193.501
193.313 193.441 193.542
193.305 193.411 193.510
193.218 193.319 193.355
193.320 193.439 193.496
193.353 193.432 193.528
193.351 193.427 193.572
193.304 193.400 193.526
193.355 193.425 193.573
193.289 193.362 193.436
193.366 193.477 193.525
193.384 193.415 193.458
193.353 193.445 193.532
193.415 193.498 193.623
193.464 193.515 193.592
193.352 193.424 193.497
192.105 193.361 194.229
193.213 193.334 193.404
193.262 193.361 193.494
193.260 193.396 193.536
192.056 193.179 193.538
193.222 193.358 193.519
193.336 193.519 193.725
193.235 193.332 193.402
193.230 193.385 193.614
193.266 193.382 193.571
193.375 193.430 193.551
193.290 193.349 193.482
193.349 193.448 193.640
191.965 193.163 193.515
192.016 193.059 193.447
193.344 193.457 193.505
193.297 193.381 193.491
193.232 193.432 193.554
193.298 193.378 193.478
193.204 193.273 193.351
193.242 193.344 193.429
193.322 193.381 193.447
193.311 193.400 193.490
193.334 193.373 193.413
193.286 193.455 193.619
193.335 193.404 193.509
193.343 193.461 193.654
192.145 193.181 193.510
193.305 193.370 193.434
193.281 193.426 193.526
193.228 193.365 193.524
192.003 192.932 193.671
193.244 193.411 193.599
193.290 193.460 193.559
193.254 193.390 193.476
193.291 193.397 193.470
193.239 193.327 193.403
193.241 193.429 193.921
193.170 193.462 194.004
193.242 193.315 193.346
193.159 193.272 193.348
193.244 193.371 193.546
193.308 193.392 193.459
192.234 193.110 193.478
193.201 193.367 193.468
193.104 193.339 193.554
193.362 193.410 193.525
193.265 193.624 194.670
193.260 193.382 193.522
193.255 193.461 193.613
193.368 193.458 193.604
191.980 193.115 193.586
193.308 193.392 193.476
193.101 193.282 193.415
193.382 193.438 193.530
193.285 193.394 193.493
193.203 193.364 193.459
193.328 193.409 193.498
193.258 193.311 193.369
193.303 193.390 193.424
193.178 193.271 193.365
193.268 193.383 193.540
193.174 193.296 193.441
192.087 193.055 193.414
193.239 193.328 193.387
193.210 193.318 193.423
193.348 193.393 193.470
193.291 193.435 193.549
192.379 193.234 193.508
193.193 193.413 193.513
193.427 193.525 193.618
193.226 193.418 193.617
193.220 193.346 193.499
193.284 193.384 193.482
193.173 193.292 193.395
193.137 193.278 193.368
193.279 193.346 193.408
193.282 193.388 193.480
193.284 193.363 193.442
193.316 193.350 193.375
193.198 193.417 193.974
193.330 193.413 193.572
193.187 193.332 193.456
193.241 193.362 193.526
193.216 193.317 193.584
193.174 193.332 193.481
193.198 193.380 193.488
193.253 193.418 193.514
193.292 193.358 193.424
193.342 193.401 193.499
193.224 193.384 193.508
193.249 193.387 193.494
193.287 193.322 193.347
193.237 193.497 193.681
193.294 193.405 193.521
193.340 193.391 193.558
193.313 193.338 193.383
193.158 193.285 193.397
193.276 193.420 193.587
193.297 193.414 193.580
192.286 193.172 193.500
193.282 193.359 193.419
192.204 193.268 194.031
193.346 193.444 193.601
193.340 193.407 193.530
193.265 193.379 193.503
193.321 193.392 193.523
193.185 193.247 193.304
193.316 193.454 193.689
193.302 193.402 193.571
193.153 193.369 193.528
193.341 193.492 193.716
193.268 193.375 193.540
193.291 193.385 193.494
193.226 193.373 193.487
193.222 193.313 193.419
193.376 193.493 193.592
193.174 193.375 193.569
192.129 193.172 193.609
193.208 193.331 193.415
193.348 193.417 193.522
193.366 193.474 193.513
193.292 193.350 193.403
193.197 193.333 193.427
193.304 193.358 193.435
193.252 193.357 193.561
193.221 193.360 193.431
193.116 193.298 193.413
193.315 193.396 193.559
193.099 193.311 193.522
193.322 193.433 193.574
193.254 193.371 193.495
193.231 193.323 193.437
193.262 193.450 193.596
193.234 193.340 193.425
193.280 193.375 193.473
193.306 193.363 193.490
193.320 193.405 193.480
193.336 193.435 193.534
193.285 193.380 193.519
193.192 193.336 193.449
193.329 193.384 193.448
193.332 193.416 193.522
193.339 193.408 193.504
193.130 193.402 193.568
193.299 193.448 193.637
193.183 193.311 193.378
193.112 193.268 193.413
193.339 193.395 193.456
193.335 193.425 193.542
193.134 193.370 193.510
193.290 193.445 193.553
193.216 193.325 193.421
193.283 193.384 193.517
193.291 193.445 193.608
193.217 193.375 193.517
193.214 193.334 193.522
193.174 193.276 193.435
193.251 193.358 193.564
193.141 193.240 193.382
193.274 193.379 193.491
193.315 193.386 193.499
193.243 193.284 193.341
193.258 193.298 193.348
193.304 193.452 193.579
193.332 193.712 194.860
193.349 193.384 193.437
193.249 193.349 193.465
193.290 193.515 193.657
193.343 193.448 193.598
193.354 193.511 193.604
193.270 193.349 193.451
193.398 193.449 193.534
193.255 193.300 193.376
193.302 193.354 193.416
192.184 193.115 193.465
193.184 193.319 193.418
193.136 193.330 193.434
193.135 193.383 193.695
192.128 193.088 193.501
193.225 193.308 193.350
193.287 193.374 193.438
193.291 193.356 193.443
193.220 193.343 193.501
193.397 193.653 194.284
193.310 193.432 193.835
193.248 193.328 193.463
193.312 193.385 193.453
193.226 193.419 193.612
193.253 193.314 193.390
193.322 193.403 193.532
193.277 193.478 193.606
193.281 193.348 193.405
193.182 193.347 193.510
193.351 193.482 193.645
193.321 193.346 193.392
193.254 193.412 193.483
193.323 193.474 193.609
193.251 224.081 347.058
193.225 193.337 193.462
193.134 193.324 193.500
192.125 193.130 193.534
193.319 193.407 193.488
193.178 193.391 193.637
193.419 193.506 193.565
193.266 193.401 193.535
193.274 193.346 193.430
193.269 193.351 193.440
193.333 193.404 193.454
193.210 193.325 193.495
193.222 193.328 193.407
193.148 193.356 193.514
193.124 193.314 193.554
193.224 193.324 193.479
193.281 193.363 193.443
193.273 193.395 193.511
193.336 193.451 193.669
193.299 193.378 193.442
193.416 193.473 193.538
193.308 193.393 193.549
193.172 193.341 193.470
193.340 193.412 193.473
193.218 193.304 193.390
193.285 193.345 193.414
193.350 193.452 193.527
193.237 193.342 193.427
193.321 193.400 193.435
193.350 193.427 193.500
193.217 193.449 193.729
193.236 193.337 193.421
192.285 193.108 193.402
193.307 193.411 193.596
193.301 193.548 194.253
193.376 193.500 193.722
193.302 193.382 193.498
193.293 193.417 193.533
193.255 193.386 193.587
193.185 193.365 193.513
193.238 193.310 193.364
193.268 193.394 193.532
193.249 193.379 193.483
193.387 193.443 193.467
192.263 193.248 193.614
193.241 193.391 193.609
193.169 193.409 193.785
193.312 193.399 193.513
193.246 193.433 193.637
193.122 193.259 193.402
193.130 193.220 193.329
193.283 193.367 193.438
192.061 193.167 193.527
193.141 193.325 193.506
193.261 193.447 193.671
193.279 193.330 193.366
193.361 193.458 193.515
193.250 193.346 193.424
193.288 193.359 193.450
193.419 193.544 193.721
193.167 193.420 193.636
193.302 193.342 193.416
193.351 193.398 193.483
193.338 193.420 193.528
193.245 193.354 193.549
193.236 193.335 193.491
193.177 193.369 193.470
193.376 194.009 196.001
193.316 193.730 194.479
193.326 193.582 193.941
193.230 193.375 193.528
192.058 193.178 193.557
193.294 193.471 193.601
193.193 193.375 193.504
192.112 193.118 193.487
193.394 193.478 193.574
193.193 193.491 193.665
193.336 193.415 193.527
193.325 193.369 193.415
193.274 193.350 193.410
193.234 193.332 193.511
193.258 193.397 193.571
193.349 193.436 193.586
193.226 193.363 193.544
193.479 193.549 193.657
193.305 193.485 193.726
193.376 193.465 193.647
193.268 193.340 193.453
192.105 193.118 193.503
193.189 193.409 193.612
193.278 193.494 193.762
193.273 193.356 193.467
192.206 193.197 193.481
193.184 193.294 193.356
192.092 193.185 193.604
193.228 193.401 193.618
193.304 193.390 193.480
192.090 193.211 193.613
193.114 193.328 193.563
193.305 193.371 193.480
193.358 193.516 193.782
193.170 193.277 193.340
193.339 193.409 193.454
193.424 193.507 193.615
193.252 193.383 193.547
193.372 193.451 193.596
193.204 193.370 193.529
193.346 193.462 193.549
193.272 193.364 193.418
193.360 193.410 193.466
193.263 193.376 193.511
193.285 193.378 193.455
193.260 193.509 193.688
193.337 193.383 193.468
193.247 193.395 193.546
192.093 193.164 193.534
193.076 193.311 193.427
193.527 193.633 193.704
193.388 193.436 193.518
193.200 193.423 193.590
193.323 193.420 193.537
192.149 193.244 193.688
193.203 193.374 193.501
192.136 193.170 193.574
193.440 193.495 193.546
193.255 193.507 193.697
193.208 193.283 193.440
193.196 193.440 193.718
192.115 193.251 193.655
193.237 193.413 193.608
193.321 193.358 193.425
193.238 193.404 193.606
193.332 193.382 193.479
193.439 193.564 193.734
193.418 193.468 193.520
192.310 193.173 193.623
193.278 193.423 193.802
193.308 193.565 194.203
193.288 193.714 194.846
197.689 206.069 212.646
193.523 194.386 195.625
193.346 196.433 199.203
193.318 193.591 193.822
193.231 193.386 193.481
193.233 193.472 193.672
193.428 196.338 199.225
193.417 193.488 193.639
193.999 194.157 194.495
193.445 194.324 197.179
193.157 193.358 193.420
192.156 193.111 193.451
193.297 193.371 193.395
193.414 193.837 195.159
193.358 193.722 194.173
193.326 193.530 193.920
193.285 193.391 193.591
192.077 193.109 193.492
193.332 193.410 193.483
193.178 193.494 193.804
193.347 193.429 193.536
193.239 193.749 194.866
193.211 193.449 193.779
193.379 193.495 193.623
193.386 193.654 194.368
193.355 193.687 194.111
193.294 193.480 193.660
193.638 194.008 194.746
193.389 193.476 193.567
193.286 193.371 193.480
193.220 193.460 193.606
193.301 193.536 193.768
193.267 193.476 193.704
193.764 195.513 197.244
192.268 193.201 193.501
193.202 193.355 193.482
193.226 193.383 193.695
193.417 194.807 199.903
193.441 193.528 193.691
193.554 193.665 193.813
193.327 193.716 194.276
193.313 193.623 194.339
193.223 193.329 193.389
193.438 193.543 193.656
193.521 193.667 194.025
192.346 193.294 193.635
193.198 193.413 193.580
193.402 193.605 193.746
0 0 0
184.342 184.608 184.912
183.885 184.506 186.221
183.952 184.026 184.157
182.658 183.783 184.183
183.840 184.027 184.266
192.191 193.245 193.587
193.339 193.448 193.531
193.425 193.561 193.745
192.246 193.128 193.447
193.276 193.381 193.530
193.292 193.456 193.560
193.332 193.389 193.481
192.673 193.372 193.715
193.241 193.453 193.580
192.212 193.271 193.715
193.418 193.489 193.566
193.348 193.447 193.603
192.210 193.249 193.670
190.721 190.933 191.300
0 0 0
193.347 193.449 193.548
193.226 193.399 193.522
193.302 193.353 193.438
191.927 193.138 193.500
193.265 193.397 193.497
192.204 193.193 193.552
193.337 193.385 193.502
193.236 193.577 193.714
193.304 193.404 193.528
193.327 193.490 193.591
193.415 193.495 193.647
192.591 193.380 193.763
193.252 193.544 193.684
193.320 193.366 193.484
193.222 193.446 193.653
193.408 193.432 193.457
193.446 193.528 193.596
193.252 193.387 193.523
192.194 193.218 193.683
192.207 193.356 194.494
193.289 193.519 193.666
193.391 193.481 193.617
193.249 193.337 193.384
192.097 193.164 193.580
193.180 193.394 193.471
193.351 193.412 193.486
193.367 193.432 193.536
193.287 193.417 193.602
193.314 193.423 193.555
193.498 193.593 193.636
193.301 193.531 193.712
192.072 193.216 193.579
193.392 193.469 193.582
193.409 193.714 194.645
193.326 193.583 194.089
193.316 193.402 193.621
192.640 193.315 193.546
193.307 193.409 193.643
193.233 193.352 193.451
193.361 193.472 193.555
193.252 194.240 197.485
193.505 193.530 193.588
193.306 193.420 193.616
193.276 193.468 193.637
193.363 193.504 193.627
193.323 193.470 193.643
193.332 193.412 193.494
193.446 193.539 193.617
193.384 193.538 193.660
193.255 193.423 193.752
193.231 193.355 193.461
193.441 193.512 193.605
192.078 193.102 193.466
193.148 193.371 193.540
193.369 193.538 193.717
193.264 193.469 193.584
193.267 193.459 194.004
192.239 193.185 193.576
192.127 193.184 193.491
192.089 193.203 193.563
193.327 193.463 193.572
193.363 193.544 193.739
193.346 193.408 193.494
193.306 193.420 193.495
193.253 193.403 193.603
193.362 193.421 193.604
193.369 193.453 193.552
193.412 193.475 193.596
193.331 193.438 193.644
192.118 193.098 193.381
193.314 193.443 193.651
193.323 193.408 193.546
193.313 193.375 193.420
193.313 193.451 193.579
193.396 193.469 193.565
192.273 193.276 193.711
193.394 193.513 193.699
193.430 193.539 193.751
193.234 193.376 193.507
193.339 193.398 193.468
193.305 193.372 193.427
193.472 193.888 195.327
193.192 193.443 193.638
193.322 193.425 193.539
193.358 193.467 193.591
193.297 193.396 193.578
192.033 193.136 193.626
193.298 193.510 193.614
193.228 193.318 193.399
191.966 193.124 193.432
193.328 193.375 193.428
193.369 193.464 193.560
193.316 193.515 193.612
193.327 193.367 193.408
193.403 193.474 193.527
193.363 193.476 193.597
193.299 193.462 193.579
193.287 193.417 193.482
193.268 193.372 193.533
193.393 193.459 193.589
193.203 193.446 193.632
191.975 193.090 193.447
193.358 193.424 193.538
192.150 193.200 193.611
193.296 193.367 193.443
193.288 193.345 193.381
193.297 193.433 193.653
193.249 193.403 193.485
193.255 193.317 193.457
193.235 193.365 193.483
193.353 193.384 193.405
193.383 193.433 193.459
193.446 193.510 193.648
193.252 193.418 193.520
193.264 193.860 195.617
193.332 193.461 193.540
193.243 193.348 193.488
193.465 193.609 193.784
193.280 193.410 193.475
193.429 193.502 193.626
193.249 193.426 193.561
193.418 193.524 193.588
193.353 193.428 193.546
192.081 193.089 193.395
193.359 193.468 193.735
192.079 193.118 193.403
192.102 193.191 193.541
193.355 193.432 193.480
193.293 193.394 193.495
193.268 193.395 193.514
192.191 193.165 193.506
193.317 193.482 193.640
193.369 193.493 193.676
193.428 193.496 193.623
193.294 193.389 193.528
193.367 193.535 193.682
193.302 193.390 193.440
191.896 193.134 193.621
193.331 193.410 193.527
193.273 193.380 193.435
193.319 193.372 193.503
193.325 193.457 193.681
193.183 193.415 193.705
193.348 193.430 193.482
193.316 193.405 193.556
193.274 193.401 193.468
193.394 193.474 193.518
193.364 193.472 193.592
193.286 193.391 193.459
193.271 193.350 193.459
193.285 193.387 193.475
193.327 193.414 193.496
193.185 193.273 193.344
193.190 193.346 193.497
193.378 193.444 193.474
193.229 193.744 195.168
193.431 193.476 193.519
193.293 193.391 193.525
193.289 193.395 193.497
193.274 193.413 193.541
193.262 193.374 193.576
193.307 193.413 193.464
193.398 193.457 193.561
193.402 193.480 193.598
193.283 193.431 193.657
193.379 193.471 193.537
193.276 193.453 193.724
192.197 193.200 193.574
193.343 193.418 193.510
190.747 191.732 194.224
190.794 191.126 192.331
190.763 191.786 193.134
190.611 190.806 191.041
190.911 191.621 193.382
190.676 191.041 191.916
190.737 191.213 192.541
190.797 191.789 192.889
190.774 191.486 193.795
190.710 191.371 193.396
190.648 191.316 192.502
190.809 191.118 191.562
190.650 191.003 191.408
190.755 191.262 192.507
190.783 191.759 193.295
190.751 192.220 194.898
190.686 190.894 191.026
191.101 191.736 192.866
190.602 191.330 193.350
190.749 190.863 191.259
190.695 191.635 193.650
190.661 191.175 192.994
190.895 191.848 194.320
190.831 192.311 194.656
190.732 191.654 194.190
190.597 190.912 191.409
190.699 190.812 190.950
190.738 190.904 191.213
190.716 190.832 190.927
190.752 191.139 192.075
190.768 191.668 192.496
190.820 191.080 191.616
190.732 191.363 192.827
190.628 191.191 191.911
190.596 191.451 194.369
190.939 191.563 193.626
190.609 191.909 193.575
190.591 191.678 193.699
190.583 191.470 194.076
190.693 190.862 191.043
190.668 192.606 196.541
190.757 190.929 191.063
190.691 192.510 196.368
190.713 191.518 192.495
190.516 192.237 195.772
190.931 191.943 193.486
190.769 192.379 195.280
191.045 192.489 194.601
191.255 193.700 197.085
191.079 193.730 196.514
191.541 192.424 194.086
190.813 191.023 191.691
192.261 193.100 194.473
190.934 192.706 196.942
191.065 193.751 196.962
190.593 191.991 196.636
190.695 193.386 197.445
190.714 192.413 196.402
190.853 191.969 194.897
190.467 191.365 193.688
190.696 192.680 196.864
190.556 190.919 191.598
190.698 193.003 196.104
190.747 192.237 196.098
190.723 192.693 194.845
191.051 192.052 194.480
190.747 191.581 192.690
190.814 191.087 191.602
190.591 190.790 191.076
190.793 192.182 196.208
190.496 192.246 195.838
190.948 192.397 194.879
190.881 192.788 196.292
190.668 192.329 193.107
192.341 194.419 196.612
190.800 191.245 191.565
190.878 192.215 196.161
190.727 193.341 196.401
190.978 192.379 194.695
190.506 191.742 193.646
190.793 191.340 192.136
190.801 192.746 195.587
190.637 191.181 192.015
190.742 191.897 193.818
190.919 190.963 191.005
190.666 192.937 196.772
190.823 192.364 195.745
190.752 192.235 197.709
190.722 191.404 193.416
190.712 191.152 192.244
190.929 191.519 192.887
190.856 193.616 197.288
195.032 195.365 195.798
191.279 192.347 194.042
190.805 193.085 195.048
190.556 191.359 193.012
190.620 192.700 196.116
190.704 191.708 193.137
190.754 191.941 195.392
191.134 192.697 195.396
190.915 191.586 192.621
190.911 193.438 196.202
191.513 195.721 200.097
190.767 193.176 195.932
190.769 193.285 194.968
190.616 191.603 194.657
190.677 191.638 192.961
191.115 193.483 195.797
191.784 193.724 194.738
191.027 194.012 198.239
191.315 193.704 195.603
190.797 192.798 195.572
190.829 193.051 197.332
191.046 193.401 196.106
190.694 192.096 196.519
191.439 194.058 196.809
190.624 191.831 194.730
190.629 191.774 193.024
190.860 192.641 195.331
190.831 192.279 194.271
190.653 191.190 192.128
190.636 191.183 192.388
190.671 192.403 194.892
190.802 191.887 192.836
190.658 190.769 190.880
190.696 190.970 191.504
190.533 191.152 192.512
190.751 190.810 190.920
190.958 192.160 196.353
190.758 190.848 191.029
190.685 190.935 191.137
190.693 191.236 193.215
190.725 191.171 192.201
190.658 190.825 190.984
190.664 190.733 190.818
190.549 190.934 191.470
190.721 190.851 190.962
190.744 190.882 191.177
190.528 190.795 191.269
190.612 190.776 191.125
190.717 190.962 191.575
190.685 190.870 191.302
190.697 190.817 190.874
190.590 190.908 191.169
190.585 190.814 191.095
190.658 190.757 190.975
190.621 190.898 191.617
190.583 190.736 190.923
190.641 191.282 192.856
190.670 190.776 190.993
190.637 190.770 190.896
190.516 190.696 191.093
190.663 190.724 190.842
190.714 190.826 191.019
190.606 190.693 190.773
190.563 190.615 190.705
190.381 190.606 190.905
190.597 190.772 190.862
190.779 190.880 190.980
190.762 190.812 190.925
190.449 190.719 191.072
190.629 190.873 191.571
190.670 190.788 191.006
190.621 190.682 190.772
190.492 190.722 190.851
190.581 190.699 190.832
190.492 190.692 190.916
190.497 190.831 191.385
190.667 190.858 190.976
190.625 190.697 190.790
190.600 190.765 190.940
190.477 190.651 190.823
190.497 190.604 190.686
190.521 190.712 190.853
190.520 190.768 190.884
190.548 190.687 190.803
190.635 190.748 190.826
190.653 190.693 190.744
190.546 190.963 191.857
190.541 190.706 190.842
190.540 190.573 190.632
190.701 191.017 192.162
190.544 190.705 190.947
190.574 190.721 190.919
190.751 190.793 190.864
190.677 190.722 190.811
190.628 190.666 190.701
190.495 190.693 190.868
190.601 190.669 190.753
190.645 190.888 191.487
190.492 190.860 191.293
190.678 190.777 190.879
190.592 190.710 190.801
190.553 190.671 190.783
190.564 190.652 190.697
190.486 190.657 190.742
190.590 190.666 190.833
190.534 190.691 190.840
190.700 190.769 190.911
190.595 190.678 190.815
190.615 190.677 190.781
190.578 190.674 190.779
190.564 190.702 190.899
190.608 190.713 190.866
190.572 190.679 190.798
190.483 190.651 190.796
190.634 190.721 190.918
190.604 190.741 190.828
190.641 190.673 190.719
190.614 190.718 190.815
190.588 190.777 190.908
190.611 190.719 190.874
190.642 190.699 190.773
190.574 190.731 191.142
190.599 190.705 190.875
190.547 190.622 190.735
190.553 190.661 190.828
190.675 190.736 190.775
190.596 190.656 190.710
190.543 190.656 190.766
190.532 190.641 190.791
190.542 190.638 190.725
190.637 190.686 190.778
190.593 190.767 191.017
190.524 190.646 190.759
190.446 190.558 190.691
190.644 190.715 190.864
190.440 190.651 190.775
190.638 190.735 190.866
190.728 190.795 190.822
190.528 190.627 190.712
190.584 190.709 190.790
190.629 190.772 190.904
190.597 190.647 190.694
190.571 190.683 190.877
190.602 190.709 190.816
190.576 190.664 190.768
190.475 190.699 190.817
190.567 190.643 190.750
190.535 190.670 190.868
190.614 190.663 190.723
190.644 190.793 190.955
190.585 190.669 190.748
190.519 190.765 190.972
190.420 190.660 190.775
190.595 190.751 190.885
190.593 190.693 190.821
190.580 190.677 190.745
190.547 190.640 190.722
190.539 190.608 190.731
190.521 190.652 190.745
190.631 190.717 190.821
190.668 190.723 190.858
190.516 190.714 191.024
190.597 190.735 190.862
190.560 190.721 190.805
190.556 190.622 190.703
190.654 190.695 190.725
190.584 190.654 190.750
190.546 190.656 190.736
190.623 190.734 190.907
190.527 190.648 190.868
190.486 190.639 190.794
190.523 190.663 190.767
190.636 190.759 190.832
190.510 190.626 190.706
190.512 190.674 190.771
190.542 190.668 190.753
190.519 190.689 190.956
190.573 190.646 190.723
190.526 190.686 190.837
193.123 194.007 194.305
194.207 194.293 194.361
193.289 193.436 193.578
188.008 188.134 188.328
193.256 193.384 193.478
193.111 193.266 193.414
193.286 193.409 193.597
193.374 193.506 193.703
193.271 193.377 193.463
193.295 193.368 193.515
193.102 193.299 193.518
193.276 193.378 193.519
192.095 193.140 193.485
193.242 193.415 193.518
193.272 193.370 193.491
193.265 193.340 193.454
193.144 193.233 193.286
193.285 193.373 193.448
193.151 193.306 193.488
193.282 193.468 193.833
193.349 193.520 193.912
193.285 193.364 193.438
193.221 193.345 193.446
193.234 193.610 194.412
193.031 193.275 193.372
193.195 193.365 193.537
193.249 193.316 193.396
193.328 193.407 193.541
193.192 193.306 193.361
193.182 193.353 193.471
193.266 193.408 193.580
193.317 193.417 193.498
193.168 193.337 193.463
193.183 193.315 193.488
193.269 193.340 193.394
193.219 193.331 193.406
192.251 193.154 193.462
193.311 193.396 193.503
193.317 193.393 193.470
193.327 193.398 193.462
193.243 193.405 193.555
193.416 193.476 193.643
193.343 193.413 193.481
193.284 193.387 193.544
193.209 193.349 193.457
192.943 193.234 193.407
193.253 193.414 193.539
192.027 193.115 193.443
193.234 193.369 193.456
193.263 193.378 193.518
193.337 193.388 193.439
193.287 193.428 193.606
193.168 193.284 193.380
193.336 193.391 193.450
193.304 193.371 193.491
193.262 193.340 193.487
192.188 193.180 193.553
193.246 193.333 193.385
193.224 193.288 193.320
193.224 193.321 193.414
193.376 193.481 193.694
193.305 193.366 193.496
193.267 193.309 193.354
193.249 193.304 193.436
192.084 193.188 193.540
193.292 193.399 193.524
193.336 193.427 193.518
193.398 193.516 193.602
193.222 193.326 193.449
193.313 193.403 193.445
193.225 193.328 193.406
193.219 193.320 193.421
193.326 193.365 193.433
193.326 193.400 193.517
193.359 193.384 193.435
193.243 193.361 193.434
192.087 193.142 193.594
193.364 194.555 198.908
193.333 193.423 193.668
193.222 193.402 193.506
193.339 193.379 193.430
192.095 193.163 193.567
193.296 193.353 193.408
193.252 193.352 193.484
193.234 193.310 193.385
193.119 193.289 193.373
193.165 193.277 193.352
193.228 193.308 193.418
193.349 194.611 199.191
193.243 193.367 193.521
193.291 193.378 193.431
193.256 193.340 193.514
192.088 193.075 193.457
193.271 193.361 193.478
193.322 193.433 193.644
193.216 193.320 193.466
193.059 193.389 193.536
193.207 193.332 193.428
193.004 193.240 193.386
193.204 193.328 193.393
193.095 193.307 193.481
193.272 193.349 193.430
193.416 193.467 193.561
192.019 193.329 194.411
193.268 193.403 193.493
193.338 193.410 193.477
193.219 193.300 193.372
193.292 193.408 193.551
193.274 193.387 193.527
193.247 193.414 193.576
193.266 193.403 193.560
193.203 193.377 193.519
193.178 193.336 193.523
193.312 193.420 193.694
193.266 193.432 193.609
193.363 193.474 193.647
193.135 193.293 193.488
193.259 193.390 193.515
193.250 193.427 193.543
193.231 193.334 193.464
193.169 193.380 193.474
193.333 193.399 193.510
193.194 193.330 193.409
192.859 193.265 193.507
193.114 193.292 193.481
193.211 193.318 193.351
193.158 193.409 193.544
193.255 193.367 193.418
193.143 193.271 193.432
193.275 193.379 193.498
193.361 193.424 193.513
193.318 193.391 193.543
193.041 193.364 193.537
193.057 193.289 193.499
192.911 193.256 193.500
193.353 193.443 193.565
193.278 193.357 193.480
193.287 193.434 193.706
193.302 193.365 193.513
193.174 193.273 193.472
193.175 193.415 193.520
193.168 193.323 193.418
193.232 193.355 193.467
193.130 193.323 193.517
193.294 193.358 193.490
193.344 193.434 193.620
193.303 193.388 193.538
192.362 193.100 193.387
193.259 193.329 193.373
193.232 193.371 193.484
193.148 193.185 193.236
193.346 193.369 193.401
193.250 193.429 193.520
193.192 193.341 193.479
193.328 193.378 193.431
193.216 193.390 193.552
192.976 193.215 193.361
193.224 193.304 193.410
193.344 193.407 193.481
193.178 193.393 193.531
193.267 193.400 193.556
192.286 193.119 193.353
193.252 193.350 193.454
193.226 193.329 193.478
193.359 193.457 193.596
193.261 193.348 193.480
193.239 193.274 193.364
193.152 193.353 193.569
193.266 193.362 193.430
193.208 193.371 193.473
193.326 193.371 193.473
193.465 193.520 193.561
193.241 193.380 193.532
193.316 193.431 193.537
193.250 193.301 193.341
193.077 193.290 193.449
193.274 193.385 193.443
193.317 193.377 193.457
193.223 193.392 193.530
193.295 193.409 193.610
193.050 193.306 193.490
193.287 193.317 193.349
193.361 193.433 193.524
193.285 193.421 193.508
193.262 193.333 193.524
193.307 193.437 193.548
193.200 193.299 193.435
193.314 193.445 193.531
193.271 193.377 193.470
193.345 193.372 193.438
193.301 193.371 193.477
193.358 193.447 193.512
192.105 193.146 193.483
193.358 193.422 193.508
192.226 193.263 193.627
193.212 193.369 193.597
193.361 193.440 193.471
193.187 193.336 193.630
193.386 193.484 193.654
193.341 193.422 193.516
193.227 193.368 193.509
193.319 193.423 193.602
193.278 193.402 193.546
193.249 193.322 193.395
193.177 193.360 193.466
192.107 193.138 193.503
193.343 193.449 193.566
193.260 193.389 193.438
193.293 193.441 193.627
192.389 193.277 193.597
193.378 193.451 193.506
193.206 193.335 193.416
191.920 193.096 193.507
193.255 193.342 193.397
192.087 193.190 193.517
193.194 193.315 193.454
193.268 193.411 193.699
193.287 193.414 193.516
193.290 193.366 193.461
191.966 193.138 193.557
193.220 193.340 193.485
192.317 193.156 193.439
193.339 193.375 193.409
193.196 193.336 193.437
193.392 193.570 193.772
193.277 193.468 193.595
192.155 193.170 193.493
193.259 193.309 193.364
193.217 193.282 193.334
193.212 193.477 193.716
193.428 193.507 193.688
193.353 193.410 193.492
193.013 193.334 193.611
193.302 193.404 193.489
193.330 193.388 193.487
193.297 193.403 193.590
193.358 193.421 193.485
193.231 193.414 193.554
193.242 193.342 193.492
193.152 193.418 193.584
193.336 193.395 193.423
193.062 193.433 193.630
193.153 193.335 193.438
193.252 193.400 193.495
193.345 193.459 193.561
193.211 193.333 193.468
193.300 193.376 193.436
193.250 193.428 193.638
193.289 193.354 193.397
193.387 193.556 193.665
193.301 193.425 193.606
193.326 193.372 193.480
193.325 193.411 193.523
193.365 193.508 193.720
193.288 193.356 193.416
192.273 193.174 193.635
193.329 193.514 193.663
193.171 193.303 193.408
193.370 193.474 193.582
193.318 193.494 193.677
193.282 193.323 193.403
193.366 193.466 193.577
192.038 193.214 193.584
193.244 193.388 193.606
193.372 193.452 193.635
193.294 193.446 193.533
193.194 193.276 193.382
193.345 193.488 193.696
193.180 193.508 193.692
192.226 193.187 193.528
192.203 193.139 193.471
193.301 193.438 193.645
193.238 193.417 193.624
193.307 193.432 193.587
193.194 193.385 193.587
193.334 193.410 193.486
193.087 193.350 193.463
193.234 193.429 193.564
193.354 193.435 193.517
193.162 193.480 193.623
193.305 193.401 193.506
192.209 193.178 193.504
193.170 193.464 193.694
192.081 193.061 193.440
193.081 193.360 193.518
193.385 193.430 193.502
192.919 193.473 193.680
193.312 193.369 193.509
193.254 193.361 193.517
193.437 193.470 193.496
192.013 193.155 193.504
193.342 193.545 193.794
193.044 193.313 193.557
193.336 193.401 193.464
193.335 193.449 193.520
193.394 193.498 193.661
193.271 193.438 193.586
192.092 193.115 193.605
193.224 193.363 193.524
193.278 193.417 193.473
193.220 193.352 193.570
192.985 193.360 193.544
193.374 193.418 193.470
193.071 193.501 193.846
193.239 193.448 193.591
193.383 193.508 193.805
193.353 193.397 193.530
193.206 193.414 193.582
193.345 193.384 193.478
193.357 193.411 193.471
193.194 193.403 193.572
193.420 193.490 193.593
192.152 193.140 193.528
193.096 193.293 193.631
193.295 193.370 193.461
193.314 193.468 193.612
193.156 193.433 193.733
193.366 193.494 193.747
193.338 193.477 193.683
193.349 193.554 193.729
193.317 193.380 193.429
192.995 193.318 193.518
193.151 193.446 193.948
193.365 193.422 193.486
192.930 193.426 193.669
193.378 193.481 193.525
192.321 193.221 193.955
193.373 193.460 193.558
193.112 193.310 193.478
192.995 193.275 193.503
193.417 193.509 193.583
193.355 193.544 194.198
193.314 193.356 193.386
193.301 193.381 193.591
193.163 193.381 193.524
193.293 193.393 193.471
193.227 193.383 193.576
192.322 193.214 193.567
193.334 193.374 193.452
193.169 193.411 193.530
193.382 193.452 193.543
193.291 193.420 193.565
193.392 193.520 193.578
193.350 193.411 193.494
193.219 193.396 193.601
193.347 193.457 193.571
193.360 193.456 193.571
193.370 193.477 193.550
193.312 193.444 193.527
193.292 193.367 193.443
193.323 193.439 193.511
193.198 193.318 193.428
192.045 193.202 193.597
193.343 193.383 193.424
192.091 193.035 193.793
192.190 193.179 193.536
193.306 193.420 193.565
193.249 193.472 193.632
193.368 193.448 193.561
193.378 193.403 193.419
193.496 193.570 193.698
193.324 193.475 193.597
193.374 193.442 193.496
193.440 193.462 193.488
193.183 193.344 193.465
193.401 193.462 193.492
193.107 193.236 193.352
193.335 193.418 193.598
193.364 193.451 193.500
193.260 193.862 195.710
193.343 193.389 193.498
192.916 193.223 193.358
193.127 193.311 193.414
193.245 193.372 193.492
193.015 193.313 193.585
193.348 193.472 193.582
193.280 193.386 193.662
193.116 193.447 193.637
193.268 193.441 193.659
193.252 193.453 193.703
193.263 193.446 193.551
192.124 193.031 193.385
192.223 193.079 193.303
193.299 193.491 193.686
193.181 193.464 193.698
193.235 193.366 193.467
193.337 193.470 193.595
193.336 193.388 193.480
193.339 193.509 193.668
193.381 193.400 193.419
193.206 193.410 193.697
193.300 193.438 193.561
193.228 193.397 193.503
193.280 193.364 193.491
193.158 193.307 193.420
193.216 193.337 193.427
193.295 193.393 193.492
193.288 193.400 193.591
193.330 193.455 193.606
192.080 193.125 193.536
192.248 193.108 193.356
192.246 193.188 193.607
193.269 193.435 193.555
193.333 193.423 193.709
193.285 193.390 193.537
193.238 193.379 193.500
192.942 193.252 193.447
193.246 193.337 193.505
193.373 193.468 193.568
193.388 193.524 193.711
193.240 193.464 193.759
193.165 193.310 193.399
193.224 193.320 193.418
191.942 193.059 193.373
193.201 193.330 193.546
192.094 193.172 193.595
193.264 193.412 193.592
193.320 193.424 193.570
193.194 193.278 193.370
193.422 193.574 193.738
192.098 193.155 193.515
193.310 193.439 193.566
193.352 193.422 193.459
193.249 193.397 193.477
193.267 193.398 193.514
193.322 193.452 193.597
192.271 193.183 193.598
193.265 193.345 193.435
193.314 193.389 193.440
193.264 193.348 193.419
193.287 193.427 193.510
193.408 193.524 193.658
193.011 193.323 193.546
193.338 193.405 193.550
193.220 193.379 193.563
193.344 193.447 193.605
192.377 193.217 193.470
193.289 193.411 193.547
193.201 193.310 193.506
193.233 193.411 193.510
193.222 193.359 193.478
193.302 193.365 193.446
193.280 193.427 193.549
193.322 193.475 193.564
193.148 193.286 193.424
193.207 193.297 193.386
193.198 193.386 193.511
192.117 193.166 193.544
193.255 193.399 193.523
193.161 193.477 193.667
192.135 193.177 193.472
193.272 193.410 193.499
192.130 193.184 193.524
193.191 193.335 193.403
193.418 193.525 193.744
193.321 193.416 193.550
192.145 193.159 193.590
192.999 193.441 193.593
193.522 193.586 193.623
192.291 193.243 193.605
193.312 193.363 193.492
193.207 193.377 193.530
193.311 193.378 193.499
193.340 193.410 193.520
193.201 193.351 193.497
193.324 193.440 193.545
193.395 193.536 193.677
192.853 193.284 193.506
193.383 193.473 193.581
193.367 193.465 193.534
193.458 193.530 193.603
193.315 193.426 193.505
192.345 193.159 193.494
193.207 193.361 193.444
193.337 193.413 193.502
193.335 193.421 193.494
193.192 193.305 193.359
193.229 193.378 193.445
193.343 193.440 193.545
193.220 193.334 193.540
193.227 193.309 193.389
193.387 193.425 193.464
191.986 193.093 193.484
193.128 193.321 193.474
193.305 193.423 193.552
193.340 193.456 193.521
193.276 193.392 193.442
193.365 193.442 193.570
193.376 193.539 193.675
193.246 193.405 193.550
193.071 193.225 193.383
192.123 193.092 193.379
193.365 193.490 193.614
192.454 193.230 193.481
193.303 193.388 193.471
192.074 193.394 194.513
193.369 193.417 193.465
193.240 193.362 193.515
193.307 193.436 193.582
192.239 193.229 193.594
192.884 193.302 193.525
193.091 193.299 193.380
193.251 193.402 193.512
193.313 193.393 193.522
193.362 193.436 193.504
193.506 193.542 193.591
192.342 193.224 193.543
193.277 193.364 193.421
193.328 193.451 193.571
193.296 193.390 193.547
192.111 193.125 193.430
193.381 193.442 193.534
193.339 193.431 193.520
193.006 193.293 193.542
193.379 193.397 193.430
193.004 193.371 193.545
193.419 193.500 193.562
193.328 193.362 193.407
193.335 193.462 193.730
193.351 193.443 193.548
192.213 193.072 193.380
193.284 193.438 193.645
193.294 193.370 193.439
192.293 193.246 193.589
193.104 193.298 193.453
193.260 193.395 193.527
193.256 193.316 193.369
192.988 193.265 193.410
193.217 193.328 193.507
193.370 193.457 193.538
193.000 193.297 193.521
193.145 193.263 193.444
193.254 193.327 193.398
193.342 193.366 193.404
192.861 193.332 193.574
192.063 193.067 193.357
193.241 193.451 193.617
193.303 193.392 193.495
193.191 193.512 194.196
193.312 193.461 193.559
193.228 193.346 193.443
193.349 193.426 193.556
193.297 193.350 193.420
192.200 193.192 193.539
193.374 193.426 193.463
193.224 193.290 193.359
193.153 193.348 193.483
193.232 193.452 193.742
193.402 193.618 194.132
193.361 193.423 193.526
193.421 193.478 193.614
193.281 193.386 193.498
193.275 193.367 193.475
192.219 193.206 193.508
192.306 193.176 193.546
193.363 193.458 193.540
193.021 193.382 193.538
193.310 193.492 193.657
193.373 193.480 193.575
193.252 193.380 193.475
192.139 193.114 193.378
192.934 193.336 193.524
193.361 193.457 193.594
192.871 193.331 193.527
193.266 193.410 193.513
193.175 193.306 193.374
193.200 193.363 193.546
193.348 193.415 193.471
193.232 193.407 193.526
193.220 193.366 193.462
193.343 193.445 193.537
193.199 193.322 193.406
193.058 193.338 193.525
193.384 193.453 193.538
192.223 193.109 193.550
193.401 193.502 193.618
193.191 193.375 193.605
193.305 193.434 193.575
193.255 193.439 193.604
193.219 193.375 193.508
193.284 193.340 193.385
193.147 193.280 193.518
193.221 193.365 193.552
193.337 193.455 193.613
193.297 193.377 193.468
193.344 193.387 193.462
193.251 193.362 193.433
193.229 193.332 193.512
193.450 193.494 193.541
193.117 193.297 193.478
193.329 193.444 193.540
193.351 193.480 193.654
193.362 193.419 193.531
193.314 193.400 193.494
193.217 193.343 193.495
193.299 193.363 193.431
193.231 193.382 193.536
193.313 193.450 193.645
193.290 193.342 193.444
192.121 193.148 193.495
193.250 193.373 193.472
192.013 193.128 193.493
193.301 193.407 193.477
193.068 193.206 193.389
193.187 193.292 193.417
193.295 193.387 193.495
193.229 193.317 193.430
193.286 193.396 193.507
193.223 193.360 193.432
193.347 193.386 193.472
193.267 193.339 193.461
193.302 193.413 193.512
193.217 193.300 193.421
193.217 193.336 193.439
193.249 193.423 193.521
193.314 193.351 193.420
193.249 193.406 193.633
193.279 193.342 193.369
193.265 193.327 193.368
193.242 193.366 193.510
193.311 193.365 193.436
193.244 193.343 193.400
193.313 193.386 193.453
193.239 193.364 193.506
193.136 193.373 193.652
193.319 193.394 193.466
193.332 193.450 193.628
193.297 193.376 193.507
192.066 193.174 193.558
193.013 193.313 193.459
193.218 193.338 193.404
193.191 193.390 193.556
192.142 193.046 193.319
193.250 193.446 193.574
193.279 193.355 193.491
193.080 193.340 193.514
192.963 193.302 193.552
193.304 193.445 193.627
193.262 193.413 193.653
192.138 193.164 193.478
193.184 193.369 193.524
193.347 193.388 193.426
193.206 193.387 193.547
193.173 193.280 193.391
193.267 193.364 193.455
193.171 193.334 193.495
193.293 193.415 193.564
193.292 193.381 193.526
193.275 193.355 193.440
193.259 193.361 193.523
193.369 193.410 193.461
193.217 193.373 193.523
192.367 193.188 193.462
193.176 193.343 193.415
193.305 193.390 193.448
193.305 193.430 193.520
193.113 193.353 193.562
193.240 193.278 193.333
193.280 193.384 193.490
193.261 193.422 193.620
193.292 193.330 193.358
193.212 193.326 193.478
193.319 193.355 193.399
193.222 193.439 193.604
193.348 193.414 193.535
193.258 193.399 193.536
193.146 193.273 193.478
193.278 193.375 193.512
193.285 193.414 193.575
193.295 193.375 193.478
193.270 193.430 193.535
193.315 193.462 193.551
193.114 193.342 193.512
193.196 193.277 193.347
193.247 193.365 193.461
193.215 193.346 193.421
193.217 193.311 193.394
193.366 193.526 193.599
193.324 193.405 193.461
193.362 193.433 193.553
193.183 193.277 193.385
193.188 193.322 193.373
192.970 193.389 193.683
193.184 193.258 193.323
193.294 193.391 193.608
193.258 193.401 193.547
193.276 193.403 193.507
193.282 193.421 193.535
193.249 193.385 193.655
193.253 193.375 193.529
192.086 193.121 193.459
193.194 193.284 193.368
193.148 193.328 193.528
193.344 193.433 193.556
193.289 193.340 193.436
193.247 193.313 193.389
193.268 193.386 193.483
193.241 193.320 193.468
193.319 193.410 193.502
193.217 193.459 193.667
193.082 193.344 193.472
193.253 193.446 193.533
193.225 193.447 193.678
193.249 193.417 193.626
192.969 193.209 193.358
193.232 193.307 193.441
193.373 193.413 193.461
193.282 193.341 193.408
193.304 193.348 193.415
193.334 193.388 193.518
193.219 193.304 193.422
193.265 193.421 193.682
193.259 193.402 193.642
193.017 193.289 193.524
193.329 193.446 193.588
193.228 193.371 193.473
193.180 193.417 193.622
193.395 193.463 193.648
193.033 193.313 193.488
193.288 193.344 193.489
193.164 193.334 193.481
193.289 193.392 193.441
193.357 193.434 193.540
193.233 193.360 193.470
193.227 193.351 193.435
193.333 193.389 193.553
193.292 193.439 193.575
192.067 193.117 193.535
193.255 193.418 193.577
193.215 193.391 193.584
193.287 193.416 193.518
193.287 193.392 193.529
193.300 193.430 193.571
193.412 193.532 193.636
193.227 193.349 193.416
192.023 193.000 193.396
193.272 193.409 193.654
193.417 193.458 193.548
193.274 193.353 193.443
193.162 193.326 193.499
193.218 193.343 193.464
193.293 193.379 193.510
193.208 193.336 193.406
192.931 193.350 193.531
193.159 193.323 193.455
193.252 193.365 193.573
193.185 193.310 193.412
193.332 193.379 193.433
193.347 193.368 193.423
193.286 193.421 193.510
193.351 193.439 193.534
193.144 193.245 193.391
192.914 193.230 193.382
193.351 193.406 193.518
193.262 193.365 193.492
193.292 193.360 193.496
193.254 193.291 193.336
193.041 193.198 193.311
193.248 193.332 193.426
193.315 193.335 193.377
193.333 193.365 193.400
193.207 193.327 193.371
193.283 193.348 193.386
193.295 193.340 193.425
193.200 193.303 193.414
193.333 193.436 193.691
193.294 193.354 193.404
193.330 193.372 193.445
193.210 193.296 193.421
193.261 193.347 193.501
193.240 193.359 193.505
193.301 193.562 194.511
193.213 193.352 193.622
191.918 193.072 193.422
193.309 193.357 193.477
192.048 193.158 193.538
193.223 193.320 193.425
193.210 193.356 193.547
192.073 193.133 193.539
193.340 193.443 193.492
193.280 193.410 193.575
193.231 193.346 193.446
193.253 193.377 193.475
193.273 193.365 193.409
192.894 193.306 193.501
193.249 193.332 193.445
192.972 193.279 193.427
193.148 193.370 193.547
191.992 193.019 193.491
193.250 193.340 193.406
193.268 193.353 193.530
193.107 193.247 193.465
193.360 193.412 193.493
193.243 193.332 193.396
193.054 193.303 193.448
193.196 193.334 193.437
193.269 193.339 193.472
193.362 193.406 193.472
193.213 193.320 193.392
193.362 193.661 194.651
193.279 193.344 193.450
193.260 193.335 193.400
193.057 193.325 193.464
193.336 193.409 193.546
193.333 193.391 193.470
193.182 193.305 193.448
193.150 193.244 193.307
193.023 193.245 193.349
193.246 193.314 193.372
193.262 193.451 193.518
193.188 193.323 193.432
193.164 193.334 193.491
193.214 193.353 193.443
192.136 193.234 193.589
193.264 193.392 193.657
192.114 193.194 193.654
193.308 193.359 193.434
193.166 193.257 193.376
193.289 193.367 193.461
193.268 193.382 193.519
193.224 193.364 193.520
193.344 193.380 193.424
193.100 193.243 193.429
193.209 193.359 193.469
192.985 193.229 193.352
193.209 193.262 193.308
193.260 193.338 193.393
193.231 193.350 193.405
193.047 193.248 193.421
193.299 193.415 193.599
193.222 193.404 193.701
193.230 193.428 193.721
193.211 193.293 193.378
193.150 193.182 193.218
193.132 193.420 193.921
193.261 193.355 193.471
193.146 193.365 193.697
193.244 193.316 193.400
193.244 193.610 194.642
193.265 193.338 193.391
193.343 193.453 193.615
193.179 193.329 193.532
193.231 193.373 193.541
193.280 193.364 193.472
193.299 193.361 193.434
193.057 193.334 193.525
193.220 193.410 193.533
193.191 193.386 193.495
193.318 193.436 193.718
193.211 193.300 193.369
193.273 193.448 193.616
193.228 193.382 193.522
193.254 193.372 193.475
193.296 193.406 193.531
193.178 193.336 193.457
193.293 193.357 193.423
193.169 193.295 193.384
193.323 193.362 193.397
193.295 193.453 193.531
193.259 193.395 193.551
193.365 193.435 193.495
193.167 193.249 193.370
193.220 193.339 193.468
193.300 193.344 193.458
193.304 193.443 193.580
193.299 193.350 193.399
193.221 193.365 193.496
193.320 193.398 193.462
193.292 193.347 193.372
193.200 193.400 193.568
193.260 193.368 193.480
193.296 193.381 193.482
193.343 193.449 193.496
191.980 193.093 193.424
193.179 193.329 193.486
193.338 193.395 193.460
193.111 193.226 193.420
193.379 193.458 193.619
193.293 193.430 193.561
193.304 193.408 193.583
193.231 193.335 193.412
193.242 193.310 193.368
193.119 193.305 193.554
193.312 193.385 193.490
193.233 193.347 193.421
193.144 193.315 193.509
193.350 193.375 193.421
193.258 193.299 193.356
193.214 193.294 193.407
192.132 193.108 193.366
193.214 193.286 193.351
193.364 193.422 193.492
193.258 193.305 193.344
193.159 193.311 193.461
193.156 193.362 193.504
193.260 193.374 193.450
193.323 193.428 193.563
193.273 193.337 193.400
193.204 193.373 193.471
193.290 193.430 193.522
193.253 193.405 193.540
193.233 193.369 193.524
193.350 193.429 193.512
193.310 193.390 193.456
193.121 193.266 193.393
193.226 193.373 193.579
193.328 193.495 193.909
193.259 193.370 193.527
193.233 193.394 193.507
193.267 193.354 193.447
193.347 193.463 193.577
193.158 193.294 193.428
193.284 193.399 193.521
193.397 193.435 193.567
193.362 193.403 193.472
193.244 193.331 193.378
193.291 193.341 193.406
193.426 193.485 193.645
193.238 193.332 193.396
193.045 193.317 193.434
193.226 193.293 193.362
193.246 193.382 193.549
193.308 193.450 193.578
193.341 193.463 193.578
193.347 193.432 193.591
193.172 193.293 193.415
192.246 193.194 193.504
193.274 193.392 193.665
193.293 193.383 193.442
193.291 193.349 193.380
193.138 193.232 193.339
193.397 193.478 193.526
193.247 193.332 193.452
192.855 193.226 193.450
193.268 193.387 193.504
193.072 193.264 193.347
193.261 193.408 193.688
193.354 193.397 193.490
193.295 193.409 193.533
193.263 193.305 193.348
193.371 193.416 193.475
193.158 193.323 193.513
193.389 193.470 193.548
193.242 193.354 193.466
193.338 193.408 193.474
193.263 193.400 193.532
192.196 193.165 193.507
193.302 193.423 193.481
192.023 193.116 193.436
193.261 193.363 193.401
193.338 193.498 193.642
193.270 193.418 193.511
193.290 193.386 193.588
193.223 193.378 193.714
193.250 193.348 193.412
193.320 193.484 193.649
193.412 193.508 193.590
193.337 193.398 193.508
192.160 193.204 193.686
192.060 193.101 193.416
193.304 193.429 193.521
193.374 193.480 193.624
193.208 193.360 193.466
193.309 193.400 193.480
193.238 193.332 193.415
193.223 193.302 193.364
193.311 193.376 193.447
192.135 193.103 193.474
193.320 193.378 193.500
193.213 193.387 193.625
192.079 193.135 193.467
193.244 193.405 193.578
193.270 193.387 193.518
193.307 193.441 193.582
193.207 193.383 193.531
193.270 193.437 193.584
193.368 193.429 193.555
193.294 193.405 193.486
193.196 193.312 193.453
193.282 193.395 193.609
193.289 193.381 193.637
193.357 193.514 193.641
193.351 193.391 193.491
193.027 193.345 193.519
192.052 193.120 193.580
193.306 193.457 193.552
193.268 193.355 193.486
193.227 193.448 193.622
193.250 193.707 195.008
193.150 193.294 193.412
193.302 193.392 193.488
193.261 193.330 193.460
193.323 193.416 193.584
193.358 193.457 193.563
193.299 193.515 194.227
193.318 193.367 193.434
193.101 193.233 193.397
192.974 193.284 193.474
193.192 193.331 193.564
193.242 193.410 193.597
193.163 193.266 193.330
193.192 193.288 193.373
192.391 193.139 193.444
193.272 193.379 193.495
193.246 193.331 193.502
193.215 193.300 193.392
193.326 193.406 193.469
193.289 193.402 193.497
193.340 193.411 193.505
193.274 193.346 193.417
193.282 193.377 193.493
193.381 193.484 193.676
193.210 193.307 193.382
193.137 193.301 193.375
193.231 193.367 193.496
193.359 193.417 193.493
193.355 193.410 193.545
193.106 193.325 193.469
193.321 193.381 193.456
192.103 192.899 193.525
193.264 193.411 193.628
193.367 193.412 193.472
193.405 193.535 193.603
193.366 193.441 193.595
193.245 193.378 193.493
193.393 193.508 193.603
193.352 193.445 193.620
193.373 193.499 193.667
193.329 193.356 193.379
193.263 193.334 193.429
193.240 193.337 193.604
193.392 193.469 193.539
193.270 193.408 193.591
193.213 193.317 193.461
193.016 193.276 193.443
193.306 193.435 193.680
193.239 193.344 193.396
193.296 193.382 193.440
193.069 193.256 193.329
193.254 193.463 193.620
193.290 193.354 193.425
193.250 193.356 193.484
193.253 193.368 193.461
193.251 193.519 193.655
193.181 193.336 193.528
193.302 193.360 193.397
193.261 193.382 193.451
193.154 193.306 193.433
193.283 193.485 193.757
193.330 193.454 193.630
193.219 193.313 193.478
193.181 193.466 193.693
192.204 193.113 193.406
193.206 193.398 193.602
193.200 193.403 193.624
193.312 193.375 193.440
193.269 193.343 193.410
193.377 193.497 193.577
193.255 193.362 193.445
193.367 193.472 193.553
192.274 193.213 193.492
193.061 193.240 193.518
193.209 193.410 193.630
193.408 193.444 193.492
193.261 193.442 193.582
193.270 193.332 193.472
192.177 193.179 193.495
193.281 193.338 193.421
192.143 193.129 193.466
193.336 193.424 193.583
193.347 193.428 193.505
193.271 193.379 193.500
192.190 193.122 193.471
192.189 193.165 193.437
193.294 193.405 193.509
193.002 193.284 193.386
193.317 193.359 193.463
192.077 193.108 193.507
193.352 193.451 193.545
193.253 193.338 193.442
193.295 193.392 193.504
193.339 193.461 193.539
192.018 193.097 193.455
193.332 193.414 193.547
193.256 193.347 193.492
192.151 193.137 193.525
193.245 193.362 193.509
193.292 193.420 193.511
192.127 193.125 193.425
193.303 193.528 193.603
192.217 193.116 193.620
193.277 193.414 193.652
193.396 193.500 193.582
193.281 193.402 193.550
193.342 193.412 193.452
193.080 193.286 193.414
193.203 193.364 193.485
193.326 193.451 193.522
193.171 193.303 193.425
193.384 193.500 193.583
193.473 193.490 193.508
193.295 193.429 193.698
192.130 193.212 193.756
193.236 193.381 193.576
193.270 193.452 193.677
193.315 193.399 193.499
193.211 193.326 193.551
193.110 193.332 193.460
193.241 193.323 193.370
193.275 193.364 193.465
192.216 193.163 193.522
192.229 193.267 193.674
192.868 193.307 193.476
193.171 193.379 193.472
193.347 193.468 193.640
193.398 193.488 193.678
193.279 193.499 193.657
193.153 193.378 193.653
192.976 193.372 193.629
192.973 193.314 193.536
193.209 193.427 193.550
192.105 193.169 193.522
193.260 193.350 193.442
193.411 193.471 193.578
193.365 193.624 194.213
193.239 193.358 193.427
193.322 193.392 193.561
193.376 193.428 193.507
193.409 193.512 193.856
193.283 193.405 193.545
191.961 193.057 193.386
192.214 193.182 193.535
193.360 193.432 193.485
193.443 193.528 193.709
193.305 193.424 193.535
193.083 193.351 193.466
193.298 193.700 194.105
193.270 193.406 193.514
192.186 193.219 193.681
192.123 193.228 193.617
193.415 193.502 193.617
193.238 193.438 193.536
193.319 193.501 193.792
193.413 193.551 193.651
193.339 193.439 193.634
193.238 193.329 193.502
193.411 193.572 193.851
193.397 193.521 193.708
193.258 193.315 193.387
193.239 193.305 193.410
193.264 193.445 193.600
193.258 193.324 193.358
191.967 193.103 193.455
193.390 193.620 193.742
193.386 193.454 193.567
193.371 193.455 193.600
193.282 193.357 193.429
193.131 193.350 193.514
192.935 193.395 193.671
192.187 193.145 193.545
193.250 193.392 193.551
192.178 193.206 193.653
193.426 193.495 193.632
192.150 193.189 193.494
193.201 193.314 193.405
193.312 193.430 193.558
193.285 193.342 193.438
193.187 193.357 193.454
192.154 193.193 193.541
192.174 193.196 193.519
193.276 193.369 193.429
193.079 193.335 193.432
192.952 193.269 193.433
193.220 193.354 193.483
193.282 193.452 193.807
193.392 193.487 193.558
193.303 193.351 193.385
193.206 193.420 193.873
193.271 193.409 193.538
193.358 193.458 193.612
192.071 193.105 193.604
193.064 193.264 193.431
193.285 193.360 193.474
193.249 193.423 193.538
192.170 193.166 193.523
193.301 193.403 193.475
193.281 193.402 193.519
193.270 193.394 193.582
193.375 193.521 193.585
193.300 193.406 193.470
193.352 193.422 193.498
193.238 193.317 193.411
193.125 193.254 193.437
193.178 193.361 193.630
193.340 193.495 193.694
193.324 193.420 193.555
192.937 193.354 193.601
193.250 193.386 193.554
193.335 193.419 193.572
193.216 193.447 193.588
193.248 193.383 193.526
193.244 193.370 193.641
193.317 193.415 193.512
192.106 193.160 193.445
193.415 193.497 193.590
193.263 193.351 193.533
193.327 193.431 193.561
193.313 193.392 193.433
193.344 193.460 193.600
192.106 193.137 193.525
192.360 193.198 193.456
193.353 193.399 193.475
193.257 193.478 193.642
193.335 193.439 193.590
193.292 193.463 193.644
193.230 193.394 193.600
193.340 193.504 193.848
193.301 193.512 193.674
193.189 193.437 193.653
192.187 193.181 193.543
193.242 193.399 193.503
193.030 193.369 193.652
192.995 193.321 193.656
193.343 193.416 193.510
193.473 193.776 194.476
193.157 193.314 193.489
193.185 193.324 193.389
193.236 193.350 193.485
193.291 193.350 193.421
192.153 192.958 193.494
193.189 193.405 193.658
193.194 193.391 193.517
192.125 193.166 193.521
192.090 192.853 193.496
193.375 193.471 193.557
192.140 193.210 193.612
193.250 193.361 193.431
193.318 193.419 193.507
193.073 193.296 193.420
193.342 193.471 193.598
193.367 193.501 193.648
191.901 193.073 193.552
193.306 193.445 193.556
193.358 193.461 193.515
193.302 193.448 193.582
193.330 193.398 193.458
193.357 193.446 193.552
193.175 193.436 193.556
192.128 193.179 193.497
193.288 193.388 193.586
193.349 193.452 193.702
193.350 193.461 193.611
193.277 193.483 193.667
193.233 193.442 193.624
192.159 193.117 193.459
193.218 193.333 193.512
193.006 193.407 193.679
193.248 193.402 193.536
193.375 193.452 193.568
193.266 193.389 193.640
193.259 193.448 193.721
193.315 193.349 193.389
193.121 193.356 193.501
193.420 193.565 193.764
193.307 193.449 193.621
193.125 193.303 193.486
192.230 193.189 193.552
192.157 193.205 193.622
193.356 193.445 193.518
192.118 193.095 193.400
193.396 193.461 193.518
192.087 193.159 193.534
193.248 193.412 193.493
193.438 193.497 193.526
193.304 193.399 193.564
192.262 193.245 193.643
193.322 193.466 193.613
193.313 193.386 193.574
192.876 193.324 193.563
192.926 193.281 193.461
192.169 193.086 193.372
193.274 193.449 193.660
193.210 193.331 193.486
192.240 193.189 193.578
193.265 193.345 193.430
193.347 193.406 193.471
193.288 193.393 193.524
193.341 193.492 193.633
193.422 193.459 193.515
193.317 193.411 193.475
193.244 193.291 193.341
193.251 193.363 193.477
193.260 193.355 193.482
193.305 193.406 193.499
193.291 193.574 194.265
192.098 193.081 193.435
193.187 193.289 193.351
192.325 193.220 193.594
193.356 193.429 193.557
193.343 193.392 193.449
193.356 193.428 193.491
193.317 193.360 193.391
193.279 193.393 193.452
193.210 193.348 193.486
193.307 193.373 193.432
193.289 193.394 193.470
193.312 193.505 193.726
192.022 193.114 193.490
193.229 193.362 193.551
193.291 193.382 193.456
193.295 193.359 193.473
193.241 193.439 193.639
193.150 193.286 193.392
193.101 193.328 193.478
193.397 193.451 193.528
193.221 193.387 193.549
193.176 193.263 193.370
193.188 193.313 193.472
192.200 193.237 193.568
192.981 193.358 193.502
193.269 193.443 193.549
193.266 193.417 193.545
193.406 193.446 193.510
193.174 193.420 193.561
193.245 193.322 193.430
193.326 193.451 193.581
192.156 192.879 193.377
193.268 193.403 193.545
193.233 193.389 193.510
193.335 193.474 193.598
193.331 193.396 193.473
193.267 193.421 193.655
193.293 193.426 193.563
191.987 193.086 193.539
193.298 193.365 193.430
193.229 193.341 193.445
193.377 193.425 193.553
193.286 193.461 193.634
193.318 193.414 193.559
193.333 193.395 193.493
193.207 193.355 193.593
192.165 193.199 193.575
193.339 193.424 193.591
193.357 193.452 193.535
193.265 193.382 193.479
193.359 193.414 193.564
193.291 193.356 193.400
192.057 193.021 193.368
193.348 193.435 193.485
193.275 193.453 193.610
192.991 193.227 193.335
193.303 193.400 193.548
193.227 193.351 193.540
193.255 193.339 193.483
193.303 193.456 193.671
192.272 193.222 193.616
193.326 193.447 193.536
193.201 193.287 193.415
193.174 193.328 193.382
193.367 193.450 193.661
193.448 193.494 193.552
193.222 193.377 193.476
193.253 193.401 193.543
192.991 193.226 193.386
193.208 193.305 193.376
193.349 193.422 193.481
193.319 193.361 193.402
193.290 193.474 193.575
193.374 193.428 193.587
193.205 193.244 193.293
193.202 193.300 193.423
193.291 193.413 193.489
193.285 193.346 193.436
193.361 193.446 193.561
193.148 193.364 193.525
193.185 193.358 193.587
193.100 193.270 193.465
192.065 193.086 193.382
193.230 193.383 193.581
192.063 193.135 193.544
193.208 193.398 193.534
193.382 193.504 193.565
192.184 193.160 193.470
193.255 193.359 193.421
193.147 193.370 193.568
193.299 193.405 193.675
192.078 192.986 193.446
193.292 193.408 193.564
193.230 193.423 193.579
193.369 193.451 193.490
192.025 193.063 193.415
193.217 193.409 193.576
192.158 193.124 193.431
193.357 193.412 193.505
193.353 193.459 193.538
193.401 193.712 194.668
193.198 193.263 193.431
192.087 193.036 193.365
193.224 193.350 193.549
193.321 193.437 193.564
193.360 193.460 193.671
193.282 193.412 193.587
192.134 193.141 193.543
193.351 193.470 193.645
193.196 194.464 198.925
193.291 193.428 193.551
193.273 193.457 193.623
193.290 193.434 193.624
193.235 193.328 193.418
193.272 193.398 193.502
193.261 193.343 193.415
193.301 193.402 193.517
193.268 193.364 193.406
193.379 193.470 193.566
193.322 193.419 193.532
193.302 193.353 193.398
193.216 193.345 193.418
193.268 193.402 193.577
193.338 193.384 193.422
192.054 193.102 193.479
193.104 193.288 193.394
192.120 193.034 193.447
193.178 193.300 193.400
193.292 193.471 193.649
193.198 193.292 193.423
192.951 193.278 193.381
192.198 193.092 193.366
193.240 193.308 193.453
193.287 193.389 193.467
193.232 193.325 193.410
191.874 193.067 193.417
193.342 193.430 193.523
193.285 193.351 193.422
193.150 193.377 193.515
193.226 193.373 193.486
193.231 193.383 193.473
193.215 193.278 193.400
193.290 193.410 193.518
193.325 193.403 193.499
193.284 193.371 193.463
193.193 193.324 193.464
193.215 193.349 193.512
192.186 193.200 193.542
193.357 193.389 193.421
193.344 193.425 193.549
193.305 193.395 193.435
193.313 193.411 193.513
192.293 193.161 193.528
193.250 193.303 193.379
193.228 193.359 193.483
193.325 193.492 193.675
193.331 193.372 193.422
193.365 193.427 193.515
192.119 193.067 193.432
193.330 193.426 193.586
193.280 193.327 193.396
193.197 193.288 193.383
193.220 193.380 193.561
193.322 193.390 193.450
193.246 193.416 193.567
193.303 193.561 194.301
193.236 193.328 193.400
193.245 193.314 193.373
193.253 193.349 193.597
193.243 193.358 193.526
192.002 193.065 193.415
193.117 193.340 193.528
193.287 193.364 193.453
193.283 193.325 193.363
193.192 193.280 193.349
193.307 193.445 193.602
193.301 193.404 193.481
193.221 193.288 193.382
193.386 193.475 193.596
193.110 193.272 193.376
193.330 193.371 193.430
193.255 193.367 193.434
193.289 193.370 193.482
193.195 193.330 193.448
193.147 193.327 193.455
193.344 193.468 193.556
193.231 193.418 193.657
193.228 193.358 193.412
193.230 193.280 193.368
193.370 193.478 193.564
193.303 193.357 193.390
193.250 193.287 193.349
193.176 193.292 193.434
193.205 193.322 193.380
193.334 193.409 193.522
