194.591 194.924 195.488
194.621 194.877 195.088
194.607 194.825 195.185
194.616 194.777 194.965
194.580 194.846 195.272
194.632 194.724 194.813
194.624 194.838 195.179
194.603 194.804 195.121
194.633 194.694 194.830
194.596 194.694 194.816
194.646 194.777 195.012
194.556 194.939 195.395
194.588 194.814 195.004
194.590 194.862 195.077
194.699 195.004 195.262
194.589 194.737 194.827
194.666 194.807 195.020
194.534 194.708 194.878
194.742 194.997 195.258
194.588 194.939 195.240
194.617 194.937 195.501
194.700 194.843 195.077
194.520 194.892 195.325
194.663 194.712 194.823
194.535 194.767 195.134
194.565 194.769 195.035
194.423 194.840 195.160
194.765 195.427 196.890
194.683 194.837 195.097
194.471 194.952 195.958
194.549 194.728 194.901
194.675 194.840 195.230
194.646 195.029 195.426
194.681 194.820 195.148
194.587 195.017 195.765
194.608 194.813 195.365
194.630 195.046 195.277
194.637 194.712 194.866
194.644 194.812 195.107
194.805 195.031 195.382
194.567 194.960 195.576
194.761 195.153 195.367
194.696 195.226 195.750
194.802 194.922 194.998
194.606 194.756 194.897
194.660 194.730 194.834
194.593 194.927 195.513
194.629 194.897 195.165
194.711 194.947 195.277
194.640 194.780 194.878
194.538 194.845 195.322
194.570 194.717 194.832
194.643 195.002 195.503
194.722 194.927 195.196
194.783 195.034 195.353
194.589 194.814 195.015
194.622 194.916 195.249
194.762 194.935 195.274
194.684 195.057 195.514
195.048 195.216 195.367
194.600 194.949 195.329
194.702 194.931 195.502
194.719 195.057 195.643
194.752 195.146 195.435
194.679 195.032 195.651
194.528 194.796 195.087
194.471 194.793 195.350
194.603 194.912 195.288
194.659 194.803 194.953
194.653 194.792 195.048
194.872 195.070 195.424
194.754 194.954 195.140
194.545 194.853 195.145
194.730 194.951 195.197
194.650 194.999 195.174
194.505 194.964 195.326
194.692 194.829 194.995
194.712 194.907 195.055
194.770 195.055 195.327
194.535 194.813 195.089
194.607 194.973 195.189
194.735 194.938 195.073
194.868 195.133 195.333
194.490 194.786 195.011
194.811 194.966 195.187
194.587 194.871 195.093
194.753 196.035 199.710
194.747 194.951 195.334
194.848 195.170 195.388
194.590 194.842 195.109
194.964 195.254 195.487
194.574 194.984 195.461
194.780 195.140 195.345
195.093 195.269 195.453
194.811 194.990 195.283
194.642 195.073 195.348
194.932 195.616 198.088
194.617 195.035 195.603
194.926 195.186 195.868
194.709 195.136 195.460
194.720 194.948 195.079
195.199 195.453 195.673
194.862 195.013 195.134
194.748 195.228 195.804
194.749 195.061 195.657
194.873 195.129 195.390
194.607 194.968 195.511
194.914 195.390 196.078
194.734 195.162 195.602
194.718 195.040 195.337
194.855 195.211 195.520
194.940 195.689 196.203
194.826 195.035 195.405
194.679 195.268 195.932
194.759 195.004 195.218
195.050 195.227 195.611
194.744 195.172 196.074
194.706 195.068 195.233
194.764 195.014 195.198
194.862 195.010 195.204
195.154 195.903 197.329
194.714 194.993 195.271
194.676 195.196 195.394
194.636 195.102 195.731
194.460 195.011 195.293
194.752 195.177 196.013
194.645 195.278 196.081
194.835 195.284 195.700
194.924 195.239 195.513
195.054 195.735 197.143
195.390 195.707 196.064
194.913 195.336 195.588
194.726 195.090 195.373
195.016 195.318 195.956
194.594 195.272 195.981
194.649 195.525 196.777
194.684 195.021 195.301
195.066 195.380 195.700
195.159 195.567 196.169
194.930 195.564 196.217
195.155 195.228 195.273
194.771 194.963 195.127
195.011 195.548 196.116
194.962 195.243 195.504
194.676 195.271 195.638
194.867 195.322 196.008
194.691 195.511 197.120
194.862 195.224 195.724
194.919 195.297 195.992
195.005 195.207 195.397
194.891 195.222 195.750
194.652 195.488 196.164
194.767 195.354 196.236
194.947 195.225 195.573
194.809 195.379 195.597
195.210 195.344 195.522
195.248 195.508 195.842
194.936 195.177 195.441
195.215 195.454 196.184
194.789 195.530 196.680
194.822 195.236 195.880
195.041 195.626 196.141
194.984 195.462 195.729
195.047 195.322 195.812
194.919 195.286 195.540
194.971 195.385 195.868
195.064 195.213 195.336
195.265 195.472 195.996
195.081 195.472 195.874
194.703 195.395 196.266
194.938 195.458 195.917
194.763 195.147 195.584
194.750 195.190 195.580
194.707 194.978 195.202
194.879 195.287 196.024
194.944 195.323 196.018
194.836 195.110 195.568
194.719 195.021 195.366
194.641 195.165 195.705
194.777 195.147 195.631
195.067 195.428 195.772
194.891 195.364 195.791
195.026 195.522 196.232
195.091 195.681 197.075
194.822 195.185 195.786
195.020 195.505 196.553
194.813 195.452 196.103
194.748 195.284 196.094
194.677 195.205 195.934
194.749 195.289 196.486
195.172 195.459 195.912
194.621 194.960 195.292
194.834 195.315 196.310
195.159 195.317 195.478
194.884 195.118 195.220
194.900 195.563 196.548
195.120 195.416 196.066
194.928 195.364 195.881
194.884 195.130 195.368
194.855 195.055 195.223
194.860 195.200 195.518
194.911 195.461 196.521
194.859 195.051 195.272
194.997 195.396 196.038
195.092 195.443 196.037
194.892 195.445 195.915
194.700 195.037 195.244
194.993 195.406 195.926
195.153 195.415 196.074
194.708 195.405 196.364
194.579 195.158 196.016
194.827 195.055 195.383
194.885 195.011 195.182
194.687 195.233 195.996
194.869 195.286 195.815
195.054 195.370 195.882
195.006 195.286 195.682
194.932 195.444 195.948
195.106 195.499 195.836
194.776 195.072 195.232
194.833 195.586 196.207
194.965 196.355 200.099
195.082 195.689 196.512
194.955 195.505 196.462
195.033 195.218 195.495
194.887 195.585 195.977
194.825 195.313 195.948
194.994 195.530 196.068
194.740 195.101 195.313
195.175 195.494 196.029
194.976 195.129 195.305
194.886 195.248 196.012
195.231 195.645 196.240
194.982 195.268 195.589
195.124 195.339 195.508
195.077 195.385 195.678
195.056 195.715 196.771
194.800 195.352 195.857
195.160 195.791 196.327
194.984 195.438 195.719
194.922 195.581 196.375
194.805 195.364 196.215
195.212 195.516 195.960
194.868 195.143 195.411
195.140 195.390 195.718
195.089 195.510 196.330
194.906 195.213 195.583
194.993 195.499 196.746
194.915 195.259 195.681
194.891 195.300 195.549
195.250 195.409 195.831
194.960 195.480 195.956
194.968 195.472 196.321
195.169 195.583 196.375
195.239 195.759 197.142
195.054 195.544 195.869
194.884 195.926 197.169
194.825 195.481 196.515
195.224 195.736 196.504
195.060 195.428 195.791
195.412 195.641 195.865
194.987 195.451 196.077
195.062 195.362 195.672
194.948 195.307 195.575
194.840 195.686 196.425
195.185 195.687 196.425
194.817 195.079 195.259
194.981 195.419 195.714
195.266 195.453 195.769
194.872 195.272 195.725
195.012 195.552 195.824
194.850 195.168 195.444
195.023 195.457 195.951
195.140 195.659 196.361
194.918 195.400 195.638
194.828 195.426 196.746
195.251 195.727 196.599
194.820 195.323 196.400
195.280 195.679 196.140
194.858 196.979 204.355
195.605 196.078 196.601
195.147 195.658 196.173
195.050 195.539 196.284
195.266 195.421 195.801
195.099 195.719 196.592
195.377 195.796 196.131
195.383 195.804 196.567
194.863 195.577 196.005
195.028 195.540 196.633
194.887 195.288 195.773
195.451 195.724 196.287
195.378 195.787 196.778
195.381 195.659 195.870
195.195 195.739 196.219
194.997 195.340 195.956
194.935 195.518 196.257
195.201 195.440 195.615
195.158 195.466 196.225
195.569 195.837 196.354
195.141 195.456 195.872
195.360 195.550 195.704
194.949 195.483 196.409
195.155 195.689 196.183
195.125 195.777 196.456
195.095 195.401 195.905
194.906 195.457 195.737
194.909 195.199 195.604
194.755 195.249 195.944
195.054 195.338 195.582
195.007 195.339 195.779
195.277 195.529 195.975
195.380 195.729 196.316
194.900 195.418 195.859
195.093 195.304 195.533
194.847 195.196 195.680
194.896 195.523 196.413
194.795 195.235 196.126
195.104 195.295 195.869
195.013 195.384 195.763
195.470 195.657 195.903
194.954 195.449 195.957
194.771 195.345 195.913
194.782 195.128 195.482
195.414 195.523 195.677
195.054 195.440 195.789
194.975 195.508 196.456
194.838 195.372 195.873
194.892 195.584 196.078
194.843 195.279 196.075
195.321 195.966 196.190
195.536 195.749 195.966
195.235 195.857 196.280
195.132 195.422 195.729
194.896 195.699 196.212
195.148 196.166 197.631
195.180 195.733 196.543
195.132 195.318 195.683
195.055 195.432 195.769
194.818 195.492 196.352
195.192 195.882 196.778
194.775 195.667 196.089
195.298 195.967 197.192
195.059 195.845 196.330
194.817 195.587 196.197
194.860 195.486 195.781
194.781 195.592 196.411
194.786 195.077 195.402
195.097 195.434 195.829
195.447 195.573 195.758
195.086 195.357 195.532
195.132 195.287 195.423
195.038 195.519 195.895
194.977 195.587 196.734
194.694 195.360 196.134
194.826 195.248 195.616
195.131 195.745 197.125
194.938 195.313 195.857
194.944 195.489 196.450
194.974 195.579 196.237
194.662 195.519 196.080
194.876 195.344 195.704
195.119 195.637 196.129
195.155 195.523 195.891
194.870 195.430 196.103
195.187 195.535 195.866
195.330 195.537 195.860
194.727 195.186 195.513
194.673 195.119 195.725
194.903 195.113 195.322
194.922 195.719 196.414
194.715 195.193 195.838
194.925 195.167 195.469
195.098 195.347 195.907
194.921 195.155 195.505
195.276 195.629 195.858
195.094 195.561 196.139
194.966 195.855 196.274
195.116 195.753 196.150
194.894 195.327 195.672
195.356 195.710 195.955
194.868 195.253 195.548
195.085 195.255 195.533
194.893 195.317 195.727
194.930 195.233 195.648
195.120 195.438 195.829
194.774 195.287 195.628
194.848 195.300 195.750
195.025 195.515 196.056
194.791 195.389 196.243
195.062 195.742 196.876
195.269 195.439 195.687
194.947 195.335 196.027
194.915 195.264 195.564
195.278 195.684 196.259
194.816 195.352 195.715
195.161 195.443 196.084
194.997 195.422 195.768
194.968 195.201 195.438
194.605 195.445 195.980
194.628 195.104 195.433
194.698 195.103 195.797
195.076 195.403 195.994
194.921 195.323 195.840
194.837 195.265 195.696
195.070 195.433 195.984
194.951 195.553 196.313
194.767 195.305 196.141
194.769 195.250 195.724
194.832 195.369 196.073
194.950 195.230 195.587
194.792 195.565 196.286
194.912 195.423 195.934
194.682 195.004 195.233
194.836 195.442 195.989
195.112 195.264 195.561
194.758 195.232 195.777
194.767 195.175 195.590
194.817 195.164 195.894
194.947 195.537 196.772
194.958 195.625 196.167
195.086 195.466 196.117
194.825 195.093 195.530
194.948 195.306 195.883
195.056 195.353 195.563
194.838 194.977 195.221
194.855 195.343 195.988
195.039 195.170 195.431
195.172 195.316 195.464
194.960 195.205 195.454
195.101 195.437 196.104
194.791 195.440 196.046
194.917 195.442 196.968
194.992 195.638 197.271
195.227 195.340 195.581
194.818 195.062 195.247
195.073 195.226 195.763
194.950 195.272 195.768
194.807 195.008 195.225
194.698 195.446 196.854
194.893 195.261 195.737
195.162 195.307 195.510
194.815 195.037 195.254
194.761 195.046 195.365
194.801 195.222 195.701
195.008 195.185 195.502
194.849 195.268 195.931
194.856 195.109 195.391
195.067 195.557 196.592
194.766 194.979 195.318
194.699 195.179 195.849
194.890 195.095 195.562
194.941 195.283 196.071
194.828 195.174 195.664
195.104 195.347 195.645
194.871 195.420 196.056
194.829 195.039 195.734
194.907 195.384 196.356
194.950 195.054 195.291
194.744 195.171 195.486
195.041 195.234 195.435
194.982 195.173 195.433
194.603 194.983 195.310
194.512 195.071 195.514
194.758 195.045 195.317
194.967 195.076 195.309
194.764 195.129 195.798
194.745 195.244 195.795
194.945 194.977 195.026
194.761 195.103 195.362
194.839 195.389 195.843
194.805 195.223 196.022
194.588 195.045 195.577
194.844 195.378 195.871
195.049 195.197 195.441
194.886 195.226 195.538
194.764 195.126 195.399
195.002 195.343 195.694
195.298 195.550 196.033
194.925 195.504 195.985
195.017 195.546 196.455
195.047 195.394 195.614
194.614 195.180 195.948
194.871 196.422 200.829
194.905 195.253 196.004
194.813 195.191 195.492
194.882 195.311 196.118
194.835 195.338 195.831
195.089 195.340 195.773
194.986 195.336 196.166
195.003 195.163 195.414
195.076 195.573 195.942
195.089 195.508 196.304
194.764 195.138 195.548
194.752 195.345 195.829
194.878 195.224 195.663
194.991 195.306 195.603
194.738 195.174 195.535
194.793 195.262 195.772
195.105 195.505 195.952
195.091 195.725 196.231
195.091 195.265 195.628
194.862 195.320 195.710
194.909 195.157 195.388
194.961 195.197 195.398
194.853 195.198 195.771
195.254 195.640 195.870
194.570 195.084 195.763
194.822 195.423 196.185
194.936 195.593 196.243
194.751 195.187 195.678
194.891 195.178 195.387
194.823 195.174 195.611
194.778 195.083 195.488
194.993 195.214 195.392
194.785 195.256 195.751
194.775 195.328 196.015
194.752 195.237 195.940
194.860 195.196 195.418
194.917 195.391 196.386
194.763 195.247 196.251
194.888 195.231 195.834
194.941 195.281 195.552
195.130 195.998 198.153
194.863 195.245 195.750
194.788 194.947 195.322
194.845 195.407 196.491
195.295 195.690 196.316
194.874 195.563 196.340
194.824 195.015 195.241
194.970 195.427 196.283
194.734 195.022 195.409
194.845 195.043 195.148
195.144 195.609 196.155
194.853 195.405 195.954
194.638 196.345 201.324
195.450 195.580 195.782
195.022 195.518 196.429
194.968 195.456 195.931
195.183 195.904 197.102
194.947 195.367 196.322
194.725 195.380 196.246
194.864 195.208 195.642
195.172 195.412 195.905
194.758 195.412 196.405
194.810 195.086 195.290
194.999 195.562 196.432
194.768 195.543 196.603
194.791 194.922 195.065
194.847 195.348 196.240
195.056 195.244 195.709
194.882 195.292 195.651
195.227 195.337 195.512
194.824 195.106 195.433
195.001 195.481 196.369
194.596 195.755 198.439
194.937 195.366 195.634
194.882 195.295 195.986
195.211 195.680 196.511
195.130 195.466 196.165
194.805 194.992 195.324
194.691 195.116 195.769
194.770 195.481 196.812
194.972 195.302 195.966
195.003 195.245 195.487
195.155 195.431 195.691
194.959 195.322 195.632
194.936 195.334 195.737
195.090 195.526 196.265
194.814 195.072 195.347
195.122 195.515 196.507
194.917 195.427 195.860
195.019 195.263 195.791
194.695 195.161 195.678
195.175 195.459 196.088
194.707 194.959 195.063
194.974 195.570 196.515
194.973 195.330 195.708
195.085 195.752 196.357
195.033 195.510 195.852
195.227 195.683 196.235
195.019 195.390 195.902
194.742 195.249 195.908
195.088 195.584 196.047
195.190 195.589 196.251
194.726 194.941 195.180
0 0 0
0 0 0
0 0 0
0 0 0
0 0 0
0 0 0
0 0 0
215.658 218.894 227.017
194.701 195.098 195.534
194.855 195.134 195.390
194.902 195.294 196.064
194.864 195.121 195.393
194.676 195.062 195.855
194.964 195.223 195.427
194.707 195.211 196.101
194.958 195.086 195.260
194.749 195.038 195.591
194.764 195.223 196.090
194.864 195.058 195.370
194.791 194.866 194.936
194.604 194.883 195.210
194.842 195.215 195.745
194.650 194.942 195.143
194.746 195.438 196.907
194.906 195.626 197.712
194.604 195.090 195.550
194.765 195.242 195.950
194.590 194.861 195.197
194.687 195.101 195.459
194.998 196.189 200.043
194.710 194.882 195.048
194.763 195.000 195.458
194.679 195.432 196.834
194.649 195.279 196.331
194.737 194.877 195.262
194.849 195.116 195.633
194.704 195.023 195.737
194.639 195.007 195.434
194.595 195.200 195.941
194.637 195.062 195.445
194.697 195.035 195.357
194.892 195.199 195.522
194.888 195.052 195.454
194.788 195.065 195.304
194.876 195.253 195.572
195.022 195.576 196.578
194.802 195.062 195.691
194.858 195.169 195.515
194.763 195.085 195.422
194.866 194.952 195.086
194.694 195.050 195.458
194.979 195.221 195.954
194.750 194.859 194.964
194.598 194.858 194.997
194.536 195.930 199.535
194.652 194.951 195.328
194.745 195.189 195.943
194.855 195.082 195.293
194.707 194.968 195.351
194.611 194.835 195.208
194.649 194.865 195.076
194.799 195.198 195.589
194.763 195.052 195.486
194.785 195.196 196.009
194.874 195.055 195.409
194.726 195.307 196.584
194.782 195.304 195.628
194.856 195.137 195.398
194.667 196.288 200.844
194.673 194.881 195.399
194.918 195.329 195.989
194.643 195.121 195.362
194.924 195.032 195.211
194.884 195.116 195.333
194.553 195.001 195.489
194.679 195.115 195.312
194.663 194.995 195.847
194.794 195.128 195.420
194.684 195.843 198.478
194.752 194.960 195.261
194.582 195.200 196.040
194.688 195.180 196.070
194.885 195.180 195.851
194.683 195.084 195.747
194.713 195.637 196.465
194.571 195.178 195.727
194.404 194.828 195.230
194.638 194.945 195.262
194.746 195.211 195.935
194.997 195.481 196.339
194.618 194.851 195.428
194.722 195.103 195.552
194.656 194.946 195.388
194.853 195.031 195.335
194.645 195.039 195.269
194.687 195.036 195.434
195.021 195.180 195.334
194.700 194.874 195.060
194.942 195.000 195.096
194.657 194.803 194.944
194.691 194.938 195.119
194.737 194.909 195.135
194.657 194.787 194.954
194.561 194.851 195.117
194.633 194.885 195.543
194.484 194.793 195.185
194.533 194.869 195.397
194.609 194.815 195.058
194.673 195.026 195.698
194.575 194.784 195.080
194.816 195.018 195.259
194.634 195.058 195.601
194.646 194.773 195.066
194.809 194.938 195.178
194.611 194.803 195.147
194.890 195.077 195.297
194.508 194.826 195.105
194.587 194.702 194.822
194.634 194.811 195.120
194.716 194.893 195.157
194.636 194.855 195.283
194.669 195.172 195.998
194.647 195.174 195.747
194.559 194.862 195.178
194.540 194.795 195.158
194.799 195.018 195.326
194.490 194.748 194.936
194.733 195.307 196.322
194.670 194.957 195.185
194.477 194.797 194.993
194.583 194.838 195.177
194.575 194.733 194.913
194.736 194.985 195.290
194.576 194.828 195.060
194.556 194.823 195.408
194.560 194.691 195.120
194.486 194.611 194.680
194.512 194.784 195.411
194.610 194.784 195.142
194.641 194.874 195.267
194.779 195.059 195.848
194.580 194.731 194.851
194.594 195.035 195.582
194.655 194.859 194.984
194.771 195.023 195.409
194.682 194.830 195.130
194.554 194.769 195.090
194.486 194.946 195.346
194.680 194.716 194.745
194.644 194.783 194.989
194.584 194.740 194.932
194.714 194.879 195.137
194.556 194.722 194.919
194.631 194.819 195.270
194.488 194.754 195.165
194.651 194.954 195.232
194.706 195.057 195.973
194.448 194.849 195.111
194.774 194.800 194.821
194.698 194.897 195.076
194.483 194.837 195.174
194.563 194.749 194.917
194.512 194.766 195.086
194.541 194.639 194.768
194.437 194.639 194.783
194.592 194.769 195.062
194.663 194.847 195.189
194.563 194.797 195.204
194.612 194.794 195.089
194.676 194.891 195.032
194.610 194.677 194.839
194.589 194.971 195.293
194.512 194.854 195.379
194.913 195.076 195.465
194.527 194.841 195.213
194.739 194.977 195.232
194.625 194.933 195.234
194.576 194.848 195.221
194.684 194.966 195.419
194.572 194.791 195.337
194.683 194.903 195.301
194.566 194.793 195.140
194.619 194.811 195.017
194.557 195.025 195.456
194.604 194.828 195.088
194.680 194.800 195.014
194.496 194.805 195.142
194.616 194.997 195.321
194.655 195.067 195.598
194.688 194.837 195.139
194.692 194.798 194.911
194.543 194.902 195.329
194.655 195.047 195.164
194.566 194.864 195.161
194.629 194.788 194.937
194.701 194.836 195.201
194.690 195.099 195.784
194.640 194.909 195.425
194.729 195.044 195.612
194.594 194.802 195.027
194.703 194.919 195.227
194.678 194.804 194.979
194.656 194.755 195.073
194.697 194.793 194.869
194.457 194.791 195.017
194.567 194.674 194.877
194.481 194.776 195.061
194.567 194.628 194.776
194.523 194.730 194.859
194.644 194.913 195.584
194.632 194.871 195.150
194.641 194.905 195.373
194.946 195.170 195.404
194.624 194.736 194.899
194.695 194.825 195.009
194.646 194.811 194.971
194.575 194.755 195.030
194.615 194.760 194.920
194.602 194.797 194.973
194.574 194.763 195.009
194.621 194.769 195.146
194.595 194.756 195.125
194.552 194.787 195.551
194.517 194.890 195.370
194.536 194.783 195.042
194.732 194.857 195.193
194.588 194.694 194.773
194.675 198.313 212.449
194.506 194.915 195.238
194.686 194.952 195.193
194.625 194.864 195.121
194.871 195.758 198.426
194.613 194.930 195.391
194.692 194.905 195.284
194.628 194.825 194.909
194.655 194.852 195.058
194.614 194.984 195.233
194.640 194.849 195.175
194.579 194.786 195.200
194.650 194.933 195.287
194.578 195.041 195.784
194.646 195.057 195.442
194.659 194.719 194.777
194.534 194.679 194.981
194.535 194.703 195.020
194.693 194.919 195.146
194.671 194.837 195.201
194.732 194.945 195.294
194.709 194.773 194.947
194.623 194.734 194.906
194.556 194.696 194.997
194.499 194.919 195.577
194.574 194.776 195.022
194.506 194.857 195.213
194.571 195.013 195.806
194.626 194.964 195.615
194.586 194.754 195.211
194.697 194.811 195.156
194.639 194.838 195.156
194.607 194.676 194.785
194.662 195.154 195.816
194.494 194.991 195.395
194.682 194.789 194.917
194.564 194.851 195.275
194.671 195.007 195.570
194.600 194.758 195.152
194.710 194.833 195.074
194.741 194.823 194.929
194.588 194.882 195.313
194.629 194.750 194.968
194.715 194.817 194.930
194.553 194.810 195.135
194.694 194.923 195.162
194.810 195.044 195.222
194.671 194.801 195.006
194.707 194.874 195.178
194.532 194.673 194.838
194.605 194.886 195.254
194.610 194.891 195.574
194.679 194.832 195.067
194.685 194.813 194.969
194.561 194.818 195.286
194.575 194.893 195.157
194.744 194.931 195.148
194.637 194.878 195.352
194.696 194.755 194.789
194.649 194.750 194.942
194.668 194.790 194.988
194.606 194.767 195.079
194.654 194.873 195.039
194.600 194.865 195.158
194.630 194.838 195.098
194.612 194.766 194.993
194.696 194.796 194.970
194.605 194.824 195.212
194.670 195.013 195.772
194.625 194.761 195.030
194.576 194.722 194.920
194.548 194.783 195.002
194.573 194.707 194.836
194.663 194.854 195.249
194.426 194.676 195.018
194.788 194.830 194.930
194.602 194.880 195.122
194.579 194.774 195.100
194.704 194.992 195.334
194.628 194.880 195.181
194.543 194.688 194.823
194.643 194.933 195.369
194.654 194.742 194.925
194.869 195.154 195.719
194.636 194.930 195.546
194.603 194.808 194.931
194.541 194.789 195.001
194.611 195.386 197.452
194.753 195.007 195.326
194.623 194.809 194.940
194.584 194.890 195.300
194.651 194.975 195.154
194.716 195.067 195.481
194.720 195.116 196.010
194.853 195.210 195.455
194.468 194.927 195.209
194.711 195.098 195.375
194.731 195.052 195.895
194.585 194.824 195.260
194.896 195.048 195.292
194.687 194.852 195.079
194.669 195.052 195.444
194.489 194.750 194.888
194.510 195.001 195.348
194.668 194.842 195.180
194.586 194.879 195.264
194.537 194.801 195.100
194.700 195.117 195.587
194.734 194.893 194.993
194.683 194.916 195.140
194.864 195.066 195.268
194.916 195.283 195.673
194.737 194.882 194.959
194.858 195.369 196.266
194.705 195.024 195.249
194.706 195.190 195.761
194.654 194.991 195.481
194.867 195.228 195.600
194.602 195.185 195.926
194.744 194.999 195.181
194.638 194.927 195.202
194.481 194.759 195.373
194.846 195.780 198.131
194.771 195.273 195.890
194.620 195.008 195.530
194.845 195.079 195.331
195.014 195.140 195.364
194.739 194.980 195.128
194.806 195.078 195.355
194.917 195.183 195.412
194.772 195.042 195.492
194.881 195.071 195.404
194.675 195.042 195.324
194.792 195.113 195.608
195.058 195.309 196.103
194.706 194.975 195.365
194.983 195.194 195.434
194.901 195.133 195.375
194.907 195.068 195.217
194.951 195.435 196.479
194.848 195.172 195.802
194.836 195.066 195.255
194.834 195.233 195.603
194.998 195.369 195.862
194.953 195.043 195.307
194.866 195.029 195.386
194.646 195.133 195.481
194.675 195.009 195.400
194.881 195.031 195.311
195.160 195.270 195.428
194.919 195.201 195.316
195.124 195.298 195.594
194.738 194.941 195.116
194.852 195.252 195.764
194.747 194.920 195.057
194.999 195.132 195.283
194.783 195.193 195.767
194.667 194.930 195.168
194.667 195.174 195.964
194.699 195.137 196.155
195.085 195.159 195.244
195.130 195.304 195.691
194.845 195.142 195.762
194.750 195.005 195.577
194.673 195.108 195.538
194.782 194.992 195.263
195.258 195.702 196.494
194.694 195.175 196.044
194.876 195.131 195.440
194.839 195.149 195.382
194.986 195.077 195.161
194.929 195.038 195.203
194.865 195.039 195.312
194.847 195.327 195.479
194.857 195.120 195.418
194.621 195.262 195.917
194.738 195.258 196.259
194.775 195.052 195.304
194.906 195.014 195.175
195.103 195.263 195.428
194.870 195.103 195.379
194.962 195.307 195.559
195.048 195.526 196.181
194.812 195.254 195.846
194.745 195.234 195.567
194.937 195.340 196.355
195.032 195.461 195.949
194.664 195.073 195.443
194.800 195.059 195.947
195.072 196.121 198.933
195.089 195.188 195.388
194.747 195.278 195.957
194.793 195.136 195.833
195.142 195.513 196.123
194.780 194.893 194.984
194.566 195.115 195.881
194.710 195.098 195.545
195.194 195.488 195.677
194.708 195.006 195.493
194.731 195.056 195.302
194.943 195.070 195.285
194.702 195.252 195.891
194.656 194.976 195.229
194.793 195.092 195.564
194.745 195.254 196.016
194.754 195.385 196.891
194.919 195.161 195.279
194.843 195.184 195.636
194.704 195.203 196.325
194.789 194.945 195.084
194.865 195.286 195.916
195.023 195.140 195.244
194.972 195.245 195.724
194.993 195.327 195.908
195.054 195.190 195.331
194.801 194.991 195.196
194.874 195.312 196.472
194.845 195.099 195.461
194.834 195.240 195.535
195.326 195.456 195.619
195.096 195.440 195.685
194.770 195.158 195.632
194.936 195.303 195.762
194.864 196.739 203.647
194.895 195.247 195.475
194.715 194.980 195.291
195.159 195.346 195.470
194.851 195.141 195.654
194.472 195.011 195.692
195.038 195.109 195.162
194.660 195.185 196.090
194.781 195.173 195.781
194.866 195.234 195.496
194.539 194.974 195.417
194.639 195.061 195.429
195.032 195.561 196.557
194.843 195.315 195.853
194.794 195.125 195.617
194.714 195.296 196.236
194.724 195.046 195.405
194.559 194.980 195.439
194.984 195.515 196.361
194.725 195.051 195.425
194.825 194.963 195.027
194.817 195.116 195.379
195.210 195.592 196.372
195.076 195.417 195.926
194.863 195.209 195.619
194.855 195.604 196.313
194.917 195.502 196.234
195.120 195.435 195.883
194.772 195.074 195.406
194.773 195.435 196.603
195.334 195.801 196.336
194.963 195.356 195.760
195.052 195.290 195.805
194.807 195.213 196.239
194.707 195.614 196.898
195.100 195.661 197.042
194.798 195.216 195.623
194.942 195.337 196.002
194.868 195.223 195.618
194.669 195.053 195.306
195.167 195.581 196.487
194.969 195.158 195.515
194.847 195.326 196.071
195.144 195.404 195.584
194.955 195.416 196.095
194.931 195.754 196.269
195.066 195.406 195.809
195.231 195.671 196.169
194.824 195.384 196.044
194.999 195.224 195.698
195.013 195.721 196.904
194.712 195.662 196.212
195.432 195.679 196.132
195.118 195.769 196.565
194.896 195.382 195.825
195.081 195.411 195.735
194.958 195.616 196.378
194.935 195.233 195.701
194.660 195.319 195.494
195.265 195.637 195.909
194.911 195.540 196.460
195.182 195.304 195.411
195.058 195.243 195.418
195.167 195.278 195.524
195.156 195.547 196.091
194.889 195.137 195.441
195.430 195.729 196.106
195.263 195.950 196.559
194.924 195.447 196.077
194.959 195.350 195.953
195.158 195.656 196.114
195.082 195.494 196.218
195.013 195.244 195.841
195.146 195.496 195.944
194.874 195.411 196.101
194.772 195.355 196.014
195.306 195.828 197.095
194.964 195.455 196.009
195.168 195.426 195.813
195.097 195.283 195.555
195.159 195.456 196.121
195.129 195.713 196.301
195.266 195.627 196.186
195.451 195.701 195.913
195.179 195.333 195.552
194.846 195.268 195.646
195.328 195.519 195.788
195.116 195.331 195.490
194.869 195.362 195.792
194.950 195.313 195.763
194.907 195.255 195.828
195.422 195.736 196.253
194.726 195.245 195.455
195.184 195.830 196.326
194.784 195.417 196.535
195.052 195.503 195.851
195.195 195.808 197.653
195.035 195.429 196.139
195.057 195.245 195.696
194.714 195.259 195.673
194.914 195.252 195.710
194.755 195.198 195.552
194.943 195.529 196.587
195.019 195.425 196.146
194.882 195.597 197.169
195.090 195.261 195.509
195.110 196.619 200.426
195.051 195.989 196.957
195.091 195.451 195.806
195.033 195.331 196.002
195.188 195.325 195.402
195.369 195.653 196.095
195.038 195.338 195.678
195.346 195.413 195.504
194.630 195.097 195.515
194.979 195.352 195.860
195.055 195.570 195.870
195.048 195.292 195.741
195.186 195.434 195.767
194.884 195.164 195.431
195.022 195.723 196.668
195.135 195.761 196.248
194.717 195.351 196.223
195.007 195.097 195.258
194.864 195.230 195.443
195.065 195.288 196.024
194.926 195.177 195.653
194.799 195.488 197.211
195.114 195.407 195.974
195.361 195.522 195.746
195.261 195.669 196.876
194.848 195.373 196.377
195.128 195.512 196.012
195.126 195.632 196.227
195.098 195.542 196.117
194.778 195.470 195.921
195.202 195.564 196.007
194.951 195.440 196.267
195.033 195.277 195.644
194.984 195.364 195.951
195.230 195.883 196.646
194.688 195.281 196.160
194.813 195.286 195.748
195.118 195.687 195.912
194.897 195.106 195.309
194.762 195.301 195.646
195.119 195.487 195.669
195.152 195.745 196.861
194.855 195.471 196.501
194.989 195.245 195.710
195.000 195.336 195.774
195.055 195.451 196.020
195.135 195.553 196.559
195.024 195.566 196.146
195.119 195.426 195.900
195.215 195.727 196.238
195.136 195.541 196.163
194.871 195.432 195.786
194.828 195.365 195.832
194.746 195.059 195.351
194.957 195.469 196.089
194.726 195.187 195.616
194.897 195.309 196.517
194.886 195.175 195.607
194.970 195.176 195.421
195.150 195.723 196.163
194.834 195.143 195.499
195.169 195.608 195.957
194.870 195.317 195.769
194.989 195.179 195.522
194.984 195.279 195.562
195.250 196.374 197.437
195.075 195.684 197.195
195.138 195.389 195.596
195.077 195.228 195.548
194.985 195.222 195.653
194.854 195.315 195.866
194.766 195.219 195.540
195.153 195.365 195.583
194.683 195.345 195.937
195.184 195.360 195.582
195.481 195.755 196.304
194.846 195.375 196.283
195.136 195.364 195.485
194.959 195.310 195.850
195.037 195.201 195.395
194.949 195.305 195.696
195.169 195.417 195.555
195.157 195.453 195.820
194.920 195.562 196.199
195.337 195.549 196.005
195.478 195.660 196.207
194.769 195.144 195.816
194.906 195.242 195.856
194.634 195.118 195.569
195.208 195.315 195.459
194.712 194.971 195.122
195.099 195.485 196.553
194.744 195.007 195.319
194.883 195.423 196.082
194.963 195.431 195.843
194.888 195.194 195.668
194.717 195.041 195.467
194.910 195.296 195.700
194.978 195.470 196.536
194.894 195.308 195.867
194.755 195.131 195.354
195.108 195.350 195.443
194.685 195.270 195.861
194.977 195.310 195.975
194.952 195.258 195.666
194.941 195.162 195.262
194.841 195.307 195.768
195.024 195.185 195.501
194.806 195.187 195.620
195.070 195.376 195.932
194.684 195.107 195.501
194.572 195.134 196.096
195.112 195.871 196.402
195.059 195.370 196.106
195.096 195.261 195.413
194.807 195.081 195.456
194.820 195.287 195.790
194.600 195.040 195.436
195.058 195.437 195.906
194.788 195.201 195.535
194.749 195.282 196.378
195.191 195.411 195.799
194.932 195.157 195.425
195.013 195.425 195.696
195.063 195.352 195.573
195.152 195.597 195.996
194.840 195.037 195.175
194.575 195.084 195.749
194.984 195.260 195.655
195.200 195.440 196.277
194.835 195.275 195.901
194.981 195.228 195.363
195.711 196.024 196.232
194.754 195.410 196.045
194.894 195.556 196.256
194.814 195.121 195.546
194.703 195.209 195.710
194.868 195.213 195.416
194.637 194.927 195.046
194.769 194.986 195.186
195.127 195.502 196.536
194.843 195.346 195.884
194.963 195.180 195.552
194.786 195.260 195.607
194.726 195.071 195.466
194.912 195.516 196.463
194.729 195.112 195.556
194.632 195.268 196.139
194.988 195.220 195.749
194.782 195.124 195.381
194.964 195.296 195.732
195.003 195.392 196.044
194.460 195.102 195.944
195.017 195.246 195.404
194.750 194.854 195.023
194.916 195.335 195.856
194.766 195.143 195.455
194.643 195.216 195.597
194.678 194.942 195.217
194.998 195.327 195.992
195.007 195.517 196.315
194.922 195.314 195.585
194.803 195.109 195.322
195.001 195.221 195.513
194.994 195.267 195.517
195.010 195.275 195.636
194.889 195.371 196.188
194.809 195.692 198.094
194.754 195.046 195.404
194.946 195.092 195.341
195.019 195.435 195.988
195.154 195.349 195.556
194.656 195.124 195.510
194.761 195.097 195.365
194.839 195.149 195.336
195.087 195.437 195.901
194.920 195.196 195.429
194.904 195.701 196.580
194.792 195.245 195.760
195.058 195.628 196.491
195.173 195.484 196.145
195.575 196.884 200.248
194.875 195.279 195.954
194.965 195.393 196.227
194.939 195.523 196.402
195.046 195.834 197.157
195.014 195.179 195.476
194.727 195.077 195.456
194.830 195.191 195.475
194.818 195.251 195.919
194.817 195.200 195.519
194.607 195.192 195.964
194.698 195.182 195.523
194.761 196.136 199.475
194.943 195.388 195.793
195.061 195.438 195.973
195.059 195.408 195.731
194.937 196.264 200.212
195.094 195.270 195.708
194.923 195.154 195.441
195.206 195.301 195.452
194.866 195.252 196.166
195.129 195.562 196.234
194.962 195.343 195.900
194.878 195.093 195.240
194.936 195.343 195.600
195.042 195.304 195.560
194.979 195.343 195.845
195.008 195.208 195.457
194.975 195.301 195.436
195.040 195.291 195.673
194.866 195.300 195.745
194.932 195.266 195.482
194.968 195.201 195.524
194.810 195.570 196.354
194.839 195.116 195.512
195.368 195.643 195.887
195.135 195.486 196.073
195.327 195.660 196.437
195.108 195.520 196.258
194.764 195.454 196.556
194.774 195.276 195.634
195.013 195.316 195.646
194.709 195.196 195.810
194.813 195.489 195.877
194.968 195.661 196.566
195.121 195.280 195.389
195.333 195.777 196.233
194.581 195.272 195.733
194.975 195.132 195.273
194.904 195.532 196.311
195.204 195.658 196.291
194.695 195.199 195.655
195.016 195.560 196.015
194.955 195.454 196.159
195.063 195.538 196.030
195.061 195.580 196.088
194.928 195.447 196.562
195.146 195.486 196.068
194.756 195.203 195.551
195.297 195.772 196.636
195.595 196.151 196.780
194.974 195.629 196.035
195.082 195.387 195.971
194.973 195.585 196.567
194.833 195.491 196.326
194.765 195.209 195.706
195.404 195.859 196.285
195.144 195.585 196.439
195.149 195.761 196.078
194.884 195.445 196.051
194.959 195.413 196.009
195.044 195.340 195.518
195.122 195.557 196.386
194.713 195.169 195.493
194.949 195.509 196.299
194.791 195.118 195.444
194.853 195.420 196.396
195.409 195.581 196.050
195.048 195.683 196.749
194.997 195.495 196.128
195.201 195.671 196.108
194.961 195.382 196.064
195.550 195.718 195.835
195.004 195.437 196.248
194.994 195.388 195.908
195.171 195.487 195.648
195.326 195.516 195.999
195.495 195.836 196.393
194.615 195.161 195.558
195.091 195.303 195.827
194.860 195.238 195.627
194.815 195.199 195.414
194.862 195.721 196.494
194.981 195.255 195.646
195.130 195.727 196.637
194.568 195.130 195.539
195.200 195.492 195.924
195.040 195.368 195.660
194.997 195.305 195.630
194.723 195.591 197.503
195.089 195.532 196.221
194.872 195.224 195.725
195.084 195.611 196.377
194.615 195.112 195.951
194.530 195.239 196.397
194.909 195.492 195.895
194.636 195.289 195.874
195.089 195.392 195.825
195.206 195.756 196.572
194.824 195.052 195.259
195.059 195.304 195.599
195.277 195.579 196.084
194.855 195.322 195.958
194.821 195.017 195.200
194.869 195.118 195.369
194.973 195.426 195.572
194.950 195.765 196.969
194.669 195.032 195.352
194.961 195.432 196.133
194.710 195.716 197.230
194.756 195.342 196.446
195.144 195.296 195.552
195.015 195.206 195.560
194.740 195.043 195.563
194.849 195.698 198.068
195.040 195.252 195.559
194.670 195.452 196.100
195.077 195.461 195.686
194.595 195.008 195.538
194.679 194.972 195.253
194.595 195.997 197.328
194.880 195.100 195.259
194.695 195.362 196.400
194.957 195.155 195.446
195.104 195.464 196.031
194.577 194.901 195.248
194.920 195.448 195.856
194.608 194.963 195.313
194.763 195.204 195.605
194.906 195.234 195.788
195.110 195.271 195.657
194.623 195.157 196.099
194.633 195.128 195.840
194.960 195.641 196.437
194.611 195.236 195.567
194.783 195.149 195.394
194.795 195.135 195.759
194.844 195.108 195.412
194.589 194.876 195.449
194.926 195.200 195.868
194.609 195.092 195.416
194.809 195.055 195.638
194.857 195.543 196.004
194.468 194.862 195.250
194.714 195.113 195.446
194.626 195.088 195.746
195.007 195.175 195.414
195.371 196.582 198.151
194.841 195.330 195.825
194.685 195.043 195.427
194.843 195.205 195.433
194.739 195.036 195.349
195.150 195.506 196.329
194.792 195.036 195.310
194.600 195.063 195.468
194.708 195.290 195.829
194.683 194.912 195.154
194.892 195.350 195.990
194.793 195.061 195.262
194.874 195.169 195.821
194.722 195.017 195.368
194.679 194.924 195.221
194.794 195.110 195.453
194.688 195.239 195.931
194.628 195.156 195.990
194.756 195.224 195.933
194.622 195.156 195.832
194.620 194.814 195.132
194.714 195.144 195.686
194.585 194.986 195.291
194.722 194.985 195.317
194.484 194.989 195.263
194.860 195.116 195.333
194.556 194.874 195.217
194.687 195.051 195.493
194.643 194.847 195.157
194.601 194.897 195.021
194.569 194.836 195.353
194.913 195.052 195.315
194.703 195.079 195.668
194.557 194.778 195.026
194.782 195.366 196.229
194.566 195.005 195.629
194.752 195.031 195.288
194.816 195.110 195.745
194.825 195.574 196.884
194.634 195.100 196.013
194.724 194.948 195.309
194.556 194.857 195.037
194.663 194.918 195.250
194.637 194.913 195.513
194.908 195.798 198.670
194.612 194.815 195.126
194.591 195.013 195.643
195.192 195.261 195.395
194.640 195.066 195.885
194.705 195.115 195.733
194.913 195.118 195.273
194.750 194.972 195.291
194.572 194.885 195.541
194.693 195.064 195.850
194.781 194.992 195.561
194.768 195.068 195.635
194.944 198.479 212.184
194.715 194.887 195.126
194.591 194.806 194.994
194.710 194.894 195.222
194.849 195.435 197.190
194.533 194.906 195.307
194.647 194.804 195.066
194.779 195.299 195.645
194.705 195.106 195.880
194.728 195.052 195.393
194.707 194.901 195.392
194.385 194.672 194.845
194.669 195.030 195.314
194.564 195.010 195.312
194.464 194.919 195.437
194.540 194.830 195.325
194.622 194.886 195.147
194.571 195.104 195.711
194.521 195.060 196.056
194.584 194.919 195.158
194.735 195.030 195.547
194.844 195.017 195.147
194.635 194.837 195.101
194.865 195.057 195.523
194.558 194.847 195.357
194.920 195.244 195.812
194.647 194.891 195.310
194.684 194.840 195.002
194.519 194.831 195.071
194.809 195.020 195.344
194.697 194.841 195.004
194.551 194.784 195.063
194.888 195.358 196.387
194.712 195.022 195.699
194.655 194.910 195.224
194.874 195.194 195.668
194.679 195.054 195.288
194.533 194.756 194.911
194.798 194.995 195.158
194.873 195.061 195.243
194.853 195.262 195.796
194.678 195.038 195.520
194.650 194.812 195.194
194.777 194.986 195.323
194.602 194.848 195.044
194.648 194.787 195.073
194.513 194.840 195.038
194.719 194.920 195.062
194.791 195.127 195.525
194.504 194.911 195.493
194.587 194.714 194.842
194.651 194.750 194.916
194.646 195.035 195.337
194.749 195.021 195.348
194.783 194.885 195.035
194.688 194.840 194.989
194.648 194.974 195.361
194.530 194.918 195.261
194.609 195.190 195.752
194.626 195.217 196.007
194.582 194.813 195.134
194.659 194.894 195.245
194.614 194.873 195.246
194.961 195.068 195.184
194.666 194.880 195.151
194.726 194.877 195.225
194.669 194.881 195.117
194.571 194.936 195.605
194.861 195.157 195.499
194.474 194.654 194.892
194.588 195.187 196.841
194.607 194.862 195.203
194.590 194.936 195.440
194.641 194.945 195.385
194.472 194.621 194.853
194.767 194.931 195.133
194.594 194.857 195.008
194.664 194.797 194.945
194.621 194.838 195.144
194.677 194.797 195.005
194.795 194.901 195.262
194.461 194.777 195.309
194.585 194.823 195.112
194.835 195.636 198.375
194.590 194.753 195.062
194.750 194.929 195.265
194.968 195.134 195.347
194.659 194.842 195.041
194.504 194.879 195.220
194.526 194.810 195.164
194.541 194.808 195.083
194.634 194.772 194.983
194.623 194.959 195.414
194.642 194.876 195.212
194.750 194.943 195.070
194.750 194.979 195.332
194.576 195.097 195.860
194.632 195.055 195.699
194.679 195.064 196.056
194.819 195.031 195.174
194.558 194.723 194.859
194.600 194.811 195.077
194.720 194.859 195.092
194.602 194.732 194.939
194.719 194.922 195.194
194.603 195.315 197.313
194.615 194.951 195.299
194.655 195.300 196.967
194.712 194.989 195.444
194.563 194.822 195.139
194.525 194.754 195.006
194.773 195.102 195.624
194.810 194.981 195.476
194.666 195.017 195.689
194.659 194.823 194.949
194.667 194.792 195.180
194.629 194.872 195.243
194.586 194.780 195.359
194.647 194.781 195.185
194.507 194.713 194.934
194.660 194.874 195.235
194.707 195.003 195.508
194.470 194.824 195.477
194.756 194.872 195.061
194.614 194.731 195.062
194.725 195.002 195.423
194.624 194.880 195.351
194.739 194.880 195.024
194.616 194.978 195.246
194.600 194.934 195.945
194.619 194.760 194.992
194.510 194.822 195.249
194.682 195.007 195.448
194.629 194.999 195.500
194.665 194.928 195.229
194.695 194.878 195.313
194.594 194.678 194.813
194.706 194.958 195.142
194.626 194.925 195.259
194.584 194.806 194.954
194.831 195.196 196.144
194.503 194.834 195.247
194.556 194.851 195.154
194.675 194.768 194.957
194.525 194.891 195.338
194.734 194.876 195.102
194.942 195.333 195.707
194.768 195.131 195.676
194.915 195.157 195.379
194.717 194.860 195.132
194.485 195.065 195.600
194.719 194.918 195.241
194.530 194.815 195.475
194.580 194.987 195.392
194.563 194.917 195.311
194.787 194.967 195.144
194.472 194.741 195.334
194.743 194.969 195.300
194.723 194.848 194.960
194.627 194.942 195.333
194.708 194.885 195.317
194.783 195.138 195.376
194.628 195.041 196.149
194.701 194.977 195.229
194.574 194.962 195.275
194.661 195.016 195.383
194.785 195.210 195.944
194.641 194.812 194.932
194.890 195.036 195.282
194.655 195.061 195.546
194.925 195.069 195.248
194.584 194.873 195.218
194.818 195.045 195.327
194.842 194.985 195.107
194.741 195.218 195.716
194.563 194.916 195.303
194.769 195.047 195.180
194.467 194.789 195.113
194.593 195.119 195.951
194.833 195.134 195.323
194.868 194.962 195.200
194.625 194.847 195.104
194.639 194.923 195.519
194.644 194.941 195.282
194.858 195.091 195.271
194.907 195.186 195.524
194.706 195.104 195.384
195.082 195.370 195.862
194.703 194.865 195.151
194.948 195.139 195.380
194.691 195.029 195.444
194.653 194.907 195.288
194.930 195.119 195.351
194.635 194.989 195.485
194.756 195.226 195.808
194.948 195.124 195.475
194.658 195.036 195.403
195.145 195.737 196.380
194.696 194.951 195.138
194.935 195.197 196.005
194.819 195.416 195.817
194.762 195.189 195.665
194.892 195.473 195.898
194.638 195.072 195.357
194.851 195.506 196.201
194.824 195.305 196.233
195.199 195.451 195.811
194.923 195.233 195.498
195.158 195.455 196.008
194.740 195.217 195.722
194.846 195.061 195.430
194.838 195.871 198.767
194.810 195.273 195.588
194.669 195.032 195.956
194.779 195.116 195.582
194.991 195.335 195.847
195.113 195.335 195.571
194.772 195.025 195.356
194.781 195.068 195.574
194.872 195.360 195.977
195.022 195.347 195.717
194.777 195.438 196.075
194.666 194.940 195.272
194.658 195.592 196.473
194.530 195.117 195.455
194.864 195.224 196.203
194.904 195.120 195.408
194.912 195.173 195.334
194.876 195.172 195.413
194.780 195.251 195.586
194.882 195.198 195.830
194.791 195.306 196.014
194.686 195.218 195.486
194.862 195.189 195.839
194.785 195.489 196.024
195.007 195.334 195.744
195.003 195.318 195.456
194.873 195.539 196.255
194.761 195.172 195.551
194.962 195.573 196.466
194.733 195.935 197.541
194.916 195.659 196.866
194.846 195.488 196.277
194.976 195.411 195.785
194.972 195.151 195.358
194.817 195.595 196.317
194.683 195.163 195.591
194.940 195.312 196.006
194.827 195.306 195.849
194.929 195.439 196.157
194.831 195.418 196.299
194.893 195.212 195.591
194.848 195.149 195.673
194.850 195.141 195.651
194.968 195.680 196.217
194.867 195.336 195.661
195.285 195.652 196.105
194.647 195.208 196.099
195.172 195.672 196.419
195.189 195.332 195.688
194.731 195.089 195.331
194.760 195.415 196.529
194.854 195.428 196.531
195.135 195.360 195.578
194.636 194.948 195.462
194.911 195.414 195.917
194.948 195.214 195.682
195.072 195.553 196.923
195.143 195.381 195.959
195.237 195.376 195.531
195.408 195.663 196.148
194.944 195.089 195.252
194.761 195.058 195.437
194.851 195.326 195.767
195.013 195.488 196.144
194.851 195.349 196.099
194.717 195.110 195.507
195.028 195.403 195.896
194.856 195.621 196.259
194.699 195.045 195.580
195.129 195.487 195.697
194.665 195.415 196.627
194.646 195.148 195.975
194.863 195.343 195.841
194.836 195.321 195.844
194.740 195.084 195.335
195.046 195.377 195.741
194.757 195.115 195.689
194.708 195.197 196.121
195.116 195.343 195.581
195.315 195.604 196.023
195.263 195.376 195.440
195.030 195.232 195.588
194.912 195.158 195.500
195.153 195.655 196.385
194.832 195.514 196.036
194.820 195.023 195.228
194.949 195.437 195.816
194.886 195.373 195.899
194.819 195.229 195.803
194.595 195.032 195.664
194.666 195.021 195.351
194.750 195.083 195.320
194.739 195.496 196.163
194.654 195.396 196.367
195.118 195.387 195.707
194.861 195.265 195.821
195.252 195.705 196.703
194.791 195.388 195.968
195.054 195.863 197.688
194.846 195.269 195.731
194.977 195.341 196.166
194.886 195.266 195.851
195.218 195.446 196.083
194.812 195.463 196.177
195.123 195.463 196.146
195.047 195.630 197.155
195.111 195.319 195.719
194.783 195.268 195.790
194.903 195.491 196.679
195.010 195.245 195.512
195.047 195.398 196.000
194.937 195.581 196.831
195.296 195.653 196.254
194.811 195.212 195.886
194.800 195.024 195.577
194.992 195.307 195.800
194.835 195.136 195.400
194.919 195.472 196.067
195.068 195.498 195.847
195.157 195.778 196.552
195.040 195.269 195.447
194.875 195.776 198.822
195.101 195.317 195.895
194.904 195.329 196.254
195.002 195.275 195.561
194.964 195.459 196.199
194.976 195.218 195.412
194.744 195.322 195.721
194.992 195.401 195.908
194.680 195.337 195.865
195.167 195.526 196.593
195.041 195.351 195.664
194.961 195.431 196.297
195.215 195.419 195.947
195.183 195.395 195.739
194.861 195.242 195.764
194.948 195.347 196.054
195.103 195.292 195.624
194.810 195.553 196.796
194.610 195.366 196.126
194.807 195.513 196.483
194.911 195.301 195.849
195.132 195.495 195.959
195.126 195.373 195.662
194.953 195.446 196.010
194.759 195.188 195.598
194.681 195.336 196.022
0 0 0
0 0 0
185.550 185.801 186.146
185.563 186.090 186.670
185.669 186.128 187.317
185.616 186.000 186.873
185.539 185.929 186.956
185.207 185.648 185.992
194.989 195.314 195.641
194.574 195.217 195.832
194.881 195.115 195.559
194.923 195.164 195.495
195.229 195.446 195.931
194.969 195.400 196.028
195.098 195.479 195.928
194.889 195.535 196.233
195.049 195.322 195.653
194.962 195.226 195.487
185.932 186.307 186.903
0 0 0
194.670 195.130 196.000
195.114 195.349 195.649
195.225 195.458 195.987
194.849 195.255 195.780
195.101 195.576 196.088
194.701 195.140 195.464
195.234 195.640 196.135
194.808 195.147 195.325
195.142 195.668 196.334
194.750 195.063 195.536
194.997 195.363 195.714
194.986 195.240 195.648
195.066 195.386 195.675
194.724 195.393 196.694
194.794 195.319 195.768
195.021 195.416 195.980
194.941 195.447 195.969
195.487 195.868 196.384
195.206 195.662 196.480
195.132 195.405 196.125
194.684 195.222 196.477
194.535 195.307 196.016
194.891 195.515 195.894
194.843 195.162 195.598
195.007 195.271 195.602
194.725 195.151 195.665
194.832 195.108 195.502
194.808 195.076 195.504
195.001 195.499 196.182
194.963 195.204 195.405
195.106 195.623 196.358
194.834 195.214 195.649
195.108 195.426 195.713
195.180 195.509 195.867
194.744 195.391 196.852
195.059 195.525 196.541
195.251 195.338 195.516
194.971 195.067 195.188
194.801 196.078 200.316
194.635 195.139 195.500
195.030 195.441 195.946
195.090 195.412 196.162
194.865 195.159 195.559
195.022 195.422 195.625
194.701 195.230 195.610
194.726 195.090 195.584
194.760 195.131 195.295
195.168 195.596 196.272
194.958 195.278 195.606
195.212 195.421 195.610
194.907 195.214 195.455
195.036 195.419 195.930
195.310 195.962 196.779
194.939 195.334 195.991
194.899 195.251 195.768
194.932 195.472 196.086
194.890 195.326 195.766
195.237 195.681 196.622
194.826 195.784 196.620
194.906 195.368 195.843
194.937 195.411 196.047
195.208 195.598 196.168
194.795 195.673 196.478
194.862 195.440 196.409
195.001 195.427 195.817
195.126 195.303 195.411
195.008 196.128 198.889
194.784 195.075 195.295
194.709 195.167 195.811
195.026 195.661 196.848
195.119 195.388 195.643
194.971 195.429 196.245
195.311 195.572 195.781
195.108 195.216 195.332
195.102 195.339 195.640
195.234 195.381 195.539
195.077 195.469 195.998
194.666 195.197 195.898
194.956 195.252 195.448
194.793 195.038 195.481
195.006 195.234 195.440
195.063 195.907 196.502
195.172 195.555 196.076
194.737 195.021 195.198
194.875 195.433 196.269
194.827 195.385 196.141
195.079 195.330 195.646
194.725 195.300 196.374
194.998 195.493 196.262
194.641 195.130 195.558
194.863 195.328 195.986
194.505 195.341 195.823
194.810 195.240 196.089
195.007 195.550 196.307
194.980 195.257 195.423
194.618 195.606 196.356
194.898 195.325 196.317
195.183 195.706 196.395
195.117 195.311 195.646
195.023 195.381 195.967
194.793 195.585 196.643
194.891 195.056 195.284
195.065 195.530 196.318
195.005 195.502 196.643
194.826 195.052 195.269
194.799 195.478 196.963
195.150 195.589 196.261
194.849 195.450 196.443
194.850 195.158 195.384
194.583 195.336 196.650
194.873 195.264 195.704
194.865 195.172 195.568
194.937 195.346 195.923
195.110 195.419 195.702
194.985 195.235 195.364
195.056 195.263 195.419
195.103 195.370 196.066
195.036 195.586 196.384
194.791 195.139 195.797
194.789 195.319 195.778
194.856 195.084 195.337
194.947 195.522 196.168
194.900 196.185 199.388
195.061 195.467 195.710
194.747 195.007 195.246
194.713 194.960 195.267
194.930 195.288 195.630
194.710 195.026 195.195
195.141 195.215 195.426
195.197 195.380 195.697
194.736 195.021 195.311
194.990 195.331 196.014
194.845 195.127 195.457
194.795 195.170 195.586
194.833 195.053 195.501
194.954 195.190 195.367
195.000 195.263 195.695
194.831 195.192 195.567
194.816 195.068 195.650
194.947 195.166 195.399
194.654 194.958 195.193
194.594 195.179 195.770
194.889 195.406 196.277
194.971 195.249 195.861
194.739 195.252 196.155
194.959 195.250 195.795
194.730 195.239 195.779
194.679 195.067 195.415
194.972 195.288 195.677
194.921 195.330 195.865
194.663 195.156 195.552
194.716 194.961 195.284
194.940 195.166 195.677
194.839 195.063 195.524
195.108 195.403 195.686
194.787 195.237 195.660
194.782 195.019 195.444
194.697 195.065 195.666
194.923 195.395 195.888
194.843 195.366 195.896
194.879 195.092 195.313
194.901 195.162 195.475
194.628 194.875 195.170
194.592 195.297 195.930
194.843 195.160 195.657
194.674 194.877 195.199
194.575 194.887 195.123
194.897 194.996 195.139
194.856 195.069 195.546
194.753 195.205 195.438
194.945 195.198 195.318
194.519 194.992 195.661
194.862 195.041 195.327
194.486 194.673 195.060
194.674 195.315 197.297
194.808 195.148 195.613
194.918 195.322 196.006
194.889 195.322 195.734
195.137 195.564 196.164
195.025 195.449 195.980
194.701 195.157 195.863
194.700 195.077 195.449
194.953 195.103 195.309
194.838 195.390 195.964
195.250 195.373 195.604
194.829 195.070 195.242
194.858 195.250 195.721
194.829 195.292 195.544
195.125 195.294 195.625
194.709 195.141 195.858
194.877 195.101 195.521
194.862 195.233 196.391
194.965 195.408 196.243
194.936 195.439 196.180
194.809 195.206 195.734
195.135 195.448 196.010
194.886 195.169 195.456
195.110 195.210 195.320
194.789 195.748 196.900
194.625 194.834 194.991
195.392 195.637 196.002
194.716 195.251 195.571
194.774 195.426 195.864
194.866 195.262 195.630
194.794 195.309 196.678
194.764 195.186 195.466
194.758 195.244 195.944
194.769 194.937 195.172
194.676 195.184 195.701
195.043 195.318 195.831
194.897 195.282 195.455
195.131 195.992 196.732
194.784 195.375 195.985
194.808 195.329 195.882
195.071 195.752 196.590
195.128 197.475 198.264
195.083 197.268 198.339
194.981 196.840 198.855
194.900 195.298 195.738
195.088 195.353 195.927
195.166 195.544 196.067
195.061 195.311 195.577
194.857 195.117 195.581
194.705 195.215 195.699
195.041 195.305 196.089
194.884 195.121 195.369
194.940 195.236 195.513
194.787 196.204 200.396
194.767 194.950 195.134
195.132 195.218 195.312
194.987 196.167 198.438
194.669 195.264 195.568
194.982 195.327 195.668
194.841 195.205 195.410
194.808 195.324 195.593
194.851 195.132 195.413
194.680 195.048 195.344
195.059 195.413 195.943
194.882 195.272 195.930
194.962 195.202 195.540
195.096 195.377 195.751
194.882 195.124 195.526
194.754 195.199 195.433
194.973 195.592 196.341
194.540 195.518 196.083
195.155 195.689 196.789
194.983 195.300 195.577
195.258 195.667 196.586
195.070 195.463 196.246
195.035 195.227 195.816
194.624 195.442 196.062
194.859 195.129 195.423
195.046 195.516 196.323
194.745 195.833 198.726
195.269 195.760 196.255
195.123 195.513 196.852
194.923 195.409 196.419
195.187 196.278 200.212
195.200 195.331 195.574
195.157 195.537 196.367
195.082 195.453 196.410
194.865 195.317 195.966
195.096 195.573 196.046
194.868 195.333 195.677
195.280 195.651 196.200
195.249 195.337 195.394
195.030 195.971 197.193
194.690 195.764 197.795
195.497 196.188 197.752
194.751 195.236 196.036
195.037 195.414 196.371
194.807 195.201 195.581
195.093 195.498 196.484
195.011 195.461 196.345
195.049 196.609 198.007
195.006 196.443 197.771
195.162 196.186 198.291
195.147 195.754 197.295
194.930 195.355 195.619
195.216 195.807 196.436
194.971 195.797 197.481
195.170 195.996 197.686
194.922 195.250 195.588
194.852 195.345 195.893
195.335 195.687 196.027
194.970 195.423 196.008
194.596 195.265 196.258
194.892 195.257 195.794
195.175 195.705 196.358
195.010 195.354 195.643
194.834 195.576 196.029
195.131 195.634 196.102
195.028 195.214 195.433
195.248 195.632 196.030
194.795 195.388 195.807
194.739 195.403 195.821
194.735 195.304 195.785
194.961 195.377 196.316
194.896 195.436 195.933
195.051 195.536 195.998
194.761 195.379 195.638
195.210 195.436 196.067
194.557 195.073 195.596
194.875 195.510 196.963
195.209 195.450 196.200
194.963 195.535 196.358
194.838 195.214 195.737
195.019 195.310 195.774
194.986 195.229 195.477
194.887 195.355 196.048
195.169 195.511 196.157
195.065 195.449 195.988
194.956 195.382 195.787
195.146 195.472 196.015
194.889 195.397 196.175
195.450 195.816 196.330
195.198 195.347 195.762
194.977 195.246 195.481
195.093 195.233 195.453
194.773 195.098 195.650
194.660 195.192 195.647
194.559 195.308 196.378
195.029 195.155 195.397
194.592 195.294 195.981
195.005 195.365 195.709
195.166 195.798 197.285
194.685 195.113 195.445
194.846 195.419 196.671
195.247 195.693 196.730
194.954 195.191 195.365
194.642 195.397 196.604
195.165 195.506 196.050
194.652 195.017 195.649
195.064 196.210 199.915
195.135 195.293 195.739
194.840 194.966 195.096
195.054 195.393 196.296
194.755 195.117 195.366
194.738 195.290 195.963
194.757 195.175 195.667
194.954 195.395 195.867
194.712 195.243 196.104
194.942 195.435 196.566
194.933 195.139 195.366
195.089 195.220 195.371
194.806 195.382 196.380
194.591 194.953 195.349
194.802 195.314 195.954
195.076 195.240 195.529
194.546 194.806 194.970
194.900 195.309 195.866
194.886 195.133 195.700
194.786 195.036 195.235
195.054 195.570 196.232
194.651 194.988 195.288
194.738 195.125 195.466
194.830 195.281 195.503
194.685 195.002 195.329
194.801 194.961 195.103
194.930 195.090 195.252
194.821 195.257 195.501
194.564 194.874 195.187
194.842 195.206 195.367
194.822 194.963 195.173
194.688 195.073 195.593
194.792 195.691 197.240
194.732 195.331 196.835
195.011 195.491 196.745
194.666 195.180 196.437
194.645 195.033 195.312
194.609 195.108 195.657
194.789 195.165 195.582
194.825 195.293 195.550
194.669 195.208 196.145
194.720 195.353 196.979
194.649 195.052 195.321
194.753 194.989 195.519
194.608 195.032 195.359
194.717 194.787 194.839
194.773 195.316 196.137
194.537 194.800 195.095
194.782 195.238 195.676
194.823 195.076 195.278
194.547 194.922 195.532
194.686 194.924 195.488
194.571 194.947 195.197
194.729 195.055 195.538
194.702 194.795 194.956
194.658 195.465 196.639
194.849 195.602 197.925
194.617 195.081 195.595
194.524 194.733 194.878
194.839 195.298 195.942
194.723 195.139 195.555
194.917 195.462 195.831
194.469 194.851 195.100
194.600 194.888 195.070
194.861 195.103 195.357
194.734 195.146 195.384
194.771 195.163 195.434
194.501 195.035 195.811
194.703 194.898 195.059
194.614 194.934 195.259
194.756 194.858 195.004
194.598 195.248 196.780
194.612 194.868 195.281
194.717 195.075 195.467
194.633 195.007 195.419
194.606 195.180 195.724
194.748 195.424 196.502
194.612 194.926 195.370
194.682 194.892 195.296
194.748 195.108 195.681
194.768 194.834 194.919
194.633 194.914 195.498
194.670 195.024 195.591
194.814 195.107 195.246
194.551 194.984 195.321
194.540 194.729 194.934
194.918 195.203 195.844
194.679 194.931 195.095
194.695 195.145 195.805
195.186 195.307 195.487
194.511 195.019 195.877
194.650 194.822 195.049
194.740 195.030 195.414
194.728 194.943 195.327
194.976 195.077 195.178
194.764 194.987 195.187
194.538 194.739 194.893
194.516 194.956 195.945
194.733 194.976 195.647
194.543 194.867 195.103
194.619 195.028 195.441
194.769 195.132 195.652
194.811 195.061 195.351
194.624 194.940 195.805
194.744 195.054 195.497
194.668 194.939 195.286
194.540 194.861 195.165
194.708 195.029 195.406
194.564 194.886 195.417
194.709 194.963 195.144
194.667 194.986 195.434
194.656 195.033 195.273
194.574 194.901 195.540
194.466 194.804 195.087
194.571 194.969 195.736
194.771 194.864 194.973
194.676 194.861 195.094
194.783 194.999 195.080
194.672 195.199 195.764
194.696 194.983 195.260
194.692 195.012 195.361
194.625 194.845 195.011
194.655 194.855 195.090
194.641 195.002 195.198
194.517 194.761 194.910
194.807 195.084 195.419
194.467 194.851 195.302
194.863 195.524 197.284
194.659 194.965 195.807
194.681 194.810 195.198
194.661 194.888 195.054
194.539 194.863 195.078
194.658 194.942 195.116
194.566 194.830 195.222
194.581 194.731 194.905
194.848 195.121 195.257
194.586 194.886 195.200
194.673 194.863 194.960
194.724 194.938 195.211
194.630 194.821 195.224
194.630 194.812 195.239
194.708 194.861 195.030
194.759 194.948 195.288
194.903 195.166 195.714
194.652 194.960 195.509
194.638 194.877 195.307
194.536 194.749 195.066
194.750 194.937 195.212
194.762 194.934 195.061
194.692 195.027 195.491
194.672 195.316 197.254
194.618 194.896 195.524
194.752 194.816 194.936
194.517 194.667 194.907
194.803 194.875 195.008
194.687 194.973 195.181
194.464 194.676 195.099
194.618 194.797 194.978
194.598 194.784 195.077
194.641 194.705 194.863
194.506 194.989 195.382
194.548 194.636 194.800
194.611 194.952 195.457
194.766 194.926 195.362
194.812 195.192 195.895
194.544 194.766 194.966
194.483 194.970 196.135
194.567 194.638 194.715
194.743 195.007 195.696
194.613 194.789 194.967
194.662 194.750 194.920
194.621 194.863 195.114
194.537 194.909 195.446
194.668 194.816 195.028
194.629 194.987 195.218
194.629 194.903 195.205
194.674 194.830 195.159
194.738 194.813 194.868
194.628 194.872 195.083
194.770 194.807 194.850
194.517 195.046 195.279
194.666 194.870 195.124
194.650 194.811 195.038
194.671 194.802 194.869
194.698 194.910 195.152
194.670 194.960 195.231
194.730 194.883 195.111
194.700 195.056 195.295
194.617 194.923 195.242
194.591 195.261 197.466
194.691 194.897 195.062
194.686 194.772 194.922
194.672 195.029 195.375
194.563 194.812 195.061
194.626 194.910 195.363
194.694 194.791 195.069
194.568 194.848 195.097
194.656 194.707 194.788
194.677 194.765 194.893
194.698 194.886 195.198
194.668 195.053 195.658
194.584 194.851 195.103
194.551 194.892 195.281
194.638 194.776 194.925
194.547 194.837 195.336
194.562 194.831 195.115
194.604 195.863 199.807
194.525 195.363 198.060
194.740 195.024 195.281
194.598 195.004 195.330
194.611 194.949 195.244
194.620 194.740 194.931
194.691 194.842 195.056
194.591 195.127 195.694
194.541 194.716 194.952
194.605 194.823 195.135
194.674 194.863 194.970
194.598 194.910 195.469
194.826 195.035 195.209
194.697 194.832 194.961
194.601 195.029 195.599
194.744 194.832 194.997
194.648 194.853 195.084
194.622 194.924 195.136
194.662 195.093 195.903
194.669 194.873 195.503
194.543 194.775 195.028
194.759 194.941 195.222
194.519 194.631 194.804
194.688 194.929 195.156
194.489 194.838 195.227
194.625 194.855 195.061
194.611 194.931 195.114
194.538 194.883 195.073
194.619 194.893 195.544
194.635 195.065 195.295
194.584 194.727 194.831
194.783 195.091 195.421
194.783 194.984 195.124
194.479 194.667 194.932
194.420 194.915 195.285
194.591 194.927 195.117
194.713 195.465 197.483
194.724 194.928 195.151
194.893 196.471 201.424
194.669 195.008 195.485
194.556 194.782 195.162
194.654 194.859 195.228
194.470 194.834 195.406
194.610 194.858 195.152
194.672 194.998 195.310
194.604 194.966 195.353
194.579 194.998 195.326
194.644 194.949 195.376
194.682 194.892 195.433
194.935 195.012 195.114
194.814 195.011 195.371
194.624 195.048 195.833
194.734 194.922 195.119
194.704 194.938 195.172
194.678 194.920 195.194
194.726 195.173 195.756
194.671 195.149 196.189
194.791 194.983 195.216
194.921 195.313 196.220
194.805 195.121 195.368
194.860 195.176 195.457
194.934 195.026 195.170
194.863 195.082 195.190
194.709 194.942 195.079
194.786 195.073 195.315
194.678 194.955 195.309
194.830 195.003 195.184
194.753 194.953 195.132
194.937 195.180 195.509
194.738 195.169 196.110
194.588 194.978 195.562
194.501 195.105 195.508
195.063 195.364 195.826
194.655 195.152 195.612
194.739 196.316 200.517
194.897 195.030 195.233
194.924 195.345 195.839
196.235 197.136 198.369
194.960 195.298 195.958
194.762 194.932 195.180
194.801 195.078 195.400
194.653 194.988 195.235
194.603 194.877 195.046
194.750 194.933 195.480
194.988 195.207 195.524
194.758 194.891 195.060
194.988 195.302 195.599
195.049 195.271 195.654
194.985 195.110 195.270
194.628 195.048 195.370
195.117 195.248 195.418
194.734 195.018 195.152
195.179 195.279 195.408
194.585 194.795 194.905
194.761 195.128 195.753
194.771 195.229 195.868
194.658 195.065 195.281
194.633 195.228 196.325
194.660 194.777 195.223
195.006 195.124 195.332
194.740 195.149 195.481
194.692 195.200 196.447
194.775 195.190 195.861
194.960 195.120 195.341
194.670 194.961 195.744
194.885 195.197 195.397
194.858 195.074 195.209
194.854 195.180 195.846
195.066 195.194 195.305
194.860 195.395 196.135
194.648 194.858 195.013
194.901 195.122 195.369
194.916 195.342 195.722
194.637 195.117 195.647
194.800 195.022 195.352
195.003 195.279 195.644
194.616 194.884 195.230
194.827 195.007 195.645
194.745 194.985 195.188
195.004 195.224 195.601
194.954 195.152 195.309
194.844 195.161 195.472
194.902 195.231 195.505
194.516 195.047 195.503
195.013 195.426 196.182
194.730 195.068 195.734
194.795 195.177 196.043
194.918 195.267 195.470
194.846 195.255 195.604
195.004 195.351 195.926
194.602 195.150 195.373
194.549 196.027 197.949
194.620 195.146 195.568
194.662 194.855 195.334
194.569 195.168 195.700
195.063 195.141 195.263
194.560 195.145 195.715
194.867 195.298 195.715
194.732 195.275 196.483
194.805 195.036 195.307
194.832 195.073 195.415
194.879 195.473 196.467
195.026 195.318 196.035
194.814 195.174 195.831
194.879 195.212 195.784
194.905 195.113 195.286
194.684 195.043 195.487
194.914 195.531 196.756
194.861 195.157 195.422
194.824 194.981 195.135
194.817 195.141 195.476
194.946 195.224 195.635
194.850 195.442 196.321
195.221 195.472 195.856
194.821 195.059 195.287
194.698 195.208 195.753
194.658 195.272 196.213
194.823 195.093 195.625
194.724 194.999 195.232
194.832 195.188 195.598
194.684 194.854 195.029
194.612 194.845 195.179
195.116 195.297 195.460
195.109 195.256 195.453
194.846 195.176 195.490
194.588 194.683 194.811
194.819 195.200 195.595
194.728 195.163 195.409
194.910 195.066 195.306
194.809 195.099 195.376
194.708 194.930 195.130
194.692 195.288 196.056
194.698 195.058 195.357
194.577 195.358 197.266
194.826 195.237 195.808
194.655 195.188 195.698
195.066 195.275 195.528
194.980 195.275 195.476
194.771 195.147 195.547
195.241 195.480 196.022
194.608 194.834 195.025
194.556 194.869 195.471
194.571 194.978 195.342
194.920 195.144 195.257
194.853 195.059 195.467
194.900 195.466 196.215
194.865 195.399 196.676
194.964 195.238 196.006
194.794 195.167 195.534
194.959 195.520 195.837
194.811 195.080 195.602
194.716 195.072 195.370
194.739 195.096 195.492
194.625 195.149 195.662
194.666 195.017 195.152
194.807 195.037 195.340
194.752 195.190 195.552
194.891 195.060 195.209
194.842 195.056 195.348
194.839 194.990 195.183
194.703 194.823 194.925
194.661 195.066 195.639
194.930 195.340 195.911
194.774 195.396 196.023
194.685 195.172 195.560
194.784 195.025 195.319
194.861 195.463 195.710
194.850 195.484 196.837
195.052 195.441 195.779
194.586 195.232 195.990
194.484 195.319 196.094
194.900 195.061 195.267
194.830 195.051 195.204
194.918 195.233 195.554
194.534 195.174 195.745
194.635 195.008 195.387
194.992 195.199 195.695
194.793 195.038 195.329
194.837 195.084 195.383
194.747 194.994 195.178
194.932 195.021 195.193
194.873 195.300 196.478
194.636 194.986 195.216
194.782 195.290 195.717
194.786 195.119 195.329
194.788 195.260 195.984
194.846 195.208 195.743
194.760 194.980 195.423
194.849 195.361 195.775
194.669 195.345 196.690
194.657 195.197 196.350
194.763 195.222 196.107
194.881 195.186 195.780
194.606 194.986 195.851
194.743 195.036 195.383
194.587 194.973 195.340
194.852 194.969 195.157
194.724 194.830 194.924
195.160 195.548 196.021
194.705 195.008 195.408
195.172 195.333 195.651
194.743 195.142 195.459
194.680 195.317 196.483
194.938 195.265 195.801
194.702 195.159 195.974
194.869 195.186 195.787
195.024 195.597 196.234
194.815 195.364 196.108
194.886 195.201 195.625
195.086 195.338 195.869
194.632 195.091 195.420
194.946 195.316 196.233
194.940 195.336 196.374
194.914 195.187 195.517
194.998 195.436 196.281
194.846 195.190 195.747
194.748 195.096 195.545
194.747 195.030 195.676
194.921 195.209 195.810
194.938 195.131 195.298
194.768 195.144 195.533
194.787 195.119 195.825
194.891 195.151 195.867
194.750 194.957 195.391
194.969 195.147 195.430
194.891 195.112 195.621
194.946 195.347 195.854
194.633 195.059 195.557
194.642 195.065 195.200
195.053 195.326 195.706
194.870 195.138 195.747
194.957 195.377 196.397
194.601 194.936 195.331
195.141 195.526 195.964
194.732 195.009 195.406
194.845 195.206 195.459
194.935 195.106 195.239
194.904 195.155 195.471
194.793 195.013 195.376
195.169 195.504 195.855
194.617 195.185 196.040
194.804 195.581 197.251
194.763 195.107 195.821
195.221 195.301 195.454
194.749 195.110 195.319
194.817 195.053 195.294
194.955 195.157 195.535
194.982 195.227 195.656
194.563 194.979 195.116
194.807 195.016 195.162
194.720 194.989 195.358
194.632 194.979 195.184
195.040 195.222 195.412
194.623 195.096 195.341
194.844 195.790 198.014
194.787 195.193 195.414
194.794 195.095 195.402
194.783 195.130 195.495
194.842 195.034 195.314
195.014 195.739 196.394
194.587 195.117 195.411
195.040 195.582 196.313
194.622 195.433 196.250
194.793 195.303 196.567
195.012 195.135 195.325
194.884 195.169 195.462
194.948 195.200 195.616
194.693 195.038 195.542
194.821 195.120 195.423
194.732 194.995 195.218
194.824 195.159 195.693
194.611 195.158 195.861
194.585 195.389 196.078
195.162 195.420 196.202
194.920 195.606 196.226
194.672 194.914 195.272
194.973 195.053 195.212
194.780 195.181 195.601
194.998 195.289 195.759
194.875 195.301 195.553
195.031 195.341 195.990
195.016 195.170 195.278
194.716 195.040 195.589
194.658 195.220 196.325
194.921 195.379 195.673
194.700 195.162 195.650
194.745 195.038 195.254
194.730 194.965 195.187
194.797 195.457 196.107
194.768 195.430 196.107
194.653 195.282 195.907
194.760 195.212 195.580
195.024 195.369 195.840
194.818 195.110 195.505
194.968 195.350 196.158
195.230 195.665 195.977
195.077 195.229 195.461
194.706 194.941 195.211
194.716 195.163 195.648
194.745 195.133 195.529
194.769 194.958 195.170
195.042 196.513 201.272
194.710 194.976 195.332
194.972 195.207 195.539
195.001 195.612 197.040
194.650 195.298 195.761
195.015 195.113 195.160
194.910 195.471 196.123
194.692 195.139 195.589
195.099 195.347 195.680
194.956 195.446 195.744
194.941 195.254 195.435
195.289 195.597 196.224
195.002 195.435 195.976
194.602 194.991 195.431
194.886 195.544 196.468
194.907 195.638 196.615
194.861 195.358 196.430
195.065 195.411 196.270
195.083 195.383 195.769
194.807 195.431 195.703
195.067 195.386 195.898
194.776 195.275 196.170
195.291 195.486 195.601
194.760 194.983 195.239
194.849 195.197 195.491
194.757 195.191 195.671
195.111 195.424 196.134
194.986 195.242 195.462
194.781 194.940 195.090
194.706 195.147 195.681
195.407 195.621 195.819
194.867 195.205 195.724
194.990 195.585 196.584
194.883 195.115 195.494
194.897 195.313 195.699
194.753 195.152 195.512
195.090 195.647 196.548
194.935 195.478 195.929
194.809 195.226 196.184
194.806 195.319 195.808
195.127 195.293 195.466
195.066 195.294 195.542
195.028 195.603 196.292
194.953 195.518 195.942
194.814 195.122 195.307
194.766 194.868 195.022
194.820 195.010 195.234
194.659 195.059 195.430
194.817 195.359 196.242
195.238 195.564 195.812
194.944 195.317 195.908
194.686 195.081 195.326
194.975 195.563 196.919
194.737 194.944 195.118
194.674 195.090 195.574
195.123 195.357 195.611
194.574 195.079 195.990
194.841 195.199 195.973
194.771 195.210 195.875
195.182 195.284 195.498
195.144 195.444 195.791
194.839 195.176 195.332
194.853 195.416 196.062
194.809 195.077 195.374
194.874 195.094 195.254
194.628 195.015 195.246
194.972 195.340 195.583
195.000 195.395 195.907
194.852 195.260 195.855
195.169 195.474 196.107
195.147 195.475 196.159
195.156 195.280 195.438
194.928 195.522 196.722
194.870 195.285 195.718
194.715 195.307 195.724
194.953 195.335 195.753
194.889 195.309 195.561
195.195 195.437 196.014
194.785 195.196 195.608
194.741 195.280 195.657
194.962 195.157 195.298
194.768 195.418 196.316
194.942 195.350 195.920
194.889 195.460 196.002
194.760 195.279 196.413
194.949 195.336 195.678
194.687 195.146 195.833
194.757 195.170 195.580
194.865 195.650 196.184
194.995 195.074 195.214
194.967 195.197 195.432
195.051 195.385 195.636
194.739 195.052 195.570
194.549 195.175 195.639
194.797 195.055 195.436
194.618 194.921 195.452
194.915 195.252 195.481
194.749 195.234 195.551
195.019 195.212 195.374
194.713 195.214 195.506
195.109 195.514 195.998
194.834 194.979 195.137
194.773 195.054 195.313
195.003 195.142 195.390
194.801 195.126 195.569
195.359 195.484 195.658
194.788 195.168 195.447
194.916 195.228 195.360
194.746 195.126 195.480
195.271 195.866 197.349
194.990 195.528 196.002
195.285 195.633 196.081
194.849 195.109 195.507
194.613 194.932 195.254
195.074 195.564 196.353
194.941 195.264 195.526
194.916 195.415 195.892
194.924 195.345 195.826
195.249 195.365 195.468
194.958 195.351 195.621
194.932 195.154 195.379
195.159 195.314 195.758
194.871 195.129 195.385
195.207 195.796 196.128
195.090 195.542 196.100
194.951 195.215 195.382
194.702 195.070 195.665
194.955 195.385 196.083
194.886 195.297 195.710
195.042 195.195 195.460
194.914 195.209 195.549
194.825 195.182 195.473
195.108 195.321 195.785
195.078 195.440 196.271
194.802 195.207 195.687
194.874 195.103 195.472
195.122 195.261 195.382
195.224 195.520 195.989
194.779 195.041 195.162
194.776 195.066 195.277
194.997 195.172 195.613
194.860 195.035 195.382
195.085 195.255 195.563
194.930 195.303 195.840
194.726 195.052 195.553
194.859 195.185 195.683
195.099 195.270 195.393
194.651 195.215 195.589
194.921 195.339 195.828
195.225 195.413 195.627
194.751 195.249 195.558
194.858 195.432 196.141
195.108 195.300 195.632
195.058 195.485 195.782
195.090 195.693 196.535
194.856 195.295 195.967
194.755 195.110 195.536
195.000 195.349 195.906
195.183 195.570 196.478
195.148 195.292 195.709
194.751 195.211 196.498
195.060 197.243 204.763
194.983 195.323 195.672
195.001 195.192 195.377
195.192 195.444 196.359
195.014 195.474 196.234
194.940 195.463 196.793
194.905 195.159 195.518
195.042 195.327 195.473
194.815 195.192 195.458
194.928 195.337 195.568
194.966 195.179 195.437
195.147 195.487 196.086
195.137 195.404 195.686
195.015 195.492 196.489
195.307 195.614 196.204
194.931 195.199 195.576
195.166 195.330 195.565
194.861 195.154 195.721
195.005 195.408 195.645
195.217 195.666 195.994
194.783 195.510 196.372
194.940 195.234 195.356
195.055 195.754 196.929
195.160 195.787 196.932
195.081 195.510 196.053
195.129 195.597 196.330
194.979 195.202 195.423
194.918 195.425 196.209
194.833 195.406 196.096
195.145 195.627 196.327
195.090 195.569 196.215
194.926 195.361 195.695
195.127 195.558 196.456
195.105 195.593 196.339
195.066 195.556 196.628
195.032 195.634 196.802
194.878 195.350 196.543
194.997 195.534 195.955
195.176 195.430 195.664
194.922 195.395 195.865
195.251 195.773 196.550
194.986 195.389 195.667
195.623 196.187 197.445
194.928 195.308 195.811
195.046 195.463 196.621
195.343 195.615 196.147
194.690 195.212 196.002
195.071 195.279 195.527
194.714 195.299 196.148
194.864 195.225 195.611
195.016 195.295 195.467
194.791 195.417 195.912
194.933 195.389 196.214
195.082 195.212 195.479
194.837 195.180 195.562
195.137 195.483 195.809
194.715 195.384 195.885
194.849 195.246 195.722
194.971 195.225 195.533
194.962 195.464 196.349
195.132 195.559 196.859
194.841 195.092 195.417
194.966 195.805 196.936
195.120 195.407 195.829
195.106 195.468 196.053
195.154 195.484 196.131
194.959 195.331 195.564
194.936 195.418 196.510
195.092 195.443 196.204
194.992 195.209 195.512
195.104 195.427 196.037
194.987 195.261 196.072
194.882 195.084 195.321
194.951 195.103 195.220
195.036 195.362 196.149
194.975 195.351 195.886
197.009 197.750 198.558
195.492 199.078 205.856
228.626 229.193 229.760
0 0 0
203.366 203.366 203.366
197.692 200.165 201.813
195.086 195.632 196.589
195.029 195.208 195.344
194.883 195.405 196.042
198.320 198.926 199.269
195.709 197.847 200.572
195.801 196.685 198.904
195.769 198.501 200.475
195.327 196.734 199.284
195.202 195.375 195.627
194.896 195.255 195.409
195.004 195.233 195.838
195.820 196.196 196.643
195.805 196.097 196.614
195.864 196.142 196.459
195.799 196.200 196.909
195.814 196.174 196.571
194.968 195.533 196.219
194.668 195.299 196.656
194.777 195.506 197.034
195.136 195.378 195.815
194.953 195.373 196.290
194.853 195.289 195.810
194.616 195.205 195.997
194.692 195.106 195.544
194.831 195.183 195.389
194.806 195.105 195.542
195.218 195.398 195.685
194.898 195.048 195.217
194.787 194.928 195.097
194.974 195.179 195.407
194.690 195.051 195.373
194.946 195.190 195.454
194.929 195.314 196.137
194.735 195.035 195.316
195.123 195.452 196.070
195.214 196.024 198.320
194.916 195.208 195.642
194.746 195.229 196.460
195.021 195.335 195.663
194.935 195.184 195.732
194.959 195.334 195.860
194.868 194.992 195.141
194.723 195.369 195.660
194.743 195.231 195.649
194.820 195.092 195.487
194.593 195.089 195.427
194.701 194.957 195.091
195.148 195.414 195.843
195.001 195.150 195.346
194.692 194.890 195.051
194.742 194.975 195.268
194.789 194.962 195.241
194.693 195.063 195.437
194.671 194.974 195.530
194.834 195.265 196.141
194.754 195.091 195.303
194.876 195.442 196.243
194.700 194.901 195.227
194.715 194.968 195.142
194.765 195.166 195.745
194.926 195.504 196.149
194.784 195.058 195.363
194.627 194.900 195.315
194.886 195.036 195.215
194.625 195.053 195.484
194.763 195.072 195.254
194.666 194.822 195.084
194.732 194.939 195.233
194.777 195.009 195.306
194.875 195.081 195.322
194.751 195.131 196.144
194.723 195.084 195.498
194.803 194.920 195.100
194.743 194.989 195.193
194.805 195.113 195.370
194.643 194.977 195.304
194.598 194.962 195.378
195.141 195.301 195.520
194.844 195.083 195.342
194.739 195.106 195.508
194.672 194.958 195.344
194.755 194.947 195.162
194.666 194.935 195.142
194.741 195.023 195.231
195.077 195.300 195.625
194.804 195.380 196.910
194.775 195.079 195.325
194.806 194.918 195.219
194.779 195.052 195.456
194.908 195.129 195.645
194.898 195.451 197.149
194.911 195.097 195.245
194.680 194.964 195.187
194.796 195.158 195.468
194.744 195.019 195.340
194.711 195.130 195.503
194.612 194.924 195.310
194.842 195.047 195.238
194.720 194.915 195.304
195.028 195.396 195.814
194.885 196.102 199.388
194.725 194.809 194.894
194.654 194.781 194.963
194.630 194.894 195.204
194.736 195.021 195.239
194.665 195.043 195.348
194.630 194.802 195.040
194.734 194.996 195.276
194.543 194.841 195.302
194.754 195.554 198.113
194.721 194.986 195.306
194.846 194.991 195.175
194.566 194.789 195.117
194.683 195.076 195.552
194.750 194.884 195.096
194.678 194.949 195.258
194.942 195.042 195.231
194.693 195.099 195.229
194.656 195.015 195.284
194.866 195.134 195.487
194.658 194.983 195.281
194.701 194.893 195.226
194.625 194.898 195.268
194.701 194.871 195.066
194.715 194.909 195.277
194.791 194.954 195.137
194.751 195.062 195.243
194.886 195.112 195.294
194.902 195.796 198.824
194.875 195.083 195.451
194.754 194.923 195.129
194.786 195.145 195.618
194.715 194.961 195.217
194.684 194.965 195.187
194.799 195.102 195.364
194.735 194.882 195.018
194.561 194.834 195.176
194.781 194.965 195.079
194.971 195.152 195.329
194.482 194.842 195.447
194.915 195.139 195.530
194.925 195.321 195.983
194.733 194.996 195.341
194.716 194.925 195.288
194.482 194.732 194.952
194.848 195.017 195.164
194.680 195.000 195.304
194.754 194.926 195.080
194.819 194.897 194.948
194.611 194.939 195.188
194.689 195.074 195.314
194.712 195.020 195.511
194.726 194.996 195.195
194.581 195.031 195.528
194.744 194.876 195.076
194.851 194.998 195.070
194.702 194.798 194.932
194.786 194.908 195.039
194.718 194.886 195.065
194.759 194.929 195.169
194.777 194.886 195.026
194.691 194.845 195.159
194.817 195.049 195.319
194.784 195.130 195.696
194.701 194.904 195.302
194.679 194.900 195.128
194.814 195.186 195.638
194.752 194.863 195.171
194.684 194.821 195.238
194.536 195.022 195.488
194.697 194.852 194.925
194.704 194.885 195.008
194.671 194.845 195.367
194.724 194.987 195.575
194.725 194.850 195.108
194.745 194.856 195.107
194.615 194.824 195.004
194.641 194.789 195.030
194.747 195.137 196.533
194.737 194.928 195.208
194.643 194.848 195.166
194.685 194.841 195.165
194.695 194.893 195.197
194.720 194.991 195.480
194.641 195.018 195.487
194.604 194.830 195.200
194.738 194.944 195.325
194.674 194.861 195.083
194.702 194.965 195.390
194.708 194.858 195.065
194.861 195.209 195.463
194.721 194.987 195.174
194.718 195.083 195.313
194.628 195.063 196.051
194.555 194.731 194.968
194.690 194.890 195.084
194.584 194.945 195.279
194.680 195.163 196.526
194.527 194.854 195.079
194.711 194.862 195.153
194.579 194.669 194.900
194.812 195.171 195.829
194.783 195.132 195.476
194.659 194.808 195.100
194.813 194.926 195.113
194.722 194.936 195.211
194.743 194.886 195.214
194.823 195.232 196.207
194.752 194.898 195.159
194.648 194.821 195.006
194.738 194.910 195.252
194.667 194.974 195.872
194.687 194.912 195.258
194.745 194.909 195.196
194.710 194.935 195.240
194.742 195.033 195.383
194.730 195.042 195.425
194.523 194.778 194.991
194.637 194.785 195.057
194.790 195.000 195.194
194.764 194.844 194.986
194.640 195.081 195.740
194.851 195.045 195.278
194.713 195.097 195.530
194.615 194.986 195.194
194.673 195.014 195.341
194.637 194.976 195.385
194.728 195.080 195.831
194.902 195.299 195.940
194.670 194.823 195.334
194.956 195.200 195.414
194.593 194.740 194.900
194.592 194.867 195.160
194.526 195.125 195.912
194.670 194.964 195.112
194.717 195.098 195.466
194.653 194.984 195.301
194.845 195.076 195.409
194.849 195.218 195.472
194.622 194.998 195.604
194.660 195.270 196.038
194.678 194.776 194.878
194.620 195.073 195.501
194.871 195.016 195.111
194.726 194.831 194.924
194.703 195.074 195.577
194.780 194.864 194.971
194.690 194.850 195.181
194.600 195.033 195.456
194.651 195.028 195.297
194.722 195.129 196.368
194.769 194.997 195.576
194.714 195.018 195.608
194.856 195.234 195.590
194.645 194.976 195.187
194.721 194.922 195.022
194.546 194.931 195.211
195.089 195.208 195.402
194.834 195.093 195.312
194.639 194.913 195.257
194.671 195.046 195.377
194.638 194.895 195.339
194.822 194.936 195.062
194.755 195.150 195.619
194.768 195.079 195.594
194.602 194.930 195.349
194.774 195.063 195.527
194.679 195.012 195.492
194.781 194.998 195.259
194.789 194.936 195.156
194.915 195.240 195.746
194.667 195.189 195.484
194.629 194.970 195.311
194.822 194.987 195.253
195.122 195.333 195.650
194.865 195.275 196.128
194.803 195.024 195.229
194.906 195.351 195.856
194.780 194.973 195.358
194.824 195.119 195.453
194.781 195.246 195.675
194.587 195.142 195.820
194.809 195.357 196.814
194.916 195.203 195.524
194.925 195.120 195.485
194.881 195.288 195.561
194.758 195.349 196.528
194.766 195.087 195.302
194.788 195.080 195.567
194.912 195.249 195.611
194.753 195.163 195.642
195.139 195.316 195.583
195.048 195.268 195.533
194.693 195.145 195.554
195.156 195.401 195.672
194.855 195.031 195.236
194.722 195.104 195.447
194.897 195.192 195.464
195.084 195.261 195.404
194.839 195.108 195.324
195.119 195.325 195.669
194.790 194.945 195.231
194.906 195.098 195.369
195.033 195.245 195.444
195.171 195.293 195.403
194.797 195.233 195.500
195.072 195.592 196.369
194.894 195.181 195.404
194.857 195.218 195.628
194.743 195.112 195.435
194.864 195.080 195.281
194.686 194.994 195.305
194.705 194.986 195.149
194.842 195.101 195.561
194.636 195.109 195.639
195.164 195.403 195.859
194.865 195.103 195.414
194.777 195.327 195.759
194.781 195.027 195.337
194.970 195.473 196.077
194.652 195.215 195.794
194.867 195.029 195.203
195.162 195.266 195.394
194.815 195.069 195.264
194.931 195.159 195.354
195.158 195.451 195.936
194.809 195.297 195.633
194.952 195.232 195.961
194.808 195.262 195.685
195.112 195.224 195.292
195.016 195.140 195.284
195.308 195.452 195.534
194.641 195.148 195.665
195.125 195.560 196.252
194.945 195.035 195.149
194.879 195.185 195.556
194.902 195.072 195.234
194.919 195.289 196.137
194.836 195.232 195.621
194.843 195.012 195.191
195.032 195.237 195.362
194.879 195.094 195.341
195.027 195.169 195.327
195.266 195.384 195.507
195.267 195.425 195.642
195.156 195.244 195.345
194.775 195.320 195.694
194.896 195.577 196.301
194.817 195.121 195.373
195.011 195.484 195.910
194.667 195.413 195.929
194.812 194.997 195.317
194.903 195.236 196.125
195.152 195.340 195.431
194.977 195.101 195.272
194.728 195.221 195.725
194.824 195.053 195.226
194.872 195.172 195.571
194.889 195.136 195.624
194.850 195.106 195.321
194.533 195.262 195.693
194.946 195.078 195.315
195.004 195.240 195.400
194.675 195.085 195.345
194.932 195.286 195.930
194.807 195.337 196.345
194.601 195.090 195.312
194.985 195.223 195.492
194.905 195.391 196.387
194.818 195.200 195.523
194.696 195.230 195.705
194.934 195.194 195.608
194.701 194.867 195.130
195.043 195.293 195.901
194.908 195.101 195.395
194.728 195.098 195.539
194.980 195.172 195.419
194.932 195.039 195.152
194.992 195.468 195.859
194.966 195.207 195.529
194.796 195.195 195.972
194.937 195.167 195.320
194.973 195.336 195.762
194.892 195.059 195.338
195.031 195.166 195.244
194.973 195.273 195.720
194.792 195.913 199.535
194.893 195.282 195.631
194.812 195.121 195.555
194.788 195.087 195.438
194.993 195.274 195.516
194.654 195.035 195.423
194.872 195.216 196.015
194.632 195.011 195.925
194.881 195.190 195.878
194.796 195.056 195.337
194.911 195.186 195.517
194.797 195.047 195.618
194.904 195.099 195.571
194.772 195.223 196.040
194.744 195.424 196.355
194.877 195.275 195.693
194.925 195.356 196.241
194.837 195.125 195.380
194.765 195.105 195.461
194.843 195.208 195.870
194.856 195.261 195.519
194.602 195.000 195.624
194.584 194.894 195.192
194.620 194.918 195.216
194.669 194.986 195.459
194.656 195.076 195.449
194.853 195.322 196.124
194.776 195.008 195.349
194.882 195.479 196.443
194.656 195.184 195.539
194.773 194.989 195.332
194.986 195.325 195.757
194.642 195.379 196.782
194.558 195.042 195.468
194.881 195.325 195.682
194.768 195.183 195.831
194.879 195.240 195.544
194.695 195.047 195.452
195.146 195.248 195.387
194.872 195.366 196.213
194.573 195.354 197.300
194.878 195.150 195.502
194.775 195.102 195.373
194.676 195.171 195.745
194.851 195.164 195.627
194.777 195.123 195.439
194.580 195.231 196.673
194.881 195.843 196.336
194.711 195.069 195.355
194.902 195.391 195.928
195.038 195.298 195.774
194.876 195.133 195.731
194.934 195.268 195.902
194.938 195.281 195.934
194.791 195.410 196.003
194.928 195.084 195.192
195.093 195.349 195.539
194.790 195.296 195.812
194.677 195.105 195.801
194.994 195.235 195.531
194.930 195.334 196.421
194.793 195.095 195.492
194.787 195.013 195.479
194.872 195.251 195.946
195.147 195.403 196.043
194.959 195.275 195.759
194.621 195.013 195.687
194.689 195.027 195.414
194.831 195.994 200.290
195.033 195.135 195.248
194.707 195.191 195.822
194.965 195.145 195.274
194.812 195.198 195.640
195.235 195.378 195.512
194.822 195.238 195.660
195.079 195.331 195.589
194.736 195.177 195.462
194.929 195.246 195.588
194.782 195.459 196.162
194.741 195.224 195.749
194.653 194.922 195.183
194.955 195.036 195.176
194.855 195.237 195.517
194.883 195.393 196.709
194.876 195.429 196.015
194.888 195.286 195.669
195.097 195.625 196.786
194.752 195.115 195.536
194.780 195.271 196.026
194.970 195.298 195.920
194.951 195.453 196.025
194.697 195.485 196.085
194.641 195.427 195.821
195.056 195.210 195.341
195.423 195.691 196.395
195.019 195.543 195.990
195.015 195.203 195.582
194.913 195.131 195.446
194.766 194.961 195.444
194.634 195.195 195.509
194.852 195.282 195.555
194.863 195.184 195.456
194.785 195.221 195.631
194.742 194.959 195.118
195.032 195.407 196.404
194.581 195.003 195.373
194.697 195.050 195.266
194.809 195.191 195.692
194.973 195.122 195.255
194.729 195.195 195.630
194.876 195.762 196.648
194.733 195.165 195.606
194.880 195.301 196.016
194.690 195.290 195.714
194.828 195.033 195.273
194.868 195.058 195.321
194.784 195.078 195.373
194.649 195.140 196.025
195.056 195.433 195.720
194.682 195.059 195.268
194.868 195.069 195.665
194.834 195.542 196.485
195.136 195.670 196.185
194.614 195.325 196.155
194.792 195.199 195.960
194.700 195.035 195.250
194.752 195.085 195.363
194.899 195.315 195.864
194.833 195.080 195.302
195.110 195.240 195.366
195.219 195.452 195.864
194.933 195.407 196.009
195.034 195.321 195.771
194.562 195.318 195.917
195.164 195.665 196.089
194.868 195.086 195.413
194.981 195.461 196.105
194.735 195.108 195.770
195.314 195.842 196.139
195.241 195.330 195.405
195.032 195.350 195.758
194.970 195.159 195.340
195.138 195.443 195.818
195.202 195.733 197.228
194.814 195.329 195.632
194.675 195.403 195.888
194.729 196.168 201.007
194.727 195.353 196.426
195.082 196.762 201.030
194.869 195.264 195.445
194.921 195.101 195.332
195.210 195.647 196.665
195.015 195.533 195.806
194.851 195.462 196.215
194.844 195.607 196.455
195.106 195.468 195.932
194.751 195.479 196.072
195.171 195.543 195.951
194.968 195.076 195.153
195.130 195.378 195.691
194.867 195.727 197.353
194.791 195.329 195.540
194.962 195.527 196.559
195.127 195.508 196.001
194.854 195.174 195.530
194.857 195.082 195.693
195.167 195.691 196.405
194.974 195.365 195.774
195.031 195.535 196.148
194.879 195.629 196.407
195.031 195.429 195.881
194.978 195.409 195.926
194.944 195.302 195.677
194.828 195.048 195.358
194.712 195.032 195.448
195.298 195.818 196.863
194.758 195.288 195.798
195.082 195.324 195.529
194.969 195.524 196.059
195.033 195.550 196.247
194.671 195.380 196.230
194.564 195.351 195.938
194.972 195.203 195.780
195.153 195.720 196.187
195.753 195.909 196.214
194.750 195.983 198.453
195.205 195.633 196.716
195.144 195.429 195.641
194.929 195.087 195.335
194.734 195.318 196.024
194.744 195.366 196.036
194.789 195.117 195.407
194.822 195.047 195.226
194.714 195.139 195.459
194.967 195.457 196.134
194.792 195.024 195.458
195.375 195.707 196.299
194.813 195.364 195.946
194.833 195.325 195.698
194.865 195.146 195.376
194.876 195.457 196.037
195.233 195.347 195.567
195.083 195.270 195.635
194.925 195.758 196.452
194.916 195.347 196.016
195.144 196.282 197.409
194.765 195.099 195.356
195.110 195.265 195.448
194.906 195.506 196.325
195.166 195.415 195.688
195.000 195.399 196.017
194.799 195.190 195.938
194.997 195.334 196.159
194.828 195.159 195.538
195.284 195.468 195.734
194.897 195.426 195.937
194.685 195.352 195.710
195.347 195.710 196.145
194.748 195.367 196.274
195.299 195.667 196.319
195.393 195.927 196.500
195.100 195.769 197.407
195.187 195.515 196.386
194.904 195.279 195.920
194.904 195.087 195.365
194.847 195.113 195.388
195.011 195.530 196.171
194.772 195.483 195.875
194.907 195.412 196.011
194.790 195.504 196.144
194.629 195.048 195.281
195.138 195.718 196.775
195.052 195.495 196.201
195.218 195.700 196.261
194.858 195.191 195.641
194.984 195.318 195.557
194.926 195.229 195.423
194.830 195.257 195.681
195.029 195.164 195.447
195.043 195.333 195.703
194.836 195.320 195.752
194.772 195.027 195.289
195.568 196.060 196.962
194.901 195.429 196.348
194.915 195.336 195.699
194.954 195.334 195.783
194.828 195.353 195.842
194.933 195.715 196.655
195.039 195.620 196.783
195.388 195.765 196.223
194.896 195.172 195.571
194.811 195.287 195.648
194.962 195.368 195.653
194.801 195.435 195.872
195.206 195.520 195.788
195.191 195.378 195.536
195.236 195.543 195.680
195.089 195.482 196.195
195.212 195.437 195.731
195.116 195.264 195.544
194.902 195.208 195.539
194.736 195.193 195.716
195.276 195.554 196.270
195.052 195.325 195.578
195.143 195.490 195.784
194.834 195.107 195.329
194.859 195.295 195.755
194.849 195.177 195.456
195.052 195.331 195.523
194.948 195.481 195.974
195.219 195.871 196.760
194.894 195.242 196.014
195.011 195.663 196.725
194.908 195.298 195.820
194.925 195.212 195.406
195.233 195.532 196.100
195.004 195.344 195.729
195.268 195.606 196.697
194.940 195.111 195.295
194.878 195.403 195.897
194.931 195.687 196.127
194.924 195.509 196.141
195.117 195.478 196.417
194.841 195.375 195.861
195.326 195.893 196.904
195.028 195.360 195.952
195.182 195.773 196.641
195.301 195.505 195.977
194.792 195.554 196.498
195.073 195.721 196.274
194.978 195.656 196.481
194.925 195.119 195.292
195.043 195.371 195.666
195.114 195.575 196.527
195.272 195.587 195.948
195.056 195.719 196.206
195.174 195.719 196.376
195.086 195.224 195.335
195.191 195.436 195.660
194.910 195.231 195.553
194.958 195.543 196.517
194.699 195.282 196.595
195.203 195.395 195.721
195.115 195.295 195.508
195.007 195.502 196.498
195.303 195.960 198.323
194.894 195.164 195.329
194.934 195.499 196.140
194.705 195.221 196.008
194.817 195.387 195.942
195.236 195.637 195.937
195.232 195.421 195.661
195.269 195.451 195.656
194.691 195.164 195.330
194.824 195.270 195.646
194.796 195.113 195.383
194.850 195.366 195.786
194.834 195.121 195.670
195.012 195.186 195.376
194.738 195.438 196.076
195.060 195.413 195.760
194.921 195.375 196.169
194.880 195.197 195.453
194.824 195.015 195.261
195.089 195.544 195.898
194.810 195.044 195.298
194.767 195.519 196.195
195.444 195.840 196.297
195.059 195.402 195.714
194.957 195.374 195.651
194.842 195.278 195.784
195.176 195.568 196.168
195.200 195.517 196.225
194.943 195.456 195.760
195.173 195.276 195.501
194.944 195.364 195.994
195.175 195.348 195.603
195.222 195.501 196.269
194.683 195.266 195.624
195.045 195.661 196.064
194.941 195.529 196.449
194.791 195.504 196.512
195.080 195.573 196.142
195.216 195.789 196.558
195.111 195.505 196.134
195.032 195.826 196.278
194.995 195.574 196.217
195.259 195.712 196.119
195.088 195.746 196.383
194.772 195.245 195.933
194.863 195.343 195.823
194.820 195.457 195.776
194.905 195.518 196.123
194.804 195.554 196.138
195.296 195.565 195.982
194.962 195.608 196.564
195.269 195.499 195.661
195.478 195.683 196.257
194.757 195.561 196.879
195.234 195.441 195.701
194.785 195.409 196.120
194.785 195.217 195.527
195.386 195.774 196.573
194.815 195.601 196.066
194.986 195.310 195.714
195.215 195.586 195.839
195.048 195.633 196.459
195.044 195.306 195.676
195.005 195.179 195.373
195.172 195.688 196.298
195.009 195.279 195.563
195.064 195.751 196.549
194.764 195.469 196.369
194.925 195.398 195.875
195.281 195.651 196.096
195.016 195.227 195.439
194.906 195.489 196.765
195.117 195.587 196.057
194.655 195.476 196.275
195.093 195.547 195.951
195.249 195.841 197.180
195.015 195.628 197.319
194.941 195.608 196.491
195.227 195.655 196.115
194.911 195.328 196.176
194.880 195.830 196.388
195.355 195.644 195.913
195.104 195.264 195.520
195.125 195.924 196.745
195.077 195.344 195.754
195.040 195.603 196.198
194.822 195.757 196.426
195.129 195.657 196.085
195.365 196.019 196.371
194.903 195.102 195.273
194.975 195.886 196.883
195.130 195.371 195.758
195.236 196.042 196.987
195.087 195.553 195.885
195.084 195.433 196.350
194.737 195.295 196.163
194.741 195.404 195.699
195.141 195.851 196.509
194.988 195.322 195.663
194.888 195.383 196.326
194.835 195.285 195.692
194.903 195.398 196.280
194.810 195.317 195.565
194.928 195.226 195.403
194.923 195.406 196.115
194.692 195.191 195.449
194.827 195.286 195.895
195.042 195.229 195.423
194.850 195.224 195.961
