274.044 274.559 275.059
274.277 274.621 275.067
274.105 275.283 276.686
274.079 274.485 275.420
273.985 274.213 274.574
273.943 274.315 275.508
274.305 276.587 281.358
273.990 275.263 277.863
274.092 274.303 274.558
274.091 274.350 274.803
274.169 274.310 274.598
274.042 274.837 276.496
274.149 274.271 274.401
273.975 274.422 275.261
274.122 274.342 274.650
274.059 274.288 274.438
274.152 274.933 275.916
274.120 274.375 275.030
274.098 274.600 274.989
273.938 274.379 274.778
274.163 274.367 274.804
274.241 274.349 274.440
274.018 274.544 276.229
274.062 274.370 274.869
273.953 274.182 274.492
274.069 274.303 274.935
274.088 274.223 274.662
273.984 274.142 274.208
274.218 274.283 274.360
274.040 274.231 274.702
273.941 274.099 274.230
273.982 274.228 274.386
274.161 274.317 274.792
274.042 274.244 274.722
273.964 274.117 274.395
273.950 274.180 274.460
274.051 274.188 274.404
274.037 274.500 275.722
274.063 274.360 274.506
274.200 274.342 274.417
274.094 274.150 274.248
274.089 274.294 274.621
274.139 274.271 274.614
274.122 274.429 275.318
273.960 274.505 275.663
274.152 274.213 274.321
274.006 275.296 277.806
273.999 274.205 274.525
273.895 274.237 274.679
274.157 274.702 275.609
274.074 274.208 274.439
274.096 274.149 274.218
273.962 274.099 274.286
273.971 274.251 274.620
274.000 274.134 274.272
273.926 274.162 274.447
274.044 274.208 274.406
274.031 274.314 275.058
275.680 275.785 276.005
275.846 276.179 276.388
275.890 276.319 276.959
276.269 276.894 277.904
275.834 276.554 277.526
276.192 276.577 277.237
276.069 277.640 278.880
276.047 277.645 279.518
276.448 277.301 278.583
275.954 276.460 277.586
274.125 274.238 274.359
273.995 274.303 274.452
274.184 274.533 275.792
274.008 274.195 274.518
274.131 274.216 274.340
274.144 274.248 274.421
274.006 274.288 274.447
273.947 274.100 274.252
274.206 276.223 282.324
274.034 274.244 274.591
274.267 274.843 276.196
274.256 275.595 280.254
274.969 277.175 280.693
274.553 276.559 280.505
274.193 275.515 277.892
274.322 275.462 276.275
274.563 276.746 279.731
274.114 274.498 275.536
274.095 274.269 274.661
273.891 274.126 274.264
274.032 274.432 275.209
274.022 274.424 274.703
273.974 274.455 275.221
274.084 274.315 274.884
274.180 274.559 275.270
274.105 274.218 274.288
274.192 275.068 276.549
274.167 274.417 274.981
274.018 274.448 275.430
273.993 274.408 274.671
274.040 274.328 274.615
274.380 275.923 277.791
273.968 274.198 274.398
274.039 275.340 277.619
274.130 274.462 274.937
274.284 275.253 277.868
273.995 276.665 278.340
274.319 275.535 277.598
274.319 277.376 282.950
274.418 275.630 277.859
274.250 276.339 281.865
274.924 278.536 281.336
275.405 278.238 281.801
279.343 281.895 283.075
275.067 279.980 282.461
275.585 279.290 283.649
275.446 279.609 282.581
274.586 275.397 277.373
274.091 276.950 281.757
274.186 274.986 276.417
274.382 276.714 279.047
274.102 276.683 279.059
274.117 274.622 275.823
274.185 274.443 275.055
274.158 275.671 276.810
275.595 275.690 275.815
275.498 275.924 276.192
275.539 275.727 275.858
275.664 275.783 275.910
275.600 275.725 275.861
275.502 275.700 275.911
275.608 275.665 275.834
275.555 275.939 276.802
275.582 275.691 275.806
275.677 275.739 275.794
275.667 275.805 275.909
275.644 275.827 276.159
275.671 275.793 275.962
275.561 275.758 275.917
275.541 275.752 275.923
275.762 275.849 275.985
275.665 275.756 275.827
275.549 275.746 275.955
275.563 275.653 275.814
275.428 275.780 276.537
279.741 281.217 282.971
276.489 279.584 281.604
275.234 279.731 283.789
274.282 277.463 280.365
276.915 279.200 282.570
279.195 281.112 282.581
274.249 278.441 282.774
274.383 277.954 281.828
274.387 277.432 280.930
274.360 276.901 280.524
276.239 279.100 282.532
274.303 277.765 282.652
274.146 277.806 282.908
275.446 279.312 282.211
275.389 279.091 282.925
277.059 279.050 280.373
274.202 275.602 279.328
274.546 275.972 277.642
274.611 276.830 279.168
264.575 267.738 273.430
264.921 267.497 270.977
267.791 269.022 270.513
264.387 266.879 269.850
264.603 267.851 272.247
264.320 266.541 268.155
267.846 270.654 273.169
265.113 269.928 272.960
267.861 271.107 273.238
275.894 279.933 282.921
274.271 276.651 280.815
274.882 277.250 280.000
274.265 277.875 281.355
264.339 268.555 271.227
265.479 269.854 273.232
266.269 268.065 269.322
264.573 269.476 271.967
264.571 266.492 267.779
267.974 270.977 272.827
264.873 266.919 271.457
264.827 267.895 271.255
265.839 267.579 269.431
265.849 268.114 270.556
264.136 269.041 271.417
266.707 268.868 271.005
274.517 277.529 282.404
276.149 279.219 282.533
275.369 278.040 280.681
274.758 276.954 279.924
274.036 275.013 278.488
274.921 277.226 279.265
274.404 276.806 278.868
273.934 275.625 279.949
274.187 277.046 282.093
275.340 277.263 279.078
274.104 275.412 278.473
274.296 278.311 282.415
276.062 278.417 280.099
274.144 274.573 274.832
266.834 269.607 274.190
266.673 268.807 271.500
268.295 271.075 273.100
266.381 268.913 271.822
274.202 274.916 276.245
275.271 276.897 279.043
274.062 276.979 280.551
274.476 274.644 274.899
274.016 276.824 281.180
274.323 275.314 278.102
274.132 275.104 276.184
274.197 275.553 278.396
266.579 268.019 269.873
266.546 266.863 267.287
266.413 267.230 268.789
266.430 266.678 267.072
266.443 266.562 266.695
273.960 274.021 274.157
274.086 274.315 274.586
274.100 274.748 276.723
274.350 275.994 278.787
274.104 274.545 275.021
274.124 274.527 274.982
274.116 275.106 277.765
274.248 274.382 274.501
274.001 274.486 275.293
274.173 274.341 274.517
274.041 274.260 274.505
274.217 274.502 275.304
274.035 274.187 274.450
274.252 274.539 275.016
274.139 274.729 275.631
273.992 274.188 274.428
274.055 274.189 274.351
264.262 264.625 265.370
264.241 264.432 264.769
264.234 264.404 264.606
264.251 264.356 264.432
274.240 274.722 275.688
274.126 274.263 274.456
274.030 274.333 274.851
274.010 274.141 274.210
273.987 274.130 274.192
274.086 274.262 274.402
274.065 274.188 274.375
274.058 274.153 274.285
273.973 274.166 274.334
273.999 274.093 274.186
274.127 274.259 274.395
274.103 274.366 274.658
274.102 274.341 274.583
274.110 274.306 274.488
274.067 274.213 274.351
273.983 274.219 274.454
274.196 274.273 274.334
274.038 274.143 274.246
273.996 274.078 274.193
273.960 274.096 274.304
274.044 274.250 274.492
273.989 274.326 274.538
274.162 274.416 274.717
274.059 274.243 274.401
273.881 274.042 274.157
273.969 274.161 274.290
274.081 274.212 274.364
273.980 274.124 274.235
273.984 274.138 274.305
274.004 274.119 274.230
274.022 274.230 274.380
274.064 274.567 275.962
264.125 264.219 264.320
264.161 264.357 264.510
264.224 264.335 264.522
264.349 264.442 264.545
264.070 264.164 264.401
264.089 264.229 264.392
264.196 264.279 264.367
264.085 264.183 264.401
264.251 264.310 264.426
264.082 264.280 264.441
264.141 264.298 264.452
274.055 274.659 276.380
273.994 274.105 274.223
274.006 274.122 274.203
273.923 274.122 274.330
273.943 274.232 274.933
274.098 274.280 274.438
273.977 274.125 274.205
273.949 274.050 274.170
274.018 274.116 274.192
274.126 274.262 274.399
273.962 274.197 274.308
273.911 274.062 274.292
274.077 274.199 274.422
273.944 274.117 274.241
264.221 264.269 264.316
264.135 264.254 264.519
264.185 264.277 264.366
264.117 264.306 264.430
274.173 274.226 274.271
274.027 274.146 274.462
273.964 274.103 274.216
273.917 274.069 274.243
273.975 274.141 274.605
274.023 274.097 274.155
274.003 274.152 274.269
273.969 274.121 274.339
273.990 274.116 274.317
273.946 274.371 275.326
274.081 274.146 274.223
273.939 274.027 274.138
273.954 274.143 274.266
273.920 274.076 274.238
274.002 274.187 274.296
273.975 274.151 274.285
273.953 274.069 274.190
273.932 274.089 274.217
273.979 274.152 274.384
274.008 274.066 274.125
274.090 274.171 274.256
274.118 274.260 274.464
274.089 274.154 274.200
273.994 274.105 274.387
274.143 274.225 274.335
273.900 274.043 274.282
273.961 274.128 274.318
274.147 274.287 274.389
274.090 274.206 274.341
274.037 274.171 274.351
274.088 274.360 275.304
274.016 274.184 274.381
273.934 274.199 274.394
274.131 274.230 274.333
274.213 274.287 274.382
274.339 275.528 277.576
274.063 274.089 274.152
273.963 274.125 274.342
273.878 274.193 275.200
273.948 274.099 274.336
274.152 274.243 274.358
273.988 274.093 274.227
273.972 274.071 274.156
273.964 274.103 274.150
273.949 274.143 274.377
274.053 274.139 274.193
266.495 266.577 266.748
266.396 266.555 266.782
266.346 266.499 266.624
266.425 266.544 266.691
266.388 266.648 266.834
266.354 266.499 266.675
266.414 267.594 269.419
273.917 274.167 274.345
274.054 274.161 274.276
274.007 274.076 274.235
274.018 274.162 274.312
266.401 266.475 266.573
266.357 266.511 266.652
266.365 266.463 266.563
266.508 266.762 267.195
266.305 266.492 266.702
266.549 266.660 266.790
266.324 266.448 266.646
266.363 266.468 266.615
316.658 316.708 316.778
316.542 316.831 317.390
316.601 316.620 316.659
316.545 316.655 316.785
316.494 316.602 316.782
316.527 316.605 316.709
316.505 316.646 316.803
316.494 316.654 316.839
316.467 316.590 316.759
316.430 316.663 316.777
316.511 316.704 316.844
273.943 274.156 274.396
273.941 274.053 274.098
273.915 274.111 274.364
274.098 274.194 274.313
274.001 274.203 274.436
273.965 274.122 274.227
274.054 274.194 274.361
274.074 274.203 274.317
274.030 274.106 274.324
274.040 274.103 274.230
274.142 274.246 274.461
266.403 266.499 266.642
266.356 266.500 266.679
266.395 266.583 266.754
273.979 274.169 274.322
274.127 274.304 274.515
274.057 274.247 274.467
273.907 274.123 274.272
273.930 274.109 274.378
273.921 274.040 274.157
273.967 274.091 274.227
274.032 274.182 274.383
266.403 266.483 266.527
266.370 266.499 266.681
266.447 266.593 266.894
266.479 266.557 266.633
266.320 266.514 266.755
266.444 266.536 266.595
266.381 266.491 266.607
266.432 266.568 266.645
266.337 266.550 266.682
266.309 266.555 266.709
266.363 266.512 266.670
266.348 266.505 266.874
266.423 266.522 266.627
266.422 266.554 266.713
266.323 266.540 266.822
274.069 274.200 274.449
273.988 274.124 274.236
273.949 274.124 274.299
273.963 274.280 275.144
274.036 274.161 274.391
273.949 274.148 274.320
273.895 274.134 274.826
273.948 274.110 274.203
274.032 274.178 274.335
273.907 274.113 274.406
316.649 318.547 320.002
316.393 316.587 316.767
316.616 316.716 316.854
316.417 316.593 316.841
274.004 274.120 274.191
273.960 274.132 274.395
274.021 274.215 274.488
273.923 274.084 274.450
274.030 274.541 275.988
274.036 274.162 274.350
274.131 274.501 275.285
274.123 274.185 274.266
273.952 274.469 275.896
274.066 274.104 274.166
274.014 274.132 274.327
273.980 274.091 274.191
273.898 273.999 274.094
273.988 274.121 274.313
273.929 274.142 274.403
273.926 274.248 274.450
274.058 274.197 274.300
273.948 274.097 274.280
274.049 274.177 274.361
274.110 274.221 274.339
274.086 274.166 274.261
274.016 274.172 274.427
274.209 274.286 274.415
273.958 274.108 274.295
274.094 274.171 274.327
273.932 274.204 274.407
274.065 274.215 274.361
274.000 274.148 274.314
273.943 274.076 274.207
274.000 274.126 274.263
274.010 274.141 274.250
273.982 274.149 274.380
274.001 274.158 274.319
264.072 264.402 264.993
264.185 264.348 264.502
264.139 264.278 264.481
264.162 264.302 264.501
264.085 264.192 264.321
264.059 264.308 264.548
264.135 264.244 264.378
264.047 264.285 264.422
264.105 264.150 264.219
273.935 274.062 274.335
274.072 274.157 274.296
273.981 274.489 276.229
273.984 274.094 274.214
274.100 274.207 274.398
273.998 274.165 274.377
273.961 274.159 274.444
273.966 274.037 274.113
273.973 274.050 274.104
273.967 274.045 274.128
273.960 274.097 274.185
273.991 274.058 274.172
273.941 274.167 274.475
273.985 274.159 274.345
273.964 274.098 274.246
274.028 274.107 274.200
273.992 274.154 274.360
273.916 274.102 274.263
273.960 274.104 274.220
274.078 274.582 275.454
273.939 274.042 274.252
274.001 274.117 274.291
274.097 274.220 274.495
273.982 274.231 274.877
274.098 274.211 274.355
273.998 274.102 274.371
274.056 274.231 274.402
273.972 274.053 274.225
273.899 274.091 274.323
273.961 274.162 274.743
274.126 274.303 274.489
273.909 274.073 274.186
273.975 274.106 274.187
273.986 274.048 274.113
273.953 274.112 274.244
273.982 274.168 274.448
273.913 274.091 274.249
274.075 274.210 274.375
273.933 274.278 274.626
273.972 274.142 274.416
273.942 274.083 274.185
273.936 274.146 274.289
274.109 274.177 274.324
274.045 274.170 274.237
274.090 274.207 274.301
273.981 274.107 274.227
274.125 274.273 274.395
274.081 274.222 274.337
274.061 274.231 274.565
273.994 274.141 274.342
274.105 274.212 274.364
273.988 274.100 274.249
274.068 274.149 274.300
273.969 274.096 274.188
273.911 274.164 274.312
273.983 274.150 274.341
273.904 274.027 274.229
273.976 274.167 274.316
274.031 274.175 274.365
273.968 274.207 274.348
274.128 274.202 274.303
273.917 274.080 274.189
274.100 274.248 274.413
274.095 274.202 274.282
273.923 274.098 274.334
274.007 274.115 274.232
273.982 274.276 274.884
274.211 274.245 274.303
274.009 274.172 274.286
274.046 274.094 274.178
274.027 274.201 274.334
274.077 274.188 274.361
273.995 274.118 274.340
274.031 274.113 274.206
273.993 274.159 274.322
273.991 274.122 274.198
273.930 274.037 274.151
273.982 274.146 274.261
274.013 274.100 274.242
273.962 274.038 274.147
273.903 274.054 274.307
273.996 274.133 274.207
274.160 274.288 274.451
274.011 274.166 274.432
274.127 274.246 274.397
274.122 274.439 275.444
273.945 274.116 274.306
274.104 274.188 274.271
274.119 274.241 274.529
274.029 274.218 274.354
274.079 274.320 274.658
273.899 274.091 274.273
274.014 274.183 274.377
274.097 274.172 274.261
276.023 313.306 325.963
309.398 322.160 325.851
325.615 325.759 326.004
274.020 274.101 274.170
274.285 312.846 325.786
273.917 274.139 274.282
274.051 274.190 274.283
274.108 274.197 274.358
274.064 274.267 274.704
274.065 274.202 274.457
274.147 274.272 274.430
274.064 274.105 274.160
273.997 274.120 274.274
274.116 274.620 275.207
274.064 274.684 275.660
274.079 274.146 274.238
273.978 274.123 274.231
274.038 274.543 275.941
274.011 274.151 274.238
274.001 274.146 274.479
274.099 274.190 274.339
273.957 274.077 274.230
274.218 274.255 274.321
325.644 325.751 325.863
274.170 274.227 274.308
273.975 274.191 274.431
274.082 274.520 275.737
274.020 274.165 274.290
274.056 274.249 274.343
274.017 274.251 274.605
274.063 274.174 274.262
273.932 274.128 274.315
273.999 274.221 274.392
274.110 278.267 294.210
274.120 274.240 274.362
273.998 274.271 274.478
273.983 274.118 274.264
274.015 274.146 274.265
273.993 274.123 274.230
274.007 274.195 274.335
273.923 274.152 274.336
274.030 274.100 274.150
274.057 274.104 274.195
274.025 274.223 274.409
274.036 274.124 274.193
274.060 274.184 274.339
274.092 274.224 274.347
274.154 274.235 274.359
274.041 274.260 274.402
274.016 274.318 274.472
273.990 274.126 274.218
274.066 274.156 274.237
274.167 274.580 275.536
274.106 274.451 275.586
274.135 274.208 274.304
273.980 274.168 274.415
273.977 274.277 274.675
274.073 274.141 274.333
273.933 274.121 274.289
273.983 274.149 274.269
273.924 274.185 274.458
273.943 274.182 274.449
274.178 274.270 274.384
274.089 274.210 274.460
274.088 274.222 274.372
274.047 274.176 274.387
274.054 274.317 274.706
273.965 274.458 275.119
274.057 274.177 274.308
274.012 274.201 274.408
273.968 274.207 274.370
274.009 274.266 274.474
273.915 274.066 274.195
273.934 274.149 274.250
273.972 274.238 274.492
274.045 274.114 274.324
273.985 274.183 274.500
274.142 274.226 274.297
274.054 274.201 274.452
274.046 274.142 274.246
274.157 274.300 274.476
274.159 274.225 274.370
273.925 274.065 274.184
274.112 274.245 274.367
274.043 274.211 274.295
274.004 274.126 274.301
274.091 274.167 274.335
273.998 274.264 274.551
273.950 274.090 274.202
274.062 274.187 274.417
274.053 274.308 274.554
273.959 274.193 274.375
273.946 274.192 274.300
273.947 274.027 274.155
273.976 274.055 274.129
274.058 274.212 274.326
273.928 274.049 274.140
273.910 274.218 274.500
273.978 274.162 274.303
273.824 274.038 274.161
274.054 274.205 274.413
273.993 274.112 274.245
273.875 274.057 274.227
274.094 274.159 274.274
274.043 274.138 274.274
274.055 274.238 274.350
273.985 274.373 275.291
274.135 274.236 274.475
274.066 274.160 274.289
273.905 274.054 274.353
273.888 274.109 274.285
273.947 274.129 274.312
274.168 274.272 274.460
274.067 274.270 274.420
274.127 274.332 274.857
274.000 274.116 274.185
274.075 275.288 279.754
273.916 274.092 274.271
273.944 274.108 274.287
274.104 274.171 274.226
274.097 274.225 274.358
274.015 274.156 274.336
274.096 274.264 274.442
274.010 274.201 274.338
274.045 274.130 274.341
274.081 274.275 274.536
274.115 274.349 274.940
273.947 274.071 274.221
273.968 274.125 274.257
274.012 274.091 274.185
273.885 274.088 274.208
273.972 274.189 274.677
274.158 274.218 274.280
274.041 274.214 274.429
273.992 274.147 274.243
273.964 274.169 274.371
274.016 274.173 274.565
274.028 274.150 274.425
273.990 274.126 274.372
274.011 274.199 274.410
274.203 274.339 274.552
274.123 274.261 274.384
274.052 274.250 274.413
274.137 274.166 274.265
274.036 274.077 274.191
274.053 274.169 274.258
274.114 274.260 274.345
274.063 274.302 274.471
274.021 274.194 274.346
274.108 274.205 274.336
274.051 274.296 274.478
274.093 274.195 274.353
274.154 274.256 274.424
273.942 274.191 274.599
274.035 274.217 274.387
274.173 274.267 274.364
273.995 274.080 274.188
274.028 274.129 274.320
274.194 274.278 274.407
274.006 274.147 274.312
274.041 274.208 274.395
273.958 274.176 274.381
274.018 274.097 274.216
273.930 274.076 274.210
273.890 274.157 274.366
273.936 274.135 274.303
274.005 274.238 274.470
274.090 274.183 274.293
273.928 274.175 274.417
274.105 274.281 274.497
273.989 274.166 274.390
274.068 274.255 274.365
274.059 274.332 275.040
274.142 274.269 274.652
274.075 274.264 274.496
274.055 274.149 274.205
274.157 274.226 274.320
274.191 274.341 274.469
274.071 274.232 274.374
274.008 274.054 274.135
273.989 274.246 274.398
274.162 274.234 274.328
274.056 274.191 274.327
274.028 274.189 274.391
274.033 274.183 274.474
274.047 274.235 274.380
274.060 274.305 274.579
274.082 274.216 274.289
273.989 274.149 274.432
274.224 274.389 274.543
274.191 274.345 274.541
274.133 274.330 274.674
274.218 274.429 274.883
274.141 274.276 274.353
273.969 274.285 274.604
274.058 274.154 274.275
273.939 274.148 274.277
274.045 274.550 275.831
274.119 274.290 274.699
274.200 274.350 274.605
274.104 274.236 274.555
274.066 274.216 274.450
274.032 274.169 274.424
274.199 274.301 274.412
274.157 274.307 274.501
274.252 274.380 274.488
274.256 274.382 274.605
273.968 274.214 274.400
274.253 274.351 274.458
274.154 274.252 274.443
273.959 274.108 274.258
274.163 274.258 274.381
274.074 274.270 274.422
273.983 274.140 274.277
274.207 274.490 275.193
274.177 274.319 274.526
274.060 274.345 274.564
274.159 274.309 274.507
273.999 274.166 274.311
274.052 274.132 274.209
274.034 274.190 274.373
274.220 274.341 274.500
274.023 274.123 274.273
273.971 274.058 274.274
273.946 274.072 274.146
274.042 274.194 274.345
274.028 274.304 274.450
274.167 274.224 274.358
274.010 274.214 274.368
274.091 274.170 274.315
274.167 274.284 274.337
274.203 274.340 274.431
274.156 274.270 274.425
274.123 274.238 274.364
274.004 274.189 274.537
273.978 274.263 274.451
274.098 274.261 274.491
274.257 274.325 274.462
274.147 274.248 274.297
274.091 274.336 274.653
273.958 274.092 274.227
274.031 274.137 274.277
274.019 274.170 274.263
274.317 274.371 274.506
274.105 274.443 274.860
274.078 274.777 276.410
274.004 274.204 274.472
274.067 274.251 274.371
274.308 274.385 274.450
273.976 274.342 275.040
274.056 274.197 274.283
274.174 274.253 274.315
274.086 274.201 274.421
273.949 274.187 274.426
274.105 274.279 274.490
274.099 274.200 274.360
274.011 274.289 274.474
274.104 274.246 274.528
274.157 274.286 274.448
274.147 274.312 274.387
274.077 274.234 274.436
274.222 274.306 274.469
274.175 274.531 275.357
274.070 274.173 274.341
274.024 274.193 274.388
274.040 274.200 274.358
274.174 274.262 274.421
274.090 274.195 274.337
273.935 274.136 274.362
274.090 274.219 274.346
274.055 274.254 274.391
273.900 274.095 274.324
274.171 274.243 274.334
273.992 274.209 274.417
273.905 274.140 274.432
274.147 274.409 275.059
274.029 274.218 274.365
274.001 274.202 274.415
274.004 274.241 274.417
274.066 274.323 274.462
274.121 274.186 274.280
274.055 274.199 274.270
274.004 274.188 274.321
274.039 274.201 274.381
274.087 274.174 274.237
274.200 274.219 274.232
274.084 274.147 274.238
273.997 274.210 274.349
274.063 274.262 274.371
264.138 264.415 264.651
264.320 264.484 264.624
264.328 264.372 264.424
264.284 264.376 264.456
264.233 264.353 264.470
264.139 264.390 264.601
264.322 264.465 264.687
264.196 264.375 264.527
264.276 264.355 264.454
264.325 264.453 264.697
274.034 274.124 274.289
274.176 274.332 274.582
273.985 274.085 274.140
274.094 274.237 274.457
274.219 274.325 274.451
274.040 274.219 274.344
274.040 274.208 274.293
274.076 274.278 274.428
274.010 274.165 274.285
274.010 274.233 274.498
274.257 274.321 274.411
274.062 274.222 274.341
274.056 274.647 275.449
274.152 274.327 274.505
274.193 274.370 274.629
274.152 274.267 274.337
274.025 274.243 274.469
274.022 274.143 274.227
274.066 274.225 274.624
273.886 274.143 274.386
273.958 274.033 274.106
274.064 274.250 274.419
274.089 274.165 274.325
274.043 274.236 274.332
274.068 274.173 274.354
273.962 274.310 275.065
274.062 274.235 274.423
274.108 274.247 274.422
273.980 274.313 274.708
274.032 274.671 276.582
273.992 274.242 274.460
273.937 274.133 274.295
274.002 274.190 274.337
274.074 274.231 274.393
274.293 275.006 276.224
273.965 274.108 274.370
274.184 274.263 274.351
274.168 274.306 274.451
273.937 274.395 274.624
274.140 274.232 274.369
274.036 274.410 274.835
274.153 274.318 274.444
274.258 274.421 274.886
274.078 274.308 274.670
274.078 274.233 274.424
273.986 274.178 274.440
274.121 274.297 274.533
274.079 274.219 274.341
274.092 274.295 274.473
274.061 274.255 274.499
274.024 274.314 274.568
274.186 274.338 274.582
274.029 274.299 274.559
274.006 274.350 274.870
274.321 274.422 274.528
274.102 274.260 274.367
274.074 274.296 274.667
274.238 274.372 274.539
274.079 274.198 274.364
273.976 274.273 274.385
274.102 274.245 274.416
273.985 274.387 275.181
274.032 274.223 274.452
274.166 274.329 274.684
273.958 274.198 274.560
274.198 275.244 278.712
274.075 274.378 274.945
274.181 275.029 276.371
274.080 275.631 276.969
274.182 276.334 277.994
274.022 279.268 282.624
275.602 278.854 280.947
274.128 274.698 276.717
274.268 275.563 277.455
274.479 276.168 278.163
274.350 274.677 275.175
274.390 277.913 280.156
274.188 274.574 274.805
274.461 274.767 275.350
273.957 275.388 277.706
274.162 274.767 275.487
274.080 274.379 274.785
274.389 276.885 278.706
276.125 278.540 281.504
274.368 275.929 279.671
274.173 274.603 274.825
274.299 275.026 275.958
274.319 276.177 278.799
273.994 275.294 277.944
274.299 275.070 276.606
274.460 275.350 277.682
274.362 277.135 280.867
274.137 275.435 276.759
274.910 276.811 278.654
274.757 277.959 280.545
275.022 278.732 282.562
274.459 278.210 283.054
276.657 279.142 281.134
275.072 280.406 283.125
274.243 277.332 281.123
274.991 278.323 283.054
274.514 276.780 280.436
277.201 279.904 282.768
274.362 276.675 279.245
277.709 279.607 282.793
275.320 279.235 283.005
275.858 278.890 281.182
274.367 277.830 282.130
274.356 277.386 281.525
274.437 278.014 282.284
275.886 279.616 282.121
278.252 282.068 288.673
275.236 278.570 281.835
274.526 278.616 280.891
274.376 278.072 281.993
275.321 279.871 281.701
274.412 279.396 282.777
276.942 278.241 280.735
274.679 277.122 282.647
275.093 278.090 282.703
274.426 279.272 281.430
278.073 280.588 283.271
274.274 277.375 281.322
275.095 278.102 281.701
277.208 280.884 284.361
276.586 279.006 283.057
274.716 278.623 282.718
276.295 279.378 282.049
277.499 281.090 283.052
278.598 280.603 282.182
281.149 282.151 283.207
279.316 280.745 283.018
277.644 280.058 283.536
279.191 281.411 282.634
278.198 281.241 283.205
277.712 279.905 282.149
279.045 280.738 282.230
276.914 280.708 282.924
277.577 280.191 282.713
279.134 281.633 282.442
266.502 270.080 273.141
268.764 270.694 273.006
267.689 269.857 273.037
266.496 270.879 272.977
268.607 270.914 272.037
268.974 270.545 272.738
275.772 279.297 282.605
275.253 280.188 282.422
277.502 280.402 283.177
269.992 272.709 274.228
266.827 272.604 275.004
268.506 271.788 274.304
268.987 271.730 274.312
267.017 271.554 273.978
269.792 272.835 274.998
267.285 270.276 273.146
271.727 273.817 275.194
272.157 273.584 275.142
270.909 273.010 274.597
268.605 273.318 275.785
273.691 274.565 275.603
272.125 273.563 274.829
272.572 274.439 275.506
269.209 272.019 274.065
265.671 269.274 272.464
269.191 271.503 273.091
264.415 268.053 272.538
264.923 267.638 270.211
264.736 267.685 269.526
267.178 270.137 272.706
265.251 269.177 272.779
264.291 268.820 273.237
265.888 268.851 271.682
266.023 269.785 272.493
264.497 267.516 270.881
264.263 267.907 272.054
264.953 269.711 272.438
266.981 271.129 272.784
275.310 278.340 280.411
274.250 279.052 281.779
274.133 274.905 276.263
274.276 275.294 277.160
274.404 277.018 280.514
274.072 276.362 279.414
274.406 278.119 282.398
274.256 277.927 280.734
274.474 277.570 281.075
274.861 277.771 281.199
276.440 278.912 281.763
274.265 276.833 279.307
274.583 277.023 280.624
274.154 277.359 281.199
274.756 279.204 282.645
274.497 279.442 283.319
274.093 278.009 281.703
274.275 277.767 282.425
275.710 279.160 282.845
275.243 277.888 279.970
276.055 280.529 282.990
276.231 280.520 282.383
275.360 278.158 280.052
274.108 277.870 280.429
275.384 278.092 282.543
267.242 269.558 273.082
264.632 268.449 272.825
264.871 267.042 269.653
266.352 268.323 270.324
265.183 268.161 270.444
264.549 265.968 269.246
265.001 266.584 269.267
264.448 266.571 271.118
264.456 266.970 270.737
264.215 265.745 267.909
264.317 264.785 265.561
274.165 274.650 275.542
274.032 275.058 278.732
274.070 275.132 278.685
274.144 274.437 275.076
274.144 276.181 279.393
274.014 274.718 276.068
274.036 274.169 274.285
274.064 274.698 275.755
273.924 274.101 274.338
274.146 274.190 274.249
273.940 274.046 274.139
274.030 274.232 274.436
274.017 274.190 274.341
273.985 274.301 274.608
274.082 274.352 274.672
273.958 274.113 274.240
273.859 274.034 274.153
274.058 274.234 274.360
274.143 274.276 274.399
274.076 274.630 275.365
273.928 274.230 274.660
274.159 274.225 274.311
274.018 274.346 274.624
274.088 274.244 274.400
274.069 274.301 274.487
274.028 274.171 274.283
266.459 266.578 266.715
266.500 266.549 266.623
266.311 266.479 266.652
274.207 274.456 275.271
273.965 274.128 274.349
273.979 274.107 274.253
274.062 274.194 274.320
274.080 274.253 274.400
274.088 274.174 274.294
274.067 274.235 274.505
273.972 274.082 274.178
274.030 274.249 274.389
273.943 274.126 274.344
274.019 274.130 274.238
273.936 274.047 274.146
274.004 274.084 274.144
274.045 274.151 274.215
273.940 274.074 274.325
274.019 274.150 274.269
274.021 274.233 274.414
273.970 274.132 274.445
274.034 274.187 274.397
274.043 274.131 274.369
273.894 274.084 274.406
273.917 274.124 274.414
274.007 274.072 274.146
274.004 274.253 274.358
273.931 274.055 274.164
273.964 274.105 274.221
274.042 274.150 274.239
274.162 274.228 274.264
273.982 274.140 274.278
273.925 274.039 274.162
274.036 274.120 274.233
282.811 282.913 283.030
282.703 283.146 284.309
282.758 283.253 285.042
282.750 282.928 283.212
282.869 283.302 284.659
282.830 283.018 283.272
282.814 283.051 283.278
282.752 282.942 283.180
282.803 282.938 283.131
282.931 283.097 283.303
282.717 282.768 282.823
282.681 282.801 283.028
282.774 282.934 283.200
282.695 282.779 282.857
282.640 282.801 283.021
282.710 282.852 283.018
282.870 282.987 283.041
282.837 282.998 283.170
282.634 282.855 283.046
282.713 282.817 282.880
282.711 282.818 282.903
282.758 282.941 283.217
282.718 282.789 282.847
282.735 282.970 283.135
282.808 283.164 283.973
282.762 282.917 283.128
282.824 282.919 283.068
282.712 283.037 283.365
282.702 282.914 283.096
282.712 282.837 282.977
282.781 283.022 283.276
282.681 282.914 283.225
282.918 283.171 283.667
282.968 283.499 284.791
282.897 283.124 283.661
282.780 282.880 283.036
282.811 282.979 283.139
283.049 283.126 283.250
282.786 283.253 284.049
282.631 283.033 283.698
282.822 282.893 282.937
282.754 283.020 283.295
282.705 282.968 283.199
282.878 284.139 288.185
282.800 282.884 282.991
282.714 282.845 282.921
282.688 282.807 282.899
282.700 282.896 283.044
282.640 282.948 283.146
282.645 282.845 282.988
282.725 282.877 283.048
282.687 282.787 282.861
282.616 282.734 282.830
282.722 283.148 284.616
282.796 282.946 283.185
282.779 282.877 283.125
282.663 282.863 283.221
282.699 282.888 283.064
282.835 282.956 283.202
282.737 282.910 283.184
282.862 283.361 284.152
282.945 283.164 283.434
282.845 283.009 283.160
282.848 283.377 284.032
282.828 282.957 283.155
282.868 283.036 283.274
283.060 283.400 284.287
283.105 285.940 293.288
282.567 282.794 282.893
282.699 283.054 283.519
282.660 282.740 282.867
282.748 282.887 282.969
282.692 282.830 283.153
282.750 282.908 283.132
282.846 283.721 286.480
292.528 293.525 294.771
282.711 282.928 283.176
282.767 283.278 284.591
282.986 283.550 284.293
282.705 282.889 283.185
282.685 282.864 283.118
282.759 282.850 282.937
282.716 282.872 283.143
282.609 283.153 284.517
282.737 282.933 283.194
282.618 282.800 282.929
282.848 282.877 282.904
282.696 282.961 283.188
282.737 282.883 282.949
282.709 282.838 282.930
282.623 282.856 283.014
282.660 282.870 282.980
282.618 282.879 283.067
282.584 282.748 282.824
282.641 282.762 282.955
282.716 282.782 282.886
282.706 282.878 283.068
282.909 282.992 283.100
282.658 282.890 283.025
282.572 282.694 282.815
282.782 283.005 283.253
282.621 282.730 283.046
282.610 282.759 282.859
282.592 282.776 282.861
282.575 282.720 282.781
282.854 282.944 283.070
282.652 282.805 282.928
282.772 282.871 283.154
282.774 282.911 283.191
282.756 283.015 283.216
282.666 283.065 283.737
283.082 283.900 284.736
282.882 283.005 283.153
282.691 282.788 282.929
282.763 282.826 282.964
282.666 282.750 282.815
275.470 275.579 275.824
273.958 274.119 274.258
274.080 274.114 274.150
273.904 274.028 274.129
274.167 274.260 274.437
274.058 274.182 274.374
274.098 274.209 274.330
273.949 274.043 274.215
274.046 274.145 274.235
273.983 274.103 274.346
266.371 266.545 266.780
266.463 266.650 266.708
266.313 266.506 266.638
273.969 274.140 274.268
274.025 274.502 276.085
274.122 274.197 274.289
273.977 274.019 274.059
273.992 274.194 274.295
274.134 274.274 274.425
274.005 274.139 274.316
273.884 274.002 274.107
273.879 273.951 274.082
274.012 274.072 274.157
274.038 274.110 274.163
273.921 274.421 276.002
274.017 274.125 274.214
274.053 274.240 274.487
273.979 274.210 274.462
274.233 274.465 275.029
274.016 274.137 274.428
273.986 274.180 274.376
273.973 274.087 274.327
274.040 274.155 274.346
274.142 274.237 274.341
273.977 274.183 274.403
274.150 274.258 274.437
273.893 274.049 274.275
274.012 274.229 274.336
274.090 274.162 274.225
274.082 274.169 274.278
273.919 274.323 274.744
274.108 274.201 274.299
273.997 274.072 274.188
274.003 274.119 274.245
274.046 274.541 276.194
273.933 274.251 274.419
273.967 274.252 274.449
274.018 274.105 274.193
274.074 274.163 274.327
274.031 274.166 274.311
274.116 274.151 274.183
273.935 274.227 274.379
273.983 274.149 274.276
274.100 274.265 274.788
274.107 274.199 274.264
273.952 274.208 274.322
273.916 275.066 276.322
273.911 274.157 274.368
273.969 274.114 274.273
273.953 274.051 274.180
274.158 274.292 274.409
274.118 274.220 274.345
273.987 274.178 274.390
274.051 274.182 274.299
273.981 274.151 274.325
274.053 274.181 274.328
274.041 274.201 274.601
273.934 274.090 274.273
273.981 274.119 274.200
274.048 274.207 274.420
273.969 274.047 274.203
273.919 274.074 274.202
273.874 274.050 274.507
274.094 274.200 274.373
273.895 274.133 274.278
273.930 274.100 274.212
274.030 274.170 274.286
273.956 274.135 274.326
273.932 274.052 274.265
274.021 274.083 274.204
273.970 274.068 274.176
273.975 274.061 274.160
274.072 274.226 274.439
274.018 274.125 274.234
274.066 274.166 274.364
274.097 274.182 274.378
274.005 274.117 274.280
273.964 274.154 274.306
274.022 274.195 274.351
274.090 274.209 274.330
274.078 274.273 274.474
274.114 274.162 274.251
273.915 274.201 274.808
273.870 274.081 274.253
273.976 274.110 274.206
273.993 274.090 274.307
274.035 274.207 274.304
274.022 274.140 274.360
274.077 274.231 274.402
273.913 274.153 274.287
274.015 274.140 274.232
274.139 274.248 274.326
274.067 274.136 274.195
273.906 274.035 274.160
274.031 274.081 274.184
273.960 274.103 274.226
274.002 274.129 274.258
274.061 274.193 274.433
274.010 274.163 274.354
273.899 274.091 274.279
273.974 274.192 274.339
273.962 274.125 274.262
274.158 274.274 274.368
273.998 274.335 275.119
274.031 274.194 274.305
274.236 274.298 274.370
274.078 274.236 274.369
273.990 274.127 274.235
273.995 274.231 274.459
273.990 274.570 276.179
274.120 274.245 274.424
273.985 274.182 274.283
274.064 274.246 274.407
273.993 274.150 274.310
274.156 274.206 274.305
273.947 274.097 274.288
274.057 274.087 274.113
273.979 274.151 274.397
274.025 274.125 274.248
274.000 274.227 274.400
274.059 274.160 274.370
274.014 274.133 274.250
273.931 274.058 274.143
273.903 274.125 274.253
273.901 274.032 274.191
274.171 274.282 274.421
274.042 274.255 274.495
273.929 274.095 274.160
274.020 274.123 274.169
274.038 274.118 274.192
273.964 274.116 274.281
274.145 274.256 274.380
273.994 274.133 274.317
274.119 274.298 274.523
274.094 274.200 274.360
274.061 274.129 274.244
274.007 274.197 274.343
274.170 274.251 274.432
274.054 274.192 274.283
274.211 274.254 274.294
273.929 274.099 274.298
274.009 274.217 274.455
274.059 274.137 274.207
274.103 274.240 274.436
274.025 274.119 274.287
274.055 274.174 274.284
274.043 274.098 274.138
274.054 274.427 275.508
273.993 274.150 274.316
273.974 274.462 275.372
273.967 274.138 274.407
274.053 274.215 274.438
274.030 274.185 274.323
274.186 274.254 274.340
274.022 274.185 274.375
274.075 274.194 274.406
274.083 274.174 274.254
273.982 274.112 274.214
274.009 274.176 274.334
274.045 274.150 274.247
273.973 274.301 274.895
274.098 274.211 274.354
274.018 274.152 274.269
273.927 274.086 274.204
273.977 274.167 274.351
274.158 274.273 274.443
273.961 274.065 274.182
273.923 274.107 274.208
273.979 274.158 274.350
274.111 274.221 274.385
274.088 274.189 274.242
273.943 274.199 274.428
273.899 274.051 274.268
273.922 274.179 274.436
273.949 274.122 274.296
274.103 274.202 274.308
274.001 274.198 274.415
274.032 274.099 274.158
274.068 274.146 274.351
273.995 274.141 274.351
274.074 274.193 274.329
273.969 274.108 274.163
274.039 274.171 274.328
274.042 274.138 274.262
273.892 274.055 274.325
273.991 294.573 325.159
319.166 322.049 323.687
273.967 274.078 274.237
313.079 318.424 324.538
273.996 274.103 274.258
274.149 274.196 274.258
273.938 274.045 274.167
274.150 274.358 274.895
273.936 274.035 274.107
273.916 274.072 274.207
273.996 274.220 274.313
273.887 274.004 274.060
274.106 274.161 274.199
273.982 274.089 274.280
273.930 274.563 276.374
273.980 274.098 274.263
0 0 0
275.146 275.347 275.657
275.409 277.459 280.266
297.624 298.316 299.943
295.343 295.611 296.327
273.918 274.034 274.228
273.931 274.008 274.112
273.986 274.132 274.283
273.961 274.085 274.195
274.090 274.153 274.228
274.078 274.151 274.275
274.062 274.226 274.376
273.983 274.206 274.366
274.130 274.251 274.450
273.983 274.108 274.387
274.062 277.340 288.646
274.038 274.170 274.292
273.986 274.111 274.284
273.989 274.191 274.395
273.954 274.193 274.427
274.305 314.382 325.362
323.527 325.032 325.603
321.520 323.783 325.516
274.138 274.596 276.257
274.007 274.066 274.160
274.045 274.155 274.340
273.913 274.165 274.424
274.058 274.161 274.300
274.065 284.026 307.514
273.970 307.669 325.511
273.900 274.062 274.401
274.063 274.208 274.359
274.055 274.210 274.328
273.966 274.098 274.229
273.961 274.033 274.246
273.910 274.089 274.230
274.132 274.196 274.286
273.964 274.050 274.142
273.899 274.108 274.372
274.170 274.287 274.502
273.877 274.127 274.398
273.875 274.029 274.246
273.917 274.122 274.273
274.136 274.323 274.458
274.155 274.248 274.447
274.016 274.148 274.202
273.966 274.034 274.148
274.052 274.162 274.258
274.113 274.221 274.397
273.982 274.141 274.366
274.029 274.192 274.438
273.875 274.026 274.181
273.944 274.054 274.218
274.144 274.224 274.268
274.015 274.165 274.383
273.972 274.201 274.331
274.247 274.362 274.470
274.224 274.300 274.422
274.023 274.139 274.247
273.979 274.170 274.334
273.930 274.044 274.196
274.095 274.169 274.211
274.065 274.170 274.367
274.042 274.147 274.299
273.928 274.062 274.208
273.952 274.052 274.130
273.990 274.136 274.300
274.087 274.185 274.416
273.985 274.113 274.399
274.227 274.650 275.085
274.111 274.279 274.411
274.044 274.176 274.381
273.940 274.064 274.151
274.097 274.234 274.400
274.029 274.154 274.378
273.907 274.053 274.166
273.949 274.149 274.387
273.951 274.171 274.247
274.111 274.419 274.916
274.062 274.171 274.228
273.950 274.150 274.369
273.939 274.113 274.260
273.982 274.169 274.424
274.050 274.126 274.211
274.032 274.226 274.351
274.067 274.709 275.718
273.970 274.222 274.350
274.032 274.161 274.339
274.118 274.209 274.311
274.111 274.229 274.339
274.237 276.339 284.635
273.985 274.170 274.284
273.966 274.083 274.291
274.148 274.264 274.414
274.017 274.232 274.718
274.034 274.139 274.252
273.997 274.029 274.069
274.055 274.222 274.380
273.921 274.001 274.078
273.954 274.148 274.428
274.031 274.124 274.314
274.065 274.304 274.935
273.992 274.154 274.254
273.937 274.222 274.480
273.949 274.525 276.389
274.051 274.144 274.191
274.017 274.090 274.237
273.974 274.169 274.300
274.002 274.091 274.203
274.054 274.252 274.389
274.161 274.222 274.340
273.989 274.175 274.358
273.991 274.223 274.461
273.936 274.004 274.156
274.088 274.247 274.364
274.011 274.194 274.345
274.016 274.164 274.323
274.004 274.113 274.294
273.952 274.174 274.370
274.280 274.329 274.421
273.962 274.099 274.353
273.905 274.072 274.311
274.168 274.232 274.330
274.146 274.274 274.378
274.011 274.219 274.337
274.145 274.235 274.332
274.069 274.298 274.522
274.246 274.360 274.557
274.170 274.291 274.394
274.277 274.353 274.416
273.975 274.231 274.392
274.071 274.250 274.399
274.165 274.354 274.529
274.143 274.351 274.670
274.097 274.213 274.321
274.097 274.808 276.841
274.085 274.232 274.622
274.017 274.149 274.314
274.030 274.207 274.314
274.063 274.174 274.341
274.018 274.250 274.445
274.109 274.183 274.426
273.988 274.152 274.307
273.903 274.173 274.459
273.971 274.163 274.348
274.170 274.228 274.288
274.036 274.234 274.504
274.087 274.201 274.386
273.946 274.164 274.337
274.018 274.177 274.374
273.966 274.191 274.475
274.056 274.365 274.708
273.883 274.347 275.147
274.127 274.252 274.499
273.978 274.114 274.337
273.998 274.200 274.371
274.009 274.141 274.303
274.193 274.261 274.375
273.981 274.138 274.268
274.023 274.334 274.889
274.026 274.237 274.401
274.065 274.192 274.296
274.236 274.342 274.451
274.074 274.207 274.355
273.995 274.279 274.561
274.066 274.170 274.234
274.148 274.270 274.395
274.058 274.249 274.457
274.036 274.396 274.940
273.903 274.372 275.122
274.072 274.186 274.303
273.920 274.105 274.275
274.011 274.122 274.238
274.001 274.356 274.763
273.968 274.126 274.256
273.949 274.179 274.324
273.990 274.119 274.324
274.080 274.199 274.371
272.860 274.258 277.729
272.853 275.818 279.529
272.829 274.474 276.589
273.990 274.204 274.393
273.828 273.986 274.120
273.937 274.089 274.219
273.964 274.198 274.857
274.286 275.427 276.420
274.016 274.196 274.335
274.147 274.236 274.336
273.068 274.904 278.623
272.808 274.050 277.217
272.892 275.851 280.697
274.021 274.154 274.231
273.975 274.149 274.343
273.999 274.209 274.379
273.957 274.083 274.207
273.962 274.222 274.463
274.023 274.145 274.246
274.016 274.201 274.315
274.072 274.198 274.285
274.131 274.208 274.455
274.156 274.317 274.551
273.983 274.567 276.045
274.097 274.244 274.412
274.077 274.250 274.365
274.034 274.361 274.748
274.183 274.311 274.566
274.122 274.208 274.426
274.225 274.383 274.491
274.021 274.255 274.452
274.115 274.197 274.324
274.076 274.209 274.375
273.967 274.170 274.395
274.148 274.321 274.523
274.185 274.317 274.408
274.139 274.232 274.476
273.932 274.123 274.321
277.105 277.633 278.098
275.010 275.313 275.608
275.081 275.670 276.687
275.149 276.553 278.395
274.011 274.212 274.292
274.309 274.483 274.815
274.079 274.167 274.311
274.052 274.400 274.794
274.031 274.189 274.351
274.197 274.243 274.331
274.047 274.199 274.332
274.123 274.328 274.608
274.115 274.275 274.374
274.029 274.189 274.501
274.095 274.194 274.331
274.131 274.257 274.432
274.129 274.266 274.422
274.015 274.181 274.452
274.166 274.309 274.460
274.207 274.364 274.620
273.962 274.367 274.765
273.924 274.554 275.342
274.230 274.303 274.468
274.185 274.273 274.389
274.570 275.068 275.682
273.975 274.142 274.312
273.989 274.422 275.208
273.901 274.202 274.354
274.100 274.362 274.653
274.013 274.111 274.376
274.223 274.442 274.807
274.105 274.306 274.583
274.098 274.356 274.650
274.271 274.431 274.684
274.112 274.248 274.398
274.317 274.600 275.006
274.079 274.258 274.445
274.269 274.407 274.591
274.261 274.744 275.243
274.157 274.955 275.954
274.374 277.849 281.163
274.320 277.038 279.699
274.131 274.734 275.933
274.192 274.530 275.132
274.036 274.376 274.982
274.224 274.540 274.957
273.951 274.157 274.306
274.141 276.746 280.377
0 0 0
278.867 280.459 281.818
278.759 280.397 281.049
274.091 275.135 276.915
273.980 274.313 274.562
274.126 276.099 280.951
274.268 276.584 282.192
274.227 275.681 279.184
274.271 276.801 281.142
274.020 274.966 276.637
275.133 279.180 280.885
274.081 276.404 280.251
274.301 276.343 278.792
274.235 274.739 275.554
274.025 276.338 278.298
274.535 277.693 280.633
274.579 278.010 281.680
274.038 277.338 282.994
279.321 280.972 281.987
274.456 279.416 282.348
277.588 280.196 283.180
274.630 279.709 283.072
274.495 279.324 281.764
278.219 280.529 282.556
278.555 280.111 281.970
270.467 271.587 272.493
266.977 272.352 274.774
266.553 270.371 273.668
266.972 272.240 275.149
267.190 269.995 271.481
266.548 270.611 272.951
274.299 277.716 282.845
274.133 280.660 282.809
276.271 280.540 282.975
276.189 280.268 283.090
277.218 280.030 282.551
280.904 282.081 282.729
276.912 279.425 281.745
274.339 279.584 282.934
277.400 281.211 282.452
276.402 281.077 283.244
278.535 280.868 283.001
280.872 282.150 283.312
277.534 280.959 282.720
278.386 281.079 283.430
275.460 278.030 279.608
276.898 279.919 283.000
280.714 281.799 282.706
275.040 279.762 282.451
279.256 280.770 282.227
281.065 282.591 283.234
275.561 278.441 282.715
280.623 281.126 281.985
279.870 281.272 283.227
281.472 282.630 283.174
279.011 281.846 282.929
281.047 281.914 282.952
277.728 279.984 283.274
278.176 280.285 282.570
278.629 280.839 282.301
276.614 280.336 283.004
281.208 281.788 283.148
276.368 279.259 282.339
279.030 281.495 282.998
280.380 281.296 282.675
280.666 281.672 283.057
274.481 280.120 282.690
277.563 279.730 282.241
278.639 280.811 283.012
278.787 280.448 282.516
278.438 280.539 283.420
270.861 271.817 272.907
267.185 270.795 272.179
268.359 270.935 273.185
271.121 271.840 272.824
279.556 281.132 282.670
278.490 280.543 282.420
279.375 281.223 282.906
277.940 280.533 283.419
279.335 280.907 282.502
277.203 280.883 283.283
275.769 279.799 282.668
278.544 281.457 282.736
276.974 279.921 282.251
276.452 279.520 282.405
279.960 281.308 283.247
280.340 281.744 282.948
279.285 281.433 282.532
279.834 281.707 282.745
280.210 281.969 283.154
268.935 271.543 272.888
267.103 269.776 272.084
265.635 267.609 271.063
276.012 279.942 282.114
278.513 280.657 283.074
276.342 277.928 281.449
277.547 280.416 282.582
280.131 281.499 283.132
279.446 280.883 282.089
280.747 281.822 282.931
280.748 281.986 282.994
275.975 281.053 283.376
271.769 272.272 273.282
270.547 272.732 274.596
269.653 272.937 275.268
269.874 273.818 275.680
270.851 273.543 275.707
266.669 270.934 274.972
269.284 272.348 274.800
274.955 280.904 283.300
277.201 280.128 281.934
274.752 277.864 280.994
275.734 277.768 281.881
276.454 279.466 282.861
277.267 279.683 281.691
274.079 278.682 281.766
274.698 279.747 282.408
278.799 281.083 283.225
279.188 280.288 281.961
277.940 279.928 282.272
274.944 278.607 283.128
278.339 280.117 282.425
276.192 279.435 282.522
275.078 279.859 282.199
275.482 278.431 280.366
274.137 279.178 283.041
274.345 277.193 280.744
275.255 277.284 280.108
275.101 277.644 282.832
274.440 278.640 281.565
274.776 277.944 282.004
276.037 278.877 281.096
266.537 270.638 274.632
266.491 268.162 270.882
268.571 271.424 273.824
267.353 271.132 274.295
274.293 278.237 282.990
274.275 277.531 280.953
274.031 275.805 279.482
274.601 276.425 279.276
276.527 278.708 281.145
274.183 276.178 278.478
275.140 276.569 278.488
274.382 274.822 275.885
274.038 274.186 274.423
273.945 274.237 274.564
274.313 274.879 275.896
274.071 274.407 274.947
274.063 274.256 274.578
273.985 274.140 274.268
273.976 274.320 274.606
274.036 274.240 274.444
266.330 269.610 274.256
266.311 266.382 266.577
266.368 266.506 266.606
266.399 266.611 266.842
274.079 274.198 274.311
274.011 274.187 274.359
274.131 274.269 274.487
274.060 274.174 274.333
274.008 274.114 274.267
274.074 274.135 274.232
274.085 274.229 274.389
274.042 274.154 274.220
274.065 274.165 274.305
316.542 316.668 316.755
316.660 316.819 317.158
316.446 317.164 319.413
316.470 316.686 316.984
264.192 264.307 264.439
274.001 274.258 274.483
274.092 274.223 274.364
0 0 0
264.290 264.418 264.562
0 0 0
273.986 274.108 274.225
274.044 274.185 274.468
274.049 274.165 274.233
274.016 274.131 274.286
274.015 274.204 274.352
273.988 274.070 274.208
274.120 274.178 274.293
273.942 274.026 274.092
273.995 274.051 274.126
273.995 274.214 274.485
274.023 274.182 274.554
273.931 273.999 274.084
273.953 274.064 274.274
274.133 278.267 284.247
0 0 0
273.962 274.172 274.312
274.136 274.235 274.319
274.050 274.204 274.381
274.025 274.166 274.296
274.043 274.351 275.124
274.143 274.255 274.434
274.036 274.152 274.349
274.016 274.174 274.349
273.957 274.056 274.154
273.940 274.088 274.239
273.948 274.082 274.462
274.000 274.105 274.205
274.096 274.238 274.424
273.964 274.102 274.282
273.996 274.145 274.433
273.973 274.070 274.272
273.944 274.139 274.272
273.985 274.161 274.283
273.951 274.121 274.262
274.082 274.192 274.358
274.035 274.307 274.504
274.024 274.090 274.213
274.005 274.246 274.504
274.107 274.222 274.331
273.984 274.146 274.365
273.969 274.559 276.183
274.034 274.267 274.469
273.984 274.183 274.333
274.007 274.116 274.178
273.980 274.150 274.349
274.134 274.203 274.286
274.022 274.196 274.410
274.013 274.129 274.176
273.955 274.141 274.285
274.027 274.198 274.372
274.037 274.246 274.508
274.009 274.211 274.332
274.042 274.138 274.251
273.998 274.167 274.259
273.981 274.217 274.397
274.057 274.120 274.188
320.146 321.224 322.303
273.944 274.251 274.562
274.394 309.530 325.772
274.115 274.205 274.311
273.952 274.128 274.237
274.208 274.313 274.450
274.096 274.424 275.145
274.021 274.132 274.466
274.041 274.142 274.293
274.038 274.190 274.365
273.948 274.088 274.330
322.893 322.893 322.893
290.111 290.195 290.392
274.144 274.257 274.405
273.977 274.157 274.398
274.000 274.126 274.213
273.851 274.120 274.256
274.024 274.198 274.505
266.421 266.556 266.707
266.413 266.560 266.742
266.240 266.332 266.549
266.266 266.463 266.675
266.559 266.674 266.796
266.433 266.620 266.850
322.472 322.472 322.472
274.192 274.264 274.391
274.075 274.169 274.362
274.150 274.231 274.333
273.998 274.151 274.296
274.029 274.079 274.177
273.948 274.117 274.383
273.961 274.169 274.313
273.887 274.117 274.254
366.633 366.633 366.633
366.446 366.552 366.659
367.039 367.039 367.039
274.008 274.107 274.267
274.155 274.241 274.399
274.155 274.227 274.302
274.032 274.333 275.254
274.046 274.168 274.246
274.014 274.122 274.219
273.969 274.113 274.370
316.751 316.912 317.093
316.634 316.726 316.855
316.544 316.688 316.932
273.859 274.016 274.238
274.005 274.150 274.385
273.913 274.122 274.348
293.881 294.321 294.667
293.067 293.468 293.732
274.048 275.513 279.172
273.959 274.308 274.942
273.979 274.112 274.222
273.981 274.136 274.203
273.992 274.193 274.419
316.417 316.615 316.846
316.442 316.588 316.828
316.429 316.687 316.965
274.035 274.120 274.220
274.044 274.126 274.251
273.966 274.091 274.259
273.997 274.109 274.196
274.081 274.286 274.793
273.953 274.111 274.391
270.744 271.376 272.786
270.709 270.852 271.033
270.667 274.038 286.746
270.641 270.784 270.979
270.623 270.797 271.269
270.670 270.741 270.835
268.441 268.613 268.700
268.428 268.570 268.687
268.610 270.197 276.349
268.572 268.699 268.849
278.318 278.386 278.515
278.301 278.441 278.674
278.294 278.457 278.621
278.300 278.496 278.653
278.406 278.577 278.962
278.433 278.584 278.752
278.333 278.465 278.553
278.260 278.388 278.497
278.294 278.482 278.654
278.260 278.445 278.515
278.361 278.460 278.568
278.275 278.440 278.594
278.267 278.376 278.575
278.305 278.400 278.512
278.344 278.539 278.635
278.295 278.494 278.678
270.780 270.822 270.868
270.576 270.807 270.951
278.474 278.522 278.592
278.400 278.527 278.761
278.225 278.327 278.566
278.312 278.489 278.656
278.391 304.423 408.275
278.364 278.474 278.697
278.301 278.421 278.586
278.296 278.499 278.642
278.259 278.399 278.501
278.316 278.508 278.643
278.459 278.605 278.880
278.294 278.481 278.668
278.250 278.443 278.566
278.460 278.606 278.694
278.512 278.629 278.764
278.334 278.436 278.529
278.313 278.449 278.612
278.257 278.417 278.556
278.299 278.354 278.441
278.452 278.538 278.656
278.345 278.497 278.663
278.368 278.463 278.550
278.404 278.493 278.732
278.348 278.424 278.606
278.296 278.436 278.591
278.337 278.524 278.755
278.214 278.444 278.578
278.411 278.501 278.645
278.349 278.549 278.970
278.148 278.312 278.540
278.294 278.353 278.465
278.308 278.800 280.342
278.295 278.486 278.692
278.260 278.482 278.780
278.240 278.377 278.570
278.400 278.627 278.861
278.241 278.392 278.510
278.244 278.388 278.581
278.232 278.379 278.619
278.305 278.495 278.616
278.228 278.285 278.321
278.294 278.402 278.495
278.275 278.414 278.508
278.316 278.444 278.704
278.360 278.477 278.638
278.238 278.414 278.549
278.334 278.467 278.557
278.371 278.466 278.668
278.328 278.432 278.494
278.289 278.394 278.541
278.295 278.410 278.618
278.315 278.387 278.470
278.293 278.404 278.641
278.206 278.381 278.673
278.369 278.439 278.542
278.251 278.308 278.401
278.260 278.400 278.522
278.357 278.522 278.675
278.335 278.471 278.640
278.482 278.571 278.681
278.385 278.438 278.516
278.297 278.429 278.560
278.288 278.431 278.634
278.300 278.418 278.547
278.416 278.484 278.634
278.207 278.469 278.618
278.448 278.534 278.640
278.349 278.497 278.578
278.320 278.441 278.571
278.300 278.452 278.534
278.348 278.510 278.678
278.327 278.436 278.577
278.313 278.469 278.646
278.317 278.457 278.604
278.276 278.420 278.537
278.274 278.426 278.609
278.305 278.433 278.588
278.310 278.642 279.262
278.325 278.512 278.585
278.295 278.508 278.624
278.363 278.552 278.754
278.399 278.474 278.555
278.309 278.487 278.741
278.410 278.595 278.789
278.423 278.486 278.617
278.309 278.448 278.766
278.421 279.268 282.318
278.226 278.417 278.731
273.925 274.083 274.176
274.032 274.143 274.246
273.975 274.281 274.567
274.073 274.162 274.239
274.083 274.155 274.380
274.006 274.198 274.255
274.054 274.197 274.345
273.978 274.188 274.318
273.942 274.055 274.258
274.020 274.137 274.377
274.157 274.180 274.203
274.055 274.226 274.371
274.028 274.212 274.358
274.014 274.171 274.312
274.207 274.311 274.417
274.001 274.217 274.378
274.055 274.149 274.376
274.159 274.218 274.287
274.033 274.390 275.383
274.041 274.140 274.240
273.932 274.108 274.296
273.922 274.111 274.379
273.984 274.173 274.365
273.958 274.152 274.411
273.958 274.137 274.332
274.044 274.110 274.154
273.883 274.062 274.339
274.060 274.115 274.178
274.041 274.125 274.204
273.958 274.171 274.327
274.016 274.121 274.333
273.874 274.015 274.273
274.025 274.204 274.342
273.994 274.122 274.302
274.137 274.206 274.288
274.004 274.092 274.243
273.924 274.120 274.278
273.931 274.084 274.339
274.056 274.236 274.345
273.922 274.124 274.397
274.040 274.163 274.344
273.991 274.157 274.357
273.959 274.174 274.374
274.034 274.409 275.582
274.107 274.220 274.293
273.904 274.110 274.372
274.003 274.283 274.532
273.999 274.150 274.239
273.985 274.146 274.459
274.050 274.139 274.373
274.163 274.216 274.255
273.904 274.120 274.299
274.156 274.220 274.302
274.161 274.204 274.248
274.032 274.231 274.346
273.895 274.089 274.245
273.979 274.252 274.752
274.004 274.172 274.449
273.877 273.980 274.162
274.007 274.323 274.663
274.068 274.262 274.581
274.102 274.186 274.352
273.964 274.169 274.401
274.095 274.148 274.198
273.944 274.048 274.117
273.970 274.088 274.181
273.915 274.048 274.204
273.941 274.104 274.239
274.097 274.249 274.359
273.986 274.155 274.353
274.001 274.110 274.307
273.958 274.008 274.042
274.132 274.211 274.327
274.040 274.118 274.181
273.921 274.175 274.402
273.968 274.066 274.216
273.954 274.142 274.241
274.093 274.154 274.214
274.035 274.151 274.285
273.946 274.108 274.223
273.941 274.142 274.403
274.073 274.214 274.359
274.043 274.829 277.189
273.954 274.094 274.217
273.990 274.176 274.348
273.955 274.084 274.137
274.026 274.136 274.332
273.945 274.138 274.375
273.983 274.095 274.246
274.108 274.172 274.272
274.007 274.147 274.233
274.074 274.193 274.324
274.063 274.174 274.268
274.157 274.219 274.342
273.978 274.165 274.408
274.081 274.181 274.286
274.060 274.176 274.366
274.167 274.220 274.337
274.086 274.268 274.879
273.946 274.098 274.440
273.993 274.071 274.148
273.957 274.279 274.596
274.014 274.151 274.291
273.845 274.103 274.324
274.067 274.237 274.362
273.973 274.113 274.407
274.105 274.247 274.400
274.096 274.178 274.232
274.054 274.208 274.313
274.005 274.093 274.139
274.039 274.199 274.614
273.986 274.178 274.258
274.127 274.283 274.565
274.042 274.178 274.335
273.978 274.218 274.325
274.011 274.174 274.583
274.056 274.137 274.303
273.958 274.113 274.295
273.947 274.614 276.162
274.015 274.710 276.439
274.103 274.195 274.320
273.984 274.140 274.245
273.917 274.042 274.153
274.002 274.095 274.241
273.862 274.182 274.442
274.101 274.248 274.450
274.021 274.220 274.340
273.851 274.074 274.249
273.969 274.121 274.272
273.956 274.199 274.373
274.048 274.153 274.276
273.971 274.163 274.303
273.937 274.040 274.173
273.950 274.168 274.301
273.966 274.091 274.184
273.965 274.152 274.302
273.977 274.140 274.287
274.012 274.069 274.168
273.903 274.065 274.239
273.987 274.075 274.129
274.024 274.144 274.305
274.041 274.138 274.269
274.029 274.193 274.384
273.939 274.118 274.324
274.041 274.212 274.347
274.082 274.182 274.324
274.048 274.202 274.384
273.972 274.057 274.146
274.030 274.172 274.319
274.014 274.164 274.275
274.132 274.261 274.395
274.024 274.240 274.383
274.110 274.240 274.423
274.018 274.227 274.458
274.065 274.153 274.207
273.907 274.078 274.292
274.062 274.167 274.365
273.930 274.126 274.373
273.966 274.150 274.364
274.038 274.213 274.402
273.885 274.021 274.151
274.145 274.199 274.311
273.950 274.143 274.370
274.128 274.260 274.392
274.030 274.134 274.327
274.103 274.309 274.624
274.073 274.255 274.501
273.950 274.186 274.398
274.030 274.275 274.517
274.016 274.104 274.159
273.929 274.072 274.229
273.998 274.123 274.338
273.921 274.000 274.035
273.924 274.127 274.397
273.984 274.167 274.288
274.033 274.114 274.253
274.046 274.171 274.278
273.943 274.081 274.175
273.998 274.157 274.254
274.143 274.235 274.377
274.075 274.547 275.217
273.995 274.188 274.276
274.037 274.153 274.315
273.975 274.127 274.334
274.064 274.203 274.395
273.992 274.190 274.400
274.068 274.267 274.415
274.078 274.127 274.231
273.924 274.018 274.094
274.081 274.197 274.321
274.114 274.174 274.229
274.040 274.137 274.310
274.131 274.239 274.374
273.987 274.110 274.267
273.983 274.227 274.478
273.986 274.196 274.397
274.010 274.082 274.172
273.952 274.142 274.325
274.182 274.403 274.958
274.080 274.133 274.184
274.158 276.269 284.214
273.969 274.094 274.205
274.106 274.215 274.326
273.986 274.462 275.453
273.969 274.127 274.229
273.926 274.127 274.416
274.158 274.304 274.519
274.099 274.285 274.469
274.179 274.364 274.868
274.053 274.148 274.240
274.028 274.188 274.304
274.121 274.226 274.325
274.010 274.184 274.482
273.988 274.065 274.162
273.942 274.078 274.245
273.976 274.159 274.435
274.123 274.295 274.557
274.045 274.287 274.427
274.175 274.230 274.273
274.064 274.420 275.160
274.006 274.119 274.229
274.119 274.177 274.299
274.047 274.207 274.348
273.912 274.184 274.351
273.978 274.135 274.279
273.946 274.131 274.306
273.987 274.176 274.326
273.954 274.124 274.303
273.993 274.083 274.122
273.990 274.195 274.377
274.013 274.244 274.829
274.110 274.352 274.935
274.096 274.993 276.363
274.061 274.207 274.375
274.156 274.248 274.443
274.052 274.242 274.551
274.134 274.450 275.180
273.954 274.188 274.384
273.963 274.120 274.243
273.957 274.032 274.115
273.993 274.124 274.350
274.083 274.399 275.054
274.057 274.199 274.384
274.054 274.135 274.310
274.023 274.202 274.353
274.028 274.149 274.390
274.056 274.152 274.239
273.974 274.147 274.258
273.995 274.070 274.249
274.116 274.362 274.823
274.080 274.108 274.157
273.945 274.118 274.329
274.064 274.187 274.436
274.059 274.226 274.413
274.047 274.157 274.283
274.113 274.207 274.328
266.294 266.443 266.566
266.340 266.520 266.649
266.345 266.476 266.665
273.976 274.139 274.253
274.027 274.160 274.378
273.995 274.158 274.312
273.933 274.204 274.296
273.979 274.082 274.220
274.154 274.228 274.286
274.037 274.087 274.243
274.015 274.057 274.142
274.128 274.216 274.335
273.991 274.112 274.214
274.104 274.312 274.444
274.073 274.153 274.231
273.893 274.107 274.303
274.061 274.208 274.494
274.044 274.218 274.364
274.002 274.164 274.329
274.040 274.160 274.284
274.113 274.227 274.448
273.984 274.093 274.286
273.939 274.056 274.306
274.056 274.164 274.278
273.942 274.373 275.822
273.963 274.129 274.248
274.058 274.150 274.270
273.916 274.106 274.225
273.903 274.148 274.278
264.195 264.282 264.397
264.099 264.194 264.291
264.115 264.273 264.419
264.188 264.317 264.495
266.557 266.633 266.732
266.361 266.460 266.535
274.141 274.520 275.480
274.165 274.330 274.543
274.197 274.336 274.493
274.097 274.172 274.282
274.217 274.334 274.413
274.070 274.241 274.369
274.114 274.257 274.415
274.108 274.349 274.448
274.084 274.309 274.465
274.106 274.213 274.337
273.997 274.216 274.512
274.011 274.138 274.274
274.049 274.212 274.434
274.319 274.382 274.434
274.144 274.242 274.329
274.023 274.138 274.268
273.979 274.195 274.348
274.013 274.146 274.204
274.220 274.278 274.325
274.212 274.269 274.342
274.031 274.228 274.395
274.023 274.181 274.509
274.152 274.349 274.521
274.265 274.363 274.471
274.004 274.301 274.447
274.167 274.433 274.637
274.202 274.309 274.465
274.155 274.371 274.516
274.224 274.356 274.542
274.098 274.332 274.485
274.020 274.233 274.453
274.117 274.239 274.395
274.197 274.310 274.525
274.119 274.310 274.453
274.020 274.197 274.443
274.028 274.198 274.410
274.120 274.339 274.496
274.100 274.261 274.426
274.150 274.238 274.361
274.003 274.265 274.441
274.104 274.234 274.350
274.172 274.330 274.493
274.066 274.249 274.375
274.059 274.231 274.423
274.149 274.284 274.406
274.191 274.347 274.549
274.177 274.391 274.613
274.031 274.199 274.336
274.138 274.388 274.801
274.048 274.345 274.554
274.044 274.199 274.275
274.036 274.322 274.463
274.143 274.355 274.749
274.160 274.289 274.526
274.174 274.269 274.538
274.074 274.312 274.500
274.014 274.069 274.170
274.064 274.204 274.329
274.308 274.999 276.821
274.041 274.141 274.256
274.124 274.229 274.446
274.091 274.313 274.445
274.078 274.248 274.506
273.995 274.244 274.468
274.068 274.310 274.502
274.081 274.290 274.491
274.060 274.191 274.452
274.160 274.370 274.568
274.197 274.231 274.256
274.021 274.161 274.255
274.098 274.303 274.609
274.283 274.363 274.410
274.122 274.290 274.553
274.257 274.565 274.814
274.032 274.283 274.522
274.136 274.352 274.575
274.024 274.232 274.592
274.080 274.286 274.426
274.092 274.204 274.252
274.159 274.454 275.216
274.122 274.478 275.189
274.455 276.167 278.423
274.397 274.461 274.608
274.092 274.475 274.808
274.194 274.415 274.527
274.061 274.386 274.774
274.187 274.431 274.638
274.214 274.262 274.354
274.250 274.447 274.616
273.976 274.230 274.501
274.094 274.295 274.443
274.279 274.475 274.797
274.244 275.114 276.205
274.125 274.448 274.823
274.106 274.242 274.391
274.185 274.426 274.834
274.131 276.075 281.458
274.284 274.692 275.407
274.009 274.648 275.418
274.143 275.427 277.652
274.430 276.561 281.126
274.737 277.662 279.806
274.079 274.628 275.494
274.268 274.948 275.765
276.090 277.124 278.340
274.067 275.033 276.141
274.094 275.318 278.875
274.271 276.751 281.108
274.072 277.989 281.493
274.230 276.127 280.874
274.660 275.348 276.557
275.283 275.903 276.427
275.259 277.545 279.814
274.185 277.457 282.168
264.283 268.475 272.817
264.399 267.609 271.753
267.173 269.258 273.262
274.299 278.121 282.900
274.179 277.374 280.717
275.133 276.284 278.047
275.988 279.449 281.409
275.815 278.172 282.475
279.328 280.724 282.350
275.418 279.762 282.337
278.837 280.845 282.288
274.302 280.154 282.700
277.526 279.137 280.348
276.327 279.510 282.878
278.099 279.179 282.681
276.678 279.569 282.818
274.147 278.559 282.446
274.497 277.910 282.855
274.909 279.378 282.663
274.512 278.725 281.702
274.136 279.714 283.135
277.256 280.666 282.965
280.608 282.148 283.092
280.739 282.401 283.085
278.151 281.216 283.245
280.225 282.093 283.278
280.159 281.967 283.222
276.848 279.711 282.971
274.049 278.018 282.129
280.316 281.791 283.367
274.827 278.860 282.937
274.102 278.674 282.294
274.951 279.373 282.804
275.094 278.008 280.837
275.444 277.738 279.386
279.355 281.593 283.095
276.225 279.553 281.851
276.966 278.972 283.523
274.333 278.144 281.450
274.468 279.357 282.586
274.556 277.783 281.037
280.739 281.724 282.866
275.022 279.674 282.963
275.040 277.687 279.526
279.107 279.812 280.964
274.336 277.033 282.592
274.765 278.299 282.544
275.386 278.438 280.358
274.188 277.757 282.321
274.304 276.579 283.190
274.551 279.054 282.312
275.057 279.749 283.312
275.351 276.961 280.454
274.798 280.240 283.125
276.435 279.612 282.965
276.971 279.349 281.073
275.271 277.948 282.714
274.550 279.161 281.994
274.530 278.356 280.670
274.994 277.792 279.315
275.066 278.306 281.932
275.159 277.872 281.527
278.291 280.725 282.766
274.839 280.120 283.138
278.282 279.766 281.808
274.401 279.104 284.532
276.345 278.867 281.334
274.497 277.541 279.833
274.692 279.210 281.822
274.078 277.866 281.032
276.211 280.671 282.884
274.287 278.688 282.783
274.513 278.034 282.599
276.147 278.087 283.091
274.240 276.367 280.142
276.648 279.358 282.837
274.308 279.136 282.162
274.398 276.801 279.281
274.053 277.297 281.775
274.921 277.252 281.093
274.296 276.262 281.913
275.168 278.449 282.033
274.434 276.495 279.419
274.704 278.358 281.270
274.346 277.390 280.229
274.218 275.109 277.253
274.679 276.069 277.687
274.155 276.940 280.537
274.226 276.340 282.058
274.661 275.129 275.443
274.188 275.707 277.897
274.421 275.263 276.864
274.239 275.004 276.841
274.166 277.548 282.543
274.149 278.948 283.082
274.339 276.619 278.987
274.137 275.336 277.699
277.044 279.236 283.154
274.388 276.909 281.851
274.107 275.272 278.721
274.257 278.356 282.514
274.367 276.666 279.326
274.578 276.872 278.625
274.386 277.036 279.704
274.171 275.088 277.677
266.516 267.446 270.095
266.476 266.832 267.572
266.370 266.943 267.578
266.595 267.994 271.238
274.192 274.304 274.512
274.091 274.264 274.484
274.005 274.558 274.958
274.166 274.348 274.585
274.187 275.485 276.785
274.983 277.756 281.306
274.052 274.770 275.856
274.059 274.169 274.427
273.942 274.287 274.548
274.171 274.310 274.491
274.137 274.553 275.125
274.099 274.270 274.623
274.064 274.200 274.400
273.997 274.296 274.709
274.233 274.408 274.671
274.030 274.152 274.304
274.072 274.361 275.177
274.083 274.409 275.182
274.097 274.278 274.575
274.197 274.469 275.047
274.067 274.257 274.328
274.160 274.391 274.755
274.055 274.198 274.410
264.105 264.442 264.907
264.202 264.297 264.366
264.179 264.318 264.430
264.202 264.512 265.152
264.265 264.422 264.560
264.073 264.336 264.540
264.129 264.264 264.492
274.097 274.566 275.906
274.184 274.295 274.469
274.229 274.279 274.321
273.981 274.156 274.356
274.043 274.177 274.292
274.096 274.278 274.438
273.926 274.052 274.333
274.021 274.093 274.184
274.138 274.287 274.345
273.929 274.176 274.404
274.166 274.281 274.378
274.040 274.212 274.376
274.098 274.180 274.338
274.038 274.315 274.464
274.050 274.106 274.221
274.046 274.208 274.509
274.092 274.254 274.441
274.145 274.292 274.413
274.028 274.130 274.214
274.015 274.202 274.393
274.158 274.388 274.759
274.128 274.234 274.424
274.096 274.289 274.446
274.332 274.631 275.372
274.002 274.209 274.365
274.022 274.204 274.329
274.121 274.208 274.320
274.079 274.513 275.355
274.128 274.381 274.861
274.160 274.254 274.486
274.064 274.253 274.387
274.088 274.244 274.350
274.142 274.245 274.363
274.256 281.212 294.869
274.111 274.226 274.404
282.367 286.761 289.842
274.101 274.260 274.563
274.068 274.219 274.380
273.994 274.127 274.268
273.991 274.165 274.371
274.118 274.223 274.388
274.162 274.290 274.435
273.902 274.029 274.156
274.035 274.167 274.265
274.096 274.163 274.223
274.065 274.129 274.275
273.991 274.148 274.259
274.041 274.227 274.467
274.087 274.259 274.620
274.100 274.180 274.235
274.046 274.884 276.913
273.985 274.126 274.297
273.981 274.185 274.378
273.983 274.116 274.213
274.080 274.229 274.617
274.195 274.329 274.474
273.976 274.079 274.158
274.137 274.645 276.217
273.991 274.219 274.437
274.041 274.189 274.325
274.230 274.289 274.366
274.118 274.476 275.758
274.028 274.213 274.419
274.159 274.331 274.441
274.081 274.197 274.378
274.007 274.259 274.455
274.133 274.186 274.227
273.969 274.185 274.391
274.044 274.244 274.399
274.054 274.178 274.399
274.062 274.192 274.331
274.032 274.136 274.266
273.978 274.355 274.630
274.074 274.189 274.392
274.057 274.229 274.669
274.000 274.196 274.516
274.050 274.152 274.264
274.133 274.303 274.444
273.963 274.093 274.367
274.029 274.242 274.393
274.075 274.160 274.271
273.988 274.171 274.329
273.977 274.329 274.992
274.101 274.593 276.220
274.058 274.265 274.429
274.057 274.230 274.397
274.105 274.242 274.360
274.054 274.161 274.342
274.099 274.218 274.545
273.966 274.092 274.201
274.060 274.200 274.361
274.169 274.255 274.513
274.012 274.059 274.100
274.030 274.326 274.635
274.182 274.292 274.423
274.003 274.202 274.366
274.066 274.180 274.326
274.143 274.219 274.301
274.019 274.171 274.340
274.120 274.256 274.475
274.028 274.122 274.314
274.029 274.118 274.176
274.091 274.189 274.493
274.146 274.253 274.480
274.160 274.441 275.005
274.076 274.211 274.361
274.055 274.179 274.290
274.067 274.203 274.319
273.986 274.252 274.424
274.130 274.235 274.301
273.984 274.213 274.325
273.956 274.092 274.235
274.002 274.260 274.479
274.018 274.097 274.207
274.028 274.165 274.287
274.045 274.162 274.250
274.051 274.221 274.377
274.047 274.268 274.526
274.203 274.308 274.416
274.042 274.176 274.331
274.036 274.076 274.120
274.084 274.206 274.305
274.097 274.242 274.297
274.023 274.172 274.442
274.024 274.176 274.399
274.044 274.200 274.274
273.979 274.096 274.172
274.038 274.199 274.415
274.043 274.211 274.312
274.106 274.196 274.254
274.052 274.221 274.423
274.193 274.289 274.525
274.072 274.239 274.628
273.985 274.336 274.658
274.081 274.173 274.311
274.027 274.147 274.283
274.139 274.230 274.315
274.081 274.227 274.386
274.078 274.184 274.281
273.992 274.143 274.374
274.020 274.199 274.373
274.113 274.236 274.297
273.986 274.200 274.413
273.965 274.130 274.299
264.213 264.294 264.428
264.227 264.334 264.459
263.980 264.133 264.277
274.067 274.126 274.178
274.025 274.159 274.334
274.071 274.207 274.556
274.014 274.248 274.508
274.107 274.181 274.367
274.003 274.115 274.281
274.211 274.269 274.298
274.064 274.249 274.572
274.085 274.213 274.372
274.024 274.119 274.232
274.029 274.191 274.269
274.089 274.248 274.385
273.928 274.128 274.318
274.195 274.317 274.481
274.216 274.296 274.414
274.046 274.153 274.349
274.089 274.258 274.385
274.033 274.120 274.323
274.077 274.504 275.760
273.995 274.122 274.346
274.110 274.227 274.286
274.005 274.221 274.425
274.180 274.232 274.327
274.013 274.149 274.239
274.087 274.207 274.328
274.076 274.308 274.459
274.145 274.302 274.478
274.063 274.260 274.564
273.948 274.105 274.273
274.077 274.161 274.236
274.146 274.227 274.312
274.033 274.190 274.498
274.092 274.212 274.389
274.065 274.195 274.305
274.134 274.523 275.531
274.186 274.261 274.354
274.078 274.233 274.453
274.011 274.217 274.353
274.023 274.149 274.381
273.977 274.114 274.264
273.961 274.113 274.246
273.992 274.056 274.145
274.079 274.186 274.310
274.067 274.202 274.277
274.134 274.287 274.416
273.930 274.136 274.293
273.989 274.089 274.243
274.168 274.289 274.424
274.029 274.255 274.407
274.114 274.302 274.719
274.089 274.221 274.434
274.076 274.230 274.387
274.003 274.169 274.261
274.024 274.158 274.271
274.070 274.199 274.438
273.988 274.186 274.291
274.019 274.151 274.328
273.970 274.119 274.310
274.104 274.248 274.418
273.971 274.159 274.245
274.114 274.299 274.624
274.312 274.402 274.538
274.024 274.172 274.536
274.104 274.202 274.349
274.035 274.183 274.318
274.037 274.162 274.344
273.973 274.066 274.181
274.109 274.423 275.388
273.995 274.133 274.307
274.149 274.272 274.331
274.154 274.239 274.452
274.051 274.325 274.485
274.029 274.089 274.251
274.157 274.291 274.469
274.200 274.260 274.349
274.024 274.140 274.260
274.005 274.244 274.493
274.094 274.138 274.227
274.042 274.179 274.339
274.013 274.109 274.249
273.966 274.175 274.372
273.944 274.331 274.966
274.060 274.163 274.204
274.119 274.215 274.454
274.005 274.411 275.544
274.020 274.177 274.321
274.046 274.154 274.219
273.996 274.216 274.360
273.916 274.243 274.445
274.155 274.274 274.527
274.041 274.144 274.324
274.051 274.181 274.360
273.963 274.186 274.416
274.027 274.180 274.386
274.004 274.269 274.853
274.236 274.374 274.521
274.121 274.538 275.791
273.997 274.121 274.274
274.128 274.191 274.244
274.050 274.127 274.347
274.056 274.551 275.987
274.153 274.279 274.447
274.155 274.322 274.475
274.017 274.219 274.412
274.105 274.265 274.429
274.207 274.426 275.199
274.129 274.237 274.325
274.091 274.136 274.274
274.024 274.140 274.254
274.142 274.351 274.750
274.032 274.108 274.157
274.059 274.259 274.361
274.129 274.259 274.365
274.042 274.195 274.483
273.966 274.080 274.256
274.046 274.124 274.205
273.971 274.279 274.615
274.166 274.250 274.340
273.973 274.221 274.575
274.085 274.142 274.241
273.993 274.154 274.526
274.061 274.258 274.418
274.164 274.285 274.369
274.076 274.240 274.367
274.124 274.235 274.303
273.981 274.233 274.439
274.164 274.380 274.688
274.154 274.252 274.371
274.139 274.272 274.415
274.030 274.193 274.341
274.066 274.210 274.469
274.023 274.132 274.417
274.069 274.442 275.266
274.081 274.223 274.443
274.014 274.201 274.345
274.067 274.181 274.474
274.013 274.185 274.419
274.107 274.147 274.186
273.945 273.991 274.058
274.063 274.255 274.380
274.161 274.271 274.413
273.998 274.207 274.355
274.041 274.167 274.230
274.197 274.289 274.449
274.185 274.227 274.321
274.073 274.231 274.410
274.152 274.703 274.959
274.040 274.261 274.567
274.140 274.236 274.391
274.176 274.268 274.394
274.037 274.212 274.390
274.050 274.213 274.326
274.147 274.279 274.459
273.969 274.125 274.240
274.088 274.232 274.382
274.154 274.327 274.522
274.025 274.148 274.272
274.108 274.261 274.529
274.024 274.189 274.396
274.209 274.286 274.363
274.172 274.289 274.389
273.975 274.131 274.216
274.046 274.136 274.294
274.079 274.184 274.343
274.094 274.273 274.578
274.041 274.293 274.433
274.008 274.107 274.271
274.024 274.156 274.272
274.001 274.248 274.530
273.951 274.158 274.353
273.983 274.161 274.295
274.062 274.265 274.413
274.090 274.180 274.310
274.029 274.154 274.309
274.009 274.296 275.096
274.066 274.181 274.396
274.029 274.129 274.220
274.052 274.189 274.284
274.142 274.206 274.406
274.101 274.258 274.359
273.997 274.207 274.430
273.987 274.179 274.518
274.035 274.184 274.307
273.968 274.156 274.299
273.997 274.209 274.487
273.952 274.100 274.232
274.049 274.286 274.544
274.009 274.087 274.141
273.969 274.081 274.169
274.051 274.174 274.341
273.984 274.043 274.129
273.969 274.448 275.687
273.953 274.157 274.366
274.049 274.253 274.441
274.034 274.180 274.340
274.046 274.197 274.457
273.990 274.190 274.318
273.979 274.132 274.282
273.984 274.151 274.446
274.024 274.140 274.313
274.015 274.132 274.203
274.041 274.176 274.367
274.117 274.274 274.449
274.040 274.232 274.375
273.985 274.177 274.352
274.052 274.159 274.254
273.981 274.219 274.441
273.988 274.185 274.473
273.990 274.089 274.229
274.053 274.178 274.273
274.019 274.211 274.413
274.125 274.319 274.421
274.062 274.217 274.419
274.018 274.197 274.419
273.965 274.223 274.456
274.108 274.174 274.265
274.001 274.217 274.445
274.058 274.218 274.410
273.960 274.058 274.158
274.123 274.288 274.473
274.114 274.236 274.398
273.988 274.106 274.292
274.015 274.123 274.316
274.143 274.240 274.473
273.948 274.033 274.160
274.043 274.277 274.463
274.012 274.243 274.338
273.989 274.165 274.308
274.113 274.214 274.332
274.044 274.171 274.221
274.089 274.178 274.306
274.007 274.145 274.337
274.126 274.262 274.467
274.104 274.263 274.359
273.974 274.239 274.350
274.224 274.388 274.544
274.124 274.214 274.343
274.092 274.186 274.245
274.133 274.406 274.895
274.087 274.160 274.285
274.041 274.397 274.625
274.155 274.322 274.663
274.054 274.234 274.384
274.193 274.347 274.590
274.154 274.300 274.460
274.199 274.325 274.538
274.092 274.312 274.517
274.113 274.180 274.332
274.015 274.275 274.483
274.164 274.517 275.377
274.242 274.379 274.575
274.045 274.197 274.473
274.086 274.248 274.430
274.184 274.373 274.550
274.059 274.205 274.413
274.113 274.185 274.273
274.050 274.211 274.299
274.027 274.284 274.398
274.115 274.324 274.597
273.959 274.455 275.475
274.152 274.328 274.576
274.151 274.281 274.421
274.139 274.335 274.747
274.167 274.288 274.441
274.165 274.386 275.053
274.087 274.308 274.797
274.175 274.329 274.476
274.079 274.215 274.487
274.085 274.338 274.759
274.254 274.336 274.480
274.144 274.293 274.479
274.073 274.218 274.345
274.083 274.252 274.424
273.958 274.161 274.435
274.064 274.170 274.278
274.061 274.235 274.302
274.107 274.356 274.935
274.102 274.284 274.353
274.065 274.220 274.417
274.008 274.187 274.397
274.074 274.204 274.317
274.140 274.275 274.383
274.064 274.187 274.258
274.123 274.274 274.552
274.092 274.239 274.383
274.097 274.349 274.619
274.004 274.215 274.447
274.096 274.290 274.733
274.012 274.218 274.412
274.049 274.213 274.274
274.122 274.319 274.587
273.963 274.237 274.353
273.970 274.234 274.436
274.128 274.256 274.394
274.089 274.229 274.307
274.013 274.225 274.397
274.174 274.284 274.369
274.038 274.177 274.300
274.004 274.265 274.534
274.029 274.248 274.382
273.996 274.196 274.409
274.151 274.258 274.444
273.988 274.085 274.190
274.052 274.271 274.455
274.028 274.295 274.540
274.097 274.296 274.594
274.188 274.389 274.794
274.087 274.414 274.853
274.050 274.557 275.502
274.069 274.516 275.181
274.104 274.212 274.406
274.160 274.257 274.393
274.101 274.339 274.720
273.948 274.215 274.383
274.014 274.171 274.332
274.121 274.245 274.375
274.225 274.455 274.757
274.010 274.241 274.441
274.304 274.776 275.938
274.252 274.389 274.602
274.146 274.283 274.390
274.049 274.171 274.304
274.205 274.441 274.827
273.961 274.177 274.326
274.206 274.337 274.484
274.039 274.164 274.312
273.978 274.360 274.986
274.206 274.359 274.604
274.164 274.314 274.471
274.492 275.128 276.130
274.016 274.390 274.646
274.174 274.619 275.143
274.067 274.413 274.893
274.059 274.688 276.211
274.155 274.332 274.567
274.183 274.237 274.303
274.028 274.271 274.812
273.989 274.222 274.519
274.169 274.360 274.635
274.018 274.236 274.439
274.053 274.164 274.241
274.203 274.391 274.534
273.983 274.190 274.399
274.196 274.451 274.709
274.117 274.413 274.668
274.043 274.351 275.089
274.065 274.541 275.234
274.162 274.545 275.705
274.261 274.475 274.841
273.984 274.143 274.488
274.101 274.235 274.455
274.267 274.384 274.521
273.973 274.245 274.413
274.027 274.142 274.307
273.949 274.150 274.257
274.110 274.474 275.288
274.116 274.330 274.483
274.015 274.156 274.262
274.055 274.150 274.259
274.072 274.195 274.434
274.294 274.320 274.350
274.134 274.497 275.426
274.080 274.290 274.586
274.063 274.182 274.270
274.188 274.208 274.234
274.348 274.408 274.492
274.160 274.294 274.529
274.221 274.368 274.447
274.234 274.336 274.421
274.124 274.578 275.871
274.097 274.327 274.601
273.987 274.416 274.866
274.096 274.235 274.395
274.006 274.332 275.075
274.166 274.194 274.242
273.993 274.229 274.433
274.070 274.280 274.471
274.018 274.332 275.128
273.980 274.164 274.330
274.245 274.322 274.488
274.123 274.442 275.478
273.994 274.690 276.681
274.066 274.291 274.472
274.068 274.560 275.366
274.008 274.224 274.377
274.249 274.379 274.543
274.032 274.388 274.668
274.039 274.173 274.387
274.059 274.214 274.358
274.039 274.274 274.413
274.002 274.496 275.657
274.164 274.397 274.598
274.117 274.418 274.754
274.091 274.333 274.604
274.178 274.320 274.524
273.960 274.412 275.228
274.190 274.488 274.956
274.076 274.256 274.440
274.030 274.343 274.514
274.101 274.583 275.446
274.063 274.358 274.544
274.097 274.339 274.500
274.177 274.258 274.295
274.166 274.282 274.440
274.223 274.401 274.585
274.142 274.271 274.384
274.046 274.261 274.411
274.120 274.303 274.453
274.098 274.325 274.496
274.156 274.303 274.457
274.156 274.331 274.592
274.056 274.191 274.401
274.094 274.233 274.330
274.129 274.241 274.313
274.234 274.299 274.396
274.142 274.301 274.470
274.020 274.230 274.529
274.135 274.394 274.840
273.894 274.193 274.405
274.203 274.263 274.370
274.158 274.245 274.402
274.204 274.289 274.336
274.140 274.271 274.442
274.131 274.245 274.445
274.176 274.352 274.756
274.033 274.159 274.334
274.140 274.221 274.284
274.137 274.299 274.751
274.097 274.295 274.493
274.039 274.145 274.247
266.429 266.620 266.773
266.368 266.523 266.774
266.553 266.593 266.656
266.388 266.536 266.605
266.508 266.656 266.953
266.379 266.551 266.919
266.673 266.944 267.267
274.106 274.570 275.564
274.119 274.669 275.692
274.118 274.230 274.426
274.159 274.886 277.305
274.281 274.495 274.887
274.156 274.310 274.495
274.047 275.756 278.619
274.129 274.835 277.300
274.184 274.502 275.061
273.946 274.129 274.347
274.000 274.189 274.366
274.025 274.192 274.316
273.968 274.878 276.348
274.060 274.205 274.393
274.190 274.247 274.335
274.036 274.186 274.378
274.138 274.261 274.381
273.966 274.227 274.406
274.143 274.237 274.375
273.999 274.194 274.350
274.363 274.618 274.811
274.087 274.241 274.381
274.118 274.440 274.580
274.141 274.683 275.928
274.370 275.716 277.626
274.327 274.864 275.542
274.013 274.612 275.080
274.018 278.595 281.068
274.205 275.007 277.123
274.142 274.358 274.640
274.127 275.836 279.145
274.172 274.420 274.651
274.422 275.103 276.717
274.128 274.314 274.435
273.982 274.259 274.801
274.455 274.927 275.514
274.315 275.626 278.580
274.147 277.982 280.661
274.535 278.012 280.429
274.167 276.894 280.289
274.123 275.325 276.674
274.306 274.442 274.661
267.702 269.572 271.469
266.907 269.375 274.902
266.616 268.855 272.660
266.373 267.098 268.373
267.914 269.872 273.192
267.332 269.933 274.704
266.562 268.761 270.978
274.149 275.716 280.874
274.236 277.277 283.051
274.207 277.160 280.312
275.280 276.946 279.253
274.224 275.152 276.787
264.333 264.755 265.479
264.324 265.383 268.380
264.513 266.328 268.587
264.173 265.554 268.835
264.481 267.101 272.086
264.314 264.919 265.655
264.066 266.415 267.963
264.304 266.788 269.022
264.400 267.571 272.995
274.391 276.978 280.454
277.455 278.830 280.754
274.329 277.311 279.523
274.068 274.473 275.551
274.154 274.923 276.461
274.397 275.307 277.505
274.290 277.711 281.090
276.161 279.233 281.681
274.071 276.414 278.389
274.346 276.865 280.604
274.438 278.861 283.342
274.767 278.793 282.437
274.339 276.717 281.295
274.370 279.659 282.710
277.748 280.000 282.081
277.229 279.541 282.247
275.407 278.722 281.795
275.830 279.265 281.402
274.469 276.517 279.416
276.229 279.968 283.190
274.452 278.340 281.689
278.459 279.569 281.407
276.479 279.495 282.396
274.645 279.019 282.204
266.366 269.588 273.086
266.790 270.690 274.901
271.082 272.232 273.979
276.945 280.128 282.103
277.978 281.002 283.117
274.884 278.153 282.299
274.092 276.068 279.619
277.945 280.845 282.399
277.171 278.304 280.979
277.441 280.156 281.925
274.592 277.819 281.305
278.403 279.916 282.062
277.092 279.103 282.194
277.811 279.996 282.116
275.455 279.961 282.584
275.715 278.153 280.538
275.919 279.586 282.350
277.497 279.928 281.125
276.558 279.515 281.572
275.950 278.566 281.678
274.965 276.765 279.359
274.490 277.342 281.534
274.016 278.334 280.922
274.972 279.410 281.716
274.126 280.184 282.870
274.517 277.197 279.186
277.439 279.765 281.438
274.978 277.720 282.380
274.545 275.317 276.932
274.454 277.327 279.700
277.649 279.888 282.577
274.772 277.405 280.709
275.498 278.663 282.402
277.091 279.064 281.009
274.310 278.935 282.392
277.415 281.431 282.794
274.263 278.254 282.938
275.863 278.449 281.250
276.449 280.741 282.503
277.222 280.091 283.113
274.486 277.600 280.657
278.518 280.299 281.979
274.724 279.168 282.930
274.784 278.804 282.312
274.089 279.764 282.576
274.320 277.538 280.710
278.750 280.551 282.964
277.636 279.827 282.355
274.542 279.235 282.083
279.300 281.452 282.709
276.439 279.541 282.745
277.900 279.756 281.738
270.030 272.379 273.185
268.473 270.529 271.735
267.550 271.210 272.648
264.875 269.123 273.074
280.827 281.811 283.425
278.631 280.409 282.355
280.659 281.537 283.099
274.282 278.615 283.115
279.484 281.007 282.879
274.220 278.577 282.205
276.797 280.526 282.758
274.738 278.102 281.263
276.996 281.229 283.070
276.781 279.545 281.693
274.194 277.428 280.708
278.528 281.194 283.620
275.283 278.046 279.887
275.177 279.117 281.697
278.327 279.804 281.536
275.435 277.815 280.277
267.004 270.717 275.007
266.552 271.666 276.310
268.233 270.078 272.562
268.989 270.831 271.878
267.322 268.429 270.118
268.889 272.516 275.190
266.680 270.023 273.955
265.718 269.200 270.918
264.596 270.099 273.423
264.150 266.159 269.537
267.521 268.321 270.411
267.690 270.041 275.050
267.031 269.774 272.941
266.486 268.289 271.059
276.021 277.611 278.803
274.243 276.440 280.510
275.407 277.591 280.038
276.086 279.391 283.872
274.226 275.148 277.858
278.498 279.103 281.406
274.363 277.289 282.920
274.045 276.148 280.453
275.208 277.890 281.839
274.402 276.458 279.841
274.546 277.023 279.056
274.427 276.292 279.823
274.541 275.384 277.380
274.254 275.467 279.882
274.298 276.353 279.302
274.026 276.927 279.935
274.724 275.832 278.145
274.368 278.224 281.023
274.165 276.109 277.471
274.180 276.743 281.551
274.080 275.572 279.085
274.820 277.873 282.304
275.113 277.637 287.272
274.286 274.600 274.774
274.225 274.505 274.782
274.156 274.685 276.398
274.230 274.523 275.249
274.180 274.271 274.361
274.407 274.483 274.535
274.039 274.176 274.413
274.109 274.226 274.295
274.346 274.401 274.488
274.072 274.210 274.416
274.156 274.289 274.428
274.169 274.433 275.155
274.171 274.468 275.379
274.144 274.254 274.358
274.065 274.191 274.358
274.233 274.411 274.556
274.107 274.309 274.662
274.070 274.293 274.773
274.231 274.387 274.646
274.372 274.787 275.333
274.115 274.267 274.397
274.117 274.294 274.649
274.201 274.392 274.582
274.099 274.200 274.337
274.141 274.229 274.378
274.198 274.349 274.536
274.144 274.363 274.837
264.169 264.346 264.575
264.164 264.328 264.575
264.072 264.288 264.434
264.165 264.345 264.520
264.212 264.323 264.407
264.216 264.329 264.393
264.316 264.432 264.808
264.196 264.315 264.460
264.292 264.388 264.464
264.210 264.376 264.549
264.127 264.294 264.395
264.168 264.324 264.550
274.032 274.121 274.181
274.029 274.426 275.548
274.040 274.357 274.808
274.163 274.223 274.274
274.047 274.154 274.278
274.115 274.241 274.422
274.083 274.307 274.838
274.081 274.169 274.255
273.980 274.161 274.299
274.025 274.182 274.342
274.073 274.250 274.339
274.112 274.317 274.452
274.030 274.258 274.411
274.055 274.199 274.306
266.382 268.060 274.291
266.519 266.789 267.816
266.353 266.468 266.543
266.399 266.575 266.801
274.008 274.036 274.101
274.078 274.188 274.373
274.174 274.229 274.266
274.030 274.201 274.424
274.100 274.230 274.449
274.069 274.293 274.508
274.174 274.246 274.367
274.046 274.166 274.350
274.127 274.290 274.373
274.034 274.344 275.051
273.971 274.244 274.463
273.992 274.094 274.227
274.148 274.248 274.444
274.079 274.173 274.274
274.119 274.159 274.248
274.091 274.265 274.416
273.995 274.150 274.250
274.090 274.363 274.753
274.028 274.180 274.372
274.015 274.097 274.200
274.043 274.173 274.305
274.078 274.342 274.504
274.038 274.121 274.314
274.081 274.284 274.606
274.051 274.293 274.554
274.128 274.193 274.295
274.155 274.262 274.399
274.000 274.179 274.470
274.062 274.201 274.374
273.978 274.071 274.206
274.073 274.173 274.278
274.109 274.224 274.355
274.160 274.477 275.454
273.990 274.208 274.550
274.075 274.138 274.251
274.010 274.093 274.219
274.111 274.215 274.310
274.109 274.233 274.338
274.148 274.319 274.424
274.118 274.203 274.349
274.147 274.316 274.650
274.059 274.166 274.323
274.027 274.201 274.440
274.174 274.296 274.450
274.172 274.858 277.006
274.067 274.228 274.501
274.083 274.359 274.612
273.982 274.088 274.223
274.140 274.213 274.456
274.060 274.245 274.445
274.054 274.185 274.298
274.081 274.210 274.279
274.003 274.083 274.161
274.046 274.190 274.313
273.947 274.184 274.335
274.017 274.216 274.539
273.977 274.192 274.464
274.010 274.148 274.340
274.014 274.165 274.321
273.987 274.162 274.292
273.927 274.142 274.437
274.049 274.211 274.389
273.981 274.114 274.369
273.964 274.012 274.051
273.973 274.140 274.394
273.978 274.186 274.393
274.032 274.188 274.526
274.054 274.119 274.258
274.022 274.268 274.613
274.034 274.137 274.365
273.934 274.108 274.311
273.904 274.065 274.219
274.012 274.063 274.125
274.014 274.159 274.363
274.055 274.257 274.520
274.024 274.173 274.357
273.981 274.068 274.145
274.023 274.171 274.389
274.018 274.091 274.220
274.123 274.272 274.507
274.017 274.088 274.267
274.009 274.083 274.184
274.037 274.103 274.224
274.031 274.253 274.550
274.021 274.062 274.099
274.069 274.160 274.271
274.030 274.156 274.433
273.994 274.039 274.088
274.056 274.301 274.474
273.988 274.152 274.285
274.098 274.224 274.497
274.067 274.142 274.264
273.909 274.467 276.153
273.968 274.123 274.265
274.104 274.289 274.496
274.069 274.251 274.382
274.029 274.129 274.231
274.097 274.262 274.392
274.027 274.206 274.501
273.989 274.186 274.395
274.091 274.431 275.286
274.036 274.464 275.167
274.092 274.164 274.283
274.131 274.240 274.471
274.078 274.227 274.370
274.089 274.267 274.392
274.002 274.137 274.269
273.986 274.080 274.260
274.131 274.259 274.554
274.189 274.285 274.427
274.096 274.166 274.237
274.025 274.242 274.421
273.991 274.192 274.505
274.096 274.197 274.349
274.103 274.321 274.502
274.041 274.150 274.239
274.054 274.161 274.320
273.988 274.121 274.307
274.056 274.258 274.411
274.011 274.106 274.214
274.025 274.154 274.249
274.074 274.196 274.282
274.173 274.242 274.294
273.998 274.107 274.284
274.060 274.147 274.233
274.120 274.608 275.470
274.019 274.148 274.326
274.108 274.229 274.339
274.038 274.181 274.428
274.039 274.214 274.297
274.108 274.193 274.320
274.001 274.139 274.506
274.080 274.227 274.413
274.046 274.250 274.537
273.998 274.199 274.369
266.310 266.432 266.648
266.340 266.430 266.556
266.314 266.419 266.565
274.062 274.147 274.243
274.080 274.266 274.499
274.014 274.125 274.342
274.065 274.299 274.613
273.992 274.524 275.369
274.049 274.260 274.428
273.959 274.200 274.434
274.128 274.285 274.440
274.053 274.218 274.391
274.054 274.140 274.199
274.077 274.278 274.477
274.083 274.196 274.453
274.083 274.251 274.409
274.021 274.126 274.252
274.110 274.218 274.307
274.044 274.160 274.267
274.179 274.237 274.298
274.023 274.127 274.235
274.239 274.278 274.357
273.986 274.090 274.236
273.977 274.129 274.369
274.180 274.270 274.342
274.137 274.214 274.320
274.075 274.346 274.599
273.973 274.104 274.236
274.005 274.210 274.363
274.032 274.182 274.317
274.009 274.120 274.223
274.167 274.211 274.297
274.018 274.415 275.506
274.003 274.233 274.465
274.022 274.189 274.427
274.227 274.271 274.383
274.003 274.135 274.181
274.042 274.215 274.527
274.081 274.233 274.406
274.010 274.162 274.364
274.200 274.295 274.501
274.084 274.271 274.379
274.192 274.281 274.382
274.066 274.241 274.306
274.039 274.254 274.463
274.034 274.131 274.427
273.934 274.063 274.112
274.191 274.260 274.415
274.068 274.198 274.423
273.997 274.193 274.367
274.164 274.328 274.819
273.999 274.118 274.245
274.198 274.316 274.429
274.027 274.111 274.165
274.140 274.225 274.284
273.985 274.119 274.293
274.005 274.164 274.272
273.998 274.242 274.378
274.130 274.290 274.472
273.999 274.223 274.459
274.082 274.152 274.252
274.058 274.228 274.428
274.062 274.152 274.252
274.042 274.464 275.736
273.991 274.182 274.343
274.140 274.322 274.487
274.139 274.302 274.479
274.128 274.296 274.550
274.076 274.144 274.240
274.031 274.172 274.306
274.015 274.196 274.306
273.987 274.075 274.227
274.022 274.174 274.306
274.056 274.155 274.294
274.148 274.265 274.376
274.138 274.222 274.436
274.060 274.184 274.386
274.148 274.252 274.351
274.112 274.286 274.443
274.082 274.225 274.325
273.988 274.174 274.376
274.144 274.235 274.293
274.040 274.265 274.514
274.144 274.242 274.474
274.027 274.113 274.278
274.018 274.660 276.432
274.155 274.323 274.470
274.148 274.303 274.482
274.141 274.267 274.370
274.231 274.352 274.491
274.138 274.336 274.450
274.250 274.678 275.864
273.993 274.139 274.347
274.070 274.262 274.367
274.085 274.199 274.474
273.974 274.132 274.298
274.046 274.207 274.350
274.113 274.213 274.358
273.992 274.183 274.417
274.163 274.191 274.242
274.024 274.168 274.408
274.016 274.343 275.098
274.020 274.090 274.132
274.087 274.210 274.363
274.085 274.153 274.223
273.991 274.129 274.249
274.100 274.214 274.277
273.998 274.110 274.207
274.043 274.140 274.230
274.157 274.270 274.395
274.155 274.286 274.457
274.267 274.337 274.384
274.205 274.449 275.130
274.018 274.303 274.730
274.118 274.241 274.416
274.174 274.240 274.404
274.108 274.222 274.341
274.143 274.214 274.333
274.002 274.175 274.323
274.132 274.192 274.285
274.017 274.213 274.409
274.187 274.324 274.461
274.063 274.242 274.365
274.065 274.508 275.581
274.111 274.572 276.001
274.041 274.202 274.354
274.043 274.216 274.450
274.101 274.170 274.230
274.153 274.191 274.254
274.017 274.199 274.401
274.030 274.218 274.360
274.064 274.188 274.304
274.270 274.324 274.410
274.199 274.335 274.450
274.084 274.222 274.408
274.140 274.312 274.471
273.995 274.158 274.488
274.063 274.310 274.517
274.105 274.221 274.423
274.146 274.286 274.518
274.076 274.171 274.331
274.050 274.149 274.428
274.178 274.246 274.402
273.961 274.098 274.224
274.115 274.202 274.332
274.083 274.189 274.299
274.040 274.272 274.588
274.022 274.291 274.415
274.017 274.133 274.296
274.013 274.154 274.277
274.190 274.256 274.308
274.018 274.186 274.405
274.096 274.169 274.307
274.137 274.416 275.343
274.241 274.320 274.449
273.998 274.209 274.349
274.076 274.285 274.492
274.093 274.181 274.349
274.208 274.261 274.321
274.068 274.288 274.466
273.998 274.234 274.527
274.006 274.183 274.325
274.018 274.120 274.221
273.981 274.111 274.212
274.016 274.166 274.305
274.041 274.141 274.244
274.161 274.227 274.304
274.026 274.288 274.907
274.151 274.301 274.418
274.056 274.229 274.397
274.175 274.255 274.358
273.988 274.484 276.022
273.971 274.136 274.275
274.074 274.322 274.724
274.012 274.153 274.340
274.061 274.216 274.334
274.096 274.238 274.502
274.056 274.135 274.269
273.982 274.193 274.371
274.085 274.196 274.356
274.037 274.150 274.328
