208.045 208.239 208.295
208.102 208.151 208.197
208.194 208.243 208.278
208.146 208.226 208.286
208.092 208.223 208.329
208.098 208.196 208.261
208.262 208.511 209.327
208.147 208.224 208.308
208.106 208.208 208.290
208.094 208.198 208.278
208.246 208.282 208.347
208.246 208.267 208.314
208.116 208.203 208.268
208.129 208.198 208.274
208.218 208.256 208.281
208.073 208.241 208.383
208.095 208.169 208.222
208.113 208.212 208.269
208.157 208.231 208.269
208.073 208.132 208.186
208.248 208.264 208.273
208.147 208.203 208.225
208.003 208.197 208.269
208.030 208.185 208.286
208.113 208.196 208.286
208.185 208.249 208.296
208.214 208.245 208.272
208.098 208.180 208.254
208.164 208.219 208.332
208.011 208.223 208.280
207.920 208.175 208.329
208.186 208.247 208.278
208.106 208.208 208.303
208.106 208.163 208.191
208.220 208.272 208.305
208.125 208.226 208.263
208.117 208.193 208.269
208.153 208.222 208.258
208.174 208.215 208.251
208.235 208.256 208.286
208.167 208.270 208.395
208.185 208.226 208.272
208.183 208.212 208.232
208.039 208.201 208.283
208.223 208.284 208.356
208.189 208.235 208.299
208.158 208.251 208.303
208.113 208.230 208.445
208.163 208.236 208.290
208.156 208.211 208.244
208.078 208.103 208.126
208.118 208.244 208.293
208.154 208.189 208.272
208.254 208.291 208.316
208.158 208.214 208.281
208.186 208.242 208.279
208.072 208.177 208.335
208.129 208.221 208.282
208.111 208.243 208.318
208.194 208.228 208.270
208.243 208.263 208.286
208.120 208.205 208.262
208.137 208.179 208.228
208.123 208.202 208.287
208.147 208.196 208.296
208.165 208.210 208.271
208.143 208.234 208.319
208.132 208.334 209.001
208.201 208.273 208.323
208.003 208.192 208.295
208.165 208.247 208.312
208.088 208.128 208.151
208.216 208.261 208.303
208.132 208.208 208.273
208.159 208.196 208.269
208.027 208.179 208.252
208.150 208.401 209.039
208.145 208.203 208.262
208.170 208.197 208.251
208.133 208.250 208.298
208.141 208.213 208.274
208.239 208.261 208.296
208.227 208.267 208.311
208.164 208.274 208.321
208.140 208.221 208.297
208.107 208.197 208.264
208.196 208.242 208.328
208.135 208.240 208.333
208.168 208.248 208.333
208.234 208.246 208.265
208.123 208.205 208.291
208.090 208.273 208.636
208.176 208.259 208.307
208.148 208.216 208.280
207.992 208.241 208.359
208.164 208.211 208.256
208.152 208.241 208.322
208.094 208.181 208.254
208.112 208.196 208.293
208.226 208.293 208.318
208.155 208.238 208.317
208.220 208.250 208.285
208.156 208.279 208.584
208.093 208.142 208.180
208.063 208.135 208.253
208.188 208.238 208.310
208.188 208.244 208.291
208.168 208.207 208.253
208.126 208.221 208.321
208.185 208.215 208.254
208.157 208.212 208.258
208.225 208.261 208.292
208.204 208.245 208.276
208.178 208.283 208.367
208.192 208.275 208.336
208.095 208.216 208.286
208.160 208.203 208.260
207.997 208.177 208.308
208.195 208.257 208.298
208.199 208.265 208.341
208.075 208.207 208.299
208.111 208.161 208.209
208.066 208.143 208.226
208.089 208.232 208.301
208.129 208.199 208.272
208.235 208.268 208.317
208.175 208.220 208.260
208.241 208.287 208.357
208.080 208.203 208.345
208.168 208.253 208.304
208.196 208.256 208.325
208.242 208.260 208.294
208.134 208.215 208.283
208.039 208.162 208.307
208.070 208.169 208.249
208.186 208.278 208.361
208.046 208.189 208.271
208.193 208.264 208.308
208.203 208.254 208.329
208.123 208.214 208.288
208.135 208.230 208.328
208.089 208.110 208.161
208.084 208.241 208.309
208.153 208.236 208.309
208.098 208.163 208.291
208.025 208.242 208.339
208.042 208.210 208.308
208.114 208.196 208.239
208.173 208.236 208.296
208.150 208.210 208.257
208.145 208.218 208.252
208.159 208.225 208.314
208.076 208.139 208.238
208.155 208.227 208.289
208.165 208.207 208.245
208.210 208.281 208.339
208.128 208.256 208.348
208.150 208.236 208.314
208.199 208.254 208.317
208.190 208.265 208.316
208.030 208.194 208.288
208.024 208.209 208.332
208.262 208.284 208.309
208.151 208.269 208.316
208.204 208.274 208.311
208.154 208.231 208.319
208.059 208.187 208.253
208.125 208.212 208.265
208.087 208.179 208.244
208.109 208.198 208.344
208.190 208.253 208.334
208.216 208.266 208.290
208.165 208.226 208.295
208.186 208.249 208.306
208.136 208.224 208.329
208.242 208.285 208.322
208.112 208.209 208.270
208.077 208.148 208.231
208.146 208.228 208.306
208.205 208.241 208.307
208.209 208.259 208.312
207.992 208.085 208.190
208.168 208.265 208.351
208.125 208.232 208.335
208.181 208.257 208.314
208.168 208.229 208.279
208.267 208.320 208.458
208.243 208.304 208.346
208.106 208.184 208.270
208.101 208.191 208.279
208.113 208.190 208.291
208.221 208.255 208.337
208.121 208.199 208.338
208.216 208.266 208.338
208.160 208.210 208.295
208.175 208.266 208.314
208.154 208.199 208.256
208.047 208.201 208.326
208.142 208.229 208.286
208.273 208.287 208.315
208.256 208.291 208.328
208.144 208.278 208.382
208.208 208.255 208.317
208.267 208.289 208.313
208.278 208.463 209.096
208.027 208.146 208.257
208.089 208.188 208.436
208.220 208.258 208.293
208.096 208.203 208.386
208.084 208.185 208.254
208.207 208.256 208.315
208.167 208.280 208.520
208.181 208.232 208.304
208.147 208.221 208.304
208.154 208.217 208.261
208.132 208.217 208.421
208.200 208.321 208.485
208.142 208.215 208.292
208.177 208.274 208.327
208.213 208.358 208.664
208.037 208.144 208.280
208.176 208.258 208.353
208.205 208.364 208.611
208.183 208.321 208.496
208.161 208.344 208.632
208.173 208.222 208.319
208.185 208.443 208.652
208.121 208.198 208.274
208.072 208.217 208.307
208.134 208.190 208.230
208.207 208.298 208.424
208.184 208.253 208.325
208.161 208.235 208.290
208.239 208.278 208.319
208.260 208.367 208.501
208.198 208.249 208.286
208.106 208.188 208.266
208.121 208.178 208.265
208.044 208.149 208.228
208.234 208.339 208.600
208.096 208.203 208.284
208.089 208.117 208.145
208.143 208.252 208.367
208.141 208.217 208.294
208.119 208.226 208.313
208.163 208.219 208.249
208.048 208.164 208.235
208.163 208.229 208.277
208.136 208.226 208.300
208.097 208.197 208.339
208.109 208.243 208.329
208.213 208.253 208.294
208.222 208.278 208.313
208.168 208.266 208.341
208.283 208.319 208.347
208.146 208.202 208.311
208.241 208.259 208.296
208.174 208.249 208.285
208.209 208.267 208.306
208.182 208.272 208.346
208.095 208.223 208.365
208.271 208.289 208.308
208.075 208.277 208.494
208.196 208.246 208.313
208.197 208.248 208.368
208.201 208.232 208.291
208.187 208.236 208.272
208.152 208.241 208.305
208.193 208.269 208.404
208.051 208.171 208.271
207.994 208.150 208.235
208.181 208.273 208.318
208.214 208.312 208.398
208.124 208.208 208.305
208.179 208.267 208.328
208.162 208.243 208.302
208.209 208.251 208.304
208.123 208.223 208.324
208.157 208.217 208.283
208.249 208.295 208.333
208.179 208.264 208.337
208.208 208.262 208.313
208.272 208.285 208.301
208.212 208.269 208.331
208.152 208.228 208.296
208.106 208.227 208.278
208.143 208.253 208.319
208.074 208.196 208.264
208.092 208.226 208.337
208.172 208.261 208.345
208.070 208.148 208.227
208.273 208.302 208.337
208.083 208.182 208.234
208.286 208.311 208.353
208.207 208.297 208.423
208.212 208.278 208.347
208.202 208.278 208.416
208.200 208.261 208.298
208.197 208.294 208.388
208.214 208.266 208.309
208.231 208.284 208.354
208.103 208.230 208.473
208.115 208.236 208.324
208.110 208.196 208.292
208.170 208.240 208.307
208.072 208.167 208.297
208.149 208.233 208.295
208.160 208.193 208.224
208.152 208.219 208.303
208.089 208.195 208.271
208.177 208.241 208.304
208.025 208.197 208.255
208.198 208.281 208.357
208.190 208.239 208.284
208.195 208.226 208.272
208.166 208.264 208.317
208.216 208.264 208.317
208.200 208.260 208.316
208.109 208.171 208.257
208.269 208.299 208.388
208.225 208.268 208.307
208.203 208.288 208.374
208.259 208.280 208.316
208.025 208.148 208.297
208.184 208.274 208.328
208.257 208.305 208.367
208.126 208.248 208.357
208.098 208.214 208.315
208.207 208.288 208.375
208.098 208.214 208.264
208.046 208.181 208.289
208.158 208.214 208.270
208.261 208.320 208.383
208.103 208.225 208.292
208.221 208.323 208.524
208.148 208.241 208.298
208.150 208.230 208.323
208.135 208.210 208.290
208.219 208.265 208.293
208.263 208.305 208.357
208.112 208.256 208.389
208.100 208.213 208.286
208.064 208.242 208.339
208.208 208.279 208.346
208.100 208.199 208.341
208.204 208.271 208.324
208.099 208.219 208.284
208.264 208.299 208.353
208.065 208.218 208.304
208.201 208.268 208.334
208.081 208.221 208.320
208.185 208.247 208.302
208.218 208.277 208.312
208.206 208.251 208.290
208.036 208.138 208.243
208.204 208.277 208.425
208.037 208.203 208.327
208.216 208.246 208.313
208.145 208.224 208.279
208.198 208.251 208.291
208.125 208.210 208.304
208.181 208.282 208.526
208.237 208.282 208.419
208.178 208.233 208.323
208.247 208.289 208.333
208.222 208.262 208.295
208.093 208.199 208.230
208.172 208.235 208.322
208.103 208.179 208.297
208.141 208.230 208.281
208.231 208.259 208.290
208.244 208.306 208.380
208.172 208.260 208.307
208.219 208.315 208.386
208.109 208.228 208.287
208.165 208.243 208.296
208.122 208.231 208.354
208.174 208.272 208.325
208.091 208.205 208.303
208.234 208.267 208.294
208.178 208.361 208.627
208.200 208.250 208.348
208.056 208.148 208.220
208.148 208.232 208.301
208.155 208.239 208.282
208.175 208.237 208.326
208.237 208.300 208.337
208.135 208.238 208.347
208.137 208.215 208.298
208.170 208.196 208.223
208.252 208.284 208.324
208.216 208.284 208.431
208.090 208.301 208.466
208.169 208.243 208.374
208.048 208.223 208.355
208.221 208.280 208.362
208.224 208.448 208.828
208.064 208.265 208.408
208.231 208.352 208.671
208.202 208.285 208.412
208.126 208.182 208.237
208.202 208.266 208.304
208.234 208.290 208.357
208.194 208.271 208.344
208.097 208.218 208.292
208.131 208.243 208.324
208.140 208.205 208.257
208.216 208.276 208.334
208.213 208.229 208.241
208.153 208.226 208.297
208.196 208.277 208.348
208.258 208.304 208.373
208.218 208.269 208.311
208.141 208.288 208.446
208.100 208.211 208.308
208.159 208.226 208.281
208.165 208.247 208.312
208.226 208.246 208.265
208.137 208.225 208.309
208.225 208.266 208.310
208.247 208.352 208.480
208.210 208.274 208.361
208.179 208.255 208.321
208.146 208.237 208.304
208.168 208.342 208.650
208.199 208.236 208.274
208.220 208.290 208.373
208.223 208.270 208.307
208.178 208.245 208.311
208.165 208.259 208.376
208.095 208.236 208.334
208.048 208.238 208.340
208.198 208.293 208.364
208.074 208.251 208.336
208.190 208.268 208.324
208.167 208.199 208.231
208.084 208.220 208.314
208.119 208.217 208.286
208.165 208.238 208.307
208.013 208.134 208.336
208.153 208.211 208.294
208.076 208.226 208.308
208.248 208.269 208.305
208.095 208.185 208.301
208.152 208.227 208.306
208.184 208.279 208.343
208.058 208.138 208.260
208.188 208.274 208.414
208.166 208.206 208.238
208.092 208.245 208.339
208.114 208.224 208.333
208.170 208.230 208.291
208.252 208.273 208.331
208.229 208.299 208.419
208.122 208.206 208.304
208.165 208.236 208.288
208.147 208.239 208.339
208.251 208.291 208.356
208.166 208.268 208.349
208.128 208.200 208.270
208.224 208.277 208.357
208.127 208.244 208.323
208.190 208.264 208.308
208.178 208.252 208.288
208.223 208.241 208.269
208.121 208.274 208.557
208.203 208.354 208.561
208.182 208.215 208.265
208.187 208.240 208.264
208.102 208.188 208.254
208.116 208.158 208.213
208.149 208.253 208.348
208.081 208.235 208.351
208.174 208.238 208.281
208.179 208.222 208.264
208.178 208.224 208.280
208.164 208.206 208.296
208.177 208.244 208.284
208.214 208.321 208.385
208.155 208.213 208.288
208.244 208.254 208.278
208.285 208.310 208.350
208.028 208.309 208.753
208.093 208.166 208.238
208.053 208.259 208.345
208.189 208.282 208.403
208.143 208.241 208.306
208.127 208.168 208.202
208.137 208.232 208.298
208.050 208.229 208.668
208.194 208.286 208.386
208.132 208.247 208.311
208.249 208.277 208.313
208.030 208.232 208.341
208.170 208.259 208.298
208.204 208.286 208.373
208.183 208.273 208.372
208.083 208.241 208.360
208.144 208.194 208.261
208.125 208.244 208.325
208.211 208.258 208.326
208.205 208.275 208.391
208.154 208.210 208.249
208.240 208.302 208.427
208.147 208.251 208.341
208.129 208.226 208.322
208.257 208.287 208.330
208.116 208.257 208.339
208.249 208.344 208.442
208.085 208.253 208.340
208.148 208.222 208.268
208.265 208.390 208.516
208.124 208.221 208.312
208.105 208.230 208.307
208.260 208.290 208.343
208.162 208.288 208.401
208.088 208.305 208.406
208.104 208.208 208.277
208.136 208.259 208.420
208.187 208.242 208.304
207.948 208.230 208.436
208.094 208.223 208.397
208.166 208.221 208.283
208.209 208.270 208.345
208.252 208.281 208.333
208.077 208.203 208.305
208.148 208.238 208.413
208.103 208.208 208.427
208.233 208.269 208.344
208.052 208.207 208.326
208.174 208.249 208.308
208.222 208.275 208.338
208.039 208.208 208.302
208.224 208.266 208.320
208.222 208.266 208.327
208.255 208.333 208.496
208.263 208.337 208.416
208.165 208.251 208.351
208.178 208.199 208.238
208.093 208.247 208.368
208.220 208.309 208.475
208.150 208.272 208.357
208.152 208.302 208.468
208.231 208.363 208.712
208.197 208.286 208.394
208.072 208.205 208.330
208.194 208.271 208.380
208.021 208.130 208.343
208.208 208.265 208.378
208.232 208.380 208.627
208.195 208.312 208.409
208.291 208.319 208.380
208.210 208.310 208.485
208.092 208.277 208.411
208.256 208.301 208.340
208.222 208.357 208.695
208.229 208.287 208.340
208.141 208.299 208.443
208.170 208.261 208.389
208.218 208.333 208.454
208.119 208.269 208.489
208.104 208.242 208.308
208.127 208.257 208.342
208.249 208.291 208.427
208.215 208.280 208.364
208.170 208.225 208.247
208.159 208.249 208.354
208.229 208.363 208.538
208.205 208.261 208.304
208.181 208.474 209.085
208.204 208.265 208.323
208.210 208.325 208.483
208.177 208.332 208.682
208.111 208.198 208.330
208.161 208.299 208.484
208.279 208.367 208.424
208.227 208.299 208.375
208.214 208.284 208.328
208.068 208.229 208.477
208.205 208.265 208.320
208.154 208.356 208.522
208.213 208.304 208.372
208.212 208.263 208.357
208.097 208.306 208.424
208.280 208.331 208.437
208.126 208.305 208.520
208.213 208.316 208.507
208.260 208.309 208.357
208.204 208.285 208.336
208.079 208.204 208.407
208.107 208.282 208.400
208.164 208.276 208.423
208.236 208.382 208.619
208.180 208.408 208.919
208.301 208.415 208.572
208.156 208.361 208.763
208.074 208.221 208.436
208.092 208.203 208.364
208.104 208.289 208.448
208.092 208.255 208.446
208.249 208.441 208.984
208.136 208.328 208.522
208.159 208.304 208.448
208.090 208.226 208.281
208.114 208.288 208.402
208.237 208.311 208.467
208.225 208.315 208.450
208.316 208.671 209.229
208.224 208.541 209.142
208.099 208.317 208.641
207.976 208.338 208.835
208.069 208.246 208.333
208.125 208.316 208.591
208.241 208.612 209.149
208.151 208.202 208.276
208.258 208.421 208.575
208.128 208.240 208.384
208.100 208.391 208.714
208.260 208.335 208.436
208.231 208.270 208.305
208.227 208.242 208.251
208.200 208.274 208.363
208.220 208.271 208.328
208.276 208.342 208.403
208.243 208.372 208.599
208.139 208.222 208.261
208.106 208.188 208.376
208.146 208.361 208.788
208.064 208.188 208.311
208.169 208.263 208.462
208.198 208.318 208.414
208.264 208.310 208.417
208.197 208.261 208.327
208.174 208.236 208.291
208.212 208.260 208.309
208.062 208.202 208.299
208.242 208.348 208.673
208.219 208.332 208.557
208.072 208.198 208.304
208.096 208.173 208.211
208.191 208.267 208.373
208.140 208.310 208.492
208.084 208.217 208.341
208.158 208.276 208.403
208.101 208.386 208.884
208.209 208.260 208.314
208.013 208.193 208.336
208.175 208.308 208.417
208.121 208.232 208.291
208.191 208.265 208.318
208.068 208.194 208.308
208.176 208.264 208.335
208.147 208.204 208.256
208.023 208.207 208.284
208.161 208.241 208.332
208.206 208.296 208.363
208.159 208.230 208.358
208.052 208.234 208.324
208.085 208.220 208.340
208.259 208.334 208.439
208.126 208.195 208.289
208.099 208.201 208.250
208.194 208.259 208.317
208.072 208.217 208.327
208.132 208.249 208.349
208.171 208.263 208.377
208.055 208.214 208.328
208.122 208.256 208.328
208.188 208.250 208.312
208.189 208.270 208.336
208.101 208.231 208.310
207.951 208.154 208.261
208.186 208.238 208.341
208.118 208.250 208.364
208.246 208.305 208.381
208.176 208.287 208.443
208.114 208.190 208.271
208.114 208.193 208.316
208.115 208.186 208.253
208.092 208.212 208.302
208.112 208.198 208.270
208.125 208.237 208.326
208.109 208.202 208.360
208.077 208.206 208.286
208.205 208.266 208.356
208.288 208.307 208.331
208.167 208.213 208.312
208.169 208.225 208.260
208.193 208.233 208.292
208.190 208.265 208.403
208.067 208.203 208.294
208.125 208.282 208.439
208.158 208.251 208.363
208.155 208.250 208.312
208.237 208.291 208.355
208.218 208.257 208.283
208.167 208.227 208.366
208.028 208.205 208.293
208.124 208.224 208.360
208.090 208.184 208.276
208.102 208.247 208.360
208.231 208.288 208.351
208.235 208.286 208.388
208.184 208.248 208.282
208.073 208.135 208.201
208.237 208.273 208.323
208.233 208.287 208.330
208.247 208.280 208.317
208.122 208.231 208.301
208.237 208.274 208.335
208.204 208.279 208.354
208.102 208.166 208.268
208.211 208.236 208.296
207.963 208.096 208.241
208.146 208.236 208.283
208.088 208.157 208.246
208.224 208.253 208.286
208.013 208.162 208.237
208.197 208.253 208.356
208.116 208.178 208.225
208.223 208.254 208.318
208.148 208.220 208.286
208.237 208.255 208.285
208.099 208.247 208.312
208.098 208.191 208.287
208.170 208.199 208.264
207.991 208.200 208.281
208.122 208.233 208.299
208.064 208.168 208.248
208.129 208.187 208.288
208.114 208.209 208.319
208.254 208.273 208.326
208.039 208.140 208.207
208.170 208.248 208.273
208.129 208.184 208.254
208.191 208.246 208.288
208.188 208.244 208.320
208.154 208.199 208.249
208.149 208.201 208.290
208.167 208.253 208.313
208.241 208.259 208.306
208.135 208.245 208.312
208.096 208.207 208.285
208.109 208.349 209.001
208.011 208.139 208.211
208.127 208.246 208.456
208.086 208.209 208.396
208.093 208.219 208.303
208.081 208.201 208.312
208.128 208.212 208.312
208.154 208.242 208.298
208.104 208.164 208.216
208.076 208.206 208.304
208.146 208.227 208.276
208.185 208.262 208.326
208.074 208.231 208.316
208.153 208.240 208.278
208.140 208.208 208.231
208.077 208.158 208.216
208.186 208.228 208.281
208.090 208.184 208.250
208.100 208.181 208.243
208.206 208.245 208.274
207.991 208.203 208.356
208.096 208.204 208.276
208.238 208.263 208.298
208.082 208.187 208.278
208.140 208.225 208.263
208.051 208.151 208.236
208.047 208.173 208.277
208.170 208.205 208.267
208.135 208.242 208.350
208.161 208.250 208.324
208.118 208.199 208.254
208.180 208.245 208.271
208.158 208.240 208.320
208.160 208.191 208.259
208.162 208.208 208.290
208.263 208.301 208.360
208.168 208.234 208.302
208.210 208.243 208.271
208.067 208.175 208.263
208.153 208.238 208.348
208.216 208.280 208.338
208.120 208.235 208.375
208.098 208.198 208.259
208.187 208.228 208.268
208.201 208.221 208.259
208.094 208.147 208.173
208.114 208.171 208.240
208.171 208.247 208.337
208.119 208.217 208.353
208.150 208.230 208.277
208.062 208.233 208.316
208.111 208.186 208.277
208.205 208.263 208.371
207.978 208.152 208.241
208.086 208.217 208.275
208.148 208.235 208.283
208.107 208.175 208.256
208.141 208.244 208.306
208.113 208.182 208.243
208.131 208.185 208.285
208.096 208.139 208.186
208.167 208.223 208.265
208.074 208.201 208.267
208.102 208.218 208.293
208.093 208.197 208.260
208.058 208.221 208.303
208.064 208.165 208.275
208.146 208.249 208.316
208.126 208.178 208.262
208.177 208.210 208.240
208.090 208.188 208.309
208.154 208.202 208.241
208.097 208.215 208.304
208.101 208.174 208.282
208.167 208.233 208.287
208.161 208.225 208.269
208.105 208.194 208.301
208.160 208.213 208.331
208.068 208.211 208.327
208.120 208.226 208.285
208.191 208.259 208.301
208.067 208.187 208.288
208.139 208.213 208.310
208.098 208.221 208.266
208.068 208.179 208.265
208.108 208.183 208.254
208.043 208.254 208.612
208.139 208.192 208.237
208.198 208.262 208.306
208.222 208.250 208.280
208.136 208.162 208.186
208.077 208.172 208.313
208.053 208.157 208.264
208.089 208.218 208.298
208.195 208.226 208.263
208.173 208.215 208.249
208.023 208.176 208.259
208.084 208.167 208.256
208.086 208.227 208.282
208.117 208.192 208.272
208.138 208.189 208.286
208.061 208.220 208.267
208.099 208.147 208.265
208.081 208.180 208.263
208.045 208.135 208.277
208.085 208.202 208.291
208.056 208.140 208.257
208.132 208.235 208.281
208.182 208.242 208.284
208.212 208.248 208.284
208.082 208.188 208.300
208.207 208.301 208.480
208.041 208.185 208.286
208.124 208.219 208.276
208.033 208.126 208.202
208.167 208.265 208.531
208.136 208.220 208.259
208.045 208.194 208.260
208.173 208.223 208.273
208.176 208.236 208.288
208.101 208.211 208.264
208.172 208.232 208.302
208.208 208.258 208.337
208.109 208.124 208.141
208.199 208.466 209.046
208.094 208.144 208.218
208.167 208.309 208.473
208.156 208.239 208.316
208.158 208.201 208.242
208.250 208.352 208.661
208.052 208.221 208.301
208.168 208.343 208.801
208.189 208.257 208.338
208.168 208.231 208.300
208.168 208.400 208.833
208.174 208.290 208.537
208.169 208.230 208.266
208.084 208.198 208.312
208.160 208.213 208.280
208.184 208.211 208.270
208.138 208.220 208.284
208.088 208.221 208.271
208.173 208.226 208.257
208.106 208.209 208.277
208.201 208.239 208.270
208.271 208.506 209.389
208.078 208.239 208.719
208.209 208.252 208.282
208.037 208.124 208.180
208.138 208.197 208.278
208.043 208.109 208.184
208.137 208.350 208.638
208.235 208.253 208.283
208.087 208.179 208.280
208.239 208.309 208.468
208.185 208.222 208.244
208.254 208.432 208.804
208.061 208.218 208.328
208.221 208.249 208.277
208.121 208.224 208.272
208.209 208.254 208.308
208.119 208.230 208.275
208.162 208.223 208.298
208.239 208.332 208.633
208.181 208.278 208.353
208.175 208.243 208.342
208.148 208.204 208.249
208.030 208.193 208.285
208.093 208.240 208.302
208.167 208.232 208.280
208.186 208.246 208.275
208.127 208.165 208.211
208.203 208.339 208.749
208.119 208.189 208.255
208.144 208.291 208.601
208.103 208.172 208.206
208.132 208.211 208.266
208.125 208.194 208.244
208.135 208.191 208.239
208.041 208.188 208.383
208.125 208.210 208.298
208.229 208.375 208.601
208.149 208.240 208.280
208.127 208.206 208.317
208.077 208.188 208.543
208.231 208.272 208.339
208.205 208.294 208.474
208.111 208.202 208.286
208.124 208.233 208.335
208.187 208.265 208.340
208.141 208.264 208.332
208.151 208.190 208.227
208.098 208.167 208.276
208.132 208.193 208.283
208.057 208.173 208.254
208.078 208.194 208.254
208.189 208.316 208.536
208.211 208.262 208.316
208.073 208.138 208.169
208.148 208.218 208.289
208.183 208.248 208.276
208.218 208.258 208.273
208.161 208.226 208.265
208.208 208.254 208.286
208.144 208.235 208.315
208.158 208.238 208.281
208.150 208.320 208.650
208.116 208.201 208.295
208.165 208.235 208.286
208.140 208.263 208.341
208.128 208.242 208.297
208.125 208.213 208.289
208.143 208.211 208.264
208.180 208.246 208.336
208.083 208.192 208.341
208.221 208.330 208.667
208.168 208.260 208.339
208.074 208.153 208.191
208.221 208.257 208.346
208.068 208.231 208.301
208.232 208.276 208.336
208.080 208.283 208.904
208.049 208.161 208.306
208.170 208.240 208.286
208.185 208.291 208.510
208.183 208.233 208.264
208.140 208.217 208.272
208.099 208.182 208.254
208.131 208.221 208.347
208.082 208.179 208.236
208.094 208.172 208.275
208.163 208.286 208.680
208.143 208.226 208.337
208.082 208.169 208.253
208.054 208.275 208.576
208.135 208.185 208.232
208.091 208.228 208.338
208.137 208.246 208.363
208.115 208.206 208.321
208.188 208.258 208.309
208.044 208.195 208.279
208.234 208.259 208.273
208.132 208.261 208.526
208.214 208.261 208.336
208.171 208.259 208.296
208.230 208.270 208.315
208.135 208.233 208.332
208.268 208.284 208.303
208.145 208.234 208.288
208.068 208.165 208.222
208.116 208.191 208.244
208.036 208.207 208.289
208.213 208.268 208.355
208.210 208.272 208.345
208.059 208.203 208.277
208.192 208.232 208.253
208.161 208.230 208.308
208.229 208.284 208.320
208.157 208.219 208.298
208.227 208.302 208.446
208.237 208.262 208.288
208.213 208.271 208.339
208.173 208.258 208.319
208.077 208.210 208.267
208.077 208.209 208.290
208.089 208.236 208.285
208.158 208.264 208.319
208.192 208.223 208.278
208.124 208.202 208.270
208.122 208.223 208.319
208.193 208.242 208.337
208.096 208.227 208.302
208.190 208.255 208.314
208.118 208.196 208.267
208.244 208.268 208.292
208.133 208.224 208.293
208.070 208.208 208.294
208.156 208.233 208.282
208.169 208.211 208.284
208.089 208.209 208.341
208.200 208.243 208.314
208.179 208.263 208.318
208.207 208.260 208.318
208.144 208.178 208.222
208.152 208.241 208.295
208.204 208.270 208.323
208.123 208.263 208.347
208.168 208.252 208.333
208.133 208.224 208.338
208.069 208.223 208.309
208.045 208.101 208.213
208.010 208.143 208.253
208.186 208.270 208.302
208.231 208.240 208.263
208.162 208.252 208.310
208.186 208.244 208.316
208.172 208.251 208.362
208.232 208.301 208.350
208.125 208.217 208.283
208.245 208.256 208.289
208.145 208.185 208.253
208.138 208.192 208.261
208.077 208.230 208.311
208.259 208.294 208.317
208.191 208.240 208.265
208.137 208.202 208.271
208.105 208.237 208.315
208.238 208.295 208.379
208.183 208.222 208.287
208.178 208.294 208.518
208.183 208.280 208.330
208.146 208.224 208.287
208.198 208.297 208.497
208.244 208.277 208.303
208.283 208.337 208.396
208.229 208.252 208.290
208.191 208.214 208.239
208.172 208.220 208.310
208.237 208.263 208.292
208.172 208.256 208.371
208.106 208.181 208.275
208.149 208.244 208.511
208.206 208.261 208.310
208.129 208.223 208.311
208.143 208.218 208.309
208.200 208.236 208.278
208.186 208.245 208.287
208.208 208.253 208.292
208.172 208.253 208.396
208.106 208.207 208.352
208.155 208.270 208.328
208.118 208.210 208.303
208.141 208.240 208.349
208.273 208.293 208.316
208.161 208.269 208.449
208.171 208.332 208.634
208.192 208.344 208.650
208.132 208.229 208.283
208.194 208.253 208.296
208.124 208.207 208.381
208.008 208.123 208.265
208.109 208.190 208.285
208.157 208.231 208.311
208.203 208.235 208.303
208.218 208.281 208.372
208.215 208.255 208.316
208.225 208.277 208.317
208.182 208.261 208.304
208.241 208.298 208.410
208.099 208.220 208.279
208.218 208.284 208.322
208.160 208.222 208.287
208.104 208.190 208.282
208.178 208.259 208.302
208.182 208.314 208.456
208.198 208.243 208.292
208.194 208.248 208.309
208.094 208.251 208.359
208.147 208.288 208.365
208.198 208.239 208.288
208.193 208.257 208.313
208.082 208.209 208.365
208.239 208.348 208.500
208.102 208.252 208.380
208.212 208.262 208.312
208.177 208.275 208.443
208.225 208.302 208.399
208.183 208.214 208.278
208.163 208.261 208.325
208.187 208.237 208.274
208.139 208.186 208.269
208.149 208.287 208.466
208.263 208.321 208.489
208.087 208.219 208.319
208.188 208.300 208.440
208.080 208.212 208.270
208.209 208.279 208.376
208.134 208.200 208.260
208.187 208.299 208.376
208.229 208.279 208.314
208.027 208.142 208.186
208.148 208.213 208.325
208.186 208.270 208.343
208.081 208.151 208.196
208.201 208.262 208.307
208.231 208.281 208.311
208.119 208.231 208.354
208.108 208.220 208.290
208.130 208.255 208.415
208.151 208.259 208.308
208.158 208.230 208.269
208.218 208.259 208.317
208.279 208.324 208.395
208.085 208.181 208.376
208.034 208.186 208.245
208.189 208.224 208.310
208.130 208.291 208.390
208.231 208.295 208.385
208.082 208.195 208.348
208.185 208.295 208.401
214.683 217.849 220.561
208.172 208.272 208.320
208.261 208.300 208.367
208.174 208.262 208.367
207.999 208.170 208.261
208.168 208.284 208.361
208.141 208.239 208.345
208.201 208.277 208.315
208.140 208.230 208.348
208.243 208.273 208.313
208.166 208.251 208.303
208.217 208.259 208.322
208.223 208.260 208.302
208.075 208.185 208.298
208.216 208.268 208.337
208.261 208.281 208.307
208.093 208.194 208.239
208.094 208.170 208.273
208.048 208.124 208.192
208.056 208.195 208.303
208.140 208.245 208.300
208.233 208.272 208.311
208.219 208.317 208.454
208.143 208.228 208.285
208.130 208.199 208.271
208.309 208.330 208.351
208.201 208.273 208.365
208.147 208.265 208.352
208.242 208.271 208.337
208.152 208.247 208.320
208.224 208.266 208.319
208.257 208.356 208.540
208.070 208.262 208.425
208.131 208.272 208.372
208.057 208.175 208.273
208.118 208.273 208.494
208.150 208.244 208.295
208.054 208.099 208.195
208.241 208.301 208.365
208.199 208.330 208.501
208.198 208.259 208.347
208.186 208.263 208.322
208.232 208.280 208.360
208.225 208.260 208.285
208.177 208.283 208.393
208.226 208.268 208.324
208.113 208.276 208.370
208.195 208.259 208.322
208.240 208.284 208.336
208.138 208.236 208.315
208.182 208.233 208.302
208.162 208.239 208.329
208.184 208.262 208.328
208.119 208.236 208.293
208.153 208.367 208.905
208.194 208.261 208.304
208.173 208.262 208.367
208.167 208.289 208.380
208.098 208.211 208.242
208.152 208.243 208.294
208.211 208.251 208.319
208.214 208.263 208.310
208.093 208.208 208.312
208.160 208.205 208.293
208.159 208.373 208.967
208.188 208.249 208.316
208.143 208.217 208.310
208.065 208.204 208.316
208.140 208.247 208.314
208.170 208.228 208.255
208.174 208.285 208.464
208.217 208.302 208.371
208.134 208.205 208.288
208.121 208.228 208.337
208.210 208.284 208.416
208.167 208.242 208.295
208.262 208.285 208.327
208.043 208.219 208.278
208.190 208.276 208.388
208.082 208.204 208.268
208.082 208.238 208.291
208.178 208.254 208.341
208.160 208.253 208.352
208.157 208.219 208.295
208.240 208.297 208.431
208.241 208.290 208.387
208.081 208.217 208.291
208.061 208.134 208.197
208.228 208.285 208.352
208.124 208.214 208.292
208.134 208.194 208.239
208.003 208.223 208.370
208.144 208.220 208.269
208.244 208.277 208.329
208.190 208.251 208.347
208.057 208.246 208.481
208.153 208.247 208.280
208.047 208.236 208.303
208.199 208.269 208.361
208.180 208.243 208.291
208.122 208.219 208.263
208.239 208.260 208.284
208.200 208.260 208.309
208.074 208.260 208.379
208.174 208.216 208.283
208.130 208.169 208.210
208.130 208.211 208.309
208.168 208.229 208.281
208.233 208.275 208.301
208.201 208.256 208.319
208.088 208.192 208.309
208.218 208.254 208.275
208.118 208.236 208.322
208.147 208.249 208.303
208.212 208.262 208.302
208.156 208.230 208.277
208.011 208.124 208.171
208.110 208.247 208.316
208.151 208.212 208.283
208.051 208.198 208.286
208.100 208.231 208.348
208.166 208.221 208.302
208.201 208.254 208.313
208.182 208.257 208.348
208.183 208.319 208.544
208.223 208.293 208.397
208.141 208.226 208.284
208.232 208.286 208.399
208.251 208.278 208.312
208.227 208.351 208.510
208.134 208.188 208.219
208.195 208.262 208.404
208.086 208.185 208.262
208.285 208.414 208.696
208.236 208.380 208.720
208.113 208.252 208.307
208.224 208.280 208.307
208.193 208.298 208.386
208.148 208.215 208.271
208.077 208.213 208.273
208.203 208.275 208.351
208.207 208.273 208.296
208.225 208.261 208.294
208.134 208.198 208.254
208.212 208.301 208.419
208.060 208.238 208.421
208.136 208.274 208.482
208.233 208.270 208.327
208.183 208.292 208.349
208.167 208.247 208.365
208.000 208.300 208.769
208.306 208.374 208.436
208.051 208.221 208.472
208.211 208.294 208.372
208.126 208.232 208.321
208.293 208.365 208.566
208.218 208.279 208.362
207.960 208.297 208.629
208.138 208.278 208.373
208.210 208.295 208.483
208.180 208.275 208.440
208.161 208.262 208.312
208.051 208.311 208.627
208.201 208.262 208.311
208.118 208.186 208.261
208.224 208.304 208.488
208.160 208.264 208.393
208.167 208.261 208.338
208.029 208.264 208.385
208.226 208.256 208.328
208.111 208.216 208.270
208.180 208.313 208.388
208.316 208.341 208.390
208.132 208.198 208.286
208.206 208.281 208.410
208.046 208.205 208.282
208.149 208.251 208.412
208.165 208.286 208.400
208.183 208.260 208.301
208.176 208.294 208.387
208.167 208.262 208.332
208.153 208.220 208.317
208.136 208.235 208.302
208.116 208.271 208.365
208.182 208.237 208.348
208.251 208.277 208.308
208.082 208.251 208.344
208.237 208.269 208.296
208.188 208.291 208.434
208.156 208.290 208.528
208.175 208.243 208.286
208.064 208.261 208.340
208.158 208.221 208.245
208.236 208.320 208.375
208.201 208.294 208.353
208.087 208.232 208.310
208.056 208.347 208.749
208.186 208.287 208.459
208.202 208.264 208.315
208.090 208.261 208.381
208.235 208.268 208.313
208.268 208.357 208.519
208.169 208.268 208.322
208.261 208.280 208.325
208.186 208.268 208.319
208.210 208.274 208.375
208.199 208.260 208.311
208.163 208.250 208.426
208.188 208.287 208.350
208.131 208.314 208.473
208.260 208.308 208.346
208.096 208.185 208.293
208.253 208.350 208.404
208.195 208.388 208.605
208.198 208.279 208.404
208.311 208.356 208.448
208.051 208.166 208.310
208.134 208.292 208.516
208.108 208.307 208.445
208.123 208.274 208.383
208.094 208.162 208.242
208.176 208.255 208.371
208.189 208.210 208.282
208.224 208.331 208.633
208.214 208.303 208.357
208.132 208.311 208.624
208.151 208.332 208.700
208.081 208.166 208.250
208.090 208.287 208.657
208.169 208.237 208.323
208.188 208.325 208.489
208.185 208.310 208.398
208.159 208.239 208.295
208.203 208.407 208.834
208.188 208.261 208.401
208.259 208.375 208.512
208.168 208.274 208.403
208.220 208.302 208.382
208.114 208.260 208.334
208.167 208.281 208.398
208.146 208.259 208.337
208.185 208.305 208.601
208.185 208.333 208.667
208.208 208.354 208.527
208.125 208.288 208.386
208.193 208.318 208.542
208.271 208.384 208.719
208.255 208.309 208.409
208.225 208.377 208.500
208.129 208.222 208.307
208.141 208.254 208.413
208.109 208.198 208.301
208.260 208.351 208.521
208.152 208.288 208.417
208.221 208.405 208.762
208.149 208.253 208.378
208.262 208.312 208.385
208.285 208.371 208.506
208.178 208.296 208.421
208.002 208.368 209.038
208.065 208.265 208.762
208.164 208.254 208.349
208.051 208.180 208.319
208.206 208.306 208.430
208.089 208.324 208.639
208.243 208.488 209.186
208.175 208.297 208.414
208.211 208.355 208.446
208.077 208.217 208.365
208.256 208.316 208.419
208.023 208.164 208.260
208.271 208.297 208.338
208.115 208.318 208.427
208.155 208.284 208.556
208.245 208.322 208.377
208.206 208.284 208.490
208.172 208.233 208.353
208.191 208.265 208.317
208.227 208.355 208.622
208.219 208.344 208.525
208.147 208.306 208.411
208.167 208.372 208.708
208.091 208.208 208.317
208.098 208.223 208.279
208.260 208.345 208.455
208.209 208.299 208.484
208.163 208.275 208.374
208.253 208.323 208.401
208.222 208.322 208.458
208.168 208.355 208.599
208.212 208.312 208.392
208.113 208.217 208.283
208.132 208.212 208.333
208.086 208.269 208.363
208.154 208.279 208.418
208.164 208.241 208.291
208.202 208.259 208.316
208.245 208.311 208.415
208.126 208.277 208.542
208.162 208.277 208.662
208.208 208.295 208.407
208.112 208.224 208.332
208.080 208.218 208.312
208.132 208.239 208.291
208.097 208.177 208.304
208.148 208.330 208.413
208.121 208.280 208.403
208.149 208.296 208.416
208.170 208.252 208.300
208.172 208.330 208.625
208.017 208.150 208.303
208.047 208.204 208.288
208.221 208.256 208.275
208.214 208.353 208.748
208.219 208.288 208.385
208.187 208.241 208.270
208.089 208.179 208.257
208.107 208.315 208.619
208.142 208.255 208.531
208.061 208.114 208.172
208.060 208.184 208.433
208.253 208.304 208.351
208.179 208.329 208.526
208.149 208.268 208.363
208.221 208.327 208.398
208.139 208.244 208.290
208.054 208.186 208.275
208.158 208.257 208.380
208.113 208.228 208.362
208.148 208.263 208.315
208.071 208.208 208.289
208.199 208.241 208.264
208.101 208.219 208.328
208.162 208.219 208.305
208.181 208.251 208.373
208.126 208.196 208.292
208.140 208.207 208.273
208.114 208.193 208.268
208.162 208.197 208.219
208.128 208.242 208.438
208.161 208.253 208.315
208.113 208.279 208.446
208.117 208.222 208.356
208.014 208.157 208.273
208.070 208.184 208.335
208.178 208.246 208.295
208.198 208.266 208.356
208.242 208.300 208.326
208.092 208.214 208.290
208.198 208.257 208.294
208.190 208.245 208.279
208.215 208.278 208.340
208.207 208.226 208.252
208.059 208.215 208.312
208.179 208.264 208.316
208.245 208.277 208.332
208.174 208.252 208.288
208.194 208.254 208.315
208.182 208.296 208.503
208.007 208.121 208.288
208.232 208.299 208.369
208.096 208.222 208.278
208.142 208.242 208.332
208.140 208.189 208.214
208.084 208.226 208.296
208.095 208.204 208.249
208.096 208.179 208.276
208.244 208.284 208.329
208.253 208.276 208.314
208.200 208.241 208.322
208.120 208.173 208.211
208.172 208.236 208.327
208.140 208.234 208.345
208.113 208.183 208.261
208.079 208.205 208.298
208.074 208.238 208.328
208.162 208.246 208.296
208.161 208.228 208.322
208.112 208.215 208.301
208.187 208.247 208.367
208.151 208.210 208.271
208.116 208.242 208.293
208.025 208.118 208.190
208.114 208.199 208.248
208.079 208.200 208.311
208.159 208.232 208.275
208.113 208.202 208.287
208.129 208.231 208.300
208.105 208.213 208.257
208.165 208.221 208.268
208.209 208.270 208.308
208.201 208.254 208.305
208.175 208.234 208.296
208.152 208.207 208.257
208.124 208.193 208.270
208.237 208.257 208.283
208.079 208.201 208.266
208.181 208.261 208.310
208.179 208.227 208.266
208.112 208.173 208.264
208.091 208.222 208.326
208.211 208.241 208.275
208.183 208.244 208.296
207.995 208.121 208.203
208.080 208.224 208.303
208.190 208.224 208.283
208.136 208.269 208.414
208.065 208.140 208.210
208.097 208.194 208.287
208.122 208.183 208.267
208.113 208.218 208.312
208.171 208.252 208.294
208.224 208.247 208.264
208.076 208.149 208.258
208.085 208.165 208.278
208.205 208.266 208.321
208.091 208.139 208.225
208.124 208.208 208.274
208.081 208.178 208.306
208.189 208.241 208.279
208.026 208.128 208.163
208.181 208.203 208.253
208.071 208.169 208.248
208.127 208.190 208.343
208.080 208.204 208.286
208.066 208.144 208.193
208.204 208.241 208.273
208.190 208.238 208.283
208.139 208.277 208.531
208.757 209.098 209.353
208.107 208.223 208.302
208.231 208.397 208.910
208.104 208.218 208.298
208.110 208.143 208.175
208.094 208.210 208.280
208.081 208.184 208.239
208.053 208.151 208.255
208.198 208.243 208.258
208.152 208.217 208.278
208.204 208.258 208.403
208.158 208.232 208.268
208.167 208.208 208.252
208.137 208.188 208.245
208.066 208.152 208.240
208.171 208.229 208.283
207.936 208.116 208.183
208.164 208.224 208.312
208.190 208.261 208.295
208.151 208.195 208.237
208.052 208.114 208.226
208.188 208.235 208.298
208.156 208.210 208.283
215.805 215.871 215.928
215.858 215.880 215.937
215.773 215.843 215.927
215.777 215.830 215.887
215.802 215.862 215.938
215.653 215.773 215.883
215.722 215.798 215.889
215.743 215.813 215.883
215.788 215.878 215.939
215.799 215.843 215.914
215.739 215.814 215.927
215.791 215.860 215.923
215.700 215.818 215.924
215.821 215.851 215.896
215.712 215.845 215.965
215.742 215.859 215.951
208.233 208.278 208.376
208.174 208.217 208.331
208.039 208.143 208.302
208.117 208.189 208.256
208.183 208.238 208.289
208.092 208.181 208.262
208.112 208.231 208.425
208.218 208.254 208.288
208.172 208.234 208.286
208.097 208.182 208.278
208.187 208.250 208.306
208.113 208.243 208.295
208.177 208.265 208.324
208.193 208.255 208.303
208.129 208.174 208.218
208.068 208.145 208.232
208.153 208.205 208.253
208.169 208.216 208.256
208.198 208.222 208.283
208.110 208.196 208.264
208.189 208.228 208.266
208.121 208.188 208.268
208.167 208.249 208.329
208.082 208.141 208.285
208.126 208.213 208.325
208.192 208.219 208.276
208.140 208.199 208.243
208.171 208.224 208.314
207.980 208.093 208.180
208.194 208.235 208.299
208.097 208.189 208.245
208.029 208.123 208.247
208.048 208.133 208.234
208.107 208.207 208.276
208.232 208.267 208.318
208.111 208.209 208.270
208.145 208.218 208.266
208.036 208.146 208.246
208.136 208.226 208.281
208.005 208.182 208.342
208.155 208.203 208.291
208.056 208.153 208.260
208.151 208.239 208.285
208.133 208.216 208.286
208.142 208.175 208.205
208.125 208.215 208.295
208.134 208.200 208.311
208.229 208.326 208.551
208.231 208.250 208.261
208.023 208.138 208.270
208.102 208.192 208.280
208.151 208.234 208.282
208.153 208.217 208.284
208.172 208.214 208.261
208.168 208.238 208.302
208.263 208.294 208.339
208.116 208.189 208.268
208.226 208.268 208.309
208.117 208.199 208.282
208.081 208.174 208.254
208.167 208.214 208.251
208.085 208.195 208.261
208.208 208.261 208.294
208.221 208.264 208.294
208.062 208.114 208.182
208.150 208.216 208.282
208.159 208.231 208.298
208.014 208.159 208.256
208.131 208.208 208.264
208.073 208.133 208.196
208.174 208.224 208.289
208.102 208.220 208.318
208.052 208.179 208.266
208.166 208.202 208.247
208.145 208.232 208.292
208.163 208.205 208.248
208.205 208.253 208.278
208.053 208.223 208.375
208.200 208.245 208.276
208.184 208.259 208.297
208.138 208.205 208.251
208.152 208.216 208.262
208.068 208.137 208.245
208.130 208.188 208.232
208.155 208.182 208.213
208.127 208.213 208.252
208.133 208.188 208.276
207.962 208.076 208.175
208.195 208.221 208.235
208.123 208.229 208.309
208.091 208.211 208.347
208.190 208.262 208.321
208.153 208.212 208.266
208.186 208.253 208.285
208.197 208.211 208.225
208.123 208.203 208.297
208.124 208.209 208.275
208.049 208.169 208.234
208.120 208.168 208.200
208.200 208.239 208.269
208.141 208.211 208.277
207.989 208.081 208.208
208.169 208.223 208.284
208.150 208.225 208.303
208.120 208.223 208.340
208.208 208.254 208.326
208.218 208.248 208.311
208.183 208.228 208.320
208.092 208.202 208.266
208.194 208.246 208.295
208.065 208.252 208.381
208.187 208.232 208.271
208.146 208.207 208.261
208.257 208.270 208.284
208.201 208.232 208.268
208.074 208.188 208.327
208.062 208.194 208.291
208.105 208.223 208.287
208.189 208.226 208.260
208.215 208.254 208.272
208.120 208.186 208.270
208.131 208.225 208.353
208.067 208.182 208.285
208.149 208.241 208.300
208.227 208.267 208.340
208.061 208.148 208.220
207.942 208.083 208.155
208.169 208.226 208.284
208.278 208.309 208.329
208.127 208.218 208.278
208.153 208.232 208.295
208.101 208.216 208.304
208.130 208.225 208.307
208.191 208.249 208.326
208.069 208.209 208.296
208.020 208.135 208.285
208.172 208.251 208.322
208.094 208.165 208.260
208.168 208.233 208.322
208.023 208.176 208.298
208.184 208.242 208.326
208.161 208.189 208.241
208.139 208.189 208.239
208.153 208.199 208.256
208.123 208.183 208.273
208.073 208.211 208.317
208.128 208.250 208.355
208.128 208.246 208.302
208.090 208.208 208.280
208.134 208.244 208.327
208.140 208.709 210.528
208.137 208.355 208.851
208.600 209.126 209.693
208.058 208.193 208.270
208.250 208.296 208.351
208.232 208.262 208.297
208.101 208.194 208.275
208.181 208.251 208.305
208.100 208.196 208.302
208.164 208.230 208.296
208.092 208.202 208.269
208.055 208.118 208.189
208.199 208.245 208.292
208.132 208.191 208.280
208.113 208.192 208.311
208.019 208.138 208.249
208.174 208.198 208.215
208.190 208.250 208.317
208.044 208.152 208.235
208.157 208.232 208.273
208.126 208.245 208.354
208.096 208.183 208.253
208.191 208.307 208.470
208.173 208.218 208.288
208.119 208.211 208.284
208.158 208.210 208.256
208.113 208.200 208.257
208.130 208.207 208.281
208.155 208.231 208.309
208.161 208.243 208.313
208.167 208.238 208.300
208.178 208.230 208.285
208.146 208.226 208.281
208.107 208.242 208.335
208.158 208.207 208.264
208.102 208.186 208.293
208.123 208.191 208.276
208.080 208.198 208.289
208.189 208.248 208.289
208.188 208.232 208.289
208.196 208.267 208.307
208.209 208.274 208.322
208.139 208.257 208.326
208.093 208.162 208.216
208.120 208.197 208.276
208.124 208.429 209.215
208.067 208.176 208.275
208.095 208.206 208.288
208.044 208.150 208.286
208.106 208.214 208.329
208.233 208.282 208.321
208.194 208.256 208.321
208.080 208.153 208.192
208.174 208.249 208.303
208.129 208.192 208.250
208.163 208.258 208.330
208.184 208.252 208.299
208.107 208.226 208.334
208.208 208.252 208.277
208.080 208.215 208.294
208.186 208.246 208.299
207.977 208.148 208.362
208.246 208.292 208.405
208.200 208.251 208.291
208.100 208.209 208.302
208.131 208.210 208.267
208.093 208.194 208.292
208.147 208.258 208.383
208.198 208.249 208.298
208.154 208.222 208.283
208.112 208.233 208.296
208.212 208.283 208.504
208.186 208.290 208.367
208.202 208.270 208.323
208.214 208.288 208.452
208.248 208.268 208.307
208.245 208.265 208.302
208.101 208.195 208.325
208.197 208.259 208.306
208.118 208.193 208.277
208.071 208.141 208.216
208.160 208.258 208.308
208.073 208.192 208.362
208.221 208.270 208.308
208.065 208.201 208.316
208.124 208.236 208.300
208.136 208.208 208.299
208.173 208.218 208.294
208.176 208.252 208.299
208.256 208.287 208.314
208.233 208.298 208.349
208.211 208.292 208.447
208.175 208.271 208.399
208.184 208.274 208.344
208.072 208.208 208.299
208.089 208.170 208.226
208.090 208.268 208.345
208.200 208.279 208.360
208.088 208.161 208.271
207.986 208.227 208.474
208.058 208.174 208.340
208.095 208.213 208.303
208.199 208.265 208.320
208.227 208.274 208.349
208.151 208.228 208.311
208.170 208.217 208.259
208.116 208.214 208.259
208.134 208.253 208.401
208.160 208.240 208.301
208.092 208.169 208.242
208.150 208.268 208.319
208.207 208.263 208.313
208.137 208.212 208.299
208.054 208.212 208.323
208.117 208.243 208.296
208.005 208.164 208.322
208.127 208.234 208.294
208.120 208.221 208.265
208.075 208.141 208.239
208.230 208.290 208.416
0 0 0
189.395 189.473 189.574
198.816 205.613 215.776
198.658 198.719 198.803
198.759 198.822 198.854
198.660 198.762 198.820
198.699 198.761 198.892
198.657 198.775 198.862
208.233 208.328 208.373
208.082 208.176 208.230
208.128 208.199 208.271
208.129 208.251 208.378
208.250 208.274 208.313
208.108 208.187 208.269
208.192 208.225 208.295
208.050 208.178 208.312
208.102 208.220 208.277
207.997 208.206 208.291
208.142 208.229 208.407
198.883 198.946 198.995
208.230 208.312 208.410
208.069 208.183 208.308
208.167 208.327 208.541
208.149 208.233 208.303
208.221 208.278 208.320
208.107 208.258 208.422
208.202 208.233 208.279
208.134 208.189 208.245
208.148 208.247 208.309
208.216 208.274 208.323
208.267 208.294 208.328
208.255 208.297 208.371
208.193 208.266 208.408
208.150 208.241 208.313
208.214 208.256 208.306
208.252 208.323 208.471
208.184 208.237 208.289
208.239 208.288 208.339
208.256 208.297 208.344
208.065 208.159 208.261
208.151 208.231 208.282
208.219 208.291 208.330
208.170 208.254 208.316
208.191 208.268 208.311
208.176 208.234 208.282
208.177 208.221 208.277
208.196 208.258 208.300
208.254 208.303 208.383
208.201 208.261 208.324
208.226 208.270 208.366
208.221 208.325 208.461
208.195 208.275 208.326
208.274 208.319 208.358
208.113 208.223 208.305
208.207 208.269 208.364
208.148 208.187 208.258
208.117 208.262 208.363
208.209 208.274 208.329
208.175 208.243 208.281
208.191 208.218 208.243
208.095 208.197 208.276
208.044 208.168 208.245
208.152 208.256 208.348
207.960 208.221 208.349
208.191 208.258 208.376
208.083 208.136 208.202
208.087 208.206 208.280
208.071 208.179 208.301
208.157 208.275 208.337
208.196 208.284 208.362
208.175 208.283 208.388
208.269 208.309 208.354
208.187 208.273 208.357
208.248 208.276 208.321
208.094 208.288 208.503
208.172 208.221 208.302
208.136 208.211 208.308
208.120 208.170 208.229
208.198 208.287 208.347
208.017 208.236 208.327
208.185 208.245 208.290
208.225 208.328 208.429
208.171 208.241 208.333
208.115 208.223 208.284
208.139 208.205 208.248
208.233 208.274 208.355
208.200 208.258 208.321
208.153 208.210 208.243
208.146 208.231 208.303
208.158 208.215 208.293
208.086 208.243 208.336
208.237 208.295 208.327
208.199 208.252 208.348
208.207 208.246 208.287
208.078 208.154 208.253
208.192 208.259 208.352
208.221 208.299 208.350
208.178 208.285 208.361
207.999 208.141 208.231
208.168 208.252 208.302
208.184 208.614 210.045
208.117 208.226 208.294
208.095 208.274 208.377
208.207 208.265 208.328
208.230 208.287 208.346
208.073 208.189 208.290
208.118 208.180 208.284
208.173 208.227 208.289
208.269 208.314 208.362
208.130 208.246 208.310
208.083 208.162 208.255
208.145 208.260 208.321
208.208 208.267 208.317
208.258 208.287 208.317
208.154 208.254 208.310
208.183 208.259 208.351
208.127 208.224 208.335
208.086 208.195 208.286
208.194 208.240 208.308
208.075 208.147 208.274
208.188 208.228 208.293
208.190 208.258 208.324
208.065 208.238 208.312
208.188 208.225 208.292
208.122 208.243 208.339
208.089 208.204 208.303
208.106 208.231 208.302
208.098 208.130 208.188
208.173 208.235 208.325
207.991 208.224 208.293
208.182 208.282 208.437
208.134 208.256 208.398
208.070 208.213 208.293
208.104 208.220 208.467
208.205 208.247 208.296
208.223 208.264 208.302
208.230 208.262 208.308
208.148 208.299 208.457
208.163 208.243 208.349
208.181 208.258 208.314
208.009 208.254 208.847
208.070 208.245 208.311
208.103 208.219 208.270
208.173 208.242 208.313
208.237 208.284 208.305
208.243 208.287 208.357
208.123 208.202 208.265
208.232 208.291 208.319
208.125 208.161 208.225
208.196 208.249 208.273
208.107 208.191 208.278
208.170 208.238 208.286
208.220 208.245 208.268
208.151 208.211 208.259
208.180 208.210 208.245
208.131 208.238 208.286
208.144 208.244 208.332
208.016 208.198 208.284
208.098 208.233 208.389
208.254 208.270 208.293
208.144 208.169 208.214
208.126 208.166 208.250
208.062 208.180 208.248
208.139 208.177 208.207
208.062 208.216 208.397
208.235 208.266 208.332
208.100 208.160 208.248
208.115 208.173 208.259
208.218 208.271 208.346
208.223 208.283 208.372
208.192 208.269 208.310
208.054 208.181 208.280
208.194 208.276 208.312
208.083 208.222 208.276
208.204 208.239 208.287
208.182 208.262 208.342
208.075 208.256 208.370
208.125 208.158 208.179
208.133 208.232 208.292
208.106 208.197 208.292
208.242 208.273 208.319
208.125 208.234 208.358
208.218 208.270 208.290
208.146 208.228 208.320
208.162 208.215 208.281
208.187 208.251 208.301
208.206 208.249 208.310
208.030 208.101 208.178
208.075 208.274 208.457
208.196 208.264 208.329
208.236 208.278 208.315
208.145 208.226 208.274
208.100 208.192 208.283
208.203 208.251 208.319
208.050 208.145 208.226
208.045 208.208 208.287
208.082 208.217 208.307
208.268 208.291 208.327
208.245 208.281 208.401
208.079 208.185 208.291
208.235 208.466 208.787
208.182 208.247 208.283
208.190 208.242 208.292
208.184 208.302 208.466
208.171 208.249 208.317
208.185 208.261 208.336
208.216 208.279 208.330
208.185 208.238 208.288
208.193 208.273 208.376
208.126 208.222 208.290
208.041 208.169 208.264
208.037 208.144 208.207
208.219 208.284 208.333
208.223 208.280 208.343
208.156 208.225 208.303
208.206 208.246 208.335
208.186 208.277 208.364
208.184 208.262 208.403
208.255 208.292 208.387
208.244 208.285 208.395
208.120 208.209 208.284
208.095 208.246 208.364
208.210 208.274 208.356
208.089 208.229 208.347
208.120 208.220 208.290
208.218 208.242 208.281
208.162 208.259 208.327
208.045 208.168 208.247
207.961 208.175 208.316
208.216 208.244 208.263
208.078 208.233 208.416
208.173 208.298 208.456
208.178 208.218 208.251
208.202 208.277 208.338
208.224 208.267 208.291
208.180 208.279 208.379
208.137 208.994 211.146
208.136 209.383 211.157
208.301 209.044 210.971
208.195 210.122 211.277
208.227 208.586 209.627
208.185 208.255 208.292
208.234 208.269 208.345
208.140 208.207 208.260
208.090 208.256 208.496
208.120 208.212 208.347
208.188 208.261 208.414
208.211 208.257 208.299
208.273 208.294 208.326
208.184 208.239 208.283
208.142 208.245 208.424
208.158 208.276 208.369
208.212 208.253 208.282
208.146 208.261 208.494
208.195 208.258 208.371
208.182 208.230 208.303
208.002 208.165 208.244
208.119 208.306 208.846
208.146 208.290 208.540
208.186 208.253 208.297
208.041 208.247 208.551
208.160 208.223 208.280
208.246 208.262 208.279
208.190 208.252 208.308
208.202 208.251 208.292
208.187 208.225 208.303
208.137 208.217 208.268
208.175 208.299 208.393
208.086 208.176 208.242
208.263 208.308 208.398
208.122 208.305 208.435
208.141 208.307 208.532
208.096 208.242 208.374
208.187 208.251 208.287
208.143 208.263 208.362
208.118 208.268 208.371
208.053 208.223 208.342
208.196 208.259 208.303
208.119 208.187 208.258
208.120 208.255 208.445
208.148 208.186 208.258
208.143 208.225 208.287
208.213 208.253 208.296
208.083 208.171 208.265
208.047 208.143 208.283
208.163 208.237 208.310
208.151 208.220 208.330
208.040 208.190 208.262
208.216 208.698 209.737
208.246 209.662 211.225
208.304 209.060 211.120
208.306 209.449 211.107
208.095 208.259 208.391
208.122 208.234 208.319
208.153 208.194 208.237
208.099 208.249 208.336
208.079 208.144 208.203
208.261 208.960 211.097
208.164 209.647 211.113
208.204 208.459 208.926
208.258 209.846 211.203
208.229 208.361 208.585
208.129 208.839 211.081
208.330 208.594 209.077
208.285 209.078 209.988
208.167 209.638 211.208
208.174 208.480 209.202
208.235 208.297 208.340
208.103 208.209 208.326
208.168 208.312 208.448
208.277 208.321 208.439
208.203 208.325 208.407
208.126 208.308 208.707
208.076 208.218 208.378
208.197 208.308 208.410
208.243 208.307 208.403
208.238 208.290 208.373
208.225 208.298 208.379
208.252 208.318 208.423
208.158 208.235 208.294
208.011 208.267 208.431
208.116 208.273 208.632
208.231 208.279 208.305
208.159 208.233 208.327
208.212 208.319 208.435
208.257 208.281 208.317
208.210 208.282 208.345
208.126 208.305 208.586
208.199 208.244 208.308
208.347 208.515 208.695
208.177 208.275 208.420
208.092 208.155 208.289
208.260 208.281 208.320
208.077 208.209 208.361
208.184 208.269 208.355
208.256 208.343 208.461
208.032 208.164 208.264
208.154 208.257 208.299
208.243 208.308 208.365
208.154 208.271 208.362
208.193 208.267 208.382
208.161 208.228 208.320
208.093 208.300 208.455
208.112 208.192 208.274
208.076 208.142 208.247
208.131 208.298 208.504
208.226 208.297 208.381
208.227 208.277 208.344
208.159 208.286 208.363
208.136 208.293 208.433
208.151 208.226 208.302
208.270 208.313 208.335
208.355 208.474 208.543
208.187 208.432 208.732
208.092 208.204 208.334
208.217 208.294 208.377
208.262 208.389 208.665
208.144 208.256 208.429
208.217 208.253 208.286
208.089 208.214 208.326
208.207 208.329 208.550
208.180 208.270 208.376
208.111 208.215 208.353
208.153 208.291 208.457
208.182 208.233 208.386
208.194 208.260 208.337
208.085 208.201 208.301
208.261 208.296 208.319
208.040 208.241 208.314
208.234 208.300 208.432
208.191 208.281 208.357
208.140 208.208 208.263
208.192 208.240 208.327
208.142 208.221 208.275
208.199 208.266 208.359
208.213 208.253 208.292
208.070 208.176 208.280
208.225 208.310 208.454
208.064 208.171 208.233
208.230 208.282 208.325
208.214 208.279 208.337
208.170 208.218 208.279
208.130 208.234 208.374
208.136 208.229 208.322
208.069 208.333 208.902
208.172 208.251 208.299
208.097 208.223 208.441
207.966 208.219 208.362
208.194 208.280 208.329
208.158 208.258 208.336
208.173 208.293 208.448
208.206 208.233 208.277
208.139 208.252 208.324
208.201 208.287 208.358
208.175 208.285 208.409
208.253 208.279 208.289
208.203 208.273 208.405
207.973 208.079 208.142
208.065 208.221 208.348
208.216 208.265 208.302
208.180 208.262 208.304
208.249 208.283 208.324
208.109 208.201 208.282
208.107 208.260 208.380
208.156 208.202 208.258
208.247 208.285 208.345
208.093 208.181 208.290
208.226 208.279 208.311
208.083 208.216 208.280
208.139 208.235 208.336
208.022 208.185 208.279
208.212 208.268 208.335
208.107 208.241 208.332
208.181 208.244 208.269
207.997 208.085 208.178
208.186 208.245 208.300
208.295 208.310 208.330
208.078 208.195 208.303
208.169 208.234 208.275
208.127 208.211 208.274
208.155 208.235 208.282
208.196 208.266 208.303
208.132 208.200 208.247
208.178 208.244 208.315
208.181 208.238 208.308
208.231 208.262 208.316
208.157 208.229 208.283
208.062 208.184 208.317
208.158 208.215 208.273
208.105 208.193 208.294
208.149 208.294 208.437
208.135 208.285 208.347
208.054 208.168 208.278
208.148 208.210 208.323
208.127 208.229 208.299
208.185 208.225 208.279
208.248 208.268 208.304
208.084 208.202 208.275
208.057 208.182 208.277
208.127 208.202 208.299
208.205 208.245 208.308
208.163 208.219 208.297
208.164 208.195 208.263
208.014 208.172 208.292
208.104 208.157 208.244
208.130 208.241 208.352
208.245 208.268 208.302
208.167 208.212 208.269
208.044 208.229 208.306
208.146 208.214 208.273
208.109 208.210 208.264
208.167 208.230 208.249
208.161 208.242 208.277
208.133 208.216 208.315
208.106 208.217 208.310
208.143 208.229 208.304
208.143 208.225 208.294
208.142 208.209 208.278
208.189 208.254 208.305
208.192 208.250 208.325
208.042 208.123 208.316
208.037 208.194 208.266
208.130 208.221 208.253
208.057 208.150 208.269
208.187 208.225 208.265
208.075 208.195 208.300
208.018 208.129 208.197
208.171 208.197 208.213
208.076 208.206 208.265
208.047 208.227 208.438
208.040 208.187 208.281
208.165 208.207 208.275
208.218 208.264 208.330
208.089 208.141 208.212
208.142 208.183 208.237
208.149 208.244 208.328
208.008 208.120 208.359
208.026 208.167 208.266
208.059 208.181 208.257
208.045 208.154 208.276
208.161 208.276 208.440
208.037 208.105 208.151
208.040 208.255 208.527
208.257 208.279 208.308
208.180 208.233 208.292
208.172 208.225 208.296
208.178 208.230 208.297
208.069 208.226 208.305
208.043 208.173 208.241
208.174 208.335 208.719
208.047 208.185 208.299
208.153 208.215 208.289
208.148 208.212 208.270
208.124 208.179 208.250
208.072 208.183 208.224
208.200 208.216 208.241
208.099 208.220 208.260
208.083 208.132 208.189
208.091 208.197 208.304
208.136 208.197 208.246
208.124 208.210 208.287
208.104 208.218 208.282
208.185 208.212 208.246
208.148 208.200 208.253
208.134 208.181 208.222
208.123 208.212 208.266
208.077 208.160 208.208
208.241 208.260 208.287
208.036 208.127 208.220
208.136 208.222 208.277
208.089 208.198 208.255
208.092 208.163 208.218
208.114 208.166 208.209
208.023 208.095 208.193
208.110 208.202 208.297
208.191 208.251 208.313
208.082 208.190 208.262
207.971 208.140 208.254
208.077 208.226 208.299
208.207 208.222 208.237
208.196 208.247 208.336
208.151 208.195 208.238
208.205 208.249 208.297
208.168 208.227 208.269
208.228 208.244 208.259
208.041 208.172 208.286
208.159 208.189 208.272
208.206 208.261 208.350
208.003 208.202 208.266
208.005 208.145 208.238
208.213 208.239 208.268
208.182 208.233 208.270
208.182 208.235 208.305
208.075 208.203 208.264
208.080 208.171 208.244
208.166 208.255 208.337
208.219 208.254 208.283
208.160 208.231 208.296
208.135 208.188 208.260
208.140 208.302 208.480
208.187 208.265 208.317
208.106 208.185 208.287
208.174 208.244 208.276
208.087 208.207 208.289
208.095 208.185 208.270
208.161 208.236 208.303
208.106 208.212 208.307
208.056 208.135 208.179
208.034 208.199 208.313
208.111 208.159 208.219
207.992 208.122 208.229
208.156 208.212 208.275
208.216 208.257 208.356
208.132 208.198 208.258
208.125 208.210 208.307
208.099 208.141 208.213
208.193 208.227 208.261
208.068 208.182 208.288
208.169 208.226 208.280
208.081 208.180 208.331
208.138 208.221 208.271
208.064 208.197 208.248
208.204 208.258 208.316
208.200 208.233 208.258
208.078 208.184 208.258
208.059 208.152 208.198
208.066 208.199 208.255
208.193 208.234 208.290
208.191 208.254 208.354
208.071 208.198 208.468
208.189 208.250 208.282
208.165 208.252 208.342
208.177 208.219 208.287
208.106 208.236 208.302
208.078 208.190 208.259
208.173 208.211 208.310
208.047 208.222 208.298
208.073 208.151 208.213
208.153 208.246 208.272
208.073 208.207 208.258
208.113 208.180 208.278
208.094 208.214 208.281
208.139 208.218 208.301
208.057 208.187 208.276
208.137 208.258 208.319
208.163 208.294 208.643
208.156 208.217 208.262
208.229 208.251 208.280
208.048 208.234 208.356
208.203 208.266 208.315
208.050 208.176 208.295
208.049 208.204 208.266
208.144 208.200 208.322
208.186 208.223 208.249
208.239 208.255 208.268
208.186 208.251 208.410
208.136 208.228 208.313
208.167 208.250 208.289
208.144 208.180 208.273
208.115 208.165 208.221
208.220 208.301 208.475
208.064 208.199 208.258
208.085 208.197 208.286
208.261 208.271 208.297
208.180 208.236 208.278
208.105 208.176 208.239
208.143 208.216 208.288
208.110 208.205 208.291
208.242 208.282 208.378
208.135 208.224 208.299
208.117 208.177 208.222
208.061 208.195 208.266
208.100 208.210 208.282
208.091 208.227 208.276
208.157 208.492 209.509
208.096 208.211 208.283
208.134 208.276 208.395
208.092 208.214 208.296
208.193 208.245 208.273
208.136 208.204 208.303
208.176 208.249 208.331
208.072 208.233 208.287
208.187 208.250 208.286
208.108 208.210 208.309
208.223 208.313 208.529
208.104 208.152 208.217
208.104 208.221 208.319
208.164 208.205 208.257
208.045 208.172 208.264
208.156 208.229 208.280
208.145 208.206 208.299
208.095 208.229 208.289
208.112 208.237 208.300
208.102 208.214 208.269
208.241 208.269 208.321
208.160 208.232 208.327
208.203 208.239 208.274
208.137 208.200 208.270
208.178 208.215 208.251
208.170 208.228 208.274
208.265 208.288 208.324
208.186 208.222 208.257
208.237 208.269 208.293
208.177 208.227 208.277
208.057 208.217 208.319
208.106 208.216 208.282
208.102 208.197 208.271
208.230 208.274 208.317
208.116 208.191 208.262
208.144 208.204 208.259
208.068 208.133 208.249
208.152 208.225 208.283
208.212 208.251 208.280
208.159 208.214 208.294
208.195 208.258 208.297
208.104 208.217 208.283
208.123 208.222 208.276
208.123 208.239 208.353
208.144 208.204 208.274
208.245 208.262 208.284
208.154 208.419 209.256
208.169 208.241 208.307
208.152 208.235 208.301
208.167 208.220 208.263
208.093 208.195 208.285
208.130 208.249 208.363
208.154 208.258 208.350
208.099 208.203 208.300
208.087 208.155 208.201
208.125 208.200 208.268
208.061 208.201 208.267
208.159 208.206 208.256
208.223 208.278 208.314
208.062 208.170 208.330
208.209 208.269 208.317
208.099 208.193 208.299
208.100 208.137 208.216
208.118 208.180 208.245
208.021 208.180 208.238
208.097 208.163 208.280
208.027 208.122 208.176
208.184 208.258 208.324
208.188 208.261 208.323
208.234 208.278 208.327
208.188 208.257 208.342
208.213 208.271 208.360
208.182 208.271 208.346
208.149 208.240 208.344
208.124 208.221 208.345
208.219 208.259 208.336
208.138 208.233 208.301
208.133 208.172 208.231
208.114 208.221 208.266
208.089 208.176 208.222
208.110 208.258 208.364
208.199 208.229 208.277
208.156 208.299 208.500
208.113 208.243 208.291
208.093 208.193 208.268
208.171 208.232 208.298
208.137 208.229 208.288
208.192 208.218 208.272
208.088 208.171 208.262
208.126 208.219 208.282
208.058 208.195 208.261
208.088 208.199 208.296
208.116 208.201 208.283
208.218 208.251 208.294
208.188 208.250 208.314
208.175 208.229 208.368
208.177 208.232 208.261
208.185 208.244 208.333
208.166 208.326 208.658
208.115 208.182 208.272
208.228 208.263 208.305
208.180 208.249 208.285
208.152 208.207 208.282
208.148 208.197 208.244
208.113 208.277 208.404
208.122 208.201 208.300
208.129 208.238 208.309
208.086 208.159 208.317
208.171 208.251 208.324
208.190 208.250 208.295
208.097 208.244 208.301
208.050 208.195 208.272
208.100 208.209 208.311
208.142 208.221 208.279
208.068 208.188 208.264
208.115 208.219 208.324
208.101 208.180 208.265
208.168 208.239 208.271
208.175 208.215 208.304
208.184 208.271 208.344
208.093 208.214 208.277
208.128 208.253 208.312
208.192 208.256 208.329
208.071 208.216 208.351
208.046 208.231 208.303
208.220 208.291 208.338
208.128 208.236 208.319
208.138 208.212 208.273
208.159 208.211 208.258
208.220 208.274 208.306
208.196 208.256 208.300
208.126 208.213 208.348
208.253 208.267 208.286
208.181 208.251 208.285
208.222 208.268 208.304
208.189 208.267 208.306
208.150 208.215 208.304
208.066 208.153 208.279
208.184 208.275 208.343
208.133 208.250 208.312
208.038 208.209 208.281
208.113 208.199 208.336
208.215 208.265 208.300
208.125 208.231 208.290
208.120 208.190 208.272
208.072 208.143 208.192
208.132 208.192 208.268
208.067 208.192 208.296
208.251 208.271 208.318
208.235 208.250 208.280
208.106 208.224 208.311
208.062 208.219 208.282
207.992 208.212 208.324
208.095 208.215 208.278
208.214 208.269 208.344
208.174 208.254 208.317
208.209 208.263 208.374
208.016 208.209 208.286
208.155 208.208 208.246
208.197 208.240 208.286
208.123 208.234 208.341
208.102 208.197 208.276
208.138 208.179 208.274
208.221 208.265 208.327
208.144 208.226 208.318
208.158 208.242 208.311
207.987 208.117 208.214
208.174 208.233 208.302
208.033 208.134 208.273
208.110 208.183 208.248
208.202 208.259 208.287
208.218 208.268 208.333
208.242 208.348 208.551
208.093 208.229 208.316
208.096 208.150 208.201
208.204 208.294 208.343
208.101 208.234 208.319
208.252 208.266 208.299
208.079 208.224 208.283
208.091 208.210 208.271
208.261 208.282 208.322
208.185 208.267 208.313
208.091 208.171 208.320
208.121 208.189 208.282
208.215 208.245 208.259
208.090 208.249 208.389
208.097 208.178 208.254
208.135 208.198 208.257
208.096 208.210 208.283
208.102 208.202 208.343
208.223 208.261 208.316
208.196 208.255 208.333
208.109 208.217 208.340
208.235 208.327 208.542
208.167 208.257 208.349
208.156 208.423 209.265
208.166 208.252 208.344
208.238 208.278 208.328
208.185 208.250 208.285
207.941 208.042 208.168
208.130 208.276 208.360
208.198 208.268 208.349
208.189 208.240 208.312
208.210 208.243 208.293
208.291 208.308 208.325
208.157 208.274 208.353
208.189 208.274 208.379
208.104 208.215 208.326
208.173 208.242 208.324
208.008 208.283 208.453
208.090 208.241 208.396
208.185 208.273 208.318
208.246 208.267 208.286
208.222 208.252 208.281
208.285 208.331 208.480
208.216 208.244 208.277
208.239 208.262 208.315
208.247 208.276 208.339
208.139 208.226 208.321
208.231 208.267 208.286
208.103 208.211 208.316
208.060 208.241 208.356
208.211 208.255 208.286
208.239 208.304 208.373
208.255 208.286 208.313
208.112 208.270 208.386
208.244 208.281 208.328
208.262 208.296 208.375
208.208 208.245 208.323
208.061 208.166 208.342
208.074 208.247 208.338
208.142 208.264 208.378
208.219 208.264 208.296
208.148 208.221 208.293
208.088 208.203 208.293
208.215 208.277 208.304
208.095 208.206 208.323
208.213 208.277 208.321
208.050 208.217 208.278
208.057 208.166 208.219
208.112 208.240 208.312
208.116 208.208 208.296
208.201 208.240 208.279
208.139 208.206 208.285
208.085 208.221 208.339
208.210 208.265 208.326
208.098 208.200 208.345
208.209 208.287 208.373
208.197 208.267 208.338
208.185 208.247 208.296
208.214 208.265 208.353
208.195 208.219 208.248
208.178 208.234 208.365
208.237 208.315 208.416
208.245 208.297 208.399
208.178 208.250 208.314
208.154 208.214 208.306
208.085 208.235 208.328
208.137 208.210 208.307
208.133 208.203 208.270
208.157 208.210 208.331
208.147 208.177 208.208
208.169 208.277 208.330
208.085 208.207 208.296
208.214 208.294 208.413
208.203 208.257 208.381
208.060 208.113 208.222
208.232 208.260 208.293
208.176 208.245 208.299
208.287 208.306 208.360
207.978 208.156 208.258
208.117 208.161 208.200
208.164 208.270 208.407
208.158 208.199 208.258
208.207 208.262 208.342
208.184 208.272 208.337
208.069 208.123 208.210
208.111 208.239 208.299
208.234 208.304 208.403
208.167 208.312 208.568
208.133 208.206 208.254
208.210 208.278 208.335
208.181 208.282 208.373
208.200 208.226 208.255
208.061 208.264 208.335
208.171 208.278 208.320
208.115 208.174 208.212
208.092 208.216 208.303
208.246 208.279 208.313
208.127 208.193 208.265
208.131 208.231 208.302
208.090 208.162 208.249
208.148 208.230 208.301
208.089 208.180 208.254
208.200 208.232 208.249
208.159 208.255 208.287
208.166 208.273 208.424
208.214 208.298 208.410
208.190 208.259 208.285
208.119 208.225 208.324
208.064 208.211 208.307
208.173 208.226 208.291
208.076 208.198 208.324
208.171 208.242 208.294
208.131 208.205 208.294
208.209 208.266 208.302
208.209 208.258 208.343
208.113 208.205 208.306
208.138 208.240 208.347
208.194 208.226 208.301
208.159 208.253 208.343
208.116 208.191 208.286
208.140 208.188 208.281
208.241 208.276 208.356
208.150 208.198 208.269
208.028 208.227 208.331
208.189 208.243 208.291
208.215 208.242 208.274
208.225 208.273 208.301
208.134 208.239 208.290
208.167 208.249 208.313
208.111 208.256 208.378
208.171 208.239 208.278
208.185 208.253 208.318
208.075 208.211 208.296
208.192 208.255 208.327
208.231 208.273 208.325
208.186 208.294 208.340
208.188 208.235 208.293
208.205 208.246 208.286
208.096 208.202 208.301
208.247 208.273 208.327
208.141 208.214 208.251
208.146 208.315 208.604
208.131 208.157 208.184
208.138 208.220 208.283
208.170 208.251 208.319
208.111 208.217 208.331
208.181 208.261 208.315
208.225 208.273 208.332
208.140 208.244 208.313
208.114 208.195 208.275
208.111 208.192 208.355
208.152 208.250 208.321
208.059 208.234 208.297
208.159 208.237 208.303
208.178 208.271 208.323
208.094 208.198 208.306
208.194 208.237 208.283
208.105 208.229 208.309
208.135 208.242 208.313
208.127 208.194 208.244
208.195 208.246 208.333
208.134 208.179 208.313
208.218 208.268 208.306
208.201 208.247 208.336
208.206 208.236 208.291
208.163 208.252 208.300
208.155 208.222 208.278
208.235 208.278 208.348
208.108 208.216 208.280
208.160 208.246 208.285
208.150 208.241 208.296
208.046 208.166 208.286
208.181 208.258 208.316
208.140 208.226 208.262
208.252 208.271 208.288
208.114 208.233 208.292
208.071 208.141 208.216
208.193 208.274 208.400
208.162 208.239 208.340
208.222 208.282 208.343
208.220 208.263 208.287
208.124 208.238 208.391
208.169 208.227 208.300
208.087 208.157 208.249
208.108 208.214 208.290
208.230 208.266 208.306
208.116 208.250 208.303
208.270 208.309 208.354
208.133 208.243 208.366
208.157 208.220 208.305
208.104 208.217 208.303
208.202 208.268 208.340
208.244 208.265 208.297
208.017 208.176 208.312
208.109 208.246 208.449
208.182 208.213 208.240
208.083 208.151 208.209
208.249 208.280 208.311
208.135 208.226 208.279
208.219 208.269 208.364
208.169 208.217 208.261
208.198 208.229 208.277
208.189 208.256 208.306
208.214 208.245 208.275
207.956 208.148 208.300
208.186 208.255 208.307
208.202 208.231 208.296
208.133 208.210 208.288
208.109 208.216 208.294
208.060 208.152 208.223
208.198 208.256 208.334
208.126 208.252 208.351
208.214 208.260 208.292
208.188 208.238 208.294
208.141 208.257 208.333
208.119 208.162 208.210
208.112 208.186 208.260
208.136 208.324 208.863
208.190 208.249 208.317
208.089 208.140 208.183
208.106 208.232 208.325
208.214 208.251 208.284
208.197 208.263 208.305
208.220 208.268 208.313
208.198 208.229 208.261
208.106 208.182 208.258
208.072 208.155 208.304
208.134 208.218 208.266
208.104 208.180 208.264
208.109 208.181 208.327
208.133 208.241 208.288
208.236 208.288 208.363
208.075 208.228 208.303
208.162 208.236 208.273
208.154 208.214 208.282
208.169 208.222 208.280
208.105 208.163 208.220
208.019 208.131 208.186
208.195 208.221 208.265
208.087 208.226 208.294
208.052 208.193 208.245
208.129 208.213 208.282
208.158 208.249 208.310
208.183 208.245 208.295
208.143 208.236 208.328
208.154 208.240 208.308
208.048 208.127 208.358
208.242 208.279 208.357
208.136 208.227 208.274
208.033 208.226 208.311
208.151 208.235 208.313
208.159 208.203 208.248
208.158 208.222 208.297
208.054 208.234 208.333
208.154 208.292 208.602
208.152 208.258 208.300
208.155 208.226 208.298
208.197 208.271 208.393
208.195 208.256 208.283
208.113 208.244 208.339
208.113 208.186 208.271
208.048 208.157 208.266
208.225 208.258 208.303
208.164 208.228 208.294
208.170 208.224 208.276
208.042 208.184 208.268
208.207 208.249 208.303
208.145 208.240 208.277
208.121 208.301 208.674
208.094 208.159 208.204
208.190 208.258 208.300
208.217 208.282 208.353
208.188 208.259 208.324
208.132 208.227 208.317
208.176 208.307 208.415
208.185 208.234 208.292
208.200 208.233 208.255
208.219 208.258 208.335
208.146 208.237 208.339
208.193 208.266 208.343
208.101 208.192 208.266
208.128 208.271 208.569
208.049 208.154 208.239
208.180 208.261 208.336
208.149 208.272 208.334
208.107 208.213 208.258
208.115 208.201 208.330
208.081 208.203 208.267
208.133 208.215 208.273
208.231 208.309 208.463
208.183 208.249 208.298
208.158 208.246 208.342
208.157 208.275 208.344
208.106 208.220 208.271
208.098 208.270 208.395
208.141 208.241 208.361
208.192 208.234 208.277
208.165 208.227 208.282
208.106 208.204 208.334
208.200 208.256 208.329
208.156 208.239 208.327
208.135 208.457 209.241
208.096 208.200 208.274
208.201 208.311 208.495
208.144 208.277 208.473
208.236 208.290 208.356
208.099 208.227 208.535
208.070 208.169 208.262
208.142 208.248 208.350
208.159 208.239 208.305
208.035 208.235 208.302
208.147 208.324 208.649
208.065 208.213 208.333
208.209 208.269 208.299
208.164 208.230 208.263
208.164 208.301 208.514
208.178 208.278 208.479
208.218 208.304 208.431
208.208 208.251 208.337
208.125 208.212 208.267
208.146 208.221 208.304
208.041 208.198 208.370
208.233 208.272 208.315
208.112 208.227 208.305
208.090 208.291 208.925
208.244 208.286 208.319
208.185 208.272 208.339
208.163 208.204 208.315
208.162 208.204 208.295
208.209 208.291 208.408
208.182 208.225 208.275
208.244 208.298 208.356
208.158 208.384 209.014
208.056 208.282 208.406
208.122 208.288 208.470
208.079 208.373 208.811
208.238 208.331 208.484
208.113 208.251 208.419
208.269 208.338 208.503
208.292 208.365 208.564
208.228 208.818 210.912
208.153 208.215 208.286
208.141 208.195 208.238
210.176 210.417 211.009
208.779 210.156 211.024
210.219 210.758 211.291
209.972 210.785 211.623
208.112 208.298 208.528
208.299 208.369 208.436
208.157 208.292 208.570
208.145 208.244 208.301
208.221 208.357 208.486
208.040 208.163 208.259
208.171 208.373 209.004
208.159 208.218 208.282
208.190 208.280 208.427
208.211 208.251 208.283
208.205 208.299 208.366
208.157 208.227 208.325
208.176 208.267 208.351
210.046 211.719 214.449
213.233 213.763 214.348
213.189 213.771 214.474
213.174 213.724 214.231
213.557 213.849 214.027
0 0 0
209.386 209.485 209.542
209.483 209.506 209.541
209.363 209.424 209.529
209.363 209.477 209.534
209.312 209.468 209.547
209.417 209.450 209.504
209.400 209.421 209.459
209.353 209.414 209.452
209.414 209.454 209.495
209.378 209.438 209.524
209.469 209.500 209.564
209.269 209.421 209.520
209.479 209.557 209.701
209.461 209.569 209.851
209.434 209.497 209.635
209.281 209.409 209.521
209.344 209.430 209.493
209.432 209.473 209.521
209.355 209.531 209.653
209.261 209.395 209.531
209.202 209.491 209.609
209.390 209.463 209.535
209.346 209.467 209.512
209.454 209.479 209.531
209.435 209.708 210.596
209.359 209.435 209.487
209.325 209.418 209.529
209.357 209.446 209.556
209.419 209.525 209.623
209.377 209.455 209.537
209.329 209.417 209.559
209.341 209.403 209.487
209.267 209.386 209.508
209.345 209.469 209.560
209.436 209.475 209.540
209.361 209.467 209.555
209.332 209.479 209.532
209.419 209.460 209.532
209.422 209.489 209.559
209.399 209.467 209.539
209.387 209.453 209.499
209.360 209.436 209.492
209.442 209.481 209.527
209.326 209.427 209.525
209.407 209.477 209.563
209.359 209.466 209.508
209.377 209.439 209.529
209.414 209.485 209.526
209.315 209.417 209.522
209.351 209.461 209.630
209.475 209.522 209.578
209.311 209.401 209.494
209.342 209.428 209.512
209.493 209.518 209.555
209.343 209.449 209.579
209.419 209.534 209.679
209.354 209.462 209.550
209.326 209.431 209.532
209.448 209.487 209.513
209.436 209.485 209.542
209.381 209.514 209.632
209.428 209.478 209.508
209.307 209.448 209.520
209.389 209.435 209.481
209.430 209.478 209.535
209.364 209.394 209.443
209.318 209.461 209.598
209.374 209.440 209.478
209.443 209.493 209.535
209.476 209.502 209.538
209.318 209.416 209.533
209.423 209.464 209.502
209.396 209.477 209.669
209.330 209.466 209.539
209.389 209.477 209.596
209.388 209.459 209.507
209.335 209.397 209.510
209.448 209.488 209.514
209.302 209.437 209.497
209.365 209.497 209.603
209.369 209.482 209.556
209.451 209.486 209.515
209.342 209.394 209.441
209.363 209.468 209.533
209.393 209.487 209.590
209.320 209.490 209.567
209.361 209.478 209.542
209.446 209.526 209.555
209.243 209.354 209.453
209.460 209.504 209.570
209.202 209.320 209.459
209.422 209.480 209.530
209.314 209.346 209.392
209.301 209.387 209.529
209.262 209.418 209.517
209.325 209.415 209.475
209.446 209.490 209.529
209.428 209.509 209.561
209.393 209.456 209.517
209.278 209.415 209.519
209.415 209.455 209.511
209.316 209.452 209.526
209.297 209.420 209.495
209.380 209.457 209.562
209.342 209.435 209.517
209.279 209.416 209.469
209.435 209.478 209.571
209.396 209.473 209.534
209.354 209.492 209.800
209.398 209.459 209.519
209.331 209.445 209.495
209.319 209.466 209.528
209.364 209.441 209.542
209.307 209.390 209.485
209.383 209.481 209.548
209.409 209.482 209.523
209.442 209.491 209.546
209.445 209.482 209.525
209.255 209.434 209.527
209.390 209.444 209.490
209.292 209.413 209.480
209.271 209.363 209.553
210.690 210.843 210.954
209.378 209.461 209.518
209.435 209.478 209.503
209.346 209.468 209.525
209.385 209.470 209.511
209.436 209.518 209.565
209.443 209.467 209.499
209.424 209.453 209.490
209.453 209.470 209.486
209.232 209.433 209.511
209.353 209.431 209.496
209.374 209.438 209.486
209.295 209.391 209.486
209.371 209.474 209.562
209.361 209.407 209.493
209.357 209.434 209.501
209.266 209.339 209.382
209.415 209.462 209.483
209.428 209.477 209.524
209.396 209.468 209.511
209.224 209.712 211.061
209.375 209.504 209.760
209.423 209.482 209.543
209.487 209.502 209.525
209.287 209.399 209.448
209.425 209.451 209.482
209.304 209.420 209.502
209.307 209.429 209.511
209.436 209.481 209.560
209.461 209.511 209.532
209.373 209.435 209.488
209.405 209.468 209.514
209.410 209.489 209.559
209.371 209.491 209.621
209.357 209.434 209.498
209.340 209.459 209.531
209.478 209.502 209.522
209.383 209.431 209.493
209.273 209.449 209.561
209.390 209.471 209.521
209.291 209.411 209.500
209.466 209.487 209.514
209.382 209.415 209.429
209.408 209.457 209.522
209.365 209.444 209.502
209.394 209.485 209.552
209.381 209.435 209.491
209.335 209.447 209.527
209.298 209.438 209.581
209.413 209.496 209.522
209.427 209.471 209.546
209.472 209.496 209.530
209.437 209.480 209.514
209.304 209.414 209.501
209.308 209.478 209.675
209.408 209.466 209.497
209.406 209.463 209.547
209.381 209.457 209.495
209.378 209.445 209.501
209.374 209.487 209.529
209.318 209.490 209.562
209.387 209.441 209.498
209.405 209.491 209.557
209.239 209.340 209.398
209.327 209.445 209.505
209.336 209.449 209.527
209.331 209.398 209.473
209.360 209.474 209.524
209.393 209.452 209.511
209.307 209.502 209.662
209.423 209.471 209.520
209.393 209.434 209.517
209.435 209.488 209.542
209.438 209.466 209.513
209.410 209.483 209.550
209.378 209.435 209.530
209.281 209.423 209.500
209.466 209.502 209.532
209.381 209.459 209.541
209.439 209.471 209.505
209.350 209.436 209.519
209.366 209.403 209.463
209.340 209.450 209.496
209.472 209.490 209.506
209.273 209.356 209.474
209.412 209.473 209.501
209.204 209.359 209.475
209.337 209.433 209.523
209.280 209.422 209.567
209.359 209.428 209.520
209.356 209.452 209.521
209.376 209.449 209.500
209.403 209.464 209.505
209.403 209.447 209.513
209.388 209.433 209.487
209.302 209.394 209.451
209.434 209.491 209.538
209.450 209.494 209.538
209.397 209.443 209.507
209.395 209.478 209.550
209.403 209.464 209.517
209.409 209.439 209.482
209.384 209.419 209.473
209.437 209.487 209.516
209.316 209.467 209.528
209.399 209.460 209.571
209.301 209.395 209.478
209.429 209.495 209.564
209.294 209.453 209.538
209.259 209.353 209.441
209.360 209.432 209.517
209.424 209.478 209.557
209.388 209.467 209.519
209.332 209.376 209.414
209.325 209.429 209.535
209.381 209.457 209.533
209.381 209.499 209.663
209.361 209.440 209.488
209.325 209.458 209.564
209.354 209.439 209.521
209.385 209.424 209.476
209.298 209.443 209.512
209.337 209.445 209.530
209.460 209.509 209.535
209.337 209.447 209.522
209.348 209.453 209.630
209.343 209.419 209.505
209.390 209.446 209.517
209.345 209.473 209.514
209.464 209.497 209.522
209.373 209.441 209.522
209.379 209.428 209.520
209.403 209.473 209.525
209.322 209.450 209.506
209.481 209.503 209.533
209.369 209.433 209.469
209.374 209.489 209.551
209.284 209.401 209.498
209.466 209.516 209.575
209.342 209.458 209.529
209.331 209.493 209.586
209.294 209.406 209.568
209.386 209.439 209.530
209.385 209.444 209.487
209.359 209.449 209.537
209.362 209.459 209.542
209.337 209.377 209.397
209.418 209.450 209.491
209.416 209.505 209.563
209.449 209.476 209.506
209.442 209.505 209.579
209.258 209.338 209.464
209.397 209.512 209.583
209.333 209.520 209.803
209.408 209.448 209.524
209.432 209.482 209.520
209.431 209.465 209.513
209.362 209.470 209.532
209.315 209.411 209.500
209.291 209.459 209.550
209.372 209.441 209.506
209.368 209.452 209.513
209.271 209.406 209.466
209.366 209.459 209.501
209.385 209.431 209.461
209.303 209.464 209.570
209.358 210.003 212.310
209.195 209.352 209.446
209.418 209.456 209.513
209.317 209.484 209.780
209.382 209.468 209.507
209.311 209.430 209.559
209.332 209.408 209.502
209.510 209.532 209.559
209.462 209.487 209.512
209.501 209.516 209.546
209.250 209.353 209.413
209.429 209.511 209.554
209.371 209.437 209.517
209.437 209.548 209.649
209.302 209.476 209.603
209.352 209.507 209.787
209.415 209.482 209.516
209.367 209.475 209.553
209.267 209.349 209.395
209.504 209.520 209.539
209.403 209.476 209.535
209.205 209.422 209.538
209.392 209.450 209.515
209.403 209.444 209.469
209.477 209.519 209.553
209.367 209.484 209.543
209.397 209.478 209.518
209.361 209.456 209.534
209.391 209.472 209.516
209.466 209.505 209.538
209.301 209.491 209.748
209.394 209.473 209.526
209.320 209.445 209.566
209.344 209.450 209.555
209.345 209.432 209.501
209.276 209.449 209.531
209.407 209.472 209.543
209.272 209.408 209.553
209.439 209.491 209.524
209.320 209.451 209.495
209.459 209.525 209.600
209.325 209.465 209.552
209.392 209.449 209.486
209.446 209.500 209.559
209.315 209.441 209.522
209.382 209.482 209.535
209.331 209.398 209.475
209.360 209.397 209.442
209.356 209.485 209.587
209.380 209.525 209.738
209.280 209.449 209.537
209.328 209.473 209.620
209.344 209.496 209.620
209.329 209.443 209.533
209.474 209.584 209.840
209.404 209.473 209.586
209.390 209.451 209.555
209.369 209.443 209.498
209.434 209.554 209.772
209.340 209.473 209.536
209.475 209.545 209.668
209.455 209.505 209.584
209.458 209.520 209.579
209.445 209.507 209.584
209.428 209.500 209.543
209.425 209.493 209.571
209.284 209.494 209.598
209.460 209.520 209.553
209.452 209.508 209.609
209.323 209.453 209.547
209.266 209.447 209.529
209.388 209.499 209.591
209.375 209.453 209.572
209.417 209.480 209.541
209.437 209.511 209.570
209.446 209.474 209.516
209.494 209.525 209.552
209.299 209.397 209.471
209.425 209.489 209.536
209.447 209.489 209.579
209.302 209.471 209.573
209.483 209.521 209.549
209.344 209.447 209.600
209.455 209.503 209.564
209.326 209.421 209.628
209.323 209.418 209.503
209.393 209.611 209.857
209.320 209.390 209.547
209.337 209.451 209.542
209.403 209.494 209.592
209.376 209.445 209.506
209.420 209.462 209.498
209.427 209.474 209.523
209.362 209.513 209.775
209.376 209.501 209.607
209.391 209.492 209.544
209.304 209.456 209.560
209.370 209.498 209.574
209.462 209.529 209.669
209.465 209.492 209.543
209.453 209.505 209.535
209.434 209.480 209.529
209.367 209.446 209.537
209.312 209.437 209.507
209.509 209.538 209.623
209.336 209.396 209.435
209.398 209.508 209.553
209.307 209.463 209.526
209.418 209.466 209.513
209.270 209.418 209.533
209.396 209.444 209.550
209.401 209.478 209.543
209.422 209.494 209.527
209.324 209.512 209.613
209.307 209.395 209.497
209.384 209.460 209.517
209.476 209.510 209.547
209.497 209.532 209.585
209.364 209.410 209.433
209.426 209.509 209.570
209.301 209.410 209.541
209.437 209.524 209.624
209.473 209.483 209.495
209.484 209.536 209.588
209.353 209.471 209.525
209.437 209.488 209.583
209.430 209.527 209.610
209.394 209.466 209.530
209.383 209.506 209.607
209.465 209.604 209.822
209.449 209.585 209.885
209.426 209.527 209.605
209.444 209.493 209.573
209.450 209.519 209.581
209.371 209.424 209.488
209.387 209.521 209.661
209.455 209.512 209.551
209.468 209.514 209.571
209.467 209.501 209.536
209.455 209.492 209.535
209.370 209.598 210.005
209.434 209.501 209.601
209.370 209.427 209.537
209.344 209.544 209.621
209.260 209.419 209.579
209.329 209.459 209.520
209.343 209.424 209.492
209.353 209.426 209.526
209.268 209.466 209.599
209.413 209.502 209.539
209.336 209.465 209.665
209.244 209.389 209.536
209.455 209.497 209.579
209.371 209.419 209.514
209.275 209.428 209.528
209.309 209.437 209.541
209.340 209.404 209.462
209.500 209.519 209.547
209.365 209.486 209.605
209.274 209.431 209.517
209.375 209.474 209.555
209.367 209.450 209.532
209.499 209.515 209.537
209.247 209.342 209.403
209.432 209.480 209.542
209.467 209.625 209.866
209.412 209.475 209.538
209.480 209.524 209.577
209.438 209.471 209.515
209.467 209.513 209.561
209.349 209.427 209.525
209.362 209.456 209.524
209.418 209.468 209.524
209.386 209.452 209.586
209.314 209.461 209.523
209.375 209.463 209.572
209.256 209.432 209.498
209.402 209.486 209.578
209.457 209.534 209.581
209.343 209.473 209.602
209.433 209.478 209.538
209.416 209.489 209.572
209.462 209.534 209.577
209.361 209.477 209.561
209.377 209.424 209.494
209.476 209.515 209.569
209.418 209.492 209.592
209.387 209.466 209.531
209.275 209.396 209.631
209.414 209.476 209.568
209.384 209.442 209.535
209.345 209.415 209.540
209.383 209.483 209.551
209.353 209.481 209.546
209.398 209.479 209.550
209.316 209.458 209.575
209.443 209.511 209.587
209.420 209.518 209.589
209.465 209.502 209.536
209.409 209.475 209.548
209.454 209.502 209.524
209.507 209.577 209.746
209.500 209.523 209.591
209.381 209.499 209.564
209.258 209.408 209.476
209.402 209.483 209.544
209.490 209.547 209.723
209.472 209.532 209.598
209.425 209.486 209.556
209.291 209.399 209.515
209.438 209.470 209.499
209.418 209.512 209.580
209.310 209.474 209.693
209.321 209.460 209.526
209.425 209.492 209.571
209.413 209.457 209.485
209.325 209.443 209.549
209.335 209.493 209.562
209.493 209.530 209.585
209.454 209.501 209.573
209.495 209.548 209.611
209.378 209.446 209.520
209.389 209.503 209.574
209.347 209.447 209.544
209.354 209.514 209.748
209.369 209.498 209.555
209.474 209.517 209.549
209.399 209.467 209.557
209.485 209.531 209.589
209.468 209.510 209.546
209.326 209.454 209.560
209.319 209.446 209.518
209.284 209.465 209.581
209.446 209.482 209.512
209.346 209.470 209.760
209.434 209.548 209.699
209.469 209.510 209.541
209.308 209.433 209.635
209.493 209.540 209.642
209.446 209.516 209.556
209.403 209.512 209.612
209.300 209.426 209.534
209.301 209.381 209.450
209.386 209.455 209.540
209.465 209.553 209.603
209.437 209.476 209.516
209.387 209.492 209.558
209.503 209.533 209.586
209.315 209.457 209.609
209.410 209.452 209.506
209.345 209.476 209.574
209.483 209.525 209.556
209.493 209.533 209.590
209.463 209.486 209.505
209.380 209.483 209.580
209.391 209.461 209.553
209.375 209.477 209.548
209.494 209.524 209.576
209.389 209.536 209.620
209.235 209.471 209.579
209.466 209.536 209.606
209.412 209.579 209.758
209.433 209.514 209.645
209.303 209.345 209.401
209.457 209.491 209.570
209.295 209.477 209.552
209.380 209.453 209.588
209.415 209.469 209.553
209.394 209.494 209.596
209.381 209.473 209.556
209.269 209.424 209.517
209.508 209.536 209.591
209.495 209.513 209.541
209.395 209.511 209.586
209.309 209.504 209.628
209.345 209.488 209.590
209.456 209.511 209.547
209.412 209.489 209.565
209.378 209.422 209.478
209.464 209.502 209.544
209.436 209.525 209.594
209.403 209.492 209.555
209.401 209.470 209.559
209.497 209.533 209.562
209.385 209.478 209.570
209.392 209.445 209.527
209.418 209.515 209.595
209.435 209.521 209.568
209.393 209.509 209.653
209.389 209.477 209.541
209.299 209.435 209.567
209.451 209.503 209.548
209.369 209.500 209.556
209.432 209.481 209.526
209.414 209.480 209.593
209.413 209.500 209.541
209.349 209.458 209.490
209.380 209.478 209.565
209.423 209.548 209.665
209.416 209.473 209.544
209.449 209.505 209.551
209.483 209.508 209.547
209.478 209.519 209.545
209.388 209.496 209.601
209.394 209.479 209.543
209.309 209.421 209.517
209.340 209.436 209.500
209.370 209.525 209.611
209.360 209.438 209.583
209.332 209.427 209.505
209.439 209.509 209.568
209.382 209.460 209.500
209.463 209.508 209.548
209.352 209.442 209.526
209.396 209.466 209.548
209.330 209.397 209.490
209.399 209.451 209.496
209.445 209.487 209.617
209.479 209.513 209.538
209.354 209.450 209.542
209.333 209.486 209.708
209.485 209.637 209.887
209.460 209.496 209.578
209.415 209.473 209.549
209.381 209.496 209.591
209.340 209.435 209.525
209.406 209.505 209.569
209.442 209.510 209.601
209.500 209.544 209.593
209.371 209.471 209.559
209.365 209.484 209.539
209.325 209.430 209.586
209.408 209.465 209.517
209.439 209.522 209.641
209.256 209.438 209.525
209.345 209.392 209.423
209.390 209.490 209.558
209.444 209.486 209.523
209.339 209.500 209.554
209.293 209.453 209.611
209.364 209.479 209.559
209.452 209.507 209.557
209.287 209.375 209.459
209.511 209.539 209.588
209.441 209.519 209.567
209.309 209.458 209.595
209.321 209.412 209.478
209.442 209.470 209.519
209.439 209.498 209.530
209.471 209.501 209.531
209.418 209.488 209.534
209.317 209.428 209.524
209.425 209.523 209.687
209.399 209.494 209.557
209.362 209.451 209.509
209.353 209.415 209.486
209.414 209.488 209.538
209.342 209.430 209.523
209.432 209.506 209.610
209.490 209.533 209.647
209.410 209.499 209.591
209.395 209.507 209.668
209.359 209.490 209.589
209.418 209.528 209.605
209.309 209.441 209.547
209.366 209.437 209.491
209.396 209.447 209.472
209.341 209.478 209.705
209.476 209.568 209.695
209.492 209.544 209.681
209.356 209.512 209.658
209.471 209.499 209.530
209.377 209.416 209.467
209.408 209.468 209.565
209.502 209.554 209.675
209.343 209.411 209.515
209.449 209.509 209.552
209.409 209.532 209.608
209.408 209.471 209.569
209.403 209.494 209.565
209.422 209.513 209.568
209.427 209.483 209.564
209.448 209.510 209.571
209.367 209.458 209.570
209.523 209.535 209.557
209.459 209.524 209.576
209.444 209.491 209.551
209.329 209.463 209.567
209.363 209.498 209.672
209.363 209.500 209.553
209.422 209.491 209.583
209.513 209.553 209.614
209.387 209.472 209.535
209.328 209.496 209.649
209.464 209.489 209.537
209.256 209.510 209.667
209.467 209.524 209.579
209.406 209.469 209.532
209.463 209.515 209.581
209.188 209.389 209.557
209.489 209.533 209.585
209.385 209.458 209.577
209.338 209.533 209.734
209.346 209.472 209.593
209.383 209.534 209.707
209.420 209.545 209.621
209.426 209.530 209.664
209.436 209.547 209.684
209.422 209.782 210.734
209.348 209.575 209.684
209.467 209.627 210.131
209.490 209.522 209.555
209.470 209.590 209.883
209.318 209.408 209.457
209.426 209.487 209.578
209.489 209.633 209.831
209.328 209.454 209.556
209.588 209.766 209.956
209.437 209.486 209.558
209.472 209.688 209.935
209.417 209.527 209.667
209.422 209.524 209.600
209.490 209.552 209.720
209.327 209.423 209.487
209.379 209.459 209.588
209.392 209.706 210.123
209.361 209.422 209.492
209.449 209.518 209.614
209.479 209.497 209.517
209.417 209.518 209.631
209.451 209.550 209.665
209.447 209.558 209.630
209.328 209.451 209.557
209.432 209.608 209.753
209.384 209.508 209.699
209.525 209.677 209.901
209.496 209.622 209.805
209.472 209.550 209.629
209.429 209.587 209.745
209.467 209.752 210.225
209.543 209.574 209.611
209.568 209.618 209.655
209.389 209.542 209.649
209.448 209.552 209.720
209.430 209.675 210.015
209.569 209.627 209.759
209.377 209.609 210.103
209.405 209.801 210.133
209.434 209.496 209.575
209.522 209.568 209.597
209.381 209.490 209.717
209.494 209.629 209.972
209.378 209.644 209.918
209.445 209.561 209.779
209.312 209.460 209.527
209.523 209.623 209.722
209.385 209.566 209.898
209.378 209.653 209.875
209.529 209.619 209.735
209.453 209.575 209.677
209.471 209.589 209.779
209.460 209.628 209.845
209.514 209.672 209.988
209.526 209.721 210.414
209.277 209.542 209.663
209.495 209.560 209.751
209.505 209.656 209.959
209.416 209.555 209.829
209.455 209.615 210.134
209.266 209.534 210.141
209.481 209.553 209.733
209.501 209.627 210.054
209.495 209.702 210.309
209.467 209.656 210.297
209.451 209.521 209.606
209.362 209.789 210.535
209.362 209.421 209.467
209.334 209.587 210.157
209.420 209.522 209.645
209.392 209.456 209.516
209.305 209.618 210.519
209.391 209.631 209.910
209.466 209.678 209.995
209.359 209.583 209.810
209.551 209.594 209.666
209.390 209.552 209.976
209.487 209.622 209.846
209.360 209.442 209.532
209.351 209.497 209.586
209.463 209.604 209.744
209.479 209.541 209.619
209.391 209.491 209.605
209.308 209.461 209.714
209.490 209.508 209.526
209.446 209.518 209.553
