293.631 293.690 293.731
293.586 293.676 293.750
293.678 293.831 293.955
293.730 293.810 293.971
293.581 293.643 293.691
293.703 293.750 293.874
293.674 293.735 293.772
293.707 294.251 296.135
293.746 294.035 294.779
293.731 293.763 293.790
293.784 294.014 294.273
293.718 293.971 294.777
293.681 294.019 294.505
293.681 293.768 293.845
293.696 293.750 293.891
293.697 293.774 293.848
293.686 293.782 293.931
293.761 293.825 293.868
293.696 294.014 294.958
293.698 293.773 293.813
293.613 293.730 293.831
293.748 293.774 293.822
293.692 293.736 293.794
293.653 293.747 293.832
293.669 293.713 293.756
293.671 293.732 293.868
293.710 293.748 293.797
293.768 293.830 293.932
293.761 294.595 297.873
293.697 293.784 293.857
293.672 294.636 297.650
293.626 293.710 293.848
293.681 293.759 293.898
293.675 293.744 293.833
293.704 293.785 293.939
293.804 293.826 293.854
293.696 293.764 293.836
293.671 293.756 293.830
293.685 293.814 293.958
293.659 293.765 293.854
293.732 294.135 295.572
293.783 293.827 293.874
293.730 293.780 293.843
293.753 293.816 293.895
293.768 293.849 293.927
293.728 293.811 293.875
293.744 293.895 294.153
293.773 293.809 293.842
293.757 293.811 293.888
293.673 293.987 294.803
293.743 293.772 293.834
293.676 294.067 295.366
293.633 293.773 294.078
293.702 293.736 293.761
293.722 293.790 293.870
293.760 293.794 293.852
293.676 293.752 293.801
293.733 293.936 294.476
293.722 293.913 294.403
293.625 293.699 293.755
293.733 293.777 293.809
293.734 293.817 293.901
293.673 293.803 293.959
293.779 293.930 294.301
293.874 294.978 296.988
293.735 293.790 293.863
293.670 294.128 295.524
293.608 293.682 293.756
293.629 293.883 294.463
293.709 293.767 293.854
293.697 293.822 294.020
293.636 293.723 293.791
293.712 309.028 336.169
293.677 293.724 293.767
293.614 293.815 294.176
293.761 293.818 293.869
293.665 293.729 293.809
293.730 293.815 293.911
293.683 293.788 293.848
293.719 293.796 293.858
293.707 293.869 294.113
293.701 293.762 293.802
293.842 294.126 295.114
293.735 293.807 293.956
293.744 293.827 293.922
293.697 294.162 294.509
293.704 293.751 293.806
293.653 293.794 293.906
293.697 293.995 294.956
293.686 293.813 293.984
293.743 293.799 293.863
293.750 293.909 294.333
293.749 293.782 293.815
293.712 294.038 294.779
293.702 293.757 293.885
293.726 294.130 295.147
293.684 293.743 293.818
293.667 294.003 295.100
293.667 293.725 293.798
293.651 293.738 293.816
293.769 293.832 293.970
293.719 293.812 293.947
293.767 294.064 294.489
293.671 293.781 293.887
293.671 293.923 294.546
293.775 293.803 293.839
293.753 293.811 293.876
293.747 293.796 293.846
293.749 293.802 293.838
293.714 293.780 293.861
293.731 293.910 294.501
293.701 294.213 294.616
293.723 293.808 293.934
293.747 293.835 293.939
293.760 293.897 294.349
293.719 293.797 293.836
293.697 293.809 293.884
293.707 293.771 293.873
293.669 293.722 293.806
293.735 293.848 293.939
293.774 294.184 295.524
293.734 295.691 296.541
293.694 293.736 293.787
293.634 293.790 293.906
293.844 293.874 293.910
293.703 293.780 293.853
293.683 294.458 297.191
293.761 294.452 296.562
293.712 293.805 293.940
293.728 293.797 293.849
293.748 293.804 293.892
293.780 293.825 293.882
293.681 293.739 293.768
293.679 293.772 293.856
293.774 294.223 295.838
293.788 293.869 293.967
293.701 293.800 293.949
293.724 294.563 296.334
293.706 293.800 293.901
293.684 293.821 293.932
293.813 293.852 293.915
293.767 293.826 293.892
293.835 294.378 296.378
293.677 293.720 293.784
293.724 293.760 293.800
293.767 293.831 293.915
293.718 293.855 294.269
293.716 293.774 293.871
293.691 293.812 293.869
293.773 293.954 294.498
293.644 293.710 293.797
293.822 294.297 295.994
293.879 294.562 295.995
293.649 293.748 293.902
293.737 294.292 294.620
293.682 293.808 294.007
293.750 293.861 294.007
293.688 293.824 293.930
293.756 293.822 293.949
293.736 294.549 296.998
293.733 293.881 294.036
293.712 293.763 293.813
293.684 293.900 294.679
293.770 293.814 293.901
293.749 293.804 293.860
293.670 293.761 293.827
293.750 293.851 294.021
293.700 293.831 293.943
293.642 293.782 293.853
293.757 293.814 293.858
293.660 293.773 293.898
293.625 293.694 293.758
293.693 293.782 293.835
293.701 293.803 293.932
293.788 293.898 294.017
293.748 294.707 296.623
293.715 293.830 293.945
293.697 293.757 293.877
293.741 294.166 295.787
293.720 293.818 294.054
293.768 293.794 293.822
293.729 293.798 293.842
293.711 293.784 293.869
293.651 293.698 293.766
293.755 293.786 293.843
293.785 293.835 293.941
293.749 293.786 293.853
293.678 294.129 295.516
293.703 293.801 293.915
293.703 294.005 294.868
293.716 293.761 293.816
293.696 293.776 293.845
293.673 293.983 294.933
293.777 293.807 293.849
293.686 293.930 294.629
293.770 293.829 293.870
293.767 293.805 293.887
293.744 293.796 293.850
293.697 293.893 294.410
293.657 293.797 293.868
293.701 293.749 293.818
293.798 293.863 293.946
293.664 293.752 293.868
293.734 293.772 293.844
293.755 293.782 293.819
293.630 293.751 293.810
293.688 295.095 300.140
293.792 294.519 297.291
293.684 293.779 293.859
293.739 293.798 293.879
293.717 293.789 293.834
293.713 293.832 293.977
293.682 294.291 296.521
293.674 293.775 293.846
293.706 293.757 293.812
293.729 293.774 293.829
293.728 293.872 294.121
293.639 293.730 293.801
293.778 293.809 293.841
293.745 293.931 294.484
293.643 293.739 293.829
293.665 293.745 293.851
293.736 293.839 293.908
293.637 293.707 293.769
293.762 293.951 294.487
293.753 293.775 293.821
293.708 293.798 293.990
293.674 293.797 293.919
293.672 293.746 293.791
293.699 293.751 293.806
293.679 293.729 293.810
293.674 293.787 293.851
293.744 294.192 295.214
293.744 293.779 293.828
293.715 293.752 293.804
293.678 293.749 293.842
293.767 293.844 293.931
293.749 293.780 293.821
293.730 293.780 293.833
293.741 293.806 293.901
293.731 293.809 293.861
293.735 293.815 293.883
293.742 293.825 293.875
293.732 293.776 293.889
293.689 293.742 293.813
293.738 293.797 293.821
293.689 293.804 293.867
293.749 293.805 293.839
293.752 293.810 293.883
293.774 294.592 296.390
293.726 293.798 293.864
293.756 293.815 293.908
293.785 293.830 293.865
293.852 293.882 293.922
293.721 293.777 293.813
293.732 293.809 293.910
293.857 293.955 294.166
293.754 293.836 294.035
293.731 293.865 294.042
293.758 293.882 294.008
293.695 293.777 293.858
293.695 293.735 293.801
293.744 293.822 293.902
293.690 293.793 293.877
293.660 293.797 293.930
293.718 293.788 293.842
293.693 293.717 293.739
293.735 294.243 295.940
293.754 293.807 293.838
293.686 293.784 293.863
293.747 293.790 293.808
293.733 293.794 293.830
293.708 293.804 293.983
293.758 293.782 293.799
293.697 293.793 293.879
293.749 293.872 294.032
293.622 293.730 293.824
293.772 293.798 293.830
293.752 293.820 293.868
293.674 293.770 293.914
293.703 293.805 293.965
293.679 293.768 293.878
293.754 293.789 293.852
293.784 294.914 297.911
293.840 293.859 293.883
293.810 293.898 294.093
293.694 293.801 293.906
293.704 293.808 294.050
293.799 293.855 293.921
293.712 293.758 293.824
293.796 293.879 293.953
293.817 293.869 293.990
293.751 293.852 293.904
293.719 293.807 293.878
293.654 293.753 293.833
293.750 293.847 293.923
293.737 293.791 293.838
293.749 293.807 293.890
293.789 293.915 294.243
293.748 293.826 293.939
293.760 293.792 293.851
293.707 293.803 293.981
293.667 293.828 294.011
293.736 293.997 294.787
293.794 294.047 294.856
293.685 293.803 293.958
293.724 293.796 293.871
293.741 293.781 293.852
293.702 293.776 293.879
293.685 293.772 293.857
293.647 293.698 293.745
293.722 293.740 293.767
293.698 293.783 293.868
293.674 293.763 293.822
293.692 293.782 293.861
293.669 293.875 294.119
293.830 294.912 296.787
293.610 293.742 293.834
293.777 293.838 293.903
293.759 293.797 293.866
293.691 293.726 293.773
293.741 293.822 293.939
293.687 293.790 294.014
293.684 293.790 293.858
293.753 293.808 293.864
293.693 293.785 293.946
293.745 294.134 295.593
293.733 293.805 293.890
293.688 293.786 293.880
293.709 293.743 293.833
293.712 293.817 293.974
293.698 293.765 293.805
293.762 293.962 294.506
293.750 293.816 293.902
293.778 293.839 293.921
293.749 293.809 293.879
293.728 293.782 293.833
293.795 293.856 293.926
293.807 293.856 293.920
293.784 293.822 293.872
293.718 293.782 293.825
293.751 293.814 293.967
293.788 293.825 293.877
293.777 293.816 293.880
293.763 293.828 293.958
293.695 293.729 293.782
293.744 293.779 293.799
293.734 293.790 293.868
293.729 293.827 294.111
293.795 293.873 294.146
293.678 293.810 293.929
293.735 294.278 296.324
293.832 293.875 293.923
293.708 293.808 293.868
293.779 293.813 293.869
293.762 293.887 294.114
293.766 295.253 297.694
293.848 293.901 293.997
293.794 293.852 293.902
293.728 293.805 293.893
293.693 293.758 293.950
293.769 293.812 293.867
293.806 293.842 293.906
293.663 293.711 293.765
293.806 293.841 293.876
293.751 293.860 293.932
293.822 293.852 293.872
293.759 293.822 293.921
293.808 293.891 294.070
293.674 293.758 293.815
293.696 293.787 293.833
293.703 293.768 293.850
293.788 293.871 293.910
293.697 293.786 293.844
293.698 293.848 294.171
293.745 293.839 293.949
293.687 293.769 293.917
293.728 293.930 294.577
293.806 293.914 294.190
293.731 293.753 293.780
293.686 293.940 294.482
293.778 293.899 294.185
293.717 294.311 296.445
293.734 293.775 293.902
293.634 293.779 293.909
293.716 293.763 293.842
293.760 293.837 293.886
293.719 294.045 295.211
293.785 293.846 293.970
293.791 295.313 297.194
293.702 293.739 293.803
293.698 293.806 294.094
293.671 293.773 293.834
293.689 293.767 293.849
293.676 293.954 294.698
293.680 293.786 293.864
293.718 293.877 294.182
293.743 293.826 293.940
293.681 293.726 293.791
293.695 294.048 295.300
294.193 296.293 299.617
293.879 294.875 297.201
293.690 295.189 296.826
293.775 295.666 298.170
293.882 295.886 300.140
293.887 299.340 302.516
293.704 293.809 293.905
293.679 294.246 295.964
293.684 293.753 293.817
293.669 293.768 293.930
293.769 293.833 293.915
293.673 293.895 294.232
293.731 293.793 293.897
293.757 293.798 293.851
293.717 293.763 293.806
293.626 293.754 293.849
293.681 293.734 293.819
293.726 293.807 293.879
293.782 293.836 293.894
293.664 293.745 293.797
293.809 293.833 293.851
293.744 293.786 293.827
293.710 293.767 293.799
293.724 293.779 293.870
293.776 293.817 293.855
293.726 293.777 293.836
293.774 293.817 293.881
293.721 293.772 293.850
293.744 293.941 294.359
293.626 293.933 294.830
293.806 293.834 293.887
293.656 293.723 293.793
293.657 293.775 293.873
293.704 293.771 293.842
293.759 293.801 293.854
293.664 293.754 293.808
293.663 293.728 293.761
293.739 293.794 293.834
293.783 293.863 293.993
293.796 293.885 293.941
293.764 293.839 293.882
293.741 293.827 293.905
293.738 293.803 293.848
293.702 293.776 293.862
293.772 293.829 293.914
293.793 293.825 293.911
293.692 293.780 293.907
293.683 293.766 293.841
293.729 294.684 298.269
293.678 293.789 293.870
293.797 293.838 293.876
293.779 293.802 293.861
293.700 293.794 293.873
293.741 293.791 293.874
293.727 293.789 293.864
293.735 293.959 294.751
293.682 293.761 293.872
293.692 293.987 294.959
293.719 293.792 293.877
293.694 293.776 293.866
293.652 293.725 293.830
293.745 294.111 295.345
293.979 295.337 297.422
293.685 293.736 293.786
293.745 293.800 293.861
293.691 293.777 293.881
293.634 293.711 293.875
293.639 293.732 293.824
293.754 293.848 293.959
293.709 293.779 293.864
293.647 293.754 293.936
293.596 294.107 295.179
293.633 293.742 293.886
293.646 293.798 293.977
293.694 293.734 293.787
293.625 293.808 294.328
293.647 293.678 293.724
293.693 294.078 295.309
293.682 293.775 293.840
293.695 294.072 295.227
294.249 295.546 296.975
293.706 294.677 297.645
293.761 294.013 294.769
293.747 293.789 293.816
293.697 293.762 293.884
293.671 293.791 293.846
293.715 293.829 293.977
293.681 293.751 293.788
293.712 293.787 293.888
293.729 293.786 293.852
293.772 293.822 293.899
293.759 293.800 293.858
293.763 293.822 293.881
293.721 293.789 293.869
293.620 293.743 293.842
293.716 293.776 293.858
293.723 293.776 293.849
293.672 293.774 293.832
293.696 293.791 293.931
293.802 293.831 293.872
293.795 294.096 294.459
293.756 294.191 295.707
293.850 294.343 295.366
293.717 293.968 294.606
293.661 293.770 293.866
293.711 293.765 293.834
293.757 293.812 293.859
293.713 293.789 293.853
293.692 293.775 293.855
293.963 294.346 295.037
301.882 311.306 320.164
293.719 293.835 293.979
293.648 293.848 294.429
293.741 293.816 293.981
293.669 293.834 294.158
293.649 293.776 293.893
293.711 293.768 293.841
293.751 293.858 294.211
293.680 293.846 294.079
293.700 293.794 294.072
293.684 293.793 294.097
293.742 293.910 294.415
293.679 293.839 294.177
293.760 293.824 293.882
293.714 293.850 294.201
293.685 293.905 294.511
293.738 293.779 293.819
293.738 293.795 293.913
293.717 294.036 294.462
293.732 294.131 295.400
293.752 293.851 294.015
293.705 293.810 293.950
293.724 293.862 294.059
293.676 293.750 293.826
293.678 294.007 294.811
293.647 293.772 293.860
293.578 293.654 293.713
293.674 293.996 294.999
293.759 293.811 293.845
293.653 293.727 293.854
293.655 293.723 293.769
293.626 293.708 293.781
293.594 293.650 293.697
293.701 293.768 293.842
293.667 293.711 293.789
293.677 293.784 293.995
293.674 293.789 293.897
293.691 293.796 293.883
293.710 293.723 293.745
293.748 293.798 293.817
293.696 293.779 293.935
293.708 293.869 294.074
293.658 294.458 297.262
293.667 293.730 293.775
293.641 293.765 293.815
293.775 293.810 293.835
293.661 293.740 293.791
293.722 293.790 293.865
293.723 293.742 293.777
293.714 293.761 293.799
293.754 293.788 293.829
293.702 293.761 293.867
293.745 293.768 293.803
293.718 293.785 293.832
293.649 293.747 293.836
293.647 293.722 293.768
293.699 293.770 293.854
293.682 293.769 293.837
293.623 293.730 293.828
293.740 293.843 294.094
293.709 293.828 293.909
293.674 293.738 293.811
293.688 293.772 293.960
293.705 293.794 293.840
293.686 293.742 293.819
293.699 294.001 295.055
293.634 293.720 293.816
293.721 293.756 293.795
293.684 293.706 293.725
293.731 293.750 293.769
293.672 293.727 293.768
293.666 293.754 293.824
293.700 293.771 293.839
293.727 293.784 293.823
293.694 293.741 293.789
293.673 293.716 293.774
293.611 293.709 293.777
293.753 293.873 294.023
293.749 293.802 293.910
293.688 293.787 293.906
293.701 293.772 293.807
293.693 293.767 293.806
293.769 293.832 293.900
293.715 294.281 296.352
293.655 293.764 293.840
293.638 293.737 293.833
293.742 293.807 293.927
293.749 293.793 293.853
293.746 293.797 293.859
293.650 293.709 293.755
293.728 293.774 293.850
293.712 293.765 293.862
293.645 293.740 293.847
293.696 293.793 293.876
293.854 293.896 293.998
293.654 293.705 293.834
293.709 293.774 293.843
293.701 293.783 293.920
293.710 293.805 293.939
293.746 294.016 294.805
293.692 293.748 293.806
293.750 295.249 297.012
293.759 293.826 293.982
293.692 293.762 293.818
293.691 293.713 293.739
293.757 293.801 293.875
293.611 293.729 293.818
293.732 293.784 293.825
293.705 293.886 294.359
293.750 293.846 294.071
293.698 293.788 293.855
293.662 293.751 293.861
293.738 293.831 294.122
293.693 293.735 293.789
293.691 293.737 293.797
293.627 293.804 294.164
293.706 293.752 293.800
293.686 293.778 293.936
293.652 293.747 293.849
293.683 294.184 295.943
293.735 293.793 293.879
293.646 293.751 293.911
293.665 293.706 293.728
293.728 293.776 293.849
293.751 293.857 294.059
293.770 301.559 319.993
293.765 295.478 300.884
293.640 293.747 293.849
293.658 293.770 293.841
293.915 295.285 297.559
293.717 293.810 293.915
293.680 293.718 293.779
293.615 294.282 296.563
293.696 294.047 295.103
293.719 293.997 294.415
293.657 293.749 293.853
293.741 293.900 294.420
293.718 293.812 293.989
293.660 293.715 293.779
293.671 293.768 293.893
293.724 293.779 293.837
293.626 293.760 293.859
293.672 293.744 293.817
293.666 293.744 293.808
293.569 293.640 293.780
293.649 293.729 293.832
293.688 293.743 293.779
293.651 293.730 293.840
293.663 293.734 293.851
293.659 293.718 293.773
293.608 293.672 293.827
293.633 293.694 293.753
293.734 293.868 294.237
293.713 293.752 293.797
293.636 293.777 293.851
293.602 293.684 293.768
293.737 294.702 297.765
293.700 293.748 293.794
293.662 293.886 294.595
293.645 293.680 293.785
293.648 293.786 293.877
293.713 293.811 293.908
293.699 293.808 294.083
293.698 293.715 293.756
293.752 293.802 293.847
293.646 293.693 293.734
293.644 293.754 293.870
293.708 293.760 293.819
293.591 293.702 293.770
293.697 293.740 293.800
293.600 293.735 293.798
293.739 293.796 293.869
293.700 294.230 294.912
293.644 293.940 294.658
293.789 294.705 296.288
293.757 293.915 294.302
293.712 293.762 293.812
293.706 293.787 293.845
293.727 293.788 293.861
293.746 293.799 293.846
293.790 293.813 293.842
293.677 293.834 294.034
293.669 293.728 293.835
293.620 293.679 293.764
293.670 293.727 293.848
293.757 293.813 293.891
293.623 293.722 293.923
293.655 293.732 293.797
293.781 293.815 293.873
293.639 293.741 293.850
293.744 293.774 293.823
293.718 293.778 293.805
293.696 293.943 294.275
293.719 293.737 293.773
293.688 293.753 293.785
293.699 293.805 293.910
293.701 293.768 293.834
293.658 293.744 293.789
293.708 293.770 293.835
293.754 294.029 294.932
293.708 293.758 293.799
293.615 293.662 293.716
293.609 293.701 293.762
293.677 293.741 293.788
293.662 293.777 293.855
293.670 293.745 293.902
293.755 293.774 293.794
293.706 293.755 293.852
293.660 293.749 293.825
293.640 293.720 293.838
293.713 294.477 297.192
293.634 293.731 293.849
293.663 293.768 293.914
293.830 293.845 293.898
293.678 293.788 293.943
293.669 293.736 293.859
293.696 293.744 293.833
293.646 293.722 293.818
293.706 293.752 293.849
293.676 293.723 293.789
293.662 293.715 293.824
293.710 293.735 293.758
293.651 293.722 293.827
293.675 293.722 293.770
293.670 294.202 295.955
293.660 293.737 293.888
293.738 293.765 293.804
293.716 293.789 293.906
293.669 293.756 293.908
293.630 294.164 295.993
293.645 293.733 293.806
293.690 293.741 293.794
293.681 293.773 293.845
293.728 293.871 294.187
293.693 293.768 293.826
293.605 293.751 293.832
293.635 293.717 293.795
293.676 293.775 293.834
293.724 293.866 294.280
293.710 293.811 293.919
293.674 293.734 293.782
293.617 293.773 293.905
293.664 293.786 293.931
293.648 293.739 293.834
293.669 293.725 293.767
293.726 293.808 293.858
293.687 293.767 293.825
293.696 293.766 293.837
293.765 293.794 293.838
298.779 298.957 299.266
293.655 293.722 293.784
293.661 293.732 293.794
293.674 293.786 293.872
293.677 293.747 293.810
293.683 293.724 293.771
293.637 293.763 293.853
293.642 293.730 293.776
293.682 293.732 293.807
293.663 293.776 293.859
293.696 293.790 293.887
293.689 293.943 294.916
293.686 293.808 293.846
293.793 293.914 294.143
293.691 294.116 295.560
293.696 293.794 293.850
293.739 294.028 294.725
293.668 293.757 293.836
293.659 293.946 294.466
293.664 293.758 293.808
293.704 293.789 293.887
293.760 293.850 294.046
293.752 294.112 295.052
293.652 293.738 293.783
293.725 293.786 293.862
293.638 293.767 293.851
293.691 293.753 293.830
293.721 293.777 293.890
293.582 293.729 293.842
293.823 293.864 293.969
293.762 294.668 295.689
293.615 293.712 293.785
293.707 293.751 293.785
293.629 293.759 293.899
293.642 293.728 293.815
293.693 293.737 293.790
293.631 293.751 293.812
293.707 293.731 293.764
293.744 293.823 293.937
293.671 293.753 293.808
293.651 293.761 293.847
293.727 293.769 293.873
293.596 293.683 293.739
293.769 293.828 293.931
293.725 294.113 295.441
293.702 293.918 294.320
293.720 293.780 293.870
293.705 293.754 293.801
293.699 293.754 293.798
293.660 293.730 293.856
293.827 294.766 297.079
293.650 293.723 293.771
293.719 293.852 293.970
293.623 293.718 293.854
293.592 293.731 293.923
293.763 293.796 293.855
293.684 293.825 294.034
293.746 293.825 293.883
293.677 293.761 293.849
293.736 293.796 293.866
293.709 293.762 293.828
293.720 293.817 294.007
293.645 293.815 294.138
293.617 293.713 293.801
293.723 293.975 294.756
293.769 294.349 296.185
293.729 293.783 293.825
293.748 293.773 293.811
293.718 293.870 294.065
293.714 293.824 293.936
293.711 293.775 293.832
293.742 293.832 294.021
293.808 294.736 296.210
293.661 293.790 293.901
293.746 293.782 293.867
293.599 293.665 293.709
293.707 293.751 293.793
293.728 293.814 293.975
293.654 293.680 293.721
293.694 293.765 293.924
293.666 293.738 293.805
293.774 293.820 293.898
293.750 293.792 293.873
293.697 293.823 293.903
293.702 293.842 294.190
293.692 293.736 293.769
293.618 293.757 293.871
293.729 293.764 293.794
293.635 293.731 293.951
293.698 293.741 293.771
293.688 293.746 293.854
293.666 293.703 293.798
293.759 293.802 293.839
293.693 293.737 293.850
293.664 293.742 293.780
293.690 293.777 293.826
293.618 293.729 293.835
293.727 293.801 293.895
293.720 294.375 296.806
293.722 293.783 293.865
293.614 293.713 293.776
293.663 293.746 293.844
293.696 294.459 297.378
293.755 293.812 293.844
293.705 293.750 293.795
293.667 293.754 293.810
293.714 293.745 293.767
293.700 293.855 294.386
293.673 293.738 293.796
293.718 293.783 293.856
293.740 293.809 293.851
293.701 293.825 293.883
293.695 293.751 293.811
293.755 294.036 294.792
293.685 294.245 296.180
293.768 293.817 293.913
293.792 293.823 293.871
293.675 293.745 293.846
293.730 293.803 293.882
293.724 293.781 293.835
293.655 293.776 293.817
293.758 293.799 293.877
293.687 294.041 294.976
293.728 293.924 294.222
293.739 293.768 293.786
293.711 293.765 293.820
293.632 293.794 293.901
293.728 293.820 293.883
293.731 293.902 294.134
293.603 293.743 293.814
293.696 293.908 294.534
293.713 293.797 293.949
293.643 293.747 293.793
293.687 294.774 295.872
293.712 294.321 296.511
293.669 293.792 293.901
293.647 293.770 293.862
293.670 293.814 293.885
293.653 293.742 293.814
293.679 293.766 293.838
293.715 293.800 293.865
293.770 293.913 294.471
293.731 293.803 293.869
293.693 293.722 293.747
293.663 293.720 293.761
293.762 293.803 293.867
293.743 295.559 297.171
293.608 293.745 293.837
293.695 293.791 293.869
293.665 293.786 293.879
293.694 293.756 293.831
293.706 294.086 295.183
293.784 293.817 293.891
293.740 293.775 293.838
293.781 293.833 293.872
293.751 293.886 294.132
293.643 293.724 293.823
293.749 293.772 293.795
293.641 293.781 293.929
293.682 293.747 293.857
293.699 293.799 293.901
293.659 293.792 293.913
293.694 293.929 294.572
293.729 293.810 293.894
293.583 293.769 293.909
293.719 293.962 294.591
293.760 293.787 293.821
293.850 295.149 296.943
293.676 293.761 293.846
293.612 293.756 293.813
293.728 293.790 293.871
293.691 293.720 293.747
293.604 293.681 293.724
293.657 293.775 293.841
293.647 293.771 293.839
293.751 293.818 293.897
293.710 293.758 293.840
293.652 293.731 293.820
293.783 293.837 293.878
293.761 293.820 293.856
293.699 293.744 293.790
293.780 294.380 296.665
293.673 293.716 293.748
293.626 293.726 293.872
293.812 293.835 293.875
293.619 294.056 295.441
293.712 293.783 293.824
293.742 293.901 294.413
293.750 293.803 293.971
293.752 293.811 293.882
293.637 293.759 293.818
293.660 293.749 293.818
293.614 293.791 293.887
293.775 293.918 294.310
293.731 293.924 294.184
293.753 294.911 297.836
295.276 295.349 295.434
295.279 295.335 295.474
293.731 293.846 293.934
293.747 293.909 294.390
293.748 293.867 294.013
293.872 293.932 294.029
293.760 293.880 293.957
293.886 293.918 293.965
293.693 293.745 293.803
293.679 293.772 293.820
293.798 293.869 293.927
293.804 293.979 294.562
293.841 293.896 293.944
293.814 293.854 293.917
293.804 293.872 293.913
293.799 293.825 293.856
293.756 293.812 293.861
293.761 293.850 293.942
293.761 294.491 296.945
293.756 293.824 293.918
293.699 294.330 296.493
293.766 293.854 293.940
293.803 293.855 293.960
293.868 293.914 293.950
293.834 293.931 294.140
293.783 294.006 294.244
293.844 294.033 294.565
293.759 294.208 295.405
293.826 293.882 293.936
293.824 293.906 293.975
293.787 293.833 293.873
293.737 293.815 293.907
293.803 293.860 293.914
293.786 293.973 294.435
293.825 293.862 293.881
293.757 293.911 294.132
293.794 293.900 293.960
293.836 293.886 293.943
293.714 293.823 293.901
293.791 293.872 293.955
293.844 293.895 293.942
293.805 293.899 293.959
293.761 294.383 296.578
293.831 293.967 294.289
293.836 294.034 294.747
293.765 293.854 294.014
293.726 293.841 293.907
293.777 293.841 293.902
293.833 293.871 293.934
293.834 293.947 294.239
293.829 293.896 293.933
293.862 293.937 293.997
293.872 293.947 294.093
293.774 293.869 293.995
293.764 294.095 295.083
293.808 293.919 294.092
293.765 293.855 294.088
293.775 293.807 293.847
293.744 293.828 293.949
293.786 293.865 293.904
293.779 293.870 293.926
293.790 293.826 293.842
293.761 293.891 293.980
293.761 293.847 293.940
293.768 294.438 295.904
293.785 293.859 293.914
293.735 293.833 293.919
293.760 293.830 293.929
293.780 294.307 295.945
293.837 293.904 293.951
293.778 293.951 294.036
293.783 293.958 294.145
293.822 293.871 293.958
293.809 293.950 294.168
293.752 293.893 294.195
293.771 293.917 294.197
293.778 293.940 294.088
293.727 294.142 295.289
293.797 293.843 293.908
293.704 293.846 293.916
293.851 293.889 293.938
293.832 293.876 293.923
293.852 293.892 293.919
293.883 293.924 294.023
293.703 293.794 293.855
293.902 293.941 294.019
293.863 294.144 295.100
293.783 294.115 294.985
293.875 293.908 294.001
293.846 293.954 294.242
293.757 293.824 293.877
293.795 294.085 295.058
293.713 293.770 293.819
293.771 294.263 295.800
293.825 293.868 293.910
293.830 293.975 294.373
293.834 293.866 293.905
293.857 293.910 293.946
293.835 293.885 293.938
293.872 293.967 294.194
293.777 293.895 293.999
293.831 294.268 295.450
293.754 293.825 293.916
293.767 293.853 293.974
293.833 293.878 293.910
293.738 293.811 293.943
293.749 293.876 293.980
293.825 293.858 293.909
293.849 293.872 293.914
293.802 294.261 295.899
293.797 293.848 293.905
293.794 293.852 293.900
293.786 293.891 293.940
293.720 293.907 294.298
293.747 293.817 293.902
293.725 294.094 294.723
293.839 293.909 294.008
293.802 293.850 293.924
293.801 293.842 293.912
293.856 294.497 295.791
293.810 293.891 293.955
293.819 294.095 294.708
293.772 293.829 293.888
293.843 293.909 293.954
293.821 294.099 295.015
293.773 294.559 297.463
293.737 293.799 293.921
293.812 293.860 293.942
293.858 293.876 293.905
293.740 293.808 293.885
293.780 293.828 293.863
293.866 293.904 293.985
293.829 293.983 294.472
293.865 293.930 294.030
293.807 293.878 293.926
293.910 294.305 295.748
293.828 294.190 295.606
293.810 293.864 293.926
293.851 293.936 294.106
293.742 293.853 293.931
293.855 293.899 293.945
293.850 293.908 294.028
293.827 293.877 294.000
293.792 293.859 293.903
293.790 293.895 293.930
293.755 293.829 293.893
293.846 294.326 295.919
293.727 293.849 293.932
293.782 294.037 294.542
293.982 295.116 295.974
293.722 293.749 293.775
293.794 293.866 293.939
321.673 321.941 322.531
321.499 322.086 322.783
321.676 321.781 321.975
321.730 321.800 321.904
321.663 321.886 322.095
321.600 321.747 321.967
321.619 321.669 321.721
321.684 321.922 322.393
321.610 322.140 323.927
321.570 321.677 321.839
321.645 321.719 321.893
321.659 321.694 321.765
321.695 321.964 322.625
321.657 321.869 322.228
321.618 321.780 322.188
321.790 322.405 323.416
321.524 321.682 321.858
321.595 321.791 322.062
321.716 326.408 338.058
321.546 321.746 321.858
321.608 321.955 323.091
321.679 321.714 321.752
321.630 321.838 322.422
321.663 321.732 321.882
321.609 321.878 322.195
321.664 321.768 321.892
321.672 321.779 321.933
321.692 321.768 321.865
321.662 321.848 322.297
321.746 321.772 321.803
321.588 322.538 323.989
321.608 321.660 321.707
321.612 321.776 322.086
321.700 322.715 325.864
321.637 321.723 321.839
321.654 321.699 321.777
321.609 321.725 321.877
321.612 321.777 321.961
321.631 321.776 321.932
321.537 321.718 321.846
321.708 321.822 322.108
321.593 321.676 321.803
321.567 321.641 321.692
321.568 321.645 321.762
321.612 321.711 321.890
321.602 321.747 322.097
321.680 321.848 322.246
321.725 322.866 323.318
321.672 321.816 322.026
321.749 321.848 321.939
321.738 321.799 321.833
321.580 321.681 321.777
321.597 321.685 321.757
321.649 321.768 322.081
321.648 322.017 323.182
321.596 321.659 321.715
321.582 321.792 321.949
321.622 321.687 321.765
321.661 322.116 323.650
321.714 321.781 321.881
321.655 321.723 321.817
321.638 321.744 321.892
321.740 322.569 324.807
321.645 321.675 321.725
321.638 321.812 322.166
321.757 322.665 324.672
321.583 321.699 321.818
321.567 321.748 322.012
321.593 321.882 322.481
321.613 322.096 323.673
321.572 321.677 321.813
321.681 321.775 321.848
321.722 322.061 323.167
321.617 321.678 321.751
321.566 321.681 321.862
321.520 321.598 321.631
321.686 321.760 321.857
321.635 321.710 321.822
321.709 321.774 321.926
321.625 321.842 322.542
321.616 322.033 323.267
321.618 321.737 321.941
321.698 321.776 321.897
321.640 321.727 321.983
321.557 321.666 321.749
321.712 322.445 323.773
321.648 321.790 321.998
321.589 321.669 321.739
321.584 321.681 321.745
321.610 321.694 321.786
321.556 321.776 322.147
321.646 321.694 321.760
321.590 321.682 321.869
321.580 321.649 321.781
321.649 321.721 321.770
321.615 321.675 321.754
321.625 321.699 321.782
321.600 321.680 321.836
321.635 322.471 324.871
321.585 321.810 322.326
321.579 321.641 321.735
321.590 321.684 321.733
321.585 321.607 321.642
321.498 321.684 321.972
321.612 321.670 321.752
321.541 321.628 321.757
321.621 321.681 321.769
321.643 321.765 321.945
321.601 321.691 321.753
321.579 321.650 321.770
321.638 321.710 321.831
321.610 321.706 321.770
321.534 321.653 321.757
321.776 322.586 323.104
321.625 321.640 321.663
321.610 321.659 321.705
321.550 321.631 321.744
321.616 322.355 325.124
321.623 321.686 321.745
321.631 321.655 321.687
321.636 321.685 321.735
321.504 321.643 321.756
321.573 321.659 321.719
321.656 322.557 324.484
321.820 323.368 326.148
321.585 324.398 328.616
321.671 325.343 330.638
321.608 322.183 323.797
321.617 323.742 325.939
321.655 321.724 321.783
321.524 321.636 321.751
321.575 321.645 321.730
321.617 321.669 321.721
321.606 322.220 324.002
321.522 321.678 321.887
321.579 321.671 321.714
321.584 321.621 321.687
321.644 321.682 321.731
321.490 321.614 321.738
321.511 321.701 321.995
321.625 321.688 321.745
321.591 321.679 321.762
321.548 321.625 321.724
321.504 321.633 321.728
321.587 321.732 321.930
321.639 321.683 321.700
321.545 321.631 321.729
321.502 321.573 321.644
321.655 322.734 324.996
321.631 321.669 321.721
321.549 321.641 321.765
321.543 321.691 321.767
321.701 322.131 323.693
321.605 321.642 321.695
293.773 293.931 294.257
293.783 294.040 294.872
293.816 293.850 293.898
293.744 293.811 293.893
293.793 293.880 293.959
293.765 293.842 293.925
293.685 293.807 293.844
293.838 293.896 294.050
293.754 293.812 293.895
293.799 293.834 293.908
293.792 293.858 293.949
293.781 293.860 293.927
293.857 293.908 293.987
293.783 293.853 293.949
293.821 293.872 293.920
293.853 294.041 294.571
293.788 293.841 293.875
293.745 293.768 293.795
293.770 293.926 294.397
293.836 293.888 293.953
293.777 293.934 294.401
293.725 293.875 294.048
293.800 293.872 293.916
293.798 293.862 293.946
293.737 293.927 294.194
293.832 293.884 293.999
293.811 293.874 293.949
293.790 293.841 293.913
293.790 293.857 293.925
293.678 293.776 293.892
298.925 299.067 299.322
293.764 293.806 293.856
293.793 293.877 293.965
293.836 293.939 294.222
293.823 294.248 295.867
293.764 293.893 294.081
293.756 293.889 293.982
293.766 293.822 293.922
293.828 293.860 293.913
293.729 293.791 293.848
293.693 293.750 293.822
293.766 293.851 293.936
293.781 293.947 294.222
293.808 293.989 294.468
293.722 293.803 293.847
293.773 293.849 293.898
293.764 293.879 293.992
293.825 293.904 294.152
293.801 293.870 293.933
293.803 293.858 293.907
293.832 293.857 293.878
293.766 293.948 294.521
293.697 293.813 293.933
293.757 293.848 293.912
293.833 293.905 293.964
293.788 293.823 293.875
293.805 293.859 293.947
293.808 293.851 293.930
293.759 293.951 294.370
293.744 293.991 294.521
293.703 293.810 293.878
293.778 293.946 294.219
293.742 293.884 293.997
293.766 293.870 293.933
293.817 293.852 293.907
293.680 293.767 293.793
293.750 293.830 293.944
293.805 293.866 293.938
293.755 293.923 294.186
293.747 293.873 294.107
293.811 293.913 294.203
293.740 293.790 293.831
293.799 293.864 293.937
293.769 294.035 294.956
293.836 294.162 295.169
293.796 293.853 293.872
293.764 293.819 293.865
293.771 293.827 293.864
293.779 294.238 295.225
293.687 293.843 294.002
293.863 294.034 294.285
293.768 294.235 294.731
293.832 294.043 294.687
293.756 293.845 293.945
293.732 293.967 294.527
293.774 293.857 293.909
293.806 294.012 294.689
293.748 293.805 293.884
293.795 293.838 293.895
293.827 294.464 296.506
293.735 293.806 293.861
293.759 294.058 294.731
293.867 293.881 293.897
293.747 294.401 296.601
293.911 294.061 294.544
293.803 293.899 293.963
293.746 293.995 294.737
293.770 293.857 293.922
293.752 293.952 294.401
294.368 294.773 295.377
294.189 294.786 295.482
293.733 293.942 294.144
293.774 294.200 295.135
293.729 293.880 294.060
293.735 293.834 293.993
294.469 294.590 294.728
293.766 294.187 295.123
293.910 294.454 295.381
293.851 294.197 294.988
294.055 294.462 294.780
293.764 294.046 294.728
293.705 293.807 293.889
293.725 294.080 295.109
293.724 293.915 294.199
293.665 293.766 293.846
293.696 293.854 294.184
293.754 293.822 293.904
293.744 293.849 293.970
293.780 293.837 293.912
293.808 293.838 293.883
293.694 293.898 294.127
293.763 293.827 293.961
293.715 293.768 293.836
293.673 293.755 293.818
293.789 294.206 295.686
293.775 293.971 294.214
293.898 294.117 294.842
293.829 293.937 294.334
293.801 293.880 294.001
293.810 293.912 294.009
293.802 293.878 293.965
293.733 293.819 293.955
293.786 294.014 294.321
293.732 293.792 293.872
293.689 293.787 293.993
293.719 293.880 294.269
293.703 293.741 293.763
293.797 293.865 293.965
293.731 293.805 293.878
293.749 293.825 293.916
293.734 293.837 293.945
293.726 293.835 293.938
293.855 294.033 294.261
293.801 293.953 294.253
293.740 293.831 294.009
293.718 294.044 294.640
293.772 294.067 294.970
293.818 293.888 293.993
293.841 293.874 293.907
293.749 293.836 293.918
293.868 293.908 294.013
293.880 293.923 293.976
293.710 293.752 293.802
293.785 293.849 293.906
293.749 293.882 293.974
293.722 294.559 297.427
293.705 293.786 293.914
293.696 294.321 295.074
293.712 293.843 293.921
293.865 294.015 294.353
293.747 294.035 294.986
293.815 293.889 293.927
293.811 294.029 294.363
293.774 293.872 293.956
293.758 293.808 293.891
293.780 293.880 293.970
293.823 293.905 294.013
293.806 293.901 294.187
293.762 293.935 294.455
293.826 294.003 294.249
293.726 293.841 294.014
293.832 293.865 293.897
293.836 293.886 293.937
293.763 294.187 295.613
293.800 293.915 294.206
293.842 293.864 293.899
293.765 293.950 294.478
293.802 293.828 293.872
293.747 293.866 293.995
293.782 293.885 294.070
293.770 293.829 293.898
293.797 293.957 294.468
293.822 294.334 295.128
293.837 296.527 298.022
293.806 293.987 294.500
293.830 293.910 293.979
293.823 294.074 294.621
293.658 293.776 293.952
294.386 294.575 294.806
293.805 293.834 293.889
293.814 293.841 293.858
293.779 293.830 293.896
293.705 293.807 293.911
293.781 293.875 293.983
293.811 294.200 294.808
293.783 293.824 293.889
293.790 293.855 293.912
293.796 293.848 293.895
293.772 293.881 294.093
293.709 293.817 293.947
293.760 293.863 293.928
293.843 293.870 293.907
293.872 293.933 293.972
293.699 293.753 293.798
293.814 294.318 294.722
293.943 294.420 294.723
293.748 294.672 296.431
294.316 294.537 294.664
294.177 294.609 295.312
294.185 294.415 294.682
293.757 293.965 294.596
293.716 293.815 293.856
293.792 293.857 293.919
293.737 293.812 293.935
293.741 294.354 296.635
293.793 294.231 295.797
293.782 293.847 293.917
293.709 293.790 293.870
293.726 293.818 293.941
293.742 293.836 293.892
293.789 293.919 293.986
293.777 293.853 293.945
293.762 293.873 293.961
293.744 293.831 293.888
293.705 294.185 295.768
293.725 293.832 293.892
293.674 293.805 293.868
299.818 312.326 321.492
293.778 293.849 293.946
293.757 293.816 293.899
293.755 293.797 293.842
293.758 293.834 293.936
293.796 293.831 293.877
293.758 293.851 293.994
293.817 293.847 293.874
298.180 322.930 330.771
293.736 293.769 293.814
293.800 305.370 324.649
293.782 293.826 293.872
293.737 293.806 293.894
293.754 293.823 293.983
293.855 294.230 294.860
293.808 294.276 295.903
293.801 293.838 293.889
293.820 294.111 295.022
293.710 293.798 293.897
293.760 294.237 295.918
293.748 293.832 293.891
293.849 293.860 293.883
293.820 293.889 293.976
293.760 293.845 293.946
293.762 293.817 293.968
293.817 293.887 293.941
293.776 293.859 293.933
293.808 293.877 293.989
293.708 293.774 293.889
293.790 293.963 294.511
293.762 293.822 293.857
293.781 293.878 294.003
293.832 293.901 294.079
293.830 294.246 295.669
293.801 293.841 293.865
293.821 293.880 293.980
293.731 293.907 294.275
293.708 293.823 293.965
293.818 293.915 293.979
293.816 294.015 294.471
293.735 293.781 293.818
293.813 293.924 294.112
293.819 293.930 294.178
293.757 293.874 293.970
293.770 294.012 294.482
293.715 293.859 293.983
293.760 293.989 294.591
293.756 294.144 295.274
293.777 293.935 294.410
293.802 293.842 293.904
293.729 293.843 293.915
293.790 293.910 294.127
293.718 293.811 293.925
293.747 293.807 293.929
293.783 293.854 293.926
293.750 293.908 294.339
293.825 293.931 294.023
293.834 293.908 293.979
293.708 293.818 293.939
293.795 293.847 293.891
293.776 293.839 293.942
293.757 293.864 294.026
293.791 293.854 293.912
293.927 294.056 294.218
293.696 293.814 293.889
293.899 294.137 294.939
293.781 294.050 294.963
293.768 293.859 294.022
293.757 293.824 293.873
293.793 293.877 293.951
293.802 293.837 293.905
293.717 293.831 293.948
293.861 293.935 294.041
293.815 293.899 293.997
293.722 294.030 294.983
293.728 293.819 293.968
293.771 293.858 293.959
293.720 293.851 293.910
293.799 293.850 293.917
293.763 293.838 293.918
293.777 293.833 293.865
293.811 293.898 294.024
293.788 293.875 293.956
293.940 295.358 296.940
293.738 293.825 293.940
293.728 293.841 293.913
293.741 293.886 294.167
293.782 293.851 294.008
293.733 293.835 293.914
293.761 293.822 293.941
293.813 294.436 296.566
293.759 293.817 293.856
293.787 293.824 293.902
293.814 293.846 293.903
293.837 293.883 293.940
293.753 293.823 293.892
293.769 293.882 294.098
293.712 293.777 293.834
293.797 293.917 294.061
293.732 293.802 293.843
293.676 293.749 293.794
293.781 293.891 294.007
293.691 293.778 293.873
293.794 293.906 294.004
293.804 293.872 293.921
293.893 293.970 294.093
293.794 293.858 293.965
293.812 293.891 293.963
293.767 293.859 293.990
293.784 294.056 294.785
293.810 293.915 294.063
293.739 293.804 293.918
293.677 294.138 295.410
293.821 293.974 294.569
293.873 293.895 293.933
293.817 293.875 293.938
293.843 293.993 294.472
293.759 293.838 293.912
293.729 293.845 294.146
293.765 293.828 293.864
293.757 293.832 293.926
293.701 293.799 293.918
293.850 293.883 293.954
293.645 293.822 293.945
293.765 293.883 294.065
293.815 293.898 293.962
293.799 293.851 293.905
293.742 293.777 293.825
293.715 293.814 293.909
293.914 293.938 293.982
293.821 293.863 293.913
293.814 293.841 293.876
293.711 293.832 294.003
293.704 293.809 293.903
293.821 293.896 294.101
293.758 293.872 294.006
293.699 293.738 293.798
293.789 293.889 294.000
293.780 293.841 293.892
293.754 293.815 293.861
293.767 293.809 293.882
293.716 293.862 293.984
293.684 293.838 294.020
293.702 293.795 293.938
293.769 293.822 293.863
293.712 293.834 293.913
293.830 293.905 293.996
293.742 293.808 293.840
293.742 293.803 293.875
293.729 294.430 295.470
293.741 293.793 293.846
293.729 293.826 293.879
293.710 293.806 293.897
293.820 293.847 293.884
293.710 293.778 293.886
293.823 293.867 293.915
293.786 293.866 293.914
293.743 293.826 293.864
293.724 293.807 293.958
293.742 293.805 293.894
293.743 293.830 293.912
293.800 294.013 294.707
293.760 293.832 293.916
293.794 293.872 294.060
293.812 294.013 294.672
293.827 294.076 294.225
293.792 295.047 297.040
293.775 293.861 293.938
293.754 293.841 294.007
293.729 293.822 293.894
293.757 293.859 294.004
293.815 294.075 294.713
293.789 293.857 293.970
293.702 293.990 294.661
293.784 293.847 294.013
293.754 293.826 293.909
293.720 293.848 293.925
293.824 293.877 293.974
293.800 293.867 293.929
293.758 293.866 293.988
293.769 293.823 293.876
293.726 295.588 297.533
293.741 293.770 293.830
293.708 293.775 293.899
293.715 294.126 294.876
293.815 294.397 295.159
293.776 294.092 294.313
293.787 294.221 294.637
293.824 293.947 294.038
293.846 294.378 295.617
293.783 294.238 294.857
293.690 294.045 294.666
293.954 294.161 294.371
293.749 294.034 294.965
293.664 293.764 293.886
293.837 294.356 295.677
293.944 294.495 295.457
293.841 294.104 295.030
293.811 293.874 293.951
293.748 294.039 294.849
293.707 294.266 295.958
293.743 293.812 293.859
293.772 293.823 293.862
293.786 293.868 293.906
293.789 293.878 293.994
293.775 293.817 293.848
293.729 293.844 293.995
293.907 293.966 294.118
293.830 294.416 296.683
293.684 293.793 293.900
293.859 293.950 294.089
293.752 293.839 293.958
293.739 293.856 293.954
293.867 293.912 294.008
293.754 293.847 293.910
293.830 293.896 293.973
293.826 295.281 296.998
293.804 293.873 293.923
293.886 293.933 293.974
293.636 293.774 293.844
293.820 293.870 293.891
293.823 293.906 294.009
293.799 293.852 293.951
293.745 293.851 293.914
293.795 293.855 293.938
293.819 294.144 295.305
293.769 293.813 293.923
293.710 293.801 293.882
293.807 293.845 293.904
293.866 294.319 295.250
293.764 293.790 293.835
293.779 294.386 296.209
293.659 294.357 296.545
293.809 294.927 296.374
293.788 293.853 293.915
293.805 293.850 293.902
293.763 293.984 294.396
293.806 293.843 293.887
293.785 294.325 296.325
293.728 293.834 293.920
293.814 293.898 293.964
293.725 293.765 293.819
293.767 293.851 293.936
293.786 293.811 293.875
293.853 293.925 293.987
293.742 293.830 293.932
293.771 293.852 293.941
293.810 293.843 293.931
293.785 293.901 293.993
293.868 293.900 293.970
293.759 293.846 293.909
293.790 293.889 293.966
293.703 293.827 293.871
293.747 293.834 293.988
293.844 294.202 295.273
293.821 293.863 293.910
293.829 293.881 293.963
293.801 293.855 293.971
293.841 293.901 293.944
293.745 293.825 293.988
293.808 293.836 293.882
293.787 293.863 293.960
293.819 293.856 293.906
293.788 294.205 295.460
293.709 293.959 294.558
293.797 293.880 293.975
293.759 293.824 293.918
293.826 293.878 293.938
293.743 293.881 294.163
293.856 293.996 294.318
293.792 293.868 293.914
293.846 293.881 293.939
293.779 293.860 293.931
293.815 293.936 294.158
293.743 293.814 294.008
293.715 293.868 294.082
293.818 293.857 293.894
293.733 293.774 293.832
293.740 293.857 293.949
293.883 293.928 293.990
293.814 293.863 294.012
293.751 293.861 293.924
293.776 293.853 293.909
293.791 293.985 294.370
293.739 293.850 293.902
293.806 293.888 293.952
293.846 293.888 293.961
293.818 294.003 294.504
293.722 293.855 294.061
293.788 293.850 293.907
293.829 293.920 294.058
293.756 293.874 294.097
293.776 293.844 293.899
293.814 293.837 293.867
293.774 293.844 293.896
293.727 293.793 293.925
293.819 293.946 294.156
293.890 293.996 294.153
293.746 293.838 293.979
293.717 293.990 294.483
293.814 294.429 296.287
293.753 293.871 293.982
293.864 293.977 294.303
293.705 293.861 293.935
293.908 293.958 294.062
293.753 293.872 293.959
293.784 293.867 293.935
293.786 293.957 294.399
293.760 293.842 293.940
293.760 293.833 293.923
293.792 293.919 294.100
293.871 293.904 293.935
293.861 293.921 293.963
293.735 293.757 293.782
293.910 294.210 294.815
293.810 293.903 294.040
293.807 293.879 293.962
293.806 294.144 295.207
293.718 293.887 294.022
293.769 293.867 293.915
293.864 293.887 293.926
293.744 294.161 294.885
293.797 294.249 295.559
293.788 293.861 294.070
293.725 293.780 293.861
293.814 293.842 293.892
293.761 293.861 293.984
293.788 293.880 294.008
293.831 293.846 293.877
293.801 293.843 293.907
293.770 293.881 293.996
293.857 293.916 293.958
293.795 293.856 293.974
293.751 293.881 293.964
293.772 293.830 293.888
293.738 293.822 293.895
293.757 293.812 293.841
293.784 293.847 293.926
293.705 293.783 293.901
293.893 293.949 294.021
293.839 293.912 294.004
293.789 293.882 293.967
293.740 293.874 294.172
293.852 293.942 294.027
293.809 293.932 294.142
293.822 293.863 293.926
293.668 293.826 293.960
293.751 293.828 293.911
293.744 293.855 293.914
293.745 293.835 293.908
293.801 293.879 293.947
293.851 293.923 293.976
293.827 293.892 293.955
293.737 293.839 293.941
293.742 293.840 293.882
293.848 293.883 293.915
293.801 293.877 294.067
293.866 293.898 293.948
293.734 293.806 293.878
293.886 293.908 293.949
293.822 293.894 293.960
293.814 293.871 293.951
293.800 294.297 296.167
293.810 293.849 293.918
293.770 293.869 293.987
293.843 293.894 293.962
293.698 293.873 293.994
293.814 293.895 293.979
293.741 293.820 293.872
293.817 293.888 293.936
293.787 293.863 293.976
293.770 293.875 293.974
293.751 293.890 293.946
293.776 294.295 296.163
293.831 293.841 293.851
293.810 293.872 293.941
293.801 294.000 294.512
293.758 293.834 293.875
293.814 293.870 293.942
293.805 293.916 294.006
293.799 293.954 294.189
293.799 293.850 293.908
293.765 293.880 293.963
293.870 293.968 294.250
293.795 293.884 293.961
293.867 293.890 293.915
293.878 293.901 293.946
293.820 293.877 293.961
293.763 293.846 293.938
293.718 293.821 293.919
293.864 294.050 294.212
293.841 293.915 293.993
293.844 293.887 293.939
293.696 293.813 293.973
293.855 293.903 293.946
293.831 294.338 296.269
293.785 293.900 294.041
293.835 293.872 293.953
293.775 293.842 293.882
293.805 293.903 294.063
293.914 293.993 294.138
293.799 293.862 293.922
293.790 293.975 294.317
293.891 293.965 294.047
293.866 293.894 293.927
293.763 293.870 293.942
293.771 293.887 293.995
293.767 293.890 293.983
293.827 293.929 294.026
293.755 293.826 293.865
293.770 293.821 293.913
293.841 293.921 294.051
293.859 293.928 294.007
293.835 293.867 293.912
293.717 293.899 294.061
293.825 294.309 296.020
293.835 293.886 293.961
293.818 293.880 293.956
293.718 293.794 293.867
293.833 293.885 293.940
293.824 293.952 294.142
293.828 293.907 294.020
293.873 293.980 294.273
293.842 293.882 293.922
293.783 293.823 293.885
293.772 293.854 293.922
293.744 293.797 293.847
293.808 294.262 295.322
294.066 294.959 296.299
293.821 293.944 294.052
293.795 294.258 294.937
294.959 296.475 297.896
293.713 293.849 294.059
293.781 293.832 293.871
293.825 293.967 294.321
293.873 293.913 294.001
293.798 293.865 293.916
293.697 293.831 293.959
293.763 293.870 294.152
293.799 293.845 293.971
293.880 293.934 294.146
293.800 293.902 294.038
293.822 293.908 294.007
293.875 293.910 293.966
293.869 293.939 294.060
293.754 293.985 294.516
293.846 293.893 293.990
293.780 293.826 293.883
293.716 293.782 293.846
293.869 294.187 295.327
293.769 294.341 296.341
293.817 293.913 293.969
293.854 293.896 293.971
293.811 293.876 293.922
293.735 293.929 294.179
293.793 293.903 293.998
293.741 293.838 293.906
293.775 293.845 293.879
293.770 293.823 293.869
293.762 293.837 293.942
293.919 293.992 294.111
294.755 296.107 298.501
293.797 293.846 293.916
293.819 293.886 293.989
293.834 294.137 295.143
293.829 293.890 294.027
293.774 293.828 293.930
293.822 293.888 293.990
293.880 293.949 293.978
293.868 294.001 294.397
293.839 293.886 293.927
293.802 293.861 293.909
293.759 293.885 293.990
293.873 293.929 294.057
293.786 293.866 293.988
293.792 293.852 293.921
293.727 293.854 293.939
293.819 293.869 293.908
293.800 293.966 294.156
293.768 293.815 293.883
293.838 293.891 293.931
293.833 294.463 295.225
293.873 293.959 293.995
293.859 293.937 294.004
293.711 293.836 294.013
293.801 293.858 293.913
293.808 293.861 293.911
293.824 293.904 293.937
293.784 294.543 297.291
293.851 294.056 294.597
293.816 293.947 294.015
293.742 293.857 293.969
293.781 293.839 293.988
293.865 294.450 296.757
294.885 295.139 295.645
293.759 293.842 293.914
293.794 294.066 294.511
293.787 293.837 293.922
293.856 293.913 293.981
293.827 293.902 293.952
293.873 293.941 294.033
293.846 293.959 294.028
293.839 293.866 293.896
293.813 293.868 293.925
293.828 293.898 294.017
293.800 293.893 293.952
293.775 293.805 293.854
293.766 293.862 293.927
293.827 294.008 294.114
293.824 294.505 296.649
293.736 293.924 294.309
293.763 293.855 293.942
293.751 293.884 293.998
293.855 293.933 294.033
293.743 293.821 293.914
293.858 293.903 293.923
293.834 293.883 293.946
293.798 293.915 294.023
293.802 293.882 293.993
293.869 293.929 293.985
293.854 293.964 294.205
293.822 293.855 293.934
293.812 293.883 293.964
293.762 293.829 293.959
293.757 293.828 293.977
293.873 293.915 294.024
293.843 293.889 294.025
293.751 293.860 293.993
293.807 293.888 294.023
293.848 293.916 293.976
293.786 294.109 294.950
293.714 293.845 293.929
293.784 294.094 295.127
293.748 293.838 293.934
293.853 293.905 293.969
293.765 293.867 293.911
293.793 293.830 293.870
294.125 295.084 296.845
294.084 299.609 304.388
294.498 297.844 305.820
294.705 297.984 302.245
293.765 294.118 295.078
293.793 295.470 296.736
293.873 293.928 293.997
293.728 293.828 293.999
293.721 293.858 294.047
293.748 293.865 293.992
293.775 294.447 296.757
293.783 294.322 296.180
293.825 294.237 295.429
293.846 293.909 293.976
293.738 293.838 293.883
293.777 293.841 293.994
293.794 293.856 293.946
293.826 293.898 293.963
293.734 293.840 293.924
293.815 293.905 293.949
293.845 293.931 294.024
293.711 293.823 293.905
293.804 293.859 293.930
293.839 293.880 293.901
293.820 293.866 293.910
293.749 293.850 293.916
293.868 293.936 294.025
293.807 293.899 294.017
293.769 294.254 295.388
293.770 293.862 293.959
293.667 293.818 293.921
293.855 294.221 294.690
293.868 293.928 294.082
293.711 294.434 296.936
293.816 294.533 297.147
293.786 293.851 293.987
293.783 294.692 296.327
293.792 293.881 293.963
293.868 293.893 293.961
293.768 293.879 293.948
294.906 294.949 294.970
293.741 293.797 293.876
293.767 293.855 293.902
293.787 293.835 293.886
293.997 294.988 297.057
293.813 294.167 295.388
293.775 293.954 294.252
293.740 293.852 293.905
293.822 293.864 293.963
293.823 293.850 293.893
293.908 294.075 294.445
293.789 293.876 293.989
293.755 293.850 294.032
293.747 293.809 293.846
293.795 293.831 293.865
293.863 293.888 293.927
293.835 293.905 293.957
293.841 293.879 293.943
293.849 293.939 294.109
293.839 294.225 295.571
293.778 293.857 293.945
293.799 294.012 294.477
293.863 293.905 293.976
293.715 293.737 293.759
293.767 293.856 293.912
293.794 293.862 293.913
293.819 293.849 293.892
293.848 293.893 293.941
293.768 293.855 293.940
293.716 293.870 294.012
293.817 293.899 293.952
293.753 293.819 293.894
293.787 293.852 293.913
293.873 294.315 294.803
293.730 293.800 293.902
293.796 294.252 295.730
293.738 293.888 294.214
293.712 293.814 293.929
293.703 293.785 293.832
293.721 293.803 293.851
293.741 293.837 293.892
293.790 293.837 293.905
293.796 293.902 294.074
293.796 294.006 294.603
293.779 293.828 293.898
293.706 293.750 293.824
293.826 293.909 294.171
293.762 293.826 293.891
293.765 293.852 293.970
293.843 293.907 293.984
293.789 293.871 293.994
293.780 293.875 293.973
293.735 293.829 293.886
293.771 294.277 295.887
293.813 293.871 293.962
293.807 293.874 293.941
293.824 294.187 295.577
293.783 293.854 293.915
293.792 293.848 293.970
293.775 293.829 293.955
293.823 293.903 294.129
293.787 293.891 293.984
293.765 293.884 293.981
293.754 293.801 293.832
293.763 293.852 294.002
293.827 293.844 293.869
293.862 295.577 297.715
293.795 293.863 294.006
293.826 294.124 294.748
293.754 293.842 293.998
293.724 293.837 293.929
293.739 293.877 294.109
293.796 293.862 293.908
293.716 293.761 293.808
293.774 293.889 293.986
293.801 293.814 293.845
293.761 293.822 293.948
293.775 293.844 293.936
293.768 293.861 293.903
293.764 293.872 293.944
293.722 293.788 293.865
293.666 293.741 293.858
293.753 293.863 293.923
293.817 293.884 293.963
293.830 294.163 294.953
293.844 294.382 296.295
293.774 293.922 294.092
293.710 293.829 293.895
293.929 294.192 294.798
293.760 294.017 294.412
293.775 293.909 294.226
293.801 293.909 294.043
293.716 293.854 294.257
293.757 293.860 293.946
293.736 294.140 294.687
293.786 293.858 293.925
293.733 293.872 293.969
293.691 293.824 293.976
293.902 294.086 294.373
293.767 293.829 293.864
293.755 293.865 293.981
293.833 293.916 294.068
293.736 293.933 294.205
293.729 294.381 296.770
293.781 293.860 293.967
293.771 293.834 293.925
293.792 293.875 293.917
293.897 293.919 293.959
293.844 293.937 294.088
293.732 293.917 294.228
293.716 293.814 293.939
293.748 293.767 293.809
293.789 293.828 293.920
293.735 293.790 293.877
293.776 293.836 293.897
293.761 294.247 295.550
293.868 294.284 295.307
293.844 293.890 293.946
293.758 293.837 293.904
293.772 293.812 293.833
293.815 294.052 294.489
293.750 293.834 293.951
293.784 293.878 294.075
293.843 293.922 294.150
293.722 293.795 293.877
293.733 293.953 294.603
293.696 293.812 294.003
293.779 293.907 294.185
293.811 293.880 293.923
293.817 293.898 294.111
293.807 293.905 294.011
293.732 293.832 293.903
293.792 293.848 293.884
293.723 293.877 294.169
293.762 293.824 293.900
293.813 293.875 293.924
293.805 293.994 294.573
293.775 293.829 293.913
293.805 293.947 294.103
293.714 293.868 294.101
293.722 293.925 294.386
293.824 293.883 293.960
293.771 293.818 293.880
293.766 293.950 294.373
293.698 293.847 293.960
293.740 293.803 293.890
293.769 293.928 294.133
293.747 294.098 294.594
293.756 293.951 294.602
293.732 293.806 293.930
293.761 293.825 293.931
293.756 294.132 295.353
293.764 293.900 294.291
293.826 294.606 296.465
293.792 293.974 294.162
293.806 293.903 293.960
293.774 293.839 293.900
293.772 293.832 293.877
293.694 293.786 293.895
293.817 293.948 294.170
293.835 293.872 293.960
293.689 293.884 294.409
293.749 293.810 293.838
293.746 293.842 293.949
293.807 293.869 293.943
293.772 293.881 293.940
293.820 293.886 293.944
293.810 293.869 293.920
293.815 293.878 293.988
293.760 293.907 294.084
293.756 293.802 293.845
293.785 293.856 293.923
293.775 294.185 295.614
293.746 295.555 297.023
293.855 310.080 322.116
293.896 297.618 302.700
293.710 293.837 293.955
293.816 293.853 293.901
293.767 293.808 293.869
293.726 293.916 294.108
293.755 293.813 293.854
293.762 293.814 293.862
294.007 294.846 295.261
293.732 293.826 293.920
293.806 294.040 294.876
293.764 294.413 295.775
293.786 293.872 293.965
293.768 293.840 293.926
293.757 293.841 293.910
293.723 293.862 294.145
293.847 293.884 293.992
293.753 293.801 293.863
293.817 293.862 293.952
293.736 293.814 293.913
293.741 293.844 293.970
293.684 293.761 293.888
293.710 293.863 294.098
293.682 293.781 293.859
293.757 293.785 293.838
293.701 293.838 293.899
293.715 293.774 293.838
293.781 294.223 295.029
293.656 294.247 295.420
293.723 293.774 293.836
293.785 293.863 293.902
293.808 293.827 293.886
293.684 293.777 293.912
293.759 293.808 293.850
293.695 293.763 293.858
293.793 293.856 293.909
293.746 293.804 293.883
293.734 293.810 293.876
293.805 293.924 294.108
293.771 293.855 293.924
293.816 293.865 293.896
293.737 293.845 293.925
293.748 293.795 293.870
293.771 293.838 293.924
293.738 293.774 293.815
293.729 293.916 294.495
293.791 293.864 293.917
293.724 293.805 293.901
293.707 293.802 293.918
293.819 293.866 293.947
293.711 293.807 293.867
293.832 294.263 295.819
293.758 293.810 293.888
293.709 293.835 293.876
293.856 293.893 293.961
293.727 293.839 293.941
293.714 293.782 293.842
293.805 294.500 296.061
293.749 293.955 294.410
293.747 293.822 293.913
293.761 293.800 293.835
293.787 294.298 295.172
293.700 293.794 293.929
293.728 293.845 293.932
293.796 293.880 293.983
293.716 293.879 293.993
293.827 293.891 293.961
293.736 293.817 293.927
293.723 293.799 293.872
293.780 293.800 293.812
293.713 293.736 293.765
293.803 293.833 293.872
293.785 293.826 293.846
293.766 293.805 293.856
293.729 293.841 293.983
293.845 293.892 293.929
293.850 293.900 294.000
293.760 293.817 293.890
293.771 293.827 293.882
293.816 293.861 293.971
293.747 293.799 293.909
293.672 293.732 293.809
293.805 293.847 293.896
293.746 293.831 293.951
293.809 293.850 293.909
293.799 293.851 293.939
293.731 293.814 293.888
293.688 293.785 293.976
293.736 293.822 293.917
293.788 293.847 293.929
293.847 293.890 293.927
294.133 295.506 297.386
293.724 293.808 293.961
293.780 293.902 293.971
293.782 293.853 293.973
293.792 293.881 293.970
293.696 293.766 293.844
293.821 293.856 293.937
293.864 293.942 294.045
293.801 293.890 294.142
293.785 293.892 293.997
293.839 294.635 297.475
293.786 293.823 293.870
293.737 293.808 293.860
293.681 293.783 293.884
293.782 293.864 293.964
293.776 293.894 294.004
293.678 293.776 293.896
293.783 293.836 293.892
293.731 293.811 293.922
293.705 293.783 293.893
293.789 293.909 294.110
293.743 293.814 293.865
293.875 293.908 293.989
293.763 293.798 293.847
293.741 293.858 294.037
293.706 293.800 293.868
293.732 293.812 293.984
293.777 293.827 293.892
293.681 293.975 294.701
293.733 293.827 293.938
293.874 293.957 294.064
293.746 293.840 293.890
293.673 293.800 293.906
293.776 293.825 293.918
293.706 293.822 294.012
293.791 293.854 293.907
293.700 293.762 293.829
293.701 293.786 293.906
293.718 293.782 293.825
293.738 294.471 296.590
293.739 293.854 293.904
293.860 293.984 294.273
293.718 293.790 293.854
293.676 293.808 293.876
293.757 293.830 293.890
293.777 293.870 293.936
293.755 293.830 293.909
293.746 293.829 293.978
293.763 293.793 293.844
293.813 293.878 293.954
293.846 294.280 294.944
293.816 293.913 293.969
293.741 293.821 293.854
293.840 293.916 293.988
293.818 294.264 295.773
293.651 293.820 293.986
293.700 293.922 294.475
293.876 295.203 296.821
293.768 293.828 293.887
293.758 293.827 293.986
293.728 293.777 293.845
293.779 293.838 293.930
293.645 293.761 293.879
293.780 293.843 293.868
293.724 293.818 293.935
293.714 293.793 293.855
293.788 294.151 295.143
293.808 293.850 293.914
293.708 293.803 293.850
293.823 293.859 293.885
293.702 293.798 293.856
293.759 293.891 294.020
293.828 293.852 293.883
293.686 293.794 293.862
293.769 293.874 294.009
293.776 293.848 293.926
293.774 293.813 293.850
293.802 293.874 293.951
293.836 293.886 293.953
293.758 293.829 293.933
293.686 293.822 293.920
293.789 293.856 293.909
293.755 294.060 295.085
293.773 293.843 293.914
293.708 293.833 294.006
293.764 293.858 293.962
293.740 293.885 294.051
293.742 293.830 293.913
293.687 293.896 294.281
293.814 294.023 294.611
293.782 293.855 293.937
293.722 293.836 294.000
293.745 293.809 293.905
293.810 293.844 293.881
293.749 293.807 293.924
293.747 293.844 294.031
293.771 293.854 293.941
293.817 293.888 293.971
293.827 293.906 294.042
293.788 293.867 293.963
293.759 294.138 295.424
293.778 293.868 293.968
293.740 293.844 293.935
293.780 293.906 294.050
293.811 293.872 293.939
293.832 293.889 293.987
293.774 293.846 293.896
293.715 293.835 293.916
293.767 293.892 293.994
293.741 293.785 293.853
293.738 293.873 293.965
293.803 293.898 294.085
293.705 293.830 293.944
293.796 294.049 294.766
293.746 293.896 293.992
293.711 293.778 293.814
293.716 293.838 293.943
293.707 293.794 293.861
293.800 293.957 294.308
293.738 293.805 293.906
293.719 293.774 293.836
293.774 293.851 293.891
293.753 293.828 293.882
293.805 293.855 293.927
293.804 293.892 294.065
293.812 293.836 293.881
293.786 293.861 293.909
293.759 293.864 294.029
293.768 293.821 293.906
293.905 293.955 294.031
293.790 293.811 293.837
293.681 293.783 293.971
293.830 293.955 294.301
293.770 293.963 294.625
293.835 293.880 293.914
293.800 293.868 293.977
293.805 293.852 293.883
293.824 293.886 294.053
293.702 293.797 293.896
293.777 293.892 294.140
293.754 293.855 293.951
293.693 293.818 293.938
293.836 293.867 293.910
293.720 293.800 293.910
293.794 293.877 293.982
293.768 293.881 293.948
293.797 293.871 293.959
293.742 293.794 293.887
293.750 293.838 293.882
293.792 293.836 293.886
293.786 293.889 294.032
293.761 293.878 294.006
293.796 293.849 293.945
293.794 293.856 293.936
293.732 293.839 293.939
293.753 293.839 293.892
293.648 293.763 293.884
293.755 293.900 294.104
293.820 294.132 295.175
293.713 293.857 294.098
293.817 293.861 293.918
293.750 293.904 294.198
293.805 293.889 293.984
293.783 293.868 293.920
293.751 293.802 293.912
293.795 293.892 293.945
293.768 293.833 293.915
293.712 293.763 293.809
293.852 293.909 294.008
293.742 293.831 293.914
293.855 293.949 294.009
293.754 293.806 293.872
293.785 293.884 293.950
293.785 293.874 293.935
293.808 293.879 293.948
293.863 293.931 294.121
293.756 293.832 293.869
293.765 293.882 293.952
293.672 293.766 293.829
293.762 293.880 293.971
293.770 293.815 293.882
293.720 294.218 295.947
293.751 293.831 293.917
293.818 293.893 293.951
293.777 293.887 293.963
293.704 293.839 293.913
293.812 293.894 293.964
293.744 293.801 293.863
293.770 293.867 293.955
293.790 293.883 293.996
293.752 293.826 293.899
293.817 293.899 294.049
293.893 293.918 293.961
293.754 293.821 293.901
293.839 293.882 293.971
293.713 293.811 293.940
293.815 293.869 293.930
293.852 293.945 294.017
293.850 293.901 294.036
293.776 293.877 293.983
293.767 293.847 293.898
293.827 293.873 293.942
293.854 293.917 294.042
293.778 294.389 296.731
293.824 294.351 295.974
293.822 293.874 293.910
293.809 294.001 294.501
293.802 293.906 294.029
293.836 293.863 293.903
293.877 293.979 294.143
293.834 293.915 293.985
293.712 293.816 293.890
293.861 293.878 293.910
293.745 293.785 293.803
293.702 293.773 293.874
293.830 293.867 293.939
293.764 294.012 294.302
293.824 294.104 295.148
293.878 293.933 294.034
293.751 293.829 293.911
293.713 293.979 294.809
293.797 293.844 293.922
293.800 293.852 293.887
293.776 293.850 293.901
293.752 293.827 293.997
293.674 293.767 293.872
293.801 293.868 293.939
293.806 293.881 293.935
293.839 293.896 294.005
293.650 293.818 293.943
293.841 293.866 293.889
293.866 293.913 294.003
293.809 293.988 294.521
293.879 293.914 293.964
293.793 293.842 293.896
293.763 293.820 293.906
293.749 293.937 294.275
293.828 293.837 293.860
293.793 293.882 293.977
293.786 293.838 293.991
293.800 293.874 293.949
293.818 293.880 293.956
293.754 293.859 294.048
293.743 294.388 295.573
293.802 293.923 294.099
293.772 293.862 293.935
293.734 293.865 293.916
293.788 293.866 293.933
293.783 293.846 293.917
293.796 293.832 293.851
293.795 294.261 295.885
293.712 293.823 293.908
293.787 293.884 293.973
293.878 293.910 293.939
293.839 293.961 294.101
293.760 293.835 293.935
293.789 293.868 293.906
293.776 293.883 294.037
293.844 293.878 293.940
293.832 294.150 295.139
293.828 293.901 293.964
293.773 293.859 293.910
293.922 293.935 293.955
293.786 293.831 293.871
293.799 294.013 294.275
293.797 293.847 293.888
293.785 293.891 293.973
293.818 293.949 294.116
293.896 293.935 293.991
293.877 293.944 294.041
293.828 293.889 294.010
293.813 293.889 293.945
293.802 293.910 294.020
293.814 293.894 294.020
293.889 293.943 294.032
294.787 294.802 294.820
294.767 294.792 294.820
294.748 294.792 294.841
294.693 294.775 294.860
294.750 294.818 294.866
294.722 294.802 294.955
294.739 294.762 294.778
294.727 294.792 294.871
294.828 294.851 294.870
294.714 294.753 294.788
322.504 322.588 322.648
322.522 322.571 322.657
322.526 322.605 322.671
322.527 322.553 322.573
322.475 322.546 322.607
322.496 322.576 322.664
322.556 322.640 322.720
322.514 322.606 322.725
322.543 322.609 322.679
322.592 322.642 322.737
322.466 322.597 322.765
322.505 322.608 322.693
322.440 322.552 322.624
322.658 323.089 324.654
322.565 322.639 322.738
322.589 322.627 322.700
322.530 322.622 322.701
322.586 322.629 322.679
322.524 322.596 322.705
322.591 322.621 322.647
322.555 322.595 322.652
322.518 322.598 322.663
322.491 322.548 322.572
322.511 322.583 322.673
322.494 322.574 322.639
322.564 322.583 322.627
322.565 322.658 322.777
322.509 322.622 322.885
322.513 322.593 322.682
322.524 322.594 322.683
322.506 322.583 322.693
322.586 322.642 322.694
322.513 322.558 322.587
322.511 322.572 322.640
322.463 322.581 322.716
322.582 322.652 322.726
322.503 322.635 322.811
322.518 322.645 322.811
322.558 322.627 322.711
322.569 322.636 322.685
322.488 322.574 322.702
322.504 322.586 322.640
322.518 322.584 322.702
322.605 322.665 322.718
322.546 322.627 322.678
322.514 322.569 322.658
322.488 322.529 322.569
322.521 322.657 323.051
322.444 322.484 322.524
322.518 322.618 322.676
322.598 322.674 322.712
322.487 322.576 322.642
322.537 322.602 322.646
322.599 322.621 322.639
322.517 322.604 322.645
322.510 322.605 322.649
322.453 322.572 322.641
322.595 322.626 322.670
322.592 322.606 322.625
322.431 322.514 322.662
322.554 322.590 322.683
322.503 322.572 322.656
322.523 322.559 322.598
322.543 322.669 322.862
322.539 322.598 322.660
322.546 322.621 322.736
322.602 322.704 323.044
322.486 322.504 322.521
322.495 322.580 322.827
322.459 322.586 322.646
322.419 322.491 322.568
322.517 322.576 322.687
322.514 322.640 322.913
322.585 322.627 322.664
322.551 322.591 322.663
322.542 322.635 322.785
322.516 322.608 322.663
322.518 322.582 322.650
322.558 323.822 325.983
322.503 322.576 322.618
322.522 322.597 322.706
322.495 322.555 322.695
322.455 322.537 322.632
322.586 322.629 322.658
322.586 322.664 322.757
322.521 322.601 322.635
322.556 322.624 322.678
322.548 322.574 322.619
322.536 322.610 322.689
322.594 322.614 322.652
322.518 322.582 322.684
322.472 322.843 323.453
322.463 322.571 322.671
322.514 323.146 325.416
322.512 322.563 322.653
322.508 322.642 322.861
322.522 322.607 322.753
322.536 322.616 322.734
322.514 322.587 322.687
322.502 322.575 322.672
322.521 322.551 322.598
322.521 322.580 322.636
322.481 322.572 322.657
322.452 322.548 322.645
322.572 322.645 322.759
322.509 322.530 322.599
322.460 322.569 322.760
322.558 322.753 323.390
322.457 322.576 322.685
322.568 322.633 322.704
322.513 322.576 322.650
322.518 322.596 322.769
322.510 322.554 322.609
322.535 322.623 322.691
322.528 322.581 322.626
322.602 322.627 322.655
322.458 322.537 322.610
322.478 322.520 322.578
322.557 322.596 322.697
322.543 322.587 322.616
322.506 322.585 322.616
322.546 322.592 322.617
322.516 322.569 322.656
322.482 322.794 323.624
322.540 322.587 322.617
322.513 322.532 322.570
322.499 322.571 322.620
322.510 322.615 322.722
322.594 322.638 322.725
322.528 323.141 324.363
322.614 322.933 324.117
322.563 322.655 322.775
322.496 322.583 322.642
322.517 322.591 322.666
322.503 322.558 322.637
322.491 322.715 323.252
322.513 322.584 322.698
322.606 322.642 322.692
322.491 322.554 322.647
322.545 322.550 322.562
322.540 322.577 322.670
322.509 322.591 322.649
322.419 322.581 323.082
322.497 322.552 322.600
322.498 322.579 322.624
322.486 322.576 322.673
322.524 323.499 324.814
322.589 322.616 322.631
322.438 322.548 322.667
322.534 322.593 322.624
322.468 322.546 322.665
322.557 322.605 322.647
322.568 322.606 322.623
322.464 322.520 322.594
322.538 322.590 322.633
322.563 322.605 322.646
322.538 322.607 322.697
322.545 322.654 322.948
322.552 322.641 322.674
322.501 322.556 322.650
322.511 322.592 322.627
322.558 322.580 322.606
322.520 322.851 323.934
322.484 322.553 322.608
322.448 322.520 322.608
322.500 322.553 322.648
322.510 322.602 322.768
322.517 322.628 322.702
322.517 322.586 322.654
322.600 322.635 322.667
322.502 322.593 322.669
322.527 322.630 322.711
322.501 322.588 322.788
322.468 322.562 322.661
322.520 322.683 322.972
322.575 322.633 322.723
322.607 322.629 322.663
322.540 322.654 322.977
322.587 322.634 322.680
322.439 322.725 323.064
322.484 322.638 322.880
322.514 322.537 322.550
322.484 322.576 322.687
322.565 322.607 322.690
322.481 322.549 322.604
322.476 322.620 322.701
322.477 322.527 322.599
322.489 322.759 323.619
322.506 322.576 322.622
322.519 322.626 322.714
322.493 322.554 322.643
322.509 322.552 322.568
322.473 322.556 322.626
322.548 322.582 322.613
322.493 322.593 322.665
294.698 294.752 294.795
294.759 294.861 295.021
294.760 294.786 294.831
294.674 294.744 294.810
294.742 308.713 322.677
294.650 294.712 294.780
294.738 295.614 298.879
294.741 294.784 294.854
294.720 294.776 294.865
294.688 294.776 294.823
294.726 294.806 294.867
294.796 296.147 298.422
294.679 295.796 298.310
294.850 295.176 296.086
294.748 295.217 295.573
295.321 297.061 298.784
294.652 296.383 298.523
294.807 294.831 294.881
294.638 294.723 294.782
294.711 294.749 294.819
294.724 294.768 294.819
294.691 294.763 294.884
294.693 294.770 294.874
294.766 294.950 295.497
294.757 294.858 295.141
294.665 294.731 294.813
294.641 295.026 296.506
294.618 294.761 294.912
294.776 294.838 294.875
294.738 295.384 297.504
294.656 294.742 294.837
294.810 294.837 294.872
294.791 294.826 294.877
294.720 294.958 295.669
294.675 294.763 294.874
294.745 294.817 294.854
294.766 295.411 297.806
294.705 294.778 294.838
294.713 294.758 294.815
294.613 294.739 294.928
294.678 294.774 294.887
294.712 294.751 294.871
294.694 294.783 294.947
294.691 294.747 294.797
294.636 294.697 294.800
294.682 295.131 296.628
294.762 294.861 295.024
294.732 294.814 294.886
294.699 294.803 294.889
294.677 294.737 294.791
294.747 294.802 294.895
294.721 294.758 294.792
294.636 294.770 294.908
294.748 294.860 294.930
294.829 294.982 295.511
294.657 294.789 294.855
294.786 294.820 294.929
294.764 294.798 294.863
294.671 294.780 294.937
294.720 294.804 294.853
294.780 294.839 294.879
294.817 294.995 295.474
294.709 294.786 294.881
294.681 294.779 294.982
294.801 294.846 294.882
294.718 294.808 294.858
294.700 294.841 295.217
294.736 294.764 294.812
294.736 294.779 294.820
294.672 294.751 294.833
294.703 294.763 294.802
294.698 294.748 294.808
294.779 294.821 294.886
294.721 294.761 294.804
294.738 294.889 295.117
294.714 294.808 294.970
294.741 294.802 294.871
294.723 295.055 295.686
294.700 294.763 294.827
294.787 294.863 294.992
294.728 294.829 294.879
294.712 294.854 295.198
294.686 294.814 294.988
294.747 294.783 294.823
294.650 294.731 294.817
294.701 294.878 295.263
294.695 294.747 294.802
294.700 294.796 294.836
294.663 294.864 295.316
294.714 347.718 453.596
294.691 294.768 294.853
294.703 294.753 294.788
294.775 294.873 295.024
294.728 294.798 294.873
294.693 294.774 294.868
294.661 294.760 294.857
294.720 294.784 294.861
294.695 294.760 294.859
294.708 295.683 298.164
294.637 294.666 294.710
294.754 294.801 294.874
294.745 294.784 294.815
294.653 294.743 294.850
294.731 294.789 294.853
294.671 294.780 294.864
294.611 294.686 294.754
294.662 294.774 294.860
294.664 294.887 295.517
294.714 294.760 294.826
294.702 294.776 294.885
294.788 295.595 297.155
294.666 294.720 294.796
294.734 294.909 295.366
294.651 294.896 295.755
294.694 294.927 295.495
294.750 294.924 295.534
294.776 294.828 294.872
294.685 294.980 295.366
294.729 294.912 295.574
294.704 294.762 294.833
294.680 294.748 294.800
294.661 294.846 295.339
294.804 294.941 295.103
294.666 294.956 295.874
294.753 294.797 294.852
294.682 294.787 294.962
294.702 294.841 295.053
294.737 294.907 295.377
294.826 294.972 295.386
294.823 295.027 295.179
294.694 294.773 294.826
294.709 295.084 296.260
294.604 294.680 294.788
294.733 294.836 294.959
294.648 295.224 296.142
294.783 294.843 294.948
294.850 295.001 295.283
294.778 294.885 294.997
294.651 294.774 294.865
294.642 294.726 294.865
294.710 294.781 294.837
294.700 294.751 294.817
294.710 294.761 294.897
294.717 295.019 295.898
294.821 295.171 295.718
294.752 295.174 295.444
294.629 294.754 294.836
294.667 294.756 294.836
294.671 294.766 294.848
294.672 294.772 294.850
294.747 294.795 294.862
294.781 294.816 294.855
294.695 294.857 295.334
294.753 294.796 294.835
294.633 294.735 294.806
294.768 294.855 295.001
294.650 294.776 294.873
294.656 294.743 294.812
294.822 295.000 295.549
294.717 294.993 295.457
294.766 294.840 294.906
294.769 294.806 294.849
294.604 294.751 294.837
294.744 295.473 298.102
294.688 294.766 294.844
294.692 294.752 294.837
294.686 294.921 295.563
294.893 295.024 295.129
294.644 294.745 294.893
294.732 294.786 294.857
294.669 294.721 294.783
294.689 294.742 294.809
294.744 294.774 294.834
294.703 294.777 294.856
294.742 294.787 294.832
294.717 294.776 294.827
294.716 294.792 294.860
294.752 294.791 294.883
294.750 294.771 294.786
294.666 294.968 295.940
294.662 294.753 294.853
294.775 294.910 295.291
294.693 294.899 295.419
294.729 294.779 294.833
294.833 300.877 305.718
294.774 299.456 305.474
296.533 302.158 306.545
296.014 300.458 305.756
294.667 295.268 297.278
294.659 294.806 294.928
297.494 301.137 303.810
294.692 294.742 294.800
294.694 294.748 294.813
294.654 294.729 294.818
631.447 641.828 647.056
294.671 294.766 294.877
294.710 294.767 294.819
294.784 295.470 296.059
294.648 299.191 304.625
555.437 572.426 599.775
645.440 648.135 650.831
294.610 294.681 294.744
619.730 639.408 647.917
294.694 294.836 295.145
294.769 295.292 296.350
493.063 549.628 609.323
294.663 297.510 302.222
294.733 294.790 294.823
294.713 294.757 294.845
294.672 296.828 304.273
643.584 646.076 650.142
486.127 499.244 511.065
294.727 294.795 294.889
294.761 294.823 294.881
297.310 300.126 302.888
298.369 302.489 306.171
294.678 294.719 294.787
531.504 590.570 633.826
296.132 302.639 306.118
355.162 361.443 367.002
294.598 294.702 294.798
294.621 296.563 303.240
296.971 299.750 300.679
303.972 304.929 305.964
530.611 558.862 586.748
294.755 430.288 649.412
301.872 346.380 379.043
596.234 631.881 645.689
639.690 642.875 646.726
296.387 298.634 303.567
298.276 301.223 306.556
299.670 301.460 306.025
295.157 300.162 304.816
295.448 301.702 306.595
296.188 299.179 305.080
298.743 302.907 305.344
294.903 298.347 303.198
639.915 642.235 644.737
640.447 643.040 647.890
649.598 649.598 649.598
294.777 434.146 644.114
294.767 294.824 294.876
294.745 350.383 446.257
639.144 640.406 641.260
294.619 294.716 294.801
294.777 295.844 297.482
294.735 294.978 295.297
294.664 294.722 294.789
294.709 295.073 296.332
294.732 295.026 295.959
294.684 294.824 294.942
294.736 294.910 295.146
294.758 295.330 295.694
295.335 295.472 295.807
295.330 295.475 295.703
294.704 295.250 295.967
294.813 295.051 295.541
294.736 294.776 294.803
294.648 294.705 294.806
294.694 295.291 296.717
294.662 294.709 294.765
294.721 294.794 294.892
564.792 625.651 649.319
294.726 298.092 303.790
294.734 294.771 294.859
294.644 294.720 294.816
294.685 298.611 306.007
294.817 300.356 306.699
296.425 298.261 302.826
294.707 295.406 297.848
294.712 294.808 294.847
294.694 294.768 294.883
294.735 294.769 294.827
294.733 294.787 294.907
294.731 295.531 298.515
294.738 295.036 296.003
294.717 294.776 294.844
294.668 294.750 294.819
294.681 294.733 294.765
294.708 294.762 294.819
294.715 294.821 294.914
294.698 294.759 294.846
294.755 294.772 294.799
294.713 294.790 294.860
294.674 294.784 294.857
295.952 299.292 303.834
295.266 298.661 304.915
294.723 294.785 294.828
295.131 299.345 306.850
294.712 294.767 294.834
294.698 295.170 296.400
510.513 543.930 573.465
640.087 644.188 647.905
641.147 644.193 648.227
297.336 300.474 305.413
637.400 643.425 648.502
294.634 294.807 294.961
294.680 294.752 294.798
294.745 294.792 294.929
294.653 294.887 295.484
294.687 294.758 294.802
632.059 639.978 645.215
296.741 348.256 390.988
637.554 640.817 645.110
294.742 294.785 294.858
294.725 294.758 294.829
294.646 294.732 294.850
294.643 295.125 296.912
297.080 395.100 478.701
299.488 301.505 304.154
294.869 299.149 303.522
294.829 298.219 305.030
300.349 302.051 304.253
294.659 294.756 294.803
344.848 415.212 454.070
631.736 638.443 643.832
445.431 495.713 546.107
299.300 303.394 308.341
636.379 642.042 647.479
294.704 378.894 448.675
294.705 294.830 295.112
294.734 294.772 294.796
294.687 295.072 296.363
405.156 471.375 545.681
300.291 302.368 304.445
294.726 294.976 295.761
294.657 299.285 306.240
296.060 299.814 306.093
294.714 569.272 644.657
295.360 298.107 301.049
637.696 640.328 644.348
294.778 294.799 294.828
294.671 294.756 294.862
294.679 306.606 353.959
294.677 299.300 306.372
375.278 455.013 543.264
512.183 595.105 643.650
645.364 645.781 646.199
643.136 647.177 649.643
298.808 301.771 305.952
301.085 302.107 303.620
294.723 436.300 649.324
295.908 299.906 305.283
294.671 294.763 294.884
297.946 300.825 305.012
294.729 294.756 294.797
294.680 294.784 294.903
294.713 294.791 294.824
294.782 295.000 295.775
294.711 294.753 294.803
294.654 294.764 294.802
294.665 295.007 296.211
294.701 294.762 294.789
294.709 294.758 294.812
294.695 294.751 294.846
294.683 294.792 294.884
635.100 635.733 636.164
297.310 300.722 303.615
638.408 641.491 645.153
630.572 637.174 644.185
294.653 294.752 294.816
636.543 645.340 648.618
294.691 294.796 294.941
294.664 294.708 294.789
294.695 294.773 294.828
294.650 294.766 294.828
294.681 294.774 294.842
644.892 645.317 645.742
294.687 364.793 642.974
501.609 585.674 643.871
638.025 641.105 645.045
628.496 635.703 641.004
294.638 430.990 636.717
295.892 376.923 480.224
294.669 363.744 639.733
335.126 395.997 447.151
546.635 586.763 620.670
463.706 490.925 512.958
294.680 294.783 295.041
294.718 294.784 294.827
294.680 295.304 296.142
294.761 294.811 294.858
294.719 294.798 294.877
294.672 296.935 305.408
294.726 455.583 616.506
297.453 300.296 305.695
296.552 302.601 308.025
635.998 641.960 647.304
616.624 632.427 640.184
618.128 628.931 639.513
568.520 620.211 644.281
294.770 346.152 456.857
556.531 609.082 638.738
615.245 624.865 641.594
633.165 637.957 641.004
629.719 637.492 643.991
294.654 322.339 410.507
516.762 599.574 646.442
608.807 627.257 639.293
612.306 621.573 635.785
294.807 571.657 643.410
294.741 394.326 485.885
411.563 446.887 494.275
562.807 616.025 643.575
431.741 473.560 521.812
576.337 596.803 613.499
298.350 300.584 305.633
297.123 301.235 305.979
410.734 422.576 430.235
610.406 627.078 645.237
294.781 299.452 304.364
548.477 588.218 635.016
294.696 294.735 294.766
294.820 376.020 420.792
294.785 297.762 300.938
296.655 300.710 302.891
639.884 641.741 644.073
296.254 300.553 305.965
297.467 300.779 306.712
626.855 632.121 637.064
610.954 626.056 635.989
296.824 301.456 305.474
296.395 301.155 304.042
294.678 294.711 294.766
294.651 295.603 297.355
294.688 295.636 296.989
294.774 376.065 487.475
391.148 506.004 596.966
627.791 636.141 641.178
296.114 302.072 305.730
584.005 612.313 635.523
295.903 299.707 303.382
294.780 298.093 302.209
294.787 465.667 640.781
294.680 294.796 295.049
296.422 300.768 304.392
497.649 546.390 615.657
608.115 618.133 632.779
600.744 628.770 643.000
302.960 305.115 306.685
296.161 300.700 305.195
296.238 299.435 303.958
295.372 300.060 304.649
611.495 630.705 643.081
562.269 616.020 644.010
294.722 294.759 294.793
294.762 295.457 298.070
294.800 298.848 304.823
297.605 302.334 304.033
296.638 300.094 305.232
577.642 601.139 619.842
577.693 611.558 630.753
294.721 295.675 298.258
294.777 555.622 642.648
634.131 637.676 643.363
294.615 294.701 294.772
294.640 294.758 294.892
294.777 295.001 295.394
294.735 294.795 294.983
294.692 294.806 294.902
294.715 294.800 294.880
294.744 294.797 294.856
294.675 294.735 294.825
294.635 294.809 295.253
294.728 295.237 296.990
294.689 302.331 305.666
632.581 635.919 641.346
294.759 294.780 294.819
294.765 296.828 302.951
626.129 633.155 640.653
294.776 294.798 294.816
635.470 639.011 642.202
294.620 294.713 294.816
294.750 294.912 295.162
640.693 642.290 646.929
294.735 295.318 297.461
294.726 294.773 294.812
294.666 294.729 294.795
294.648 294.733 294.829
295.168 300.163 306.098
294.695 294.957 295.683
294.750 294.808 294.844
300.725 302.405 304.486
294.755 294.993 295.406
295.799 302.939 305.188
612.822 624.229 632.882
295.638 299.182 303.420
294.749 294.819 294.848
294.667 294.747 294.807
294.687 299.147 304.587
294.726 294.816 294.929
294.740 314.403 343.890
294.691 294.791 294.865
630.749 633.736 639.860
403.667 435.064 451.091
294.682 294.792 294.876
294.715 294.765 294.816
294.754 347.815 413.938
615.102 631.355 641.230
613.731 624.236 630.365
298.593 303.064 306.087
373.714 440.568 497.648
608.360 627.365 641.992
294.704 426.763 631.043
431.743 507.510 594.460
535.417 559.847 575.110
294.590 295.337 297.031
492.227 504.619 513.168
294.741 298.426 304.517
294.660 294.842 295.064
357.876 386.797 412.702
294.770 426.418 632.620
294.795 298.237 303.495
583.478 612.466 639.912
294.643 294.741 294.812
296.266 301.166 305.383
294.695 361.517 628.626
294.675 294.725 294.783
630.535 635.833 643.746
294.690 294.737 294.790
295.323 299.461 304.904
637.373 638.754 641.602
296.131 301.547 305.591
566.550 607.130 639.666
620.764 629.631 638.207
299.892 301.370 304.021
294.680 294.780 294.857
298.774 302.025 305.238
0 0 0
307.065 335.659 352.847
295.731 298.705 302.771
294.827 298.033 303.014
294.673 304.533 319.949
294.713 294.759 294.806
294.704 298.890 315.278
295.475 299.469 305.569
294.727 294.942 295.689
294.841 440.063 503.560
294.607 294.716 294.800
294.977 297.458 302.645
294.762 294.957 295.470
294.779 295.018 295.334
297.220 384.111 457.928
302.262 304.082 306.375
592.343 611.019 627.869
297.833 300.182 301.904
299.309 303.376 305.596
294.765 294.802 294.863
294.747 294.780 294.806
294.703 296.073 299.941
298.609 301.494 303.784
541.781 589.659 634.687
296.888 299.360 301.307
629.908 632.626 635.084
295.337 298.954 306.271
294.931 301.293 305.452
294.716 294.784 294.843
536.983 602.833 636.244
294.708 294.734 294.754
294.712 294.809 294.916
295.243 302.406 306.602
294.780 299.530 304.824
294.705 295.160 296.884
440.029 557.116 643.081
632.668 635.646 638.613
297.948 303.476 306.035
631.906 637.386 641.466
294.623 294.717 294.967
538.499 586.397 636.249
294.756 294.862 295.068
365.334 527.013 640.032
634.334 637.354 641.585
575.094 621.018 643.518
294.979 300.195 306.669
295.726 300.759 304.757
300.174 302.949 305.474
294.731 296.752 304.542
294.699 297.009 304.557
294.745 377.369 632.766
294.770 294.780 294.806
294.715 295.004 295.900
625.523 635.960 644.258
294.686 294.729 294.776
414.338 522.934 626.755
629.341 637.350 642.781
294.750 338.293 435.929
609.355 628.726 640.461
420.408 591.390 640.402
294.808 295.307 297.104
296.447 301.573 306.010
294.678 380.324 641.736
300.664 303.757 306.394
294.749 331.989 424.813
296.517 299.861 303.664
523.890 566.660 614.243
634.241 639.034 642.866
294.980 298.959 301.753
294.710 306.046 351.135
295.125 302.433 305.263
301.671 302.786 304.746
294.705 294.782 294.859
294.647 294.734 294.867
294.739 294.766 294.806
294.751 294.815 294.924
294.670 294.907 295.336
294.682 294.759 294.827
294.756 294.811 294.878
294.746 294.816 294.913
294.728 294.790 294.837
294.715 294.771 294.830
294.682 294.771 294.868
294.807 295.372 297.493
294.730 295.328 297.473
294.695 294.963 295.496
294.691 294.831 295.024
294.675 294.769 294.919
294.713 294.782 294.821
294.697 295.505 298.395
294.708 294.776 294.829
294.722 294.779 294.892
294.713 294.768 294.827
294.753 294.788 294.815
294.705 294.794 294.919
294.702 294.820 295.025
294.772 294.804 294.877
294.740 294.804 294.898
294.739 294.789 294.820
294.723 294.822 294.896
294.766 294.805 294.862
294.696 294.762 294.857
294.680 294.841 294.993
294.723 294.782 294.855
294.757 294.813 294.902
294.721 294.765 294.835
294.684 294.794 294.876
294.751 294.898 295.282
294.782 294.838 294.978
294.712 294.769 294.868
294.725 294.825 294.979
294.699 294.752 294.815
294.630 294.884 295.505
294.686 294.854 295.287
294.756 294.785 294.815
294.643 294.734 294.818
294.739 294.810 294.915
294.729 294.814 294.918
294.612 295.051 295.452
294.742 295.084 296.195
294.709 294.817 294.903
294.689 294.803 294.892
294.649 294.691 294.757
294.643 294.720 294.788
294.712 294.757 294.790
294.646 294.807 294.918
294.741 294.763 294.772
294.705 294.779 294.821
294.692 294.782 294.925
294.749 294.766 294.802
294.742 294.820 294.877
294.724 294.793 294.882
294.699 294.807 294.884
294.738 294.768 294.825
294.679 294.766 294.878
294.688 294.771 294.851
294.706 294.716 294.737
294.730 295.347 297.249
294.761 294.809 294.867
294.754 294.780 294.843
294.741 294.818 294.899
294.762 294.809 294.843
294.743 294.790 294.860
294.707 294.791 294.844
294.743 294.767 294.829
294.725 294.803 294.921
294.664 294.765 294.829
294.734 294.794 294.837
294.738 294.783 294.823
294.741 294.801 294.865
294.774 294.819 294.862
294.614 294.994 296.152
294.672 294.789 294.871
294.710 294.797 294.852
294.713 294.761 294.832
294.753 294.789 294.843
294.800 295.012 295.406
294.707 294.733 294.764
294.813 294.861 294.928
294.629 294.732 294.799
294.743 294.822 294.946
294.731 294.779 294.815
294.682 294.845 295.068
294.719 294.805 295.060
294.745 294.817 294.880
294.740 294.800 294.948
294.783 294.826 294.865
294.721 294.805 294.885
294.690 294.776 294.861
294.786 294.831 294.973
294.622 294.687 294.726
294.693 294.744 294.773
294.777 294.876 295.189
295.443 298.108 301.450
294.696 294.770 294.838
294.758 295.538 296.729
294.735 294.801 294.888
294.718 294.868 295.037
294.685 294.727 294.789
294.844 294.900 294.982
294.695 294.773 294.832
294.663 294.924 295.713
294.665 294.783 294.900
294.718 294.777 294.830
294.724 294.821 294.977
294.731 294.821 294.933
294.722 294.764 294.797
294.890 295.783 298.967
294.725 295.110 296.468
294.750 294.818 294.873
294.881 295.959 298.006
294.737 295.259 297.150
294.649 294.736 294.819
294.694 294.740 294.793
294.736 294.799 294.903
294.789 294.811 294.872
294.668 294.765 294.832
294.744 294.829 295.010
294.845 294.891 294.974
294.681 294.741 294.844
294.720 294.813 294.860
294.812 294.844 294.880
294.706 294.915 295.429
294.823 294.851 294.885
294.691 294.795 294.856
294.722 294.773 294.873
294.662 294.814 295.191
294.782 294.832 294.895
294.770 296.055 298.241
294.755 294.829 294.935
294.770 294.829 294.907
294.702 294.770 294.844
294.724 294.757 294.778
294.795 294.876 295.098
294.714 294.776 294.836
294.696 294.845 295.090
294.796 295.445 297.913
294.708 294.774 294.858
294.713 294.801 294.883
294.735 294.821 294.859
294.659 294.704 294.739
294.773 294.831 294.910
294.803 294.828 294.866
294.720 294.772 294.828
294.757 294.813 294.866
294.706 294.734 294.778
294.779 294.849 294.950
294.715 294.794 294.897
294.615 294.748 294.813
294.813 294.861 294.949
294.727 294.801 294.863
294.756 294.815 294.868
294.660 294.784 294.855
294.786 295.140 296.301
294.715 294.864 294.983
294.683 294.822 294.888
294.738 294.761 294.776
294.746 294.839 294.924
294.714 294.792 294.846
294.780 294.964 295.446
294.706 294.792 294.842
294.684 295.048 296.193
294.732 294.852 294.969
294.727 294.888 295.392
294.707 294.937 295.450
294.792 294.861 294.938
294.667 294.762 294.865
294.761 294.812 294.892
294.663 294.780 294.861
294.677 294.769 294.836
294.746 294.816 294.945
294.804 294.893 295.144
294.756 294.808 294.857
294.679 294.764 294.826
294.714 294.803 294.874
294.771 294.881 295.113
294.620 295.080 296.343
294.651 294.730 294.789
294.765 294.853 294.972
294.680 294.742 294.836
294.812 294.884 294.958
294.679 294.835 295.177
294.689 294.797 294.875
294.750 294.805 294.883
294.711 295.262 297.226
294.791 294.829 294.880
294.770 294.807 294.851
294.815 295.955 297.147
295.094 297.062 300.977
294.880 297.602 303.546
294.726 298.272 301.719
294.785 295.103 295.875
294.691 294.751 294.821
294.707 294.752 294.809
294.707 294.852 294.997
294.681 294.732 294.825
294.751 294.813 294.903
294.702 295.015 295.805
294.712 294.925 295.448
294.754 294.817 294.892
294.780 294.815 294.857
294.733 294.872 295.299
294.679 294.757 294.821
294.678 294.696 294.719
294.766 294.808 294.880
294.750 294.792 294.838
294.661 294.713 294.739
294.651 294.742 294.853
294.684 295.135 296.694
294.660 294.769 294.831
294.698 294.761 294.793
294.714 294.778 294.876
294.742 294.800 294.873
294.647 294.898 295.396
294.710 295.158 296.741
294.721 294.795 294.922
294.740 294.825 294.924
294.683 294.726 294.782
294.766 294.845 294.948
294.678 294.762 294.830
294.797 294.831 294.862
294.745 294.843 294.924
294.751 294.840 294.900
294.756 294.810 294.913
294.715 294.803 294.873
294.746 294.763 294.785
294.725 295.928 300.197
294.689 295.804 297.395
294.749 294.837 294.911
294.712 294.764 294.872
294.779 294.833 294.880
294.658 294.736 294.818
294.689 294.767 294.808
294.752 294.811 294.880
294.760 294.799 294.834
294.750 294.854 295.029
294.666 294.784 294.902
294.731 294.807 294.873
294.729 294.799 294.852
294.705 294.797 294.853
294.640 294.759 294.811
294.741 294.812 294.995
294.699 295.688 298.400
294.702 294.767 294.813
294.765 295.086 295.687
294.604 294.731 294.820
294.747 294.771 294.787
294.774 294.881 295.189
294.682 294.752 294.788
294.672 294.732 294.787
294.796 294.817 294.856
294.685 294.761 294.830
294.704 294.733 294.777
294.583 294.676 294.769
294.776 294.852 294.945
294.728 294.756 294.814
294.729 294.808 294.866
294.702 294.743 294.781
294.784 294.819 294.895
294.724 294.773 294.840
294.686 295.124 296.663
294.722 294.785 294.888
294.771 294.837 294.978
294.656 294.735 294.880
294.655 294.688 294.718
294.675 294.819 295.271
294.693 294.781 294.882
294.759 294.824 294.903
294.680 294.765 294.853
294.706 295.260 297.183
294.697 294.778 294.830
294.667 294.750 294.839
294.655 294.801 294.971
294.670 294.785 294.883
294.671 294.741 294.825
294.703 294.748 294.839
294.677 294.768 294.824
294.720 294.763 294.803
294.769 294.804 294.831
294.785 294.879 295.066
294.762 294.835 294.910
294.666 295.585 298.797
294.686 294.751 294.788
294.726 294.784 294.855
294.713 294.760 294.835
294.730 294.814 294.903
294.709 297.006 302.539
294.619 294.731 294.857
294.708 295.278 296.170
294.645 294.679 294.731
294.723 294.778 294.845
294.708 294.813 294.969
294.704 294.750 294.785
294.702 294.790 294.855
294.740 294.788 294.825
294.884 295.199 295.436
294.709 294.929 295.518
294.692 294.948 295.665
294.740 294.804 294.849
294.664 294.762 294.840
294.620 294.684 294.763
294.667 294.733 294.835
294.738 294.777 294.809
294.736 294.806 294.844
294.726 294.801 294.842
294.673 294.750 294.816
294.705 294.801 294.859
294.674 294.708 294.766
294.674 295.253 297.187
294.694 294.849 295.250
294.686 294.755 294.800
294.656 294.728 294.814
294.746 294.790 294.834
294.668 294.950 295.990
294.708 294.779 294.828
294.734 294.860 295.121
294.763 294.796 294.815
294.749 294.800 294.829
295.076 295.587 296.600
294.672 294.710 294.777
294.705 294.800 294.840
295.183 295.509 295.746
294.685 294.716 294.756
294.637 294.966 295.975
294.642 295.534 296.980
294.665 294.745 294.817
294.740 294.800 294.847
294.700 294.754 294.809
294.697 294.777 294.923
294.654 294.830 295.274
656.300 659.417 662.534
294.758 294.768 294.794
294.744 294.777 294.827
294.646 294.695 294.732
294.725 294.813 294.848
294.678 294.784 294.914
294.734 294.868 295.066
294.667 294.785 294.863
294.749 294.823 294.867
294.686 294.801 294.861
0 0 0
295.903 301.310 305.430
294.706 294.891 295.311
294.682 294.738 294.841
294.744 294.909 295.148
294.764 294.838 294.988
294.623 294.690 294.806
294.765 294.809 294.861
294.691 294.890 295.351
294.655 294.978 295.932
294.752 294.809 294.858
294.732 294.795 294.848
294.748 294.790 294.829
294.645 295.185 296.743
294.715 294.766 294.846
294.756 294.776 294.805
294.709 294.730 294.772
294.661 294.711 294.781
294.797 294.868 295.065
294.770 294.818 294.885
294.651 294.770 294.841
294.775 294.815 294.845
294.814 294.949 295.144
294.770 294.817 294.918
294.718 294.836 295.054
294.690 294.784 294.883
294.743 294.887 295.357
294.688 294.750 294.822
294.641 294.777 294.890
294.817 294.844 294.888
294.671 294.876 295.511
294.718 294.784 294.908
294.774 294.827 294.953
295.743 302.417 309.994
295.311 298.664 304.434
294.823 295.262 296.463
294.778 294.859 295.004
294.827 300.664 307.890
294.708 294.755 294.895
294.774 294.931 295.464
294.778 294.858 294.954
294.665 294.763 294.845
294.610 294.778 295.032
294.664 294.709 294.765
294.752 294.801 294.834
294.780 294.805 294.832
294.733 295.249 297.066
294.787 294.888 295.078
295.463 297.150 299.501
294.680 294.845 295.071
294.707 294.928 295.398
294.680 294.853 295.037
294.735 294.763 294.795
294.697 294.762 294.944
294.755 295.158 295.794
294.769 295.061 295.995
294.742 294.855 295.030
294.659 294.760 294.833
294.743 294.811 294.874
294.730 294.842 294.943
294.816 297.367 300.156
294.682 294.727 294.776
294.685 294.754 294.838
294.714 294.754 294.802
294.640 294.687 294.713
294.700 294.767 294.814
295.231 295.425 295.966
294.830 295.410 295.788
295.322 295.536 295.813
295.001 295.261 295.534
295.175 295.997 296.622
294.610 295.273 296.458
294.725 294.781 294.870
294.685 294.899 295.651
294.781 294.811 294.843
294.694 294.743 294.858
294.800 295.444 297.110
294.757 297.520 301.019
