111.774 111.832 111.900
111.785 111.830 111.927
106.767 110.582 111.882
106.318 110.756 111.931
111.578 111.896 112.558
111.858 111.919 111.971
111.761 111.813 111.891
112.074 112.867 113.805
106.387 110.767 111.935
106.209 109.625 111.867
111.798 111.864 111.970
106.804 110.593 111.935
107.421 110.725 111.885
111.803 112.131 112.713
111.902 111.917 111.943
110.529 111.800 112.803
106.386 110.813 111.956
106.169 110.749 111.986
107.494 110.999 111.900
111.772 111.824 111.884
106.145 109.867 111.966
111.885 111.915 111.980
106.135 109.565 111.852
110.608 111.624 111.920
111.864 111.908 111.943
111.880 111.911 111.950
111.793 112.764 113.838
111.771 111.859 111.930
110.576 111.571 111.895
110.530 111.341 111.894
107.430 110.968 111.915
111.814 111.876 111.927
111.890 111.940 112.070
107.479 110.710 111.869
110.506 111.602 111.942
111.862 111.926 112.018
111.812 111.861 111.910
111.836 111.879 111.919
111.851 111.932 112.098
106.206 110.798 112.223
111.823 111.875 111.921
111.825 111.910 112.099
110.611 111.640 112.059
108.683 112.001 113.818
111.834 112.062 112.753
111.894 111.909 111.928
111.846 112.522 113.802
106.627 110.852 112.009
111.567 111.825 112.081
111.804 111.859 111.910
111.842 111.898 111.972
106.838 110.674 112.095
111.831 111.920 111.997
111.759 111.909 112.055
110.773 111.672 111.962
111.610 111.844 111.946
107.524 111.072 112.112
111.870 111.927 111.983
110.585 111.603 111.938
111.784 111.843 111.930
111.883 111.912 111.947
111.781 111.845 111.933
111.758 112.242 113.672
111.905 111.949 111.980
107.385 110.721 111.882
111.827 111.895 111.963
106.267 110.724 111.897
111.811 111.860 111.906
111.829 112.281 113.936
111.868 111.925 112.001
107.504 110.805 112.023
111.887 112.009 112.323
111.883 111.955 111.989
110.631 111.650 111.972
110.567 111.610 111.941
111.870 111.922 112.043
106.246 110.496 112.058
112.083 113.250 113.836
107.549 111.137 112.206
111.883 112.283 113.002
111.808 111.870 111.984
107.475 110.984 111.935
111.763 111.833 111.898
106.748 110.840 111.963
111.514 111.785 111.880
110.590 111.599 111.913
111.858 112.343 113.842
106.943 110.925 111.980
111.831 111.903 111.969
111.842 111.862 111.916
111.826 111.906 111.994
111.818 111.900 111.973
111.848 111.897 111.968
110.628 111.585 111.940
111.793 111.897 111.980
112.037 113.276 113.788
111.815 111.891 112.004
111.865 111.905 111.937
111.753 112.303 113.790
107.491 110.927 111.866
106.489 110.780 111.901
110.606 112.064 113.939
111.751 111.892 112.008
107.486 111.036 111.946
111.851 111.874 111.891
106.813 110.862 111.932
111.905 111.960 112.036
106.352 110.821 111.977
111.856 111.924 112.047
106.652 110.835 111.931
111.824 111.876 111.920
111.860 112.240 113.641
111.805 111.846 111.920
111.817 111.925 112.039
111.836 111.875 111.965
111.772 112.473 113.776
106.759 110.870 111.916
111.834 112.272 113.828
111.767 111.916 112.129
106.134 110.766 112.043
111.741 111.879 111.958
110.578 111.614 111.899
111.818 111.863 111.950
111.880 111.911 111.930
111.790 111.871 111.969
107.444 110.955 111.894
106.133 109.631 112.018
111.521 111.794 111.908
106.330 110.762 111.897
106.868 110.869 111.910
111.870 111.901 111.942
110.539 111.717 112.501
111.842 111.884 111.929
111.867 111.939 111.986
111.799 111.901 112.069
111.814 111.871 111.925
111.773 112.254 113.864
111.821 111.852 111.879
111.653 111.924 112.170
106.100 109.635 111.968
111.619 111.808 111.914
111.892 112.317 113.824
111.842 112.391 113.312
111.863 111.879 111.904
111.776 111.993 112.407
111.840 111.919 112.159
110.659 111.640 111.901
111.807 111.885 111.997
111.821 111.884 111.994
106.291 110.733 111.903
111.728 111.850 111.946
106.066 109.601 112.102
106.095 110.724 111.935
111.779 111.867 111.964
111.864 111.920 111.996
106.197 110.736 111.956
111.853 111.916 112.007
111.823 111.873 111.942
111.881 111.922 111.989
107.462 110.984 111.929
111.642 111.901 112.061
107.344 110.992 111.976
111.526 111.834 111.933
111.800 111.913 112.041
106.346 111.160 113.794
111.808 111.919 111.992
106.546 111.073 113.223
111.775 112.100 112.844
106.533 109.871 112.014
111.812 111.887 111.952
106.226 110.862 112.332
111.865 111.921 111.980
106.779 109.784 111.930
106.599 110.826 111.921
111.792 111.891 112.078
110.553 111.637 111.936
111.847 111.943 112.101
111.807 111.909 112.069
107.418 110.986 111.980
111.791 111.883 111.931
111.800 111.817 111.844
111.824 111.900 112.056
111.824 111.852 111.888
106.179 111.061 113.112
111.860 111.994 112.254
111.800 111.868 111.949
106.740 110.606 111.910
112.102 112.754 113.754
111.826 111.875 111.979
111.734 111.799 111.921
107.485 111.028 111.988
106.400 110.906 112.444
111.830 111.883 111.904
106.301 110.795 111.948
111.857 112.120 113.038
111.828 111.904 112.042
106.769 110.598 111.868
111.873 111.910 112.009
111.836 111.891 112.004
111.869 111.937 111.998
111.820 111.870 111.923
106.223 109.405 111.981
111.852 111.885 111.914
111.814 111.871 111.926
111.764 111.835 111.878
111.907 111.924 111.965
111.815 111.870 111.927
111.823 111.879 111.921
111.774 111.856 111.917
111.843 111.897 111.961
110.596 111.651 111.944
111.938 112.173 112.485
111.890 111.932 111.975
106.292 110.760 111.932
106.134 110.753 111.940
111.877 111.943 112.015
106.750 110.881 111.955
106.375 110.802 111.948
111.827 111.847 111.895
107.522 111.065 112.050
111.831 111.874 111.982
111.827 111.978 112.365
106.723 110.823 111.969
106.221 109.877 111.903
111.867 111.927 111.963
111.857 111.929 112.010
111.721 111.816 111.886
111.847 112.068 112.644
111.843 111.892 111.943
106.251 110.700 111.888
111.880 111.911 111.960
111.832 111.870 111.924
106.269 109.853 111.837
111.772 111.822 111.883
111.810 111.860 111.886
111.778 111.879 111.969
111.735 111.841 111.931
111.839 111.885 112.006
111.786 111.904 112.123
107.472 111.009 111.927
111.763 111.860 111.962
106.041 110.729 111.961
111.844 111.924 111.987
111.829 112.121 113.071
111.806 111.891 111.959
107.476 111.008 111.961
111.820 111.883 111.930
106.638 110.821 111.937
111.850 111.997 112.354
111.862 111.897 111.931
111.845 111.883 111.934
111.757 112.265 113.821
106.355 110.769 111.898
106.174 110.772 112.056
111.863 111.893 111.954
106.114 110.773 111.974
106.785 110.608 111.872
106.727 110.797 111.914
111.840 111.905 111.985
111.782 111.869 111.960
106.717 110.981 112.518
118.275 119.931 122.862
111.848 111.988 112.163
112.047 112.592 113.410
111.857 113.238 113.927
111.862 111.907 111.950
108.528 111.213 111.924
111.790 111.855 111.891
111.822 111.890 111.943
106.776 110.839 111.936
111.808 111.857 111.937
111.773 111.852 111.924
107.540 111.076 112.187
111.776 111.898 111.954
111.848 111.888 111.924
111.504 111.808 111.975
106.188 110.795 112.033
107.582 111.043 111.989
111.838 111.917 111.993
111.746 111.808 111.937
111.842 111.924 112.008
111.936 111.969 111.995
106.134 110.763 111.958
111.817 111.893 111.944
106.425 110.802 111.926
106.768 110.889 112.005
106.346 109.923 112.047
111.876 111.909 111.963
111.792 111.907 112.013
111.799 111.877 111.998
107.346 110.938 111.895
111.878 111.916 111.946
107.491 111.027 111.938
111.766 112.016 112.690
106.637 110.798 111.999
111.807 111.875 111.985
106.384 110.760 111.932
111.823 111.923 112.009
106.743 110.853 111.965
111.617 111.803 111.864
111.807 111.912 112.005
111.881 111.926 111.973
111.844 111.907 111.980
111.796 111.865 111.933
107.592 111.215 112.691
106.421 110.771 111.914
107.527 110.295 111.981
111.842 112.166 113.209
107.633 111.050 111.932
106.216 109.736 111.888
111.733 111.854 111.976
111.844 111.901 111.964
111.823 111.883 112.011
111.885 112.133 112.637
111.820 111.857 111.895
110.770 112.143 114.279
106.279 110.842 112.147
111.941 111.970 111.996
110.798 112.026 112.993
107.545 111.054 111.968
106.393 110.793 112.012
111.878 112.227 113.459
106.140 109.712 112.141
106.315 109.700 111.853
111.784 111.816 111.898
111.869 112.030 112.566
111.877 111.949 112.074
111.821 111.857 111.947
106.176 110.751 111.933
111.908 111.936 111.970
106.782 110.861 111.906
111.804 111.927 112.044
112.744 113.181 114.755
112.736 112.776 112.846
108.408 111.895 112.804
107.668 112.234 114.666
111.824 111.918 112.008
111.866 112.598 113.823
107.452 111.186 112.792
106.419 110.687 111.858
107.421 110.922 111.900
111.892 111.916 111.972
110.646 111.601 111.879
111.574 111.819 111.930
111.850 112.061 112.708
111.786 111.891 112.008
111.819 111.855 111.945
106.014 110.700 111.895
106.202 110.659 111.929
111.624 111.873 111.964
111.886 111.933 111.978
111.768 111.844 111.980
106.094 110.737 111.979
106.733 110.857 111.954
106.029 111.100 113.365
111.714 111.905 112.086
106.112 110.744 111.956
111.616 111.864 112.075
107.612 110.821 112.024
111.814 111.875 111.940
111.839 111.895 111.942
111.682 111.841 111.948
110.666 111.641 111.923
106.234 111.014 113.215
111.831 112.005 112.452
106.077 110.703 111.983
110.580 111.556 111.922
111.851 111.923 112.007
110.640 111.681 112.083
111.658 111.872 111.982
107.849 111.278 112.701
107.479 111.100 112.201
111.661 111.825 112.007
111.818 111.938 112.055
106.159 110.754 111.983
111.903 111.970 112.096
106.213 110.734 111.909
111.808 112.018 112.564
111.818 111.890 111.921
111.864 111.951 112.117
111.842 111.912 112.025
106.321 110.546 111.954
111.842 111.915 112.017
111.797 111.875 111.929
107.454 111.017 111.998
106.372 110.728 111.987
111.838 112.107 112.835
111.783 111.921 112.071
111.856 111.951 112.152
106.079 110.669 111.881
106.118 110.724 111.954
106.126 109.855 111.966
106.416 110.814 111.959
111.867 111.970 112.279
111.765 111.848 111.915
111.851 111.939 112.208
106.381 110.851 112.718
111.733 111.786 111.869
111.892 111.920 111.959
107.441 110.958 111.883
106.653 110.823 111.960
106.377 109.759 111.962
111.854 112.235 113.595
111.792 111.848 111.925
111.770 111.852 111.889
111.815 111.893 111.967
111.838 111.915 111.972
111.891 112.705 113.878
111.802 111.831 111.850
111.869 111.920 111.994
110.632 112.306 113.284
106.752 110.835 111.903
106.497 110.829 111.956
111.727 111.867 111.923
111.755 111.835 111.913
111.840 111.929 111.998
107.530 111.015 111.948
111.821 111.857 111.899
111.827 111.904 111.953
111.872 111.898 111.920
111.825 111.885 111.914
111.813 111.885 111.960
111.780 111.872 111.951
107.579 111.103 112.009
111.857 111.890 111.917
111.792 111.847 111.885
111.774 111.860 111.925
111.854 111.905 111.953
111.867 112.261 113.758
111.630 111.797 111.866
106.393 110.798 112.015
107.368 110.968 111.930
111.760 112.080 113.045
106.747 110.852 111.931
106.128 110.809 112.416
111.851 111.865 111.892
106.296 111.021 113.001
110.545 111.628 112.006
110.708 111.613 111.893
111.856 111.907 111.961
111.745 111.783 111.829
111.810 111.891 111.944
106.742 110.846 111.908
107.394 110.942 111.850
111.802 112.108 112.972
111.831 111.890 111.973
111.739 112.034 113.106
107.565 111.037 111.957
106.369 110.733 111.929
107.367 110.111 111.929
111.789 111.937 112.228
111.830 111.872 111.935
111.814 111.848 111.898
111.824 111.957 112.262
111.820 112.263 113.758
107.511 110.987 111.925
106.134 110.730 111.931
106.415 111.151 113.774
111.738 111.834 111.956
111.600 111.905 112.177
111.792 111.861 111.934
111.812 111.925 112.142
111.790 111.881 111.958
108.193 111.090 111.886
107.415 111.001 111.972
106.106 109.717 112.358
111.826 111.913 112.031
111.760 111.838 111.910
106.314 110.771 111.927
111.840 111.881 111.901
106.301 110.820 112.100
111.784 111.859 111.953
111.814 111.989 112.292
111.812 111.924 112.109
111.756 111.844 111.948
111.845 111.913 112.009
111.869 111.907 111.948
111.788 111.854 111.905
110.587 111.606 111.977
110.551 111.640 111.962
111.831 111.858 111.871
107.975 111.942 113.776
111.756 111.864 111.941
107.424 111.211 113.102
110.551 111.611 111.914
106.149 110.749 111.934
106.153 109.853 111.913
111.792 111.842 111.915
111.840 111.939 112.187
111.497 111.726 111.828
111.755 111.863 111.947
111.851 111.862 111.875
111.758 111.808 111.866
111.758 111.792 111.871
111.547 111.775 111.849
111.736 112.213 113.675
111.886 111.916 111.976
111.863 111.917 112.020
110.568 111.997 113.924
111.755 112.122 112.839
111.835 111.903 112.026
111.748 112.210 113.737
111.821 112.242 113.771
111.796 111.883 111.960
106.124 109.734 111.955
111.813 111.872 111.906
107.499 110.993 111.934
111.877 111.933 111.969
111.790 111.856 111.896
106.746 110.831 111.912
111.828 111.947 112.044
110.483 111.597 111.969
111.811 111.852 111.892
111.845 111.872 111.911
111.814 112.223 113.698
107.492 110.956 111.868
106.265 106.409 106.687
106.222 106.512 107.432
106.252 106.337 106.384
111.496 111.778 111.918
111.819 112.488 113.839
106.077 110.748 112.001
110.605 111.606 111.960
111.798 111.869 111.924
111.606 111.815 111.932
106.238 106.328 106.454
106.261 106.349 106.435
106.272 106.319 106.414
106.319 106.471 106.670
106.312 106.349 106.394
106.286 106.356 106.412
106.269 106.358 106.424
106.124 106.349 106.451
106.309 106.402 106.509
106.172 106.308 106.638
106.283 106.569 107.367
106.336 106.413 106.537
106.285 106.318 106.383
106.258 106.276 106.329
106.330 106.368 106.391
106.321 106.372 106.412
106.209 106.311 106.455
106.360 106.407 106.467
106.270 106.316 106.371
106.260 106.285 106.304
106.312 106.373 106.438
106.360 106.382 106.413
106.050 106.175 106.287
106.291 106.356 106.487
106.281 106.359 106.441
106.273 106.322 106.383
106.267 106.355 106.409
106.302 106.388 106.441
106.248 106.368 106.665
107.044 108.064 109.221
106.392 106.960 108.789
106.304 106.595 107.500
106.346 106.590 107.257
106.270 106.362 106.410
106.095 106.290 106.363
106.345 106.485 106.692
106.173 106.339 106.413
106.220 106.299 106.427
106.278 106.567 107.222
106.323 106.346 106.379
106.198 106.282 106.380
106.332 106.540 107.127
106.067 106.276 106.411
106.247 106.491 107.312
106.288 106.338 106.380
106.262 106.340 106.400
106.222 106.285 106.329
106.282 107.436 111.703
106.286 107.405 111.824
106.222 106.300 106.389
106.274 107.436 111.836
106.312 106.346 106.376
106.462 110.687 111.855
111.777 111.815 111.845
111.754 111.810 111.884
111.854 111.891 112.002
106.385 110.945 112.829
111.737 111.810 111.896
107.389 110.877 111.824
106.438 110.724 111.824
107.551 110.965 111.853
111.694 111.805 111.894
111.742 111.810 111.851
111.709 111.845 111.908
111.775 111.842 111.897
111.719 112.327 113.695
111.774 111.820 111.872
106.231 110.617 111.800
111.813 111.911 112.269
106.309 108.981 111.846
110.626 111.578 111.871
106.304 110.657 111.882
111.752 111.793 111.851
111.679 111.772 111.841
106.342 110.728 111.927
111.795 111.840 111.904
106.360 110.495 111.898
106.345 110.778 111.955
111.788 111.818 111.871
110.458 111.553 111.966
106.170 110.689 111.850
111.760 111.797 111.840
111.741 111.787 111.838
106.188 110.696 111.928
107.580 111.002 111.926
111.705 112.026 113.022
111.647 111.795 111.944
106.081 108.660 111.834
106.084 108.537 111.944
111.789 111.848 111.924
111.733 111.760 111.784
106.375 110.749 111.890
106.059 110.617 111.808
107.423 110.107 111.891
111.584 111.802 111.914
110.413 111.517 111.938
106.719 110.788 111.863
110.423 111.495 111.853
111.691 111.810 112.045
111.725 111.901 112.343
111.781 111.808 111.873
111.451 111.756 111.845
112.448 113.219 113.686
106.330 106.379 106.400
106.296 106.586 107.514
106.339 107.317 108.285
106.315 106.717 108.165
106.296 106.401 106.473
106.302 106.365 106.440
106.310 106.324 106.335
106.292 106.385 106.464
106.310 110.521 111.875
111.847 111.884 111.933
111.744 111.846 111.947
106.483 110.835 111.985
106.288 110.717 111.917
111.713 111.828 111.903
111.792 111.918 112.080
111.800 111.853 111.900
106.331 109.825 111.841
111.827 111.876 111.901
106.287 110.842 112.084
106.709 110.826 111.898
111.536 112.283 113.245
111.855 111.896 111.947
106.433 109.905 111.910
106.254 110.752 112.016
111.837 111.868 111.889
111.814 111.937 112.136
111.857 111.877 111.921
111.838 111.878 111.906
111.763 111.871 111.964
111.826 111.883 111.914
111.739 111.828 111.946
106.607 111.051 113.207
107.406 107.677 108.500
106.707 107.772 109.289
107.415 107.482 107.564
111.779 111.838 111.908
111.758 111.849 111.941
111.860 111.907 111.960
106.696 110.777 111.858
111.743 111.856 111.947
106.089 110.712 111.898
111.742 111.782 111.824
111.801 111.872 111.987
111.834 113.287 115.350
110.569 111.563 111.848
111.834 111.861 111.937
111.833 111.855 111.891
106.669 110.801 111.847
111.797 111.844 111.885
106.779 110.846 111.972
109.233 111.329 111.893
106.357 106.725 108.059
106.239 106.371 106.445
106.248 106.319 106.397
106.276 106.395 106.656
106.317 106.394 106.502
106.290 106.348 106.425
106.982 107.797 108.289
106.342 107.328 108.319
106.305 106.590 107.505
111.804 111.852 111.900
111.568 111.798 111.926
111.813 111.846 111.913
110.551 111.572 111.947
106.639 110.823 111.928
111.849 111.980 112.321
111.814 111.902 111.983
111.869 111.913 111.972
111.833 111.864 111.903
111.819 111.996 112.536
107.420 110.961 111.891
111.740 111.782 111.823
106.586 111.410 114.409
108.273 112.052 113.711
111.811 111.825 111.857
111.747 111.874 111.933
107.436 110.971 111.896
111.836 111.920 112.036
111.802 111.882 111.963
111.831 111.865 111.909
111.838 112.559 113.689
106.968 111.292 113.829
111.810 111.864 111.918
106.697 110.838 111.903
106.713 110.796 111.893
107.565 111.025 111.943
111.817 111.867 111.907
106.377 110.726 111.879
111.810 111.845 111.872
106.058 110.691 111.938
107.413 110.654 111.845
107.346 110.986 111.930
111.746 111.776 111.817
106.070 110.394 111.811
110.581 111.608 111.940
111.740 111.794 111.886
111.772 111.853 111.919
111.635 111.881 111.987
111.820 111.870 111.934
111.787 111.867 111.923
106.038 110.646 111.834
111.820 111.895 111.948
111.830 111.869 111.903
111.889 111.912 111.941
111.555 111.788 111.858
111.835 111.986 112.446
111.838 111.885 111.939
111.802 112.230 112.903
111.746 111.829 111.905
111.841 111.885 111.940
111.705 112.210 113.765
106.301 110.778 111.953
111.831 111.874 111.972
106.311 110.760 111.928
111.739 111.814 111.890
111.806 111.856 111.903
107.476 111.222 112.993
111.906 112.105 112.826
107.583 111.018 111.905
111.802 112.243 113.831
106.184 110.718 111.926
110.583 111.583 111.890
106.350 109.733 111.897
111.819 111.876 111.959
111.779 111.855 111.890
106.494 110.771 113.017
111.717 111.867 111.928
111.849 111.878 111.938
107.465 111.447 114.006
111.839 112.194 113.453
111.805 112.005 112.619
111.764 111.869 111.993
111.766 111.840 111.964
111.756 111.859 111.973
110.558 111.592 111.915
111.852 111.870 111.887
111.849 111.867 111.884
111.823 111.847 111.877
106.204 110.786 111.980
111.786 111.849 111.947
106.316 110.477 111.925
111.830 111.877 111.961
111.741 111.827 111.983
111.750 111.795 111.852
106.882 111.362 113.841
107.473 110.971 111.941
111.840 112.115 112.901
106.711 109.784 111.937
111.785 111.858 111.934
111.798 111.886 111.980
111.832 111.872 111.922
106.079 110.754 112.019
106.357 110.760 111.911
111.744 111.872 111.993
111.767 111.858 111.991
111.904 112.135 113.027
106.063 109.790 111.879
111.778 112.250 113.789
111.757 112.221 113.833
111.523 111.862 112.275
106.339 110.775 111.950
106.755 110.898 112.091
110.592 111.655 112.155
111.874 111.966 112.186
106.473 110.767 111.920
111.792 111.906 111.979
106.340 110.821 112.083
110.594 111.677 111.965
106.122 110.705 112.007
111.802 111.855 111.918
106.799 111.161 113.421
111.781 111.832 111.921
106.379 109.788 111.976
111.819 111.875 111.929
106.142 109.863 111.912
106.264 110.745 111.976
106.191 109.671 111.940
112.263 112.790 113.767
111.773 111.854 111.975
106.072 110.798 112.409
111.735 112.252 113.856
111.772 111.849 111.895
111.781 111.932 112.369
110.562 111.660 111.994
111.828 111.898 112.004
111.805 112.122 113.152
111.773 111.836 111.891
111.812 111.895 111.957
107.438 110.988 111.918
111.789 111.857 111.916
111.825 111.887 111.944
106.330 110.809 111.969
111.815 111.878 111.937
111.786 111.966 112.363
113.053 113.607 113.908
111.803 111.841 111.882
111.749 112.504 113.704
107.464 110.777 111.944
111.726 111.835 112.019
106.852 110.888 111.928
111.864 111.917 111.977
106.191 110.759 111.944
111.565 111.826 111.957
111.767 111.821 111.863
111.862 111.912 111.937
111.778 111.880 112.035
111.805 111.903 112.000
111.809 111.860 111.948
110.529 111.598 111.946
111.791 111.925 112.080
106.407 110.773 111.954
106.369 110.779 111.917
111.811 111.899 112.080
111.542 111.774 111.904
106.308 111.077 113.445
111.924 111.942 111.959
106.092 110.692 111.899
107.515 110.983 111.916
111.809 111.890 111.924
106.126 110.721 111.958
111.845 112.076 112.742
111.762 111.829 111.938
106.161 110.719 111.887
106.114 110.729 111.965
111.834 111.871 111.967
111.810 111.887 111.926
111.793 111.824 111.895
106.304 110.806 112.141
109.301 111.375 111.970
111.805 111.875 111.942
110.568 111.785 112.526
107.514 110.997 111.939
111.868 111.919 111.974
111.808 111.857 111.896
111.814 111.873 112.046
111.767 111.818 111.878
111.817 111.866 111.909
111.869 111.898 111.970
111.855 111.902 111.977
106.329 110.802 111.992
111.815 111.835 111.858
111.712 111.857 111.981
110.517 111.533 111.972
111.625 111.819 111.899
110.628 111.602 111.921
106.240 111.106 113.712
111.760 111.868 112.010
106.091 110.948 113.003
106.898 110.785 111.862
111.895 111.926 111.956
111.801 111.864 111.995
111.780 111.906 111.985
111.764 111.830 111.930
111.828 111.883 111.933
111.777 111.827 111.883
111.680 111.820 111.916
106.199 109.703 111.941
106.634 110.803 112.001
106.765 110.816 111.876
111.855 111.934 112.076
111.609 111.761 111.923
111.733 111.946 112.462
106.634 110.760 111.811
111.785 111.828 111.872
111.795 111.901 112.032
111.790 111.875 111.998
111.772 111.870 111.987
111.777 111.972 112.575
106.161 110.698 111.880
111.808 111.841 111.887
106.422 110.806 111.948
111.734 111.832 111.963
111.780 111.847 111.944
106.164 110.694 111.861
110.537 111.636 112.101
111.817 111.878 111.948
111.740 111.801 111.873
106.041 110.667 111.840
111.804 111.864 111.920
111.692 111.837 111.920
106.780 110.846 111.901
106.678 110.979 112.360
111.774 111.863 111.924
111.847 112.244 113.066
111.792 111.843 111.927
106.148 110.696 111.875
106.757 110.881 111.947
107.525 111.016 112.019
111.840 111.907 112.074
111.788 111.864 111.958
111.829 111.925 112.185
111.692 112.198 113.569
111.737 111.838 111.943
111.835 111.868 111.915
111.817 111.863 111.925
107.483 110.338 111.906
111.687 111.779 111.875
111.766 111.874 111.999
107.646 111.001 111.929
110.617 111.652 111.936
107.453 111.007 111.911
111.832 111.872 111.908
111.809 111.840 111.902
111.814 111.864 111.946
106.755 110.815 111.948
110.698 111.665 111.963
106.181 110.770 111.960
111.754 112.029 112.680
111.616 111.873 112.090
111.851 111.908 111.953
111.732 111.933 112.585
111.871 111.926 111.982
111.789 112.182 113.469
111.820 111.883 111.988
111.683 111.911 112.037
106.107 110.754 111.941
111.768 111.814 111.919
106.243 110.757 112.002
110.693 111.633 111.951
111.804 112.278 113.863
106.406 110.821 112.140
106.357 110.767 111.926
111.779 111.887 111.954
111.848 111.879 111.924
111.869 111.916 111.975
111.814 112.197 113.434
106.725 110.563 111.935
112.045 113.171 113.902
106.069 110.723 111.927
111.839 111.872 111.933
111.855 111.889 111.919
111.784 112.059 112.804
111.788 112.107 113.144
106.459 110.802 111.939
111.862 111.901 111.943
111.809 111.906 112.004
111.782 111.866 111.952
106.809 110.865 111.925
111.813 111.845 111.901
106.238 110.738 111.892
106.768 110.855 111.945
111.820 111.863 111.930
107.471 110.995 111.970
111.851 111.951 112.092
111.817 111.884 111.977
111.764 111.837 111.964
111.787 111.832 111.898
111.861 111.953 112.184
106.634 110.842 112.052
111.848 111.885 111.926
111.824 111.905 111.949
111.767 112.085 113.111
111.733 111.872 111.938
111.873 111.931 111.985
111.627 111.815 111.891
111.866 111.918 111.952
106.119 110.703 111.938
111.807 112.274 113.743
107.390 110.944 111.889
111.887 111.914 111.969
111.699 111.751 111.801
111.789 111.857 111.919
111.839 111.891 111.960
111.890 111.940 111.978
111.799 112.213 113.655
110.614 111.605 111.895
111.778 111.867 111.934
106.286 109.704 111.888
107.510 110.966 111.909
106.036 110.698 111.916
106.338 110.766 112.190
111.795 111.838 111.977
111.820 111.883 111.954
107.522 110.989 111.898
106.760 110.976 112.438
106.139 110.784 112.054
106.753 110.883 111.938
111.581 111.946 112.382
108.134 111.108 111.876
106.424 110.780 111.953
106.701 110.841 111.934
111.704 111.863 111.982
106.358 110.778 111.926
106.639 110.889 112.108
111.837 111.917 112.042
111.838 111.880 111.909
111.790 111.836 111.894
111.818 111.893 111.968
106.341 110.222 111.844
106.808 110.780 111.936
106.327 110.715 111.950
111.791 111.880 112.083
111.815 111.856 111.892
107.449 110.882 111.834
111.796 111.855 111.932
111.823 111.862 111.952
111.762 111.848 111.894
106.403 110.780 111.894
106.104 110.737 111.915
110.599 111.655 112.027
111.563 111.786 111.889
106.391 110.868 112.147
110.455 111.537 111.855
111.783 111.848 111.896
111.600 111.915 112.314
111.916 112.206 112.989
107.492 110.993 111.891
111.844 112.101 112.912
106.163 110.775 112.010
106.213 110.480 111.950
111.753 111.798 111.900
112.497 113.134 113.722
111.865 112.270 112.939
111.833 112.527 113.726
111.851 111.884 111.944
106.191 110.727 111.890
106.249 110.705 111.866
111.875 111.913 111.970
110.621 111.600 111.891
111.842 112.197 113.453
106.182 110.462 111.920
107.432 110.933 111.865
111.873 111.905 111.967
111.856 111.946 112.017
111.799 111.874 111.927
111.840 111.962 112.182
107.477 110.995 111.919
112.088 112.886 113.856
111.852 111.885 111.927
106.127 110.725 111.932
110.709 111.649 111.925
111.777 111.851 111.892
111.796 111.836 111.953
107.512 111.016 111.938
111.739 111.819 111.859
106.693 110.793 111.923
111.668 111.997 112.649
111.826 111.866 111.914
111.855 111.901 111.969
111.690 111.946 112.118
111.771 111.837 111.896
111.837 111.863 111.886
111.856 111.904 112.011
111.791 111.852 111.990
111.799 112.055 112.654
106.089 110.608 111.875
111.739 111.793 111.833
111.815 111.877 111.930
111.875 111.933 112.027
111.813 111.892 111.963
111.830 111.891 111.969
111.825 111.879 111.928
106.556 110.800 111.940
111.815 111.887 112.013
111.744 111.869 112.030
107.538 111.007 111.926
111.797 111.886 111.972
106.050 110.676 111.894
111.874 111.933 112.076
111.816 111.883 111.911
111.823 112.595 113.709
111.826 111.871 111.909
106.718 110.829 111.906
111.800 111.875 111.943
107.538 111.047 111.967
110.650 111.683 112.204
111.806 111.934 112.177
106.708 110.845 112.017
107.486 110.180 111.982
111.789 111.952 112.138
106.425 110.798 111.910
111.751 111.875 112.084
111.770 111.818 111.868
111.855 112.086 112.571
110.550 111.650 111.946
106.742 110.843 111.926
111.808 111.844 111.862
110.599 112.448 113.795
111.847 111.899 111.931
111.841 111.889 111.928
106.696 110.863 111.966
111.629 111.904 112.112
111.818 111.864 111.969
106.096 110.683 111.904
111.772 111.900 112.109
106.056 110.675 111.950
106.771 110.901 112.038
107.587 111.045 111.979
106.749 110.892 112.039
111.866 111.954 112.153
106.208 110.763 111.948
107.439 111.262 113.232
107.494 111.044 111.998
111.763 111.826 111.946
106.835 110.648 111.986
111.751 112.242 113.826
111.816 111.856 111.880
111.830 111.854 111.885
111.779 111.917 112.019
111.753 111.838 111.912
106.157 110.658 111.901
111.867 111.888 111.939
111.532 111.860 112.126
111.836 111.928 111.994
111.913 111.946 111.991
111.801 111.909 112.079
111.858 111.956 112.148
111.637 111.834 111.984
111.756 111.870 111.964
111.849 111.925 111.998
111.516 111.838 112.133
111.861 112.077 112.639
109.415 111.323 111.871
111.786 111.933 112.283
111.765 111.829 111.865
111.886 111.967 112.175
111.819 111.876 111.936
111.793 111.914 112.036
111.726 111.945 112.246
111.856 111.872 111.890
111.864 112.218 113.396
111.766 111.886 111.948
107.500 111.059 112.062
111.755 111.815 111.900
111.753 111.784 111.824
107.447 111.358 113.022
106.390 110.528 111.939
106.483 110.775 111.923
111.818 111.870 111.923
106.164 109.707 111.976
110.625 111.632 111.958
111.806 111.881 111.944
111.861 111.917 112.015
106.707 110.856 111.961
106.154 110.788 111.969
106.627 110.492 111.820
111.773 111.858 111.991
111.782 111.890 111.943
106.577 110.864 111.984
111.568 111.815 111.896
106.794 110.926 112.073
111.898 111.967 112.045
106.894 110.889 111.927
111.836 111.923 112.021
111.820 111.904 112.016
111.820 111.867 111.928
111.869 112.086 112.764
106.728 110.843 111.930
111.813 111.914 112.004
111.559 111.735 111.846
111.586 111.842 111.993
111.796 111.953 112.071
111.857 111.914 112.004
111.864 111.919 111.984
106.259 110.798 112.057
111.825 111.876 111.947
111.819 111.907 111.955
111.841 111.914 111.959
111.827 111.862 111.885
111.792 111.891 112.056
110.590 111.549 111.821
106.402 110.813 111.996
107.619 111.103 113.817
111.851 112.005 112.451
111.868 111.921 112.051
111.819 111.905 112.003
111.809 111.888 112.012
107.495 111.016 111.934
106.109 110.701 111.907
111.775 111.862 111.934
111.816 111.854 111.887
111.580 111.849 112.148
111.909 111.933 111.956
107.483 110.720 111.886
106.741 110.823 111.980
111.769 112.317 113.812
111.754 111.844 111.911
111.889 112.081 112.702
111.827 111.848 111.876
111.840 111.912 111.992
111.807 111.853 111.921
111.779 111.843 111.925
107.508 111.012 111.964
111.836 111.910 112.027
110.647 111.636 111.967
111.752 111.875 111.925
106.213 110.633 111.860
111.764 112.169 113.372
106.217 109.696 111.936
111.777 111.860 111.908
111.844 111.912 111.987
111.701 111.807 111.921
111.904 111.949 112.069
106.029 110.602 111.921
111.779 111.854 111.931
111.818 111.894 111.937
106.310 111.026 113.215
108.432 111.427 112.884
106.090 110.705 111.919
111.733 111.817 111.894
111.749 111.836 111.897
111.795 112.191 113.674
107.565 111.040 111.940
111.535 111.828 111.978
107.554 111.006 111.935
107.497 110.107 111.951
111.761 111.862 111.967
106.116 110.679 111.880
111.830 111.886 111.921
107.488 110.110 111.915
111.773 111.838 111.928
111.778 111.928 112.144
111.867 111.903 111.949
111.738 111.867 112.039
111.504 111.821 111.920
111.837 111.874 111.911
106.731 110.818 111.860
107.467 111.022 111.947
111.818 111.889 111.963
106.171 110.781 112.105
111.919 111.933 111.941
111.724 111.807 111.872
111.836 112.127 113.142
111.732 111.824 111.870
111.786 111.833 111.902
111.894 111.924 111.950
111.790 111.964 112.575
107.508 110.990 111.990
111.832 111.905 111.974
111.810 111.854 111.888
111.803 112.295 113.943
107.486 110.127 111.894
111.894 111.945 112.100
111.840 111.888 111.947
106.419 110.784 111.925
106.682 110.646 112.217
111.746 111.847 111.980
111.782 112.160 113.222
106.430 110.731 111.921
106.402 110.793 111.985
107.421 110.996 111.928
111.812 111.921 112.034
111.834 111.914 112.032
111.621 111.780 111.866
108.190 111.516 112.621
106.412 109.649 113.539
111.817 111.840 111.883
111.868 112.016 112.452
111.865 111.893 111.922
111.803 111.883 112.004
111.866 111.899 111.949
107.471 110.988 111.919
111.827 111.910 112.039
106.798 110.910 112.107
106.164 110.514 111.994
111.799 111.850 111.886
107.494 110.736 111.945
111.768 111.838 111.893
111.780 111.831 111.914
106.367 110.804 111.996
107.488 111.003 111.954
111.863 112.640 113.781
111.780 111.828 111.880
111.760 111.788 111.823
111.809 111.912 111.993
111.857 111.904 111.964
111.841 111.918 112.029
111.869 111.910 111.973
111.789 111.851 111.897
110.621 111.617 111.892
111.830 111.852 111.897
106.362 110.845 112.079
111.777 111.851 111.914
106.131 110.821 112.335
111.738 111.840 111.935
111.746 111.861 111.949
111.764 111.853 111.913
106.097 110.659 111.938
106.822 110.835 111.874
111.605 111.832 111.968
111.818 111.894 112.010
106.203 110.761 111.979
111.872 111.927 111.960
106.272 109.876 111.906
106.445 110.837 112.025
107.508 110.074 111.856
106.709 110.048 113.047
111.805 111.859 111.903
111.782 111.868 111.990
111.851 111.993 112.400
111.845 111.991 112.369
111.827 111.878 111.947
111.807 111.897 112.006
106.206 110.784 112.000
111.783 111.888 111.931
111.812 111.835 111.880
107.461 110.968 111.860
111.840 111.914 111.998
110.578 111.573 111.869
111.754 111.781 111.801
111.794 111.867 111.935
111.627 111.868 112.167
111.813 112.112 113.048
110.592 111.625 111.925
106.128 110.646 111.881
106.317 108.759 111.816
111.723 111.869 111.975
111.740 111.849 111.908
106.357 110.745 111.849
106.747 110.868 111.988
111.764 111.971 112.586
113.267 113.460 113.888
111.812 112.217 113.769
106.292 110.674 111.806
111.766 111.850 111.931
111.781 111.890 111.983
106.358 110.772 111.912
111.907 111.941 112.030
111.822 111.868 111.984
106.389 110.851 112.337
106.304 110.742 111.912
111.643 111.816 111.902
110.593 111.668 111.975
111.787 111.864 111.933
110.560 111.577 111.920
106.313 110.743 112.036
106.288 110.730 111.861
111.788 111.831 111.902
111.789 111.861 111.970
111.863 111.912 111.971
111.776 112.281 113.648
111.831 111.917 111.971
110.659 111.586 111.882
106.680 110.808 111.868
111.805 111.853 111.958
106.085 110.709 111.918
107.465 110.939 111.897
111.810 111.864 111.957
106.086 110.632 111.938
106.126 109.869 112.015
111.775 111.881 112.108
111.882 111.918 111.963
111.588 111.801 111.914
111.823 111.853 111.878
112.793 113.371 113.782
108.267 111.118 111.904
111.500 111.828 111.946
111.709 112.441 113.712
106.783 110.833 111.938
106.629 110.742 111.872
106.306 110.723 111.863
111.813 111.869 111.933
111.833 111.903 111.993
111.824 111.918 112.110
111.490 111.806 111.993
106.326 110.744 111.869
111.850 111.902 111.921
111.853 111.922 112.015
106.689 110.853 111.930
106.170 109.577 111.892
111.806 112.221 113.818
111.784 112.218 113.770
106.075 111.073 113.708
108.012 110.981 111.875
112.136 112.750 113.868
106.160 110.431 111.884
111.741 111.866 111.970
111.860 111.898 111.956
111.832 111.888 111.998
107.036 110.884 111.994
110.538 111.565 111.892
111.892 111.908 111.932
107.519 110.943 111.849
106.107 110.703 111.919
111.807 111.946 112.100
111.621 111.844 111.958
106.720 110.813 112.000
111.609 111.798 111.909
111.831 111.886 111.935
106.015 110.676 111.952
106.217 110.750 112.038
111.826 112.175 113.397
111.811 111.914 112.123
111.912 112.342 112.760
111.806 111.895 111.962
106.783 110.814 111.913
111.780 111.952 112.374
107.467 111.005 111.959
106.044 109.797 111.890
114.261 115.208 115.841
111.703 111.773 111.854
111.822 111.896 112.027
111.569 111.848 111.932
106.389 110.778 111.944
111.791 111.875 111.911
106.269 109.689 111.944
106.368 110.512 111.926
106.648 111.260 113.951
111.826 111.847 111.863
110.596 111.599 111.885
111.787 111.871 111.909
111.800 111.864 111.986
106.282 109.693 111.807
110.662 111.642 111.908
106.300 110.774 111.932
106.295 110.685 111.984
106.229 110.759 112.011
106.712 110.749 111.894
111.757 111.846 111.882
111.674 111.744 111.859
111.733 111.869 111.987
106.402 110.798 111.999
107.397 110.980 111.963
106.073 109.524 111.818
111.826 111.889 111.950
111.764 111.793 111.877
110.671 111.641 112.072
107.480 110.985 111.954
111.720 111.815 111.861
111.741 112.249 113.888
106.147 110.692 111.884
111.582 111.836 112.012
106.406 110.740 111.892
111.870 111.908 111.957
111.732 111.975 112.492
107.509 111.000 111.966
110.587 111.336 111.924
111.748 111.962 112.137
111.764 111.854 111.922
111.718 111.801 111.884
106.172 110.779 112.051
111.737 111.838 111.895
111.810 111.857 111.906
111.798 111.857 111.898
106.141 110.699 111.868
111.682 111.826 111.956
111.842 111.953 112.246
111.810 111.852 111.960
111.748 111.821 111.952
111.815 111.947 112.326
111.847 111.884 111.923
111.833 111.885 111.996
111.707 111.997 112.786
111.795 111.859 111.902
110.572 111.591 111.874
111.854 112.146 113.159
111.864 111.900 111.933
111.785 111.848 111.929
111.808 111.855 111.917
111.805 111.852 111.900
111.820 111.886 111.970
111.771 111.805 111.883
107.009 110.818 111.827
111.774 112.253 113.778
106.205 110.751 111.947
111.807 111.878 111.960
111.841 112.056 112.742
111.762 111.800 111.826
107.367 111.217 113.143
111.766 111.817 111.857
106.743 110.778 111.914
111.805 111.881 111.983
110.537 111.305 111.856
111.781 111.807 111.852
106.127 110.666 111.907
111.742 111.809 111.861
111.729 111.877 111.963
111.502 111.856 112.115
111.812 111.877 111.918
111.822 111.873 111.994
106.354 110.724 111.846
106.781 110.845 111.940
111.791 111.861 111.936
106.279 110.835 112.102
111.795 111.879 112.088
106.658 110.748 111.935
107.475 111.017 111.993
111.809 111.857 111.921
111.792 111.873 111.942
112.639 113.435 113.843
111.867 112.621 113.762
111.796 112.143 113.292
111.838 111.917 112.127
107.440 111.009 111.924
106.505 110.819 112.056
106.795 110.821 111.870
106.668 110.800 111.858
111.787 111.837 111.899
106.700 110.823 111.930
111.845 111.910 112.044
111.539 111.807 111.991
111.765 111.846 111.914
106.780 110.849 111.948
106.128 110.795 112.151
106.557 110.838 111.963
111.768 111.822 111.875
106.138 110.743 111.947
111.844 111.866 111.899
111.856 111.939 112.144
111.835 111.870 111.905
111.647 111.840 111.932
107.444 110.971 111.899
106.654 110.555 111.893
111.773 111.848 111.931
106.380 110.727 111.886
111.781 111.848 111.906
106.202 109.829 111.836
107.524 110.997 111.891
106.249 109.772 112.284
111.778 111.852 111.896
111.847 111.932 112.104
108.627 112.217 113.777
111.768 111.860 111.940
106.159 110.606 111.816
107.519 111.027 111.972
111.764 111.856 111.901
111.805 111.857 111.893
111.838 111.889 111.960
111.821 111.858 111.940
107.665 111.232 112.992
111.810 111.893 111.930
106.444 110.754 111.953
106.796 110.882 111.951
111.876 111.898 111.937
111.773 112.241 113.802
111.832 111.870 111.910
111.823 111.896 111.964
111.489 112.145 113.826
106.434 109.747 111.933
106.413 110.797 111.978
111.870 111.955 112.016
111.779 111.875 112.052
106.929 110.879 111.959
106.405 110.831 111.959
111.824 111.884 111.987
111.849 111.890 111.937
111.824 111.918 111.973
111.771 111.859 111.896
106.252 109.875 111.854
111.822 111.866 111.902
111.838 111.895 111.944
111.841 111.892 111.970
111.841 111.867 111.906
111.576 111.803 111.912
111.813 111.896 112.059
111.775 111.845 111.890
106.840 110.843 111.875
110.885 111.693 111.934
111.874 111.963 112.123
106.762 110.850 111.915
110.601 111.774 112.752
111.775 111.839 111.931
106.239 110.669 111.802
111.480 111.752 111.835
111.786 111.900 112.019
111.855 112.163 113.320
111.834 111.929 112.038
106.585 110.793 111.916
111.796 112.162 112.548
111.554 111.792 111.878
106.368 110.738 111.906
107.754 111.641 113.570
107.638 110.794 111.927
107.939 111.941 113.771
111.785 111.875 111.949
111.802 111.859 111.916
111.787 111.860 111.970
111.578 111.856 111.966
111.793 111.845 111.927
110.524 111.603 111.934
110.629 111.631 111.933
111.801 111.851 111.891
111.868 111.906 111.960
108.756 111.238 111.947
105.974 110.667 111.897
111.886 112.102 112.755
111.781 111.877 112.037
111.773 111.814 111.860
110.770 111.663 111.927
111.823 111.867 111.929
111.745 111.797 111.825
106.758 110.884 111.972
106.773 110.906 111.996
111.839 111.876 111.924
106.321 111.034 113.276
107.525 110.720 111.893
107.481 111.039 112.030
111.760 111.923 112.095
110.566 111.626 111.932
111.804 112.181 113.462
111.840 111.930 112.018
111.745 111.784 111.838
111.846 111.908 111.991
106.048 110.689 111.881
111.908 113.099 113.848
111.808 111.875 111.957
111.743 111.877 111.955
111.827 111.892 111.973
106.035 108.467 111.863
111.777 111.899 111.988
111.826 112.104 112.779
111.874 111.910 111.943
111.565 112.007 112.876
107.437 110.975 111.920
111.774 111.936 112.200
111.849 111.917 111.986
106.727 110.879 112.027
110.507 111.594 111.963
108.281 111.470 113.474
106.893 110.922 111.964
111.733 111.829 111.875
111.723 111.831 111.876
106.954 110.887 111.946
111.606 111.805 111.900
111.873 112.793 113.966
111.850 111.924 112.002
111.478 111.748 111.896
111.845 111.898 111.963
110.714 111.659 111.990
111.844 111.892 111.940
112.127 112.730 114.492
107.454 111.091 112.262
111.861 111.976 112.151
106.229 110.915 112.737
111.855 112.295 112.892
111.840 112.153 112.649
111.789 111.974 112.308
111.813 112.385 114.321
111.775 112.340 113.875
111.861 111.936 111.972
107.405 111.068 112.162
111.767 111.838 111.899
106.249 109.773 111.850
111.806 111.870 112.002
111.831 111.889 112.000
111.797 111.882 111.965
111.820 111.926 112.074
106.716 110.845 112.006
106.278 110.738 111.900
106.083 110.884 112.668
111.813 111.879 112.073
107.530 110.965 111.874
106.755 110.819 112.080
111.782 111.855 111.939
107.520 110.979 111.887
111.534 111.796 111.893
106.107 110.735 111.940
111.940 112.567 113.471
110.630 111.590 111.879
111.860 111.931 112.065
111.758 111.929 112.273
107.420 110.950 111.852
111.733 111.800 111.869
111.797 111.863 111.902
111.867 111.886 111.916
111.800 111.865 111.912
110.694 111.652 111.984
111.835 111.953 112.248
106.770 110.799 111.885
111.775 111.874 111.924
111.868 111.901 111.953
106.800 110.818 111.857
111.747 111.796 111.852
111.745 111.793 111.848
107.440 111.064 112.104
106.395 110.809 111.982
106.086 109.789 111.884
106.302 110.820 112.131
106.345 110.752 111.890
107.454 111.054 112.063
111.801 111.878 112.028
111.752 111.822 111.871
111.867 111.903 111.972
106.125 110.704 111.908
106.142 110.741 112.089
111.654 111.907 112.186
106.516 109.789 111.972
111.816 111.924 112.173
106.715 110.876 112.122
111.879 111.899 111.908
111.854 111.922 112.069
111.827 111.947 112.159
111.820 111.906 112.000
106.745 110.822 111.928
106.308 109.968 112.131
107.473 110.988 111.895
106.390 109.946 112.082
106.546 110.859 112.214
111.867 111.937 112.106
111.845 111.951 112.109
111.772 111.857 112.035
111.868 112.007 112.140
111.901 111.974 112.035
111.788 111.931 112.063
106.835 110.928 112.081
111.840 112.086 112.451
111.775 111.842 111.930
111.788 111.861 111.895
107.436 111.054 112.347
111.812 111.886 111.923
107.520 110.971 111.869
111.841 111.936 112.067
111.772 111.860 111.967
106.626 110.807 111.897
107.544 110.961 111.935
111.783 111.865 112.066
111.874 111.997 112.095
111.836 111.919 112.010
111.872 111.939 111.982
111.831 111.918 112.040
111.816 111.872 111.893
111.348 112.548 113.800
111.794 111.886 111.943
106.078 108.858 112.146
106.432 110.853 112.263
111.860 111.908 112.008
111.765 111.871 112.029
111.855 111.921 112.040
111.860 111.876 111.913
106.309 110.781 111.935
111.842 112.275 113.688
111.826 111.886 111.946
111.827 111.866 111.905
106.723 110.863 111.967
111.759 111.857 111.991
110.545 111.601 111.906
111.905 111.949 112.059
111.596 111.892 112.550
111.818 111.915 111.955
107.450 110.998 111.940
111.805 111.875 111.930
106.795 110.873 111.941
111.806 111.893 111.997
111.905 112.112 112.746
106.204 110.750 111.978
106.712 111.251 113.884
111.757 112.018 112.696
111.762 111.860 111.903
106.386 110.852 112.068
111.847 111.900 111.925
111.776 111.887 112.039
111.831 111.901 111.995
106.336 110.815 111.983
111.851 111.952 112.080
111.749 111.869 112.032
108.262 111.212 112.024
106.439 110.892 112.139
107.405 111.055 112.061
107.500 110.997 111.881
111.795 111.867 111.938
111.800 111.886 111.933
110.620 111.655 111.958
106.678 110.831 111.920
111.840 111.918 112.012
111.813 111.885 111.957
111.869 111.934 112.004
111.817 111.910 111.973
111.870 111.912 111.961
111.812 111.872 111.909
111.889 112.127 112.442
111.795 111.841 111.912
107.456 112.056 113.827
111.886 111.909 111.925
111.835 112.318 113.937
111.876 111.923 111.952
111.882 111.917 111.943
106.786 110.903 112.006
111.753 111.845 111.922
111.819 111.880 111.963
111.828 111.881 111.926
111.814 111.860 111.877
106.210 109.611 111.865
111.772 111.868 112.026
106.772 110.984 112.528
111.857 111.897 111.935
106.229 110.767 111.973
111.781 111.860 111.903
107.437 111.142 112.689
111.780 111.834 111.890
111.813 111.884 111.996
106.176 110.771 111.960
107.199 110.995 111.999
106.189 109.661 111.915
111.761 111.794 111.826
106.125 110.474 111.910
111.966 112.176 112.982
107.588 111.141 112.308
111.832 111.901 111.958
111.825 111.933 112.017
111.880 112.076 112.571
111.805 111.859 111.953
111.817 111.942 112.064
111.804 111.906 112.048
106.448 110.894 112.339
106.768 109.540 111.803
107.534 111.021 111.941
111.737 111.792 111.841
111.888 112.130 112.966
111.630 112.023 112.931
111.737 111.829 111.888
111.814 111.876 111.926
107.481 111.013 111.947
111.830 111.880 111.944
111.898 112.315 113.933
111.847 111.910 111.958
111.834 111.859 111.912
106.158 110.736 111.924
111.733 112.181 113.800
106.352 109.759 111.939
106.732 109.876 111.861
111.832 111.875 111.922
111.914 111.985 112.072
107.401 110.992 111.954
111.836 111.882 111.933
111.862 111.882 111.909
111.752 111.864 111.952
111.648 111.831 111.907
111.800 111.845 111.927
111.765 111.810 111.851
107.416 110.968 111.909
111.804 111.839 111.914
110.587 111.610 111.906
107.459 110.959 111.945
107.478 110.779 111.937
106.233 110.684 111.877
111.817 111.880 111.976
107.439 110.978 111.902
107.495 111.114 113.687
111.803 111.864 111.926
110.480 111.557 111.889
111.896 112.516 113.483
111.797 111.884 111.976
111.817 111.872 111.930
106.445 110.605 112.034
111.825 111.863 111.928
111.750 111.871 111.939
111.824 111.870 111.905
111.786 111.862 111.896
111.737 111.852 111.907
111.477 111.715 111.803
111.818 111.887 111.943
111.826 111.908 111.949
111.849 111.900 111.953
111.787 111.842 111.969
111.858 111.903 111.955
107.435 111.043 112.109
111.746 111.886 112.027
111.819 111.927 112.035
106.162 110.782 112.021
106.718 111.239 113.933
111.776 111.837 111.971
111.846 111.885 111.937
106.770 110.572 111.869
111.844 111.884 111.923
106.363 109.703 111.962
111.764 111.872 111.938
107.588 111.055 111.984
106.083 109.669 111.982
111.852 111.917 111.970
111.706 111.846 111.899
111.770 111.856 111.928
111.853 111.913 112.019
111.808 111.833 111.862
111.735 112.315 113.878
111.811 111.897 111.944
111.749 111.819 111.906
111.810 111.830 111.865
110.682 111.657 111.963
111.810 111.901 111.966
106.207 110.982 112.983
106.743 110.875 111.951
107.465 111.003 111.932
111.822 112.059 112.844
111.831 111.926 112.117
111.821 112.197 113.531
111.837 111.949 112.097
106.292 110.652 111.793
111.821 111.884 111.965
111.789 111.957 112.136
106.272 111.331 113.721
107.449 110.966 111.919
107.492 110.943 111.846
106.405 108.914 112.002
111.896 111.917 111.950
106.174 110.734 111.885
106.260 110.778 112.009
111.844 111.885 111.911
111.796 111.837 111.883
106.697 110.823 111.927
106.815 110.716 112.188
106.366 110.817 112.062
111.580 111.910 112.115
111.781 111.821 111.885
106.377 110.795 112.043
106.808 110.888 111.984
111.812 111.846 111.891
111.821 111.868 111.902
111.769 112.254 113.815
111.753 111.824 111.867
111.898 111.934 112.053
106.017 109.522 111.965
111.727 111.826 111.943
111.775 111.879 111.947
106.717 110.896 111.992
106.212 110.754 112.003
111.799 111.884 111.952
110.648 111.653 112.019
111.764 111.854 111.987
106.335 110.801 111.962
107.539 111.022 111.963
111.562 111.775 111.873
111.761 111.898 112.019
111.781 111.865 111.923
111.838 111.874 111.902
106.121 107.898 111.958
106.271 110.796 111.959
106.117 110.667 111.858
110.706 111.651 112.014
111.849 112.558 115.204
107.582 110.983 111.902
111.827 111.858 111.886
111.800 112.345 113.881
111.760 111.865 111.948
109.080 111.246 111.798
111.880 111.973 112.070
111.801 111.906 112.073
111.790 111.827 111.902
111.941 112.292 113.538
111.774 111.851 111.933
106.157 110.789 112.100
106.760 110.863 111.920
106.133 110.873 112.572
111.853 111.916 112.022
106.199 110.736 111.921
111.831 111.934 111.999
111.813 111.868 111.898
111.784 111.868 111.906
111.820 111.869 111.928
111.861 111.871 111.879
106.474 110.776 111.980
106.282 110.759 111.969
111.853 111.905 111.991
111.841 111.916 111.961
111.817 111.903 111.984
106.765 109.882 112.021
111.826 111.851 111.882
111.831 111.855 111.890
111.838 111.868 111.900
106.695 109.963 111.993
111.820 111.896 111.974
111.807 111.842 111.906
106.775 110.807 111.869
111.787 111.835 111.914
111.708 111.807 111.906
111.852 111.930 112.043
106.786 110.882 111.965
111.894 112.089 112.771
111.794 111.870 111.951
106.425 109.951 111.941
111.861 111.909 111.951
109.453 111.826 112.800
111.782 111.851 111.927
107.414 110.936 111.929
107.801 111.390 113.390
106.322 110.883 112.264
111.741 111.921 112.091
111.876 111.996 112.286
110.701 111.686 112.028
106.123 109.817 111.912
111.886 111.968 112.220
107.514 111.008 111.949
111.749 111.956 112.440
106.759 110.886 112.006
106.481 110.803 111.921
111.751 111.911 112.222
111.867 111.946 112.030
110.608 111.619 112.039
111.787 111.878 112.046
111.816 111.897 111.964
111.804 111.873 111.926
111.834 111.865 111.891
106.421 111.244 114.174
108.623 111.237 111.953
106.744 110.873 111.933
106.687 110.856 111.926
111.802 112.218 113.506
106.616 109.686 111.939
111.821 111.897 112.049
106.790 110.664 111.955
111.839 112.112 112.969
107.611 111.056 111.988
107.505 110.137 112.003
106.589 110.871 112.028
108.441 111.682 113.002
111.641 112.064 113.170
111.771 112.100 113.173
111.860 111.975 112.268
111.613 111.869 112.163
111.858 111.925 112.021
106.125 110.756 111.952
111.736 111.847 111.892
106.744 110.823 112.047
106.652 110.778 111.868
111.879 111.920 111.998
111.839 111.874 111.921
107.670 110.562 112.000
111.788 111.879 111.934
107.444 111.009 111.944
112.692 112.824 112.911
112.368 112.699 112.826
107.030 111.583 112.762
111.794 111.914 112.118
111.792 111.824 111.863
111.864 111.931 112.018
106.101 110.730 111.953
106.143 106.191 106.288
106.115 106.152 106.175
106.047 106.129 106.274
106.089 106.427 107.525
106.071 106.132 106.180
106.145 106.210 106.343
106.094 106.676 108.173
106.150 106.260 106.635
106.009 106.481 108.023
106.049 106.235 106.522
106.126 106.141 106.152
106.037 106.121 106.241
106.099 106.152 106.187
106.096 107.344 110.618
106.054 108.445 111.940
106.119 106.302 106.686
106.042 107.231 111.600
106.044 106.158 106.220
106.090 106.133 106.217
106.102 106.164 106.215
111.777 111.848 111.928
106.289 110.815 112.050
111.787 111.856 111.955
106.114 110.890 112.847
111.799 111.880 111.993
111.810 111.896 111.958
111.652 111.857 112.001
106.098 107.078 110.515
106.109 106.188 106.381
106.082 107.315 111.940
106.427 110.739 111.854
106.674 110.842 111.987
111.731 111.879 111.940
111.594 111.863 112.053
106.155 109.713 111.902
110.613 111.999 113.791
111.804 111.850 111.907
111.798 111.998 112.531
106.160 110.730 111.965
111.758 111.822 111.885
111.802 111.888 111.917
107.496 111.052 112.012
111.852 112.205 113.347
111.838 111.881 111.935
106.060 110.743 111.941
112.464 113.191 113.813
111.773 111.861 112.054
107.454 111.032 112.296
111.916 111.974 112.154
111.823 111.869 111.958
111.855 111.956 112.176
111.807 111.878 111.997
106.720 110.854 111.995
110.812 111.843 112.819
106.883 110.915 112.044
111.803 111.892 112.027
111.811 111.905 112.003
111.825 111.872 111.899
106.146 110.742 112.012
111.806 111.873 111.965
111.769 111.879 111.968
105.989 110.632 111.821
111.789 111.872 111.944
107.562 110.919 111.864
111.906 112.982 113.758
106.334 110.846 112.210
111.839 111.907 111.943
111.774 111.867 111.989
111.763 111.799 111.827
107.459 111.054 112.150
106.403 110.728 111.878
111.782 111.857 111.948
106.315 110.781 111.972
111.516 111.786 111.885
111.824 111.888 111.966
111.729 111.817 111.915
106.303 111.059 113.271
111.832 111.887 111.979
111.958 112.946 113.764
106.131 110.745 111.951
110.626 111.669 112.227
107.555 111.030 111.959
111.583 112.205 113.809
111.840 111.923 111.969
111.826 111.872 111.940
106.264 110.673 111.861
110.499 111.534 111.847
107.599 111.037 111.938
111.815 111.859 111.906
111.819 111.861 111.909
107.540 110.983 111.924
111.807 111.847 111.884
111.808 111.888 111.968
111.757 111.836 111.887
111.802 111.888 111.945
109.407 112.156 113.434
106.761 110.858 111.942
106.189 110.776 112.074
106.439 110.776 111.944
111.780 111.852 111.916
111.815 111.849 111.903
111.812 111.869 111.910
111.812 111.872 111.924
111.745 111.841 111.904
106.480 110.787 111.953
111.833 111.896 111.965
111.766 111.847 111.936
111.894 111.920 111.973
106.657 110.818 111.885
111.534 111.771 111.928
111.823 111.891 111.913
106.289 110.651 111.938
111.745 111.821 111.940
107.214 110.875 111.842
111.756 111.853 111.915
111.842 111.910 111.962
110.642 111.576 111.881
111.809 111.858 111.890
110.685 111.618 111.924
111.859 111.896 111.941
111.775 111.863 111.911
111.838 112.475 114.852
110.633 111.678 111.972
107.485 110.968 111.912
106.104 110.713 111.927
106.123 110.677 111.847
111.811 111.970 112.491
111.827 111.874 111.908
112.180 112.886 113.642
111.804 111.859 111.894
111.773 111.852 111.955
111.786 111.878 111.925
111.792 111.867 111.962
106.734 110.831 111.901
111.770 111.885 112.106
111.812 111.831 111.850
110.506 111.545 111.891
111.764 111.854 111.964
111.844 111.876 111.911
111.830 111.895 112.002
106.635 110.757 111.892
107.448 110.102 111.875
111.774 111.879 112.015
111.820 111.879 111.965
111.737 111.813 111.879
111.852 111.884 111.913
111.789 111.827 111.887
111.788 111.834 111.886
111.739 111.847 111.903
106.253 110.737 111.905
111.841 111.876 111.945
106.111 109.607 111.955
111.841 111.870 111.904
111.852 111.904 111.955
111.794 111.858 111.951
111.811 111.828 111.865
111.751 111.854 111.915
111.771 111.914 112.223
111.813 111.883 112.047
107.457 110.285 112.615
107.608 110.988 111.934
111.729 111.840 111.904
111.812 111.854 111.913
111.779 111.842 111.914
111.802 111.864 111.951
111.814 111.871 111.896
111.856 111.918 111.975
111.847 111.906 111.974
111.832 111.873 111.921
107.388 110.077 111.890
111.842 112.247 113.809
107.505 111.066 112.117
106.311 110.697 111.832
110.512 111.650 112.163
107.388 110.913 111.908
111.719 112.229 113.689
107.411 110.947 111.919
111.802 111.830 111.868
112.794 113.391 113.735
106.207 110.653 111.855
111.800 111.858 111.918
111.804 111.862 111.963
111.790 111.846 111.907
110.506 111.833 113.029
107.372 110.948 111.910
107.429 110.927 111.812
106.245 110.685 111.829
108.031 111.101 111.909
111.779 111.839 111.900
111.868 112.045 112.456
111.863 111.912 111.982
111.806 111.849 111.927
110.568 111.632 112.124
111.820 111.910 111.977
111.715 111.796 111.863
112.134 112.570 113.676
111.812 111.918 112.093
111.877 112.059 112.625
111.844 111.942 112.259
106.133 110.725 111.945
111.730 111.822 111.887
111.834 111.912 112.013
111.562 111.753 111.817
111.749 111.864 112.013
111.753 111.827 111.905
106.413 110.777 111.920
106.711 110.782 111.820
111.804 111.905 112.023
111.738 111.835 111.918
106.650 110.860 112.182
106.141 107.335 112.008
105.983 107.168 111.746
111.787 111.879 112.055
107.467 110.984 111.920
111.915 112.023 112.358
111.840 111.868 111.911
111.791 111.841 111.889
111.800 112.268 113.819
111.751 111.856 112.019
111.831 112.160 113.348
111.832 112.262 113.801
111.812 111.883 111.954
106.400 110.792 111.995
110.603 111.535 111.910
111.783 111.890 111.954
111.751 111.960 112.453
111.851 112.023 112.592
111.762 111.884 112.218
106.810 110.819 111.900
111.839 111.910 111.979
111.806 111.879 111.934
111.850 111.901 111.948
111.783 111.897 111.991
111.764 111.851 111.919
107.440 110.988 111.897
111.696 111.791 111.934
111.763 111.836 111.899
111.876 111.912 111.942
111.844 111.872 111.954
106.360 110.662 111.822
111.807 111.842 111.887
106.762 110.856 111.904
111.822 111.889 111.994
107.079 110.071 111.950
111.866 111.902 111.965
109.053 112.222 113.889
107.468 111.016 112.000
107.533 111.418 113.808
111.552 111.842 111.921
106.120 110.734 111.986
111.763 111.813 111.937
107.411 110.951 111.942
106.715 110.923 112.059
111.852 111.904 111.941
106.129 109.960 113.749
106.107 110.724 111.924
111.824 111.914 112.043
111.600 111.857 112.005
111.850 111.890 111.920
107.894 110.892 112.282
111.694 111.772 111.846
106.493 110.654 111.826
111.790 111.888 112.024
111.855 111.933 112.155
106.687 110.905 112.240
110.574 111.850 113.129
111.744 111.844 111.909
106.102 110.719 111.958
111.788 111.839 111.927
106.762 110.864 111.953
106.250 110.740 111.917
111.733 111.849 111.941
106.673 110.832 111.972
111.840 111.864 111.913
108.685 111.221 111.893
111.747 111.823 111.909
106.653 110.848 111.925
111.772 111.838 111.882
111.894 112.637 113.924
111.783 111.853 111.921
111.795 111.857 111.900
111.836 111.889 111.962
111.789 111.855 111.959
111.833 111.889 111.932
111.867 111.882 111.901
108.276 111.683 113.058
106.373 110.750 111.919
111.781 112.132 113.432
111.795 111.836 111.855
106.343 110.792 111.973
107.716 110.992 111.859
106.132 109.680 111.867
111.789 111.840 111.917
111.754 112.156 113.357
111.749 111.820 111.929
111.820 111.873 111.939
106.167 110.529 111.980
111.747 111.839 111.920
110.648 111.664 112.010
106.393 110.761 111.897
111.811 111.839 111.884
111.865 111.908 111.968
107.395 111.152 112.864
106.214 110.749 111.932
111.663 111.808 111.901
111.774 111.859 111.943
107.470 111.007 111.992
111.729 111.829 111.875
111.778 111.938 112.319
111.862 111.964 112.114
111.804 112.169 113.467
111.750 111.815 111.853
111.792 111.828 111.906
110.622 111.634 111.935
111.764 111.803 111.866
111.903 111.951 112.029
106.364 108.816 111.905
111.786 111.855 111.913
111.800 111.891 111.956
110.661 111.609 111.871
111.754 111.796 111.874
111.801 111.889 111.947
111.802 111.903 112.125
110.569 111.635 112.234
111.781 111.861 112.032
111.786 112.100 113.247
111.835 111.874 111.945
111.825 111.869 111.906
111.796 111.867 111.938
111.753 111.894 112.011
106.236 109.741 111.996
107.443 110.946 111.860
107.532 110.987 111.900
111.806 111.892 111.971
111.838 112.119 112.476
106.213 109.947 112.528
106.075 110.930 113.168
106.098 110.733 111.969
107.516 111.007 112.015
111.492 111.775 111.903
111.783 111.845 111.894
107.476 110.956 111.863
106.730 110.828 111.901
111.780 111.878 111.942
106.150 110.662 111.906
111.769 111.830 111.875
112.037 113.050 113.797
111.750 111.842 111.967
111.808 112.048 112.703
108.057 111.042 111.937
110.610 111.599 111.879
111.776 111.837 111.887
107.479 110.994 111.966
107.421 110.964 111.966
111.792 111.879 111.952
111.785 111.874 111.943
111.755 111.849 111.943
111.570 111.798 111.887
111.850 111.901 112.011
111.817 111.862 111.894
111.795 111.856 111.938
106.296 110.721 111.855
112.583 113.052 113.481
111.811 111.842 111.892
106.282 109.728 111.953
111.814 111.848 111.903
111.699 111.834 111.923
107.500 110.998 111.932
106.215 110.902 112.649
111.812 111.918 112.160
111.824 112.198 113.076
106.330 109.668 111.949
111.607 111.840 111.978
107.853 111.114 111.949
111.844 111.888 111.943
111.799 112.207 113.619
111.904 112.558 113.249
106.209 110.731 111.954
111.757 111.805 111.893
112.425 113.011 113.769
111.802 111.858 111.954
111.788 112.222 113.724
111.882 112.119 112.853
106.149 110.710 111.869
111.730 111.877 111.924
111.875 111.924 111.976
111.866 111.906 111.944
111.753 111.897 112.128
111.830 111.892 111.999
110.521 111.590 111.965
106.137 109.605 111.826
111.852 111.899 111.978
111.839 112.167 113.110
111.747 111.833 111.878
106.129 110.726 111.917
106.762 110.884 111.987
111.749 111.979 112.685
111.591 111.824 111.981
110.614 111.618 112.012
111.822 111.903 112.043
107.399 110.969 111.920
107.493 110.989 111.952
111.755 111.862 111.997
111.745 111.792 111.842
106.432 111.051 113.137
107.502 110.998 111.949
106.334 110.759 111.968
111.844 112.046 112.428
111.856 111.914 112.012
111.838 112.231 113.613
111.814 111.948 112.128
111.756 111.867 112.055
112.337 112.926 113.486
106.298 110.819 112.003
111.867 112.148 113.131
111.787 111.852 111.910
106.390 110.766 111.903
111.803 111.866 111.913
111.758 111.858 111.919
111.581 111.865 111.961
111.814 111.968 112.478
111.758 111.881 112.050
111.792 111.860 111.958
110.729 112.213 113.613
111.795 111.890 111.982
106.236 110.707 111.926
111.819 111.879 111.977
106.791 110.919 112.129
111.781 111.843 111.903
106.696 111.799 113.837
106.209 110.742 112.001
111.788 111.862 111.912
111.811 111.971 112.291
111.850 111.910 111.970
111.782 111.898 112.050
111.761 111.936 112.077
106.386 109.912 111.920
111.771 111.911 112.137
107.470 111.054 112.195
111.776 111.865 111.963
111.815 111.894 111.962
111.512 111.774 111.902
111.833 111.898 112.018
111.816 111.928 112.195
111.780 111.844 111.913
111.841 111.864 111.903
106.882 110.941 111.998
106.832 110.877 111.931
111.788 111.825 111.865
111.846 111.889 111.966
106.179 110.771 111.978
111.858 111.896 111.944
107.605 111.042 112.043
111.747 111.785 111.857
106.189 110.764 111.957
111.814 111.900 112.038
111.783 111.882 111.948
111.835 111.874 111.946
111.800 111.903 111.973
111.763 111.894 111.966
111.833 111.881 111.952
111.861 111.886 111.907
111.819 111.904 111.959
111.823 111.930 112.093
111.797 112.165 113.325
111.585 111.826 111.970
111.872 111.924 111.960
111.797 112.758 116.344
111.806 111.969 112.500
107.384 110.882 111.880
111.526 111.900 112.140
111.617 111.851 112.050
106.714 110.989 112.556
111.799 111.885 111.965
106.184 110.736 111.909
111.830 111.943 112.130
111.811 112.020 112.733
111.848 112.016 112.439
111.747 111.838 111.925
106.207 110.798 112.105
111.764 111.886 111.944
111.761 111.832 111.960
111.844 111.888 111.908
111.853 111.898 111.971
110.578 111.628 111.942
111.846 111.886 111.981
111.777 111.865 111.986
106.175 110.746 112.056
111.835 112.120 113.034
106.096 110.726 111.902
111.851 111.889 111.946
111.780 111.821 111.853
111.776 111.800 111.826
111.584 111.819 111.942
111.829 111.910 112.127
111.855 111.897 111.937
107.588 111.068 112.021
111.802 111.885 111.967
111.802 112.010 112.653
110.543 111.608 111.951
111.887 111.988 112.169
111.820 111.888 111.979
107.475 110.971 111.969
106.437 110.832 112.045
110.819 111.674 111.907
111.816 112.046 112.724
111.767 111.846 111.913
111.834 111.912 112.016
111.835 112.004 112.249
107.585 111.026 111.990
110.653 111.568 111.841
106.016 110.647 111.844
106.269 109.659 111.912
111.799 111.934 112.036
107.532 111.046 111.990
111.795 111.957 112.162
106.301 110.701 111.899
111.740 111.826 111.993
111.826 111.882 111.961
106.793 110.771 111.962
106.793 110.882 112.056
111.826 111.875 111.922
111.824 111.874 111.914
106.178 110.782 112.034
106.095 110.736 112.000
106.182 111.168 113.852
111.849 112.257 113.752
106.064 109.636 111.905
111.815 111.908 112.004
112.940 113.382 113.782
111.827 111.914 112.111
111.776 112.270 112.912
111.773 111.860 111.923
106.392 110.797 111.944
111.759 111.856 111.936
106.070 110.766 112.356
111.755 111.866 111.933
111.796 111.881 111.981
106.224 109.638 111.969
111.828 111.851 111.873
111.711 111.847 111.906
111.848 111.874 111.891
106.105 110.758 112.046
111.840 112.282 113.823
111.795 111.842 111.906
111.844 111.895 111.931
111.810 111.877 111.922
111.770 111.864 111.949
111.802 111.896 111.961
111.775 111.827 111.952
106.420 110.798 111.979
106.733 110.935 112.186
110.758 111.702 112.221
106.213 110.761 111.958
111.771 111.875 111.988
106.173 110.830 112.277
111.735 111.784 111.851
106.843 109.987 111.947
106.843 110.944 112.012
106.607 109.819 112.014
106.133 108.600 111.861
111.783 111.993 112.433
111.790 111.877 111.921
111.837 111.927 111.994
111.494 111.787 111.937
111.804 112.192 113.564
111.861 111.894 111.949
110.581 111.574 111.888
111.827 111.898 111.958
111.733 111.824 111.882
107.579 111.038 111.960
106.383 110.816 112.048
110.623 111.659 112.024
111.938 112.551 113.738
111.742 111.822 111.885
106.137 110.775 111.965
111.802 111.863 111.900
111.860 111.940 112.112
111.820 111.883 111.990
106.309 110.695 111.946
111.854 111.912 111.995
110.599 111.671 112.181
111.792 111.877 111.967
107.557 111.038 111.949
111.740 111.834 111.898
106.207 110.720 111.883
110.736 111.649 111.941
111.798 111.859 111.938
111.815 111.878 111.969
106.641 110.837 111.914
111.799 111.843 111.876
110.636 112.264 113.690
111.498 111.771 111.943
106.130 110.697 111.917
111.760 111.838 111.896
106.708 110.870 111.958
107.504 111.022 111.951
111.825 111.863 111.958
110.600 111.961 113.558
111.805 111.847 111.869
110.538 111.668 112.015
111.830 111.857 111.901
111.836 111.901 111.951
111.833 111.857 111.897
107.613 111.020 111.997
111.831 112.209 113.513
111.838 111.938 111.995
111.820 111.878 111.944
111.775 111.845 111.918
111.788 111.861 111.929
110.616 111.642 112.004
111.837 111.868 111.917
111.821 111.911 111.971
111.627 111.849 111.947
106.084 110.682 111.884
106.383 110.764 111.970
111.794 111.862 111.945
111.706 111.792 111.899
111.811 111.880 111.959
106.135 110.980 113.154
111.786 111.884 112.001
106.673 111.020 112.813
111.901 111.918 111.957
111.851 111.928 112.046
111.818 111.868 111.924
107.544 111.034 111.962
111.805 111.889 111.980
111.843 111.964 112.240
111.806 111.861 111.905
111.801 111.852 111.964
106.689 109.889 111.928
111.790 111.833 111.975
111.798 111.850 111.945
111.855 111.925 111.964
111.767 111.829 111.899
111.797 111.884 111.953
111.817 111.882 111.934
111.818 111.851 111.885
111.841 111.875 111.909
111.788 111.864 111.930
111.794 111.888 111.956
111.805 112.143 113.383
111.777 111.852 112.028
111.818 111.851 111.906
106.133 111.229 114.502
110.674 111.644 111.902
111.888 112.438 114.540
111.868 111.893 111.918
109.367 111.372 111.997
111.759 111.854 111.942
111.756 111.852 111.931
106.171 110.684 111.883
106.824 110.895 111.990
111.813 112.161 113.298
106.345 110.728 111.854
106.451 110.768 111.959
111.738 111.886 112.203
111.804 111.894 111.958
111.824 111.883 111.957
106.273 110.781 111.966
111.870 111.904 111.926
106.276 110.761 112.006
106.643 110.815 111.919
111.786 111.855 111.932
106.152 110.660 111.789
110.544 111.689 112.206
106.586 110.752 111.966
111.722 111.926 112.410
111.787 111.878 111.927
111.633 111.828 111.929
111.659 111.811 111.943
111.871 111.920 111.954
106.311 111.108 113.617
111.821 111.877 111.975
106.172 109.634 111.939
107.539 111.041 111.982
111.854 111.911 112.030
110.741 111.724 112.141
106.332 110.750 111.875
111.995 112.873 113.798
111.552 111.824 112.004
111.748 111.838 111.983
111.895 112.343 113.873
111.805 112.148 113.380
106.773 110.858 111.931
106.429 110.758 111.901
106.114 110.766 111.974
111.810 111.874 111.970
111.823 111.886 111.919
112.565 117.338 120.130
111.867 111.943 112.042
106.079 110.740 112.067
111.794 111.907 112.037
111.810 111.902 111.975
107.562 111.073 112.244
111.765 111.846 111.906
106.805 110.960 112.374
106.695 110.808 111.947
106.658 110.862 112.126
111.797 111.861 111.910
111.884 111.930 111.979
111.773 111.835 111.881
111.794 111.881 111.975
111.814 111.877 111.932
111.850 111.883 111.915
111.833 111.913 112.001
110.647 111.629 111.972
111.831 111.913 112.016
106.770 110.600 111.904
106.301 110.759 111.947
111.792 111.837 111.873
106.402 110.823 111.997
111.878 111.935 112.042
106.261 110.981 112.982
111.818 111.878 112.002
111.802 111.888 111.940
106.617 110.803 111.906
107.448 111.014 112.009
111.723 111.870 111.966
111.827 111.907 111.994
111.821 111.895 111.969
106.677 110.826 111.920
107.533 111.006 111.949
111.808 111.842 111.877
106.160 110.734 111.962
111.821 111.925 112.056
110.668 111.664 111.932
111.763 111.843 111.913
111.822 111.837 111.851
111.865 111.899 111.924
106.316 110.758 111.988
107.457 110.898 111.869
106.367 110.803 111.969
106.155 110.758 112.239
111.892 111.930 111.969
111.828 111.920 112.010
111.870 111.922 112.006
111.822 111.878 111.919
111.814 111.869 111.916
106.365 110.732 111.903
111.834 111.891 111.938
111.790 111.835 111.882
106.095 111.043 113.761
111.801 111.871 111.940
111.473 111.807 111.944
111.798 111.828 111.902
106.086 110.717 111.914
111.805 111.871 111.972
111.862 112.100 112.936
111.827 112.055 112.604
110.554 111.610 111.932
111.810 112.096 113.038
111.778 111.960 112.518
111.840 112.385 113.751
111.761 111.866 111.939
106.690 110.858 111.941
111.751 111.867 111.940
111.819 111.887 111.955
111.509 111.771 111.939
111.840 111.890 111.916
111.791 111.883 111.960
111.799 111.928 112.024
110.610 111.681 111.976
107.481 110.960 111.902
110.680 111.639 111.913
111.806 112.010 112.584
111.743 111.851 111.918
106.740 110.858 111.975
111.883 111.961 112.059
106.130 110.809 112.160
111.895 111.926 111.975
110.634 111.640 111.959
111.850 111.913 111.983
111.863 111.920 112.030
111.886 111.931 112.021
111.824 111.865 111.943
107.565 111.057 111.989
111.908 111.977 112.115
111.836 111.883 111.931
111.887 111.910 111.943
111.756 112.037 112.857
111.775 111.895 112.277
110.668 111.911 113.198
111.787 111.894 111.930
107.506 110.732 111.896
111.840 111.923 111.982
106.181 110.735 111.932
111.802 111.863 111.910
111.786 111.896 111.972
110.607 111.609 111.911
111.890 111.913 111.990
106.485 110.813 111.981
111.859 111.882 111.895
106.374 110.771 111.959
106.300 110.755 111.942
111.783 111.917 112.069
111.631 112.231 113.789
111.771 111.851 111.887
110.585 111.633 112.481
110.453 111.577 111.903
111.775 111.895 111.957
111.781 111.856 111.919
106.295 110.806 112.014
111.785 111.838 111.890
111.801 111.962 112.366
111.811 112.230 112.634
111.763 111.808 111.847
111.805 111.847 111.910
106.305 109.744 112.030
111.820 111.910 112.090
111.850 111.900 111.925
111.776 111.858 111.906
110.565 111.567 111.859
111.591 112.052 113.135
106.128 110.728 111.942
111.768 112.551 113.779
111.775 111.852 111.980
106.392 110.763 111.936
111.702 112.004 112.684
111.758 111.868 111.993
111.767 112.155 113.408
111.855 111.906 112.002
111.806 111.907 111.971
106.180 110.770 112.048
111.821 111.858 111.934
107.502 111.021 111.963
106.217 110.699 111.930
111.807 111.869 111.956
107.404 110.680 112.016
111.834 111.898 111.943
107.448 111.047 112.330
106.266 110.737 111.986
111.850 112.445 113.810
111.802 111.866 111.949
111.789 111.900 111.994
111.787 111.956 112.407
106.156 110.716 111.894
111.795 111.862 112.031
111.737 111.811 111.894
111.858 111.908 112.002
111.812 111.838 111.888
111.883 111.919 111.970
110.674 111.648 111.950
106.118 110.715 111.927
108.130 111.109 111.884
111.799 111.856 111.910
107.454 110.994 111.923
106.195 110.729 111.895
111.881 112.627 113.738
107.451 109.451 111.942
106.393 109.665 111.928
110.601 111.337 111.849
107.453 110.977 111.903
106.755 111.251 113.420
106.352 110.750 111.885
111.826 111.854 111.875
106.667 110.784 111.889
106.121 109.698 111.929
111.807 111.844 111.898
111.818 111.911 111.993
106.408 110.766 111.886
111.637 111.850 111.931
111.577 111.798 111.913
111.799 111.840 111.887
111.793 112.092 113.063
111.883 111.909 111.946
111.862 111.900 111.922
111.832 111.867 111.917
107.417 110.986 111.964
111.792 111.869 111.985
106.082 110.641 111.839
111.891 111.922 111.949
106.473 110.747 111.876
111.766 112.460 113.677
111.760 111.828 111.870
111.817 111.894 112.026
106.749 110.849 111.931
111.623 111.870 112.100
106.862 110.853 111.918
111.753 111.895 111.970
111.644 111.801 111.876
111.836 111.875 111.940
111.818 111.910 111.953
106.167 110.664 111.895
106.651 111.160 113.613
111.804 111.869 111.921
111.745 111.841 111.921
111.784 111.844 111.905
107.535 111.026 111.917
111.795 111.926 112.315
106.132 110.830 112.403
111.774 111.868 111.937
111.886 112.200 113.415
111.776 111.851 111.939
106.339 110.730 111.960
106.258 110.682 111.882
106.150 109.544 111.851
111.783 111.849 111.891
110.550 111.607 111.904
106.294 110.767 112.053
111.820 111.857 111.912
111.843 111.892 111.941
111.813 111.850 111.942
111.825 111.887 111.992
106.365 110.725 111.866
111.834 111.910 112.034
107.401 110.899 111.808
111.838 111.898 111.954
106.715 110.801 111.862
111.781 111.970 112.531
111.776 111.858 111.931
111.817 111.858 111.908
111.796 111.847 111.887
111.780 112.000 112.402
111.833 111.878 111.916
111.803 111.857 111.920
111.842 112.104 112.997
111.768 111.869 111.986
111.853 111.889 111.926
111.765 111.834 111.867
106.122 110.632 111.800
110.573 111.620 111.941
108.105 111.614 113.793
106.302 110.749 111.901
111.601 111.778 111.867
106.377 110.790 111.942
106.328 110.725 112.064
111.765 111.889 112.007
106.389 110.791 111.927
111.792 111.861 111.903
111.557 111.805 111.906
111.837 114.327 120.167
107.534 110.727 111.891
112.085 115.767 119.182
107.456 110.951 111.850
332.398 346.487 368.531
111.752 111.854 111.931
166.178 176.874 191.087
111.813 111.899 112.084
196.533 231.103 268.412
116.440 118.902 122.688
111.747 111.851 111.921
180.965 191.853 211.854
256.598 288.326 326.545
106.717 110.596 111.950
157.983 171.988 182.546
111.754 111.824 111.943
106.743 110.856 111.925
134.756 149.469 165.323
280.786 294.345 305.960
456.607 462.278 466.835
113.656 118.355 121.090
452.956 460.155 463.686
110.767 111.639 111.871
111.826 112.212 113.591
145.631 171.893 191.111
108.136 114.323 122.250
235.415 245.809 251.217
115.434 118.521 122.763
111.878 117.773 123.635
111.764 111.839 111.925
122.644 129.171 138.068
114.262 117.517 121.494
454.213 460.147 466.220
112.294 115.268 118.772
111.811 127.938 173.936
455.976 459.258 461.096
432.836 449.380 466.561
205.856 238.288 264.368
111.671 111.838 111.960
111.772 112.069 113.058
113.197 116.854 122.356
277.529 307.386 345.858
399.424 417.888 437.375
114.942 118.495 121.207
112.186 116.095 118.506
111.676 117.513 122.738
111.849 112.393 114.325
111.773 114.578 123.391
111.958 117.469 123.141
111.817 114.942 121.252
106.718 112.075 115.971
332.593 342.178 358.142
269.092 287.099 304.930
413.862 444.726 458.019
251.498 277.124 296.813
456.968 460.480 463.396
450.187 455.649 459.258
107.653 111.065 112.037
459.616 462.736 465.316
457.344 460.597 464.272
111.854 117.674 122.392
110.565 111.701 112.472
106.299 110.764 111.941
444.744 454.310 459.435
111.777 111.831 111.872
112.675 113.469 113.822
111.764 111.846 111.902
111.848 111.924 112.119
111.783 111.839 111.884
111.855 111.887 111.932
111.780 111.918 112.096
111.778 111.848 111.909
106.444 110.792 111.933
107.528 110.943 111.896
106.071 110.663 111.899
110.513 111.586 111.893
111.691 112.230 113.767
106.227 110.758 111.966
106.664 110.814 111.915
111.850 112.164 113.189
111.833 111.891 111.970
111.765 111.901 112.139
111.778 111.883 111.938
455.340 461.670 465.201
353.981 399.875 454.934
111.815 111.865 111.911
111.751 111.810 111.854
377.741 412.207 444.087
457.124 463.322 467.182
111.757 111.871 111.938
110.674 111.647 111.965
106.190 110.766 112.117
111.845 112.036 112.559
106.222 110.737 112.007
111.857 111.892 111.918
111.780 111.835 111.879
111.850 111.904 111.982
111.547 111.769 111.866
107.417 110.980 111.927
107.462 110.971 111.905
106.138 111.082 113.821
111.823 111.892 111.954
111.822 112.079 112.872
111.778 111.837 111.874
111.821 111.931 112.211
111.865 173.914 235.087
291.508 295.359 299.950
110.637 111.600 111.910
246.978 274.304 306.309
111.707 111.760 111.826
111.829 111.866 111.944
106.147 110.915 112.796
204.387 256.739 297.679
316.771 405.813 465.607
199.375 264.323 319.907
111.514 156.559 252.050
111.811 113.987 122.566
113.089 117.089 123.751
112.790 118.242 122.800
111.786 111.830 111.897
111.834 111.871 111.925
111.690 113.552 118.955
114.294 118.013 121.975
450.724 459.255 464.450
113.377 117.754 123.330
111.814 112.346 113.138
106.397 110.834 111.979
106.290 110.768 111.981
111.760 111.879 112.021
111.238 117.313 121.064
184.473 255.207 325.935
141.763 201.087 260.492
114.478 116.337 117.804
203.059 229.536 255.170
110.550 111.601 111.924
111.799 111.879 111.989
345.026 382.075 413.654
111.747 111.869 111.942
107.515 110.948 111.854
111.657 111.802 111.903
453.281 459.667 464.328
106.064 110.703 111.900
114.011 117.382 121.283
369.038 399.274 424.851
108.706 113.880 117.750
111.310 113.524 119.152
106.803 110.843 111.912
113.316 118.491 123.645
401.425 440.495 462.904
111.800 114.180 120.498
111.779 116.177 118.461
448.659 457.534 462.674
453.500 455.048 458.324
111.858 371.276 462.574
111.756 111.815 111.885
106.051 110.901 112.849
107.501 111.192 112.789
111.822 111.865 111.891
106.635 110.833 111.938
110.639 111.612 111.968
111.756 111.835 111.900
106.395 110.773 111.911
106.388 110.756 111.996
111.845 111.943 112.111
113.137 118.597 122.249
106.260 110.767 111.940
113.852 116.647 121.460
111.756 111.836 111.999
110.629 111.613 111.893
111.814 111.861 111.942
110.685 111.574 111.826
111.804 111.831 111.883
111.741 111.875 112.181
106.132 111.114 113.810
106.200 110.719 111.871
107.449 110.990 111.923
111.808 111.841 111.885
106.809 110.598 111.885
153.273 214.712 275.000
115.799 119.538 123.743
110.562 113.737 118.537
113.307 116.929 122.663
118.369 118.835 119.484
112.824 117.862 121.874
117.705 118.532 120.334
111.804 112.200 113.601
111.807 111.863 111.887
111.790 111.846 111.908
111.792 112.124 113.123
113.006 115.186 117.965
113.066 117.867 122.155
112.375 114.710 119.567
114.173 118.741 123.681
112.903 117.932 122.590
116.920 119.239 123.426
116.125 118.859 120.144
280.134 303.201 312.528
392.236 421.990 449.921
419.587 437.750 458.666
451.748 454.411 456.930
438.056 448.708 459.755
111.814 111.871 111.901
111.676 111.810 111.916
111.759 111.853 111.928
111.804 111.910 112.105
111.775 111.832 111.872
111.773 112.036 112.731
111.620 111.926 112.355
110.586 112.952 115.759
110.533 193.977 294.285
111.869 114.446 118.760
113.006 117.295 121.621
106.161 114.897 122.217
111.874 114.552 122.445
111.757 112.476 113.461
111.787 111.853 111.899
111.782 114.484 119.341
109.351 113.477 117.598
113.914 118.111 122.742
115.630 118.605 121.356
113.995 116.766 120.980
112.720 119.547 123.485
112.242 118.147 123.526
114.824 118.530 121.865
109.866 112.779 116.126
112.440 115.650 118.886
113.152 116.563 121.528
112.469 116.765 120.384
111.965 117.422 121.074
106.414 110.750 111.888
376.601 420.412 451.389
348.091 361.367 369.926
109.735 116.774 123.281
108.231 114.572 119.013
115.793 118.640 122.583
114.458 117.131 120.450
112.500 115.133 118.438
112.278 115.514 120.343
112.427 115.398 118.446
354.826 415.926 457.121
444.279 451.611 457.654
112.260 116.681 120.669
155.388 204.173 248.958
111.875 117.886 123.632
111.983 166.831 259.387
112.512 114.927 121.440
111.958 118.511 123.241
115.964 118.415 119.534
126.037 157.032 189.711
185.699 263.753 344.363
111.855 114.697 117.548
161.032 261.152 375.301
112.890 116.581 120.722
351.905 364.586 386.934
115.888 117.863 121.473
108.546 114.447 119.558
256.089 310.523 372.696
253.200 278.169 313.579
111.994 120.016 123.628
117.714 120.543 123.063
112.318 115.549 120.531
110.864 115.793 122.988
111.999 117.694 121.465
113.725 119.040 123.100
116.050 118.472 121.610
338.982 414.466 456.956
112.645 208.608 311.929
106.742 111.891 119.682
106.757 117.634 145.851
111.879 112.177 113.241
111.799 127.305 158.934
111.906 115.821 120.047
106.282 115.567 123.399
111.795 117.346 123.053
111.930 177.556 243.858
165.058 207.264 277.603
110.052 117.026 122.147
271.200 340.497 397.189
109.545 114.346 120.223
422.057 440.339 451.790
112.390 116.228 121.366
107.981 112.043 113.846
111.813 112.029 112.759
115.652 120.073 121.700
106.323 110.878 113.798
106.418 111.105 118.910
111.838 111.896 111.950
111.851 112.252 113.378
109.086 118.230 123.503
118.422 120.611 123.165
111.777 111.892 112.042
111.884 111.926 111.983
444.008 447.202 448.915
111.776 225.848 453.821
111.788 112.249 113.475
112.693 117.382 123.950
111.449 111.761 111.875
110.528 112.321 113.713
115.715 119.500 122.435
111.638 111.821 111.921
106.289 110.714 111.913
111.865 111.886 111.918
106.086 110.711 111.931
111.813 111.877 111.933
111.824 111.894 111.977
106.672 112.878 122.029
111.759 111.826 111.878
111.760 111.842 111.904
445.548 449.633 455.143
111.814 111.897 111.996
112.010 115.079 117.565
113.949 116.058 118.721
303.335 343.008 392.144
106.291 110.792 111.971
107.526 111.006 111.929
324.146 335.400 351.912
442.324 445.706 449.074
111.731 277.638 451.717
106.277 110.497 111.895
111.740 153.655 220.681
111.837 118.965 147.319
111.847 116.418 121.311
111.925 154.941 225.251
106.694 115.242 123.425
111.818 116.388 122.714
111.802 112.044 112.810
111.804 113.978 122.441
111.821 111.873 111.919
112.737 118.387 123.664
112.032 116.744 123.706
111.814 112.856 116.836
111.937 114.841 122.478
115.640 117.676 120.986
114.437 117.259 120.172
106.735 109.987 111.892
112.482 116.219 121.843
112.956 116.499 120.852
111.853 273.283 444.112
111.934 115.451 119.764
111.825 132.661 147.623
111.831 113.041 117.195
111.873 112.837 113.500
375.295 381.824 390.006
106.693 110.555 111.875
111.739 111.810 111.897
118.584 120.739 122.560
384.612 421.241 448.309
315.335 355.900 400.918
115.626 118.111 119.819
424.144 435.151 448.076
111.717 114.320 121.446
429.931 436.669 442.361
106.447 111.543 115.868
111.815 213.521 432.726
244.607 274.948 300.553
438.511 446.957 453.354
382.477 417.060 451.164
113.000 117.462 123.076
113.562 116.712 120.923
130.886 190.148 234.692
111.810 111.879 111.910
113.233 117.363 121.166
113.193 116.687 121.037
304.910 315.658 330.489
429.271 441.793 457.762
112.529 115.383 119.217
106.174 110.703 111.874
203.116 284.404 364.580
210.371 249.851 289.945
111.022 115.473 122.156
114.065 118.161 122.626
442.549 448.395 455.882
112.348 114.642 118.423
428.560 439.177 457.811
443.510 447.844 450.996
115.287 118.606 122.676
402.178 431.648 448.696
110.406 114.013 117.546
114.213 118.955 121.891
436.433 446.479 453.879
445.668 449.872 452.511
443.414 449.255 453.131
442.863 450.595 454.954
113.978 118.241 123.591
111.910 117.822 120.967
450.702 457.479 461.567
112.447 116.688 121.230
452.247 456.310 459.623
112.432 117.150 120.210
444.930 449.879 456.823
291.276 374.427 453.855
445.101 451.230 455.877
111.837 285.659 459.481
106.774 117.682 122.713
106.211 110.987 113.056
113.805 117.056 123.399
111.809 111.877 111.979
106.303 196.187 454.756
455.473 458.486 459.882
112.875 118.557 120.899
108.000 111.371 113.086
111.913 116.354 123.637
110.482 116.441 120.925
111.806 111.885 111.992
111.953 119.199 123.562
114.792 119.708 123.426
444.830 449.995 458.830
440.903 446.758 456.112
112.306 118.738 122.779
450.892 454.449 458.286
112.645 118.563 122.847
111.485 118.308 123.170
111.788 111.865 111.946
107.479 114.100 120.052
454.022 457.676 460.152
111.923 114.393 117.595
110.649 114.834 126.104
112.593 116.602 119.845
115.808 118.180 122.021
111.503 111.839 112.003
116.934 120.082 123.146
114.614 118.916 122.034
446.213 450.082 454.046
446.344 452.482 458.679
112.040 116.940 121.441
115.281 118.775 122.305
450.617 454.292 457.724
446.016 448.143 451.070
117.233 120.069 122.245
120.657 121.193 121.788
106.766 109.970 111.992
452.483 454.065 457.555
450.260 453.920 458.415
111.863 111.872 111.881
111.829 111.884 111.929
111.800 111.847 111.877
106.431 110.808 111.954
111.778 111.857 111.912
111.786 111.926 112.108
111.820 111.851 111.879
111.825 112.000 112.421
111.741 111.824 111.918
107.459 110.949 111.853
111.832 111.896 111.951
111.844 111.890 111.984
107.390 111.381 113.813
111.857 111.889 111.941
106.091 110.689 111.928
106.549 110.841 112.097
111.785 111.828 111.938
111.803 111.877 112.005
106.323 110.768 111.990
111.742 111.824 111.860
111.583 111.831 111.958
111.792 111.866 111.939
107.473 111.151 112.559
106.411 110.779 111.952
106.274 110.879 112.659
106.150 109.660 112.027
111.876 111.907 111.927
111.812 111.837 111.853
106.106 111.090 113.733
111.812 111.889 112.018
110.728 111.719 112.135
111.833 111.976 112.341
111.869 111.894 111.916
111.722 111.810 111.906
111.660 111.822 111.942
107.374 110.979 111.903
111.754 111.822 111.913
111.837 111.886 111.921
111.839 111.887 111.940
106.339 110.741 111.883
111.843 111.876 111.918
111.753 111.831 111.857
111.868 111.924 111.985
111.833 111.839 111.851
111.759 111.861 111.900
111.876 111.937 111.991
106.655 110.820 111.962
111.819 111.872 111.928
111.754 111.873 112.067
106.698 110.820 111.885
111.794 112.038 112.767
111.801 112.083 112.870
111.553 111.780 111.919
111.829 111.890 111.941
106.698 110.848 111.967
111.880 112.588 113.765
106.785 110.827 111.965
111.800 111.886 112.006
111.808 111.864 111.963
111.817 111.856 111.883
107.444 111.028 111.974
110.551 111.551 111.838
111.809 111.851 111.914
111.823 111.920 112.083
111.804 111.871 111.973
106.365 110.801 112.020
111.797 111.846 111.891
111.831 112.226 113.576
111.808 111.873 111.957
111.732 111.924 112.367
106.072 109.532 111.906
106.092 110.628 111.880
107.438 111.020 111.986
111.879 111.917 111.968
110.597 111.539 111.872
111.839 111.881 111.899
111.803 111.860 111.932
106.403 110.810 111.944
111.839 111.900 111.979
106.368 108.939 111.862
111.781 111.837 111.925
111.786 111.865 111.943
111.813 111.899 111.979
111.764 111.820 111.899
106.327 111.153 113.820
106.787 110.905 112.162
106.163 110.703 111.882
107.374 111.104 113.016
111.779 111.979 112.387
111.828 111.874 111.904
106.131 110.770 111.979
111.771 111.819 111.844
111.773 111.837 111.890
111.645 111.790 111.841
111.858 112.271 113.768
106.428 110.761 111.931
111.865 111.888 111.924
111.798 111.886 111.958
111.795 111.859 111.940
107.353 109.359 111.826
111.791 113.744 119.648
111.847 111.909 111.957
107.503 111.042 111.958
106.793 110.764 111.854
111.846 111.906 111.968
111.788 112.244 113.791
111.844 111.905 111.966
111.871 111.924 111.959
111.753 111.830 111.932
106.103 109.611 111.896
110.590 111.608 111.892
111.841 111.857 111.874
106.480 110.827 111.979
106.105 110.692 111.887
110.663 111.635 111.899
111.533 111.830 111.962
106.219 110.735 111.891
111.810 111.870 111.912
106.652 110.819 111.913
111.844 111.895 112.022
111.842 111.901 111.977
107.452 110.768 111.941
111.759 111.874 112.012
111.800 111.835 111.871
111.804 112.134 112.937
111.832 111.929 112.038
111.849 111.904 111.998
107.438 111.056 112.125
111.803 111.853 111.905
111.843 112.199 113.454
111.821 111.895 112.009
111.870 111.894 111.963
111.813 111.843 111.906
111.747 111.792 111.822
106.172 109.866 111.908
111.821 111.916 111.994
111.866 111.921 112.005
110.668 111.617 111.920
106.724 110.812 111.923
106.746 110.073 113.744
111.816 111.889 112.028
107.000 110.882 111.931
111.879 112.055 112.598
111.610 111.797 111.942
111.808 111.881 111.977
111.859 111.875 111.890
111.860 111.888 111.935
111.759 111.803 111.860
106.128 110.699 111.879
111.822 111.905 111.972
106.247 110.721 111.921
111.842 111.889 111.963
110.593 111.576 111.851
106.782 110.855 111.956
111.852 111.902 111.982
106.330 110.726 111.915
111.838 111.876 111.913
111.877 111.912 111.959
110.510 111.579 111.891
111.824 111.886 111.923
111.785 111.849 111.924
111.601 111.843 111.964
111.902 111.926 111.957
111.841 111.908 111.971
106.201 110.723 111.873
111.661 111.795 111.872
106.685 111.142 112.744
111.828 111.903 112.015
106.843 110.831 112.030
111.856 111.892 111.927
111.862 111.984 112.299
111.652 111.926 112.179
106.647 111.287 114.364
106.773 110.860 111.936
111.849 111.941 112.110
111.813 111.851 111.874
106.715 110.826 111.884
110.643 111.576 111.910
111.763 111.878 112.105
111.797 112.498 113.836
107.420 111.106 112.721
106.111 110.670 111.868
111.783 111.826 111.872
111.789 111.845 111.955
111.815 112.050 112.722
106.273 110.765 112.034
111.868 111.918 111.947
110.911 111.669 111.929
111.813 111.854 111.898
111.862 112.283 113.777
111.792 111.995 112.504
111.825 111.886 111.956
111.824 111.911 111.965
106.755 110.782 112.713
111.817 111.863 111.899
107.475 110.975 111.952
110.672 111.641 111.950
111.779 111.852 111.899
111.842 111.910 112.003
111.806 111.859 111.914
111.769 111.864 112.080
106.155 109.889 111.951
107.450 111.029 112.023
109.061 111.228 111.876
106.726 110.898 112.039
106.199 110.663 111.942
111.806 111.988 112.582
111.809 111.847 111.913
111.772 111.841 111.959
106.069 110.687 111.870
111.822 111.884 111.919
111.814 112.134 113.320
106.673 110.804 111.914
107.503 110.970 111.961
111.832 111.901 111.978
107.383 110.969 111.932
106.150 110.850 112.396
111.790 111.904 111.975
111.780 111.846 111.907
110.562 111.582 111.852
107.466 110.370 111.905
107.630 111.025 111.914
106.698 110.754 111.793
112.079 113.276 113.725
111.815 111.865 111.936
111.834 111.902 111.988
111.775 111.836 111.884
111.785 111.876 111.967
107.463 111.084 113.739
111.858 111.882 111.905
111.781 111.873 112.046
108.265 111.734 113.749
111.496 111.806 111.987
106.371 109.720 111.982
111.824 112.071 112.903
106.706 110.864 111.956
110.608 111.602 111.888
111.856 111.925 112.084
111.871 111.906 111.945
111.823 111.866 111.909
111.819 111.878 111.961
111.751 111.860 111.925
107.511 110.841 112.309
106.303 110.767 111.976
111.801 112.070 113.008
111.783 111.839 111.939
111.790 111.875 111.930
111.796 111.844 111.915
106.124 109.632 111.939
111.813 111.918 112.032
111.745 112.004 112.652
110.620 111.573 111.933
110.564 111.638 111.966
111.790 112.053 112.994
111.815 111.835 111.885
111.799 111.861 111.897
111.870 111.908 111.943
111.851 111.869 111.904
111.755 111.842 111.933
106.634 110.831 111.908
111.853 111.882 111.924
107.494 110.756 111.961
111.884 111.937 111.987
106.289 109.587 111.853
111.820 111.874 111.939
111.822 111.893 111.957
111.821 111.888 112.043
111.802 111.864 111.928
106.165 110.774 112.080
106.269 110.758 111.937
111.525 111.803 111.914
111.849 111.869 111.889
106.070 110.632 111.792
111.882 112.302 113.838
111.771 111.882 111.965
107.508 111.003 111.972
111.829 111.930 112.141
111.789 111.840 111.884
110.575 111.580 111.887
111.798 111.840 111.930
106.369 109.742 111.976
107.430 111.250 113.021
111.794 111.834 111.928
107.719 111.027 111.942
111.839 111.899 111.947
111.850 111.987 112.379
110.607 111.624 111.917
111.749 111.860 111.998
106.782 110.804 111.941
106.080 110.681 111.873
106.088 109.682 111.925
111.870 111.913 111.935
111.839 111.858 111.882
111.803 112.033 112.475
111.778 111.835 111.911
111.818 111.886 111.948
106.314 110.765 111.934
111.520 111.768 111.950
107.522 110.151 111.939
111.743 111.802 111.856
111.864 111.919 112.017
111.818 111.891 111.927
106.218 110.829 112.242
111.601 112.023 112.906
111.828 111.899 112.009
111.607 111.824 111.949
111.774 111.866 111.950
110.619 111.996 113.769
111.831 111.917 111.982
106.258 109.709 111.884
106.177 110.775 111.973
111.781 112.249 113.807
111.781 112.209 113.762
106.726 110.909 111.984
106.090 110.704 111.919
106.109 110.649 111.872
107.679 111.017 111.954
110.715 111.639 111.884
106.414 110.806 111.949
108.084 111.119 111.948
111.779 112.197 112.860
111.711 111.827 111.903
111.742 111.805 111.874
111.845 112.053 112.806
106.714 110.843 111.929
111.711 111.857 111.969
106.204 109.727 111.968
111.819 111.883 111.967
107.934 111.094 111.935
111.783 111.853 111.934
111.790 111.841 111.914
111.811 111.875 111.910
107.515 110.051 111.803
111.810 111.866 111.908
107.500 110.981 111.966
107.523 111.005 111.941
107.489 110.958 111.912
111.631 111.864 111.986
484.381 484.568 484.755
111.762 111.850 111.955
111.566 111.787 111.871
118.139 120.317 122.496
107.409 110.969 111.922
111.635 111.880 111.997
111.747 111.933 112.147
106.204 110.736 111.898
111.927 111.970 112.000
111.730 111.796 111.928
116.958 116.958 116.958
114.708 114.708 114.708
114.004 118.067 123.602
119.804 121.448 123.810
120.025 123.229 124.639
111.789 111.852 111.894
111.712 111.833 111.942
111.774 111.876 111.926
110.613 111.762 112.625
110.542 111.637 111.943
110.609 111.614 111.916
111.829 111.865 111.891
111.638 111.867 111.961
111.779 112.316 113.874
106.137 110.693 111.871
111.562 111.793 111.936
111.871 111.900 111.920
111.755 111.805 111.864
106.325 109.657 111.902
106.367 110.776 111.968
106.353 110.670 111.913
106.602 109.944 111.920
111.877 111.895 111.945
107.504 110.937 111.860
106.258 110.671 111.809
111.779 111.833 111.879
107.474 110.971 111.927
111.769 111.861 111.996
111.775 111.840 111.892
111.764 111.861 111.953
111.827 112.075 112.971
111.863 111.884 111.898
106.769 110.838 111.924
111.532 111.814 111.940
106.178 110.715 111.922
111.818 111.895 111.941
111.736 111.868 111.997
106.139 110.748 111.969
111.770 111.866 111.945
110.638 111.638 111.969
111.801 111.915 112.116
107.335 110.868 111.854
111.846 111.893 111.971
111.589 111.834 111.914
111.812 111.863 111.921
111.757 111.829 111.888
111.864 111.938 112.087
111.826 111.865 111.906
111.887 111.913 111.948
111.767 111.793 111.820
111.815 111.873 111.903
111.587 111.794 111.941
106.719 110.853 111.937
111.723 111.821 111.915
106.379 110.756 111.931
106.617 110.825 111.922
111.714 111.842 111.950
111.475 112.056 113.212
107.566 111.036 111.982
106.371 110.779 111.927
111.847 111.896 111.926
111.492 111.780 111.943
111.791 111.900 111.957
111.792 112.339 113.795
106.227 110.649 111.828
106.666 110.804 111.871
111.851 111.898 111.955
111.821 111.872 111.917
111.825 111.892 111.988
106.641 110.817 111.922
106.240 110.819 112.216
111.781 111.820 111.899
106.406 110.820 111.951
111.769 111.804 111.873
111.723 111.792 111.888
111.813 111.926 112.012
107.462 110.468 111.885
111.834 111.856 111.884
106.168 110.714 111.937
110.624 111.643 111.928
111.791 111.850 111.949
