201.021 201.722 203.670
200.888 201.374 202.026
200.737 200.980 201.539
200.810 200.932 201.185
200.834 201.129 201.388
200.991 204.056 210.593
200.885 201.847 204.726
200.867 205.572 213.043
201.259 204.611 210.875
200.787 201.158 201.901
200.992 202.391 205.594
200.766 201.002 201.531
200.829 201.131 201.425
200.857 201.422 202.421
200.766 201.679 204.403
201.007 203.754 210.941
200.843 201.625 203.006
200.881 202.854 208.057
200.940 203.470 207.904
200.802 201.239 201.629
200.782 203.145 207.750
200.792 203.142 205.391
201.308 202.176 204.298
201.007 202.682 206.311
200.877 201.610 203.602
200.824 201.228 202.677
200.997 203.158 208.634
200.785 201.944 203.942
201.203 202.815 208.092
200.909 201.077 201.247
201.000 201.942 204.257
200.770 201.184 201.754
200.747 203.432 212.103
200.812 201.715 204.385
200.775 202.539 206.816
200.892 201.256 202.197
200.904 201.679 203.409
200.970 201.942 204.017
200.794 201.066 201.905
200.724 200.909 201.121
201.215 206.055 211.450
200.769 204.750 212.473
200.902 201.395 202.510
200.747 201.685 203.481
200.833 203.726 209.229
200.837 201.174 201.745
200.921 202.749 207.485
201.001 204.632 208.629
200.966 205.614 211.844
201.168 201.393 202.082
200.870 202.294 206.836
200.958 201.312 202.247
201.094 202.847 207.904
201.013 202.237 204.180
200.982 201.606 203.183
200.807 201.254 202.362
200.756 200.976 201.229
201.171 203.989 208.318
200.849 201.911 205.540
201.200 202.741 206.585
200.776 201.309 201.841
200.782 202.856 208.007
200.861 202.208 204.495
201.035 201.247 201.586
200.928 202.583 208.945
200.991 203.240 211.807
201.005 202.441 205.306
201.081 201.625 203.056
200.951 201.420 202.254
200.800 202.962 210.682
201.028 202.696 207.656
200.893 202.579 208.700
200.831 203.406 212.736
200.840 201.275 201.785
200.775 203.431 208.879
200.720 201.111 202.142
200.933 202.785 207.068
200.836 202.761 206.598
200.884 201.158 201.934
201.226 203.692 211.641
200.856 201.112 201.384
200.934 202.325 203.650
201.017 204.318 210.191
200.789 202.957 210.920
200.819 201.882 204.746
200.941 203.481 209.783
200.719 202.889 206.901
200.733 202.466 208.222
200.989 203.605 206.198
201.166 204.422 209.914
200.731 201.725 203.648
200.731 201.524 203.857
201.165 207.532 212.620
200.836 201.733 203.043
200.743 202.037 204.884
201.359 203.873 207.240
200.735 201.065 201.266
200.859 201.914 203.123
200.851 201.868 205.501
202.088 203.323 204.844
200.810 201.310 201.821
200.968 201.865 204.601
200.950 202.543 208.246
200.809 203.569 209.014
200.928 202.073 204.332
200.728 203.173 211.209
200.955 202.549 205.401
200.952 202.719 209.154
200.754 200.990 201.567
200.780 203.117 210.824
201.063 205.476 213.224
201.076 202.554 207.831
200.996 203.950 212.483
201.052 202.010 203.644
200.923 201.644 203.695
200.871 202.401 205.939
201.071 201.926 203.102
200.968 201.809 203.750
201.112 206.445 213.085
201.506 205.502 212.777
200.998 202.250 203.769
200.946 202.042 203.693
201.371 205.251 212.414
200.909 203.427 211.010
201.032 202.654 208.074
200.890 201.457 202.508
200.907 204.451 213.318
201.003 201.597 203.378
201.188 204.628 209.297
201.027 201.121 201.196
200.871 201.211 201.536
200.967 203.495 207.237
200.960 201.370 202.170
200.805 201.050 201.290
200.803 201.597 203.810
200.935 201.705 204.486
201.204 205.319 213.635
200.933 205.448 210.070
200.860 201.336 202.132
200.860 202.047 204.949
200.780 201.188 201.695
200.920 204.851 210.136
200.800 201.682 203.092
200.728 203.927 211.694
200.818 202.517 206.382
201.098 202.308 203.872
200.913 202.282 206.793
200.774 202.743 205.760
200.938 202.980 209.998
201.003 202.806 208.697
200.983 202.070 205.381
200.912 202.706 208.446
200.936 203.023 210.878
200.867 203.064 210.639
200.826 204.745 212.952
200.967 205.188 211.783
200.872 201.850 204.650
200.908 202.494 206.006
201.848 202.582 204.041
200.771 204.559 213.266
200.913 201.215 201.567
200.790 201.167 202.135
200.963 201.614 203.345
200.781 201.776 203.603
200.811 203.497 211.324
200.757 203.358 208.499
200.969 205.907 212.371
201.018 202.063 204.517
200.774 201.294 202.713
201.136 202.118 205.391
200.872 203.818 212.854
201.058 205.076 209.456
201.013 202.803 206.884
200.795 201.303 202.161
200.986 201.374 201.986
201.375 203.159 207.485
201.023 203.909 210.698
200.952 203.558 212.819
200.896 202.038 204.676
200.946 201.530 203.351
200.820 201.630 204.134
200.972 201.749 202.594
200.880 201.830 204.518
201.225 203.821 212.444
200.797 201.014 201.255
201.053 204.387 212.507
200.846 209.234 238.122
200.836 201.279 201.976
200.827 201.050 201.451
201.022 202.514 204.443
201.093 204.192 211.426
201.325 203.785 206.206
200.970 204.853 209.866
200.879 202.738 206.720
201.023 202.854 207.324
200.929 202.152 204.639
200.922 202.365 204.254
200.813 202.591 207.986
200.820 201.299 202.508
201.055 201.929 204.036
200.822 201.077 201.413
200.933 201.184 201.421
200.808 205.514 213.468
200.968 201.727 203.965
201.241 203.120 206.605
200.972 201.794 203.053
200.917 203.546 212.904
200.915 201.148 201.541
201.127 202.611 207.809
201.212 202.025 204.771
200.963 204.222 209.969
200.837 201.611 202.686
201.115 204.654 211.925
200.860 201.470 202.124
200.921 201.465 202.627
200.810 204.193 209.015
200.735 201.685 202.824
200.919 201.885 205.355
201.056 205.201 212.399
200.900 201.116 201.352
200.825 202.114 206.572
200.991 201.741 204.507
200.893 201.268 202.076
200.832 201.430 202.095
201.174 201.850 203.813
200.913 201.172 201.833
200.929 201.241 201.565
200.989 201.108 201.302
200.925 201.136 201.648
201.090 202.795 207.513
201.180 202.375 205.245
200.705 201.165 201.490
200.959 201.267 201.830
201.092 202.331 203.631
200.801 201.489 202.298
200.844 201.896 205.438
200.888 202.537 207.008
200.817 202.883 205.382
201.142 201.792 203.706
201.760 205.054 211.407
200.966 203.192 210.227
200.817 201.202 202.181
200.864 201.035 201.165
200.854 201.106 201.466
200.802 201.484 203.693
200.927 201.242 201.996
201.106 201.175 201.282
200.907 201.030 201.104
200.876 202.691 205.565
201.005 201.143 201.367
201.091 201.747 203.727
200.935 201.769 204.263
200.847 201.134 201.806
200.834 201.242 201.564
200.783 201.050 201.524
200.795 201.316 202.994
200.917 201.192 201.803
200.755 201.026 201.642
200.931 201.230 201.855
200.752 201.011 201.596
200.721 203.544 211.738
200.774 200.922 201.263
200.870 200.997 201.193
200.776 201.726 204.729
200.883 201.977 205.142
200.709 201.196 201.880
200.806 202.229 205.280
200.809 201.736 204.737
200.822 201.541 203.999
200.931 201.225 201.619
201.010 202.644 205.742
201.167 203.004 208.903
200.860 201.242 201.630
200.889 201.212 201.949
200.740 201.104 201.328
200.924 201.188 201.478
200.802 201.113 201.404
200.845 201.039 201.406
200.750 200.954 201.159
200.740 201.294 202.642
200.751 202.745 204.923
200.888 201.331 201.687
200.874 201.073 201.406
200.962 202.019 204.467
200.868 201.173 201.440
200.777 202.258 204.440
201.146 202.989 206.048
200.926 201.264 201.822
200.914 202.754 206.049
200.936 203.788 206.589
200.931 201.162 201.925
200.839 201.557 202.972
200.751 201.102 201.418
200.693 201.108 201.714
200.893 201.035 201.237
200.849 201.698 203.566
200.822 201.339 202.382
200.898 201.080 201.289
200.875 201.094 201.325
200.838 201.147 201.642
200.816 201.003 201.452
201.133 201.458 202.392
200.800 201.183 201.948
200.839 201.504 203.548
200.860 200.919 201.032
200.886 201.027 201.255
201.036 201.131 201.232
200.717 200.967 201.200
200.967 201.887 205.373
201.038 201.375 201.725
200.683 200.982 201.250
201.047 201.386 202.007
200.753 200.917 201.069
201.121 201.616 202.085
200.901 200.959 201.043
201.016 201.096 201.207
200.994 201.285 201.545
200.937 201.515 203.000
200.809 201.097 201.294
200.773 201.031 201.221
200.698 201.850 205.679
200.780 200.985 201.221
200.751 201.117 201.284
200.679 201.162 201.672
200.863 201.838 205.062
200.884 201.136 201.564
200.818 200.990 201.385
201.266 201.341 201.465
200.701 201.022 201.280
201.050 203.043 210.011
200.745 201.248 201.500
200.833 201.030 201.271
200.747 201.004 201.697
200.934 201.240 201.870
200.872 200.980 201.331
201.021 201.239 201.871
200.876 200.952 201.064
200.822 201.140 201.322
200.717 200.948 201.272
201.054 201.162 201.325
200.676 201.027 201.173
200.913 201.068 201.222
200.856 201.106 201.356
200.937 201.398 202.158
200.902 201.158 201.515
200.854 201.107 201.383
200.875 200.974 201.106
201.199 201.277 201.459
200.898 201.032 201.191
200.952 201.098 201.276
200.924 201.117 201.527
200.858 201.130 201.251
200.735 200.997 201.283
200.753 201.277 201.844
200.732 200.983 201.179
200.734 201.155 201.364
200.991 201.317 202.321
200.860 201.008 201.167
200.743 200.964 201.313
201.033 201.202 201.561
200.805 201.083 201.297
200.782 201.087 201.257
200.866 201.095 201.545
201.051 201.270 201.515
201.042 202.002 205.676
200.861 201.256 201.961
200.867 201.164 201.627
200.793 201.246 202.430
200.782 201.086 201.373
200.941 201.165 201.722
200.856 201.195 201.573
200.904 201.164 201.409
200.816 201.136 201.402
200.925 202.358 204.779
200.857 201.077 201.211
201.104 201.349 201.893
200.953 201.420 202.142
200.750 201.350 202.532
200.992 201.255 201.449
200.855 201.111 201.366
200.902 201.190 201.526
200.963 201.242 202.098
200.924 201.120 201.435
200.748 200.993 201.216
200.750 201.081 201.400
200.725 200.965 201.365
200.740 201.471 202.069
200.865 200.997 201.151
200.878 201.004 201.240
200.868 201.077 201.343
200.751 201.166 201.865
200.876 201.084 201.517
200.798 201.202 202.333
200.856 201.378 201.852
200.862 201.234 202.380
201.031 201.519 202.316
200.808 201.117 201.414
201.035 203.237 211.127
200.890 201.157 201.329
200.731 200.970 201.282
200.853 201.280 202.646
200.767 200.979 201.265
200.789 201.209 201.735
200.850 201.132 201.410
201.051 201.161 201.426
200.761 201.329 202.797
200.766 201.113 201.431
200.779 200.969 201.329
201.087 201.449 201.926
200.918 201.219 201.512
200.997 201.565 203.667
200.871 200.936 201.029
200.850 200.869 200.909
200.764 201.196 201.915
200.793 201.108 201.281
200.839 201.264 202.043
200.780 201.207 201.899
200.773 201.173 201.784
200.903 201.456 202.820
200.843 201.083 201.214
200.753 201.004 201.271
200.881 201.189 201.438
200.758 200.917 201.008
200.763 201.019 201.178
200.765 200.948 201.311
200.873 201.050 201.596
200.946 201.157 201.383
200.746 201.160 202.211
200.729 201.106 201.768
200.892 201.138 201.465
200.996 201.822 204.364
200.869 200.935 201.031
200.758 202.026 206.129
200.842 201.023 201.249
200.899 201.040 201.319
200.939 201.381 202.832
200.770 201.066 201.354
200.771 201.588 202.868
200.823 201.203 201.743
200.732 201.528 203.089
200.869 200.983 201.279
200.875 201.161 201.376
200.929 201.148 201.304
200.817 201.166 201.286
200.774 200.928 201.210
200.788 201.185 202.031
200.808 201.050 201.244
200.889 201.105 201.348
200.742 201.433 203.309
200.998 201.143 201.260
200.713 201.051 201.508
200.743 201.493 203.374
200.728 201.426 203.010
201.074 201.233 201.476
200.859 201.134 201.751
201.053 201.744 203.788
200.860 201.122 201.604
200.780 200.999 201.270
200.741 201.202 202.311
201.020 201.112 201.359
200.700 201.397 202.968
200.899 201.063 201.277
200.906 201.436 202.817
200.906 201.239 201.390
200.995 201.974 204.077
200.746 201.381 202.578
200.789 202.722 204.575
201.116 201.232 201.556
200.921 201.262 202.160
200.957 201.076 201.272
200.843 201.026 201.328
200.913 201.484 202.839
201.216 201.561 202.402
200.770 201.092 201.510
200.988 201.411 202.120
200.906 201.170 201.379
200.695 201.028 201.382
200.802 200.976 201.098
200.844 202.178 206.791
200.845 201.106 201.348
200.840 201.094 201.484
200.880 201.137 201.477
201.018 201.095 201.196
200.724 201.390 203.577
200.695 201.131 201.883
200.844 201.244 201.579
200.967 201.187 201.753
200.887 201.111 201.299
200.826 201.043 201.162
200.711 201.967 203.752
200.791 201.020 201.186
200.802 201.045 201.678
200.772 200.981 201.226
200.974 201.020 201.124
200.755 201.159 201.358
200.847 201.012 201.325
200.782 201.040 201.169
200.843 200.932 201.072
200.840 201.251 202.409
200.972 201.490 202.708
200.833 201.158 202.228
200.817 201.269 201.902
200.828 200.901 201.007
200.783 200.973 201.198
200.764 200.948 201.321
200.785 202.802 209.449
200.771 201.679 203.168
200.758 201.123 201.381
200.935 201.599 202.795
200.858 201.046 201.314
200.895 201.072 201.300
200.800 201.024 201.325
200.884 202.819 209.863
200.851 201.207 201.856
200.892 201.531 203.197
200.971 201.164 201.470
200.927 201.136 201.602
200.832 201.319 201.879
200.969 202.010 203.500
201.110 202.596 204.426
200.937 202.688 207.487
201.028 202.806 205.633
200.706 200.986 201.495
200.960 201.964 204.345
200.786 200.947 201.082
200.638 200.798 200.903
200.737 200.980 201.432
201.213 203.481 210.229
200.813 200.933 200.976
200.772 201.036 201.281
201.034 201.092 201.210
200.773 201.085 201.532
200.921 201.283 201.724
201.291 202.243 203.849
200.833 201.113 201.771
200.983 201.080 201.379
200.871 202.800 209.433
200.695 201.376 202.378
200.942 201.749 204.529
200.816 201.380 202.335
200.717 201.413 202.483
200.865 201.154 201.414
200.834 201.185 201.816
200.797 202.450 208.717
200.954 201.117 201.372
200.986 201.123 201.435
201.021 201.377 202.027
200.845 201.390 201.828
201.055 201.840 204.122
200.809 201.205 201.780
200.993 202.741 208.360
200.866 201.453 202.595
200.780 201.382 202.587
201.056 201.178 201.329
201.013 201.228 201.478
200.846 201.653 202.439
200.815 201.280 202.061
200.735 201.195 202.018
200.701 200.901 201.292
200.910 201.900 204.360
200.945 201.289 201.754
201.067 201.219 201.379
200.756 202.503 206.565
200.750 201.662 204.502
201.261 202.757 206.062
200.974 201.240 201.859
200.775 201.964 205.191
201.178 204.016 205.437
200.781 201.253 202.188
200.830 201.555 202.939
201.249 203.803 209.240
200.944 201.602 203.287
200.914 201.174 202.093
200.833 200.987 201.235
200.833 201.813 204.649
200.886 201.196 201.563
200.767 201.479 203.252
200.957 204.074 214.583
201.243 201.992 203.858
200.807 201.654 203.186
200.906 201.519 202.591
201.310 203.674 209.515
201.001 201.697 202.851
200.904 201.139 201.450
200.895 201.304 202.004
200.690 203.330 206.846
200.867 201.635 202.865
200.896 201.201 201.652
200.892 202.483 207.442
200.876 201.274 201.554
201.130 204.811 206.584
201.099 203.351 211.671
200.990 203.636 212.125
200.779 203.180 209.944
201.011 202.977 209.326
200.889 205.424 213.808
201.128 202.917 206.166
201.131 204.504 208.537
200.980 201.520 202.956
200.785 201.309 201.773
200.896 201.059 201.215
200.811 202.935 208.699
200.990 204.535 210.435
200.882 202.618 205.963
201.354 205.825 210.698
200.942 202.402 204.665
201.247 202.082 203.588
200.970 203.307 209.503
200.867 201.576 202.628
200.906 202.304 205.234
200.720 202.467 206.422
200.948 201.273 202.026
200.843 201.291 201.568
200.827 201.133 201.895
200.922 201.486 202.632
200.960 202.255 205.930
200.887 201.225 201.817
200.814 201.144 201.579
200.783 201.734 204.665
200.993 201.497 202.083
200.821 203.260 211.824
201.005 202.781 207.226
200.832 201.362 201.847
201.001 202.054 204.302
200.858 201.081 201.366
200.884 201.460 202.138
200.811 201.844 204.791
200.853 201.986 203.025
201.358 205.623 213.133
200.947 201.369 202.463
201.017 202.209 205.478
201.244 201.694 202.265
201.226 202.016 203.844
200.830 200.990 201.125
201.093 204.228 207.494
200.802 201.145 201.765
201.532 205.189 208.403
200.847 200.926 201.019
200.796 202.054 203.852
201.781 205.763 208.843
200.952 202.948 209.654
201.100 202.170 203.684
200.986 202.392 203.633
200.888 202.657 206.068
202.055 204.269 206.780
201.338 202.083 204.334
201.939 204.210 210.838
200.910 201.475 203.232
201.125 202.703 204.161
200.847 202.392 205.035
200.826 203.224 209.851
201.008 201.436 202.509
201.160 210.245 229.575
200.937 201.758 204.459
201.050 201.524 202.788
201.253 202.837 207.815
201.038 201.928 203.720
201.065 202.490 204.509
200.816 201.444 203.022
201.122 202.361 206.505
200.994 205.799 213.165
200.735 201.908 204.723
200.929 202.697 204.612
200.923 201.195 201.499
200.951 202.926 205.229
200.820 201.484 202.275
200.785 202.418 206.559
200.836 201.379 202.025
200.780 205.487 212.793
200.947 201.592 203.383
201.319 203.389 209.077
200.901 201.543 203.334
200.839 202.656 207.927
200.844 202.381 205.205
200.773 201.041 201.599
200.839 201.750 205.255
200.747 201.272 202.338
201.562 203.108 207.286
201.111 202.567 205.465
200.764 201.994 204.023
200.899 201.455 202.378
200.956 202.864 204.389
200.878 201.509 202.954
201.032 201.190 201.444
201.550 206.894 214.005
200.913 201.905 202.933
201.007 204.265 209.868
201.206 203.320 208.302
200.883 203.316 207.852
200.760 201.797 203.243
202.202 205.108 209.776
200.946 201.834 204.190
201.230 203.580 205.823
201.394 203.665 205.968
200.963 202.693 205.622
200.875 204.611 212.670
200.967 202.924 208.840
201.413 202.083 202.904
200.792 202.040 205.316
200.741 201.566 203.479
201.150 202.018 204.227
200.905 203.226 206.568
200.945 201.586 203.340
200.844 201.325 202.145
200.798 201.985 204.038
200.950 203.923 213.431
200.874 201.249 201.550
201.163 201.862 203.332
201.152 203.445 207.143
201.312 201.948 202.871
200.888 202.287 206.769
201.014 201.406 201.885
200.827 201.730 204.150
200.888 202.196 206.489
200.989 201.661 202.111
202.188 204.951 208.414
200.892 203.123 204.998
201.284 203.430 207.302
200.776 204.037 209.247
200.951 202.361 206.644
201.137 201.803 203.532
200.966 201.440 202.009
201.008 202.711 207.890
200.925 201.719 203.427
200.846 201.029 201.331
200.888 201.201 201.703
200.736 201.530 202.998
200.992 202.171 205.373
200.831 201.437 202.156
200.854 201.225 201.908
200.760 202.793 210.166
200.933 201.093 201.358
200.976 202.025 204.042
201.073 202.015 205.512
200.828 201.030 201.395
200.863 201.004 201.166
201.083 201.755 204.272
200.966 201.280 201.946
200.762 204.256 210.822
200.799 201.091 201.371
200.950 201.808 204.024
201.055 201.734 202.557
200.778 202.565 205.131
200.872 202.305 207.322
200.898 201.245 202.011
200.926 201.669 202.697
200.936 201.699 203.745
200.785 201.069 201.639
201.026 201.337 202.156
200.808 201.174 201.416
201.277 203.005 206.199
200.943 202.430 205.466
202.024 205.430 212.746
201.601 203.442 206.417
203.877 207.088 212.208
201.769 202.630 204.070
202.021 208.278 216.029
212.536 214.678 218.670
204.361 208.893 212.993
201.640 202.879 206.152
201.666 204.256 208.531
201.597 207.533 212.754
200.970 203.734 206.084
202.068 206.138 209.817
202.018 205.575 209.434
200.785 203.440 213.236
200.925 200.998 201.080
200.830 201.338 202.463
201.134 202.350 205.221
200.868 201.662 203.288
201.261 204.674 210.315
201.081 201.442 202.182
200.818 201.534 202.538
200.763 200.957 201.407
200.947 201.454 203.091
200.964 202.046 203.950
200.920 203.847 213.672
201.018 202.343 205.361
200.984 201.418 202.264
200.858 201.078 201.698
200.953 201.177 201.437
200.970 201.216 201.531
200.882 202.240 204.107
214.128 216.605 220.183
201.431 203.777 206.503
207.229 211.326 218.882
204.884 208.348 213.702
201.121 204.821 211.394
215.205 219.302 222.771
201.200 208.677 214.548
201.119 206.417 211.424
202.015 206.754 210.355
200.975 201.671 202.939
201.193 203.565 211.379
201.048 201.508 202.700
200.933 202.286 205.745
201.329 205.124 209.105
201.552 203.343 206.364
208.525 214.990 219.659
200.979 201.623 202.066
201.142 202.941 205.988
200.938 201.919 203.359
200.859 201.391 203.033
210.242 268.397 307.071
202.785 202.795 202.805
200.904 201.387 201.869
200.933 202.406 205.912
200.965 201.331 201.873
201.151 204.055 209.239
200.836 201.279 202.013
200.941 201.035 201.102
200.835 201.933 205.253
201.499 202.403 203.575
200.746 201.076 201.304
200.978 201.161 201.365
206.587 210.806 216.876
202.336 207.976 213.563
208.940 220.323 230.474
205.811 213.668 219.371
203.075 207.262 213.325
208.490 214.960 221.175
208.977 212.048 216.248
201.190 201.367 201.519
202.677 206.731 211.807
200.862 203.608 207.663
201.125 203.510 208.932
201.033 202.205 203.736
200.907 201.330 202.095
201.080 201.294 201.498
201.022 203.194 206.146
201.162 201.664 202.239
201.050 201.574 202.232
200.965 201.601 202.965
201.120 203.935 212.770
201.249 202.040 202.720
201.001 201.937 203.840
201.015 206.278 211.242
201.960 204.644 208.110
201.025 201.674 202.272
200.741 201.098 201.718
200.880 202.270 207.091
200.931 201.158 201.489
201.089 203.754 213.194
200.863 201.649 204.122
200.904 201.253 201.512
200.996 203.083 209.524
200.834 201.393 202.197
200.983 201.522 202.785
200.864 202.366 205.517
200.789 201.430 202.668
200.956 202.048 204.833
200.703 201.295 202.186
200.928 202.428 205.383
200.876 201.088 201.403
200.999 202.689 205.020
200.925 203.296 208.863
200.949 201.936 204.786
200.797 201.536 203.557
200.721 200.866 201.081
200.927 201.244 202.461
200.931 204.611 212.652
200.820 201.410 202.879
200.893 202.243 206.874
201.060 201.172 201.493
200.948 201.255 201.770
200.840 200.995 201.164
200.744 201.922 204.507
200.966 201.103 201.319
201.046 202.286 205.674
200.918 201.790 204.212
200.827 202.234 204.281
200.795 201.952 205.883
200.873 202.063 205.253
200.677 204.076 209.256
200.863 203.259 211.468
200.776 201.238 202.224
201.266 202.661 207.606
200.831 204.029 210.622
201.095 204.157 212.007
200.945 201.075 201.265
200.912 201.094 201.430
200.809 204.775 212.709
201.113 201.748 203.554
200.766 202.100 205.893
200.786 201.042 201.386
200.860 201.189 201.692
232.678 236.330 241.479
220.881 230.653 236.761
225.048 233.159 238.809
233.398 238.368 242.521
217.999 222.861 227.987
200.851 202.508 206.958
214.397 217.483 223.942
203.859 208.249 217.318
201.432 204.744 215.660
200.909 200.987 201.204
200.892 201.295 202.019
200.898 202.725 206.691
200.913 202.331 204.459
200.835 200.964 201.082
200.842 201.200 201.567
200.911 202.892 208.511
200.907 202.427 204.886
200.919 201.396 202.869
200.855 202.848 208.722
200.975 202.193 204.901
200.912 201.976 203.778
200.830 201.699 203.490
200.965 201.302 202.344
200.910 201.105 201.675
201.007 201.322 202.379
200.736 201.108 201.505
201.030 202.203 204.980
200.835 202.012 204.746
200.931 201.098 201.232
200.872 201.842 203.085
200.916 202.190 205.354
201.422 208.258 211.909
200.800 201.693 202.974
200.791 207.186 212.068
201.028 204.908 209.810
200.892 201.543 203.190
200.989 202.286 204.708
200.855 203.191 205.495
200.927 203.636 209.603
200.971 201.147 201.520
201.210 202.383 204.006
201.076 203.474 206.901
200.733 201.573 203.120
200.963 201.707 202.354
200.869 202.376 203.423
202.117 203.271 204.947
201.015 201.973 203.658
200.814 201.666 204.525
200.849 201.525 202.611
200.973 201.617 202.685
200.903 203.660 211.908
201.117 203.455 208.146
201.012 202.441 206.139
201.110 202.147 204.574
200.820 202.541 207.224
201.146 204.419 209.926
200.938 203.022 209.486
201.284 204.127 208.326
201.130 203.039 205.130
200.802 201.191 201.871
200.889 203.028 209.610
200.810 202.744 208.298
200.925 204.059 211.290
200.963 201.436 202.094
200.975 201.739 204.553
200.772 202.440 207.935
200.934 201.524 202.084
200.851 203.763 212.498
200.866 202.002 204.187
200.919 201.361 201.837
200.665 205.030 210.563
201.142 204.883 211.751
200.727 202.452 204.480
201.089 205.065 208.772
200.803 203.036 206.777
200.867 201.085 201.283
200.772 201.849 203.808
200.900 201.307 202.292
200.877 201.660 203.746
200.868 204.069 209.792
200.796 201.472 202.216
200.782 202.343 207.662
201.256 205.988 211.039
201.006 203.311 207.984
200.851 203.922 209.294
200.917 203.546 210.904
200.879 201.755 203.081
200.781 201.206 201.591
201.156 202.237 203.036
201.272 203.764 207.694
200.901 204.427 213.083
200.893 202.954 209.611
200.982 203.295 206.575
201.100 201.488 202.383
200.877 202.914 209.079
200.706 202.948 204.506
200.778 201.662 204.223
200.875 203.569 210.996
200.903 201.064 201.505
200.931 203.260 206.797
200.978 202.130 205.616
200.833 203.230 211.914
200.925 201.696 204.128
201.030 201.457 201.866
200.884 201.598 204.099
200.940 203.744 213.195
200.781 200.945 201.083
200.774 202.920 209.179
200.895 203.008 206.627
200.923 201.784 204.420
200.766 201.224 202.419
200.835 201.945 203.742
201.181 204.058 208.649
200.906 204.209 207.595
200.710 201.199 201.764
200.770 201.006 201.303
200.883 203.357 211.317
201.187 202.125 203.543
200.822 203.150 211.917
200.812 203.879 208.401
200.807 203.275 211.983
200.844 203.062 206.903
200.853 201.954 204.924
200.705 203.052 209.519
201.104 205.358 213.330
200.714 202.883 208.349
200.879 202.282 204.230
200.832 203.491 211.270
200.857 201.088 201.237
201.072 201.874 203.915
200.839 201.336 203.129
200.808 201.063 201.387
201.078 202.787 206.085
200.865 201.336 202.378
201.159 203.961 209.500
200.882 201.208 201.568
200.947 201.823 203.015
201.134 201.658 202.676
200.833 201.055 201.376
201.187 201.570 201.886
200.959 204.072 206.413
200.887 201.501 203.456
201.118 202.256 206.248
201.268 203.093 205.750
200.768 204.417 212.835
200.906 203.884 208.755
201.096 203.924 209.353
200.999 203.611 207.816
201.300 202.123 203.223
200.930 201.945 204.036
200.937 201.102 201.426
201.065 205.373 211.882
200.949 202.194 206.270
200.941 204.007 212.278
200.827 201.882 204.450
201.145 201.281 201.540
200.835 201.145 201.390
200.795 202.525 205.058
200.895 205.022 211.525
200.840 202.419 204.926
201.378 204.575 209.012
200.935 206.235 210.640
200.885 201.746 202.702
200.762 201.138 201.377
200.750 202.002 203.570
200.892 204.313 211.107
200.981 204.189 209.333
200.880 202.314 207.180
200.748 203.629 208.917
200.873 201.112 201.370
201.021 201.761 202.845
200.828 201.206 202.011
200.826 201.092 201.355
200.857 202.114 206.456
200.988 201.359 202.613
200.809 201.219 202.336
200.739 201.070 201.447
200.906 201.332 201.501
200.911 201.694 204.171
200.811 202.256 207.077
200.977 201.738 204.171
200.905 202.644 209.063
200.836 201.711 204.429
200.798 201.673 203.938
201.024 201.597 202.618
200.996 201.255 201.522
200.937 202.181 204.450
200.816 201.704 203.105
200.743 201.436 203.330
200.798 201.578 204.080
200.934 201.534 202.550
201.102 201.228 201.389
200.899 201.219 202.337
200.838 201.060 201.493
200.785 201.716 203.244
200.870 201.114 201.326
200.937 202.458 207.823
201.088 201.329 201.750
200.961 201.118 201.251
200.796 201.099 201.590
200.892 201.211 202.289
200.936 201.777 204.652
200.943 201.393 202.786
200.900 201.163 201.647
200.773 201.044 201.273
201.094 201.292 201.564
200.872 200.977 201.141
200.836 201.006 201.192
200.912 201.068 201.406
200.702 201.233 202.578
200.845 200.953 201.080
200.733 201.078 201.683
200.787 201.211 201.801
200.921 201.373 202.686
200.913 201.036 201.183
200.858 201.123 201.569
200.811 200.957 201.209
201.162 202.223 204.216
200.835 200.980 201.276
200.735 200.925 201.044
200.862 201.173 202.024
200.975 201.128 201.242
200.902 201.016 201.088
200.828 200.991 201.214
201.075 201.781 202.964
200.926 201.437 202.824
200.984 201.659 202.851
200.735 200.966 201.123
200.885 201.202 201.527
200.876 200.990 201.162
200.796 201.102 201.442
200.766 201.652 203.774
200.813 200.979 201.195
200.739 201.342 203.119
200.915 201.098 201.496
200.824 201.079 201.468
200.782 201.677 203.720
200.911 201.270 201.919
200.731 200.885 201.083
200.800 201.120 201.867
200.786 201.610 203.478
200.758 201.016 201.264
200.712 200.855 201.180
200.865 201.024 201.350
200.730 201.379 202.786
201.037 201.813 204.748
200.963 201.658 203.269
200.785 201.827 205.000
200.718 201.655 203.063
200.896 203.752 210.635
200.771 200.997 201.577
200.791 202.803 209.513
200.893 201.322 202.648
201.061 205.037 209.489
200.818 200.985 201.152
200.935 201.758 203.310
200.945 201.714 203.189
200.865 202.159 203.685
200.838 202.042 204.602
201.029 201.228 201.404
200.810 201.079 201.270
200.650 200.873 201.235
200.765 201.016 201.282
200.860 201.084 201.331
200.908 201.215 201.678
200.843 201.216 201.592
200.874 201.104 201.353
200.954 201.415 202.071
200.794 203.197 211.885
200.780 200.970 201.224
200.916 201.448 202.654
200.789 201.078 201.369
201.058 201.229 201.311
200.837 202.332 204.893
200.870 201.266 202.112
200.786 201.145 202.118
200.896 201.082 201.353
200.841 201.013 201.228
200.813 201.077 201.541
200.782 201.404 202.769
200.816 200.995 201.180
200.975 201.040 201.126
200.974 203.557 213.413
200.869 200.998 201.251
200.911 202.063 204.412
200.997 201.145 201.681
200.928 202.078 205.630
200.803 201.001 201.235
200.824 201.017 201.267
200.706 201.052 201.597
200.783 200.947 201.137
200.761 200.978 201.136
200.761 200.938 201.064
200.880 201.004 201.199
200.872 201.098 201.255
200.814 201.065 201.311
200.785 200.895 201.049
200.779 201.083 201.575
200.722 200.937 201.320
200.973 201.203 201.844
201.101 201.295 201.869
200.855 201.385 202.432
200.877 201.087 201.219
200.933 202.201 205.477
201.048 202.003 205.182
200.784 201.076 201.374
201.050 201.466 202.019
200.988 201.454 202.685
200.817 201.162 201.543
201.204 202.223 204.840
200.655 200.967 201.105
200.729 201.121 201.500
200.856 201.143 201.432
201.041 201.825 204.288
200.890 201.026 201.149
200.901 201.241 201.686
200.708 201.028 201.477
200.838 201.279 202.189
200.881 201.631 203.578
200.804 201.694 204.961
200.876 201.297 201.623
200.924 201.056 201.268
201.061 201.499 202.617
200.856 200.990 201.074
200.731 200.984 201.401
200.855 201.156 201.391
200.880 201.232 201.617
200.873 201.060 201.175
200.881 201.092 201.284
200.725 201.179 201.948
200.830 201.007 201.364
200.735 201.082 201.319
200.789 201.053 201.280
200.758 201.184 201.878
200.882 200.983 201.161
200.769 200.947 201.148
200.840 201.000 201.065
200.701 200.916 201.032
200.908 201.065 201.413
200.758 200.961 201.225
200.828 201.999 205.513
200.913 201.098 201.661
200.893 201.090 201.329
200.745 200.991 201.529
200.845 201.097 201.441
200.881 200.932 200.987
200.681 200.924 201.126
200.918 201.158 201.430
200.870 201.180 201.535
200.926 201.075 201.314
200.819 201.060 201.200
200.766 200.926 201.256
200.753 201.116 201.542
200.759 201.032 201.266
200.882 201.041 201.250
200.933 201.149 201.297
200.830 201.146 201.416
201.047 204.174 216.414
201.064 201.246 201.461
200.684 200.939 201.234
200.810 200.969 201.235
200.757 201.070 201.341
201.317 201.728 202.459
200.604 200.831 201.049
201.067 201.283 201.527
200.695 200.842 200.976
200.757 201.022 201.864
200.775 200.962 201.245
200.747 201.069 201.229
200.686 201.041 201.207
200.819 203.272 211.891
200.890 201.103 201.282
200.860 201.224 201.463
200.892 201.115 201.333
200.764 201.006 201.135
200.847 201.566 203.458
200.763 201.032 201.207
200.780 201.063 201.338
200.780 201.044 201.838
200.829 201.406 202.685
200.993 201.179 201.358
200.847 201.021 201.234
200.830 201.045 201.185
200.898 201.716 204.258
200.919 201.766 204.874
200.846 201.040 201.205
200.791 201.086 201.327
200.822 201.108 201.339
200.850 200.993 201.073
201.062 202.406 204.337
200.850 203.522 208.140
200.692 201.153 201.783
200.838 201.114 201.543
200.850 201.128 201.742
200.912 201.984 205.670
200.997 201.308 201.901
200.774 201.327 202.087
200.881 201.496 202.292
200.783 203.963 207.872
200.745 201.218 201.917
200.814 201.001 201.317
200.700 201.624 204.422
201.041 201.677 203.516
200.960 201.085 201.495
200.735 200.997 201.672
200.741 201.442 203.374
200.785 200.966 201.262
200.678 201.060 202.030
200.780 201.714 202.831
201.127 203.503 208.724
200.790 201.777 204.874
201.019 202.197 204.029
200.877 203.784 211.146
200.820 201.107 201.313
200.855 201.001 201.287
200.894 201.079 201.351
200.846 201.060 201.474
200.872 201.158 201.455
200.709 201.029 201.249
201.087 201.569 202.583
200.760 201.039 201.349
200.879 201.051 201.342
200.730 200.989 201.659
201.075 201.352 202.078
200.983 201.240 201.451
200.766 201.244 201.762
200.861 201.001 201.158
200.820 201.103 201.289
200.997 201.247 201.353
201.039 201.218 201.704
200.904 203.117 207.141
200.844 201.488 203.371
200.745 201.303 202.260
200.755 200.937 201.147
201.155 202.117 203.863
200.831 201.190 201.934
200.909 200.990 201.114
200.666 200.925 201.144
200.894 201.021 201.280
200.774 201.106 201.586
200.766 200.979 201.198
200.686 200.755 200.839
200.887 201.261 201.664
200.796 200.965 201.168
200.833 201.021 201.330
201.091 201.347 201.798
200.732 201.384 202.367
200.979 202.389 205.443
201.008 201.105 201.354
200.816 203.260 211.255
201.183 202.034 203.255
200.854 201.577 204.237
200.814 201.545 203.195
200.892 201.104 201.356
200.746 200.975 201.161
201.261 201.563 202.140
200.912 201.103 201.397
200.821 202.861 208.635
200.941 202.274 206.251
200.875 201.270 202.032
200.735 200.890 201.098
200.861 202.025 204.047
200.940 201.147 201.365
200.810 220.583 288.297
200.923 202.686 209.200
201.015 202.417 207.533
200.823 201.037 201.402
200.887 201.767 203.961
200.795 201.090 201.436
200.800 201.521 203.828
200.948 201.264 201.747
200.889 201.015 201.157
200.806 200.859 200.956
200.820 202.114 204.307
201.237 201.558 202.100
200.982 201.651 203.247
200.714 201.320 201.734
200.982 202.772 208.455
201.024 202.444 207.533
200.814 201.567 203.999
200.935 201.213 201.545
200.920 201.197 201.498
200.789 201.279 202.334
200.832 202.156 204.371
200.842 201.353 202.852
200.927 201.097 201.261
200.973 201.231 201.425
200.824 201.417 203.062
200.711 201.110 201.655
200.851 201.247 202.061
200.878 201.315 201.968
201.146 202.298 205.803
201.141 201.476 202.595
201.022 204.398 210.261
201.022 202.444 206.438
201.052 203.275 206.470
200.833 204.022 212.098
201.018 204.541 209.622
200.983 202.196 205.506
200.746 201.560 204.048
200.999 201.602 202.273
200.926 202.223 203.917
201.066 203.577 210.817
201.026 201.875 203.394
201.243 203.219 206.104
200.784 201.699 204.469
200.837 202.561 205.126
201.181 204.043 210.026
201.161 203.913 206.771
200.826 202.371 205.497
201.792 207.167 210.976
200.989 201.789 203.748
201.005 203.544 210.271
200.828 205.109 212.479
201.056 201.223 201.547
200.860 203.534 213.271
201.081 204.181 213.505
200.826 202.963 210.843
200.830 203.867 213.203
201.280 204.477 208.805
200.880 201.211 201.408
200.789 201.130 201.437
200.993 202.453 206.946
200.679 201.008 201.211
200.940 201.128 201.313
200.756 202.490 205.196
201.023 203.232 206.756
201.026 202.883 205.749
200.966 201.295 201.706
201.103 201.982 202.856
200.872 201.077 201.452
201.027 201.708 203.508
200.971 201.333 201.730
200.831 200.993 201.376
200.837 202.063 205.125
200.757 201.643 203.273
200.814 202.486 206.791
200.862 205.907 212.988
200.741 202.766 208.310
201.014 204.365 208.830
200.855 201.201 201.554
201.084 203.366 207.511
200.838 201.858 203.075
200.965 201.495 203.198
201.029 201.278 201.743
201.009 202.101 204.843
200.923 202.439 206.614
200.767 201.971 205.041
200.711 201.043 201.514
200.873 203.218 209.054
200.780 202.523 207.056
201.300 202.391 204.012
200.858 201.146 201.720
200.841 201.638 203.022
200.822 201.703 203.316
200.758 201.244 202.649
201.012 201.218 201.408
200.935 201.759 203.122
200.898 201.203 201.489
201.028 203.029 209.327
200.844 201.107 201.509
200.808 201.085 201.423
200.940 201.083 201.299
200.885 202.145 203.826
201.037 204.178 213.613
200.897 201.315 201.866
200.790 202.196 206.689
200.898 201.114 201.388
200.887 202.352 205.836
200.743 201.580 203.883
200.756 202.240 206.389
200.861 202.928 208.171
200.689 201.284 201.957
200.946 201.473 202.390
201.043 201.284 201.480
201.148 202.616 207.909
200.847 201.282 201.778
200.969 202.098 204.154
200.936 201.264 201.703
201.190 204.938 214.117
200.883 201.041 201.246
200.903 203.150 206.465
200.731 200.899 201.099
200.783 203.207 211.658
200.823 201.555 202.914
200.885 202.046 205.597
200.791 201.811 205.018
200.949 201.401 201.962
200.895 201.607 202.152
201.011 202.728 208.111
200.845 201.077 201.580
200.916 202.535 206.953
200.761 201.412 202.841
200.801 201.342 203.307
201.015 201.542 201.906
200.991 202.058 205.439
200.837 201.102 201.435
200.901 201.458 202.324
200.927 201.477 202.842
201.029 203.932 212.900
200.893 202.384 206.963
200.890 201.058 201.195
200.909 203.119 210.190
200.801 201.910 203.866
200.832 202.242 204.650
200.882 201.340 202.017
200.900 201.403 202.904
200.939 201.599 202.490
200.825 201.191 201.513
200.900 201.025 201.237
200.714 202.190 207.293
200.938 203.024 209.287
200.989 201.919 204.896
200.758 200.932 201.369
200.953 202.741 209.233
200.895 201.439 202.354
200.852 201.096 201.541
200.902 201.039 201.411
200.753 201.182 202.012
200.882 201.055 201.422
200.698 201.318 202.207
200.986 201.124 201.331
200.940 201.943 204.623
200.831 201.168 201.697
200.839 201.002 201.208
200.873 203.857 208.734
200.844 201.854 204.932
200.815 201.310 202.618
200.928 202.595 207.504
201.818 206.248 213.136
200.907 201.211 201.393
200.949 201.663 202.742
200.838 201.293 201.701
200.970 202.927 206.202
200.751 201.324 201.991
200.835 201.045 201.310
200.805 201.650 204.090
200.999 201.264 201.634
200.960 201.253 201.609
201.056 201.835 203.010
200.955 202.448 206.352
200.814 201.442 203.202
200.851 202.601 209.219
200.875 201.734 204.819
201.120 201.976 202.695
200.827 202.673 208.654
200.986 203.621 212.950
200.871 201.435 203.241
201.032 202.107 204.135
201.109 201.204 201.266
201.007 203.020 205.679
200.889 202.165 205.400
200.799 201.284 202.274
200.918 201.210 201.842
200.715 201.724 204.112
200.778 201.449 203.720
200.983 201.753 203.290
201.078 201.973 204.384
200.935 202.251 204.726
200.737 202.615 209.430
200.852 202.983 209.876
200.717 201.096 201.365
200.907 201.214 201.424
200.961 201.743 203.251
200.910 206.178 212.313
200.844 201.245 202.198
200.797 202.040 205.637
201.107 201.365 201.705
200.789 201.054 201.536
201.003 201.165 201.409
200.860 201.149 201.675
200.887 201.175 201.856
200.793 201.230 201.616
200.878 204.034 211.269
200.827 200.971 201.179
200.981 201.391 202.320
200.948 201.118 201.266
200.838 201.091 201.421
200.952 202.564 207.220
200.818 201.184 201.789
201.067 202.816 207.574
200.965 201.660 202.246
200.846 201.078 201.415
200.984 201.698 203.158
201.006 201.454 202.530
201.029 201.373 201.805
200.879 202.807 206.626
201.021 203.392 207.522
200.752 201.036 201.360
200.868 201.003 201.332
200.726 201.190 201.584
200.797 202.866 210.726
200.920 203.497 212.046
200.929 202.043 203.718
201.104 202.164 203.803
201.009 201.166 201.642
201.041 201.314 201.696
200.696 202.959 209.048
200.746 201.671 204.249
200.914 201.119 201.403
200.967 202.978 204.774
201.188 201.890 202.848
200.933 202.751 208.811
200.902 202.436 205.347
201.012 203.387 210.132
200.926 201.181 201.454
200.961 203.717 210.571
200.999 202.892 208.809
200.859 201.240 201.745
200.875 201.788 204.124
200.863 201.052 201.329
200.754 202.799 207.671
201.165 202.615 203.915
200.733 201.142 201.482
200.900 201.073 201.225
201.186 204.255 208.368
201.174 202.826 205.263
200.922 201.420 202.972
200.932 204.216 209.241
200.941 201.836 203.741
200.742 201.186 201.642
200.865 201.016 201.324
201.110 202.244 204.065
201.068 202.118 203.509
200.972 202.816 208.629
200.984 201.766 204.098
201.012 203.266 210.145
200.889 201.338 202.432
200.853 204.102 212.837
200.851 202.812 209.839
200.990 202.731 206.230
200.784 200.964 201.076
200.874 202.240 205.910
200.810 202.737 208.291
200.805 202.063 204.873
200.861 201.164 201.562
200.877 203.265 208.350
197.392 200.217 206.849
200.952 201.483 202.126
200.967 201.178 201.382
200.820 202.691 209.403
201.002 202.305 204.679
200.823 201.748 204.387
201.173 203.240 205.416
200.893 201.698 202.703
201.036 203.418 207.854
201.604 204.191 210.013
202.026 204.773 207.891
200.868 201.240 201.742
200.905 201.978 204.718
200.891 201.067 201.233
201.094 202.176 204.629
200.782 202.140 203.843
200.892 201.074 201.296
200.856 204.411 211.852
201.013 204.693 207.441
201.751 206.630 211.065
201.395 204.642 208.087
200.997 204.040 206.801
201.296 202.154 204.765
200.789 201.097 201.794
200.946 203.188 209.004
200.988 201.772 202.900
200.969 202.404 204.302
200.868 201.807 203.654
200.784 201.105 201.333
200.815 201.654 202.620
200.797 202.268 205.392
200.819 202.216 204.342
201.200 204.246 208.110
200.794 201.032 201.252
200.865 203.058 208.845
200.853 201.835 204.801
201.108 201.615 202.275
201.358 202.184 203.243
200.913 201.601 202.875
200.757 202.675 209.625
200.918 201.341 201.847
200.710 201.183 201.711
200.817 201.231 201.587
201.068 201.630 202.587
201.500 204.528 208.552
200.981 203.102 210.467
200.924 202.312 203.984
200.837 201.083 201.368
200.786 201.155 201.477
201.080 202.877 207.771
200.877 201.806 203.194
201.074 202.841 209.232
200.778 201.272 202.567
200.933 202.638 208.528
200.772 201.245 202.442
200.962 203.190 211.115
200.906 202.441 208.346
200.965 201.370 202.585
200.883 202.305 207.351
201.036 202.203 203.790
200.934 201.471 202.059
201.455 202.715 205.187
200.842 202.154 205.615
200.689 202.591 205.358
200.786 203.798 212.787
200.939 201.736 203.471
200.799 201.192 202.061
200.938 203.662 206.962
200.856 201.863 203.837
200.708 202.895 206.398
200.899 201.762 204.401
200.763 201.459 203.834
200.809 201.565 202.777
200.969 202.302 204.737
200.731 201.638 204.087
200.836 203.266 208.774
200.801 202.378 207.742
201.148 202.728 205.380
201.006 201.870 204.574
200.691 202.390 206.541
201.029 203.463 211.756
200.882 201.005 201.174
201.023 201.357 202.196
201.069 202.668 205.584
201.326 203.323 205.259
200.836 202.906 210.094
200.889 201.299 201.957
200.814 202.165 204.056
200.935 203.325 212.403
200.934 201.683 203.146
200.781 201.252 201.949
201.168 202.803 208.496
200.839 204.265 207.802
201.047 203.164 210.927
200.801 202.525 208.964
200.710 205.402 212.379
200.854 203.251 207.360
200.773 201.796 204.512
200.841 204.460 212.663
200.784 202.609 205.734
200.772 203.737 212.121
200.961 201.058 201.281
200.979 203.577 211.905
200.900 201.238 202.431
200.918 201.263 201.863
200.931 201.221 201.855
200.844 201.190 201.384
200.911 201.306 201.842
200.888 202.081 204.221
201.209 201.451 202.301
201.042 202.167 205.157
201.456 202.543 204.625
200.999 203.532 207.580
200.958 201.763 204.422
200.781 201.156 201.906
200.754 200.989 201.199
200.799 201.953 204.573
201.199 201.661 202.830
200.884 201.233 202.257
201.034 202.847 208.982
200.839 203.020 209.377
200.982 201.315 201.577
200.844 201.473 203.179
200.981 203.289 207.354
201.065 201.582 203.525
200.872 201.302 202.129
200.858 201.444 202.314
200.965 201.624 202.795
200.872 201.715 203.805
200.899 201.062 201.283
200.816 202.578 207.018
200.944 202.250 206.768
200.880 202.736 209.093
201.092 202.785 208.990
200.975 205.318 211.800
201.030 201.845 203.296
200.859 202.303 206.678
201.261 201.641 202.182
200.852 201.253 201.958
201.027 202.499 206.281
200.723 200.941 201.084
200.863 204.115 210.435
200.798 201.542 202.991
200.942 202.373 207.087
201.011 202.322 204.419
200.730 202.397 206.887
200.999 201.066 201.181
200.903 201.065 201.491
200.824 201.221 202.298
200.978 203.641 211.913
200.883 202.290 206.794
200.943 204.675 210.336
201.408 206.861 211.216
200.895 201.496 203.869
200.948 201.079 201.208
200.906 202.177 203.831
200.752 201.600 202.739
201.110 203.533 207.301
201.188 201.891 203.684
200.899 201.089 201.554
200.987 201.404 202.567
200.935 202.980 207.455
201.129 202.020 203.525
200.885 202.802 205.516
202.008 204.417 207.112
201.038 202.655 206.535
200.669 203.609 207.005
200.889 202.717 205.947
200.815 201.137 201.802
200.992 201.409 202.689
200.996 205.416 211.461
200.762 201.721 203.461
200.828 201.831 203.572
200.788 204.044 210.890
201.096 204.022 207.134
200.877 203.398 207.654
201.689 208.064 212.071
200.792 202.036 206.473
200.810 200.885 200.977
200.974 204.894 213.018
201.025 204.304 212.093
200.855 201.788 202.756
201.626 203.660 209.273
200.830 201.191 202.020
200.840 200.986 201.185
200.680 203.174 212.391
201.014 203.112 207.692
201.369 203.592 210.925
200.996 202.259 203.225
200.777 203.704 213.855
200.763 203.094 209.714
200.806 201.409 202.308
200.968 202.462 207.280
200.801 201.202 201.551
200.875 202.502 207.385
200.867 201.435 202.436
200.835 201.622 203.200
200.909 204.014 209.454
200.797 201.964 203.688
200.793 201.393 202.875
201.020 201.647 203.250
200.855 201.857 204.477
200.885 202.588 204.050
200.862 203.205 204.856
200.777 201.347 202.617
201.056 202.231 205.003
200.972 201.657 202.503
200.825 201.564 203.439
200.924 201.611 203.473
201.349 203.480 208.009
200.855 201.021 201.210
200.963 202.252 205.957
200.767 203.925 209.686
200.816 201.617 202.830
201.203 203.013 206.366
200.812 201.331 202.217
200.838 204.413 213.620
200.794 203.570 212.745
200.689 201.037 201.533
200.876 201.349 202.429
200.714 203.648 208.552
200.763 201.684 202.543
200.753 201.233 202.201
200.839 203.673 212.645
200.772 202.993 210.517
200.803 201.646 203.395
201.169 203.031 209.428
200.871 201.203 202.168
200.901 203.484 212.683
200.885 201.832 204.907
200.614 201.272 202.347
200.974 201.245 201.636
200.755 203.989 212.795
200.853 201.376 202.903
200.885 201.628 203.229
200.799 201.863 205.001
200.952 201.558 202.790
200.670 201.161 201.593
200.765 200.865 201.109
200.890 201.427 202.015
200.877 201.925 204.124
200.753 200.999 201.277
200.812 201.022 201.293
200.898 201.022 201.284
200.929 201.652 203.841
200.795 202.285 206.972
201.024 202.693 208.458
200.682 200.979 201.282
200.948 201.217 201.605
201.065 201.313 201.883
200.807 201.215 201.624
200.862 201.036 201.293
200.835 201.045 201.350
201.156 201.210 201.265
200.909 203.278 211.345
200.686 200.902 200.991
200.945 201.312 202.336
200.816 201.046 201.350
200.889 201.164 201.429
200.749 202.383 208.356
200.859 201.458 203.164
201.011 203.705 209.042
200.853 201.207 201.582
200.867 201.525 203.517
200.796 201.045 201.649
200.769 201.022 201.327
200.714 201.243 202.477
200.773 201.349 202.498
200.967 201.195 201.464
200.722 200.984 201.536
200.955 201.937 205.583
201.048 201.477 202.591
200.878 201.399 202.248
200.899 201.641 204.248
200.748 201.063 201.458
200.836 201.915 203.515
200.854 201.125 201.457
200.738 200.964 201.086
200.749 201.084 201.447
200.843 201.245 201.620
200.752 201.320 202.886
200.877 201.569 204.015
200.760 200.874 201.036
200.771 201.052 201.546
200.876 201.400 202.716
200.845 201.201 201.707
200.893 202.664 205.506
200.986 202.600 206.699
200.877 202.876 207.779
200.988 201.251 201.610
201.207 202.873 205.440
200.768 201.678 204.114
200.767 202.255 204.659
200.867 202.239 204.829
200.737 201.407 203.370
200.996 201.089 201.209
200.839 202.455 207.195
201.264 202.492 204.663
200.687 201.970 204.273
200.887 205.203 214.097
200.743 200.974 201.289
200.758 201.081 201.384
200.725 201.001 201.567
201.071 201.559 203.062
200.962 201.486 203.069
200.750 201.752 204.569
200.773 201.753 205.152
200.760 201.027 201.251
200.808 201.012 201.318
200.726 201.042 201.276
200.808 201.032 201.144
200.792 201.171 201.445
200.917 201.271 201.979
200.765 201.232 201.983
200.798 200.968 201.090
200.685 201.024 201.301
200.884 201.229 202.186
201.001 201.189 201.454
201.082 201.243 201.491
200.720 201.124 201.358
200.829 201.165 201.626
200.845 201.086 201.319
200.821 201.125 201.736
200.836 201.104 201.398
200.799 200.886 201.008
200.905 202.321 206.975
200.742 200.991 201.154
200.726 200.929 201.197
200.890 201.032 201.157
200.765 201.195 201.701
200.804 200.867 200.984
200.765 200.855 201.015
200.713 200.967 201.153
200.734 201.224 201.760
200.939 201.209 201.556
200.818 201.022 201.296
200.742 200.984 201.409
200.758 201.070 201.179
200.887 201.118 201.403
200.794 201.070 201.342
200.853 201.074 201.302
200.800 201.093 201.327
200.854 201.022 201.305
200.846 201.082 201.401
200.801 201.078 201.220
200.837 201.176 201.703
200.817 201.195 201.561
200.757 202.587 209.560
200.689 201.007 201.350
200.688 201.132 201.442
200.945 201.191 201.436
200.755 201.011 201.391
200.730 200.964 201.410
200.808 201.095 201.491
200.961 201.159 201.548
200.980 201.155 201.367
200.732 200.884 201.057
200.787 201.082 201.226
200.852 201.099 201.398
200.681 201.617 204.665
200.850 201.032 201.281
200.842 201.037 201.261
200.730 200.874 201.074
200.767 202.365 207.970
200.766 201.957 204.683
200.838 201.128 201.287
200.973 201.056 201.204
200.683 200.874 201.075
200.779 201.027 201.326
200.852 200.987 201.212
200.828 200.994 201.294
200.872 201.218 201.652
200.803 201.029 201.529
200.733 201.224 202.572
200.993 201.145 201.317
200.961 201.232 201.484
200.993 201.192 201.321
200.907 201.197 201.568
200.859 200.963 201.103
200.868 201.172 201.705
200.773 201.052 201.585
200.728 200.946 201.271
200.777 201.106 201.358
200.872 201.622 203.947
200.844 201.159 201.310
200.794 201.338 202.620
200.957 201.079 201.270
200.726 200.816 200.885
200.831 201.048 201.537
200.758 201.061 201.328
200.765 201.263 202.381
200.785 201.088 201.859
200.706 200.987 201.469
200.875 201.056 201.328
200.725 201.054 201.281
200.748 201.015 201.232
200.865 200.999 201.158
200.888 201.132 201.709
201.021 201.391 202.066
200.821 201.028 201.329
200.780 201.096 201.431
201.019 201.531 202.593
200.753 201.097 201.447
201.554 202.818 204.356
200.799 201.220 201.664
200.870 201.047 201.207
200.732 201.298 201.864
200.807 201.166 201.590
200.778 200.895 201.033
200.795 201.079 201.340
200.770 201.308 202.877
200.854 201.213 201.369
200.881 201.117 201.256
200.709 201.222 202.719
200.879 201.138 201.323
200.802 201.109 201.427
201.029 201.260 201.684
200.898 201.248 201.673
200.783 201.649 204.420
200.844 200.979 201.167
200.929 201.131 201.300
200.973 201.136 201.375
201.032 201.271 201.501
200.869 201.155 201.837
200.868 201.227 201.776
200.739 200.911 201.075
200.944 201.301 201.776
200.755 201.055 201.598
200.867 201.104 201.377
200.697 201.365 202.518
200.766 201.447 203.388
200.863 202.693 205.462
201.444 202.693 204.959
200.691 200.955 201.156
200.937 201.068 201.230
200.631 201.045 201.348
200.821 201.061 201.378
200.974 201.148 201.484
200.877 201.052 201.401
201.031 201.119 201.183
200.812 201.011 201.263
200.822 207.876 234.859
200.920 201.090 201.394
201.003 202.150 205.586
200.950 201.161 201.396
200.733 201.020 201.189
200.811 202.192 206.863
200.847 202.589 208.783
200.981 201.614 203.747
200.779 201.712 203.077
200.718 201.325 202.286
200.862 201.509 203.019
200.771 201.074 201.482
200.818 200.974 201.215
200.800 201.203 202.049
200.820 201.023 201.275
200.899 201.035 201.315
200.848 201.309 202.704
200.892 201.263 201.674
201.085 202.219 205.026
200.726 201.020 201.331
200.914 201.055 201.249
200.765 201.415 203.099
201.019 201.202 201.725
200.855 201.092 201.939
200.780 200.917 201.093
200.767 200.952 201.087
201.089 203.937 212.044
200.756 200.961 201.182
200.954 201.189 201.626
200.940 200.983 201.043
200.901 202.391 207.535
200.714 200.982 201.589
200.871 201.136 201.560
200.801 201.053 201.487
200.803 201.051 201.406
200.687 202.692 209.663
200.780 201.094 201.397
200.880 200.966 201.109
200.927 201.241 201.564
200.827 201.112 201.550
200.920 201.412 202.302
200.994 201.056 201.124
200.731 201.069 201.501
200.895 201.064 201.253
200.803 200.939 201.204
200.694 200.952 201.190
200.753 201.232 201.857
200.987 201.519 202.873
200.728 200.848 200.941
200.657 200.745 200.804
200.885 200.963 201.028
200.955 201.111 201.269
200.927 201.488 203.020
200.704 201.078 201.701
200.954 201.094 201.317
200.833 203.070 211.212
200.710 203.112 211.386
200.816 200.964 201.116
200.786 201.181 201.549
200.835 201.117 201.341
200.913 201.246 201.757
201.008 201.922 204.571
201.277 201.958 202.719
200.789 203.571 214.048
200.724 201.536 202.224
200.868 201.263 202.064
200.933 201.245 202.098
200.942 201.349 201.979
200.908 201.907 203.676
200.762 200.962 201.386
200.827 203.924 208.788
200.818 202.673 206.712
200.778 203.603 206.468
200.838 201.526 202.954
200.956 201.392 202.146
200.764 204.700 211.870
200.940 200.985 201.068
200.729 201.382 203.393
200.930 205.007 212.903
200.891 201.126 201.332
200.830 201.501 204.147
200.931 201.091 201.470
201.060 203.346 206.490
200.818 201.978 205.793
201.051 203.852 212.204
200.937 201.715 202.858
200.918 202.468 203.969
201.065 201.859 203.486
200.922 203.899 209.043
200.800 202.517 207.841
200.874 201.015 201.152
200.943 201.209 201.540
200.800 201.103 201.569
200.983 203.504 212.772
201.252 205.057 208.034
200.873 201.214 202.041
200.774 201.297 202.742
200.948 201.944 203.942
201.017 202.417 206.994
200.895 203.387 211.381
201.118 203.909 207.102
200.759 203.338 212.087
200.797 201.296 202.100
200.884 201.649 203.201
201.420 205.497 213.778
200.869 201.348 202.107
200.801 202.588 207.766
200.919 203.181 210.519
200.823 201.071 201.427
200.871 205.738 212.470
200.842 202.175 205.666
201.188 201.898 203.890
200.798 201.467 202.364
200.871 202.893 210.448
200.817 201.565 202.506
200.851 201.120 201.509
200.835 201.112 201.454
200.844 202.316 206.722
200.913 201.725 202.664
200.785 201.656 202.743
200.850 201.090 201.441
200.847 202.612 206.938
200.966 201.061 201.238
200.802 201.354 202.282
200.949 201.979 203.724
201.008 205.357 214.129
200.907 203.326 210.017
200.890 201.479 202.724
200.837 201.158 201.938
200.770 201.216 201.714
200.762 201.511 203.547
201.686 202.313 202.986
200.849 201.887 204.968
200.946 201.530 202.093
200.692 202.062 204.937
200.747 201.912 205.482
200.768 200.922 201.168
200.803 201.013 201.280
201.371 202.410 203.256
200.755 200.934 201.103
200.742 201.854 204.695
200.840 202.073 204.384
200.726 203.396 211.533
200.770 201.768 204.147
200.979 201.125 201.451
200.870 202.080 206.269
200.904 203.123 211.724
201.195 201.718 202.732
200.916 201.860 203.976
200.884 201.568 203.275
200.745 202.181 206.179
200.804 201.222 201.737
200.898 205.631 212.651
201.000 201.610 202.850
200.908 202.329 207.044
200.650 201.149 201.880
200.937 204.325 209.297
200.837 201.281 202.905
200.803 203.985 211.202
200.864 202.630 208.347
200.911 203.492 210.606
200.774 201.680 202.590
200.757 202.960 211.300
200.826 202.284 205.334
200.768 200.889 201.053
200.803 202.235 207.216
200.914 200.998 201.125
201.038 201.903 203.770
200.734 201.556 203.506
201.061 201.427 202.075
200.884 201.013 201.259
200.714 201.223 202.171
200.787 201.530 203.228
200.868 201.808 205.150
200.895 201.153 201.500
200.808 201.247 202.151
201.430 202.794 205.159
201.150 202.343 204.555
200.858 201.164 201.942
200.894 201.906 202.998
200.710 201.166 201.844
200.749 201.040 201.454
200.774 201.109 201.296
200.838 201.687 203.520
200.653 205.146 213.099
200.735 201.072 201.410
200.896 201.399 201.778
201.035 201.550 203.070
200.743 200.953 201.370
201.066 206.287 212.363
200.839 201.123 201.810
200.826 201.881 203.986
201.039 202.634 208.239
200.954 201.119 201.396
200.802 201.003 201.428
200.845 201.202 202.098
200.702 202.505 208.796
200.775 201.245 202.879
200.925 204.393 210.898
200.902 202.866 206.052
200.913 201.441 202.609
200.879 202.327 205.003
200.720 202.069 206.727
200.719 200.932 201.177
200.969 202.503 207.814
200.724 201.206 202.059
201.581 204.208 211.278
200.984 202.428 205.073
200.770 202.740 207.094
201.022 201.398 201.659
200.902 201.175 201.422
200.924 201.920 203.586
200.806 203.298 211.001
201.058 202.164 203.051
200.786 201.877 204.503
200.878 205.146 211.003
201.116 202.393 204.549
200.984 201.307 201.627
200.956 201.179 201.434
200.877 201.099 201.347
200.887 201.067 201.413
201.134 201.539 202.511
201.073 201.719 202.638
201.000 202.314 204.769
200.970 204.756 212.352
201.385 202.510 205.371
200.849 201.066 201.368
201.040 201.597 202.286
200.833 203.386 209.194
200.954 202.069 206.376
200.866 201.353 202.412
201.088 202.434 206.703
201.217 203.334 209.268
201.027 201.350 202.020
200.912 201.470 202.452
200.760 201.264 202.260
200.793 201.749 204.618
200.820 201.419 202.733
200.984 202.251 204.254
200.902 201.849 205.319
200.828 202.176 206.862
200.913 202.139 205.451
201.170 203.026 209.022
200.938 204.615 212.955
200.960 205.476 211.999
200.890 204.273 211.153
201.013 201.129 201.262
200.731 203.111 211.403
201.699 204.458 209.193
200.896 201.132 201.299
200.957 201.333 201.587
200.832 201.034 201.137
200.860 201.261 202.493
200.943 201.366 202.296
200.868 201.022 201.435
200.891 201.456 202.966
201.057 201.535 202.462
200.852 201.753 202.778
200.773 202.957 205.848
200.914 202.494 208.281
200.678 202.203 207.459
200.713 201.494 203.645
200.862 205.061 211.773
200.848 203.890 212.625
200.855 201.073 201.206
200.739 202.330 203.723
200.906 202.836 206.854
200.709 201.269 202.216
200.838 203.565 210.522
200.755 202.266 207.606
200.817 202.028 203.926
200.835 203.698 208.109
200.695 201.085 201.438
200.879 202.262 203.485
201.004 201.190 201.450
200.836 202.346 206.972
200.822 201.001 201.246
200.871 203.074 210.447
200.740 201.805 203.520
200.995 201.639 203.010
200.750 201.791 203.253
200.774 200.965 201.147
200.893 203.467 210.371
201.903 206.557 213.515
200.760 203.530 207.814
201.034 202.353 205.895
200.974 201.468 201.816
200.892 202.994 207.583
200.892 203.729 208.067
200.914 201.502 202.350
200.799 201.827 203.970
200.865 201.255 201.859
201.186 201.733 202.894
200.900 201.570 203.808
200.935 203.228 210.736
200.784 204.594 209.976
200.847 202.799 210.257
200.975 201.849 203.404
201.167 202.053 203.694
200.851 203.743 213.056
200.868 203.659 209.773
200.761 201.508 203.933
201.203 203.197 208.817
201.017 202.075 203.704
200.815 203.999 210.441
200.846 203.224 211.416
200.680 201.039 201.316
200.923 203.827 214.106
200.871 201.277 201.816
200.970 204.029 209.810
201.027 201.705 203.957
200.703 201.746 205.223
200.808 201.450 202.250
200.785 203.089 208.236
200.884 202.465 205.367
201.641 206.381 210.779
200.848 202.131 203.175
200.835 202.323 206.513
201.065 202.359 204.149
200.785 203.891 213.679
200.811 203.671 207.666
200.984 203.660 210.216
201.029 202.872 207.942
200.982 201.616 203.174
200.736 201.181 202.320
201.008 202.421 207.435
200.830 204.046 210.250
200.930 204.082 209.047
200.880 203.908 209.975
200.989 201.863 204.106
200.744 201.283 201.727
200.877 204.362 212.354
200.866 201.151 201.538
200.670 201.096 201.811
201.044 202.529 207.073
200.965 205.288 208.865
200.757 201.055 201.363
201.013 201.963 204.618
200.925 203.513 212.267
200.744 201.717 203.882
200.868 201.911 204.899
201.021 202.023 204.706
200.903 201.229 201.607
200.831 201.723 203.202
200.880 201.188 201.407
200.779 200.998 201.285
200.817 201.651 204.094
201.151 203.413 208.825
200.775 202.383 208.019
200.736 201.682 204.265
201.345 202.627 204.369
200.895 205.175 211.298
201.586 203.131 203.796
200.872 201.438 202.603
200.820 203.674 210.188
201.380 203.600 205.624
200.818 201.555 202.641
201.101 201.451 202.190
200.911 202.720 207.474
200.822 202.423 203.975
201.571 206.697 211.799
200.864 203.965 207.209
201.122 203.297 211.249
201.888 206.440 212.712
203.784 207.770 212.259
201.041 203.194 206.398
200.963 204.383 209.842
200.712 202.632 207.784
200.816 201.104 201.496
200.866 202.350 204.800
200.935 205.157 212.785
201.007 201.134 201.242
200.890 202.289 205.781
200.915 203.587 210.154
201.023 206.684 211.714
201.321 205.397 212.274
200.990 202.243 204.469
200.746 202.734 210.004
200.991 202.827 207.442
200.942 201.560 202.661
200.764 203.708 212.892
202.174 207.093 211.639
200.905 206.097 212.851
201.358 204.109 211.553
200.846 203.147 209.477
200.756 204.504 211.442
200.909 204.071 206.256
201.022 201.576 202.475
200.921 205.626 213.980
200.921 201.068 201.389
201.099 203.216 209.871
200.784 201.147 201.978
200.763 202.493 208.172
200.820 201.475 202.856
200.934 201.481 201.982
201.069 202.261 203.812
201.035 204.332 213.129
200.864 203.199 211.131
200.838 201.295 202.070
200.873 202.119 203.707
200.869 203.642 209.764
201.054 202.437 206.242
200.934 203.058 207.951
201.020 204.624 212.093
200.889 202.510 207.649
201.137 201.792 202.118
200.930 201.139 201.688
200.853 201.290 202.148
201.254 203.364 207.701
200.860 201.950 203.634
200.978 201.881 203.645
200.930 202.814 208.838
200.896 202.152 205.470
201.066 203.630 212.324
200.721 202.698 205.947
200.829 201.028 201.332
200.913 203.347 207.795
201.160 201.597 202.461
200.819 202.578 207.003
200.917 201.229 201.406
200.853 201.141 201.966
200.933 202.231 205.109
201.014 202.073 204.142
200.950 202.582 208.298
200.845 201.667 202.735
200.756 200.911 200.957
200.757 201.669 203.307
200.848 203.109 209.691
200.818 201.041 201.358
200.815 201.377 202.929
200.741 201.076 201.524
200.997 201.855 204.782
200.755 201.239 202.017
200.890 202.877 207.454
200.960 203.092 208.458
201.130 201.999 203.271
200.878 203.590 207.128
200.939 202.609 205.435
201.152 203.260 206.547
200.795 202.529 208.578
200.891 201.039 201.212
201.112 204.297 212.239
200.771 201.016 201.565
200.836 201.294 201.920
201.301 202.597 203.229
200.859 201.762 203.816
200.948 204.751 208.217
200.905 203.877 212.983
201.020 202.403 207.043
200.938 201.513 203.609
200.818 201.776 203.219
200.822 201.029 201.557
200.998 203.046 210.790
200.780 203.724 209.487
200.906 201.487 203.188
201.242 203.041 208.446
200.983 202.859 207.531
200.808 201.183 202.187
200.986 202.531 204.984
200.741 202.638 207.130
200.842 201.008 201.208
200.877 201.167 201.493
200.807 202.990 205.748
200.777 201.139 201.348
201.557 205.899 213.678
200.878 201.489 202.955
200.843 201.552 202.761
200.905 201.342 202.388
200.930 201.144 201.380
200.735 201.938 204.943
200.886 201.972 205.230
200.679 201.223 202.207
201.112 202.604 204.461
200.780 201.733 204.567
200.903 202.219 203.710
200.856 201.119 201.495
200.908 201.260 201.697
200.865 202.795 207.351
200.957 201.120 201.325
200.964 201.609 202.924
200.788 202.405 205.196
200.990 206.994 213.112
201.339 204.183 209.726
201.010 204.311 209.235
200.888 201.814 204.535
200.902 203.027 206.429
200.951 202.977 204.856
200.798 201.501 202.425
200.890 201.389 202.340
200.864 201.545 202.510
200.818 201.202 201.985
201.062 201.508 202.242
200.788 201.554 203.507
201.352 202.327 205.733
200.863 201.112 201.311
200.723 201.307 202.719
200.940 203.123 211.200
200.959 202.238 206.599
200.917 203.254 209.428
201.023 201.317 201.679
200.938 203.253 210.077
200.733 200.853 201.105
200.836 201.167 201.546
200.898 201.103 201.264
202.998 203.502 203.990
200.829 204.480 210.306
201.048 227.575 331.384
200.930 202.946 209.883
200.863 201.085 201.757
200.814 201.185 201.529
200.918 201.705 202.902
200.840 201.364 203.104
200.796 201.149 201.683
200.895 202.414 205.617
202.437 204.761 206.070
200.805 201.734 204.791
200.907 201.137 201.479
200.906 201.014 201.152
200.740 201.102 201.361
200.763 202.350 205.872
200.882 201.224 201.318
201.004 205.136 211.439
200.815 201.629 202.640
200.795 205.400 212.383
200.890 201.807 202.965
200.961 202.477 207.653
200.846 201.783 204.232
201.039 201.348 202.071
200.738 202.296 205.566
200.720 202.790 209.593
201.027 203.738 210.957
201.155 202.175 205.236
200.757 201.163 202.033
200.863 204.149 211.340
200.760 201.327 202.202
200.776 201.579 204.010
201.166 201.825 203.003
200.864 201.364 201.958
200.741 201.298 201.879
200.846 202.309 206.468
201.020 205.860 213.053
200.810 201.815 205.054
200.886 202.363 207.598
201.316 202.424 204.284
200.973 202.455 205.725
200.894 201.105 201.555
200.878 201.094 201.370
201.250 203.574 208.737
200.839 200.899 200.969
200.848 201.085 201.273
200.924 202.808 206.449
200.680 202.913 210.856
201.152 202.567 205.322
201.052 201.607 203.201
200.929 201.258 201.688
200.743 201.290 202.608
200.860 201.054 201.339
200.864 201.424 202.952
200.779 201.932 204.258
200.716 200.958 201.154
200.816 200.993 201.177
200.878 201.229 201.642
200.849 201.559 203.519
200.663 201.119 201.767
200.801 201.942 204.651
200.862 204.791 212.264
200.985 202.014 203.648
200.900 201.245 201.525
200.916 201.118 201.435
200.897 201.242 201.759
200.772 201.606 203.032
201.032 202.965 208.135
201.023 201.287 201.935
200.934 201.335 202.265
200.961 201.826 203.739
200.935 201.215 201.815
200.926 202.123 205.351
200.980 201.990 204.034
200.857 201.385 202.920
200.873 201.565 203.500
200.940 203.488 209.799
200.829 202.625 206.755
200.986 201.293 201.963
200.919 201.163 201.464
200.907 203.403 212.488
200.746 201.989 204.051
200.850 201.723 203.151
200.872 201.234 202.214
200.891 201.514 201.956
201.049 202.351 207.253
200.785 200.951 201.153
200.909 201.047 201.308
200.954 202.219 206.687
200.856 202.083 203.818
200.929 202.658 206.008
200.834 201.536 203.361
200.660 201.734 205.112
200.788 203.254 207.977
200.944 201.302 201.877
200.765 202.470 208.569
201.100 202.999 207.340
200.879 201.633 203.484
200.800 201.446 202.913
200.775 201.049 201.670
200.868 201.435 202.728
201.024 201.579 203.357
200.803 201.394 203.071
200.741 201.001 201.395
200.980 202.918 209.417
200.747 201.043 201.253
200.788 200.932 201.092
200.984 201.053 201.191
200.749 200.960 201.115
200.769 201.014 201.243
200.763 200.887 201.111
200.986 201.121 201.214
200.824 201.061 201.269
200.938 201.060 201.343
200.777 200.976 201.242
200.768 203.158 211.891
200.813 201.148 201.529
200.749 203.386 213.684
200.852 201.108 201.742
200.815 201.748 204.413
200.937 201.479 202.702
200.970 201.477 202.966
200.925 201.200 201.639
200.773 201.438 203.497
201.021 201.158 201.280
200.840 201.027 201.284
200.836 202.962 206.681
200.792 202.473 204.337
200.899 201.226 201.701
200.670 200.870 201.265
200.769 201.072 201.487
200.814 203.275 211.737
200.760 201.279 202.334
200.866 201.745 204.146
200.800 200.965 201.061
200.914 201.497 203.381
200.795 201.006 201.323
200.890 201.113 201.305
200.802 201.049 201.654
200.818 201.039 201.778
200.817 200.947 201.153
200.938 201.489 203.328
200.981 201.068 201.182
200.881 201.106 201.526
200.796 200.958 201.258
200.960 201.164 201.452
200.909 202.228 206.016
200.777 201.014 201.201
200.861 201.449 203.468
200.798 201.398 202.070
200.705 201.271 202.071
200.749 201.147 201.438
200.775 200.924 201.074
200.794 200.985 201.170
200.812 200.971 201.152
200.837 201.223 201.469
200.872 201.266 202.282
200.714 201.061 201.333
200.864 201.288 202.399
201.001 201.224 201.421
200.952 200.980 201.061
200.941 201.121 201.310
200.730 201.137 201.403
200.769 201.427 202.587
201.046 201.186 201.451
200.816 200.972 201.048
200.766 201.666 204.180
200.953 201.379 202.555
200.735 223.150 261.105
200.724 200.867 201.114
200.896 201.123 201.295
201.034 201.123 201.252
200.762 201.395 202.760
200.723 200.886 201.040
200.705 201.029 201.431
200.931 201.106 201.285
200.817 201.223 201.423
200.882 201.668 203.016
200.740 200.917 201.218
200.784 201.093 201.664
200.846 201.227 201.532
200.720 200.876 201.081
200.857 201.290 202.218
200.720 200.863 201.199
200.696 200.889 201.055
201.102 201.274 201.508
200.818 200.997 201.296
200.801 201.037 201.303
200.963 201.229 201.745
200.787 200.920 201.209
200.889 201.048 201.178
200.806 200.896 201.058
200.816 201.027 201.379
200.912 201.062 201.168
200.983 201.173 201.386
200.807 200.899 201.061
200.885 201.071 201.338
200.848 201.338 201.962
200.706 201.003 201.216
200.938 201.105 201.326
200.903 201.040 201.330
200.797 201.006 201.274
201.007 201.211 201.407
200.801 201.068 201.290
200.689 201.000 201.428
200.912 201.295 201.797
200.822 200.970 201.065
200.811 201.039 201.270
200.863 201.054 201.323
200.864 200.980 201.116
200.950 201.132 201.533
200.880 201.320 202.232
200.901 201.159 201.859
200.780 200.953 201.284
200.825 201.228 201.835
200.761 200.985 201.196
200.868 200.935 201.010
200.852 201.226 201.477
200.745 201.079 201.678
200.737 201.053 201.307
200.829 201.213 201.715
201.038 201.981 205.111
200.856 201.088 201.215
201.001 201.144 201.278
200.987 201.584 203.606
200.793 201.043 201.234
200.728 200.961 201.216
200.760 201.234 202.380
200.856 201.123 201.406
200.836 201.146 201.330
200.921 201.006 201.075
200.777 201.228 202.457
201.084 201.289 201.490
200.919 201.039 201.219
200.708 201.002 201.221
200.719 201.082 201.347
200.919 201.074 201.336
200.777 201.031 201.257
200.891 200.989 201.189
200.755 201.014 201.181
200.734 201.041 201.316
200.823 200.916 200.990
200.763 201.042 201.234
200.853 201.010 201.162
200.877 201.026 201.137
200.793 201.191 201.426
200.976 201.113 201.381
200.817 201.042 201.240
200.729 201.073 201.419
200.939 201.008 201.143
200.730 200.948 201.313
200.706 200.980 201.260
200.751 201.048 201.313
200.840 201.017 201.172
200.762 201.018 201.461
200.844 201.016 201.298
200.681 201.683 204.982
200.960 201.159 201.418
200.785 201.164 202.017
200.868 201.034 201.122
200.804 200.974 201.256
200.917 201.096 201.240
200.767 201.028 201.470
200.746 201.043 201.441
200.856 201.017 201.192
200.985 201.237 201.435
200.841 200.997 201.217
200.938 201.057 201.159
200.868 200.956 201.006
200.736 201.548 203.444
200.785 201.056 201.239
200.835 200.987 201.329
200.862 201.344 202.188
200.741 201.056 201.349
200.952 201.152 201.397
200.674 201.257 201.568
200.697 201.904 205.169
200.750 201.074 201.383
200.841 201.120 201.528
200.733 202.269 204.177
200.797 201.057 201.343
200.896 200.967 201.101
201.002 201.856 204.190
200.734 201.033 201.274
200.980 202.484 203.829
200.891 201.220 201.786
200.693 201.163 202.569
201.056 202.352 205.822
200.930 201.150 201.337
200.633 201.570 203.785
200.792 201.110 201.575
200.763 201.074 201.600
200.828 201.614 202.984
200.770 201.672 204.395
200.661 200.994 201.314
200.780 201.210 201.987
200.661 200.932 201.276
200.798 200.991 201.267
200.849 201.684 202.553
200.859 201.136 201.340
200.751 201.561 203.818
200.819 201.217 202.523
200.741 201.690 204.102
200.796 201.247 202.406
200.695 202.663 207.922
200.741 201.030 201.422
200.883 204.030 210.037
200.884 201.328 202.052
200.915 201.187 201.548
200.884 201.171 201.703
200.849 201.764 204.122
200.897 201.071 201.326
200.958 202.745 205.981
200.692 200.868 201.063
200.806 201.608 202.982
200.787 200.824 200.864
200.897 203.451 208.464
200.757 200.971 201.359
200.740 201.022 201.202
200.922 201.089 201.216
200.844 202.554 208.443
200.747 201.335 202.580
200.765 201.050 202.086
200.851 201.130 201.835
200.711 201.439 202.434
200.699 200.874 201.090
200.810 202.571 204.635
200.960 203.081 209.698
200.748 200.949 201.137
200.868 200.970 201.079
201.121 201.157 201.264
200.870 201.142 201.423
201.117 201.363 201.589
200.870 200.969 201.168
200.917 202.145 205.637
200.707 201.266 202.724
200.740 200.893 201.272
200.883 201.432 202.690
200.889 202.378 204.464
200.794 201.531 202.519
200.911 201.395 201.962
200.953 201.182 201.419
200.747 201.230 201.957
200.747 201.084 201.282
200.720 200.993 201.307
200.943 200.980 201.070
200.628 202.569 207.721
200.893 200.985 201.071
200.827 201.477 203.289
200.858 201.047 201.189
200.896 200.947 201.086
200.865 201.128 201.484
200.931 201.878 204.406
200.806 201.179 201.707
200.880 201.789 204.807
200.713 201.428 202.747
201.008 201.230 201.681
200.754 202.368 204.401
200.781 201.296 202.530
200.855 201.062 201.362
200.758 201.916 205.713
200.858 201.144 201.707
200.781 203.136 211.926
200.717 201.181 202.516
200.790 201.691 203.815
200.784 201.992 203.896
201.025 201.961 204.484
200.753 202.723 209.361
201.174 203.908 207.649
200.917 201.441 202.188
200.863 202.029 203.584
200.917 203.173 205.675
200.859 201.895 202.822
200.947 203.377 206.067
200.992 202.756 204.870
200.880 202.520 205.234
200.925 203.342 209.664
200.819 201.998 206.204
200.946 202.813 208.959
200.801 201.126 201.442
200.751 203.034 211.057
201.191 203.674 205.774
200.796 201.441 203.153
200.787 201.001 201.221
200.882 201.159 201.761
200.853 201.080 201.345
200.671 201.488 203.424
200.762 201.169 201.810
200.896 201.065 201.344
200.763 203.493 213.623
200.935 201.086 201.383
200.894 201.852 204.700
200.957 201.267 201.518
200.750 201.188 201.940
201.039 201.487 202.581
200.841 201.138 201.732
203.400 203.956 204.867
200.871 201.148 201.671
200.838 201.137 201.418
200.793 201.216 202.670
200.722 201.113 202.127
200.717 200.973 201.289
200.827 201.594 203.391
200.684 202.131 205.402
200.824 201.619 203.002
200.870 201.061 201.249
200.916 201.077 201.252
200.765 202.389 207.985
200.839 201.403 202.391
200.771 201.032 201.327
201.497 201.979 202.714
200.961 201.075 201.175
201.000 201.432 202.728
200.841 200.920 201.040
200.737 201.438 202.869
200.881 201.254 202.250
200.866 201.007 201.198
200.944 201.031 201.202
200.769 201.728 204.726
200.815 201.022 201.201
200.710 202.212 204.504
200.758 201.499 202.272
200.828 201.068 201.261
200.926 201.391 202.752
200.783 200.973 201.389
200.830 201.133 201.599
200.959 201.906 203.798
200.782 201.219 202.445
200.979 202.551 208.540
200.947 201.208 201.695
200.887 202.456 203.944
200.871 201.088 201.452
200.919 201.031 201.181
200.658 201.175 201.965
200.956 201.565 202.737
201.137 203.374 206.533
200.839 201.118 201.634
200.756 200.905 201.121
200.936 203.471 209.009
201.093 202.747 208.363
201.041 205.707 209.831
200.853 202.174 205.332
200.806 201.703 204.358
200.934 203.838 208.652
200.979 201.988 203.333
200.853 200.912 201.040
200.812 202.044 204.265
201.110 204.897 209.575
200.891 203.518 213.078
200.778 201.152 201.662
200.718 200.983 201.278
200.873 201.615 202.205
201.122 202.287 206.076
200.774 200.892 201.042
200.833 201.235 202.063
200.840 202.510 208.669
200.881 202.020 206.132
200.947 202.533 207.106
200.746 202.195 204.887
200.847 201.042 201.204
200.739 201.227 202.156
200.837 203.466 210.465
200.855 201.179 201.634
200.860 201.286 201.861
200.818 201.112 201.807
200.770 200.982 201.229
200.787 201.426 202.736
200.822 201.505 202.961
200.984 201.297 202.180
200.968 203.878 210.382
200.817 202.830 207.266
200.867 201.429 202.329
200.950 201.714 202.876
201.101 202.297 204.257
200.986 202.231 205.745
200.807 201.709 203.238
200.837 203.234 212.140
200.845 200.950 201.016
200.888 201.217 201.690
200.831 202.846 209.005
200.943 204.940 211.785
200.855 200.972 201.249
200.816 201.057 201.465
200.955 202.093 205.694
200.789 201.072 201.466
200.879 201.508 202.518
200.927 203.379 209.442
200.865 201.192 201.614
200.879 202.566 207.083
200.786 201.556 203.302
200.750 202.150 206.939
200.866 201.361 202.970
200.821 201.121 201.552
200.907 201.047 201.454
200.881 201.336 202.297
201.049 201.310 201.718
200.783 201.111 201.477
200.793 203.925 211.711
201.095 201.835 202.979
200.751 201.230 201.886
200.957 201.288 201.742
200.942 201.464 202.471
201.045 202.181 203.932
200.709 201.020 201.656
201.197 202.625 204.427
200.778 201.082 201.474
200.701 201.193 202.436
200.743 201.231 201.657
200.814 201.682 204.775
200.911 201.137 201.430
201.034 201.892 203.724
200.699 200.864 201.070
200.802 201.055 201.315
200.809 201.473 202.594
200.972 201.409 202.783
200.832 201.523 203.809
200.771 201.170 201.921
200.794 200.974 201.102
200.759 200.913 201.318
200.785 203.430 212.353
200.955 201.302 201.951
200.953 202.627 207.552
200.729 201.020 201.199
200.843 201.347 202.800
200.808 201.045 201.339
200.993 202.479 207.317
201.518 202.455 205.245
200.898 201.091 201.360
200.976 201.609 203.165
201.224 201.827 203.838
200.840 201.985 206.188
200.852 201.243 201.962
200.931 202.034 202.810
201.287 201.846 203.407
200.832 201.079 201.186
200.975 202.377 203.949
200.854 201.056 201.342
200.834 201.364 202.665
200.848 201.363 202.743
200.674 201.292 202.195
200.799 200.899 200.979
200.806 202.351 208.085
200.899 202.646 206.055
200.877 201.941 205.669
200.927 201.214 201.664
200.797 200.994 201.142
200.802 201.160 201.325
200.848 201.502 203.687
201.163 201.465 201.939
201.042 203.583 207.560
201.198 204.606 208.808
200.833 201.307 201.817
200.893 202.034 204.250
201.089 201.584 202.231
200.797 201.585 202.274
201.007 201.735 202.730
200.842 203.011 208.086
201.135 202.357 205.138
201.170 205.242 210.880
200.844 201.864 203.094
200.995 202.868 208.390
200.887 203.817 212.793
201.093 202.431 205.287
201.090 204.696 211.971
201.095 203.230 210.525
200.682 203.340 207.004
200.913 202.213 203.728
200.842 201.096 201.351
200.820 201.003 201.280
200.790 202.080 205.774
200.841 201.823 204.403
201.011 201.187 201.376
200.934 203.615 212.389
200.927 202.607 204.736
200.957 202.289 205.981
200.745 201.233 202.025
200.896 202.419 205.363
201.078 202.855 208.654
201.017 202.224 204.451
200.800 202.938 210.901
200.798 201.424 203.471
200.815 201.509 203.312
200.827 202.914 206.841
201.217 202.081 203.371
200.837 202.918 205.150
200.852 202.424 204.904
201.057 201.769 203.668
200.778 202.771 208.610
200.781 204.888 212.273
200.717 201.439 202.922
200.709 202.882 209.366
202.405 203.212 203.648
201.174 204.355 210.769
201.028 201.177 201.304
200.990 201.486 202.229
200.932 202.175 205.397
200.764 202.068 206.109
200.830 202.174 205.460
200.738 202.612 205.374
200.877 201.597 203.658
200.839 203.129 209.101
200.718 205.311 211.796
200.888 203.282 207.509
200.763 203.236 206.701
201.066 201.197 201.354
201.738 203.828 210.761
200.882 201.214 201.569
200.992 203.571 212.218
201.234 203.023 205.336
201.123 201.769 202.470
200.636 203.928 211.821
200.833 201.691 204.657
200.789 201.029 201.201
200.814 203.663 212.614
200.994 201.537 202.657
200.927 202.275 206.188
200.738 200.879 201.050
200.975 202.331 206.100
200.890 203.028 205.732
201.167 202.891 205.772
200.772 202.233 206.748
200.972 201.878 204.929
200.774 200.940 201.202
200.894 200.988 201.160
200.884 202.138 205.987
200.917 201.123 201.465
200.748 201.284 201.910
200.710 200.904 201.031
201.008 202.158 206.158
200.977 201.161 201.426
200.816 202.177 205.336
200.756 201.392 202.087
200.750 201.835 205.235
200.984 201.802 202.865
200.912 204.021 210.566
200.836 203.041 211.157
200.862 201.126 201.492
200.809 201.191 202.082
201.058 203.514 208.176
200.883 201.716 204.899
200.939 201.343 202.035
200.789 201.339 202.077
200.839 201.318 201.741
200.743 200.864 201.004
200.842 202.825 210.430
201.019 203.624 211.278
200.881 202.789 209.226
200.805 202.847 205.972
201.259 201.471 201.925
200.871 203.062 208.129
200.832 201.299 202.315
200.788 201.703 203.027
200.877 201.411 202.064
200.953 201.267 202.005
201.031 201.303 201.919
200.860 203.124 208.176
200.991 201.297 202.122
200.939 201.335 202.664
200.849 200.979 201.062
200.869 201.219 202.376
200.882 201.167 201.947
200.797 200.978 201.294
200.808 201.313 201.786
200.823 200.875 200.943
200.920 203.056 211.070
200.935 201.118 201.481
200.773 201.098 201.716
200.927 201.481 202.509
200.802 201.592 204.222
200.766 200.965 201.177
200.808 201.130 202.129
200.900 202.179 207.215
200.858 201.444 202.802
201.770 204.170 212.977
200.988 203.334 207.180
200.954 202.623 206.538
200.711 201.171 202.327
200.858 200.991 201.219
200.958 201.804 203.802
200.777 201.371 202.607
200.842 201.068 201.389
200.778 202.405 206.762
200.878 200.989 201.369
200.768 201.090 201.299
200.972 202.189 205.317
200.702 201.087 202.017
201.040 201.389 201.759
200.923 201.542 202.912
201.061 203.728 211.119
200.841 201.086 201.416
200.834 201.066 201.780
200.718 200.820 200.951
200.749 200.984 201.137
201.012 201.465 202.794
200.790 201.314 202.880
200.959 202.587 207.698
200.748 201.579 204.403
200.785 201.373 202.456
200.766 201.368 202.685
200.982 202.814 205.857
200.836 201.529 202.906
200.975 201.315 201.599
200.902 201.393 201.873
200.796 201.832 204.987
200.772 201.625 202.530
200.832 201.758 204.771
200.894 201.052 201.178
200.887 201.178 201.515
200.930 201.143 201.645
200.811 202.700 206.675
200.859 202.126 205.490
200.960 201.419 202.625
200.849 201.415 202.637
201.135 201.608 202.356
200.810 201.287 201.600
201.223 203.048 207.421
200.887 202.252 205.915
200.883 201.056 201.392
200.855 203.964 212.484
200.988 201.215 201.355
200.827 201.731 204.799
200.720 201.841 205.886
200.799 201.406 202.640
200.940 203.682 212.698
200.875 202.733 209.220
200.728 201.016 201.764
201.049 201.774 203.404
201.010 203.640 208.393
200.746 201.652 203.121
200.777 205.612 212.187
200.781 203.834 208.548
201.018 203.692 208.303
201.277 205.684 213.633
202.305 203.056 204.908
200.904 203.073 209.830
200.748 201.071 201.401
200.997 201.951 204.628
200.823 203.220 208.130
200.865 201.165 201.341
201.218 201.615 202.624
201.068 201.230 201.505
201.027 201.550 202.530
201.076 202.415 203.506
200.704 203.685 212.735
201.025 201.448 202.197
200.842 203.171 208.259
200.903 201.430 202.774
200.875 203.692 208.106
200.949 201.464 202.901
200.775 201.044 201.350
200.785 200.925 201.169
200.878 201.123 201.670
200.786 201.500 202.975
200.887 201.073 201.386
200.833 202.673 208.172
200.916 201.491 202.277
200.976 201.922 205.057
200.946 201.633 204.188
200.827 200.998 201.190
200.814 201.859 203.317
200.950 201.242 202.039
200.901 203.234 208.494
200.901 204.886 211.672
201.326 203.886 209.173
200.864 203.098 210.878
200.812 201.276 201.765
200.989 202.023 205.399
201.092 202.266 203.101
200.806 204.822 208.219
200.733 200.964 201.312
200.882 203.523 211.959
200.786 200.929 201.104
200.875 202.760 209.017
200.955 204.340 211.231
200.972 201.153 201.290
201.077 201.813 202.719
200.756 201.848 205.468
200.932 201.971 203.683
201.408 204.014 212.762
200.821 201.651 203.364
200.854 202.606 208.464
200.821 201.277 202.138
201.069 201.314 201.601
200.717 201.096 201.383
201.074 202.842 207.984
200.743 201.080 201.674
200.970 201.568 202.759
200.863 220.798 296.383
200.858 201.787 204.713
200.860 201.817 204.705
200.897 203.050 211.021
201.014 201.218 201.704
200.813 203.265 211.001
200.857 201.216 201.928
200.863 201.341 202.143
201.039 201.521 202.396
201.066 202.651 208.213
201.053 201.483 202.039
200.811 201.096 201.556
200.929 203.902 211.153
200.779 201.018 201.168
200.783 201.012 201.213
200.723 200.879 200.994
200.997 201.083 201.186
200.888 201.381 202.455
200.753 201.066 201.959
200.837 201.929 205.003
200.811 200.921 201.195
201.020 201.501 203.019
200.790 201.015 201.255
200.886 201.169 201.664
200.705 201.244 202.225
200.780 201.297 202.355
201.052 201.310 201.562
200.985 201.718 202.853
200.729 201.143 201.915
200.748 202.407 208.194
200.918 201.783 204.542
200.842 201.278 202.655
201.041 201.421 201.948
200.933 202.191 204.122
202.783 205.685 209.133
200.851 202.297 207.466
200.856 201.091 201.307
200.856 201.037 201.349
201.099 202.369 203.982
200.926 201.041 201.392
200.918 201.107 201.580
200.821 200.980 201.112
200.875 201.588 203.363
200.868 201.582 203.485
200.969 201.153 201.320
200.930 201.203 201.497
200.819 201.038 201.245
200.750 201.557 203.613
201.049 201.745 203.236
200.845 202.002 206.105
200.905 203.087 207.500
200.725 201.959 205.605
200.787 201.290 202.846
201.038 201.125 201.245
200.761 201.694 204.588
200.878 203.269 211.912
200.890 200.984 201.058
201.223 203.161 207.004
200.910 202.765 209.197
201.017 201.865 202.495
200.897 201.804 204.028
200.993 201.159 201.459
200.785 201.653 202.944
200.881 201.691 204.404
201.573 202.351 203.295
200.822 202.635 205.571
200.977 201.077 201.324
200.688 200.883 200.959
200.820 201.068 201.242
200.727 201.388 202.655
200.990 201.230 201.628
200.959 202.031 203.539
200.744 201.227 202.215
200.836 201.427 202.172
200.976 202.020 204.326
200.956 201.840 203.883
200.784 201.682 204.271
200.855 201.223 201.850
200.779 200.985 201.183
200.819 201.361 201.719
200.843 201.877 205.204
200.791 201.040 201.413
200.918 201.005 201.101
200.955 201.317 201.781
200.846 200.973 201.148
200.988 201.164 201.466
200.844 202.876 210.415
200.799 202.503 205.567
200.798 201.167 201.735
200.701 201.017 201.378
200.850 202.205 205.118
200.719 200.954 201.213
200.933 201.572 202.885
200.756 201.148 201.725
200.752 201.249 202.534
200.806 201.016 201.201
200.873 201.454 202.957
200.921 201.410 201.987
200.947 201.271 201.875
200.856 201.033 201.236
200.829 201.064 201.250
200.866 201.051 201.201
200.736 202.363 205.778
200.854 201.213 201.746
200.736 201.050 201.342
200.853 201.090 201.416
200.778 200.980 201.134
200.850 200.978 201.275
200.992 202.030 204.032
200.819 201.515 202.310
200.738 201.048 201.711
200.726 200.908 201.170
200.730 201.087 201.408
200.727 201.177 202.198
200.758 201.476 203.136
200.797 202.012 206.266
200.744 201.029 201.248
200.748 201.254 202.154
200.733 202.160 205.140
200.757 200.934 201.152
200.798 201.615 202.848
200.826 201.193 201.531
200.754 201.136 201.697
200.824 200.966 201.062
200.805 201.148 201.784
200.805 200.986 201.261
200.765 201.096 201.267
200.849 201.104 201.517
200.751 200.997 201.395
200.751 200.883 201.167
200.747 200.976 201.224
200.818 201.686 204.170
200.952 201.263 201.897
200.936 201.311 202.526
200.785 200.913 201.023
200.780 201.037 201.602
200.815 201.011 201.247
200.921 201.169 201.403
200.752 200.930 201.131
200.773 200.879 201.111
201.108 201.564 202.397
200.875 201.101 201.591
200.711 201.021 201.622
200.837 201.047 201.376
200.837 200.930 201.067
200.756 200.882 200.982
200.749 201.040 201.241
200.855 201.017 201.208
200.965 201.146 201.393
200.718 200.820 200.947
201.049 201.329 201.746
200.912 201.064 201.554
200.866 201.072 201.377
200.911 201.033 201.135
200.905 200.954 201.005
200.824 201.063 201.269
200.992 201.250 201.622
200.805 200.961 201.222
200.886 201.111 201.573
200.772 200.976 201.135
200.755 200.961 201.190
200.733 200.983 201.219
200.850 200.998 201.160
200.979 201.136 201.223
201.028 201.598 202.890
201.009 201.350 201.785
200.852 201.116 201.313
200.742 200.880 201.026
201.079 201.200 201.389
200.733 200.979 201.218
200.866 200.969 201.100
200.924 201.139 201.340
200.926 201.077 201.255
200.722 200.926 201.069
200.965 201.145 201.386
200.807 200.982 201.177
200.902 200.985 201.185
200.901 201.155 201.382
200.782 200.964 201.223
200.841 200.940 201.063
200.822 201.068 201.245
200.851 201.171 201.445
200.782 201.032 201.288
200.767 200.886 201.107
200.846 201.039 201.281
200.826 201.008 201.175
200.857 201.007 201.191
200.903 201.120 201.455
201.041 201.183 201.270
201.011 201.113 201.215
200.779 200.927 201.077
200.752 201.221 202.169
201.100 201.241 201.449
200.791 201.091 201.351
200.862 201.078 201.412
200.879 201.025 201.295
200.845 201.470 202.233
200.925 201.049 201.185
200.775 200.931 201.292
200.711 201.029 201.310
200.852 201.002 201.184
200.820 201.171 201.638
200.996 201.122 201.341
200.749 200.862 201.056
200.810 201.095 201.320
200.842 201.006 201.175
200.876 201.527 203.619
200.797 201.001 201.257
200.761 201.112 201.518
200.871 201.082 201.481
201.079 201.265 201.394
201.023 201.192 201.427
200.822 200.983 201.236
200.735 201.049 201.443
200.979 201.152 201.250
200.829 200.968 201.203
200.912 201.072 201.377
201.027 201.103 201.255
200.941 201.188 201.491
201.075 202.021 205.186
200.871 201.060 201.289
200.695 200.943 201.246
200.734 200.922 201.222
200.826 201.000 201.163
200.757 200.909 201.018
200.891 201.341 202.508
200.801 201.052 201.372
200.690 201.004 201.477
200.745 200.896 201.086
200.857 201.059 201.212
200.849 201.010 201.226
200.821 217.870 285.300
200.855 200.961 201.095
200.768 201.099 201.336
200.777 201.109 201.599
200.869 201.082 201.327
200.845 201.072 201.413
200.887 201.091 201.541
200.687 201.097 201.755
200.805 201.006 201.370
200.698 200.994 201.236
200.674 200.883 201.122
200.937 201.526 202.527
200.825 201.192 202.154
200.806 201.117 201.484
201.109 201.287 201.499
200.810 200.925 201.222
200.876 201.127 201.511
200.755 201.314 202.442
200.746 200.964 201.235
201.046 201.123 201.286
200.838 201.034 201.173
200.719 201.011 201.253
200.797 201.031 201.191
201.066 201.656 203.697
200.795 200.973 201.294
200.961 201.183 201.478
200.731 200.897 201.051
200.755 200.915 201.304
200.915 201.035 201.164
200.892 201.108 201.623
201.050 202.108 203.168
200.716 200.950 201.233
200.939 201.117 201.274
201.012 201.095 201.266
200.847 201.002 201.356
200.711 201.019 201.298
200.823 201.154 201.467
200.814 200.932 201.037
201.008 201.233 201.517
200.771 201.019 201.427
200.927 201.088 201.331
200.775 200.935 201.249
200.966 202.366 206.029
200.898 200.930 200.962
200.871 201.060 201.182
200.730 201.099 201.342
200.988 201.327 202.037
200.774 201.829 205.410
200.713 201.125 202.438
200.685 201.127 202.017
200.932 201.252 202.005
200.825 201.519 202.807
200.828 201.214 201.883
200.709 201.219 201.969
200.806 201.032 201.336
200.772 201.109 201.273
200.977 201.090 201.258
200.925 201.131 201.450
200.693 200.842 200.963
200.906 202.288 207.130
200.757 201.100 201.247
200.967 201.350 201.790
200.806 201.209 201.499
201.009 201.193 201.456
200.944 201.231 202.063
200.726 200.965 201.390
200.753 200.997 201.443
200.820 200.890 201.065
200.726 200.841 200.953
200.793 201.151 201.447
200.940 202.288 207.341
200.800 201.329 202.936
200.678 201.652 202.684
200.781 201.708 203.199
200.867 204.248 206.578
200.880 201.385 202.101
201.558 203.226 205.973
200.733 202.164 204.496
200.782 203.784 208.629
200.880 201.366 202.564
201.070 201.109 201.191
201.004 201.857 202.570
201.003 201.946 204.415
200.961 201.151 201.385
200.886 201.754 204.455
200.924 201.083 201.315
200.768 201.020 201.223
200.894 201.252 201.436
200.750 201.009 201.290
200.726 202.079 206.422
200.813 200.967 201.064
200.784 201.219 201.939
200.805 201.098 201.377
200.926 201.151 201.358
200.750 201.104 201.592
200.917 201.028 201.340
200.771 200.897 201.036
200.792 201.198 202.470
200.930 201.105 201.193
200.755 200.987 201.255
200.728 201.101 201.264
201.076 201.946 203.927
200.962 201.134 201.299
200.884 201.006 201.139
201.024 202.104 205.569
200.821 201.117 201.483
200.972 201.255 201.914
200.930 201.081 201.295
200.703 201.717 204.264
200.778 201.283 202.757
200.630 201.249 202.623
200.951 201.308 201.727
200.890 201.040 201.247
200.795 200.958 201.188
200.835 201.331 202.613
200.849 201.023 201.162
200.788 202.051 206.790
200.828 200.973 201.265
200.977 202.646 205.091
200.891 201.388 202.855
200.785 201.088 201.452
200.826 200.928 200.987
200.745 203.554 213.706
200.833 202.787 204.907
200.820 202.116 204.975
200.849 201.309 202.358
200.762 202.403 208.248
200.802 201.012 201.155
200.807 201.043 201.585
200.774 203.269 212.072
200.700 201.317 202.225
200.752 200.998 201.622
200.698 200.934 201.189
200.824 200.985 201.091
200.778 201.026 201.477
200.855 202.637 209.027
200.883 201.052 201.400
200.760 202.407 207.189
200.738 201.130 201.919
200.828 201.355 202.523
200.884 201.088 201.374
200.849 202.044 204.157
200.805 201.031 201.332
200.754 201.042 201.720
200.841 201.816 205.257
200.890 201.951 203.781
200.794 200.986 201.409
200.795 202.154 206.589
200.921 202.282 206.964
200.796 201.257 202.233
200.931 201.560 203.238
200.815 200.961 201.077
200.836 201.782 205.239
200.676 201.175 201.601
200.718 202.854 209.599
200.942 201.315 201.839
200.683 201.150 201.957
200.900 202.474 208.448
200.722 201.681 203.756
200.948 201.135 201.378
200.723 202.578 205.876
200.866 203.221 211.640
200.920 202.209 206.101
200.763 201.314 202.273
201.075 202.438 204.228
201.039 201.556 201.925
200.847 204.198 211.856
200.875 201.546 202.944
200.947 201.458 202.923
200.743 201.212 202.626
306.016 306.298 306.581
305.962 306.182 306.324
201.282 201.710 202.284
200.872 201.297 202.442
200.990 202.001 202.975
200.799 200.992 201.303
200.965 202.278 203.850
201.099 203.963 208.198
200.977 202.218 203.468
200.797 201.124 202.139
201.083 202.681 207.923
200.870 201.884 204.056
200.886 201.167 201.461
200.807 201.996 205.025
201.047 201.840 203.726
200.891 202.710 205.725
200.882 201.973 205.248
200.816 203.612 207.601
200.917 202.791 209.772
201.289 202.163 204.443
200.977 203.013 205.579
200.801 201.576 202.516
200.995 204.119 208.994
201.190 205.872 210.162
201.022 201.331 201.651
200.925 202.751 205.618
200.746 203.362 211.559
201.925 205.611 210.358
200.881 201.445 202.376
200.843 203.253 211.129
200.856 201.712 204.130
200.867 202.363 204.716
200.862 201.209 201.955
200.982 201.668 203.401
200.783 202.519 207.649
200.822 201.071 201.965
200.883 204.063 207.588
200.876 202.806 206.860
200.934 201.063 201.423
201.329 202.464 204.485
200.738 202.414 208.449
200.739 201.013 201.447
200.748 201.130 201.383
200.911 203.736 207.404
200.815 202.192 205.618
200.881 201.006 201.120
200.883 201.367 201.858
200.840 201.826 205.387
200.910 202.821 207.351
201.198 203.008 209.219
200.892 202.162 204.594
200.773 201.245 202.191
200.947 202.010 205.196
200.791 201.213 202.217
200.904 203.364 213.055
201.026 204.572 212.123
200.779 202.704 208.146
200.996 201.518 203.103
200.754 202.419 204.973
200.909 201.443 202.361
200.760 202.720 207.897
200.840 201.587 204.039
201.010 203.062 208.314
200.820 201.205 202.290
200.798 202.194 207.323
200.790 201.295 201.944
200.741 201.467 202.722
200.813 200.960 201.174
200.905 202.286 205.402
200.990 202.169 203.644
200.955 201.483 202.960
200.799 201.947 204.811
200.877 201.382 203.150
200.874 201.122 201.528
200.809 201.123 201.939
200.727 201.913 206.221
200.931 201.118 201.404
201.017 201.828 203.075
200.754 201.018 201.345
200.841 201.577 203.408
