85.764 85.846 85.903
85.752 85.814 85.889
85.789 85.853 85.910
85.776 85.832 85.882
85.783 85.852 85.920
85.828 85.851 85.883
85.776 85.827 85.887
85.793 85.801 85.811
85.780 85.836 85.917
85.695 85.764 85.858
85.731 85.997 86.879
85.804 85.838 85.866
85.703 85.802 85.913
85.834 85.867 85.886
85.744 85.791 85.873
85.736 85.853 85.904
85.746 85.784 85.820
85.802 85.861 85.901
85.787 85.863 85.980
85.762 85.870 85.968
85.783 85.828 85.856
85.751 85.806 85.878
85.743 85.832 85.888
85.789 85.856 85.887
85.805 85.864 85.915
85.791 85.830 85.865
85.755 85.843 85.885
85.750 85.828 85.865
85.720 85.823 85.855
85.725 85.801 85.844
85.720 85.786 85.832
87.044 87.114 87.180
86.991 87.108 87.176
85.842 85.866 85.883
85.679 85.813 85.880
85.728 85.815 85.857
85.777 85.833 85.901
85.759 85.838 85.904
87.054 87.114 87.144
85.818 85.855 85.880
85.770 86.346 87.165
85.780 85.848 85.934
87.085 87.104 87.133
87.020 87.056 87.099
85.806 85.848 85.868
85.756 85.828 85.889
85.665 85.811 85.902
85.778 85.839 85.882
85.760 85.819 85.857
97.285 98.198 100.861
97.284 97.309 97.351
97.238 97.349 97.423
96.075 97.023 97.369
95.988 96.049 96.128
97.297 97.359 97.391
97.329 97.370 97.400
97.238 97.306 97.391
96.053 96.103 96.132
96.019 96.086 96.186
85.769 85.817 85.870
85.806 85.846 85.914
85.759 85.859 85.919
85.759 85.816 85.894
85.771 85.817 85.880
85.725 85.783 85.882
85.800 85.862 85.901
85.713 86.342 88.522
85.775 85.821 85.858
85.741 85.809 85.847
85.701 85.785 85.878
85.736 85.807 85.913
85.826 85.873 85.892
85.823 85.874 85.894
85.740 85.779 85.823
85.778 85.869 85.974
85.756 85.856 85.920
85.771 85.857 85.922
85.747 85.839 85.913
85.759 85.828 85.885
85.738 85.804 85.882
85.784 85.825 85.878
85.702 85.808 85.891
85.756 85.837 85.891
85.703 85.842 85.910
85.686 85.800 85.908
85.713 85.816 85.893
85.826 85.843 85.861
87.077 87.111 87.168
87.096 87.143 87.180
87.046 87.077 87.117
86.961 87.089 87.156
87.020 87.062 87.117
85.848 86.832 87.147
85.672 85.766 85.843
85.817 85.834 85.894
85.703 85.797 85.853
85.678 85.798 85.889
85.678 85.734 85.825
85.788 85.848 85.874
85.742 85.804 85.888
85.781 85.814 85.838
85.762 85.857 86.042
85.773 85.818 85.866
85.718 85.824 85.914
85.758 85.861 85.904
85.792 85.863 86.029
85.803 85.836 85.866
85.722 85.825 85.873
85.804 85.862 85.933
85.805 85.859 85.886
85.724 85.828 85.894
85.812 85.871 85.906
85.756 85.823 85.977
85.777 85.820 85.881
85.724 85.799 85.875
85.721 85.817 85.907
85.764 85.828 85.884
85.801 85.867 85.925
85.782 85.910 86.138
85.852 85.877 85.887
85.828 85.871 85.899
85.797 85.854 85.902
85.842 85.853 85.871
85.704 85.799 85.914
85.810 85.931 86.152
85.778 85.851 85.900
85.697 85.818 85.898
85.777 85.862 85.932
85.821 85.867 85.904
85.713 85.785 85.857
85.736 85.834 85.897
85.780 85.844 85.980
85.688 85.769 85.888
85.790 85.846 85.890
85.688 85.838 85.895
85.729 85.876 86.235
85.760 85.803 85.843
85.802 85.838 85.882
85.777 85.859 85.940
85.817 85.842 85.882
85.813 85.882 85.915
85.768 85.819 85.855
85.795 85.844 85.897
85.791 85.859 85.940
85.760 85.847 85.895
85.812 85.881 85.937
85.809 85.837 85.868
85.804 85.864 85.906
85.731 85.802 85.858
85.733 85.802 85.868
85.794 85.822 85.863
85.775 85.835 85.894
85.769 85.818 85.910
85.825 85.853 85.905
85.696 85.767 85.857
85.790 85.846 85.892
85.753 85.813 85.870
85.812 85.853 85.887
85.716 85.837 85.881
85.838 85.877 85.910
85.805 85.844 85.882
85.772 85.861 85.910
85.778 85.841 85.932
85.655 85.782 85.859
85.845 85.880 85.938
85.734 85.807 85.868
85.699 85.780 85.843
85.781 85.840 85.914
85.781 85.875 85.922
85.753 85.815 85.887
85.705 85.783 85.873
85.833 85.858 85.893
85.807 85.848 85.887
85.732 85.773 85.828
85.736 85.834 85.885
85.775 85.820 85.888
85.756 85.804 85.840
85.814 85.889 85.942
85.797 85.861 85.889
85.734 85.793 85.856
85.790 85.853 85.904
85.779 85.846 85.880
85.744 85.841 85.903
85.840 85.875 85.931
85.665 85.780 85.901
85.740 85.812 85.876
85.792 85.841 85.877
85.741 85.812 85.895
85.844 85.871 85.898
85.754 85.831 85.906
85.756 85.845 85.914
85.769 85.861 85.941
85.718 85.806 85.933
85.810 85.907 86.132
85.822 85.876 85.939
85.823 85.865 85.889
85.759 85.819 85.846
85.763 85.845 85.888
85.767 85.855 85.917
85.825 85.864 85.906
85.801 85.840 85.912
85.811 85.850 85.898
85.772 85.845 85.899
85.722 85.780 85.836
85.674 85.769 85.867
85.837 85.860 85.874
85.800 85.825 85.852
85.823 85.858 85.908
85.762 85.845 85.901
85.705 85.793 85.953
85.793 85.851 85.900
85.750 85.817 85.854
85.798 85.843 85.886
85.653 85.710 85.812
85.736 85.817 85.868
85.762 85.785 85.834
85.655 85.749 85.866
85.706 85.860 86.240
85.737 85.799 85.901
85.614 85.744 85.832
85.766 85.828 85.853
85.748 85.798 85.845
85.718 85.762 85.800
85.640 85.712 85.813
85.810 85.843 85.869
85.632 85.708 85.839
85.694 85.776 85.832
85.774 85.803 85.834
85.711 85.760 85.835
85.769 85.816 85.850
85.676 85.781 85.874
85.751 85.844 85.914
85.715 85.835 85.969
85.792 85.907 86.114
85.751 85.824 85.902
85.621 85.807 85.882
85.798 85.847 85.923
85.780 85.856 85.894
85.820 85.870 85.921
85.772 85.831 85.893
85.730 85.809 85.873
85.795 85.829 85.881
85.753 85.836 85.916
85.673 85.801 85.905
85.805 85.829 85.862
85.752 85.796 85.836
85.775 85.833 85.875
85.776 85.839 85.890
85.712 85.814 85.942
85.817 85.853 85.875
85.701 85.765 85.808
85.755 85.885 86.218
85.794 85.871 85.925
85.728 85.839 85.993
85.839 85.868 85.884
85.738 85.821 85.905
85.738 85.834 85.975
85.709 85.832 86.147
85.718 85.807 86.063
85.753 85.824 85.871
85.843 85.870 85.908
85.765 85.829 85.873
85.768 85.847 85.918
85.774 85.808 85.839
85.797 85.850 85.934
85.714 85.797 85.892
85.809 85.830 85.849
85.739 85.817 85.871
85.693 85.813 85.883
85.802 85.861 85.919
85.791 85.844 85.895
85.769 85.879 85.952
85.757 85.823 85.881
85.827 85.866 85.903
85.844 85.859 85.887
85.787 85.846 85.887
85.727 85.778 85.845
85.747 85.844 85.893
85.750 85.819 85.881
85.774 85.843 85.889
85.796 85.843 85.898
85.728 85.785 85.849
85.733 85.782 85.820
85.761 85.822 85.868
85.761 85.819 85.890
85.743 85.860 85.949
85.826 85.865 85.897
85.768 85.838 85.916
85.732 85.831 85.921
85.798 85.840 85.865
85.769 85.824 85.895
85.833 85.845 85.858
85.845 85.895 85.960
85.806 85.859 85.907
85.654 85.777 85.875
85.718 85.756 85.778
85.823 85.876 85.917
85.773 85.849 85.889
85.821 85.875 85.960
85.823 85.848 85.882
85.640 85.853 86.041
85.874 85.892 85.919
85.785 85.848 85.905
85.782 85.849 85.911
85.739 85.792 85.874
85.757 85.838 85.912
85.792 85.860 85.915
85.806 85.832 85.885
85.741 85.795 85.850
85.848 85.868 85.888
85.763 85.812 85.882
85.742 85.846 85.917
85.797 85.845 85.906
85.771 85.816 85.840
85.764 85.835 85.908
85.736 85.817 85.915
85.801 85.838 85.877
85.765 85.858 85.919
85.802 85.838 85.869
85.712 85.798 85.864
85.841 85.860 85.876
85.762 85.792 85.867
85.796 85.862 85.890
85.701 85.823 85.863
85.781 85.875 85.943
85.663 85.800 85.868
85.735 85.768 85.844
85.793 85.849 85.913
85.807 85.868 85.909
85.760 85.817 85.874
85.800 86.010 86.648
85.804 85.831 85.863
85.818 85.848 85.880
85.731 85.791 85.875
85.760 85.853 85.951
85.761 85.851 85.941
85.777 85.836 85.894
85.768 85.863 85.905
85.696 85.805 85.889
85.811 85.868 85.905
85.746 85.834 85.918
85.710 85.837 85.887
85.856 85.899 86.007
85.745 85.827 85.867
85.711 85.806 85.880
85.842 85.874 85.897
85.742 85.813 85.882
85.803 85.881 85.912
85.703 85.749 85.850
85.728 85.783 85.896
85.754 85.807 85.878
85.784 85.876 85.912
85.757 85.810 85.848
85.786 85.825 85.870
85.633 85.794 85.922
85.655 85.770 85.895
85.742 85.797 85.877
85.833 85.892 85.940
85.713 85.821 85.867
85.761 85.792 85.836
85.697 85.820 85.881
85.767 85.828 85.907
85.719 85.821 85.884
85.756 85.810 85.852
85.740 85.783 85.891
85.768 85.849 85.912
85.779 85.836 85.898
85.699 85.739 85.772
85.818 85.864 85.906
85.832 85.857 85.872
85.795 85.836 85.884
85.752 85.784 85.805
85.747 85.844 85.910
85.729 85.778 85.852
85.784 85.847 85.918
85.746 85.829 85.907
85.717 85.823 85.873
85.804 85.851 85.881
85.741 85.840 85.948
85.739 85.816 85.882
85.732 85.830 85.877
85.809 85.833 85.890
85.742 85.792 85.883
85.811 85.832 85.873
85.789 85.849 85.905
85.720 85.797 85.895
85.743 85.819 85.882
85.706 85.801 85.871
85.794 85.826 85.861
85.765 85.796 85.828
85.767 85.841 85.885
85.745 85.859 85.939
85.796 85.855 85.924
85.778 85.824 85.872
85.761 85.814 85.909
85.817 85.848 85.892
85.744 85.819 85.893
85.785 85.845 85.919
85.787 85.874 85.967
85.729 85.785 85.851
85.684 85.783 85.860
85.819 85.842 85.858
85.764 85.796 85.849
85.783 85.858 85.938
85.616 85.790 85.884
85.758 85.865 85.951
85.711 85.835 85.889
85.777 85.862 85.949
85.805 85.843 85.882
85.761 85.825 85.893
85.755 85.848 85.913
85.715 85.792 85.890
85.795 85.850 85.880
85.769 85.840 85.905
85.799 85.861 85.891
85.784 85.817 85.877
85.692 85.811 85.954
85.789 85.848 85.972
85.814 85.853 85.869
85.720 85.821 85.951
85.752 85.819 85.886
85.803 85.859 85.903
85.751 85.814 85.878
85.764 85.840 86.024
85.812 85.861 85.902
85.689 85.810 85.906
85.797 85.848 85.887
85.767 85.831 85.883
85.780 85.844 85.923
85.822 85.860 85.912
85.775 85.836 85.884
85.788 85.857 85.891
85.629 85.809 85.934
85.728 85.798 85.870
85.880 85.885 85.889
85.776 85.829 85.886
85.704 85.875 86.083
85.783 85.848 85.922
85.735 85.806 85.893
85.731 85.840 85.910
85.764 85.798 85.829
85.793 85.845 85.873
85.808 85.866 85.908
85.712 85.822 85.907
85.765 85.821 85.871
85.720 85.773 85.818
85.796 85.828 85.850
85.793 85.882 86.123
85.708 85.757 85.858
85.802 85.841 85.901
85.745 85.829 85.879
85.805 85.867 85.902
85.751 85.811 85.858
85.758 85.830 85.911
85.751 85.835 85.883
85.693 85.814 85.889
85.755 85.821 85.910
85.826 85.868 85.894
85.696 85.786 85.854
85.706 85.825 85.887
85.764 85.829 85.886
85.828 85.859 85.903
85.708 85.809 85.871
85.759 85.804 85.857
85.726 85.838 85.891
85.709 85.794 85.910
85.813 85.846 85.885
85.817 85.848 85.878
85.728 85.792 85.840
85.809 85.835 85.871
85.760 85.817 85.868
85.760 85.815 85.885
85.802 85.856 85.893
85.794 85.818 85.834
85.700 85.766 85.825
85.713 85.788 85.858
85.737 85.872 85.956
85.660 85.800 85.871
85.731 85.816 85.862
85.694 85.788 85.863
85.758 85.842 85.870
85.707 85.793 85.892
85.748 85.825 85.894
85.729 85.798 85.867
85.735 85.826 85.883
85.781 85.818 85.850
85.705 85.761 85.832
85.837 85.860 85.879
85.672 85.734 85.805
85.761 85.825 85.874
85.770 85.813 85.898
85.763 85.832 85.917
85.747 85.805 85.900
85.684 85.799 85.920
85.798 85.839 85.883
85.816 85.856 85.903
85.749 85.813 85.910
85.850 85.883 85.947
85.784 85.839 85.885
85.849 85.867 85.902
85.755 85.824 85.918
85.823 85.865 85.903
85.724 85.829 86.053
85.755 85.850 85.903
85.809 85.922 86.126
85.759 85.834 85.921
85.693 85.799 85.886
85.824 85.859 85.896
85.744 85.838 85.877
85.755 85.848 85.901
85.801 85.836 85.864
85.762 85.821 85.872
85.675 85.778 85.857
85.730 85.808 85.894
85.739 85.822 85.874
85.736 85.785 85.843
85.681 85.829 85.894
85.736 85.800 85.876
85.743 85.807 85.881
85.764 85.820 85.877
85.780 85.843 85.889
85.784 85.820 85.840
85.736 85.824 85.882
85.782 85.856 85.902
85.735 85.825 85.916
85.758 85.858 86.003
85.813 85.852 85.914
85.731 85.794 85.875
85.717 85.792 85.874
85.705 85.844 86.127
85.740 85.820 85.905
85.803 85.848 85.882
85.755 85.832 85.890
85.809 85.855 85.876
85.724 85.805 85.874
85.737 85.830 85.875
85.728 85.776 85.823
85.765 85.835 85.878
85.813 85.855 85.897
85.832 85.861 85.888
85.798 85.822 85.862
85.728 85.804 85.863
85.656 85.763 85.846
85.841 85.867 85.884
85.748 85.807 85.873
85.748 85.871 85.939
85.709 85.754 85.789
85.780 85.830 85.894
85.787 85.826 85.874
85.751 85.790 85.870
85.740 85.809 85.877
85.837 85.857 85.888
85.707 85.790 85.834
85.807 85.924 86.228
85.734 85.768 85.836
85.826 85.840 85.865
85.713 85.818 85.862
85.769 85.818 85.887
85.761 85.853 85.909
85.777 85.847 85.898
85.744 85.848 85.943
85.706 85.804 85.887
85.782 85.821 85.916
85.777 85.809 85.857
85.711 85.809 85.858
85.676 85.847 86.038
85.700 85.817 85.885
85.793 85.865 85.935
85.776 85.906 86.200
85.806 85.835 85.865
85.824 85.862 85.902
85.753 85.856 85.941
85.718 85.793 85.838
85.734 85.961 86.558
85.806 85.858 85.898
85.814 85.861 85.925
85.782 85.846 85.892
85.762 85.830 85.892
85.805 85.824 85.849
85.721 85.807 85.884
85.760 85.810 85.908
85.806 85.858 85.917
85.765 85.835 85.888
85.703 85.771 85.832
85.751 85.785 85.808
85.805 85.847 85.889
85.758 85.805 85.848
85.720 85.773 85.838
85.735 85.787 85.829
85.673 85.801 85.900
85.794 85.830 85.868
85.787 85.835 85.891
85.810 85.863 85.923
85.714 85.776 85.844
85.750 85.805 85.885
85.759 85.832 85.879
85.788 85.834 85.895
85.790 85.847 85.905
85.797 85.866 85.894
85.768 85.818 85.876
85.754 85.792 85.829
85.795 85.841 85.857
85.782 85.859 85.931
85.806 85.851 85.877
85.811 85.866 85.912
85.793 85.820 85.843
85.748 85.806 85.855
85.807 85.843 85.862
85.808 85.839 85.876
85.828 85.855 85.880
85.738 85.821 85.876
85.750 85.783 85.878
85.837 85.862 85.883
85.735 85.763 85.772
85.777 85.828 85.887
85.761 85.836 85.888
85.879 85.889 85.900
85.759 85.855 85.937
85.853 85.878 85.928
85.713 85.824 85.910
85.777 85.888 86.186
85.781 85.829 85.883
85.743 85.830 85.912
85.731 85.834 85.900
85.769 85.807 85.902
85.725 85.819 85.874
85.686 85.783 85.862
85.743 85.843 85.897
85.730 85.785 85.849
85.729 85.805 85.892
85.762 85.870 85.984
85.730 85.803 85.871
85.716 85.771 85.874
85.813 85.856 85.934
85.702 85.787 85.902
85.777 85.852 85.881
85.830 85.868 85.910
85.744 85.755 85.774
85.766 85.834 85.874
85.694 85.727 85.763
85.840 85.859 85.915
85.751 85.795 85.841
85.764 85.811 85.900
85.795 85.839 85.901
85.815 85.863 85.911
85.794 85.810 85.835
85.747 85.841 85.899
85.735 85.822 85.889
85.834 85.863 85.907
85.823 85.848 85.892
85.798 85.828 85.873
85.772 85.851 85.894
85.770 85.834 85.890
85.717 85.784 85.872
85.743 85.814 85.865
85.726 85.782 85.841
85.789 85.855 85.892
85.712 85.811 85.894
85.809 85.852 85.922
85.749 85.803 85.831
85.752 85.828 85.866
85.813 85.830 85.866
85.889 85.910 85.930
85.784 85.825 85.865
85.720 85.840 85.901
85.828 85.868 85.915
85.808 85.861 85.894
85.738 85.815 85.905
85.737 85.834 85.897
85.747 85.815 85.902
85.649 85.783 85.850
85.743 85.849 85.881
85.701 85.754 85.807
85.713 85.791 85.855
85.711 85.829 85.973
85.699 85.808 85.865
85.737 85.806 85.882
85.746 85.773 85.797
85.688 85.771 85.901
85.861 85.889 85.938
85.669 85.784 85.856
85.778 85.827 85.888
85.794 85.855 85.881
85.782 85.906 86.098
85.756 85.829 85.884
85.854 85.874 85.886
85.773 85.819 85.864
85.743 85.860 85.932
85.779 85.833 85.897
85.769 85.807 85.838
85.851 85.868 85.887
85.727 85.791 85.849
85.805 85.867 85.907
85.771 85.847 85.912
85.799 85.832 85.877
85.772 85.864 85.922
85.820 85.866 85.911
85.824 85.867 85.887
85.776 85.839 85.880
85.685 85.772 85.847
85.798 85.828 85.867
85.781 85.868 86.024
85.768 85.839 85.878
85.761 85.863 86.030
85.701 85.807 85.861
85.649 85.791 85.940
85.740 85.845 85.905
85.711 85.772 85.932
85.722 85.821 85.871
85.772 85.806 85.860
85.836 85.868 85.892
85.752 85.801 85.861
85.852 85.890 85.925
85.820 85.841 85.863
85.790 85.862 85.910
85.761 85.825 85.872
85.839 85.867 85.902
85.699 85.800 85.852
85.811 85.852 85.879
85.759 85.853 85.915
85.783 85.857 85.895
85.758 85.833 85.885
85.717 85.822 85.949
85.722 85.808 85.945
85.701 85.820 85.921
85.749 85.799 85.879
85.769 85.821 85.872
85.687 85.791 85.838
85.666 85.733 85.818
85.721 85.823 85.885
85.780 85.834 85.879
85.776 85.840 85.889
85.726 85.773 85.797
85.670 85.821 85.894
85.666 85.708 85.778
85.742 85.829 85.915
85.769 86.030 86.809
85.707 85.763 85.865
85.714 85.804 85.833
85.841 85.877 85.902
85.698 85.774 85.871
85.807 85.842 85.879
85.808 85.862 85.931
85.768 85.810 85.862
85.759 85.786 85.822
85.708 85.793 85.908
85.715 85.834 85.892
85.768 85.811 85.878
85.808 85.841 85.882
85.753 85.856 85.904
85.687 85.798 85.878
85.742 85.821 85.886
85.820 85.857 85.885
85.758 85.855 85.897
85.796 85.829 85.870
85.731 85.812 85.911
85.683 85.834 85.962
85.731 85.828 85.895
85.742 85.856 85.898
85.778 85.846 85.891
85.767 85.852 85.884
85.817 85.892 85.957
85.786 86.050 86.921
85.734 85.818 85.919
85.713 85.814 85.883
85.695 85.774 85.821
85.791 85.827 85.882
85.732 85.808 85.873
85.745 85.811 85.862
85.738 85.829 85.909
85.829 85.840 85.860
85.646 85.814 85.925
85.818 85.864 85.894
85.783 85.825 85.864
85.774 85.823 85.869
85.762 85.791 85.882
85.779 85.840 85.894
85.717 85.925 86.437
85.841 85.879 85.902
85.735 85.801 85.837
85.763 85.802 85.856
85.779 85.825 85.900
85.787 85.869 85.932
85.808 85.841 85.878
85.809 85.862 85.922
85.703 85.838 85.916
85.734 85.781 85.808
85.768 85.839 85.998
85.787 85.836 85.923
85.761 85.816 85.856
85.712 85.813 85.884
85.810 85.834 85.894
85.721 85.783 85.848
85.707 85.851 85.917
85.568 85.698 85.859
85.799 85.833 85.866
85.811 85.855 85.926
85.792 85.827 85.894
85.720 85.786 85.873
85.773 85.796 85.845
85.753 85.813 85.866
85.763 85.833 85.894
85.777 85.853 85.916
85.680 85.832 85.954
85.730 85.817 85.901
85.736 85.836 85.905
85.701 85.784 85.863
85.797 85.843 85.887
85.784 85.835 85.886
85.697 85.774 85.819
85.705 85.766 85.839
85.765 85.830 85.866
85.818 85.849 85.892
85.688 85.806 85.873
85.669 85.798 85.858
85.744 85.820 85.885
85.750 85.831 85.888
85.773 85.820 85.884
85.761 85.823 85.895
85.716 85.829 85.911
85.773 85.823 85.873
85.755 85.803 85.865
85.669 85.774 85.843
85.784 85.865 85.905
85.714 85.780 85.822
85.797 85.837 85.891
85.772 85.842 85.909
85.777 85.851 85.883
85.803 85.870 85.907
85.726 85.802 85.904
85.713 85.790 85.891
85.689 85.819 85.880
85.783 85.844 85.897
85.753 85.853 86.002
85.832 85.880 85.920
85.651 85.717 85.769
85.777 85.857 85.958
85.757 85.845 85.896
85.717 85.832 85.906
85.759 85.837 85.894
85.863 85.883 85.904
85.737 85.847 85.965
85.800 85.815 85.855
85.708 85.831 85.916
85.720 85.840 85.886
85.818 86.008 86.654
85.771 85.834 85.939
85.773 85.837 85.891
85.755 85.790 85.849
85.829 85.963 86.389
85.844 85.875 85.903
85.798 85.821 85.859
85.801 85.871 85.923
85.802 85.867 85.891
85.764 85.794 85.857
85.740 85.815 85.892
85.742 85.827 85.886
85.807 85.878 85.929
85.775 85.827 85.873
85.757 85.876 86.130
85.782 85.843 85.928
85.712 85.824 85.907
85.724 85.775 85.841
85.767 85.832 85.883
85.787 85.828 85.857
85.747 85.829 85.942
85.782 85.888 86.004
85.859 85.870 85.884
85.810 85.852 85.921
85.815 85.840 85.868
85.749 85.817 85.898
85.752 85.855 85.920
85.819 85.864 85.886
85.779 85.840 85.924
85.722 85.822 85.918
85.685 85.768 85.830
85.886 85.927 86.015
85.750 85.961 86.611
85.740 85.848 85.933
85.780 85.825 85.874
85.764 85.801 85.843
85.819 85.870 85.933
85.819 85.852 85.878
85.677 85.815 85.900
85.758 85.851 85.910
85.811 85.939 86.227
85.723 85.826 85.888
85.837 85.892 86.010
85.780 85.965 86.137
85.850 85.929 86.147
85.827 86.003 86.436
85.782 85.814 85.842
85.770 85.864 85.917
85.825 85.976 86.325
85.844 85.953 86.167
85.772 85.874 85.998
85.772 85.894 85.989
85.719 85.808 85.938
85.767 85.826 85.885
85.784 85.826 85.855
85.829 85.852 85.882
85.795 85.845 85.878
85.736 85.790 85.852
85.832 85.870 85.889
85.722 85.830 85.935
85.835 85.875 85.932
85.883 85.973 86.292
85.770 85.819 85.890
85.828 85.872 85.903
85.837 85.858 85.891
85.739 85.807 85.895
85.836 85.909 85.982
85.738 85.895 86.070
85.826 85.918 86.047
85.847 85.877 85.907
85.804 85.825 85.849
85.807 85.856 85.923
85.839 85.871 85.909
85.755 85.870 86.008
85.829 85.868 85.902
85.798 85.846 85.886
85.700 85.825 85.876
85.814 85.855 85.916
85.835 85.886 85.935
85.812 86.016 86.700
85.836 85.861 85.907
85.792 85.851 85.890
85.746 85.839 85.916
85.753 85.811 85.864
85.694 85.756 85.827
85.808 85.861 85.903
85.750 85.879 86.087
85.830 85.905 86.101
85.681 85.783 85.882
85.797 85.922 86.103
85.736 85.788 85.873
85.750 85.879 86.189
85.818 85.860 85.920
85.724 85.782 85.837
85.756 85.839 85.905
85.801 85.832 85.888
85.805 85.839 85.862
85.712 85.777 85.861
85.715 85.809 85.876
85.673 85.743 85.840
85.688 85.760 85.857
85.724 85.850 85.936
85.710 85.806 85.884
85.792 85.834 85.867
85.827 85.864 85.900
85.836 85.896 85.945
85.704 85.814 85.879
85.741 85.835 85.909
85.759 85.821 85.872
85.765 85.812 85.892
85.805 85.845 85.905
85.736 85.907 86.106
85.733 85.823 85.897
85.742 85.821 85.910
85.820 85.842 85.877
85.806 85.860 85.921
85.777 85.814 85.869
85.676 85.766 85.838
85.762 85.847 85.938
85.693 85.957 86.567
85.759 85.843 85.883
85.720 85.761 85.793
85.819 85.855 85.885
85.775 85.841 85.890
85.763 85.873 85.939
85.757 85.855 85.901
85.784 85.839 85.944
85.718 85.794 85.857
85.792 85.837 85.873
85.751 85.803 85.855
85.754 85.848 85.966
85.830 85.860 85.888
85.652 85.757 85.839
85.729 85.807 85.890
85.813 85.884 85.945
85.691 85.811 85.874
85.779 85.835 85.889
85.757 85.832 85.923
85.710 85.811 85.867
85.812 85.877 85.950
85.727 85.809 85.870
85.730 85.776 85.803
85.758 85.852 85.910
85.733 85.844 85.976
85.735 85.817 85.922
85.805 85.904 86.188
85.746 85.765 85.783
85.780 85.846 85.933
85.683 85.792 85.883
85.755 85.808 85.951
85.803 85.837 85.881
85.748 85.799 85.861
85.842 85.878 85.945
85.749 85.807 85.911
85.769 85.830 85.906
85.727 85.841 85.900
85.797 85.857 85.896
85.810 85.845 85.888
85.773 85.831 85.862
85.797 86.114 87.118
85.774 85.852 85.931
85.774 85.844 85.903
85.798 85.859 85.909
85.837 85.885 85.937
85.718 85.828 85.906
85.736 85.824 85.920
85.798 85.839 85.882
85.766 85.847 85.927
85.769 85.864 85.971
85.712 85.799 85.865
85.827 85.875 85.902
85.765 85.811 85.884
85.710 85.767 85.819
85.771 85.841 85.884
85.756 85.852 85.907
85.745 85.822 85.902
85.798 85.855 85.898
85.753 85.812 85.848
85.792 85.855 85.914
85.806 85.862 85.941
85.722 85.808 85.882
85.877 85.892 85.920
85.660 85.774 85.884
85.696 85.783 85.856
85.830 85.870 85.937
85.720 85.774 85.817
85.794 85.828 85.880
85.786 85.820 85.842
85.708 85.772 85.910
85.715 85.788 85.865
85.769 85.826 85.871
85.693 85.793 85.878
85.788 85.859 85.937
85.742 85.764 85.786
85.822 85.869 85.993
85.746 85.815 85.896
85.731 85.825 85.870
85.777 85.826 85.881
85.771 85.842 85.897
85.798 85.855 85.913
85.722 85.814 85.915
85.767 85.805 85.853
85.724 85.832 85.896
85.734 85.780 85.853
85.845 85.864 85.886
85.759 85.781 85.819
85.684 85.736 85.774
85.626 85.728 85.792
85.739 85.772 85.807
85.654 85.780 85.907
85.780 85.839 85.879
85.749 85.839 86.052
85.674 85.741 85.827
85.731 85.797 85.833
85.757 85.799 85.821
85.746 85.773 85.822
85.710 85.794 85.863
85.774 85.809 85.869
85.638 85.777 85.857
85.772 85.824 85.877
85.786 85.825 85.845
85.711 85.780 85.843
85.776 85.842 85.899
85.711 85.860 85.953
85.772 85.911 86.143
85.779 85.834 85.876
85.750 85.836 85.912
85.821 85.852 85.893
85.760 85.841 85.919
85.764 85.838 85.892
85.730 85.776 85.866
85.783 85.836 85.891
85.670 85.808 85.897
85.701 85.832 85.897
85.662 85.770 85.844
85.780 85.839 85.870
85.724 85.826 85.903
85.781 85.827 85.865
85.769 85.847 85.887
85.762 85.837 85.882
85.815 85.843 85.862
85.708 85.787 85.874
85.755 85.833 85.886
85.860 85.881 85.925
85.739 85.843 85.928
85.783 85.843 85.899
85.755 85.845 85.891
85.742 85.774 85.808
85.777 85.836 85.902
85.808 85.847 85.895
85.802 85.851 85.937
85.777 85.829 85.882
85.794 85.822 85.848
85.713 85.842 85.953
85.865 85.870 85.878
85.669 85.793 85.876
85.828 85.854 85.894
85.721 85.833 85.875
85.733 85.833 85.912
85.744 85.811 85.886
85.786 85.860 85.912
85.768 85.845 85.887
85.816 85.862 85.905
85.721 85.821 85.916
85.732 85.806 85.886
85.759 85.837 85.923
85.699 85.839 85.940
85.773 85.803 85.870
85.727 85.811 85.903
85.779 85.835 85.892
85.713 85.832 85.907
85.741 85.807 85.902
85.739 85.816 85.878
85.695 85.793 85.854
85.789 85.839 85.917
85.713 85.818 85.880
85.749 85.849 85.887
85.782 85.852 85.888
85.752 85.820 85.887
85.727 85.865 86.021
85.801 85.854 85.902
85.736 85.823 85.975
85.780 85.837 85.901
85.750 85.817 85.854
85.820 85.846 85.882
85.732 85.793 85.839
85.851 85.880 85.892
85.755 85.782 85.835
85.801 85.851 85.975
85.794 85.852 85.881
85.770 85.804 85.835
85.833 85.855 85.887
85.743 85.838 85.883
85.822 85.863 85.886
85.800 85.857 86.009
85.733 85.800 85.866
85.771 85.852 85.883
85.687 85.721 85.750
85.664 85.791 85.902
85.771 85.846 85.928
85.792 85.853 85.909
85.788 85.850 85.896
85.719 85.817 85.891
85.813 85.833 85.859
85.741 85.814 85.927
85.813 85.865 85.921
85.770 85.832 85.893
85.800 85.842 85.886
85.737 85.809 85.881
85.697 85.789 85.848
85.801 85.852 85.930
85.797 85.848 85.882
85.780 85.869 85.918
85.743 85.819 85.884
85.755 85.825 85.920
85.799 85.880 85.979
85.706 85.821 86.006
85.704 85.861 86.175
85.740 85.819 85.848
85.803 85.831 85.873
85.803 85.845 85.886
85.752 85.829 85.911
85.800 86.037 86.827
85.709 85.796 85.858
85.743 85.834 85.912
85.732 85.817 85.869
85.753 85.940 86.486
85.853 85.874 85.895
85.759 85.841 85.882
85.826 85.845 85.875
85.689 85.788 85.928
85.790 85.817 85.870
85.881 85.893 85.919
85.768 85.849 85.896
85.818 85.841 85.867
85.649 85.808 85.865
85.752 85.850 85.942
85.765 85.804 85.846
85.711 85.782 85.841
85.785 85.842 85.895
85.696 85.805 85.919
85.830 85.864 85.886
85.735 85.778 85.810
85.766 85.813 85.878
85.738 85.851 85.901
85.690 85.761 85.844
85.821 85.857 85.901
85.637 85.773 85.867
85.830 85.850 85.878
85.703 85.825 85.869
85.777 85.804 85.835
85.829 85.864 85.894
85.719 85.802 85.868
85.789 85.836 85.883
85.714 85.791 85.895
85.758 85.850 85.902
85.754 85.853 85.959
85.784 85.835 85.873
85.795 85.852 85.892
85.736 85.783 85.835
85.765 85.799 85.865
85.808 85.864 85.931
85.698 85.945 86.456
85.794 85.820 85.849
85.719 85.808 85.920
85.821 85.867 85.928
85.712 85.816 85.897
85.802 85.849 85.885
85.790 85.812 85.850
85.750 85.795 85.893
85.781 85.824 85.895
85.799 85.826 85.898
85.791 85.846 85.886
85.804 85.856 85.914
85.683 85.779 85.842
85.750 85.840 85.895
85.748 85.833 85.900
85.823 85.861 85.906
85.714 85.835 85.902
85.769 85.809 85.887
85.789 85.861 85.892
85.796 85.847 85.903
85.773 85.863 85.917
85.746 85.832 85.939
85.803 85.836 85.852
85.763 85.806 85.882
85.837 85.852 85.880
85.739 85.822 85.911
85.844 85.885 85.905
85.768 85.825 85.876
85.766 85.837 85.964
85.801 85.920 86.202
85.674 85.798 85.855
85.762 85.830 85.904
85.863 85.925 86.133
85.664 85.717 85.812
85.726 85.793 85.845
85.774 85.827 85.884
85.735 85.783 85.844
85.831 85.878 85.928
85.875 85.917 86.047
85.758 85.837 85.940
85.689 85.854 86.074
85.742 85.799 85.845
85.739 85.805 85.861
85.680 85.775 85.897
101.332 101.398 101.437
101.317 101.474 101.739
101.373 101.427 101.476
101.285 101.410 101.486
101.343 101.418 101.471
101.407 101.467 101.520
101.423 101.443 101.478
101.408 101.449 101.503
101.225 101.393 101.488
101.341 101.407 101.548
101.390 101.448 101.476
101.275 101.375 101.559
101.298 101.398 101.520
101.391 101.484 101.520
101.338 101.401 101.498
101.408 101.461 101.501
101.374 101.440 101.533
101.358 101.402 101.430
101.363 101.416 101.452
101.386 101.485 101.711
101.352 101.404 101.467
101.336 101.446 101.495
101.296 101.403 101.455
101.349 101.397 101.448
101.438 101.458 101.473
101.339 101.401 101.459
101.372 101.452 101.591
101.379 101.439 101.519
101.320 101.625 102.515
101.351 101.427 101.492
101.291 101.374 101.461
101.398 101.427 101.482
101.466 101.488 101.525
101.291 101.370 101.451
101.293 101.389 101.474
101.323 101.401 101.436
101.395 101.449 101.484
101.407 101.433 101.494
101.271 101.344 101.415
101.397 101.461 101.519
101.401 101.461 101.518
101.358 101.388 101.422
101.333 101.399 101.442
101.374 101.412 101.465
101.325 101.403 101.476
101.389 101.432 101.483
101.413 101.452 101.510
101.298 101.398 101.503
101.368 101.401 101.421
101.374 101.417 101.463
101.343 101.394 101.449
101.316 101.425 101.494
101.344 101.396 101.447
101.420 101.500 101.710
101.346 101.406 101.456
101.412 101.462 101.534
101.283 101.370 101.446
101.322 101.391 101.463
101.381 101.459 101.581
101.358 101.415 101.455
101.447 101.465 101.487
101.390 101.438 101.487
101.272 101.349 101.460
92.319 92.384 92.435
89.875 89.923 89.969
89.787 89.870 89.956
89.870 89.911 89.943
89.809 89.853 89.921
89.883 89.907 89.921
89.803 89.902 89.966
89.848 89.890 89.933
89.736 89.792 89.860
89.815 89.848 89.883
89.810 89.898 89.956
89.781 89.836 89.886
89.829 89.884 89.938
89.857 89.911 89.958
89.758 89.871 89.960
89.732 89.849 89.975
89.754 89.834 89.918
89.856 89.910 89.962
89.784 89.863 89.926
89.819 89.901 90.039
89.790 89.872 89.907
89.862 89.905 89.987
89.790 89.888 89.942
89.778 89.911 90.001
89.812 89.847 89.864
89.824 89.884 89.942
89.710 89.781 89.821
89.844 89.900 89.940
89.880 89.939 90.010
89.765 89.910 89.961
89.783 89.824 89.876
89.819 89.854 89.910
89.815 89.925 90.004
89.826 89.890 89.966
89.809 89.908 89.970
89.834 89.876 89.919
89.841 89.878 89.908
89.809 89.889 89.948
89.894 89.913 89.930
89.794 89.853 89.889
89.797 89.879 89.941
89.859 89.903 89.940
89.750 89.830 89.915
89.827 89.852 89.880
89.810 89.841 89.909
89.807 89.845 89.911
89.919 89.928 89.936
89.824 89.862 89.936
89.844 89.904 89.969
89.884 89.915 89.941
89.848 89.894 89.952
89.869 89.912 89.968
89.862 89.906 89.943
89.870 89.909 89.965
89.735 89.844 89.918
89.769 89.887 89.946
89.790 89.882 89.937
89.867 89.903 89.971
89.871 89.894 89.923
89.742 89.847 89.954
89.833 89.881 89.933
89.873 89.910 89.936
89.818 89.872 89.938
89.841 89.894 89.968
89.818 89.910 89.950
89.821 89.931 89.979
89.844 89.998 90.392
89.838 89.889 89.937
89.866 89.918 89.959
89.925 89.938 89.950
89.795 89.890 89.963
89.866 89.900 89.931
89.829 89.914 89.951
89.846 89.914 89.969
89.816 89.877 89.927
89.910 89.956 90.012
89.727 89.903 90.005
89.885 89.897 89.912
89.787 89.866 89.947
89.724 89.810 89.926
89.730 89.834 89.930
89.900 89.934 89.980
89.854 89.916 90.021
89.854 89.892 89.942
89.844 89.885 89.939
89.789 89.892 89.933
89.857 89.883 89.898
89.801 89.870 89.962
89.828 89.875 89.945
89.801 89.863 89.904
89.858 89.913 89.965
89.863 89.932 89.990
89.829 89.905 89.963
89.804 89.860 89.895
89.821 89.907 89.943
89.793 89.847 89.920
89.744 89.812 89.948
89.887 89.920 89.953
89.821 89.921 89.980
89.832 89.891 89.946
89.813 89.869 89.925
89.843 89.896 89.944
89.828 89.905 89.961
89.842 89.957 90.037
89.762 89.862 89.933
89.880 89.926 89.950
89.840 89.890 89.953
89.807 89.875 89.939
89.701 89.828 89.883
89.823 89.872 89.931
89.784 89.896 89.953
89.805 89.867 89.944
89.841 89.884 89.942
89.770 89.840 89.919
89.756 89.839 89.924
89.829 89.888 89.951
89.873 89.934 89.999
89.829 89.884 89.926
89.923 89.937 89.947
89.783 89.863 89.911
89.872 89.905 89.925
89.728 89.872 89.983
89.844 89.873 89.892
89.710 89.762 89.809
89.825 89.895 89.952
89.764 89.845 89.907
89.857 89.928 89.995
89.810 89.894 89.972
89.875 89.919 89.943
89.898 89.921 89.942
89.805 89.855 89.931
89.781 89.879 89.926
89.839 89.894 89.971
89.882 90.032 90.408
89.813 89.901 89.968
89.808 89.861 90.002
89.771 89.846 89.894
89.873 89.924 89.960
89.785 89.858 89.956
89.777 89.859 89.926
89.805 89.883 89.931
89.774 89.821 89.883
89.821 89.893 89.942
89.863 89.902 89.941
89.887 89.918 89.962
89.793 89.846 89.908
89.832 89.874 89.922
89.821 89.848 89.896
89.844 89.911 89.980
89.783 89.865 89.951
89.761 89.876 89.928
89.862 89.895 89.943
89.826 89.879 89.991
89.862 89.918 89.995
89.875 89.918 89.980
89.838 89.903 89.984
89.801 89.886 89.948
89.754 89.790 89.846
89.804 89.875 89.940
89.807 89.863 89.931
89.882 89.913 89.939
89.807 89.852 89.878
89.807 89.885 89.921
89.842 89.874 89.897
89.807 89.837 89.878
89.778 89.874 89.958
89.888 89.924 89.965
89.847 89.896 89.936
89.771 89.795 89.822
89.772 89.854 89.894
89.787 89.818 89.865
89.873 89.899 89.919
89.821 89.874 89.931
89.756 89.872 89.948
89.815 89.851 89.898
89.863 89.902 89.947
89.821 89.880 89.978
89.817 89.865 89.896
89.873 89.911 89.959
89.862 89.971 90.238
89.796 89.884 89.965
89.764 89.850 89.927
89.750 89.836 89.929
89.885 89.930 89.958
89.870 89.896 89.946
89.836 90.098 90.889
89.932 89.960 89.991
89.804 89.887 89.961
89.743 89.854 89.932
89.840 89.885 89.911
89.796 89.894 89.976
89.768 89.885 89.946
89.773 89.888 89.957
89.820 89.904 89.943
89.794 89.878 89.944
89.804 89.896 89.961
89.857 89.894 89.932
89.862 89.902 89.958
89.797 89.849 89.911
89.857 89.902 89.962
89.875 89.899 89.948
89.848 89.876 89.933
89.775 89.876 89.955
89.807 89.896 89.977
89.806 89.869 89.964
89.751 89.797 89.838
89.828 89.913 89.943
89.824 89.876 89.914
89.905 89.916 89.938
89.755 89.807 89.865
89.869 89.921 89.943
89.776 89.857 89.927
89.826 89.920 89.984
89.818 89.879 89.953
89.843 89.863 89.895
89.862 89.896 89.970
89.750 89.885 89.966
89.907 89.949 89.988
89.813 89.862 89.890
89.816 89.909 89.968
89.766 89.872 89.928
89.760 89.835 89.875
89.729 89.839 89.936
89.718 89.758 89.794
89.803 89.865 89.947
89.857 89.924 90.005
89.785 89.879 89.984
89.794 89.881 89.991
89.760 89.852 89.883
89.806 89.892 89.983
89.726 89.830 89.955
89.739 89.837 89.947
89.889 89.912 89.953
89.841 89.918 89.984
89.807 89.870 89.929
89.894 89.923 89.951
89.814 89.869 89.914
89.851 89.904 89.951
89.756 89.822 89.866
89.818 89.875 89.959
89.837 89.883 89.970
89.808 89.828 89.850
89.783 89.856 89.906
89.828 89.881 89.960
89.776 89.859 89.904
89.919 89.955 89.981
89.921 89.934 89.952
89.848 89.890 89.943
89.803 89.819 89.838
89.819 89.909 89.957
89.870 89.908 89.956
89.867 89.913 89.962
89.819 89.892 89.953
89.757 89.885 89.970
89.850 89.919 89.941
89.846 89.902 89.951
89.849 89.929 90.012
89.785 89.880 90.015
89.856 89.888 89.915
89.737 89.855 89.955
89.855 89.888 89.937
89.884 89.912 89.948
89.848 89.946 90.084
89.769 89.868 89.972
89.912 89.940 89.981
89.865 89.916 89.967
89.834 89.861 89.874
89.814 89.874 89.945
89.873 89.912 89.944
89.859 89.899 89.950
89.736 89.839 89.910
89.866 89.894 89.956
89.844 89.897 89.935
89.803 89.861 89.930
89.797 89.905 89.990
89.778 89.847 89.959
89.764 89.907 89.996
89.829 89.867 89.906
89.840 89.888 89.955
89.851 89.904 89.946
89.824 89.930 90.014
89.855 89.934 89.979
89.840 89.877 89.930
89.762 89.877 89.973
89.872 89.940 90.018
89.877 89.928 89.985
89.868 89.916 89.951
89.818 89.886 89.954
89.791 89.871 89.924
89.747 89.819 89.910
89.841 89.908 89.979
89.802 89.908 89.951
89.886 89.926 89.949
89.884 89.922 89.953
89.814 89.871 89.921
89.864 89.897 89.935
89.873 89.893 89.920
89.752 89.839 89.932
89.821 89.893 89.923
89.796 89.896 89.944
89.856 89.959 90.244
89.865 89.912 89.968
89.823 89.885 89.992
89.835 89.886 89.954
89.881 89.908 89.936
89.753 90.044 90.817
89.810 89.864 89.925
89.844 89.891 89.947
89.880 89.891 89.916
89.878 89.908 89.938
89.916 89.952 89.969
89.795 89.880 89.919
89.784 89.889 89.972
89.852 89.925 89.980
89.811 89.877 89.912
89.814 89.870 89.947
89.845 89.901 89.976
89.901 89.969 90.132
89.743 89.836 89.911
89.813 89.888 89.955
89.876 89.904 89.938
89.753 89.826 89.898
89.824 89.869 89.897
89.851 89.900 89.936
89.762 89.859 89.945
89.736 89.873 89.965
89.852 89.912 89.991
89.795 89.818 89.843
89.933 89.956 89.992
89.862 89.935 89.975
89.862 89.920 89.982
89.847 89.893 89.931
89.808 89.871 89.932
89.815 89.867 89.940
89.877 89.930 89.960
89.841 89.922 89.981
89.843 89.905 89.939
89.759 89.851 89.940
89.870 89.908 89.996
89.884 89.934 89.988
89.848 89.894 89.946
89.876 89.900 89.922
89.759 89.869 89.944
89.825 89.867 89.884
89.869 89.918 89.950
89.841 89.916 89.975
89.862 89.907 89.947
89.822 89.887 89.956
89.763 89.877 89.946
89.791 89.832 89.929
89.806 89.875 89.966
89.838 89.865 89.900
89.815 89.862 89.955
89.772 89.831 89.876
0 0 0
96.073 96.116 96.166
96.018 96.068 96.137
95.983 96.024 96.058
94.836 94.951 95.063
94.825 94.903 95.000
94.860 94.923 95.025
94.894 94.967 95.008
89.731 89.845 89.931
89.879 89.922 89.969
89.780 89.836 89.871
89.750 89.830 89.874
89.884 89.936 89.971
89.893 89.939 89.982
89.792 89.908 89.955
89.783 89.856 89.903
89.821 89.879 89.918
89.762 89.882 89.922
89.770 89.819 89.867
89.770 89.850 89.943
89.840 89.903 89.964
89.780 89.857 89.941
89.836 89.881 89.922
89.810 89.880 89.929
89.775 89.868 89.947
89.810 89.846 89.887
89.809 89.872 89.933
89.837 89.888 89.961
89.845 89.932 90.017
89.803 89.872 89.928
89.796 89.876 89.947
89.746 89.888 89.954
89.787 89.819 89.852
89.837 89.885 89.955
89.833 89.923 89.967
89.804 89.893 89.962
89.799 89.887 89.969
89.841 89.908 89.935
89.848 89.992 90.392
89.875 89.917 89.945
89.747 89.859 89.953
89.792 89.879 89.980
89.818 89.883 89.941
89.811 89.856 89.891
89.775 89.829 89.866
89.790 89.868 89.941
89.836 89.885 89.957
89.829 89.912 89.950
89.735 89.846 89.969
0 0 0
95.989 96.105 96.294
94.878 94.942 95.032
94.859 94.955 94.999
89.846 89.852 89.868
89.726 89.870 89.988
89.816 89.897 89.965
89.807 89.874 89.931
89.756 89.882 89.950
89.823 89.882 89.969
89.846 89.893 89.940
89.856 89.912 89.968
89.874 89.898 89.926
89.882 89.905 89.932
89.865 89.894 89.931
89.885 89.919 89.955
89.828 89.910 89.961
89.793 89.885 89.978
89.810 89.904 89.975
89.878 89.920 89.946
89.869 89.937 89.986
89.878 89.935 89.962
89.819 89.873 89.939
89.739 89.850 89.953
89.839 89.933 89.990
89.762 89.900 89.966
89.869 89.913 89.940
89.749 89.883 89.989
89.852 89.895 89.944
89.826 89.941 89.998
89.853 89.884 89.929
89.822 89.886 89.930
89.792 89.822 89.855
89.846 89.898 89.956
89.792 89.875 89.926
89.844 89.899 89.950
89.812 89.872 89.913
89.842 89.914 89.964
89.863 89.899 89.925
89.781 89.878 89.956
89.828 89.895 89.943
89.841 89.890 89.924
89.838 89.882 89.951
89.846 89.904 89.956
89.812 89.911 90.014
89.828 89.886 89.940
89.834 89.925 90.000
89.820 89.888 89.957
89.798 89.887 89.944
89.838 89.899 89.931
89.814 89.885 89.929
89.856 90.293 91.553
89.838 90.047 90.767
89.900 90.523 92.642
89.859 89.913 89.947
89.849 89.909 89.961
89.847 89.899 89.925
89.824 89.874 89.936
89.811 89.858 89.935
89.865 89.927 89.963
89.838 89.920 89.961
89.874 89.912 89.952
89.770 89.882 89.967
89.860 90.051 90.745
89.826 89.915 89.960
89.787 89.853 89.903
89.781 89.872 89.950
89.880 89.940 89.994
89.900 89.932 89.974
89.868 89.897 89.938
89.882 89.927 89.970
89.804 89.888 89.963
89.758 90.681 94.007
89.898 89.971 90.182
89.772 89.860 89.934
89.864 89.911 89.940
89.838 89.869 89.894
89.788 89.891 89.946
89.889 89.922 89.955
89.833 89.950 90.169
89.824 89.880 89.936
89.719 89.871 89.926
89.833 89.925 89.999
89.800 89.882 89.982
89.795 89.850 89.911
89.828 89.912 89.962
89.770 89.832 89.940
89.886 89.932 89.977
89.690 89.770 89.839
89.801 89.858 89.947
89.854 89.900 89.955
89.898 89.937 89.982
89.807 89.894 89.962
89.782 89.863 89.922
89.826 89.914 89.961
89.830 89.902 89.964
89.878 89.925 89.978
89.782 89.863 89.948
89.802 89.899 89.942
89.868 89.914 89.972
89.851 89.991 90.374
89.839 89.884 89.910
89.701 89.925 90.014
89.809 89.859 89.923
89.758 89.841 89.949
89.773 89.857 89.971
89.770 89.904 89.954
89.810 89.924 90.092
89.826 89.892 89.977
89.751 89.885 89.991
89.758 89.910 89.984
89.818 89.900 90.035
89.862 89.931 89.978
89.831 89.872 89.925
89.754 89.792 89.821
89.830 89.910 90.001
89.883 89.924 89.946
89.807 89.872 89.938
89.857 89.913 89.952
89.835 90.016 90.337
89.883 89.908 89.929
89.860 89.905 89.952
89.774 89.825 89.874
89.783 89.834 89.864
89.862 89.909 89.967
89.798 89.848 89.891
89.793 89.859 89.924
89.716 89.793 89.889
89.802 89.865 89.927
89.768 89.865 89.919
89.712 89.767 89.856
89.827 89.868 89.910
89.783 89.883 89.925
89.865 89.902 89.984
89.862 89.911 89.966
89.741 89.833 89.869
89.876 89.895 89.938
89.807 89.906 89.998
89.836 89.896 89.974
89.793 89.860 89.909
89.851 89.900 89.991
89.761 89.896 89.946
89.876 89.916 89.972
89.859 89.915 89.977
89.794 89.894 89.966
89.887 89.928 89.952
89.756 89.897 89.982
89.703 89.798 89.858
89.797 89.842 89.913
89.804 89.902 89.953
89.831 90.513 93.012
89.827 89.922 90.006
89.905 89.931 89.958
89.824 89.890 89.940
85.960 86.002 86.059
85.956 86.005 86.054
85.976 86.045 86.083
85.958 86.008 86.046
85.937 85.984 86.024
85.960 86.013 86.088
85.937 85.972 85.997
85.905 85.961 86.043
85.975 86.011 86.045
85.910 86.026 86.100
85.903 85.956 85.999
85.963 86.015 86.072
85.927 85.969 85.998
85.923 85.984 86.061
85.965 86.017 86.059
0 0 0
83.245 83.280 83.369
83.216 83.304 83.345
83.245 83.511 84.356
85.914 86.023 86.147
85.914 86.013 86.050
85.900 85.972 86.044
85.920 85.986 86.045
85.983 86.029 86.054
85.968 86.026 86.098
85.949 86.210 86.723
85.960 85.997 86.031
85.957 85.992 86.017
85.961 86.012 86.080
85.928 85.980 86.070
86.006 86.039 86.076
85.803 85.906 86.038
85.927 85.994 86.097
90.991 91.024 91.059
85.970 86.025 86.054
85.947 86.028 86.109
85.882 86.006 86.065
85.852 85.945 86.022
85.896 85.958 86.033
85.907 85.993 86.041
85.926 85.982 86.036
85.908 86.006 86.061
85.977 86.024 86.057
85.935 86.021 86.052
85.907 86.018 86.068
85.927 86.002 86.053
86.035 86.061 86.103
85.914 85.967 86.018
85.928 86.009 86.056
85.937 86.005 86.074
85.922 85.989 86.046
85.824 85.961 86.055
85.816 85.961 86.059
86.011 86.080 86.330
85.904 85.963 86.038
85.918 86.005 86.057
85.891 86.023 86.100
85.916 85.967 86.022
85.899 85.945 85.989
85.819 85.943 86.058
85.939 85.995 86.075
85.942 85.981 86.008
85.884 86.014 86.064
86.032 86.053 86.071
85.944 85.997 86.038
85.939 86.013 86.073
85.866 85.972 86.053
86.002 86.059 86.089
85.869 85.963 86.045
85.922 85.995 86.040
85.945 85.993 86.046
85.942 85.982 86.053
85.882 85.986 86.042
85.919 86.010 86.122
85.901 86.011 86.075
85.885 85.985 86.025
85.913 86.011 86.093
85.938 85.995 86.045
85.904 85.943 85.991
85.909 85.994 86.078
85.937 85.996 86.046
85.946 85.990 86.047
85.976 86.023 86.043
85.904 85.936 85.974
85.886 86.012 86.093
85.975 86.071 86.120
85.920 85.976 86.053
85.959 86.006 86.057
85.871 86.018 86.094
85.900 85.995 86.062
85.880 85.946 86.007
85.960 86.033 86.074
85.998 86.041 86.097
85.830 86.013 86.078
85.964 86.012 86.067
85.983 86.004 86.030
85.846 85.948 86.023
85.885 85.963 86.037
85.912 86.001 86.047
85.908 85.967 86.030
85.854 85.899 85.972
85.951 86.007 86.047
85.986 86.027 86.056
85.917 85.974 86.053
85.953 85.968 85.988
85.810 85.976 86.073
85.921 85.986 86.065
85.937 86.018 86.067
85.912 85.997 86.042
85.928 86.006 86.083
85.965 86.023 86.066
85.900 85.947 85.970
85.857 85.997 86.103
85.961 86.038 86.108
85.849 85.982 86.084
85.965 86.006 86.035
85.888 85.985 86.056
85.954 86.007 86.038
85.946 86.016 86.124
85.962 86.008 86.062
85.981 86.020 86.073
85.963 86.016 86.068
85.904 85.982 86.054
85.929 85.962 86.020
85.890 85.968 86.064
85.855 85.999 86.106
85.981 86.019 86.053
85.934 86.005 86.064
85.935 85.978 86.023
86.003 86.029 86.053
85.891 85.933 85.967
85.923 85.992 86.059
85.927 86.009 86.088
85.925 85.998 86.062
85.887 85.993 86.050
85.950 86.015 86.069
85.971 86.018 86.071
85.997 86.042 86.075
85.954 86.033 86.088
85.911 86.000 86.110
85.858 85.949 86.005
85.929 85.977 86.031
85.893 86.030 86.069
86.002 86.049 86.099
85.875 85.970 86.022
85.861 85.983 86.060
85.955 86.013 86.053
85.917 85.991 86.061
85.918 85.981 86.034
85.917 86.171 86.842
85.975 86.015 86.071
85.945 85.980 86.014
85.984 86.017 86.047
85.910 85.993 86.060
85.876 85.993 86.087
85.914 85.944 86.012
85.853 86.019 86.189
85.952 85.977 86.012
85.967 85.997 86.052
85.928 86.002 86.073
85.865 85.972 86.018
85.987 86.028 86.094
85.911 85.965 86.026
85.896 85.957 86.033
85.929 85.999 86.073
85.974 86.010 86.048
85.989 86.024 86.053
85.957 86.028 86.084
85.955 86.003 86.083
85.892 86.000 86.085
85.913 85.987 86.047
85.981 86.035 86.078
85.893 85.941 86.014
86.021 86.116 86.419
85.933 86.020 86.133
85.879 85.963 86.024
85.871 85.978 86.021
85.965 85.997 86.027
86.001 86.022 86.041
85.880 85.973 86.021
85.964 86.012 86.036
85.960 86.014 86.076
85.907 85.961 86.009
86.045 86.063 86.083
85.800 85.918 86.038
85.825 85.979 86.060
85.940 85.979 86.046
85.898 85.982 86.055
85.868 85.971 86.021
85.952 85.975 85.993
85.838 85.935 85.980
85.974 86.025 86.084
85.933 85.994 86.051
85.966 86.030 86.090
85.904 85.973 86.044
85.904 86.001 86.096
85.972 86.018 86.064
85.923 85.963 86.006
86.004 86.027 86.055
85.844 86.016 86.357
85.960 86.013 86.070
85.859 85.956 86.020
85.994 86.039 86.075
85.943 85.987 86.019
85.896 85.995 86.053
85.923 86.080 86.655
85.959 86.005 86.071
85.990 86.024 86.088
85.896 85.971 86.013
86.024 86.062 86.173
85.933 85.955 85.976
85.898 86.008 86.091
85.869 85.942 86.051
85.850 85.927 86.071
85.873 85.990 86.049
85.953 86.021 86.058
85.981 86.011 86.034
85.890 86.024 86.228
85.959 86.010 86.056
85.908 85.995 86.072
85.924 86.002 86.060
85.870 85.906 85.947
85.933 85.983 86.025
85.835 85.907 85.993
85.875 85.917 85.989
85.954 85.997 86.043
85.922 85.988 86.089
85.973 86.015 86.051
85.966 86.056 86.122
85.887 85.963 86.083
85.969 86.015 86.053
85.890 85.986 86.073
85.853 85.960 86.081
85.859 85.959 86.061
85.903 85.938 86.014
85.953 86.015 86.052
85.933 86.012 86.124
85.846 85.965 86.132
85.871 85.997 86.077
85.868 85.943 86.079
85.895 86.012 86.081
85.997 86.025 86.053
85.883 85.971 86.025
85.921 85.992 86.046
85.970 86.013 86.045
85.896 86.011 86.106
85.986 86.033 86.050
85.977 86.068 86.138
85.960 87.335 88.747
85.998 87.359 88.959
86.016 86.658 88.971
85.875 85.984 86.096
85.918 85.988 86.027
85.857 85.955 86.045
85.887 85.994 86.200
85.950 85.986 86.032
85.876 85.942 86.012
85.911 85.974 86.103
85.997 86.020 86.045
85.900 85.962 86.040
85.870 85.970 86.046
85.903 85.971 86.034
85.866 85.968 86.008
85.951 86.015 86.057
85.953 85.995 86.034
85.889 85.977 86.032
85.982 86.018 86.058
85.949 86.011 86.067
85.944 85.993 86.032
85.908 86.063 86.315
85.821 85.949 86.027
85.972 85.995 86.012
85.825 85.948 86.021
85.863 85.955 86.036
85.953 86.007 86.056
85.991 86.038 86.107
85.926 85.989 86.043
85.910 85.954 86.000
85.910 85.971 86.018
85.917 85.982 86.057
85.935 86.015 86.072
85.912 85.972 86.039
85.912 85.989 86.051
86.016 86.042 86.077
86.006 86.713 89.515
85.898 85.977 86.049
85.958 86.021 86.050
85.910 86.001 86.044
85.916 85.988 86.071
85.937 85.974 86.028
85.887 85.967 86.059
85.852 85.951 85.996
85.977 86.024 86.086
85.906 85.968 86.009
85.872 85.940 86.008
85.880 85.970 86.047
85.946 86.015 86.081
85.863 85.923 85.978
86.041 87.203 88.075
85.931 86.081 86.343
87.805 88.371 88.938
86.000 87.164 88.882
85.892 85.972 86.085
85.894 85.948 86.019
85.978 86.009 86.021
85.974 86.010 86.069
85.978 86.023 86.071
85.974 87.723 88.964
86.007 87.839 88.905
85.896 88.490 90.101
85.892 86.023 86.162
85.977 86.287 87.289
86.011 86.177 86.756
85.901 86.011 86.087
85.966 87.273 88.951
85.944 86.012 86.046
85.898 85.994 86.048
85.957 86.020 86.126
85.985 86.022 86.052
85.867 86.004 86.073
85.884 85.974 86.050
85.888 85.943 86.038
85.900 85.988 86.028
85.907 85.988 86.046
85.974 86.015 86.042
85.991 86.030 86.122
85.873 85.920 85.985
85.955 86.010 86.053
85.991 86.016 86.047
85.934 86.017 86.047
85.867 85.952 86.004
85.945 85.986 86.037
85.941 86.002 86.048
85.964 86.015 86.059
85.904 85.982 86.031
85.903 85.968 86.018
85.902 85.946 85.982
85.839 85.959 86.027
85.907 85.986 86.038
85.910 85.972 86.002
85.859 85.975 86.062
85.959 85.988 86.026
85.977 85.986 86.005
85.901 85.982 86.031
85.890 85.968 86.042
85.891 85.931 85.964
85.927 85.985 86.102
85.964 86.034 86.094
85.970 86.009 86.057
85.987 86.016 86.059
85.889 85.981 86.044
85.927 86.003 86.049
85.911 86.008 86.260
85.902 85.942 85.981
85.934 85.971 86.033
85.854 85.978 86.064
85.902 85.986 86.059
85.885 86.000 86.142
85.942 85.964 85.984
85.896 85.985 86.048
85.936 85.978 86.080
85.972 85.990 86.018
85.897 85.960 86.057
86.028 86.063 86.124
85.909 85.986 86.037
85.935 85.986 86.082
85.906 85.987 86.043
85.833 85.945 86.035
85.943 85.987 86.031
85.806 85.961 86.031
85.903 85.992 86.051
85.923 85.984 86.051
85.961 85.983 86.001
85.895 85.979 86.041
85.830 85.992 86.075
85.867 85.942 85.997
85.904 85.942 85.987
85.855 85.931 86.042
85.918 85.977 86.043
85.964 86.019 86.062
85.968 86.007 86.044
85.997 86.015 86.032
85.924 85.971 86.044
85.943 85.989 86.038
85.886 85.956 86.023
85.912 85.997 86.046
85.874 85.953 86.035
85.947 86.001 86.037
85.939 86.004 86.031
86.003 86.035 86.078
85.952 85.995 86.036
85.858 85.953 86.066
85.892 85.997 86.068
85.909 85.961 86.009
85.978 86.011 86.047
85.857 85.968 86.043
85.954 85.994 86.036
85.981 86.039 86.090
85.965 85.984 86.019
85.907 85.968 86.027
85.980 86.043 86.071
85.896 85.964 86.018
85.880 85.940 86.021
85.914 85.995 86.059
85.970 86.025 86.106
85.934 85.971 86.017
85.912 85.978 86.016
85.930 85.984 86.026
85.924 85.967 86.010
85.941 85.989 86.049
85.862 85.972 86.033
85.903 85.978 86.035
85.939 86.022 86.063
85.875 85.929 85.993
85.809 85.934 86.042
85.998 86.019 86.048
85.892 85.955 86.033
85.908 85.999 86.102
85.894 85.962 85.995
85.809 85.889 85.982
85.928 85.987 86.029
85.930 85.960 85.994
85.909 85.962 86.036
85.861 85.957 86.038
85.827 85.992 86.218
85.870 85.985 86.022
85.852 85.991 86.051
85.910 85.996 86.076
85.906 85.970 86.055
85.895 85.949 86.036
85.861 85.928 85.996
85.821 85.945 86.037
85.949 86.011 86.086
85.979 86.058 86.129
85.925 85.969 86.001
85.862 85.908 85.983
86.018 86.024 86.031
85.846 85.930 86.005
85.996 86.042 86.085
85.977 86.016 86.101
85.938 85.961 85.993
85.893 85.994 86.068
85.913 85.963 86.032
85.906 85.975 86.054
85.927 85.983 86.044
85.944 86.003 86.036
85.934 86.009 86.060
85.954 86.012 86.050
85.856 85.988 86.116
85.920 85.975 86.015
85.879 85.999 86.135
85.941 85.991 86.060
85.929 85.967 86.030
85.881 85.951 86.007
85.956 86.041 86.099
85.890 85.993 86.056
85.838 85.946 86.044
85.881 85.948 86.031
85.937 85.996 86.045
85.992 86.057 86.182
85.914 85.939 86.007
85.919 85.976 86.044
85.883 85.953 86.017
85.922 85.989 86.029
85.882 85.955 86.054
85.983 86.011 86.041
85.876 85.985 86.069
85.910 85.973 86.100
85.896 85.966 86.009
85.887 85.975 86.040
85.945 85.994 86.049
85.930 86.015 86.082
86.007 86.025 86.057
85.884 85.962 86.050
85.804 85.928 86.085
85.959 86.006 86.045
85.893 86.004 86.092
85.967 86.005 86.087
85.950 85.989 86.018
85.983 86.026 86.061
85.860 85.947 86.007
85.939 85.990 86.040
85.834 85.980 86.044
85.982 86.050 86.139
85.979 86.014 86.042
85.853 85.944 86.047
85.916 86.006 86.118
85.891 85.992 86.046
85.943 86.021 86.119
85.891 85.968 86.055
85.930 86.020 86.061
85.808 85.971 86.098
85.935 86.074 86.272
85.937 85.989 86.052
85.979 85.988 86.004
85.908 85.972 86.013
85.932 86.000 86.053
85.903 85.984 86.055
85.937 86.001 86.040
85.890 85.995 86.065
85.984 86.027 86.045
85.969 86.016 86.058
85.949 86.027 86.129
85.887 85.950 85.998
85.956 86.027 86.136
85.922 85.971 86.024
85.857 85.949 86.062
85.932 85.979 86.057
85.967 85.993 86.045
85.932 85.995 86.098
85.921 85.988 86.022
85.912 85.985 86.033
85.934 85.971 86.014
85.961 85.985 86.009
85.890 85.986 86.056
85.895 85.974 86.038
85.963 86.034 86.066
85.937 85.986 86.060
85.970 85.990 86.045
85.849 85.941 86.068
85.965 86.014 86.057
85.911 85.968 86.041
85.991 86.012 86.048
85.793 85.909 85.976
85.898 85.991 86.052
85.911 85.985 86.063
85.932 85.955 86.003
85.983 86.013 86.034
85.753 85.893 86.087
85.935 85.981 86.044
85.890 85.972 86.043
85.854 85.908 86.003
86.033 86.046 86.053
85.892 85.928 85.967
85.951 86.025 86.074
85.981 86.045 86.164
85.908 85.983 86.094
85.974 86.014 86.100
85.969 86.004 86.048
85.894 85.981 86.035
85.971 85.987 86.044
85.938 85.973 86.003
85.982 86.068 86.176
85.946 86.015 86.050
85.913 85.986 86.084
85.892 85.974 86.022
85.857 85.934 86.046
85.902 85.959 86.001
85.973 86.023 86.072
85.883 85.969 86.034
85.949 86.022 86.056
85.976 86.013 86.048
85.910 86.002 86.135
85.897 85.969 86.085
85.891 85.996 86.054
85.864 85.983 86.022
85.903 85.934 85.967
85.925 85.973 86.026
85.904 85.986 86.097
85.942 85.995 86.032
85.814 85.920 86.035
85.939 86.058 86.172
85.972 86.000 86.022
85.938 85.990 86.040
85.928 85.992 86.058
85.895 85.997 86.061
85.928 86.068 86.410
85.814 85.863 85.926
85.962 85.996 86.044
85.911 85.956 86.004
85.955 85.984 86.042
85.856 85.921 85.969
85.910 86.000 86.047
85.945 86.018 86.067
85.948 85.996 86.054
85.886 85.971 86.048
85.962 86.026 86.098
85.934 85.987 86.073
85.952 86.032 86.071
85.800 85.885 85.943
85.934 85.976 86.022
85.948 86.007 86.081
85.846 85.924 85.976
86.007 86.078 86.296
85.903 85.952 86.017
85.927 86.023 86.124
85.936 85.959 86.003
85.925 85.989 86.030
85.745 85.910 86.022
85.854 85.958 86.011
85.903 85.930 85.982
85.906 85.969 86.023
85.917 85.958 85.993
85.963 86.018 86.057
85.989 86.028 86.064
85.959 86.012 86.063
85.888 86.003 86.047
85.885 86.008 86.073
85.864 86.208 87.023
85.978 86.019 86.056
85.946 85.996 86.052
85.882 85.931 86.019
85.908 85.977 86.052
85.917 85.976 86.023
85.855 85.922 86.027
85.896 85.974 86.040
85.931 86.000 86.062
85.905 85.971 86.026
85.942 85.981 86.040
85.896 85.942 86.023
85.861 85.965 86.018
85.967 85.999 86.049
85.922 85.991 86.035
85.990 86.042 86.100
85.908 85.991 86.050
85.888 86.017 86.093
85.815 85.977 86.047
85.936 85.977 86.056
85.910 85.972 86.063
85.936 86.006 86.040
85.908 85.940 85.977
85.939 86.017 86.060
85.910 86.010 86.066
86.001 86.053 86.124
85.897 85.954 86.021
85.870 85.954 86.017
85.931 85.975 86.039
86.005 86.039 86.072
85.901 86.044 86.330
85.997 86.038 86.078
86.015 86.033 86.049
85.852 85.939 86.001
85.915 85.968 86.010
85.959 85.998 86.097
85.918 86.102 86.567
85.992 86.013 86.030
85.925 85.985 86.030
85.807 85.929 86.055
85.866 85.960 86.047
85.892 85.965 85.999
85.975 86.003 86.035
85.894 85.957 85.995
85.928 85.981 86.055
85.913 85.952 85.972
85.941 86.056 86.311
85.876 85.978 86.060
85.882 85.972 86.109
85.940 85.974 86.016
85.908 85.976 86.035
85.849 85.978 86.088
85.877 85.991 86.060
85.876 85.972 86.088
85.857 85.945 85.978
85.895 85.979 86.038
85.924 85.982 86.056
85.906 85.949 86.018
85.910 85.988 86.054
85.937 85.989 86.054
85.958 86.014 86.073
85.968 86.014 86.050
85.931 86.032 86.247
85.894 85.958 86.053
85.922 85.950 86.001
85.864 85.967 86.040
85.875 85.947 86.000
85.928 85.963 86.014
85.962 85.988 86.037
85.915 85.994 86.066
85.900 85.950 86.006
85.938 86.052 86.282
85.917 85.982 86.039
85.926 85.985 86.051
85.908 85.967 86.013
85.853 85.943 85.996
85.887 85.992 86.043
85.897 86.013 86.052
85.893 85.940 86.017
85.959 85.999 86.028
85.930 85.976 86.051
85.917 85.962 86.008
85.860 85.978 86.023
85.859 85.901 85.972
85.915 85.999 86.024
85.879 85.962 86.008
85.903 85.962 86.004
85.884 85.944 86.025
85.959 85.976 85.995
85.925 86.015 86.059
85.904 85.984 86.051
85.838 85.970 86.062
85.919 85.976 86.071
85.981 86.023 86.069
85.971 86.315 87.160
85.906 85.962 86.052
85.929 85.971 86.012
86.010 86.123 86.510
85.885 85.932 86.017
85.790 85.879 85.965
85.932 85.967 85.986
85.897 85.987 86.045
85.875 85.947 86.042
85.890 85.970 86.052
85.823 85.959 86.047
85.990 86.008 86.022
85.954 86.018 86.058
85.887 86.026 86.295
85.942 85.986 86.062
85.979 86.008 86.040
85.833 85.908 85.955
85.923 85.965 85.995
85.940 86.004 86.112
85.868 85.929 85.959
85.964 86.011 86.083
85.975 85.999 86.025
85.850 85.913 85.943
85.955 85.988 86.036
85.899 85.958 86.038
85.913 85.968 86.016
85.917 86.005 86.050
85.937 85.960 85.995
85.912 85.963 86.001
85.949 85.984 86.020
85.924 85.964 86.033
86.014 86.022 86.032
86.010 86.041 86.094
85.859 85.975 86.082
85.878 85.947 85.991
85.819 85.983 86.055
85.865 86.030 86.199
85.937 85.990 86.038
85.794 85.903 85.963
85.842 85.940 86.061
85.966 85.990 86.001
85.876 85.989 86.063
85.895 85.936 85.983
85.916 85.942 85.968
85.986 86.030 86.089
85.870 85.917 85.964
85.867 85.960 86.042
85.955 86.072 86.219
85.960 86.002 86.034
85.898 85.993 86.067
85.866 85.978 86.027
85.847 85.934 86.005
85.901 85.978 86.030
85.879 85.973 86.030
85.931 85.971 86.017
85.895 85.952 85.994
85.996 86.023 86.037
85.952 85.995 86.045
85.857 85.980 86.072
85.856 85.913 85.984
85.868 85.967 86.056
85.899 85.939 85.999
85.826 85.908 85.982
85.907 85.956 86.022
85.764 85.924 86.002
85.966 85.994 86.021
85.951 85.982 86.025
85.834 85.938 86.034
85.868 85.985 86.213
85.951 85.979 86.011
85.890 85.980 86.077
85.820 85.897 85.968
85.882 85.956 86.018
85.962 86.030 86.163
85.823 85.964 86.143
85.894 85.944 85.977
85.933 85.983 86.045
85.928 85.960 85.997
85.820 85.909 85.958
85.970 85.997 86.013
85.951 86.001 86.040
86.000 86.056 86.116
85.940 85.984 86.029
85.917 85.982 86.048
85.908 85.945 85.971
85.895 85.992 86.048
85.865 85.948 85.996
85.859 85.962 86.039
85.888 85.950 86.034
85.894 85.966 86.019
85.855 85.947 85.996
85.962 86.003 86.029
85.869 85.934 86.004
85.943 85.977 86.007
85.896 85.984 86.048
85.976 86.037 86.095
85.900 85.982 86.027
85.961 86.018 86.097
85.955 86.007 86.047
85.862 85.933 85.994
85.824 86.027 86.140
85.869 85.977 86.015
85.933 85.991 86.047
85.883 85.982 86.076
85.864 85.920 85.983
85.886 85.912 85.947
85.936 85.989 86.043
85.948 86.012 86.096
85.932 86.006 86.058
85.877 85.921 85.963
85.871 85.924 86.011
85.922 85.970 86.007
85.953 86.022 86.138
85.963 85.982 85.997
85.926 86.007 86.092
85.880 85.958 86.034
85.867 85.919 85.974
85.931 86.011 86.161
85.841 85.942 85.995
85.996 86.032 86.066
85.895 85.921 85.963
85.901 85.991 86.023
85.972 86.017 86.059
85.906 85.998 86.057
85.865 85.973 86.036
85.980 86.036 86.062
85.823 85.935 86.027
85.968 86.030 86.126
85.869 85.926 85.987
85.927 85.960 86.006
85.929 85.998 86.048
85.881 85.975 86.076
85.815 85.957 86.073
85.852 85.984 86.060
85.917 85.964 86.037
85.917 85.990 86.044
85.963 86.034 86.080
85.908 86.192 86.974
85.863 85.910 85.930
85.900 85.987 86.033
85.866 85.976 86.061
85.938 86.005 86.044
85.867 85.965 85.999
85.930 85.966 86.013
85.979 86.004 86.043
85.805 85.929 86.004
85.951 86.023 86.131
85.923 85.968 86.029
85.933 86.016 86.078
85.836 85.970 86.051
85.979 86.026 86.106
85.937 85.989 86.031
85.944 86.003 86.052
85.845 85.920 86.030
85.825 85.919 85.986
85.878 86.003 86.088
85.923 85.978 86.039
85.988 86.032 86.114
85.912 85.997 86.043
85.846 85.977 86.029
85.986 86.040 86.082
85.961 86.005 86.103
85.912 86.034 86.120
85.928 86.004 86.064
85.978 86.042 86.108
85.882 85.962 86.040
85.964 85.990 86.033
85.901 86.018 86.088
85.913 86.009 86.062
85.942 85.993 86.045
85.922 85.986 86.032
85.897 85.970 86.043
85.873 85.990 86.067
86.010 86.038 86.080
86.005 86.028 86.060
86.000 86.028 86.048
85.940 85.995 86.049
85.970 86.006 86.034
85.969 85.992 86.019
85.897 86.037 86.222
85.887 86.010 86.088
85.945 85.997 86.056
85.880 85.930 85.980
85.966 86.000 86.038
85.957 86.027 86.106
85.953 85.998 86.020
85.920 85.981 86.027
85.850 85.898 85.937
85.846 85.945 86.073
85.885 86.007 86.061
85.909 85.975 86.044
85.991 86.028 86.046
85.867 85.946 86.053
85.889 85.937 86.012
85.988 86.022 86.046
85.953 85.990 86.019
85.871 85.995 86.071
85.898 85.989 86.034
85.911 85.988 86.037
85.898 85.986 86.047
85.998 86.034 86.063
85.877 85.945 86.008
85.839 85.910 86.009
85.830 85.967 86.091
85.882 86.117 86.780
85.926 85.979 86.010
85.897 85.960 86.053
85.929 86.001 86.065
85.921 85.995 86.049
85.821 85.943 86.053
85.855 85.981 86.083
85.930 86.003 86.048
85.904 85.996 86.119
85.893 85.986 86.041
85.879 85.945 86.019
85.836 85.907 85.990
85.925 85.961 86.036
85.991 86.018 86.048
85.884 85.970 86.052
86.000 86.021 86.039
86.003 86.059 86.162
85.962 85.988 86.045
85.952 86.019 86.095
85.886 86.016 86.215
85.951 85.981 86.039
86.012 86.034 86.051
85.889 85.984 86.046
85.927 85.971 86.010
85.905 86.068 86.435
85.958 85.995 86.044
85.952 85.995 86.049
85.900 85.950 86.000
85.905 85.954 86.065
85.955 85.987 86.021
85.958 86.056 86.333
85.914 85.996 86.062
85.876 85.924 86.008
85.979 86.033 86.122
86.001 86.027 86.054
85.989 86.024 86.085
85.955 85.990 86.005
85.835 85.927 86.021
85.875 85.923 86.034
85.893 85.956 86.013
85.888 85.930 85.990
86.010 86.060 86.123
85.922 85.991 86.056
85.873 85.949 86.041
85.911 85.961 86.016
85.921 86.119 86.323
85.897 85.973 86.046
85.892 85.973 86.027
85.930 85.992 86.071
85.936 85.978 86.011
85.918 85.960 86.005
85.959 86.041 86.200
85.934 85.999 86.037
85.888 85.961 86.037
85.978 86.016 86.057
85.882 85.943 86.000
85.880 85.958 86.019
85.952 86.028 86.068
86.003 86.081 86.250
85.913 85.972 86.064
85.845 85.913 85.980
85.933 85.971 86.014
85.976 86.037 86.104
85.930 85.980 86.028
85.863 85.901 85.940
85.898 86.011 86.043
85.925 86.032 86.301
85.995 86.038 86.089
86.008 86.040 86.074
85.824 85.941 86.034
85.926 85.988 86.016
85.916 86.006 86.037
85.923 85.964 86.016
85.939 86.019 86.065
85.893 85.980 86.041
85.938 86.014 86.075
85.918 85.951 85.986
85.906 85.983 86.046
85.953 86.032 86.119
85.954 86.001 86.026
85.891 85.973 86.032
85.963 85.993 86.043
85.954 85.998 86.051
85.929 85.964 86.008
85.962 86.016 86.039
85.933 86.008 86.052
85.844 85.922 86.038
85.869 86.055 86.395
85.868 85.939 86.007
85.934 86.006 86.042
85.899 85.981 86.029
85.857 85.978 86.069
85.934 85.999 86.059
85.943 86.041 86.361
86.003 86.031 86.058
85.901 85.978 86.046
85.953 85.990 86.044
85.882 85.973 86.048
85.852 85.905 85.948
85.978 86.017 86.090
85.914 85.968 86.023
85.907 85.956 86.000
85.950 86.004 86.083
85.985 86.025 86.078
85.849 85.936 86.010
85.899 85.974 86.013
85.941 85.997 86.044
85.919 85.973 86.073
85.962 86.003 86.041
85.970 86.383 87.847
85.950 85.976 86.007
85.868 85.993 86.132
85.904 85.992 86.054
85.927 86.018 86.110
85.948 86.016 86.074
85.932 85.992 86.031
85.969 86.023 86.058
85.910 85.972 86.040
85.966 86.031 86.100
85.989 86.017 86.056
85.937 85.979 86.018
85.927 86.019 86.100
85.993 86.017 86.051
85.850 85.963 86.064
85.925 85.999 86.035
85.970 86.005 86.055
85.916 85.991 86.042
85.949 85.981 86.028
85.903 85.964 85.995
85.958 86.029 86.059
85.925 85.964 86.014
85.881 85.943 86.012
85.898 85.949 85.991
85.954 86.010 86.047
85.940 85.990 86.087
85.972 86.006 86.035
85.917 85.969 86.047
85.894 85.978 86.058
85.889 85.989 86.060
85.932 85.962 86.032
85.856 85.939 86.022
85.866 85.978 86.077
85.869 85.943 86.023
85.915 85.975 86.087
85.928 86.023 86.090
85.899 85.978 86.070
85.983 86.028 86.086
85.864 85.985 86.059
85.966 85.994 86.053
85.920 85.989 86.050
85.780 85.912 86.013
85.886 85.980 86.020
85.930 85.978 86.039
85.938 86.034 86.099
85.938 86.000 86.048
85.862 85.969 86.005
85.960 86.006 86.031
85.931 85.975 86.051
85.896 85.974 86.023
85.901 85.988 86.046
85.887 85.932 85.993
85.897 85.967 86.034
85.879 85.944 86.040
85.902 85.969 86.018
85.907 85.982 86.038
85.968 86.027 86.085
85.914 85.949 86.013
85.935 85.950 85.965
85.910 85.962 86.019
85.961 86.006 86.084
85.931 86.004 86.037
85.889 85.993 86.066
85.905 85.967 86.012
85.942 85.969 86.003
85.898 85.939 85.967
85.838 85.903 85.991
85.839 85.932 86.041
85.923 86.009 86.147
85.949 86.010 86.041
85.946 86.012 86.069
85.938 85.961 86.009
85.803 85.923 85.994
85.888 85.961 86.031
85.979 86.004 86.024
85.913 85.997 86.049
85.901 85.997 86.075
85.905 86.001 86.069
85.895 85.978 86.072
85.908 85.959 85.983
85.986 86.011 86.037
85.919 85.946 86.004
85.985 86.001 86.028
85.888 85.975 86.048
85.962 86.017 86.067
85.892 85.964 86.025
85.915 85.960 86.043
85.853 85.889 85.965
85.966 86.015 86.041
85.917 85.953 85.995
85.957 86.033 86.082
86.007 86.032 86.062
85.827 85.936 86.033
85.945 85.999 86.052
85.960 85.996 86.042
85.922 85.956 86.053
85.954 86.008 86.047
85.916 85.999 86.088
85.920 86.010 86.060
85.887 85.964 85.988
85.886 85.969 86.042
85.902 85.965 86.061
85.874 85.969 86.037
85.888 85.910 85.931
85.881 85.942 86.040
85.980 86.034 86.083
85.924 85.980 86.040
85.889 85.945 86.004
85.943 86.008 86.040
85.850 85.925 86.015
85.905 85.965 86.023
85.904 85.954 86.015
85.894 85.965 86.032
85.930 85.975 86.046
85.891 85.950 86.038
85.936 86.010 86.037
85.886 86.005 86.102
85.923 85.998 86.095
85.882 85.990 86.085
86.001 86.026 86.048
85.885 85.931 86.042
85.989 86.015 86.054
85.934 85.986 86.017
85.968 86.016 86.066
85.940 85.974 86.025
85.860 85.981 86.023
85.933 85.996 86.035
85.998 86.044 86.083
85.936 85.998 86.078
85.925 85.961 86.036
85.961 85.977 85.991
85.935 85.987 86.038
85.904 85.986 86.038
85.900 85.980 86.080
85.890 85.930 85.977
85.954 86.034 86.074
85.869 85.912 85.956
85.910 86.010 86.068
85.843 85.895 85.999
85.977 86.013 86.069
85.998 86.029 86.072
85.878 85.948 86.024
85.858 85.941 86.001
85.953 85.984 86.033
85.908 85.954 86.075
85.891 85.963 86.008
85.836 86.006 86.108
85.951 86.031 86.073
85.940 86.003 86.046
85.956 85.972 86.000
85.910 85.965 86.060
85.953 86.013 86.106
85.933 85.995 86.076
85.883 85.956 86.021
85.860 85.940 85.987
85.856 85.928 86.030
85.912 85.987 86.019
85.902 85.963 86.061
85.971 86.025 86.084
85.971 85.986 86.027
85.906 85.940 85.975
85.920 85.985 86.031
85.954 86.010 86.059
85.968 86.005 86.032
85.874 85.935 85.981
85.934 86.028 86.099
85.879 85.941 86.003
85.839 85.927 86.030
85.979 86.015 86.045
85.963 86.066 86.288
85.956 86.014 86.048
85.896 85.993 86.036
85.925 85.964 85.995
85.881 85.976 86.037
85.896 86.002 86.053
85.897 85.973 86.039
85.942 86.001 86.056
85.916 85.988 86.032
85.918 86.006 86.053
85.843 85.921 85.962
85.939 85.990 86.020
85.848 85.972 86.036
85.982 86.003 86.037
85.955 86.000 86.026
85.920 85.981 86.028
85.896 85.947 86.032
85.917 85.979 86.051
85.950 86.014 86.093
85.858 85.968 86.094
85.886 86.007 86.052
85.979 86.021 86.050
85.875 85.927 86.021
85.922 85.984 86.015
85.888 85.939 85.984
85.953 86.022 86.111
85.922 85.968 86.042
85.919 85.967 86.035
85.922 85.949 85.993
85.933 85.981 86.034
85.916 85.962 86.017
85.905 85.969 86.040
85.939 86.019 86.060
85.900 85.956 86.013
85.895 85.960 86.032
85.884 85.995 86.069
85.939 86.010 86.071
85.919 85.978 86.034
85.967 86.000 86.027
85.921 85.971 86.027
85.914 85.985 86.069
85.931 86.002 86.068
85.942 86.007 86.061
85.842 85.996 86.100
85.918 85.970 86.006
85.954 85.995 86.039
85.907 85.937 85.967
85.954 86.005 86.064
85.894 85.984 86.026
85.937 86.001 86.046
85.970 86.019 86.045
85.996 86.017 86.049
85.963 86.007 86.067
85.975 86.026 86.059
85.837 85.933 85.997
85.863 85.992 86.106
85.963 85.996 86.044
85.902 85.979 86.044
85.967 85.991 86.017
85.925 85.987 86.035
85.959 85.982 86.022
85.910 85.992 86.090
85.997 86.035 86.088
85.904 85.974 86.002
85.901 85.973 86.063
85.894 85.978 86.067
85.875 85.892 85.921
85.960 86.008 86.040
85.950 85.994 86.037
85.926 85.967 86.043
85.877 85.908 85.980
85.925 86.010 86.075
85.907 85.982 86.119
85.923 85.983 86.038
85.925 85.982 86.050
85.925 86.022 86.075
85.977 86.027 86.048
85.908 85.991 86.051
85.921 85.975 86.076
85.966 86.006 86.064
85.956 86.010 86.099
85.909 86.037 86.313
85.922 85.998 86.095
85.907 85.983 86.065
85.930 86.010 86.042
85.913 85.984 86.064
85.945 85.978 86.024
85.891 85.981 86.063
85.989 86.026 86.048
85.892 85.980 86.012
85.899 86.000 86.034
85.983 86.019 86.068
85.894 85.954 85.999
85.971 86.002 86.042
85.873 85.955 86.013
86.008 86.040 86.069
85.957 85.982 85.998
85.933 86.002 86.115
85.857 85.956 86.086
85.896 85.999 86.044
85.887 85.953 85.987
85.864 85.925 85.958
85.887 85.996 86.050
85.923 86.014 86.098
86.008 86.033 86.058
85.907 85.977 86.008
85.951 86.012 86.090
85.844 85.936 85.992
85.966 85.993 86.050
85.876 85.977 86.068
85.884 85.960 86.016
85.887 85.984 86.044
85.940 85.964 86.017
85.883 85.952 86.028
85.903 85.953 86.040
85.865 85.957 86.067
85.953 86.019 86.138
85.992 86.010 86.037
85.934 85.973 86.041
85.919 85.970 86.036
85.880 85.992 86.046
85.894 85.966 86.011
85.916 85.949 85.987
85.844 85.958 86.035
85.881 85.935 85.960
85.928 86.027 86.086
85.849 85.959 86.043
85.977 86.022 86.048
85.810 85.867 85.901
85.848 85.904 85.972
85.966 86.008 86.048
85.887 85.964 86.052
85.940 85.978 86.052
85.945 85.996 86.087
85.829 85.924 86.027
85.963 85.993 86.049
85.912 85.990 86.031
85.918 86.020 86.056
85.845 85.932 86.006
85.933 85.991 86.050
85.917 85.989 86.049
85.998 86.021 86.058
85.867 85.976 86.034
85.842 85.959 86.045
85.894 85.950 85.997
85.904 86.000 86.066
85.900 85.968 86.011
85.861 85.949 85.999
85.943 86.000 86.040
85.801 85.967 86.056
85.841 85.926 86.037
85.917 85.991 86.058
85.907 85.950 86.000
85.943 86.000 86.049
85.844 85.935 86.017
85.979 86.020 86.078
85.954 85.983 86.034
85.833 85.954 86.011
85.952 86.003 86.048
85.874 85.958 86.051
85.941 86.072 86.324
85.856 85.946 86.045
85.961 86.026 86.099
85.837 85.975 86.069
85.885 85.959 86.101
85.917 85.956 85.977
85.957 85.983 86.030
85.907 85.928 85.944
85.930 85.971 86.067
85.968 85.997 86.024
85.884 86.009 86.237
85.957 86.017 86.041
85.946 86.006 86.092
85.949 85.986 86.052
85.947 86.008 86.030
85.908 85.965 86.020
85.931 86.006 86.069
85.896 85.981 86.093
85.922 85.974 86.084
86.009 86.037 86.053
85.817 85.874 85.923
85.891 85.928 86.042
85.944 85.997 86.054
85.906 85.970 86.023
85.801 85.966 86.048
85.984 86.014 86.062
85.861 85.888 85.935
85.933 86.007 86.050
85.940 86.014 86.053
85.842 85.991 86.115
85.940 85.997 86.042
85.909 85.992 86.019
85.890 85.983 86.070
85.989 86.023 86.046
85.974 86.014 86.084
85.915 85.985 86.042
85.956 86.010 86.047
85.859 85.922 85.961
85.859 85.947 86.014
85.894 86.000 86.063
85.907 85.989 86.022
85.962 86.012 86.066
85.923 85.959 86.022
85.916 85.977 86.075
85.872 85.990 86.088
85.867 85.968 86.093
85.872 85.981 86.023
85.870 85.938 85.987
85.858 85.963 86.060
85.923 85.979 86.046
85.867 85.964 86.031
85.927 85.984 86.039
85.943 86.017 86.097
85.880 85.950 86.042
85.849 85.960 86.051
85.909 85.977 86.034
85.914 85.964 86.006
85.906 85.992 86.062
85.909 86.002 86.075
85.953 86.023 86.058
85.951 85.986 86.046
85.862 85.987 86.085
85.904 86.006 86.082
85.970 85.997 86.031
85.927 85.971 86.016
85.925 85.977 86.041
85.886 85.974 86.055
85.938 86.001 86.025
85.902 85.984 86.084
85.864 85.907 85.981
85.851 85.956 86.018
85.917 85.995 86.059
85.839 85.978 86.060
85.865 85.964 86.069
85.963 86.023 86.080
85.991 86.014 86.056
85.955 86.014 86.039
85.877 85.976 86.053
85.919 85.995 86.035
85.924 85.981 86.009
85.928 86.021 86.106
85.947 86.034 86.104
85.976 86.015 86.044
85.829 85.912 85.997
85.897 85.980 86.060
85.874 85.958 85.999
85.852 85.915 85.969
85.852 85.938 85.999
85.964 86.016 86.053
85.975 86.036 86.090
85.961 86.014 86.089
85.899 85.982 86.036
85.875 85.959 85.992
85.905 86.007 86.108
85.927 86.000 86.040
85.930 85.985 86.056
85.844 85.943 86.074
85.890 85.939 86.021
85.915 85.972 86.031
86.017 86.032 86.046
85.924 86.008 86.051
85.959 85.997 86.067
85.781 85.858 85.944
85.981 86.041 86.110
85.903 86.456 88.210
85.868 85.970 86.055
85.870 85.955 86.030
85.901 85.961 86.057
86.027 86.036 86.044
85.915 85.993 86.058
85.923 85.985 86.034
85.943 86.066 86.269
85.917 85.982 86.024
85.987 86.022 86.058
85.816 85.921 86.044
85.857 85.925 85.963
85.944 85.988 86.124
85.885 85.967 86.017
85.948 86.007 86.101
85.921 85.970 86.003
85.887 85.936 86.007
85.979 86.015 86.054
85.962 85.986 86.006
85.933 86.000 86.077
85.867 86.022 86.310
85.985 86.010 86.058
85.918 85.985 86.061
85.914 85.966 86.039
85.947 85.986 86.012
85.925 85.990 86.083
85.944 86.002 86.052
85.877 85.941 86.003
85.937 85.984 86.043
85.938 85.964 86.015
86.011 86.033 86.068
85.883 85.920 85.991
85.845 85.966 86.047
85.934 85.975 86.026
85.867 85.915 85.983
85.823 85.932 86.049
85.935 86.010 86.084
85.965 86.011 86.076
85.920 85.979 86.060
85.968 86.010 86.050
85.930 85.962 85.982
85.903 85.946 85.990
85.966 86.002 86.047
85.966 86.001 86.049
85.918 85.963 85.983
85.933 85.998 86.096
85.911 85.982 86.053
85.824 85.954 86.039
85.913 85.998 86.047
85.908 85.951 85.995
85.876 85.961 86.034
85.926 85.998 86.049
85.884 85.975 86.041
85.929 85.998 86.063
85.894 85.967 86.067
85.924 86.001 86.064
85.988 86.033 86.097
85.870 85.965 86.027
85.890 85.965 86.014
85.836 85.910 85.958
85.929 85.971 86.023
86.012 86.031 86.061
85.887 85.974 86.019
85.994 86.016 86.043
85.931 85.985 86.035
85.813 85.957 86.052
85.908 85.970 86.031
85.895 85.944 85.992
85.797 85.917 85.991
85.960 86.010 86.045
85.912 85.977 86.046
85.885 85.973 86.099
85.963 86.000 86.043
85.958 85.978 86.002
85.948 85.994 86.071
85.953 85.983 86.021
85.948 86.026 86.108
85.955 86.017 86.045
85.966 86.036 86.100
85.965 85.997 86.084
85.903 85.991 86.027
85.906 85.999 86.053
85.915 85.991 86.067
85.909 86.002 86.057
85.976 86.028 86.064
85.920 85.964 86.037
85.949 85.991 86.068
85.909 85.964 86.011
85.972 86.035 86.073
85.852 86.003 86.131
85.954 86.009 86.042
85.902 85.975 86.010
85.868 85.952 86.070
85.911 85.972 86.015
85.981 86.128 86.611
85.880 85.956 86.001
85.979 86.027 86.079
85.788 85.863 85.952
85.919 85.971 86.041
85.956 86.015 86.036
85.973 86.030 86.105
85.959 86.012 86.062
85.890 85.959 86.043
85.872 85.949 86.004
85.986 86.014 86.042
85.915 86.003 86.074
85.891 85.981 86.044
86.020 86.026 86.030
85.915 85.978 86.048
85.925 85.968 86.032
85.953 86.001 86.069
85.860 85.945 86.021
85.996 86.016 86.032
85.956 85.995 86.034
85.936 85.995 86.047
85.886 85.900 85.914
85.972 86.008 86.031
85.974 86.025 86.098
85.947 86.017 86.103
85.849 85.935 86.037
85.970 86.004 86.062
85.977 86.011 86.045
85.964 86.001 86.047
85.851 85.976 86.098
85.890 86.011 86.081
85.835 85.954 86.029
85.921 85.972 86.020
85.887 85.984 86.089
85.906 85.971 86.036
85.909 86.000 86.063
85.948 86.004 86.056
85.912 85.975 86.044
85.871 85.931 85.963
85.877 85.940 85.989
85.913 85.979 86.022
85.963 85.998 86.056
85.947 86.000 86.061
85.844 85.977 86.044
85.889 85.950 85.991
85.915 85.976 86.034
85.916 86.007 86.108
85.982 86.016 86.047
85.957 85.992 86.046
85.946 85.994 86.057
85.915 86.023 86.110
85.911 85.991 86.049
85.909 85.990 86.062
85.955 86.013 86.056
85.931 85.995 86.067
85.979 86.051 86.137
85.899 85.980 86.047
85.883 85.950 86.013
85.958 86.005 86.066
85.963 86.004 86.099
85.929 85.988 86.060
85.972 86.015 86.050
85.903 85.991 86.138
85.917 86.037 86.335
85.902 86.005 86.069
85.955 86.051 86.194
85.958 85.994 86.045
85.883 85.919 86.013
85.919 86.282 87.432
85.975 86.005 86.042
85.989 86.035 86.088
85.831 85.927 85.975
85.874 85.969 86.049
85.974 86.013 86.038
85.931 86.009 86.054
85.899 85.980 86.058
85.891 85.999 86.058
85.948 86.000 86.030
85.918 86.007 86.064
85.892 85.965 86.047
85.923 85.984 86.015
85.971 85.987 86.025
85.846 85.946 86.046
85.904 85.991 86.020
85.809 85.956 86.036
86.009 86.028 86.054
85.865 85.989 86.098
85.902 85.974 86.037
85.885 85.950 86.031
85.916 85.998 86.047
85.863 86.005 86.057
85.974 85.998 86.015
85.972 86.152 86.615
85.891 85.970 86.021
85.932 85.990 86.042
85.943 86.004 86.039
85.966 86.020 86.067
85.904 85.962 85.980
85.998 86.027 86.054
85.876 85.982 86.066
85.933 86.002 86.087
85.806 85.902 85.981
85.926 85.974 86.022
85.930 85.986 86.035
85.915 85.985 86.091
85.890 85.973 86.023
85.970 86.030 86.085
85.859 85.955 86.022
85.886 85.947 85.999
85.872 85.955 86.022
85.912 85.995 86.046
85.991 86.041 86.089
85.925 85.987 86.043
85.853 85.979 86.059
85.869 85.954 86.030
85.904 85.974 86.041
85.868 85.962 86.056
85.893 85.970 86.012
85.856 86.000 86.125
85.838 85.971 86.052
86.021 86.029 86.042
85.909 85.940 85.959
85.925 85.991 86.075
85.893 85.992 86.050
85.948 85.987 86.030
85.971 86.036 86.084
85.859 85.957 86.011
85.972 86.036 86.092
85.878 85.996 86.041
85.974 86.002 86.054
86.001 86.032 86.086
85.898 86.065 86.357
85.888 85.944 86.029
85.978 86.063 86.239
85.913 85.990 86.045
85.878 85.966 86.071
85.886 85.953 86.051
85.911 86.021 86.096
85.968 86.016 86.080
85.950 86.011 86.093
85.887 85.941 86.006
85.856 85.955 86.041
85.903 85.986 86.060
85.988 86.022 86.099
85.919 85.983 86.093
85.928 85.967 86.027
85.883 85.926 85.960
85.954 86.008 86.053
85.940 86.003 86.044
85.946 85.986 86.054
86.003 86.039 86.084
85.967 86.009 86.031
85.870 85.952 86.040
85.899 86.003 86.097
85.954 86.001 86.042
85.981 86.020 86.053
85.924 85.965 86.017
85.919 85.998 86.045
85.856 85.990 86.053
85.923 85.945 85.974
85.904 85.974 86.045
85.875 85.954 86.053
85.896 85.968 86.045
85.907 85.982 86.028
85.888 85.947 86.039
85.924 85.996 86.054
86.030 86.058 86.120
85.905 85.928 85.949
85.972 86.001 86.028
85.902 85.970 86.020
85.899 86.248 87.314
85.919 85.984 86.038
85.942 85.998 86.047
85.968 86.015 86.070
85.982 86.018 86.042
85.896 85.962 86.046
85.957 86.000 86.044
86.004 86.033 86.059
85.960 85.988 86.068
86.018 86.076 86.281
85.906 85.955 86.026
85.954 85.987 86.059
85.877 85.969 86.033
85.903 85.980 86.135
85.938 85.979 86.031
85.999 86.030 86.059
85.867 85.949 86.060
85.949 86.052 86.277
85.976 86.041 86.095
85.836 85.933 85.995
85.903 85.996 86.042
85.874 85.962 86.039
85.915 85.984 86.037
85.904 85.999 86.042
85.957 86.053 86.344
85.823 85.983 86.068
86.001 86.022 86.042
85.913 85.990 86.072
85.917 86.011 86.046
85.923 85.971 86.005
85.906 85.968 86.020
85.937 86.017 86.060
85.922 85.970 86.008
85.916 85.993 86.050
85.864 85.969 86.041
85.934 86.044 86.122
86.012 86.054 86.143
85.942 85.997 86.043
85.839 85.966 86.061
85.914 85.971 86.013
85.826 85.877 85.924
85.885 85.950 86.004
86.008 86.033 86.058
85.904 86.021 86.083
86.006 86.031 86.063
85.869 85.941 85.986
85.961 86.041 86.119
86.000 86.599 88.960
85.870 85.945 86.016
85.929 85.978 86.007
85.957 86.006 86.038
85.955 86.014 86.081
85.964 85.996 86.022
85.880 85.976 86.042
85.931 85.998 86.028
85.971 86.019 86.073
85.932 85.993 86.062
85.946 85.993 86.073
85.924 85.988 86.014
85.901 86.132 86.656
85.942 85.984 86.034
85.922 85.960 85.990
85.870 85.994 86.045
85.842 85.934 86.033
85.987 86.013 86.032
85.946 85.984 86.036
85.960 86.000 86.056
85.905 85.969 86.025
85.810 85.956 86.211
85.927 85.950 85.974
85.885 85.944 86.013
85.832 85.900 85.963
85.853 85.948 86.005
85.990 86.030 86.090
85.941 85.990 86.030
85.855 85.910 85.952
85.840 85.949 86.043
85.920 85.940 85.964
85.908 85.987 86.076
85.923 85.964 86.045
85.802 85.933 86.052
85.885 85.968 86.059
85.914 85.989 86.021
85.924 85.967 85.995
85.859 85.981 86.049
85.923 86.212 87.137
85.866 85.929 85.968
85.918 85.956 86.065
85.927 85.976 86.008
85.908 85.974 86.022
85.893 85.943 86.056
85.943 85.980 86.004
85.974 86.044 86.091
85.963 86.025 86.061
85.917 85.980 86.059
85.865 85.970 86.046
85.941 85.996 86.039
85.863 85.971 86.054
85.951 85.989 86.033
85.946 86.008 86.063
85.866 85.977 86.034
85.922 85.946 85.974
85.888 85.958 86.037
85.955 85.978 86.020
85.867 85.943 85.991
85.893 85.971 86.033
85.873 85.963 86.030
85.925 85.972 86.019
85.894 85.955 86.032
85.885 85.945 86.002
85.861 85.913 85.956
85.875 85.945 85.992
85.859 85.926 86.062
85.767 85.914 85.997
85.942 85.970 86.003
85.862 85.919 86.043
85.843 85.915 85.998
85.942 85.987 86.023
85.943 86.047 86.366
85.918 85.998 86.025
85.814 85.970 86.038
85.910 85.955 85.983
85.863 85.947 86.036
85.881 85.944 86.019
85.912 85.988 86.042
85.887 85.976 86.020
85.907 85.995 86.070
85.881 85.957 86.032
85.847 85.923 86.023
85.949 85.980 86.027
85.854 85.961 86.054
85.831 85.943 85.998
85.852 85.989 86.123
85.921 85.981 86.057
85.860 85.960 86.152
85.858 85.962 86.061
85.963 86.006 86.061
85.919 85.956 86.040
85.832 85.944 86.020
85.886 85.973 86.037
85.878 85.989 86.067
85.909 85.954 86.030
85.864 85.979 86.038
85.928 86.001 86.036
85.904 85.976 86.063
85.901 85.932 85.991
85.857 85.981 86.045
85.932 85.969 86.004
85.966 86.028 86.067
85.919 85.976 86.059
85.845 85.969 86.054
85.878 85.924 85.995
85.948 85.994 86.034
85.941 85.994 86.102
85.859 85.987 86.053
85.807 85.879 85.928
86.022 86.055 86.143
85.893 85.968 86.055
85.750 85.931 86.067
85.835 85.920 86.000
85.850 85.938 86.014
85.857 85.916 85.950
85.929 85.982 86.067
85.967 85.995 86.035
85.892 85.988 86.082
85.992 86.010 86.036
85.964 86.016 86.043
85.927 85.975 86.035
85.817 85.922 86.026
85.855 85.961 86.024
85.934 85.972 86.042
85.934 86.002 86.037
85.880 85.912 85.954
85.894 85.959 86.049
85.974 86.027 86.062
85.867 85.932 85.985
85.951 85.984 86.019
85.903 86.005 86.090
85.931 85.985 86.061
85.947 85.973 86.020
85.824 85.936 86.035
85.948 85.995 86.033
85.970 86.008 86.041
85.925 85.980 86.009
85.859 85.986 86.049
85.943 85.978 86.016
85.932 85.980 86.022
85.852 85.985 86.039
85.799 85.947 86.041
85.906 85.980 86.083
85.910 85.976 86.060
85.896 86.008 86.084
85.957 85.988 86.016
85.895 86.003 86.181
85.845 85.982 86.044
85.856 85.930 85.986
85.924 85.993 86.033
85.919 86.011 86.079
85.876 85.968 86.039
85.896 85.951 86.068
85.930 85.982 86.047
85.905 85.961 86.041
85.930 85.991 86.019
85.974 86.020 86.068
85.853 85.914 85.978
85.942 85.975 86.007
85.991 86.020 86.050
85.959 86.023 86.068
85.954 86.017 86.068
85.900 85.978 86.071
85.974 86.022 86.103
85.878 85.938 85.994
85.848 85.898 85.944
85.919 85.975 86.029
85.883 85.964 86.058
85.879 85.931 85.991
85.911 85.978 86.050
85.900 85.965 86.006
85.931 85.976 86.044
85.830 85.925 85.992
85.930 85.945 85.987
85.866 85.933 86.000
85.920 85.974 86.007
85.933 85.985 86.026
85.936 85.989 86.039
85.917 85.954 86.038
85.928 85.981 86.038
85.799 85.832 85.855
85.790 85.869 85.916
85.997 86.026 86.050
85.921 85.984 86.033
85.928 85.983 86.071
85.923 86.040 86.373
85.962 86.009 86.065
85.903 85.944 86.002
85.836 85.904 85.985
85.836 85.937 86.017
85.893 85.953 86.019
85.921 85.986 86.053
85.844 85.958 86.097
85.887 85.967 86.010
85.782 85.950 86.064
85.958 85.997 86.041
85.938 85.998 86.040
85.812 85.889 86.040
85.854 85.953 86.002
85.927 85.987 86.045
85.976 86.027 86.065
85.929 85.995 86.056
85.844 85.938 86.021
85.932 86.003 86.069
85.960 86.014 86.080
85.873 85.972 86.122
85.901 85.949 86.016
85.784 85.941 86.047
85.894 85.953 86.009
85.804 85.929 86.010
85.908 85.957 86.043
85.943 86.000 86.042
85.920 85.998 86.068
85.855 85.902 85.969
85.940 85.985 86.052
85.867 85.929 86.086
