311.841 311.885 311.918
311.809 311.909 312.094
311.867 311.905 311.971
311.831 311.871 311.949
311.816 312.148 313.246
311.860 311.900 312.012
311.881 312.291 313.794
311.822 311.851 311.907
311.796 311.851 311.917
311.780 311.872 312.008
311.819 311.912 311.953
311.870 311.901 311.951
311.851 311.907 312.063
311.850 311.962 312.285
311.824 311.878 311.968
311.874 312.097 312.935
311.824 311.908 312.012
311.850 311.885 311.922
311.824 311.896 312.030
311.847 311.892 311.958
311.832 311.968 312.229
311.871 311.895 311.937
311.876 311.915 311.980
311.862 311.916 311.977
311.869 312.972 313.759
311.866 311.900 311.973
311.832 312.049 312.607
311.923 312.019 312.193
311.859 311.907 311.961
311.804 311.881 311.987
311.897 311.927 311.984
311.815 311.898 311.974
311.844 311.891 311.984
311.847 311.892 311.955
311.830 312.435 314.439
311.835 311.884 311.962
311.844 311.909 311.978
311.830 311.920 312.181
311.862 311.902 312.003
311.874 312.086 312.829
311.833 311.878 311.982
311.826 311.975 312.334
311.860 312.497 314.422
311.851 311.914 311.985
311.830 311.882 311.979
311.861 311.967 312.081
311.852 312.260 313.824
311.900 311.960 312.147
311.862 312.111 312.963
311.830 311.872 311.903
311.890 311.908 311.935
311.857 312.126 312.971
311.860 311.942 312.032
311.810 311.863 311.950
311.865 311.889 311.938
311.842 311.909 312.011
311.795 311.866 312.003
311.860 311.881 311.905
311.847 311.961 312.236
311.852 311.925 312.026
311.867 311.889 311.912
311.847 312.681 315.820
311.849 311.919 312.061
311.830 311.950 312.183
311.847 311.942 312.141
311.855 311.874 311.902
311.877 312.057 312.524
311.831 311.895 311.992
311.857 312.091 312.926
311.831 311.865 311.907
311.804 311.866 311.968
311.848 312.034 312.670
311.863 312.072 312.638
311.891 312.099 312.331
311.823 311.893 311.935
311.828 311.924 312.102
311.790 311.889 312.035
311.827 311.993 312.303
311.839 312.049 312.393
311.835 311.885 311.976
311.858 311.896 311.984
311.821 311.947 312.064
311.823 311.881 311.923
311.873 312.065 312.536
311.782 311.883 311.959
311.803 311.865 311.937
311.857 312.154 313.146
311.828 311.890 311.984
311.831 311.895 312.035
311.899 311.959 312.081
311.863 312.016 312.484
311.780 311.842 311.882
311.817 312.454 314.622
311.869 312.085 312.863
311.834 311.888 311.998
311.824 311.869 311.925
311.839 311.870 311.916
311.817 311.889 311.998
311.853 311.882 311.938
311.861 311.890 311.927
311.813 311.856 311.901
311.825 311.860 311.883
311.836 312.237 313.607
311.760 311.869 312.069
311.823 311.869 311.949
311.818 311.892 311.958
311.828 311.903 312.055
311.859 311.932 312.042
311.845 311.866 311.894
311.869 312.051 312.414
312.049 313.347 314.385
311.813 311.873 311.948
311.791 311.871 311.941
311.830 311.864 311.905
311.823 312.146 313.262
311.809 312.148 313.235
311.851 311.895 311.935
311.845 311.920 312.086
311.825 311.883 312.047
311.826 311.900 312.106
311.797 311.850 311.983
311.840 311.880 311.927
311.817 311.864 311.913
311.825 312.118 313.215
311.838 311.937 312.007
311.846 311.894 311.974
311.875 311.968 312.238
311.876 312.041 312.606
312.190 313.343 315.623
311.822 311.891 311.952
311.846 311.936 312.233
311.842 311.862 311.908
311.807 311.888 311.984
311.828 311.990 312.558
311.822 312.471 314.947
311.863 311.876 311.900
311.864 312.104 312.980
311.802 311.852 311.930
311.846 311.892 311.991
311.857 311.910 311.982
311.806 311.881 311.972
311.838 311.898 311.991
311.837 311.888 311.957
311.825 311.889 311.973
311.821 311.873 311.925
311.867 311.915 312.010
311.832 311.864 311.908
311.802 311.945 312.229
311.795 311.854 311.967
311.857 311.906 311.992
311.807 311.886 312.058
311.781 311.899 312.183
311.852 311.870 311.928
311.846 311.918 312.006
311.813 311.850 311.920
311.857 312.079 312.804
311.824 311.872 311.895
311.847 311.875 311.898
311.847 311.908 311.982
311.824 311.900 311.964
311.869 311.947 312.235
311.766 311.880 312.027
311.818 311.894 312.053
311.837 311.893 312.008
311.874 312.565 314.308
311.871 311.904 311.938
311.838 311.969 312.388
311.822 311.887 311.981
311.817 311.846 311.877
311.864 311.884 311.919
311.849 311.961 312.282
311.807 311.853 311.904
311.820 311.884 311.949
311.862 311.884 311.898
311.828 312.078 312.956
311.810 311.918 312.059
311.786 311.843 311.918
311.820 312.085 312.997
311.837 311.874 311.914
311.852 311.916 312.006
311.820 311.866 311.916
311.891 311.934 311.985
311.811 311.877 312.002
311.848 311.931 312.211
311.842 311.960 312.169
311.807 312.015 312.508
311.823 311.864 311.954
311.855 311.864 311.871
311.835 312.161 312.946
311.839 312.317 313.767
311.878 311.977 312.184
311.867 311.896 311.941
311.862 311.948 312.189
311.832 311.893 311.995
311.847 311.892 311.995
311.852 311.881 311.906
311.822 311.897 312.062
311.881 311.978 312.282
311.833 311.874 311.928
311.830 311.939 312.316
311.829 312.142 313.101
311.789 311.862 311.937
311.827 311.869 311.898
311.815 312.168 313.416
311.832 311.887 311.963
311.816 311.878 311.976
311.853 311.872 311.892
311.818 311.858 311.911
311.812 311.847 311.918
311.866 311.936 312.068
311.825 312.011 312.661
311.840 311.904 311.973
311.864 312.067 312.741
311.836 312.010 312.561
311.844 311.934 312.038
311.857 311.932 312.047
311.811 311.867 311.954
311.905 313.017 313.701
311.840 311.894 311.960
311.855 311.898 311.960
311.835 311.893 311.977
311.832 312.122 313.052
311.827 312.055 312.722
311.798 311.855 311.909
311.838 311.900 311.994
311.827 311.890 311.969
311.822 311.872 311.972
311.819 311.916 312.215
311.800 311.880 312.055
311.803 311.946 312.317
311.772 311.841 311.912
311.842 312.115 313.077
311.827 311.857 311.934
311.783 311.867 311.937
311.850 311.887 311.940
311.832 311.878 311.959
311.785 311.872 311.929
311.831 311.872 311.926
311.860 312.081 312.768
311.816 311.862 311.903
311.805 311.827 311.872
311.833 311.865 311.902
311.840 311.861 311.897
311.791 311.867 312.010
311.838 311.854 311.883
311.812 311.857 311.888
311.794 311.866 311.932
311.807 311.849 311.906
311.849 311.918 311.998
311.840 311.905 311.956
311.889 311.924 311.996
311.788 311.863 311.903
311.827 311.868 311.926
311.825 311.872 311.978
311.858 311.895 311.962
311.792 311.861 311.960
311.823 311.897 312.015
311.807 311.856 311.883
311.838 311.898 311.966
311.801 311.846 311.905
311.819 311.841 311.892
311.836 311.863 311.903
311.757 311.847 312.025
311.873 311.921 312.011
311.813 311.881 312.070
311.794 311.876 312.084
311.854 311.900 311.934
311.817 311.847 311.895
311.807 311.866 311.984
311.823 311.855 311.919
311.820 311.871 311.980
311.825 311.982 312.345
311.844 311.856 311.874
311.806 311.864 311.983
311.805 311.842 311.887
311.830 311.856 311.903
311.824 311.874 311.914
311.821 311.878 311.959
311.806 311.849 311.900
311.840 311.877 311.931
311.836 311.934 312.253
311.801 311.861 311.906
311.804 311.850 311.906
311.782 311.936 312.319
311.796 311.883 312.051
311.839 311.924 312.169
311.863 311.883 311.916
311.869 311.912 311.958
311.764 311.859 312.001
311.858 311.966 312.207
311.827 311.855 311.876
311.794 311.846 311.947
311.836 311.905 311.995
311.800 311.853 311.940
311.837 311.869 311.942
311.834 311.861 311.882
311.832 312.036 312.769
311.803 311.890 311.989
311.783 311.882 311.978
311.806 311.860 311.957
311.802 311.937 312.191
311.787 311.835 311.917
311.830 311.878 311.929
311.858 311.883 311.911
311.820 311.879 312.007
311.822 311.856 311.890
311.818 311.868 311.917
311.823 312.194 313.496
311.782 311.837 311.888
311.831 311.894 311.976
311.775 311.931 312.376
311.806 311.846 311.935
311.843 311.853 311.867
311.812 311.872 311.915
311.824 311.880 311.959
311.806 311.836 311.871
311.814 311.854 311.946
311.821 311.899 311.983
311.857 311.893 311.960
311.866 312.127 312.967
311.796 311.829 311.851
311.786 311.845 311.910
311.855 311.888 311.922
311.815 311.917 312.191
311.839 311.867 311.934
311.819 311.862 311.922
311.841 311.861 311.916
311.806 311.871 311.959
311.827 311.875 311.923
311.812 311.870 311.948
311.844 311.865 311.902
311.866 312.127 312.881
311.826 311.892 311.986
311.839 312.092 312.880
311.833 311.845 311.867
311.814 311.908 311.984
311.832 311.850 311.923
311.823 311.880 311.926
311.818 311.977 312.402
311.831 311.884 311.950
311.847 312.068 312.762
311.808 311.987 312.560
311.840 311.870 311.932
311.816 311.994 312.381
311.851 311.888 311.915
311.809 312.838 314.599
311.835 311.874 311.958
311.810 311.871 311.957
311.814 311.898 312.040
311.802 311.850 311.889
311.808 311.862 311.940
311.815 311.868 311.999
311.821 311.873 311.984
311.815 311.879 311.987
311.851 311.892 311.953
311.853 311.899 311.954
311.841 311.852 311.865
311.835 311.896 311.972
311.850 311.977 312.424
311.837 311.881 311.999
312.362 312.901 313.497
311.780 311.860 311.925
311.827 312.023 312.732
311.849 311.988 312.405
311.797 312.575 313.901
311.864 311.905 311.941
311.790 311.869 311.919
311.805 311.872 311.972
311.837 311.882 311.984
311.786 312.067 313.076
311.808 311.858 311.921
311.865 311.895 311.944
311.789 311.834 311.873
311.866 311.879 311.893
311.797 311.890 311.969
311.860 311.909 311.971
311.805 311.845 311.892
311.802 311.846 311.863
311.851 311.903 312.076
311.824 311.870 311.910
311.811 311.999 312.554
311.768 311.921 312.232
311.831 312.030 312.343
311.820 312.983 314.825
311.854 311.954 312.206
311.828 312.115 313.137
311.788 311.876 311.992
311.823 311.855 311.906
311.791 311.930 312.250
311.843 311.951 312.124
311.844 311.903 311.944
311.842 311.890 311.951
311.842 311.909 311.964
311.844 311.912 311.974
311.851 311.927 312.168
311.807 311.856 311.929
311.805 311.873 311.950
311.802 311.844 311.935
311.829 311.880 311.949
311.832 311.948 312.115
311.834 311.902 312.003
311.829 311.901 311.951
311.819 312.374 314.427
311.836 311.931 312.118
311.821 311.938 312.307
311.870 312.217 313.121
311.824 311.854 311.893
311.841 311.895 311.991
311.833 311.910 311.998
311.805 311.854 311.895
311.797 311.856 311.943
311.850 312.577 315.456
311.803 311.867 311.978
311.816 311.860 311.877
311.783 311.891 311.991
311.819 311.993 312.510
311.798 311.855 311.920
311.861 312.324 313.626
311.786 312.003 312.646
311.770 311.868 311.964
311.847 311.889 311.961
311.770 311.836 311.890
311.812 311.856 311.898
311.862 311.891 311.945
311.783 311.838 311.915
311.802 311.875 311.937
311.860 311.899 312.000
311.807 311.884 311.994
311.822 311.861 311.911
311.832 311.884 311.946
311.825 311.929 312.153
311.843 311.898 312.043
311.856 311.886 311.916
311.863 311.895 311.934
311.822 311.872 311.934
311.833 311.875 311.956
311.837 311.878 311.921
311.804 311.875 311.927
311.758 311.854 311.930
311.811 311.840 311.888
311.853 312.052 312.525
311.821 311.868 311.970
311.808 312.092 313.082
311.849 311.951 312.225
311.849 311.916 312.057
311.803 311.955 312.395
311.857 311.959 312.162
311.807 311.869 312.025
311.779 311.848 311.877
311.847 311.889 311.957
311.811 312.135 313.285
311.844 311.967 312.080
311.808 311.950 312.167
311.813 311.829 311.856
311.831 311.887 311.954
311.826 311.913 312.052
311.818 311.886 311.959
311.802 311.873 311.969
311.814 311.899 312.079
311.795 311.842 311.864
311.827 311.867 311.955
311.817 311.877 311.985
311.844 311.889 311.961
311.809 311.881 312.021
311.838 311.863 311.929
311.827 311.875 311.953
311.860 312.034 312.238
311.824 311.856 311.908
311.798 311.894 312.113
311.862 311.907 311.983
311.890 312.105 312.874
311.854 311.906 311.958
311.818 311.862 311.913
311.846 311.886 311.942
311.839 311.875 311.920
311.809 311.849 311.913
311.801 311.840 311.887
311.861 311.913 312.008
311.809 311.903 312.103
311.799 311.860 311.932
311.854 311.896 311.980
311.827 312.053 312.801
311.877 311.906 311.962
311.823 311.889 312.034
311.858 312.061 312.596
311.809 311.865 311.945
311.826 311.905 312.036
311.856 311.880 311.892
311.823 312.125 313.027
311.786 311.860 312.020
311.849 311.903 311.980
311.824 311.841 311.856
311.800 312.067 312.986
311.868 311.884 311.906
311.830 311.863 311.897
311.852 311.878 311.907
311.808 311.973 312.501
311.821 311.939 312.229
311.865 311.885 311.919
311.788 311.829 311.866
311.853 312.134 313.204
311.845 312.021 312.657
311.854 311.899 311.981
311.807 311.848 311.961
311.830 311.884 312.005
311.752 311.847 311.984
311.803 311.918 312.258
311.851 311.900 311.987
311.884 311.907 311.951
311.852 311.898 312.002
311.827 311.887 312.012
311.865 311.904 311.963
311.842 311.993 312.379
311.797 311.892 311.997
311.809 311.926 312.210
311.846 311.904 312.007
311.816 311.837 311.873
311.837 311.984 312.338
311.810 311.908 312.172
311.837 311.875 311.909
311.813 311.827 311.843
311.860 312.497 313.798
311.815 311.854 311.936
311.824 311.859 311.906
311.824 312.260 313.834
311.851 311.907 311.989
311.796 311.879 312.000
311.851 311.903 311.964
311.853 311.893 311.958
311.871 311.901 311.927
311.828 311.959 312.159
311.815 311.881 311.993
311.827 311.888 311.931
311.793 311.900 312.036
311.830 311.867 311.915
311.820 311.848 311.896
311.845 311.875 311.929
311.822 311.872 312.034
311.816 311.857 311.909
311.857 311.973 312.242
311.803 311.859 311.903
311.832 312.017 312.621
311.857 311.895 311.961
311.831 311.894 311.955
311.788 311.962 312.449
311.842 311.884 312.019
311.790 311.841 311.892
311.792 311.955 312.426
311.822 311.876 311.906
311.873 311.886 311.901
311.805 311.926 312.287
311.817 311.865 311.899
311.779 311.848 311.934
311.794 312.383 314.540
311.839 311.888 311.935
311.828 311.895 312.009
311.816 311.870 311.914
311.824 311.902 312.011
311.832 312.001 312.599
311.868 311.946 312.050
311.829 311.994 312.549
311.863 311.898 311.970
311.801 311.871 311.960
311.839 311.898 311.978
311.840 311.869 311.903
311.807 311.865 311.908
311.805 312.176 313.434
311.872 311.957 312.173
311.865 311.919 311.999
311.839 311.920 311.962
311.864 311.882 311.909
311.812 312.053 312.763
311.830 312.433 314.756
311.842 311.901 312.007
311.864 312.497 314.919
311.848 312.153 313.056
311.802 311.866 311.903
311.842 311.893 312.013
311.856 312.050 312.680
311.856 312.030 312.467
311.844 311.896 311.939
311.847 311.927 312.092
311.890 311.948 312.011
311.821 311.861 311.967
311.804 312.141 313.197
311.837 311.993 312.444
311.836 311.922 312.022
311.895 311.907 311.918
311.827 312.159 313.268
311.823 311.859 311.923
311.867 311.910 312.022
311.992 313.495 315.548
311.816 311.889 311.963
311.841 311.881 311.960
311.801 312.038 312.704
311.769 311.856 311.913
311.854 311.910 311.956
311.837 311.886 312.000
311.849 311.885 311.917
311.847 311.886 312.004
311.855 312.021 312.563
311.840 311.882 311.905
311.781 311.838 311.940
311.874 311.929 312.015
311.825 312.025 312.688
311.793 311.868 311.908
311.830 311.903 311.966
311.816 311.880 311.965
311.806 311.886 311.988
311.841 311.907 311.975
311.807 311.906 312.084
311.788 311.872 311.949
311.850 312.543 315.009
311.830 311.897 312.021
311.847 311.889 311.937
311.835 311.897 312.037
311.829 311.869 311.915
311.825 311.873 311.944
311.829 311.890 312.028
311.791 312.490 314.929
311.839 311.879 311.975
311.847 311.868 311.877
311.810 312.049 312.875
311.808 311.856 311.915
311.805 311.868 311.913
311.860 311.900 311.917
311.818 311.898 311.969
311.824 311.907 312.002
311.822 311.941 312.314
311.860 312.112 313.035
311.893 311.935 311.966
311.803 312.000 312.581
311.859 311.931 312.156
311.857 311.889 311.916
311.819 311.852 311.905
311.808 311.988 312.524
311.808 311.877 311.960
311.829 311.871 311.953
311.844 311.874 311.924
311.864 311.957 312.046
311.808 311.873 312.018
311.873 311.897 311.937
311.833 311.874 311.917
311.838 311.897 312.009
311.851 311.986 312.361
311.842 311.886 312.001
311.838 311.874 311.927
311.837 311.880 311.930
311.807 311.887 311.974
311.857 311.908 311.981
311.843 311.872 311.899
311.837 311.893 311.931
311.848 311.902 311.966
311.836 311.878 311.910
311.856 311.907 312.033
311.810 311.936 312.116
311.896 312.639 315.509
311.867 311.895 311.926
311.870 311.893 311.916
311.837 311.887 311.942
311.888 311.929 312.031
311.812 312.190 312.877
311.828 311.881 312.008
311.839 311.917 311.997
311.857 311.890 311.987
311.798 311.930 312.088
311.851 312.173 313.229
311.816 311.856 311.887
311.840 311.897 312.042
311.831 311.929 312.020
311.843 311.884 311.938
311.837 312.089 312.966
311.864 311.913 311.965
311.829 311.889 311.939
311.864 311.885 311.911
311.850 311.866 311.876
311.860 311.887 311.982
311.850 311.941 312.186
311.814 312.141 313.202
311.895 311.928 311.967
311.817 311.990 312.570
311.865 311.897 311.938
311.824 312.487 314.960
311.842 311.870 311.913
311.871 311.908 311.944
311.806 311.875 311.920
311.836 311.904 311.947
311.836 312.058 312.735
311.868 311.900 311.973
311.805 311.860 311.879
311.836 311.913 312.045
311.841 311.992 312.459
311.844 311.865 311.894
311.837 311.890 311.974
311.841 311.889 311.949
311.848 311.922 311.977
311.854 312.148 313.207
311.828 311.917 312.102
311.827 312.878 314.796
311.858 311.919 312.063
311.803 311.873 311.935
311.801 311.873 311.914
311.866 312.039 312.592
311.852 311.977 312.360
311.813 311.853 311.920
311.827 311.861 311.926
311.798 311.865 311.957
311.866 312.265 313.025
311.840 311.883 311.926
311.817 311.989 312.572
311.782 311.853 311.884
311.813 311.864 311.945
311.808 311.873 311.923
311.804 311.869 311.954
311.841 311.894 311.938
311.820 311.869 311.926
312.016 313.199 314.762
311.819 311.887 312.002
311.848 311.889 311.965
311.850 311.976 312.138
311.867 311.933 312.026
311.823 311.881 311.944
311.891 312.261 313.551
311.827 311.891 312.002
311.832 311.895 312.037
311.788 311.868 312.007
311.820 311.868 312.001
311.818 311.856 311.957
311.839 311.903 311.970
311.850 311.899 312.015
311.837 311.887 311.949
311.918 312.697 314.251
311.844 311.943 312.269
311.857 311.896 311.953
311.839 311.878 311.969
311.845 311.901 311.990
311.823 311.868 311.927
311.871 312.656 314.084
311.822 311.890 312.002
311.824 311.886 311.949
311.790 312.023 312.693
311.822 311.889 311.959
311.813 311.867 311.950
311.849 311.905 311.968
311.836 311.886 311.969
311.800 311.853 311.891
311.856 311.898 311.938
311.852 311.934 312.028
311.811 311.986 312.352
311.787 311.867 311.923
311.807 311.851 311.895
311.853 312.011 312.482
311.820 311.868 311.890
311.819 311.867 311.923
311.848 311.958 312.205
311.834 311.913 312.027
312.102 312.614 313.529
314.115 315.687 318.582
312.283 313.091 314.578
311.876 311.921 312.036
311.877 311.904 311.972
311.803 311.886 311.945
311.836 311.918 312.052
311.843 311.859 311.897
311.831 311.877 311.928
311.906 311.983 312.165
311.877 311.901 311.930
311.779 311.947 312.340
311.831 311.866 311.931
312.105 312.974 314.788
311.861 311.882 311.915
311.859 311.904 311.960
311.891 311.920 311.973
311.880 311.927 312.008
311.811 311.860 311.908
311.842 311.858 311.876
311.861 311.978 312.215
311.867 311.916 312.032
311.852 311.912 311.962
311.800 311.952 312.231
311.806 311.889 312.005
311.837 311.877 311.933
311.797 311.868 311.979
311.813 311.932 312.060
311.858 311.941 312.090
311.857 311.962 312.313
311.851 311.890 311.995
311.833 311.965 312.261
311.841 311.880 311.948
311.834 312.036 312.624
311.825 311.856 311.872
311.798 311.838 311.906
311.830 311.888 311.986
311.808 311.900 311.982
311.862 311.914 312.011
311.816 311.933 312.199
311.872 311.894 311.918
311.844 311.862 311.873
311.780 311.854 311.956
311.848 311.882 311.957
311.856 311.913 311.984
311.874 312.332 313.117
311.856 312.172 313.323
311.832 311.903 311.977
311.844 311.900 311.961
311.903 311.955 312.038
311.847 311.917 311.986
311.851 311.914 311.981
311.864 312.146 312.689
311.832 311.886 311.983
311.827 311.938 312.105
311.824 311.897 311.984
311.831 311.878 311.970
311.812 311.861 311.886
311.831 311.871 311.920
311.824 311.880 311.914
311.846 311.893 311.953
311.826 312.238 312.947
311.953 313.165 315.996
462.285 462.285 462.285
311.902 312.152 312.519
311.877 313.011 315.243
311.847 311.877 311.928
311.850 311.904 311.991
311.809 311.863 311.929
311.843 311.904 312.041
311.835 312.095 312.977
311.865 311.918 312.013
311.821 311.849 311.875
311.862 311.891 311.923
311.818 311.858 311.897
335.032 335.461 336.162
311.800 311.851 311.891
311.821 311.902 311.986
311.824 311.867 311.937
311.793 311.880 311.958
311.805 311.865 311.929
311.860 311.883 311.950
311.827 311.872 311.906
311.815 311.867 311.925
311.829 311.909 312.035
311.845 311.898 312.015
311.891 311.963 312.138
311.848 311.883 311.981
311.818 311.875 311.966
311.813 311.863 311.920
311.848 311.909 311.959
311.860 311.902 311.922
311.830 311.941 312.232
311.846 311.907 311.979
311.874 311.923 312.020
311.835 311.913 311.997
311.841 311.937 312.214
311.864 311.901 311.950
311.811 311.884 311.933
311.858 311.869 311.878
311.833 312.838 315.689
311.817 311.851 311.904
311.852 311.908 312.016
311.826 312.004 312.529
311.868 311.955 312.046
311.850 311.880 311.939
311.846 312.030 312.662
311.869 311.927 311.995
311.855 311.908 311.945
311.867 311.937 312.020
311.836 312.003 312.570
311.824 311.920 312.225
311.808 311.872 311.970
311.823 311.899 311.951
311.873 311.925 311.961
311.862 311.929 311.992
311.791 311.866 311.924
311.843 311.896 311.947
311.832 311.856 311.891
311.857 311.912 312.002
311.827 311.860 311.935
311.835 311.885 311.936
311.800 311.892 312.074
311.826 311.877 311.917
311.830 311.877 311.956
311.841 311.873 311.901
311.836 311.900 311.946
311.877 311.936 312.000
311.853 311.989 312.265
311.865 311.958 312.111
311.860 311.899 311.999
311.900 312.013 312.334
311.827 311.877 311.920
311.845 311.959 312.039
311.805 311.875 311.955
311.851 311.918 312.020
311.819 311.939 312.322
311.837 311.881 311.941
311.847 311.879 311.927
311.820 311.973 312.435
311.865 311.886 311.907
311.815 311.894 312.068
311.820 311.939 312.224
311.828 312.112 313.185
311.841 311.957 312.334
311.837 311.894 311.956
311.917 311.979 312.132
311.853 312.408 314.214
311.831 311.873 311.904
311.808 311.922 312.096
311.838 311.889 311.931
311.808 311.863 311.915
311.834 312.382 314.403
311.877 311.962 312.081
311.841 311.879 311.935
311.826 312.145 313.213
311.819 311.869 311.970
311.802 311.854 311.954
311.834 311.901 311.977
311.858 311.889 311.948
311.847 311.976 312.298
311.882 311.929 311.982
311.807 311.848 311.894
311.847 311.910 311.964
311.787 311.858 311.900
311.844 312.058 312.654
311.866 311.923 312.028
311.834 312.106 313.049
311.881 311.917 311.987
311.856 311.893 311.929
311.840 311.866 311.902
311.862 311.922 312.107
311.814 311.900 311.953
311.853 311.948 312.129
311.866 311.908 311.980
311.848 311.882 311.927
311.808 311.883 312.006
311.865 311.913 311.990
311.821 311.878 311.906
311.869 312.355 313.662
311.841 311.879 311.904
311.951 311.986 312.063
311.827 311.903 312.008
311.821 311.913 311.974
311.801 311.883 311.984
311.828 311.875 311.954
311.837 311.883 311.921
311.875 312.122 313.079
311.870 311.922 311.976
311.842 312.019 312.541
311.785 311.876 311.972
311.936 311.993 312.097
311.801 312.035 312.622
311.860 312.349 314.044
311.795 311.873 311.907
311.829 311.900 311.968
311.854 312.029 312.592
311.822 311.980 312.370
311.836 311.906 312.000
311.822 311.879 311.961
311.827 311.874 311.977
311.826 312.020 312.432
311.839 311.902 311.978
311.847 311.900 312.022
311.854 311.880 311.918
311.800 311.922 312.279
311.865 311.915 312.049
311.848 311.866 311.889
311.843 312.781 315.716
311.835 311.865 311.952
311.823 311.979 312.455
311.821 311.902 312.058
311.862 311.904 311.975
311.837 311.877 311.903
311.853 311.917 311.979
311.812 311.884 311.939
311.817 311.970 312.334
311.831 312.028 312.520
311.882 311.969 312.196
311.830 311.872 311.925
311.831 311.873 311.896
311.837 311.880 311.932
311.806 311.866 311.933
311.880 312.123 313.004
311.859 311.876 311.899
311.825 311.876 311.898
311.825 312.326 314.199
311.833 311.962 312.337
311.868 312.352 313.366
311.845 311.881 311.947
311.837 311.861 311.887
311.791 311.857 311.918
311.824 311.865 311.910
311.824 312.350 314.239
311.830 311.892 312.004
311.829 311.870 311.954
311.811 311.845 311.869
311.802 311.899 312.035
311.851 311.972 312.284
311.856 312.282 313.292
311.803 311.882 311.938
311.827 311.950 312.313
311.844 311.938 312.039
311.874 311.925 312.073
311.799 311.876 311.982
311.832 311.925 312.234
311.817 311.855 311.890
311.798 311.905 312.134
311.818 311.869 312.003
311.806 311.867 311.969
311.784 311.862 311.940
311.754 311.847 311.924
311.802 311.919 312.241
311.823 311.962 312.409
311.827 311.873 311.985
311.887 312.203 313.168
311.832 311.904 312.046
311.886 313.038 314.976
311.848 312.065 312.757
311.843 311.882 311.920
311.825 311.919 312.016
311.810 311.895 312.044
311.804 311.869 311.942
311.848 311.878 311.924
311.831 311.860 311.901
311.854 311.943 312.203
311.817 311.837 311.868
311.825 311.860 311.897
311.806 311.935 312.335
311.828 311.906 311.983
311.840 311.862 311.897
311.801 312.310 314.023
311.837 311.883 311.971
311.809 311.902 312.154
311.816 312.109 313.075
311.845 311.893 312.037
311.820 311.895 311.997
311.834 312.606 315.548
311.836 311.931 312.037
311.810 311.861 311.984
311.805 311.876 311.942
311.856 311.957 312.257
311.828 311.952 312.319
311.815 311.895 311.982
311.824 311.851 311.915
311.814 311.949 312.352
311.825 311.870 311.908
311.827 311.875 311.921
311.785 312.021 312.840
311.822 311.859 311.901
311.825 311.871 311.907
311.886 312.079 312.749
311.243 311.358 311.704
311.243 311.300 311.428
311.303 311.325 311.354
311.285 311.330 311.417
311.278 311.306 311.395
311.843 311.948 312.117
311.830 312.120 313.023
311.791 312.321 314.221
311.839 311.891 311.978
311.842 311.869 311.918
311.268 311.334 311.478
311.257 311.312 311.380
311.216 311.323 311.451
311.232 311.285 311.345
311.259 311.337 311.506
311.830 311.870 311.949
311.837 311.865 311.887
311.804 311.862 311.915
311.818 311.902 312.104
311.768 311.854 311.954
311.848 312.506 314.905
311.828 311.848 311.870
311.850 311.875 311.922
311.801 311.844 311.925
311.822 311.849 311.864
311.815 311.884 311.983
311.808 311.902 312.129
311.861 311.883 311.922
311.833 311.877 311.934
311.790 311.861 311.961
311.815 311.842 311.898
311.807 311.866 311.930
311.862 312.047 312.293
311.794 311.935 312.211
311.804 311.962 312.464
311.785 312.274 312.967
311.795 311.873 311.958
311.825 311.882 311.950
311.826 311.880 311.967
311.768 311.841 311.911
311.825 311.874 311.931
311.858 311.891 311.935
311.817 311.858 311.895
311.823 311.898 312.063
311.828 311.870 312.007
311.834 311.941 312.108
311.833 311.879 311.939
311.789 311.851 311.923
311.828 311.863 311.929
311.849 312.151 313.263
311.811 312.064 312.944
311.814 311.897 311.997
311.812 311.906 311.963
311.811 311.989 312.557
311.829 311.864 311.948
311.820 311.855 311.887
311.837 311.885 311.937
311.824 311.897 312.091
311.818 311.868 311.935
311.817 311.860 311.906
311.809 311.867 311.936
311.812 311.873 311.973
311.826 311.884 311.948
311.844 311.871 311.912
311.822 312.049 312.633
311.818 311.877 311.918
311.779 312.328 313.641
311.797 312.027 312.635
311.848 311.950 312.267
311.826 311.959 312.394
311.855 311.922 312.125
311.788 311.846 311.911
311.809 312.052 312.696
311.862 311.949 312.211
311.826 311.863 311.889
311.839 311.914 312.048
311.814 312.013 312.264
311.772 311.942 312.412
311.871 312.057 312.706
311.832 311.888 311.937
311.882 311.941 312.099
311.827 311.871 311.965
311.841 312.087 312.814
311.809 312.088 312.726
311.808 311.871 311.937
311.860 312.594 315.381
311.834 311.855 311.889
311.836 311.897 311.984
311.832 311.855 311.899
311.833 311.875 311.928
311.869 311.937 312.028
311.850 311.889 311.929
311.858 311.916 311.970
311.830 311.918 312.126
311.815 311.881 311.960
311.815 312.050 312.741
311.806 311.867 311.956
311.813 311.858 311.963
311.795 311.856 311.941
311.855 311.887 311.972
311.807 311.890 312.067
311.872 311.915 312.005
311.851 312.147 313.203
311.874 311.917 312.037
311.912 312.015 312.194
311.827 311.884 311.981
311.804 311.887 312.031
311.820 311.887 311.931
311.815 311.892 312.021
311.779 311.897 312.149
311.802 311.892 311.979
311.864 311.916 311.991
311.840 311.949 312.119
311.812 311.863 311.912
311.835 311.871 311.945
311.866 312.506 314.516
311.798 312.160 313.331
311.812 311.841 311.893
311.801 311.920 312.322
311.804 311.872 311.981
311.829 311.852 311.870
311.829 311.955 312.171
311.828 311.851 311.882
311.844 312.873 314.408
311.824 312.049 312.640
311.841 311.865 311.900
311.780 311.874 312.044
311.773 311.923 312.351
311.790 311.944 312.316
311.793 311.850 311.900
311.810 311.972 312.194
311.803 311.902 312.031
311.833 312.210 313.468
311.824 311.898 311.982
311.798 311.860 311.935
311.816 311.970 312.331
311.870 311.980 312.298
311.817 311.894 311.984
311.793 311.858 311.951
311.779 311.824 311.886
311.790 311.873 311.976
311.819 311.848 311.882
311.799 311.893 312.115
311.809 311.848 311.881
311.940 313.842 314.790
311.869 311.943 312.097
311.827 311.853 311.905
311.830 311.895 311.959
311.846 311.919 312.051
311.842 311.879 311.910
311.788 311.873 311.998
311.831 311.916 312.170
311.821 312.217 313.577
311.814 312.052 312.893
311.814 311.880 311.978
311.847 311.909 312.020
311.841 311.927 312.010
311.809 311.869 311.930
311.843 311.897 312.014
311.851 311.929 312.039
311.794 311.989 312.399
311.846 311.901 311.981
311.820 311.913 312.082
311.843 311.873 311.918
311.820 312.050 312.775
311.831 311.895 311.939
311.819 311.881 312.095
311.853 311.883 311.908
311.829 311.919 312.017
311.800 311.939 312.195
311.847 311.883 311.927
311.810 311.889 312.026
311.844 311.909 311.976
311.853 311.898 311.994
311.803 311.908 312.198
311.800 311.987 312.597
311.832 312.157 312.630
311.816 311.945 312.343
311.811 311.906 311.993
311.801 311.869 311.934
311.870 313.300 315.806
311.850 311.974 312.319
311.790 312.191 313.326
311.846 311.872 311.915
311.807 311.845 311.889
311.809 311.871 311.967
311.812 311.877 311.942
311.879 311.948 312.021
311.839 311.886 311.925
311.828 311.988 312.531
311.866 312.074 312.761
311.779 311.847 311.989
311.892 312.451 314.580
311.841 311.879 311.934
311.802 311.906 312.089
311.846 312.310 314.057
311.824 311.951 312.291
311.782 311.864 311.943
311.822 311.976 312.443
311.853 312.046 312.579
311.780 311.849 311.897
311.827 311.957 312.299
311.819 311.847 311.901
311.854 311.882 311.919
311.867 311.889 311.911
311.862 311.892 311.949
311.834 311.869 311.907
311.868 311.982 312.322
311.850 311.876 311.933
311.832 311.900 311.956
311.833 311.868 311.938
311.793 311.951 312.290
311.852 311.922 312.091
311.862 311.899 311.929
311.823 311.885 311.958
311.869 311.926 312.124
311.828 311.906 312.121
311.868 311.894 311.931
311.840 311.902 312.036
311.856 311.936 312.138
311.853 311.872 311.890
311.837 311.890 311.962
311.810 311.867 311.915
311.836 311.865 311.907
311.835 311.883 311.952
311.815 311.859 311.891
311.847 311.872 311.926
311.810 311.984 312.488
311.837 311.881 311.955
311.857 312.325 314.076
311.814 311.853 311.897
311.886 311.920 311.962
311.839 311.870 311.917
311.827 311.861 311.904
311.851 311.897 311.963
311.825 311.885 311.916
311.825 311.858 311.929
311.827 311.861 311.904
311.780 311.861 312.000
311.815 311.881 311.995
311.825 311.893 312.113
311.823 311.857 311.906
311.805 311.859 311.904
311.842 311.888 311.976
311.849 312.143 312.919
311.857 311.933 312.072
311.843 311.888 311.954
311.805 311.847 311.950
311.852 311.896 311.973
311.827 311.912 312.067
311.817 311.854 311.909
311.823 311.886 311.937
311.822 311.880 311.945
311.857 311.883 311.909
311.834 311.864 311.890
311.804 311.859 311.909
311.809 311.864 311.916
311.819 312.264 313.989
311.812 311.857 311.902
311.835 311.892 311.992
311.824 311.870 311.941
311.804 311.915 312.132
311.808 311.874 311.918
311.821 312.056 312.691
311.796 311.853 311.904
311.822 311.897 312.126
311.907 311.967 312.092
311.814 311.886 312.078
311.831 311.909 311.986
311.853 311.887 311.924
311.829 311.942 312.219
311.837 311.883 311.920
311.780 311.950 312.393
311.808 311.989 312.480
311.817 312.760 315.742
311.788 311.874 311.916
311.880 312.287 313.872
311.830 311.895 311.927
311.833 311.948 312.391
311.811 311.880 312.005
311.833 311.886 311.995
311.838 312.160 313.326
311.887 311.908 311.966
311.815 311.859 311.900
311.832 311.875 311.946
311.814 311.883 311.924
311.836 312.151 313.244
311.839 311.884 311.959
311.861 311.900 311.975
311.831 311.879 311.960
311.814 311.875 311.947
311.799 311.896 312.019
311.817 311.872 311.917
311.819 311.878 311.923
311.858 311.882 311.926
311.834 311.910 312.082
311.858 311.921 312.049
311.850 311.888 311.951
311.869 312.191 313.148
311.827 311.920 312.108
311.841 311.891 311.929
311.848 311.957 312.257
311.833 311.883 311.966
311.851 311.872 311.903
311.815 311.892 311.972
311.798 311.844 311.892
311.824 311.890 311.955
311.817 311.974 312.383
311.823 311.889 311.994
311.811 312.064 312.687
311.831 311.948 312.257
311.821 311.864 311.888
311.790 311.865 311.924
311.828 311.889 311.963
311.816 311.851 311.876
311.833 311.870 311.919
311.809 311.866 311.928
311.823 311.894 312.021
311.775 311.851 311.938
311.827 311.894 312.093
311.810 311.917 312.221
311.846 311.881 311.936
311.861 311.898 311.962
311.829 312.210 313.372
311.812 311.867 311.954
311.869 311.989 312.398
311.867 311.926 311.960
311.806 311.856 311.900
311.832 311.909 311.948
311.822 311.872 311.926
311.855 312.015 312.609
311.854 311.895 311.963
311.872 311.896 311.969
311.879 311.930 311.980
311.855 311.877 311.933
311.816 311.852 311.910
311.860 311.905 311.949
311.851 311.896 311.950
311.769 311.877 312.101
311.852 311.878 311.912
311.826 311.875 311.992
311.842 311.877 311.909
311.854 312.464 314.738
311.811 311.870 311.908
311.828 311.889 311.962
311.769 311.840 311.919
311.836 311.887 311.941
311.830 312.009 312.619
311.843 311.863 311.890
311.831 311.895 311.977
311.829 311.863 311.922
311.824 311.879 311.989
311.839 311.896 311.987
311.818 311.870 311.926
311.821 311.874 311.989
311.871 311.960 312.231
311.838 311.866 311.914
311.848 311.948 312.172
311.808 311.891 312.062
311.832 312.661 314.204
311.794 311.869 311.930
311.798 311.869 311.909
311.841 311.869 311.968
311.853 311.873 311.905
311.840 311.887 311.947
311.837 311.906 312.079
311.816 311.878 311.956
311.824 311.886 311.965
311.837 311.884 311.943
311.858 311.881 311.912
311.834 311.923 312.143
311.797 312.089 312.639
311.805 312.649 315.827
311.778 311.866 311.997
311.833 311.875 311.914
311.809 311.881 311.987
311.821 311.892 311.989
311.844 311.916 312.005
311.819 311.877 311.955
311.818 311.923 312.179
311.819 311.877 311.975
311.890 311.927 311.981
311.845 312.047 312.835
311.852 311.907 311.981
311.823 311.922 312.135
311.868 311.899 311.944
311.834 311.872 311.911
311.847 312.008 312.560
311.841 311.892 311.952
311.838 312.236 313.580
311.832 311.892 312.005
311.878 312.458 314.468
311.807 311.896 312.025
311.801 311.917 312.048
311.831 311.852 311.883
311.830 311.869 311.902
311.815 311.862 311.951
323.495 327.245 331.712
319.646 329.264 333.309
332.631 333.220 333.665
311.825 311.925 312.165
311.838 311.884 311.938
311.827 311.890 311.949
311.833 311.911 311.963
335.067 335.610 335.963
311.833 311.875 311.934
311.853 311.893 311.918
311.834 311.930 312.222
311.862 311.912 311.960
311.846 311.892 311.916
311.845 311.913 311.989
333.468 335.260 335.986
312.304 326.107 331.922
332.625 332.980 333.336
311.834 311.871 311.905
311.843 311.883 311.904
311.863 311.921 312.050
311.833 311.872 311.924
311.828 311.915 312.067
311.849 311.915 311.958
311.853 312.188 312.764
311.846 312.178 313.069
311.846 312.057 312.773
311.854 311.933 312.024
311.861 311.879 311.902
311.825 311.884 311.939
311.844 311.887 312.009
311.800 311.888 311.980
311.858 311.896 311.949
311.857 311.904 311.992
311.785 311.844 311.889
311.881 311.923 311.963
311.786 311.895 312.073
311.881 311.976 312.290
311.838 311.873 311.907
311.823 311.883 311.906
311.816 312.142 313.231
311.842 312.017 312.532
311.821 311.858 311.884
311.821 311.922 312.076
311.783 311.885 312.058
311.797 311.863 311.896
311.802 311.854 311.884
311.871 311.921 311.985
311.831 311.868 311.913
311.807 311.890 312.023
311.852 311.864 311.887
311.828 311.885 311.923
311.824 311.867 311.968
311.842 312.074 312.863
311.840 312.029 312.475
311.853 312.001 312.436
311.840 311.896 311.990
311.858 311.914 311.998
311.868 312.128 313.053
311.831 311.894 311.983
311.795 312.030 312.730
311.802 312.109 313.127
311.858 311.901 311.962
311.819 311.866 311.936
311.845 311.904 311.951
311.835 311.895 312.023
311.873 311.903 311.966
311.859 311.882 311.929
311.850 311.899 311.974
311.799 311.908 312.151
311.866 311.900 311.937
311.851 311.889 312.001
311.900 312.165 313.083
311.826 311.872 311.921
311.855 311.909 311.989
311.861 311.927 312.041
311.835 312.104 312.863
311.843 311.873 311.946
311.908 311.991 312.269
311.863 311.889 311.917
311.858 311.896 311.985
311.869 311.906 311.939
311.862 311.888 311.942
311.832 311.886 312.006
311.888 312.031 312.467
311.823 311.885 311.950
311.807 311.867 311.950
311.840 311.896 311.961
311.825 312.009 312.546
311.847 311.896 311.938
311.850 311.886 311.942
311.824 311.872 311.956
311.814 312.261 313.718
311.814 311.911 311.953
311.838 311.868 311.891
431.847 443.554 460.527
311.812 311.853 311.915
311.791 311.893 312.037
311.852 311.883 311.913
311.856 311.878 311.912
311.809 311.892 312.030
311.853 311.892 311.946
311.854 311.881 311.905
311.842 311.903 311.957
311.873 312.234 313.539
311.865 311.891 311.946
312.386 313.024 313.626
311.804 311.920 312.151
311.840 311.883 311.949
311.923 311.968 312.017
311.853 311.897 311.937
311.872 311.992 312.427
311.853 311.904 311.998
311.825 311.907 311.960
311.870 311.911 311.950
311.838 311.867 311.929
311.862 311.907 311.966
311.830 311.898 311.950
311.862 311.913 312.012
311.845 311.897 311.968
311.836 311.941 312.246
311.864 311.919 312.025
311.844 311.928 312.160
311.827 311.871 311.951
311.861 311.892 311.989
311.897 312.159 312.977
311.854 312.523 313.885
311.837 311.887 311.921
311.820 311.930 312.042
311.833 311.868 311.907
311.861 311.914 312.029
311.769 311.886 311.935
311.838 312.373 314.356
311.876 311.910 311.954
311.822 311.889 311.932
311.854 311.898 311.934
311.898 311.949 312.002
311.878 311.889 311.906
311.798 311.862 311.933
311.840 311.908 311.978
311.880 311.910 311.978
311.838 311.893 312.047
311.844 311.945 312.100
311.900 311.940 311.972
311.836 311.882 311.936
311.872 311.901 311.940
311.813 311.868 311.956
311.824 311.890 311.960
311.857 312.032 312.552
311.867 311.915 311.963
311.857 311.891 311.910
311.836 311.875 311.926
311.864 311.915 311.991
311.861 312.050 312.604
311.877 311.906 311.935
311.844 311.883 311.973
311.790 311.862 311.886
311.828 311.880 311.931
311.822 311.926 312.131
311.846 311.881 311.940
311.872 312.029 312.592
311.811 311.953 312.223
311.859 311.922 312.034
312.001 312.194 312.520
311.822 312.390 313.300
311.941 312.060 312.209
311.823 311.929 312.034
311.905 312.148 312.913
311.892 312.021 312.116
311.853 311.881 311.958
311.847 312.070 312.717
311.842 311.875 311.906
311.857 311.930 312.050
311.904 312.006 312.155
311.927 312.002 312.127
311.880 311.922 312.032
311.798 311.876 311.939
311.894 311.928 311.983
311.850 311.977 312.169
311.911 311.986 312.230
311.830 311.870 311.910
311.861 311.931 312.054
311.817 311.922 312.192
311.861 312.062 312.550
311.857 311.900 311.956
311.818 311.965 312.330
311.881 311.929 311.961
311.825 311.873 311.904
311.832 311.966 312.302
311.802 312.154 312.990
311.820 312.937 313.961
311.917 311.954 312.032
311.796 312.028 312.380
311.849 311.968 312.146
311.865 311.968 312.211
311.880 311.932 312.026
311.863 311.985 312.302
311.803 311.888 311.950
311.858 311.950 312.090
311.829 311.959 312.213
311.842 311.888 311.957
311.857 312.005 312.331
311.866 311.925 311.992
311.807 312.135 312.587
311.865 312.119 312.867
311.816 311.985 312.424
311.836 311.878 311.923
311.924 312.060 312.248
311.855 311.946 312.212
311.843 311.913 312.054
311.865 311.917 312.050
311.851 311.915 311.999
311.783 311.862 311.927
311.870 311.929 311.959
311.859 312.112 312.666
311.826 311.877 312.006
311.870 312.044 312.405
311.877 311.912 311.962
311.814 311.974 312.346
311.864 311.915 311.997
311.878 312.048 312.269
311.819 312.153 313.262
311.886 311.928 311.970
311.865 312.130 312.929
311.826 311.921 312.168
311.768 311.873 311.947
311.859 311.900 311.945
311.875 311.905 311.934
311.814 311.882 311.992
311.847 311.984 312.184
311.821 311.906 311.983
311.824 311.926 312.008
311.862 311.951 312.034
311.819 311.871 311.900
311.886 311.916 311.949
311.861 311.933 312.105
311.863 311.894 311.939
311.844 311.883 311.953
311.818 311.915 312.014
311.853 311.900 311.945
311.856 311.986 312.274
311.848 311.919 312.134
311.796 311.923 312.194
311.888 311.943 312.122
311.827 311.876 311.925
311.826 311.901 311.962
311.838 311.898 311.939
311.855 311.880 311.900
311.826 311.909 311.988
311.863 311.923 312.034
311.879 311.916 311.962
311.850 311.907 311.975
311.857 312.098 312.985
311.872 312.172 313.208
311.841 311.876 311.918
311.862 311.883 311.903
311.822 311.885 311.955
311.860 311.923 311.989
311.827 311.887 311.944
311.855 312.013 312.426
311.850 311.897 311.965
311.860 311.899 311.957
311.860 311.877 311.899
311.840 311.921 312.061
311.842 312.212 313.446
311.822 311.879 311.959
311.859 311.900 311.979
311.812 311.913 311.976
311.883 312.093 312.844
311.829 311.946 312.317
311.885 311.945 311.995
311.832 311.896 312.008
311.859 313.266 315.808
311.874 311.897 311.935
311.845 311.909 311.981
311.803 311.850 311.891
311.889 311.899 311.909
311.876 311.916 311.990
311.860 311.901 311.940
311.810 311.876 311.999
311.839 311.888 311.936
311.867 311.894 311.944
311.864 311.906 312.019
311.843 311.911 311.966
311.821 311.924 312.024
311.953 313.131 315.777
311.823 311.916 312.089
311.861 311.914 312.075
311.870 311.909 311.945
311.831 311.926 312.059
311.852 311.878 311.902
311.837 312.024 312.575
311.823 311.874 311.932
311.813 311.951 312.281
311.842 311.882 311.919
311.803 311.964 312.427
311.851 311.886 311.917
311.834 311.980 312.332
311.868 311.931 312.026
311.833 311.902 311.991
311.862 311.877 311.902
311.854 311.882 311.921
311.852 311.906 312.025
311.864 311.913 312.070
311.796 311.962 312.330
311.816 311.900 312.052
311.790 311.899 312.059
311.835 311.868 311.932
311.870 311.922 312.044
311.862 311.924 312.022
311.854 311.889 311.949
311.856 311.893 311.956
311.823 311.893 311.993
311.862 312.250 312.993
311.865 311.906 312.003
311.830 311.878 311.926
311.834 311.993 312.610
311.871 312.084 312.588
311.835 311.997 312.535
311.849 311.906 312.043
311.860 311.889 311.911
311.873 312.114 312.981
311.812 311.885 311.979
311.823 311.905 312.000
311.815 312.090 313.016
311.833 311.856 311.899
311.870 312.164 312.939
311.848 311.889 311.934
311.818 311.886 311.942
311.850 311.875 311.949
311.803 311.860 311.898
311.815 312.280 312.929
311.842 311.939 312.032
311.809 311.883 311.978
311.875 311.970 312.251
311.804 312.004 312.464
311.851 311.982 312.184
311.915 312.147 312.949
311.856 311.913 312.025
311.853 311.886 311.928
311.815 311.856 311.940
311.836 311.881 312.002
311.844 311.963 312.220
311.820 312.309 314.031
311.846 311.898 311.999
311.843 311.892 311.968
311.811 312.023 312.635
311.810 311.884 311.993
311.839 311.925 311.960
311.829 311.862 311.943
311.841 312.010 312.559
311.847 311.881 311.924
311.842 312.106 313.036
311.858 311.883 311.902
311.892 311.914 311.971
311.846 311.880 311.943
311.808 311.855 311.902
311.820 311.874 311.934
311.856 311.936 312.041
311.806 311.885 311.990
311.865 311.880 311.915
311.862 311.941 312.206
311.871 311.919 312.017
311.851 311.885 311.930
311.839 311.935 312.039
311.826 311.873 311.952
311.834 312.063 312.837
311.836 312.160 313.309
311.859 311.893 311.970
311.829 311.890 311.959
311.813 312.243 313.851
311.825 311.858 311.883
311.812 311.890 312.021
311.849 311.880 311.917
311.800 311.860 312.024
311.857 311.920 312.004
311.854 311.922 312.102
311.865 311.989 312.275
311.817 311.881 311.915
311.827 311.875 311.936
311.816 311.869 311.941
311.854 312.130 313.056
311.791 311.893 311.954
311.828 311.889 311.956
311.857 311.926 312.015
311.866 311.914 312.047
311.860 312.286 313.919
311.796 311.861 311.949
311.826 312.212 313.450
311.822 311.882 311.949
311.855 311.881 311.911
311.855 311.883 311.926
311.810 311.999 312.640
311.844 311.865 311.892
311.862 311.887 311.929
311.827 311.876 311.950
311.860 311.917 311.953
311.793 311.864 311.936
311.841 311.914 311.959
311.870 311.890 311.911
311.816 311.871 311.906
311.811 312.021 312.469
311.834 311.902 311.961
311.777 311.991 312.648
311.800 311.886 311.976
311.823 311.888 312.004
311.844 311.908 311.984
311.823 311.881 311.931
311.853 312.530 314.623
311.836 311.883 311.957
311.831 311.863 311.898
311.840 311.855 311.872
311.817 311.873 311.925
311.777 311.957 312.472
311.863 311.895 311.933
311.826 311.869 311.947
311.848 311.918 312.120
311.798 311.847 311.943
311.819 311.880 311.980
311.815 312.038 312.741
311.867 311.925 311.997
311.854 311.892 311.945
311.801 311.867 311.908
311.849 311.992 312.457
311.866 312.152 313.083
311.808 312.269 313.721
311.841 311.856 311.870
311.833 311.970 312.380
311.867 311.938 312.130
311.849 311.991 312.406
311.814 311.880 311.977
311.820 311.914 312.026
311.830 311.882 311.934
311.836 311.880 311.954
311.808 311.854 311.944
311.845 311.927 312.193
311.814 311.835 311.878
311.818 311.886 311.975
311.775 311.916 312.220
311.816 311.862 311.892
311.854 311.888 311.961
311.770 312.102 313.188
311.822 311.893 312.071
311.799 311.841 311.945
311.820 312.036 312.762
311.797 311.871 311.988
311.876 312.024 312.464
311.804 311.882 311.951
311.787 311.858 311.898
311.824 311.879 312.002
311.852 311.898 311.974
311.827 311.878 311.958
311.822 311.892 311.978
311.823 311.860 311.905
311.847 311.944 312.168
311.865 311.947 312.264
311.847 311.890 311.976
311.845 311.889 311.994
311.795 311.869 311.991
311.835 312.042 312.810
311.809 311.877 311.946
311.756 311.808 311.834
311.799 311.885 311.963
311.825 311.883 311.962
311.794 311.904 312.157
311.835 311.970 312.277
311.847 311.887 311.928
311.832 311.910 312.074
311.802 311.844 311.878
311.812 311.862 311.953
311.811 311.847 311.917
311.813 311.979 312.308
311.821 311.850 311.868
311.831 312.054 312.729
311.833 311.863 311.890
311.853 311.885 311.966
311.866 311.884 311.902
311.801 311.848 311.924
311.818 311.935 312.224
311.798 312.446 314.936
311.950 312.465 313.074
311.843 311.878 311.906
311.831 311.884 311.947
311.851 312.121 313.021
311.828 311.856 311.933
311.990 312.389 313.489
311.797 311.878 311.961
311.800 311.861 311.914
311.815 311.919 312.213
311.828 311.863 311.900
311.804 311.860 311.919
311.779 311.847 311.912
311.843 311.875 311.911
311.778 311.888 312.107
311.779 311.893 312.059
311.861 311.929 312.007
311.823 311.856 311.884
311.845 312.066 312.923
311.796 311.853 311.933
311.792 311.927 312.163
311.772 311.863 311.949
311.805 311.982 312.475
311.783 311.883 311.989
311.814 311.862 311.950
311.794 311.860 311.950
311.818 311.878 311.932
311.809 311.960 312.390
312.557 320.771 326.259
311.969 313.571 315.980
312.088 319.560 332.039
311.842 311.891 311.934
311.851 311.933 312.079
311.807 311.868 311.956
311.839 311.877 311.916
311.816 311.875 311.898
311.819 311.871 311.948
311.924 312.102 312.656
311.824 312.194 313.472
311.823 311.861 311.913
311.833 311.905 311.968
311.832 311.910 312.023
311.841 312.081 312.889
311.847 311.896 311.922
311.848 311.900 311.932
311.800 311.842 311.875
311.861 311.934 312.106
311.804 311.855 311.912
311.809 312.322 314.298
311.817 311.891 312.007
311.866 312.804 314.901
311.753 311.862 311.965
311.835 311.866 311.904
311.804 312.226 313.704
311.852 312.146 313.296
311.828 311.876 311.918
311.849 311.889 311.934
311.825 311.850 311.902
311.806 311.851 311.876
311.858 311.913 312.006
311.873 311.901 311.962
311.803 311.883 312.109
311.837 311.880 311.906
311.837 311.859 311.895
311.815 311.865 311.967
311.817 311.874 311.957
311.887 313.224 314.399
311.812 311.877 311.928
311.808 311.880 311.982
311.817 311.870 311.934
311.814 311.859 311.880
311.824 311.854 311.893
311.831 311.887 311.982
311.876 311.912 312.004
311.845 312.019 312.594
311.859 311.901 311.933
311.822 312.065 312.957
311.809 311.873 311.964
311.818 311.842 311.859
311.834 311.893 312.019
311.804 311.870 311.955
311.800 311.847 311.919
311.845 311.862 311.887
311.824 311.880 311.971
311.792 311.850 311.930
311.837 311.917 312.005
311.840 311.888 311.991
311.849 312.127 313.148
311.845 311.872 311.950
311.838 311.952 312.288
311.773 311.948 312.542
311.840 312.055 312.667
311.819 312.041 312.686
311.855 311.882 311.921
311.808 311.856 311.903
311.820 311.866 311.930
311.856 311.898 311.934
311.785 311.882 311.967
311.807 311.882 311.994
311.803 312.321 314.104
311.763 311.859 311.951
311.839 311.898 312.044
311.872 312.645 314.493
311.825 311.858 311.907
311.832 311.901 312.081
311.871 311.893 311.943
311.824 311.871 311.970
311.795 311.832 311.874
311.830 311.851 311.885
311.854 311.902 311.996
311.860 311.896 312.005
311.827 311.860 311.906
311.831 311.898 311.985
311.826 311.924 312.083
311.832 311.861 311.932
311.823 311.873 312.015
311.821 311.865 311.923
311.785 311.840 311.881
311.893 311.932 312.013
311.817 311.861 311.944
311.848 311.893 312.013
311.803 311.842 311.905
311.829 311.903 312.148
311.854 311.907 311.944
311.850 311.882 311.928
311.836 311.878 311.912
311.830 311.985 312.546
311.804 311.905 312.034
311.799 311.860 311.980
311.816 311.875 312.000
311.839 311.887 311.934
311.821 312.043 312.574
311.842 311.853 311.877
311.831 312.026 312.582
311.859 311.895 311.992
311.834 312.256 313.836
311.846 311.888 311.939
311.832 311.875 311.907
311.862 311.900 311.951
311.835 311.879 311.934
311.822 311.890 311.977
311.842 312.073 312.683
311.823 311.972 312.371
311.810 311.881 311.986
311.829 311.888 311.918
311.805 312.420 314.506
311.857 311.910 312.057
311.863 311.887 311.902
311.829 312.276 313.806
311.843 311.874 311.948
311.820 311.889 311.947
311.847 311.862 311.880
311.853 311.874 311.894
311.861 311.918 311.961
311.863 312.027 312.636
311.827 311.837 311.844
311.815 311.857 311.900
311.861 312.448 313.996
311.849 311.936 312.172
311.820 311.919 312.130
311.822 311.879 311.927
311.836 311.886 311.972
311.841 311.886 311.913
311.830 311.888 311.963
311.866 311.898 311.953
311.846 311.884 311.933
311.819 312.084 312.970
311.856 311.913 311.967
311.804 311.940 312.269
311.802 311.888 311.956
311.814 311.875 311.995
311.833 311.869 311.897
311.837 311.884 311.967
311.830 312.082 312.928
311.842 311.883 311.977
311.864 312.015 312.480
311.841 311.886 311.985
311.833 312.054 312.790
311.845 311.885 312.006
311.797 311.857 311.894
311.800 311.848 311.904
311.838 311.882 311.932
311.871 311.919 311.961
311.908 311.965 312.070
311.811 311.864 311.907
311.842 311.884 311.941
311.850 311.898 311.995
311.843 311.869 311.907
311.832 311.866 311.923
311.829 311.887 311.962
311.848 311.910 312.016
311.836 311.891 311.968
311.854 312.081 312.412
311.848 311.899 311.961
311.849 311.897 311.965
311.825 311.868 311.942
311.843 311.912 312.029
311.839 311.878 311.910
311.813 311.893 312.127
311.805 311.855 311.940
311.808 311.889 312.052
311.836 311.881 311.938
311.828 312.007 312.493
311.854 311.875 311.917
311.821 311.869 311.938
311.789 311.826 311.861
311.802 311.858 311.899
311.832 311.905 311.992
311.830 311.875 311.981
311.886 311.904 311.931
311.830 311.894 312.047
311.877 311.923 311.959
311.830 311.878 311.923
311.852 311.880 311.907
311.838 311.880 311.950
311.850 311.945 312.078
311.877 311.953 312.083
311.798 312.539 313.825
311.859 311.982 312.410
311.862 311.921 312.072
311.840 311.925 312.125
311.815 311.839 311.869
311.824 311.926 312.043
311.826 311.869 311.928
311.845 312.013 312.522
311.850 311.893 311.957
311.870 311.936 312.067
311.849 311.888 311.972
311.858 312.172 312.861
311.835 311.879 311.929
311.779 311.881 311.967
311.847 311.951 312.203
311.811 311.943 312.255
311.828 311.885 311.953
311.832 311.865 311.897
311.794 312.133 313.207
311.807 311.863 311.920
311.828 312.047 312.693
311.841 312.318 314.092
311.858 311.902 311.954
311.834 311.878 311.898
311.829 311.895 311.938
311.827 311.896 312.021
311.815 311.887 311.966
311.890 312.046 312.517
311.774 311.873 311.994
311.834 311.878 311.921
311.851 311.907 311.949
311.883 312.809 315.030
311.826 311.884 311.942
311.871 311.898 311.919
311.789 311.870 311.967
311.820 311.925 312.165
311.849 311.889 311.934
311.839 312.078 312.835
311.854 311.885 311.941
311.796 311.997 312.623
311.868 311.897 311.976
311.825 311.871 311.955
311.857 311.876 311.937
311.853 311.908 312.003
311.805 311.990 312.388
311.741 311.838 311.914
311.851 311.920 312.102
311.856 312.016 312.551
311.831 311.892 311.993
311.816 311.932 312.107
311.863 311.887 311.936
311.842 311.874 311.953
311.841 311.924 311.994
311.827 311.869 311.941
311.843 311.881 311.961
311.805 311.863 311.926
311.859 312.054 312.768
311.839 311.894 311.971
311.842 312.074 312.640
311.817 311.863 311.938
311.854 311.875 311.900
311.835 311.856 311.903
311.841 311.886 311.952
311.871 311.910 311.985
311.854 312.138 312.871
311.885 312.072 312.528
311.827 311.905 311.976
311.856 311.891 311.942
311.820 311.869 311.919
311.884 311.928 311.974
311.858 311.902 312.045
311.837 311.917 312.041
311.860 311.906 311.976
311.872 311.911 311.975
311.857 311.907 311.981
311.854 311.902 312.019
311.762 311.885 311.964
311.876 313.684 315.023
311.843 311.866 311.927
311.824 311.896 311.943
311.859 311.895 311.951
311.833 311.890 311.964
311.787 311.904 312.188
311.827 311.875 311.916
311.884 311.919 311.951
311.854 311.900 311.992
311.829 311.863 311.939
311.881 312.052 312.583
311.868 311.962 312.275
311.826 311.883 312.004
311.804 311.919 312.040
311.874 311.915 312.013
311.819 311.897 311.962
311.833 311.895 311.966
311.803 311.910 312.118
311.848 311.883 311.945
311.895 311.928 311.966
311.882 312.028 312.211
311.880 311.935 311.992
311.842 311.881 311.925
311.885 311.924 311.983
311.829 312.069 312.902
311.834 311.875 311.954
311.852 311.883 311.943
311.800 311.881 311.936
311.841 311.914 311.972
311.809 311.882 311.949
311.807 311.855 311.892
311.849 311.923 312.157
311.886 311.905 311.946
312.048 312.795 313.398
311.852 311.885 311.941
311.852 311.872 311.890
311.851 311.894 311.987
311.832 311.897 312.001
311.856 311.897 311.948
311.806 311.865 311.966
311.843 311.923 312.008
311.847 311.893 311.950
311.846 311.865 311.877
311.840 311.899 312.002
311.828 311.896 311.987
311.840 311.864 311.886
311.846 311.879 311.929
311.853 312.053 312.717
311.830 311.870 311.907
311.843 311.967 312.312
311.820 311.949 312.297
311.834 311.881 311.923
311.850 312.540 315.078
311.833 311.902 311.981
311.816 311.869 311.902
311.829 311.861 311.889
311.829 311.892 312.010
311.841 311.886 311.978
311.831 311.893 311.995
311.827 311.849 311.872
311.823 311.863 311.903
311.809 311.940 312.299
311.829 311.857 311.881
311.851 311.899 311.984
311.865 312.036 312.586
311.840 311.884 311.963
311.863 311.887 311.911
311.859 311.908 311.979
311.860 311.937 312.097
311.859 311.885 311.943
311.842 311.953 312.124
311.834 311.885 311.967
311.846 311.971 312.405
311.864 311.922 312.120
311.814 311.869 311.959
311.853 311.887 311.934
311.843 311.879 311.964
311.824 311.881 311.920
311.854 311.951 312.193
311.849 311.909 311.970
311.808 311.887 311.958
311.950 313.093 314.993
311.821 311.865 311.924
311.807 311.877 311.988
311.845 312.135 313.106
311.853 312.278 313.308
311.899 312.463 313.063
311.850 311.906 311.943
311.832 311.880 311.898
311.841 311.883 311.905
311.872 311.928 312.015
311.810 311.869 311.922
311.830 311.871 311.925
311.865 311.896 311.953
311.805 311.895 311.949
311.811 311.931 312.237
311.848 311.886 311.977
311.849 311.920 312.072
311.804 311.909 312.169
311.838 311.874 311.955
311.870 311.975 312.126
311.870 312.156 312.452
311.854 311.913 312.020
311.852 311.907 312.003
311.834 311.906 312.009
311.841 311.904 311.958
311.842 313.897 320.640
311.846 316.685 335.449
333.802 335.863 337.297
311.841 311.900 311.976
311.852 311.888 311.946
311.854 311.895 311.978
311.870 311.913 311.950
311.897 311.934 312.023
311.861 311.901 311.924
311.852 311.901 311.949
311.836 311.884 311.966
311.856 311.898 311.947
311.839 312.359 314.336
311.793 311.887 311.992
311.794 311.994 312.521
311.772 312.434 314.835
311.881 311.927 311.991
311.831 311.922 312.115
311.858 311.908 312.012
311.818 311.921 312.081
311.838 312.173 313.329
311.833 311.886 311.954
311.799 311.995 312.591
311.856 312.148 312.662
311.812 311.865 311.930
311.846 311.889 311.922
311.818 311.875 311.900
311.913 312.038 312.442
311.852 312.080 312.890
311.872 311.907 312.002
311.831 311.871 311.967
311.804 311.868 311.926
311.828 311.888 311.968
311.841 311.875 311.912
311.874 311.920 311.954
311.812 311.889 311.983
311.833 311.869 311.921
311.799 311.860 311.909
311.788 312.716 315.803
311.836 311.869 311.907
311.845 311.996 312.251
311.911 312.790 313.945
311.839 311.955 312.288
311.835 311.854 311.875
311.821 311.873 311.939
311.863 311.916 311.970
311.834 311.876 311.955
311.820 311.988 312.393
311.797 311.879 311.945
311.785 311.842 311.932
311.905 312.336 313.736
311.833 312.182 313.471
311.833 311.866 311.894
311.857 311.940 312.043
311.761 311.968 312.387
311.827 311.865 311.899
311.816 311.887 312.003
311.832 311.871 311.900
311.846 311.890 311.946
311.817 311.856 311.892
311.860 311.905 311.982
311.850 311.895 311.939
311.867 311.896 311.958
311.785 311.826 311.881
311.792 311.886 312.051
311.833 311.882 311.994
311.847 311.923 311.977
311.814 311.856 311.896
311.846 311.929 312.133
311.836 311.926 312.235
311.845 311.887 311.950
311.885 311.983 312.115
311.827 311.932 312.229
311.869 311.891 311.913
311.795 311.891 312.025
311.834 311.906 312.021
311.832 311.916 312.111
311.855 311.963 312.009
311.846 311.880 311.933
311.837 311.892 311.951
311.855 311.908 311.954
311.826 311.910 312.067
311.901 311.966 312.010
311.844 311.916 312.064
311.875 311.899 311.917
311.810 311.894 311.962
311.844 311.969 312.349
311.833 312.051 312.827
311.840 311.895 311.942
311.836 312.090 312.881
311.844 311.912 311.986
311.832 311.900 311.974
311.864 311.951 312.237
311.856 312.100 313.006
311.875 312.858 316.588
311.818 311.919 312.181
311.866 311.933 312.030
311.826 311.992 312.187
311.820 311.882 311.927
311.843 311.869 311.906
311.878 311.906 311.942
311.863 311.916 312.058
311.851 311.889 311.956
311.833 311.877 311.957
311.835 312.075 312.814
311.841 311.952 312.265
311.846 311.929 312.089
311.839 311.880 311.983
311.863 311.889 311.968
311.819 311.925 312.154
311.818 311.900 311.989
311.858 311.966 312.137
311.844 311.874 311.911
311.845 311.887 311.928
311.759 311.898 312.035
311.844 311.873 311.898
311.822 311.873 311.918
311.862 311.884 311.942
311.855 311.898 311.954
311.825 312.028 312.690
311.839 311.893 311.971
311.833 311.857 311.879
311.871 312.143 312.823
313.842 323.121 330.198
311.899 311.930 311.961
311.931 312.917 315.683
311.841 311.922 312.089
311.841 311.911 311.989
311.843 312.317 313.929
311.807 311.870 312.047
311.870 311.900 311.951
311.796 311.850 311.917
311.832 311.863 311.912
311.852 312.015 312.612
311.825 311.876 311.910
311.799 311.904 312.013
311.823 311.875 311.913
311.833 311.867 311.908
311.840 311.882 311.907
311.822 311.882 311.972
311.813 311.873 311.937
311.828 311.881 311.934
311.920 311.938 311.955
311.885 312.061 312.575
311.860 311.883 311.918
311.836 311.883 311.963
311.857 312.138 313.066
311.839 311.901 311.989
311.839 311.869 311.932
311.808 311.889 311.960
311.873 311.909 311.946
311.817 311.864 311.918
311.839 311.888 311.974
311.885 312.103 312.815
311.841 311.881 311.948
311.809 312.615 313.807
311.801 311.864 311.988
311.840 311.978 312.340
311.850 311.901 312.006
311.813 311.898 311.938
311.859 311.931 312.045
311.855 311.888 311.916
311.851 311.895 311.939
311.857 311.945 312.150
311.805 311.905 311.956
311.839 311.976 312.384
311.845 311.965 312.210
311.814 311.886 311.972
311.808 311.875 311.979
311.841 311.970 312.407
311.842 311.879 311.958
311.784 312.556 313.612
311.853 311.863 311.877
311.873 311.896 311.930
311.898 311.935 311.990
311.823 311.900 311.956
311.845 311.874 311.931
311.872 311.899 311.937
311.846 311.872 311.898
311.844 312.103 312.958
311.839 311.913 311.957
311.844 311.884 311.949
311.804 311.967 312.412
311.823 311.916 312.020
311.815 311.861 311.915
311.846 311.902 311.992
311.826 311.925 312.194
311.805 311.848 311.912
311.871 311.915 311.978
311.870 312.003 312.399
311.836 311.865 311.925
311.860 311.899 311.969
311.815 311.882 312.027
311.841 311.871 311.934
311.873 311.900 311.960
311.845 311.932 312.057
311.856 312.174 312.879
311.846 311.884 311.917
311.814 311.861 311.911
311.858 311.898 311.986
311.862 311.904 311.988
311.837 311.905 311.997
311.875 311.903 311.975
311.811 311.861 311.931
311.855 311.869 311.915
311.857 311.897 311.990
311.794 311.878 311.942
311.863 311.907 311.964
311.835 311.877 311.968
311.832 311.890 311.952
311.870 311.907 311.963
311.820 312.014 312.666
311.846 311.872 311.912
311.836 311.879 311.992
311.827 311.913 311.996
311.861 311.897 311.968
311.834 311.877 311.949
311.828 312.453 314.856
311.828 311.877 311.945
311.797 311.893 311.969
311.850 311.898 312.011
311.764 311.868 311.987
311.832 312.052 312.810
311.843 312.062 312.827
311.832 311.874 311.975
311.796 311.892 312.027
311.782 312.025 312.752
311.882 311.903 311.923
311.841 311.985 312.429
311.820 311.877 311.981
311.848 311.894 311.939
311.850 311.887 311.928
311.825 311.865 311.959
311.833 311.961 312.310
311.837 312.116 313.075
311.817 311.860 311.910
311.824 311.930 312.046
311.839 311.886 311.931
311.829 311.913 312.029
311.845 311.901 311.971
311.869 311.927 312.093
311.851 311.891 311.950
311.834 311.884 311.966
311.827 312.074 312.947
311.833 311.885 311.935
311.836 311.954 312.230
311.853 311.892 311.950
311.839 311.875 311.915
311.819 311.894 311.953
311.827 311.849 311.866
311.856 311.882 311.920
311.828 311.891 312.049
311.771 311.981 312.578
311.835 311.918 312.055
311.832 311.881 311.927
311.869 312.125 312.598
311.829 311.865 311.900
311.796 311.964 312.325
311.828 311.873 311.947
311.853 311.880 311.914
311.877 311.955 312.092
311.833 311.929 312.222
311.807 312.008 312.599
311.870 312.081 312.806
311.850 311.879 311.906
311.852 311.890 311.928
311.826 312.613 314.448
311.840 312.461 314.622
311.824 311.886 311.922
311.852 311.893 311.961
311.812 311.881 311.965
311.861 311.910 311.982
311.861 312.160 313.115
311.834 311.892 311.993
311.852 311.899 311.993
311.858 311.982 312.392
311.852 311.897 311.963
311.824 312.204 313.485
311.799 311.869 311.935
311.850 311.886 311.976
311.824 311.862 311.889
311.849 311.862 311.870
311.850 311.925 312.001
311.852 311.996 312.400
311.837 311.867 311.913
311.817 311.869 311.993
311.829 311.881 311.939
311.824 311.857 311.889
311.863 312.000 312.399
311.792 311.854 311.944
311.844 311.917 312.042
311.848 311.896 311.996
311.858 312.191 313.458
311.807 311.875 311.986
311.821 311.875 311.932
311.822 311.890 312.022
311.875 311.924 311.998
311.855 311.913 311.973
311.777 311.965 312.298
311.827 311.863 311.887
311.799 311.877 311.928
311.843 311.975 312.367
311.859 311.936 312.111
311.901 311.935 312.009
311.848 311.870 311.894
311.824 311.865 311.917
311.810 311.955 312.263
311.812 311.859 311.907
311.830 311.895 311.983
311.868 311.938 312.123
311.846 312.008 312.568
311.799 311.861 311.961
311.842 312.024 312.306
311.852 311.884 311.929
311.877 311.909 311.956
311.838 311.889 312.036
311.820 311.851 311.902
311.846 311.998 312.516
311.836 311.880 311.974
311.866 311.925 312.089
311.800 311.869 311.950
311.805 312.003 312.621
311.846 311.870 311.916
311.818 311.857 311.892
311.834 311.898 311.987
311.849 311.882 311.912
311.894 311.959 312.084
311.826 311.870 311.920
311.840 311.860 311.874
311.822 311.907 312.166
311.833 311.864 311.943
311.824 311.989 312.495
311.868 311.909 311.995
311.795 311.857 311.921
311.791 312.034 312.680
311.840 311.887 311.944
311.811 311.856 311.915
311.834 312.233 313.613
311.831 311.881 311.939
311.871 311.945 312.203
311.816 311.841 311.880
311.809 311.926 312.195
311.846 311.875 311.907
311.801 312.380 314.420
311.816 311.867 311.930
311.836 311.860 311.894
311.814 311.870 311.955
311.842 311.902 312.008
311.814 311.876 311.949
311.818 311.911 312.159
311.815 311.861 311.975
311.833 311.903 312.054
311.775 311.933 312.232
311.836 311.877 311.919
311.825 311.881 311.961
311.836 311.871 311.949
311.788 311.897 311.986
311.830 311.867 311.893
311.836 311.917 312.127
311.743 311.853 311.919
311.859 311.878 311.894
311.838 311.886 312.008
311.807 311.882 311.990
311.784 311.879 311.974
311.842 311.900 311.962
311.854 311.883 311.941
311.799 311.847 311.897
311.853 311.889 311.955
311.851 311.980 312.422
311.755 311.968 312.432
311.860 311.898 311.939
311.843 311.868 311.900
311.817 311.843 311.861
311.816 311.869 311.944
311.827 311.864 311.930
311.829 311.877 311.910
311.839 311.900 311.974
311.845 311.920 312.138
311.817 311.863 311.919
311.803 311.856 311.940
311.797 311.841 311.969
311.824 311.851 311.893
311.808 311.867 311.945
311.842 311.896 312.038
311.817 312.323 314.120
311.832 311.855 311.892
311.847 311.889 311.996
311.811 311.850 311.891
311.849 311.884 311.953
311.823 311.859 311.886
311.857 311.914 312.042
311.822 311.894 312.012
311.872 311.929 312.007
311.830 311.864 311.910
311.824 312.178 313.514
311.844 311.890 311.996
311.836 311.962 312.276
311.819 311.832 311.857
311.805 311.897 312.071
311.749 312.188 313.634
311.810 311.882 311.959
311.860 311.891 311.921
311.869 311.894 311.911
311.794 311.927 312.244
311.837 311.895 311.946
311.849 311.944 312.227
311.830 311.869 311.962
311.808 312.335 314.285
311.825 311.893 311.955
311.815 312.159 313.220
311.825 311.851 311.884
311.848 311.880 311.953
311.813 312.124 313.180
311.809 311.862 311.914
311.759 311.857 311.926
311.813 311.905 312.048
311.849 311.973 312.271
311.802 311.851 311.917
311.810 311.915 312.030
311.823 311.875 311.933
311.830 311.950 312.294
311.813 312.167 313.307
311.820 311.866 311.909
311.823 311.874 311.936
311.859 311.935 312.149
311.874 312.164 313.255
311.824 311.849 311.877
311.833 311.889 311.967
311.815 311.892 311.976
311.845 311.918 312.126
311.821 311.845 311.869
311.834 311.873 311.916
311.825 312.452 314.422
311.843 311.885 311.958
311.833 311.930 312.055
311.806 311.830 311.874
311.838 312.248 313.612
311.819 311.858 311.895
311.846 311.922 312.122
311.823 311.910 312.152
311.829 312.260 313.758
311.814 311.870 311.920
311.823 311.846 311.861
311.838 311.889 311.937
311.806 311.855 311.922
311.795 311.872 312.026
311.807 311.857 311.936
311.858 311.901 311.954
311.829 311.875 311.940
311.807 311.880 311.994
311.815 312.176 313.373
311.843 312.132 312.733
311.845 311.872 311.925
311.809 311.884 312.079
311.868 311.906 312.009
311.819 311.853 311.912
311.814 311.864 311.890
311.815 311.879 312.004
311.810 311.905 312.249
311.832 311.874 311.925
311.818 311.880 312.012
311.809 312.457 313.708
311.817 311.991 312.375
311.824 311.870 311.940
311.813 312.173 313.444
311.809 311.846 311.919
311.826 311.919 312.073
311.847 311.879 311.937
311.802 311.838 311.885
311.829 311.877 311.983
311.820 311.878 311.948
311.833 311.879 311.935
311.835 311.872 311.932
311.807 311.868 312.002
311.831 312.034 312.732
311.840 311.907 312.000
311.843 311.877 311.893
311.852 311.862 311.876
311.815 311.968 312.159
311.868 311.888 311.911
311.787 311.870 311.914
311.847 311.881 311.933
311.840 311.884 311.979
311.828 311.854 311.869
311.854 311.976 312.385
311.827 311.877 311.997
311.829 311.999 312.559
311.824 311.876 311.917
311.818 311.867 311.978
311.853 311.916 311.984
311.807 311.853 311.884
311.851 311.893 312.003
311.810 311.848 311.920
311.836 311.878 311.962
311.824 311.988 312.468
311.843 312.235 313.638
311.832 311.919 312.009
311.810 311.962 312.251
311.837 311.978 312.402
311.794 312.662 315.791
311.840 311.920 312.082
311.851 311.887 311.956
311.828 311.881 311.973
311.821 311.854 311.925
311.868 311.942 312.203
311.820 311.874 311.946
311.805 311.865 311.944
311.861 311.910 312.082
311.815 311.869 311.963
311.826 311.847 311.890
311.821 311.927 312.235
311.802 311.849 311.902
311.800 312.051 312.928
311.861 311.912 312.009
311.776 311.846 311.901
311.821 311.882 311.960
311.795 311.913 311.995
311.797 311.888 312.016
311.828 311.904 312.053
311.837 312.064 312.830
311.817 311.890 312.018
311.829 311.878 311.961
311.883 311.898 311.912
311.822 311.844 311.872
311.825 311.870 311.949
311.783 311.844 311.888
311.856 311.920 312.018
311.853 311.972 312.242
311.868 312.196 313.353
311.810 311.855 311.875
311.801 311.872 312.097
311.837 311.874 311.953
311.874 312.199 313.403
311.814 311.882 311.992
311.854 311.894 311.975
311.818 311.857 311.911
311.865 311.898 311.941
311.803 311.853 311.910
311.817 311.892 312.066
311.825 311.835 311.844
311.821 311.876 311.943
311.782 311.841 311.975
311.806 311.876 311.949
311.818 312.055 312.909
311.790 311.868 311.924
311.757 311.858 311.927
311.800 311.840 311.883
311.862 311.893 311.990
311.838 311.886 311.938
311.828 311.885 312.017
311.784 311.908 312.185
311.786 311.991 312.630
311.834 311.889 311.972
311.854 311.896 311.937
311.816 311.873 311.943
311.791 311.845 311.894
311.827 312.462 314.851
311.867 311.905 311.957
311.812 311.866 311.918
311.816 311.930 312.193
311.836 312.019 312.532
311.825 311.943 312.240
311.824 312.021 312.665
311.819 311.979 312.467
311.790 311.834 311.867
311.805 311.855 311.933
311.805 311.892 312.030
311.847 311.988 312.414
311.827 311.884 311.972
311.807 312.062 312.762
311.807 311.871 312.025
311.813 311.985 312.550
311.813 311.900 312.061
311.839 312.063 312.386
311.817 311.864 311.902
311.817 311.861 311.919
311.796 311.893 311.935
311.808 311.973 312.473
312.222 313.637 315.275
311.833 312.025 312.689
311.817 311.870 311.918
311.850 311.876 311.895
311.806 311.875 311.925
311.827 312.287 313.179
311.819 311.872 311.914
311.844 311.881 311.935
311.800 311.864 311.969
311.853 312.006 312.440
311.784 311.846 311.898
311.829 311.849 311.880
311.834 311.864 311.922
311.820 311.848 311.909
311.812 311.878 311.972
311.803 311.845 311.879
311.795 311.820 311.860
311.780 311.859 311.899
311.846 311.908 312.012
311.851 311.887 311.955
311.823 312.077 312.927
311.823 311.884 311.988
311.824 312.018 312.750
311.762 311.838 311.927
311.808 311.890 312.105
311.856 311.893 311.964
311.833 312.543 313.992
311.845 311.879 311.976
311.855 311.886 311.944
311.844 313.191 314.975
311.792 311.849 311.916
311.794 311.844 311.926
311.839 311.890 311.995
311.821 311.876 312.004
311.830 311.994 312.610
311.778 311.830 311.932
311.826 311.874 311.943
311.847 311.927 312.034
311.810 311.881 312.042
311.830 311.895 311.955
311.843 311.901 312.057
311.837 311.959 312.156
311.846 311.886 311.945
311.827 311.888 311.966
311.820 311.883 312.032
311.858 311.912 311.973
311.824 311.891 311.944
311.831 311.895 312.075
311.817 311.844 311.865
311.818 311.918 312.096
311.811 311.872 311.946
311.856 311.912 311.974
311.824 312.478 313.439
311.798 312.013 312.633
311.808 311.960 312.382
311.867 311.910 312.019
311.847 312.006 312.514
311.843 311.886 311.946
311.841 311.883 311.940
311.799 312.026 312.502
311.855 311.912 312.056
311.838 311.936 312.083
311.811 311.928 312.180
311.824 311.897 312.106
311.799 311.866 311.999
311.845 311.917 312.050
311.759 312.094 313.128
311.805 311.862 311.917
311.841 312.065 312.767
311.838 311.884 311.952
311.848 311.890 311.976
311.858 312.044 312.655
311.846 311.900 311.950
311.810 311.925 312.190
311.820 311.886 312.003
311.817 311.854 311.885
311.806 311.855 311.903
311.817 311.904 312.134
311.856 311.866 311.877
311.812 311.866 311.908
311.822 311.896 312.052
311.814 312.126 313.196
311.802 311.876 311.936
311.820 311.874 312.004
311.813 311.910 312.094
311.811 312.288 313.574
311.793 311.869 311.969
311.812 311.892 311.928
311.823 311.944 312.316
311.822 312.305 313.971
311.802 311.842 311.904
311.790 311.878 311.926
311.847 311.901 311.939
311.838 312.042 312.716
311.829 311.856 311.881
311.849 311.920 312.124
311.800 311.853 311.941
311.874 311.907 311.942
311.832 311.859 311.883
311.838 311.865 311.916
312.196 313.323 314.317
311.793 312.022 312.754
311.840 311.868 311.891
312.313 315.711 322.756
311.830 311.878 311.931
311.797 311.872 311.911
312.105 312.971 313.769
311.815 311.866 311.914
311.834 312.032 312.457
311.805 311.874 311.974
311.843 312.030 312.607
311.811 311.839 311.892
311.813 311.917 312.177
311.791 311.860 311.915
311.839 311.889 311.942
311.847 311.913 311.987
311.835 311.896 312.019
311.852 311.921 312.038
311.834 311.909 312.078
311.798 311.862 311.925
311.805 311.892 311.969
311.820 311.905 312.067
311.825 311.998 312.453
311.872 311.895 311.967
311.839 311.866 311.888
311.857 312.259 313.011
311.861 311.906 312.003
311.844 311.926 312.061
311.797 311.920 311.985
311.788 311.855 311.950
311.829 311.911 312.058
311.867 313.104 315.644
311.810 311.869 311.919
311.843 312.283 313.957
311.838 311.878 311.923
311.770 312.175 313.324
311.802 311.964 312.365
311.846 311.886 311.966
311.829 311.905 312.012
311.840 311.883 311.925
311.844 311.880 311.939
311.823 311.864 311.954
311.828 311.859 311.899
311.832 311.987 312.506
311.815 312.431 314.629
311.823 311.875 311.913
311.825 311.904 311.948
311.812 311.909 312.056
311.831 312.150 313.264
311.788 311.885 311.995
311.849 311.873 311.893
311.865 312.091 312.776
311.842 311.907 312.029
311.801 311.863 311.975
311.837 311.891 311.925
311.800 311.858 311.929
311.799 311.878 311.918
311.800 312.035 312.591
311.859 311.888 311.918
311.839 311.983 312.389
311.822 312.029 312.665
311.799 311.838 311.885
311.820 311.912 312.031
311.820 311.863 311.924
311.816 311.906 312.076
311.835 311.948 312.299
311.826 311.903 312.007
311.856 312.334 314.127
311.913 324.848 332.299
311.816 311.895 311.991
311.860 312.080 312.859
311.843 311.876 311.904
311.861 311.874 311.893
311.846 311.885 311.959
311.795 311.897 312.023
311.837 311.863 311.911
311.787 311.850 311.914
311.855 312.665 315.685
311.771 311.875 311.994
311.764 311.878 312.141
311.856 311.889 311.994
311.845 311.874 311.948
311.842 311.894 311.968
311.826 311.952 312.234
311.841 311.893 311.956
311.842 312.464 314.428
311.843 311.882 311.941
311.840 311.874 311.908
311.841 311.919 312.068
311.830 311.894 311.973
311.835 312.323 314.131
311.833 312.409 314.567
311.851 311.890 311.975
311.844 311.887 311.966
311.839 311.893 311.968
311.831 312.073 312.893
311.864 311.910 311.934
311.825 311.890 312.025
311.861 312.151 312.628
311.821 312.093 313.044
311.836 311.865 311.901
311.821 311.877 311.985
311.851 311.868 311.890
311.860 311.954 312.066
311.787 311.851 311.894
311.886 312.031 312.266
311.835 312.093 313.085
311.831 311.872 311.924
311.838 311.900 312.016
311.813 311.999 312.533
311.831 311.882 311.947
311.828 311.884 311.903
311.818 311.850 311.909
311.849 311.923 312.023
311.907 311.957 311.999
311.864 312.054 312.571
311.792 312.512 314.473
311.886 312.064 312.510
311.774 311.882 311.957
311.840 311.984 312.184
311.860 311.882 311.904
311.886 311.945 312.010
311.890 312.170 313.189
311.861 311.932 311.976
311.794 311.867 311.981
311.831 312.598 315.522
311.841 311.872 311.932
311.833 311.870 311.964
311.852 312.067 312.809
311.812 311.868 311.961
311.833 311.916 312.091
311.824 311.888 311.994
311.799 311.887 311.939
311.832 311.922 312.076
311.831 311.908 312.063
311.825 311.890 311.971
311.849 311.902 311.986
311.828 311.870 311.912
311.815 311.952 312.329
311.844 311.883 311.985
311.835 311.917 311.994
311.855 311.887 311.922
311.896 312.184 312.995
311.846 311.883 311.918
311.831 311.902 312.080
311.824 311.927 312.065
311.818 311.883 312.024
311.790 311.847 311.928
311.812 311.864 311.943
311.843 311.926 312.193
311.864 312.037 312.665
311.801 311.883 312.018
311.821 311.883 311.959
311.860 311.892 311.965
311.839 311.876 311.917
311.871 311.917 312.018
311.827 311.882 311.926
311.835 311.957 312.173
311.829 311.904 311.980
311.837 312.102 313.010
311.782 311.888 312.191
311.823 312.042 312.695
311.877 311.920 311.997
311.837 311.870 311.921
311.867 311.903 311.927
311.814 311.889 311.990
311.812 311.858 311.894
311.857 311.943 312.050
311.805 311.869 311.977
311.860 311.903 311.959
311.827 311.873 311.961
311.855 312.043 312.422
311.799 311.985 312.468
311.834 311.902 311.997
311.829 311.906 312.003
311.849 311.904 311.983
311.847 312.318 314.045
311.819 311.856 311.888
311.832 311.851 311.879
311.836 311.945 312.005
311.834 311.889 311.925
311.842 311.908 311.961
311.832 311.979 312.358
311.843 311.904 311.953
311.870 311.904 311.970
311.825 312.140 313.278
311.839 312.088 312.977
311.829 311.901 312.070
311.842 311.889 311.955
311.838 311.948 312.156
311.857 311.937 312.142
311.789 311.911 312.199
311.822 312.029 312.737
311.838 311.869 311.905
311.858 311.953 312.175
311.853 311.919 311.977
311.846 311.949 312.089
311.828 311.890 311.941
311.822 311.867 311.930
311.844 311.885 311.924
311.834 312.485 314.895
311.836 312.024 312.290
311.791 311.873 311.948
311.874 312.061 312.601
311.865 311.943 312.003
311.808 311.866 311.924
311.835 311.878 311.924
311.861 311.907 311.946
311.849 311.905 311.999
312.241 312.605 313.503
311.804 311.883 311.957
311.799 311.874 311.929
311.823 311.899 311.963
311.828 311.883 312.013
311.820 311.857 311.908
311.861 311.915 311.958
311.840 311.877 311.930
311.839 311.881 311.932
311.804 311.888 311.958
311.852 311.909 311.953
311.853 311.906 311.941
311.850 311.889 311.918
311.888 311.924 311.972
311.856 311.868 311.897
311.848 311.885 311.960
311.922 312.846 315.450
311.841 311.880 311.939
311.834 311.891 311.995
311.818 311.904 312.018
311.861 311.903 312.027
311.830 311.869 311.910
311.863 311.932 312.032
311.806 311.857 311.904
311.793 311.935 312.191
311.826 311.855 311.889
311.847 311.902 311.991
311.786 311.841 311.876
311.832 311.897 311.991
311.836 311.886 311.997
311.865 311.907 311.948
311.827 311.878 311.990
311.790 311.854 311.909
311.852 311.895 311.972
311.835 311.882 311.986
311.832 311.889 312.031
311.855 312.241 313.697
311.852 312.024 312.633
311.847 311.885 311.934
311.812 311.850 311.896
311.866 311.898 311.939
311.831 311.865 311.893
311.858 311.922 311.994
311.837 311.884 311.988
311.837 311.871 311.913
311.824 312.190 313.339
311.813 312.073 312.994
311.841 311.890 311.940
311.870 311.965 312.301
311.863 312.102 312.607
311.795 311.924 312.305
311.860 311.967 312.123
311.861 311.977 312.424
311.820 311.887 312.016
311.799 312.061 312.604
311.832 311.859 311.894
311.873 312.062 312.670
311.818 311.865 311.982
311.844 311.915 312.013
311.781 311.847 311.918
311.826 311.877 311.911
311.857 311.884 311.923
311.827 311.864 311.907
311.828 311.902 311.969
311.857 311.887 311.922
311.838 311.882 311.925
311.883 311.905 311.967
311.854 312.198 313.280
311.782 311.868 311.914
311.855 311.927 312.024
311.806 311.839 311.876
311.866 311.894 311.967
311.845 311.892 311.963
311.826 311.892 311.984
311.821 311.878 312.006
311.857 311.915 311.978
311.838 311.883 311.944
311.877 312.427 314.583
311.864 311.910 311.947
311.862 311.927 312.150
311.804 312.000 312.594
311.812 311.853 311.905
311.820 311.900 311.992
311.814 311.880 311.943
311.907 312.417 314.357
311.838 312.082 312.837
311.824 311.859 311.906
311.861 311.871 311.881
311.858 311.932 312.178
311.853 311.874 311.905
311.848 311.871 311.899
311.863 311.904 311.951
311.871 312.009 312.373
311.835 311.910 311.973
311.816 312.113 312.629
311.859 311.891 311.946
311.817 311.864 311.956
311.828 311.878 312.023
311.824 311.879 311.953
311.829 311.956 312.234
311.808 311.867 311.981
311.835 311.885 311.964
311.836 311.884 311.904
311.863 311.924 311.990
311.857 311.909 311.959
311.811 312.492 314.980
311.888 311.960 312.165
311.841 311.925 312.138
311.804 311.875 311.917
311.865 311.891 311.960
311.831 311.888 311.936
311.820 311.974 312.452
311.841 311.916 312.174
311.815 311.968 312.321
311.881 312.242 313.605
311.812 311.855 311.912
311.805 311.915 312.271
311.816 311.866 311.927
311.834 312.014 312.624
311.825 311.881 312.023
311.863 311.902 311.954
312.090 313.087 315.012
311.844 311.947 312.286
311.833 311.876 311.968
311.802 311.889 312.019
311.863 312.001 312.367
311.830 311.891 312.019
311.824 311.874 311.951
311.798 312.075 312.298
332.572 333.607 334.422
312.014 324.126 332.511
311.831 311.866 311.899
321.863 326.896 330.537
311.836 314.712 326.042
311.834 311.882 311.961
311.845 311.963 312.301
311.816 311.873 311.944
311.792 311.882 311.984
311.865 312.084 312.792
311.883 311.987 312.323
311.838 312.136 313.093
311.827 312.095 313.004
311.806 312.021 312.681
311.821 311.869 311.983
311.829 311.876 311.941
311.814 312.011 312.781
311.835 311.868 311.912
311.838 311.903 312.011
311.842 311.906 312.045
311.841 312.090 312.984
311.827 311.977 312.370
311.823 311.845 311.900
311.808 311.859 311.907
311.809 311.938 312.221
311.806 311.864 311.953
311.850 311.973 312.321
311.799 311.934 312.095
311.832 311.858 311.897
311.831 311.878 311.968
311.814 311.880 312.036
311.837 311.874 312.001
311.806 311.881 311.952
316.097 327.696 335.839
311.844 311.962 312.331
311.825 311.926 311.982
311.890 312.306 313.205
311.874 311.903 311.933
311.817 311.877 311.950
311.826 311.870 311.918
311.844 311.919 312.058
311.834 311.883 311.990
311.912 312.306 313.100
311.858 311.886 311.915
311.836 312.383 313.469
311.889 313.237 314.346
311.846 311.876 311.897
328.170 332.646 335.815
311.817 311.874 311.913
311.816 311.863 311.927
311.954 318.001 327.221
311.794 312.353 313.635
311.835 312.041 312.508
311.918 312.591 313.396
311.847 311.863 311.878
311.887 312.167 312.593
311.851 311.866 311.895
311.826 311.879 311.959
311.839 311.911 311.988
311.811 311.848 311.871
311.826 311.921 312.163
311.872 312.463 313.159
311.816 311.978 312.427
311.919 312.004 312.127
311.841 311.866 311.898
311.808 311.911 312.171
312.009 313.296 314.159
311.841 311.921 312.160
311.821 311.892 312.052
311.829 312.707 315.777
311.809 311.854 311.915
311.799 311.843 311.888
311.928 313.621 315.274
311.790 312.160 313.463
311.802 311.865 311.989
311.820 311.874 311.946
311.817 311.881 311.992
311.765 311.831 311.905
311.831 311.853 311.879
311.831 311.860 311.921
311.877 312.551 314.288
311.805 311.870 311.961
311.847 312.185 312.939
311.848 312.047 312.753
311.855 311.914 311.949
311.802 311.848 311.949
311.790 311.861 312.006
311.820 311.948 312.386
311.852 311.901 312.031
311.833 311.850 311.872
311.823 312.007 312.641
311.813 311.853 311.895
311.855 311.898 311.956
311.828 311.877 311.956
311.835 311.876 312.006
311.783 311.856 311.941
311.813 311.869 311.928
311.820 311.907 312.009
311.847 311.870 311.927
311.805 311.864 311.924
311.776 311.821 311.890
311.905 311.924 311.967
311.782 311.950 312.349
311.843 311.881 311.932
311.800 311.890 312.120
311.834 311.894 311.936
311.832 311.958 312.177
311.832 311.868 311.912
311.821 311.859 311.968
311.800 311.835 311.881
311.839 311.855 311.884
311.807 311.848 311.939
311.822 311.947 312.371
311.842 311.883 311.951
311.792 311.849 311.937
311.837 311.866 311.902
311.851 311.917 312.110
311.826 311.919 312.129
311.837 311.871 311.927
311.823 311.895 312.089
311.835 311.999 312.526
311.814 311.868 311.932
311.833 311.882 311.968
311.806 311.838 311.873
311.856 311.900 311.922
311.822 311.975 312.439
311.830 312.557 314.446
311.798 311.845 311.895
311.828 311.908 312.146
311.827 311.887 312.000
311.850 311.885 311.945
311.791 312.183 313.284
311.835 311.874 311.897
311.808 311.832 311.867
311.841 312.078 312.537
311.795 311.852 311.908
311.820 311.861 311.884
311.822 311.907 312.162
311.853 311.860 311.867
311.839 311.941 312.173
311.808 312.068 312.936
311.871 311.938 312.011
311.807 311.900 312.137
311.798 311.849 311.952
311.838 311.895 311.981
311.837 311.881 311.966
311.804 311.872 311.978
311.843 311.879 311.899
311.817 311.865 311.910
311.833 311.912 312.053
311.831 311.862 311.892
311.857 311.884 311.946
311.826 312.004 312.584
311.835 311.876 311.929
311.847 311.977 312.341
311.835 312.093 312.926
311.819 312.092 312.974
311.817 311.890 312.002
311.787 311.838 311.879
311.822 311.883 311.963
311.838 312.062 312.586
311.779 312.409 314.758
311.844 312.281 313.784
311.849 311.932 312.149
311.822 311.871 311.927
311.801 311.852 311.910
311.894 312.103 312.673
311.870 311.885 311.901
311.865 312.013 312.428
311.831 311.868 311.982
311.817 311.865 311.904
311.842 311.908 312.016
311.850 311.898 311.945
311.822 312.022 312.649
311.799 311.877 311.985
311.836 311.896 311.946
311.842 311.860 311.875
311.873 311.920 311.940
311.819 312.278 313.904
311.819 311.973 312.273
311.788 311.848 311.896
311.830 312.066 312.904
311.803 311.862 311.929
311.864 311.919 312.030
311.799 311.864 311.920
311.786 311.832 311.885
311.831 312.019 312.688
311.844 311.914 312.025
311.844 311.893 311.940
311.852 312.044 312.674
311.843 311.893 312.016
311.843 311.911 312.006
311.809 311.866 311.929
311.829 311.870 311.930
311.827 311.883 311.935
311.871 311.910 311.963
311.807 311.873 312.013
311.806 311.917 312.255
311.871 311.996 312.434
311.844 311.870 311.901
311.824 312.492 314.568
311.866 311.921 311.968
311.837 311.885 311.946
311.856 311.887 311.935
311.808 312.459 313.848
311.821 312.735 315.818
311.809 311.835 311.896
311.891 312.237 313.602
311.810 311.871 311.910
311.837 311.947 312.304
311.795 312.264 313.102
311.801 311.880 311.973
311.830 311.905 311.953
311.847 311.871 311.915
311.811 311.910 312.172
311.840 312.126 312.936
311.840 312.034 312.669
311.813 311.864 311.955
311.770 311.877 312.046
311.831 311.876 311.926
311.852 311.959 312.172
311.839 311.901 311.960
311.813 311.856 311.896
311.850 311.890 311.930
311.845 311.900 312.047
311.846 311.877 311.939
311.800 311.880 312.042
311.839 311.893 311.958
311.848 311.879 311.946
311.829 311.866 311.915
311.823 311.880 311.936
311.854 312.012 312.580
311.818 311.850 311.877
311.791 311.857 311.915
311.821 311.865 311.962
311.814 311.893 311.993
311.889 312.221 313.437
311.830 311.893 312.008
311.819 311.933 312.228
311.822 311.869 311.971
311.789 311.998 312.551
311.858 311.893 311.936
311.802 311.873 312.013
311.828 311.856 311.882
311.822 312.045 312.752
311.841 311.865 311.900
311.812 311.865 311.909
311.783 311.844 311.895
311.814 311.938 312.321
311.814 311.855 311.939
311.788 311.866 311.961
311.815 311.884 311.955
311.793 311.868 311.906
311.852 311.893 311.920
311.849 311.907 312.032
311.863 311.869 311.874
311.787 311.883 312.031
311.841 311.861 311.884
311.815 312.000 312.571
311.846 311.892 311.962
311.833 311.879 312.012
311.846 311.906 311.969
311.822 311.929 312.293
311.801 311.829 311.901
311.847 312.393 313.717
311.816 311.950 312.383
311.845 311.892 311.973
311.778 311.861 311.931
311.829 312.349 314.061
311.792 311.858 311.890
311.801 311.867 311.931
311.830 311.869 311.905
311.798 311.878 311.970
311.781 311.868 311.958
311.818 311.852 311.936
311.775 311.853 311.908
311.831 311.890 311.940
311.850 311.912 312.006
311.830 311.892 311.992
311.810 312.054 312.671
311.881 311.919 311.951
311.802 311.900 312.056
311.807 311.894 311.985
311.866 311.945 312.152
311.829 311.894 312.043
311.829 311.880 312.004
311.814 312.214 313.648
311.837 311.874 311.914
311.867 311.890 311.916
311.848 311.898 311.995
311.846 311.905 311.962
311.833 311.914 312.020
311.835 311.884 311.951
311.808 311.864 311.981
311.827 312.206 313.559
311.838 311.887 312.052
311.775 311.901 312.084
311.810 311.847 311.886
311.828 311.951 312.344
311.790 311.954 312.467
311.845 311.902 312.010
311.879 312.666 314.514
311.812 311.860 311.926
311.810 311.870 311.957
311.791 311.847 311.930
311.825 311.847 311.878
311.838 311.884 311.942
311.807 311.891 311.956
311.851 311.906 311.996
311.844 311.884 311.999
311.802 311.851 311.900
311.823 311.894 312.127
311.819 312.089 312.602
311.819 311.853 311.914
311.809 312.442 313.245
311.813 311.850 311.891
311.809 311.887 312.036
311.805 312.008 312.586
311.849 311.880 311.916
311.851 311.879 311.948
311.882 311.921 311.999
311.857 311.891 311.999
311.806 311.860 311.921
311.829 311.924 312.112
311.860 312.422 314.642
311.829 311.877 311.910
311.881 311.928 312.045
311.829 311.869 311.907
311.822 311.880 311.951
311.883 312.015 312.419
311.843 311.919 312.140
311.785 312.118 313.151
311.840 311.882 311.928
311.839 311.859 311.893
311.827 311.886 311.917
311.864 311.913 311.986
311.814 311.874 312.012
311.794 311.865 311.933
311.823 311.860 311.894
311.843 311.882 311.953
311.847 311.909 312.013
311.839 311.881 311.953
311.820 312.037 312.773
311.832 311.872 311.940
311.830 311.903 311.948
311.839 311.872 311.888
311.819 311.881 311.922
311.816 311.848 311.887
311.861 311.897 311.944
311.840 311.951 312.292
311.854 311.895 311.946
311.869 312.680 315.710
311.800 311.876 311.917
311.817 312.370 314.473
311.840 311.900 311.968
311.812 311.863 311.884
311.839 311.884 311.932
311.868 311.900 311.925
311.809 311.897 312.009
311.805 312.064 312.793
311.854 311.923 312.032
311.822 311.874 311.954
311.842 311.883 311.908
311.862 312.041 312.622
311.839 311.871 311.912
311.836 311.876 311.935
311.841 311.879 311.959
311.821 311.865 311.920
311.839 312.009 312.395
311.807 312.205 313.652
311.816 311.866 311.918
311.839 311.870 311.928
311.826 311.921 312.008
311.845 311.906 312.006
311.839 311.913 312.106
311.856 311.916 312.014
311.880 311.941 312.032
311.840 311.878 311.932
311.883 311.944 312.050
311.818 311.870 312.002
311.813 311.852 311.916
311.799 311.876 311.983
311.769 311.970 312.405
311.894 311.932 311.987
311.810 311.869 311.952
311.832 311.865 311.930
311.850 312.144 313.234
311.859 311.886 311.918
311.835 312.123 312.964
311.811 311.878 311.953
311.867 311.890 311.926
311.790 311.869 312.003
311.846 311.983 312.495
311.829 311.893 311.954
311.825 312.108 312.809
311.803 311.884 311.949
311.823 311.864 311.880
311.840 311.918 312.025
311.806 311.869 311.960
311.801 311.939 312.210
311.796 311.855 311.915
311.850 312.000 312.475
311.839 311.879 311.966
311.852 311.890 311.915
311.800 311.882 311.970
311.814 311.887 311.933
311.805 311.920 312.022
311.791 312.058 312.872
311.855 311.941 312.096
311.847 311.912 311.955
311.805 312.137 313.137
311.829 311.896 311.954
311.790 311.860 311.955
311.819 311.881 311.960
311.823 311.887 311.945
311.812 311.847 311.907
311.832 312.317 314.076
311.870 311.934 312.009
311.851 311.943 312.198
311.834 311.931 312.117
311.819 311.866 311.949
311.835 311.910 312.090
311.869 311.925 311.962
311.841 311.894 311.987
311.849 311.904 311.964
311.864 311.887 311.945
311.819 311.896 312.003
311.838 311.904 311.943
311.820 312.414 314.693
311.831 311.863 311.911
311.840 311.897 311.972
311.843 311.917 312.091
311.812 311.865 311.918
311.875 311.900 311.939
311.843 311.882 311.947
311.856 311.891 312.013
311.818 311.857 311.886
311.823 311.879 311.931
311.854 311.872 311.902
311.837 311.873 311.914
311.838 311.895 312.000
311.858 312.135 313.059
311.834 311.874 311.907
311.822 311.863 311.911
311.861 311.913 312.009
311.830 311.875 311.987
311.798 311.864 312.004
311.795 311.924 312.165
311.822 312.142 313.274
311.756 311.797 311.853
311.776 311.859 311.984
311.847 312.220 313.618
311.884 311.905 311.939
311.823 312.144 313.078
311.822 311.915 312.038
311.817 311.899 312.036
311.814 312.292 314.058
311.831 311.910 312.059
311.825 311.867 311.940
311.876 311.944 312.020
311.844 311.876 311.914
311.846 311.988 312.412
311.832 311.871 311.897
311.835 311.990 312.577
311.816 312.039 312.647
311.839 312.030 312.582
311.821 311.868 311.973
311.840 312.034 312.664
311.798 311.858 311.926
311.876 311.907 311.971
311.801 311.865 311.914
311.823 311.865 311.949
311.821 311.877 311.921
311.837 311.891 311.951
311.825 311.994 312.504
311.815 311.876 311.926
311.825 311.900 311.961
311.806 311.864 311.914
311.812 311.867 311.958
311.874 311.909 311.935
311.797 311.864 311.950
311.835 311.866 311.899
311.804 311.890 311.975
311.842 311.883 311.926
311.851 311.880 311.927
311.809 311.869 311.961
311.853 311.938 312.122
311.813 311.905 312.142
311.826 311.862 311.918
311.793 311.903 312.184
311.832 311.869 311.943
311.841 311.904 312.016
311.828 311.910 312.003
311.816 311.891 311.988
311.815 311.861 311.963
311.802 311.847 311.906
311.820 311.867 311.950
