2.880 3.085 3.305
2.871 3.039 3.118
2.805 3.079 3.267
2.960 3.085 3.182
2.805 3.042 3.324
2.895 3.986 7.917
2.969 3.368 4.561
2.826 4.215 6.864
2.890 3.084 3.219
2.895 3.015 3.093
2.928 3.007 3.142
2.803 2.967 3.275
3.008 3.041 3.076
3.530 4.485 5.400
2.788 2.984 3.205
2.943 3.073 3.229
2.826 2.982 3.128
2.910 3.026 3.198
2.954 3.115 3.293
2.789 3.052 3.203
2.853 3.006 3.154
2.806 3.085 3.281
2.890 3.006 3.233
2.845 3.392 5.135
3.100 3.706 5.825
2.930 3.038 3.218
2.862 2.900 2.953
2.848 2.979 3.166
2.918 3.088 3.210
2.849 3.054 3.282
2.923 3.603 4.735
4.002 4.940 6.034
2.958 3.026 3.085
2.915 3.073 3.223
3.013 3.082 3.172
2.844 3.019 3.133
2.911 4.077 6.172
2.860 3.019 3.257
2.878 3.058 3.329
2.984 3.064 3.214
2.831 2.980 3.132
2.828 2.989 3.133
2.827 3.042 3.163
2.840 2.982 3.137
2.935 3.208 3.908
2.914 3.348 4.440
2.959 3.084 3.265
2.944 3.025 3.125
2.906 3.493 5.006
3.216 3.923 5.558
3.002 3.139 3.303
2.805 3.759 5.353
2.928 2.971 3.024
2.888 2.973 3.167
3.229 4.544 5.317
2.947 2.999 3.100
2.977 3.055 3.107
2.862 3.097 3.505
2.682 2.955 3.153
2.872 3.566 5.118
3.020 3.125 3.232
2.864 2.987 3.138
2.945 3.125 3.395
2.897 3.518 4.320
2.833 2.943 3.064
2.873 3.361 4.587
2.864 3.038 3.240
3.008 4.113 5.335
2.845 3.637 5.984
2.834 3.743 5.125
2.911 3.443 4.187
2.884 3.219 3.610
2.841 3.229 3.867
2.911 3.109 3.198
2.900 2.988 3.085
3.062 3.288 3.851
2.662 2.924 3.257
2.942 3.278 4.099
2.871 3.204 3.963
2.984 3.098 3.315
2.881 3.115 3.274
3.004 3.052 3.086
2.929 3.103 3.360
2.864 3.198 4.133
3.052 3.084 3.149
2.867 3.004 3.130
2.657 3.106 3.828
2.868 3.039 3.231
2.985 3.058 3.152
2.918 3.022 3.089
3.052 3.134 3.211
2.810 2.977 3.066
3.002 3.100 3.187
3.044 3.220 3.832
2.877 3.056 3.127
2.862 2.973 3.103
2.848 3.078 3.199
2.857 3.395 5.200
2.802 3.136 3.473
2.945 3.184 3.292
2.831 3.019 3.152
3.552 4.220 5.474
2.895 3.039 3.237
2.943 3.130 3.313
2.869 2.963 3.078
3.050 3.126 3.194
3.048 3.077 3.131
2.905 2.988 3.153
3.031 3.154 3.294
2.828 3.025 3.136
2.948 3.526 5.039
2.841 3.009 3.170
3.077 3.147 3.236
2.863 3.075 3.401
2.843 3.093 3.334
2.974 3.137 3.320
2.895 3.083 3.237
2.971 3.146 3.327
2.928 3.137 3.357
2.845 3.077 3.207
3.004 3.489 4.691
2.798 3.029 3.239
2.995 4.229 5.969
2.843 3.036 3.318
3.017 3.204 3.351
2.850 3.060 3.276
2.946 3.200 3.478
3.091 3.143 3.212
2.929 3.130 3.229
3.052 3.159 3.346
3.028 3.145 3.231
2.999 3.179 3.358
3.014 3.118 3.208
3.091 3.602 5.220
2.982 4.181 5.414
2.907 3.173 3.554
3.047 3.487 4.571
2.932 3.104 3.249
3.000 3.040 3.133
3.081 3.187 3.297
3.272 4.560 6.895
3.088 3.785 6.351
3.035 3.141 3.331
2.820 3.083 3.271
3.064 3.160 3.319
2.851 3.062 3.399
2.991 3.088 3.218
2.830 3.494 5.292
2.650 3.042 3.308
2.988 3.144 3.293
2.808 3.114 3.481
2.960 3.144 3.375
3.181 3.216 3.285
3.078 3.383 4.151
2.957 3.353 4.306
3.018 3.170 3.410
2.988 3.403 4.065
2.923 3.082 3.275
3.007 3.460 4.468
2.917 3.079 3.214
3.092 3.413 4.496
3.046 3.234 3.352
2.951 3.132 3.388
3.100 3.222 3.349
3.018 3.178 3.435
2.962 3.034 3.086
3.035 3.176 3.255
2.941 3.051 3.286
2.888 3.030 3.151
2.911 3.076 3.157
2.829 3.185 3.885
2.909 3.052 3.201
2.938 3.035 3.285
2.918 3.680 4.627
2.932 3.351 4.676
2.865 3.351 4.621
2.946 3.028 3.140
2.880 3.045 3.169
2.905 3.043 3.236
2.807 3.089 3.197
2.958 3.250 3.969
2.818 2.971 3.176
2.841 3.004 3.346
2.987 3.036 3.102
2.973 3.083 3.185
2.947 3.090 3.230
2.924 3.060 3.359
2.879 3.194 3.700
2.937 3.001 3.135
2.963 3.137 3.361
2.810 3.002 3.232
2.963 3.010 3.117
2.835 3.909 6.098
2.905 3.252 4.035
2.959 3.121 3.242
2.907 2.960 3.086
2.887 3.241 4.120
3.017 3.079 3.158
2.821 2.998 3.209
3.016 3.110 3.219
2.973 3.159 3.354
2.723 2.961 3.252
2.863 2.932 2.999
2.838 2.975 3.162
2.918 3.131 3.832
2.946 3.058 3.125
2.810 2.965 3.100
2.842 2.961 3.143
2.881 3.038 3.209
2.835 3.350 4.236
3.008 3.849 6.337
2.849 3.592 5.786
2.916 3.106 3.273
2.838 3.052 3.340
2.966 3.062 3.109
2.939 3.040 3.255
2.815 2.972 3.171
2.882 3.045 3.142
2.824 3.080 3.273
3.036 3.390 4.513
2.954 2.983 3.028
2.844 3.078 3.305
2.946 3.068 3.161
2.876 3.046 3.193
2.875 2.968 3.032
3.009 3.277 4.088
2.870 3.022 3.121
2.848 3.001 3.084
2.901 2.999 3.070
2.891 3.025 3.173
2.921 3.163 3.795
3.100 3.910 5.471
2.942 3.662 6.277
2.818 3.016 3.192
2.954 3.062 3.242
3.046 3.095 3.155
2.914 3.112 3.299
2.955 3.293 4.106
3.036 3.099 3.147
3.091 3.135 3.226
2.913 3.151 3.333
2.861 3.014 3.109
2.894 3.009 3.142
2.857 2.963 3.130
2.834 2.996 3.099
2.857 2.971 3.212
2.864 3.297 3.923
2.812 2.992 3.132
2.922 3.150 3.619
2.808 2.973 3.136
2.886 3.008 3.094
2.852 3.008 3.089
2.872 3.000 3.117
2.810 2.921 3.012
2.902 3.042 3.181
2.853 2.958 3.053
2.789 3.023 3.359
2.838 2.971 3.208
2.945 3.075 3.272
2.789 3.032 3.116
2.940 3.318 4.223
2.853 2.879 2.942
2.940 3.106 3.205
2.921 3.053 3.161
3.098 3.463 3.827
2.901 3.036 3.260
2.834 2.964 3.040
3.008 3.249 3.540
2.915 2.993 3.097
2.881 2.982 3.045
2.861 2.963 3.065
2.868 2.923 3.011
2.804 2.961 3.157
2.940 3.042 3.184
2.762 2.915 3.028
2.833 2.963 3.163
2.982 3.097 3.207
2.786 2.909 3.101
2.911 3.043 3.197
2.944 3.031 3.111
2.834 2.904 3.119
2.854 2.974 3.091
2.841 2.953 3.066
2.895 3.031 3.231
2.790 3.301 4.581
2.773 3.066 3.247
2.919 3.348 4.506
2.827 2.947 3.132
2.864 3.035 3.226
2.863 2.999 3.098
2.808 2.937 3.058
2.821 2.885 3.063
2.950 3.040 3.113
2.873 3.177 4.075
2.794 2.969 3.118
2.859 3.039 3.114
2.883 2.974 3.113
2.884 3.103 3.245
2.826 2.961 3.086
2.796 3.117 3.596
2.858 3.569 5.657
2.816 2.983 3.093
2.911 3.056 3.318
2.820 3.028 3.279
2.904 2.985 3.059
2.959 3.057 3.215
2.850 3.048 3.219
2.822 2.959 3.064
2.979 3.156 3.519
2.823 3.028 3.203
2.972 3.492 5.372
2.864 2.987 3.122
2.822 2.954 3.195
2.871 2.966 3.141
2.972 3.059 3.125
2.852 2.934 3.042
2.824 2.925 3.109
2.995 4.641 6.837
2.937 3.442 5.206
2.886 3.085 3.321
2.936 3.011 3.105
2.855 2.946 3.061
2.709 3.412 5.266
2.869 3.141 3.395
2.851 2.922 3.098
2.932 3.314 4.363
2.853 3.107 3.269
2.924 3.393 4.763
3.033 3.148 3.307
2.892 3.036 3.227
2.844 3.013 3.129
3.040 3.678 5.872
2.829 2.955 3.057
2.880 3.108 3.311
2.930 3.036 3.124
3.139 3.957 5.264
2.794 3.112 3.787
2.899 3.016 3.099
2.969 4.068 5.257
2.856 3.302 4.419
2.825 2.925 3.028
2.877 3.000 3.163
2.789 2.889 3.042
2.883 2.963 3.123
2.885 3.583 5.706
2.890 2.978 3.109
2.944 3.594 5.330
2.852 2.912 3.010
2.880 3.057 3.183
2.812 2.913 3.078
2.810 2.971 3.200
3.027 3.246 3.869
2.797 3.427 4.218
3.109 4.399 6.058
2.864 3.033 3.241
2.797 2.911 3.092
2.895 2.951 3.002
2.948 3.234 3.823
2.928 3.405 4.426
2.837 3.005 3.242
3.060 3.110 3.188
2.945 3.226 3.709
2.854 2.967 3.199
2.814 2.977 3.127
3.046 3.122 3.260
2.805 2.998 3.173
2.851 2.889 2.968
2.881 3.067 3.343
2.823 2.931 3.132
2.824 2.949 3.142
3.124 4.276 6.401
3.036 3.617 4.700
2.813 2.973 3.129
2.978 3.763 6.369
3.014 3.082 3.155
2.787 2.981 3.137
2.880 3.221 3.624
2.888 3.537 5.476
2.856 2.995 3.139
2.974 3.762 5.770
2.857 2.988 3.181
2.829 3.278 4.619
3.040 3.462 5.114
2.922 2.994 3.186
2.791 2.923 3.099
2.791 2.993 3.218
2.809 3.896 6.666
2.813 2.902 3.045
3.019 3.947 5.282
3.026 3.948 4.952
2.802 2.959 3.077
2.825 3.641 5.274
2.659 2.937 3.132
2.780 2.960 3.176
2.816 3.224 3.772
2.824 2.924 2.989
2.911 2.989 3.146
2.989 3.114 3.278
2.930 3.661 5.063
2.866 3.016 3.126
2.840 3.061 3.260
2.934 3.102 3.258
2.892 3.022 3.173
2.896 3.002 3.124
2.982 3.078 3.135
2.971 3.171 3.706
2.907 3.002 3.127
3.002 3.969 6.527
2.914 3.033 3.299
2.821 3.051 3.248
2.890 2.956 3.003
2.903 2.981 3.066
2.842 3.012 3.108
2.926 3.015 3.179
2.838 3.003 3.216
2.808 2.994 3.167
2.863 3.034 3.170
2.830 2.971 3.128
2.826 3.176 3.846
2.802 3.114 4.105
2.799 3.012 3.291
2.805 3.035 3.303
2.852 2.929 2.991
2.833 2.928 3.087
2.818 3.402 5.182
3.073 4.627 7.204
2.908 3.016 3.110
2.981 3.623 5.403
2.854 2.930 3.070
2.871 3.076 3.217
3.007 4.209 6.019
2.852 2.970 3.067
2.990 3.094 3.276
2.838 2.989 3.088
2.957 3.056 3.124
2.984 3.113 3.229
2.845 3.254 4.419
2.895 3.107 3.343
2.907 2.997 3.168
3.042 3.142 3.242
2.916 3.062 3.248
2.827 2.967 3.105
2.823 3.390 4.118
2.915 3.073 3.418
2.920 3.072 3.233
2.937 4.106 5.053
3.138 4.166 5.744
3.519 4.820 6.115
2.760 2.983 3.162
2.919 3.062 3.342
2.997 3.070 3.160
2.828 3.039 3.308
2.833 3.022 3.109
2.947 3.027 3.235
2.807 3.044 3.689
2.862 2.973 3.306
3.026 3.089 3.162
2.752 2.963 3.067
2.991 3.106 3.261
2.930 3.064 3.287
2.837 3.000 3.119
2.821 3.032 3.275
2.783 2.950 3.132
2.892 3.089 3.233
2.986 3.156 3.490
3.023 3.716 5.215
2.983 3.094 3.263
2.984 3.060 3.168
2.891 3.072 3.230
2.911 3.040 3.208
2.908 3.081 3.197
2.982 3.082 3.201
2.895 3.022 3.170
2.949 3.058 3.202
2.811 2.939 3.131
2.920 2.990 3.088
2.909 3.148 3.450
2.879 2.971 3.027
2.991 3.096 3.271
2.978 3.139 3.284
3.046 3.164 3.310
2.824 3.019 3.175
3.036 4.027 5.292
2.980 3.970 5.442
2.835 3.307 4.404
2.859 3.013 3.187
2.867 2.990 3.195
3.032 3.067 3.115
2.880 3.121 3.594
2.900 2.955 3.049
2.956 3.020 3.058
2.800 3.027 3.307
2.909 2.992 3.120
2.974 3.158 3.378
2.822 2.967 3.164
2.802 2.977 3.133
3.072 3.778 6.282
2.820 2.974 3.088
2.840 3.065 3.246
3.054 3.115 3.218
2.840 2.917 3.008
2.868 3.201 3.895
3.090 3.213 3.346
2.971 3.114 3.399
2.938 3.025 3.102
2.902 3.312 4.191
3.011 3.112 3.248
2.818 3.062 3.161
2.844 2.972 3.128
2.972 3.739 6.369
2.919 3.126 3.321
2.935 3.067 3.218
2.938 4.649 10.934
2.843 2.971 3.149
2.981 3.084 3.260
2.948 3.207 3.865
2.881 3.079 3.221
2.998 3.145 3.220
2.872 3.068 3.369
2.915 3.076 3.307
2.923 3.014 3.235
2.844 3.301 4.331
2.904 3.042 3.216
2.887 3.118 3.334
2.865 3.001 3.082
2.815 2.953 3.054
2.909 3.046 3.315
2.850 3.076 3.232
3.014 3.153 3.352
2.861 3.044 3.169
2.943 3.060 3.130
2.847 3.003 3.157
2.994 3.106 3.243
2.873 2.986 3.198
2.918 3.362 4.601
3.035 4.319 7.267
2.930 3.070 3.247
2.873 2.996 3.150
2.823 3.072 3.409
2.920 3.086 3.258
3.045 3.151 3.265
2.999 3.534 5.303
2.764 2.954 3.169
3.015 3.101 3.359
3.015 3.099 3.151
2.936 3.075 3.223
2.829 2.962 3.079
2.948 3.058 3.251
2.885 3.100 3.316
2.815 3.075 3.384
2.931 2.990 3.094
2.871 3.107 3.367
3.054 3.328 4.148
2.997 3.195 3.448
2.971 4.212 8.716
2.893 3.402 4.075
2.843 3.991 5.911
2.854 2.975 3.126
2.876 2.971 3.106
2.875 3.034 3.251
2.949 3.047 3.108
2.701 3.009 3.171
2.824 3.441 4.743
2.919 3.002 3.095
2.857 2.987 3.109
2.889 3.039 3.241
2.880 3.017 3.107
2.819 3.148 3.272
2.943 3.069 3.218
2.970 3.313 3.869
3.491 4.697 6.508
2.866 3.005 3.100
2.974 3.038 3.117
2.926 3.118 3.255
2.921 3.022 3.187
3.011 3.077 3.158
2.940 3.148 3.349
2.835 3.088 3.293
2.969 3.074 3.160
3.048 3.263 3.929
2.854 3.488 5.155
2.839 3.021 3.368
2.940 2.988 3.051
2.846 3.037 3.222
2.801 3.081 3.267
2.925 3.035 3.186
2.945 3.104 3.423
3.065 3.573 4.925
2.972 3.760 5.672
2.860 3.230 3.888
2.994 3.101 3.236
3.118 3.203 3.290
2.892 3.030 3.181
3.002 3.194 3.321
2.946 3.150 3.365
2.948 3.080 3.343
3.075 3.137 3.208
2.845 3.032 3.292
2.948 3.157 3.318
2.914 3.031 3.155
2.831 3.088 3.371
2.960 3.095 3.290
2.852 3.042 3.324
2.742 2.993 3.248
2.938 3.104 3.308
2.987 3.086 3.192
2.967 3.171 3.280
3.002 3.692 5.528
3.044 3.102 3.217
2.928 3.609 5.893
2.809 3.004 3.152
2.965 3.029 3.122
2.794 3.081 3.293
2.838 2.999 3.200
2.897 3.066 3.197
2.945 3.068 3.176
2.997 3.232 3.947
2.895 3.055 3.200
2.913 3.060 3.180
2.855 3.062 3.303
3.006 3.151 3.364
2.938 3.080 3.183
2.932 3.141 3.267
2.956 3.124 3.246
2.894 3.082 3.227
3.076 3.156 3.280
2.959 3.071 3.127
2.963 3.063 3.202
2.902 3.083 3.290
2.840 2.960 3.095
2.961 3.127 3.267
2.875 3.095 3.259
2.930 3.082 3.158
2.918 3.093 3.443
3.039 3.245 3.940
2.843 3.095 3.349
2.973 3.043 3.139
3.092 3.169 3.223
2.946 3.114 3.254
2.903 3.091 3.307
2.934 3.328 4.158
2.862 3.438 4.949
2.825 3.012 3.300
2.971 3.499 5.017
2.871 3.058 3.168
2.973 3.029 3.079
3.074 3.306 3.747
3.069 3.294 3.537
2.879 3.057 3.217
3.074 3.138 3.269
2.936 3.043 3.195
2.874 3.141 3.575
3.004 3.139 3.298
2.812 3.067 3.233
2.872 3.036 3.159
2.879 3.054 3.237
2.846 3.029 3.168
2.938 3.103 3.251
2.980 3.046 3.132
2.849 2.988 3.098
2.958 3.639 5.897
3.003 3.543 4.838
2.848 3.003 3.300
2.807 2.978 3.085
2.738 3.339 4.565
2.997 3.169 3.637
2.849 2.994 3.112
2.889 3.017 3.231
2.847 2.945 3.111
2.863 3.074 3.328
2.954 3.015 3.096
2.984 3.039 3.194
2.993 3.127 3.307
2.901 3.091 3.266
2.907 3.084 3.249
2.905 3.075 3.434
2.855 3.015 3.143
2.835 3.000 3.186
2.921 3.110 3.258
2.884 3.050 3.168
2.803 3.025 3.487
2.863 2.984 3.280
2.960 3.077 3.158
2.948 3.350 4.555
2.806 3.025 3.357
2.893 3.028 3.218
2.871 3.238 3.625
2.964 3.055 3.166
3.041 5.141 9.005
2.848 2.967 3.107
2.906 3.006 3.097
3.053 3.096 3.175
2.967 3.274 4.162
2.916 3.270 4.090
2.901 3.129 3.348
2.939 3.215 3.826
3.078 4.399 6.574
2.900 2.964 3.053
2.922 3.103 3.253
2.827 3.029 3.214
2.942 3.003 3.066
2.861 3.196 3.379
2.899 3.091 3.358
2.842 3.048 3.210
2.909 3.031 3.252
2.955 3.138 3.438
2.823 2.985 3.279
2.895 3.016 3.213
2.867 3.271 4.119
2.907 3.106 3.330
3.030 3.102 3.189
2.834 3.018 3.271
2.922 3.097 3.288
2.873 3.052 3.197
3.089 3.722 5.182
3.045 3.397 4.438
2.970 3.832 6.059
2.911 3.049 3.202
2.890 3.037 3.104
3.044 3.097 3.160
3.046 3.097 3.136
2.822 2.985 3.134
2.845 3.526 5.707
2.896 3.010 3.074
2.889 3.125 3.386
2.890 3.046 3.134
2.974 3.416 4.454
2.781 3.006 3.367
2.913 3.137 3.319
2.832 3.023 3.230
2.840 3.172 3.419
2.886 3.111 3.509
3.258 3.962 5.132
2.898 2.999 3.122
2.870 3.097 3.375
2.883 2.994 3.061
3.008 3.123 3.277
2.889 2.986 3.108
2.861 3.039 3.232
2.919 3.080 3.267
2.850 2.967 3.177
2.981 3.025 3.088
2.886 3.165 3.442
2.895 3.087 3.264
2.923 3.009 3.105
2.880 3.036 3.141
2.811 3.103 3.313
3.045 3.098 3.205
2.794 3.550 4.400
2.888 2.947 2.995
3.450 4.480 6.562
2.979 3.131 3.295
2.930 3.580 5.520
3.085 3.221 3.372
2.973 3.162 3.370
3.172 4.151 6.047
2.878 3.119 3.378
2.869 2.952 3.033
2.979 3.074 3.168
2.912 3.040 3.149
2.820 3.037 3.163
3.014 3.260 3.614
2.933 3.097 3.430
3.001 3.107 3.277
3.025 3.748 6.109
2.835 2.998 3.091
2.670 3.086 3.489
2.997 3.305 3.920
2.909 4.116 5.766
3.042 4.019 5.211
2.940 3.479 4.459
3.011 3.683 4.695
2.919 3.145 3.590
2.946 3.330 4.302
2.985 3.136 3.575
2.903 3.939 6.883
2.940 3.040 3.168
2.981 3.098 3.258
2.986 3.052 3.114
2.858 3.084 3.341
2.956 3.053 3.261
2.802 3.043 3.213
2.803 2.932 3.036
2.942 3.114 3.309
3.031 3.179 3.292
3.048 3.530 5.287
2.990 3.098 3.333
2.913 3.060 3.164
2.928 3.049 3.175
3.019 3.347 4.475
2.962 3.045 3.148
2.799 2.991 3.130
2.983 3.083 3.181
2.845 2.991 3.176
2.875 3.030 3.178
3.068 3.139 3.184
2.856 3.676 6.251
2.872 3.016 3.209
2.824 3.105 3.801
2.972 3.153 3.303
3.078 3.112 3.204
2.930 3.106 3.508
3.097 4.337 6.581
2.758 3.117 3.310
2.860 2.984 3.061
2.892 3.035 3.226
2.847 3.011 3.134
3.100 3.152 3.229
2.863 3.015 3.230
2.870 3.101 3.263
2.692 2.981 3.304
2.909 3.321 4.466
2.883 2.999 3.139
2.925 3.032 3.180
2.888 3.030 3.240
2.887 3.141 3.362
3.013 3.107 3.239
2.965 3.095 3.204
2.885 3.077 3.302
2.886 2.994 3.068
3.055 4.206 6.038
2.867 3.004 3.153
2.945 3.311 4.450
2.830 3.100 3.307
2.890 3.202 3.927
2.926 3.005 3.125
2.873 3.031 3.148
2.983 3.064 3.144
2.948 3.079 3.248
2.925 3.066 3.226
2.827 3.017 3.164
3.079 3.134 3.257
3.067 3.130 3.203
2.951 3.298 4.316
2.808 3.224 4.436
3.380 4.339 5.133
3.013 3.085 3.168
2.843 2.927 3.075
2.840 3.213 4.017
2.989 3.562 5.480
2.785 3.041 3.173
2.996 3.057 3.165
2.991 3.216 3.591
2.876 3.025 3.241
2.957 2.992 3.057
2.982 3.178 3.820
2.975 3.089 3.244
2.737 2.982 3.491
2.880 3.011 3.093
2.860 3.160 3.353
2.936 3.111 3.210
2.861 3.159 3.387
3.065 3.163 3.289
3.100 3.647 5.067
2.998 3.131 3.286
2.938 3.457 4.994
2.866 3.063 3.432
2.969 2.997 3.023
2.820 2.943 3.027
2.916 3.094 3.236
2.831 2.996 3.148
2.810 2.996 3.118
2.867 3.045 3.256
2.958 3.066 3.208
2.830 3.002 3.168
2.949 3.264 3.737
2.955 3.130 3.547
2.945 3.508 4.066
3.401 3.879 4.819
2.787 3.087 3.289
2.762 2.997 3.289
2.901 3.215 3.736
2.987 3.558 4.982
2.842 3.070 3.287
2.847 3.048 3.231
2.897 3.750 6.555
2.957 3.093 3.190
2.913 3.045 3.136
2.916 3.061 3.160
2.953 3.070 3.249
2.948 3.223 3.929
2.904 3.013 3.212
3.018 3.103 3.349
2.855 3.258 4.301
3.076 3.159 3.294
2.820 3.049 3.333
3.264 3.938 4.837
2.865 2.973 3.134
2.983 3.624 4.710
2.978 3.538 5.395
2.862 3.072 3.406
2.878 3.028 3.158
2.825 2.896 2.958
2.973 3.146 3.469
2.871 3.042 3.387
3.060 3.114 3.188
3.054 3.171 3.275
2.654 3.394 5.209
2.908 3.023 3.119
2.964 3.131 3.525
3.012 3.324 3.749
3.043 4.014 4.934
2.890 3.016 3.200
2.912 3.024 3.172
2.812 3.062 3.227
2.957 3.411 4.848
2.952 3.104 3.287
3.198 3.457 3.884
2.902 3.033 3.128
2.999 3.070 3.129
3.023 3.077 3.117
2.914 3.059 3.247
2.940 3.079 3.282
2.925 3.051 3.186
2.951 3.052 3.200
2.846 3.106 3.332
3.000 3.293 3.781
2.886 3.098 3.199
2.865 3.074 3.171
2.880 4.939 7.776
3.009 3.136 3.282
2.919 3.059 3.176
3.035 3.623 5.015
2.964 3.114 3.241
2.904 3.068 3.236
3.033 3.150 3.263
2.998 3.188 3.453
3.064 3.116 3.203
2.947 3.150 3.620
3.007 3.140 3.260
2.848 3.054 3.231
2.875 3.442 4.850
3.025 3.143 3.214
3.064 3.420 4.676
2.868 3.036 3.190
2.871 3.051 3.150
2.991 4.088 5.933
3.003 3.624 4.687
2.997 3.132 3.267
2.963 3.298 3.886
3.046 3.178 3.278
2.788 3.035 3.162
3.035 3.093 3.197
2.888 3.063 3.246
2.879 3.071 3.233
2.867 3.108 3.383
2.846 2.968 3.053
2.907 3.189 3.358
2.846 2.991 3.351
2.961 3.031 3.138
2.911 3.391 4.792
2.982 3.103 3.284
2.793 3.519 4.385
2.889 3.107 3.210
3.013 3.169 3.337
2.860 2.988 3.172
3.027 3.097 3.184
2.966 3.059 3.163
3.007 3.123 3.232
2.890 3.039 3.104
2.917 2.992 3.051
3.012 3.538 4.912
2.982 3.102 3.285
2.856 3.119 3.381
2.888 3.128 3.607
2.795 3.034 3.162
2.864 3.014 3.241
3.102 3.283 3.540
2.973 3.123 3.258
2.889 3.115 3.415
2.996 3.923 5.854
2.884 2.985 3.083
2.933 3.220 3.582
2.859 2.996 3.137
3.023 3.379 4.442
2.894 3.084 3.315
3.168 3.703 4.306
3.011 3.144 3.212
2.996 3.215 3.554
2.985 3.077 3.198
2.859 2.986 3.091
2.932 3.051 3.224
2.827 2.991 3.199
3.145 4.422 6.187
3.026 3.138 3.384
3.076 3.113 3.176
2.954 3.191 3.842
2.867 3.018 3.188
2.883 3.098 3.252
2.842 3.071 3.334
2.925 3.118 3.259
2.965 3.043 3.157
2.915 3.145 3.744
2.907 3.138 3.474
2.860 3.005 3.263
3.000 3.084 3.184
2.864 3.181 3.558
3.019 3.647 5.894
2.958 3.068 3.255
2.937 3.094 3.243
3.058 3.117 3.170
2.976 3.273 3.545
2.919 3.020 3.216
3.104 3.870 4.935
2.853 3.137 3.328
3.067 3.154 3.272
2.878 3.165 3.355
2.893 2.964 3.032
2.772 3.014 3.288
2.990 3.122 3.275
2.826 2.981 3.083
3.028 3.072 3.124
2.869 3.085 3.277
2.699 3.065 3.603
2.974 3.145 3.329
2.900 3.285 4.159
2.855 4.339 6.111
2.838 2.952 3.026
2.924 3.082 3.336
2.807 2.981 3.192
3.319 3.582 3.733
2.887 3.676 6.497
2.756 2.948 3.074
2.886 3.028 3.197
2.943 3.077 3.314
2.908 3.069 3.246
2.890 3.437 4.961
2.839 3.036 3.208
2.879 3.038 3.159
2.890 3.040 3.154
2.836 3.078 3.286
2.966 3.117 3.230
2.813 3.163 3.501
3.016 3.299 3.974
2.723 3.379 5.025
2.826 3.018 3.150
2.856 3.064 3.272
2.920 3.147 3.293
2.848 2.974 3.124
2.909 2.958 3.100
2.919 3.063 3.183
3.021 3.100 3.248
2.581 3.008 3.320
3.031 4.571 7.182
2.844 3.059 3.255
2.997 3.107 3.223
2.903 3.060 3.167
2.854 3.021 3.129
2.999 3.152 3.248
3.230 4.361 5.701
2.872 2.923 3.023
2.849 3.002 3.117
2.979 3.058 3.261
2.827 3.043 3.250
2.867 3.143 3.304
2.947 3.064 3.198
2.773 3.384 4.649
2.806 2.973 3.173
3.003 3.151 3.367
2.870 3.014 3.202
2.810 3.063 3.202
3.011 3.116 3.303
3.010 3.118 3.302
2.826 3.017 3.270
2.920 3.121 3.230
2.792 2.920 2.994
2.865 2.940 3.061
2.795 3.720 4.747
2.870 2.995 3.106
2.793 3.149 3.787
2.873 2.985 3.166
2.945 3.535 5.374
2.843 3.051 3.269
2.913 3.155 3.902
2.679 2.877 3.047
2.872 2.999 3.122
2.836 2.991 3.120
2.956 3.325 4.620
2.947 3.076 3.250
2.907 3.011 3.156
2.925 2.978 3.107
2.822 3.125 3.626
3.174 3.819 5.041
2.994 3.011 3.033
2.794 2.963 3.217
2.812 3.472 5.339
2.821 2.906 3.064
2.881 3.556 5.624
2.811 3.227 4.536
2.903 2.977 3.082
2.834 3.108 3.363
2.828 3.006 3.252
2.861 3.112 3.840
2.836 2.989 3.091
2.921 3.051 3.249
2.846 3.004 3.153
2.858 2.947 3.084
3.158 3.841 4.999
3.079 3.130 3.264
2.787 2.926 2.997
2.850 2.920 2.996
3.015 3.227 3.640
2.836 3.014 3.161
2.938 3.184 3.681
2.935 3.042 3.193
2.879 2.923 2.992
2.858 2.999 3.205
2.827 3.070 3.384
2.856 2.983 3.119
2.917 3.029 3.150
2.873 3.015 3.161
2.763 2.959 3.084
2.940 3.068 3.203
2.830 3.414 5.164
3.151 3.427 4.169
3.010 4.667 6.797
2.830 3.062 3.338
2.873 2.982 3.185
2.611 3.196 3.851
2.962 3.058 3.280
2.908 3.023 3.089
2.820 3.013 3.232
2.815 2.995 3.143
2.858 2.969 3.055
2.822 3.042 3.154
2.878 3.163 3.532
2.843 2.976 3.102
2.779 2.936 3.059
2.845 2.990 3.072
2.811 2.959 3.158
3.043 3.159 3.254
2.863 3.030 3.151
2.806 2.965 3.139
2.885 3.203 3.939
2.889 2.943 2.996
16.877 17.011 17.200
16.825 17.079 17.238
16.851 17.011 17.167
16.827 16.900 17.043
16.848 16.994 17.240
16.839 16.939 17.075
16.802 17.011 17.185
16.888 16.946 17.013
16.972 17.086 17.207
16.944 17.231 18.054
16.898 17.036 17.104
16.829 17.262 18.330
16.933 17.669 19.166
17.381 17.893 19.391
16.849 17.025 17.175
16.778 16.947 17.075
16.787 16.897 17.047
16.880 16.989 17.130
16.801 16.988 17.159
16.905 16.971 17.046
16.852 17.068 17.214
16.944 17.085 17.188
16.940 17.182 17.984
16.836 16.995 17.087
16.918 17.051 17.159
16.766 16.915 17.028
16.899 16.998 17.105
16.879 17.075 17.461
16.893 17.025 17.131
17.077 17.453 18.528
16.955 17.349 18.684
16.853 17.769 19.125
16.839 16.967 17.076
16.824 16.914 17.027
16.869 17.050 17.212
16.852 16.919 17.033
16.841 17.229 18.159
16.791 16.906 17.023
16.833 16.971 17.286
16.828 16.975 17.155
16.953 17.205 17.681
16.864 16.932 16.992
16.748 17.172 18.146
16.774 16.920 17.146
17.075 17.132 17.258
16.870 16.993 17.076
16.871 17.029 17.187
16.945 17.058 17.224
16.956 17.696 20.280
16.834 17.060 17.293
16.850 16.925 17.037
16.805 17.052 17.305
16.944 17.010 17.108
16.915 17.504 19.575
16.805 17.078 17.229
17.006 17.970 18.902
16.887 17.020 17.139
16.856 17.028 17.181
16.897 16.980 17.022
16.978 17.029 17.082
16.573 16.854 17.024
16.812 17.000 17.225
17.508 18.866 20.855
16.808 16.938 17.025
16.918 17.497 18.403
16.926 16.998 17.056
16.851 16.998 17.126
16.904 16.961 17.051
16.839 17.546 19.700
16.707 16.883 17.074
16.862 16.961 17.034
16.834 17.014 17.108
17.095 17.236 17.505
16.884 16.975 17.072
16.915 16.990 17.066
16.810 16.919 17.104
16.792 16.889 17.028
16.890 16.947 16.996
16.992 17.071 17.139
16.863 16.937 17.000
16.947 17.091 17.206
17.218 17.676 18.342
16.923 17.414 18.965
16.837 17.246 18.277
16.919 17.030 17.262
16.832 16.961 17.074
16.782 16.975 17.212
16.784 16.925 17.131
16.924 17.051 17.195
16.838 17.132 17.783
16.820 16.971 17.137
16.953 17.051 17.132
16.902 17.051 17.262
17.115 17.952 19.774
16.805 17.792 20.394
17.060 18.535 20.719
16.838 17.006 17.102
16.865 17.071 17.729
16.804 17.862 19.609
16.805 17.679 19.750
16.822 17.022 17.619
16.790 16.914 17.082
16.802 16.995 17.134
16.818 16.963 17.074
16.803 16.958 17.187
16.800 16.881 17.007
16.760 16.927 17.058
16.865 16.917 17.034
16.830 17.069 17.519
16.865 16.998 17.214
16.825 17.057 17.434
17.028 17.130 17.218
16.841 16.963 17.058
16.819 17.223 17.508
16.803 17.044 17.233
16.900 17.027 17.105
16.940 17.078 17.158
2.978 3.177 3.404
2.795 2.939 3.179
2.805 2.991 3.279
2.911 2.999 3.093
2.828 2.956 3.301
2.901 2.980 3.021
2.864 2.977 3.182
2.891 3.086 3.331
2.916 3.113 3.292
2.890 3.025 3.156
2.859 3.035 3.219
3.026 3.114 3.314
2.942 3.124 3.468
2.795 3.035 3.317
2.875 3.063 3.265
2.875 2.939 3.048
2.920 3.071 3.218
2.797 2.936 3.022
2.952 3.024 3.132
2.895 2.974 3.037
2.923 3.018 3.121
2.814 2.911 3.087
2.905 3.291 4.248
2.938 3.048 3.227
2.844 2.990 3.076
2.811 2.954 3.204
3.033 3.133 3.253
2.944 3.011 3.140
2.944 3.062 3.240
2.917 3.477 5.020
2.876 2.957 3.081
2.922 3.072 3.274
2.957 3.746 4.828
2.807 3.108 3.260
2.796 3.027 3.170
2.838 3.089 3.454
2.916 3.017 3.211
2.968 2.989 3.031
2.906 3.020 3.102
2.919 2.992 3.053
2.846 3.004 3.131
2.972 3.117 3.281
2.986 3.375 4.566
2.841 3.183 4.250
3.934 5.185 7.461
2.954 3.029 3.126
2.851 2.982 3.112
2.845 3.095 3.692
2.832 3.015 3.116
2.898 3.693 5.360
2.859 2.929 3.004
2.821 3.004 3.310
2.848 3.609 6.065
2.884 2.999 3.203
2.993 3.571 4.553
2.901 3.033 3.288
2.964 3.044 3.144
2.790 2.960 3.078
2.837 2.981 3.093
2.905 3.043 3.183
2.897 3.004 3.090
2.858 2.986 3.181
2.871 3.388 4.585
2.859 3.028 3.315
2.999 3.080 3.171
2.875 2.924 2.986
2.998 3.341 4.309
2.778 2.965 3.129
2.907 3.248 4.319
2.833 2.990 3.207
2.890 3.035 3.226
2.857 3.128 3.358
2.674 2.994 3.508
2.892 3.062 3.204
2.817 3.006 3.285
2.958 3.079 3.166
2.882 3.138 3.289
2.898 3.069 3.347
2.786 3.137 3.470
2.867 3.068 3.471
2.860 3.001 3.104
2.875 2.970 3.044
2.932 3.481 4.247
3.032 4.051 5.763
2.894 3.106 3.247
2.872 2.951 3.019
2.887 3.031 3.191
2.897 3.018 3.105
3.047 3.127 3.223
2.830 2.958 3.096
2.866 3.077 3.305
2.923 3.084 3.212
2.908 3.651 6.064
2.898 3.054 3.159
2.928 3.109 3.256
2.832 3.159 3.836
2.883 3.024 3.166
2.856 3.040 3.265
2.845 3.030 3.215
2.903 3.036 3.211
2.912 3.035 3.166
2.904 3.053 3.221
2.839 2.973 3.093
2.876 3.044 3.219
2.838 2.987 3.176
2.918 3.066 3.277
2.988 3.125 3.283
2.859 3.029 3.142
2.908 3.037 3.291
2.851 2.950 3.058
2.995 3.112 3.267
3.049 3.288 3.718
2.919 3.039 3.130
2.995 3.737 4.631
2.867 2.989 3.110
2.924 3.070 3.271
2.874 3.010 3.137
2.893 3.120 3.289
2.878 3.065 3.265
2.851 2.989 3.296
2.898 3.063 3.178
2.872 3.012 3.222
2.954 3.163 3.313
2.941 3.072 3.255
2.896 3.045 3.240
2.891 3.301 4.444
2.967 4.731 6.786
2.809 3.010 3.338
2.993 3.406 4.523
2.912 3.028 3.216
3.326 4.651 6.577
3.053 3.095 3.222
2.850 3.070 3.470
2.950 3.041 3.136
2.860 3.044 3.215
2.975 3.086 3.186
2.939 3.126 3.372
2.950 3.097 3.303
2.838 2.945 3.085
2.939 3.098 3.280
2.968 3.082 3.151
2.926 3.071 3.251
2.939 3.046 3.139
3.080 3.143 3.255
2.903 3.275 4.345
2.896 3.069 3.322
2.919 3.199 3.908
2.904 3.199 3.417
2.773 3.044 3.264
2.963 3.045 3.173
3.015 3.456 4.922
2.947 3.115 3.307
2.874 3.425 5.203
2.952 3.030 3.106
2.967 3.118 3.245
2.992 3.186 3.656
2.995 3.150 3.311
2.737 2.880 3.051
2.962 3.118 3.267
3.078 3.992 6.432
2.948 3.068 3.130
2.850 2.990 3.223
2.929 2.990 3.030
2.961 3.040 3.161
2.806 3.014 3.175
3.018 3.127 3.246
2.981 3.049 3.157
2.943 3.070 3.187
2.886 3.026 3.206
2.995 3.293 4.062
2.990 3.103 3.237
2.729 2.890 2.949
2.833 2.990 3.209
3.080 3.132 3.184
2.843 2.986 3.082
2.936 4.060 6.201
2.889 3.024 3.192
2.935 3.046 3.240
2.904 3.536 4.545
2.884 2.990 3.160
2.891 3.126 3.352
2.809 2.979 3.180
2.837 2.983 3.171
2.868 3.061 3.184
2.893 3.020 3.177
2.916 3.062 3.150
2.886 3.049 3.205
2.844 2.932 3.093
2.971 3.331 4.301
2.913 3.043 3.175
2.954 3.059 3.196
2.917 3.136 3.382
3.225 4.249 6.400
2.917 3.000 3.091
2.968 3.204 3.710
2.986 3.084 3.254
2.886 2.995 3.129
2.839 3.114 3.885
2.874 3.030 3.158
2.941 3.097 3.376
2.854 2.937 2.994
2.918 4.214 6.786
2.868 3.065 3.412
2.867 3.219 3.793
2.866 3.126 3.222
2.964 3.356 4.749
2.877 3.104 3.254
2.982 3.118 3.324
2.842 2.984 3.221
2.973 3.058 3.154
2.855 3.001 3.188
2.806 2.959 3.162
2.864 2.945 3.030
2.850 2.989 3.169
2.869 3.032 3.162
2.841 3.056 3.294
2.880 2.945 3.041
2.903 3.034 3.184
2.934 3.057 3.183
3.055 3.096 3.204
2.942 3.088 3.238
2.843 3.200 3.705
2.780 3.005 3.289
2.885 3.116 3.334
2.909 3.051 3.195
2.921 4.012 6.060
2.708 3.122 3.911
2.943 3.057 3.166
3.058 3.882 4.917
2.847 2.943 3.048
2.915 3.069 3.525
2.874 3.037 3.131
2.853 3.015 3.208
2.910 3.023 3.163
2.668 2.993 3.179
2.775 2.942 3.141
2.836 2.974 3.127
2.881 3.037 3.208
3.017 3.147 3.267
2.830 3.011 3.121
2.893 3.065 3.221
3.014 4.214 6.608
2.919 4.038 6.487
2.994 3.981 7.300
2.943 3.000 3.052
2.915 3.392 4.603
2.828 2.930 3.085
2.906 3.436 4.253
2.847 2.987 3.109
2.862 3.229 3.481
2.807 3.366 4.945
2.902 3.053 3.205
2.870 2.974 3.096
2.854 2.952 3.041
2.938 3.087 3.247
2.842 2.963 3.272
2.840 2.982 3.231
2.916 3.097 3.270
2.793 3.169 3.690
2.933 3.320 4.083
2.809 3.125 3.781
2.914 3.749 4.708
2.886 2.994 3.071
2.831 3.164 4.267
2.849 2.915 3.005
2.840 2.973 3.079
2.950 2.987 3.066
2.872 3.136 3.628
2.976 3.128 3.264
2.897 2.987 3.062
2.870 3.043 3.145
2.915 3.051 3.188
2.830 2.943 3.094
2.724 2.974 3.207
3.417 5.284 6.623
2.843 2.960 3.214
2.929 3.026 3.069
3.043 4.957 6.671
2.848 2.998 3.188
3.002 3.410 4.589
2.865 3.048 3.263
2.934 3.047 3.286
2.901 3.044 3.245
2.685 2.903 3.073
2.858 2.929 2.999
2.937 3.048 3.266
2.873 2.948 3.036
2.965 3.122 3.226
2.937 3.139 3.747
2.839 2.960 3.139
2.792 3.057 3.333
2.930 3.368 4.156
2.751 3.071 3.520
2.850 2.983 3.123
2.788 3.766 6.360
2.924 3.052 3.185
2.860 2.938 2.994
2.898 3.092 3.251
2.835 3.311 4.958
2.819 2.890 2.937
2.869 2.989 3.085
2.894 3.134 3.523
2.994 3.099 3.236
2.901 3.052 3.112
2.998 3.081 3.192
3.085 3.858 6.613
2.808 2.985 3.119
4.211 5.018 6.593
2.888 3.019 3.248
2.814 2.949 3.100
2.888 2.978 3.070
3.028 3.451 4.873
2.860 3.007 3.106
2.876 2.944 3.006
2.857 3.011 3.188
2.883 3.027 3.175
2.980 3.265 3.874
2.929 3.148 3.515
2.906 3.017 3.273
2.666 2.997 3.274
2.840 3.550 5.962
2.987 3.160 3.352
2.894 3.245 4.306
2.873 2.989 3.271
2.851 2.979 3.218
3.000 3.919 5.465
2.933 3.034 3.210
3.098 4.266 5.964
2.980 3.149 3.617
2.848 3.130 3.515
2.905 3.023 3.118
2.978 3.059 3.145
2.914 3.105 3.249
3.033 3.994 6.284
2.830 2.982 3.104
3.016 3.130 3.423
2.856 3.079 3.297
2.872 3.057 3.182
2.884 3.387 4.604
3.131 3.629 4.821
3.492 4.946 6.685
2.987 3.066 3.184
2.860 3.029 3.189
2.969 3.078 3.242
2.993 3.167 3.534
3.050 3.114 3.208
2.893 3.053 3.374
2.801 3.474 5.448
2.937 3.425 4.647
2.895 2.959 3.071
2.926 3.093 3.235
2.687 3.084 3.712
2.994 3.124 3.229
2.898 3.433 5.225
2.880 3.295 4.330
2.879 3.525 4.739
3.124 3.179 3.259
3.062 3.109 3.163
2.944 4.132 6.455
2.929 3.244 4.094
2.924 3.102 3.213
2.980 3.894 5.272
3.021 3.694 5.843
2.763 3.016 3.228
2.840 3.039 3.357
2.969 3.084 3.186
2.801 3.054 3.237
3.049 3.115 3.258
2.868 2.967 3.059
3.025 3.487 4.885
2.872 3.008 3.105
2.971 3.048 3.185
2.976 3.115 3.240
3.432 4.328 5.998
2.908 3.027 3.199
2.731 2.986 3.129
3.080 3.827 5.485
3.022 3.079 3.145
2.981 3.100 3.250
2.929 3.110 3.443
2.850 3.056 3.377
2.846 3.036 3.207
2.940 3.090 3.227
2.916 2.999 3.081
2.859 3.021 3.193
2.861 2.987 3.051
2.911 3.062 3.157
2.840 2.991 3.136
2.847 2.992 3.134
2.813 2.998 3.133
2.928 2.980 3.076
3.035 3.077 3.107
2.969 3.165 3.646
2.811 2.944 3.022
2.840 3.383 4.629
2.822 2.993 3.219
2.855 3.245 4.591
2.858 3.004 3.080
2.901 3.384 4.685
2.909 2.991 3.100
2.946 3.085 3.219
2.922 3.113 3.347
3.071 3.188 3.318
2.968 3.071 3.275
2.855 2.984 3.077
3.015 3.183 3.341
3.075 3.796 4.852
2.849 3.009 3.151
2.988 3.229 3.838
2.951 3.303 4.009
2.897 3.052 3.148
2.919 3.171 3.886
2.744 2.998 3.284
2.993 3.136 3.339
2.923 3.446 4.535
2.885 3.141 3.547
2.838 3.054 3.211
2.902 3.085 3.258
2.942 3.106 3.329
2.943 3.083 3.208
2.831 3.086 3.283
2.894 3.128 3.300
2.975 3.083 3.318
2.913 3.222 3.860
2.870 3.038 3.432
2.912 3.064 3.373
2.933 3.008 3.084
2.941 3.083 3.287
3.145 3.209 3.282
2.947 3.098 3.256
2.999 3.129 3.411
3.050 3.198 3.350
2.938 3.112 3.342
2.910 3.084 3.322
2.893 3.141 3.343
2.862 3.130 3.289
2.951 3.145 3.215
3.075 3.138 3.185
2.973 3.053 3.248
3.013 4.481 6.368
2.909 3.860 6.597
2.887 3.356 4.521
2.956 3.033 3.144
2.895 3.165 3.306
2.973 3.204 3.401
2.895 3.107 3.327
2.856 3.091 3.255
2.989 3.070 3.287
2.943 3.187 3.305
3.059 3.966 6.781
3.099 3.190 3.395
2.998 3.113 3.269
2.917 3.085 3.252
2.918 3.073 3.147
2.883 3.026 3.197
3.293 3.729 4.212
2.953 3.100 3.233
3.008 3.426 3.956
2.924 3.085 3.256
3.006 3.239 3.715
2.985 3.185 3.342
2.843 3.099 3.330
3.082 3.247 3.358
2.879 3.062 3.324
2.924 3.074 3.252
2.972 3.157 3.423
3.135 4.244 5.973
2.948 3.150 3.315
2.886 3.058 3.223
2.956 3.420 4.586
2.938 3.036 3.209
2.908 3.024 3.259
2.823 3.134 3.362
2.920 3.834 5.562
3.115 4.087 5.405
3.024 3.229 3.656
2.912 3.061 3.373
2.898 3.518 5.613
2.986 3.088 3.205
2.877 3.064 3.179
2.930 3.092 3.283
3.047 3.062 3.080
2.842 3.042 3.230
3.018 3.144 3.337
2.850 2.934 3.073
2.995 3.132 3.317
2.902 3.732 6.601
2.976 3.697 6.299
3.030 3.245 3.695
2.840 2.943 3.126
2.794 2.975 3.168
2.859 4.084 6.143
2.963 4.829 8.114
3.083 3.199 3.291
3.004 3.116 3.247
2.744 2.931 3.366
2.814 3.184 3.647
2.891 3.024 3.177
3.014 3.109 3.210
2.892 2.992 3.122
2.888 3.023 3.133
2.953 3.041 3.169
2.864 3.111 3.269
2.936 3.112 3.307
2.880 2.956 3.051
2.943 3.094 3.442
2.945 3.076 3.375
2.901 3.104 3.248
2.876 2.963 3.172
2.956 3.390 4.538
2.984 3.062 3.167
2.675 2.913 3.142
2.964 3.447 4.678
2.836 3.012 3.283
2.884 3.147 3.300
2.856 3.006 3.177
3.028 3.165 3.324
2.877 3.069 3.382
2.941 3.146 3.305
2.870 3.068 3.333
2.896 3.018 3.161
3.461 4.023 5.038
2.942 3.065 3.274
3.219 3.833 5.427
2.924 3.128 3.343
2.972 3.051 3.138
2.871 3.080 3.315
2.847 2.993 3.086
3.127 3.210 3.345
2.762 3.300 4.612
2.811 3.185 3.694
3.081 3.260 3.740
2.982 3.061 3.146
2.892 3.036 3.189
2.910 3.041 3.148
2.984 3.110 3.213
3.068 3.238 3.561
2.963 3.093 3.254
2.981 4.043 7.987
2.837 3.581 5.119
2.821 3.163 3.795
2.963 3.239 3.709
2.958 3.085 3.186
2.851 3.121 3.299
3.162 3.221 3.262
3.029 3.130 3.172
2.884 2.996 3.091
2.838 3.066 3.244
2.964 3.117 3.249
2.951 3.137 3.319
2.904 3.138 3.350
2.918 3.032 3.215
3.037 3.458 4.784
2.920 2.989 3.092
3.235 4.366 6.598
2.886 3.067 3.214
2.981 3.435 3.765
2.818 2.937 3.173
2.928 3.343 4.503
3.022 3.130 3.316
2.941 3.121 3.240
2.950 3.054 3.140
3.094 3.158 3.263
2.849 3.043 3.237
2.813 2.997 3.237
2.823 3.044 3.308
2.924 3.122 3.301
2.977 3.516 5.034
2.938 3.071 3.183
2.978 3.177 3.336
3.361 4.097 5.042
2.946 4.027 5.312
2.888 2.996 3.090
3.004 3.086 3.292
2.877 3.328 4.766
2.970 3.245 3.943
2.940 3.135 3.291
2.881 2.995 3.118
2.944 3.073 3.170
2.833 3.062 3.233
2.957 3.190 3.563
2.883 3.141 3.310
2.836 2.984 3.107
2.952 3.109 3.205
3.055 3.267 3.743
2.863 2.981 3.105
2.822 2.981 3.088
2.866 3.035 3.166
2.890 3.061 3.138
2.912 3.031 3.206
3.225 4.364 5.888
2.990 3.380 3.998
2.971 3.191 3.313
3.019 3.111 3.187
2.892 3.032 3.104
2.803 2.923 3.032
2.851 2.986 3.129
2.819 2.924 2.972
2.925 3.085 3.216
2.612 2.882 3.027
2.889 3.050 3.244
2.860 3.097 3.309
2.823 3.877 5.496
3.561 4.404 5.747
2.824 2.986 3.102
3.064 3.173 3.324
2.835 3.309 4.704
2.787 2.940 3.190
2.934 3.040 3.111
2.871 3.229 4.266
2.901 3.010 3.113
2.920 3.037 3.176
2.817 3.074 3.216
2.962 3.040 3.178
2.825 2.969 3.060
2.801 2.922 3.014
2.933 3.492 4.749
2.853 3.028 3.226
2.848 2.969 3.113
2.716 3.328 5.105
2.858 3.026 3.203
2.875 3.705 4.836
2.873 3.001 3.242
2.891 3.581 5.047
2.973 3.077 3.143
2.842 3.000 3.180
2.842 3.041 3.211
2.837 2.934 3.212
2.870 3.098 3.241
2.820 2.999 3.291
3.031 3.539 5.378
2.953 3.078 3.303
2.964 3.098 3.252
2.859 2.982 3.219
3.005 3.335 4.166
3.121 3.202 3.406
3.271 4.328 6.291
2.823 2.959 3.018
2.802 2.935 3.111
2.840 3.155 3.951
2.809 2.989 3.263
2.828 3.248 4.266
2.826 3.052 3.185
2.957 3.066 3.235
2.810 2.923 3.132
2.910 3.006 3.134
2.827 3.007 3.208
2.848 3.066 3.260
2.920 2.970 3.038
2.860 2.971 3.072
2.885 3.120 3.258
2.910 2.979 3.091
2.911 3.669 4.583
2.896 3.325 4.642
2.966 3.051 3.295
2.803 2.922 3.086
2.843 2.958 3.164
2.852 3.011 3.244
2.797 2.962 3.089
2.804 2.955 3.188
2.881 3.033 3.186
2.821 2.934 3.077
2.992 3.101 3.177
2.942 3.038 3.191
2.851 2.981 3.186
2.840 2.953 3.093
2.778 3.013 3.185
2.850 2.986 3.064
2.884 3.014 3.118
2.982 3.864 6.715
2.964 3.051 3.237
2.947 3.352 4.540
2.856 3.543 5.998
2.818 2.992 3.118
3.129 4.067 6.454
2.818 3.102 3.334
2.945 3.047 3.184
2.774 2.978 3.274
2.940 3.062 3.152
2.900 2.987 3.087
2.885 2.990 3.104
2.885 3.578 5.788
2.764 2.980 3.255
2.854 3.061 3.301
2.919 3.189 4.084
2.951 3.501 4.947
2.841 2.991 3.346
2.800 2.994 3.214
2.842 2.937 3.051
2.781 2.950 3.195
2.873 3.007 3.263
2.838 3.046 3.294
2.854 2.968 3.108
2.937 3.039 3.159
2.898 3.070 3.221
2.899 3.193 4.145
2.896 3.073 3.253
2.785 3.248 4.376
3.012 3.043 3.076
2.854 2.972 3.081
2.928 3.530 5.419
2.820 2.945 3.045
2.925 3.537 5.635
2.809 2.967 3.095
2.884 3.388 4.948
3.046 3.154 3.217
2.907 3.040 3.274
2.845 3.668 5.392
2.832 2.968 3.162
2.857 2.906 2.988
3.012 3.091 3.217
2.850 3.010 3.093
2.974 3.066 3.172
2.783 2.975 3.271
2.826 3.000 3.180
2.502 2.941 3.238
2.933 3.083 3.249
3.003 3.200 3.602
2.924 3.781 4.808
2.834 2.989 3.302
2.847 2.963 3.091
3.008 3.635 5.119
2.837 2.940 3.082
2.861 2.996 3.253
2.794 2.952 3.082
2.816 2.925 3.000
2.829 2.921 3.242
2.797 2.948 3.261
2.779 2.891 3.085
2.834 2.967 3.145
2.836 2.916 3.066
2.900 3.013 3.171
2.834 2.986 3.182
2.867 2.991 3.289
2.837 3.018 3.326
2.779 2.891 3.053
2.979 3.589 5.762
2.758 2.944 3.190
2.800 3.010 3.323
2.706 2.924 3.061
2.988 3.041 3.147
2.960 3.036 3.113
2.854 3.004 3.134
2.807 2.990 3.119
2.833 2.965 3.182
2.830 3.000 3.233
2.824 2.861 2.930
2.921 3.102 3.301
2.828 2.956 3.080
2.893 2.960 3.083
2.902 3.107 3.405
2.870 2.993 3.232
2.785 3.000 3.221
2.842 3.048 3.277
2.877 3.041 3.277
2.880 3.293 4.549
2.824 3.104 4.074
2.907 3.037 3.146
2.907 3.017 3.268
2.843 2.954 3.192
2.859 3.216 3.999
2.942 3.000 3.179
2.901 2.977 3.034
2.949 3.404 4.862
2.971 3.050 3.198
2.840 2.985 3.132
2.824 2.957 3.066
2.863 3.038 3.173
2.832 2.963 3.098
2.829 2.934 3.071
2.800 3.137 3.629
2.818 3.035 3.381
2.821 3.011 3.122
2.898 2.954 3.030
3.001 3.279 4.245
2.940 3.436 5.344
2.869 3.009 3.182
2.968 3.042 3.122
2.805 3.420 5.337
2.876 3.019 3.146
2.782 2.897 3.073
2.825 2.907 2.996
2.911 3.071 3.324
2.821 3.668 6.456
2.877 3.071 3.241
2.990 3.231 3.674
2.889 3.000 3.127
2.876 4.227 6.047
2.790 3.271 4.566
2.881 3.565 5.179
2.931 3.047 3.198
2.877 2.989 3.263
2.867 3.003 3.162
2.908 3.095 3.371
2.869 3.018 3.193
2.868 3.031 3.202
2.918 3.025 3.083
2.897 2.992 3.124
2.752 2.829 2.912
2.871 2.963 3.099
3.060 3.371 4.378
2.983 3.067 3.192
2.971 3.289 4.015
2.854 3.037 3.234
2.852 3.006 3.162
3.018 3.062 3.109
2.856 2.955 3.126
2.960 3.026 3.125
2.867 3.842 7.074
2.922 3.017 3.129
2.826 3.728 6.846
2.941 3.096 3.213
2.854 3.004 3.150
3.066 3.286 4.063
2.974 3.062 3.235
2.994 3.188 3.654
2.964 3.019 3.115
2.987 4.086 7.181
2.950 3.067 3.301
3.007 3.737 4.978
2.970 3.947 5.754
2.890 3.048 3.226
2.930 3.088 3.277
2.868 3.047 3.308
2.950 3.096 3.172
2.819 2.893 2.989
2.852 3.115 3.255
2.984 3.117 3.214
2.754 2.930 3.091
2.925 3.031 3.137
2.928 3.041 3.193
2.898 3.050 3.161
2.929 3.126 3.392
2.911 3.020 3.131
2.896 3.000 3.092
2.874 3.164 3.574
2.963 3.867 5.303
2.934 3.087 3.207
2.928 3.004 3.113
2.932 3.339 4.790
2.903 2.963 3.024
3.060 3.126 3.170
2.857 3.158 3.289
2.858 3.086 3.248
2.939 3.050 3.202
2.937 3.006 3.151
2.871 3.016 3.193
2.796 2.981 3.065
2.963 3.114 3.271
2.813 3.261 4.450
2.851 3.500 4.738
2.861 2.972 3.098
2.765 2.977 3.232
2.879 3.002 3.165
2.831 3.088 3.228
2.953 3.070 3.215
2.815 3.161 3.727
2.806 2.961 3.096
2.848 2.953 3.033
2.780 2.971 3.332
2.984 3.107 3.446
2.930 3.101 3.332
2.853 3.015 3.245
2.912 3.023 3.221
2.886 2.990 3.094
3.025 3.445 4.989
2.897 3.802 4.962
2.851 3.065 3.263
2.831 2.976 3.087
2.832 3.513 4.804
2.808 3.565 5.904
2.813 3.265 4.881
2.949 3.027 3.133
2.846 3.017 3.159
2.812 2.982 3.155
2.959 3.374 4.633
2.844 3.633 6.301
2.936 3.058 3.123
2.888 3.040 3.151
2.819 2.973 3.188
2.953 3.026 3.176
2.731 2.922 3.120
2.852 3.039 3.118
2.987 3.086 3.142
2.894 3.070 3.215
2.844 2.994 3.086
3.109 3.295 3.950
2.827 3.008 3.269
2.866 2.988 3.079
2.862 2.987 3.122
2.847 3.039 3.128
2.855 3.001 3.175
2.875 3.080 3.287
2.906 3.042 3.273
2.878 3.043 3.170
2.938 2.993 3.172
2.858 2.950 3.050
3.021 3.107 3.230
2.848 4.468 6.485
3.223 3.719 4.469
2.883 2.957 3.141
2.879 3.073 3.256
2.993 3.787 6.043
2.900 2.995 3.146
2.839 3.005 3.112
3.019 3.225 3.905
2.850 3.088 3.261
2.874 3.066 3.270
2.959 3.006 3.075
3.053 3.215 3.342
2.853 3.416 4.915
2.943 3.035 3.182
2.805 2.925 3.016
2.810 2.915 3.076
2.810 2.975 3.102
2.955 3.034 3.118
3.012 3.050 3.158
2.861 3.485 4.110
2.968 3.030 3.087
2.868 3.233 3.837
2.837 3.411 4.181
2.936 3.005 3.072
2.925 2.999 3.121
2.815 2.985 3.288
2.855 3.098 3.192
2.890 3.050 3.287
2.810 2.972 3.068
2.917 3.063 3.192
2.840 2.968 3.092
2.843 3.054 3.241
2.856 2.983 3.094
2.926 3.161 3.634
2.864 3.731 5.031
2.966 3.921 5.829
2.933 3.493 5.195
2.964 3.093 3.276
2.806 2.895 2.995
2.904 3.367 4.913
2.955 3.080 3.306
2.956 3.016 3.108
2.820 4.172 6.095
2.839 2.994 3.283
2.976 3.061 3.217
3.007 3.344 4.111
2.859 2.969 3.132
2.756 3.011 3.197
2.918 3.201 3.974
2.896 3.208 3.964
2.874 2.980 3.065
2.940 3.030 3.113
2.954 3.624 4.281
2.957 3.088 3.181
2.777 3.019 3.124
2.847 2.992 3.148
2.844 3.102 3.609
2.899 3.039 3.190
2.842 3.043 3.116
2.879 3.088 3.351
2.868 2.998 3.143
2.856 3.061 3.270
2.899 3.004 3.183
2.967 3.082 3.200
3.030 3.182 3.607
2.882 3.119 3.460
3.043 3.427 4.366
2.836 3.232 4.405
2.970 3.193 3.656
2.988 3.648 4.261
3.057 3.127 3.197
2.919 3.073 3.177
2.832 3.056 3.158
2.873 3.016 3.162
2.884 4.310 6.434
3.019 3.163 3.312
2.878 3.011 3.086
2.934 3.054 3.176
2.843 2.943 3.047
2.834 2.994 3.190
3.008 3.127 3.322
2.827 3.054 3.260
2.893 2.997 3.090
3.683 4.714 6.319
2.840 3.077 3.227
2.922 3.560 4.088
2.894 4.042 5.766
2.812 2.995 3.196
2.842 2.970 3.051
2.896 3.018 3.220
2.912 2.984 3.051
2.836 3.039 3.278
2.882 3.029 3.204
2.827 3.092 3.370
2.669 3.615 6.291
2.902 2.952 3.033
2.908 3.036 3.195
2.930 3.060 3.254
2.989 3.717 5.499
3.012 3.334 4.275
2.887 3.056 3.250
2.974 3.307 4.238
2.876 2.997 3.177
2.848 3.850 6.317
2.887 3.084 3.248
3.037 3.113 3.238
2.989 3.037 3.103
2.889 3.014 3.212
2.812 2.971 3.188
2.810 3.009 3.109
2.873 3.017 3.260
2.893 3.051 3.187
2.889 2.944 3.080
2.820 2.942 3.016
2.935 3.134 3.305
2.845 3.342 4.618
2.895 3.311 4.647
2.921 3.070 3.290
2.843 2.962 3.088
3.037 3.562 5.465
3.048 3.087 3.128
2.873 3.038 3.231
2.834 2.913 3.053
2.681 2.958 3.149
2.871 3.057 3.259
2.884 2.961 3.072
2.981 3.160 3.502
2.870 3.205 3.737
2.947 3.033 3.257
2.853 3.021 3.124
2.921 3.076 3.262
2.888 3.062 3.187
2.978 3.090 3.285
2.898 2.951 3.096
2.903 3.161 3.801
2.880 3.062 3.255
2.947 3.914 5.006
2.821 2.944 3.142
2.846 3.179 3.827
2.991 3.076 3.200
2.949 3.048 3.123
3.083 3.227 3.371
2.880 3.030 3.171
2.902 3.023 3.221
2.723 3.070 3.354
2.831 3.063 3.258
2.909 2.972 3.124
2.915 3.025 3.180
2.772 3.737 6.861
3.356 4.244 5.468
2.807 3.099 3.965
2.823 3.075 3.404
2.813 3.285 4.399
2.878 2.937 3.027
2.876 2.944 3.013
2.927 2.970 3.053
2.933 3.088 3.197
2.801 3.023 3.217
2.846 3.041 3.327
2.678 3.122 3.855
2.867 3.445 5.284
2.946 3.076 3.168
2.820 3.354 5.011
3.112 3.236 3.472
2.976 3.098 3.327
2.813 2.950 3.058
2.953 3.052 3.166
2.828 3.302 4.899
2.936 3.042 3.143
3.118 4.242 6.080
2.794 3.201 4.492
3.080 3.165 3.229
2.971 3.049 3.188
2.969 3.031 3.134
2.892 3.023 3.127
2.948 3.033 3.126
2.972 3.620 5.445
2.751 3.066 3.253
2.987 3.941 5.910
2.850 3.257 3.948
2.932 3.246 4.223
2.992 3.144 3.483
3.565 4.596 6.483
2.826 2.981 3.190
2.893 3.298 4.292
2.796 3.055 3.183
2.899 3.764 5.598
2.908 3.530 5.584
2.955 3.012 3.071
3.005 3.067 3.138
2.915 3.093 3.204
2.922 3.356 4.431
2.992 3.127 3.244
2.806 2.932 3.049
3.036 3.405 4.463
2.977 3.055 3.206
3.059 3.396 4.348
2.901 3.026 3.169
2.923 3.816 5.231
2.854 2.976 3.090
2.977 3.051 3.181
2.866 3.176 3.649
2.866 2.999 3.100
2.835 2.956 3.046
2.814 2.950 3.035
2.941 4.699 6.129
2.843 3.012 3.149
2.944 3.204 3.849
2.873 3.051 3.206
2.731 3.049 3.349
2.832 3.039 3.228
2.823 2.958 3.042
2.856 3.054 3.221
2.947 4.080 5.708
2.926 3.000 3.157
2.846 2.998 3.121
2.974 3.097 3.235
2.946 3.104 3.212
2.884 3.088 3.247
2.855 2.969 3.136
2.898 3.707 6.577
2.902 3.032 3.201
2.869 3.072 3.207
2.786 3.005 3.257
2.870 3.503 4.757
3.040 3.305 3.955
2.674 2.870 3.047
2.985 3.032 3.129
2.945 3.078 3.236
2.835 2.887 2.995
2.956 3.096 3.205
2.805 2.899 3.013
2.807 2.979 3.127
2.966 3.622 5.705
2.823 2.976 3.133
2.941 3.748 5.409
3.053 3.462 4.819
3.068 3.924 6.825
2.860 3.036 3.153
2.944 3.007 3.048
2.868 3.019 3.252
2.955 3.027 3.109
2.878 3.021 3.229
2.845 3.060 3.240
2.997 3.167 3.436
2.951 3.153 3.350
2.880 3.107 3.458
3.200 4.328 5.450
2.985 3.742 6.312
2.800 3.032 3.219
2.893 3.032 3.317
3.184 3.652 5.348
2.924 3.137 3.302
2.861 3.056 3.192
2.794 2.981 3.128
2.851 3.047 3.305
2.978 3.061 3.183
2.854 3.004 3.262
2.848 3.235 3.933
2.984 3.817 6.020
2.956 3.040 3.125
2.824 3.049 3.242
2.991 3.124 3.319
2.919 3.021 3.143
2.871 3.150 3.328
2.947 2.993 3.093
2.946 3.680 6.372
2.889 3.077 3.241
2.878 3.541 5.545
2.849 3.142 3.592
2.824 3.387 4.301
2.842 3.231 3.935
2.841 3.024 3.314
2.940 3.078 3.404
3.073 3.853 6.590
2.856 3.058 3.349
2.809 3.004 3.298
2.929 3.405 4.628
2.865 3.016 3.213
2.950 3.359 4.415
3.036 3.111 3.173
2.878 3.064 3.238
2.906 3.072 3.239
2.888 3.152 3.839
3.012 3.161 3.469
3.134 3.301 3.546
2.972 3.136 3.231
2.965 3.003 3.098
2.881 3.084 3.402
3.004 3.106 3.242
2.967 3.265 3.517
2.957 2.992 3.059
2.859 3.027 3.143
2.896 3.016 3.121
3.067 3.155 3.243
2.883 3.018 3.191
2.913 3.505 4.233
2.945 3.296 4.298
3.080 3.166 3.304
2.901 3.015 3.116
2.919 3.058 3.296
2.813 3.056 3.323
2.880 3.185 3.746
2.911 3.067 3.199
2.998 3.163 3.301
2.974 3.117 3.407
2.953 3.032 3.257
2.988 3.159 3.313
2.918 3.093 3.296
2.898 3.013 3.185
3.040 3.433 4.638
3.119 3.279 3.731
2.917 3.103 3.257
2.912 2.979 3.165
3.018 3.744 4.580
2.990 3.127 3.422
2.915 3.027 3.156
3.055 3.140 3.276
3.040 3.152 3.358
2.845 3.031 3.262
2.955 3.132 3.386
2.942 3.120 3.299
3.004 3.822 6.759
2.936 3.032 3.157
3.016 3.472 4.926
2.943 16.090 68.154
3.087 3.130 3.187
2.927 3.023 3.168
2.907 3.055 3.182
3.049 3.122 3.240
3.132 3.729 5.128
2.938 3.004 3.123
3.011 3.324 4.156
2.947 3.131 3.329
3.018 3.130 3.227
3.012 3.439 4.712
2.830 3.007 3.189
2.952 3.071 3.248
2.978 3.152 3.296
2.912 3.004 3.167
2.956 3.060 3.149
2.997 3.778 5.779
2.966 3.139 3.362
3.063 3.197 3.358
3.020 3.229 3.438
3.094 3.678 5.599
3.096 3.285 3.540
2.910 3.043 3.168
2.953 3.104 3.288
2.964 3.102 3.225
2.987 3.711 5.509
2.749 2.970 3.108
2.994 3.450 4.908
2.892 3.065 3.234
2.798 2.954 3.145
2.785 3.109 3.668
2.901 3.441 4.889
2.918 3.347 4.459
2.893 3.059 3.217
2.903 3.064 3.195
2.835 2.935 3.056
2.950 3.327 4.492
2.833 3.035 3.343
2.879 3.177 3.401
2.902 3.009 3.117
2.867 3.097 3.339
3.079 3.172 3.225
2.880 3.261 4.113
2.848 3.114 3.249
2.898 3.027 3.217
2.852 3.105 3.363
2.919 2.983 3.094
2.875 3.009 3.135
2.985 3.206 3.876
3.058 3.184 3.355
2.933 3.010 3.101
2.969 3.082 3.262
2.916 3.345 4.520
2.857 2.993 3.104
2.947 3.634 6.047
2.865 2.974 3.200
3.064 3.573 5.337
2.926 2.999 3.070
2.874 3.049 3.131
2.826 3.023 3.188
3.030 4.583 7.182
2.993 3.165 3.309
3.135 3.836 4.891
2.819 2.985 3.134
2.829 2.955 3.100
2.840 3.229 3.853
2.897 3.023 3.191
2.920 3.664 5.049
2.953 3.082 3.166
2.984 3.220 3.524
2.842 3.459 5.096
2.897 3.782 6.280
2.982 3.064 3.172
2.869 3.031 3.429
2.928 3.020 3.254
2.986 3.104 3.257
2.737 3.078 3.214
2.931 3.107 3.275
2.718 3.616 6.413
2.989 3.111 3.441
2.897 3.095 3.285
2.887 3.042 3.126
2.897 3.036 3.192
2.889 3.018 3.182
2.977 3.640 5.750
2.927 3.028 3.153
2.913 3.140 3.294
2.903 3.116 3.269
2.860 3.911 6.562
3.005 3.132 3.297
2.934 2.977 3.050
2.904 3.057 3.228
3.049 4.078 6.037
2.969 3.063 3.156
2.811 3.021 3.120
2.901 3.122 3.299
2.803 2.989 3.242
2.960 3.323 4.344
2.876 3.043 3.245
2.764 2.915 3.211
2.964 3.107 3.292
2.866 2.987 3.152
2.894 3.200 3.443
2.986 3.045 3.145
3.562 5.013 6.631
2.944 3.081 3.298
2.890 2.981 3.147
3.021 4.346 6.546
3.041 3.166 3.235
3.068 3.388 4.453
2.984 3.172 3.342
2.856 2.914 3.001
2.855 3.045 3.291
2.891 3.045 3.323
2.920 4.217 5.609
2.868 3.024 3.214
2.993 3.106 3.203
2.986 3.135 3.315
2.836 2.948 3.072
2.820 2.908 3.011
3.258 4.460 6.678
2.832 3.085 3.418
2.850 3.034 3.206
2.878 2.977 3.067
2.845 3.281 4.436
2.884 3.093 3.257
2.861 3.002 3.339
2.948 3.075 3.266
2.914 2.981 3.052
2.822 3.050 3.172
2.956 3.242 3.447
3.134 3.653 4.607
3.007 3.155 3.304
2.825 3.132 3.412
3.028 3.207 3.446
2.873 3.701 6.212
2.900 3.076 3.237
3.180 3.568 4.511
3.076 3.308 3.673
2.895 3.035 3.210
2.883 3.222 3.935
2.896 3.058 3.317
2.856 3.136 3.615
2.886 3.157 3.719
2.876 3.021 3.187
2.863 3.049 3.281
2.835 3.088 3.247
2.845 3.077 3.282
2.943 3.069 3.197
2.967 3.060 3.116
2.722 2.937 3.033
2.926 3.048 3.159
2.936 3.085 3.359
3.004 3.065 3.133
2.931 3.375 4.554
3.018 3.113 3.236
2.879 3.025 3.209
2.988 3.130 3.289
2.894 3.042 3.219
2.799 2.976 3.147
2.949 3.081 3.405
2.941 3.169 3.592
2.849 3.890 5.644
2.873 3.092 3.169
2.875 3.023 3.225
2.899 3.071 3.286
2.940 3.026 3.136
2.956 3.032 3.133
2.896 3.007 3.128
2.818 3.009 3.265
2.974 3.135 3.269
2.877 2.999 3.111
2.812 2.957 3.107
2.935 3.001 3.142
2.879 3.145 3.822
2.917 3.000 3.063
2.826 2.939 3.060
2.854 3.108 3.266
2.853 2.968 3.058
2.794 3.000 3.235
2.798 2.950 3.047
2.972 3.033 3.119
2.872 2.942 3.039
2.973 3.071 3.191
2.998 3.086 3.271
2.862 3.175 3.583
2.916 3.097 3.235
2.815 2.984 3.039
2.856 3.002 3.111
2.828 3.005 3.143
2.975 3.045 3.158
2.808 2.946 3.185
2.870 2.981 3.111
2.875 3.046 3.223
2.801 2.997 3.314
2.801 3.000 3.093
3.049 3.138 3.228
2.818 3.092 3.261
2.973 3.050 3.140
2.866 2.937 3.073
2.846 3.072 3.366
2.932 3.408 4.469
2.833 2.925 3.060
3.152 3.208 3.266
2.951 3.958 6.697
2.813 3.125 3.817
3.022 3.088 3.266
2.704 2.908 3.084
2.793 2.970 3.304
2.830 3.004 3.140
2.895 2.993 3.148
2.842 2.971 3.066
2.813 3.497 5.867
2.994 3.927 6.555
2.771 2.961 3.087
3.038 3.113 3.273
2.992 3.127 3.298
2.897 2.994 3.080
3.118 3.235 3.457
2.891 3.028 3.230
2.969 3.055 3.150
2.909 2.972 3.100
2.808 3.128 3.619
2.587 2.812 2.945
2.908 3.081 3.236
2.849 2.998 3.063
2.819 2.954 3.058
2.979 3.071 3.200
2.806 3.080 3.706
2.845 3.012 3.188
2.925 3.090 3.213
2.838 2.937 3.170
2.919 3.042 3.167
2.902 3.070 3.294
2.987 3.849 5.055
3.061 3.306 3.807
3.048 3.168 3.309
2.871 3.196 4.292
2.871 3.074 3.275
2.974 3.074 3.153
2.903 3.280 3.995
2.870 3.038 3.263
2.863 3.047 3.238
2.898 3.041 3.125
2.894 3.048 3.182
2.837 2.927 2.972
2.988 3.512 4.101
2.923 3.147 3.357
2.973 3.051 3.176
2.964 3.573 5.675
3.110 3.815 5.348
2.841 3.038 3.411
2.926 3.601 4.695
2.868 3.691 6.747
2.820 3.305 4.628
2.804 2.869 2.934
2.887 3.062 3.227
2.810 2.953 3.208
2.842 2.984 3.127
2.816 2.973 3.105
2.857 2.964 3.096
2.895 3.411 4.831
2.887 3.099 3.309
2.909 3.050 3.174
2.801 2.962 3.259
2.778 3.003 3.231
3.088 3.187 3.362
2.914 3.974 5.612
2.865 3.043 3.262
2.732 2.977 3.069
3.069 3.153 3.244
2.908 3.047 3.137
2.855 3.501 5.470
2.870 2.991 3.091
3.009 3.118 3.244
2.886 3.416 5.267
3.058 3.217 3.493
2.809 2.920 3.015
2.921 3.540 5.183
2.857 2.978 3.151
2.913 3.084 3.210
2.831 3.395 5.379
2.918 3.073 3.315
2.865 3.047 3.299
2.875 3.092 3.247
2.778 3.092 3.732
2.861 3.044 3.222
2.922 3.095 3.238
2.796 3.114 3.528
2.829 4.145 6.897
2.882 2.980 3.126
2.904 2.963 3.032
2.855 3.055 3.395
2.885 3.016 3.191
2.997 3.045 3.116
2.940 3.039 3.153
2.870 3.483 4.737
2.834 3.016 3.229
3.047 3.095 3.171
2.925 3.060 3.254
2.950 4.027 6.468
2.902 3.019 3.210
2.848 3.020 3.144
2.959 3.058 3.132
2.895 3.394 5.032
2.909 2.962 3.001
2.844 3.095 3.341
2.813 3.052 3.361
2.993 3.090 3.277
2.840 2.966 3.141
2.825 2.986 3.076
2.806 3.363 5.081
2.808 2.973 3.064
2.746 2.852 3.148
2.755 2.911 3.051
3.007 3.868 4.716
2.887 2.983 3.101
2.843 3.069 3.276
2.818 3.017 3.177
2.845 2.954 3.148
2.840 3.933 7.522
2.879 3.000 3.107
2.740 2.886 2.973
2.943 3.239 4.228
2.840 2.983 3.136
2.835 2.976 3.089
2.835 2.962 3.138
2.925 3.582 5.424
2.850 2.994 3.136
2.894 2.971 3.086
2.901 3.020 3.179
2.908 2.971 3.090
2.869 3.049 3.377
3.127 3.215 3.301
2.881 3.212 3.923
3.024 3.087 3.209
2.968 3.233 4.003
2.810 3.128 3.902
2.953 3.429 4.703
2.862 3.015 3.278
2.995 3.092 3.209
2.970 3.035 3.166
2.838 2.960 3.062
2.872 3.328 4.459
2.910 3.122 3.422
2.836 3.040 3.318
2.648 2.944 3.182
2.882 3.336 4.434
2.878 2.985 3.062
3.028 3.189 3.557
2.899 3.036 3.239
2.877 2.956 3.041
3.050 3.123 3.204
2.865 3.062 3.302
2.907 3.198 3.969
2.784 3.004 3.196
2.846 2.967 3.035
2.916 2.965 3.029
2.908 2.994 3.080
2.884 2.923 2.973
3.033 3.201 3.649
2.948 3.145 3.239
2.877 3.089 3.291
2.810 2.962 3.206
2.864 3.041 3.241
2.962 3.182 3.768
2.827 2.854 2.884
2.899 3.020 3.074
2.871 3.043 3.244
2.669 2.834 3.071
2.825 2.971 3.094
2.833 3.663 6.681
3.051 3.084 3.115
2.836 2.912 2.993
2.855 3.000 3.254
2.815 2.957 3.077
2.832 2.970 3.233
2.907 3.220 3.842
2.834 2.899 2.994
2.896 3.028 3.134
2.990 3.160 3.250
2.851 3.042 3.261
2.950 3.014 3.149
2.935 3.094 3.247
2.903 3.075 3.179
2.836 3.044 3.190
2.812 2.910 3.044
2.881 3.102 3.303
3.066 3.829 4.352
2.938 3.034 3.253
2.925 3.422 5.036
2.843 3.025 3.337
2.875 3.021 3.184
2.917 2.991 3.075
2.999 3.077 3.172
2.635 2.899 3.093
2.863 2.977 3.109
2.936 3.126 3.211
2.910 3.191 3.985
2.830 2.958 3.265
3.297 3.749 4.872
2.789 2.962 3.250
2.978 3.048 3.156
2.911 3.158 3.342
2.842 3.002 3.091
2.952 3.587 5.491
2.816 3.312 4.737
2.910 3.501 4.679
2.880 3.162 3.581
2.864 3.066 3.214
2.946 3.370 4.785
2.892 3.020 3.210
2.935 3.007 3.162
2.996 3.082 3.196
2.843 3.148 3.458
2.905 3.090 3.212
3.034 3.552 5.152
2.907 3.043 3.252
2.870 2.986 3.071
2.887 3.359 3.784
2.895 3.038 3.153
2.899 3.351 4.384
3.041 3.158 3.295
2.916 3.081 3.244
2.897 3.047 3.128
2.834 2.986 3.088
2.836 2.970 3.090
2.884 3.087 3.687
2.896 3.068 3.314
2.838 3.666 6.429
2.891 3.297 4.402
2.837 3.058 3.175
2.834 3.244 4.525
2.912 3.376 4.478
2.833 3.003 3.087
2.915 3.008 3.181
2.816 2.954 3.118
2.822 3.655 5.590
2.989 3.089 3.264
2.844 3.026 3.127
2.805 3.457 5.336
2.848 3.050 3.269
2.784 2.975 3.119
2.890 3.031 3.092
2.929 3.305 3.843
2.902 3.018 3.180
2.855 3.009 3.151
2.842 2.987 3.320
2.941 3.171 3.740
2.931 3.062 3.208
2.991 3.057 3.250
2.882 2.975 3.149
2.902 2.984 3.148
2.890 3.698 6.553
2.808 2.990 3.127
2.847 2.970 3.138
2.843 3.041 3.167
2.966 3.105 3.329
2.913 3.011 3.059
3.064 3.673 4.465
2.799 3.002 3.174
2.817 2.917 2.981
2.850 3.129 3.578
2.861 2.971 3.052
2.855 3.079 3.240
2.849 3.006 3.256
2.879 3.005 3.111
2.868 3.025 3.268
2.866 3.084 3.237
2.891 3.067 3.321
3.042 3.140 3.394
2.821 2.958 3.332
3.102 3.189 3.337
2.815 3.011 3.162
2.851 3.031 3.254
2.932 3.099 3.250
2.974 3.619 5.776
2.924 3.125 3.315
3.022 3.078 3.200
2.871 3.061 3.299
2.883 3.003 3.065
3.047 3.141 3.350
3.207 3.787 5.150
2.914 3.001 3.047
2.918 3.018 3.065
2.846 3.139 3.665
2.924 2.985 3.063
2.850 3.419 4.667
2.894 3.110 3.298
2.942 3.149 3.448
3.086 3.149 3.219
2.825 3.078 3.160
2.980 3.079 3.323
2.900 2.995 3.157
2.968 3.189 3.648
2.994 3.108 3.201
2.908 3.130 3.316
3.054 3.161 3.275
2.922 4.121 6.509
3.127 3.893 5.184
2.942 3.355 3.983
2.862 3.012 3.271
2.833 3.019 3.262
3.012 3.162 3.277
2.975 3.104 3.220
2.942 3.109 3.280
2.868 3.076 3.312
2.843 2.995 3.321
2.970 3.053 3.181
2.841 3.042 3.136
2.826 3.022 3.157
2.887 3.147 3.420
2.812 3.283 4.308
2.822 2.983 3.083
2.820 2.912 3.102
3.045 4.333 6.535
3.033 3.112 3.202
2.884 2.948 3.071
2.837 3.045 3.341
3.074 3.162 3.271
3.038 3.348 4.161
3.000 3.170 3.322
2.880 3.104 3.324
2.819 2.953 3.062
2.747 3.021 3.223
2.818 2.912 3.072
2.883 3.009 3.111
2.877 3.030 3.252
2.917 3.423 5.192
2.773 2.987 3.209
2.859 3.477 5.301
3.031 3.074 3.141
2.973 3.167 3.639
2.888 3.032 3.133
3.145 3.672 5.577
3.033 3.330 4.351
3.044 3.190 3.586
2.703 2.918 3.202
2.812 3.007 3.169
2.970 3.106 3.265
2.925 2.993 3.061
2.966 3.206 3.514
2.784 3.010 3.180
2.864 2.966 3.168
2.895 3.051 3.294
2.785 2.905 3.081
2.909 4.171 8.382
2.822 2.935 3.085
2.788 3.689 4.886
2.726 3.326 5.182
2.878 2.985 3.096
2.860 3.031 3.210
2.889 3.007 3.120
2.875 2.963 3.157
2.816 2.910 3.080
2.932 3.044 3.116
2.848 3.661 4.682
2.804 2.960 3.074
2.880 3.253 3.744
2.962 3.032 3.181
2.980 3.321 4.302
2.768 2.975 3.072
2.973 3.054 3.111
2.846 2.943 3.041
2.880 2.994 3.103
2.831 2.984 3.118
2.865 3.022 3.113
3.004 3.127 3.247
2.813 3.006 3.129
2.850 3.464 5.495
2.912 3.084 3.199
2.798 2.965 3.162
2.978 3.104 3.348
2.840 3.015 3.202
2.903 3.036 3.204
2.945 4.356 6.974
2.811 3.038 3.164
2.830 2.916 3.121
2.997 3.099 3.232
2.942 3.123 3.248
3.036 3.060 3.079
3.325 5.023 7.122
2.798 2.987 3.165
2.809 3.010 3.173
2.901 3.033 3.279
2.906 3.078 3.278
2.887 3.109 3.339
2.861 2.999 3.096
2.989 3.132 3.256
2.826 3.255 3.807
3.001 3.079 3.226
2.871 3.034 3.212
3.007 3.048 3.107
2.857 2.973 3.079
2.936 2.975 3.068
2.792 3.085 3.260
3.020 3.116 3.251
2.897 3.841 7.188
2.928 3.071 3.212
2.867 2.959 3.042
2.865 3.072 3.374
2.891 3.634 5.502
2.911 3.484 5.395
2.991 3.486 5.335
2.975 3.043 3.121
2.887 3.359 4.453
2.898 2.997 3.120
2.880 3.021 3.121
2.823 3.023 3.165
2.898 3.008 3.158
2.892 3.106 3.339
2.946 3.106 3.263
2.822 3.034 3.270
2.971 3.086 3.200
2.872 3.447 5.227
2.849 2.994 3.190
2.981 3.056 3.143
2.746 2.868 2.962
2.825 3.218 4.376
2.894 3.022 3.153
2.939 3.016 3.129
2.943 3.094 3.235
2.877 2.968 3.019
2.891 3.591 5.810
2.945 3.034 3.157
2.921 3.309 4.097
2.849 2.994 3.291
2.815 2.993 3.226
2.818 3.029 3.315
2.914 3.067 3.251
3.005 3.791 5.624
3.031 4.888 6.008
2.894 3.150 3.443
2.814 2.951 3.089
3.022 3.554 5.534
2.971 3.102 3.391
2.858 3.036 3.251
2.862 3.000 3.136
2.913 3.056 3.175
2.996 3.035 3.075
2.922 3.117 3.224
2.646 2.951 3.151
3.001 3.059 3.209
2.891 3.017 3.173
3.032 3.664 5.898
2.743 3.130 3.734
2.891 3.975 5.804
2.882 3.070 3.287
2.818 3.023 3.255
2.875 3.051 3.255
2.886 3.049 3.260
2.907 3.070 3.327
3.005 3.112 3.239
2.829 3.155 3.601
2.817 3.068 3.692
2.813 2.969 3.103
3.021 3.154 3.231
2.984 3.027 3.117
2.992 3.115 3.425
2.870 3.028 3.114
2.817 2.932 3.122
3.050 3.089 3.158
2.837 2.957 3.095
2.917 3.010 3.226
3.052 3.961 5.988
2.951 3.068 3.223
2.911 3.023 3.158
2.866 2.994 3.110
2.872 2.953 3.068
2.765 2.961 3.083
2.836 2.962 3.217
2.989 3.066 3.191
3.003 3.102 3.189
2.949 3.086 3.227
2.977 3.067 3.143
2.895 3.059 3.169
2.800 2.987 3.157
2.731 2.953 3.128
2.799 3.161 3.597
2.927 3.616 5.446
2.889 3.017 3.125
2.865 3.025 3.224
2.794 3.025 3.238
3.017 3.070 3.149
2.824 2.998 3.187
2.839 2.976 3.080
2.974 3.070 3.139
2.862 3.191 4.085
2.831 3.036 3.259
2.993 3.066 3.135
2.887 3.207 3.732
2.935 3.037 3.244
2.832 3.057 3.348
2.801 2.980 3.179
3.020 3.095 3.208
2.836 3.270 4.250
2.880 3.067 3.232
2.848 3.075 3.246
2.915 2.990 3.050
3.031 3.140 3.309
2.875 3.055 3.325
2.821 3.049 3.175
2.993 3.803 6.723
2.945 3.730 6.446
2.920 3.064 3.146
2.806 2.988 3.186
2.836 3.078 3.394
2.955 3.068 3.240
2.847 3.028 3.151
2.780 2.995 3.211
2.923 3.031 3.128
2.892 3.044 3.176
2.931 2.983 3.076
2.871 3.131 3.345
2.997 3.196 3.600
2.895 3.027 3.160
2.815 2.906 3.019
2.828 3.047 3.232
3.023 3.267 3.920
2.930 3.095 3.219
2.846 3.021 3.133
2.951 3.083 3.177
2.925 3.111 3.238
2.900 2.960 3.002
2.943 3.151 3.455
2.845 3.011 3.103
2.828 3.003 3.185
2.915 2.998 3.086
2.852 3.679 5.246
2.889 3.041 3.238
2.854 3.043 3.244
2.960 3.050 3.094
3.018 3.647 5.277
2.858 2.981 3.111
2.930 3.423 5.025
2.880 3.018 3.104
2.903 3.092 3.165
2.943 3.154 3.489
3.060 3.197 3.514
2.962 3.169 3.754
2.895 3.067 3.426
2.961 3.058 3.161
2.991 3.152 3.289
2.838 2.948 3.034
2.904 3.034 3.136
2.947 3.988 6.509
2.877 3.018 3.128
2.929 2.984 3.026
2.896 3.057 3.228
2.859 3.296 4.622
2.996 3.049 3.168
2.837 3.431 5.184
2.842 3.000 3.150
2.808 2.933 3.137
2.920 2.974 3.037
2.837 3.191 3.818
2.904 3.012 3.214
2.880 2.990 3.092
2.845 2.973 3.113
2.864 2.990 3.120
2.898 3.062 3.311
2.954 3.026 3.181
2.914 2.977 3.040
3.288 4.146 4.812
2.857 3.047 3.235
2.777 2.942 3.224
2.887 4.705 6.832
2.787 2.877 2.944
2.998 3.158 3.276
2.951 3.104 3.203
2.908 3.046 3.140
2.952 3.109 3.226
2.879 3.003 3.278
2.817 3.007 3.290
2.915 3.111 3.392
2.952 3.078 3.227
2.778 2.990 3.234
2.720 3.399 5.135
2.856 3.027 3.307
2.824 2.964 3.150
2.897 3.034 3.125
2.960 3.104 3.269
2.749 2.925 3.187
2.858 3.249 3.952
2.825 2.925 3.049
2.982 3.128 3.279
2.843 3.228 3.997
2.867 2.988 3.055
2.898 3.461 4.951
2.836 3.009 3.225
2.827 2.921 3.003
2.850 3.028 3.112
2.962 3.077 3.162
2.846 2.949 3.026
2.878 3.046 3.234
3.012 3.128 3.384
2.830 3.085 3.436
2.850 2.975 3.104
2.934 3.283 3.895
2.681 2.905 3.052
2.936 3.104 3.211
2.989 3.055 3.131
2.824 3.110 3.292
2.872 3.027 3.161
2.670 2.907 3.096
2.926 3.093 3.317
2.861 2.962 3.113
2.835 2.991 3.224
2.894 3.022 3.068
2.880 3.002 3.107
2.772 3.010 3.153
3.232 4.208 5.352
3.010 3.095 3.223
2.830 2.992 3.115
2.961 3.207 3.848
2.970 3.068 3.239
2.885 2.995 3.069
2.866 3.041 3.223
2.853 3.003 3.274
2.907 3.043 3.138
2.985 3.135 3.256
2.980 3.113 3.259
2.836 3.019 3.241
2.933 3.093 3.279
2.809 3.066 3.270
3.012 3.207 3.352
3.261 4.533 6.430
2.771 3.070 3.222
2.886 3.020 3.190
3.065 3.134 3.242
2.834 3.048 3.287
2.937 3.035 3.143
2.973 3.166 3.728
2.791 3.134 3.875
2.945 3.435 4.473
2.918 3.052 3.300
2.860 3.035 3.127
2.935 3.533 5.136
2.827 3.111 3.280
2.840 2.937 3.050
2.945 3.293 4.193
2.974 3.099 3.318
3.093 3.280 3.824
3.158 4.520 5.288
2.981 3.092 3.158
3.029 4.912 7.024
2.943 3.153 3.349
3.046 3.170 3.255
2.806 2.974 3.269
2.900 3.069 3.333
3.049 3.108 3.240
2.846 3.017 3.131
3.012 3.122 3.233
2.926 3.407 4.603
2.968 3.034 3.149
3.013 3.068 3.123
3.093 3.182 3.328
2.874 2.993 3.108
2.908 3.051 3.139
2.879 2.970 3.127
2.927 3.048 3.094
3.021 3.124 3.232
2.920 3.046 3.175
2.951 3.310 3.645
2.930 3.019 3.142
2.910 3.048 3.219
2.920 3.109 3.248
2.813 2.959 3.048
2.905 3.087 3.191
2.895 3.037 3.176
3.043 3.285 3.881
2.838 2.989 3.139
3.008 3.046 3.098
3.025 3.280 4.014
2.894 3.092 3.507
2.957 3.359 4.645
2.907 3.039 3.120
2.845 3.359 5.003
2.826 2.956 3.223
2.817 2.996 3.271
2.989 3.580 5.648
3.007 3.322 3.976
2.933 3.150 3.627
2.900 2.973 3.051
2.928 3.135 3.351
2.950 3.099 3.313
2.941 3.228 3.945
2.927 3.042 3.217
3.021 3.148 3.306
2.877 3.021 3.205
3.053 4.155 6.099
2.945 3.115 3.231
3.047 3.193 3.361
3.088 3.403 4.448
3.021 3.137 3.207
3.032 3.717 4.907
2.980 3.447 5.036
2.868 3.332 4.294
2.795 2.908 3.005
2.862 2.979 3.151
2.939 3.170 3.688
2.956 3.059 3.250
2.965 3.091 3.244
2.851 3.030 3.189
2.905 3.065 3.176
2.819 3.011 3.246
2.991 3.121 3.235
2.861 3.181 3.917
2.934 3.049 3.196
2.906 3.479 5.407
3.420 4.915 6.964
2.799 3.131 3.542
2.830 3.042 3.147
2.855 3.775 6.704
2.981 3.201 3.910
2.908 3.077 3.280
2.829 2.911 3.064
3.262 3.917 5.286
2.856 3.052 3.288
2.916 3.364 4.817
3.006 3.187 3.309
2.978 3.176 3.626
2.914 3.092 3.324
3.018 3.140 3.303
2.809 2.986 3.104
2.997 3.195 3.544
3.407 3.543 3.647
2.850 2.973 3.098
2.863 3.168 3.752
2.886 3.005 3.095
2.833 3.242 4.130
2.954 3.216 3.408
2.893 3.326 4.464
2.825 2.973 3.301
2.910 3.110 3.316
2.863 2.937 3.146
2.926 3.202 3.570
2.857 3.036 3.308
2.918 3.071 3.334
2.955 3.077 3.173
2.842 3.022 3.236
2.804 2.946 3.052
2.959 3.057 3.123
2.830 2.956 3.115
2.767 2.974 3.153
2.809 2.898 3.020
2.890 3.019 3.111
3.037 3.649 4.267
2.818 2.957 3.247
2.714 3.012 3.277
2.880 2.978 3.049
2.815 3.041 3.319
2.895 3.039 3.114
2.841 2.934 3.045
2.859 2.988 3.257
2.858 2.957 3.068
3.027 3.128 3.168
2.913 3.095 3.225
3.194 3.646 4.600
3.333 4.382 5.711
2.855 2.935 3.037
2.910 3.050 3.218
2.930 3.026 3.096
2.847 2.999 3.131
2.944 3.683 6.374
2.824 3.139 3.321
3.030 3.755 5.293
2.838 3.113 3.673
2.958 3.038 3.088
2.879 3.213 4.235
2.853 2.969 3.193
2.820 2.899 3.134
2.837 2.909 3.002
2.922 3.086 3.274
3.205 3.798 5.403
2.974 3.494 4.301
2.826 3.018 3.228
2.941 3.423 5.067
2.813 2.992 3.130
2.836 2.970 3.121
2.863 2.973 3.110
2.936 3.109 3.412
2.824 2.909 3.107
2.889 3.006 3.208
2.784 3.009 3.163
2.882 3.011 3.199
2.877 3.020 3.125
2.879 3.005 3.166
2.937 3.135 3.280
2.878 3.014 3.185
2.830 3.207 4.397
3.030 4.097 5.615
3.002 4.154 5.014
2.948 3.626 5.951
2.860 3.051 3.306
2.843 2.959 3.070
2.870 3.015 3.125
2.867 3.032 3.327
2.822 2.953 3.049
2.967 3.243 3.959
2.849 2.955 3.093
2.829 3.135 3.730
2.945 3.083 3.320
3.011 3.042 3.093
3.064 3.137 3.234
2.847 3.293 4.407
2.848 3.049 3.618
2.890 3.031 3.110
3.002 3.429 4.871
2.900 3.032 3.234
2.818 2.932 3.017
2.822 2.935 3.041
2.945 3.049 3.117
2.933 3.029 3.118
2.821 3.018 3.151
3.007 3.198 3.748
2.921 3.126 3.306
2.794 3.033 3.342
2.895 3.006 3.151
2.847 2.960 3.250
2.941 3.076 3.169
2.852 3.253 4.251
2.892 3.147 3.287
2.929 3.122 3.473
2.806 3.012 3.132
3.504 4.599 6.498
2.847 2.984 3.086
2.865 3.030 3.219
2.855 3.004 3.118
2.832 3.059 3.244
3.020 3.095 3.172
2.913 3.052 3.234
2.888 3.050 3.268
2.887 3.008 3.115
3.012 3.220 3.661
2.862 2.987 3.131
3.002 3.135 3.327
2.905 3.138 3.311
2.911 2.984 3.089
2.892 3.065 3.194
2.888 3.044 3.154
2.843 3.359 4.981
2.834 3.049 3.275
2.857 3.132 3.656
2.823 3.045 3.160
2.872 2.999 3.197
2.846 2.911 3.039
2.774 2.981 3.261
2.832 2.978 3.080
2.826 2.983 3.166
2.806 3.074 3.286
2.841 3.750 6.364
2.843 3.056 3.500
2.806 3.186 3.907
3.832 4.824 6.259
2.873 3.027 3.181
2.944 3.164 3.385
2.885 2.998 3.084
2.832 3.207 4.543
2.913 3.108 3.354
2.904 3.025 3.269
2.819 2.929 3.043
2.859 3.024 3.425
2.764 2.982 3.106
2.868 2.961 3.114
2.911 3.005 3.153
2.854 2.934 3.076
2.833 3.586 4.798
2.786 2.880 2.954
2.806 2.942 3.300
2.841 2.919 3.022
2.858 2.978 3.150
2.965 3.027 3.097
2.858 3.454 4.282
2.815 2.932 3.175
2.921 3.058 3.266
2.832 3.012 3.244
2.881 3.062 3.197
2.878 2.925 2.991
2.880 2.933 3.024
2.831 2.923 3.059
2.849 2.994 3.105
2.869 2.987 3.043
2.838 3.734 5.214
2.885 2.970 3.067
2.833 3.066 3.200
2.852 3.077 3.179
2.849 2.943 3.053
3.103 3.425 4.297
2.841 3.014 3.153
2.912 3.193 3.847
2.812 3.020 3.183
2.820 2.932 3.017
2.900 2.943 2.993
2.827 2.919 3.157
3.011 3.416 3.901
2.907 2.989 3.111
2.841 2.963 3.160
2.881 2.938 3.010
2.821 2.956 3.028
2.808 2.959 3.018
2.829 2.965 3.139
2.841 2.930 3.093
2.725 3.510 4.388
2.974 3.294 4.012
2.887 3.457 5.284
2.831 2.982 3.183
2.730 2.883 2.982
2.824 2.927 3.166
2.843 2.947 3.151
2.664 2.912 3.170
2.835 2.906 3.016
3.102 4.327 5.785
2.779 2.904 3.022
2.837 2.892 2.996
2.798 2.919 3.043
2.861 3.316 4.417
2.838 2.912 3.046
2.807 2.981 3.096
2.810 2.931 3.096
2.767 2.887 3.001
2.970 3.491 4.905
2.818 2.910 3.017
2.863 3.120 3.391
2.844 2.967 3.065
2.908 3.084 3.231
2.899 3.047 3.170
2.851 3.302 4.176
2.878 3.125 3.299
2.775 3.356 4.899
2.803 2.944 3.072
2.794 2.999 3.139
2.849 2.983 3.285
2.812 3.012 3.119
2.825 3.463 5.474
2.883 3.015 3.098
2.797 3.281 4.840
2.911 3.086 3.408
2.868 3.040 3.204
2.663 2.901 3.178
2.865 4.831 6.569
2.805 3.049 3.611
2.873 3.020 3.247
2.937 3.104 3.239
2.847 3.072 3.283
2.827 2.930 3.093
2.973 3.053 3.262
2.870 3.048 3.234
2.852 2.934 3.051
2.997 3.217 3.645
2.956 3.144 3.278
2.836 2.879 2.930
2.853 2.995 3.114
2.894 3.018 3.145
2.794 2.898 3.115
2.933 3.226 4.047
2.807 2.943 3.185
2.952 3.193 3.770
3.003 3.082 3.272
2.885 3.023 3.219
2.836 3.257 4.598
2.823 2.958 3.077
3.053 3.127 3.257
2.895 3.104 3.331
2.870 3.018 3.123
2.734 2.932 3.014
2.908 3.026 3.210
2.875 2.946 3.041
2.987 3.069 3.289
2.940 3.115 3.218
3.021 3.149 3.287
2.847 3.034 3.153
2.906 3.031 3.155
3.228 4.180 5.060
2.894 2.994 3.169
2.812 3.035 3.170
2.944 3.048 3.138
2.861 3.767 6.591
2.847 3.004 3.112
2.868 2.894 2.919
2.871 2.995 3.052
2.921 3.083 3.331
2.922 3.071 3.323
2.972 3.137 3.298
2.750 3.457 5.449
2.969 3.170 3.752
2.911 3.061 3.215
2.850 3.974 6.330
2.720 3.311 4.850
2.873 3.116 3.349
2.840 3.069 3.288
3.045 3.091 3.149
2.860 3.060 3.243
3.009 3.084 3.203
3.029 3.186 3.650
2.815 3.214 4.151
2.818 3.026 3.350
2.913 3.033 3.188
2.833 2.997 3.097
2.933 3.591 5.386
2.907 3.070 3.299
2.860 3.035 3.234
2.859 2.962 3.042
2.866 2.987 3.150
2.911 3.146 3.310
3.089 3.876 5.728
2.819 3.321 4.492
2.818 3.011 3.239
2.850 2.998 3.234
2.809 2.918 3.102
3.084 3.989 5.752
2.778 2.975 3.253
2.940 3.042 3.129
2.943 3.001 3.059
2.887 2.984 3.129
2.841 2.990 3.139
2.786 3.031 3.237
2.896 3.073 3.286
2.799 2.964 3.121
2.864 2.950 3.114
2.847 3.011 3.222
2.927 3.136 3.394
2.895 3.103 3.261
3.043 3.094 3.140
2.872 3.155 3.833
3.034 3.110 3.204
2.876 3.072 3.395
2.826 3.048 3.203
3.070 3.134 3.207
2.927 3.123 3.331
2.889 2.992 3.134
2.857 3.143 4.051
2.903 2.974 3.043
2.978 3.023 3.062
2.939 3.050 3.163
2.843 3.428 5.090
3.075 3.171 3.247
2.977 3.027 3.097
3.048 3.651 5.563
3.207 4.582 5.940
2.979 3.017 3.096
2.805 2.981 3.110
2.854 2.983 3.219
2.921 3.026 3.227
2.747 2.913 3.040
2.835 2.971 3.135
2.888 2.999 3.180
2.812 2.953 3.092
2.964 3.127 3.406
2.880 3.016 3.164
2.831 2.917 3.015
2.913 3.165 3.358
2.965 3.135 3.235
2.931 3.050 3.222
2.934 3.210 3.439
2.964 3.554 5.607
3.630 5.461 6.756
2.993 3.697 6.279
2.873 2.995 3.146
3.027 3.349 4.577
2.924 3.066 3.182
3.072 3.450 4.556
2.883 3.039 3.149
2.839 3.312 4.497
2.922 3.017 3.135
2.815 2.982 3.147
3.001 3.120 3.325
2.874 3.070 3.246
2.992 3.275 3.879
2.875 5.705 13.777
2.857 3.065 3.177
2.863 3.002 3.171
3.049 3.179 3.345
2.873 3.100 3.311
2.916 3.099 3.232
2.965 3.099 3.246
2.948 3.039 3.127
2.836 3.085 3.254
3.002 3.112 3.302
2.952 3.265 4.199
3.090 3.988 7.238
2.932 3.074 3.207
3.031 3.144 3.244
2.839 3.054 3.377
2.836 3.134 3.753
2.903 3.126 3.254
2.892 3.187 4.017
2.919 3.163 3.536
2.975 3.095 3.285
2.902 3.083 3.193
3.067 3.126 3.182
3.000 3.106 3.217
2.856 2.992 3.114
2.824 2.965 3.132
3.040 3.160 3.349
2.977 3.152 3.256
3.003 3.100 3.364
3.000 3.126 3.286
2.867 3.332 4.753
2.926 3.050 3.133
2.861 2.960 3.111
2.834 3.028 3.342
3.009 3.104 3.248
2.837 2.974 3.064
2.836 2.935 3.045
2.967 3.053 3.194
3.037 3.058 3.104
2.792 2.886 3.059
2.748 2.952 3.102
3.092 3.169 3.306
2.922 3.176 3.874
2.914 3.085 3.216
3.001 3.091 3.154
2.895 3.109 3.241
2.880 3.462 4.330
2.870 3.134 3.678
2.912 3.079 3.280
3.110 3.175 3.282
2.793 3.182 3.953
3.000 3.086 3.264
2.992 3.676 6.095
2.869 2.994 3.175
2.835 2.933 3.051
2.933 3.740 5.713
2.806 3.674 5.569
3.019 3.121 3.254
3.054 3.595 5.483
2.969 3.064 3.158
2.832 3.170 3.949
2.837 3.167 4.077
2.803 3.621 4.803
2.873 3.024 3.267
2.897 2.981 3.088
2.871 3.039 3.182
2.798 2.877 2.926
2.930 3.020 3.077
2.945 3.141 3.505
2.815 3.269 4.600
2.858 3.075 3.663
2.917 3.016 3.064
2.815 3.030 3.224
2.905 3.231 3.801
2.896 3.008 3.195
2.800 3.039 3.241
2.978 3.040 3.088
2.875 3.131 3.302
2.812 2.937 3.012
2.941 3.072 3.231
2.893 3.031 3.154
3.003 3.029 3.071
3.050 3.856 5.251
2.631 2.921 3.062
2.837 2.954 3.070
2.906 3.882 5.187
2.984 3.065 3.156
2.836 2.967 3.147
2.799 2.875 3.025
2.798 2.966 3.112
3.002 3.754 5.890
2.957 3.163 3.472
2.852 3.628 4.798
