343.495 343.627 343.837
343.462 343.543 343.580
343.625 343.686 343.857
343.494 343.626 343.875
343.574 344.043 345.352
343.461 343.623 343.743
344.038 345.378 346.151
343.528 343.780 344.330
343.480 343.578 343.736
343.540 343.685 344.068
343.606 343.742 343.910
343.479 343.579 343.713
343.404 343.692 344.001
343.492 343.530 343.662
343.483 343.612 343.764
343.571 343.734 344.024
343.478 343.540 343.655
343.525 343.641 343.764
343.493 343.592 343.751
343.537 343.616 343.684
343.460 343.604 343.667
343.444 343.558 343.621
343.431 343.650 343.997
343.474 343.680 344.161
343.541 343.985 345.367
343.440 343.602 343.833
343.546 343.614 343.653
343.488 343.588 343.672
343.496 344.050 346.015
343.473 343.641 343.810
343.467 343.604 343.739
343.507 343.572 343.733
343.466 343.616 343.712
343.544 343.681 344.024
343.586 343.633 343.715
343.463 343.562 343.753
343.623 343.981 344.940
343.465 344.359 344.944
344.683 344.840 344.976
343.430 343.518 343.632
343.407 343.536 343.706
343.509 343.614 343.727
343.537 343.609 343.668
343.491 343.550 343.685
343.493 343.558 343.610
343.528 343.611 343.679
344.794 344.836 344.879
344.710 344.878 344.977
344.766 344.887 345.004
343.507 344.063 345.102
343.527 343.598 343.648
343.522 343.644 343.885
343.416 343.618 343.837
343.485 343.537 343.613
343.444 343.521 343.580
344.743 344.847 344.974
344.754 344.931 345.163
344.808 344.892 344.981
343.513 343.581 343.621
343.520 344.174 344.812
343.447 343.769 344.734
344.759 344.921 345.019
343.450 343.704 344.121
343.519 343.609 343.816
343.447 343.575 343.722
343.522 343.657 343.940
343.529 343.621 343.709
343.485 343.599 343.797
343.582 343.641 343.759
343.478 343.575 343.699
343.531 343.610 343.762
343.464 343.597 343.752
343.484 343.607 343.721
343.467 343.583 343.719
343.493 343.563 343.634
343.485 343.550 343.595
343.629 343.742 344.013
344.073 345.460 347.486
343.449 343.646 343.759
343.496 343.647 343.986
343.512 343.673 343.726
343.610 343.681 343.767
343.541 343.610 343.752
343.496 343.750 344.560
343.497 343.619 343.755
343.486 343.577 343.703
343.508 343.661 343.771
343.573 343.646 343.717
343.491 343.625 343.805
343.446 343.553 343.655
343.508 343.540 343.583
343.514 343.656 343.999
344.898 344.943 344.993
344.810 344.867 344.968
344.744 344.921 345.243
344.773 344.802 344.843
343.500 343.654 343.805
344.726 344.864 345.213
343.479 343.625 343.756
343.540 343.753 344.195
343.427 343.616 344.066
343.510 343.635 343.750
343.559 343.709 343.838
343.537 344.072 345.562
343.524 343.580 343.683
343.590 343.660 343.737
343.533 343.602 343.687
343.439 343.667 344.120
343.491 343.590 343.659
343.399 343.494 343.593
343.514 343.632 343.986
343.475 343.613 343.762
343.507 344.030 345.477
343.505 343.821 344.779
343.455 343.547 343.784
343.535 343.595 343.732
343.432 343.643 343.937
343.398 343.495 343.564
343.449 343.591 343.687
343.519 343.665 343.777
343.522 343.627 343.699
343.510 343.588 343.679
343.484 343.590 343.665
343.424 343.666 343.980
343.556 343.593 343.637
343.498 343.606 343.735
343.503 343.671 343.809
343.464 343.762 344.551
343.570 343.716 343.844
343.538 343.625 343.732
343.497 343.600 343.736
343.518 343.621 343.793
343.430 343.568 343.795
343.612 343.636 343.701
343.550 344.284 347.000
343.590 343.605 343.636
343.564 343.658 343.804
343.515 343.635 343.780
343.483 343.557 343.643
343.575 343.640 343.735
343.545 343.590 343.625
343.503 343.551 343.601
343.466 343.616 343.728
343.472 343.597 343.636
343.467 343.635 343.768
343.452 343.614 343.710
343.496 343.587 343.803
343.472 343.579 343.763
343.506 343.731 344.261
343.551 343.594 343.652
343.477 343.543 343.662
343.456 343.556 343.754
343.480 343.554 343.627
343.426 343.528 343.595
343.501 343.820 344.601
343.441 343.606 343.864
343.449 343.586 343.718
343.530 343.594 343.689
343.457 343.577 343.699
343.458 343.575 343.635
343.510 343.623 343.765
343.494 343.661 343.858
343.403 343.553 343.621
343.432 343.571 343.793
343.485 343.618 344.024
343.571 343.656 343.793
343.439 343.506 343.611
343.410 343.945 345.027
343.501 343.577 343.780
343.493 343.621 343.858
343.503 344.517 346.735
343.501 343.669 343.986
343.455 343.587 343.696
343.522 343.614 343.700
343.613 343.684 343.787
343.465 343.581 343.663
343.444 343.541 343.637
343.565 343.625 343.697
343.541 343.626 343.726
343.478 343.655 343.862
343.573 343.638 343.767
343.486 343.609 343.754
343.596 343.720 343.972
343.512 343.659 343.766
343.430 343.553 343.694
343.516 343.838 344.384
343.483 343.643 344.012
343.526 343.653 344.004
343.469 343.638 343.784
343.541 343.596 343.659
343.516 343.599 343.639
343.491 343.611 343.684
343.522 343.589 343.683
343.501 343.606 343.706
343.506 343.578 343.644
343.529 343.589 343.660
343.468 343.669 344.161
343.470 343.596 343.789
343.534 343.576 343.618
344.025 344.908 345.662
343.484 343.650 343.837
343.524 344.338 347.386
343.504 343.621 343.679
343.452 343.586 343.803
343.445 343.596 343.892
343.495 343.559 343.688
343.498 343.613 343.890
343.482 343.546 343.643
343.553 343.593 343.650
343.513 343.619 343.687
343.455 343.541 343.605
343.485 343.570 343.709
343.499 343.614 343.944
343.544 343.626 343.737
343.421 343.969 345.839
343.518 343.569 343.611
343.476 343.526 343.634
343.448 343.883 344.494
343.500 343.550 343.628
343.391 343.657 344.058
343.449 343.733 344.474
343.550 343.608 343.648
343.381 343.467 343.535
343.500 343.580 343.695
343.459 343.577 343.673
343.480 343.613 343.862
343.419 343.508 343.599
343.422 343.525 343.626
343.479 343.557 343.632
343.431 343.533 343.650
343.453 343.581 343.678
343.415 343.618 343.949
343.416 343.498 343.552
343.400 343.523 343.666
343.421 343.509 343.607
343.444 343.579 343.672
343.444 343.554 343.653
343.485 343.546 343.695
343.493 343.592 343.726
343.639 343.772 344.006
343.568 344.128 344.967
343.432 343.508 343.598
343.522 343.878 344.868
343.423 343.565 343.677
343.482 343.571 343.665
343.474 343.808 344.635
343.520 343.590 343.696
343.421 343.583 343.634
343.521 343.625 343.752
343.453 343.581 343.789
343.386 343.509 343.609
343.586 343.618 343.655
343.472 343.517 343.576
343.585 344.048 345.816
343.556 343.611 343.645
343.486 343.544 343.645
343.543 343.888 344.650
343.578 343.619 343.687
343.435 343.548 343.614
343.468 343.536 343.604
343.454 343.592 343.819
343.507 343.622 343.752
343.524 343.619 343.757
343.485 343.573 343.689
343.507 343.742 344.135
343.478 343.577 343.694
343.515 343.585 343.674
343.476 343.774 344.145
343.473 343.529 343.610
343.591 343.777 344.393
343.416 343.483 343.610
343.381 343.652 344.227
343.484 343.557 343.604
343.432 343.585 343.729
343.489 344.210 346.287
343.484 343.595 343.697
343.437 343.520 343.584
343.478 343.739 344.479
343.442 343.546 343.658
343.498 344.272 347.056
343.481 343.550 343.624
343.540 343.588 343.647
343.466 343.582 343.772
343.433 343.530 343.614
343.475 343.576 343.636
343.476 343.575 343.704
343.435 343.538 343.760
343.398 343.534 343.694
343.432 343.533 343.626
343.489 343.865 344.740
343.450 343.499 343.591
343.624 343.665 343.700
343.418 343.572 343.622
343.451 343.598 343.648
343.439 343.572 343.625
343.517 343.603 343.680
343.427 343.546 343.712
343.418 343.480 343.607
343.498 343.632 343.808
343.436 343.688 344.342
343.448 343.537 343.653
343.454 343.522 343.562
343.540 343.588 343.670
343.478 343.707 344.228
343.429 343.577 343.667
343.420 343.510 343.558
343.462 343.652 343.818
343.499 343.563 343.591
343.420 343.574 343.766
343.471 343.498 343.515
343.452 343.755 344.257
343.523 343.701 344.199
343.465 343.548 343.663
343.432 343.544 343.640
343.505 343.578 343.644
343.463 343.578 343.657
343.500 343.583 343.663
343.497 343.562 343.666
343.407 343.532 343.753
343.391 343.518 343.583
343.445 343.523 343.584
343.462 343.577 343.673
343.483 343.568 343.620
343.426 343.566 343.873
343.493 343.680 344.073
343.428 343.486 343.536
343.513 343.565 343.683
343.457 343.576 343.663
343.443 343.560 343.665
343.448 343.713 344.480
343.426 343.531 343.685
343.503 343.708 344.216
343.468 343.546 343.659
343.428 343.530 343.647
343.420 343.576 343.722
343.441 343.547 343.654
343.462 343.556 343.658
343.451 343.625 343.804
343.481 343.574 343.663
343.585 343.634 343.741
343.473 343.564 343.650
343.482 343.568 343.684
343.431 343.505 343.575
343.445 343.763 344.668
343.459 343.558 343.619
343.459 343.574 343.632
343.437 343.587 343.739
343.455 343.502 343.562
343.434 343.509 343.649
343.412 343.475 343.587
343.430 343.682 344.357
343.413 343.561 343.651
343.523 343.595 343.662
343.395 343.524 343.658
343.483 343.620 343.840
343.441 343.556 343.640
343.449 343.505 343.584
343.438 343.585 343.696
343.517 343.669 343.931
343.454 343.564 343.881
343.437 343.782 344.933
343.433 343.540 343.708
343.459 343.784 344.749
343.480 343.544 343.598
343.498 343.549 343.609
343.509 343.599 343.665
343.493 343.577 343.663
343.485 343.613 343.687
343.467 343.520 343.624
343.400 343.488 343.529
343.466 343.601 343.868
343.466 343.659 343.994
343.517 343.613 343.780
343.419 343.481 343.576
343.466 343.540 343.625
343.504 343.554 343.637
343.469 343.552 343.632
343.459 343.661 344.188
343.500 343.590 343.770
343.568 343.603 343.674
343.480 343.573 343.646
343.449 343.565 343.804
343.469 343.830 344.642
487.695 488.332 488.903
343.492 343.591 343.697
343.451 343.517 343.623
343.477 343.559 343.651
343.487 343.580 343.731
343.539 343.860 344.920
343.641 343.661 343.684
343.471 343.564 343.674
343.500 343.592 343.651
343.548 343.886 345.000
343.458 343.660 344.179
343.442 343.514 343.660
343.490 343.575 343.635
343.487 343.781 344.848
343.491 343.594 343.652
343.521 343.947 345.262
343.534 343.907 345.063
343.447 343.554 343.631
343.463 343.581 343.649
343.537 343.884 345.197
343.527 343.612 343.676
343.474 343.574 343.680
343.514 343.620 343.710
343.500 343.598 343.675
343.451 343.533 343.621
343.436 343.529 343.641
343.516 343.659 344.025
343.415 343.554 343.629
343.493 343.672 344.023
343.443 343.509 343.654
343.577 343.720 344.161
343.437 343.559 343.710
343.437 343.542 343.602
343.371 343.510 343.640
343.458 343.562 343.640
343.439 343.502 343.541
343.477 343.511 343.597
343.473 343.548 343.678
343.483 343.573 343.722
343.440 343.535 343.630
343.403 343.563 343.696
343.478 343.539 343.616
343.430 343.540 343.682
343.458 343.641 343.836
343.415 343.594 343.695
343.422 343.507 343.621
343.587 343.608 343.653
343.479 343.579 343.765
343.471 343.627 343.782
343.443 343.544 343.640
343.458 343.604 343.724
343.494 344.039 346.042
343.406 343.531 343.681
343.556 343.680 344.067
343.490 343.606 343.713
343.430 343.531 343.622
343.453 343.646 344.030
343.465 343.565 343.607
343.475 343.887 345.325
343.469 343.564 343.677
343.427 343.685 344.423
343.431 343.479 343.566
343.421 343.522 343.635
343.438 343.532 343.588
343.474 343.676 343.934
343.577 343.630 343.651
343.532 344.046 345.153
343.471 343.537 343.638
343.408 343.495 343.606
343.527 343.603 343.664
343.472 343.583 343.702
343.576 343.630 343.693
343.471 343.576 343.691
343.503 343.551 343.635
343.385 343.683 344.448
343.475 343.643 343.971
343.474 343.553 343.627
343.490 343.636 343.817
343.418 343.541 343.681
343.457 343.690 344.345
343.488 343.593 343.793
343.393 343.521 343.633
343.464 343.570 343.672
343.439 343.694 344.502
343.473 343.553 343.627
343.445 343.544 343.633
343.450 343.528 343.612
343.437 344.283 347.410
343.353 343.615 344.023
343.551 343.798 344.139
343.482 343.598 343.666
343.494 343.567 343.671
343.460 343.558 343.634
343.457 343.518 343.625
343.466 343.544 343.644
343.370 343.520 343.712
343.630 344.020 345.545
343.450 343.595 343.655
343.449 343.579 343.793
343.435 343.733 344.379
343.423 343.543 343.603
343.613 343.664 343.711
343.423 343.717 344.544
343.451 343.635 344.140
343.483 343.706 344.200
343.418 343.665 344.163
343.539 343.591 343.660
343.470 343.550 343.605
343.477 343.544 343.652
343.464 343.551 343.733
343.436 343.548 343.644
343.483 343.599 343.682
343.487 343.556 343.626
343.494 343.589 343.665
343.479 343.558 343.672
343.451 343.555 343.634
343.464 343.949 345.616
343.412 343.538 343.596
343.446 343.569 343.812
343.496 343.555 343.651
343.964 344.271 344.612
343.477 343.721 344.073
343.437 343.816 344.516
343.472 343.540 343.644
343.464 343.566 343.707
343.463 343.729 344.320
343.426 343.516 343.689
343.519 343.679 344.010
343.502 343.612 343.956
343.475 344.022 345.833
343.497 343.830 344.937
343.493 343.599 343.699
343.472 343.748 344.401
343.624 343.768 344.221
343.505 343.619 343.729
343.448 343.716 344.291
343.378 343.576 343.753
343.570 344.405 347.014
343.446 343.510 343.548
343.476 343.980 345.641
343.418 343.544 343.654
343.527 343.571 343.626
343.441 343.581 343.664
343.492 343.587 343.672
343.516 343.595 343.662
343.389 343.548 343.652
343.454 343.552 343.640
343.496 343.643 343.851
343.549 343.589 343.653
343.494 343.624 343.722
343.502 343.758 344.352
343.492 343.727 344.489
343.483 343.534 343.613
343.441 343.548 343.624
343.466 343.769 344.509
343.586 344.579 346.050
343.471 343.605 343.923
343.480 343.627 344.080
343.483 343.578 343.682
343.442 343.519 343.564
343.489 343.567 343.670
343.430 343.571 343.665
343.499 343.544 343.574
343.435 343.560 343.635
343.429 343.523 343.594
343.477 343.579 343.669
343.397 343.579 343.728
343.478 343.543 343.608
343.456 343.724 344.311
343.477 343.606 343.748
343.535 343.784 344.358
343.505 343.631 343.877
343.488 343.635 343.785
343.450 343.833 344.835
343.453 343.593 343.726
343.538 343.699 343.805
343.499 343.635 343.854
343.353 343.553 343.654
343.464 343.602 343.659
343.487 343.571 343.625
343.413 343.590 343.719
343.450 343.537 343.646
343.560 343.632 343.692
343.485 343.628 343.977
343.519 343.825 344.065
343.532 343.614 343.680
343.566 343.643 343.767
343.462 343.601 343.814
343.500 343.570 343.700
343.572 343.624 343.694
343.398 343.492 343.574
343.538 343.620 343.664
343.534 343.656 343.782
343.523 343.586 343.652
343.496 343.685 344.102
343.437 343.538 343.638
343.478 343.602 343.680
343.451 343.709 344.346
343.508 343.563 343.640
343.468 343.570 343.702
343.382 343.575 343.799
343.489 343.574 343.676
343.498 343.581 343.696
343.499 343.678 343.977
343.475 343.614 343.719
343.479 343.566 343.655
343.446 343.587 343.690
343.531 343.658 343.904
343.433 344.378 345.961
343.498 343.699 344.343
343.493 343.684 343.789
343.447 343.601 343.758
343.452 343.602 343.790
343.522 343.958 344.676
343.504 343.609 343.754
343.495 343.633 343.829
343.415 343.712 344.493
343.429 343.581 343.679
343.439 343.521 343.599
343.470 343.905 345.419
343.497 343.533 343.575
343.524 343.575 343.640
343.425 343.654 343.787
343.438 343.721 344.397
343.487 343.612 343.708
343.454 343.538 343.635
343.487 343.729 344.225
343.508 343.620 343.757
343.472 343.701 344.374
343.589 343.625 343.660
343.450 343.534 343.664
343.468 343.593 343.676
343.561 343.926 344.778
343.422 343.542 343.661
343.458 343.567 343.694
343.537 343.730 343.992
343.509 343.642 343.781
343.545 343.589 343.618
343.501 343.660 343.890
343.542 343.721 344.100
343.543 343.679 344.118
343.515 343.679 343.889
343.502 343.545 343.605
343.457 343.698 344.067
343.441 343.515 343.582
343.492 343.936 344.919
343.556 343.698 343.912
343.458 343.629 343.747
343.459 343.591 343.792
343.380 343.569 343.713
343.478 343.624 343.702
343.541 343.657 343.748
343.461 343.570 343.701
343.526 343.601 343.696
343.497 343.645 344.019
343.548 343.837 344.742
343.472 343.590 343.715
343.534 343.606 343.702
343.472 343.612 343.716
343.451 343.854 344.936
343.474 343.630 344.007
343.435 343.584 343.724
343.466 343.558 343.677
343.473 343.606 343.693
343.490 343.839 344.900
343.418 343.612 343.766
343.560 343.639 343.797
343.471 343.584 343.769
343.507 343.570 343.620
343.495 343.693 343.989
343.527 343.651 343.815
343.449 343.516 343.577
343.522 343.589 343.720
343.482 343.559 343.633
343.542 343.594 343.634
343.452 343.527 343.591
343.456 343.954 345.674
343.552 343.726 344.009
343.449 343.556 343.665
343.478 343.662 344.245
343.482 343.575 343.722
343.414 343.536 343.665
343.471 343.612 343.823
343.459 343.549 343.627
343.511 343.632 343.742
343.529 343.601 343.681
343.470 343.526 343.582
343.462 343.697 344.005
343.529 343.608 343.725
343.475 343.630 343.738
343.523 343.905 344.974
343.463 343.576 343.693
343.501 343.564 343.682
343.607 344.007 345.378
343.375 343.539 343.677
343.441 343.545 343.732
343.445 343.780 344.342
343.498 343.603 343.711
343.456 343.603 343.734
343.408 343.548 343.728
343.521 343.597 343.662
343.500 343.685 343.862
343.523 343.570 343.599
343.542 343.626 343.742
343.510 343.549 343.604
343.501 343.664 344.179
343.503 344.049 345.908
343.522 343.636 343.706
343.452 343.565 343.628
343.523 343.704 344.006
343.429 343.591 343.792
343.527 343.559 343.617
343.550 343.623 343.717
343.534 343.617 343.736
343.461 343.558 343.632
343.525 344.826 345.706
343.478 343.572 343.733
343.486 343.531 343.585
343.548 343.590 343.643
343.459 343.588 343.680
343.450 343.570 343.733
343.457 343.584 343.858
343.467 343.546 343.683
343.436 343.549 343.653
343.563 343.626 343.728
343.493 343.600 343.650
343.529 343.764 344.529
343.471 343.620 343.905
343.444 343.578 343.769
343.471 343.602 343.713
343.627 343.790 344.036
343.430 343.540 343.646
343.432 343.530 343.574
343.440 343.575 343.696
343.419 343.580 343.675
343.471 343.603 343.707
343.426 343.609 343.777
343.525 343.617 343.663
343.499 343.636 343.828
343.469 344.055 346.096
343.477 343.569 343.765
343.518 343.609 343.721
343.457 343.832 344.812
343.468 343.718 344.348
343.406 343.541 343.628
343.556 343.674 343.916
343.608 343.646 343.715
343.500 343.560 343.648
343.593 343.823 344.335
343.532 343.584 343.641
343.484 343.583 343.813
343.462 343.589 343.647
343.473 343.547 343.754
343.460 343.562 343.614
343.516 343.589 343.652
343.450 343.581 343.663
343.461 343.523 343.606
343.479 343.593 343.710
343.522 343.693 344.046
343.504 343.646 343.761
343.472 343.580 343.692
343.499 343.592 343.680
343.552 343.610 343.646
343.556 343.617 343.685
343.470 343.614 344.007
343.406 343.553 343.648
343.539 343.659 343.707
343.481 343.749 344.344
343.495 343.615 343.715
343.483 343.595 343.673
343.563 345.008 347.401
343.437 343.572 343.633
343.510 343.565 343.641
343.461 343.545 343.626
343.451 344.040 345.786
343.492 343.593 343.707
343.503 343.604 343.724
343.515 343.571 343.677
343.483 343.854 345.041
343.490 343.588 343.733
343.467 343.576 343.658
343.456 343.599 343.764
343.477 343.576 343.694
343.579 343.607 343.647
343.509 343.590 343.625
343.493 343.552 343.651
343.457 343.607 343.941
343.443 343.555 343.591
343.494 343.609 343.725
343.508 343.610 343.694
343.523 343.676 343.940
343.477 343.588 343.696
343.532 343.624 343.778
343.362 343.484 343.557
343.432 343.583 343.643
343.482 343.615 343.958
343.478 343.662 343.964
343.481 343.659 343.880
343.536 343.615 343.657
343.479 343.614 343.745
343.527 343.648 343.759
343.489 343.719 344.423
343.448 343.535 343.685
343.470 343.947 345.447
343.448 343.669 344.143
343.474 343.537 343.654
343.461 343.690 344.199
343.425 343.519 343.579
343.466 343.511 343.624
343.542 343.586 343.614
343.474 343.640 343.970
343.620 343.687 343.869
343.356 343.567 343.646
343.463 343.502 343.534
343.507 343.593 343.681
343.471 343.508 343.544
343.536 343.766 344.337
343.472 343.546 343.633
343.477 343.590 343.701
343.534 343.598 343.647
343.505 344.083 346.079
343.533 343.601 343.682
343.480 343.559 343.626
343.495 343.601 343.655
343.441 343.695 344.569
343.593 343.656 343.688
343.477 343.578 343.660
343.518 343.566 343.637
343.451 343.554 343.673
343.465 343.573 343.697
343.470 343.677 344.086
343.507 343.601 343.668
343.436 343.603 343.803
343.462 343.547 343.666
343.542 343.612 343.694
343.459 343.538 343.679
343.492 343.580 343.726
343.408 343.573 343.695
343.542 343.628 343.704
343.433 343.602 343.827
343.553 343.612 343.674
343.485 343.671 343.849
343.565 343.600 343.634
343.469 343.567 343.655
343.547 343.607 343.644
343.486 343.711 344.142
343.505 343.604 343.670
343.513 343.532 343.570
343.476 343.679 344.011
343.480 343.642 344.092
343.587 343.754 343.941
343.477 343.583 343.671
343.532 343.592 343.687
343.432 343.507 343.547
343.447 343.488 343.513
343.468 343.764 344.560
343.466 343.618 343.717
343.436 343.559 343.615
343.534 343.761 344.412
343.467 343.569 343.672
343.486 343.566 343.624
343.444 343.638 343.870
343.458 343.539 343.623
343.475 343.573 343.636
343.587 343.656 343.818
343.511 343.743 344.093
343.494 343.643 343.932
343.592 343.638 343.683
343.459 343.566 343.673
343.516 344.021 344.773
343.572 344.022 345.384
343.487 343.596 343.721
343.455 343.521 343.605
343.514 343.629 343.699
343.443 343.512 343.602
343.544 343.619 343.702
343.445 343.528 343.635
343.514 343.673 344.043
343.511 343.621 343.827
343.441 343.562 343.815
343.496 343.617 343.830
343.542 343.594 343.659
343.542 343.631 343.742
343.471 344.656 345.785
343.552 344.068 345.721
343.481 343.579 343.670
343.504 343.676 343.885
343.486 343.574 343.647
343.475 343.516 343.612
343.467 343.775 344.456
343.472 343.596 343.820
343.437 343.532 343.624
343.591 343.685 343.958
343.467 343.588 343.672
343.483 343.633 343.713
343.426 343.587 343.858
343.408 343.564 343.699
343.589 343.680 343.763
343.384 343.556 343.695
343.522 343.638 343.807
344.262 344.971 345.564
343.405 343.834 344.911
343.497 343.595 343.748
343.381 343.694 344.196
343.491 343.573 343.652
343.452 343.787 344.456
343.470 343.527 343.661
343.446 343.625 343.706
343.509 343.598 343.705
343.484 343.772 344.637
343.469 343.623 343.874
343.546 343.619 343.680
343.484 343.596 343.767
343.515 343.581 343.710
343.538 343.893 345.006
343.502 343.581 343.668
343.445 344.150 345.050
343.421 343.633 343.757
343.475 343.589 343.726
343.465 343.676 343.869
343.480 343.630 343.854
343.492 343.597 343.787
343.472 343.635 344.012
343.584 343.744 344.170
343.468 343.508 343.600
343.480 343.609 343.724
343.488 343.588 343.682
343.480 343.636 344.035
343.479 343.573 343.800
343.435 343.553 343.665
343.535 343.840 344.847
343.496 343.800 344.281
343.468 343.544 343.638
343.454 343.660 343.924
343.513 344.016 345.100
343.453 343.608 344.061
343.471 343.561 343.710
343.491 343.578 343.664
343.493 343.615 343.838
343.645 343.776 343.983
343.538 343.624 343.689
343.517 344.068 345.895
343.481 343.567 343.657
343.547 343.592 343.653
343.393 343.508 343.653
343.507 343.641 343.792
343.618 344.013 344.638
343.500 343.598 343.698
343.491 343.863 345.062
343.462 343.548 343.734
343.487 343.721 344.459
343.457 343.576 343.751
343.473 343.565 343.638
343.494 343.551 343.602
343.466 343.545 343.655
343.542 343.612 343.680
343.463 343.797 344.334
343.516 343.612 343.658
343.420 343.527 343.620
343.473 343.547 343.696
343.469 343.547 343.622
343.535 343.616 343.675
343.537 343.619 343.708
343.447 343.533 343.711
343.465 343.546 343.644
343.497 343.618 343.796
343.439 343.722 344.394
343.456 343.995 345.509
343.519 343.606 343.691
343.591 343.639 343.712
343.535 343.574 343.677
343.476 343.717 344.074
343.460 343.555 343.665
343.458 343.556 343.649
343.539 343.581 343.613
343.483 343.587 343.787
343.442 343.532 343.661
343.475 343.569 343.618
343.493 343.538 343.587
343.438 343.769 344.686
343.522 343.652 343.783
343.510 343.578 343.616
343.462 343.571 343.656
343.494 343.635 343.747
343.491 343.648 343.780
343.537 343.687 344.007
343.478 344.354 346.144
343.468 343.640 343.815
343.449 343.662 344.349
343.491 343.882 345.148
343.491 343.975 344.987
343.543 343.662 343.848
343.543 343.600 343.654
343.475 343.544 343.669
343.406 343.496 343.641
343.496 343.556 343.618
343.420 343.566 343.668
343.414 343.578 343.738
343.417 343.518 343.702
343.493 344.009 345.843
343.528 343.586 343.724
343.444 343.541 343.668
343.504 343.564 343.632
343.427 343.560 343.759
343.414 343.519 343.677
343.528 343.607 343.643
343.446 343.559 343.737
343.642 344.266 345.154
343.456 343.560 343.679
343.595 343.643 343.734
343.393 343.556 343.719
343.536 344.101 345.975
343.473 343.604 343.671
343.408 343.560 343.832
343.521 343.585 343.682
343.511 343.558 343.598
343.550 343.817 344.805
343.473 343.571 343.755
343.541 343.629 343.708
343.429 343.627 343.755
343.446 343.546 343.623
343.435 343.590 343.898
343.474 343.549 343.666
343.478 343.603 343.767
343.470 343.630 343.868
343.509 343.586 343.648
343.469 343.701 344.211
343.484 343.629 344.019
343.379 343.477 343.527
343.471 343.615 343.750
343.580 344.194 346.434
343.453 343.543 343.619
343.462 343.587 343.660
343.468 343.605 343.853
343.442 343.519 343.628
343.476 343.582 343.678
343.507 343.556 343.640
343.568 343.634 343.793
343.522 343.646 343.807
343.449 343.571 343.719
343.511 343.613 343.675
343.434 343.537 343.634
343.488 343.519 343.552
343.442 343.736 344.292
343.434 343.561 343.681
343.514 343.592 343.750
343.397 343.497 343.573
343.480 343.560 343.634
343.451 343.557 343.676
343.505 343.578 343.640
343.468 343.542 343.645
343.543 343.617 343.692
343.435 343.551 343.628
343.408 343.525 343.690
343.501 343.610 343.698
343.498 343.610 343.699
343.503 343.587 343.671
343.504 343.602 343.658
343.528 343.621 343.731
343.449 343.537 343.698
343.476 343.567 343.674
343.424 343.531 343.703
343.448 343.510 343.562
343.404 343.652 344.250
343.412 343.463 343.568
342.326 342.379 342.493
342.277 342.365 342.429
342.298 342.397 342.477
342.309 342.460 342.808
342.217 342.342 342.484
343.462 343.785 344.517
343.415 343.618 344.088
343.433 343.539 343.586
343.409 343.496 343.611
343.362 343.463 343.580
342.407 342.461 342.567
342.273 342.376 342.488
342.317 342.380 342.428
342.417 342.520 342.740
342.266 342.450 342.608
343.423 343.693 344.506
343.440 343.553 343.682
343.483 343.610 343.768
343.470 343.694 344.191
343.503 343.564 343.627
343.500 343.567 343.687
343.491 343.576 343.733
343.467 343.529 343.662
343.430 343.570 343.697
343.466 343.616 343.791
343.445 343.546 343.718
343.449 343.537 343.606
343.467 343.516 343.589
343.456 343.573 343.615
343.538 343.690 344.055
343.526 344.302 345.189
343.455 343.549 343.623
343.407 343.556 343.692
343.465 343.564 343.710
343.446 343.546 343.646
343.563 343.630 343.725
343.539 343.665 343.920
343.473 343.567 343.619
343.399 343.505 343.647
343.443 343.690 344.098
343.484 343.507 343.556
343.464 343.543 343.649
343.440 343.502 343.605
343.432 343.577 343.690
343.585 343.651 343.777
343.419 343.592 343.675
343.414 343.480 343.576
343.463 343.500 343.586
343.466 343.606 343.768
343.470 343.546 343.609
343.458 343.540 343.610
343.470 343.538 343.641
343.495 343.595 343.673
343.517 343.606 343.691
343.490 343.575 343.672
343.452 343.530 343.637
343.437 343.508 343.622
343.419 343.554 343.649
343.564 343.716 344.012
343.433 343.499 343.647
343.493 343.569 343.654
343.450 343.697 344.380
343.453 343.549 343.676
343.518 343.556 343.609
343.432 343.567 343.733
343.424 343.547 343.644
343.377 343.531 343.687
343.502 343.693 344.224
343.403 343.484 343.571
343.417 343.692 344.098
343.438 343.514 343.669
343.446 343.611 343.959
343.455 343.515 343.681
343.404 343.494 343.592
343.466 343.820 344.783
343.423 343.547 343.626
343.434 343.577 343.643
343.423 343.549 343.861
343.375 343.503 343.605
343.493 343.664 344.044
343.429 343.576 343.828
343.470 343.572 343.676
343.441 343.569 343.788
343.410 344.107 346.504
343.480 343.561 343.628
343.515 343.571 343.629
343.499 343.587 343.650
343.504 344.010 345.665
343.469 343.855 345.019
343.475 343.893 344.968
343.443 343.525 343.648
343.481 343.545 343.601
343.493 343.632 343.845
343.468 343.852 345.186
343.568 343.594 343.639
343.404 343.716 344.329
343.442 343.605 343.845
343.466 343.557 343.676
343.453 343.560 343.635
343.417 343.511 343.595
343.398 343.537 343.624
343.492 343.589 343.637
343.486 343.516 343.594
343.454 343.573 343.745
343.459 343.522 343.651
343.474 343.939 345.174
343.427 343.477 343.559
343.450 343.599 343.733
343.423 343.561 343.669
343.442 343.685 344.467
343.443 343.527 343.628
343.509 344.140 346.349
343.478 343.645 343.875
343.424 343.559 343.649
343.461 343.512 343.607
343.502 343.837 344.888
343.505 343.566 343.622
343.503 343.554 343.603
343.495 343.598 343.716
343.443 343.544 343.727
343.463 343.590 343.654
343.568 343.781 344.102
343.499 343.560 343.647
343.484 343.577 343.699
343.441 343.501 343.595
343.408 343.941 345.464
343.452 343.596 343.643
343.414 343.632 344.058
343.417 343.504 343.550
343.429 343.621 343.953
343.453 343.549 343.643
343.411 344.062 345.948
343.474 343.575 343.689
343.510 343.621 343.773
343.473 343.570 343.660
343.432 343.512 343.638
343.430 343.482 343.571
343.478 343.597 343.696
343.421 343.478 343.538
343.405 343.801 344.889
343.382 343.640 344.270
343.433 343.639 344.170
343.480 343.539 343.606
343.414 343.542 343.738
343.384 343.552 343.625
343.399 343.722 344.359
343.441 343.521 343.593
343.524 343.743 344.431
343.472 343.587 343.764
343.420 343.481 343.635
343.427 343.535 343.607
343.404 343.513 343.601
343.497 343.595 343.677
343.455 343.737 344.409
343.514 343.602 343.723
343.428 343.540 343.623
343.497 343.563 343.705
343.418 343.485 343.590
343.514 343.601 343.654
343.466 343.606 343.748
343.736 345.533 347.614
343.455 343.491 343.530
343.450 343.595 343.942
343.381 343.616 344.155
343.435 343.539 343.637
343.510 343.783 344.382
343.501 343.569 343.631
343.432 343.465 343.498
343.487 343.544 343.667
343.443 343.940 345.581
343.485 343.625 343.834
343.516 343.568 343.691
343.415 343.553 343.797
343.479 343.952 345.476
343.479 343.552 343.647
343.441 343.639 343.762
343.488 343.558 343.665
343.631 344.005 345.455
343.538 343.595 343.644
343.492 343.627 343.809
343.458 343.577 343.647
343.496 343.576 343.651
343.448 343.493 343.605
343.530 343.614 343.704
343.488 343.544 343.583
343.443 343.933 345.463
343.443 343.547 343.647
343.443 343.543 343.631
343.418 343.542 343.625
343.455 343.606 343.704
343.471 343.523 343.653
343.438 343.512 343.626
343.464 343.620 343.939
343.444 343.575 343.819
343.438 343.556 343.619
343.413 343.851 345.000
343.491 344.334 345.707
343.404 343.605 343.695
343.535 343.605 343.685
343.422 343.525 343.588
343.433 343.511 343.587
343.421 343.520 343.607
343.415 343.611 343.969
343.487 343.584 343.669
343.454 343.546 343.677
343.506 343.782 344.752
343.394 343.560 343.840
343.417 343.517 343.669
343.466 343.645 343.869
343.473 343.767 344.663
343.493 343.594 343.646
343.406 343.502 343.614
343.429 343.634 344.170
343.384 343.518 343.647
343.469 343.564 343.671
343.463 343.526 343.698
343.466 343.539 343.608
343.488 343.555 343.600
343.450 343.511 343.607
343.447 343.520 343.590
343.499 343.590 343.712
343.573 343.816 344.712
343.436 343.530 343.612
343.439 343.580 343.645
343.501 343.591 343.725
343.504 343.583 343.623
343.475 343.573 343.747
343.450 343.558 343.682
343.387 344.511 347.522
343.543 343.701 344.002
343.488 343.535 343.595
343.487 343.764 344.289
343.436 343.539 343.601
343.403 343.555 343.668
343.437 343.542 343.662
343.455 343.760 344.614
343.443 343.546 343.634
343.550 343.603 343.625
343.484 343.619 343.679
343.443 343.565 343.707
343.467 343.684 344.445
343.469 343.644 343.979
343.589 343.641 343.716
343.515 343.606 343.682
343.446 343.577 343.664
343.461 344.389 345.095
343.450 343.568 343.720
343.439 343.568 343.774
343.511 343.590 343.725
343.441 343.735 344.522
343.440 343.531 343.615
343.489 343.576 343.654
343.463 343.608 343.783
343.494 343.619 343.805
343.446 343.506 343.601
343.481 343.575 343.637
343.452 343.505 343.526
343.439 343.512 343.648
343.464 343.590 343.680
343.475 343.587 343.662
343.427 343.541 343.649
343.421 343.521 343.661
343.455 343.578 343.645
343.452 343.593 343.715
343.570 344.200 346.568
343.476 343.563 343.631
343.465 343.551 343.682
343.497 343.567 343.699
343.443 343.515 343.653
343.483 343.558 343.779
343.504 343.587 343.727
343.467 343.654 343.778
343.461 343.562 343.603
343.475 343.584 343.687
343.464 343.585 343.833
343.445 343.518 343.599
343.578 343.677 343.881
343.476 343.558 343.727
343.499 343.578 343.664
343.444 343.838 345.041
343.454 343.599 343.892
343.471 343.629 343.968
343.600 343.690 343.765
343.467 343.564 343.634
343.478 343.646 344.057
343.476 343.538 343.624
343.487 343.604 343.774
343.517 343.633 343.749
343.535 343.922 344.960
343.489 343.577 343.688
343.411 343.497 343.626
343.588 343.876 344.860
343.468 343.547 343.609
343.483 343.563 343.695
343.442 343.581 343.738
343.428 343.528 343.584
343.478 343.545 343.597
343.496 343.823 344.893
343.447 343.549 343.619
343.500 343.564 343.648
343.543 343.686 344.045
343.429 343.561 343.689
343.491 343.589 343.633
343.487 343.624 343.704
343.411 343.639 344.232
343.469 343.566 343.632
343.466 343.523 343.669
343.480 343.581 343.753
343.515 343.603 343.639
343.409 343.504 343.604
343.466 343.993 345.840
343.506 343.814 344.660
343.567 343.712 343.955
343.482 343.597 343.684
343.582 343.740 344.181
343.431 343.592 343.681
343.506 343.573 343.692
343.513 343.558 343.636
343.397 343.510 343.601
343.500 343.620 343.718
343.444 343.601 343.679
343.537 343.617 343.718
343.511 343.633 343.751
343.556 344.329 345.199
343.467 343.568 343.661
343.470 343.565 343.701
343.536 344.021 344.602
343.606 343.644 343.672
343.576 343.809 344.606
343.495 343.568 343.637
343.530 343.628 343.802
343.461 343.587 343.662
343.459 343.543 343.606
343.468 343.495 343.528
343.542 343.714 344.140
343.447 343.626 343.810
343.517 343.638 343.802
343.518 343.577 343.640
343.526 343.623 343.749
343.555 343.598 343.617
343.571 343.655 343.766
343.560 343.649 343.764
343.511 343.627 343.726
343.469 343.543 343.697
343.556 343.632 343.720
343.600 343.694 343.881
343.445 344.079 346.149
343.486 343.560 343.636
343.459 343.597 343.888
343.500 343.829 344.546
343.523 343.605 343.718
343.502 343.520 343.539
343.503 343.602 343.691
343.573 343.711 343.906
343.458 343.612 343.746
343.451 343.567 343.644
343.478 343.607 343.669
343.492 343.703 344.153
343.469 343.494 343.531
343.406 343.555 343.685
343.475 343.640 343.795
343.515 343.628 343.814
343.470 343.585 343.831
343.448 343.677 344.125
343.584 343.644 343.684
343.512 343.596 343.684
343.483 343.518 343.558
343.402 343.532 343.654
343.533 343.624 343.742
343.503 343.596 343.691
343.504 343.575 343.695
343.478 344.234 347.032
343.476 343.932 345.295
343.478 343.611 343.732
343.458 343.586 343.663
343.510 343.732 344.391
343.426 343.581 343.698
343.482 343.576 343.825
343.411 343.746 344.498
343.536 343.593 343.635
343.505 343.558 343.627
343.473 343.605 343.927
343.472 343.556 343.626
343.460 343.646 343.757
343.536 343.614 343.650
343.402 343.550 343.770
343.471 343.707 344.204
343.475 343.502 343.563
343.455 343.591 343.669
343.484 343.594 343.718
343.511 343.610 343.725
343.446 343.553 343.676
343.447 343.543 343.644
343.428 343.529 343.623
343.562 343.652 343.745
343.478 343.547 343.626
343.538 343.632 343.765
343.491 343.870 344.520
343.579 343.618 343.720
343.423 343.514 343.630
343.438 343.537 343.619
343.433 343.568 343.680
343.515 343.614 343.717
343.437 343.517 343.594
343.427 343.581 343.710
343.502 343.584 343.667
343.442 343.536 343.643
343.490 344.090 346.226
343.475 343.528 343.633
343.409 343.663 344.298
343.472 343.573 343.713
343.457 343.569 343.744
343.635 343.759 344.004
343.430 343.585 343.696
343.466 343.562 343.635
343.541 343.590 343.723
343.524 343.549 343.600
343.518 343.599 343.668
343.458 343.611 343.772
343.498 343.577 343.680
343.437 343.619 343.785
343.449 343.497 343.598
343.482 343.633 343.754
343.481 343.562 343.656
343.471 343.797 344.579
343.474 343.541 343.686
343.540 343.630 343.692
343.486 343.592 343.683
343.456 343.565 343.693
343.445 343.546 343.651
343.469 343.536 343.648
343.461 343.697 344.419
343.497 343.734 344.321
343.486 343.572 343.686
343.502 343.605 343.663
343.553 343.617 343.709
343.552 343.642 343.896
343.616 343.915 344.838
343.411 343.589 343.717
343.518 343.872 344.436
343.367 343.815 345.053
343.501 343.637 344.093
343.460 343.554 343.681
343.434 343.632 343.811
343.455 343.564 343.636
343.499 343.609 343.658
343.519 343.588 343.641
343.468 343.528 343.667
343.480 343.562 343.607
343.444 343.525 343.607
343.470 343.589 343.660
343.511 343.623 343.791
343.485 343.637 343.786
343.451 343.554 343.675
343.508 343.595 343.692
343.450 343.570 343.660
343.468 343.591 343.658
343.449 343.900 344.651
343.411 343.530 343.632
343.452 343.512 343.613
343.477 343.618 343.696
343.549 343.600 343.656
343.449 343.532 343.614
343.485 343.597 343.853
343.493 343.551 343.607
343.513 343.591 343.781
343.417 343.598 343.794
343.417 343.711 344.222
343.451 343.514 343.635
343.435 343.570 343.678
343.430 344.104 346.173
343.458 343.513 343.576
343.467 344.562 347.375
343.505 344.043 345.801
343.451 343.547 343.627
343.479 343.588 343.783
343.480 343.549 343.631
343.438 343.560 343.657
343.435 343.533 343.608
343.446 343.641 344.039
343.444 343.506 343.709
343.465 343.577 343.669
343.477 343.586 343.653
343.438 343.875 344.614
343.423 343.518 343.651
343.450 343.605 343.732
343.453 343.570 343.654
343.542 343.622 343.685
343.971 344.878 346.185
343.480 344.370 346.388
343.481 343.584 343.656
343.491 343.607 343.667
343.477 343.598 343.757
343.481 343.596 343.661
343.479 343.526 343.570
343.456 343.596 343.729
343.451 343.563 343.798
343.442 343.498 343.598
343.500 343.600 343.685
343.432 343.817 344.869
343.531 343.637 343.823
343.424 343.588 343.949
343.410 343.529 343.692
343.443 343.598 343.951
343.474 343.589 343.823
343.539 343.639 343.720
343.500 343.571 343.654
343.504 343.555 343.659
343.440 343.686 344.419
343.424 343.549 343.677
343.576 343.722 344.243
343.552 343.580 343.622
343.468 343.606 343.690
343.445 343.559 343.692
343.491 343.658 343.825
343.465 343.589 343.645
343.497 343.549 343.610
343.461 343.547 343.683
343.413 343.661 344.166
343.484 343.509 343.543
343.497 343.847 345.120
343.481 343.812 344.648
343.478 343.592 343.752
343.466 343.599 343.955
343.531 343.648 343.745
343.631 343.642 343.659
343.491 343.587 343.700
343.504 343.670 343.919
343.610 343.726 343.998
343.478 343.615 343.788
343.443 343.540 343.625
343.406 343.535 343.648
343.389 343.563 343.726
343.446 343.557 343.651
343.403 343.705 344.047
343.410 343.558 343.771
343.521 344.151 346.395
343.496 343.575 343.671
343.452 343.533 343.628
343.591 344.307 347.056
343.513 344.684 348.762
343.488 343.559 343.693
343.495 343.610 343.811
343.490 343.561 343.617
343.502 343.633 343.695
343.444 343.513 343.645
343.476 343.596 343.680
343.470 343.568 343.731
343.502 343.597 343.655
343.488 343.556 343.664
343.491 343.548 343.596
343.427 343.557 343.844
343.490 343.610 343.855
343.466 343.562 343.668
343.482 343.593 343.814
343.462 343.992 344.597
343.506 343.606 343.745
343.470 343.547 343.598
343.461 343.518 343.595
343.594 343.674 343.773
343.494 343.604 343.650
343.468 343.570 343.695
343.486 343.569 343.693
343.486 343.560 343.652
343.406 343.515 343.682
343.425 343.510 343.595
343.408 343.517 343.655
343.443 343.548 343.676
343.441 343.688 344.170
343.448 343.613 343.731
343.471 343.569 343.693
343.440 343.527 343.688
343.544 343.621 343.681
343.479 343.580 343.719
343.459 343.578 343.689
343.503 343.798 344.628
343.474 343.524 343.602
343.479 343.564 343.659
343.513 343.532 343.551
343.431 343.817 344.943
343.578 343.624 343.662
343.473 343.564 343.713
343.619 343.676 343.801
343.452 343.612 343.810
343.468 343.596 343.711
343.468 343.632 344.085
343.479 343.608 343.785
343.527 343.761 344.398
343.469 343.592 343.684
343.432 343.476 343.508
343.490 343.557 343.655
343.498 343.559 343.659
343.543 343.645 343.866
343.483 343.649 343.850
343.458 343.647 344.027
343.535 343.690 344.148
343.454 343.556 343.710
343.431 344.013 345.803
343.458 343.617 343.688
343.517 343.794 344.511
343.473 343.512 343.574
343.557 343.643 343.756
343.450 343.589 343.735
343.481 343.596 343.877
343.495 343.612 343.717
343.497 343.642 343.732
343.448 343.532 343.635
343.469 344.297 347.207
343.405 343.671 343.976
343.471 343.554 343.619
343.492 343.581 343.657
343.459 343.589 343.786
343.456 343.486 343.559
343.409 343.519 343.651
343.449 343.515 343.636
343.507 343.622 343.769
343.467 343.557 343.617
343.395 343.610 343.804
343.498 343.553 343.666
343.558 343.662 343.970
343.456 343.532 343.611
343.515 343.610 343.669
343.492 344.342 347.423
343.467 343.615 343.806
343.439 343.595 343.802
343.508 343.587 343.650
343.535 343.646 343.881
343.474 343.543 343.601
343.551 343.604 343.665
343.462 343.714 344.239
343.495 343.581 343.693
343.499 343.551 343.616
343.523 343.938 345.160
343.582 343.626 343.658
343.481 343.583 343.708
343.437 343.525 343.617
343.434 343.565 343.650
343.451 343.521 343.607
343.446 343.858 344.614
343.472 343.574 343.716
343.493 343.582 343.625
343.463 343.792 344.767
343.464 343.548 343.660
343.514 343.661 343.838
343.452 343.539 343.603
343.456 343.543 343.641
343.370 343.495 343.568
343.448 343.570 343.911
343.674 344.556 346.370
343.584 343.777 344.358
343.423 344.097 345.963
343.460 343.685 344.009
343.438 343.594 343.786
343.465 343.589 343.692
343.461 343.562 343.710
343.504 343.556 343.606
343.476 343.602 343.690
343.445 343.795 344.755
343.453 343.646 343.811
343.434 343.549 343.620
343.412 343.664 344.162
343.475 343.563 343.636
343.611 343.650 343.703
343.532 343.598 343.644
343.443 343.594 343.964
343.424 343.527 343.617
343.467 343.749 344.312
343.511 343.695 343.905
343.466 343.598 343.820
343.434 343.606 343.839
343.471 343.551 343.630
343.386 343.483 343.665
343.524 343.604 343.664
343.492 343.580 343.686
343.502 343.549 343.653
343.444 343.589 343.723
343.467 343.620 343.782
343.499 343.562 343.641
343.509 343.563 343.619
343.517 343.596 343.638
343.475 343.609 343.778
343.462 343.608 343.661
343.431 343.557 343.644
343.434 343.519 343.652
343.499 343.693 344.237
343.478 343.819 344.971
343.539 343.615 343.669
343.539 344.352 347.490
343.489 343.607 343.746
343.519 343.902 345.060
343.430 343.860 344.472
343.476 343.598 343.669
343.485 343.587 343.673
343.527 343.589 343.658
343.528 343.599 343.684
343.516 343.567 343.678
343.453 343.593 343.679
343.577 343.651 343.826
343.605 343.662 343.868
343.465 343.565 343.780
343.424 343.542 343.649
343.533 343.815 344.661
343.559 343.601 343.650
343.408 344.193 346.231
343.496 343.577 343.705
343.498 343.583 343.633
343.434 343.645 343.890
343.494 343.778 344.563
343.447 343.562 343.674
343.496 343.675 344.007
343.476 343.600 343.730
343.449 343.539 343.723
343.581 343.709 344.033
343.502 343.588 343.653
343.406 343.895 344.964
343.541 343.605 343.802
343.545 343.841 344.903
343.459 343.819 344.906
343.538 343.591 343.663
343.489 343.662 344.023
343.407 343.579 343.727
343.480 343.559 343.672
343.511 343.646 343.765
343.457 343.561 343.619
343.458 343.621 343.771
343.584 343.721 344.099
343.469 343.825 344.903
343.426 343.560 343.702
343.446 343.560 343.676
343.617 343.681 343.815
343.465 343.521 343.653
343.441 343.564 343.618
343.470 343.648 344.131
343.552 343.652 343.943
343.453 343.535 343.642
343.506 343.573 343.664
343.440 343.495 343.535
343.445 343.574 343.636
343.485 343.596 343.700
343.574 343.618 343.687
343.472 343.561 343.649
343.473 343.572 343.742
343.483 343.547 343.620
343.583 343.640 343.703
343.476 343.615 343.836
343.427 343.554 343.657
343.496 343.627 343.866
343.448 343.553 343.640
343.491 343.557 343.669
343.478 343.820 344.679
343.464 343.582 343.645
343.615 343.784 344.390
343.504 343.709 344.335
343.582 343.763 344.417
343.466 343.567 343.603
343.455 343.731 344.529
343.475 343.530 343.621
343.483 343.522 343.574
343.401 343.577 343.660
343.410 343.538 343.675
343.494 343.743 344.491
343.406 343.493 343.628
343.391 343.517 343.644
343.421 343.588 343.652
343.429 343.596 343.662
343.480 343.575 343.625
343.581 343.613 343.651
343.475 343.521 343.592
343.467 344.271 347.212
343.403 343.573 343.694
343.473 343.591 343.675
343.447 343.586 343.750
343.510 343.614 343.700
343.528 343.614 343.666
343.489 343.537 343.593
343.461 343.535 343.601
343.440 343.520 343.700
343.442 343.524 343.626
343.444 343.534 343.672
343.405 343.539 343.652
343.413 343.529 343.618
343.433 343.464 343.509
343.477 343.527 343.616
343.392 343.483 343.619
343.447 343.502 343.570
343.416 343.580 343.715
343.411 343.774 344.617
343.452 343.740 344.624
343.450 343.521 343.572
343.417 343.542 343.639
343.412 343.527 343.585
343.452 343.543 343.612
343.447 343.599 343.834
343.472 343.747 344.544
343.498 343.995 344.744
343.453 343.581 343.679
343.406 344.094 345.629
343.402 343.446 343.479
343.469 343.554 343.646
343.404 343.499 343.590
343.563 343.611 343.753
343.390 343.584 343.930
343.484 343.593 343.633
343.484 343.606 343.798
343.463 343.545 343.707
343.415 343.575 343.701
343.464 343.551 343.642
343.455 343.545 343.635
343.486 343.562 343.683
343.478 343.555 343.646
343.436 343.502 343.552
343.470 343.564 343.651
343.512 343.598 343.687
343.473 343.567 343.663
343.421 343.742 344.347
343.474 343.570 343.676
343.443 343.534 343.634
343.407 343.564 343.626
343.453 343.561 343.693
343.474 343.547 343.624
343.447 343.548 343.622
343.479 343.543 343.589
343.486 343.576 343.685
343.439 343.610 344.021
343.369 343.504 343.575
343.440 343.544 343.697
343.520 343.621 343.827
343.418 343.514 343.677
343.440 343.513 343.605
343.529 343.567 343.613
343.405 343.494 343.584
343.438 343.495 343.573
343.434 343.543 343.713
343.420 344.201 346.069
343.403 343.545 343.649
343.426 343.522 343.589
343.646 343.659 343.669
343.414 343.669 344.052
343.453 343.518 343.604
343.420 343.647 344.163
343.579 343.597 343.615
343.447 343.515 343.609
343.342 343.532 343.648
343.576 343.648 343.747
343.417 343.982 346.138
343.534 343.581 343.668
343.447 343.538 343.642
343.455 343.527 343.578
343.472 343.551 343.610
343.530 343.629 343.786
343.512 343.622 343.707
343.429 343.993 345.818
343.452 343.529 343.628
343.507 343.574 343.677
343.450 343.574 343.728
343.527 343.596 343.665
343.493 343.576 343.623
343.448 343.543 343.624
343.499 343.560 343.608
343.382 343.537 343.642
343.452 343.520 343.653
343.452 343.502 343.540
343.419 343.508 343.592
343.426 343.705 344.563
343.475 343.887 345.159
343.427 343.527 343.606
343.533 343.821 344.755
343.433 343.519 343.622
343.486 343.537 343.600
343.483 343.656 344.008
343.465 343.571 343.693
343.409 343.502 343.598
343.483 343.575 343.823
343.443 343.553 343.732
343.470 343.549 343.666
343.428 343.787 344.458
343.434 343.548 343.654
343.473 343.565 343.648
343.416 343.539 343.757
343.438 343.515 343.703
343.441 343.561 343.680
343.503 343.566 343.641
343.441 343.529 343.707
343.502 344.163 346.329
343.348 343.815 344.525
343.436 343.521 343.595
343.466 343.564 343.656
343.395 343.481 343.600
343.456 343.534 343.601
343.473 343.516 343.598
343.447 343.485 343.526
343.476 343.684 344.193
343.423 343.531 343.625
343.400 343.517 343.619
343.436 343.516 343.618
343.417 343.588 343.940
343.449 343.718 344.335
343.435 343.575 343.704
343.429 343.902 344.735
343.439 343.525 343.642
343.445 343.871 345.122
343.444 343.536 343.656
343.430 343.525 343.648
343.483 343.575 343.653
343.469 343.607 343.730
343.423 343.541 343.648
343.607 343.691 343.901
343.563 343.615 343.656
343.334 343.553 343.653
343.490 343.630 343.672
343.456 343.614 343.783
343.444 343.681 344.152
343.529 343.693 344.102
343.603 343.796 344.335
343.424 343.641 344.004
343.438 343.579 343.645
343.450 343.552 343.710
343.477 343.575 343.637
343.455 343.551 343.619
343.517 343.586 343.658
343.439 343.542 343.645
343.474 343.668 344.207
343.456 344.111 346.378
343.500 343.596 343.673
343.468 343.536 343.584
343.440 343.509 343.630
343.544 343.576 343.618
343.456 343.505 343.570
343.554 343.589 343.630
343.447 343.559 343.684
343.486 343.561 343.628
343.431 343.500 343.582
343.593 343.618 343.651
343.412 343.536 343.669
343.469 343.564 343.663
343.461 343.534 343.628
343.379 343.482 343.642
343.415 343.572 343.693
343.451 343.566 343.701
343.485 343.564 343.632
343.453 343.643 343.984
343.477 343.541 343.636
343.521 343.552 343.603
343.417 343.509 343.632
343.428 343.528 343.681
343.502 343.585 343.659
343.396 343.505 343.655
343.513 343.640 343.923
343.565 343.660 343.963
343.423 343.614 343.799
343.419 343.566 343.945
343.404 343.506 343.585
343.402 343.564 343.845
343.497 343.541 343.598
343.473 343.579 343.676
343.449 343.532 343.643
343.431 343.558 343.682
343.438 343.960 345.620
343.500 343.571 343.641
343.476 343.545 343.642
343.500 343.688 344.177
343.448 343.568 343.659
343.463 343.553 343.645
343.551 343.604 343.643
343.412 343.968 345.958
343.437 343.562 343.627
343.450 343.564 343.841
343.425 343.510 343.694
343.437 343.530 343.674
343.546 343.575 343.613
343.475 343.560 343.649
343.516 343.557 343.596
343.494 343.701 344.256
343.543 343.586 343.618
343.447 343.530 343.603
343.430 343.587 343.799
343.388 343.557 343.771
343.433 343.535 343.655
343.502 343.571 343.665
343.457 343.640 344.081
343.479 343.608 343.667
343.443 343.606 343.781
343.463 343.649 344.007
343.408 343.487 343.602
343.615 343.639 343.673
343.503 344.143 346.400
343.393 343.545 343.614
343.495 343.593 343.634
343.506 343.581 343.658
343.584 343.648 343.732
343.482 343.671 344.058
343.467 343.542 343.595
343.404 343.494 343.646
343.571 343.588 343.626
343.449 343.570 344.019
343.451 343.537 343.636
343.403 343.646 344.376
343.455 343.619 343.977
343.486 343.562 343.610
343.576 343.608 343.639
343.489 343.568 343.718
343.484 343.594 343.704
343.535 343.570 343.610
343.465 343.675 343.989
343.478 343.575 343.733
343.485 343.551 343.619
343.449 343.586 343.731
343.486 343.686 344.287
343.476 344.034 345.809
343.489 343.640 343.844
343.465 343.673 344.056
343.469 343.585 343.755
343.471 343.564 343.668
343.497 343.582 343.720
343.570 343.660 343.809
343.430 343.973 345.455
343.452 343.504 343.565
343.488 343.589 343.665
343.392 343.584 343.932
343.479 343.635 343.754
343.458 343.611 343.803
343.567 343.884 345.080
343.576 343.890 344.977
343.465 343.795 344.792
343.445 343.527 343.635
343.534 344.532 346.670
343.580 343.602 343.632
343.430 343.501 343.636
343.441 343.535 343.658
343.512 343.794 344.672
343.420 343.687 344.286
343.543 343.623 343.661
343.451 343.480 343.504
343.420 343.576 343.707
343.496 343.573 343.685
343.412 343.556 343.635
343.448 343.607 343.798
343.398 343.608 344.081
343.469 343.609 343.667
343.445 343.496 343.608
343.460 343.541 343.623
343.560 343.638 343.790
343.464 344.228 345.691
343.443 343.561 343.607
343.468 343.573 343.652
343.492 343.581 343.699
343.481 343.524 343.589
343.450 343.933 345.693
343.558 343.592 343.625
343.481 343.583 343.644
343.427 343.507 343.624
343.457 343.578 343.748
343.459 343.554 343.672
343.514 343.680 343.946
343.524 343.727 344.200
343.825 344.512 345.749
343.407 343.773 344.683
343.435 343.573 344.031
343.469 343.617 343.771
343.437 343.524 343.673
343.432 343.535 343.612
343.436 343.500 343.608
343.476 343.549 343.629
343.444 343.533 343.643
343.476 343.581 343.643
343.511 343.561 343.621
343.514 343.612 343.707
343.489 343.564 343.695
343.421 343.626 343.967
343.420 343.798 345.086
343.548 343.600 343.694
343.457 343.703 344.130
343.529 343.769 344.344
343.409 343.987 345.529
343.471 343.535 343.643
343.428 343.564 343.668
343.463 343.532 343.667
343.506 343.609 343.858
343.424 343.560 343.671
343.538 343.599 343.673
343.467 343.589 343.736
343.565 343.594 343.620
343.474 343.620 343.852
343.504 343.606 343.748
343.602 343.645 343.713
343.478 343.549 343.668
343.506 343.709 344.272
343.462 343.562 343.651
343.559 343.714 344.074
343.471 343.523 343.666
343.418 343.573 343.662
343.508 343.606 343.654
343.477 343.578 343.667
343.519 343.588 343.703
343.465 343.502 343.535
343.468 343.713 344.458
343.457 343.548 343.653
343.521 343.565 343.599
343.540 343.579 343.605
343.520 343.684 344.147
343.480 343.604 343.810
343.495 343.538 343.582
343.428 343.718 344.552
343.510 343.618 343.674
343.481 343.549 343.621
343.426 343.541 343.653
343.487 343.832 344.645
343.482 343.776 344.552
343.441 343.615 343.897
343.625 343.662 343.696
343.482 343.548 343.641
343.489 343.549 343.594
343.512 343.590 343.640
343.436 343.536 343.627
343.581 343.704 344.067
343.540 343.623 343.684
343.395 343.557 343.674
343.550 343.684 344.037
343.516 343.697 344.048
343.488 343.685 344.006
343.565 343.825 344.808
343.504 343.664 344.026
343.492 343.567 343.665
343.446 343.536 343.625
343.480 343.571 343.664
343.536 343.972 345.591
343.471 343.566 343.708
343.502 343.617 343.696
343.430 343.501 343.677
343.518 343.593 343.693
343.508 343.570 343.676
343.450 343.583 343.729
343.520 343.589 343.627
343.513 343.589 343.638
343.444 343.619 343.738
343.445 343.563 343.642
343.474 343.633 343.792
343.454 343.881 345.345
343.477 343.679 344.247
343.458 343.552 343.709
343.400 343.564 343.770
343.451 343.542 343.600
343.460 343.583 343.674
343.473 343.586 343.691
343.404 343.536 343.662
343.465 343.574 343.635
343.479 343.545 343.653
343.579 343.638 343.729
343.452 343.512 343.586
343.460 343.642 343.793
343.483 343.619 343.686
343.500 343.562 343.612
343.428 343.539 343.728
343.459 343.617 343.707
343.495 343.625 343.743
343.462 343.600 343.868
343.488 343.581 343.654
343.433 343.617 343.748
343.484 343.564 343.688
343.554 343.697 343.996
343.441 343.496 343.586
343.451 343.657 344.031
343.449 343.590 343.660
343.490 343.580 343.673
343.402 343.529 343.648
343.428 343.628 343.829
343.431 343.627 343.911
343.483 343.547 343.664
343.526 343.575 343.647
343.390 343.574 343.950
343.559 343.677 343.968
343.368 343.534 343.760
343.461 343.890 344.246
343.442 343.528 343.710
343.475 343.553 343.676
343.455 343.609 343.845
343.452 343.576 343.663
343.425 343.490 343.605
343.466 343.546 343.647
343.530 343.626 343.733
343.410 343.550 343.670
343.492 343.552 343.614
343.405 343.587 343.971
343.499 343.963 345.521
343.431 343.537 343.652
344.166 345.468 347.442
343.521 343.756 344.553
343.493 343.590 343.730
343.525 343.727 344.423
343.540 343.603 343.694
343.469 344.320 347.239
343.463 343.584 343.683
343.592 343.688 343.888
343.575 343.629 343.687
343.520 343.593 343.652
343.499 343.600 343.705
343.424 343.570 343.714
343.495 343.596 343.669
343.412 343.636 343.854
343.484 343.551 343.625
343.493 343.673 343.887
343.457 343.580 343.710
343.476 343.505 343.525
343.513 344.052 345.441
343.491 343.530 343.585
343.464 343.515 343.557
343.493 343.579 343.683
343.450 343.547 343.667
343.468 343.691 344.564
343.469 343.567 343.632
343.440 343.876 345.221
343.468 343.528 343.659
343.465 343.543 343.666
343.415 343.480 343.596
343.425 343.506 343.638
343.529 343.689 344.022
343.509 343.615 343.804
343.409 343.546 343.672
343.503 343.587 343.773
343.479 343.639 344.154
343.459 343.568 343.668
343.428 343.583 343.734
343.437 343.538 343.652
343.504 343.606 343.697
343.455 343.548 343.665
343.432 343.599 343.777
343.473 343.527 343.614
343.507 344.058 345.857
343.507 343.578 343.650
343.443 343.546 343.785
343.477 343.884 345.272
343.454 343.565 343.653
343.528 343.596 343.666
343.486 343.745 344.450
343.497 343.587 343.752
343.477 343.591 343.681
343.545 343.639 343.771
343.465 343.553 343.660
343.440 343.559 343.656
343.457 343.567 343.670
343.477 343.591 343.669
343.455 343.795 344.898
343.414 343.513 343.705
343.588 343.722 344.022
343.473 343.590 343.681
343.479 343.566 343.621
343.433 343.526 343.671
343.458 343.625 343.898
343.491 343.596 343.675
343.550 343.576 343.606
343.471 343.666 344.151
343.497 343.576 343.646
343.439 343.681 344.257
343.407 343.523 343.635
343.456 343.532 343.603
343.465 343.590 343.726
343.474 343.540 343.632
343.535 343.627 343.765
343.465 343.575 343.640
343.578 343.613 343.667
343.393 343.544 343.614
343.474 343.547 343.619
343.466 343.723 344.168
343.454 343.661 344.053
343.428 343.535 343.658
343.442 343.541 343.642
343.500 343.651 343.843
343.444 343.593 343.683
343.523 343.556 343.629
343.476 343.652 344.077
343.554 343.877 344.730
343.472 343.559 343.695
343.497 343.562 343.619
343.494 343.659 344.049
343.465 343.597 343.783
343.405 343.558 343.689
343.484 343.885 345.142
343.529 343.567 343.599
343.469 343.590 343.670
343.484 343.697 343.998
343.504 343.914 345.353
343.615 343.739 344.080
343.608 344.162 345.490
343.426 343.576 343.781
343.477 343.519 343.569
343.443 343.510 343.612
343.526 343.609 343.661
343.573 343.761 344.400
343.520 343.612 343.706
343.445 343.500 343.551
343.422 343.591 343.715
343.456 343.560 343.689
343.477 343.886 345.019
343.455 343.474 343.485
343.428 343.458 343.491
343.500 343.631 343.832
343.461 343.864 344.343
343.459 343.546 343.615
343.474 343.526 343.642
343.408 343.512 343.629
343.464 343.558 343.622
343.476 343.552 343.671
343.490 344.173 345.529
343.509 343.586 343.709
343.579 343.672 343.850
343.444 343.622 343.896
343.448 343.559 343.698
343.437 343.520 343.642
343.434 343.556 343.641
343.594 343.635 343.663
343.542 343.642 343.737
343.556 343.700 344.046
343.405 343.494 343.636
343.547 343.624 343.765
343.428 343.683 344.142
343.445 343.551 343.623
343.458 343.559 343.619
343.493 343.626 343.682
343.546 343.637 343.732
343.481 343.622 343.766
343.456 343.551 343.623
343.463 343.572 343.682
343.509 343.590 343.650
343.511 343.584 343.648
343.465 343.813 344.866
343.468 343.575 343.657
343.497 343.573 343.670
343.371 343.778 344.731
343.521 343.573 343.660
343.548 343.627 343.753
343.439 343.510 343.685
343.510 343.593 343.632
343.552 343.635 343.691
343.476 343.575 343.652
343.523 343.602 343.670
343.459 343.547 343.616
343.452 343.573 343.691
343.557 343.617 343.686
343.372 343.469 343.515
343.475 343.519 343.560
343.370 343.561 343.715
343.500 343.558 343.684
343.473 343.684 344.165
343.516 343.628 343.688
343.427 343.515 343.642
343.529 343.622 343.704
343.486 343.580 343.642
343.378 343.489 343.574
343.604 343.652 343.715
343.467 343.553 343.681
343.591 343.734 343.923
343.536 343.647 343.709
343.548 343.632 343.768
343.434 343.546 343.621
343.531 343.772 344.581
343.546 343.627 343.694
343.484 343.622 343.922
343.436 343.527 343.673
343.457 343.521 343.651
343.448 343.546 343.626
343.379 343.561 343.764
343.494 343.615 343.678
343.458 343.618 343.788
343.494 343.677 344.139
343.444 343.507 343.589
343.514 343.605 343.737
343.516 343.605 343.696
343.427 343.535 343.648
343.468 343.641 343.899
343.499 343.577 343.693
343.502 343.728 344.313
343.459 343.612 343.888
343.442 343.869 344.472
343.427 343.621 343.739
343.480 343.561 343.658
343.488 343.585 343.692
343.448 343.579 343.653
343.504 343.616 343.770
343.450 343.599 343.657
343.483 343.566 343.670
343.465 343.583 343.764
343.463 343.582 343.654
343.508 343.756 344.593
343.494 343.583 343.671
343.415 343.529 343.633
343.432 343.534 343.653
343.429 343.569 343.652
343.467 343.593 343.687
343.472 343.739 344.590
343.465 343.601 343.839
343.461 343.529 343.598
343.492 343.537 343.651
343.506 343.571 343.646
343.433 343.677 344.381
343.462 343.736 344.174
343.493 343.565 343.599
343.494 343.625 343.763
343.428 343.542 343.697
343.565 344.428 345.885
343.483 344.173 346.540
343.457 343.558 343.616
343.524 343.626 343.820
343.522 343.629 343.733
343.463 343.576 343.711
343.431 343.526 343.644
343.474 343.538 343.668
343.454 343.572 343.655
343.449 343.537 343.617
343.452 343.554 343.656
343.503 343.578 343.695
343.423 343.542 343.708
343.432 343.594 343.776
343.532 343.648 343.879
343.513 344.002 345.726
343.503 343.682 344.140
343.481 343.549 343.648
343.465 343.552 343.680
343.470 343.545 343.667
343.450 343.576 343.702
343.473 344.234 345.158
343.446 343.534 343.645
343.468 343.599 343.677
343.410 343.623 343.783
343.486 343.616 343.673
343.507 343.598 343.687
343.475 343.570 343.641
343.465 343.598 343.858
343.477 343.559 343.686
343.464 343.621 343.854
343.481 343.615 343.669
343.474 343.568 343.838
343.541 343.626 343.769
343.468 343.621 343.760
343.430 343.836 345.134
343.491 343.624 343.884
343.484 343.596 343.769
343.495 343.557 343.696
343.552 343.834 344.783
343.438 343.548 343.632
343.447 343.550 343.714
343.466 343.581 343.708
343.494 343.616 343.694
343.461 343.549 343.710
343.525 343.609 343.753
343.515 343.594 343.714
343.472 343.584 343.652
343.413 343.618 343.847
343.517 343.618 343.704
343.528 343.591 343.705
343.475 343.605 343.736
343.475 343.574 343.660
343.604 343.684 343.811
343.550 343.646 343.733
343.507 343.598 343.647
343.444 343.525 343.654
343.471 343.588 343.693
343.476 343.610 343.741
343.563 344.112 346.156
343.415 343.513 343.610
343.501 343.853 344.956
343.588 343.655 343.832
343.445 343.532 343.620
343.487 343.658 343.881
343.461 343.584 343.651
343.493 343.536 343.617
343.422 343.573 343.695
343.463 343.577 343.777
343.485 343.543 343.639
343.542 343.638 343.702
343.486 343.581 343.646
343.457 343.522 343.649
343.438 343.581 343.674
343.450 343.543 343.652
343.411 343.535 343.653
343.465 343.580 343.679
343.423 343.499 343.634
343.426 343.476 343.549
343.415 343.536 343.690
343.500 343.552 343.653
343.452 343.516 343.672
343.565 343.646 343.762
343.475 343.749 344.197
343.492 343.580 343.673
343.440 343.550 343.720
343.426 343.564 343.643
343.516 343.564 343.739
343.507 343.600 343.842
343.488 343.591 343.664
343.501 343.554 343.630
343.400 343.550 343.723
343.423 343.526 343.681
343.505 343.616 343.734
343.374 343.469 343.548
343.410 343.609 344.002
343.439 343.565 343.666
343.539 343.628 343.700
343.558 343.664 343.805
343.500 343.589 343.711
343.458 343.681 344.174
343.460 343.575 343.654
343.449 343.513 343.663
343.477 343.609 343.731
343.479 343.561 343.721
343.537 344.230 346.879
343.500 343.553 343.642
343.429 343.534 343.660
343.479 343.542 343.681
343.468 343.531 343.580
343.522 344.434 347.416
343.446 343.579 343.876
343.482 343.561 343.642
343.500 343.617 343.697
343.361 343.612 343.935
343.421 343.624 343.936
343.406 343.789 345.043
343.485 343.907 345.358
343.437 343.495 343.554
343.481 343.580 343.643
343.419 343.557 343.641
343.387 343.861 345.168
343.527 343.741 343.994
343.619 343.914 344.949
343.481 343.578 343.670
343.320 343.453 343.500
343.446 343.541 343.605
343.454 343.571 343.684
343.426 343.975 345.677
343.427 343.565 343.645
343.445 343.538 343.632
343.402 343.589 343.837
343.417 343.503 343.656
343.357 343.712 344.088
343.503 343.651 343.966
343.442 343.528 343.624
343.438 343.692 344.324
343.393 343.492 343.543
343.445 343.809 344.315
343.391 343.492 343.646
343.415 343.516 343.648
343.447 343.554 343.653
343.478 343.633 343.915
343.431 343.543 343.807
343.484 343.611 343.887
343.429 343.517 343.608
343.459 343.581 343.650
343.444 343.513 343.577
343.397 343.524 343.671
343.545 343.621 343.665
343.471 343.553 343.719
343.490 343.616 343.692
343.538 343.754 344.147
343.459 343.922 345.526
343.477 343.542 343.607
343.497 343.574 343.634
343.479 343.532 343.629
343.456 343.576 343.677
343.438 343.660 344.187
343.420 343.550 343.814
343.543 343.593 343.658
343.481 343.571 343.634
343.402 343.512 343.631
343.370 343.450 343.541
343.459 343.535 343.600
343.389 344.046 346.301
343.455 343.598 343.855
343.408 343.715 344.617
343.448 343.466 343.493
343.389 343.534 343.590
343.454 343.580 343.782
343.368 343.481 343.581
343.488 343.615 343.901
343.434 343.526 343.596
343.369 343.549 343.700
343.475 343.623 344.040
343.520 343.555 343.622
343.380 343.622 344.121
343.416 343.600 343.806
343.492 343.551 343.632
343.489 343.560 343.633
343.481 343.570 343.628
343.501 343.611 343.753
343.410 343.501 343.542
343.409 343.555 343.657
343.497 343.551 343.602
343.516 343.610 343.658
343.389 343.534 343.726
343.501 343.753 344.399
343.435 343.573 343.628
343.486 343.573 343.652
343.405 343.578 343.671
343.506 343.765 344.547
343.421 343.552 343.684
343.499 343.579 343.649
343.409 343.493 343.590
343.432 343.643 343.763
343.455 343.532 343.620
343.439 343.562 343.632
343.477 343.592 343.666
343.600 343.696 344.038
343.473 343.550 343.638
343.389 343.555 343.659
343.550 343.611 343.670
343.456 343.536 343.641
343.438 343.544 343.639
343.430 343.528 343.630
343.403 343.547 343.645
343.499 343.703 344.225
343.434 343.550 343.601
343.421 343.519 343.665
343.494 343.574 343.711
343.366 343.464 343.527
343.450 343.536 343.650
343.390 343.458 343.619
343.487 343.590 343.736
343.377 343.529 343.652
343.460 343.490 343.551
343.513 343.589 343.700
343.586 343.787 344.408
343.381 343.479 343.589
343.410 343.599 343.705
343.471 343.534 343.610
343.463 343.536 343.600
343.422 343.587 343.908
343.415 343.465 343.524
343.425 343.491 343.621
343.468 343.627 344.123
343.426 343.678 344.173
343.522 343.591 343.657
343.560 343.600 343.677
343.480 343.657 344.051
343.414 343.483 343.591
343.476 343.527 343.623
343.586 343.635 343.680
343.513 343.710 344.173
343.592 344.326 345.631
343.444 343.571 343.642
343.482 343.547 343.613
343.449 343.583 343.708
343.455 343.559 343.672
343.440 343.561 343.647
343.459 343.544 343.603
343.483 343.565 343.640
343.380 343.571 343.799
343.506 343.548 343.606
343.393 343.533 343.665
343.448 343.518 343.593
343.462 343.570 343.708
343.530 343.586 343.664
343.536 343.580 343.616
343.454 343.533 343.624
343.418 343.551 343.604
343.372 343.522 343.600
343.542 343.605 343.653
343.424 343.528 343.631
343.438 343.501 343.655
343.425 343.513 343.639
343.474 343.544 343.658
343.479 343.596 343.653
343.424 343.542 343.622
343.445 343.484 343.572
343.455 343.830 344.738
343.466 343.860 345.051
343.444 343.517 343.618
343.435 343.767 344.564
343.442 343.717 344.762
343.436 343.607 343.942
343.468 344.506 346.376
343.423 343.525 343.630
343.503 343.585 343.673
343.488 343.581 343.663
343.435 343.561 343.655
343.477 343.521 343.610
343.447 343.520 343.611
343.410 343.485 343.576
343.407 343.490 343.567
343.482 343.605 343.791
343.489 343.561 343.753
343.420 343.590 343.923
343.459 343.591 343.701
343.453 343.537 343.605
343.488 343.611 343.763
343.402 343.518 343.662
343.482 343.602 343.660
343.523 343.569 343.605
343.531 343.761 344.387
343.432 343.519 343.627
343.440 343.537 343.672
343.526 343.690 344.097
343.450 343.555 343.638
343.494 343.598 343.725
343.436 343.560 343.657
343.427 343.537 343.626
343.551 343.719 344.286
343.431 343.513 343.587
343.427 343.503 343.642
343.447 343.620 344.049
343.462 343.594 343.678
343.392 343.563 343.642
343.484 343.819 345.008
343.419 343.531 343.634
343.420 343.494 343.539
343.418 343.505 343.649
343.462 343.551 343.689
343.511 343.602 343.679
343.442 343.513 343.573
343.406 343.877 345.455
343.433 343.531 343.609
343.479 343.657 344.040
343.470 343.609 343.860
343.390 343.663 344.338
343.432 343.758 344.353
343.371 343.483 343.596
343.434 343.613 343.919
343.400 343.523 343.672
343.522 343.593 343.682
343.501 343.751 344.499
343.413 343.589 344.122
343.488 343.570 343.650
343.479 343.573 343.710
343.433 343.529 343.621
343.473 343.580 343.794
343.423 343.542 343.721
343.424 343.647 344.236
343.423 343.588 343.887
343.474 343.588 343.643
343.448 343.536 343.676
343.454 343.686 344.072
343.432 343.547 343.629
343.515 343.607 343.753
343.389 343.504 343.577
343.425 343.536 343.776
343.510 343.566 343.626
343.412 343.537 343.616
343.518 343.570 343.605
343.452 343.564 343.734
343.418 343.519 343.649
343.451 343.534 343.615
343.458 343.537 343.605
343.456 343.587 343.825
343.402 343.522 343.676
343.479 343.561 343.621
343.452 343.678 344.096
343.448 343.619 344.010
343.407 343.481 343.554
343.463 343.564 343.713
343.446 343.539 343.644
343.387 343.583 343.842
343.382 343.664 344.250
343.428 343.525 343.617
343.439 343.559 343.645
343.425 343.541 343.736
343.462 343.553 343.634
343.452 343.511 343.672
343.448 343.608 343.730
343.391 343.602 343.910
343.553 344.409 345.988
343.479 343.548 343.660
343.482 343.536 343.631
343.456 343.538 343.615
343.415 343.536 343.640
343.463 343.560 343.643
343.444 343.682 344.398
343.498 343.545 343.617
343.445 343.564 343.635
343.484 343.770 344.147
343.458 343.498 343.616
343.457 343.578 343.698
343.399 343.521 343.742
343.475 343.575 343.689
343.419 343.901 345.010
343.417 343.602 343.797
343.437 344.327 346.163
343.441 343.552 343.629
343.429 343.516 343.612
343.525 343.580 343.628
343.482 343.563 343.651
343.464 343.635 343.925
343.439 343.509 343.594
343.476 343.526 343.623
343.442 343.590 343.913
343.486 343.670 344.071
343.447 343.559 343.651
343.450 343.510 343.615
343.478 343.534 343.604
343.458 343.550 343.627
343.440 343.488 343.563
343.466 343.530 343.601
343.479 343.580 343.762
343.522 344.058 345.945
343.482 343.566 343.644
343.492 343.556 343.632
343.449 343.787 344.723
343.530 343.592 343.670
343.432 343.512 343.629
343.496 343.566 343.593
343.500 343.562 343.624
343.490 343.546 343.616
343.438 343.573 343.648
343.430 343.543 343.656
343.462 343.534 343.618
343.427 343.525 343.625
343.504 343.588 343.723
343.424 343.533 343.611
343.399 343.620 343.872
343.611 343.626 343.661
343.432 343.539 343.625
343.415 343.531 343.597
343.448 343.638 344.015
343.506 343.564 343.646
343.471 343.573 343.668
343.497 343.616 343.809
343.425 343.556 343.729
343.456 343.588 343.887
343.455 343.567 343.711
343.517 343.583 343.699
343.450 343.536 343.647
343.516 343.567 343.616
343.485 343.584 343.639
343.415 343.627 343.992
343.557 343.614 343.752
343.413 343.561 343.702
343.496 343.568 343.625
343.460 343.577 343.732
343.556 343.610 343.664
343.416 343.493 343.585
343.435 343.467 343.526
343.453 343.511 343.630
343.488 343.587 343.651
343.462 343.535 343.620
343.443 343.705 344.365
343.508 343.589 343.699
343.413 343.574 343.704
343.462 343.534 343.646
343.473 344.187 346.214
343.489 344.478 347.362
343.440 343.504 343.658
343.427 343.490 343.560
343.391 343.531 343.642
343.487 343.597 343.682
343.418 343.488 343.556
343.507 343.594 343.701
343.467 343.515 343.627
343.438 343.538 343.596
343.446 343.530 343.638
343.486 343.546 343.634
343.408 343.512 343.653
343.496 343.555 343.672
343.426 343.514 343.655
343.455 343.586 343.709
343.418 343.518 343.603
343.525 343.807 344.404
343.394 343.557 343.636
343.465 343.574 343.649
343.484 344.079 345.255
343.491 343.581 343.778
343.438 343.551 343.621
343.477 343.726 344.505
343.467 343.595 343.680
343.541 343.596 343.637
343.471 343.618 343.878
343.433 343.539 343.655
343.450 343.560 343.688
343.531 343.614 343.749
343.472 343.799 344.604
343.469 343.669 344.074
343.433 343.543 343.647
343.454 343.605 343.688
343.509 343.575 343.639
343.504 343.580 343.668
343.441 343.512 343.650
343.445 343.516 343.573
343.493 343.673 343.752
343.427 343.529 343.686
343.609 343.650 343.722
343.418 343.519 343.666
343.497 343.594 343.684
343.459 343.515 343.691
343.447 343.636 344.190
343.456 343.535 343.713
343.431 343.563 343.698
343.441 343.664 343.944
343.456 343.569 343.630
343.534 343.570 343.610
343.543 343.595 343.667
343.471 343.957 344.381
343.494 343.575 343.656
343.404 343.525 343.786
343.495 343.581 343.720
343.473 343.567 343.623
343.460 343.540 343.671
343.480 344.243 346.934
343.466 343.634 344.061
343.491 343.629 343.790
343.444 343.590 343.813
343.482 343.620 343.854
343.476 343.558 343.649
343.454 343.517 343.659
343.430 343.562 343.641
343.495 343.540 343.651
343.420 343.515 343.614
343.492 343.592 343.731
343.478 343.785 344.287
343.547 343.619 343.688
343.449 343.572 343.680
343.554 343.625 343.672
343.458 343.577 343.655
343.484 343.581 343.681
343.511 343.679 343.976
343.509 343.778 344.425
343.497 343.595 343.683
343.438 343.517 343.596
343.469 343.536 343.615
343.493 343.579 343.639
343.473 343.516 343.565
343.535 343.614 343.717
343.497 343.595 343.663
343.451 343.545 343.646
343.428 343.517 343.662
343.524 343.649 343.771
343.569 343.737 344.219
343.485 343.578 343.815
343.534 343.618 343.703
343.505 343.586 343.690
343.575 343.616 343.644
343.500 343.593 343.681
343.450 343.536 343.692
343.473 343.636 343.735
343.433 343.559 343.734
343.506 343.580 343.643
343.538 343.629 343.913
343.411 343.503 343.673
343.584 343.962 345.226
343.428 343.582 343.679
343.469 343.618 343.711
343.456 343.506 343.609
343.526 344.141 345.604
343.484 343.560 343.650
343.455 343.649 343.916
343.410 343.560 343.659
343.475 343.570 343.650
343.525 343.599 343.654
343.417 343.516 343.710
343.473 343.500 343.528
343.549 343.669 343.792
343.476 343.573 343.624
343.425 343.502 343.597
343.455 343.559 343.673
343.394 343.505 343.613
343.461 343.533 343.618
343.459 343.881 345.148
343.477 343.570 343.622
343.513 343.583 343.691
343.433 343.726 344.598
343.408 343.533 343.612
343.573 343.613 343.666
343.482 343.583 343.678
343.496 343.540 343.649
343.451 343.758 344.148
343.518 343.624 343.824
343.444 343.829 344.829
343.401 343.488 343.638
343.384 343.549 343.616
343.496 343.571 343.712
343.428 343.568 343.684
343.470 343.586 343.643
343.447 343.553 343.664
343.447 343.521 343.648
343.568 343.615 343.643
343.563 344.007 345.600
343.491 343.629 343.789
343.448 343.609 343.795
343.505 343.588 343.685
343.496 343.551 343.612
343.564 343.652 343.775
343.439 343.938 345.388
343.541 343.591 343.634
343.455 343.616 343.692
343.474 343.634 343.817
343.455 343.542 343.668
343.433 343.552 343.641
343.460 343.573 343.707
343.465 343.531 343.629
343.512 343.618 343.674
343.486 343.620 343.803
343.491 343.531 343.627
343.448 343.572 343.659
343.559 343.641 343.712
343.471 343.559 343.659
343.532 343.654 343.978
343.511 343.640 343.843
343.448 343.586 343.929
343.456 343.598 343.800
343.449 343.559 343.673
343.397 343.509 343.578
343.471 343.547 343.641
343.454 343.560 343.624
343.452 343.654 344.230
343.482 343.626 343.694
343.454 343.697 344.163
343.465 343.533 343.627
343.351 343.488 343.675
343.481 343.604 343.714
343.527 343.577 343.661
343.430 343.533 343.683
343.465 343.539 343.643
343.489 343.563 343.644
343.454 344.367 347.567
343.490 343.593 343.794
343.400 343.667 344.063
343.506 343.534 343.582
343.427 343.611 343.761
343.464 343.546 343.684
343.499 343.630 343.920
343.446 343.591 343.861
343.491 343.573 343.645
343.512 343.596 343.727
343.484 343.625 343.678
343.450 343.505 343.567
343.487 343.631 343.829
343.499 343.592 343.710
343.459 343.737 344.422
343.520 343.597 343.649
343.446 343.585 343.668
343.494 343.591 343.732
343.474 343.508 343.543
343.556 343.643 343.813
343.468 343.617 343.780
343.497 343.564 343.672
343.505 343.600 343.682
343.595 343.615 343.648
343.512 343.573 343.623
343.437 343.612 343.821
343.484 343.580 343.649
343.562 343.589 343.648
343.426 343.614 343.828
343.458 343.573 343.687
343.451 343.523 343.629
343.448 343.499 343.575
343.563 343.631 343.678
343.469 343.588 343.698
343.494 344.014 345.465
343.519 343.597 343.718
343.458 343.568 343.673
343.482 343.579 343.721
343.478 343.546 343.628
343.401 343.550 343.631
343.506 343.583 343.635
343.455 343.542 343.601
343.483 343.532 343.585
343.536 343.601 343.658
343.520 343.618 343.776
343.595 343.652 343.774
343.462 343.534 343.615
343.480 343.505 343.536
343.499 343.561 343.618
343.521 343.617 343.679
343.516 343.696 344.061
343.430 343.558 343.708
343.460 343.533 343.582
343.513 344.080 346.038
343.427 343.534 343.635
343.495 344.583 347.575
343.447 343.565 343.674
343.497 343.574 343.734
343.505 343.563 343.646
343.464 343.622 344.147
343.515 343.591 343.661
343.438 343.814 344.956
343.469 343.612 343.706
343.490 343.551 343.653
343.464 343.574 343.658
343.489 343.591 343.709
343.457 343.594 343.677
343.463 343.819 344.431
343.578 343.782 344.264
343.497 343.581 343.715
343.576 343.657 343.727
343.504 343.561 343.618
343.425 343.522 343.748
343.517 343.587 343.712
344.701 344.822 344.946
344.786 344.835 344.946
344.614 344.686 344.806
344.704 344.772 344.885
0 0 0
343.528 343.594 343.747
343.481 344.387 347.364
343.448 343.771 344.549
343.470 343.566 343.740
343.421 343.533 343.659
343.482 343.511 343.554
343.591 343.610 343.632
343.482 343.549 343.635
343.497 343.602 343.666
343.419 343.607 343.825
343.456 343.545 343.637
343.473 343.532 343.628
343.483 343.582 343.908
343.496 343.557 343.633
343.492 343.703 344.216
343.475 343.587 343.684
343.470 343.612 343.684
343.434 343.537 343.721
343.461 343.544 343.605
343.498 343.574 343.695
343.521 343.708 344.062
343.573 343.658 343.736
343.482 343.710 343.961
343.441 343.723 344.538
343.456 343.702 344.476
343.452 343.532 343.657
343.417 343.564 343.720
343.511 343.873 344.962
343.585 343.630 343.662
343.475 343.535 343.599
343.440 343.573 343.674
343.433 343.577 343.620
343.479 343.663 344.082
343.485 343.577 343.693
343.393 343.568 343.660
343.506 343.567 343.646
343.408 343.543 343.603
343.477 343.623 343.725
343.384 343.522 343.673
343.452 343.689 344.201
343.453 343.571 343.646
343.473 343.578 343.691
343.511 343.646 343.727
343.518 343.596 343.641
343.596 343.658 343.716
343.442 343.585 343.712
343.424 343.533 343.599
343.454 343.521 343.614
343.629 343.638 343.647
343.503 343.565 343.655
343.458 343.557 343.708
343.421 343.586 343.885
343.531 343.615 343.695
343.477 343.587 343.690
343.437 343.513 343.621
343.476 344.054 345.766
343.476 343.745 344.663
343.504 343.645 343.864
343.503 343.605 343.748
343.580 343.671 343.710
343.444 343.549 343.652
343.436 343.521 343.608
343.531 343.638 343.713
343.449 343.515 343.555
343.500 343.617 343.788
343.467 343.590 343.676
343.514 344.136 345.204
343.554 343.974 344.512
333.473 333.530 333.613
333.475 333.525 333.586
333.449 333.491 333.531
333.466 333.526 333.618
333.481 333.526 333.599
333.472 333.511 333.624
333.465 333.756 334.842
333.482 333.553 333.690
333.427 333.501 333.547
333.406 333.494 333.561
333.487 333.523 333.606
333.449 333.509 333.552
333.446 333.522 333.679
333.449 333.520 333.591
333.424 333.497 333.558
333.463 333.671 334.339
333.491 333.552 333.681
333.421 333.524 333.600
333.482 333.518 333.612
333.495 333.580 333.736
333.492 333.570 333.821
333.455 333.493 333.572
333.485 333.737 334.684
333.488 333.525 333.590
333.439 333.488 333.537
333.473 333.561 333.798
333.396 333.546 333.658
333.475 333.513 333.542
333.508 333.535 333.590
333.493 333.530 333.605
333.450 333.497 333.554
333.472 333.523 333.602
333.454 333.566 333.853
333.417 333.545 333.711
333.482 333.511 333.575
333.481 333.523 333.653
333.411 333.493 333.618
333.459 333.499 333.557
333.447 333.502 333.575
333.430 333.509 333.571
333.469 333.573 333.820
333.867 335.451 337.170
333.416 333.765 335.041
333.449 333.515 333.685
333.495 333.528 333.590
333.480 333.524 333.612
333.444 333.570 333.966
333.448 333.510 333.552
333.471 333.523 333.611
333.435 333.497 333.609
333.428 333.521 333.665
333.410 333.537 333.728
333.450 333.513 333.565
333.449 334.656 336.340
333.448 333.642 334.251
333.485 333.524 333.603
333.404 333.638 333.921
333.418 333.554 333.779
333.462 333.508 333.560
333.448 333.533 333.604
333.485 333.553 333.779
333.452 333.496 333.559
333.484 333.507 333.541
333.497 333.530 333.594
333.429 333.507 333.557
333.468 333.552 333.671
333.482 333.545 333.670
333.432 333.486 333.568
333.479 333.616 334.097
333.445 333.502 333.603
333.441 333.516 333.620
333.469 333.526 333.599
333.442 333.476 333.524
333.469 333.523 333.632
333.448 333.497 333.563
333.518 333.546 333.587
333.499 333.659 334.124
333.476 333.882 335.225
333.494 333.522 333.562
333.476 333.599 333.939
333.429 333.534 333.690
333.468 333.544 333.635
333.497 333.555 333.722
333.469 333.742 334.524
333.413 333.516 333.568
333.384 333.486 333.614
333.485 333.656 334.167
333.445 333.542 333.670
333.444 333.512 333.567
333.492 333.526 333.611
333.597 334.002 334.182
333.435 333.693 334.459
333.478 333.810 334.929
333.455 333.495 333.552
333.447 333.508 333.564
333.513 333.563 333.688
333.457 333.668 334.159
333.502 333.558 333.661
333.478 333.533 333.680
333.490 333.541 333.569
333.473 333.549 333.705
333.439 333.527 333.722
333.439 333.592 334.041
333.446 333.507 333.597
333.465 333.511 333.536
333.435 333.502 333.613
333.450 333.773 334.926
333.415 333.519 333.686
333.405 333.505 333.569
333.485 333.516 333.589
333.472 333.506 333.592
333.488 333.797 334.871
333.426 333.502 333.542
333.442 333.504 333.595
333.481 333.510 333.549
333.461 333.518 333.604
333.494 333.554 333.658
333.463 333.488 333.535
333.453 333.525 333.567
333.443 333.605 334.075
333.394 333.498 333.559
333.453 333.520 333.571
333.454 333.485 333.511
333.483 333.507 333.533
333.467 333.521 333.589
333.458 333.541 333.610
333.461 333.542 333.649
333.468 333.525 333.698
333.441 333.483 333.555
333.473 333.497 333.509
333.439 333.521 333.672
333.431 333.594 333.954
333.400 333.621 334.299
333.468 333.537 333.658
333.443 333.526 333.604
333.470 333.520 333.615
333.444 333.641 334.303
333.435 333.707 334.636
353.678 354.248 354.939
353.394 353.808 354.211
353.379 354.174 355.121
333.998 345.870 354.208
345.055 349.581 353.147
333.513 333.532 333.547
333.451 333.551 333.795
333.407 333.477 333.542
333.434 333.504 333.569
333.484 333.523 333.586
333.456 333.693 334.513
333.460 333.591 333.811
333.429 333.618 333.871
333.490 333.530 333.575
333.442 333.513 333.610
333.430 333.478 333.541
333.470 333.536 333.650
333.501 334.118 335.821
333.436 333.508 333.635
333.420 333.462 333.512
333.472 333.527 333.624
333.471 333.753 334.772
333.446 333.584 333.734
333.491 333.858 334.806
333.492 333.922 335.437
333.460 333.510 333.588
333.481 333.522 333.613
333.425 333.514 333.626
333.485 333.603 334.039
333.455 333.500 333.573
333.460 333.516 333.577
333.472 333.498 333.531
350.689 353.761 356.332
337.168 343.208 352.941
333.489 333.618 333.860
333.462 333.694 334.393
333.415 333.576 333.978
333.453 333.498 333.580
333.446 333.496 333.575
333.450 333.517 333.613
333.438 333.494 333.570
333.458 333.528 333.676
333.764 336.104 341.099
333.464 333.492 333.563
333.420 333.772 334.830
333.467 333.506 333.548
333.489 333.610 334.011
333.497 336.853 349.475
333.444 333.519 333.752
333.409 333.476 333.573
350.258 352.473 354.772
333.457 333.589 333.967
333.463 337.046 345.873
333.529 334.352 335.460
333.462 333.525 333.610
333.543 334.754 335.939
333.467 333.505 333.544
333.479 333.551 333.648
333.485 334.962 338.285
333.432 333.509 333.579
333.477 333.624 333.990
333.486 334.290 335.823
333.468 333.487 333.536
333.475 333.665 333.912
333.460 333.512 333.604
333.451 333.702 334.378
333.454 333.937 335.496
333.457 333.703 334.400
333.427 333.508 333.635
333.486 334.317 336.526
333.473 333.519 333.617
333.461 333.994 335.223
333.449 333.724 334.205
333.454 333.498 333.542
333.441 333.524 333.606
333.467 333.577 333.810
333.436 333.476 333.532
333.479 333.515 333.579
333.441 333.499 333.566
333.448 333.819 335.042
333.449 333.509 333.636
333.455 333.521 333.656
333.451 333.482 333.558
333.394 333.485 333.569
333.398 333.750 334.896
333.470 333.815 335.019
333.480 333.538 333.720
333.438 333.530 333.693
333.436 333.499 333.539
333.467 333.546 333.742
333.459 333.510 333.571
333.449 333.498 333.596
333.450 333.501 333.559
333.391 333.523 333.615
333.461 333.495 333.561
333.442 333.496 333.610
333.419 333.476 333.600
333.427 333.449 333.486
333.509 333.521 333.544
333.405 333.494 333.637
333.433 333.514 333.635
333.458 333.483 333.507
333.453 333.550 333.734
333.423 333.485 333.548
333.451 333.543 333.831
333.456 333.484 333.515
333.492 333.618 333.976
333.464 333.527 333.744
333.466 333.636 334.231
333.443 333.485 333.505
333.442 333.484 333.619
333.376 333.531 334.015
333.419 333.524 333.692
333.421 333.504 333.555
333.468 333.536 333.587
333.448 333.532 333.732
333.471 333.635 334.260
333.447 333.485 333.508
333.442 333.493 333.543
333.440 333.491 333.512
333.402 333.470 333.516
333.461 333.684 334.310
333.479 333.530 333.614
333.382 333.488 333.601
333.451 333.516 333.583
333.433 333.465 333.505
333.494 333.526 333.632
333.425 333.492 333.534
333.448 333.575 334.000
333.422 334.122 336.698
333.379 333.477 333.561
333.445 333.508 333.658
333.476 333.519 333.621
333.427 333.485 333.566
333.445 333.671 334.427
333.451 333.546 333.666
333.468 333.667 334.233
333.425 333.492 333.573
333.437 333.549 333.789
333.392 333.491 333.595
333.452 333.512 333.565
333.416 333.570 333.968
333.474 333.498 333.574
333.423 333.501 333.641
333.439 333.659 334.416
333.446 333.524 333.614
333.376 333.486 333.608
333.398 333.456 333.541
333.390 333.498 333.613
333.465 333.625 334.192
333.431 333.486 333.559
333.455 333.502 333.589
333.439 333.491 333.585
333.451 333.516 333.573
333.471 333.578 333.761
333.451 333.615 334.056
333.440 333.636 334.222
333.478 333.504 333.568
333.476 333.505 333.567
333.436 333.543 333.737
333.464 333.646 334.227
333.449 333.633 334.261
333.489 333.947 334.644
333.459 333.750 334.630
333.466 333.506 333.585
333.425 333.504 333.600
333.379 333.574 333.872
333.379 333.528 333.906
333.435 333.493 333.530
333.473 333.502 333.557
333.415 333.496 333.562
333.433 333.573 333.899
333.466 333.739 334.680
333.439 333.474 333.519
333.463 333.503 333.580
333.460 333.506 333.658
333.482 333.521 333.644
333.423 333.483 333.549
333.457 333.501 333.546
333.401 333.488 333.610
333.470 333.493 333.519
333.445 333.496 333.600
333.460 333.511 333.579
333.474 333.562 333.802
333.454 333.968 335.826
333.454 333.489 333.555
333.473 333.504 333.561
333.474 333.740 334.699
333.427 333.805 335.128
333.471 333.531 333.602
333.471 333.522 333.624
333.427 333.500 333.636
333.451 333.500 333.565
333.454 333.510 333.567
333.468 333.549 333.674
333.439 333.512 333.692
333.447 333.478 333.533
333.419 333.626 334.051
333.417 333.494 333.574
333.397 333.486 333.542
333.455 333.497 333.585
333.483 333.511 333.547
333.436 333.851 335.282
333.447 333.487 333.535
333.491 333.674 334.372
333.443 333.511 333.550
333.467 333.501 333.577
333.447 333.519 333.552
333.416 333.480 333.615
333.453 333.504 333.623
333.476 333.531 333.672
333.456 333.520 333.578
334.089 334.865 335.522
333.429 333.498 333.641
333.458 333.534 333.630
333.469 333.739 334.723
333.461 333.488 333.515
333.490 333.542 333.629
333.454 334.389 337.322
333.468 333.544 333.633
333.470 333.512 333.623
333.383 333.496 333.566
333.477 333.511 333.570
333.508 333.551 333.595
333.453 333.520 333.612
333.432 333.598 333.929
333.424 333.630 334.098
333.477 333.588 333.797
333.447 333.557 333.752
333.480 333.684 334.428
333.452 333.521 333.601
333.414 333.831 334.952
333.433 333.459 333.497
333.418 333.496 333.559
333.462 333.476 333.507
333.411 333.481 333.558
333.432 333.482 333.519
333.449 333.572 333.900
333.469 333.516 333.588
333.461 333.495 333.586
333.486 333.519 333.561
333.438 333.495 333.560
333.446 333.503 333.634
333.459 333.492 333.540
333.466 333.509 333.571
333.466 333.713 334.118
333.446 333.517 333.635
333.456 333.493 333.609
333.439 333.480 333.558
333.470 333.513 333.616
333.439 333.506 333.562
333.496 333.634 333.930
333.425 333.571 333.872
333.473 333.710 334.350
333.413 333.472 333.547
333.454 333.479 333.506
333.413 333.488 333.558
333.457 333.495 333.561
333.479 333.597 333.899
333.442 333.608 334.030
333.447 333.613 334.071
333.448 333.592 334.111
333.475 333.508 333.606
333.465 333.477 333.488
333.434 333.499 333.596
333.457 333.532 333.629
333.442 333.486 333.593
333.480 333.652 334.158
333.444 333.487 333.564
333.444 333.492 333.526
333.383 333.451 333.531
333.463 333.514 333.602
333.494 333.530 333.656
333.425 333.551 333.837
333.397 333.451 333.486
333.402 333.500 333.686
333.420 333.896 335.438
333.408 333.564 333.986
333.427 333.483 333.578
333.437 333.488 333.604
333.422 333.548 333.790
333.453 333.645 334.038
333.477 333.497 333.516
333.400 333.478 333.587
333.418 333.453 333.494
333.437 333.595 334.133
333.415 333.445 333.476
333.460 333.494 333.593
333.435 334.099 336.592
333.436 333.488 333.536
333.460 333.506 333.578
333.406 333.499 333.710
333.422 333.471 333.552
333.428 333.465 333.542
333.409 333.483 333.558
333.488 333.519 333.584
333.469 333.504 333.597
333.391 333.482 333.595
333.439 333.521 333.720
333.378 333.516 333.703
333.432 333.576 333.950
333.436 333.709 334.590
333.385 333.490 333.590
333.392 333.481 333.615
333.408 333.595 334.200
333.403 333.485 333.583
333.466 333.529 333.593
333.465 333.502 333.593
333.421 333.465 333.548
333.454 333.558 333.775
333.462 333.499 333.562
333.452 333.707 334.623
333.378 333.503 333.599
333.435 333.572 334.035
333.427 333.517 333.734
333.444 333.476 333.569
333.447 333.482 333.517
333.423 333.475 333.559
333.414 333.468 333.542
333.420 333.474 333.567
333.481 333.580 333.772
333.392 333.472 333.525
333.434 333.493 333.600
333.432 333.511 333.650
333.430 333.521 333.636
333.422 333.457 333.512
333.446 333.461 333.475
333.376 333.697 334.576
333.465 333.519 333.590
333.438 333.475 333.515
333.451 333.494 333.584
333.411 333.491 333.589
333.426 333.485 333.536
333.412 333.479 333.589
333.415 333.500 333.580
333.418 333.448 333.468
333.420 333.477 333.597
333.466 333.499 333.553
333.431 333.490 333.546
333.389 333.748 335.027
333.441 333.549 333.708
333.414 333.536 333.823
333.444 333.619 334.257
333.430 333.473 333.571
333.486 333.519 333.565
333.413 333.632 334.218
333.435 333.704 334.669
333.429 333.468 333.508
333.459 333.500 333.580
333.420 333.492 333.599
333.479 333.508 333.565
333.464 333.487 333.514
333.429 333.541 333.813
333.465 334.451 335.248
333.441 333.520 333.569
333.439 333.526 333.676
333.437 333.504 333.567
333.422 333.473 333.514
333.432 333.560 333.951
333.416 333.527 333.760
333.459 333.571 333.910
333.458 333.501 333.562
333.412 333.503 333.691
333.416 333.455 333.516
333.441 333.726 334.791
333.476 333.509 333.545
333.458 333.489 333.559
333.442 333.485 333.551
333.453 333.483 333.544
333.447 333.520 333.601
333.445 333.477 333.542
333.465 333.515 333.556
333.365 333.548 333.767
333.442 333.493 333.529
333.387 333.459 333.496
333.444 333.473 333.501
333.416 333.477 333.579
333.446 333.513 333.607
333.431 333.500 333.663
333.433 333.470 333.490
333.484 333.497 333.534
333.426 333.466 333.544
333.452 333.932 335.008
333.465 333.521 333.642
333.438 333.590 334.049
333.424 333.469 333.515
333.414 333.496 333.603
333.432 333.564 333.856
333.434 333.517 333.575
333.460 333.524 333.603
333.433 333.492 333.597
333.459 333.492 333.582
333.430 333.870 335.252
333.389 333.480 333.568
333.417 333.491 333.564
333.428 333.494 333.608
333.427 333.546 333.809
333.458 333.496 333.556
333.446 333.520 333.593
333.465 333.491 333.560
333.430 333.484 333.612
333.402 333.485 333.615
333.478 333.503 333.543
333.453 333.482 333.504
333.475 333.509 333.547
333.401 333.465 333.531
333.455 333.545 333.684
333.439 333.522 333.613
333.407 333.490 333.601
333.432 333.527 333.622
333.455 333.501 333.535
333.435 333.832 335.224
333.464 333.519 333.654
333.430 333.478 333.605
333.430 333.518 333.642
333.442 333.515 333.569
333.414 333.466 333.506
333.422 333.492 333.617
333.445 333.506 333.592
333.436 333.501 333.564
333.426 333.808 335.221
333.473 333.532 333.567
333.497 333.561 333.728
333.379 333.622 334.343
333.407 333.516 333.741
333.476 333.568 333.770
333.460 333.555 333.817
333.438 333.538 333.726
333.463 333.691 334.544
333.469 333.500 333.542
333.469 333.513 333.590
333.436 333.515 333.640
333.411 333.475 333.566
333.409 333.590 333.909
333.400 333.451 333.499
333.470 333.554 333.624
333.414 333.462 333.522
333.405 333.512 333.611
333.409 333.463 333.534
333.474 333.497 333.535
333.440 333.485 333.508
333.428 333.520 333.824
333.436 333.474 333.527
333.454 333.610 334.108
333.446 333.489 333.543
333.428 333.816 335.095
333.438 333.524 333.660
333.466 333.500 333.541
333.394 333.468 333.519
333.430 333.652 334.295
333.424 333.514 333.675
333.437 333.476 333.543
333.483 333.502 333.548
333.427 333.507 333.684
333.432 333.503 333.573
333.421 333.503 333.645
333.378 333.491 333.597
333.461 333.883 334.491
333.440 333.561 333.776
333.423 333.503 333.556
333.444 333.486 333.559
333.456 333.535 333.593
333.434 333.725 334.581
333.420 333.457 333.495
333.392 333.496 333.798
333.381 333.470 333.579
333.397 333.481 333.599
333.454 333.501 333.578
333.447 333.507 333.659
333.406 333.494 333.584
333.436 333.496 333.599
333.408 333.495 333.587
333.431 333.522 333.560
333.484 334.681 335.878
333.436 333.704 334.587
333.424 333.480 333.591
333.412 333.632 334.290
333.416 333.487 333.554
333.431 333.549 333.751
333.406 333.526 333.749
333.399 333.483 333.564
333.393 333.478 333.594
333.400 333.446 333.579
333.423 333.540 333.777
333.395 333.477 333.570
333.412 333.487 333.598
333.406 333.650 334.448
333.393 333.572 334.078
333.380 333.494 333.569
333.364 333.698 334.773
333.440 333.505 333.601
333.368 333.564 333.874
333.401 333.430 333.488
333.402 333.481 333.556
333.458 333.512 333.636
333.424 333.463 333.496
333.371 333.473 333.592
